0.02 0.7227 0 0
0.04 2.3847 0 0
0.06 7.0839 0 0
0.08 6.6823 0.0086 38.7629
0.1 8.0685 0.0134 43.9715
0.12 8.2666 0.0167 47.2776
0.14 8.4992 0.0294 51.9324
0.16 9.2332 0.033 55.0699
0.18 12.4455 0.0327 59.3575
0.2 15.159 0.0552 65.6826
0.22 16.6173 0.0741 70.0392
0.24 17.9978 0.0609 71.4082
0.26 19.3105 0.0521 72.8074
0.28 21.0362 0.0806 78.0265
0.3 22.1669 0.1028 81.7781
0.32 26.3434 0.0888 84.3207
0.34 24.2997 0.0632 82.3977
0.36 24.031 0.0971 86.6239
0.38 24.7255 0.195 93.571
0.4 26.586 0.1956 95.9362
0.42 26.2038 0.2146 97.7951
0.44 25.2118 0.183 97.222
0.46 24.8011 0.1801 98.0679
0.48 22.4626 0.2362 100.062
0.5 24.2642 0.2538 102.949
0.52 21.1751 0.1708 98.7481
0.54 16.711 0.122 93.7823
0.56 21.1874 0.097 96.1764
0.58 19.2278 0.0636 92.4665
0.6 17.7369 0.1081 96.4265
0.62 14.9776 0.0957 94.0109
0.64 13.9316 0.0738 91.8532
0.66 13.9808 0.124 96.7788
0.68 13.3791 0.1174 96.5289
0.7 11.6424 0.1759 98.6441
0.72 11.9859 0.2088 101.271
0.74 12.4428 0.1739 101.047
0.76 11.3958 0.1919 101.346
0.78 10.8671 0.1728 100.504
0.8 8.4478 0.1052 93.6612
0.82 7.9547 0.0839 91.7498
0.84 8.4598 0.1067 95.0716
0.86 7.8206 0.0772 92.1053
0.88 7.7483 0.1367 97.0791
0.9 7.931 0.1325 97.7617
0.92 8.4459 0.1163 98.1848
0.94 7.8385 0.1431 99.4183
0.96 6.6546 0.1271 96.7127
0.98 5.4682 0.1151 93.7799
1 5.5193 0.1171 94.5699
1.02 5.4472 0.0958 93.3399
1.04 4.8911 0.1032 92.9749
1.06 4.4857 0.0973 91.8602
1.08 4.4817 0.1009 92.6064
1.1 4.7576 0.0773 91.8259
1.12 4.8575 0.0754 92.3722
1.14 4.4737 0.07 91.1687
1.16 4.5619 0.0846 93.3279
1.18 4.9416 0.0816 94.5737
1.2 6.6206 0.0826 99.2047
1.22 8.6034 0.0807 103.293
1.24 10.3022 0.0808 106.5
1.26 11.7415 0.0874 109.722
1.28 13.2621 0.0908 112.51
1.3 14.265 0.0862 113.696
1.32 15.0975 0.0944 115.989
1.34 15.7617 0.1033 118.081
1.36 16.3697 0.1115 119.977
1.38 16.9156 0.1192 121.709
1.4 17.338 0.126 123.199
1.42 17.6657 0.1318 124.485
1.44 17.851 0.1351 125.416
1.46 17.9508 0.1362 126.084
1.48 17.9871 0.1356 126.552
1.5 17.9354 0.119 125.6
1.52 17.7841 0.0894 122.949
1.54 17.6694 0.096 124.015
1.56 17.5059 0.103 125.024
1.58 17.3264 0.1063 125.611
1.6 17.0805 0.1053 125.692
1.62 16.3121 0.1037 125.135
1.64 16.1889 0.102 125.253
1.66 15.975 0.1034 125.577
1.68 15.6431 0.1104 126.302
1.7 15.2447 0.1158 126.751
1.72 14.7548 0.118 126.766
1.74 14.2534 0.1164 126.399
1.76 13.5303 0.1141 125.645
1.78 11.651 0.1104 123.017
1.8 10.5592 0.1063 121.281
1.82 9.8509 0.0966 119.489
1.84 9.2746 0.0891 118.021
1.86 8.7154 0.0857 116.941
1.88 8.1454 0.0825 115.785
1.9 7.4634 0.0789 114.249
1.92 6.8515 0.0723 112.359
1.94 6.246 0.066 110.352
1.96 5.7185 0.0601 108.422
1.98 5.1224 0.0555 106.311
2 4.7042 0.0509 104.554
2.02 4.3423 0.0467 102.902
2.04 3.9825 0.0439 101.384
2.06 3.5988 0.0412 99.6596
2.08 3.2262 0.0392 97.9608
2.1 2.9399 0.0379 96.6446
2.12 2.6445 0.0388 95.6197
2.14 2.4039 0.0429 95.3554
2.16 2.2024 0.0504 95.6787
2.18 2.0254 0.0618 96.3954
2.2 1.8481 0.0613 95.3096
2.22 1.6752 0.062 94.2967
2.24 1.5811 0.0587 93.3228
2.26 1.7244 0.057 94.4984
2.28 2.5052 0.0527 99.3143
2.3 3.7665 0.0481 104.777
2.32 4.8021 0.0437 107.904
2.34 5.5778 0.0388 109.431
2.36 6.2638 0.0348 110.533
2.38 6.8367 0.0406 113.646
2.4 7.2569 0.046 116.093
2.42 7.6173 0.0511 118.206
2.44 8.0143 0.0552 120.115
2.46 8.3689 0.0599 121.967
2.48 8.7144 0.062 123.31
2.5 8.9931 0.0516 122.265
2.52 9.2264 0.0543 123.511
2.54 9.4164 0.071 126.948
2.56 9.563 0.0797 128.741
2.58 9.6482 0.0858 129.979
2.6 9.3498 0.0915 130.367
2.62 9.0565 0.0938 130.315
2.64 8.2842 0.0946 129.017
2.66 7.9401 0.0948 128.523
2.68 7.513 0.0921 127.463
2.7 6.8603 0.0904 125.87
2.72 6.2505 0.0877 124.136
2.74 5.7612 0.0849 122.606
2.76 5.6232 0.0804 121.872
2.78 6.0492 0.076 122.832
2.8 7.0889 0.0735 125.57
2.82 8.3486 0.0727 128.7
2.84 9.435 0.0728 131.26
2.86 10.1215 0.0741 133.049
2.88 10.5409 0.0755 134.298
2.9 10.8353 0.0811 135.898
2.92 11.1975 0.0863 137.513
2.94 11.6335 0.0895 138.954
2.96 12.0946 0.0932 140.471
2.98 12.612 0.0969 142.045
3 13.1484 0.1019 143.766
3.02 13.7582 0.1072 145.588
3.04 14.3255 0.1128 147.329
3.06 14.9334 0.1187 149.115
3.08 15.4747 0.1239 150.69
3.1 15.9747 0.1284 152.105
3.12 16.3677 0.1334 153.398
3.14 16.6777 0.1389 154.605
3.16 17.0138 0.1426 155.664
3.18 17.4268 0.1468 156.855
3.2 17.8984 0.1506 158.07
3.22 18.1117 0.1538 158.892
3.24 18.0715 0.1557 159.278
3.26 18.202 0.1571 159.835
3.28 18.514 0.1554 160.354
3.3 18.9098 0.1557 161.141
3.32 19.3471 0.1582 162.159
3.34 19.7448 0.1594 163.009
3.36 20.1183 0.1611 163.866
3.38 20.4223 0.1622 164.584
3.4 20.6589 0.1639 165.271
3.42 21.0845 0.1668 166.27
3.44 21.5526 0.1701 167.34
3.46 22.0014 0.1726 168.312
3.48 22.4231 0.1441 166.524
3.5 22.7901 0.1324 166.007
3.52 23.0903 0.1425 167.605
3.54 23.3777 0.154 169.258
3.56 23.6478 0.1613 170.46
3.58 23.6473 0.1615 170.743
3.6 23.5668 0.1612 170.897
3.62 24.1156 0.1644 172.01
3.64 24.5533 0.1761 173.711
3.66 24.6538 0.1793 174.339
3.68 24.6851 0.1806 174.74
3.7 24.5937 0.1822 175.039
3.72 24.6363 0.1851 175.575
3.74 24.7301 0.1827 175.743
3.76 24.8333 0.1794 175.842
3.78 24.8471 0.1815 176.286
3.8 24.7424 0.1842 176.655
3.82 24.6342 0.1827 176.681
3.84 24.6223 0.179 176.624
3.86 24.5778 0.1699 176.068
3.88 24.6603 0.1669 176.145
3.9 24.7696 0.1664 176.465
3.92 24.7824 0.1708 177.113
3.94 24.8221 0.1778 177.999
3.96 24.7706 0.1802 178.395
3.98 24.5362 0.1853 178.815
4 24.1808 0.1879 178.896
4.02 23.7173 0.1875 178.614
4.04 23.2475 0.1849 178.139
4.06 22.9023 0.1786 177.487
4.08 22.5128 0.1734 176.856
4.1 22.256 0.1705 176.556
4.12 22.1037 0.1684 176.439
4.14 22.086 0.1679 176.612
4.16 22.1842 0.1689 177.05
4.18 22.3248 0.1705 177.586
4.2 22.2943 0.1715 177.874
4.22 22.0137 0.1698 177.637
4.24 21.8554 0.1695 177.66
4.26 21.8002 0.1713 177.984
4.28 21.7793 0.1768 178.66
4.3 21.8295 0.181 179.301
4.32 21.9785 0.186 180.117
4.34 22.0326 0.1924 180.92
4.36 21.8613 0.1972 181.32
4.38 21.5157 0.2003 181.37
4.4 20.8113 0.2026 180.903
4.42 20.1492 0.2011 180.178
4.44 19.4246 0.1961 179.08
4.46 18.7538 0.1698 176.274
4.48 17.8742 0.1469 173.177
4.5 16.9823 0.1446 171.892
4.52 16.2223 0.142 170.715
4.54 15.5609 0.1376 169.459
4.56 15.1574 0.135 168.758
4.58 14.8185 0.1322 168.121
4.6 15.0878 0.1303 168.558
4.62 15.4563 0.1365 170.005
4.64 15.7314 0.1409 171.094
4.66 15.7519 0.1448 171.72
4.68 15.4211 0.1467 171.586
4.7 14.8937 0.1456 170.824
4.72 14.508 0.1447 170.293
4.74 14.2856 0.145 170.144
4.76 14.1179 0.146 170.151
4.78 14.0902 0.1474 170.436
4.8 14.149 0.1472 170.717
4.82 14.2425 0.1478 171.135
4.84 14.3284 0.1493 171.624
4.86 14.3809 0.1518 172.149
4.88 14.4807 0.1535 172.678
4.9 14.5354 0.1542 173.034
4.92 14.5191 0.1532 173.108
4.94 14.5102 0.1523 173.203
4.96 14.6195 0.1514 173.5
4.98 14.845 0.1536 174.286
5 15.2187 0.1574 175.463
5.02 15.6035 0.1611 176.631
5.04 15.8868 0.1639 177.54
5.06 16.1292 0.1661 178.321
5.08 16.2752 0.1668 178.811
5.1 16.4394 0.1692 179.479
5.12 16.6885 0.171 180.222
5.14 16.9537 0.1729 180.994
5.16 17.2738 0.1755 181.904
5.18 17.5722 0.1783 182.79
5.2 17.8641 0.1819 183.726
5.22 18.1632 0.1867 184.762
5.24 18.3855 0.1898 185.537
5.26 18.6154 0.1928 186.309
5.28 18.9503 0.1959 187.234
5.3 19.157 0.1987 187.945
5.32 19.2047 0.2033 188.568
5.34 19.3122 0.2057 189.102
5.36 19.3059 0.2048 189.22
5.38 19.4711 0.2056 189.71
5.4 19.6808 0.2076 190.353
5.42 19.8576 0.2097 190.954
5.44 20.1087 0.2002 190.758
5.46 20.4477 0.1752 189.301
5.48 20.6782 0.1674 189.082
5.5 20.7741 0.1761 190.199
5.52 20.8178 0.1844 191.18
5.54 20.9168 0.1906 192.031
5.56 21.0459 0.1965 192.882
5.58 21.2842 0.2019 193.825
5.6 21.8805 0.2159 195.881
5.62 22.3283 0.2309 197.75
5.64 22.6916 0.2396 199.018
5.66 22.9124 0.2428 199.712
5.68 23.2373 0.2447 200.443
5.7 23.3434 0.2464 200.887
5.72 23.4153 0.2481 201.287
5.74 23.5763 0.2505 201.843
5.76 23.6703 0.251 202.187
5.78 23.7883 0.2524 202.621
5.8 23.9458 0.254 203.115
5.82 24.0343 0.2533 203.371
5.84 24.0865 0.2563 203.828
5.86 24.2191 0.2568 204.216
5.88 24.2896 0.2569 204.502
5.9 24.3214 0.2562 204.687
5.92 24.3557 0.2543 204.795
5.94 24.3985 0.2511 204.823
5.96 24.4126 0.2503 204.977
5.98 24.4468 0.2501 205.195
6 24.714 0.2491 205.639
6.02 25.1259 0.248 206.244
6.04 25.4423 0.248 206.807
6.06 25.6097 0.2521 207.475
6.08 25.7973 0.2558 208.136
6.1 26.1715 0.2571 208.847
6.12 26.6772 0.2612 209.89
6.14 27.0291 0.2676 210.901
6.16 27.2544 0.2733 211.715
6.18 27.4004 0.2925 213.271
6.2 27.5569 0.3015 214.177
6.22 27.6805 0.3198 215.561
6.24 27.8915 0.318 215.888
6.26 28.2943 0.307 215.894
6.28 27.8286 0.3089 215.68
6.3 27.74 0.3147 216.106
6.32 27.3922 0.3202 216.215
6.34 27.5862 0.3218 216.715
6.36 29.0858 0.3202 218.474
6.38 29.1789 0.3146 218.445
6.4 29.1015 0.3134 218.482
6.42 28.8751 0.3049 217.926
6.44 28.7496 0.2718 215.904
6.46 28.9298 0.2441 214.359
6.48 29.1571 0.2516 215.327
6.5 29.3908 0.2644 216.652
6.52 29.4565 0.2743 217.571
6.54 29.2686 0.2816 218.032
6.56 29.0441 0.2845 218.161
6.58 29.0953 0.2932 218.949
6.6 29.1711 0.3124 220.376
6.62 29.2125 0.3195 221.019
6.64 28.9679 0.3186 220.885
6.66 28.5287 0.3179 220.544
6.68 28.4397 0.3138 220.39
6.7 28.0823 0.3083 219.849
6.72 27.9797 0.3103 220.033
6.74 28.0425 0.3165 220.649
6.76 28.4771 0.306 220.7
6.78 29.0578 0.2949 220.844
6.8 29.7527 0.2883 221.362
6.82 30.1705 0.2845 221.743
6.84 30.3234 0.28 221.791
6.86 30.3564 0.2723 221.491
6.88 30.284 0.2569 220.523
6.9 30.3522 0.251 220.346
6.92 30.3516 0.2514 220.552
6.94 30.083 0.2523 220.513
6.96 29.5991 0.2507 220.058
6.98 29.2409 0.2522 219.957
7 29.081 0.2527 219.994
7.02 29.1468 0.2529 220.255
7.04 29.4441 0.2598 221.247
7.06 30.4506 0.2689 223.134
7.08 32.2852 0.2705 225.31
7.1 34.8043 0.2736 228.155
7.12 38.4188 0.2757 231.753
7.14 42.6942 0.266 234.784
7.16 46.1047 0.253 236.593
7.18 49.7964 0.2457 238.835
7.2 53.4156 0.2348 240.537
7.22 57.4313 0.2164 241.603
7.24 60.1216 0.1942 241.206
7.26 60.965 0.1794 240.286
7.28 60.6589 0.183 240.693
7.3 58.9873 0.1807 239.657
7.32 57.123 0.1752 238.119
7.34 55.4616 0.1748 237.244
7.36 54.3719 0.175 236.769
7.38 53.8963 0.1766 236.827
7.4 53.6464 0.1825 237.495
7.42 54.0102 0.1352 232.041
7.44 53.8869 0.1049 227.288
7.46 52.9805 0.1213 229.662
7.48 51.4828 0.1327 230.603
7.5 49.3823 0.148 231.486
7.52 45.7165 0.1627 230.911
7.54 42.9046 0.1704 229.861
7.56 41.6915 0.1696 228.993
7.58 40.1271 0.1853 229.587
7.6 38.2882 0.1937 229.052
7.62 36.7432 0.1936 227.854
7.64 34.7079 0.1957 226.36
7.66 32.6618 0.1949 224.475
7.68 30.8334 0.1819 221.506
7.7 29.7184 0.1648 218.69
7.72 28.9012 0.1667 218.179
7.74 28.3485 0.1826 219.386
7.76 28.2665 0.1854 219.73
7.78 28.7179 0.183 220.151
7.8 30.0881 0.1742 220.884
7.82 31.5424 0.1675 221.824
7.84 32.8251 0.1691 223.436
7.86 33.4807 0.1662 223.909
7.88 34.1842 0.155 223.439
7.9 34.7467 0.1444 222.805
7.92 34.8088 0.1428 222.813
7.94 34.9071 0.1416 222.903
7.96 34.9678 0.138 222.637
7.98 34.5507 0.1427 223.029
8 33.9595 0.153 223.924
8.02 33.677 0.1587 224.493
8.04 33.9756 0.1651 225.675
8.06 34.6977 0.1697 227.034
8.08 33.9935 0.1739 226.982
8.1 32.2236 0.1705 225.026
8.12 30.0836 0.1672 222.601
8.14 28.0074 0.1693 220.7
8.16 26.4949 0.1795 220.161
8.18 25.2967 0.1905 219.934
8.2 24.6734 0.1985 220.046
8.22 24.364 0.198 219.749
8.24 24.2134 0.1995 219.839
8.26 24.1389 0.2054 220.424
8.28 24.2029 0.2123 221.263
8.3 24.5002 0.2206 222.51
8.32 24.7648 0.2293 223.723
8.34 25.0202 0.2366 224.788
8.36 25.1833 0.2438 225.711
8.38 25.3317 0.2462 226.236
8.4 25.5462 0.2253 224.995
8.42 26.1443 0.1984 223.518
8.44 26.6297 0.1987 224.287
8.46 27.0869 0.221 226.985
8.48 27.5877 0.237 229.062
8.5 27.5038 0.2498 230.117
8.52 26.8937 0.2559 229.986
8.54 26.5072 0.258 229.813
8.56 25.9107 0.2691 230.015
8.58 25.2766 0.2799 230.096
8.6 24.7088 0.2814 229.595
8.62 24.1975 0.2822 229.107
8.64 23.965 0.279 228.719
8.66 23.8974 0.2756 228.54
8.68 23.7869 0.2664 227.889
8.7 23.8859 0.2592 227.652
8.72 24.1035 0.2529 227.628
8.74 24.2556 0.2437 227.278
8.76 24.4823 0.236 227.12
8.78 24.8752 0.2312 227.396
8.8 25.7145 0.236 229.021
8.82 26.928 0.2425 231.215
8.84 28.2148 0.2505 233.551
8.86 29.0753 0.262 235.589
8.88 29.6782 0.2793 237.695
8.9 30.1356 0.2914 239.211
8.92 30.4056 0.305 240.579
8.94 30.6783 0.3155 241.719
8.96 30.8165 0.3236 242.536
8.98 30.842 0.3342 243.367
9 30.8803 0.3355 243.64
9.02 31.0303 0.3321 243.754
9.04 31.3448 0.3367 244.538
9.06 31.6074 0.3407 245.224
9.08 31.6885 0.344 245.662
9.1 31.7879 0.3478 246.148
9.12 31.8025 0.3496 246.42
9.14 31.6588 0.3622 247.136
9.16 31.4242 0.3762 247.802
9.18 31.1033 0.3679 247.127
9.2 30.7571 0.3665 246.8
9.22 30.3683 0.3574 245.982
9.24 29.7203 0.3446 244.624
9.26 28.9209 0.3316 243.033
9.28 28.29 0.31 241.053
9.3 27.4402 0.2931 239.023
9.32 26.8117 0.2718 236.877
9.34 26.331 0.2573 235.326
9.36 25.8225 0.2533 234.5
9.38 25.4597 0.2207 231.493
9.4 25.0042 0.1858 227.743
9.42 24.6666 0.1926 228.114
9.44 24.6785 0.2107 229.976
9.46 24.7852 0.2296 231.906
9.48 24.5108 0.2484 233.193
9.5 23.4103 0.2593 232.62
9.52 23.1751 0.2595 232.433
9.54 22.3279 0.2649 231.722
9.56 21.4347 0.2647 230.483
9.58 20.7748 0.2572 229.033
9.6 20.2485 0.2492 227.721
9.62 19.9707 0.2396 226.658
9.64 19.8769 0.2294 225.816
9.66 20.0714 0.2241 225.824
9.68 20.5838 0.2233 226.708
9.7 21.6389 0.2267 228.764
9.72 22.8684 0.2325 231.209
9.74 24.0619 0.2416 233.788
9.76 24.895 0.2524 235.928
9.78 25.7974 0.2614 237.968
9.8 26.5986 0.2657 239.479
9.82 27.3966 0.2707 241.011
9.84 28.2094 0.2733 242.357
9.86 28.8733 0.2656 242.73
9.88 29.8304 0.2498 242.768
9.9 30.6629 0.2347 242.607
9.92 31.3809 0.2133 241.624
9.94 31.6913 0.1915 239.94
9.96 32.6448 0.1573 237.187
9.98 33.9241 0.1272 234.457
10 35.2651 0.111 233.242
10.02 36.6081 0.1034 233.25
10.04 36.1918 0.1055 233.386
10.06 34.489 0.1122 233.091
10.08 32.404 0.1217 232.703
10.1 30.3386 0.1315 232.125
10.12 28.6141 0.1378 231.202
10.14 27.5343 0.1498 231.655
10.16 26.8633 0.1624 232.517
10.18 26.6151 0.1776 234.069
10.2 26.5497 0.1856 234.974
10.22 26.6845 0.1892 235.649
10.24 26.7195 0.2045 237.353
10.26 26.692 0.2207 238.957
10.28 26.4632 0.2339 239.947
10.3 25.9701 0.2435 240.23
10.32 25.6024 0.2506 240.441
10.34 25.3773 0.2647 241.361
10.36 25.1778 0.2664 241.345
10.38 25.1555 0.238 239.19
10.4 25.1324 0.2285 238.477
10.42 24.8832 0.2376 239.037
10.44 24.3689 0.2424 238.844
10.46 23.7389 0.2431 238.128
10.48 23.319 0.2401 237.398
10.5 23.0076 0.236 236.725
10.52 23.26 0.2432 237.817
10.54 23.8278 0.2544 239.666
10.56 24.2908 0.2613 240.994
10.58 24.5991 0.2699 242.211
10.6 24.9139 0.2761 243.241
10.62 25.1545 0.2837 244.257
10.64 25.2375 0.2892 244.892
10.66 25.2881 0.2953 245.516
10.68 25.1522 0.2976 245.612
10.7 24.8201 0.2952 245.105
10.72 24.3491 0.2931 244.411
10.74 23.9561 0.2862 243.483
10.76 23.7472 0.2789 242.779
10.78 23.5888 0.2754 242.416
10.8 23.4014 0.2722 242.027
10.82 23.0257 0.2634 240.928
10.84 22.7902 0.2582 240.296
10.86 22.7258 0.2533 239.938
10.88 22.5614 0.2603 240.355
10.9 22.4942 0.2608 240.413
10.92 22.4294 0.262 240.527
10.94 22.4278 0.2641 240.807
10.96 22.467 0.2663 241.156
10.98 22.2766 0.2648 240.87
11 21.8698 0.2613 240.087
11.02 21.5239 0.2527 238.991
11.04 21.2896 0.2439 238.032
11.06 21.4306 0.2353 237.667
11.08 21.8942 0.226 237.722
11.1 22.5139 0.2239 238.614
11.12 23.1421 0.2253 239.805
11.14 23.7369 0.2271 240.963
11.16 24.1016 0.2335 242.172
11.18 23.853 0.2441 242.827
11.2 23.4155 0.2567 243.317
11.22 23.1474 0.2669 243.824
11.24 23.1165 0.2634 243.63
11.26 23.276 0.2553 243.359
11.28 23.1011 0.251 242.871
11.3 22.756 0.244 241.895
11.32 22.764 0.2367 241.415
11.34 23.0411 0.2154 240.064
11.36 23.4266 0.1852 237.749
11.38 23.7618 0.1705 236.718
11.4 24.1346 0.1814 238.592
11.42 24.1237 0.1995 240.589
11.44 23.9618 0.2147 241.947
11.46 23.5398 0.2207 242
11.48 23.1545 0.229 242.286
11.5 23.1759 0.2347 242.931
11.52 23.0723 0.2515 244.293
11.54 23.164 0.2556 244.88
11.56 23.3247 0.2506 244.839
11.58 23.3195 0.2546 245.272
11.6 23.3058 0.2551 245.409
11.62 23.0561 0.2599 245.526
11.64 22.7103 0.2629 245.344
11.66 22.3073 0.2625 244.798
11.68 21.9886 0.2622 244.384
11.7 21.7867 0.26 244.005
11.72 21.4444 0.2601 243.573
11.74 21.0458 0.2635 243.293
11.76 20.4691 0.2611 242.252
11.78 19.7678 0.2559 240.75
11.8 18.7799 0.2513 238.731
11.82 17.5145 0.2442 235.893
11.84 16.3592 0.2368 233.099
11.86 15.3921 0.2265 230.317
11.88 14.6741 0.2136 227.731
11.9 14.076 0.1988 225.128
11.92 13.6387 0.1833 222.702
11.94 13.3251 0.1657 220.204
11.96 13.1842 0.1536 218.586
11.98 13.2349 0.1508 218.474
12 13.5887 0.1446 218.642
12.02 14.2937 0.1349 219.073
12.04 15.5854 0.1305 221.311
12.06 16.6296 0.1241 222.557
12.08 17.0397 0.1155 222.111
12.1 17.6078 0.1118 222.661
12.12 18.2241 0.1112 223.769
12.14 18.4816 0.1131 224.641
12.16 17.9881 0.1165 224.422
12.18 17.7221 0.1197 224.549
12.2 17.4048 0.1178 223.77
12.22 17.0832 0.1198 223.584
12.24 16.9766 0.1215 223.747
12.26 17.1443 0.1276 225.081
12.28 17.0627 0.1411 226.919
12.3 17.0944 0.1559 228.975
12.32 16.9579 0.1572 228.972
12.34 16.6025 0.1358 225.614
12.36 16.2673 0.1403 225.665
12.38 15.5421 0.1479 225.275
12.4 15.0427 0.1577 225.519
12.42 14.5561 0.1634 225.219
12.44 13.7877 0.161 223.292
12.46 13.5815 0.1613 222.942
12.48 13.2683 0.1644 222.645
12.5 12.9536 0.1668 222.244
12.52 12.7484 0.1657 221.71
12.54 12.61 0.162 221.044
12.56 12.6064 0.1513 219.879
12.58 12.7893 0.1379 218.739
12.6 13.2585 0.1209 217.579
12.62 14.0024 0.1143 218.371
12.64 15.1047 0.1263 222.706
12.66 16.4538 0.1433 227.948
12.68 18.0823 0.1466 231.607
12.7 19.1674 0.1576 235.072
12.72 20.2622 0.1721 238.806
12.74 20.41 0.1848 240.581
12.76 20.1825 0.1959 241.467
12.78 20.4365 0.2079 243.208
12.8 20.7063 0.1905 242.007
12.82 21.0754 0.1895 242.623
12.84 21.4102 0.1904 243.375
12.86 21.5404 0.1948 244.157
12.88 21.5915 0.2007 244.953
12.9 21.6213 0.2074 245.778
12.92 21.6084 0.2122 246.331
12.94 21.4714 0.2156 246.538
12.96 21.1035 0.2166 246.125
12.98 20.6657 0.2176 245.583
13 20.3211 0.2179 245.122
13.02 20.1331 0.216 244.72
13.04 20.0121 0.2153 244.546
13.06 19.9782 0.2154 244.6
13.08 20.0744 0.215 244.835
13.1 20.227 0.2157 245.273
13.12 20.283 0.2168 245.579
13.14 20.2727 0.218 245.778
13.16 20.3293 0.2191 246.083
13.18 20.3241 0.2185 246.122
13.2 20.3356 0.2191 246.302
13.22 20.3752 0.2216 246.707
13.24 20.5173 0.2236 247.243
13.26 20.797 0.2245 247.912
13.28 21.1108 0.2268 248.763
13.3 21.2725 0.2185 248.369
13.32 21.3513 0.1931 246.062
13.34 21.4249 0.1805 244.908
13.36 21.4912 0.1903 246.199
13.38 21.4925 0.2013 247.458
13.4 21.3766 0.2094 248.181
13.42 21.1771 0.2144 248.437
13.44 20.9877 0.2169 248.458
13.46 21.0847 0.2222 249.226
13.48 21.1679 0.2283 250.033
13.5 21.3747 0.2272 250.386
13.52 21.4833 0.2231 250.292
13.54 21.3278 0.2213 249.965
13.56 21.1901 0.2207 249.778
13.58 21.1275 0.2188 249.594
13.6 20.9914 0.2158 249.177
13.62 20.7712 0.2158 248.901
13.64 20.4458 0.2148 248.341
13.66 20.0744 0.2132 247.633
13.68 19.5807 0.2105 246.586
13.7 18.9163 0.2083 245.248
13.72 17.8088 0.2052 242.922
13.74 16.4592 0.2083 240.578
13.76 14.7384 0.2144 237.448
13.78 12.8663 0.2195 233.398
13.8 11.1492 0.2126 228.119
13.82 9.4143 0.1965 221.265
13.84 7.8669 0.1867 214.787
13.86 6.3105 0.1874 208.224
13.88 6.726 0.1814 209.661
13.9 10.0025 0.1466 218.179
13.92 12.2849 0.1125 219.925
13.94 11.4435 0.1059 216.684
13.96 10.1967 0.1037 212.827
13.98 8.5377 0.1087 208.351
14 6.643 0.1377 205.032
14.02 4.6555 0.1388 195.006
14.04 3.3519 0.1248 184.431
14.06 2.5473 0.1095 175.434
14.08 2.1146 0.0908 168.219
14.1 1.733 0.0758 161.093
14.12 1.5018 0.0591 154.632
14.14 1.5906 0.0403 151.088
14.16 1.5895 0.0282 146.709
14.18 1.3862 0.0252 142.562
14.2 1.2782 0.0252 140.962
14.22 1.2505 0.0251 140.526
14.24 1.2677 0.0201 138.278
14.26 1.2624 0.0181 137.048
14.28 1.2463 0.0188 137.281
14.3 1.2329 0.0206 138.168
14.32 1.2211 0.0207 138.086
14.34 1.1969 0.0213 138.07
14.36 1.1619 0.0199 136.759
14.38 1.114 0.0182 134.978
14.4 1.0783 0.0166 133.374
14.42 1.0611 0.0153 132.216
14.44 1.0306 0.0154 131.784
14.46 0.962 0.0151 130.32
14.48 0.9244 0.0174 131.162
14.5 0.9498 0.0214 134.013
14.52 1.0279 0.0287 138.951
14.54 1.1523 0.0339 143.281
14.56 1.3875 0.0337 147.149
14.58 1.683 0.0412 153.907
14.6 2.0294 0.0368 156.692
14.62 2.1686 0.0273 154.373
14.64 1.9388 0.021 148.68
14.66 1.532 0.0202 143.313
14.68 1.1415 0.0196 137.076
14.7 0.8487 0.0177 130.288
14.72 0.7454 0.0165 127.179
14.74 0.7015 0.0148 124.984
14.76 0.6856 0.0135 123.669
14.78 0.6763 0.013 123.086
14.8 0.674 0.0132 123.228
14.82 0.6799 0.0136 123.736
14.84 0.6753 0.0138 123.812
14.86 0.6712 0.0143 124.117
14.88 0.6663 0.0145 124.175
14.9 0.6654 0.0148 124.409
14.92 0.6654 0.0153 124.8
14.94 0.6607 0.0159 125.119
14.96 0.6562 0.0157 124.911
14.98 0.657 0.0149 124.437
15 0.659 0.0125 122.731
15.02 0.6696 0.0185 127.139
15.04 0.7865 0.0308 135.807
15.06 1.8661 0.0446 158.669
15.08 4.0167 0.0547 180.29
15.1 5.9469 0.0674 194.185
15.12 8.0446 0.079 205.593
15.14 10.1104 0.0913 215.125
15.16 11.7701 0.1077 223.01
15.18 12.4803 0.1208 227.141
15.2 11.9851 0.1263 226.742
15.22 10.6654 0.1222 222.434
15.24 9.108 0.1178 216.852
15.26 7.9796 0.1171 212.733
15.28 10.1154 0.1048 218.18
15.3 14.7072 0.1125 231.709
15.32 19.13 0.1294 243.556
15.34 21.1969 0.1487 250.148
15.36 22.187 0.1705 254.772
15.38 22.6529 0.1902 257.964
15.4 23.4661 0.2032 260.802
15.42 24.4038 0.2113 263.227
15.44 25.3239 0.2201 265.629
15.46 26.2786 0.2293 268.057
15.48 27.1743 0.2409 270.559
15.5 27.9697 0.2524 272.839
15.52 28.5524 0.2641 274.783
15.54 29.2437 0.2737 276.65
15.56 29.6696 0.2795 277.81
15.58 29.5001 0.2869 278.285
15.6 29.016 0.295 278.366
15.62 28.5039 0.2966 277.877
15.64 28.0027 0.2942 277.079
15.66 27.6577 0.2922 276.526
15.68 27.2382 0.2893 275.787
15.7 26.9706 0.2865 275.27
15.72 26.8326 0.2859 275.116
15.74 26.8418 0.286 275.235
15.76 26.9769 0.2887 275.747
15.78 27.1279 0.2895 276.129
15.8 27.3315 0.2919 276.714
15.82 27.6591 0.2964 277.64
15.84 27.9404 0.3027 278.63
15.86 28.1112 0.3063 279.247
15.88 28.2717 0.3076 279.672
15.9 28.1977 0.307 279.619
15.92 28.0104 0.3024 279.098
15.94 28.0082 0.2507 274.871
15.96 28.1066 0.248 274.858
15.98 28.2583 0.2639 276.593
16 28.3765 0.2778 278.04
16.02 28.2532 0.289 278.878
16.04 27.044 0.2946 277.666
16.06 26.3959 0.2948 276.81
16.08 25.4474 0.2896 275.042
16.1 24.4499 0.2885 273.471
16.12 23.7036 0.2815 271.791
16.14 23.2998 0.2759 270.76
16.16 23.1474 0.2727 270.335
16.18 23.1252 0.2731 270.423
16.2 22.9557 0.2728 270.205
16.22 22.5663 0.2712 269.501
16.24 22.0573 0.2677 268.419
16.26 21.7538 0.2601 267.334
16.28 21.6961 0.2553 266.909
16.3 21.842 0.2542 267.162
16.32 22.1399 0.2573 268.045
16.34 22.5272 0.2593 268.98
16.36 22.7613 0.2623 269.73
16.38 22.7526 0.2653 270.063
16.4 22.6881 0.2625 269.806
16.42 22.7723 0.2266 266.757
16.44 22.9574 0.2162 266.116
16.46 23.2056 0.2272 267.722
16.48 23.611 0.238 269.52
16.5 24.3762 0.2494 271.909
16.52 24.6791 0.2598 273.412
16.54 25.0002 0.2715 275.02
16.56 25.7345 0.2841 277.306
16.58 26.1273 0.2978 279.097
16.6 26.4664 0.3037 280.166
16.62 26.7482 0.3085 281.054
16.64 27.007 0.3128 281.862
16.66 27.1916 0.3174 282.576
16.68 27.3301 0.3239 283.355
16.7 27.4648 0.3273 283.897
16.72 27.5692 0.3307 284.391
16.74 27.4361 0.3331 284.458
16.76 27.0002 0.3363 284.123
16.78 26.498 0.3357 283.408
16.8 26.1379 0.3299 282.534
16.82 25.7832 0.3216 281.474
16.84 25.2312 0.3178 280.414
16.86 24.662 0.3127 279.21
16.88 24.1391 0.308 278.091
16.9 23.8379 0.2986 276.965
16.92 23.4867 0.2924 275.982
16.94 23.0762 0.2892 275.121
16.96 22.6237 0.2849 274.085
16.98 22.1154 0.2808 272.95
17 21.5349 0.2759 271.597
17.02 20.865 0.2705 270.008
17.04 20.0429 0.264 267.995
17.06 19.0273 0.2566 265.454
17.08 17.8166 0.2511 262.564
17.1 16.7874 0.243 259.699
17.12 15.7952 0.226 255.965
17.14 14.7509 0.2158 252.567
17.16 13.6606 0.2284 251.053
17.18 12.951 0.2213 248.558
17.2 12.6913 0.213 247.127
17.22 13.3634 0.2038 248.138
17.24 15.2223 0.1996 252.479
17.26 17.6542 0.1914 257.11
17.28 19.476 0.1769 259.152
17.3 19.9079 0.1537 257.031
17.32 19.6923 0.1362 254.142
17.34 19.3154 0.1329 253
17.36 18.8803 0.1468 254.349
17.38 18.4074 0.1391 252.369
17.4 17.7379 0.1216 248.313
17.42 17.1773 0.1354 249.467
17.44 16.9526 0.1513 251.386
17.46 17.1776 0.1598 253.092
17.48 18.6961 0.1648 256.937
17.5 18.7708 0.163 256.932
17.52 20.0887 0.1644 259.722
17.54 20.2673 0.1708 260.963
17.56 20.3663 0.173 261.508
17.58 20.3482 0.1664 260.712
17.6 20.2096 0.1744 261.558
17.62 19.8261 0.1917 262.981
17.64 19.5333 0.2019 263.635
17.66 19.2869 0.2038 263.442
17.68 18.882 0.2011 262.43
17.7 18.3446 0.2011 261.423
17.72 17.7645 0.2017 260.362
17.74 17.4617 0.2006 259.682
17.76 17.4016 0.1946 258.979
17.78 17.6678 0.1955 259.727
17.8 17.9238 0.2017 261.024
17.82 18.063 0.2093 262.202
17.84 18.2176 0.2107 262.752
17.86 18.3493 0.2124 263.282
17.88 18.3707 0.2163 263.807
17.9 18.4774 0.221 264.582
17.92 18.8623 0.2249 265.838
17.94 19.5642 0.2302 267.842
17.96 20.2636 0.2343 269.679
17.98 20.7413 0.2371 270.937
18 21.132 0.238 271.836
18.02 21.4561 0.2387 272.583
18.04 21.75 0.2382 273.154
18.06 22.0021 0.2386 273.73
18.08 22.118 0.2397 274.126
18.1 22.3932 0.2411 274.832
18.12 22.5915 0.2446 275.596
18.14 22.8699 0.2484 276.522
18.16 23.2139 0.2502 277.369
18.18 23.7757 0.2496 278.355
18.2 24.5235 0.2463 279.375
18.22 25.1725 0.2409 279.996
18.24 25.6061 0.245 281.166
18.26 25.9621 0.2489 282.182
18.28 26.2552 0.2478 282.62
18.3 26.3192 0.248 282.824
18.32 26.2645 0.2542 283.407
18.34 26.2263 0.2674 284.63
18.36 26.2279 0.2343 281.606
18.38 26.1861 0.2185 279.995
18.4 26.2553 0.229 281.283
18.42 26.2966 0.247 283.208
18.44 26.4004 0.2613 284.785
18.46 26.3661 0.2698 285.577
18.48 26.2059 0.2748 285.849
18.5 26.5724 0.2799 286.946
18.52 26.6344 0.2931 288.232
18.54 26.489 0.2985 288.529
18.56 26.4024 0.3016 288.727
18.58 26.5631 0.3015 289.058
18.6 26.7243 0.302 289.437
18.62 26.7543 0.3066 289.934
18.64 26.8846 0.3117 290.622
18.66 26.976 0.3136 290.998
18.68 26.9981 0.3141 291.158
18.7 26.791 0.3134 290.868
18.72 26.5666 0.315 290.725
18.74 26.3055 0.3142 290.337
18.76 26.0722 0.3138 290.02
18.78 25.7573 0.3129 289.529
18.8 25.3078 0.3095 288.619
18.82 24.822 0.305 287.549
18.84 24.2172 0.2975 286.021
18.86 23.7195 0.29 284.646
18.88 23.5041 0.2822 283.712
18.9 23.5923 0.2782 283.611
18.92 23.8758 0.2778 284.149
18.94 24.3981 0.2845 285.686
18.96 24.957 0.2909 287.234
18.98 25.3728 0.2975 288.541
19 25.4712 0.3029 289.219
19.02 25.2814 0.3074 289.347
19.04 24.8134 0.3073 288.646
19.06 24.2573 0.3047 287.586
19.08 23.854 0.2999 286.597
19.1 23.4729 0.2926 285.431
19.12 23.1358 0.2856 284.346
19.14 22.8196 0.2804 283.432
19.16 22.6078 0.275 282.676
19.18 22.4814 0.2712 282.203
19.2 22.4008 0.2684 281.896
19.22 22.4606 0.2665 281.919
19.24 22.6349 0.2694 282.569
19.26 22.7288 0.2744 283.252
19.28 22.6669 0.2774 283.479
19.3 22.4408 0.2779 283.194
19.32 22.0121 0.256 280.567
19.34 21.4211 0.2247 276.533
19.36 20.8517 0.2266 275.735
19.38 20.4434 0.2279 275.161
19.4 20.146 0.2295 274.819
19.42 19.6201 0.2309 273.991
19.44 19.0446 0.2337 273.171
19.46 18.8961 0.2329 272.864
19.48 18.6856 0.2364 272.84
19.5 18.3287 0.2367 272.19
19.52 17.9907 0.235 271.376
19.54 17.6974 0.2332 270.638
19.56 17.4603 0.231 269.977
19.58 17.28 0.2296 269.514
19.6 16.9992 0.2275 268.749
19.62 16.6684 0.2256 267.879
19.64 16.309 0.2223 266.788
19.66 15.9653 0.2178 265.594
19.68 15.7065 0.211 264.346
19.7 15.5347 0.2053 263.401
19.72 15.5155 0.2005 262.911
19.74 15.6158 0.1975 262.899
19.76 15.8066 0.196 263.266
19.78 16.1422 0.1937 263.879
19.8 16.5826 0.1944 265.058
19.82 17.1766 0.1988 266.976
19.84 17.8017 0.2049 269.105
19.86 18.4076 0.2145 271.513
19.88 19.2034 0.2228 274.114
19.9 20.0756 0.2316 276.84
19.92 21.007 0.2431 279.858
19.94 21.7949 0.2564 282.674
19.96 22.4585 0.2684 285.06
19.98 22.9595 0.2807 287.115
20 23.2793 0.2912 288.648
20.02 23.3156 0.298 289.348
20.04 23.0346 0.299 289.004
20.06 22.318 0.2956 287.498
20.08 21.4782 0.2881 285.383
20.1 20.7224 0.2757 282.955
20.12 20.2615 0.2641 281.111
20.14 20.0689 0.259 280.347
20.16 20.1555 0.2575 280.463
20.18 20.496 0.2571 281.182
20.2 20.9626 0.2578 282.236
20.22 21.2812 0.2585 282.991
20.24 21.4036 0.261 283.53
20.26 21.548 0.2629 284.054
20.28 21.7961 0.2567 284.036
20.3 22.2792 0.2256 281.966
20.32 22.8356 0.2218 282.647
20.34 23.2603 0.236 284.943
20.36 23.892 0.2499 287.489
20.38 24.303 0.2605 289.272
20.4 24.0506 0.268 289.6
20.42 23.9642 0.2717 289.859
20.44 24.145 0.2748 290.526
20.46 24.2198 0.2903 292.065
20.48 24.3327 0.2944 292.681
20.5 24.5378 0.298 293.411
20.52 24.6767 0.3009 293.966
20.54 24.8517 0.3051 294.685
20.56 25.2055 0.3096 295.725
20.58 25.4064 0.3146 296.538
20.6 25.4593 0.3171 296.903
20.62 25.5304 0.3175 297.133
20.64 25.5475 0.3165 297.164
20.66 25.4911 0.3163 297.134
20.68 25.3934 0.3138 296.854
20.7 25.2021 0.3114 296.421
20.72 25.1495 0.3088 296.204
20.74 25.1511 0.3069 296.134
20.76 25.0554 0.3056 295.947
20.78 24.9947 0.3062 295.971
20.8 24.9573 0.3069 296.042
20.82 24.9216 0.3082 296.165
20.84 24.788 0.309 296.078
20.86 24.51 0.3091 295.685
20.88 24.0474 0.3091 294.953
20.9 23.6016 0.3084 294.182
20.92 23.0787 0.3039 292.954
20.94 22.6524 0.2981 291.778
20.96 22.0976 0.2892 290.083
20.98 21.4671 0.2792 288.108
21 20.9079 0.2694 286.239
21.02 20.4999 0.2557 284.266
21.04 20.4199 0.2424 282.921
21.06 20.4814 0.2363 282.519
21.08 20.6031 0.2342 282.624
21.1 20.8179 0.234 283.101
21.12 21.0688 0.2335 283.614
21.14 21.3984 0.2329 284.263
21.16 21.5831 0.236 285.003
21.18 21.6554 0.2417 285.782
21.2 21.9475 0.2456 286.791
21.22 22.4284 0.2504 288.227
21.24 22.9898 0.2628 290.496
21.26 23.7436 0.2469 290.414
21.28 24.0798 0.229 289.261
21.3 24.6244 0.2379 291.192
21.32 25.0135 0.2532 293.444
21.34 25.2407 0.2717 295.633
21.36 25.2204 0.2801 296.426
21.38 25.0659 0.2843 296.608
21.4 24.9315 0.2855 296.559
21.42 24.7417 0.298 297.368
21.44 24.4068 0.3022 297.208
21.46 24.2156 0.3012 296.867
21.48 24.0555 0.3021 296.734
21.5 23.8786 0.3054 296.763
21.52 23.5667 0.3021 296.011
21.54 23.1351 0.2962 294.816
21.56 22.6012 0.2878 293.2
21.58 22.2637 0.2758 291.605
21.6 21.8891 0.2665 290.139
21.62 21.8288 0.2593 289.439
21.64 21.8205 0.2556 289.151
21.66 21.8036 0.2569 289.315
21.68 21.9163 0.2527 289.207
21.7 22.1693 0.2438 288.897
21.72 22.4352 0.237 288.787
21.74 22.4626 0.2308 288.275
21.76 22.503 0.2272 288.047
21.78 22.4414 0.2219 287.441
21.8 22.1628 0.2224 287.052
21.82 21.9188 0.2383 288.319
21.84 21.6962 0.2507 289.187
21.86 21.5363 0.2598 289.811
21.88 21.3967 0.2646 290.055
21.9 21.3029 0.2649 289.973
21.92 21.0793 0.2637 289.496
21.94 20.785 0.2632 288.938
21.96 20.5139 0.2632 288.466
21.98 20.3971 0.2609 288.091
22 20.4537 0.2604 288.233
22.02 20.6208 0.2599 288.598
22.04 20.7745 0.2609 289.072
22.06 21.0626 0.2624 289.857
22.08 21.3226 0.2661 290.781
22.1 21.6255 0.2698 291.781
22.12 22.0164 0.2703 292.653
22.14 22.2615 0.27 293.167
22.16 22.4133 0.2706 293.582
22.18 22.5106 0.2713 293.902
22.2 22.6744 0.2686 294.038
22.22 22.9676 0.2412 292.03
22.24 23.3943 0.2248 291.167
22.26 23.8008 0.2342 292.96
22.28 23.97 0.2457 294.505
22.3 23.9251 0.257 295.602
22.32 23.4131 0.2647 295.481
22.34 22.7908 0.2666 294.586
22.36 22.4229 0.2636 293.693
22.38 21.6267 0.2671 292.561
22.4 20.4958 0.2619 289.905
22.42 19.4422 0.2525 286.908
22.44 18.6134 0.2419 284.168
22.46 18.1708 0.2336 282.434
22.48 18.0022 0.2288 281.638
22.5 18.0632 0.2264 281.597
22.52 18.1137 0.2269 281.832
22.54 18.1819 0.2275 282.116
22.56 18.236 0.2272 282.275
22.58 18.197 0.2249 282.019
22.6 18.085 0.2214 281.47
22.62 17.9089 0.2183 280.813
22.64 17.9175 0.2146 280.503
22.66 18.1867 0.2117 280.857
22.68 18.5804 0.2121 281.837
22.7 19.0147 0.2152 283.188
22.72 19.4125 0.2203 284.657
22.74 19.8221 0.2259 286.181
22.76 20.2135 0.2307 287.561
22.78 20.4357 0.2379 288.822
22.8 20.5521 0.2452 289.857
22.82 20.5793 0.2506 290.508
22.84 20.5947 0.2547 291.003
22.86 20.4486 0.2566 290.956
22.88 20.081 0.2566 290.267
22.9 19.47 0.2542 288.823
22.92 18.7293 0.2495 286.838
22.94 17.8031 0.242 284.098
22.96 17.1479 0.2329 281.736
22.98 16.5289 0.2225 279.253
23 16.0066 0.214 277.133
23.02 15.566 0.2069 275.314
23.04 15.1756 0.2009 273.704
23.06 14.9023 0.1974 272.655
23.08 14.7164 0.1912 271.507
23.1 14.5164 0.1867 270.501
23.12 14.324 0.1835 269.659
23.14 14.157 0.1806 268.912
23.16 14.0315 0.1764 268.106
23.18 13.9186 0.1552 265.02
23.2 13.8291 0.1431 263.055
23.22 13.8018 0.147 263.633
23.24 13.801 0.1497 264.093
23.26 13.7657 0.1528 264.51
23.28 13.592 0.1548 264.375
23.3 13.361 0.1562 263.984
23.32 13.5025 0.1568 264.532
23.34 13.5716 0.1594 265.153
23.36 13.6196 0.1599 265.42
23.38 13.6945 0.1601 265.72
23.4 13.8138 0.1589 265.949
23.42 14.038 0.159 266.644
23.44 14.3981 0.1593 267.723
23.46 14.866 0.162 269.399
23.48 15.4072 0.168 271.675
23.5 16.0884 0.1751 274.381
23.52 16.6815 0.1797 276.476
23.54 17.0691 0.1891 278.637
23.56 17.1157 0.195 279.526
23.58 17.01 0.2 279.932
23.6 17.0078 0.2042 280.477
23.62 17.1439 0.2086 281.364
23.64 17.3417 0.2131 282.396
23.66 17.5897 0.2171 283.479
23.68 17.9334 0.2202 284.673
23.7 18.3555 0.2259 286.303
23.72 18.8824 0.2334 288.322
23.74 19.4572 0.2388 290.189
23.76 19.9138 0.246 291.949
23.78 20.1765 0.2492 292.884
23.8 20.1204 0.2511 293.02
23.82 19.8707 0.2499 292.445
23.84 19.4181 0.2476 291.32
23.86 18.8742 0.2437 289.816
23.88 18.3505 0.237 288.042
23.9 17.9949 0.2304 286.624
23.92 17.6744 0.2314 286.053
23.94 17.4508 0.2345 285.912
23.96 17.2742 0.2314 285.243
23.98 17.1847 0.2274 284.683
24 17.1216 0.2243 284.273
24.02 17.0822 0.2225 284.054
24.04 17.08 0.2204 283.891
24.06 17.1803 0.2195 284.099
24.08 17.3444 0.219 284.5
24.1 17.5875 0.2216 285.417
24.12 17.7325 0.2226 285.927
24.14 17.7484 0.201 283.611
24.16 17.6748 0.1923 282.465
24.18 17.5529 0.2004 283.219
24.2 17.3029 0.2053 283.269
24.22 16.9934 0.2087 282.985
24.24 16.5724 0.2102 282.197
24.26 16.1728 0.2097 281.216
24.28 16.1261 0.2095 281.141
24.3 16.0003 0.2145 281.44
24.32 15.866 0.2164 281.369
24.34 15.754 0.2161 281.114
24.36 15.7151 0.215 280.959
24.38 15.7424 0.2147 281.061
24.4 15.8204 0.2152 281.379
24.42 15.9114 0.2155 281.708
24.44 16.0166 0.2142 281.898
24.46 16.1295 0.2119 281.994
24.48 16.3797 0.2112 282.606
24.5 16.7716 0.2146 284.012
24.52 17.3321 0.2205 286.069
24.54 18.0045 0.2323 288.957
24.56 18.8139 0.2425 291.9
24.58 19.9974 0.2507 295.358
24.6 21.0478 0.2578 298.303
24.62 21.7289 0.2715 301.036
24.64 22.1071 0.2854 303.11
24.66 22.3626 0.2897 304.059
24.68 23.065 0.2825 304.846
24.7 23.8125 0.2853 306.569
24.72 24.429 0.2931 308.46
24.74 24.5841 0.2949 308.968
24.76 24.358 0.2942 308.566
24.78 24.1041 0.2931 308.074
24.8 23.8854 0.2923 307.669
24.82 23.6741 0.2931 307.414
24.84 23.5221 0.2909 307.005
24.86 23.2317 0.2826 305.788
24.88 23.0298 0.2752 304.798
24.9 22.9492 0.268 304.041
24.92 22.9091 0.2031 297.099
24.94 22.912 0.1965 296.355
24.96 23.1038 0.2057 297.909
24.98 23.1031 0.2048 297.865
25 23.0536 0.203 297.621
