0.02 0.01 0 0
0.03 0.01 0 0
0.04 0.01 0 0
0.05 0.01 0 0
0.06 0.04 0 0
0.07 0.09 0 0
0.08 0.08 0 0
0.09 0.09 0 0
0.1 0.1 0 0
0.11 0.1 0 0
0.12 0.09 0 0
0.13 0.09 0 0
0.14 0.09 0 0
0.15 0.09 0 0
0.16 0.07 0 0
0.17 0.08 0 0
0.18 0.07 0.002 22.3112
0.19 0.07 0.003 23.4262
0.2 0.09 0 0
0.21 0.13 0.005 27.4762
0.22 0.08 0.011 27.7141
0.23 0.13 0.013 30.5117
0.24 0.37 0.014 36.1157
0.25 0.3667 0.015 36.6908
0.26 0.3633 0.016 37.2427
0.27 0.36 0.0173 37.8312
0.28 0.34 0.0187 38.1485
0.29 0.32 0.02 38.4018
0.3 0.32 0.011 36.8844
0.31 0.32 0.0107 37.1366
0.32 0.32 0.0103 37.3473
0.33 0.74 0.01 42.3969
0.34 0.53 0.018 42.7862
0.35 0.37 0.026 42.2295
0.36 0.37 0.03 43.0712
0.37 0.37 0.0387 44.3299
0.38 0.37 0.0473 45.4116
0.39 0.59 0.056 49.6119
0.4 0.48 0.041 47.2577
0.41 0.5233 0.0333 47.3521
0.42 0.5667 0.0325 48.123
0.43 0.61 0.0318 48.8665
0.44 0.73 0.031 50.3614
0.45 2.15 0.033 59.5144
0.46 2.34 0.062 63.8791
0.47 2.49 0.111 68.0588
0.48 2.64 0.158 71.0955
0.49 2.79 0.157 72.0374
0.5 5.16 0.136 78.2102
0.51 9.01 0.119 84.273
0.52 14.47 0.079 87.6712
0.53 18.23 0.0733 90.5517
0.54 19.79 0.0677 91.499
0.55 19.24 0.0671 91.5266
0.56 18.68 0.0666 91.5388
0.57 18.29 0.066 91.6423
0.58 17.59 0.082 93.2392
0.59 16.47 0.118 95.6531
0.6 15.56 0.142 96.7974
0.61 14.52 0.192 98.7264
0.62 14.13 0.208 99.4457
0.63 14.17 0.206 99.8494
0.64 14.45 0.218 101.045
0.65 14.75 0.215 101.665
0.66 15.03 0.212 102.255
0.67 15.13 0.203 102.411
0.68 15.08 0.202 102.743
0.69 14.99 0.198 102.9
0.7 14.88 0.195 103.072
0.71 14.87 0.199 103.644
0.72 14.87 0.203 104.22
0.73 14.93 0.183 103.782
0.74 15.05 0.178 104.055
0.75 15.12 0.165 103.857
0.76 15.24 0.145 103.243
0.77 15.36 0.13 102.798
0.78 15.41 0.12 102.53
0.79 15.46 0.114 102.504
0.8 15.44 0.111 102.615
0.81 15.4 0.109 102.776
0.82 15.33 0.103 102.576
0.83 15.23 0.1 102.572
0.84 15.14 0.098 102.654
0.85 15 0.097 102.767
0.86 14.85 0.096 102.864
0.87 14.75 0.096 103.094
0.88 14.64 0.097 103.4
0.89 14.5 0.097 103.582
0.9 14.38 0.099 103.956
0.91 14.27 0.101 104.334
0.92 14.1 0.103 104.642
0.93 14 0.103 104.85
0.94 13.88 0.104 105.116
0.95 13.77 0.103 105.22
0.96 13.67 0.103 105.416
0.97 13.55 0.102 105.501
0.98 13.31 0.103 105.616
0.99 13.15 0.102 105.644
1 12.98 0.103 105.827
1.01 12.8 0.104 105.992
1.02 12.62 0.104 106.067
1.03 12.42 0.106 106.279
1.04 12.09 0.105 106.068
1.05 11.88 0.102 105.827
1.06 11.68 0.1 105.673
1.07 11.5 0.099 105.624
1.08 11.33 0.099 105.671
1.09 11.18 0.098 105.65
1.1 10.95 0.097 105.512
1.11 10.77 0.095 105.342
1.12 10.56 0.094 105.214
1.13 10.34 0.093 105.061
1.14 10.13 0.092 104.914
1.15 9.93 0.091 104.772
1.16 9.71 0.089 104.493
1.17 9.59 0.089 104.555
1.18 9.5 0.087 104.463
1.19 9.44 0.085 104.41
1.2 9.38 0.083 104.351
1.21 9.28 0.08 104.111
1.22 9.14 0.078 103.902
1.23 9.05 0.077 103.878
1.24 9 0.076 103.916
1.25 8.88 0.075 103.833
1.26 8.76 0.074 103.744
1.27 8.5 0.071 103.166
1.28 8.38 0.069 102.935
1.29 8.27 0.068 102.837
1.3 8.16 0.067 102.732
1.31 8.06 0.066 102.64
1.32 7.8867 0.0603 101.768
1.33 7.7133 0.0547 100.835
1.34 7.54 0.049 99.7973
1.35 7.48 0.049 99.8888
1.36 7.41 0.048 99.7872
1.37 7.34 0.049 100.025
1.38 7.3 0.049 100.149
1.39 7.27 0.048 100.119
1.4 7.24 0.048 100.259
1.41 7.22 0.048 100.417
1.42 7.2 0.048 100.575
1.43 7.24 0.047 100.675
1.44 7.24 0.046 100.69
1.45 7.22 0.046 100.844
1.46 7.22 0.046 101.037
1.47 7.22 0.046 101.229
1.48 7.23 0.046 101.44
1.49 7.24 0.045 101.464
1.5 7.25 0.045 101.673
1.51 7.26 0.045 101.882
1.52 7.29 0.045 102.129
1.53 7.27 0.044 102.084
1.54 7.32 0.044 102.37
1.55 7.35 0.044 102.615
1.56 7.37 0.044 102.839
1.57 7.41 0.044 103.102
1.58 7.46 0.044 103.384
1.59 7.51 0.044 103.665
1.6 7.52 0.044 103.866
1.61 7.59 0.044 104.185
1.62 7.65 0.045 104.679
1.63 7.67 0.045 104.897
1.64 7.78 0.046 105.484
1.65 7.83 0.046 105.76
1.66 7.88 0.047 106.225
1.67 7.93 0.047 106.499
1.68 7.98 0.047 106.773
1.69 8.04 0.047 107.065
1.7 8.13 0.048 107.601
1.71 8.21 0.048 107.928
1.72 8.3 0.048 108.273
1.73 8.4 0.049 108.822
1.74 8.52 0.049 109.219
1.75 8.61 0.05 109.743
1.76 8.72 0.05 110.118
1.77 8.78 0.051 110.583
1.78 8.85 0.051 110.883
1.79 8.93 0.051 111.2
1.8 9.03 0.052 111.731
1.81 9.15 0.052 112.116
1.82 9.4 0.052 112.725
1.83 9.61 0.053 113.436
1.84 9.81 0.053 113.946
1.85 9.99 0.054 114.595
1.86 10.14 0.055 115.189
1.87 10.22 0.057 115.835
1.88 10.18 0.059 116.274
1.89 10.1 0.06 116.477
1.9 9.96 0.06 116.413
1.91 9.8 0.061 116.472
1.92 9.65 0.061 116.382
1.93 9.53 0.062 116.498
1.94 9.41 0.062 116.453
1.95 9.22 0.063 116.432
1.96 9.1 0.064 116.531
1.97 9 0.064 116.51
1.98 8.92 0.065 116.675
1.99 8.87 0.065 116.744
2 8.83 0.065 116.831
2.01 8.81 0.065 116.955
2.02 8.81 0.064 116.965
2.03 8.82 0.064 117.145
2.04 8.81 0.063 117.132
2.05 8.79 0.063 117.253
2.06 8.78 0.062 117.237
2.07 8.77 0.061 117.217
2.08 8.74 0.06 117.155
2.09 8.69 0.059 117.05
2.1 8.62 0.059 117.069
2.11 8.53 0.058 116.881
2.12 8.43 0.058 116.836
2.13 8.32 0.058 116.768
2.14 8.15 0.058 116.573
2.15 8.05 0.058 116.517
2.16 7.97 0.059 116.665
2.17 7.89 0.059 116.645
2.18 7.82 0.059 116.645
2.19 7.77 0.058 116.52
2.2 7.69 0.058 116.494
2.21 7.63 0.058 116.509
2.22 7.58 0.057 116.376
2.23 7.53 0.057 116.411
2.24 7.48 0.057 116.444
2.25 7.44 0.056 116.327
2.26 7.39 0.055 116.183
2.27 7.34 0.055 116.212
2.28 7.33 0.055 116.331
2.29 7.32 0.054 116.272
2.3 7.31 0.054 116.39
2.31 7.31 0.053 116.35
2.32 7.2967 0.0503 115.954
2.33 7.2833 0.0477 115.55
2.34 7.27 0.045 115.098
2.35 7.32 0.044 115.133
2.36 7.36 0.044 115.359
2.37 7.39 0.044 115.563
2.38 7.43 0.044 115.788
2.39 7.47 0.044 116.013
2.4 7.48 0.044 116.17
2.41 7.49 0.044 116.327
2.42 7.49 0.044 116.461
2.43 7.49 0.044 116.594
2.44 7.51 0.044 116.772
2.45 7.5 0.044 116.883
2.46 7.51 0.045 117.257
2.47 7.53 0.045 117.434
2.48 7.56 0.046 117.848
2.49 7.58 0.046 118.025
2.5 7.62 0.046 118.246
2.51 7.66 0.046 118.467
2.52 7.73 0.046 118.754
2.53 7.79 0.046 119.017
2.54 7.87 0.046 119.323
2.55 7.95 0.046 119.627
2.56 8.04 0.046 119.952
2.57 8.1 0.046 120.211
2.58 8.23 0.046 120.617
2.59 8.28 0.046 120.852
2.6 8.35 0.045 120.907
2.61 8.41 0.045 121.161
2.62 8.46 0.046 121.615
2.63 8.49 0.046 121.806
2.64 8.55 0.046 122.059
2.65 8.65 0.046 122.392
2.66 8.75 0.047 122.943
2.67 8.85 0.047 123.273
2.68 8.88 0.047 123.461
2.69 8.99 0.048 124.025
2.7 9.1 0.047 124.153
2.71 9.27 0.048 124.831
2.72 9.48 0.048 125.363
2.73 9.61 0.049 125.953
2.74 9.62 0.049 126.1
2.75 9.84 0.049 126.639
2.76 9.91 0.05 127.11
2.77 10 0.05 127.404
2.78 9.99 0.051 127.723
2.79 9.97 0.052 128.02
2.8 9.91 0.053 128.24
2.81 9.82 0.054 128.398
2.82 9.77 0.055 128.626
2.83 9.71 0.056 128.832
2.84 9.74 0.056 129.016
2.85 9.82 0.056 129.294
2.86 9.89 0.056 129.552
2.87 9.95 0.056 129.791
2.88 9.97 0.056 129.954
2.89 9.98 0.056 130.098
2.9 10.06 0.056 130.373
2.91 10.03 0.056 130.442
2.92 10.01 0.056 130.529
2.93 9.98 0.056 130.596
2.94 9.93 0.056 130.626
2.95 9.85 0.056 130.597
2.96 9.79 0.057 130.797
2.97 9.63 0.058 130.799
2.98 9.43 0.059 130.712
2.99 9.3 0.059 130.572
3 9.18 0.06 130.632
3.01 9.08 0.061 130.726
3.02 8.96 0.061 130.597
3.03 8.84 0.062 130.64
3.04 8.64 0.062 130.329
3.05 8.5 0.062 130.142
3.06 8.37 0.062 129.971
3.07 8.24 0.061 129.621
3.08 8.1 0.061 129.418
3.09 7.95 0.06 129.009
3.1 7.77 0.059 128.52
3.11 7.63 0.058 128.117
3.12 7.47 0.057 127.656
3.13 7.3 0.056 127.159
3.14 7.12 0.055 126.625
3.15 6.91 0.055 126.192
3.16 6.69 0.054 125.524
3.17 6.3 0.053 124.359
3.18 6.03 0.052 123.489
3.19 5.74 0.051 122.525
3.2 5.44 0.051 121.687
3.21 5.14 0.051 120.802
3.22 4.82 0.051 119.793
3.23 4.32 0.05 117.826
3.24 3.97 0.05 116.501
3.25 3.62 0.05 115.061
3.26 3.26 0.049 113.245
3.27 2.91 0.049 111.503
3.28 2.6 0.048 109.614
3.29 2.24 0.047 107.19
3.3 2.05 0.046 105.73
3.31 1.89 0.046 104.588
3.32 1.65 0.043 102.074
3.33 1.52 0.044 101.153
3.34 1.38 0.043 99.6475
3.35 1.28 0.041 98.2657
3.36 1.21 0.039 97.1489
3.37 1.13 0.036 95.6371
3.38 1 0.032 93.129
3.39 0.95 0.03 92.0242
3.4 0.94 0.028 91.433
3.41 0.95 0.027 91.3703
3.42 0.96 0.028 91.8603
3.43 1.02 0.029 93.0121
3.44 1.09 0.029 93.9814
3.45 1.16 0.028 94.6274
3.46 1.21 0.028 95.2808
3.47 1.23 0.028 95.5827
3.48 1.29 0.029 96.5991
3.49 1.35 0.03 97.5861
3.5 1.44 0.032 99.1063
3.51 1.54 0.034 100.655
3.52 1.64 0.036 102.136
3.53 1.76 0.039 103.951
3.54 1.82 0.04 104.757
3.55 1.82 0.039 104.618
3.56 1.8 0.039 104.534
3.57 1.77 0.039 104.362
3.58 1.78 0.04 104.749
3.59 1.82 0.042 105.594
3.6 1.83 0.042 105.759
3.61 1.86 0.043 106.297
3.62 1.87 0.043 106.461
3.63 1.94 0.044 107.313
3.64 2.05 0.045 108.454
3.65 2.15 0.046 109.483
3.66 2.2 0.045 109.729
3.67 2.19 0.046 109.941
3.68 2.1 0.046 109.362
3.69 2 0.045 108.479
3.7 1.88 0.043 107.192
3.71 1.8 0.04 105.963
3.72 1.73 0.035 104.273
3.73 1.66 0.0353 103.806
3.74 1.63 0.0357 103.708
3.75 1.62 0.036 103.766
3.76 1.62 0.037 104.079
3.77 1.59 0.038 104.107
3.78 1.54 0.038 103.705
3.79 1.5 0.039 103.613
3.8 1.44 0.039 103.081
3.81 1.41 0.038 102.622
3.82 1.43 0.038 102.905
3.83 1.48 0.039 103.715
3.84 1.53 0.039 104.288
3.85 1.62 0.041 105.665
3.86 1.67 0.043 106.626
3.87 1.79 0.043 107.775
3.88 1.91 0.044 109.073
3.89 2 0.044 109.877
3.9 2.09 0.044 110.655
3.91 2.16 0.046 111.672
3.92 2.14 0.046 111.602
3.93 2.09 0.046 111.302
3.94 2.05 0.047 111.27
3.95 2.04 0.048 111.465
3.96 2.04 0.047 111.348
3.97 2.03 0.047 111.347
3.98 2.04 0.048 111.7
3.99 2.04 0.048 111.777
4 2.02 0.049 111.888
4.01 1.99 0.05 111.913
4.02 1.95 0.05 111.664
4.03 1.89 0.05 111.239
4.04 1.83 0.049 110.614
4.05 1.76 0.048 109.881
4.06 1.63 0.047 108.558
4.07 1.54 0.046 107.555
4.08 1.43 0.044 106.093
4.09 1.29 0.042 104.197
4.1 1.19 0.039 102.43
4.11 1.13 0.035 100.827
4.12 1.07 0.029 98.5512
4.13 1.03 0.027 97.4967
4.14 1 0.026 96.8433
4.15 1.01 0.026 97.0473
4.16 1.02 0.026 97.2501
4.17 1 0.028 97.6381
4.18 0.97 0.029 97.5599
4.19 0.94 0.029 97.1841
4.2 0.9 0.029 96.6415
4.21 0.85 0.029 95.9127
4.22 0.82 0.027 94.9147
4.23 0.78 0.026 94
4.24 0.76 0.025 93.4053
4.25 0.74 0.024 92.7925
4.26 0.73 0.024 92.6714
4.27 0.72 0.025 92.8627
4.28 0.7 0.024 92.2331
4.29 0.65 0.023 90.9905
4.3 0.59 0.023 89.7885
4.31 0.55 0.022 88.6144
4.32 0.51 0.023 88.0376
4.33 0.48 0.022 87.0061
4.34 0.47 0.02 86.1128
4.35 0.47 0.019 85.801
4.36 0.47 0.018 85.4704
4.37 0.48 0.017 85.3776
4.38 0.49 0.016 85.2548
4.39 0.51 0.016 85.8017
4.4 0.54 0.015 86.102
4.41 0.58 0.015 87.0475
4.42 0.63 0.015 88.1457
4.43 0.68 0.014 88.666
4.44 0.73 0.014 89.6327
4.45 0.81 0.014 91.042
4.46 0.84 0.015 92.1043
4.47 0.88 0.016 93.2807
4.48 0.94 0.016 94.2294
4.49 0.99 0.016 94.9941
4.5 1.05 0.0163 96.0099
4.51 1.13 0.0167 97.2864
4.52 1.27 0.017 99.1442
4.53 1.35 0.019 101.012
4.54 1.37 0.02 101.722
4.55 1.34 0.021 101.872
4.56 1.29 0.021 101.378
4.57 1.25 0.021 100.981
4.58 1.25 0.021 101.042
4.59 1.33 0.023 102.786
4.6 1.37 0.025 104.007
4.61 1.35 0.025 103.849
4.62 1.29 0.023 102.52
4.63 1.21 0.02 100.465
4.64 1.2467 0.017 99.6031
4.65 1.2833 0.015 99.0421
4.66 1.32 0.0147 99.3373
4.67 1.66 0.0143 102.496
4.68 2.01 0.014 105.236
4.69 2.31 0.015 108.048
4.7 2.61 0.018 111.711
4.71 3.14 0.02 115.803
4.72 3.59 0.021 118.609
4.73 3.98 0.022 120.921
4.74 4.27 0.023 122.677
4.75 4.47 0.024 123.999
4.76 4.68 0.025 125.319
4.77 5 0.025 126.592
4.78 5.17 0.025 127.277
4.79 5.34 0.026 128.364
4.8 5.49 0.027 129.357
4.81 5.57 0.028 130.095
4.82 5.63 0.029 130.752
4.83 5.67 0.03 131.331
4.84 5.73 0.031 131.965
4.85 5.74 0.031 132.074
4.86 5.76 0.031 132.216
4.87 5.78 0.031 132.358
4.88 5.78 0.031 132.433
4.89 5.76 0.032 132.793
4.9 5.76 0.031 132.518
4.91 5.76 0.032 132.944
4.92 5.78 0.034 133.758
4.93 5.8 0.035 134.224
4.94 5.92 0.038 135.621
4.95 6.04 0.04 136.672
4.96 6.29 0.043 138.38
4.97 6.37 0.043 138.709
4.98 6.51 0.043 139.222
4.99 6.63 0.044 139.934
5 6.67 0.044 140.133
5.01 6.7 0.042 139.76
5.02 6.66 0.041 139.437
5.03 6.58 0.039 138.693
5.04 6.51 0.039 138.556
5.05 6.44 0.039 138.417
5.06 6.36 0.041 138.82
5.07 6.32 0.041 138.77
5.08 6.34 0.042 139.188
5.09 6.48 0.043 139.977
5.1 6.66 0.043 140.607
5.11 6.83 0.044 141.466
5.12 6.9 0.046 142.276
5.13 6.9 0.048 142.858
5.14 6.85 0.048 142.786
5.15 6.82 0.05 143.258
5.16 6.79 0.05 143.245
5.17 6.82 0.051 143.649
5.18 6.81 0.051 143.696
5.19 6.74 0.049 143.082
5.2 6.7 0.046 142.286
5.21 6.76 0.044 142.019
5.22 7.16 0.042 142.722
5.23 7.67 0.041 143.931
5.24 8.27 0.041 145.578
5.25 8.9 0.041 147.203
5.26 9.55 0.044 149.661
5.27 10.11 0.046 151.533
5.28 10.86 0.048 153.727
5.29 11.3 0.051 155.472
5.3 11.61 0.057 157.613
5.31 11.5433 0.0547 157.025
5.32 11.4767 0.0523 156.392
5.33 11.41 0.05 155.758
5.34 11.39 0.051 156.057
5.35 11.41 0.052 156.43
5.36 11.44 0.055 157.303
5.37 11.49 0.057 157.952
5.38 11.61 0.061 159.166
5.39 11.68 0.062 159.602
5.4 11.74 0.063 160.015
5.41 11.75 0.063 160.117
5.42 11.75 0.064 160.409
5.43 11.74 0.066 160.883
5.44 11.71 0.068 161.306
5.45 11.67 0.069 161.505
5.46 11.62 0.068 161.292
5.47 11.55 0.067 161.035
5.48 11.47 0.067 160.955
5.49 11.37 0.067 160.834
5.5 11.23 0.07 161.215
5.51 11.18 0.07 161.193
5.52 11.17 0.071 161.444
5.53 11.17 0.07 161.334
5.54 11.19 0.07 161.457
5.55 11.18 0.069 161.324
5.56 11.15 0.069 161.342
5.57 11.08 0.068 161.081
5.58 10.99 0.068 160.972
5.59 10.88 0.068 160.819
5.6 10.75 0.068 160.621
5.61 10.65 0.068 160.484
5.62 10.52 0.068 160.28
5.63 10.45 0.068 160.205
5.64 10.38 0.068 160.129
5.65 10.31 0.069 160.247
5.66 10.26 0.068 160.019
5.67 10.22 0.068 160.007
5.68 10.19 0.067 159.821
5.69 10.19 0.067 159.899
5.7 10.21 0.067 160.022
5.71 10.2 0.066 159.877
5.72 10.18 0.066 159.91
5.73 10.16 0.064 159.533
5.74 10.1 0.063 159.266
5.75 10.07 0.062 159.063
5.76 10.05 0.061 158.879
5.77 10.02 0.061 158.887
5.78 9.96 0.06 158.608
5.79 9.9 0.059 158.325
5.8 9.81 0.058 157.968
5.81 9.62 0.058 157.599
5.82 9.48 0.058 157.342
5.83 9.36 0.058 157.128
5.84 9.25 0.058 156.936
5.85 9.15 0.058 156.765
5.86 9.02 0.058 156.517
5.87 8.87 0.059 156.435
5.88 8.79 0.06 156.524
5.89 8.71 0.06 156.392
5.9 8.64 0.06 156.284
5.91 8.61 0.059 156.061
5.92 8.61 0.059 156.134
5.93 8.74 0.059 156.545
5.94 8.89 0.058 156.78
5.95 9.14 0.057 157.253
5.96 9.21 0.057 157.499
5.97 9.32 0.057 157.842
5.98 9.39 0.057 158.086
5.99 9.45 0.057 158.305
6 9.62 0.058 159.015
6.01 9.78 0.058 159.467
6.02 9.89 0.058 159.798
6.03 9.92 0.058 159.941
6.04 9.95 0.058 160.085
6.05 9.98 0.059 160.456
6.06 10.07 0.059 160.737
6.07 10.14 0.061 161.418
6.08 10.16 0.061 161.538
6.09 10.18 0.064 162.305
6.1 10.17 0.064 162.356
6.11 10.07 0.063 161.986
6.12 9.98 0.062 161.635
6.13 9.83 0.063 161.571
6.14 9.72 0.063 161.383
6.15 9.6 0.064 161.379
6.16 9.47 0.064 161.135
6.17 9.37 0.063 160.751
6.18 9.33 0.062 160.51
6.19 9.47 0.06 160.489
6.2 9.69 0.06 161.093
6.21 9.96 0.059 161.578
6.22 10.2 0.058 161.975
6.23 10.32 0.058 162.32
6.24 10.36 0.058 162.483
6.25 10.38 0.056 162.127
6.26 10.39 0.056 162.221
6.27 10.44 0.056 162.405
6.28 10.57 0.056 162.767
6.29 10.75 0.057 163.476
6.3 10.95 0.058 164.22
6.31 11.07 0.0597 164.947
6.32 11.19 0.0613 165.64
6.33 11.31 0.063 166.346
6.34 11.45 0.065 167.148
6.35 11.58 0.066 167.706
6.36 11.69 0.067 168.218
6.37 11.85 0.067 168.622
6.38 11.85 0.066 168.484
6.39 11.96 0.067 168.993
6.4 12.09 0.068 169.539
6.41 12.2 0.068 169.834
6.42 12.35 0.067 169.997
6.43 12.51 0.067 170.386
6.44 12.76 0.066 170.733
6.45 13.09 0.069 172.071
6.46 13.52 0.061 171.184
6.47 13.73 0.063 172.099
6.48 14.25 0.055 171.152
6.49 14.7 0.043 168.508
6.5 15.31 0.041 168.899
6.51 15.43 0.043 169.833
6.52 15.32 0.047 170.991
6.53 15.12 0.054 172.725
6.54 15.12 0.055 173.062
6.55 15.18 0.058 174.002
6.56 15.1 0.056 173.436
6.57 15.07 0.06 174.458
6.58 15.14 0.061 174.889
6.59 15.17 0.063 175.483
6.6 15.15 0.065 175.981
6.61 15.08 0.067 176.382
6.62 15.16 0.073 177.855
6.63 15.42 0.074 178.568
6.64 15.32 0.079 179.449
6.65 15.38 0.083 180.365
6.66 15.57 0.089 181.812
6.67 15.43 0.07 178.058
6.68 15.56 0.0673 177.765
6.69 15.64 0.0647 177.388
6.7 15.3 0.062 176.274
6.71 14.77 0.066 176.37
6.72 14.75 0.075 178.294
6.73 14.67 0.074 178.03
6.74 14.37 0.077 178.162
6.75 14.38 0.077 178.253
6.76 14.4 0.076 178.168
6.77 14.54 0.077 178.684
6.78 14.51 0.075 178.314
6.79 14.44 0.078 178.845
6.8 14.44 0.083 179.846
6.81 14.57 0.081 179.786
6.82 14.61 0.083 180.296
6.83 14.7 0.083 180.529
6.84 14.8 0.082 180.597
6.85 14.88 0.083 180.993
6.86 14.96 0.084 181.387
6.87 15.02 0.086 181.921
6.88 15.16 0.078 180.763
6.89 15.29 0.075 180.469
6.9 15.38 0.075 180.694
6.91 15.47 0.074 180.717
6.92 15.53 0.077 181.49
6.93 15.56 0.08 182.192
6.94 15.67 0.077 181.87
6.95 15.77 0.076 181.912
6.96 15.82 0.074 181.664
6.97 15.71 0.079 182.544
6.98 15.74 0.083 183.42
6.99 15.81 0.08 183.048
7 15.88 0.079 183.046
7.01 15.86 0.08 183.277
7.02 15.82 0.081 183.473
7.03 15.87 0.079 183.247
7.04 15.9 0.074 182.375
7.05 15.89 0.073 182.224
7.06 15.92 0.071 181.924
7.07 15.5 0.068 180.646
7.08 15.11 0.068 180.055
7.09 15.34 0.054 177.089
7.1 15.69 0.052 177.178
7.11 15.85 0.049 176.631
7.12 15.73 0.047 175.896
7.13 15.26 0.049 175.806
7.14 14.7 0.071 180.412
7.15 14.3 0.077 180.984
7.16 14.09 0.0763 180.531
7.17 14.11 0.0757 180.52
7.18 13.99 0.075 180.228
7.19 13.78 0.084 181.61
7.2 13.79 0.09 182.745
7.21 13.8 0.094 183.498
7.22 13.84 0.094 183.645
7.23 13.88 0.093 183.629
7.24 13.86 0.092 183.496
7.25 13.9 0.089 183.137
7.26 13.97 0.089 183.339
7.27 14.05 0.092 184.067
7.28 14.08 0.067 179.398
7.29 14.29 0.067 179.85
7.3 14.26 0.067 179.864
7.31 14.03 0.0673 179.578
7.32 14.57 0.0677 180.715
7.33 14.81 0.068 181.276
7.34 15.07 0.068 181.8
7.35 15.26 0.069 182.419
7.36 15.62 0.069 183.102
7.37 15.71 0.068 183.1
7.38 15.81 0.065 182.649
7.39 15.91 0.063 182.409
7.4 16.02 0.062 182.416
7.41 16.14 0.061 182.434
7.42 16.19 0.06 182.332
7.43 16.23 0.063 183.208
7.44 16.26 0.064 183.565
7.45 16.29 0.066 184.153
7.46 16.39 0.067 184.615
7.47 17.18 0.078 188.307
7.48 16.64 0.094 190.446
7.49 16.48 0.096 190.586
7.5 16.53 0.134 196.106
7.51 17.28 0.097 192.199
7.52 17.31 0.065 186.018
7.53 17.01 0.071 186.988
7.54 17.26 0.052 182.655
7.55 16.75 0.042 178.731
7.56 16.82 0.0427 179.15
7.57 16.58 0.0433 179.053
7.58 16.4 0.044 179.077
7.59 16.36 0.046 179.743
7.6 16.43 0.048 180.557
7.61 15.99 0.05 180.531
7.62 15.93 0.0557 182.128
7.63 15.58 0.0613 183.065
7.64 15.2 0.067 183.837
7.65 14.99 0.076 185.47
7.66 15.06 0.075 185.458
7.67 15.13 0.061 182.485
7.68 15.17 0.059 182.115
7.69 14.92 0.052 179.845
7.7 14.49 0.053 179.439
7.71 14 0.052 178.333
7.72 13.9 0.0513 178.013
7.73 13.63 0.0507 177.401
7.74 13.38 0.05 176.788
7.75 13.25 0.05 176.603
7.76 13.04 0.051 176.551
7.77 12.87 0.0503 176.078
7.78 12.73 0.0497 175.688
7.79 12.54 0.049 175.164
7.8 12.42 0.052 175.851
7.81 12.39 0.054 176.406
7.82 12.34 0.056 176.9
7.83 12.28 0.055 176.574
7.84 12.1 0.0573 176.863
7.85 11.89 0.0597 177.084
7.86 11.81 0.062 177.532
7.87 11.77 0.064 177.977
7.88 11.75 0.065 178.226
7.89 11.74 0.066 178.494
7.9 11.74 0.066 178.557
7.91 11.75 0.067 178.865
7.92 11.78 0.065 178.543
7.93 11.8 0.068 179.321
7.94 11.8 0.07 179.817
7.95 11.82 0.073 180.553
7.96 11.82 0.075 181.023
7.97 11.84 0.079 181.915
7.98 11.87 0.075 181.259
7.99 11.89 0.072 180.752
8 11.94 0.07 180.5
8.01 12.01 0.07 180.715
8.02 12.05 0.07 180.864
8.03 12.08 0.069 180.775
8.04 12.1 0.069 180.881
8.05 12.16 0.07 181.289
8.06 12.22 0.071 181.695
8.07 12.29 0.07 181.692
8.08 12.37 0.07 181.925
8.09 12.44 0.07 182.135
8.1 12.54 0.07 182.408
8.11 12.64 0.069 182.461
8.12 12.71 0.069 182.668
8.13 12.8 0.069 182.917
8.14 12.83 0.069 183.041
8.15 12.83 0.07 183.323
8.16 12.8 0.071 183.54
8.17 12.7 0.072 183.609
8.18 12.63 0.07 183.095
8.19 12.58 0.071 183.269
8.2 12.66 0.068 182.841
8.21 12.71 0.066 182.553
8.22 12.82 0.063 182.135
8.23 13 0.06 181.823
8.24 13.29 0.054 180.871
8.25 13.92 0.0533 181.945
8.26 14.05 0.0527 182.078
8.27 14.28 0.052 182.363
8.28 14.43 0.054 183.274
8.29 14.06 0.0537 182.566
8.3 13.85 0.0533 182.118
8.31 13.6633 0.053 181.738
8.32 13.4767 0.067 185.013
8.33 13.29 0.071 185.596
8.34 13.78 0.076 187.688
8.35 15 0.083 191.457
8.36 15.9 0.08 192.544
8.37 15.33 0.081 191.796
8.38 14.8 0.094 193.269
8.39 15.12 0.107 196.031
8.4 15.62 0.12 198.905
8.41 15.8 0.099 196.135
8.42 15.98 0.092 195.325
8.43 16.27 0.085 194.61
8.44 16.37 0.078 193.458
8.45 16.49 0.076 193.307
8.46 16.77 0.077 194.051
8.47 16.74 0.074 193.424
8.48 16.72 0.082 195.113
8.49 16.98 0.085 196.197
8.5 17.12 0.082 195.907
8.51 17.08 0.071 193.571
8.52 17.17 0.075 194.667
8.53 17.1 0.038 183.912
8.54 17.96 0.02 175.642
8.55 18.16 0.0183 174.684
8.56 18.01 0.0167 173.209
8.57 17.65 0.0171 173.102
8.58 17.61 0.0176 173.518
8.59 17.68 0.018 173.998
8.6 17.65 0.021 176.258
8.61 17.74 0.02 175.729
8.62 17.42 0.015 171.179
8.63 17.14 0.013 168.813
8.64 16.88 0.013 168.496
8.65 16.73 0.0127 168.007
8.66 16.48 0.0123 167.251
8.67 16.49 0.012 166.976
8.68 16.54 0.013 168.219
8.69 16.63 0.0127 168.078
8.7 16.41 0.0123 167.363
8.71 16.06 0.012 166.555
8.72 15.53 0.022 174.381
8.73 15.32 0.018 171.213
8.74 15.11 0.014 167.39
8.75 14.74 0.01 162.241
8.76 14.37 0.01 161.699
8.77 13.41 0.01 160.148
8.78 12.54 0.01 158.659
8.79 11.91 0.01 157.535
8.8 11.33 0.004 144.972
8.81 10.72 0.002 135.805
8.82 9.96 0.002 134.417
8.83 8.68 0.024 162.097
8.84 7.46 0.043 166.537
8.85 6.51 0.06 167.945
8.86 5.79 0.05 162.699
8.87 4.77 0.051 158.532
8.88 3.36 0.033 145.415
8.89 2.82 0.033 141.837
8.9 2.33 0.031 137.318
8.91 2.12 0.0307 135.396
8.92 2.09 0.0303 135.013
8.93 2.04 0.03 134.474
8.94 1.78 0.044 136.171
8.95 1.8967 0.062 141.444
8.96 2.0133 0.074 144.825
8.97 2.13 0.086 147.887
8.98 2.87 0.087 154.572
8.99 3.66 0.086 159.976
9 4.53 0.075 163.148
9.01 5.9 0.067 167.944
9.02 6.84 0.067 171.61
9.03 7.61 0.063 173.43
9.04 8.17 0.062 175.033
9.05 8.6 0.063 176.62
9.06 9.09 0.064 178.323
9.07 9.31 0.064 178.993
9.08 9.47 0.061 178.772
9.09 9.59 0.058 178.401
9.1 9.84 0.058 179.118
9.11 10.06 0.059 180
9.12 10.31 0.061 181.195
9.13 10.59 0.06 181.7
9.14 10.91 0.06 182.537
9.15 11.36 0.058 183.141
9.16 11.63 0.055 183.006
9.17 11.86 0.054 183.299
9.18 12.07 0.053 183.533
9.19 12.26 0.054 184.288
9.2 12.54 0.057 185.778
9.21 12.71 0.058 186.465
9.22 12.87 0.06 187.385
9.23 13.01 0.062 188.246
9.24 13.15 0.064 189.092
9.25 13.36 0.068 190.54
9.26 13.52 0.07 191.385
9.27 13.69 0.072 192.238
9.28 13.86 0.075 193.293
9.29 13.98 0.077 194.015
9.3 14.08 0.081 195.093
9.31 13.9933 0.0823 195.236
9.32 13.9067 0.0837 195.394
9.33 13.82 0.085 195.527
9.34 13.75 0.087 195.82
9.35 13.68 0.089 196.105
9.36 13.61 0.09 196.201
9.37 13.54 0.092 196.472
9.38 13.55 0.093 196.728
9.39 13.57 0.094 197.004
9.4 13.58 0.095 197.257
9.41 13.6 0.096 197.529
9.42 13.56 0.096 197.503
9.43 13.55 0.095 197.369
9.44 13.51 0.094 197.169
9.45 13.45 0.094 197.101
9.46 13.39 0.094 197.032
9.47 13.33 0.093 196.787
9.48 13.32 0.092 196.647
9.49 13.32 0.092 196.704
9.5 13.34 0.092 196.804
9.51 13.36 0.092 196.904
9.52 13.37 0.09 196.623
9.53 13.43 0.09 196.807
9.54 13.49 0.089 196.808
9.55 13.58 0.088 196.869
9.56 13.72 0.087 197.03
9.57 14.01 0.086 197.492
9.58 14.24 0.086 198.013
9.59 14.47 0.086 198.528
9.6 14.66 0.086 198.959
9.61 14.85 0.085 199.192
9.62 14.88 0.085 199.307
9.63 14.87 0.086 199.54
9.64 14.85 0.087 199.75
9.65 14.76 0.088 199.823
9.66 14.59 0.091 200.105
9.67 14.48 0.092 200.126
9.68 14.37 0.094 200.322
9.69 14.32 0.094 200.279
9.7 14.16 0.097 200.536
9.71 14.11 0.098 200.663
9.72 14.04 0.099 200.746
9.73 14 0.101 201.055
9.74 13.94 0.101 200.988
9.75 13.9 0.102 201.127
9.76 13.87 0.103 201.285
9.77 13.83 0.102 201.096
9.78 13.81 0.101 200.946
9.79 13.8 0.101 200.982
9.8 13.79 0.1 200.852
9.81 13.76 0.1 200.846
9.82 13.77 0.1 200.924
9.83 13.77 0.1 200.981
9.84 13.78 0.101 201.225
9.85 13.75 0.101 201.219
9.86 13.75 0.101 201.275
9.87 13.74 0.101 201.311
9.88 13.74 0.101 201.368
9.89 13.73 0.101 201.403
9.9 13.72 0.101 201.439
9.91 13.75 0.102 201.724
9.92 13.78 0.102 201.844
9.93 13.82 0.102 201.985
9.94 13.9 0.102 202.209
9.95 14.02 0.102 202.516
9.96 14.15 0.101 202.676
9.97 14.2 0.101 202.836
9.98 14.29 0.101 203.077
9.99 14.36 0.1 203.108
10 14.4 0.101 203.414
10.01 14.42 0.101 203.512
10.02 14.45 0.102 203.796
10.03 14.44 0.102 203.832
10.04 14.4 0.103 203.973
10.05 14.4 0.104 204.193
10.06 14.38 0.104 204.209
10.07 14.39 0.105 204.448
10.08 14.36 0.106 204.605
10.09 14.38 0.106 204.702
10.1 14.37 0.107 204.898
10.11 14.37 0.108 205.113
10.12 14.41 0.109 205.409
10.13 14.42 0.109 205.486
10.14 14.47 0.11 205.801
10.15 14.47 0.11 205.858
10.16 14.5 0.11 205.975
10.17 14.61 0.11 206.256
10.18 14.72 0.11 206.535
10.19 14.83 0.11 206.813
10.2 14.94 0.111 207.246
10.21 15.04 0.112 207.657
10.22 15.15 0.111 207.776
10.23 15.36 0.11 208.088
10.24 15.52 0.11 208.456
10.25 15.74 0.109 208.777
10.26 15.96 0.107 208.929
10.27 16.19 0.107 209.416
10.28 16.32 0.107 209.714
10.29 16.44 0.107 209.993
10.3 16.55 0.106 210.087
10.31 15.73 0.101 207.774
10.32 16.4 0.102 209.254
10.33 16.38 0.101 209.102
10.34 16.31 0.102 209.201
10.35 16.28 0.102 209.202
10.36 16.26 0.101 209.049
10.37 16.19 0.101 208.976
10.38 16.09 0.102 209.016
10.39 15.99 0.103 209.054
10.4 15.87 0.106 209.383
10.41 15.79 0.107 209.45
10.42 15.65 0.107 209.238
10.43 15.5 0.107 209.003
10.44 15.3 0.108 208.83
10.45 15.13 0.109 208.71
10.46 14.97 0.109 208.446
10.47 14.74 0.11 208.195
10.48 14.61 0.11 207.985
10.49 14.48 0.11 207.772
10.5 14.32 0.11 207.495
10.51 14.15 0.109 207.036
10.52 13.94 0.108 206.487
10.53 13.69 0.107 205.845
10.54 13.28 0.105 204.678
10.55 13.01 0.104 203.965
10.56 12.79 0.104 203.518
10.57 12.6 0.102 202.805
10.58 12.43 0.101 202.296
10.59 12.31 0.099 201.731
10.6 12.24 0.098 201.448
10.61 12.17 0.095 200.815
10.62 12.15 0.093 200.464
10.63 12.13 0.091 200.107
10.64 12.13 0.09 199.975
10.65 12.15 0.088 199.701
10.66 12.17 0.086 199.419
10.67 12.18 0.085 199.301
10.68 12.21 0.083 199.028
10.69 12.27 0.082 199.02
10.7 12.31 0.08 198.756
10.71 12.34 0.08 198.878
10.72 12.36 0.08 198.976
10.73 12.36 0.079 198.819
10.74 12.35 0.079 198.847
10.75 12.35 0.079 198.899
10.76 12.39 0.08 199.251
10.77 12.42 0.08 199.372
10.78 12.63 0.083 200.519
10.79 12.7 0.084 200.93
10.8 12.92 0.087 202.069
10.81 13.3 0.096 204.635
10.82 13.63 0.103 206.618
10.83 14.18 0.114 209.614
10.84 14.53 0.117 210.861
10.85 14.69 0.119 211.546
10.86 15.27 0.121 213.078
10.87 15.69 0.121 213.967
10.88 16.32 0.12 215.09
10.89 16.7 0.119 215.709
10.9 17.08 0.117 216.159
10.91 17.43 0.115 216.536
10.92 17.76 0.113 216.86
10.93 18.14 0.11 217.091
10.94 18.3 0.109 217.256
10.95 18.39 0.109 217.465
10.96 18.39 0.108 217.353
10.97 18.33 0.109 217.473
10.98 18.19 0.11 217.453
10.99 18.08 0.11 217.318
11 17.98 0.112 217.525
11.01 17.87 0.113 217.549
11.02 17.68 0.115 217.586
11.03 17.45 0.119 217.85
11.04 17.26 0.12 217.713
11.05 17.07 0.121 217.571
11.06 16.93 0.123 217.665
11.07 16.76 0.124 217.55
11.08 16.62 0.125 217.487
11.09 16.53 0.126 217.516
11.1 16.53 0.125 217.426
11.11 16.56 0.123 217.246
11.12 16.64 0.122 217.303
11.13 16.71 0.12 217.19
11.14 16.81 0.117 216.974
11.15 16.86 0.116 216.965
11.16 16.92 0.115 216.974
11.17 16.97 0.113 216.804
11.18 16.96 0.112 216.679
11.19 16.99 0.11 216.463
11.2 16.97 0.109 216.316
11.21 16.94 0.109 216.314
11.22 16.86 0.108 216.055
11.23 16.83 0.107 215.886
11.24 16.7 0.107 215.698
11.25 16.62 0.108 215.769
11.26 16.52 0.109 215.801
11.27 16.39 0.11 215.772
11.28 16.32 0.111 215.855
11.29 16.21 0.111 215.698
11.3 16.1667 0.111 215.668
11.31 16.1233 0.112 215.799
11.32 16.08 0.11 215.445
11.33 16.18 0.109 215.526
11.34 16.36 0.109 215.923
11.35 16.79 0.11 216.949
11.36 17.17 0.111 217.867
11.37 17.62 0.112 218.897
11.38 18.1 0.112 219.799
11.39 18.55 0.112 220.632
11.4 19.01 0.111 221.3
11.41 19.17 0.11 221.455
11.42 19.25 0.109 221.473
11.43 19.21 0.109 221.461
11.44 19.08 0.112 221.798
11.45 18.82 0.117 222.22
11.46 18.63 0.12 222.418
11.47 18.46 0.125 222.934
11.48 18.35 0.129 223.381
11.49 18.29 0.131 223.616
11.5 18.31 0.133 223.987
11.51 18.55 0.135 224.741
11.52 18.79 0.138 225.624
11.53 19.09 0.141 226.599
11.54 19.41 0.143 227.463
11.55 19.66 0.143 227.937
11.56 19.92 0.142 228.291
11.57 20.04 0.141 228.409
11.58 20.14 0.139 228.356
11.59 20.19 0.138 228.355
11.6 20.22 0.137 228.32
11.61 20.22 0.137 228.375
11.62 20.01 0.136 227.948
11.63 19.7 0.137 227.629
11.64 19.38 0.14 227.557
11.65 19 0.142 227.231
11.66 18.59 0.143 226.705
11.67 18.2 0.145 226.329
11.68 17.71 0.147 225.752
11.69 17.51 0.147 225.437
11.7 17.29 0.148 225.207
11.71 17.1 0.148 224.902
11.72 16.94 0.147 224.525
11.73 16.74 0.147 224.194
11.74 16.5 0.146 223.654
11.75 16.39 0.145 223.364
11.76 16.34 0.145 223.319
11.77 16.27 0.142 222.846
11.78 16.18 0.14 222.457
11.79 16.1 0.138 222.085
11.8 15.89 0.135 221.313
11.81 15.66 0.133 220.627
11.82 15.43 0.131 219.931
11.83 15.17 0.13 219.306
11.84 14.86 0.13 218.706
11.85 14.53 0.13 218.051
11.86 14.02 0.13 216.983
11.87 13.71 0.13 216.336
11.88 13.47 0.129 215.698
11.89 13.26 0.129 215.261
11.9 13.16 0.129 215.077
11.91 13.13 0.129 215.056
11.92 13.23 0.128 215.202
11.93 13.28 0.127 215.229
11.94 13.45 0.125 215.389
11.95 13.51 0.124 215.433
11.96 13.66 0.121 215.387
11.97 13.66 0.119 215.139
11.98 13.7 0.118 215.128
11.99 13.78 0.116 215.052
12 13.88 0.114 215.015
12.01 14.03 0.112 215.081
12.02 14.18 0.11 215.138
12.03 14.27 0.11 215.384
12.04 14.55 0.109 215.873
12.05 14.75 0.109 216.348
12.06 14.85 0.109 216.608
12.07 14.99 0.109 216.951
12.08 15.17 0.109 217.374
12.09 15.44 0.109 217.977
12.1 16.09 0.109 219.326
12.11 16.58 0.109 220.326
12.12 17.03 0.109 221.228
12.13 17.37 0.109 221.91
12.14 17.62 0.11 222.587
12.15 17.84 0.111 223.204
12.16 17.99 0.112 223.691
12.17 18.24 0.114 224.518
12.18 18.36 0.116 225.107
12.19 18.42 0.118 225.584
12.2 18.46 0.12 226.022
12.21 18.44 0.122 226.349
12.22 18.4 0.125 226.788
12.23 18.32 0.129 227.292
12.24 18.22 0.133 227.743
12.25 18.16 0.138 228.386
12.26 18.11 0.141 228.757
12.27 18.11 0.143 229.077
12.28 18.13 0.145 229.43
12.29 18.17 0.146 229.686
12.3 18.1133 0.1453 229.543
12.31 18.0567 0.1447 229.412
12.32 18 0.144 229.268
12.33 17.99 0.144 229.301
12.34 17.98 0.143 229.201
12.35 17.99 0.143 229.271
12.36 18.08 0.142 229.354
12.37 18.09 0.141 229.289
12.38 18.05 0.14 229.131
12.39 17.98 0.139 228.918
12.4 17.89 0.139 228.804
12.41 17.79 0.139 228.671
12.42 17.69 0.139 228.536
12.43 17.57 0.139 228.364
12.44 17.38 0.139 228.057
12.45 17.2 0.139 227.766
12.46 16.99 0.138 227.278
12.47 16.74 0.139 226.98
12.48 16.48 0.139 226.52
12.49 16.28 0.138 226.036
12.5 16.05 0.137 225.487
12.51 15.98 0.136 225.258
12.52 15.9 0.135 225.007
12.53 15.83 0.135 224.914
12.54 15.7 0.134 224.558
12.55 15.57 0.134 224.339
12.56 15.4 0.132 223.754
12.57 15.31 0.131 223.474
12.58 15.24 0.129 223.09
12.59 15.18 0.128 222.868
12.6 15.1 0.126 222.456
12.61 15.1 0.124 222.209
12.62 15.09 0.122 221.936
12.63 15.08 0.122 221.964
12.64 15.09 0.121 221.882
12.65 15.11 0.121 221.973
12.66 15.13 0.121 222.064
12.67 15.16 0.12 222.023
12.68 15.22 0.119 222.044
12.69 15.25 0.118 221.999
12.7 15.28 0.117 221.954
12.71 15.27 0.116 221.823
12.72 15.19 0.116 221.703
12.73 15.09 0.117 221.699
12.74 14.83 0.118 221.35
12.75 14.45 0.121 221.034
12.76 13.92 0.129 221.07
12.77 13.86 0.132 221.404
12.78 13.8 0.13 221.032
12.79 13.66 0.13 220.756
12.8 13.52 0.132 220.757
12.81 13.36 0.133 220.565
12.82 13.36 0.133 220.613
12.83 13.39 0.133 220.732
12.84 13.52 0.132 220.949
12.85 13.72 0.13 221.183
12.86 13.87 0.131 221.719
12.87 14.02 0.132 222.251
12.88 14.06 0.134 222.669
12.89 14.13 0.135 223.014
12.9 14.18 0.132 222.759
12.91 14.22 0.129 222.471
12.92 14.25 0.127 222.298
12.93 14.24 0.125 222.029
12.94 14.21 0.124 221.861
12.95 14.2 0.124 221.887
12.96 14.2 0.123 221.785
12.97 14.19 0.123 221.81
12.98 14.2 0.124 222.029
12.99 14.18 0.124 222.032
13 14.18 0.125 222.228
13.01 14.17 0.125 222.253
13.02 14.17 0.124 222.152
13.03 14.17 0.123 222.049
13.04 14.17 0.122 221.946
13.05 14.17 0.122 221.993
13.06 14.13 0.121 221.798
13.07 14.05 0.12 221.511
13.08 14.01 0.121 221.62
13.09 13.98 0.121 221.599
13.1 13.98 0.122 221.798
13.11 14.03 0.122 221.959
13.12 14.22 0.124 222.738
13.13 14.48 0.124 223.367
13.14 14.67 0.125 223.984
13.15 14.75 0.126 224.355
13.16 15.03 0.126 225.011
13.17 15.19 0.125 225.253
13.18 15.34 0.125 225.619
13.19 15.51 0.125 226.025
13.2 15.62 0.126 226.453
13.21 15.74 0.126 226.751
13.22 15.89 0.127 227.258
13.23 16.04 0.127 227.613
13.24 16.25 0.128 228.237
13.25 16.56 0.13 229.202
13.26 17.14 0.133 230.827
13.27 17.59 0.135 232.027
13.28 18.02 0.137 233.169
13.29 18.42 0.139 234.239
13.3 18.6133 0.137 234.357
13.31 18.8067 0.135 234.468
13.32 19 0.133 234.571
13.33 19.65 0.132 235.612
13.34 19.79 0.132 235.902
13.35 19.95 0.132 236.225
13.36 20.03 0.132 236.41
13.37 20 0.133 236.557
13.38 19.95 0.135 236.814
13.39 19.85 0.137 236.982
13.4 19.74 0.14 237.269
13.41 19.72 0.142 237.564
13.42 19.71 0.144 237.872
13.43 19.71 0.145 238.058
13.44 19.7 0.146 238.227
13.45 19.61 0.148 238.388
13.46 19.41 0.152 238.615
13.47 19.21 0.152 238.308
13.48 18.96 0.154 238.167
13.49 18.69 0.156 237.98
13.5 18.42 0.158 237.783
13.51 18.22 0.161 237.83
13.52 18.18 0.162 237.926
13.53 18.25 0.162 238.107
13.54 18.37 0.161 238.258
13.55 18.5 0.16 238.425
13.56 18.58 0.16 238.622
13.57 18.65 0.16 238.801
13.58 18.62 0.158 238.544
13.59 18.57 0.157 238.375
13.6 18.37 0.155 237.798
13.61 18.18 0.155 237.491
13.62 17.94 0.154 236.958
13.63 17.63 0.154 236.412
13.64 17.32 0.154 235.857
13.65 17.01 0.153 235.165
13.66 16.7 0.153 234.591
13.67 16.13 0.153 233.468
13.68 15.72 0.154 232.777
13.69 15.32 0.155 232.087
13.7 14.93 0.155 231.274
13.71 14.58 0.153 230.283
13.72 14.23 0.151 229.274
13.73 13.89 0.15 228.397
13.74 13.28 0.148 226.717
13.75 12.77 0.147 225.361
13.76 12.1 0.146 223.537
13.77 11.18 0.144 220.797
13.78 10.24 0.143 217.94
13.79 9.15 0.144 214.604
13.8 8.53 0.143 212.366
13.81 7.87 0.14 209.59
13.82 6.82 0.136 204.859
13.83 6.19 0.133 201.685
13.84 5.57 0.13 198.306
13.85 4.78 0.13 194.025
13.86 4.16 0.13 190.221
13.87 3.69 0.128 186.761
13.88 3.31 0.125 183.536
13.89 2.74 0.122 178.283
13.9 2.46 0.12 175.331
13.91 2.37 0.116 173.936
13.92 2.32 0.112 172.932
13.93 2.33 0.109 172.683
13.94 2.4 0.109 173.455
13.95 2.46 0.11 174.24
13.96 2.77 0.112 177.545
13.97 3.16 0.114 181.247
13.98 3.89 0.111 186.377
13.99 5.01 0.106 192.592
14 6.27 0.097 197.491
14.01 7.56 0.087 201.096
14.02 9.14 0.076 204.397
14.03 9.85 0.073 205.96
14.04 10.45 0.071 207.283
14.05 10.88 0.069 208.036
14.06 11.2 0.067 208.437
14.07 11.48 0.066 208.959
14.08 11.73 0.065 209.384
14.09 11.91 0.064 209.614
14.1 12.14 0.065 210.505
14.11 12.39 0.065 211.166
14.12 12.62 0.064 211.494
14.13 12.86 0.065 212.384
14.14 13.4 0.064 213.413
14.15 13.7 0.067 214.954
14.16 14.18 0.075 218.102
14.17 14.33 0.076 218.717
14.18 14.78 0.082 221.129
14.19 15.02 0.085 222.35
14.2 15.13 0.087 223.059
14.21 15.44 0.09 224.387
