0.02 0.3553 0 0
0.03 0.4361 0.0013 17.0231
0.04 0.5815 0.0026 20.3616
0.05 0.6139 0.0052 23.1307
0.06 0.63 0.0104 25.8742
0.07 0.6381 0.015 27.8939
0.0800001 0.7593 0.0166 29.9343
0.0900001 0.7593 0.0166 30.9307
0.1 0.828 0.0165 32.2336
0.11 0.8643 0.0161 33.2363
0.12 0.8886 0.0159 34.1507
0.13 0.9047 0.0155 34.9355
0.14 0.9169 0.0155 35.7315
0.15 0.9451 0.0155 36.5827
0.16 0.9451 0.0155 37.245
0.17 1.03 0.0155 38.3501
0.18 1.0461 0.0155 39.0515
0.19 1.0825 0.0155 39.8387
0.2 1.135 0.0155 40.6873
0.21 1.1673 0.0155 41.41
0.22 1.1673 0.015 41.8347
0.23 1.2643 0.0149 42.8207
0.24 1.2966 0.0145 43.3897
0.25 1.3612 0.0142 44.1164
0.26 1.4097 0.0141 44.7991
0.27 1.5067 0.0138 45.6258
0.28 1.5067 0.0133 45.9482
0.29 1.5713 0.0131 46.6211
0.3 1.5996 0.0129 47.1234
0.31 1.6319 0.0126 47.5987
0.32 1.6562 0.0123 48.0266
0.33 1.7006 0.0122 48.5911
0.34 1.7329 0.0122 49.129
0.35 1.8056 0.0119 49.7173
0.36 1.846 0.0119 50.2681
0.37 1.8824 0.0105 50.2689
0.38 1.9188 0.0092 50.2275
0.39 1.9632 0.0092 50.7584
0.4 1.9996 0.0092 51.2523
0.41 1.9996 0.0093 51.6518
0.42 2.0682 0.0095 52.3448
0.43 2.1208 0.01 53.1053
0.44 2.1116 0.0105 53.6296
0.45 2.1283 0.0105 54.027
0.46 2.145 0.0111 54.6715
0.47 2.2056 0.0115 55.3833
0.48 2.2218 0.0119 55.926
0.49 2.2339 0.0121 56.3696
0.5 2.2177 0.0122 56.6665
0.51 2.2177 0.0125 57.0946
0.52 2.2178 0.0134 57.7371
0.53 2.2183 0.0135 58.0814
0.54 2.2218 0.0138 58.5042
0.55 2.2218 0.0139 58.8387
0.56 2.2096 0.0144 59.2613
0.57 2.1975 0.0147 59.6087
0.58 2.1894 0.0147 59.8657
0.59 2.1763 0.0148 60.1329
0.6 2.1742 0.0149 60.44
0.61 2.1737 0.0149 60.7163
0.62 2.1836 0.015 61.0653
0.63 2.1935 0.015 61.3775
0.640001 2.2137 0.015 61.7282
0.650001 2.246 0.015 62.1243
0.660001 2.2743 0.0151 62.5357
0.670001 2.2904 0.0151 62.8615
0.680001 2.3106 0.0151 63.2008
0.690001 2.3065 0.0151 63.4416
0.700001 2.3222 0.0151 63.7581
0.710001 2.3379 0.0153 64.1424
0.720001 2.3712 0.0155 64.5933
0.730001 2.4116 0.0156 65.0342
0.740001 2.553 0.0158 65.8882
0.75 2.6338 0.0161 66.536
0.760001 2.7348 0.0164 67.2475
0.770001 2.7348 0.0171 67.7275
0.780001 2.9651 0.0176 68.9319
0.790001 3.0823 0.0179 69.6616
0.800001 3.1752 0.0181 70.2701
0.810001 3.264 0.0182 70.8263
0.820001 3.361 0.0185 71.4658
0.830001 3.4499 0.019 72.137
0.840001 3.5994 0.0192 72.8845
0.850001 3.7044 0.0195 73.5229
0.860001 3.8054 0.0194 74.017
0.870001 3.8862 0.0193 74.4482
0.880001 3.9428 0.0189 74.7105
0.890001 4.0034 0.0187 75.0439
0.900001 4.072 0.0188 75.4952
0.910001 4.1326 0.0189 75.9223
0.920001 4.1811 0.0191 76.3482
0.930001 4.3387 0.02 77.2826
0.940001 4.4154 0.02 77.7086
0.950001 4.4841 0.0209 78.3975
0.960001 4.4821 0.0214 78.7758
0.970001 4.574 0.0219 79.3868
0.980001 4.6659 0.0223 79.9621
0.990001 4.7669 0.0225 80.4956
1 4.8275 0.0231 81.045
1.01 4.8275 0.0239 81.5001
1.02 4.9487 0.0241 82.0728
1.03 4.977 0.0241 82.3633
1.04 5.0255 0.025 82.9529
1.05 5.0618 0.0256 83.4246
1.06 5.0457 0.0259 83.6874
1.07 5.0739 0.0261 84.0273
1.08 5.0537 0.0264 84.2766
1.09 5.0618 0.0268 84.6181
1.1 5.0618 0.0268 84.8332
1.11 5.0174 0.0273 85.0698
1.12 5.0012 0.0277 85.3457
1.13 5.0053 0.0277 85.5669
1.14 4.9689 0.0279 85.738
1.15 4.9548 0.0281 85.9623
1.16 4.9406 0.0281 86.1338
1.17 4.9406 0.0284 86.416
1.18 4.8841 0.0284 86.4773
1.19 4.88 0.0284 86.6699
1.2 4.8638 0.0285 86.8556
1.21 4.8558 0.0285 87.0356
1.22 4.8538 0.0285 87.2298
1.23 4.854 0.0286 87.454
1.24 4.8543 0.0287 87.6773
1.25 4.8558 0.0286 87.8517
1.26 4.8558 0.0287 88.0721
1.27 4.8679 0.0287 88.2975
1.28 4.88 0.0287 88.5219
1.29 4.8639 0.0287 88.6714
1.3 4.8477 0.0287 88.8193
1.31 4.8598 0.0287 89.0406
1.32 4.8275 0.0288 89.1692
1.33 4.7629 0.0288 89.1833
1.34 4.7184 0.0289 89.2743
1.35 4.6942 0.0271 88.9157
1.36 4.6881 0.0252 88.5445
1.37 4.6961 0.0234 88.2013
1.38 4.7042 0.0225 88.1138
1.39 4.7233 0.0225 88.3424
1.4 4.7629 0.0237 89.009
1.41 4.8154 0.025 89.724
1.42 4.88 0.025 90.0731
1.43 4.8881 0.0252 90.3304
1.44 4.9285 0.0259 90.8197
1.45 4.9285 0.0266 91.1967
1.46 4.8836 0.0268 91.3077
1.47 4.8698 0.0267 91.4154
1.48 4.8866 0.0272 91.7749
1.49 4.9035 0.0282 92.2693
1.5 5.0053 0.0284 92.7695
1.51 5.0174 0.0284 92.9734
1.52 5.0578 0.0293 93.4941
1.53 5.078 0.0293 93.7185
1.54 5.0659 0.0295 93.9093
1.55 5.078 0.0298 94.19
1.56 5.0578 0.03 94.3569
1.57 5.0477 0.0301 94.5236
1.58 5.0468 0.0301 94.6882
1.59 5.0475 0.0302 94.8824
1.6 5.0482 0.0302 95.0499
1.61 5.0537 0.0303 95.2558
1.62 5.0659 0.0305 95.5053
1.63 5.1022 0.0305 95.7672
1.64 5.1103 0.0305 95.9521
1.65 5.1103 0.0309 96.2187
1.66 5.1749 0.031 96.5809
1.67 5.2072 0.0312 96.8808
1.68 5.2598 0.0312 97.1823
1.69 5.284 0.0315 97.4847
1.7 5.3406 0.0318 97.8718
1.71 5.381 0.0322 98.2401
1.72 5.4577 0.0326 98.7015
1.73 5.4981 0.033 99.0662
1.74 5.4981 0.033 99.2251
1.75 5.5143 0.0337 99.5992
1.76 5.4577 0.034 99.6825
1.77 5.3971 0.0343 99.7521
1.78 5.3406 0.0344 99.7813
1.79 5.2678 0.0345 99.7636
1.8 5.2476 0.0345 99.863
1.81 5.2476 0.0345 100.017
1.82 5.183 0.0342 99.9191
1.83 5.1709 0.0342 100.038
1.84 5.1224 0.0337 99.931
1.85 5.1224 0.0333 99.9823
1.86 5.0982 0.0333 100.064
1.87 5.0618 0.0331 100.06
1.88 5.0012 0.0329 99.9842
1.89 4.9851 0.0319 99.8285
1.9 4.9851 0.0297 99.3825
1.91 4.8962 0.029 99.0732
1.92 4.8558 0.0283 98.8976
1.93 4.8113 0.028 98.8217
1.94 4.7386 0.028 98.747
1.95 4.6942 0.028 98.7543
1.96 4.4094 0.028 98.0075
1.97 4.2811 0.0281 97.7588
1.98 4.1528 0.0284 97.5547
1.99 4.2175 0.0284 97.9091
2 4.1246 0.0297 98.0963
2.01 4.0599 0.0306 98.2527
2.02 3.9912 0.0313 98.3317
2.03 3.87 0.0324 98.3127
2.04 3.7246 0.0334 98.1536
2.05 3.559 0.0344 97.8855
2.06 3.559 0.0344 98.018
2.07 3.0378 0.0374 96.6071
2.08 2.7631 0.0397 95.9003
2.09 2.4682 0.0434 95.1832
2.1 2.1773 0.0442 93.7463
2.11 1.9147 0.0445 92.2008
2.12 1.6642 0.0445 90.4766
2.13 1.6642 0.0458 90.8124
2.14 1.3128 0.0458 87.8775
2.15 1.1108 0.0457 85.884
2.16 0.9169 0.0456 83.6366
2.17 0.8563 0.0453 82.878
2.18 0.8078 0.045 82.2447
2.19 0.8078 0.045 82.3494
2.2 0.7229 0.0428 80.8081
2.21 0.6583 0.0403 79.428
2.22 0.6058 0.0323 77.1481
2.23 0.5492 0.0287 75.416
2.24 0.5129 0.0265 74.2755
2.25 0.4927 0.0247 73.507
2.26 0.4927 0.0228 73.1092
2.27 0.4482 0.0212 71.7722
2.28 0.4442 0.0212 71.7672
2.29 0.4119 0.0164 69.5756
2.3 0.4078 0.0148 68.9681
2.31 0.4038 0.0131 68.257
2.32 0.3987 0.0126 67.9935
2.33 0.4048 0.0123 68.0872
2.34 0.4108 0.0124 68.3589
2.35 0.4244 0.0124 68.7618
2.36 0.4523 0.0121 69.3357
2.37 0.5209 0.0119 70.7451
2.38 0.6139 0.0117 72.4211
2.39 0.7431 0.0116 74.4743
2.4 0.8724 0.0138 77.4137
2.41 1.0381 0.0159 80.4106
2.42 1.4905 0.0149 84.3505
2.43 1.7127 0.016 86.6661
2.44 1.943 0.0163 88.4925
2.45 2.1248 0.0167 89.9228
2.46 2.2379 0.017 90.834
2.47 2.3349 0.017 91.4938
2.48 2.4318 0.017 92.1345
2.49 2.6177 0.0171 93.2668
2.5 2.7187 0.0171 93.8812
2.51 2.9045 0.0173 94.9762
2.52 3.0661 0.0177 96.0079
2.53 3.1752 0.0177 96.5988
2.54 3.3044 0.0196 98.0904
2.55 3.365 0.0197 98.4967
2.56 3.3731 0.0208 99.085
2.57 3.3974 0.0222 99.8346
2.58 3.458 0.0225 100.309
2.59 3.4782 0.0225 100.501
2.6 3.4782 0.0245 101.324
2.61 3.5549 0.0253 102.024
2.62 3.6034 0.0253 102.332
2.63 3.6276 0.0266 102.968
2.64 3.7569 0.0268 103.662
2.65 3.8256 0.0268 104.042
2.66 3.8256 0.0274 104.343
2.67 3.971 0.0279 105.173
2.68 4.0761 0.0283 105.804
2.69 4.0761 0.0293 106.22
2.7 4.2053 0.0297 106.929
2.71 4.2902 0.0297 107.348
2.72 4.3629 0.0298 107.748
2.73 4.4033 0.0305 108.21
2.74 4.4518 0.0308 108.58
2.75 4.5528 0.0308 109.042
2.76 4.7184 0.0326 110.234
2.77 4.8315 0.033 110.835
2.78 4.9487 0.0332 111.385
2.79 5.0335 0.0335 111.853
2.8 5.0982 0.034 112.309
2.81 5.2113 0.035 113.049
2.82 5.2113 0.0352 113.214
2.83 5.3648 0.0354 113.854
2.84 5.5102 0.0354 114.405
2.85 5.6395 0.0361 115.087
2.86 5.7446 0.0362 115.533
2.87 5.89 0.0364 116.115
2.88 6.193 0.0341 116.436
2.89 6.3829 0.0319 116.409
2.9 6.5606 0.0297 116.289
2.91 6.5606 0.0288 116.102
2.92 6.8757 0.0294 117.202
2.93 7.0535 0.03 117.943
2.94 7.1828 0.0306 118.56
2.95 7.3807 0.0306 119.137
2.96 7.5302 0.0326 120.226
2.97 7.6514 0.0334 120.859
2.98 7.6514 0.0341 121.181
2.99 7.6069 0.0351 121.484
3 7.6336 0.036 121.914
3.01 7.6602 0.0372 122.422
3.02 7.7196 0.0372 122.671
3.03 7.8413 0.0389 123.519
3.04 7.9019 0.0395 123.927
3.05 7.91 0.0402 124.24
3.06 7.9544 0.0402 124.454
3.07 7.9625 0.0402 124.585
3.08 7.9948 0.0402 124.77
3.09 7.9948 0.0404 124.934
3.1 8.019 0.0406 125.152
3.11 8.0917 0.0406 125.427
3.12 8.1362 0.0414 125.843
3.13 8.2937 0.0419 126.429
3.14 8.3422 0.0427 126.847
3.15 8.4473 0.0437 127.434
3.16 8.5523 0.044 127.846
3.17 8.5685 0.0442 128.041
3.18 8.5685 0.0443 128.177
3.19 8.4513 0.0444 128.059
3.2 8.4836 0.0444 128.241
3.21 8.4453 0.0447 128.341
3.22 8.4069 0.0449 128.415
3.23 8.3543 0.0449 128.41
3.24 8.2897 0.0451 128.424
3.25 8.2897 0.0451 128.534
3.26 8.2574 0.0451 128.572
3.27 8.2574 0.0451 128.681
3.28 8.1443 0.0452 128.559
3.29 8.1039 0.0452 128.575
3.3 7.9867 0.0452 128.414
3.31 8.0069 0.0451 128.545
3.32 7.9221 0.045 128.432
3.33 7.6716 0.0448 127.899
3.34 7.5383 0.0448 127.683
3.35 7.2959 0.0449 127.213
3.36 7.2959 0.045 127.342
3.37 6.9363 0.0456 126.662
3.38 6.698 0.0477 126.603
3.39 6.6859 0.0466 126.429
3.4 6.702 0.0455 126.325
3.41 6.7182 0.0438 126.072
3.42 6.7505 0.043 126.068
3.43 6.8273 0.043 126.376
3.44 6.9808 0.0441 127.151
3.45 7.1464 0.0453 127.97
3.46 7.207 0.0458 128.346
3.47 7.2555 0.0458 128.573
3.48 7.2757 0.0477 129.163
3.49 7.207 0.0506 129.725
3.5 7.0871 0.0528 129.975
3.51 7.0304 0.0566 130.681
3.52 7.0096 0.0661 132.427
3.53 6.9992 0.0661 132.503
3.54 7.2324 0.0702 133.904
3.55 7.4656 0.0716 134.844
3.56 7.6433 0.0716 135.407
3.57 7.7847 0.0741 136.26
3.58 7.8736 0.0747 136.681
3.59 8.1847 0.0746 137.537
3.6 8.1847 0.0745 137.628
3.61 8.217 0.0741 137.75
3.62 8.1968 0.0741 137.807
3.63 8.2261 0.0649 136.47
3.64 8.2554 0.0602 135.793
3.65 8.318 0.0602 136.044
3.66 8.6977 0.0431 133.269
3.67 8.9522 0.0344 131.436
3.68 9.13 0.0247 128.323
3.69 9.13 0.0249 128.506
3.7 9.13 0.0251 128.688
3.71 9.13 0.0256 128.996
3.72 9.13 0.028 130.059
3.73 8.9199 0.0298 130.395
3.74 8.6371 0.0311 130.35
3.75 8.5625 0.0328 130.862
3.76 8.5354 0.037 132.218
3.77 8.5605 0.0408 133.453
3.78 8.5857 0.042 133.93
3.79 8.7422 0.0421 134.404
3.8 8.924 0.0421 134.902
3.81 8.9199 0.0435 135.36
3.82 8.7947 0.0464 135.911
3.83 8.6452 0.0484 136.151
3.84 8.0513 0.0485 134.884
3.85 7.9426 0.0485 134.718
3.86 7.8906 0.0484 134.664
3.87 7.87 0.046 134.142
3.88 7.9485 0.0435 133.806
3.89 8.0271 0.0435 134.092
3.9 8.2331 0.0435 134.678
3.91 8.3786 0.0418 134.667
3.92 8.6856 0.037 134.095
3.93 8.9199 0.0321 133.123
3.94 8.7664 0.0286 131.614
3.95 8.6897 0.0273 131.032
3.96 8.6897 0.0274 131.164
3.97 8.3867 0.0276 130.666
3.98 8.2533 0.028 130.612
3.99 8.0513 0.029 130.618
4 7.8009 0.0305 130.663
4.01 7.7888 0.0316 131.111
4.02 7.7334 0.0323 131.306
4.03 7.7651 0.0331 131.742
4.04 7.7968 0.0331 131.91
4.05 7.8615 0.0351 132.804
4.06 7.8292 0.0357 133.004
4.07 7.6918 0.0377 133.36
4.08 7.5948 0.039 133.583
4.09 7.4534 0.04 133.594
4.1 7.3848 0.0404 133.618
4.11 7.3512 0.0401 133.537
4.12 7.3352 0.0398 133.502
4.13 7.3368 0.0391 133.399
4.14 7.3383 0.0391 133.493
4.15 7.3848 0.0392 133.733
4.16 7.4696 0.0394 134.099
4.17 7.5585 0.0398 134.53
4.18 8.0433 0.0399 135.859
4.19 8.3786 0.0393 136.579
4.2 8.3786 0.0387 136.495
4.21 8.5725 0.0356 136.087
4.22 8.6897 0.0327 135.482
4.23 8.8311 0.0298 134.841
4.24 8.9118 0.029 134.801
4.25 8.8432 0.0269 133.899
4.26 8.9482 0.0266 134.089
4.27 8.9482 0.0262 134.008
4.28 9.2714 0.0263 134.824
4.29 9.1987 0.0264 134.802
4.3 9.3805 0.0268 135.439
4.31 9.2835 0.031 136.973
4.32 9.0936 0.0344 137.842
4.33 8.8876 0.0371 138.343
4.34 8.8149 0.0401 139.166
4.35 8.6493 0.0426 139.576
4.36 8.6493 0.0426 139.665
4.37 8.3099 0.0462 139.892
4.38 8.2412 0.0474 140.112
4.39 8.1483 0.0479 140.094
4.4 7.9584 0.0484 139.829
4.41 7.8857 0.0486 139.78
4.42 7.8615 0.0487 139.83
4.43 7.8615 0.0457 139.18
4.44 7.5706 0.0426 137.706
4.45 7.4494 0.041 137.035
4.46 7.102 0.0416 136.345
4.47 6.9161 0.0422 136.072
4.48 6.803 0.0481 137.321
4.49 6.6576 0.0485 137.074
4.5 6.4677 0.0485 136.588
4.51 6.4649 0.0485 136.664
4.52 6.4799 0.0485 136.794
4.53 6.4949 0.0484 136.9
4.54 6.599 0.0484 137.298
4.55 6.904 0.0487 138.35
4.56 7.3807 0.049 139.843
4.57 7.3807 0.0485 139.809
4.58 8.0029 0.048 141.412
4.59 8.2089 0.0468 141.717
4.6 8.5442 0.0444 142
4.61 9.0048 0.0419 142.475
4.62 9.4088 0.0361 141.697
4.63 9.8006 0.0347 142.149
4.64 10.495 0.0347 143.644
4.65 10.883 0.0347 144.483
4.66 10.883 0.0349 144.639
4.67 11.372 0.0352 145.747
4.68 11.36 0.0358 146.017
4.69 11.378 0.0393 147.276
4.7 11.396 0.0434 148.618
4.71 11.76 0.0439 149.523
4.72 12.128 0.0442 150.362
4.73 12.604 0.0444 151.344
4.74 12.972 0.0444 152.062
4.75 12.972 0.0445 152.179
4.76 13.554 0.0447 153.291
4.77 14.022 0.0447 154.132
4.78 14.459 0.0516 156.766
4.79 14.475 0.0548 157.669
4.8 14.826 0.0584 159.146
4.81 15.234 0.0584 159.862
4.82 15.473 0.0592 160.495
4.83 15.707 0.0615 161.446
4.84 15.707 0.0653 162.347
4.85 15.953 0.0688 163.512
4.86 15.897 0.0726 164.256
4.87 16.022 0.0756 165.091
4.88 16.087 0.0771 165.552
4.89 16.204 0.081 166.501
4.9 16.277 0.0827 166.992
4.91 16.584 0.0827 167.537
4.92 16.705 0.0856 168.289
4.93 16.943 0.0864 168.858
4.94 17.032 0.0815 168.261
4.95 17.101 0.0765 167.569
4.96 17.113 0.0719 166.817
4.97 17.02 0.0702 166.448
4.98 17.0154 0.0708 166.652
4.99 17.0257 0.0713 166.858
5 17.036 0.0723 167.159
5.01 17.121 0.0732 167.544
5.02 17.307 0.0728 167.821
5.03 17.234 0.0741 168.059
5.04 17.408 0.0747 168.508
5.05 16.6705 0.0752 167.647
5.06 16.5577 0.0752 167.575
5.07 16.5826 0.0763 167.906
5.08 16.6075 0.0771 168.18
5.09 16.709 0.0773 168.456
5.1 16.709 0.0774 168.566
5.11 16.503 0.0772 168.321
5.12 16.333 0.077 168.125
5.13 16.333 0.077 168.216
5.14 16.188 0.0768 168.055
5.15 16.269 0.0767 168.249
5.16 15.998 0.0765 167.896
5.17 15.925 0.0762 167.821
5.18 15.9239 0.0758 167.836
5.19 15.9244 0.0754 167.853
5.2 15.925 0.0753 167.925
5.21 15.925 0.0752 167.996
5.22 15.925 0.075 168.049
5.23 15.562 0.0747 167.525
5.24 15.384 0.0747 167.336
5.25 15.2265 0.0734 166.933
5.26 15.1618 0.0728 166.805
5.27 15.1594 0.0721 166.755
5.28 15.1587 0.0713 166.687
5.29 15.158 0.0713 166.774
5.3 15.202 0.0712 166.912
5.31 15.097 0.0712 166.833
5.32 15.0918 0.0712 166.912
5.33 15.121 0.0713 167.065
5.34 15.1502 0.0713 167.198
5.35 15.21 0.072 167.516
5.36 15.21 0.0727 167.738
5.37 15.364 0.0726 168.05
5.38 15.263 0.074 168.244
5.39 15.263 0.0744 168.406
5.4 15.2085 0.0747 168.463
5.41 15.154 0.0747 168.462
5.42 15.117 0.0762 168.769
5.43 15.0405 0.0762 168.732
5.44 14.964 0.0762 168.694
5.45 14.964 0.076 168.743
5.46 14.782 0.0757 168.477
5.47 14.7754 0.0757 168.552
5.48 14.7688 0.0756 168.608
5.49 14.814 0.0713 167.947
5.5 14.7515 0.0704 167.753
5.51 14.7507 0.0702 167.796
5.52 14.75 0.0701 167.86
5.53 14.737 0.0701 167.923
5.54 14.616 0.0702 167.828
5.55 14.649 0.0703 167.987
5.56 14.317 0.0707 167.596
5.57 13.5435 0.0736 166.901
5.58 13.1912 0.0742 166.464
5.59 13.0311 0.0742 166.254
5.6 12.9671 0.0743 166.238
5.61 12.903 0.0741 166.164
5.62 13 0.0739 166.389
5.63 12.818 0.0739 166.133
5.64 12.499 0.0721 165.274
5.65 12.386 0.0721 165.139
5.66 12.261 0.0716 164.884
5.67 12.261 0.0702 164.694
5.68 12.2733 0.0693 164.621
5.69 12.2856 0.069 164.666
5.7 12.3116 0.069 164.797
5.71 12.447 0.0689 165.117
5.72 12.568 0.0689 165.428
5.73 12.649 0.0685 165.581
5.74 12.665 0.068 165.59
5.75 12.685 0.068 165.708
5.76 12.705 0.0674 165.704
5.77 12.818 0.0672 165.954
5.78 13.138 0.0671 166.604
5.79 13.138 0.0672 166.705
5.8 13.752 0.0673 167.906
5.81 13.917 0.0683 168.482
5.82 13.917 0.0695 168.807
5.83 14.216 0.0708 169.667
5.84 14.325 0.0708 169.934
5.85 14.467 0.0708 170.257
5.86 14.297 0.0716 170.207
5.87 14.2548 0.0716 170.215
5.88 14.2519 0.0719 170.35
5.89 14.249 0.072 170.445
5.9 14.232 0.072 170.496
5.91 14.232 0.072 170.577
5.92 14.1555 0.0717 170.465
5.93 14.1172 0.0716 170.459
5.94 14.1466 0.0708 170.43
5.95 14.176 0.0695 170.298
5.96 14.097 0.0693 170.2
5.97 14.0595 0.0692 170.194
5.98 14.022 0.0679 169.939
5.99 14.034 0.0679 170.039
6 14.01 0.0668 169.845
6.01 14.0049 0.0669 169.936
6.02 14.0223 0.0626 169.107
6.03 14.0398 0.0573 167.975
6.04 14.139 0.0571 168.174
6.05 14.095 0.057 168.151
6.06 14.291 0.057 168.563
6.07 14.487 0.057 168.972
6.08 14.624 0.0571 169.303
6.09 14.1735 0.058 168.838
6.1 14.1284 0.0603 169.385
6.11 14.0834 0.0603 169.384
6.12 14.099 0.0631 170.13
6.13 13.982 0.0642 170.248
6.14 13.772 0.0642 169.954
6.15 13.715 0.0658 170.278
6.16 13.509 0.0671 170.261
6.17 13.416 0.0672 170.189
6.18 13.416 0.0672 170.266
6.19 13.332 0.0672 170.188
6.2 13.275 0.0669 170.096
6.21 13.275 0.0667 170.13
6.22 13.089 0.0665 169.818
6.23 12.968 0.0665 169.667
6.24 12.867 0.0656 169.36
6.25 12.58 0.0645 168.648
6.26 12.455 0.0645 168.481
6.27 12.273 0.0645 168.199
6.28 12.273 0.0645 168.273
6.29 12.148 0.0648 168.165
6.3 12.148 0.0648 168.239
6.31 12.14 0.0648 168.297
6.32 12.192 0.0648 168.475
6.33 12.132 0.0649 168.451
6.3401 12.103 0.0649 168.467
6.3501 12.023 0.0651 168.423
6.3601 11.998 0.0653 168.49
6.3701 11.966 0.0655 168.541
6.3801 11.9628 0.0655 168.608
6.3901 11.9758 0.0654 168.687
6.4001 11.9887 0.0653 168.765
6.4101 12.015 0.0644 168.696
6.4201 12.782 0.0637 170.125
6.4301 13.332 0.0629 171.055
6.4401 13.752 0.0629 171.895
6.4501 14.103 0.063 172.617
6.4601 14.224 0.0632 172.949
6.4701 14.317 0.0649 173.569
6.4801 14.418 0.0654 173.931
6.4901 14.564 0.064 173.944
6.5001 14.859 0.0627 174.224
6.5101 14.814 0.0614 173.919
6.5201 14.863 0.0612 174.029
6.5301 14.863 0.0615 174.174
6.5401 15.129 0.0618 174.764
6.5501 14.996 0.0618 174.617
6.5601 15.0405 0.0617 174.742
6.5701 15.085 0.0615 174.843
6.5801 15.311 0.0613 175.244
6.5901 15.222 0.0613 175.171
6.6001 15.0832 0.0594 174.556
6.6101 15.1216 0.0591 174.62
6.6201 15.1599 0.059 174.732
6.6301 15.267 0.059 174.983
6.6401 15.634 0.059 175.656
6.6501 15.731 0.0601 176.157
6.6601 15.59 0.0612 176.268
6.6701 15.5877 0.0615 176.409
6.6801 15.5867 0.0634 176.929
6.6901 15.6064 0.0644 177.265
6.7001 15.626 0.0665 177.845
6.7101 15.61 0.0708 178.822
6.7201 15.61 0.0719 179.126
6.7301 15.5495 0.0733 179.387
6.7401 15.489 0.0733 179.361
6.7501 15.5083 0.0751 179.829
6.7601 15.5277 0.076 180.114
6.7701 15.5805 0.076 180.276
6.7801 15.691 0.0763 180.593
6.7901 15.751 0.0768 180.865
6.8001 15.844 0.077 181.131
6.8101 15.844 0.0775 181.303
6.8201 15.747 0.078 181.314
6.8301 15.715 0.0788 181.488
6.8401 15.7116 0.0789 181.576
6.8501 15.7133 0.079 181.671
6.8601 15.715 0.0791 181.767
6.8701 15.824 0.0792 182.041
6.8801 15.852 0.0794 182.199
6.8901 16.062 0.0794 182.618
6.9001 16.184 0.0801 183.025
6.9101 16.168 0.081 183.243
6.9201 16.111 0.0828 183.559
6.9301 15.941 0.0835 183.481
6.9401 15.84 0.0838 183.441
6.9501 15.65 0.0838 183.196
6.9601 15.65 0.0839 183.287
6.9701 15.44 0.0839 183.004
6.9801 15.364 0.084 182.965
6.9901 15.372 0.0839 183.033
7.0001 15.291 0.0839 182.967
7.0101 15.073 0.0838 182.643
7.0201 15.023 0.0833 182.537
7.0301 15.0269 0.0831 182.58
7.0401 15.0308 0.0831 182.659
7.0501 15.057 0.0742 181.062
7.0601 15.02 0.0731 180.845
7.0701 14.923 0.0723 180.582
7.0801 14.8555 0.071 180.262
7.0901 14.788 0.071 180.215
7.1001 14.81 0.07 180.112
7.1101 14.77 0.07 180.112
7.1201 14.5444 0.07 179.783
7.1301 14.505 0.07 179.783
7.1401 14.498 0.0699 179.819
7.1501 14.491 0.0698 179.855
7.1601 14.491 0.0689 179.731
7.1701 14.245 0.0676 179.074
7.1801 14.2 0.0666 178.84
7.1901 14.115 0.0661 178.643
7.2001 14.03 0.0658 178.489
7.2101 14.103 0.0658 178.691
7.2201 13.893 0.062 177.494
7.2301 13.534 0.0604 176.509
7.2401 13.364 0.0604 176.256
7.2501 13.3544 0.0594 176.061
7.2601 13.3532 0.0579 175.751
7.2701 13.352 0.0571 175.613
7.2801 13.352 0.0567 175.577
7.2901 13.2794 0.0566 175.481
7.3001 13.2768 0.0567 175.569
7.3101 13.2742 0.0568 175.656
7.3201 13.295 0.0573 175.891
7.3301 13.247 0.0586 176.195
7.3401 13.1275 0.0586 176.031
7.3501 13.0942 0.0616 176.766
7.3601 13.061 0.0631 177.123
7.3701 13.02 0.0633 177.156
7.3801 13.0172 0.0632 177.194
7.3901 13.0186 0.0632 177.264
7.4001 13.02 0.0626 177.192
7.4101 13.02 0.0611 176.902
7.4201 13.263 0.06 177.172
7.4301 13.364 0.0595 177.308
7.4401 13.364 0.0599 177.473
7.4501 13.594 0.0602 178.051
7.4601 13.424 0.061 177.99
7.4701 13.671 0.0626 178.909
7.4801 13.562 0.0637 179.029
7.4901 13.517 0.0637 179.01
7.5001 13.635 0.0666 179.966
7.5101 13.5646 0.0689 180.407
7.5201 13.534 0.0691 180.459
7.5301 13.5034 0.0692 180.488
7.5401 13.529 0.0689 180.539
7.5501 13.495 0.0686 180.474
7.5601 13.461 0.0666 180.032
7.5701 13.529 0.0658 180.047
7.5801 13.453 0.0633 179.388
7.5901 13.287 0.0632 179.11
7.6001 13.247 0.0631 179.074
7.6101 13.307 0.0629 179.209
7.6201 12.9215 0.0627 178.47
7.6301 12.9218 0.0627 178.535
7.6401 12.9221 0.0627 178.601
7.6501 12.928 0.0627 178.678
7.6601 13.037 0.0623 178.864
7.6701 12.972 0.0619 178.704
7.6801 13.057 0.0615 178.84
7.6901 13.057 0.0613 178.857
7.7001 13.142 0.061 179.015
7.7101 13.214 0.061 179.221
7.7201 13.315 0.061 179.482
7.7301 13.332 0.0611 179.604
7.7401 13.3075 0.0613 179.67
7.7501 13.3267 0.0617 179.869
7.7601 13.3459 0.0624 180.14
7.7701 13.3906 0.0625 180.315
7.7801 13.481 0.0626 180.579
7.7901 13.594 0.0628 180.909
7.8001 13.731 0.0639 181.497
7.8101 13.731 0.0653 181.889
7.8201 13.857 0.0658 182.309
7.8301 13.764 0.0668 182.426
7.8401 13.7932 0.0675 182.704
7.8501 13.8225 0.0678 182.893
7.8601 13.885 0.069 183.344
7.8701 13.938 0.0692 183.553
7.8801 14.034 0.0692 183.8
7.8901 13.974 0.0693 183.773
7.9001 13.9632 0.0694 183.839
7.9101 13.9728 0.0694 183.922
7.9201 13.9825 0.0697 184.071
7.9301 14.006 0.0702 184.29
7.9401 14.071 0.0707 184.586
7.9501 14.071 0.071 184.716
7.9601 13.881 0.0711 184.441
7.9701 13.679 0.0712 184.138
7.9801 13.711 0.0713 184.285
7.9901 13.667 0.0713 184.264
8.0001 13.663 0.0713 184.321
8.0101 13.469 0.0713 184.005
8.0201 13.3212 0.0711 183.734
8.0301 13.2491 0.0708 183.59
8.0401 13.2457 0.0665 182.691
8.0501 13.2544 0.0622 181.758
8.0601 13.263 0.0609 181.519
8.0701 13.263 0.0595 181.23
8.0801 13.182 0.0595 181.133
8.0901 13.093 0.0588 180.84
8.1001 13.093 0.0588 180.902
8.1101 13.07 0.0589 180.944
8.1201 13.0696 0.059 181.031
8.1301 13.1038 0.0596 181.314
8.1401 13.138 0.0602 181.595
8.1501 13.138 0.0606 181.757
8.1601 13.146 0.0612 181.984
8.1701 13.198 0.0612 182.149
8.1801 13.1596 0.0614 182.184
8.1901 13.1406 0.0621 182.38
8.2001 13.1511 0.0621 182.463
8.2101 13.1616 0.063 182.765
8.2201 13.186 0.0635 182.996
8.2301 13.384 0.0647 183.737
8.2401 13.384 0.0666 184.242
8.2501 13.78 0.0678 185.355
8.2601 14.039 0.0679 185.938
8.2701 14.039 0.0688 186.204
8.2801 14.451 0.0699 187.291
8.2901 14.762 0.0732 188.652
8.3001 14.98 0.0747 189.434
8.3101 15.198 0.0776 190.494
8.3201 15.17 0.0776 190.507
8.3301 15.089 0.0816 191.222
8.3401 15.071 0.0825001 191.428
8.3501 15.053 0.083 191.555
8.3601 15.04 0.0831 191.614
8.3701 14.9952 0.0831 191.595
8.3801 15.009 0.083 191.665
8.3901 15.0227 0.0831 191.773
8.4001 15.061 0.0831 191.907
8.4101 15.0527 0.0832 191.974
8.4201 15.0689 0.0832 192.068
8.4301 15.085 0.0832 192.161
8.4401 15.166 0.0833 192.391
8.4501 15.222 0.0836 192.614
8.4601 15.174 0.084 192.667
8.4701 15.1375 0.0844 192.739
8.4801 15.1392 0.0844 192.806
8.4901 15.141 0.0845 192.891
8.5001 15.1477 0.0848 193.023
8.5101 15.1543 0.0848 193.099
8.5201 15.1767 0.0847 193.184
8.5301 15.299 0.0845 193.432
8.5401 15.323 0.0842 193.482
8.5501 15.323 0.0795 192.622
8.5601 15.2545 0.077 192.049
8.5701 15.186 0.0757 191.715
8.5801 15.287 0.0755 191.918
8.5901 15.089 0.0755 191.62
8.6001 14.822 0.0755 191.19
8.6101 14.871 0.0755 191.343
8.6201 14.402 0.0759 190.607
8.6301 14.3749 0.0759 190.617
8.6401 14.3776 0.0759 190.683
8.6501 14.3803 0.0759 190.75
8.6601 14.386 0.0758 190.801
8.6701 14.388 0.0752 190.74
8.6801 14.39 0.074 190.55
8.6901 14.459 0.0726 190.439
8.7001 14.543 0.0718 190.483
8.7101 14.543 0.0707 190.3
8.7201 14.487 0.069 189.87
8.7301 14.486 0.0679 189.675
8.7401 14.4903 0.0669 189.509
8.7501 14.4946 0.0666 189.507
8.7601 14.576 0.0666 189.72
8.7701 14.822 0.0667 190.262
8.7801 14.935 0.0671 190.625
8.7901 14.814 0.0682 190.72
8.8001 14.649 0.0705 190.999
8.8101 14.64 0.0714 191.244
8.8201 14.6 0.0714 191.229
8.8301 14.362 0.0722 191.014
8.8401 14.271 0.0732 191.118
8.8501 14.18 0.0753 191.452
8.8601 14.18 0.0766 191.785
8.8701 14.079 0.0788 192.1
8.8801 14.0435 0.0789 192.111
8.8901 14.0297 0.0793 192.224
8.9001 14.016 0.0796 192.318
8.9101 14.055 0.0796 192.455
8.9201 14.0125 0.0808 192.671
8.9301 13.97 0.0827 193.019
8.9401 14.034 0.0827 193.206
8.9501 13.861 0.0834 193.057
8.9601 13.851 0.0836 193.135
8.9701 13.841 0.0849 193.423
8.9801 13.841 0.0849 193.483
8.9901 13.7095 0.0853 193.353
9.0001 13.578 0.0853 193.144
9.0101 13.578 0.0853 193.204
9.0201 13.5848 0.0852 193.259
9.0301 13.5915 0.0847 193.237
9.0401 13.6054 0.0846 193.306
9.0501 13.667 0.0828 193.145
9.0601 13.828 0.0809 193.157
9.0701 13.74 0.0802 192.9
9.0801 13.845 0.0802 193.17
9.0901 13.974 0.0784 193.123
9.1001 13.938 0.078 193.028
9.1101 14.03 0.0779 193.249
9.1201 13.9964 0.0778 193.221
9.1301 14.0114 0.0779 193.33
9.1401 14.0264 0.0781 193.46
9.1501 14.1994 0.0788 194.005
9.1601 14.568 0.0799 195.006
9.1701 14.758 0.0807 195.591
9.1801 14.758 0.0818 195.871
9.1901 14.794 0.0826 196.158
9.2001 14.838 0.0828 196.341
9.2101 14.915 0.0828 196.546
9.2201 15.061 0.0846 197.234
9.2301 14.943 0.0866 197.454
9.2401 14.945 0.0866 197.517
9.2501 14.947 0.0885 197.937
9.2601 14.883 0.0899 198.133
9.2701 14.649 0.09 197.759
9.2801 14.649 0.09 197.818
9.2901 14.523 0.09 197.632
9.3001 14.245 0.09 197.141
9.3101 14.245 0.0898 197.164
9.3201 14.156 0.0897 197.026
9.3301 13.921 0.0897 196.611
9.3401 13.752 0.0895 196.287
9.3501 13.647 0.0892 196.074
9.3601 13.327 0.0892 195.463
9.3701 13.239 0.0875 195.023
9.3801 13.222 0.0874 195.026
9.3901 12.911 0.0874 194.416
9.4001 12.9025 0.0857 194.138
9.4101 12.9018 0.0854 194.137
9.4201 12.9016 0.0847 194.061
9.4301 12.9023 0.0839 193.966
9.4401 12.903 0.0836 193.967
9.4501 12.907 0.0833 193.975
9.4601 12.907 0.0829 193.954
9.4701 12.9355 0.0828 194.053
9.4801 12.964 0.0827 194.152
9.4901 13.384 0.0828 195.123
9.5001 13.558 0.0828 195.543
9.5101 13.832 0.0828 196.165
9.5201 14.325 0.0787 196.383
9.5301 14.487 0.0745 195.862
9.5401 14.733 0.0705 195.496
9.5501 14.673 0.0715 195.667
9.5601 14.846 0.0724 196.258
9.5701 14.758 0.076 196.941
9.5801 14.758 0.0798 197.8
9.5901 14.774 0.0804 198.011
9.6001 14.568 0.081 197.791
9.6101 14.568 0.081 197.848
9.6201 14.37 0.0813 197.576
9.6301 13.75 0.0816 196.442
9.6401 13.7563 0.0818 196.552
9.6501 13.7625 0.0818 196.622
9.6601 13.7954 0.0818 196.746
9.6701 14.006 0.0817 197.212
9.6801 14.006 0.0815 197.229
9.6901 14.188 0.0815 197.652
9.7001 14.24 0.0815 197.813
9.7101 14.309 0.0815 198.008
9.7201 14.467 0.0815 198.378
9.7301 14.75 0.0815 198.989
9.7401 14.826 0.0833 199.555
9.7501 14.984 0.0841 200.076
9.7601 15.303 0.0841 200.741
9.7701 15.279 0.0866 201.243
9.7801 15.347 0.0879 201.679
9.7901 15.109 0.0901 201.697
9.8001 15.109 0.0912 201.958
9.8101 14.947 0.0921 201.867
9.8201 14.636 0.0928 201.441
9.8301 14.636 0.093 201.534
9.8401 14.422 0.093 201.163
9.8501 14.034 0.0929 200.414
9.8601 13.917 0.0929 200.229
9.8701 13.816 0.0922 199.949
9.8801 13.441 0.0922 199.215
9.8901 13.19 0.0891 198.166
9.9001 13.045 0.0881 197.72
9.9101 12.867 0.087 197.179
9.9201 12.56 0.0853 196.227
9.9301 12.071 0.0841 194.933
9.9401 11.934 0.0831 194.474
9.9501 11.934 0.0822 194.352
9.9601 11.792 0.0802 193.674
9.9701 11.651 0.0795 193.252
9.9801 11.465 0.0774 192.429
9.9901 11.356 0.0749 191.694
10 11.182 0.0749 191.321
10.01 11.093 0.0721 190.549
10.02 10.924 0.071 189.938
10.03 10.722 0.07 189.257
10.04 10.455 0.069 188.397
10.05 9.8006 0.0677 186.408
10.06 9.5502 0.0665 185.49
10.07 9.5502 0.065 185.189
10.08 9.0573 0.0637 183.524
10.09 8.8311 0.0574 181.329
10.1 8.6654 0.0563 180.594
10.11 8.5402 0.0563 180.265
10.12 8.4109 0.0562 179.893
10.13 8.318 0.0554 179.44
10.14 8.2372 0.0546 179.021
10.15 8.1968 0.0528 178.445
10.16 8.2163 0.0514 178.156
10.17 8.2358 0.0498 177.797
10.18 8.2826 0.0494 177.871
10.19 8.5442 0.0494 178.718
10.2 8.8472 0.0495 179.697
10.21 8.8472 0.0496 179.776
10.22 9.2472 0.0506 181.274
10.23 9.3118 0.0515 181.772
10.24 9.5178 0.0542 183.172
10.25 9.538 0.0542 183.278
10.26 9.6875 0.0555 184.101
10.27 9.6875 0.0594 185.194
10.28 9.7198 0.0605 185.617
10.29 9.6966 0.0611 185.755
10.3 9.688 0.0621 186.033
10.31 9.6888 0.0628 186.259
10.32 9.6897 0.0629 186.336
10.33 9.6916 0.063 186.416
10.34 9.74 0.063 186.6
10.35 9.7885 0.063 186.784
10.36 9.8006 0.063 186.867
10.37 9.9501 0.0629 187.301
10.38 10.035 0.0628 187.555
10.39 10.273 0.0627 188.215
10.4 10.273 0.0623 188.165
10.41 10.564 0.062 188.898
10.42 10.693 0.062 189.279
10.43 10.693 0.0621 189.355
10.44 11.126 0.0621 190.491
10.45 11.336 0.0626 191.183
10.46 11.489 0.0626 191.603
10.47 11.659 0.0638 192.364
10.48 11.865 0.0645 193.076
10.49 12.015 0.0645 193.477
10.5 12.16 0.065 193.987
10.51 12.281 0.0661 194.587
10.52 12.37 0.0687 195.467
10.53 12.37 0.0713 196.124
10.54 12.766 0.0729 197.432
10.55 12.972 0.0749 198.386
10.56 12.972 0.0786 199.236
10.57 13.513 0.0812 201.008
10.58 13.8 0.0853 202.499
10.59 13.925 0.0865 203.051
10.6 13.974 0.0869 203.285
10.61 13.897 0.0868 203.157
10.62 13.837 0.0866 203.045
10.63 13.529 0.0859 202.304
10.64 13.42 0.0858 202.102
10.65 13.247 0.0858 201.777
10.66 13.029 0.0858 201.348
10.67 12.9087 0.0858 201.132
10.68 12.9243 0.0856 201.18
10.69 12.9399 0.0854 201.228
10.7 13.004 0.0822 200.785
10.71 13.162 0.0822 201.187
10.72 13.344 0.0808 201.349
10.73 13.344 0.0806 201.36
10.74 13.707 0.0804 202.15
10.75 13.824 0.0804 202.45
10.76 14.026 0.0805 202.947
10.77 14.228 0.0805 203.418
10.78 14.228 0.082 203.783
10.79 14.531 0.0826 204.579
10.8 14.64 0.0831 204.955
10.81 14.915 0.0831 205.558
10.82 15.174 0.0865 206.81
10.83 15.505 0.0879 207.784
10.84 15.836 0.0879 208.471
10.85 15.949 0.0936 209.832
10.86 15.925 0.0961 210.301
10.87 15.764 0.0961 210.047
10.88 15.764 0.0969 210.246
10.89 15.481 0.0994 210.196
10.9 15.428 0.1008 210.391
10.91 15.428 0.1009 210.462
10.92 15.137 0.1007 209.904
10.93 14.996 0.1006 209.658
10.94 14.996 0.0994 209.502
10.95 14.965 0.0986 209.352
10.96 14.9548 0.0976 209.207
10.97 14.9694 0.0965 209.092
10.98 14.984 0.0944 208.792
10.99 15.069 0.0927 208.699
11 15.016 0.0905 208.229
11.01 15.133 0.0904 208.496
11.02 15.222 0.0904 208.725
11.03 15.255 0.0864 208.057
11.04 15.032 0.0850001 207.387
11.05 14.883 0.0828 206.69
11.06 14.915 0.0814 206.513
11.07 14.681 0.0807 205.947
11.08 14.447 0.0812 205.628
11.09 14.447 0.0795 205.318
11.1 14.378 0.0795 205.228
11.11 14.3815 0.0771 204.764
11.12 14.385 0.0762 204.622
11.13 14.403 0.0766 204.799
11.14 14.503 0.0771 205.166
11.15 14.418 0.0778 205.198
11.16 14.632 0.0778 205.685
11.17 14.608 0.0778 205.687
11.18 14.5965 0.0778 205.715
11.19 14.585 0.0779 205.765
11.2 14.661 0.078 205.992
11.21 14.455 0.0801 206.079
11.22 14.107 0.0812 205.641
11.23 14.115 0.0822 205.918
11.24 14.055 0.0823 205.864
11.25 13.461 0.0823 204.638
11.26 13.327 0.0822 204.373
11.27 13.327 0.0821 204.403
11.28 12.301 0.0821 202.109
11.29 11.833 0.0822 201.053
11.3 11.833 0.0823 201.123
11.31 11.126 0.0876 200.433
11.32 10.855 0.0876 199.772
11.33 10.459 0.0934 199.817
11.34 10.245 0.0955 199.641
11.35 10.2476 0.0955 199.698
11.36 10.2502 0.0976 200.116
11.37 10.257 0.0974 200.149
11.38 10.495 0.0972 200.826
11.39 10.495 0.0967 200.789
11.4 10.964 0.0947 201.755
11.41 11.295 0.0928 202.329
11.42 11.295 0.0901 201.882
11.43 11.651 0.0874 202.323
11.44 11.804 0.088 202.868
11.45 12.2 0.0852 203.336
11.46 12.386 0.0841 203.609
11.47 12.511 0.0836 203.852
11.48 12.73 0.0834 204.37
11.49 12.705 0.0837 204.423
11.5 12.6505 0.0841 204.427
11.51 12.596 0.0844 204.41
11.52 12.596 0.0846 204.5
11.53 12.388 0.0845 204.039
11.54 12.284 0.0845 203.841
11.55 12.2798 0.0839 203.759
11.56 12.2857 0.0834 203.721
11.57 12.2915 0.0834 203.783
11.58 12.423 0.0829 204.043
11.59 12.831 0.0824 204.94
11.6 12.831 0.0824 204.99
11.61 13.38 0.0819 206.175
11.62 13.55 0.0808 206.367
11.63 13.659 0.079 206.268
11.64 13.659 0.0757 205.586
11.65 13.998 0.072 205.504
11.66 14.341 0.0717 206.199
11.67 14.341 0.0721 206.344
11.68 14.584 0.0725 206.988
11.69 14.487 0.0733 207.027
11.7 14.2309 0.0742 206.755
11.71 14.1144 0.0755 206.858
11.72 14.0994 0.0755 206.876
11.73 14.104 0.0816 208.277
11.74 14.1086 0.0842 208.88
11.75 14.18 0.0842 209.082
11.76 14.152 0.0881 209.861
11.77 14.176 0.0891 210.159
11.78 14.253 0.0912 210.78
11.79 14.253 0.0934 211.249
11.8 14.2575 0.0958 211.755
11.81 14.2621 0.0979 212.197
11.82 14.2976 0.0986 212.449
11.83 14.382 0.1004 212.999
11.84 14.475 0.1023 213.58
11.85 14.455 0.1022 213.57
11.86 14.4669 0.1027 213.732
11.87 14.4787 0.1033 213.911
11.88 14.523 0.1033 214.055
11.89 14.596 0.1034 214.277
11.9 14.649 0.1036 214.474
11.91 14.669 0.1036 214.566
11.92 14.846 0.105 215.227
11.93 15.061 0.1065 215.978
11.94 15.356 0.1065 216.633
11.95 15.356 0.1087 217.052
11.96 15.61 0.1092 217.699
11.97 15.764 0.11 218.191
11.98 15.764 0.111 218.406
11.99 16.042 0.1116 219.105
12 16.062 0.1128 219.39
12.01 16.062 0.1133 219.522
12.02 16.236 0.1137 219.978
12.03 16.499 0.114 220.587
12.04 16.559 0.1142 220.786
12.05 16.838 0.1146 221.433
12.06 16.907 0.1146 221.615
12.07 17.226 0.1147 222.279
12.08 17.214 0.1147 222.308
12.09 17.525 0.1148 222.949
12.1 17.533 0.1148 223.015
12.11 17.63 0.1166 223.533
12.12 17.763 0.1188 224.175
12.13 17.654 0.1189 224.043
12.14 17.545 0.119 223.91
12.15 17.577 0.1181 223.879
12.16 17.42 0.1171 223.483
12.17 17.42 0.1161 223.375
12.18 17.222 0.1151 222.898
12.19 16.967 0.1157 222.566
12.2 16.054 0.1144 220.643
12.21 15.9006 0.1144 220.389
12.22 15.7472 0.1144 220.131
12.23 15.82 0.1131 220.118
12.24 15.574 0.1135 219.737
12.25 15.356 0.111 218.935
12.26 15.057 0.1112 218.398
12.27 14.721 0.1094 217.443
12.28 14.467 0.1084 216.782
12.29 14.467 0.1081 216.781
12.3 13.796 0.1071 215.186
12.31 13.57 0.107 214.707
12.32 13.061 0.1057 213.359
12.33 12.875 0.1049 212.832
12.34 12.616 0.1041 212.123
12.35 12.612 0.1029 211.957
12.36 12.423 0.1016 211.32
12.37 12.3925 0.1016 211.293
12.38 12.3953 0.1002 211.104
12.39 12.3981 0.0992 210.982
12.4 12.4075 0.0988 210.981
12.41 12.459 0.0985 211.101
12.42 12.552 0.0986 211.392
12.43 12.778 0.0988 212.019
12.44 12.778 0.0991 212.12
12.45 13.097 0.0998 213.047
12.46 13.134 0.1005 213.305
12.47 13.134 0.1007 213.388
12.48 13.311 0.101 213.9
12.49 13.554 0.1028 214.822
12.5 13.578 0.103 214.959
12.51 13.614 0.1038 215.227
12.52 13.6665 0.1038 215.394
12.53 13.719 0.1045 215.682
12.54 13.691 0.1052 215.786
12.55 13.7395 0.1052 215.944
12.56 13.788 0.1051 216.084
12.57 13.752 0.1049 216.016
12.58 13.776 0.1046 216.067
12.59 13.776 0.1045 216.097
12.6 14.014 0.1044 216.662
12.61 13.966 0.1044 216.602
12.62 14.097 0.1044 216.941
12.63 14.228 0.1044 217.278
12.64 14.438 0.1052 217.924
12.65 14.665 0.1055 218.514
12.66 14.923 0.1056 219.128
12.67 15.093 0.1055 219.517
12.68 15.461 0.1054 220.311
12.69 15.549 0.1053 220.522
12.7 15.683 0.1053 220.843
12.71 15.683 0.1053 220.891
12.72 15.707 0.1054 221.006
12.73 15.2745 0.1054 220.167
12.74 15.2548 0.1073 220.501
12.75 15.2481 0.1075 220.57
12.76 15.34 0.1076 220.826
12.77 15.432 0.1076 221.064
12.78 15.327 0.1076 220.895
12.79 15.3281 0.1076 220.945
12.8 15.3292 0.1073 220.944
12.81 15.335 0.1067 220.901
12.82 15.4 0.1061 220.98
12.83 15.465 0.1059 221.127
12.84 15.356 0.1059 220.95
12.85 15.4 0.1059 221.089
12.86 15.319 0.1059 220.969
12.87 15.3064 0.106 221.008
12.88 15.3234 0.1061 221.108
12.89 15.3404 0.1065 221.261
12.9 15.38 0.1072 221.511
12.91 15.553 0.1074 221.951
12.92 15.505 0.1073 221.882
12.93 15.505 0.1074 221.947
12.94 15.448 0.1075 221.894
12.95 15.4406 0.1076 221.944
12.96 15.4387 0.1076 221.988
12.97 15.4699 0.1089 222.322
12.98 15.501 0.109 222.451
12.99 15.501 0.1091 222.515
13 15.5735 0.1092 222.73
13.01 15.646 0.1093 222.943
13.02 15.606 0.1096 222.96
13.03 15.683 0.1103 223.283
13.04 15.76 0.1116 223.707
13.05 15.566 0.1116 223.356
13.06 15.545 0.1122 223.459
13.07 15.537 0.1123 223.507
13.08 15.416 0.1123 223.303
13.09 15.246 0.1123 222.994
13.1 15.194 0.1123 222.932
13.11 14.968 0.1123 222.498
13.12 14.968 0.112 222.496
13.13 14.8777 0.1101 222.033
13.14 14.8845 0.1098 222.044
13.15 14.8912 0.1096 222.072
13.16 14.935 0.109 222.111
13.17 14.996 0.1084 222.186
13.18 14.996 0.1073 222.045
13.19 15.473 0.1063 222.922
13.2 15.699 0.1058 223.347
13.21 15.784 0.1041 223.267
13.22 15.723 0.1033 223.046
13.23 15.788 0.1031 223.19
13.24 16.01 0.1035 223.758
13.25 15.8868 0.1039 223.628
13.26 15.9445 0.1039 223.791
13.27 16.0022 0.1044 224.044
13.28 16.163 0.1049 224.503
13.29 16.337 0.1049 224.897
13.3 16.45 0.105 225.185
13.31 16.365 0.1057 225.189
13.32 16.705 0.1081 226.326
13.33 17.02 0.1086 227.07
13.34 17.226 0.1092 227.616
13.35 17.464 0.1092 228.113
13.36 17.509 0.1098 228.349
13.37 17.784 0.1104 229.014
13.38 17.594 0.1104 228.707
13.39 17.4 0.1161 229.349
13.4 17.25 0.118 229.42
13.41 17.117 0.118 229.212
13.42 17.117 0.1191 229.437
13.43 16.632 0.1195 228.6
13.44 16.503 0.1192 228.343
13.45 16.503 0.119 228.359
13.46 16.4405 0.1184 228.185
13.47 16.4092 0.1179 228.089
13.48 16.378 0.1178 228.058
13.49 16.458 0.1174 228.2
13.5 16.37 0.1158 227.811
13.51 16.252 0.1157 227.604
13.52 16.244 0.1157 227.635
13.53 16.2186 0.1156 227.614
13.54 16.2104 0.1155 227.628
13.55 16.2175 0.1155 227.689
13.56 16.2245 0.1154 227.733
13.57 16.273 0.1154 227.878
13.58 16.345 0.1154 228.069
13.59 16.414 0.1155 228.271
13.6 16.543 0.1157 228.608
13.61 16.842 0.1159 229.278
13.62 16.842 0.1161 229.358
13.63 16.984 0.116 229.666
13.64 17.113 0.1168 230.095
13.65 17.173 0.1173 230.339
13.66 17.173 0.117 230.337
13.67 17.323 0.1186 230.934
13.68 17.396 0.1187 231.137
13.69 17.396 0.1186 231.167
13.7 17.703 0.1186 231.798
13.71 17.889 0.1179 232.079
13.72 18.022 0.1162 232.094
13.73 18.163 0.1153 232.251
13.74 18.131 0.1154 232.256
13.75 18.248 0.1154 232.518
13.76 18.462 0.1155 232.973
13.77 18.3409 0.1161 232.899
13.78 18.4115 0.1171 233.242
13.79 18.4822 0.1176 233.5
13.8 18.668 0.1177 233.9
13.81 18.866 0.1178 234.32
13.82 18.899 0.1178 234.426
13.83 18.987 0.1178 234.63
13.84 18.995 0.1178 234.691
13.85 19.048 0.1183 234.915
13.86 19.048 0.1185 234.996
13.87 19.076 0.1186 235.109
13.88 19.133 0.1187 235.274
13.89 19.048 0.1187 235.17
13.9 19.048 0.1188 235.233
13.91 19.008 0.1189 235.226
13.92 18.745 0.1192 234.85
13.93 18.745 0.1196 234.963
13.94 18.721 0.1196 234.966
13.95 18.7236 0.1196 235.018
13.96 18.7262 0.1196 235.069
13.97 18.733 0.1191 235.047
13.98 18.789 0.1181 235.029
13.99 18.751 0.118 234.991
14 18.713 0.118 234.969
14.01 18.749 0.118 235.081
14.02 18.648 0.118 234.945
14.03 18.478 0.1184 234.748
14.04 18.446 0.1189 234.818
14.05 18.389 0.1189 234.76
14.06 18.22 0.1189 234.494
14.07 18.151 0.119 234.429
14.08 18.123 0.119 234.423
14.09 18.0855 0.1189 234.383
14.1 18.0778 0.1189 234.415
14.11 18.07 0.1188 234.43
14.12 18.07 0.1187 234.46
14.13 17.905 0.1183 234.131
14.14 17.872 0.1171 233.916
14.15 17.872 0.1169 233.929
14.16 17.739 0.1169 233.723
14.17 17.626 0.1169 233.554
14.18 17.384 0.1169 233.135
14.19 17.384 0.1171 233.214
14.2 17.145 0.1172 232.812
14.21 17.113 0.1172 232.795
14.22 17.008 0.1139 232.082
14.23 17.052 0.1107 231.663
14.24 16.899 0.1085 231.022
14.25 16.786 0.1079 230.737
14.26 16.745 0.1078 230.683
14.27 15.9815 0.1065 228.952
14.28 15.9219 0.1064 228.855
14.29 15.8624 0.1065 228.794
14.3 15.949 0.1065 229.018
14.31 15.848 0.1067 228.889
14.32 15.703 0.1072 228.72
14.33 15.65 0.1076 228.724
14.34 15.598 0.1076 228.658
14.35 15.493 0.1081 228.569
14.36 15.327 0.1081 228.259
14.37 15.121 0.1081 227.858
14.38 15.121 0.1081 227.902
14.39 14.535 0.1081 226.653
14.4 14.301 0.1081 226.167
14.41 14.301 0.1081 226.211
14.42 14.1352 0.1075 225.77
14.43 14.058 0.1062 225.408
14.44 14.0785 0.106 225.463
14.45 14.099 0.1051 225.394
14.46 14.152 0.1038 225.325
14.47 14.293 0.1017 225.307
14.48 14.41 0.1017 225.615
14.49 14.564 0.1017 226.004
14.5 14.673 0.1017 226.29
14.51 14.786 0.1019 226.621
14.52 14.863 0.1023 226.908
14.53 15.048 0.1023 227.356
14.54 15.315 0.1054 228.543
14.55 15.505 0.1075 229.369
14.56 15.65 0.1075 229.721
14.57 15.65 0.1099 230.187
14.58 15.873 0.1113 230.944
14.59 15.97 0.112 231.311
14.6 15.97 0.1126 231.458
14.61 15.9615 0.1137 231.671
14.62 15.9573 0.1147 231.876
14.63 15.9553 0.1155 232.05
14.64 15.9545 0.1155 232.092
14.65 15.9622 0.1159 232.219
14.66 15.97 0.1159 232.279
14.67 16.042 0.116 232.491
14.68 16.026 0.1159 232.485
14.69 16.05 0.1187 233.041
14.7 15.966 0.1199 233.104
14.71 15.966 0.1203 233.213
14.72 15.945 0.1197 233.116
14.73 15.848 0.1191 232.858
14.74 15.626 0.1161 231.936
14.75 15.549 0.1124 231.191
14.76 15.428 0.1112 230.768
14.77 15.178 0.1101 230.079
14.78 15.178 0.1098 230.07
14.79 14.8592 0.1096 229.376
14.8 14.7022 0.1095 229.051
14.81 14.6411 0.1095 228.957
14.82 14.6105 0.1093 228.896
14.83 14.6013 0.1091 228.884
14.84 14.592 0.1089 228.87
14.85 14.58 0.1086 228.834
14.86 14.58 0.1086 228.877
14.87 14.293 0.1086 228.265
14.88 14.2345 0.1087 228.19
14.89 14.2076 0.1096 228.327
14.9 14.211 0.1096 228.378
14.91 14.2143 0.1096 228.428
14.92 14.232 0.1096 228.512
14.93 14.39 0.1095 228.9
14.94 14.527 0.1094 229.238
14.95 14.685 0.1094 229.638
14.96 14.834 0.1079 229.751
14.97 15.032 0.1075 230.162
14.98 15.19 0.1074 230.534
14.99 15.392 0.1073 230.997
15 15.687 0.1083 231.852
15.01 15.986 0.1093 232.704
15.02 15.986 0.1113 233.098
15.03 16.713 0.1123 234.814
15.04 16.879 0.1123 235.192
15.05 16.879 0.1144 235.598
15.06 17.287 0.1156 236.659
15.07 17.396 0.1183 237.373
15.08 17.396 0.1194 237.599
15.09 17.432 0.1206 237.912
15.1 17.4531 0.1213 238.111
15.11 17.4742 0.1225 238.392
15.12 17.553 0.1225 238.59
15.13 17.606 0.1224 238.722
15.14 17.614 0.1224 238.781
15.15 17.707 0.1221 238.957
15.16 17.784 0.1214 239.036
15.17 17.7475 0.1214 239.009
15.18 17.8342 0.1214 239.221
15.19 17.921 0.1214 239.432
15.2 18.321 0.1217 240.288
15.21 18.406 0.1218 240.508
15.22 18.406 0.1211 240.437
15.23 18.216 0.1203 239.989
15.24 18.026 0.1167 239.066
15.25 17.933 0.115 238.64
15.26 17.8885 0.1148 238.563
15.27 17.8682 0.1148 238.568
15.28 17.8644 0.1147 238.587
15.29 17.8687 0.1148 238.656
15.3 17.873 0.1149 238.725
15.31 17.949 0.1152 238.966
15.32 18.377 0.1155 239.873
15.33 18.482 0.1155 240.114
15.34 18.591 0.1167 240.568
15.35 18.608 0.1175 240.78
15.36 18.531 0.1175 240.68
15.37 18.361 0.1186 240.59
15.38 18.127 0.12 240.424
15.39 17.872 0.12 239.978
15.4 17.872 0.1214 240.253
15.41 17.699 0.1221 240.075
15.42 17.63 0.1222 239.999
15.43 17.63 0.1223 240.059
15.44 17.323 0.1223 239.496
15.45 17.266 0.1222 239.409
15.46 17.266 0.122 239.419
15.47 17.2272 0.122 239.385
15.48 17.209 0.122 239.391
15.49 17.2075 0.1219 239.415
15.5 17.206 0.1205 239.225
15.51 17.335 0.1201 239.459
15.52 17.194 0.12 239.204
15.53 17.028 0.1199 238.896
15.54 16.85 0.12 238.594
15.55 16.677 0.1197 238.233
15.56 16.5485 0.1194 237.96
15.57 16.4874 0.119 237.81
15.58 16.4647 0.119 237.805
15.59 16.4818 0.1186 237.816
15.6 16.499 0.1172 237.66
15.61 16.531 0.1172 237.768
15.62 16.64 0.117 238.002
15.63 16.539 0.117 237.836
15.64 16.471 0.1171 237.754
15.65 16.471 0.1171 237.796
15.66 16.252 0.1172 237.397
15.67 16.184 0.1171 237.279
15.68 16.184 0.1171 237.321
15.69 16.034 0.117 237.028
15.7 15.974 0.1169 236.925
15.71 15.832 0.1169 236.663
15.72 15.832 0.1168 236.688
15.73 15.824 0.1166 236.679
15.74 15.553 0.1136 235.621
15.75 15.529 0.1065 234.348
15.76 15.4605 0.1065 234.241
15.77 15.392 0.1049 233.837
15.78 15.465 0.1041 233.889
15.79 15.1918 0.1034 233.2
15.8 15.0577 0.1029 232.849
15.81 15.0469 0.1032 232.923
15.82 15.036 0.1024 232.788
15.83 15.036 0.1024 232.829
15.84 14.9372 0.1016 232.497
15.85 14.9369 0.1013 232.48
15.86 14.9399 0.101 232.47
15.87 14.943 0.1009 232.499
15.88 14.992 0.1012 232.707
15.89 15.053 0.1014 232.922
15.9 15.012 0.1025 233.08
15.91 15.0191 0.1029 233.213
15.92 15.0262 0.1029 233.269
15.93 15.0445 0.1045 233.651
15.94 15.085 0.1057 234.004
15.95 15.246 0.1057 234.403
15.96 15.246 0.1063 234.554
15.97 15.372 0.1067 234.947
15.98 15.412 0.1072 235.167
15.99 15.412 0.1085 235.444
16 15.465 0.1103 235.924
16.01 15.509 0.1115 236.274
16.02 15.509 0.1141 236.769
16.03 15.598 0.1147 237.108
16.04 15.687 0.1152 237.43
16.05 15.82 0.1153 237.777
16.06 15.901 0.1164 238.181
16.07 16.071 0.1162 238.553
16.08 16.26 0.1176 239.235
16.09 16.414 0.1195 239.921
16.1 16.616 0.1209 240.619
16.11 17.024 0.1209 241.502
16.12 17.25 0.122 242.186
16.13 17.545 0.1237 243.099
16.14 17.792 0.1237 243.631
16.15 18.026 0.1286 244.922
16.16 18.123 0.1314 245.593
16.17 18.341 0.1314 246.059
16.18 18.341 0.1362 246.837
16.19 18.737 0.1405 248.281
16.2 18.987 0.1405 248.798
16.21 18.987 0.1431 249.221
16.22 19.505 0.1475 250.863
16.23 19.755 0.1475 251.367
16.24 19.755 0.1527 252.135
16.25 20.127 0.1541 253.049
16.26 20.308 0.1547 253.501
16.27 20.308 0.1554 253.639
16.28 20.369 0.1554 253.792
16.29 20.409 0.1555 253.921
16.3 20.409 0.158 254.301
16.31 20.321 0.1583 254.227
16.32 20.0258 0.1584 253.748
16.33 19.879 0.1584 253.522
16.34 19.7322 0.1584 253.295
16.35 19.791 0.1584 253.447
16.36 19.69 0.158 253.25
16.37 19.468 0.1577 252.84
16.38 19.391 0.1577 252.738
16.39 19.3535 0.1565 252.55
16.4 19.3353 0.1543 252.262
16.41 19.3291 0.1543 252.293
16.42 19.3523 0.1534 252.256
16.43 19.3755 0.1532 252.315
16.44 19.428 0.1531 252.442
16.45 19.428 0.1531 252.485
16.46 19.577 0.1532 252.819
16.47 19.63 0.1532 252.961
16.48 19.63 0.1544 253.168
16.49 19.868 0.1554 253.786
16.5 19.989 0.1554 254.051
16.51 19.989 0.1568 254.284
16.52 19.969 0.1598 254.691
16.53 19.961 0.1598 254.719
16.54 19.961 0.1602 254.815
16.55 19.622 0.1611 254.348
16.56 19.492 0.1615 254.2
16.57 19.492 0.1617 254.269
16.58 19.242 0.1616 253.826
16.59 19.044 0.1616 253.491
16.6 19.044 0.1613 253.494
16.61 18.899 0.1612 253.245
16.62 18.709 0.1593 252.67
16.63 18.587 0.1569 252.155
16.64 18.398 0.1565 251.773
16.65 18.192 0.1557 251.3
16.66 17.893 0.1544 250.568
16.67 17.852 0.152 250.201
16.68 17.8221 0.1519 250.168
16.69 17.834 0.1497 249.93
16.7 17.8459 0.1496 249.982
16.71 17.872 0.1497 250.09
16.72 17.8753 0.1498 250.152
16.73 17.8785 0.1509 250.353
16.74 17.913 0.1501 250.353
16.75 17.977 0.1493 250.412
16.76 17.937 0.1464 249.965
16.77 17.844 0.1432 249.36
16.78 17.8117 0.1416 249.104
16.79 17.7979 0.1409 249.014
16.8 17.784 0.1405 248.969
16.81 17.784 0.1404 248.995
16.82 17.7628 0.1405 249.008
16.83 17.7529 0.1405 249.029
16.84 17.8105 0.1407 249.216
16.85 17.868 0.1407 249.373
16.86 17.868 0.1431 249.766
16.87 18.179 0.1442 250.588
16.88 18.373 0.1456 251.214
16.89 18.373 0.1482 251.626
16.9 18.935 0.1482 252.762
16.91 19.214 0.1517 253.829
16.92 19.214 0.1532 254.078
16.93 19.662 0.1549 255.199
16.94 19.719 0.156 255.498
16.95 19.585 0.1564 255.343
16.96 19.456 0.1578 255.332
16.97 19.456 0.1591 255.548
16.98 19.242 0.1601 255.316
16.99 19.2412 0.1606 255.422
17 19.2456 0.1606 255.473
17.01 19.25 0.1605 255.51
17.02 19.315 0.1604 255.662
17.03 19.44 0.16 255.888
17.04 19.634 0.159 256.163
17.05 19.799 0.1588 256.487
17.06 19.856 0.1587 256.621
17.07 19.848 0.1588 256.662
17.08 19.908 0.1589 256.828
17.09 19.872 0.1596 256.897
17.1 19.896 0.162 257.303
17.11 19.985 0.1641 257.786
17.12 20.143 0.1646 258.186
17.13 20.276 0.1652 258.551
17.14 20.385 0.1653 258.806
17.15 20.397 0.1655 258.896
17.16 20.365 0.1656 258.892
17.17 20.244 0.1657 258.725
17.18 20.03 0.1659 258.397
17.19 19.84 0.1659 258.084
17.2 19.7297 0.1659 257.919
17.21 19.6793 0.1657 257.84
17.22 19.6666 0.1651 257.78
17.23 19.654 0.1638 257.628
17.24 19.715 0.1633 257.719
17.25 19.646 0.1633 257.63
17.26 19.646 0.1601 257.248
17.27 19.6409 0.1571 256.875
17.28 19.6388 0.1571 256.913
17.29 19.6604 0.1566 256.926
17.3 19.682 0.1544 256.706
17.31 19.763 0.1538 256.816
17.32 19.763 0.1526 256.69
17.33 19.242 0.1527 255.759
17.34 18.721 0.1525 254.763
17.35 18.688 0.1524 254.726
17.36 18.664 0.1523 254.705
17.37 18.765 0.1522 254.93
17.38 18.6431 0.1515 254.634
17.39 18.5853 0.15 254.35
17.4 18.5661 0.1492 254.24
17.41 18.6131 0.1486 254.288
17.42 18.66 0.148 254.335
17.43 18.874 0.1471 254.664
17.44 19.044 0.1471 255.034
17.45 19.254 0.1472 255.492
17.46 19.48 0.1472 255.963
17.47 19.775 0.1501 256.975
17.48 19.917 0.1525 257.621
17.49 19.981 0.1525 257.781
17.5 20.018 0.157 258.515
17.51 20.018 0.1583 258.734
17.52 19.985 0.1583 258.713
17.53 19.917 0.1604 258.911
17.54 19.836 0.1625 259.08
17.55 19.795 0.1625 259.044
17.56 19.795 0.1637 259.244
17.57 19.622 0.1639 258.984
17.58 19.561 0.1639 258.909
17.59 19.561 0.1639 258.949
17.6 19.23 0.1639 258.355
17.61 19.129 0.1635 258.147
17.62 19.129 0.163 258.122
17.63 18.854 0.1622 257.52
17.64 18.854 0.1603 257.308
17.65 18.64 0.1581 256.63
17.66 18.394 0.1574 256.086
17.67 18.394 0.1568 256.045
17.68 18.2043 0.1558 255.567
17.69 18.1119 0.1543 255.214
17.7 18.0709 0.1536 255.075
17.71 18.03 0.1538 255.059
17.72 18.095 0.1532 255.148
17.73 18.01 0.1526 254.932
17.74 17.84 0.1504 254.317
17.75 17.618 0.1506 253.926
17.76 17.392 0.1485 253.198
17.77 17.206 0.1463 252.532
17.78 17.06 0.1417 251.593
17.79 16.947 0.1402 251.169
17.8 16.866 0.1402 251.035
17.81 16.697 0.1383 250.426
17.82 16.1615 0.1371 249.111
17.83 16.1348 0.1371 249.091
17.84 16.1081 0.1358 248.873
17.85 16.111 0.1354 248.857
17.86 16.095 0.1354 248.86
17.87 16.092 0.1334 248.584
17.88 16.0955 0.1327 248.522
17.89 16.0991 0.1305 248.223
17.9 16.1456 0.1297 248.237
17.91 16.252 0.1296 248.495
17.92 16.24 0.1296 248.507
17.93 16.24 0.1296 248.546
17.94 16.079 0.1296 248.228
17.95 15.917 0.1325 248.361
17.96 15.646 0.1336 247.957
17.97 15.545 0.1337 247.78
17.98 15.388 0.1336 247.44
17.99 15.218 0.1336 247.083
18 15.02 0.1307 246.206
18.01 14.693 0.1307 245.464
18.02 14.35 0.1298 244.528
18.03 13.982 0.1289 243.512
18.04 13.707 0.1286 242.806
18.05 13.408 0.1283 242.027
18.06 13.235 0.1283 241.612
18.07 13.152 0.1179 239.738
18.08 13.1305 0.1126 238.803
18.09 13.109 0.1069 237.753
18.1 13.154 0.1027 237.115
18.11 12.818 0.1028 236.289
18.12 12.342 0.1028 235.041
18.13 12.342 0.1044 235.379
18.14 11.223 0.1081 232.889
18.15 10.5 0.12 232.715
18.16 9.7562 0.12 230.301
18.17 9.0209 0.1213 227.956
18.18 8.2695 0.1216 225.2
18.19 7.6918 0.1219 222.944
18.2 7.1343 0.1223 220.635
18.21 6.7061 0.1221 218.681
18.22 6.4435 0.122 217.445
18.23 6.4435 0.1214 217.389
18.24 6.4111 0.1159 216.428
18.25 6.3263 0.102 213.762
18.26 5.8375 0.0866 208.475
18.27 5.6436 0.0845 207.071
18.28 5.3931 0.0850001 205.854
18.29 5.0376 0.0854 203.953
18.3 5.0531 0.0867 204.331
18.31 5.0686 0.0892 204.937
18.32 5.1365 0.099 207.15
18.33 5.684 0.1087 211.866
18.34 6.0758 0.1154 215.009
18.35 6.2576 0.1261 217.556
18.36 6.2576 0.1265 217.646
18.37 6.4839 0.1238 218.403
18.38 6.597 0.1212 218.595
18.39 7.5342 0.1159 222.022
18.4 8.6331 0.108 225.126
18.41 9.8168 0.108 229.365
18.42 12.358 0.1057 236.707
18.43 13.012 0.1063 238.62
18.44 13.332 0.1069 239.605
18.45 13.481 0.1076 240.155
18.46 13.465 0.1078 240.187
18.47 13.416 0.1078 240.097
18.48 13.416 0.1078 240.133
18.49 13.364 0.1079 240.054
18.5 13.344 0.1079 240.038
18.51 13.344 0.1118 240.784
18.52 13.295 0.1131 240.925
18.53 13.2858 0.1133 240.972
18.54 13.282 0.1133 240.998
18.55 13.2825 0.1137 241.107
18.56 13.283 0.1142 241.232
18.57 13.319 0.114 241.327
18.58 13.404 0.1145 241.672
18.59 13.493 0.1151 242.044
18.6 13.63 0.1164 242.659
18.61 13.63 0.1186 243.074
18.62 13.837 0.1184 243.604
18.63 13.877 0.1214 244.25
18.64 13.525 0.1258 244.106
18.65 13.52 0.1294 244.703
18.66 13.5247 0.1321 245.173
18.67 13.5295 0.1388 246.234
18.68 13.74 0.1412 247.171
18.69 14.483 0.141 249.06
18.7 15.19 0.1409 250.798
18.71 15.921 0.1398 252.374
18.72 16.394 0.1398 253.478
18.73 16.64 0.1242 251.571
18.74 17.149 0.1236 252.6
18.75 17.63 0.1229 253.526
18.76 18.038 0.1226 254.349
18.77 18.385 0.1225 255.068
18.78 18.66 0.1227 255.687
18.79 18.66 0.1229 255.759
18.8 18.842 0.1234 256.242
18.81 18.931 0.1256 256.831
18.82 19.185 0.1277 257.717
18.83 18.9324 0.1326 258.071
18.84 18.8079 0.1373 258.613
18.85 18.8193 0.1373 258.673
18.86 18.8307 0.1395 259.076
18.87 18.907 0.1417 259.603
18.88 19.056 0.1417 259.935
18.89 19.056 0.1427 260.126
18.9 18.68 0.1438 259.584
18.91 18.559 0.1437 259.364
18.92 18.559 0.1437 259.403
18.93 18.345 0.1436 258.993
18.94 18.244 0.1428 258.705
18.95 18.244 0.1413 258.515
18.96 17.884 0.1412 257.797
18.97 17.707 0.1412 257.466
18.98 17.315 0.141 256.645
18.99 17.19 0.1409 256.399
19 17.19 0.1405 256.376
19.01 17.1686 0.1407 256.398
19.02 17.1628 0.1405 256.393
19.03 17.157 0.1402 256.372
19.04 17.1475 0.1384 256.114
19.05 17.1468 0.1377 256.041
19.06 17.1479 0.1371 255.988
19.07 17.149 0.1364 255.919
19.08 17.149 0.1363 255.941
19.09 17.246 0.1361 256.155
19.1 17.254 0.1349 256.02
19.11 17.291 0.1349 256.136
19.12 17.355 0.1349 256.31
19.13 17.331 0.135 256.312
19.14 17.388 0.1351 256.486
19.15 17.351 0.1359 256.571
19.16 17.295 0.1368 256.63
19.17 17.2665 0.1368 256.606
19.18 17.2542 0.1378 256.772
19.19 17.2555 0.1394 257.059
19.2 17.2568 0.1394 257.099
19.21 17.2635 0.139 257.089
19.22 17.279 0.1386 257.098
19.23 17.254 0.1377 256.942
19.24 17.254 0.1359 256.698
19.25 17.137 0.1337 256.136
19.26 17.056 0.1327 255.838
19.27 16.846 0.1294 254.885
19.28 16.725 0.1292 254.624
19.29 16.644 0.1293 254.499
19.3 16.402 0.1286 253.885
19.31 16.2355 0.1285 253.532
19.32 16.2058 0.1283 253.469
19.33 16.1762 0.1282 253.422
19.34 16.192 0.1281 253.478
19.35 16.151 0.1278 253.372
19.36 16.022 0.1273 253.034
19.37 15.925 0.1268 252.766
19.38 15.84 0.1263 252.525
19.39 15.727 0.1249 252.067
19.4 15.622 0.1249 251.86
19.41 15.586 0.1245 251.745
19.42 15.465 0.1245 251.499
19.43 15.436 0.1245 251.467
19.44 15.392 0.1245 251.399
19.45 15.343 0.1245 251.32
19.46 15.259 0.1245 251.157
19.47 15.259 0.1247 251.227
19.48 15.2505 0.1254 251.359
19.49 15.242 0.1256 251.408
19.5 15.242 0.1256 251.444
19.51 15.154 0.1256 251.27
19.52 15.149 0.1255 251.278
19.53 15.073 0.1254 251.115
19.54 14.956 0.1247 250.752
19.55 14.794 0.1243 250.328
19.56 14.608 0.1246 249.958
19.57 14.366 0.1241 249.309
19.58 14.148 0.1241 248.796
19.59 13.76 0.1218 247.452
19.6 13.578 0.1207 246.826
19.61 13.489 0.1207 246.628
19.62 13.364 0.1175 245.782
19.63 13.279 0.1157 245.276
19.64 13.21 0.1152 245.038
19.65 13.21 0.1147 244.984
19.66 13.1785 0.1146 244.917
19.67 13.1929 0.1139 244.865
19.68 13.2074 0.1135 244.867
19.69 13.239 0.1135 244.986
19.7 13.307 0.1135 245.201
19.71 13.404 0.1134 245.474
19.72 13.449 0.1133 245.61
19.73 13.566 0.1132 245.933
19.74 13.752 0.1131 246.432
19.75 13.78 0.1104 246.044
19.76 13.861 0.1092 246.062
19.77 13.853 0.1085 245.945
19.78 13.885 0.1085 246.061
19.79 13.869 0.1086 246.074
19.8 13.921 0.1087 246.26
19.81 13.8989 0.1097 246.426
19.82 13.8976 0.1107 246.643
19.83 13.9238 0.1107 246.745
19.84 13.95 0.1115 246.994
19.85 13.95 0.1124 247.194
19.86 14.56 0.1137 248.995
19.87 14.649 0.1144 249.376
19.88 14.798 0.1148 249.847
19.89 14.879 0.1161 250.313
19.9 14.879 0.1165 250.419
19.91 15.109 0.117 251.098
19.92 15.283 0.1175 251.636
19.93 15.505 0.1191 252.479
19.94 15.638 0.1193 252.86
19.95 15.804 0.1209 253.561
19.96 15.966 0.1209 253.969
19.97 16.058 0.1227 254.527
19.98 16.256 0.1249 255.39
19.99 16.406 0.1273 256.169
20 16.608 0.1294 257.006
20.01 16.701 0.1294 257.248
20.02 16.822 0.1312 257.848
20.03 16.87 0.1311 257.973
20.04 16.883 0.1114 254.565
20.05 16.8694 0.1097 254.245
20.06 16.8637 0.1065 253.643
20.07 16.9253 0.106 253.712
20.08 16.9869 0.106 253.88
20.09 17.113 0.1018 253.332
20.1 17.367 0.1022 253.988
