0.001 1.764 0.0002 6.92085
0.02 1.933 -0.0006 -nan
0.04 1.95 -0.0032 -nan
0.06 1.964 -0.0084 -nan
0.0800001 1.981 -0.0097 -nan
0.1 1.994 -0.009 -nan
0.12 2.003 -0.0088 -nan
0.14 2.002 -0.0081 -nan
0.16 1.997 -0.0071 -nan
0.18 1.993 -0.0023 -nan
0.2 2.001 -0.0062 -nan
0.22 2.009 -0.0154 -nan
0.24 2.014 -0.0364 -nan
0.26 2.013 -0.0541 -nan
0.28 2.012 -0.0624 -nan
0.3 2.008 -0.0649 -nan
0.32 1.995 -0.0645 -nan
0.34 1.98 -0.0641 -nan
0.36 1.966 -0.0639 -nan
0.38 1.958 -0.0646 -nan
0.4 1.961 -0.0652 -nan
0.42 1.965 -0.0652 -nan
0.44 2.037 -0.0654 -nan
0.46 2.063 -0.0654 -nan
0.48 2.084 -0.0651 -nan
0.5 2.087 -0.0655 -nan
0.52 2.11 -0.065 -nan
0.54 2.136 -0.0647 -nan
0.56 2.166 -0.0645 -nan
0.58 2.213 -0.0645 -nan
0.6 2.249 -0.0652 -nan
0.62 2.273 -0.0669 -nan
0.640001 2.316 -0.069 -nan
0.660001 2.361 -0.0697 -nan
0.680001 2.405 -0.0694 -nan
0.700001 2.446 -0.0203 -nan
0.720001 2.492 -0.022 -nan
0.740001 2.516 -0.0221 -nan
0.760001 2.544 -0.0137 -nan
0.780001 2.55 -0.011 -nan
0.800001 2.546 -0.0214 -nan
0.820001 2.532 -0.0308 -nan
0.840001 2.512 -0.0326 -nan
0.860001 2.482 -0.0319 -nan
0.880001 2.45 -0.033 -nan
0.900001 2.413 -0.037 -nan
0.920001 2.372 -0.0379 -nan
0.940001 2.324 -0.0378 -nan
0.960001 2.275 -0.0377 -nan
0.980001 2.228 -0.0371 -nan
1 2.346 0.017 71.2063
1.02 2.142 -0.0204 -nan
1.04 2.11 -0.0196 -nan
1.06 2.087 -0.0203 -nan
1.08 2.058 -0.0208 -nan
1.1 2.03 -0.0203 -nan
1.12 2.004 -0.0199 -nan
1.14 1.981 -0.02 -nan
1.16 1.962 -0.02 -nan
1.18 1.942 -0.0271 -nan
1.2 1.918 -0.0324 -nan
1.22 1.896 -0.0343 -nan
1.24 1.873 -0.0387 -nan
1.26 1.856 -0.0405 -nan
1.28 1.837 -0.044 -nan
1.3 1.817 -0.0434 -nan
1.32 1.803 -0.0429 -nan
1.34 1.791 -0.0425 -nan
1.36 1.779 -0.0414 -nan
1.38 1.761 -0.0408 -nan
1.4 1.734 -0.0396 -nan
1.42 1.708 -0.0373 -nan
1.44 1.681 -0.0365 -nan
1.46 1.651 -0.0361 -nan
1.48 1.621 -0.0348 -nan
1.5 1.591 -0.0342 -nan
1.52 1.558 -0.0333 -nan
1.54 1.52 -0.0318 -nan
1.56 1.476 -0.0314 -nan
1.58 1.43 -0.0313 -nan
1.6 1.381 -0.0311 -nan
1.62 1.331 -0.0308 -nan
1.64 1.28 -0.0295 -nan
1.66 1.227 -0.0287 -nan
1.68 1.172 -0.0278 -nan
1.7 1.117 -0.0277 -nan
1.72 1.073 -0.0278 -nan
1.74 1.042 -0.0277 -nan
1.76 1.022 -0.0275 -nan
1.78 1.027 -0.0264 -nan
1.8 1.044 -0.0256 -nan
1.82 1.071 -0.0247 -nan
1.84 1.102 -0.0239 -nan
1.86 1.129 -0.0222 -nan
1.88 1.153 -0.0212 -nan
1.9 1.172 -0.0204 -nan
1.92 1.185 1e-06 34.4026
1.94 1.193 0.0002 53.6672
1.96 1.194 0.0004 57.0224
1.98 1.192 0.0006 59.1312
2 1.189 0.000800001 60.711
2.02 1.184 0.001 61.9824
2.04 1.178 0.0012 63.0562
2.06 1.172 0.0014 63.9965
2.08 1.162 0.0016 64.8055
2.1 1.151 0.0018 65.5282
2.12 1.144 0.002 66.2214
2.14 1.137 0.0022 66.8639
2.16 1.128 0.0024 67.4469
2.18 1.115 0.0026 67.9582
2.2 1.554 0.018 83.9497
2.22 1.089 0.0029 68.6922
2.24 1.077 0.0031 69.1365
2.26 1.071 0.0033 69.613
2.28 1.071 0.0035 70.1261
2.3 1.074 0.0037 70.6508
2.32 1.083 0.0039 71.2175
2.34 1.097 0.0041 71.818
2.36 1.118 0.0043 72.4716
2.38 1.142 0.0045 73.1404
2.4 1.174 0.0047 73.8699
2.42 1.209 0.0049 74.6126
2.44 1.251 0.0051 75.4027
2.46 1.294 0.0053 76.1862
2.48 1.348 0.0055 77.0458
2.5 1.412 0.0057 77.9669
2.52 1.498 0.0059 79.0343
2.54 1.603 0.0061 80.2069
2.56 1.716 0.0063 81.3925
2.58 1.833 0.0065 82.5616
2.6 1.954 0.0067 83.715
2.62 2.073 0.0069 84.818
2.64 2.18 0.0071 85.8196
2.66 2.278 0.0073 86.7464
2.68 2.356 0.0075 87.5463
2.7 2.422 0.0077 88.2702
2.72 2.47 0.0078 88.7971
2.74 2.494 0.008 89.29
2.76 2.512 0.0082 89.7476
2.78 2.53 0.0084 90.2011
2.8 2.565 0.0086 90.7375
2.82 2.612 0.0088 91.3298
2.84 2.685 0.009 92.0453
2.86 2.769 0.0092 92.8046
2.88 2.862 0.0094 93.5952
2.9 2.957 0.0096 94.3826
2.92 3.05 0.0098 95.1489
2.94 3.137 0.01 95.8775
2.96 3.219 0.0102 96.5749
2.98 3.295 0.0104 97.2386
3 3.362 0.0106 97.8573
3.02 3.432 0.0108 98.4826
3.04 3.502 0.011 99.1019
3.06 3.57 0.0112 99.7075
3.08 3.639 0.0114 100.312
3.1 3.71 0.0116 100.918
3.12 3.784 0.0118 101.531
3.14 3.861 0.012 102.15
3.16 3.943 0.0122 102.782
3.18 4.026 0.0124 103.411
3.2 4.106 0.0126 104.024
3.22 4.183 0.0128 104.62
3.24 4.257 0.0129 105.134
3.26 4.328 0.0131 105.7
3.28 4.401 0.0133 106.269
3.3 4.471 0.0135 106.824
3.32 4.534 0.0137 107.35
3.34 4.596 0.0139 107.87
3.36 4.648 0.0141 108.353
3.38 4.698 0.0143 108.827
3.4 4.952 0.018 111.958
3.42 4.466 0.018 110.485
3.44 4.022 0.018 109.008
3.46 3.946 0.018 108.885
3.48 4.864 0.0153 110.884
3.5 4.869 0.0155 111.198
3.52 4.85 0.0157 111.43
3.54 4.81 0.0159 111.59
3.56 4.761 0.0161 111.717
3.58 4.704 0.0163 111.812
3.6 4.639 0.0165 111.874
3.62 4.569 0.0167 111.914
3.64 4.506 0.0169 111.972
3.66 4.446 0.0171 112.036
3.68 4.402 0.0173 112.154
3.7 4.364 0.0175 112.29
3.72 4.332 0.0177 112.446
3.74 4.312 0.0179 112.644
3.76 4.292 0.0181 112.84
3.78 4.269 0.0182 112.971
3.8 4.227 0.0184 113.078
3.82 4.17 0.0186 113.124
3.84 4.091 0.0188 113.077
3.86 4.01 0.019 113.015
3.88 3.936 0.0192 112.972
3.9 3.868 0.0194 112.948
3.92 3.812 0.0196 112.967
3.94 3.768 0.0198 113.034
3.96 3.735 0.02 113.144
3.98 3.714 0.0202 113.305
4 3.705 0.0204 113.516
4.02 3.694 0.0206 113.717
4.04 3.686 0.0208 113.93
4.06 3.684 0.021 114.169
4.08 3.683 0.0212 114.41
4.1 3.681 0.0214 114.647
4.12 3.678 0.0216 114.877
4.14 3.675 0.0218 115.107
4.16 3.672 0.022 115.335
4.18 3.672 0.0222 115.576
4.2 3.666 0.0224 115.789
4.22 3.69 0.0226 116.136
4.24 3.69 0.0228 116.374
4.26 3.716 0.023 116.729
4.28 3.711 0.0232 116.943
4.3 3.74 0.0233 117.268
4.32 3.74 0.0235 117.503
4.34 3.764 0.0237 117.845
4.36 3.76 0.0239 118.061
4.38 3.776 0.0241 118.365
4.4 3.759 0.0243 118.52
4.42 3.774 0.0245 118.818
4.44 3.77 0.0247 119.03
4.46 3.768 0.0249 119.25
4.48 3.77 0.0251 119.487
4.5 3.778 0.0253 119.75
4.52 3.788 0.0255 120.022
4.54 3.803 0.0257 120.316
4.56 3.821 0.0259 120.623
4.58 3.844 0.0261 120.952
4.6 3.87 0.0263 121.293
4.62 3.899 0.0265 121.647
4.64 3.929 0.0267 122.003
4.66 3.961 0.0269 122.368
4.68 3.995 0.0271 122.74
4.7 4.651 0.018 121.402
4.72 4.063 0.0275 123.481
4.74 4.095 0.0277 123.841
4.76 4.125 0.0279 124.19
4.78 4.153 0.0281 124.53
4.8 4.177 0.0283 124.852
4.82 4.198 0.0284 125.124
4.84 4.209 0.0286 125.388
4.86 4.212 0.0288 125.618
4.88 4.2 0.029 125.782
4.9 4.18 0.0292 125.91
4.92 4.154 0.0294 126.011
4.94 4.123 0.0296 126.089
4.96 4.087 0.0298 126.142
4.98 4.045 0.03 126.165
5 3.996 0.0302 126.154
5.02 3.944 0.0304 126.126
5.04 3.889 0.0306 126.079
5.06 3.825 0.0308 125.985
5.08 3.76 0.031 125.88
5.1 3.693 0.0312 125.759
5.12 3.625 0.0314 125.626
5.14 3.553 0.0316 125.466
5.16 3.475 0.0318 125.266
5.18 3.394 0.032 125.041
5.2 3.307 0.0322 124.773
5.22 3.218 0.0324 124.48
5.24 3.13 0.0326 124.18
5.26 3.049 0.0328 123.906
5.28 2.972 0.033 123.643
5.3 2.893 0.0332 123.356
5.32 2.842 0.0334 123.231
5.34 2.791 0.0336 123.099
5.36 2.741 0.0337 122.937
5.38 2.705 0.0339 122.891
5.4 2.677 0.0341 122.894
5.42 2.675 0.0343 123.067
5.44 2.702 0.0345 123.431
5.46 2.734 0.0347 123.826
5.48 2.774 0.0349 124.271
5.5 2.823 0.0351 124.77
5.52 2.856 0.0353 125.164
5.54 2.889 0.0355 125.557
5.56 2.881 0.0357 125.691
5.58 2.848 0.0359 125.667
5.6 2.805 0.0361 125.574
5.62 2.751 0.0363 125.405
5.64 2.673 0.0365 125.067
5.66 2.597 0.0367 124.728
5.68 2.533 0.0369 124.459
5.7 2.46 0.0371 124.113
5.72 2.396 0.0373 123.819
5.74 2.329 0.0375 123.489
5.76 2.264 0.0377 123.16
5.78 2.203 0.0379 122.849
5.8 2.145 0.0381 122.549
5.82 2.094 0.0383 122.295
5.84 2.053 0.0385 122.117
5.86 2.021 0.0387 122.009
5.88 2.006 0.0388 122.02
5.9 1.998 0.039 122.117
5.92 1.991 0.0392 122.222
5.94 1.988 0.0394 122.362
5.96 1.991 0.0396 122.555
5.98 1.999 0.0398 122.791
6 2.013 0.04 123.08
6.02 2.025 0.0402 123.351
6.04 2.038 0.0404 123.63
6.06 2.05 0.0406 123.899
6.08 2.058 0.0408 124.133
6.1 2.066 0.041 124.366
6.12 2.074 0.0412 124.599
6.14 2.083 0.0414 124.84
6.16 2.092 0.0416 125.081
6.18 2.103 0.0418 125.338
6.2 2.118 0.042 125.629
6.22 2.134 0.0422 125.928
6.24 2.149 0.0424 126.217
6.26 2.153 0.0426 126.413
6.28 2.15 0.0428 126.549
6.3 2.147 0.043 126.684
6.32 2.119 0.0432 126.605
6.34 2.1 0.0434 126.601
6.36 2.083 0.0436 126.612
6.38 2.056 0.0438 126.533
6.4 2.017 0.0439 126.318
6.42 1.951 0.0441 125.871
6.44 1.856 0.0443 125.125
6.46 1.754 0.0445 124.264
6.48 1.643 0.0447 123.252
6.5 1.52 0.0449 122.028
6.52 1.41 0.0451 120.863
6.54 1.301 0.0453 119.617
6.56 1.233 0.0455 118.84
6.58 1.191 0.0457 118.392
6.6 1.16 0.0459 118.085
6.62 1.143 0.0461 117.976
6.64 1.151 0.0463 118.237
6.66 1.157 0.0465 118.467
6.68 1.152 0.0467 118.534
6.7 1.16 0.0469 118.793
6.72 1.165 0.0471 119.007
6.74 1.176 0.0473 119.309
6.76 1.189 0.0475 119.638
6.78 1.202 0.0477 119.966
6.8 1.216 0.0479 120.307
6.82 1.23 0.0481 120.645
6.84 1.252 0.0483 121.094
6.86 1.272 0.0485 121.511
6.88 1.28 0.0487 121.761
6.9 1.283 0.0489 121.942
6.92 1.28 0.0491 122.04
6.94 1.271 0.0492 122.035
6.96 1.256 0.0494 121.965
6.98 1.239 0.0496 121.864
7 1.222 0.0498 121.759
7.02 1.207 0.05 121.68
7.04 1.194 0.0502 121.627
7.06 1.184 0.0504 121.616
7.08 1.183 0.0506 121.737
7.1 1.192 0.0508 122.005
7.12 1.205 0.051 122.332
7.14 1.225 0.0512 122.758
7.16 1.245 0.0514 123.18
7.18 1.271 0.0516 123.683
7.2 1.307 0.0518 124.318
7.22 1.36 0.052 125.168
7.24 1.427 0.0522 126.175
7.26 1.507 0.0524 127.308
7.28 1.595 0.0526 128.491
7.3 1.685 0.0528 129.651
7.32 1.785 0.053 130.872
7.34 1.885 0.0532 132.045
7.36 1.993 0.0534 133.251
7.38 2.106 0.0536 134.457
7.4 2.229 0.0538 135.704
7.42 2.364 0.054 137.003
7.44 2.506 0.0542 138.305
7.46 2.661 0.0543 139.631
7.48 2.821 0.0545 140.958
7.5 2.99 0.0547 142.293
7.52 3.164 0.0549 143.606
7.54 3.334 0.0551 144.843
7.56 3.497 0.0553 145.994
7.58 3.658 0.0555 147.095
7.6 3.819 0.0557 148.163
7.62 3.985 0.0559 149.227
7.64 4.154 0.0561 150.276
7.66 4.331 0.0563 151.337
7.68 4.515 0.0565 152.402
7.7 4.701 0.0567 153.446
7.72 4.891 0.0569 154.481
7.74 5.082 0.0571 155.492
7.76 5.282 0.0573 156.517
7.78 5.467 0.0575 157.453
7.8 5.636 0.0577 158.303
7.82 5.799 0.0579 159.114
7.84 5.95 0.0581 159.863
7.86 6.095 0.0583 160.578
7.88 6.241 0.0585 161.286
7.9 6.387 0.0587 161.984
7.92 6.534 0.0589 162.676
7.94 6.684 0.0591 163.369
7.96 6.831 0.0593 164.042
7.98 7.103 0.0594 165.105
8 7.13 0.0596 165.357
8.02 7.289 0.0598 166.044
8.04 7.454 0.06 166.742
8.06 7.754 0.0602 167.855
8.08 7.769 0.0604 168.063
8.1 7.899 0.0606 168.628
8.12 8.008 0.0608 169.123
8.14 8.233 0.061 169.962
8.16 8.205 0.0612 170.041
8.18 8.294 0.0614 170.467
8.2 5.846 0.018 146.462
8.22 8.517 0.0618 171.445
8.24 8.505 0.062 171.572
8.26 8.599 0.0622 172.005
8.28 8.717 0.0624 172.505
8.3 8.894 0.0626 173.168
8.32 8.958 0.0628 173.509
8.34 9.072 0.063 173.987
8.36 9.177 0.0632 174.437
8.38 9.318 0.0634 174.983
8.4 9.384 0.0636 175.323
8.42 9.487 0.0638 175.761
8.44 9.592 0.064 176.202
8.46 9.713 0.0642 176.682
8.48 9.846 0.0644 177.191
8.5 9.988 0.0645 177.696
8.52 10.137 0.0647 178.237
8.54 10.296 0.0649 178.799
8.56 10.468 0.0651 179.389
8.58 10.656 0.0653 180.012
8.6 10.855 0.0655 180.655
8.62 11.067 0.0657 181.322
8.64 11.29 0.0659 182.007
8.66 11.517 0.0661 182.693
8.68 11.751 0.0663 183.386
8.7 11.986 0.0665 184.074
8.72 12.222 0.0667 184.755
8.74 12.455 0.0669 185.423
8.76 12.674 0.0671 186.053
8.78 12.905 0.0673 186.702
8.8 13.138 0.0675 187.349
8.82 13.37 0.0677 187.986
8.84 13.597 0.0679 188.608
8.86 13.813 0.0681 189.201
8.88 14.02 0.0683 189.772
8.9 14.217 0.0685 190.319
8.92 14.403 0.0687 190.841
8.94 14.57 0.0689 191.323
8.96 14.721 0.0691 191.773
8.98 14.848 0.0693 192.175
9 14.953 0.0695 192.536
9.02 15.037 0.0697 192.856
9.04 15.106 0.0698 193.125
9.06 15.145 0.07 193.362
9.08 15.189 0.0702 193.607
9.1 15.235 0.0704 193.856
9.12 15.286 0.0706 194.113
9.14 15.336 0.0708 194.369
9.16 15.387 0.071 194.625
9.18 15.435 0.0712 194.877
9.2 15.473 0.0714 195.109
9.22 15.499 0.0716 195.319
9.24 15.508 0.0718 195.499
9.26 15.47 0.072 195.593
9.28 15.401 0.0722 195.629
9.3 15.325 0.0724 195.652
9.32 15.242 0.0726 195.661
9.34 15.167 0.0728 195.683
9.36 15.102 0.073 195.723
9.38 15.04 0.0732 195.768
9.4 7.86 0.018 158.755
9.42 15.747 0.018 175.566
9.44 14.828 0.0738 195.848
9.46 14.756 0.074 195.87
9.48 14.711 0.0742 195.943
9.5 14.67 0.0744 196.022
9.52 14.656 0.0746 196.154
9.54 14.648 0.0748 196.297
9.56 14.648 0.0749 196.433
9.58 14.64 0.0751 196.575
9.6 14.615 0.0753 196.684
9.62 14.571 0.0755 196.756
9.64 14.51 0.0757 196.794
9.66 14.435 0.0759 196.804
9.68 14.347 0.0761 196.787
9.7 14.237 0.0763 196.725
9.72 14.107 0.0765 196.62
9.74 13.979 0.0767 196.517
9.76 13.853 0.0769 196.416
9.78 13.727 0.0771 196.312
9.8 13.615 0.0773 196.234
9.82 13.512 0.0775 196.173
9.84 13.433 0.0777 196.16
9.86 13.388 0.0779 196.218
9.88 13.363 0.0781 196.317
9.9 13.367 0.0783 196.478
9.92 13.394 0.0785 196.687
9.94 13.452 0.0787 196.962
9.96 13.539 0.0789 197.296
9.98 13.655 0.0791 197.691
10 13.802 0.0793 198.148
10.02 13.976 0.0795 198.657
10.04 14.176 0.0797 199.216
10.06 14.421 0.0799 199.861
10.08 14.688 0.08 200.521
10.1 14.968 0.0802 201.22
10.12 15.262 0.0804 201.937
10.14 15.434 0.0806 202.416
10.16 15.647 0.0808 202.969
10.18 15.899 0.081 203.589
10.2 16.188 0.0812 204.271
10.22 16.48 0.0814 204.951
10.24 16.769 0.0816 205.619
10.26 17.07 0.0818 206.3
10.28 17.391 0.082 207.008
10.3 17.72 0.0822001 207.722
10.32 18.049 0.0824001 208.428
10.34 18.365 0.0826001 209.104
10.36 18.664 0.0828001 209.746
10.38 18.955 0.083 210.368
10.4 19.239 0.0832001 210.974
10.42 19.525 0.0834001 211.578
10.44 19.794 0.0836001 212.151
10.46 20.053 0.0838001 212.704
10.48 20.273 0.084 213.194
10.5 20.474 0.0842001 213.652
10.52 20.642 0.0844001 214.059
10.54 20.795 0.0846001 214.443
10.56 20.922 0.0848001 214.786
10.58 21.038 0.085 215.112
10.6 21.153 0.0852001 215.436
10.62 21.261 0.0853001 215.729
10.64 7.48 0.018 163.15
10.66 21.469 0.0857001 216.341
10.68 21.548 0.0859001 216.611
10.7 21.626 0.0861001 216.878
10.72 21.7 0.0863001 217.139
10.74 21.759 0.0865 217.379
10.76 21.806 0.0867001 217.601
10.78 21.832 0.0869001 217.792
10.8 21.845 0.0871001 217.965
10.82 21.85 0.0873001 218.126
10.84 21.842 0.0875 218.268
10.86 21.82 0.0877001 218.389
10.88 21.793 0.0879001 218.503
10.9 21.745 0.0881001 218.587
10.92 21.686 0.0883001 218.654
10.94 21.608 0.0885 218.693
10.96 21.519 0.0887001 218.715
10.98 21.426 0.0889001 218.731
11 21.331 0.0891001 218.742
11.02 21.23 0.0893001 218.744
11.04 21.121 0.0895 218.733
11.06 21.008 0.0897001 218.715
11.08 20.889 0.0899001 218.686
11.1 20.77 0.0901001 218.656
11.12 20.649 0.0903001 218.622
11.14 20.654 0.0904001 218.759
11.16 20.622 0.0906001 218.859
11.18 20.555 0.0908001 218.906
11.2 20.454 0.091 218.9
11.22 20.353 0.0912001 218.892
11.24 20.253 0.0914001 218.885
11.26 20.15 0.0916001 218.872
11.28 20.027 0.0918001 218.827
11.3 19.89 0.092 218.758
11.32 19.749 0.0922001 218.681
11.34 19.612 0.0924001 218.609
11.36 19.482 0.0926001 218.546
11.38 19.181 0.0928001 218.202
11.4 19.058 0.093 218.146
11.42 18.949 0.0932001 218.111
11.44 18.812 0.0934001 218.028
11.46 18.671 0.0936001 217.936
11.48 18.504 0.0938001 217.799
11.5 18.328 0.094 217.643
11.52 18.14 0.0942001 217.464
11.54 17.949 0.0944001 217.275
11.56 17.756 0.0946001 217.08
11.58 17.563 0.0948001 216.881
11.6 17.371 0.095 216.68
11.62 17.181 0.0952001 216.479
11.64 16.995 0.0954001 216.281
11.66 16.812 0.0955 216.066
11.68 16.652 0.0957001 215.909
11.7 16.503 0.0959001 215.769
11.72 16.369 0.0961001 215.656
11.74 16.248 0.0963001 215.565
11.76 16.134 0.0965 215.486
11.78 16.035 0.0967001 215.434
11.8 15.932 0.0969001 215.372
11.82 15.824 0.0971001 215.3
11.84 15.701 0.0973001 215.196
11.86 15.571 0.0975 215.076
11.88 15.437 0.0977001 214.946
11.9 15.306 0.0979001 214.819
11.92 15.199 0.0981001 214.739
11.94 15.105 0.0983001 214.684
11.96 15.018 0.0985 214.641
11.98 14.934 0.0987001 214.604
12 14.841 0.0989001 214.546
12.02 14.738 0.0991001 214.467
12.04 14.63 0.0993001 214.375
12.06 14.521 0.0995 214.279
12.08 14.419 0.0997001 214.196
12.1 14.325 0.0999001 214.128
12.12 14.248 0.1001 214.096
12.14 14.169 0.1003 214.058
12.16 14.087 0.1005 214.013
12.18 14.008 0.1007 213.973
12.2 13.939 0.1008 213.936
12.22 13.888 0.101 213.955
12.24 13.844 0.1012 213.99
12.26 13.802 0.1014 214.029
12.28 13.765 0.1016 214.078
12.3 13.741 0.1018 214.156
12.32 13.721 0.102 214.243
12.34 13.696 0.1022 214.318
12.36 13.664 0.1024 214.378
12.38 13.804 0.1026 214.824
12.4 13.769 0.1028 214.877
12.42 13.724 0.103 214.906
12.44 13.715 0.1032 215.017
12.46 13.702 0.1034 215.118
12.48 13.705 0.1036 215.255
12.5 13.715 0.1038 215.408
12.52 13.729 0.104 215.57
12.54 13.744 0.1042 215.734
12.56 13.757 0.1044 215.894
12.58 13.763 0.1046 216.037
12.6 13.761 0.1048 216.163
12.62 13.749 0.105 216.265
12.64 13.713 0.1052 216.313
12.66 13.658 0.1054 216.317
12.68 13.554 0.1056 216.208
12.7 13.421 0.1058 216.03
12.72 13.282 0.1059 215.817
12.74 13.142 0.1061 215.616
12.76 13.001 0.1063 215.409
12.78 12.863 0.1065 215.206
12.8 12.726 0.1067 215.001
12.82 12.59 0.1069 214.796
12.84 12.46 0.1071 214.601
12.86 12.335 0.1073 214.416
12.88 12.227 0.1075 214.27
12.9 12.141 0.1077 214.178
12.92 12.074 0.1079 214.133
12.94 12.096 0.1081 214.314
12.96 12.159 0.1083 214.599
12.98 12.279 0.1085 215.028
13 12.438 0.1087 215.552
13.02 12.631 0.1089 216.156
13.04 12.839 0.1091 216.791
13.06 11.858 0.018 184.564
13.08 13.289 0.1095 218.121
13.1 13.518 0.1097 218.784
13.12 13.741 0.1099 219.427
13.14 13.971 0.1101 220.078
13.16 14.203 0.1103 220.727
13.18 14.429 0.1105 221.356
13.2 14.641 0.1107 221.949
13.22 14.834 0.1109 222.495
13.24 15.017 0.111 222.998
13.26 15.197 0.1112 223.509
13.28 15.369 0.1114 223.998
13.3 15.528 0.1116 224.458
13.32 15.682 0.1118 224.905
13.34 15.834 0.112 225.345
13.36 15.989 0.1122 225.788
13.38 16.137 0.1124 226.216
13.4 16.279 0.1126 226.629
13.42 16.401 0.1128 227
13.44 16.501 0.113 227.327
13.46 16.589 0.1132 227.628
13.48 16.661 0.1134 227.898
13.5 16.726 0.1136 228.153
13.52 16.785 0.1138 228.396
13.54 16.839 0.114 228.629
13.56 16.892 0.1142 228.86
13.58 16.949 0.1144 229.098
13.6 17.01 0.1146 229.344
13.62 17.083 0.1148 229.613
13.64 17.179 0.115 229.925
13.66 17.305 0.1152 230.294
13.68 17.489 0.1154 230.772
13.7 17.728 0.1156 231.351
13.72 17.98 0.1158 231.949
13.74 18.237 0.116 232.551
13.76 18.504 0.1162 233.166
13.78 18.576 0.1163 233.407
13.8 18.855 0.1165 234.037
13.82 19.147 0.1167 234.683
13.84 19.446 0.1169 235.336
13.86 19.737 0.1171 235.968
13.88 20.008 0.1173 236.56
13.9 20.252 0.1175 237.102
13.92 20.465 0.1177 237.588
13.94 20.59 0.1179 237.925
13.96 20.678 0.1181 238.199
13.98 20.704 0.1183 238.371
14 20.686 0.1185 238.469
14.02 20.637 0.1187 238.516
14.04 20.574 0.1189 238.539
14.06 20.478 0.1191 238.506
14.08 20.344 0.1193 238.408
14.1 20.175 0.1195 238.249
14.12 19.983 0.1197 238.048
14.14 19.773 0.1199 237.813
14.16 19.519 0.1201 237.497
14.18 19.222 0.1203 237.099
14.2 18.931 0.1205 236.704
14.22 18.563 0.1207 236.161
14.24 18.203 0.1209 235.62
14.26 17.807 0.1211 234.999
14.28 17.376 0.1213 234.295
14.3 16.938 0.1214 233.542
14.32 16.496 0.1216 232.776
14.34 16.054 0.1218 231.99
14.36 15.609 0.122 231.173
14.38 15.174 0.1222 230.355
14.4 14.743 0.1224 229.521
14.42 14.328 0.1226 228.699
14.44 13.92 0.1228 227.868
14.46 13.521 0.123 227.034
14.48 13.142 0.1232 226.223
14.5 12.773 0.1234 225.414
14.52 12.414 0.1236 224.607
14.54 12.064 0.1238 223.8
14.56 11.729 0.124 223.009
14.58 11.403 0.1242 222.221
14.6 11.082 0.1244 221.423
14.62 10.763 0.1246 220.607
14.64 10.445 0.1248 219.769
14.66 10.119 0.125 218.88
14.68 9.784 0.1252 217.933
14.7 9.431 0.1254 216.894
14.72 9.076 0.1256 215.809
14.74 8.721 0.1258 214.682
14.76 8.36 0.126 213.488
14.78 8.2 0.1262 213.003
14.8 7.842 0.1264 211.745
14.82 7.482 0.1265 210.41
14.84 7.122 0.1267 209.027
14.86 6.767 0.1269 207.598
14.88 6.413 0.1271 206.103
14.9 6.065 0.1273 204.556
14.92 5.715 0.1275 202.915
14.94 5.359 0.1277 201.146
14.96 4.998 0.1279 199.236
14.98 4.637 0.1281 197.195
15 4.282 0.1283 195.044
15.02 3.928 0.1285 192.732
15.04 3.572 0.1287 190.208
15.06 3.22 0.1289 187.481
15.08 2.885 0.1291 184.631
15.1 2.571 0.1293 181.683
15.12 2.268 0.1295 178.52
15.14 1.979 0.1297 175.137
15.16 1.736 0.1299 171.949
15.18 1.541 0.1301 169.108
15.2 1.352 0.1303 166.033
15.22 1.245 0.1305 164.154
15.24 1.14 0.1307 162.165
15.26 1.069 0.1309 160.749
15.28 1.038 0.1311 160.148
15.3 1.015 0.1313 159.71
15.32 1 0.1315 159.446
15.34 0.992 0.1317 159.34
15.36 0.990001 0.1318 159.361
15.38 0.989 0.132 159.416
15.4 0.991 0.1322 159.54
15.42 0.992 0.1324 159.641
15.44 0.993 0.1326 159.742
15.46 0.997 0.1328 159.912
15.48 0.999 0.133 160.035
15.5 1.001 0.1332 160.159
15.52 1.002 0.1334 160.259
15.54 1.002 0.1336 160.337
15.56 1.002 0.1338 160.414
15.58 1.001 0.134 160.468
15.6 1.01 0.1342 160.753
15.62 1.03 0.1344 161.285
15.64 1.05 0.1346 161.809
15.66 1.064 0.1348 162.196
15.68 1.074 0.135 162.492
15.7 1.085 0.1352 162.809
15.72 1.098 0.1354 163.166
15.74 1.115 0.1356 163.605
15.76 1.133 0.1358 164.061
15.78 1.154 0.136 164.573
15.8 1.171 0.1362 164.999
15.82 1.185 0.1364 165.36
15.84 1.196 0.1366 165.658
15.86 1.205 0.1368 165.915
15.88 1.212 0.1369 166.122
15.9 1.216 0.1371 166.279
15.92 1.219 0.1373 166.417
15.94 1.221 0.1375 166.534
15.96 1.222 0.1377 166.632
15.98 1.231 0.1379 166.886
16 1.25 0.1381 167.333
16.02 1.296 0.1383 168.285
16.04 1.357 0.1385 169.482
16.06 1.419 0.1387 170.656
16.08 1.497 0.1389 172.056
16.1 1.581 0.1391 173.495
16.12 1.674 0.1393 175.01
16.14 1.79 0.1395 176.789
16.16 1.92 0.1397 178.665
16.18 2.074 0.1399 180.745
16.2 2.211 0.1401 182.502
16.22 2.33 0.1403 183.97
16.24 2.462 0.1405 185.521
16.26 2.599 0.1407 187.059
16.28 2.737 0.1409 188.545
16.3 2.877 0.1411 189.991
16.32 3.026 0.1413 191.466
16.34 3.265 0.1415 193.662
16.36 3.493 0.1417 195.643
16.38 3.679 0.1419 197.2
16.4 3.925 0.142 199.126
16.42 4.179 0.1422 201.024
16.44 4.439 0.1424 202.871
16.46 4.706 0.1426 204.677
16.48 4.98 0.1428 206.446
16.5 5.26 0.143 208.173
16.52 5.547 0.1432 209.867
16.54 5.859 0.1434 211.623
16.56 6.194 0.1436 213.42
16.58 6.564 0.1438 215.308
16.6 6.941 0.144 217.144
16.62 7.324 0.1442 218.929
16.64 7.713 0.1444 220.666
16.66 8.111 0.1446 222.37
16.68 4.583 0.018 172.279
16.7 8.91 0.145 225.601
16.72 9.311 0.1452 227.137
16.74 9.715 0.1454 228.633
16.76 10.128 0.1456 230.111
16.78 10.562 0.1458 231.608
16.8 11.007 0.146 233.093
16.82 11.458 0.1462 234.549
16.84 11.912 0.1464 235.969
16.86 11.338 0.018 196.868
16.88 12.815 0.1468 238.677
16.9 13.269 0.147 239.983
16.92 13.724 0.1472 241.257
16.94 14.183 0.1473 242.496
16.96 14.641 0.1475 243.716
16.98 15.094 0.1477 244.896
17 15.539 0.1479 246.03
17.02 15.969 0.1481 247.108
17.04 16.385 0.1483 248.134
17.06 16.787 0.1485 249.11
17.08 17.17 0.1487 250.03
17.1 17.529 0.1489 250.886
17.12 17.859 0.1491 251.671
17.14 18.142 0.1493 252.351
17.16 18.383 0.1495 252.941
17.18 18.585 0.1497 253.45
17.2 18.778 0.1499 253.938
17.22 18.992 0.1501 254.463
17.24 19.224 0.1503 255.018
17.26 19.469 0.1505 255.595
17.28 19.718 0.1507 256.174
17.3 19.973 0.1509 256.759
17.32 20.232 0.1511 257.347
17.34 20.448 0.1513 257.852
17.36 20.643 0.1515 258.315
17.38 20.836 0.1517 258.773
17.4 21.03 0.1519 259.23
17.42 21.227 0.1521 259.689
17.44 21.428 0.1523 260.154
17.46 21.626 0.1524 260.596
17.48 21.818 0.1526 261.039
17.5 22.01 0.1528 261.48
17.52 22.205 0.153 261.924
17.54 22.371 0.1532 262.317
17.56 22.509 0.1534 262.661
17.58 22.605 0.1536 262.934
17.6 22.683 0.1538 263.176
17.62 22.749 0.154 263.398
17.64 22.813 0.1542 263.616
17.66 22.872 0.1544 263.825
17.68 22.918 0.1546 264.013
17.7 22.953 0.1548 264.183
17.72 22.967 0.155 264.317
17.74 22.966 0.1552 264.427
17.76 22.948 0.1554 264.508
17.78 22.895 0.1556 264.531
17.8 22.824 0.1558 264.524
17.82 22.75 0.156 264.511
17.84 22.682 0.1562 264.508
17.86 22.628 0.1564 264.527
17.88 21.906 0.018 220.017
17.9 22.566 0.1568 264.643
17.92 22.547 0.157 264.722
17.94 22.525 0.1572 264.795
17.96 22.516 0.1574 264.889
17.98 22.526 0.1575 265.002
18 22.546 0.1577 265.146
18.02 22.565 0.1579 265.288
18.04 22.566 0.1581 265.4
18.06 22.558 0.1583 265.496
18.08 22.542 0.1585 265.578
18.1 22.527 0.1587 265.662
18.12 22.512 0.1589 265.746
18.14 22.494 0.1591 265.825
18.16 22.438 0.1593 265.839
18.18 22.375 0.1595 265.84
18.2 22.287 0.1597 265.798
18.22 22.134 0.1599 265.643
18.24 21.962 0.1601 265.454
18.26 21.726 0.1603 265.149
18.28 21.437 0.1605 264.747
18.3 21.121 0.1607 264.289
18.32 20.797 0.1609 263.808
18.34 20.46 0.1611 263.296
18.36 20.101 0.1613 262.732
18.38 19.725 0.1615 262.125
18.4 19.335 0.1617 261.478
18.42 18.928 0.1619 260.784
18.44 18.503 0.1621 260.038
18.46 18.058 0.1623 259.232
18.48 17.606 0.1625 258.392
18.5 17.144 0.1626 257.495
18.52 16.671 0.1628 256.563
18.54 16.199 0.163 255.607
18.56 15.728 0.1632 254.625
18.58 15.263 0.1634 253.629
18.6 14.8 0.1636 252.608
18.62 14.334 0.1638 251.548
18.64 13.866 0.164 250.448
18.66 13.401 0.1642 249.321
18.68 12.954 0.1644 248.205
18.7 12.516 0.1646 247.077
18.72 12.098 0.1648 245.969
18.74 11.69 0.165 244.854
18.76 11.292 0.1652 243.733
18.78 10.903 0.1654 242.602
18.8 10.522 0.1656 241.458
18.82 10.139 0.1658 240.267
18.84 9.749 0.166 239.009
18.86 9.348 0.1662 237.661
18.88 8.936 0.1664 236.217
18.9 8.504 0.1666 234.63
18.92 8.069 0.1668 232.954
18.94 7.634 0.167 231.194
18.96 7.187 0.1672 229.284
18.98 6.72 0.1674 227.165
19 6.239 0.1676 224.837
19.02 5.75 0.1678 222.297
19.04 5.276 0.1679 219.635
19.06 4.815 0.1681 216.847
19.08 4.371 0.1683 213.93
19.1 3.946 0.1685 210.885
19.12 3.541 0.1687 207.702
19.14 3.162 0.1689 204.424
19.16 2.849 0.1691 201.456
19.18 2.568 0.1693 198.544
19.2 2.321 0.1695 195.749
19.22 2.118 0.1697 193.261
19.24 1.915 0.1699 190.551
19.26 1.763 0.1701 188.368
19.28 1.659 0.1703 186.798
19.3 1.574 0.1705 185.46
19.32 1.486 0.1707 184.001
19.34 1.409 0.1709 182.667
19.36 1.349 0.1711 181.596
19.38 1.297 0.1713 180.64
19.4 1.249 0.1715 179.731
19.42 1.207 0.1717 178.916
19.44 1.172 0.1719 178.228
19.46 1.154 0.1721 177.899
19.48 1.143 0.1723 177.722
19.5 1.136 0.1725 177.633
19.52 1.134 0.1727 177.655
19.54 1.151 0.1729 178.104
19.56 1.249 0.173 180.272
19.58 1.369 0.1732 182.739
19.6 1.482 0.1734 184.908
19.62 1.574 0.1736 186.59
19.64 1.663 0.1738 188.145
19.66 1.77 0.174 189.914
19.68 1.886 0.1742 191.73
19.7 2.031 0.1744 193.859
19.72 2.213 0.1746 196.344
19.74 2.417 0.1748 198.928
19.76 2.63 0.175 201.438
19.78 2.845 0.1752 203.807
19.8 3.057 0.1754 206.004
19.82 3.242 0.1756 207.833
19.84 3.396 0.1758 209.305
19.86 3.524 0.176 210.502
19.88 3.611 0.1762 211.322
19.9 3.664 0.1764 211.845
19.92 3.712 0.1766 212.321
19.94 3.773 0.1768 212.9
19.96 3.845 0.177 213.56
19.98 3.887 0.1772 213.974
20 3.93 0.1774 214.393
20.02 3.957 0.1776 214.684
20.04 3.977 0.1778 214.919
20.06 3.998 0.178 215.162
20.08 4.013 0.1781 215.348
20.1 4.027 0.1783 215.536
20.12 4.041 0.1785 215.723
20.14 4.055 0.1787 215.911
20.16 4.072 0.1789 216.12
20.18 4.088 0.1791 216.322
20.2 4.103 0.1793 216.516
20.22 4.122 0.1795 216.74
20.24 4.14 0.1797 216.956
20.26 4.157 0.1799 217.163
20.28 4.17 0.1801 217.341
20.3 4.182 0.1803 217.51
20.32 4.193 0.1805 217.672
20.34 4.202 0.1807 217.819
20.36 4.212 0.1809 217.973
20.38 4.222 0.1811 218.127
20.4 4.233 0.1813 218.289
20.42 4.244 0.1815 218.45
20.44 4.257 0.1817 218.625
20.46 4.269 0.1819 218.794
20.48 4.283 0.1821 218.976
20.5 4.297 0.1823 219.159
20.52 4.313 0.1825 219.356
20.54 4.311 0.1827 219.42
20.56 4.231 0.1829 218.908
20.58 4.129 0.1831 218.219
20.6 4.033 0.1833 217.56
20.62 3.958 0.1834 217.041
20.64 3.886 0.1836 216.546
20.66 3.798 0.1838 215.91
20.68 3.702 0.184 215.193
20.7 3.576 0.1842 214.2
20.72 3.41 0.1844 212.815
20.74 3.221 0.1846 211.15
20.76 3.022 0.1848 209.295
20.78 2.821 0.185 207.305
20.8 2.623 0.1852 205.217
20.82 2.454 0.1854 203.331
20.84 2.318 0.1856 201.741
20.86 2.205 0.1858 200.365
20.88 2.137 0.186 199.535
20.9 2.105 0.1862 199.172
20.92 2.081 0.1864 198.914
20.94 2.052 0.1866 198.583
20.96 2.019 0.1868 198.191
20.98 2.012 0.187 198.162
21 2.001 0.1872 198.075
21.02 2.006 0.1874 198.217
21.04 2.017 0.1876 198.443
21.06 2.027 0.1878 198.654
21.08 2.041 0.188 198.921
21.1 2.077 0.1882 199.493
21.12 2.119 0.1884 200.139
21.14 2.177 0.1885 200.981
21.16 2.241 0.1887 201.892
21.18 2.299 0.1889 202.707
21.2 2.35 0.1891 203.42
21.22 2.388 0.1893 203.962
21.24 2.414 0.1895 204.352
21.26 2.439 0.1897 204.727
21.28 2.455 0.1899 204.991
21.3 2.468 0.1901 205.218
21.32 2.481 0.1903 205.445
21.34 2.493 0.1905 205.66
21.36 2.504 0.1907 205.862
21.38 2.514 0.1909 206.051
21.4 2.522 0.1911 206.217
21.42 2.537 0.1913 206.465
21.44 2.562 0.1915 206.828
21.46 2.626 0.1917 207.636
21.48 2.762 0.1919 209.224
21.5 2.935 0.1921 211.135
21.52 3.154 0.1923 213.408
21.54 3.54 0.1925 217.061
21.56 4.191 0.1927 222.479
21.58 4.235 0.1929 222.89
21.6 4.281 0.1931 223.314
21.62 4.33 0.1933 223.757
21.64 4.382 0.1935 224.219
21.66 4.434 0.1936 224.667
21.68 4.486 0.1938 225.122
21.7 4.54 0.194 225.587
21.72 4.599 0.1942 226.085
21.74 4.658 0.1944 226.577
21.76 4.721 0.1946 227.094
21.78 4.786 0.1948 227.619
21.8 4.859 0.195 228.193
21.82 4.935 0.1952 228.781
21.84 5.018 0.1954 229.41
21.86 5.106 0.1956 230.063
21.88 5.197 0.1958 230.727
21.9 5.291 0.196 231.402
21.92 5.386 0.1962 232.074
21.94 5.474 0.1964 232.695
21.96 5.555 0.1966 233.267
21.98 5.647 0.1968 233.898
22 5.753 0.197 234.604
22.02 5.866 0.1972 235.342
22.04 34.6094 0.018 249.065
