0.001 5.75 -0.0005 -nan
0.02 5.641 -0.000700001 -nan
0.04 5.605 -0.0002 -nan
0.06 5.567 -0.0003 -nan
0.0800001 5.53 -0.0002 -nan
0.1 5.495 -0.0004 -nan
0.12 5.463 0.000700001 34.2084
0.14 5.434 -0.0004 -nan
0.16 5.408 -0.0013 -nan
0.18 5.385 -0.0013 -nan
0.2 5.363 -0.0016 -nan
0.22 5.344 -0.0013 -nan
0.24 5.326 -0.0011 -nan
0.26 5.31 -0.0011 -nan
0.28 5.295 -0.0014 -nan
0.3 5.282 -0.002 -nan
0.32 5.27 -0.0026 -nan
0.34 5.259 -0.0018 -nan
0.36 5.249 -0.002 -nan
0.38 5.24 -0.0021 -nan
0.4 5.233 -0.0021 -nan
0.42 5.226 -0.0022 -nan
0.44 5.423 -0.002 -nan
0.46 5.511 -0.0021 -nan
0.48 5.595 -0.0022 -nan
0.5 5.582 -0.0022 -nan
0.52 5.604 -0.0024 -nan
0.54 5.613 -0.0023 -nan
0.56 5.554 -0.0022 -nan
0.58 5.418 -0.0025 -nan
0.6 5.343 -0.0027 -nan
0.62 5.339 -0.0029 -nan
0.640001 5.288 -0.0029 -nan
0.660001 5.236 -0.003 -nan
0.680001 5.189 -0.0025 -nan
0.700001 5.144 -0.0025 -nan
0.720001 5.057 -0.0026 -nan
0.740001 5.065 -0.0021 -nan
0.760001 5.032 -0.0025 -nan
0.780001 5.001 -0.0025 -nan
0.800001 4.995 -0.0028 -nan
0.820001 4.987 -0.0029 -nan
0.840001 4.965 -0.003 -nan
0.860001 4.977 -0.0029 -nan
0.880001 4.977 -0.002 -nan
0.900001 4.979 -0.0018 -nan
0.920001 4.985 -0.0019 -nan
0.940001 4.995 -0.0021 -nan
0.960001 5.006 -0.0022 -nan
0.980001 5.026 -0.0024 -nan
1 5.058 -0.0024 -nan
1.02 5.091 -0.0026 -nan
1.04 5.131 -0.0026 -nan
1.06 5.156 -0.0028 -nan
1.08 5.197 -0.0029 -nan
1.1 5.239 -0.0028 -nan
1.12 5.282 -0.0028 -nan
1.14 5.324 -0.0031 -nan
1.16 5.366 -0.0031 -nan
1.18 5.41 -0.0031 -nan
1.2 5.453 -0.0032 -nan
1.22 5.496 -0.0033 -nan
1.24 5.558 -0.0035 -nan
1.26 5.603 -0.0035 -nan
1.28 5.649 -0.0034 -nan
1.3 5.677 -0.0036 -nan
1.32 5.725 -0.0036 -nan
1.34 5.773 -0.0037 -nan
1.36 5.823 -0.0039 -nan
1.38 5.874 -0.0039 -nan
1.4 5.925 -0.004 -nan
1.42 5.977 -0.004 -nan
1.44 6.029 -0.004 -nan
1.46 6.082 -0.0048 -nan
1.48 6.133 -0.0049 -nan
1.5 6.184 -0.0049 -nan
1.52 6.232 -0.005 -nan
1.54 6.28 -0.0051 -nan
1.56 6.327 -0.0052 -nan
1.58 6.373 -0.0052 -nan
1.6 6.417 -0.0052 -nan
1.62 6.461 -0.0054 -nan
1.64 6.505 -0.0047 -nan
1.66 6.549 -0.0045 -nan
1.68 6.594 -0.0047 -nan
1.7 6.639 -0.0047 -nan
1.72 6.685 -0.0048 -nan
1.74 6.732 -0.0047 -nan
1.76 6.779 -0.0049 -nan
1.78 6.826 -0.0048 -nan
1.8 6.877 -0.0048 -nan
1.82 6.929 -0.005 -nan
1.84 6.983 -0.0051 -nan
1.86 7.039 -0.0051 -nan
1.88 7.094 -0.0052 -nan
1.9 7.15 -0.005 -nan
1.92 7.211 -0.0051 -nan
1.94 7.278 -0.0052 -nan
1.96 7.352 -0.0053 -nan
1.98 7.428 -0.0054 -nan
2 7.503 -0.0054 -nan
2.02 7.581 -0.0055 -nan
2.04 7.667 -0.0056 -nan
2.06 7.812 -0.0056 -nan
2.08 7.931 -0.0055 -nan
2.1 8.044 -0.0056 -nan
2.12 8.155 -0.0056 -nan
2.14 8.261 -0.0056 -nan
2.16 8.363 -0.0057 -nan
2.18 8.426 -0.0057 -nan
2.2 8.519 -0.0057 -nan
2.22 8.607 -0.0056 -nan
2.24 8.694 -0.0059 -nan
2.26 8.777 -0.0056 -nan
2.28 8.863 -0.0056 -nan
2.3 8.935 -0.0056 -nan
2.32 8.987 1e-06 48.5449
2.34 9.034 0.0002 75.675
2.36 9.079 0.0004 80.4149
2.38 9.121 0.0006 83.4247
2.4 9.17 0.000800001 85.7107
2.42 9.229 0.001 87.5993
2.44 9.29 0.0012 89.2266
2.46 9.337 0.0014 90.6495
2.48 9.376 0.0016 91.924
2.5 9.408 0.0018 93.0824
2.52 9.438 0.002 94.1533
2.54 9.466 0.0022 95.1523
2.56 9.495 0.0024 96.0952
2.58 9.523 0.0026 96.9879
2.6 9.549 0.0027 97.5403
2.62 10.512 1e-06 51.3604
2.64 10.666 0.011 111.866
2.66 10.491 0.011 111.835
2.68 10.761 0.011 112.479
2.7 9.573 0.0037 101.224
2.72 9.566 0.0039 101.866
2.74 9.56 0.0041 102.49
2.76 9.557 0.0043 103.101
2.78 9.562 0.0045 103.707
2.8 9.57 0.0047 104.303
2.82 9.589 0.0049 104.903
2.84 9.611 0.0051 105.494
2.86 9.632 0.0053 106.072
2.88 9.649 0.0055 106.633
2.9 9.66 0.0057 107.174
2.92 9.662 0.0059 107.691
2.94 9.661 0.0061 108.193
2.96 9.664 0.0063 108.694
2.98 9.676 0.0065 109.201
3 9.699 0.0067 109.717
3.02 9.732 0.0069 110.244
3.04 9.76 0.0071 110.755
3.06 9.762 0.0073 111.217
3.08 9.767 0.0075 111.678
3.1 9.782 0.0077 112.149
3.12 9.811 0.0078 112.518
3.14 9.849 0.008 113.019
3.16 9.898 0.0082 113.532
3.18 9.956 0.0084 114.056
3.2 10.023 0.0086 114.589
3.22 10.093 0.0088 115.123
3.24 10.163 0.009 115.652
3.26 10.235 0.0092 116.18
3.28 10.303 0.0094 116.698
3.3 10.387 0.0096 117.237
3.32 10.489 0.0098 117.801
3.34 10.593 0.01 118.365
3.36 10.699 0.0102 118.927
3.38 10.813 0.0104 119.498
3.4 10.922 0.0106 120.058
3.42 11.025 0.0108 120.604
3.44 11.128 0.011 121.146
3.46 11.25 0.0112 121.714
3.48 11.403 0.0114 122.327
3.5 11.572 0.0116 122.96
3.52 11.754 0.0118 123.607
3.54 11.941 0.012 124.257
3.56 12.137 0.0122 124.916
3.58 12.339 0.0124 125.578
3.6 12.549 0.0126 126.247
3.62 12.768 0.0128 126.923
3.64 12.999 0.0129 127.529
3.66 13.238 0.0131 128.223
3.68 13.482 0.0133 128.918
3.7 13.726 0.0135 129.607
3.72 13.969 0.0137 130.289
3.74 14.211 0.0139 130.964
3.76 14.444 0.0141 131.623
3.78 14.662 0.0143 132.256
3.8 14.868 0.0145 132.87
3.82 15.065 0.0147 133.469
3.84 15.266 0.0149 134.069
3.86 15.469 0.0151 134.667
3.88 15.675 0.0153 135.266
3.9 15.887 0.0155 135.869
3.92 16.098 0.0157 136.466
3.94 16.302 0.0159 137.052
3.96 16.491 0.0161 137.616
3.98 16.66 0.0163 138.153
4 16.813 0.0165 138.669
4.02 16.951 0.0167 139.164
4.04 17.074 0.0169 139.64
4.06 17.189 0.0171 140.104
4.08 17.296 0.0173 140.557
4.1 17.396 0.0175 140.999
4.12 17.479 0.0177 141.421
4.14 17.545 0.0179 141.821
4.16 17.601 0.0181 142.207
4.18 17.644 0.0182 142.512
4.2 17.74 0.0184 142.943
4.22 17.716 0.0186 143.233
4.24 17.821 0.0188 143.671
4.26 17.803 0.019 143.965
4.28 17.915 0.0192 144.409
4.3 17.902 0.0194 144.706
4.32 18.017 0.0196 145.15
4.34 18.001 0.0198 145.44
4.36 18.103 0.02 145.867
4.38 18.078 0.0202 146.145
4.4 18.157 0.0204 146.542
4.42 18.136 0.0206 146.821
4.44 18.165 0.0208 147.158
4.46 18.19 0.021 147.488
4.48 18.182 0.0212 147.779
4.5 18.166 0.0214 148.059
4.52 18.133 0.0216 148.318
4.54 18.089 0.0218 148.562
4.56 18.034 0.022 148.791
4.58 17.969 0.0222 149.007
4.6 17.899 0.0224 149.215
4.62 17.828 0.0226 149.42
4.64 17.755 0.0228 149.621
4.66 17.68 0.023 149.817
4.68 17.606 0.0232 150.013
4.7 17.531 0.0233 150.153
4.72 17.468 0.0235 150.359
4.74 17.409 0.0237 150.569
4.76 17.359 0.0239 150.788
4.78 17.316 0.0241 151.015
4.8 17.279 0.0243 151.247
4.82 17.24 0.0245 151.476
4.84 17.192 0.0247 151.693
4.86 17.147 0.0249 151.911
4.88 17.103 0.0251 152.13
4.9 17.06 0.0253 152.348
4.92 17.017 0.0255 152.565
4.94 16.979 0.0257 152.787
4.96 16.948 0.0259 153.018
4.98 16.931 0.0261 153.265
5 15.082 1e-06 64.7485
5.02 16.908 0.018 148.901
5.04 16.906 0.018 149.063
5.06 16.901 0.018 149.221
5.08 16.897 0.0271 154.552
5.1 16.888 0.0273 154.804
5.12 16.879 0.0275 155.055
5.14 16.874 0.0277 155.31
5.16 16.872 0.0279 155.568
5.18 16.88 0.0281 155.839
5.2 16.893 0.0283 156.115
5.22 16.9 0.0284 156.337
5.24 16.901 0.0286 156.596
5.26 16.897 0.0288 156.848
5.28 16.888 0.029 157.092
5.3 16.877 0.0292 157.332
5.32 16.856 0.0294 157.558
5.34 16.831 0.0296 157.778
5.36 16.805 0.0298 157.995
5.38 16.781 0.03 158.214
5.4 16.756 0.0302 158.431
5.42 16.723 0.0304 158.636
5.44 16.685 0.0306 158.833
5.46 16.649 0.0308 159.032
5.48 16.625 0.031 159.247
5.5 16.606 0.0312 159.467
5.52 16.599 0.0314 159.703
5.54 16.607 0.0316 159.959
5.56 16.616 0.0318 160.216
5.58 16.624 0.032 160.471
5.6 16.628 0.0322 160.72
5.62 16.623 0.0324 160.955
5.64 16.611 0.0326 161.18
5.66 16.591 0.0328 161.392
5.68 16.567 0.033 161.599
5.7 16.513 0.0332 161.762
5.72 16.459 0.0334 161.924
5.74 16.405 0.0336 162.085
5.76 16.345 0.0337 162.197
5.78 16.283 0.0339 162.344
5.8 16.22 0.0341 162.489
5.82 16.155 0.0343 162.629
5.84 16.087 0.0345 162.764
5.86 16.013 0.0347 162.889
5.88 15.936 0.0349 163.009
5.9 15.856 0.0351 163.122
5.92 15.777 0.0353 163.235
5.94 15.697 0.0355 163.345
5.96 15.613 0.0357 163.448
5.98 15.521 0.0359 163.537
6 15.427 0.0361 163.622
6.02 15.332 0.0363 163.703
6.04 15.249 0.0365 163.801
6.06 15.179 0.0367 163.917
6.08 15.116 0.0369 164.043
6.1 15.061 0.0371 164.181
6.12 15.012 0.0373 164.327
6.14 14.969 0.0375 164.481
6.16 14.927 0.0377 164.636
6.18 14.879 0.0379 164.781
6.2 14.83 0.018 154.948
6.22 14.786 0.018 155.02
6.24 14.748 0.018 155.101
6.26 14.713 0.018 155.186
6.28 14.678 0.0388 165.517
6.3 14.645 0.039 165.68
6.32 14.622 0.0392 165.859
6.34 14.604 0.0394 166.046
6.36 14.593 0.0396 166.243
6.38 14.583 0.0398 166.442
6.4 14.577 0.04 166.646
6.42 14.568 0.0402 166.845
6.44 14.558 0.0404 167.042
6.46 14.553 0.0406 167.247
6.48 14.555 0.0408 167.462
6.5 14.556 0.041 167.675
6.52 14.555 0.0412 167.885
6.54 14.547 0.0414 168.082
6.56 14.545 0.0416 168.289
6.58 14.556 0.0418 168.517
6.6 14.57 0.042 168.75
6.62 14.583 0.0422 168.98
6.64 14.596 0.0424 169.21
6.66 14.61 0.0426 169.442
6.68 14.621 0.0428 169.667
6.7 14.658 0.043 169.936
6.72 14.688 0.0432 170.193
6.74 14.716 0.0434 170.446
6.76 14.743 0.0436 170.697
6.78 14.768 0.0438 170.944
6.8 14.789 0.0439 171.151
6.82 14.81 0.0441 171.391
6.84 14.83 0.0443 171.628
6.86 14.849 0.0445 171.864
6.88 14.87 0.0447 172.102
6.9 14.881 0.0449 172.323
6.92 14.894 0.0451 172.547
6.94 14.899 0.0453 172.758
6.96 14.896 0.0455 172.954
6.98 14.882 0.0457 173.132
7 14.86 0.0459 173.296
7.02 14.821 0.0461 173.431
7.04 14.762 0.0463 173.531
7.06 14.691 0.0465 173.609
7.08 14.615 0.0467 173.678
7.1 14.548 0.0469 173.761
7.12 14.493 0.0471 173.864
7.14 14.451 0.0473 173.988
7.16 14.441 0.0475 174.167
7.18 14.446 0.0477 174.372
7.2 14.47 0.0479 174.609
7.22 14.498 0.0481 174.853
7.24 14.525 0.0483 175.095
7.26 14.549 0.0485 175.332
7.28 14.563 0.0487 175.55
7.3 14.571 0.0489 175.758
7.32 14.583 0.0491 175.972
7.34 14.597 0.0492 176.16
7.36 14.611 0.0494 176.377
7.38 14.619 0.018 162.302
7.4 14.624 0.018 162.432
7.42 14.63 0.018 162.564
7.44 14.636 0.018 162.695
7.46 14.635 0.0504 177.377
7.48 14.621 0.0506 177.543
7.5 14.6 0.0508 177.697
7.52 14.578 0.051 177.848
7.54 14.559 0.0512 178.004
7.56 14.539 0.0514 178.157
7.58 14.512 0.0516 178.298
7.6 14.482 0.0518 178.433
7.62 14.449 0.052 178.562
7.64 14.419 0.0522 178.696
7.66 14.393 0.0524 178.836
7.68 14.378 0.0526 178.996
7.7 14.37 0.0528 179.168
7.72 14.366 0.053 179.346
7.74 14.382 0.0532 179.56
7.76 14.411 0.0534 179.797
7.78 14.447 0.0536 180.047
7.8 14.488 0.0538 180.304
7.82 14.541 0.054 180.584
7.84 14.6 0.0542 180.873
7.86 14.659 0.0543 181.134
7.88 14.717 0.0545 181.42
7.9 14.775 0.0547 181.707
7.92 14.824 0.0549 181.976
7.94 14.865 0.0551 182.232
7.96 14.906 0.0553 182.486
7.98 15.011 0.0555 182.853
8 15.015 0.0557 183.042
8.02 15.096 0.0559 183.366
8.04 15.191 0.0561 183.714
8.06 15.387 0.0563 184.235
8.08 15.397 0.0565 184.433
8.1 15.478 0.0567 184.754
8.12 15.553 0.0569 185.064
8.14 15.644 0.0571 185.4
8.16 15.645 0.0573 185.582
8.18 15.671 0.0575 185.807
8.2 15.7 0.0577 186.036
8.22 15.721 0.0579 186.252
8.24 15.766 0.0581 186.508
8.26 15.802 0.0583 186.748
8.28 15.833 0.0585 186.98
8.3 15.863 0.0587 187.209
8.32 15.877 0.0589 187.412
8.34 15.89 0.0591 187.612
8.36 15.906 0.0593 187.817
8.38 15.928 0.0594 188.005
8.4 15.929 0.0596 188.184
8.42 15.942 0.0598 188.383
8.44 15.956 0.06 188.584
8.46 15.974 0.0602 188.791
8.48 15.999 0.0604 189.009
8.5 16.03 0.0606 189.238
8.52 16.059 0.0608 189.463
8.54 16.084 0.061 189.681
8.56 16.104 0.0612 189.89
8.58 16.122 0.018 171.646
8.6 16.132 0.018 171.773
8.62 16.145 0.018 171.904
8.64 16.155 0.018 172.03
8.66 16.159 0.0622 190.855
8.68 16.156 0.0624 191.023
8.7 16.149 0.0626 191.184
8.72 16.126 0.0628 191.318
8.74 16.077 0.063 191.407
8.76 16.01 0.0632 191.464
8.78 15.93 0.0634 191.497
8.8 15.842 0.0636 191.516
8.82 15.741 0.0638 191.51
8.84 15.636 0.064 191.496
8.86 15.535 0.0642 191.487
8.88 15.442 0.0644 191.491
8.9 15.384 0.0645 191.532
8.92 15.347 0.0647 191.635
8.94 15.334 0.0649 191.78
8.96 15.338 0.0651 191.955
8.98 15.353 0.0653 192.15
9 15.369 0.0655 192.347
9.02 15.383 0.0657 192.54
9.04 15.391 0.0659 192.722
9.06 15.396 0.0661 192.898
9.08 15.397 0.0663 193.066
9.1 15.403 0.0665 193.244
9.12 15.403 0.0667 193.41
9.14 15.403 0.0669 193.576
9.16 15.409 0.0671 193.753
9.18 15.405 0.0673 193.911
9.2 15.38 0.0675 194.031
9.22 15.347 0.0677 194.136
9.24 15.31 0.0679 194.233
9.26 15.278 0.0681 194.339
9.28 15.262 0.0683 194.473
9.3 15.255 0.0685 194.624
9.32 15.232 0.0687 194.745
9.34 15.202 0.0689 194.853
9.36 15.163 0.0691 194.944
9.38 15.124 0.0693 195.034
9.4 15.08 0.0695 195.115
9.42 15.032 0.0697 195.187
9.44 14.981 0.0698 195.23
9.46 14.92 0.07 195.277
9.48 14.856 0.0702 195.317
9.5 14.79 0.0704 195.352
9.52 14.727 0.0706 195.393
9.54 14.665 0.0708 195.434
9.56 14.602 0.071 195.472
9.58 14.542 0.0712 195.516
9.6 14.49 0.0714 195.574
9.62 14.444 0.0716 195.643
9.64 14.402 0.0718 195.719
9.66 14.366 0.072 195.807
9.68 14.331 0.0722 195.896
9.7 14.295 0.0724 195.982
9.72 14.269 0.0726 196.088
9.74 14.248 0.0728 196.204
9.76 14.24 0.073 196.345
9.78 14.247 0.0732 196.515
9.8 14.272 0.0734 196.721
9.82 14.315 0.0736 196.962
9.84 14.365 0.0738 197.217
9.86 14.418 0.074 197.478
9.88 14.463 0.0742 197.722
9.9 14.479 0.0744 197.909
9.92 14.474 0.0746 198.055
9.94 14.46 0.0748 198.182
9.96 14.432 0.0749 198.259
9.98 14.397 0.0751 198.345
10 14.353 0.0753 198.412
10.02 14.304 0.0755 198.468
10.04 14.245 0.0757 198.503
10.06 14.183 0.0759 198.532
10.08 14.121 0.0761 198.56
10.1 14.06 0.0763 198.589
10.12 13.995 0.0765 198.609
10.14 13.924 0.0767 198.616
10.16 13.841 0.0769 198.596
10.18 13.755 0.0771 198.57
10.2 13.668 0.0773 198.539
10.22 13.579 0.0775 198.503
10.24 13.484 0.0777 198.453
10.26 13.387 0.0779 198.397
10.28 13.288 0.0781 198.335
10.3 13.201 0.0783 198.297
10.32 13.145 0.0785 198.324
10.34 13.1 0.0787 198.375
10.36 13.072 0.0789 198.462
10.38 13.057 0.0791 198.578
10.4 13.055 0.0793 198.721
10.42 13.061 0.0795 198.882
10.44 13.071 0.0797 199.052
10.46 13.082 0.0799 199.224
10.48 13.099 0.08 199.387
10.5 13.111 0.0802 199.561
10.52 13.117 0.0804 199.721
10.54 13.115 0.0806 199.863
10.56 13.112 0.0808 200.003
10.58 13.106 0.081 200.137
10.6 13.096 0.0812 200.261
10.62 13.084 0.0814 200.38
10.64 13.075 0.0816 200.506
10.66 13.068 0.0818 200.636
10.68 13.062 0.082 200.768
10.7 13.053 0.0822001 200.894
10.72 13.04 0.0824001 201.01
10.74 13.021 0.0826001 201.112
10.76 12.992 0.0828001 201.192
10.78 12.964 0.083 201.274
10.8 12.936 0.0832001 201.355
10.82 12.891 0.0834001 201.398
10.84 12.843 0.0836001 201.433
10.86 12.793 0.0838001 201.464
10.88 12.751 0.084 201.511
10.9 12.728 0.0842001 201.602
10.92 12.713 0.0844001 201.71
10.94 12.713 0.0846001 201.852
10.96 12.725 0.0848001 202.022
10.98 12.74 0.085 202.198
11 12.755 0.0852001 202.374
11.02 12.766 0.0853001 202.522
11.04 12.787 0.0855 202.711
11.06 12.82 0.0857001 202.928
11.08 12.866 0.0859001 203.174
11.1 12.927 0.0861001 203.454
11.12 13.008 0.0863001 203.778
11.14 13.099 0.0865 204.124
11.16 13.199 0.0867001 204.489
11.18 13.313 0.0869001 204.883
11.2 13.436 0.0871001 205.296
11.22 13.567 0.0873001 205.725
11.24 13.709 0.0875 206.174
11.26 13.853 0.0877001 206.626
11.28 13.995 0.0879001 207.071
11.3 14.127 0.0881001 207.493
11.32 14.257 0.0883001 207.908
11.34 14.385 0.0885 208.317
11.36 14.512 0.0887001 208.722
11.38 14.635 0.0889001 209.118
11.4 14.749 0.0891001 209.493
11.42 14.86 0.0893001 209.861
11.44 14.968 0.0895 210.221
11.46 15.083 0.0897001 210.594
11.48 15.19 0.0899001 210.95
11.5 15.297 0.0901001 211.304
11.52 15.417 0.0903001 211.683
11.54 15.553 0.0904001 212.073
11.56 15.706 0.0906001 212.514
11.58 15.87 0.0908001 212.973
11.6 16.045 0.091 213.451
11.62 16.227 0.0912001 213.94
11.64 16.418 0.0914001 214.442
11.66 16.609 0.0916001 214.941
11.68 16.798 0.0918001 215.433
11.7 16.997 0.092 215.941
11.72 17.201 0.0922001 216.454
11.74 17.408 0.0924001 216.969
11.76 17.613 0.0926001 217.477
11.78 17.804 0.0928001 217.957
11.8 17.987 0.093 218.42
11.82 18.148 0.0932001 218.843
11.84 18.29 0.0934001 219.231
11.86 18.423 0.0936001 219.602
11.88 18.546 0.0938001 219.954
11.9 18.658 0.094 220.287
11.92 18.787 0.0942001 220.648
11.94 18.922 0.0944001 221.017
11.96 19.065 0.0946001 221.399
11.98 19.218 0.0948001 221.796
12 19.381 0.095 222.208
12.02 19.547 0.0952001 222.623
12.04 19.712 0.0954001 223.034
12.06 19.871 0.0955 223.415
12.08 20.02 0.0957001 223.798
12.1 20.156 0.0959001 224.158
12.12 20.265 0.0961001 224.474
12.14 20.362 0.0963001 224.77
12.16 20.432 0.018 195.683
12.18 20.478 0.018 195.836
12.2 20.486 0.018 195.936
12.22 20.467 0.018 195.999
12.24 20.42 0.0973001 225.569
12.26 20.348 0.0975 225.596
12.28 20.212 0.0977001 225.518
12.3 20.03 0.0979001 225.365
12.32 19.794 0.0981001 225.121
12.34 19.514 0.0983001 224.799
12.36 19.189 0.0985 224.395
12.38 18.854 0.0987001 223.965
12.4 18.515 0.0989001 223.518
12.42 18.172 0.0991001 223.055
12.44 17.821 0.0993001 222.566
12.46 17.471 0.0995 222.067
12.48 17.125 0.0997001 221.564
12.5 16.778 0.0999001 221.047
12.52 16.419 0.1001 220.495
12.54 16.051 0.1003 219.91
12.56 15.663 0.1005 219.27
12.58 15.267 0.1007 218.596
12.6 14.865 0.1008 217.872
12.62 14.523 0.101 217.274
12.64 14.279 0.1012 216.876
12.66 14.073 0.1014 216.553
12.68 13.873 0.1016 216.238
12.7 13.658 0.1018 215.882
12.72 13.431 0.102 215.491
12.74 13.183 0.1022 215.042
12.76 12.924 0.1024 214.557
12.78 12.673 0.1026 214.08
12.8 12.437 0.1028 213.629
12.82 12.233 0.103 213.247
12.84 12.065 0.1032 212.95
12.86 11.914 0.1034 212.69
12.88 11.775 0.1036 212.457
12.9 11.642 0.1038 212.235
12.92 11.5 0.104 211.986
12.94 11.349 0.1042 211.707
12.96 11.188 0.1044 211.397
12.98 11.022 0.1046 211.066
13 10.858 0.1048 210.735
13.02 10.698 0.105 210.408
13.04 10.549 0.1052 210.106
13.06 10.403 0.1054 209.808
13.08 10.271 0.1056 209.544
13.1 10.146 0.1058 209.297
13.12 10.029 0.1059 209.053
13.14 9.918 0.1061 208.839
13.16 9.823 0.1063 208.671
13.18 9.741 0.1065 208.54
13.2 9.686 0.1067 208.49
13.22 9.649 0.1069 208.495
13.24 9.628 0.1071 208.55
13.26 9.626 0.1073 208.664
13.28 9.688 0.1075 208.977
13.3 9.795 0.1077 209.428
13.32 9.951 0.1079 210.025
13.34 10.152 0.018 181.549
13.36 11.719 1e-06 82.0564
13.38 10.664 0.018 182.992
13.4 10.934 0.018 183.728
13.42 11.194 0.018 184.427
13.44 11.454 0.1091 215.055
13.46 11.705 0.1093 215.85
13.48 11.952 0.1095 216.622
13.5 12.198 0.1097 217.381
13.52 12.449 0.1099 218.142
13.54 12.704 0.1101 218.903
13.56 12.979 0.1103 219.703
13.58 13.264 0.1105 220.514
13.6 13.553 0.1107 221.324
13.62 13.793 0.1109 222.008
13.64 13.931 0.111 222.434
13.66 14.037 0.1112 222.801
13.68 14.148 0.1114 223.178
13.7 14.272 0.1116 223.582
13.72 14.415 0.1118 224.028
13.74 14.586 0.112 224.533
13.76 14.776 0.1122 225.076
13.78 14.962 0.1124 225.606
13.8 15.133 0.1126 226.1
13.82 15.294 0.1128 226.57
13.84 15.437 0.113 226.998
13.86 15.57 0.1132 227.404
13.88 15.691 0.1134 227.782
13.9 15.799 0.1136 228.132
13.92 15.891 0.1138 228.448
13.94 15.971 0.114 228.737
13.96 16.043 0.1142 229.01
13.98 16.109 0.1144 229.27
14 16.166 0.1146 229.511
14.02 16.209 0.1148 229.724
14.04 16.238 0.115 229.907
14.06 16.261 0.1152 230.078
14.08 16.258 0.1154 230.196
14.1 16.253 0.1156 230.31
14.12 16.253 0.1158 230.434
14.14 16.265 0.116 230.583
14.16 16.283 0.1162 230.743
14.18 16.304 0.1163 230.893
14.2 16.34 0.1165 231.09
14.22 16.386 0.1167 231.307
14.24 16.449 0.1169 231.558
14.26 16.515 0.1171 231.815
14.28 16.575 0.1173 232.059
14.3 16.614 0.1175 232.261
14.32 16.624 0.1177 232.405
14.34 16.623 0.1179 232.526
14.36 16.599 0.1181 232.6
14.38 16.568 0.1183 232.66
14.4 16.534 0.1185 232.714
14.42 16.517 0.1187 232.802
14.44 16.51 0.1189 232.91
14.46 16.516 0.1191 233.045
14.48 16.529 0.1193 233.193
14.5 16.548 0.1195 233.354
14.52 16.566 0.1197 233.512
14.54 16.577 0.1199 233.656
14.56 16.573 0.1201 233.77
14.58 16.561 0.1203 233.867
14.6 16.544 0.1205 233.954
14.62 16.517 0.1207 234.02
14.64 16.491 0.1209 234.088
14.66 16.467 0.1211 234.16
14.68 16.44 0.1213 234.226
14.7 16.42 0.1214 234.29
14.72 16.399 0.1216 234.367
14.74 16.38 0.1218 234.448
14.76 16.366 0.122 234.54
14.78 16.367 0.1222 234.662
14.8 16.367 0.1224 234.782
14.82 16.358 0.1226 234.884
14.84 16.337 0.1228 234.96
14.86 16.314 0.123 235.033
14.88 16.294 0.1232 235.111
14.9 16.28 0.1234 235.201
14.92 16.27 0.1236 235.3
14.94 16.257 0.1238 235.392
14.96 16.241 0.124 235.478
14.98 16.223 0.1242 235.559
15 16.205 0.1244 235.64
15.02 16.201 0.1246 235.751
15.04 16.208 0.1248 235.884
15.06 16.224 0.125 236.036
15.08 16.267 0.1252 236.245
15.1 16.335 0.1254 236.505
15.12 16.413 0.1256 236.786
15.14 16.507 0.1258 237.099
15.16 16.609 0.126 237.428
15.18 16.724 0.1262 237.783
15.2 16.837 0.1264 238.132
15.22 16.941 0.1265 238.446
15.24 17.043 0.1267 238.771
15.26 17.165 0.1269 239.135
15.28 17.304 0.1271 239.531
15.3 17.479 0.1273 239.997
15.32 17.687 0.1275 240.525
15.34 17.916 0.1277 241.09
15.36 18.161 0.1279 241.681
15.38 18.409 0.1281 242.273
15.4 18.655 0.1283 242.855
15.42 18.898 0.1285 243.428
15.44 19.138 0.1287 243.99
15.46 19.379 0.1289 244.55
15.48 19.622 0.1291 245.108
15.5 19.861 0.1293 245.656
15.52 20.094 0.1295 246.189
15.54 20.321 0.1297 246.707
15.56 20.535 0.1299 247.2
15.58 20.748 0.1301 247.688
15.6 20.96 0.1303 248.171
15.62 21.17 0.1305 248.647
15.64 21.38 0.1307 249.121
15.66 21.588 0.1309 249.589
15.68 21.796 0.1311 250.055
15.7 21.992 0.1313 250.498
15.72 22.18 0.1315 250.926
15.74 22.356 0.018 212.979
15.76 22.524 0.018 213.284
15.78 22.677 0.018 213.567
15.8 22.826 0.018 213.844
15.82 22.977 0.1324 252.793
15.84 23.128 0.1326 253.152
15.86 23.271 0.1328 253.497
15.88 23.403 0.133 253.825
15.9 23.525 0.1332 254.136
15.92 23.66 0.1334 254.466
15.94 23.804 0.1336 254.809
15.96 23.949 0.1338 255.152
15.98 24.085 0.134 255.481
16 24.205 0.1342 255.785
16.02 24.458 0.1344 256.289
16.04 24.541 0.1346 256.534
16.06 24.474 0.1348 256.554
16.08 24.536 0.135 256.768
16.1 24.562 0.1352 256.928
16.12 24.554 0.1354 257.036
16.14 24.507 0.1356 257.085
16.16 24.436 0.1358 257.098
16.18 24.386 0.136 257.142
16.2 24.317 0.1362 257.157
16.22 24.236 0.1364 257.153
16.24 24.195 0.1366 257.209
16.26 24.151 0.1368 257.261
16.28 24.107 0.1369 257.297
16.3 24.061 0.1371 257.346
16.32 24.016 0.1373 257.395
16.34 17.366 1e-06 91.8372
16.36 17.366 1e-06 91.8685
16.38 23.864 0.018 217.386
16.4 23.823 0.018 217.406
16.42 23.785 0.018 217.429
16.44 23.749 0.1385 257.691
16.46 23.689 0.1387 257.716
16.48 23.606 0.1389 257.703
16.5 23.522 0.1391 257.689
16.52 23.43 0.1393 257.661
16.54 23.339 0.1395 257.634
16.56 23.25 0.1397 257.609
16.58 23.16 0.1399 257.583
16.6 23.065 0.1401 257.547
16.62 22.968 0.1403 257.508
16.64 22.869 0.1405 257.464
16.66 22.774 0.1407 257.426
16.68 22.683 0.1409 257.394
16.7 22.612 0.1411 257.394
16.72 22.549 0.1413 257.407
16.74 22.502 0.1415 257.445
16.76 22.473 0.1417 257.513
16.78 22.46 0.1419 257.607
16.8 22.482 0.142 257.744
16.82 22.523 0.1422 257.927
16.84 22.594 0.1424 258.159
16.86 22.682 0.1426 258.419
16.88 22.793 0.1428 258.717
16.9 22.921 0.143 259.041
16.92 23.044 0.1432 259.356
16.94 16.633 1e-06 92.1882
16.96 23.27 0.018 218.703
16.98 23.381 0.018 218.925
17 23.488 0.018 219.141
17.02 23.6 0.1442 260.825
17.04 23.703 0.1444 261.104
17.06 23.806 0.1446 261.383
17.08 23.909 0.1448 261.661
17.1 24.022 0.145 261.954
17.12 24.114 0.1452 262.213
17.14 24.222 0.1454 262.497
17.16 24.352 0.1456 262.815
17.18 24.483 0.1458 263.133
17.2 24.595 0.146 263.421
17.22 24.693 0.1462 263.687
17.24 24.77 0.1464 263.921
17.26 24.835 0.1466 264.136
17.28 24.888 0.1468 264.332
17.3 24.927 0.147 264.506
17.32 24.958 0.1472 264.669
17.34 24.982 0.1473 264.805
17.36 24.999 0.1475 264.946
17.38 25.016 0.1477 265.086
17.4 29.9348 0.018 228.401
17.42 25.046 0.1481 265.361
17.44 25.062 0.1483 265.5
17.46 25.107 0.1485 265.683
17.48 25.183 0.1487 265.913
17.5 25.265 0.1489 266.152
17.52 25.377 0.1491 266.436
17.54 25.511 0.1493 266.753
17.56 25.68 0.1495 267.121
17.58 25.868 0.1497 267.516
