0.02 0.235 0 0
0.03 0.47399 0 0
0.04 0.53961 0 0
0.05 0.65261 0 0
0.06 0.79843 0 0
0.07 0.94789 0.0145 29.4465
0.08 0.99892 0.0175 31.2774
0.09 1.1302 0.019 33.1241
0.1 1.2541 0.0208 34.8851
0.11 1.327 0.018 35.6826
0.12 1.3963 0.0243 37.7563
0.13 1.5384 0.0259 39.3567
0.14 1.6514 0.0248 40.4418
0.15 1.7389 0.029 42.0768
0.16 1.8191 0.0302 43.2632
0.17 1.8848 0.0323 44.472
0.18 2.0014 0.034 45.7715
0.19 2.0561 0.0359 46.8569
0.2 2.1144 0.0366 47.7983
0.21 2.18 0.0371 48.7197
0.22 2.1983 0.0391 49.6296
0.23 2.2128 0.0401 50.4001
0.24 2.2201 0.0407 51.0872
0.25 2.2238 0.0415 51.7665
0.26 2.2201 0.0438 52.5568
0.27 2.1946 0.0445 53.0928
0.28 2.1691 0.0451 53.6018
0.29 2.1363 0.0469 54.1848
0.3 2.0962 0.0464 54.5002
0.31 2.0488 0.0496 55.1234
0.32 1.9941 0.0463 55.0794
0.33 1.892 0.0455 55.0539
0.34 1.8519 0.0444 55.2291
0.35 1.8155 0.0438 55.4543
0.36 1.7389 0.0432 55.4807
0.37 1.7171 0.0433 55.8141
0.38 1.6587 0.0431 55.9284
0.39 1.6369 0.0427 56.183
0.4 1.5421 0.042 56.0187
0.41 1.5056 0.0404 56.029
0.42 1.4582 0.0392 56.0057
0.43 1.4036 0.0376 55.8703
0.44 1.3088 0.0366 55.5404
0.45 1.2723 0.0351 55.4679
0.46 1.2432 0.0343 55.5156
0.47 1.2176 0.0337 55.5997
0.48 1.1994 0.033 55.7076
0.49 1.1994 0.0327 55.9852
0.5 1.2067 0.0315 56.1748
0.51 1.2176 0.031 56.4828
0.52 1.2614 0.0284 56.6638
0.53 1.3379 0.0274 57.2786
0.54 1.389 0.0249 57.4297
0.55 1.5056 0.0244 58.2988
0.56 1.5676 0.0236 58.7698
0.57 1.6915 0.0198 58.8443
0.58 1.7462 0.0217 59.8557
0.59 1.8483 0.021 60.4698
0.6 1.8848 0.0196 60.5756
0.61 1.9613 0.0191 61.0728
0.62 1.9941 0.0189 61.4424
0.63 2.0233 0.0181 61.6235
0.64 2.0561 0.0174 61.8341
0.65 2.0269 0.017 61.8536
0.66 2.0379 0.0165 62.0109
0.67 2.0415 0.0165 62.2865
0.68 2.0488 0.0165 62.5757
0.69 2.0524 0.0164 62.8143
0.7 2.0488 0.0164 63.0501
0.71 2.0488 0.0164 63.2993
0.72 2.0488 0.0165 63.578
0.73 2.0415 0.0165 63.7895
0.74 2.0342 0.0166 64.0304
0.75 2.0196 0.0169 64.2989
0.76 1.9832 0.0171 64.4303
0.77 1.9577 0.0172 64.5758
0.78 1.9358 0.0172 64.7029
0.79 1.8957 0.0177 64.8916
0.8 1.8775 0.0185 65.2681
0.81 1.8592 0.0187 65.4601
0.82 1.8191 0.0192 65.6218
0.83 1.7973 0.0188 65.614
0.84 1.7754 0.0195 65.9169
0.85 1.7608 0.0192 65.9704
0.86 1.728 0.0185 65.8026
0.87 1.7134 0.0188 66.0222
0.88 1.7025 0.0187 66.1421
0.89 1.6879 0.0178 65.9965
0.9 1.6879 0.0199 66.819
0.91 1.6806 0.0194 66.8411
0.92 1.6806 0.0187 66.8398
0.93 1.6952 0.0177 66.8183
0.94 1.6879 0.0196 67.5462
0.95 1.6915 0.02 67.88
0.96 1.6952 0.0183 67.5979
0.97 1.6988 0.0192 68.085
0.98 1.7098 0.0213 68.9357
0.99 1.728 0.0225 69.5524
1 1.7462 0.0227 69.9038
1.01 1.7316 0.0247 70.5063
1.02 1.7681 0.0279 71.6348
1.03 1.8118 0.0255 71.5449
1.04 1.8264 0.0253 71.7732
1.05 1.841 0.025 71.9755
1.06 1.8629 0.0252 72.3364
1.07 1.8811 0.0247 72.506
1.08 1.8046 0.0245 72.2116
1.09 1.7462 0.025 72.176
1.1 1.7462 0.0248 72.3111
1.11 1.7572 0.0248 72.5588
1.12 1.7645 0.0243 72.6602
1.13 1.7717 0.0238 72.7567
1.14 1.79 0.0233 72.9142
1.15 1.7936 0.0234 73.1387
1.16 1.7863 0.0227 73.087
1.17 1.7827 0.0222 73.1047
1.18 1.7754 0.021 72.8968
1.19 1.779 0.0184 72.29
1.2 1.779 0.0165 71.8043
1.21 1.7754 0.0165 71.9491
1.22 1.7681 0.0167 72.1434
1.23 1.7645 0.0172 72.4638
1.24 1.7572 0.0171 72.5485
1.25 1.7608 0.0173 72.8025
1.26 1.7681 0.018 73.2488
1.27 1.7645 0.0178 73.3202
1.28 1.7645 0.0182 73.6162
1.29 1.7681 0.0187 73.9639
1.3 1.79 0.0191 74.3853
1.31 1.8082 0.0195 74.7814
1.32 1.8191 0.0197 75.0683
1.33 1.8301 0.0194 75.1952
1.34 1.8447 0.0192 75.3732
1.35 1.8738 0.0187 75.5336
1.36 1.8884 0.0184 75.6714
1.37 1.903 0.0183 75.8754
1.38 1.9249 0.0182 76.1197
1.39 1.9504 0.0177 76.2404
1.4 1.9905 0.017 76.3599
1.41 2.005 0.0193 77.404
1.42 2.0087 0.0156 76.2152
1.43 1.8702 0.0154 75.5014
1.44 1.79 0.0153 75.1311
1.45 1.7389 0.0151 74.8805
1.46 1.6296 0.0156 74.5273
1.47 1.5785 0.0184 75.355
1.48 1.4765 0.0163 74.0243
1.49 1.4327 0.0161 73.7663
1.5 1.3963 0.0173 74.0719
1.51 1.3416 0.0143 72.6232
1.52 1.3161 0.0098 70.3101
1.53 1.2796 0.0112 70.9375
1.54 1.214 0.0115 70.6848
1.55 1.1885 0.011 70.3354
1.56 1.1593 0.0108 70.1022
1.57 1.1083 0.0125 70.6271
1.58 1.0901 0.0125 70.5834
1.59 1.1119 0.0125 70.9092
1.6 1.0864 0.0125 70.796
1.61 1.0755 0.0121 70.6244
1.62 1.0791 0.0112 70.3265
1.63 1.0755 0.0108 70.2003
1.64 1.0536 0.0099 69.606
1.65 1.0573 0.0102 69.9324
1.66 1.0536 0.0109 70.4023
1.67 1.0427 0.0127 71.3156
1.68 0.98799 0.0115 70.2989
1.69 0.95153 0.012 70.2831
1.7 0.91873 0.0122 70.1402
1.71 0.86769 0.0134 70.2248
1.72 0.84582 0.0146 70.5825
1.73 0.82759 0.0153 70.75
1.74 0.78749 0.015 70.2426
1.75 0.77656 0.015 70.2131
1.76 0.76198 0.014 69.7313
1.77 0.75468 0.0131 69.36
1.78 0.74375 0.0101 67.839
1.79 0.74375 0.0094 67.5399
1.8 0.75468 0.0089 67.4793
1.81 0.78385 0.0084 67.6273
1.82 0.80572 0.0078 67.5819
1.83 0.8203 0.008 68.003
1.84 0.83853 0.0075 67.9562
1.85 0.88227 0.0074 68.4823
1.86 0.90414 0.0073 68.7494
1.87 0.91873 0.0068 68.6047
1.88 0.93695 0.0067 68.8161
1.89 0.97705 0.0069 69.5047
1.9 0.99892 0.007 69.9127
1.91 1.0317 0.0068 70.1716
1.92 1.1083 -0.0005 -nan
1.93 1.152 0.0084 72.7699
1.94 1.2031 0.0089 73.6851
1.95 1.2541 0.0046 70.2666
1.96 1.4036 0.0091 75.6938
1.97 1.502 0.0088 76.331
1.98 1.6041 0.0099 77.9257
1.99 1.8374 0.0097 79.4408
2 1.9504 0.0092 79.8857
2.01 2.0524 0.0104 81.4122
2.02 2.1983 0.0106 82.4653
2.03 2.2456 0.0118 83.5746
2.04 2.2748 0.012 83.962
2.05 2.2894 0.0118 84.0361
2.06 2.304 0.0122 84.4609
2.07 2.3222 0.0115 84.2553
2.08 2.3149 0.0127 85.0293
2.09 2.3186 0.0148 86.2535
2.1 2.3222 0.0148 86.3873
2.11 2.3258 0.0148 86.5208
2.12 2.3295 0.0164 87.3977
2.13 2.3331 0.0169 87.7506
2.14 2.3514 0.0171 88.05
2.15 2.3514 0.0173 88.2495
2.16 2.3404 0.0175 88.3882
2.17 2.3514 0.0173 88.4769
2.18 2.3696 0.0163 88.2502
2.19 2.3696 0.015 87.7537
2.2 2.3769 0.0165 88.6036
2.21 2.4024 0.0162 88.7163
2.22 2.4133 0.0163 88.9312
2.23 2.4243 0.0158 88.87
2.24 2.4388 0.0158 89.0571
2.25 2.4644 0.0173 89.978
2.26 2.4899 0.0164 89.8225
2.27 2.4826 0.0169 90.1197
2.28 2.4862 0.0172 90.3809
2.29 2.4644 0.0189 91.0878
2.3 2.4571 0.0189 91.1592
2.31 2.4425 0.0194 91.3893
2.32 2.4024 0.0204 91.6638
2.33 2.3878 0.0204 91.6929
2.34 2.3659 0.0213 92.0103
2.35 2.3623 0.0208 91.9174
2.36 2.3003 0.0219 92.0681
2.37 2.2894 0.0213 91.9007
2.38 2.2748 0.0201 91.4812
2.39 2.2712 0.0106 86.8198
2.4 2.2894 0.0247 93.366
2.41 2.304 0.0269 94.2261
2.42 2.3295 0.0302 95.3984
2.43 2.3587 -0.0008 -nan
2.44 2.4607 0.0518 100.799
2.45 2.685 0.0582 103.185
2.46 2.9091 0.06 104.766
2.47 3.1132 0.0575 105.539
2.48 3.3465 0.06 107.142
2.49 3.6272 0.0664 109.432
2.5 4.4657 0.0687 113.205
2.51 5.1656 0.0904 118.405
2.52 6.179 0.1047 123.129
2.53 6.5435 0.1105 124.845
2.54 6.3066 0.1027 123.565
2.55 6.0915 0.1034 123.153
2.56 5.9238 0.1021 122.663
2.57 5.6978 0.0977 121.663
2.58 4.9068 0.0958 119.007
2.59 4.298 0.091 116.385
2.6 3.959 0.0845 114.432
2.61 3.9152 0.0813 114.004
2.62 3.8095 0.0775 113.225
2.63 3.6017 0.0719 111.733
2.64 3.5142 0.0675 110.872
2.65 3.5033 0.0687 111.101
2.66 3.5762 0.0702 111.749
2.67 3.784 0.0717 112.978
2.68 3.9444 -0.0771 -nan
2.69 4.1339 0.0597 112.929
2.7 4.3636 0.0635 114.516
2.71 4.976 -0.0513 -nan
2.72 5.3989 0.0614 117.993
2.73 5.9348 0.0801 122.412
2.74 6.6201 0.0519 120.066
2.75 9.8535 0.0726 130.876
2.76 10.962 0.0532 129.637
2.77 13.131 -0.0533 -nan
2.78 17.308 0.2211 156.185
2.79 19.798 -0.0554 -nan
2.8 22.481 0.0611 146.012
2.81 25.186 0.057 147.711
2.82 26.99 0.1389 160.825
2.83 29.582 0.139 163.133
2.84 30.876 0.0965 159.389
2.85 29.305 0.198 168.107
2.86 29.721 0.1385 163.673
2.87 29.805 0.1061 160.305
2.88 28.704 0.1215 161.402
2.89 29.345 0.1326 163.256
2.9 30.246 0.1403 164.898
2.91 31.562 0.1226 164.219
2.92 28.39 0.1216 161.777
2.93 28.547 0.1593 165.742
2.94 23.841 0.1643 162.067
2.95 25.266 0.1867 165.33
2.96 26.287 0.2224 168.873
2.97 25.89 0.1908 166.525
2.98 25.842 0.1552 163.797
2.99 25.591 0.1799 165.744
3 24.34 0.1712 164.027
3.01 23.196 0.0857 153.923
3.02 23.112 0.0268 139.789
3.03 21.723 0.0757 151.188
3.04 21.781 0.117 156.969
3.05 20.494 0.1247 156.568
3.06 18.905 0.0964 151.618
3.07 18.475 0.1131 153.278
3.08 18.136 0.1183 153.581
3.09 16.528 0.0813 147.018
3.1 11.756 0.1072 143.366
3.11 10.739 0.0843 138.833
3.12 11.618 0.0463 133.705
3.13 11.129 0.0755 138.52
3.14 11.767 0.0366 131.59
3.15 10.812 0.1139 142.999
3.16 10.076 0.0841 138.149
3.17 10.178 0.0675 135.961
3.18 9.6057 0.0567 133.007
3.19 9.2047 0.0483 130.555
3.2 7.5788 0.0495 127.322
3.21 6.7878 0.0525 126.041
3.22 6.1608 0.0545 124.789
3.23 5.7051 0.0377 119.793
3.24 5.5921 0.0721 126.177
3.25 5.3916 0.0662 124.734
3.26 5.0052 0.0532 121.284
3.27 4.2579 0.0557 119.048
3.28 4.4839 0.0629 121.26
3.29 4.5823 0.0633 121.807
3.3 3.27 0.087 119.242
3.31 3.1023 0.073 116.724
3.32 3.2117 0.0656 116.367
3.33 3.3611 0.0702 117.892
3.34 3.4195 0.0641 117.393
3.35 3.3283 0.0678 117.581
3.36 3.106 0.061 115.493
3.37 2.9419 0.0584 114.274
3.38 3.095 0.0576 115.074
3.39 3.2663 0.0596 116.396
3.4 3.3575 0.0336 111.508
3.41 3.4924 0.0345 112.481
3.42 3.5215 0.0348 112.789
3.43 3.6418 0.0358 113.695
3.44 3.6601 0.0352 113.709
3.45 3.6637 0.0346 113.655
3.46 3.6345 0.0281 111.665
3.47 3.5981 0.0294 112.014
3.48 3.5871 0.0293 112.022
3.49 3.5543 0.0297 112.09
3.5 3.5361 0.0322 112.852
3.51 3.4632 0.0275 111.135
3.52 3.4231 0.0298 111.781
3.53 3.3283 0.0272 110.575
3.54 3.2736 0.0273 110.432
3.55 3.157 0.0279 110.142
3.56 3.1096 0.0281 110.053
3.57 3.0075 0.0288 109.835
3.58 2.9601 0.0296 109.92
3.59 2.8872 0.0305 109.885
3.6 2.8471 0.0316 110.072
3.61 2.8143 0.0318 110.031
3.62 2.7633 0.032 109.884
3.63 2.7524 0.0318 109.848
3.64 2.7487 0.0318 109.911
3.65 2.7451 0.0299 109.412
3.66 2.7596 0.029 109.3
3.67 2.7852 0.0255 108.362
3.68 2.7961 0.0243 108.071
3.69 2.8107 0.0227 107.622
3.7 2.818 0.0197 106.48
3.71 2.8216 0.0188 106.166
3.72 2.8107 0.0183 105.948
3.73 2.807 0.0159 104.775
3.74 2.7815 0.0155 104.493
3.75 2.7669 0.014 103.61
3.76 2.7487 0.0142 103.711
3.77 2.7123 0.0115 101.787
3.78 2.6831 0.015 103.976
3.79 2.6612 0.0154 104.158
3.8 2.6649 0.0168 105.013
3.81 2.6649 0.0184 105.888
3.82 2.6758 0.0186 106.123
3.83 2.7013 0.0205 107.209
3.84 2.756 0.0198 107.286
3.85 2.7961 0.0188 107.125
3.86 2.8253 0.0196 107.735
3.87 2.8836 0.02 108.312
3.88 2.8945 0.0208 108.803
3.89 2.92 0.0207 108.975
3.9 2.931 0.0221 109.708
3.91 2.92 0.0221 109.727
3.92 2.8216 0.0223 109.346
3.93 2.7451 0.0231 109.311
3.94 2.6503 0.0242 109.258
3.95 2.4461 0.0255 108.552
3.96 2.3441 0.0295 109.281
3.97 2.2092 0.0318 109.107
3.98 1.9504 0.0384 108.938
3.99 1.8337 0.0364 107.57
4 1.615 0.0374 105.933
4.01 1.5275 0.0416 106.095
4.02 1.451 0.0417 105.407
4.03 1.3343 0.0417 104.214
4.04 1.2723 0.0388 102.954
4.05 1.1302 0.0376 101.018
4.06 1.0645 0.0378 100.264
4.07 0.99528 0.0364 99.0542
4.08 0.9005 0.0367 97.7704
4.09 0.88227 0.0376 97.746
4.1 0.87863 0.0378 97.7974
4.11 0.89321 0.0383 98.2031
4.12 0.91873 0.0367 98.3192
4.13 0.94424 0.0359 98.5934
4.14 1.0573 0.0343 99.8999
4.15 1.1338 0.0323 100.474
4.16 1.3489 0.031 102.736
4.17 1.4874 0.0264 102.878
4.18 1.6259 0.0242 103.523
4.19 1.8556 0.0222 104.827
4.2 1.9321 0.0168 103.09
4.21 1.9978 0.0179 104.204
4.22 2.1035 0.0171 104.651
4.23 2.1472 0.0161 104.505
4.24 2.2201 0.0151 104.519
4.25 2.2602 0.0156 105.142
4.26 2.3076 0.014 104.58
4.27 2.4206 0.0138 105.245
4.28 2.4789 0.0136 105.546
4.29 2.519 0.014 106.115
4.3 2.5737 0.015 107.126
4.31 2.581 0.0166 108.147
4.32 2.5701 0.018 108.881
4.33 2.5555 0.0187 109.208
4.34 2.5409 0.0196 109.616
4.35 2.5336 0.0206 110.096
4.36 2.53 0.0218 110.663
4.37 2.5409 0.0223 111.012
4.38 2.5664 0.0227 111.407
4.39 2.581 0.0233 111.811
4.4 2.5847 0.0241 112.22
4.41 2.5956 0.0248 112.626
4.42 2.5956 0.0243 112.507
4.43 2.5701 0.0239 112.262
4.44 2.5628 0.0258 113.004
4.45 2.5701 0.0249 112.787
4.46 2.5336 0.0259 112.995
4.47 2.6248 0.0261 113.715
4.48 2.6175 0.0271 114.096
4.49 2.6065 0.0276 114.272
4.5 2.6029 0.0273 114.216
4.51 2.5519 0.0278 114.133
4.52 2.5446 0.0279 114.19
4.53 2.5373 0.0279 114.213
4.54 2.519 0.0279 114.164
4.55 2.519 0.0282 114.336
4.56 2.5081 0.0282 114.334
4.57 2.5081 0.0286 114.538
4.58 2.5008 0.0292 114.758
4.59 2.4644 0.0296 114.715
4.6 2.4498 0.0293 114.589
4.61 2.4352 0.0293 114.559
4.62 2.406 0.0301 114.686
4.63 2.4206 0.0299 114.792
4.64 2.4534 0.0294 114.922
4.65 2.53 0.029 115.369
4.66 2.5555 0.0284 115.404
4.67 2.592 0.0329 117.134
4.68 2.6102 0.026 115.046
4.69 2.5701 0.0243 114.214
4.7 2.5591 0.0306 116.423
4.71 2.5555 0.0218 113.228
4.72 2.4972 0.022 113.005
4.73 2.4388 0.0217 112.558
4.74 2.2821 0.0233 112.214
4.75 2.1837 0.0249 112.188
4.76 2.078 0.0264 111.998
4.77 1.8519 0.029 111.085
4.78 1.7171 0.03 110.257
4.79 1.5931 0.0315 109.581
4.8 1.4728 0.0347 109.288
4.81 1.2505 0.036 107.132
4.82 1.1484 0.0385 106.48
4.83 1.0609 0.0437 106.449
4.84 0.9406 0.0418 104.293
4.85 0.9005 0.0392 103.148
4.86 0.86769 0.0391 102.635
4.87 0.77656 0.0388 101.001
4.88 0.72188 0.0351 99.1715
4.89 0.67084 0.0362 98.4381
4.9 0.63439 0.0359 97.6372
4.91 0.6271 0.0268 95.1866
4.92 0.6599 0.0329 97.5932
4.93 0.68907 0.0318 97.9808
4.94 0.72552 0.0092 89.0829
4.95 0.80937 0.0314 100.285
4.96 0.85676 0.0324 101.431
4.97 0.91508 0.033 102.611
4.98 1.1192 0.0342 106.004
4.99 1.2906 0.035 108.47
5 1.5239 0.0345 111.026
5.01 2.1399 0.0378 117.543
5.02 2.5008 0.04 120.845
5.03 2.8654 0.0415 123.683
5.04 3.2263 0.0466 127.103
5.05 3.8095 0.0489 130.776
5.06 4.0282 0.0517 132.517
5.07 4.2105 0.0569 134.505
5.08 4.5094 0.0595 136.421
5.09 4.5933 0.0613 137.198
5.1 4.6589 0.0669 138.558
5.11 4.7537 0.0649 138.685
5.12 4.7792 0.066 139.062
5.13 4.7901 0.067 139.357
5.14 4.8193 0.0727 140.506
5.15 4.8448 0.0761 141.225
5.16 4.874 0.0781 141.729
5.17 4.7755 0.0834 142.163
5.18 4.7063 0.0853 142.207
5.19 4.6443 0.0875 142.313
5.2 4.5787 0.0858 141.866
5.21 4.5787 0.087 142.106
5.22 4.6662 0.0869 142.557
5.23 4.7573 0.087 143.044
5.24 4.9651 0.0877 144.1
5.25 5.1109 0.0875 144.751
5.26 5.2458 0.0874 145.358
5.27 5.377 0.0851 145.629
5.28 5.3661 0.0834 145.419
5.29 5.3187 0.0818 145.076
5.3 5.2677 0.079 144.532
5.31 5.1401 0.0765 143.713
5.32 5.0781 0.0741 143.157
5.33 4.9979 0.0646 141.281
5.34 4.7938 0.0569 139.033
5.35 4.7099 0.049 137.037
5.36 4.6443 0.0438 135.56
5.37 4.6516 0.0341 132.865
5.38 4.7391 0.0252 129.979
5.39 4.8776 0.0232 129.691
5.4 5.1583 0.0237 131.04
5.41 5.2494 0.025 132.023
5.42 5.3005 0.0261 132.75
5.43 5.3114 0.0259 132.773
5.44 5.3041 0.0266 133.109
5.45 5.2385 0.0299 134.239
5.46 5.264 0.0276 133.509
5.47 5.2786 0.0284 133.948
5.48 5.3333 0.0333 136.005
5.49 5.3953 0.0294 134.895
5.5 5.377 0.03 135.124
5.51 5.3515 0.0355 137.005
5.52 5.2677 0.0304 135.01
5.53 5.2166 0.0308 135.035
5.54 5.1619 0.0313 135.079
5.55 5.0344 0.0312 134.625
5.56 4.9651 0.032 134.707
5.57 4.8885 0.0328 134.75
5.58 4.7354 0.0338 134.536
5.59 4.6516 0.0347 134.551
5.6 4.5677 0.0349 134.33
5.61 4.4146 0.0358 134.022
5.62 4.3199 0.0364 133.856
5.63 4.236 0.0373 133.816
5.64 4.0902 0.0382 133.473
5.65 4.0137 0.0444 134.853
5.66 3.9371 0.0391 133.13
5.67 3.7986 0.0395 132.622
5.68 3.7147 0.0454 133.802
5.69 3.6309 0.0398 131.975
5.7 3.4741 0.0446 132.452
5.71 3.4085 0.039 130.686
5.72 3.2263 0.0387 129.636
5.73 3.1388 0.0426 130.222
5.74 3.0513 0.0389 128.779
5.75 2.8909 0.0394 127.979
5.76 2.8216 0.0415 128.147
5.77 2.6758 0.0434 127.708
5.78 2.6102 0.0455 127.815
5.79 2.5409 0.0478 127.905
5.8 2.4316 0.0493 127.486
5.81 2.3951 0.0511 127.65
5.82 2.3696 0.0516 127.618
5.83 2.3732 0.0511 127.603
5.84 2.3805 0.0481 127.079
5.85 2.4024 0.0467 126.995
5.86 2.4352 0.0437 126.603
5.87 2.4388 0.0426 126.421
5.88 2.4461 0.0408 126.082
5.89 2.4498 0.0398 125.908
5.9 2.4461 0.0374 125.29
5.91 2.406 0.0334 123.88
5.92 2.3805 0.0346 124.112
5.93 2.3404 0.0271 121.375
5.94 2.3003 0.0392 124.908
5.95 2.2639 0.0404 124.992
5.96 2.2602 0.0398 124.866
5.97 2.2894 0.0388 124.891
5.98 2.4388 0.0359 125.279
5.99 2.5591 0.0332 125.391
6 2.818 0.031 126.478
6.01 2.9492 0.0279 126.257
6.02 3.044 0.0275 126.74
6.03 3.1278 0.0273 127.218
6.04 3.1643 0.031 128.845
6.05 3.219 0.0328 129.831
6.06 3.2591 0.0361 131.164
6.07 3.3028 0.0345 130.981
6.08 3.4486 0.0337 131.602
6.09 3.5507 0.031 131.301
6.1 3.6819 0.0294 131.468
6.11 4.0173 0.025 131.405
6.12 4.2141 0.0232 131.553
6.13 4.524 0.0233 133.012
6.14 4.6261 0.0195 131.538
6.15 4.637 0.02 131.919
6.16 4.5896 0.0209 132.267
6.17 4.5459 0.0213 132.354
6.18 4.4657 0.0205 131.654
6.19 4.4329 0.024 133.311
6.2 4.3818 0.0246 133.422
6.21 4.36 0.0275 134.628
6.22 4.3563 0.0284 135.033
6.23 4.3928 0.0297 135.761
6.24 4.4256 0.0269 134.851
6.25 4.4948 0.0273 135.379
6.26 4.5313 0.0277 135.761
6.27 4.5641 0.0276 135.922
6.28 4.5677 0.029 136.558
6.29 4.5532 0.0296 136.789
6.3 4.5131 0.0293 136.56
6.31 4.4547 0.0307 136.894
6.32 4.3964 0.0313 136.915
6.33 4.2652 0.0316 136.488
6.3401 4.1996 0.0322 136.457
6.3501 4.0574 0.0313 135.521
6.3601 3.9808 0.0325 135.633
6.3701 3.9006 0.0338 135.737
6.3801 3.7658 0.0324 134.636
6.3901 3.6746 0.0325 134.254
6.4001 3.5215 0.0325 133.492
6.4101 3.4486 0.0355 134.13
6.4201 3.3757 0.0331 132.999
6.4301 3.2226 0.0337 132.368
6.4401 3.1606 0.0339 132.12
6.4501 3.0148 0.0345 131.473
6.4601 2.9565 0.035 131.318
6.4701 2.8471 0.0352 130.725
6.4801 2.7524 0.036 130.389
6.4901 2.7195 0.0348 129.852
6.5001 2.6649 0.032 128.628
6.5101 2.6649 0.0291 127.67
6.5201 2.643 0.0273 126.897
6.5301 2.6248 0.0245 125.688
6.5401 2.6211 0.0238 125.413
6.5501 2.5956 0.0223 124.613
6.5601 2.581 0.0159 121.108
6.5701 2.5701 0.0214 124.116
6.5801 2.5591 0.0219 124.33
6.5901 2.5409 0.0122 118.351
6.6001 2.5081 0.0245 125.238
6.6101 2.5118 0.0264 126.099
6.6201 2.5446 0.0224 124.672
6.6301 2.6904 0.0291 128.496
6.6401 2.7925 0.029 129.204
6.6501 2.92 0.0273 129.44
6.6601 3.2117 0.0236 129.7
6.6701 3.3465 0.0247 131.021
6.6801 3.4778 0.0237 131.351
6.6901 3.6528 0.0234 132.198
6.7001 3.7111 0.023 132.365
6.7101 3.7658 0.0233 132.842
6.7201 3.8059 0.0232 133.052
6.7301 3.8897 0.0245 134.133
6.7401 3.9517 0.0252 134.809
6.7501 3.9918 0.0255 135.194
6.7601 4.0355 0.0252 135.329
6.7701 4.1485 0.0256 136.102
6.7801 4.2032 0.0251 136.191
6.7901 4.2615 0.0265 137.136
6.8001 4.3272 0.0286 138.37
6.8101 4.3454 0.0289 138.63
6.8201 4.349 0.0298 139.058
6.8301 4.3709 0.0311 139.71
6.8401 4.4146 0.032 140.3
6.8501 4.4329 0.0335 140.977
6.8601 4.4402 0.0337 141.138
6.8701 4.4547 0.0346 141.571
6.8801 4.4475 0.0321 140.715
6.8901 4.4292 0.0349 141.67
6.9001 4.4074 0.0352 141.728
6.9101 4.3818 0.0344 141.395
6.9201 4.3782 0.0373 142.391
6.9301 4.3855 0.0373 142.482
6.9401 4.4146 0.0378 142.833
6.9501 4.4876 0.0384 143.416
6.9601 4.5422 0.0386 143.786
6.9701 4.5896 0.0382 143.933
6.9801 4.6443 0.0381 144.205
6.9901 4.6516 0.0374 144.073
7.0001 4.6443 0.0375 144.129
7.0101 4.6151 0.0367 143.798
7.0201 4.5568 0.0368 143.624
7.0301 4.4292 0.0384 143.602
7.0401 4.3673 0.0387 143.461
7.0501 4.298 0.0395 143.431
7.0601 4.1558 0.0395 142.794
7.0701 4.0866 0.0402 142.714
7.0801 4.0282 0.0398 142.356
7.0901 3.9517 0.0404 142.196
7.1001 3.8387 0.03 138.194
7.1101 3.784 0.0406 141.48
7.1201 3.7512 0.0414 141.587
7.1301 3.7293 0.0424 141.804
7.1401 3.7803 0.037 140.535
7.1501 3.8387 0.0433 142.756
7.1601 3.9371 0.0436 143.415
7.1701 4.2032 0.0423 144.464
7.1801 4.3745 0.044 145.831
7.1901 4.5677 0.0432 146.575
7.2001 4.7172 0.042 146.968
7.2101 4.9469 0.0401 147.466
7.2201 5.0307 0.0387 147.443
7.2301 5.1036 0.0373 147.353
7.2401 5.1729 0.0352 146.986
7.2501 5.1838 0.0336 146.519
7.2601 5.2057 0.0322 146.146
7.2701 5.2276 0.0308 145.75
7.2801 5.2385 0.0314 146.084
7.2901 5.213 0.0314 146.037
7.3001 5.1802 0.0322 146.266
7.3101 5.1802 0.0322 146.321
7.3201 5.151 0.0323 146.296
7.3301 5.1547 0.0335 146.811
7.3401 5.1328 0.034 146.958
7.3501 5.0817 0.0348 147.086
7.3601 5.0635 0.0414 149.206
7.3701 5.0198 0.0383 148.114
7.3801 4.9833 0.0386 148.11
7.3901 4.9177 0.0388 147.947
7.4001 4.7682 0.0465 149.583
7.4101 4.7464 0.0393 147.462
7.4201 4.7099 0.0395 147.415
7.4301 4.5787 0.04 147.025
7.4401 4.4948 0.0399 146.659
7.4501 4.4074 0.0396 146.207
7.4601 4.3016 0.0392 145.628
7.4701 4.0829 0.0397 144.744
7.4801 3.9808 0.0386 143.934
7.4901 3.8569 0.0394 143.578
7.5001 3.7512 0.0393 143.028
7.5101 3.6236 0.0397 142.49
7.5201 3.4158 0.0403 141.512
7.5301 3.332 0.0412 141.318
7.5401 3.2263 0.0419 140.913
7.5501 3.1242 0.0418 140.286
7.5601 2.9383 0.049 140.954
7.5701 2.8508 0.0425 138.741
7.5801 2.756 0.0424 138.091
7.5901 2.5482 0.0422 136.537
7.6001 2.4316 0.0455 136.521
7.6101 2.3222 0.045 135.544
7.6201 2.2347 0.0455 134.97
7.6301 2.0379 0.0474 133.693
7.6401 1.9431 0.0494 133.285
7.6501 1.8811 0.0481 132.418
7.6601 1.8118 0.0471 131.522
7.6701 1.7098 0.0474 130.545
7.6801 1.6915 0.0439 129.561
7.6901 1.6879 0.0426 129.244
7.7001 1.6988 0.0413 129.078
7.7101 1.7863 0.0396 129.608
7.7201 1.8374 0.0362 129.213
7.7301 1.8702 0.0343 129.009
7.7401 1.8556 0.0319 128.135
7.7501 1.8082 0.0292 126.768
7.7601 1.7353 0.024 124.024
7.7701 1.6514 0.0227 122.616
7.7801 1.5494 0.0218 121.131
7.7901 1.3015 0.0198 117.227
7.8001 1.1885 0.0189 115.298
7.8101 1.0718 0.0182 113.279
7.8201 0.98434 0.0173 111.468
7.8301 0.83853 0.0163 108.424
7.8401 0.75833 0.017 107.278
7.8501 0.69636 0.0171 106.059
7.8601 0.62345 0.0173 104.521
7.8701 0.60522 0.018 104.456
7.8801 0.59793 0.0182 104.407
7.8901 0.59429 0.018 104.256
7.9001 0.60158 0.0197 105.263
7.9101 0.6271 0.0176 104.944
7.9201 0.68178 0.0187 106.789
7.9301 0.70729 0.019 107.535
7.9401 0.71459 0.019 107.732
7.9501 0.71094 0.0185 107.452
7.9601 0.71459 0.0188 107.713
7.9701 0.69636 0.0185 107.207
7.9801 0.64897 0.019 106.397
7.9901 0.59429 0.0187 104.954
8.0001 0.55054 0.0184 103.701
8.0101 0.52503 0.0191 103.352
8.0201 0.52867 0.0195 103.669
8.0301 0.53596 0.019 103.685
8.0401 0.54325 0.0226 105.434
8.0501 0.56877 0.0217 105.812
8.0601 0.71823 0.0218 109.507
8.0701 0.74739 0.0248 111.363
8.0801 0.7802 0.0231 111.432
8.0901 0.79114 0.0224 111.408
8.1001 0.80572 0.0217 111.445
8.1101 0.7802 0.021 110.666
8.1201 0.75104 0.021 110.098
8.1301 0.69636 0.0207 108.813
8.1401 0.64168 0.0202 107.357
8.1501 0.65626 0.0207 107.961
8.1601 0.65626 0.0204 107.867
8.1701 0.64897 0.0204 107.73
8.1801 0.64168 0.0211 107.894
8.1901 0.64532 0.0211 108.019
8.2001 0.64897 0.0214 108.271
8.2101 0.6599 0.0192 107.593
8.2201 0.67449 0.0187 107.732
8.2301 0.68542 0.0192 108.255
8.2401 0.68907 0.0182 107.893
8.2501 0.68907 0.0179 107.781
8.2601 0.69271 0.0177 107.798
8.2701 0.69271 0.0184 108.183
8.2801 0.70365 0.0184 108.464
8.2901 0.71459 0.0186 108.839
8.3001 0.72552 0.0196 109.59
8.3101 0.74375 0.0205 110.431
8.3201 0.75833 0.0231 111.883
8.3301 0.77291 0.0234 112.349
8.3401 0.78385 0.0241 112.89
8.3501 0.7802 0.024 112.813
8.3601 0.77291 0.0235 112.501
8.3701 0.76927 0.0245 112.852
8.3801 0.75468 0.0252 112.843
8.3901 0.77291 0.0254 113.344
8.4001 0.77291 0.0258 113.529
8.4101 0.77656 0.0265 113.897
8.4201 0.79843 0.0262 114.283
8.4301 0.81301 0.0272 114.977
8.4401 0.8203 0.0272 115.162
8.4501 0.81666 0.0269 115.02
8.4601 0.83488 0.026 115.098
8.4701 0.86769 0.0258 115.702
8.4801 0.88956 0.0251 115.89
8.4901 0.90779 0.0249 116.19
8.5001 0.90414 0.0237 115.684
8.5101 0.91144 0.023 115.568
8.5201 0.90414 0.0227 115.346
8.5301 0.89321 0.022 114.881
8.5401 0.88227 0.022 114.715
8.5501 0.87134 0.0217 114.416
8.5601 0.8604 0.0217 114.245
8.5701 0.85676 0.0219 114.3
8.5801 0.8604 0.0222 114.536
8.5901 0.86769 0.0226 114.883
8.6001 0.88592 0.0229 115.391
8.6101 0.9005 0.0241 116.193
8.6201 0.90414 0.0241 116.298
8.6301 0.9005 0.0241 116.268
8.6401 0.90779 0.0244 116.56
8.6501 0.91144 0.0246 116.744
8.6601 0.91144 0.0249 116.9
8.6701 0.91508 0.0249 117.004
8.6801 0.89321 0.0256 116.904
8.6901 0.88227 0.0266 117.107
8.7001 0.88227 0.0263 117.034
8.7101 0.87134 0.0256 116.6
8.7201 0.86405 0.0257 116.534
8.7301 0.8604 0.0256 116.462
8.7401 0.8604 0.0256 116.499
8.7501 0.8604 0.0256 116.536
8.7601 0.84217 0.0256 116.214
8.7701 0.83124 0.0258 116.108
8.7801 0.81666 0.0256 115.774
8.7901 0.81301 0.0253 115.622
8.8001 0.81666 0.0255 115.809
8.8101 0.82759 0.0254 116.03
8.8201 0.83488 0.0252 116.137
8.8301 0.84217 0.0241 115.888
8.8401 0.8604 0.026 117.019
8.8501 0.87498 0.0267 117.599
8.8601 0.89321 0.0276 118.311
8.8701 0.92966 0.0281 119.21
8.8801 0.94789 0.0285 119.722
8.8901 0.97341 0.03 120.733
8.9001 1.0099 0.0307 121.645
8.9101 1.0281 0.0303 121.864
8.9201 1.039 0.0304 122.12
8.9301 1.0645 0.0304 122.586
8.9401 1.0791 0.0326 123.581
8.9501 1.0791 0.031 123.103
8.9601 1.05 0.0306 122.525
8.9701 1.0317 0.0302 122.119
8.9801 1.0208 0.0297 121.801
8.9901 0.96976 0.0293 120.806
9.0001 0.94424 0.0291 120.311
9.0101 0.88227 0.0279 118.761
9.0201 0.85676 0.0274 118.119
9.0301 0.83488 0.0263 117.315
9.0401 0.81666 0.0263 116.979
9.0501 0.78385 0.0258 116.141
9.0601 0.76927 0.0247 115.443
9.0701 0.75468 0.024 114.886
9.0801 0.74375 0.0235 114.479
9.0901 0.73646 0.0225 113.939
9.1001 0.71459 0.0223 113.395
9.1101 0.70365 0.0215 112.835
9.1201 0.69636 0.0213 112.613
9.1301 0.69636 0.021 112.514
9.1401 0.69636 0.0205 112.323
9.1501 0.7 0.02 112.211
9.1601 0.70729 0.0173 111.064
9.1701 0.71094 0.0193 112.197
9.1801 0.72188 0.019 112.331
9.1901 0.73646 0.0166 111.43
9.2001 0.75104 0.0193 113.189
9.2101 0.79114 0.0194 114.124
9.2201 0.81666 0.0192 114.583
9.2301 0.87863 0.0189 115.679
9.2401 0.91508 0.0191 116.495
9.2501 0.94789 0.0191 117.123
9.2601 1.0135 0.0204 118.942
9.2701 1.0791 0.0227 121.129
9.2801 1.1812 0.0283 125.026
9.2901 1.4437 0.0318 129.985
9.3001 1.5968 0.0348 132.918
9.3101 1.7499 0.0425 136.982
9.3201 2.0488 0.0467 141.273
9.3301 2.1363 0.0434 141.305
9.3401 2.1727 0.0499 143.346
9.3501 2.1946 0.0537 144.475
9.3601 2.2201 0.0582 145.731
9.3701 2.2675 0.0516 144.762
9.3801 2.3514 0.0637 148.138
9.3901 2.4024 0.068 149.451
9.4001 2.8325 0.0707 153.579
9.4101 2.8945 0.0754 154.932
9.4201 3.0622 0.0752 156.205
9.4301 3.3247 0.0763 158.304
9.4401 3.5908 0.0762 160.099
9.4501 3.6965 0.078 161.129
9.4601 3.8241 0.0841 162.984
9.4701 3.8059 0.0882 163.566
9.4801 3.7001 0.0942 163.846
9.4901 3.5142 0.1004 163.547
9.5001 3.2846 0.1021 162.237
9.5101 3.1716 0.1 161.19
9.5201 2.9857 0.1012 159.999
9.5301 2.8544 0.1071 159.764
9.5401 2.8107 0.1048 159.168
9.5501 2.7451 0.1062 158.85
9.5601 2.6357 0.1092 158.334
9.5701 2.5701 0.1076 157.613
9.5801 2.417 0.1082 156.343
9.5901 2.2712 0.1078 154.946
9.6001 2.1472 0.1065 153.587
9.6101 2.1071 0.1029 152.778
9.6201 2.0852 0.0999 152.217
9.6301 2.0306 0.0978 151.412
9.6401 1.9941 0.0944 150.617
9.6501 1.9321 0.0933 149.83
9.6601 1.841 0.0936 148.875
9.6701 1.79 0.0909 147.955
9.6801 1.6915 0.0854 146.036
9.6901 1.6186 0.0836 144.897
9.7001 1.5895 0.0739 143.085
9.7101 1.5348 0.0721 142.114
9.7201 1.4619 0.0629 139.568
9.7301 1.4181 0.0595 138.357
9.7401 1.3161 0.0532 135.648
9.7501 1.2359 0.0529 134.4
9.7601 1.1703 0.0523 133.26
9.7701 1.1411 0.0442 130.967
9.7801 1.0828 0.0457 130.381
9.7901 1.0718 0.0426 129.467
9.8001 1.0937 0.0422 129.78
9.8101 1.2067 0.0453 132.447
9.8201 1.2687 0.0474 133.947
9.8301 1.3416 0.0483 135.279
9.8401 1.502 0.0505 138.047
9.8501 1.6113 0.0531 140.073
9.8601 1.7353 0.0552 142.074
9.8701 1.8374 0.0634 144.95
9.8801 1.9504 0.0669 146.898
9.8901 1.9613 0.0695 147.524
9.9001 2.0123 0.0706 148.306
9.9101 2.1217 0.0728 149.865
9.9201 2.129 0.0731 150.032
9.9301 2.1399 0.0748 150.472
9.9401 2.2019 0.077 151.5
9.9501 2.2274 0.0773 151.842
9.9601 2.2384 0.078 152.107
9.9701 2.2566 0.0772 152.196
9.9801 2.2347 0.0767 151.943
9.9901 2.2128 0.0755 151.571
10 2.1983 0.0725 150.959
10.01 2.1436 0.0708 150.157
10.02 2.1144 0.0605 147.954
10.03 2.1108 0.0657 148.978
10.04 2.1363 0.0628 148.717
10.05 2.1509 0.058 147.923
10.06 2.1691 0.0572 147.972
10.07 2.2529 0.0566 148.693
10.08 2.3149 0.0526 148.408
10.09 2.5154 0.0502 149.653
10.1 2.6685 0.0465 150.015
10.11 2.8325 0.0443 150.741
10.12 3.1679 0.0368 150.886
10.13 3.3721 0.0335 151.105
10.14 3.5908 0.0312 151.62
10.15 3.9881 0.0274 152.316
10.16 4.1267 0.0264 152.637
10.17 4.3964 0.0267 154.221
10.18 4.5532 0.0286 155.933
10.19 4.9286 0.0343 160.169
10.2 5.0672 0.0276 157.972
10.21 5.1474 0.028 158.562
10.22 5.1984 0.0276 158.64
10.23 5.1838 0.0269 158.281
10.24 5.1802 0.0416 164.156
10.25 5.1765 0.0313 160.343
10.26 5.0307 0.0507 166.268
10.27 4.9432 0.031 159.24
10.28 4.8229 0.0291 157.886
10.29 4.5167 0.0291 156.444
10.3 4.3272 0.0302 156.004
10.31 3.9079 0.033 154.912
10.32 3.6965 0.0414 156.645
10.33 3.1497 0.0468 154.687
10.34 3.0002 0.0553 155.797
10.35 2.7378 0.0579 154.387
10.36 2.6102 0.057 153.171
10.37 2.3842 0.0539 150.525
10.38 2.2602 0.0551 149.686
10.39 2.0196 0.0581 147.97
10.4 1.892 0.0588 146.772
10.41 1.7681 0.0582 145.262
10.42 1.8264 0.0577 145.876
10.43 1.9394 0.0444 144.008
10.44 2.355 0.0566 151.153
10.45 2.6175 0.0318 146.322
10.46 3.2299 0.0543 157.727
10.47 3.5106 0.0521 159.125
10.48 4.0137 0.0498 161.658
10.49 4.2214 0.0504 163.043
10.5 4.6261 0.051 165.413
10.51 4.8594 0.0499 166.331
10.52 5.501 0.0475 168.68
10.53 5.9457 0.0488 171.007
10.54 6.4378 0.05 173.372
10.55 7.4002 0.0509 177.195
10.56 7.8668 0.0514 178.955
10.57 8.6433 0.0486 180.601
10.58 8.9167 0.0522 182.543
10.59 9.3578 0.0445 181.439
10.6 9.551 0.0438 181.782
10.61 9.8134 0.0435 182.436
10.62 9.8754 0.0437 182.719
10.63 9.8463 0.0484 184.249
10.64 9.7916 0.0455 183.205
10.65 9.6275 0.0511 184.581
10.66 9.5911 0.0496 184.072
10.67 9.5729 0.0522 184.854
10.68 9.5801 0.0569 186.253
10.69 9.5984 0.054 185.543
10.7 9.6567 0.0551 186.065
10.71 9.7952 0.0577 187.213
10.72 9.8608 0.0584 187.629
10.73 9.9301 0.0613 188.626
10.74 9.9301 0.0611 188.624
10.75 9.8171 0.0603 188.156
10.76 9.7004 0.0587 187.461
10.77 9.5911 0.0571 186.773
10.78 9.3541 0.0589 186.631
10.79 9.2193 0.0578 185.997
10.8 9.0443 0.0576 185.479
10.81 8.8656 0.0566 184.725
10.82 8.7526 0.0567 184.459
10.83 8.5995 0.042 179.499
10.84 8.2751 0.0518 181.697
10.85 8.0199 0.0452 178.885
10.86 7.8449 0.0537 180.939
10.87 7.8048 0.0454 178.343
10.88 7.834 0.0621 183.197
10.89 7.7903 0.0549 181.229
10.9 7.9652 0.0752 186.679
10.91 8.0418 0.0445 178.998
10.92 8.173 0.0614 184.333
10.93 8.3298 0.0606 184.683
10.94 8.4537 0.0566 184.075
10.95 8.5193 0.0562 184.218
10.96 8.862 0.0506 183.702
10.97 9.0917 0.0479 183.588
10.98 9.8572 0.0456 185.026
10.99 10.225 0.0475 186.684
11 10.568 0.0493 188.202
11.01 11.126 0.0507 190.092
11.02 11.345 0.055 191.97
11.03 11.618 0.0549 192.648
11.04 11.673 0.0511 191.681
11.05 11.596 0.0523 191.916
11.06 11.498 0.0519 191.608
11.07 11.224 0.0523 191.114
11.08 11.129 0.055 191.729
11.09 10.936 0.0573 191.948
11.1 10.882 0.0607 192.781
11.11 10.845 0.0617 192.997
11.12 10.867 0.0628 193.386
11.13 11.108 0.0482 189.821
11.14 11.304 0.0666 195.538
11.15 11.826 0.0666 196.862
11.16 12.103 0.0679 197.887
11.17 12.657 0.0674 199.093
11.18 12.89 0.0647 198.989
11.19 13.397 0.0635 199.835
11.2 13.874 0.063 200.763
11.21 14.064 0.0637 201.391
11.22 14.217 0.0641 201.86
11.23 14.443 0.0655 202.733
11.24 14.494 0.0666 203.168
11.25 14.534 0.0668 203.349
11.26 14.527 0.0685 203.811
11.27 14.542 0.0682 203.817
11.28 14.545 0.0702 204.365
11.29 14.603 0.0623 202.511
11.3 14.625 0.0647 203.243
11.31 14.655 0.0685 204.32
11.32 14.673 0.0702 204.824
11.33 14.673 0.0743 205.844
11.34 14.673 0.0756 206.192
11.35 14.618 0.079 206.887
11.36 14.108 0.0797 206.033
11.37 14.254 0.0806 206.582
11.38 14.21 0.0847 207.395
11.39 14.228 0.0863 207.807
11.4 14.294 0.0885 208.432
11.41 14.37 0.0886 208.662
11.42 14.633 0.0889 209.318
11.43 14.742 0.0887 209.553
11.44 14.815 0.0898 209.968
11.45 14.891 0.0954 211.235
11.46 14.902 0.0912 210.518
11.47 14.862 0.0914 210.526
11.48 14.837 0.0894 210.139
11.49 14.76 0.0896 210.072
11.5 14.603 0.0936 210.563
11.51 14.516 0.0917 210.074
11.52 14.432 0.0915 209.911
11.53 14.432 0.0915 209.961
11.54 14.41 0.0908 209.832
11.55 14.348 0.0898 209.559
11.56 14.363 0.0873 209.149
11.57 14.264 0.0875 209.031
11.58 14.235 0.0852 208.557
11.59 14.195 0.0864 208.765
11.6 14.097 0.0867 208.667
11.61 14.079 0.0847 208.274
11.62 13.987 0.084 207.984
11.63 13.918 0.0838 207.844
11.64 13.805 0.0827 207.422
11.65 13.612 0.0822 206.947
11.66 13.441 0.0956 209.232
11.67 13.277 0.0827 206.408
11.68 13.021 0.0843 206.208
11.69 12.883 0.0853 206.143
11.7 12.733 0.0844 205.663
11.71 12.416 0.1022 208.255
11.72 12.238 0.0842 204.548
11.73 11.895 0.085 203.921
11.74 11.687 0.0861 203.67
11.75 11.41 0.0862 203.035
11.76 10.958 0.0869 202.041
11.77 10.769 0.0932 202.76
11.78 10.236 0.0955 201.74
11.79 10.072 0.0936 200.982
11.8 9.8608 0.0935 200.399
11.81 9.6057 0.0952 199.991
11.82 9.5947 0.0946 199.9
11.83 9.5619 0.0927 199.511
11.84 9.6531 0.0933 199.938
11.85 9.8463 0.0905 200.049
11.86 10.517 0.0876 201.457
11.87 10.863 0.0873 202.388
11.88 11.596 0.0723 201.167
11.89 11.91 0.0841 204.547
11.9 12.347 0.0819 205.206
11.91 13.277 0.0816 207.348
11.92 13.667 0.0814 208.221
11.93 14.305 0.079 209.121
11.94 14.593 0.0751 208.889
11.95 15.063 0.074 209.636
11.96 15.278 0.0755 210.464
11.97 15.424 0.0754 210.778
11.98 15.464 0.0816 212.297
11.99 15.453 0.0757 211.003
12 15.446 0.0772 211.383
12.01 15.413 0.0802 212.038
12.02 15.358 0.0807 212.088
12.03 15.172 0.081 211.83
12.04 15.081 0.0815 211.804
12.05 14.891 0.0828 211.745
12.06 14.764 0.0868 212.365
12.07 14.684 0.0885 212.59
12.08 14.465 0.0871 211.898
12.09 14.326 0.086 211.429
12.1 14.111 0.0862 211.058
12.11 13.98 0.0859 210.762
12.12 13.874 0.0864 210.682
12.13 13.601 0.0991 212.539
12.14 13.462 0.0859 209.764
12.15 13.171 0.0845 208.867
12.16 12.989 0.0842 208.435
12.17 12.825 0.0824 207.728
12.18 12.475 0.0944 209.303
12.19 12.307 0.0816 206.425
12.2 11.939 0.0922 207.671
12.21 11.749 0.08 204.806
12.22 11.567 0.0789 204.157
12.23 11.191 0.0919 205.829
12.24 11.031 0.078 202.666
12.25 10.648 0.0662 198.949
12.26 10.477 0.0644 198.076
12.27 10.098 0.0646 197.123
12.28 9.89 0.0648 196.628
12.29 9.7004 0.0635 195.795
12.3 9.3031 0.0634 194.638
12.31 9.1172 0.0629 193.989
12.32 8.4865 0.0621 191.836
12.33 8.286 0.0613 191.013
12.34 8.1512 0.0606 190.424
12.35 8.0345 0.0598 189.861
12.36 7.8231 0.0598 189.176
12.37 7.7356 0.0572 188.215
12.38 7.6517 0.0565 187.77
12.39 7.5096 0.0555 187.028
12.4 7.4695 0.0533 186.297
12.41 7.4221 0.0541 186.399
12.42 7.382 0.054 186.267
12.43 7.3601 0.0536 186.114
12.44 7.3565 0.0553 186.626
12.45 7.3674 0.0537 186.252
12.46 7.3747 0.0544 186.521
12.47 7.3893 0.0539 186.473
12.48 7.3856 0.0547 186.73
12.49 7.3929 0.055 186.883
12.5 7.382 0.0548 186.828
12.51 7.3565 0.055 186.833
12.52 7.3455 0.0555 186.975
12.53 7.3127 0.0557 186.952
12.54 7.3091 0.0552 186.84
12.55 7.2872 0.0558 186.969
12.56 7.269 0.0552 186.775
12.57 7.2544 0.0555 186.846
12.58 7.2471 0.0549 186.692
12.59 7.2252 0.0542 186.452
12.6 7.2435 0.0548 186.733
12.61 7.2653 0.0547 186.826
12.62 7.3601 0.0529 186.696
12.63 7.4367 0.0538 187.278
12.64 7.5059 0.0531 187.365
12.65 7.5898 0.0531 187.707
12.66 7.7356 0.0506 187.509
12.67 7.7939 0.0539 188.743
12.68 7.8522 0.0535 188.87
12.69 7.9215 0.0463 186.889
12.7 7.9434 0.0551 189.732
12.71 7.9507 0.0552 189.827
12.72 7.9616 0.0558 190.077
12.73 8.0163 0.0564 190.475
12.74 8.0637 0.0567 190.763
12.75 8.1366 0.0568 191.08
12.76 8.348 0.0572 191.941
12.77 8.4902 0.0573 192.478
12.78 8.6761 0.0575 193.177
12.79 8.9021 0.0574 193.908
12.8 9.3833 0.058 195.595
12.81 9.6348 0.0593 196.747
12.82 9.8645 0.0597 197.569
12.83 10.069 0.0615 198.687
12.84 10.43 0.0631 200.168
12.85 10.604 0.0645 201.055
12.86 10.787 0.0552 199
12.87 11.148 0.0663 203.061
12.88 11.334 0.0674 203.868
12.89 11.53 0.0693 204.89
12.9 11.884 0.0713 206.316
12.91 12.059 0.0726 207.107
12.92 12.223 0.0749 208.094
12.93 12.547 0.0783 209.697
12.94 12.712 0.0797 210.447
12.95 12.879 0.0798 210.911
12.96 13.032 0.0816 211.707
12.97 13.258 0.0822 212.407
12.98 13.306 0.0814 212.39
12.99 13.368 0.0856 213.47
13 13.444 0.0867 213.917
13.01 13.492 0.0876 214.257
13.02 13.554 0.0878 214.485
13.03 13.634 0.0889 214.935
13.04 13.663 0.09 215.267
13.05 13.754 0.0904 215.598
13.06 13.794 0.0894 215.534
13.07 13.823 0.0912 216.003
13.08 13.885 0.0915 216.248
13.09 14.02 0.0895 216.197
13.1 14.089 0.0882 216.133
13.11 14.148 0.0885 216.37
13.12 14.305 0.0868 216.411
13.13 14.341 0.0839 215.923
13.14 14.396 0.0881 216.968
13.15 14.531 0.088 217.285
13.16 14.574 0.0848 216.755
13.17 14.64 0.09 218.019
13.18 14.727 0.0899 218.231
13.19 14.768 0.0877 217.914
13.2 14.829 0.0902 218.6
13.21 14.844 0.0914 218.919
13.22 14.891 0.0909 218.965
13.23 14.968 0.0779 216.377
13.24 15.001 0.0781 216.537
13.25 15.026 0.0795 216.955
13.26 15.107 0.0814 217.596
13.27 15.136 0.0825 217.945
13.28 15.161 0.0841 218.391
13.29 15.172 0.0856 218.781
13.3 14.713 0.086 217.945
13.31 14.87 0.0865 218.43
13.32 14.862 0.0884 218.854
13.33 14.855 0.0848 218.129
13.34 14.819 0.0911 219.402
13.35 14.822 0.0915 219.534
13.36 14.789 0.0907 219.349
13.37 14.797 0.0861 218.464
13.38 14.826 0.0888 219.133
13.39 14.829 0.0898 219.389
13.4 14.961 0.0905 219.857
13.41 15.015 0.0899 219.895
13.42 15.201 0.0904 220.433
13.43 15.427 0.0891 220.681
13.44 15.61 0.0883 220.936
13.45 15.701 0.0888 221.271
13.46 15.828 0.0887 221.553
13.47 15.981 0.0887 221.906
13.48 16.025 0.0888 222.06
13.49 16.149 0.0904 222.683
13.5 16.237 0.0894 222.697
13.51 16.284 0.09 222.96
13.52 16.397 0.0881 222.832
13.53 16.459 0.0914 223.682
13.54 16.499 0.0931 224.15
13.55 16.539 0.094 224.454
13.56 16.59 0.0926 224.319
13.57 16.601 0.0926 224.386
13.58 16.667 0.0904 224.112
13.59 16.696 0.0913 224.399
13.6 16.678 0.092 224.552
13.61 16.681 0.0915 224.502
13.62 16.681 0.0901 224.26
13.63 16.67 0.0913 224.532
13.64 16.711 0.0914 224.677
13.65 16.747 0.0923 224.976
13.66 16.758 0.0938 225.345
13.67 16.751 0.0926 225.136
13.68 16.769 0.094 225.498
13.69 16.769 0.0945 225.644
13.7 16.787 0.0945 225.724
13.71 16.827 0.0977 226.474
13.72 16.856 0.0928 225.608
13.73 16.856 0.0925 225.593
13.74 16.842 0.094 225.914
13.75 16.824 0.093 225.724
13.76 16.805 0.095 226.133
13.77 16.82 0.0946 226.128
13.78 16.74 0.0947 226.038
13.79 16.729 0.0957 226.26
13.8 16.612 0.0967 226.273
13.81 16.576 0.0968 226.267
13.82 16.466 0.0957 225.881
13.83 16.39 0.096 225.835
13.84 16.364 0.0953 225.691
13.85 16.288 0.0956 225.644
13.86 16.266 0.0955 225.626
13.87 16.251 0.0942 225.384
13.88 16.291 0.0947 225.608
13.89 16.28 0.0938 225.452
13.9 16.248 0.0948 225.632
13.91 16.207 0.0948 225.595
13.92 16.164 0.0946 225.515
13.93 16.087 0.0944 225.365
13.94 16.014 0.0958 225.538
13.95 15.996 0.0966 225.703
13.96 15.963 0.094 225.169
13.97 15.949 0.0954 225.463
13.98 15.927 0.0948 225.344
13.99 15.912 0.095 225.398
14 15.901 0.0948 225.381
14.01 15.887 0.0951 225.456
14.02 15.876 0.0934 225.14
14.03 15.868 0.094 225.289
14.04 15.839 0.0968 225.825
14.05 15.814 0.0943 225.327
14.06 15.817 0.0955 225.615
14.07 15.777 0.0948 225.439
14.08 15.777 0.0926 225.044
14.09 15.763 0.0921 224.958
14.1 15.73 0.0909 224.689
14.11 15.708 0.0928 225.075
14.12 15.686 0.0924 224.993
14.13 15.668 0.0912 224.756
14.14 15.639 0.0928 225.065
14.15 15.58 0.0921 224.846
14.16 15.555 0.0998 226.345
14.17 15.442 0.0938 224.988
14.18 15.3 0.0921 224.391
14.19 15.249 0.099 225.68
14.2 15.107 0.0925 224.15
14.21 15.015 0.091 223.692
14.22 14.87 0.0908 223.383
14.23 14.669 0.09 222.825
14.24 14.567 0.0744 219.146
14.25 14.421 0.0732 218.575
14.26 14.261 0.0738 218.415
14.27 14.202 0.0757 218.79
14.28 14.115 0.0731 218.004
14.29 14.071 0.076 218.655
14.3 13.995 0.079 219.232
14.31 13.404 0.1016 222.526
14.32 13.543 0.1214 226.227
14.33 13.597 0.137 228.689
14.34 13.747 0.138 229.234
14.35 13.74 0.1341 228.715
14.36 13.127 0.1254 225.996
14.37 12.759 0.1237 224.861
14.38 12.296 0.1218 223.422
14.39 11.764 0.1153 221.036
14.4 11.494 0.1121 219.825
14.41 11.221 0.112 219.092
14.42 10.951 0.1106 218.138
14.43 10.823 0.1101 217.729
14.44 10.535 0.1075 216.496
14.45 10.251 0.1094 216.002
14.46 10.021 0.1122 215.792
14.47 9.7989 0.0881 210.853
14.48 9.6202 0.083 209.294
14.49 9.4307 0.0772 207.481
14.5 9.2922 0.0709 205.618
14.51 9.1391 0.0696 204.85
14.52 9.0078 0.0673 203.892
14.53 8.8802 0.0665 203.31
14.54 8.8365 0.0654 202.923
14.55 8.6724 0.0644 202.155
14.56 8.5631 0.0631 201.483
14.57 8.5157 0.0615 200.93
14.58 8.4647 0.061 200.659
14.59 8.3845 0.06 200.147
14.6 8.3298 0.0588 199.66
14.61 8.235 0.058 199.142
14.62 8.1657 0.0575 198.795
14.63 8.0819 0.0568 198.335
14.64 8.0381 0.0587 198.761
14.65 8.071 0.0567 198.343
14.66 8.0928 0.0542 197.714
14.67 8.1038 0.0536 197.607
14.68 8.1256 0.0563 198.531
14.69 8.1694 0.0677 201.795
14.7 8.2824 0.0633 201.105
14.71 8.2897 0.0608 200.495
14.72 8.3881 0.0614 201.039
14.73 8.4246 0.0623 201.446
14.74 8.4938 0.0624 201.748
14.75 8.4464 0.0635 201.917
14.76 8.2787 0.0638 201.452
14.77 8.2496 0.0645 201.571
14.78 8.1584 0.0659 201.646
14.79 8.0928 0.0664 201.576
14.8 8.0053 0.0667 201.374
14.81 7.8996 0.0679 201.326
14.82 7.8121 0.0696 201.455
14.83 7.7939 0.071 201.759
14.84 7.7793 0.0725 202.093
14.85 7.7939 0.0711 201.858
14.86 7.8231 0.0668 200.959
14.87 7.9251 0.0526 197.407
14.88 8.06 0.056 198.959
14.89 8.2933 0.0682 203.119
14.9 8.6068 0.0686 204.345
14.91 8.975 0.0682 205.519
14.92 9.3796 0.0679 206.791
14.93 9.8244 0.0686 208.392
14.94 10.258 0.0685 209.705
14.95 10.652 0.068 210.757
14.96 10.845 0.0709 212.078
14.97 11.173 0.0731 213.572
14.98 11.417 0.0745 214.615
14.99 11.629 0.0761 215.606
15 11.738 0.077 216.147
15.01 11.931 0.0806 217.521
15.02 12.128 0.0638 213.874
15.03 12.332 0.0812 218.774
15.04 12.606 0.0827 219.843
15.05 12.784 0.0854 220.918
15.06 13.211 0.0941 223.805
15.07 13.696 0.0889 223.95
15.08 14.224 0.0877 224.96
15.09 14.749 0.0795 224.34
15.1 15.03 0.0781 224.659
15.11 15.522 0.0718 224.171
15.12 15.923 0.0767 226.277
15.13 16.382 0.0699 225.498
15.14 16.186 0.0734 226.066
15.15 16.051 0.0558 220.742
15.16 16.014 0.13 236.799
15.17 15.752 0.1105 233.107
15.18 15.788 0.1397 237.821
15.19 15.551 0.132 236.23
15.2 15.806 0.132 236.828
15.21 15.533 0.1088 232.508
15.22 15.056 0.1253 234.244
15.23 13.616 0.1262 231.057
15.24 13.761 0.121 230.643
15.25 13.193 0.1099 227.461
15.26 13.12 0.1178 228.638
15.27 12.828 0.0862 222.093
15.28 12.817 0.0908 223.068
15.29 12.544 0.0813 220.383
15.3 12.722 0.1085 226.238
15.31 13.032 0.101 225.716
15.32 13.306 0.0853 223.274
15.33 13.39 0.0839 223.209
15.34 13.01 0.0877 223.147
15.35 13.193 0.0856 223.186
15.36 13.215 0.0854 223.237
15.37 13.007 0.0841 222.483
15.38 13.098 0.0785 221.474
15.39 13.102 0.0754 220.782
15.4 13.087 0.0698 219.373
15.41 12.945 0.0739 220.111
15.42 12.905 0.0704 219.166
15.43 12.766 0.0758 220.213
15.44 12.715 0.0766 220.319
15.45 12.752 0.0794 221.11
15.46 12.817 0.0835 222.241
15.47 12.908 0.074 220.282
15.48 12.967 0.0755 220.835
15.49 13.065 0.0809 222.389
15.5 13.12 0.0828 222.994
15.51 13.185 0.0846 223.592
15.52 13.382 0.0849 224.176
15.53 13.466 0.0861 224.681
15.54 13.754 0.0857 225.32
15.55 13.885 0.0803 224.449
15.56 14.188 0.0859 226.455
15.57 14.334 0.0861 226.873
15.58 14.647 0.0889 228.228
15.59 14.797 0.0894 228.71
15.6 15.03 0.0875 228.857
15.61 15.132 0.0871 229.033
15.62 15.267 0.0851 228.924
15.63 15.296 0.0859 229.206
15.64 15.333 0.0852 229.17
15.65 15.362 0.0863 229.518
15.66 15.343 0.087 229.673
15.67 15.343 0.0873 229.779
15.68 15.311 0.0861 229.486
15.69 15.234 0.0853 229.182
15.7 15.179 0.0849 229.014
15.71 15.034 0.0844 228.626
15.72 14.946 0.0841 228.405
15.73 14.786 0.085 228.294
15.74 14.738 0.0846 228.138
15.75 14.6 0.0842 227.779
15.76 14.549 0.0821 227.227
15.77 14.483 0.0819 227.072
15.78 14.341 0.0816 226.721
15.79 14.283 0.0814 226.582
15.8 14.151 0.0806 226.134
15.81 14.108 0.0806 226.074
15.82 14.031 0.0785 225.44
15.83 14.038 0.0825 226.43
15.84 14.017 0.0809 226.053
15.85 14.057 0.0831 226.69
15.86 14.151 0.0816 226.604
15.87 14.21 0.0867 227.927
15.88 14.239 0.08 226.513
15.89 14.202 0.0799 226.444
15.9 14.064 0.0782 225.761
15.91 14.042 0.0781 225.725
15.92 13.973 0.0787 225.748
15.93 13.914 0.0783 225.555
15.94 13.801 0.0786 225.401
15.95 13.743 0.0789 225.375
15.96 13.663 0.0786 225.154
15.97 13.517 0.0783 224.773
15.98 13.441 0.0788 224.749
15.99 13.364 0.0772 224.219
16 13.317 0.0757 223.779
16.01 13.266 0.0755 223.645
16.02 13.262 0.0753 223.624
16.03 13.291 0.0833 225.621
16.04 13.302 0.0763 224.045
16.05 13.298 0.087 226.534
16.06 13.269 0.0782 224.501
16.07 13.204 0.0778 224.286
16.08 13 0.0784 223.965
16.09 12.868 0.0786 223.722
16.1 12.628 0.0776 222.917
16.11 12.511 0.078 222.753
16.12 12.227 0.0788 222.244
16.13 12.125 0.0798 222.248
16.14 12.03 0.08 222.08
16.15 11.818 0.0801 221.574
16.16 11.738 0.0802 221.418
16.17 11.589 0.08 221.003
16.18 11.534 0.0789 220.636
16.19 11.479 0.0789 220.522
16.2 11.439 0.0761 219.787
16.21 11.439 0.0755 219.68
16.22 11.53 0.0745 219.725
16.23 11.596 0.0625 216.752
16.24 11.756 0.0664 218.314
16.25 11.807 0.0609 216.922
16.26 11.829 0.0741 220.588
16.27 11.822 0.0619 217.33
16.28 11.76 0.0623 217.319
16.29 11.622 0.0627 217.103
16.3 11.02 0.0632 215.625
16.31 10.958 0.0642 215.769
16.32 10.812 0.065 215.611
16.33 10.415 0.067 215.031
16.34 10.207 0.069 214.969
16.35 9.9848 0.0694 214.428
16.36 9.5692 0.0726 213.957
16.37 9.314 0.0739 213.477
16.38 8.7162 0.0763 212.046
16.39 8.3589 0.0788 211.374
16.4 8.0053 0.0822 210.838
16.41 7.2362 0.0841 208.224
16.42 6.8789 0.0856 207.05
16.43 6.1899 0.0898 204.776
16.44 5.8801 0.0921 203.731
16.45 5.3916 0.0942 201.614
16.46 5.2166 0.094 200.657
16.47 4.9979 0.0912 198.955
16.48 4.9906 0.089 198.543
16.49 5.0781 0.0753 196.325
16.5 5.5812 0.0686 197.51
16.51 5.902 0.0682 199.043
16.52 6.6237 0.0665 201.986
16.53 7.0393 0.0642 203.202
16.54 7.8449 0.0584 204.813
16.55 8.1913 0.0562 205.468
16.56 8.585 0.0519 205.531
16.57 8.6105 0.0484 204.462
16.58 8.5959 0.0472 204.02
16.59 8.5704 0.0502 205.015
16.6 8.5339 0.0503 204.957
16.61 8.3371 0.0516 204.738
16.62 8.235 0.0542 205.247
16.63 8.1111 0.053 204.453
16.64 7.6335 0.0532 202.771
16.65 7.3893 0.0525 201.636
16.66 6.8607 0.0542 200.055
16.67 6.6784 0.0586 200.612
16.68 6.4342 0.0601 199.993
16.69 6.015 0.0634 198.978
16.7 5.8764 0.0667 199.183
16.71 5.6431 0.0672 198.181
16.72 5.5994 0.0594 195.97
16.73 5.5775 0.0749 199.707
16.74 5.6723 0.0772 200.73
16.75 5.7379 0.0797 201.63
16.76 5.7707 0.081 202.101
16.77 5.8983 0.0709 200.538
16.78 6.015 0.0806 203.295
16.79 6.292 0.0793 204.375
16.8 6.3831 0.0713 203.028
16.81 6.4633 0.0663 202.2
16.82 6.6201 0.0642 202.39
16.83 6.7112 0.0594 201.515
16.84 6.9591 0.0579 202.173
16.85 7.1122 0.0521 201.068
16.86 7.2945 0.049 200.807
16.87 7.6918 0.0464 201.464
16.88 7.8632 0.0441 201.285
16.89 7.9944 0.042 200.981
16.9 8.1767 0.0365 199.326
16.91 8.1803 0.0338 198.101
16.92 8.122 0.0319 196.979
16.93 8.0345 0.0285 194.868
16.94 7.8778 0.0291 194.686
16.95 7.5314 0.0405 198.855
16.96 7.2507 0.0331 194.51
16.97 6.6894 0.0358 193.557
16.98 6.3321 0.0421 194.672
16.99 6.0368 0.0461 194.835
17 5.5374 0.0446 191.93
17.01 5.3114 0.0617 196.036
17.02 4.9833 0.0667 195.539
17.03 4.8813 0.0715 196.12
17.04 4.8266 0.0698 195.443
17.05 4.863 0.0669 194.997
17.06 4.9286 0.0651 194.962
17.07 5.1109 0.0616 195.117
17.08 5.213 0.0565 194.303
17.09 5.3114 0.0566 194.888
17.1 5.4208 0.0508 193.742
17.11 5.4609 0.0471 192.763
17.12 5.4827 0.045 192.174
17.13 5.4463 0.0416 190.77
17.14 5.4171 0.0384 189.388
17.15 5.3515 0.037 188.503
17.16 5.3005 0.037 188.274
17.17 5.2385 0.0354 187.295
17.18 5.1802 0.0385 188.335
17.19 5.1109 0.0396 188.441
17.2 4.9031 0.0376 186.543
17.21 4.8229 0.0399 187.052
17.22 4.699 0.0329 183.415
17.23 4.6662 0.0439 187.711
17.24 4.6261 0.0461 188.272
17.25 4.6297 0.0446 187.806
17.26 4.6589 0.0399 186.273
17.27 4.7391 0.0426 187.781
17.28 4.7938 0.0448 188.912
17.29 5.0271 0.0421 189.258
17.3 5.0708 0.0409 189.069
17.31 5.0344 0.0418 189.246
17.32 5.1182 0.0405 189.229
17.33 5.8035 0.0405 192.715
17.34 5.9858 0.0448 195.238
17.35 6.23 0.0386 193.978
17.36 6.4561 0.0456 197.731
17.37 6.6092 0.0383 195.572
17.38 6.7659 0.0367 195.568
17.39 6.8534 0.034 194.72
17.4 6.8352 0.0329 194.145
17.41 6.7003 0.0301 192.192
17.42 6.5399 0.0335 193.266
17.43 6.2009 0.0366 193.238
17.44 6.0186 0.0395 193.665
17.45 5.7416 0.0434 193.9
17.46 5.4682 0.0469 193.819
17.47 5.3041 0.0503 194.129
17.48 5.1291 0.0558 194.899
17.49 4.8995 0.0656 196.273
17.5 4.7974 0.0719 197.209
17.51 4.7464 0.0746 197.542
17.52 4.8302 0.0559 193.373
17.53 4.9797 0.0576 194.739
17.54 5.213 0.0743 200.256
17.55 5.4609 0.0676 200.053
17.56 5.9822 0.0666 202.477
17.57 6.642 0.0614 204.198
17.58 7.2763 0.0608 206.761
17.59 8.1402 0.0619 210.476
17.6 8.6615 0.0622 212.484
17.61 8.8729 0.0608 212.854
17.62 9.4744 0.0591 214.401
17.63 9.8134 0.0245 200.298
17.64 10.116 0.0274 203.089
17.65 10.451 0.0717 221.081
17.66 10.914 0.0729 222.808
17.67 11.589 0.0732 224.853
17.68 12.453 0.0536 221.413
17.69 13.492 0.0765 230.748
17.7 15.059 0.0792 235.142
17.71 16.145 0.0776 237.146
17.72 17.155 0.0737 238.241
17.73 18.15 0.0804 241.966
17.74 19.069 0.0877 245.5
17.75 20.195 0.0923 248.631
17.76 20.658 0.096 250.3
17.77 20.921 0.0983 251.29
17.78 21.125 0.1179 255.517
17.79 21.238 0.112 254.663
17.8 21.3 0.1157 255.5
17.81 21.234 0.1237 256.85
17.82 21.154 0.126 257.145
17.83 21.081 0.1337 258.329
17.84 20.957 0.1337 258.149
17.85 20.596 0.1355 257.831
17.86 20.411 0.1614 261.312
17.87 20.17 0.1387 257.636
17.88 19.671 0.1351 256.187
17.89 19.404 0.1335 255.47
17.9 18.788 0.1299 253.748
17.91 18.479 0.1276 252.806
17.92 18.114 0.1272 252.054
17.93 17.345 0.1277 250.605
17.94 16.933 0.1259 249.483
17.95 16.514 0.1239 248.292
17.96 16.058 0.123 247.181
17.97 15.074 0.1231 244.995
17.98 14.458 0.1219 243.366
17.99 13.816 0.1179 241.147
18 13.123 0.1178 239.386
18.01 12.486 0.115 237.239
18.02 11.151 0.1142 233.307
18.03 10.535 0.1131 231.256
18.04 9.9155 0.132 232.248
18.05 9.3687 0.1106 227.029
18.06 8.3225 0.1099 223.107
18.07 7.8194 0.1108 221.297
18.08 7.3382 0.1112 219.381
18.09 6.8643 0.1272 219.76
18.1 6.5071 0.1112 215.683
18.11 5.8509 0.1092 212.119
18.12 5.5702 0.1084 210.526
18.13 5.2859 0.1194 210.663
18.14 5.0453 0.1172 208.963
18.15 4.8083 0.0908 203.191
18.16 4.3162 0.0865 199.281
18.17 4.0683 0.0829 196.924
18.18 3.8533 0.0794 194.72
18.19 3.609 0.0718 191.313
18.2 3.1643 0.0662 186.489
18.21 2.8909 0.0576 181.987
18.22 2.6612 0.0541 178.922
18.23 2.4133 0.0513 175.669
18.24 2.1727 0.0481 172.133
18.25 1.9649 0.0461 169.087
18.26 1.6806 0.045 165.017
18.27 2.2347 0.0375 169.367
18.28 2.3915 0.0364 170.632
18.29 2.519 0.0384 172.706
18.3 2.6393 0.0348 172.478
18.31 2.8253 0.0359 174.656
18.32 2.8982 0.0128 160.908
18.33 2.8654 0.036 175.104
18.34 2.8253 0.0375 175.37
18.35 2.7815 0.0001 106.877
18.36 2.6685 0.0439 176.283
18.37 2.7086 0.038 174.58
18.38 2.8945 0.0347 174.956
18.39 3.5762 0.0322 179.274
18.4 4.0246 0.032 182.283
18.41 4.5349 0.0339 186.364
18.42 5.7634 0.0315 191.763
18.43 6.3576 0.0296 193.517
18.44 6.7914 0.0279 194.436
18.45 7.0284 0.0283 195.659
18.46 7.1414 0.0316 197.947
18.47 7.0904 0.0305 197.19
18.48 7.1377 0.0289 196.526
18.49 7.1195 0.0473 204.705
18.5 6.8753 0.0321 197.244
18.51 6.4706 0.035 196.97
18.52 5.5192 0.0497 198.239
18.53 4.9542 0.0428 192.797
18.54 4.4766 0.0473 191.618
18.55 4.0209 0.0642 193.565
18.56 3.3393 0.0699 189.823
18.57 3.0659 0.0752 188.674
18.58 2.8581 0.0792 187.612
18.59 2.4717 0.0743 182.783
18.6 2.3186 0.0732 180.91
18.61 2.1727 0.0703 178.65
18.62 1.8629 0.0621 172.968
18.63 1.728 0.0576 170.063
18.64 1.6332 0.0542 167.86
18.65 1.5567 0.0519 166.129
18.66 1.4692 0.0503 164.347
18.67 1.4181 0.0495 163.318
18.68 1.3525 0.0458 161.186
18.69 1.2869 0.0382 157.662
18.7 1.2432 0.034 155.39
18.71 1.1812 0.0311 153.132
18.72 1.1119 0.0235 148.329
18.73 0.92602 0.0215 143.429
18.74 0.8604 0.0203 141.263
18.75 0.82759 0.0156 137.45
18.76 0.79843 0.0153 136.542
18.77 0.79478 0.0151 136.322
18.78 0.79843 0.0156 136.803
18.79 0.83488 0.0124 135.1
18.8 0.87863 0.0139 137.417
18.81 0.92237 0.0162 140.177
18.82 1.0026 0.0152 141.141
18.83 1.0317 0.013 139.913
18.84 1.0208 0.008 134.188
18.85 0.98799 0.0096 135.62
18.86 0.95153 0.0089 134.06
18.87 0.87863 0.0082 131.65
18.88 0.80937 0.0082 130.121
18.89 0.83853 0.0084 131.068
18.9 0.9005 0.0092 133.446
18.91 1.0135 0.0118 138.598
18.92 1.0573 0.0121 139.757
18.93 1.0609 0.0121 139.846
18.94 1.0682 0.0125 140.384
18.95 1.0755 0.012 140.066
18.96 1.05 0.0115 139.11
18.97 1.0026 0.0098 136.381
18.98 0.89321 0.0102 134.598
18.99 0.86769 0.0107 134.591
19 0.85311 0.0122 135.757
19.01 0.87863 0.0122 136.354
19.02 0.90779 0.0122 137.017
19.03 0.92602 0.0037 124.443
19.04 0.96976 0.0143 140.207
19.05 0.95883 0.0148 140.399
19.06 0.94789 0.0158 140.953
19.07 0.91144 -0.0238 -nan
19.08 0.9005 0.0174 141.084
19.09 0.90414 0.0173 141.119
19.1 1.0718 0.0162 143.851
19.11 1.3853 -0.0303 -nan
19.12 1.7754 0.0395 166.651
19.13 2.2092 0.0531 176.292
19.14 3.3648 0.052 187.004
19.15 3.9517 0.0553 192.394
19.16 4.4402 0.0845 202.705
19.17 4.925 0.0772 204.241
19.18 5.9493 0.0742 209.214
19.19 7.0065 0.0715 213.571
19.2 8.3626 0.0954 224.435
19.21 9.4708 0.0758 224.195
19.22 11.049 0.0657 226.549
19.23 16.594 0.0791 243.986
19.24 18.376 0.0804 247.968
19.25 20.37 0.0477 241.011
19.26 24.227 -0.0186 -nan
19.27 25.255 0.0147 225.462
19.28 27.242 0.0319 243.146
19.29 28.758 0.0893 267.001
19.3 29.326 0.0647 260.708
19.31 29.893 0.0999 271.089
19.32 30.461 0.1021 272.357
19.33 31.124 0.0618 262.063
19.34 32.025 0.0978 273.426
19.35 31.704 0.0728 266.443
19.36 30.774 0.1287 278.223
19.37 30.064 0.1025 272.126
19.38 29.666 0.1752 284.033
19.39 30.384 0.162 283.202
19.4 28.966 0.1844 284.348
19.41 28.077 0.1662 280.678
19.42 28.463 0.1448 278.063
19.43 27.304 0.1901 282.775
19.44 26.433 0.2158 284.484
19.45 25.434 0.1975 280.872
19.46 25.992 0.2054 282.712
19.47 26.17 0.1951 281.822
19.48 26.021 0.1899 280.998
19.49 26.622 0.1759 280.173
19.5 27.151 0.1869 282.43
19.51 28.398 0.1877 284.404
19.52 30.559 0.1958 288.476
19.53 33.086 0.2079 293.297
19.54 36.14 0.2071 296.996
19.55 39.137 0.1485 292.265
19.56 41.984 0.2901 312.195
19.57 44.649 0.4148 324.532
19.58 47.55 0.3417 322.293
19.59 52.792 0.2639 320.271
19.6 57.338 0.3343 330.589
19.61 59.092 0.2374 322.75
19.62 58.184 0.2801 326.54
19.63 56.077 0.2908 325.871
19.64 58.33 0.2518 323.868
19.65 61.396 0.2309 323.968
19.66 64.556 0.2598 329.582
19.67 66.554 0.3205 336.913
19.68 67.68 0.2989 335.82
19.69 66.371 0.2927 334.341
19.7 68.65 0.3248 338.939
19.71 71.293 0.3499 342.954
19.72 70.571 0.3352 341.279
19.73 69.736 0.3206 339.482
19.74 70.874 0.2944 337.917
19.75 71.909 0.2262 331.326
19.76 74.056 0 0
19.77 74.526 0 0
19.78 75.004 0 0
19.79 76.385 0 0
19.8 79.211 0 0
19.81 79.291 0 0
19.82 81.42 0 0
