0.16 0 0 0
0.18 0 0 0
0.2 0 0 0
0.22 1.256 0.006 39.1749
0.24 1.108 0.007 39.9248
0.26 1.108 0.007 40.8231
0.28 1.108 0.007 41.6729
0.3 0.898 0.006 40.6885
0.32 0.726 0.009 41.5544
0.34 0.607 0.015 42.9733
0.36 0.443 0.018 42.3634
0.38 0.428 0.02 43.1689
0.4 0.403 0.018 43.0322
0.42 0.427 0.017 43.776
0.44 0.467 0.012 43.6382
0.46 0.606 0.011 45.5391
0.48 0.629 0.011 46.329
0.5 0.656 0.012 47.4847
0.52 0.788 0.016 50.4835
0.54 0.835001 0.021 52.6205
0.56 0.858 0.028 54.6562
0.58 0.800001 0.031 55.1032
0.6 0.778 0.036 56.0957
0.62 0.692 0.038 55.9134
0.640001 0.628 0.041 55.9791
0.660001 0.566 0.041 55.6212
0.680001 0.476 0.04 54.5911
0.700001 0.476 0.036 54.5525
0.720001 0.438 0.034 54.0689
0.740001 0.401 0.032 53.5236
0.760001 0.401 0.031 53.7797
0.780001 0.413 0.03 54.2517
0.800001 0.415 0.031 54.8223
0.820001 0.399 0.03 54.7387
0.840001 0.359 0.029 54.1219
0.860001 0.327 0.029 53.7496
0.880001 0.303 0.027 53.1865
0.900001 0.291 0.026 53.0425
0.920001 0.292 0.025 53.22
0.940001 0.318 0.024 54.017
0.960001 0.344 0.022 54.5561
0.980001 0.365 0.02 54.9028
1 0.37 0.019 55.0847
1.02 0.365 0.017 54.7712
1.04 0.351 0.016 54.4829
1.06 0.351 0.015 54.4789
1.08 0.347 0.014 54.3594
1.1 0.37 0.014 55.1447
1.12 0.409 0.016 56.8554
1.14 1.723 0.023 72.4366
1.16 2.531 0.027 77.9652
1.18 3.466 0.032 83.1314
1.2 3.333 0.04 84.6077
1.22 2.854 0.057 85.6052
1.24 2.169 0.052 82.0317
1.26 1.52 0.068 80.0518
1.28 0.714 0.075 72.7043
1.3 0.338 0.077 65.7074
1.32 0.173 0.077 59.92
1.34 0.133 0.074 57.7441
1.36 0.18 0.054 58.9979
1.38 0.204 0.042 59.0671
1.4 0.175 0.03 56.4073
1.42 0.106 0.021 51.1454
1.44 0.088 0.014 48.3288
1.46 0.098 0.01 47.912
1.48 0.094 0.01 47.8059
1.5 0.079 0.012 47.5135
1.52 0.0950001 0.012 48.9723
1.54 0.105 0.012 49.8641
1.56 0.1 0.012 49.6929
1.58 0.091 0.012 49.1965
1.6 0.076 0.013 48.4262
1.62 0.069 0.013 47.9223
1.64 0.066 0.013 47.7792
1.66 0.078 0.013 49.1077
1.68 0.056 0.013 46.9757
1.7 0.122 0.012 52.3729
1.72 0.18 0.012 55.5702
1.74 0.18 0.011 55.347
1.76 0.145 0.01 53.3958
1.78 0.123 0.009 51.853
1.8 0.1 0.009 50.4867
1.82 0.094 0.008 49.7033
1.84 0.117 0.007 50.8825
1.86 0.12 0.007 51.222
1.88 0.182 0.008 55.1596
1.9 0.253 0.009 58.5806
1.92 0.423 0.01 63.8217
1.94 0.172 0.015 58.1559
1.96 0.063 0.015 50.4686
1.98 0.057 0.015 49.887
2 0.073 0.014 51.5443
2.02 0.116 0.013 54.912
2.04 0.14 0.012 56.1986
2.06 0.186 0.011 58.281
2.08 0.263 0.007 59.1596
2.1 0.242 0.007 58.6106
2.12 0.215 0.009 58.9934
2.14 0.169 0.011 58.0942
2.16 0.149 0.013 57.9983
2.18 0.121 0.013 56.43
2.2 0.121 0.013 56.5734
2.22 0.068 0.013 52.1994
2.24 0.049 0.011 49.2288
2.26 0.058 0.011 50.5635
2.28 0.058 0.01 50.2872
2.3 0.0800001 0.008 51.8275
2.32 0.099 0.008 53.5713
2.34 0.192 0.008 59.0735
2.36 0.192 0.007 58.5592
2.38 0.244 0.008 61.4366
2.4 0.301 0.009 64.0949
2.42 0.247 0.009 62.4396
2.44 0.258 0.009 62.9765
2.46 0.244 0.009 62.6145
2.48 0.286 0.01 64.7727
2.5 0.297 0.01 65.2713
2.52 0.292 0.01 65.2563
2.54 0.296 0.01 65.5281
2.56 0.309 0.009 65.5022
2.58 0.329 0.009 66.2396
2.6 0.347 0.009 66.893
2.62 0.387 0.009 68.0972
2.64 0.543 0.009 71.6519
2.66 1.66 0.009 84.3381
2.68 2.349 0.009 88.8463
2.7 1.974 0.01 87.5925
2.72 1.974 0.009 87.0064
2.74 1.456 0.01 84.1798
2.76 1.181 0.015 84.6536
2.78 1.066 0.023 86.6074
2.8 1.033 0.022 86.0692
2.82 1.303 0.022 89.172
2.84 1.447 0.022 90.7063
2.86 1.575 0.023 92.3404
2.88 1.728 0.024 94.0955
2.9 1.728 0.03 96.0434
2.92 2.313 0.03 100.353
2.94 3.191 0.035 106.672
2.96 4.1 0.037 111.315
2.98 4.609 0.043 114.846
3 4.48 0.05 116.037
3.02 4.869 0.062 119.778
3.04 5.682 0.07 123.942
3.06 5.877 0.076 125.629
3.08 6.048 0.076 126.378
3.1 6.204 0.071 126.353
3.12 6.287 0.052 123.578
3.14 6.292 0.036 120.081
3.16 6.267 0.026 117.013
3.18 6.386 0.023 116.343
3.2 6.692 0.021 116.45
3.22 7.095 0.022 118.094
3.24 4.052 0.032 112.585
3.26 7.846 0.035 124.965
3.28 8.893 0.034 127.149
3.3 10.555 0.03 129.193
3.32 14.263 0.033 136.22
3.34 14.263 0.033 136.448
3.36 17.621 0.079 151.513
3.38 18.661 0.077 152.696
3.4 18.911 0.083 154.2
3.42 19.808 0.068 152.928
3.44 20.705 0.04 147.498
3.46 21.695 0.048 151.007
3.48 22.637 0.048 152.177
