0.02 1.58 0.054 24.9601
0.04 1.625 0.052 30.2918
0.06 1.487 0.051 33.4215
0.0800001 1.39 0.051 35.8543
0.1 1.343 0.049 37.8343
0.12 1.293 0.047 39.4475
0.14 1.221 0.048 40.908
0.16 1.167 0.047 42.1056
0.18 1.105 0.046 43.0893
0.2 1.016 0.044 43.6749
0.22 0.950001 0.041 44.1558
0.24 0.905001 0.039 44.7353
0.26 0.923 0.036 45.5674
0.28 1.127 0.033 47.5275
0.3 1.323 0.033 49.5795
0.32 1.541 0.034 51.7264
0.34 1.541 0.036 52.8563
0.36 1.775 0.037 54.9325
0.38 1.879 0.039 56.4703
0.4 1.926 0.052 58.8779
0.42 1.949 0.061 60.5834
0.44 1.904 0.068 61.7212
0.46 1.79 0.072 62.2308
0.48 1.661 0.074 62.439
0.5 1.556 0.073 62.4898
0.52 1.502 0.071 62.7093
0.54 1.584 0.069 63.706
0.56 1.71 0.066 64.8264
0.58 1.821 0.061 65.6258
0.6 1.93 0.056 66.3305
0.62 2.064 0.053 67.2792
0.640001 2.13 0.048 67.6242
0.660001 2.156 0.039 67.1542
0.680001 2.192 0.032 66.7675
0.700001 2.287 0.028 66.972
0.720001 2.311 0.025 66.9657
0.740001 2.327 0.021 66.572
0.760001 2.373 0.019 66.699
0.780001 2.555 0.018 67.5963
0.800001 3.014 0.019 70.0271
0.820001 3.319 0.016 70.48
0.840001 3.551 0.014 70.8559
0.860001 3.699 0.012 70.8273
0.880001 3.746 0.012 71.4111
0.900001 3.801 0.012 72.0096
0.920001 3.838 0.014 73.4886
0.940001 3.959 0.011 72.7853
0.960001 4.155 0.011 73.7238
0.980001 4.236 0.012 74.8942
1 4.244 0.013 75.8399
1.02 4.27 0.014 76.7977
1.04 4.441 0.016 78.5187
1.06 4.586 0.017 79.7027
1.08 4.706 0.018 80.7998
1.1 4.814 0.019 81.8461
1.12 4.975 0.02 83.0012
1.14 5.085 0.021 84.0141
1.16 5.15 0.022 84.9038
1.18 5.17 0.024 85.976
1.2 5.162 0.024 86.3594
1.22 5.185 0.025 87.1081
1.24 5.212 0.025 87.5682
1.26 5.209 0.025 87.9513
1.28 5.167 0.025 88.2343
1.3 5.004 0.025 88.2073
1.32 4.864 0.026 88.5096
1.34 4.763 0.028 89.1603
1.36 4.63 0.023 87.7165
1.38 4.597 0.021 87.3191
1.4 4.576 0.02 87.2564
1.42 4.524 0.02 87.4571
1.44 4.46 0.02 87.6179
1.46 4.381 0.02 87.7284
1.48 4.292 0.02 87.801
1.5 4.138 0.021 88.0233
1.52 3.995 0.021 87.9018
1.54 3.848 0.022 88.0871
1.56 3.692 0.022 87.8783
1.58 3.53 0.023 87.9468
1.6 3.284 0.023 87.3416
1.62 3.11 0.023 86.9594
1.64 2.982 0.024 87.0377
1.66 2.861 0.024 86.8121
1.68 2.627 0.024 86.0379
1.7 2.428 0.024 85.3478
1.72 2.31 0.025 85.3029
1.74 2.382 0.027 86.5087
1.76 2.735 0.028 88.7965
1.78 3.437 0.029 92.3243
1.8 4.033 0.03 95.0365
1.82 4.465 0.027 95.8918
1.84 4.74 0.022 95.376
1.86 4.828 0.018 94.3287
1.88 4.806 0.015 93.124
1.9 4.722 0.014 92.6282
1.92 4.594 0.015 93.0641
1.94 4.467 0.016 93.457
1.96 4.394 0.017 93.9746
1.98 4.448 0.018 94.8561
2 4.569 0.018 95.4898
2.02 4.702 0.018 96.1508
2.04 4.826 0.017 96.3175
2.06 4.917 0.017 96.8392
2.08 5.002 0.017 97.3396
2.1 5.1 0.017 97.872
2.12 5.215 0.017 98.4458
2.14 5.383 0.018 99.6275
2.16 5.507 0.018 100.214
2.18 5.599 0.021 102.011
2.2 5.594 0.018 100.954
2.22 5.644 0.017 100.857
2.24 5.694 0.017 101.237
2.26 5.72 0.017 101.554
2.28 5.732 0.019 102.781
2.3 5.729 0.02 103.464
2.32 5.65 0.021 103.927
2.34 5.568 0.022 104.359
2.36 5.518 0.023 104.858
2.38 5.511 0.024 105.457
2.4 5.55 0.025 106.17
2.42 5.648 0.025 106.684
2.44 5.773 0.025 107.266
2.46 5.875 0.024 107.416
2.48 5.961 0.024 107.883
2.5 6.053 0.025 108.732
2.52 6.165 0.026 109.618
2.54 6.383 0.026 110.411
2.56 6.592 0.027 111.516
2.58 6.817 0.028 112.639
2.6 7.05 0.028 113.429
2.62 7.363 0.028 114.384
2.64 7.619 0.028 115.192
2.66 7.862 0.028 115.957
2.68 8.108 0.029 117.056
2.7 8.463 0.03 118.358
2.72 8.715 0.031 119.428
2.74 8.841 0.033 120.545
2.76 8.717 0.036 121.419
2.78 8.621 0.038 122.017
2.8 8.581 0.041 122.954
2.82 8.586 0.043 123.697
2.84 8.651 0.044 124.312
2.86 8.685 0.044 124.625
2.88 8.693 0.049 126.007
2.9 8.544 0.042 124.331
2.92 8.518 0.039 123.748
2.94 8.482 0.039 123.908
2.96 6.238 0.045 120.191
2.98 4.68 0.051 116.744
3 3.769 0.056 114.257
3.02 2.969 0.056 110.603
3.04 2.574 0.054 108.223
3.06 2.305 0.049 105.852
3.08 2.096 0.042 103.269
3.1 1.918 0.034 100.361
3.12 1.861 0.024 97.2456
3.14 1.967 0.018 95.8762
3.16 2.859 0.016 100.371
3.18 3.715 0.015 103.853
3.2 4.496 0.015 106.932
3.22 5.181 0.016 109.916
3.24 6.078 0.017 113.236
3.26 6.726 0.02 116.664
3.28 7.225 0.023 119.454
3.3 7.814 0.025 121.856
3.32 8.305 0.026 123.539
3.34 8.797 0.028 125.547
3.36 9.545 0.028 127.242
3.38 10.293 0.029 129.221
3.4 10.652 0.03 130.441
3.42 10.941 0.031 131.517
3.44 11.209 0.033 132.88
3.46 12.028 0.036 135.43
3.48 12.496 0.039 137.306
3.5 12.82 0.042 138.886
3.52 13.205 0.045 140.505
3.54 13.325 0.051 142.385
3.56 13.412 0.056 143.856
3.58 13.501 0.062 145.444
3.6 13.729 0.067 146.967
3.62 13.819 0.073 148.387
3.64 13.936 0.077 149.457
3.66 13.997 0.0800001 150.256
3.68 13.942 0.046 143.631
3.7 12.543 0.058 144.433
3.72 13.357 0.065 147.355
3.74 13.331 0.07 148.446
3.76 13.181 0.074 149.112
3.78 13.086 0.077 149.671
3.8 12.986 0.079 150.045
3.82 13.251 0.077 150.38
3.84 13.651 0.075 150.914
3.86 14.014 0.073 151.364
3.88 14.383 0.071 151.799
3.9 14.484 0.07 151.99
3.92 14.574 0.069 152.159
3.94 14.774 0.07 152.857
3.96 14.873 0.07 153.22
3.98 14.971 0.071 153.761
4 15.016 0.071 154.042
4.02 15.006 0.071 154.241
4.04 14.998 0.071 154.442
4.06 15.032 0.071 154.705
4.08 15.011 0.072 155.065
4.1 15.057 0.072 155.345
4.12 15.025 0.072 155.507
4.14 15.029 0.072 155.723
4.16 15 0.073 156.067
4.18 14.944 0.074 156.368
4.2 14.844 0.074 156.424
4.22 14.769 0.075 156.692
4.24 14.711 0.075 156.809
4.26 14.654 0.075 156.927
4.28 14.453 0.075 156.819
4.3 14.323 0.076 156.991
4.32 14.166 0.076 156.944
4.34 14.059 0.077 157.145
4.36 13.861 0.077 157.025
4.38 13.825 0.077 157.166
4.4 13.765 0.077 157.267
4.42 13.648 0.079 157.608
4.44 12.071 0.068 153.118
4.46 12.296 0.063 152.744
4.48 12.769 0.061 153.355
4.5 12.652 0.062 153.55
4.52 12.494 0.063 153.666
4.54 12.283 0.064 153.679
4.56 11.82 0.063 152.817
4.58 11.609 0.063 152.607
4.6 11.459 0.063 152.506
4.62 11.267 0.062 152.116
4.64 11.207 0.061 151.976
4.66 11.166 0.06 151.869
4.68 11.144 0.059 151.794
4.7 11.156 0.057 151.562
4.72 11.183 0.056 151.571
4.74 11.257 0.054 151.434
4.76 11.361 0.053 151.577
4.78 11.616 0.052 151.998
4.8 11.643 0.051 151.98
4.82 11.656 0.051 152.18
4.84 11.723 0.051 152.481
4.86 12.141 0.051 153.428
4.88 12.325 0.051 153.937
4.9 12.396 0.051 154.239
4.92 12.471 0.052 154.798
4.94 12.581 0.053 155.415
4.96 12.556 0.061 157.375
4.98 12.553 0.058 156.886
5 12.366 0.058 156.722
5.02 12.509 0.059 157.38
5.04 12.629 0.06 157.991
5.06 12.641 0.062 158.619
5.08 12.637 0.065 159.411
5.1 12.635 0.067 159.985
5.12 12.647 0.069 160.573
5.14 12.539 0.07 160.741
5.16 12.42 0.072 161.071
5.18 12.207 0.074 161.211
5.2 11.869 0.082 162.111
5.22 11.533 0.071 159.689
5.24 10.943 0.066 157.693
5.26 10.845 0.064 157.253
5.28 10.72 0.063 156.951
5.3 10.6 0.063 156.861
5.32 10.366 0.062 156.313
5.34 10.3 0.06 155.907
5.36 10.334 0.058 155.703
5.38 10.466 0.056 155.694
5.4 10.96 0.054 156.42
5.42 11.208 0.052 156.593
5.44 11.532 0.051 157.144
5.46 11.977 0.049 157.639
5.48 12.97 0.048 159.346
5.5 13.437 0.048 160.322
5.52 13.872 0.049 161.499
5.54 14.268 0.051 162.859
5.56 14.957 0.054 164.916
5.58 15.258 0.058 166.542
5.6 15.578 0.061 167.91
5.62 15.844 0.064 169.161
5.64 15.86 0.067 169.999
5.66 15.623 0.071 170.619
5.68 15.26 0.075 170.987
5.7 14.919 0.079 171.337
5.72 14.395 0.081 170.979
5.74 14.207 0.083 171.168
5.76 14.047 0.084 171.225
5.78 13.944 0.083 171.038
5.8 13.85 0.082 170.863
5.82 13.823 0.079 170.45
5.84 13.836 0.077 170.272
5.86 13.861 0.075 170.105
5.88 13.87 0.073 169.9
5.9 13.854 0.071 169.639
5.92 13.827 0.07 169.551
5.94 13.844 0.069 169.537
5.96 13.944 0.063 168.591
5.98 13.748 0.059 167.487
6 13.552 0.058 167.059
6.02 13.394 0.059 167.169
6.04 13.209 0.06 167.222
6.06 13.055 0.061 167.323
6.08 12.91 0.061 167.208
6.1 12.892 0.061 167.327
6.12 12.878 0.06 167.223
6.14 12.759 0.059 166.917
6.16 12.302 0.058 165.957
6.18 12.119 0.057 165.509
6.2 11.833 0.056 164.846
6.22 11.528 0.055 164.128
6.24 11.244 0.055 163.685
6.26 10.47 0.054 161.91
6.28 10.042 0.054 161.082
6.3 9.583 0.054 160.142
6.32 8.85 0.053 158.211
6.34 8.203 0.053 156.628
6.36 7.581 0.052 154.75
6.38 6.952 0.05 152.467
6.4 6.326 0.049 150.288
6.42 5.475 0.046 146.549
6.44 4.897 0.045 144.074
6.46 4.691 0.044 143.041
6.48 5.15 0.043 144.824
6.5 6.427 0.042 149.353
6.52 8.446 0.042 155.479
6.54 10.465 0.042 160.489
6.56 11.236 0.043 162.596
6.58 11.696 0.047 164.892
6.6 11.932 0.051 166.636
6.62 12.127 0.056 168.471
6.64 12.508 0.058 169.861
6.66 12.889 0.059 170.982
6.68 13.264 0.059 171.833
6.7 13.58 0.06 172.801
6.72 14.115 0.06 173.909
6.74 14.273 0.062 174.809
6.76 14.368 0.064 175.583
6.78 14.42 0.058 174.385
6.8 13.072 0.057 171.829
6.82 14.019 0.059 174.21
6.84 14.157 0.061 175.083
6.86 14.516 0.063 176.33
6.88 14.781 0.066 177.62
6.9 14.892 0.069 178.614
6.92 14.721 0.072 179.094
6.94 13.679 0.076 178.152
6.96 12.909 0.086 178.641
6.98 12.163 0.089 177.764
7 12.05 0.0900001 177.832
7.02 13.08 0.087 179.581
7.04 13.835 0.088 181.353
7.06 14.292 0.088 182.348
7.08 14.341 0.087 182.407
7.1 14.157 0.084 181.68
7.12 13.981 0.079 180.571
7.14 13.779 0.077 179.949
7.16 13.629 0.076 179.61
7.18 13.214 0.074 178.554
7.2 12.927 0.072 177.722
7.22 12.656 0.071 177.111
7.24 12.498 0.07 176.719
7.26 13.297 0.069 178.226
7.28 14.156 0.068 179.759
7.3 14.91 0.068 181.245
7.32 15.435 0.065 181.607
7.34 15.936 0.06 181.37
7.36 15.835 0.054 179.759
7.38 15.583 0.053 179.2
7.4 15.353 0.054 179.23
7.42 14.936 0.057 179.46
7.44 14.585 0.066 181.177
7.46 14.128 0.077 182.813
7.48 13.61 0.0850001 183.47
7.5 13.34 0.091 184.119
7.52 13.596 0.091 184.761
7.54 13.285 0.086 183.418
7.56 14.027 0.084 184.633
7.58 14.459 0.082 185.206
7.6 15.048 0.081 186.22
7.62 15.301 0.0800001 186.611
7.64 15.528 0.0800001 187.144
7.66 15.645 0.081 187.676
7.68 15.686 0.082 188.075
7.7 15.861 0.082 188.512
7.72 16.056 0.082 188.98
7.74 16.363 0.083 189.824
7.76 16.509 0.083 190.204
7.78 16.683 0.083 190.627
7.8 16.83 0.083 191.005
7.82 17.112 0.084 191.789
7.84 17.224 0.086 192.483
7.86 17.594 0.087 193.395
7.88 18.268 0.087 194.582
7.9 19.09 0.086 195.769
7.92 19.08 0.0850001 195.702
7.94 19.079 0.0850001 195.837
7.96 18.849 0.087 196.011
7.98 18.277 0.0900001 195.831
8 17.937 0.094 196.147
8.02 17.655 0.098 196.516
8.04 17.375 0.1 196.53
8.06 16.77 0.103 196.146
8.08 16.449 0.104 195.893
8.1 16.325 0.101 195.338
8.12 16.368 0.098 195.056
8.14 16.528 0.096 195.128
8.16 16.476 0.097 195.341
8.18 16.353 0.097 195.263
8.2 16.151 0.098 195.213
8.22 15.461 0.099 194.285
8.24 15.163 0.102 194.354
8.26 14.988 0.104 194.474
8.28 14.879 0.098 193.442
8.3 14.783 0.094 192.722
8.32 14.687 0.094 192.67
8.34 14.713 0.096 193.186
8.36 14.675 0.098 193.575
8.38 14.624 0.099 193.77
8.4 14.596 0.1 194.007
8.42 14.62 0.103 194.659
8.44 14.683 0.106 195.374
8.46 14.884 0.108 196.191
8.48 14.981 0.11 196.804
8.5 15.044 0.112 197.347
8.52 15.066 0.113 197.664
8.54 15.326 0.114 198.426
8.56 15.62 0.114 199.1
8.58 15.858 0.114 199.663
8.6 15.876 0.115 199.97
8.62 15.66 0.118 200.133
8.64 15.383 0.121 200.166
8.66 15.281 0.123 200.376
8.68 15.351 0.124 200.772
8.7 15.498 0.125 201.311
8.72 15.631 0.125 201.687
8.74 15.825 0.123 201.903
8.76 16.147 0.122 202.481
8.78 16.18 0.123 202.807
8.8 16.195 0.123 202.962
8.82 16.333 0.124 203.476
8.84 16.444 0.126 204.074
8.86 16.222 0.128 204.07
8.88 16.063 0.13 204.172
8.9 15.96 0.132 204.37
8.92 15.878 0.134 204.602
8.94 15.775 0.136 204.79
8.96 15.596 0.136 204.58
8.98 15.302 0.135 204.022
9 15.207 0.135 203.965
9.02 15.101 0.135 203.885
9.04 14.927 0.133 203.418
9.06 13.688 0.067 189.872
9.08 14.204 0.087 195.2
9.1 14.719 0.097 198.109
9.12 14.975 0.104 199.879
9.14 15.481 0.108 201.592
9.16 15.647 0.112 202.637
9.18 15.734 0.115 203.368
9.2 15.693 0.118 203.851
9.22 15.236 0.122 203.672
9.24 15.011 0.125 203.77
9.26 14.866 0.127 203.877
9.28 14.749 0.128 203.9
9.3 14.404 0.132 203.849
9.32 13.756 0.134 202.877
9.34 13.373 0.135 202.3
9.36 12.578 0.136 200.765
9.38 12.252 0.135 200.003
9.4 11.918 0.133 199.079
9.42 11.7 0.129 198.164
9.44 12.724 0.123 199.897
9.46 13.829 0.116 201.443
9.48 14.86 0.112 203.066
9.5 16.144 0.108 205.003
9.52 16.521 0.105 205.324
9.54 16.663 0.105 205.697
9.56 16.607 0.107 206.04
9.58 16.489 0.111 206.578
9.6 16.445 0.114 207.077
9.62 16.424 0.117 207.607
9.64 16.416 0.121 208.294
9.66 16.228 0.125 208.633
9.68 16.248 0.129 209.338
9.7 16.248 0.131 209.726
9.72 16.07 0.132 209.646
9.74 16.016 0.132 209.664
9.76 15.907 0.132 209.578
9.78 15.812 0.133 209.648
9.8 15.322 0.134 208.948
9.82 15.009 0.136 208.704
9.84 14.82 0.137 208.568
9.86 14.752 0.136 208.421
9.88 14.709 0.136 208.45
9.9 14.783 0.128 207.668
9.92 14.497 0.123 206.515
9.94 14.759 0.121 206.882
9.96 14.868 0.12 207.074
9.98 14.896 0.127 208.226
10 14.904 0.134 209.29
