0.01 0 0 0
0.02 0 0 0
0.03 0 0 0
0.04 0 0 0
0.05 0 0 0
0.06 0 0 0
0.07 0 0 0
0.08 0 0 0
0.09 0 0 0
0.1 0 0 0
0.11 0 0 0
0.12 0 0 0
0.13 0 0 0
0.14 0 0 0
0.15 0 0 0
0.16 0 0 0
0.17 0 0 0
0.18 0 0 0
0.19 0.01 0 0
0.2 0.16 0 0
0.21 0.23 0 0
0.22 0.23 0 0
0.23 0.23 0 0
0.24 0.23 0 0
0.25 0.23 0 0
0.26 0.23 0 0
0.27 0.23 0 0
0.28 0.23 0 0
0.29 0.23 0 0
0.3 0.23 0 0
0.31 0.22 0 0
0.32 0.21 0 0
0.33 0.21 0 0
0.34 0.2 0.001 29.236
0.35 0.2 0.001 29.4725
0.36 0.19 0.001 29.4856
0.37 0.18 0.001 29.4807
0.38 0.18 0.001 29.7
0.39 0.18 0.001 29.9153
0.4 0.17 0 0
0.41 0.17 0 0
0.42 0.17 0 0
0.43 0.16 0 0
0.44 0.15 0 0
0.45 0.15 0 0
0.46 0.14 0 0
0.47 0.14 0 0
0.48 0.14 0 0
0.49 0.14 0 0
0.5 0.13 0 0
0.51 0.13 0 0
0.52 0.13 0 0
0.53 0.13 0 0
0.54 0.12 0 0
0.55 0.12 0 0
0.56 0.12 0 0
0.57 0.12 0 0
0.58 0.12 0 0
0.59 0.12 0 0
0.6 0.12 0 0
0.61 0.12 0 0
0.62 0.12 0 0
0.63 0.12 0.001 32.2431
0.64 0.13 0.001 32.76
0.65 0.13 0.001 32.9015
0.66 0.12 0.001 32.6628
0.67 0.13 0.001 33.1799
0.68 0.11 0.001 32.5249
0.69 0.11 0 0
0.7 0.11 0 0
0.71 0.11 0 0
0.72 0.11 0 0
0.73 0.11 0 0
0.74 0.11 0.001 33.2985
0.75 0.11 0.001 33.423
0.76 0.12 0.001 33.9693
0.77 0.12 0.001 34.0929
0.78 0.12 0.001 34.2154
0.79 0.13 0.001 34.7349
0.8 0.12 0.001 34.4571
0.81 0.11 0.001 34.1458
0.82 0.11 0.001 34.2625
0.83 0.11 0.001 34.3781
0.84 0.11 0.001 34.4928
0.85 0.11 0.001 34.6064
0.86 0.11 0.001 34.7191
0.87 0.11 0.001 34.8309
0.88 0.11 0.001 34.9417
0.89 0.12 0.001 35.4936
0.9 0.12 0.001 35.604
0.91 0.14 0.001 36.5152
0.92 0.15 0.001 36.992
0.93 0.16 0.001 37.4498
0.94 0.16 0.001 37.5613
0.95 0.16 0.001 37.672
0.96 0.15 0.001 37.4323
0.97 0.11 0.001 35.9005
0.98 0.1 0.001 35.5123
0.99 0.11 0.001 36.1048
1 0.11 0.001 36.2058
1.01 0.12 0.001 36.7639
1.02 0.11 0.001 36.4057
1.03 0.11 0.001 36.5046
1.04 0.11 0.002 38.7757
1.05 0.12 0.002 39.3692
1.06 0.18 0.002 41.8464
1.07 0.25 0.003 45.4974
1.08 0.24 0.003 45.3478
1.09 0.24 0.004 46.5655
1.1 0.23 0.004 46.3986
1.11 0.24 0.005 47.6785
1.12 0.22 0.005 47.2023
1.13 0.19 0.005 46.3307
1.14 0.18 0.006 46.7885
1.15 0.17 0.006 46.5177
1.16 0.17 0.007 47.2317
1.17 0.17 0.007 47.3446
1.18 0.17 0.008 47.9869
1.19 0.17 0.009 48.5733
1.2 0.19 0.009 49.4725
1.21 0.23 0.009 50.9699
1.22 0.39 0.009 55.1229
1.23 0.61 0.011 59.916
1.24 1.23 0.013 67.3621
1.25 1.49 0.015 70.2342
1.26 1.62 0.017 71.9887
1.27 1.66 0.022 73.9708
1.28 1.68 0.026 75.2996
1.29 1.58 0.028 75.2613
1.3 1.42 0.033 75.2946
1.31 1.24 0.034 74.1807
1.32 1.08 0.035 73.0494
1.33 1.03 0.039 73.3624
1.34 0.92 0.039 72.3294
1.35 0.8 0.039 71.035
1.36 0.79 0.038 70.8986
1.37 0.79 0.038 71.0432
1.38 0.81 0.031 70.2437
1.39 0.84 0.032 70.9415
1.4 0.86 0.03 70.9424
1.41 0.81 0.03 70.4724
1.42 0.64 0.028 67.8652
1.43 0.55 0.027 66.3289
1.44 0.43 0.025 63.7339
1.45 0.38 0.022 62.0664
1.46 0.37 0.02 61.4575
1.47 0.36 0.018 60.7965
1.48 0.36 0.015 59.9942
1.49 0.37 0.013 59.63
1.5 0.4 0.011 59.5815
1.51 0.39 0.009 58.4897
1.52 0.35 0.008 57.1286
1.53 0.32 0.008 56.499
1.54 0.3 0.008 56.0778
1.55 0.3 0.008 56.1788
1.56 0.3 0.007 55.6575
1.57 0.3 0.007 55.7565
1.58 0.3 0.007 55.855
1.59 0.31 0.008 56.8459
1.6 0.34 0.008 57.7076
1.61 0.43 0.008 59.796
1.62 0.5 0.008 61.2141
1.63 0.5 0.008 61.319
1.64 0.42 0.008 59.9004
1.65 0.4 0.008 59.5816
1.66 0.37 0.009 59.5967
1.67 0.37 0.009 59.6962
1.68 0.36 0.009 59.56
1.69 0.34 0.009 59.1693
1.7 0.34 0.01 59.7882
1.71 0.34 0.01 59.8858
1.72 0.33 0.01 59.7256
1.73 0.33 0.01 59.822
1.74 0.34 0.01 60.176
1.75 0.34 0.01 60.272
1.76 0.34 0.01 60.3675
1.77 0.35 0.01 60.7156
1.78 0.35 0.01 60.8108
1.79 0.35 0.01 60.9055
1.8 0.35 0.01 60.9999
1.81 0.35 0.01 61.094
1.82 0.36 0.011 61.9254
1.83 0.37 0.011 62.265
1.84 0.38 0.012 63.0542
1.85 0.41 0.013 64.2706
1.86 0.42 0.014 64.9902
1.87 0.42 0.014 65.0872
1.88 0.43 0.014 65.405
1.89 0.44 0.014 65.7187
1.9 0.49 0.013 66.4324
1.91 0.52 0.013 67.1011
1.92 0.6 0.013 68.5977
1.93 0.64 0.013 69.3382
1.94 0.65 0.013 69.5931
1.95 0.64 0.013 69.5372
1.96 0.61 0.013 69.1564
1.97 0.58 0.013 68.7532
1.98 0.53 0.012 67.511
1.99 0.49 0.012 66.8459
2 0.48 0.012 66.7407
2.01 0.47 0.011 66.1504
2.02 0.46 0.011 66.0369
2.03 0.44 0.01 65.1867
2.04 0.44 0.01 65.2758
2.05 0.41 0.009 64.1386
2.06 0.39 0.008 63.1427
2.07 0.39 0.008 63.2278
2.08 0.37 0.008 62.8344
2.09 0.36 0.008 62.6705
2.1 0.35 0.008 62.4997
2.11 0.34 0.008 62.3216
2.12 0.34 0.008 62.4035
2.13 0.34 0.008 62.4852
2.14 0.34 0.007 61.8754
2.15 0.35 0.007 62.2148
2.16 0.35 0.007 62.2951
2.17 0.39 0.007 63.3547
2.18 0.42 0.008 64.8326
2.19 0.44 0.008 65.3515
2.2 0.45 0.009 66.2929
2.21 0.46 0.01 67.1732
2.22 0.46 0.012 68.2856
2.23 0.48 0.013 69.2509
2.24 0.5 0.013 69.7459
2.25 0.54 0.013 70.6105
2.26 0.57 0.014 71.6909
2.27 0.62 0.014 72.6533
2.28 0.64 0.015 73.4961
2.29 0.72 0.016 75.2473
2.3 0.74 0.017 76.0188
2.31 0.74 0.017 76.1105
2.32 0.75 0.018 76.7134
2.33 0.77 0.018 77.0968
2.34 0.78 0.018 77.3322
2.35 0.82 0.018 77.9835
2.36 0.83 0.017 77.8409
2.37 0.81 0.017 77.6592
2.38 0.78 0.019 78.0477
2.39 0.75 0.02 78.031
2.4 0.7 0.022 77.9651
2.41 0.67 0.022 77.5645
2.42 0.66 0.021 77.1865
2.43 0.65 0.021 77.1054
2.44 0.68 0.015 75.5517
2.45 0.71 0.012 74.7094
2.46 0.87 0.01 75.8558
2.47 0.95 0.009 76.2382
2.48 1.05 0.009 77.4318
2.49 1.05 0.009 77.5185
2.5 1 0.009 77.0616
2.51 0.88 0.009 75.7401
2.52 0.81 0.01 75.5839
2.53 0.74 0.01 74.6887
2.54 0.68 0.01 73.8657
2.55 0.65 0.01 73.4675
2.56 0.65 0.01 73.5475
2.57 0.65 0.011 74.2135
2.58 0.66 0.011 74.4571
2.59 0.68 0.012 75.4023
2.6 0.7 0.013 76.3053
2.61 0.73 0.013 76.8498
2.62 0.74 0.013 77.0824
2.63 0.75 0.013 77.3133
2.64 0.78 0.013 77.8333
2.65 0.79 0.012 77.5401
2.66 0.8 0.012 77.7621
2.67 0.8 0.011 77.2817
2.68 0.77 0.011 76.9375
2.69 0.72 0.009 75.0132
2.7 0.69 0.009 74.6318
2.71 0.63 0.009 73.7363
2.72 0.58 0.008 72.2269
2.73 0.54 0.008 71.5604
2.74 0.52 0.008 71.2449
2.75 0.49 0.008 70.7095
2.76 0.47 0.011 72.2464
2.77 0.48 0.015 74.4349
2.78 0.48 0.015 74.5095
2.79 0.49 0.015 74.8057
2.8 0.6 0.015 77.0961
2.81 1.05 0.015 83.6489
2.82 1.49 0.017 88.9814
2.83 2.85 0.016 97.296
2.84 4.3 0.016 103.334
2.85 5.28 0.014 105.361
2.86 5.98 0.013 106.712
2.87 6.23 0.012 106.734
2.88 6.99 0.011 107.839
2.89 6.65 0.01 106.325
2.9 7.08 0.009 106.454
2.91 8.4 0.009 109.212
2.92 8.02 0.008 107.531
2.93 7.64 0.008 106.883
2.94 7.49 0.009 107.73
2.95 7.61 0.009 108.079
2.96 7.68 0.01 109.277
2.97 7.75 0.025 118.199
2.98 8.25 0.013 113.058
2.99 9.57 0.027 122.856
3 9.79 0.033 125.45
3.01 10.01 0.032 125.646
3.02 9.92 0.032 125.599
3.03 10.12 0.027 124.307
3.04 10.32 0.026 124.381
3.05 10.18 0.025 123.845
3.06 9.42 0.027 123.368
3.07 9.9 0.029 125.108
3.08 10.39 0.034 127.775
3.09 10.06 0.04 129.03
3.1 10.07 0.042 129.69
3.11 10.08 0.042 129.825
3.12 11.08 0.028 127.353
3.13 10.81 0.022 124.491
3.14 10.73 0.021 123.988
3.15 10.74 0.023 125.057
3.16 10.75 0.026 126.468
3.17 10.89 0.026 126.815
3.18 11.02 0.029 128.303
3.19 12.36 0.031 131.282
3.2 11.4 0.038 132.094
3.21 10.49 0.04 131.193
3.22 11.14 0.031 129.669
3.23 10.15 0.03 127.704
3.24 9.76 0.03 127.094
3.25 9.66 0.03 127.015
3.26 9.57 0.032 127.636
3.27 10.58 0.036 130.88
3.28 11.6 0.04 133.907
3.29 11.03 0.048 135.085
3.3 10.46 0.056 135.902
3.31 9.75 0.058 135.04
3.32 9.79 0.054 134.432
3.33 9.83 0.051 133.985
3.34 10.14 0.049 134.25
3.35 10.2 0.046 133.77
3.36 10.26 0.042 132.984
3.37 11.2 0.039 133.956
3.38 10.99 0.038 133.413
3.39 11.06 0.038 133.645
3.4 11.13 0.038 133.876
3.41 11.33 0.036 133.726
3.42 12.7 0.033 135.072
3.43 12.16 0.027 132.114
3.44 12.37 0.027 132.548
3.45 12.95 0.027 133.533
3.46 13.08 0.032 135.738
3.47 13.35 0.034 136.936
3.48 13.62 0.037 138.412
3.49 15.57 0.041 142.428
3.5 15.93 0.042 143.299
3.51 16.2 0.041 143.472
3.52 15.49 0.041 142.662
3.53 14.78 0.038 140.919
3.54 14.53 0.039 140.988
3.55 14.54 0.04 141.411
3.56 14.54 0.041 141.812
3.57 15.48 0.054 146.528
3.58 16.66 0.056 148.651
3.59 16.26 0.056 148.247
3.6 16.56 0.055 148.53
3.61 16.85 0.054 148.789
3.62 18.63 0.057 151.753
3.63 19.79 0.059 153.637
3.64 19.14 0.068 154.835
3.65 18.95 0.077 156.339
3.66 18.76 0.077 156.231
3.67 19.01 0.077 156.648
3.68 18.28 0.076 155.715
3.69 17.98 0.064 153.255
3.7 18.09 0.06 152.683
3.71 18.21 0.056 152.068
3.72 17.84 0.055 151.505
3.73 17.86 0.055 151.643
3.74 17.88 0.046 149.54
3.75 17.96 0.047 150.016
3.76 19.29 0.048 151.945
3.77 19.7 0.052 153.538
3.78 19.73 0.055 154.403
3.79 19.57 0.053 153.861
3.8 19.61 0.052 153.775
3.81 19.65 0.052 153.933
3.82 20 0.052 154.437
3.83 19.56 0.052 154.055
3.84 19.13 0.053 153.918
3.85 19.14 0.053 154.041
3.86 18.97 0.129 165.78
3.87 19.06 0.132 166.33
3.88 19.15 0.131 166.457
3.89 19.4 0.129 166.674
3.9 19.64 0.123 166.428
3.91 19.79 0.111 165.311
3.92 17.65 0.099 161.183
3.93 17.24 0.098 160.617
3.94 16.84 0.09 159.057
3.95 16.44 0.082 157.395
3.96 15.19 0.066 152.935
3.97 15.11 0.076 154.732
3.98 15.29 0.074 154.76
3.99 15.46 0.073 154.94
4 15.27 0.065 153.284
4.01 14.76 0.058 151.202
4.02 15.29 0.054 151.176
4.03 14.29 0.045 147.559
4.04 13.88 0.046 147.312
4.05 13.46 0.043 145.941
4.06 12.62 0.04 143.824
4.07 12.4 0.03 140.163
4.08 12.35 0.039 143.271
4.09 12.66 0.024 138.185
4.1 11.83 0.025 137.401
4.11 11.83 0.019 134.39
4.12 11.7 0.019 134.267
4.13 11.61 0.021 135.331
4.14 10.96 0.023 135.323
4.15 10.32 0.028 136.461
4.16 10.46 0.034 139.046
4.17 10.6 0.036 140.07
4.18 10.41 0.036 139.798
4.19 10.46 0.035 139.66
4.2 10.52 0.034 139.531
4.21 10.81 0.034 140.171
4.22 11.23 0.034 141.035
4.23 10.95 0.032 139.909
4.24 10.68 0.032 139.498
4.25 10.59 0.033 139.777
4.26 10.67 0.034 140.368
4.27 10.74 0.037 141.585
4.28 11 0.041 143.385
4.29 11.09 0.041 143.646
4.3 11.74 0.047 146.579
4.31 12.45 0.053 149.406
4.32 12.36 0.052 149.109
4.33 12.54 0.051 149.275
4.34 11.93 0.05 148.058
4.35 11.84 0.053 148.71
4.36 11.89 0.055 149.355
4.37 11.95 0.06 150.645
4.38 12.14 0.072 153.393
4.39 12.51 0.08 155.512
4.4 12.89 0.093 158.253
4.41 12.71 0.106 159.762
4.42 12.2 0.105 158.798
4.43 10.4 0.103 155.038
4.44 10.19 0.1 154.301
4.45 9.56 0.091 151.789
4.46 8.98 0.078 148.603
4.47 8.94 0.076 148.279
4.48 8.46 0.075 147.035
4.49 8.31 0.072 146.25
4.5 8.34 0.07 146.073
4.51 8.38 0.04 139.61
4.52 8.48 0.029 136.241
4.53 8.25 0.024 133.664
4.54 8.23 0.019 131.126
4.55 8.38 0.021 132.648
4.56 8.11 0.017 129.802
4.57 7.99 0.016 128.951
4.58 7.88 0.016 128.772
4.59 7.65 0.016 128.302
4.6 7.61 0.016 128.282
4.61 7.57 0.016 128.262
4.62 7.58 0.016 128.364
4.63 7.55 0.017 129.017
4.64 7.53 0.017 129.045
4.65 7.52 0.017 129.098
4.66 7.52 0.016 128.525
4.67 7.53 0.015 127.937
4.68 7.75 0.016 129.237
4.69 8.11 0.016 130.162
4.7 8.08 0.016 130.17
4.71 8.01 0.016 130.084
4.72 7.95 0.016 130.02
4.73 7.92 0.017 130.683
4.74 8.04 0.021 133.367
4.75 8.17 0.021 133.754
4.76 8.53 0.021 134.666
4.77 8.3 0.02 133.672
4.78 8.55 0.021 134.869
4.79 8.86 0.022 136.167
4.8 8.78 0.024 137.057
4.81 8.95 0.023 137.029
4.82 8.98 0.03 140.24
4.83 9.2 0.034 142.285
4.84 9.04 0.035 142.351
4.85 8.98 0.037 142.955
4.86 8.6 0.037 142.149
4.87 8.79 0.038 142.996
4.88 8.4 0.038 142.145
4.89 8.29 0.039 142.264
4.9 8.27 0.039 142.295
4.91 8.28 0.04 142.701
4.92 8.29 0.047 144.735
4.93 8.38 0.048 145.297
4.94 8.48 0.048 145.627
4.95 8.44 0.045 144.83
4.96 8.41 0.043 144.29
4.97 8.4 0.04 143.48
4.98 8.53 0.037 142.948
4.99 8.23 0.037 142.292
5 7.96 0.033 140.347
5.01 8.01 0.03 139.442
5.02 7.82 0.026 137.392
5.03 7.7 0.021 134.746
5.04 7.3 0.019 132.68
5.05 7.3 0.017 131.53
5.06 7.3 0.017 131.602
5.07 7.46 0.018 132.716
5.08 7.58 0.02 134.266
5.09 8.14 0.019 135.147
5.1 8.44 0.023 138.106
5.11 8.33 0.029 140.606
5.12 8.55 0.035 143.438
5.13 8.38 0.036 143.437
5.14 8.51 0.036 143.833
5.15 8.82 0.035 144.316
5.16 8.67 0.035 144.038
5.17 7.94 0.034 141.958
5.18 7.09 0.035 140.075
5.19 6.92 0.033 138.979
5.2 6.87 0.032 138.553
5.21 6.87 0.032 138.627
5.22 6.88 0.031 138.364
5.23 6.9 0.029 137.73
5.24 6.97 0.027 137.185
5.25 6.92 0.017 131.938
5.26 6.9 0.017 131.953
5.27 6.93 0.016 131.441
5.28 6.96 0.016 131.592
5.29 7.04 0.015 131.172
5.3 7.07 0.014 130.569
5.31 7.13 0.013 129.993
5.32 7.24 0.013 130.348
5.33 7.43 0.013 130.903
5.34 7.35 0.013 130.767
5.35 7.72 0.013 131.764
5.36 7.81 0.014 132.869
5.37 7.84 0.015 133.777
5.38 7.92 0.017 135.446
5.39 8.01 0.017 135.736
5.4 8.35 0.016 135.934
5.41 8.25 0.018 137.105
5.42 8.02 0.02 137.821
5.43 7.95 0.025 140.299
5.44 7.62 0.023 138.552
5.45 7.52 0.022 137.848
5.46 7.43 0.022 137.68
5.47 7.45 0.022 137.803
5.48 7.47 0.019 136.254
5.49 7.52 0.018 135.842
5.5 7.65 0.017 135.6
5.51 8.07 0.017 136.717
5.52 8.61 0.017 138.067
5.53 8.53 0.017 137.951
5.54 8.56 0.017 138.09
5.55 8.72 0.017 138.528
5.56 8.79 0.018 139.419
5.57 9.51 0.021 142.9
5.58 9.27 0.024 144.037
5.59 9.33 0.024 144.243
5.6 9.39 0.026 145.413
5.61 9.62 0.028 146.896
5.62 9.74 0.03 148.079
5.63 9.62 0.033 149.065
5.64 9.67 0.033 149.25
5.65 9.73 0.033 149.457
5.66 9.91 0.033 149.926
5.67 10.17 0.036 151.654
5.68 9.73 0.036 150.765
5.69 9.13 0.035 149.112
5.7 8.8 0.032 147.294
5.71 8.46 0.029 145.337
5.72 8.43 0.027 144.472
5.73 8.4 0.025 143.546
5.74 8.19 0.023 142.103
5.75 8.1 0.021 140.876
5.76 8.06 0.021 140.843
5.77 8.04 0.021 140.861
5.78 8.07 0.022 141.551
5.79 8.09 0.022 141.67
5.8 8.16 0.023 142.439
5.81 8.29 0.023 142.832
5.82 8.29 0.023 142.901
5.83 8.34 0.023 143.093
5.84 8.4 0.024 143.817
5.85 8.31 0.024 143.662
5.86 8.42 0.024 144.003
5.87 8.22 0.024 143.574
5.88 8.16 0.023 142.983
5.89 8.06 0.023 142.797
5.9 7.94 0.017 139.015
5.91 7.81 0.017 138.75
5.92 7.61 0.017 138.298
5.93 7.38 0.015 136.326
5.94 7.15 0.014 134.992
5.95 7.07 0.018 137.686
5.96 6.82 0.018 137.038
5.97 6.49 0.017 135.48
5.98 6.47 0.016 134.801
5.99 6.7 0.017 136.229
6 6.93 0.016 136.267
6.01 6.68 0.016 135.611
6.02 6.39 0.015 134.088
6.03 6.51 0.015 134.509
6.04 6.37 0.015 134.151
6.05 6.14 0.015 133.504
6.06 5.91 0.015 132.833
6.07 5.75 0.014 131.612
6.08 5.51 0.016 132.328
6.09 5.48 0.017 132.953
6.1 5.46 0.021 135.302
6.11 5.37 0.023 136.066
6.12 5.57 0.023 136.846
6.13 5.23 0.022 135.172
6.14 4.78 0.021 132.976
6.15 5.11 0.019 133.208
6.16 4.73 0.018 131.202
6.17 4.5 0.024 133.479
6.18 4.34 0.031 135.704
6.19 3.95 0.033 134.635
6.2 3.61 0.034 133.292
6.21 3.32 0.033 131.426
6.22 3.26 0.032 130.805
6.23 3.05 0.033 129.947
6.24 2.86 0.034 129.126
6.25 2.86 0.035 129.496
6.26 2.85 0.035 129.488
6.27 2.9 0.036 130.175
6.28 2.96 0.036 130.617
6.29 3.22 0.037 132.571
6.3 2.58 0.04 129.3
6.31 1.76 0.039 122.168
6.32 1.72 0.038 121.555
6.33 1.58 0.034 119.024
6.34 1.33 0.029 114.632
6.35 1.01 0.026 109.229
6.36 0.67 0.025 102.67
6.37 0.67 0.025 102.715
6.38 0.57 0.026 100.723
6.39 0.57 0.026 100.767
6.4 0.58 0.025 100.734
6.41 0.59 0.024 100.684
6.42 0.62 0.024 101.45
6.43 0.68 0.02 101.304
6.44 0.72 0.016 100.306
6.45 0.65 0.014 97.7896
6.46 0.42 0.012 90.6981
6.47 0.4 0.011 89.4519
6.48 0.37 0.011 88.4913
6.49 0.38 0.011 88.8699
6.5 0.39 0.011 89.2411
6.51 0.42 0.011 90.2371
6.52 0.45 0.012 91.8394
6.53 0.53 0.012 94.0692
6.54 0.71 0.013 98.812
6.55 0.87 0.013 101.79
6.56 1.17 0.013 106.271
6.57 1.41 0.013 109.212
6.58 1.63 0.014 112.253
6.59 1.84 0.015 114.935
6.6 2.15 0.015 117.591
6.61 2.4 0.015 119.518
6.62 2.71 0.015 121.679
6.63 2.95 0.015 123.226
6.64 3.13 0.015 124.334
6.65 3.27 0.015 125.172
6.66 3.32 0.015 125.498
6.67 3.37 0.015 125.821
6.68 3.45 0.014 125.577
6.69 3.5 0.014 125.89
6.7 3.42 0.014 125.523
6.71 3.23 0.013 123.78
6.72 3.03 0.013 122.697
6.73 2.92 0.013 122.096
6.74 2.77 0.014 121.972
6.75 2.59 0.018 123.401
6.76 2.41 0.018 122.178
6.77 2.3 0.018 121.408
6.78 2.31 0.019 122.082
6.79 2.32 0.019 122.208
6.8 2.34 0.019 122.409
6.81 2.47 0.02 123.944
6.82 2.72 0.02 125.728
6.83 3.19 0.021 129.223
6.84 3.51 0.021 131.068
6.85 3.68 0.021 132.017
6.86 3.98 0.021 133.57
6.87 4.17 0.021 134.524
6.88 4.46 0.021 135.888
6.89 4.67 0.022 137.377
6.9 5 0.022 138.79
6.91 5.37 0.021 139.739
6.92 5.59 0.02 140.036
6.93 5.89 0.02 141.151
6.94 6.23 0.02 142.353
6.95 6.67 0.02 143.817
6.96 6.99 0.02 144.848
6.97 7.09 0.019 144.585
6.98 7.2 0.019 144.963
6.99 7.63 0.018 145.581
7 7.82 0.017 145.462
7.01 8.24 0.018 147.319
7.02 8.29 0.017 146.806
7.03 8.65 0.015 146.235
7.04 8.75 0.014 145.697
7.05 8.99 0.014 146.323
7.06 9.05 0.014 146.521
7.07 9.14 0.014 146.788
7.08 9.11 0.015 147.621
7.09 9.13 0.016 148.521
7.1 9.14 0.016 148.603
7.11 9.22 0.016 148.848
7.12 9.17 0.016 148.789
7.13 9.29 0.016 149.126
7.14 9.5 0.016 149.665
7.15 9.46 0.016 149.633
7.16 9.26 0.016 149.231
7.17 9.26 0.016 149.289
7.18 9.18 0.017 149.914
7.19 9.2 0.017 150.019
7.2 9.08 0.022 153.042
7.21 9.08 0.023 153.668
7.22 9.09 0.025 154.822
7.23 9.09 0.027 155.877
7.24 9.33 0.033 159.158
7.25 9.7 0.035 160.899
7.26 9.92 0.034 161.092
7.27 10.47 0.034 162.411
7.28 10.58 0.03 161.032
7.29 11.11 0.028 161.303
7.3 11.37 0.028 161.903
7.31 11.98 0.026 162.185
7.32 12.36 0.025 162.447
7.33 12.21 0.025 162.223
7.34 12.21 0.025 162.284
7.35 12.21 0.026 162.877
7.36 12.35 0.026 163.206
7.37 12.55 0.026 163.646
7.38 12.49 0.023 161.934
7.39 12.59 0.019 159.624
7.4 12.39 0.019 159.316
7.41 12.15 0.019 158.927
7.42 12.14 0.018 158.255
7.43 12.09 0.017 157.469
7.44 12.06 0.018 158.222
7.45 12.04 0.019 158.957
7.46 12.04 0.02 159.696
7.47 12.04 0.021 160.406
7.48 12.37 0.021 161.091
7.49 12.41 0.021 161.226
7.5 12.46 0.02 160.726
7.51 12.53 0.02 160.915
7.52 12.54 0.02 160.993
7.53 12.53 0.02 161.034
7.54 12.56 0.021 161.804
7.55 12.58 0.022 162.529
7.56 12.6 0.028 165.922
7.57 12.68 0.031 167.547
7.58 13.01 0.031 168.23
7.59 13 0.03 167.814
7.6 13.37 0.03 168.556
7.61 13.5 0.029 168.377
7.62 13.58 0.027 167.582
7.63 13.71 0.028 168.382
7.64 13.53 0.029 168.615
7.65 13.35 0.03 168.827
7.66 13.12 0.031 168.926
7.67 12.96 0.031 168.689
7.68 12.88 0.031 168.6
7.69 12.81 0.032 168.974
7.7 12.85 0.032 169.111
7.71 12.48 0.034 169.314
7.72 12.34 0.04 171.402
7.73 12.24 0.037 170.156
7.74 12.3 0.035 169.551
7.75 12.25 0.034 169.104
7.76 12.24 0.035 169.553
7.77 12.39 0.035 169.912
7.78 12.54 0.036 170.667
7.79 12.66 0.037 171.352
7.8 12.18 0.037 170.462
7.81 12.27 0.037 170.704
7.82 12.37 0.036 170.575
7.83 12.69 0.035 170.863
7.84 13.39 0.037 173.049
7.85 12.97 0.038 172.7
7.86 13.03 0.037 172.493
7.87 13.04 0.035 171.777
7.88 13.06 0.035 171.876
7.89 13.08 0.035 171.974
7.9 13.32 0.032 171.205
7.91 13.17 0.032 170.986
7.92 14 0.032 172.558
7.93 13.83 0.032 172.315
7.94 13.69 0.033 172.564
7.95 13.59 0.034 172.871
7.96 13.58 0.033 172.484
7.97 13.57 0.032 172.085
7.98 13.55 0.031 171.654
7.99 13.7 0.031 171.987
8 13.85 0.03 171.847
8.01 13.84 0.029 171.405
8.02 14.05 0.028 171.335
8.03 14.27 0.033 174.143
8.04 14.48 0.037 176.24
8.05 14.93 0.048 180.956
8.06 14.55 0.047 180.032
8.07 14.6 0.045 179.532
8.08 14.65 0.041 178.296
8.09 14.75 0.054 182.671
8.1 13.93 0.067 184.516
8.11 13.08 0.096 188.47
8.12 12.66 0.096 187.651
8.13 12.49 0.098 187.671
8.14 12.33 0.101 187.858
8.15 12.39 0.106 188.811
8.16 11.27 0.108 186.606
8.17 10.36 0.099 183.09
8.18 9.41 0.091 179.371
8.19 8.71 0.075 174.614
8.2 8.79 0.074 174.708
8.21 8.87 0.073 174.797
8.22 9.15 0.068 174.607
8.23 10.25 0.069 177.761
8.24 11.9 0.071 182.116
8.25 13.28 0.079 186.73
8.26 13.72 0.079 187.672
8.27 14.23 0.079 188.725
8.28 14.41 0.073 187.891
8.29 14.37 0.07 187.224
8.3 14.34 0.067 186.549
8.31 14.33 0.065 186.123
8.32 14.58 0.053 183.507
8.33 14.83 0.049 182.821
8.34 15.26 0.048 183.321
8.35 16.15 0.045 183.895
8.36 16.38 0.045 184.332
8.37 16.41 0.045 184.441
8.38 16.31 0.045 184.34
8.39 16.21 0.054 187.054
8.4 16.01 0.052 186.196
8.41 15.93 0.054 186.709
8.42 15.93 0.054 186.771
8.43 15.61 0.049 184.787
8.44 15.55 0.044 183.099
8.45 15.84 0.04 182.197
8.46 16.13 0.039 182.349
8.47 15.99 0.038 181.786
8.48 15.92 0.041 182.884
8.49 16.29 0.043 184.279
8.5 16.66 0.049 186.957
8.51 16.43 0.044 184.98
8.52 16.45 0.055 188.541
8.53 16.47 0.055 188.636
8.54 16.74 0.061 190.776
8.55 16.68 0.063 191.252
8.56 16.78 0.063 191.479
8.57 16.88 0.064 191.956
8.58 16.98 0.073 194.297
8.59 17.53 0.082 197.152
8.6 18.08 0.104 202.052
8.61 17.21 0.143 206.075
8.62 16.62 0.159 206.926
8.63 16.62 0.172 208.351
8.64 16.62 0.181 209.304
8.65 16.69 0.175 208.912
8.66 16.72 0.178 209.329
8.67 15.9 0.181 208.174
8.68 15.7 0.185 208.24
8.69 15.48 0.186 207.977
8.7 15.25 0.186 207.596
8.71 15.23 0.17 206.075
8.72 14.8 0.154 203.611
8.73 12.55 0.13 196.112
8.74 12.32 0.114 193.526
8.75 12.22 0.093 190.113
8.76 12.34 0.101 191.753
8.77 12.46 0.091 190.423
8.78 12.94 0.086 190.624
8.79 13.15 0.082 190.371
8.8 13.66 0.086 192.238
8.81 14.37 0.081 192.744
8.82 13.87 0.063 187.855
8.83 14.25 0.054 186.243
8.84 14.29 0.046 183.907
8.85 14.35 0.046 184.076
8.86 14.66 0.046 184.701
8.87 14.51 0.046 184.485
8.88 14.46 0.045 184.115
8.89 14.63 0.042 183.426
8.9 14.79 0.038 182.248
8.91 15.24 0.038 183.093
8.92 15.08 0.037 182.467
8.93 15.07 0.037 182.506
8.94 15.07 0.035 181.721
8.95 15.07 0.033 180.889
8.96 15.4 0.029 179.57
8.97 15.76 0.03 180.734
8.98 15.97 0.03 181.134
8.99 15.48 0.029 179.871
9 15.43 0.029 179.843
9.01 15.53 0.028 179.541
9.02 15.29 0.029 179.718
9.03 15.19 0.029 179.604
9.04 15.23 0.031 180.727
9.05 14.95 0.034 181.691
9.06 15.01 0.036 182.719
9.07 15.08 0.04 184.507
9.08 15.27 0.043 186.013
9.09 15.31 0.047 187.523
9.1 14.94 0.067 192.516
9.11 15.04 0.074 194.36
9.12 14.15 0.074 192.719
9.13 13.85 0.074 192.184
9.14 13.64 0.067 190.241
9.15 13.32 0.06 187.916
9.16 12.32 0.058 185.349
9.17 11.84 0.057 184.081
9.18 11.66 0.055 183.185
9.19 11.97 0.044 180.551
9.2 12.28 0.041 180.21
9.21 12.8 0.04 180.972
9.22 13.26 0.041 182.324
9.23 13.77 0.042 183.74
9.24 14.32 0.042 184.835
9.25 14.89 0.041 185.561
9.26 14.85 0.04 185.164
9.27 15.63 0.035 184.528
9.28 17.15 0.035 187.067
9.29 17.58 0.036 188.232
9.3 18.29 0.037 189.797
9.31 18.98 0.037 190.869
9.32 20.08 0.037 192.481
9.33 20.69 0.037 193.37
9.34 20.56 0.036 192.812
9.35 21.53 0.035 193.699
9.36 21.49 0.035 193.705
9.37 21.79 0.036 194.605
9.38 21.81 0.036 194.689
9.39 21.86 0.038 195.689
9.4 21.38 0.04 195.957
9.41 21.18 0.043 196.931
9.42 20.99 0.045 197.479
9.43 21.29 0.046 198.304
9.44 20.67 0.045 197.159
9.45 19.86 0.046 196.444
9.46 19.04 0.046 195.312
9.47 18.85 0.047 195.437
9.48 18.19 0.053 196.447
9.49 16.36 0.057 194.702
9.5 16.03 0.059 194.747
9.51 15.6 0.056 193.202
9.52 15.54 0.054 192.568
9.53 15.76 0.049 191.46
9.54 15.09 0.038 186.338
9.55 14.54 0.033 183.235
9.56 14.32 0.031 181.937
9.57 14.1 0.032 182.065
9.58 13.92 0.033 182.248
9.59 13.82 0.037 183.853
9.6 13.82 0.05 188.572
9.61 13.73 0.085 196.955
9.62 13.54 0.082 196.03
9.63 13.45 0.078 195.085
9.64 13.65 0.071 194.033
9.65 13.85 0.069 194.034
9.66 14.19 0.066 194.05
9.67 14.55 0.062 193.796
9.68 14.76 0.062 194.252
9.69 14.98 0.062 194.723
9.7 15.15 0.061 194.832
9.71 16.36 0.063 197.585
9.72 17.71 0.064 200.174
9.73 16.55 0.066 198.795
9.74 16.99 0.066 199.605
9.75 18.69 0.066 202.423
9.76 19.01 0.066 202.976
9.77 18.68 0.054 199.169
9.78 18.5 0.045 195.953
9.79 17.88 0.053 197.722
9.8 18.02 0.061 200.33
9.81 17.75 0.067 201.519
9.82 17.69 0.069 201.971
9.83 18.11 0.071 203.195
9.84 18.52 0.08 205.943
9.85 18.34 0.089 207.545
9.86 16.92 0.092 205.775
9.87 16.86 0.095 206.278
9.88 16.43 0.102 206.789
9.89 14.97 0.108 205.067
9.9 14.62 0.125 206.928
9.91 13.68 0.12 204.32
9.92 11.37 0.114 198.158
9.93 9.99 0.1 192.445
9.94 9.2 0.093 189.084
9.95 8.79 0.084 186.315
9.96 8.85 0.074 184.592
9.97 8.91 0.082 186.409
9.98 9.05 0.072 184.869
9.99 9.37 0.073 186.061
10 10.88 0.072 189.943
10.01 11.74 0.07 191.639
10.02 12.73 0.067 193.234
10.03 12.88 0.057 191.028
10.04 13.76 0.043 188.437
10.05 14.45 0.033 185.687
10.06 15.53 0.033 187.676
10.07 16.65 0.033 189.62
10.08 16.43 0.033 189.309
10.09 17.02 0.033 190.326
10.1 17.27 0.033 190.779
10.11 17.18 0.044 195.307
10.12 17.19 0.046 196.101
10.13 17.19 0.047 196.506
10.14 17.52 0.043 195.645
10.15 18.33 0.04 195.795
10.16 19.06 0.04 196.953
10.17 19.46 0.04 197.597
10.18 18.75 0.039 196.183
10.19 18.8 0.038 195.888
10.2 18.85 0.039 196.44
10.21 19.15 0.037 196.08
10.22 19.02 0.038 196.376
10.23 19.15 0.039 197.048
10.24 19.38 0.039 197.441
10.25 19.31 0.04 197.808
10.26 19.3 0.04 197.847
10.27 19.13 0.045 199.595
10.28 19.23 0.051 201.89
10.29 18.68 0.07 206.471
10.3 18.63 0.082 209.183
10.31 18.82 0.104 213.73
10.32 19.02 0.1 213.416
10.33 19.1 0.097 213.062
10.34 17.82 0.087 209.1
10.35 18.09 0.083 208.79
10.36 16.06 0.085 205.704
10.37 16.05 0.068 201.956
10.38 16.11 0.068 202.119
10.39 16.17 0.068 202.281
10.4 16.16 0.068 202.317
10.41 16.38 0.068 202.766
10.42 15.99 0.05 197.012
10.43 14.66 0.045 192.917
10.44 14.79 0.045 193.214
10.45 14.04 0.031 185.966
10.46 13.57 0.025 181.823
10.47 14.05 0.026 183.381
10.48 12.99 0.026 181.369
10.49 12.57 0.031 183.223
10.5 12.4 0.036 185.202
10.51 12.24 0.036 184.905
10.52 12.21 0.037 185.31
10.53 10.89 0.042 184.263
10.54 10.52 0.043 183.756
10.55 10.4 0.044 183.853
10.56 10.28 0.044 183.594
10.57 10.76 0.044 184.853
10.58 9.41 0.058 185.583
10.59 9.04 0.072 187.913
10.6 8.88 0.069 186.817
10.61 8.88 0.073 187.744
10.62 8.89 0.078 188.862
10.63 9.08 0.076 189.078
10.64 8.99 0.094 192.226
10.65 8.88 0.114 195.041
10.66 7.72 0.105 189.895
10.67 6.85 0.097 185.475
10.68 6.56 0.072 179.856
10.69 6.13 0.074 178.562
10.7 6.07 0.075 178.554
10.71 5.91 0.079 178.686
10.72 5.14 0.078 174.99
10.73 4.9 0.077 173.648
10.74 4.92 0.078 173.981
10.75 4.72 0.079 173.173
10.76 3.84 0.08 168.323
10.77 3.07 0.08 163.027
10.78 2.87 0.085 162.311
10.79 2.84 0.085 162.108
10.8 3.01 0.085 163.512
10.81 2.77 0.085 161.609
10.82 2.34 0.073 155.786
10.83 1.8 0.078 150.878
10.84 1.26 0.075 142.894
10.85 0.94 0.08 137.764
10.86 0.81 0.085 135.559
10.87 0.66 0.095 132.877
10.88 0.59 0.106 131.98
10.89 0.57 0.098 130.505
10.9 0.9 0.11 140.759
10.91 1.24 0.108 147.22
10.92 1.9 0.105 156.224
10.93 3.56 0.098 170.072
10.94 4.05 0.074 169.301
10.95 5.47 0.074 176.834
10.96 7.21 0.074 184.055
10.97 7.03 0.074 183.433
10.98 7.68 0.074 185.831
10.99 8.34 0.072 187.669
11 9.69 0.073 192.037
11.01 11.79 0.075 198.033
11.02 13.24 0.079 202.292
11.03 14.42 0.109 210.406
11.04 14.52 0.122 212.653
11.05 15.54 0.116 213.897
11.06 16.03 0.11 213.962
11.07 16.66 0.12 216.77
11.08 17.06 0.129 218.88
11.09 17.94 0.157 224.16
11.1 17.46 0.15 222.496
11.11 18.17 0.144 223.074
11.12 18.88 0.121 221.14
11.13 20.74 0.113 222.936
11.14 22.18 0.105 223.786
11.15 20.69 0.106 221.787
11.16 18.33 0.106 218.006
11.17 18.24 0.118 219.859
11.18 17.99 0.217 230.889
11.19 17.08 0.228 230.171
11.2 16.33 0.23 228.911
11.21 16.48 0.212 227.72
11.22 14.9 0.194 222.843
11.23 13.2 0.161 215.672
11.24 13.08 0.155 214.762
11.25 13.42 0.111 209.703
11.26 13.75 0.075 203.735
11.27 15.36 0.074 206.83
11.28 18.03 0.085 214.166
11.29 20.45 0.097 220.549
11.3 21.26 0.104 223.131
11.31 21.26 0.111 224.399
11.32 21.41 0.107 223.996
11.33 21.26 0.115 225.171
11.34 21.22 0.123 226.429
11.35 18.66 0.122 222.179
11.36 18.35 0.157 226.399
11.37 18.63 0.172 228.679
11.38 18.91 0.18 230.095
11.39 18.18 0.179 228.744
11.4 17.04 0.178 226.571
11.41 17.43 0.168 226.275
11.42 15.31 0.145 219.438
11.43 14.12 0.106 211.367
11.44 14.06 0.099 210.091
11.45 14.07 0.088 208.114
11.46 14.08 0.075 205.435
11.47 14.32 0.073 205.523
11.48 14.53 0.056 201.51
11.49 14.54 0.062 203.293
11.5 14.54 0.053 200.706
11.51 14.54 0.039 195.696
11.52 14.54 0.03 191.517
11.53 15.39 0.029 192.593
11.54 15.42 0.03 193.238
11.55 15.69 0.03 193.768
11.56 15.58 0.033 195.16
11.57 16.17 0.036 197.68
11.58 17.24 0.039 200.894
11.59 18.45 0.062 210.894
11.6 19.41 0.071 214.901
11.61 19.88 0.145 228.896
11.62 22.27 0.146 232.858
11.63 23.57 0.143 234.419
11.64 24.27 0.139 234.91
11.65 24.66 0.133 234.643
11.66 23.9 0.131 233.349
11.67 23.72 0.133 233.445
11.68 20.93 0.135 229.616
11.69 19.16 0.185 232.79
11.7 16.76 0.221 231.805
11.71 15.72 0.24 231.313
11.72 15.33 0.26 232.072
11.73 14.68 0.255 230.311
11.74 13.16 0.277 228.335
11.75 12.35 0.298 227.69
11.76 9.8 0.318 221.477
11.77 8.25 0.321 216.274
11.78 6.68 0.329 210.278
11.79 6.43 0.322 208.802
11.8 5.96 0.316 206.258
11.81 4.9 0.302 199.815
11.82 4.04 0.309 194.755
11.83 3.66 0.258 189.189
11.84 3.37 0.242 186.004
11.85 3.11 0.212 181.895
11.86 2.87 0.198 178.826
11.87 2.55 0.179 174.379
11.88 2.4 0.148 170.19
11.89 2.29 0.129 167.161
11.9 2.19 0.114 164.429
11.91 2.1 0.105 162.362
11.92 2.02 0.095 160.155
11.93 2.03 0.084 158.673
11.94 1.98 0.073 156.305
11.95 1.93 0.066 154.466
11.96 1.91 0.06 153.052
11.97 1.87 0.056 151.748
11.98 1.85 0.052 150.617
11.99 1.82 0.05 149.808
12 1.8 0.048 149.097
12.01 1.76 0.046 148.124
12.02 1.76 0.045 147.888
12.03 1.76 0.043 147.364
12.04 1.76 0.042 147.109
12.05 1.74 0.041 146.607
12.06 1.74 0.04 146.34
12.07 1.74 0.039 146.066
12.08 1.74 0.039 146.099
12.09 1.74 0.037 145.494
12.1 1.74 0.036 145.196
12.11 1.74 0.036 145.23
12.12 1.75 0.035 145.043
12.13 1.76 0.035 145.195
12.14 1.78 0.035 145.465
12.15 1.81 0.035 145.849
12.16 1.86 0.036 146.799
12.17 1.94 0.04 149.026
12.18 2.06 0.045 151.835
12.19 2.09 0.06 155.873
12.2 2.2 0.075 160.007
12.21 2.3 0.098 164.696
12.22 2.39 0.141 170.737
12.23 2.78 0.155 175.914
12.24 3.66 0.16 183.546
12.25 5.24 0.178 195.047
12.26 8.04 0.192 208.807
12.27 10.36 0 0
12.28 14.18 0 0
12.29 17.9 0 0
12.3 22.01 0 0
12.31 26.24 0 0
12.32 28.62 0 0
12.33 32.31 0 0
