0.02 3.28 0.0005 18.7821
0.04 3.439 0.0007 23.5803
0.06 3.592 0.001 27.3598
0.08 3.748 0.0005 28.1487
0.1 3.9 0.0006 30.5825
0.12 4.045 0.0005 31.8552
0.14 4.183 0.0004 32.7965
0.16 4.31 0.0002 32.2681
0.18 4.428 0.0002 33.4721
0.2 4.533 0.0002 34.5835
0.22 2.169 -4e-06 -nan
0.24 2.304 -7e-06 -nan
0.26 4.794 0 0
0.28 4.865 0 0
0.3 4.926 0.0001 36.9808
0.32 4.977 0.0001 37.7062
0.34 5.018 0.0001 38.3924
0.36 5.054 0.0001 39.0475
0.38 5.086 0.0001 39.6749
0.4 5.112 0.0001 40.2743
0.42 5.131 0.0001 40.8461
0.44 5.148 0.0001 41.3975
0.46 5.155 0.0001 41.9204
0.48 5.159 0.0001 42.4241
0.5 5.164 0.0001 42.9142
0.52 5.363 0.0001 43.6216
0.54 5.449 0.0001 44.1828
0.56 5.532 0.0001 44.729
0.58 5.525 0.0001 45.1592
0.6 5.6 0.0001 45.6755
0.62 5.671 0.0001 46.1774
0.64 5.74 0.0001 46.668
0.66 5.881 0.0001 47.2337
0.68 5.941 0.0001 47.697
0.7 5.919 0.0001 48.0572
0.72 5.973 0.0001 48.4985
0.74 6.023 0.0001 48.928
0.76 6.068 0.0001 49.3449
0.78 6.11 0.0001 49.7519
0.8 6.205 0.0001 50.2148
0.82 6.167 0.0001 50.516
0.84 6.183 0.0001 50.8745
0.86 6.183 0.0001 51.2084
0.88 6.174 0.0001 51.5259
0.9 6.15 0.0001 51.8197
0.92 6.12 0.0001 52.1006
0.94 6.078 0.0001 52.3611
0.96 6.027 0.0001 52.6046
0.98 5.969 0.0001 52.8334
1 5.904 0.0001 53.0473
1.02 5.831 0.0001 53.2446
1.04 5.756 0.0001 53.4331
1.06 5.679 0.0002 56.7955
1.08 5.541 0.0001 53.7015
1.1 5.454 0.0001 53.8533
1.12 5.368 0.0001 54
1.14 5.348 0.0002 57.457
1.16 5.274 0.0002 57.6197
1.18 5.204 0.0002 57.7829
1.2 5.144 0.0002 57.9566
1.22 5.088 0.0002 58.1319
1.24 5.036 0.0002 58.3089
1.26 4.992 0.0002 58.4949
1.28 4.954 0.0002 58.687
1.3 4.927 0.0002 58.8941
1.32 4.871 0.0002 59.0473
1.34 4.868 0.0002 59.2894
1.36 4.869 0.0002 59.5359
1.38 4.904 0.0002 59.8397
1.4 4.913 0.0002 60.0954
1.42 4.929 0.0002 60.3611
1.44 4.947 0.0002 60.628
1.46 4.975 0.0002 60.9105
1.48 5.005 0.0003 63.2938
1.5 5.037 0.0003 63.5888
1.52 5.069 0.0002 61.7625
1.54 5.104 0.0003 64.1777
1.56 5.141 0.0003 64.4754
1.58 5.182 0.0003 64.7782
1.6 5.231 0.0003 65.0932
1.62 5.281 0.0003 65.408
1.64 5.354 0.0003 65.7613
1.66 5.433 0.0003 66.1226
1.68 5.523 0.0003 66.5003
1.7 5.635 0.0003 66.9126
1.72 5.761 0.0003 67.3446
1.74 5.911 0.0003 67.8119
1.76 6.066 0.0003 68.2818
1.78 6.226 0.0003 68.7539
1.8 6.392 0.0003 69.2296
1.82 6.562 0.0003 69.7056
1.84 6.74 0.0003 70.1876
1.86 6.923 0.0003 70.671
1.88 7.113 0.0003 71.1583
1.9 7.309 0.0003 71.6479
1.92 7.509 0.0003 72.1366
1.94 7.715 0.0003 72.6272
1.96 7.925 0.0003 73.1168
1.98 8.139 0.0003 73.6054
2 8.358 0.0003 74.0941
2.02 8.575 0.0003 74.574
2.04 8.79 0.0003 75.0457
2.06 9.001 0.0003 75.507
2.08 9.208 0.0003 75.9584
2.1 9.41 0.0003 76.3991
2.12 9.609 0.0003 76.8319
2.14 9.905 0.0003 77.37
2.16 10.089 0.0003 77.7762
2.18 10.264 0.0003 78.169
2.2 10.433 0.0003 78.5523
2.22 10.601 0.0003 78.9315
2.24 10.763 0.0003 79.3015
2.26 10.817 0.0003 79.5551
2.28 10.973 0.0003 79.9148
2.3 11.123 0.0003 80.2658
2.32 11.269 0.0003 80.6105
2.34 11.405 0.0003 80.9428
2.36 11.533 0.0003 81.265
2.38 11.655 0.0003 81.5794
2.4 11.774 0.0003 81.8891
2.42 11.887 0.0003 82.1912
2.44 11.992 0.0003 82.4839
2.46 12.09 0.0003 82.7682
2.48 12.181 0.0003 83.0444
2.5 12.262 0.0004 85.3276
2.52 12.31 0.0003 83.5412
2.54 12.337 0.0004 85.7802
2.56 12.337 0.0004 85.9675
2.58 12.312 0.0004 86.1285
2.6 12.246 0.0003 84.207
2.62 12.169 0.0004 86.3523
2.64 12.062 0.0004 86.425
2.66 11.935 0.0004 86.4746
2.68 11.797 0.0004 86.5099
2.7 11.631 0.0004 86.5122
2.72 11.451 0.0004 86.4954
2.74 11.248 0.0004 86.4487
2.76 11.043 0.0004 86.3946
2.78 10.84 0.0004 86.3372
2.8 10.641 0.0004 86.2789
2.82 10.464 0.0004 86.2412
2.84 10.291 0.0004 86.2036
2.86 10.121 0.0004 86.1651
2.88 9.949 0.0004 86.1193
2.9 9.779 0.0004 86.0713
2.92 9.609 0.0005 87.6303
2.94 9.436 0.0005 87.5673
2.96 9.266 0.0005 87.5032
2.98 9.094 0.0005 87.4309
3 8.924 0.0005 87.3559
3.02 8.758 0.0005 87.2811
3.04 8.598 0.0005 87.2096
3.06 8.446 0.0005 87.1446
3.08 8.298 0.0005 87.0806
3.1 8.154 0.0005 87.0178
3.12 8.018 0.0005 86.9626
3.14 7.89 0.0005 86.9156
3.16 7.769 0.0005 86.8756
3.18 7.657 0.0005 86.8463
3.2 7.553 0.0005 86.8266
3.22 7.454 0.0005 86.8121
3.24 7.361 0.0005 86.8046
3.26 7.27 0.0005 86.7976
3.28 7.181 0.0005 86.7912
3.3 7.095 0.0005 86.7873
3.32 7.013 0.0006 88.1143
3.34 6.935 0.0005 86.7929
3.36 6.866 0.0005 86.812
3.38 6.801 0.0005 86.8363
3.4 6.738 0.0005 86.8624
3.42 6.674 0.0005 86.8846
3.44 6.619 0.0005 86.922
3.46 6.569 0.0006 88.2964
3.48 6.532 0.0005 87.0358
3.5 6.506 0.0005 87.1245
3.52 6.515 0.0005 87.28
3.54 6.556 0.0005 87.4966
3.56 6.63 0.0005 87.7755
3.58 6.741 0.0005 88.1227
3.6 6.887 0.0005 88.5321
3.62 7.043 0.0005 88.955
3.64 7.198 0.0005 89.371
3.66 7.362 0.0005 89.7981
3.68 7.528 0.0005 90.2235
3.7 7.705 0.0005 90.6625
3.72 7.891 0.0005 91.1108
3.74 8.089 0.0005 91.573
3.76 8.288 0.0006 93.437
3.78 8.492 0.0005 92.4895
3.8 8.693 0.0005 92.9378
3.82 8.877 0.0005 93.3547
3.84 9.056 0.0005 93.7595
3.86 9.23 0.0005 94.1526
3.88 9.4 0.0005 94.5361
3.9 9.558 0.0005 94.8988
3.92 9.716 0.0005 95.2585
3.94 9.884 0.0005 95.6292
3.96 10.048 0.0005 95.9911
3.98 10.207 0.0005 96.3432
4 10.354 0.0005 96.6764
4.02 10.494 0.0005 96.9979
4.04 10.63 0.0006 98.7995
4.06 10.76 0.0005 97.6165
4.08 10.891 0.0005 97.9205
4.1 11.023 0.0005 98.2239
4.12 11.149 0.0006 100.024
4.14 11.273 0.0006 100.318
4.16 11.396 0.0005 99.0952
4.18 11.513 0.0005 99.3734
4.2 11.621 0.0005 99.6393
4.22 11.725 0.0005 99.899
4.24 11.821 0.0005 100.148
4.26 11.913 0.0005 100.391
4.28 12.058 0.0005 100.697
4.3 12.085 0.0005 100.86
4.32 12.228 0.0005 101.162
4.34 12.251 0.0005 101.319
4.36 12.382 0.0005 101.604
4.38 12.394 0.0006 103.303
4.4 12.527 0.0006 103.593
4.42 12.532 0.0006 103.73
4.44 12.668 0.0006 104.021
4.46 12.665 0.0006 104.148
4.48 12.788 0.0006 104.423
4.5 12.788 0.0006 104.552
4.52 12.853 0.0006 104.758
4.54 12.908 0.0005 103.371
4.56 12.956 0.0005 103.552
4.58 12.993 0.0005 103.721
4.6 13.033 0.0006 105.481
4.62 13.069 0.0006 105.65
4.64 13.1 0.0006 105.813
4.66 13.116 0.0005 104.363
4.68 13.131 0.0005 104.505
4.7 13.148 0.0005 104.648
4.72 13.184 0.0006 106.415
4.74 13.219 0.0006 106.581
4.76 13.251 0.0005 105.136
4.78 13.266 0.0006 106.885
4.8 13.269 0.0006 107.012
4.82 13.258 0.0006 107.123
4.84 13.225 0.0006 107.208
4.86 13.17 0.0006 107.267
4.88 13.09 0.0006 107.295
4.9 12.991 0.0006 107.3
4.92 12.876 0.0006 107.284
4.94 12.767 0.0006 107.274
4.96 12.677 0.0006 107.285
4.98 12.604 0.0006 107.316
5 12.55 0.0006 107.369
5.02 12.503 0.0006 107.43
5.04 12.453 0.0006 107.487
5.06 12.399 0.0006 107.538
5.08 12.334 0.0006 107.574
5.1 12.236 0.0006 107.568
5.12 12.122 0.0006 107.54
5.14 11.981 0.0006 107.476
5.16 11.81 0.0006 107.369
5.18 11.609 0.0006 107.22
5.2 11.413 0.0006 107.072
5.22 11.218 0.0006 106.92
5.24 10.976 0.0006 106.698
5.26 10.733 0.0007 107.842
5.28 10.493 0.0007 107.605
5.3 10.252 0.0006 105.99
5.32 10.011 0.0006 105.738
5.34 9.779 0.0006 105.492
5.36 9.553 0.0006 105.247
5.38 9.333 0.0007 106.358
5.4 9.117 0.0006 104.757
5.42 8.904 0.0007 105.858
5.44 8.693 0.0007 105.601
5.46 8.492 0.0007 105.353
5.48 8.292 0.0007 105.099
5.5 8.099 0.0007 104.849
5.52 7.902 0.0007 104.584
5.54 7.704 0.0007 104.307
5.56 7.502 0.0007 104.013
5.58 7.298 0.0007 103.704
5.6 7.09 0.0007 103.376
5.62 6.891 0.0007 103.055
5.64 6.709 0.0007 102.76
5.66 6.552 0.0007 102.511
5.68 6.401 0.0007 102.268
5.7 6.248 0.0007 102.012
5.72 6.071 0.0007 101.689
5.74 5.884 0.0007 101.331
5.76 5.691 0.0007 100.943
5.78 5.501 0.0008 101.67
5.8 5.316 0.0008 101.268
5.82 5.142 0.0007 99.7658
5.84 4.997 0.0007 99.4505
5.86 4.899 0.0007 99.2615
5.88 4.831 0.0007 99.1558
5.9 4.788 0.0007 99.1218
5.92 4.766 0.0008 100.257
5.94 4.727 0.0007 99.1249
5.96 4.67 0.0007 99.0444
5.98 4.612 0.0007 98.9585
6 4.548 0.0007 98.8513
6.02 4.486 0.0007 98.7474
6.04 4.428 0.0007 98.6534
6.06 4.373 0.0007 98.5666
6.08 4.324 0.0007 98.4969
6.1 4.298 0.0007 98.5013
6.12 4.284 0.0007 98.5447
6.14 4.296 0.0008 99.7762
6.16 4.335 0.0007 98.8917
6.18 4.401 0.0008 100.305
6.2 4.453 0.0008 100.565
6.22 4.497 0.0007 99.6838
6.24 4.584 0.0008 101.166
6.26 4.674 0.0007 100.418
6.28 4.768 0.0008 101.922
6.3 4.877 0.0008 102.345
6.32 4.99 0.0007 101.638
6.34 5.097 0.0008 103.178
6.36 5.203 0.0007 102.431
6.38 5.318 0.0008 103.993
6.4 5.432 0.0008 104.402
6.42 5.547 0.0007 103.65
6.44 5.663 0.0008 105.212
6.46 5.781 0.0008 105.616
6.48 5.897 0.0008 106.009
6.5 6.006 0.0007 105.205
6.52 6.111 0.0008 106.737
6.54 6.216 0.0007 105.907
6.56 6.326 0.0008 107.453
6.58 6.44 0.0008 107.82
6.6 6.559 0.0008 108.196
6.62 6.681 0.0008 108.575
6.64 6.798 0.0008 108.938
6.66 6.905 0.0008 109.275
6.68 7.006 0.0008 109.595
6.7 7.107 0.0008 109.912
6.72 7.2 0.0008 110.21
6.74 7.289 0.0008 110.496
6.76 7.378 0.0008 110.78
6.78 7.467 0.0008 111.063
6.8 7.565 0.0008 111.363
6.82 7.67 0.0008 111.675
6.84 7.779 0.0008 111.994
6.86 7.859 0.0008 112.25
6.88 7.929 0.0008 112.484
6.9 7.99 0.0008 112.699
6.92 8.039 0.0008 112.889
6.94 8.08 0.0009 114.176
6.96 8.118 0.0009 114.345
6.98 8.135 0.0008 113.354
7 8.122 0.0009 114.535
7.02 8.089 0.0009 114.559
7.04 8.039 0.0009 114.547
7.06 7.955 0.0009 114.464
7.08 7.865 0.0009 114.367
7.1 7.777 0.0009 114.271
7.12 7.696 0.0009 114.189
7.14 7.697 0.0009 114.28
7.16 7.72 0.0009 114.418
7.18 7.755 0.0009 114.581
7.2 7.822 0.0009 114.812
7.22 7.908 0.0009 115.082
7.24 8.008 0.0009 115.379
7.26 8.11 0.0009 115.678
7.28 8.212 0.001 116.996
7.3 8.307 0.0009 116.256
7.32 8.41 0.0009 116.551
7.34 8.519 0.001 117.885
7.36 8.629 0.001 118.192
7.38 8.734 0.001 118.487
7.4 8.839 0.001 118.781
7.42 8.945 0.001 119.074
7.44 9.05 0.0009 118.322
7.46 9.153 0.001 119.648
7.48 9.257 0.001 119.932
7.5 9.36 0.001 120.212
7.52 9.462 0.001 120.489
7.54 9.563 0.001 120.763
7.56 9.655 0.001 121.018
7.58 9.741 0.001 121.262
7.6 9.821 0.001 121.494
7.62 9.886 0.001 121.698
7.64 9.951 0.001 121.902
7.66 10.023 0.001 122.117
7.68 10.098 0.001 122.337
7.7 10.175 0.001 122.56
7.72 10.258 0.001 122.792
7.74 10.344 0.001 123.028
7.76 10.435 0.001 123.271
7.78 10.53 0.001 123.521
7.8 10.618 0.001 123.757
7.82 10.694 0.001 123.973
7.84 10.753 0.001 124.159
7.86 10.815 0.001 124.35
7.88 10.883 0.001 124.55
7.9 10.959 0.001 124.763
7.92 11.044 0.001 124.99
7.94 11.137 0.001 125.228
7.96 11.235 0.001 125.474
7.98 11.341 0.001 125.732
8 11.475 0.001 126.032
8.02 11.639 0.001 126.378
8.04 11.827 0.001 126.757
8.06 12.234 0.001 127.464
8.08 12.293 0.001 127.641
8.1 12.537 0.001 128.09
8.12 12.781 0.001 128.535
8.14 13.036 0.001 128.989
8.16 13.083 0.001 129.144
8.18 13.207 0.001 129.407
8.2 13.311 0.001 129.642
8.22 13.451 0.001 129.925
8.24 13.478 0.0011 131.086
8.26 13.555 0.001 130.245
8.28 13.627 0.001 130.432
8.3 13.724 0.001 130.653
8.32 13.749 0.0011 131.816
8.34 13.797 0.0011 131.97
8.36 13.834 0.0011 132.109
8.38 13.878 0.001 131.212
8.4 13.881 0.0011 132.349
8.42 13.895 0.0011 132.456
8.44 13.911 0.0011 132.565
8.46 13.952 0.0011 132.708
8.48 13.989 0.0011 132.846
8.5 14.04 0.0011 133.003
8.52 14.099 0.0011 133.17
8.54 14.162 0.0011 133.343
8.56 14.229 0.0011 133.52
8.58 14.294 0.0011 133.694
8.6 14.357 0.0012 134.838
8.62 14.429 0.0012 135.023
8.64 14.5 0.0012 135.205
8.66 14.569 0.0012 135.385
8.68 14.635 0.0012 135.56
8.7 14.699 0.0012 135.732
8.72 14.762 0.0012 135.902
8.74 14.82 0.0012 136.066
8.76 14.874 0.0012 136.223
8.78 14.921 0.0012 136.372
8.8 14.957 0.0012 136.505
8.82 14.981 0.0012 136.623
8.84 15.007 0.0013 137.657
8.86 15.029 0.0013 137.772
8.88 15.045 0.0013 137.88
8.9 15.055 0.0013 137.979
8.92 15.056 0.0013 138.067
8.94 15.049 0.0013 138.144
8.96 15.039 0.0013 138.216
8.98 15.028 0.0013 138.287
9 15.015 0.0013 138.356
9.02 14.994 0.0013 138.413
9.04 14.97 0.0013 138.466
9.06 14.947 0.0013 138.521
9.08 14.925 0.0013 138.576
9.1 14.907 0.0014 139.495
9.12 14.885 0.0013 138.692
9.14 14.864 0.0013 138.749
9.16 14.846 0.0014 139.667
9.18 14.833 0.0014 139.734
9.2 14.825 0.0014 139.808
9.22 14.822 0.0014 139.888
9.24 14.823 0.0014 139.974
9.26 14.824 0.0014 140.059
9.28 14.826 0.0014 140.146
9.3 14.829 0.0014 140.234
9.32 14.839 0.0014 140.332
9.34 14.852 0.0014 140.433
9.36 14.879 0.0014 140.553
9.38 14.915 0.0014 140.686
9.4 14.957 0.0014 140.826
9.42 15 0.0014 140.967
9.44 15.037 0.0014 141.101
9.46 15.05 0.0014 141.201
9.48 15.052 0.0014 141.287
9.5 15.046 0.0014 141.362
9.52 15.036 0.0014 141.431
9.54 15.028 0.0015 142.317
9.56 15.023 0.0014 141.578
9.58 15.029 0.0014 141.668
9.6 15.042 0.0015 142.584
9.62 15.06 0.0015 142.691
9.64 15.091 0.0015 142.816
9.66 15.125 0.0015 142.945
9.68 15.164 0.0015 143.08
9.7 15.206 0.0015 143.219
9.72 15.256 0.0015 143.369
9.74 15.316 0.0015 143.532
9.76 15.385 0.0015 143.707
9.78 15.458 0.0015 143.887
9.8 15.542 0.0015 144.081
9.82 15.628 0.0015 144.277
9.84 15.681 0.0015 144.429
9.86 15.731 0.0015 144.577
9.88 15.776 0.0015 144.718
9.9 15.81 0.0015 144.844
9.92 15.846 0.0016 145.754
9.94 15.883 0.0016 145.884
9.96 15.913 0.0016 146.005
9.98 15.939 0.0016 146.121
10 15.959 0.0016 146.229
10.02 15.955 0.0016 146.305
10.04 15.947 0.0016 146.375
10.06 15.929 0.0016 146.433
10.08 15.903 0.0016 146.479
10.1 15.863 0.0017 147.248
10.12 15.817 0.0016 146.526
10.14 15.755 0.0016 146.524
10.16 15.679 0.0016 146.502
10.18 15.578 0.0016 146.446
10.2 15.462 0.0016 146.368
10.22 15.333 0.0017 147.011
10.24 15.184 0.0016 146.145
10.26 15.029 0.0017 146.747
10.28 14.873 0.0017 146.606
10.3 14.712 0.0017 146.455
10.32 14.555 0.0017 146.308
10.34 14.406 0.0017 146.17
10.36 14.266 0.0017 146.043
10.38 14.146 0.0017 145.944
10.4 14.087 0.0017 145.934
10.42 14.052 0.0017 145.96
10.44 14.049 0.0017 146.033
10.46 14.052 0.0017 146.115
10.48 14.066 0.0017 146.214
10.5 14.089 0.0017 146.326
10.52 14.112 0.0017 146.437
10.54 14.132 0.0018 147.243
10.56 14.147 0.0018 147.343
10.58 14.152 0.0018 147.428
10.6 14.145 0.0017 146.796
10.62 14.13 0.0017 146.85
10.64 14.102 0.0017 146.885
10.66 14.073 0.0017 146.918
10.68 14.039 0.0018 147.644
10.7 14.004 0.0018 147.668
10.72 13.961 0.0017 146.978
10.74 13.913 0.0017 146.982
10.76 13.862 0.0018 147.681
10.78 13.816 0.0017 146.985
10.8 13.772 0.0017 146.994
10.82 13.741 0.0018 147.722
10.84 13.746 0.0017 147.105
10.86 13.756 0.0017 147.196
10.88 13.781 0.0018 148.012
10.9 13.821 0.0017 147.446
10.92 13.867 0.0017 147.592
10.94 13.916 0.0018 148.446
10.96 13.974 0.0018 148.611
10.98 14.037 0.0018 148.782
11 14.105 0.0017 148.255
11.02 14.196 0.0017 148.467
11.04 14.294 0.0018 149.398
11.06 14.4 0.0017 148.922
11.08 14.518 0.0018 149.883
11.1 14.65 0.0018 150.154
11.12 14.788 0.0017 149.718
11.14 14.939 0.0018 150.728
11.16 15.101 0.0018 151.037
11.18 15.281 0.0018 151.37
11.2 15.482 0.0018 151.731
11.22 15.709 0.0018 152.125
11.24 15.966 0.0018 152.556
11.26 16.253 0.0018 153.024
11.28 16.547 0.0018 153.495
11.3 16.846 0.0018 153.967
11.32 17.13 0.0019 155.11
11.34 17.401 0.0019 155.538
11.36 17.66 0.0019 155.945
11.38 17.898 0.0019 156.323
11.4 18.086 0.002 157.304
11.42 18.256 0.002 157.593
11.44 18.404 0.002 157.853
11.46 18.547 0.002 158.106
11.48 18.68 0.002 158.345
11.5 18.801 0.002 158.569
11.52 18.917 0.002 158.787
11.54 19.022 0.002 158.99
11.56 19.121 0.002 159.185
11.58 19.218 0.0019 158.699
11.6 19.321 0.002 159.577
11.62 19.435 0.002 159.789
11.64 19.558 0.002 160.011
11.66 19.686 0.002 160.238
11.68 19.814 0.002 160.464
11.7 19.929 0.002 160.674
11.72 20.034 0.002 160.872
11.74 20.131 0.002 161.06
11.76 20.215 0.002 161.233
11.78 20.293 0.002 161.399
11.8 20.363 0.002 161.555
11.82 20.426 0.002 161.703
11.84 20.482 0.002 161.843
11.86 20.531 0.0019 161.285
11.88 20.572 0.002 162.097
11.9 20.606 0.002 162.211
11.92 20.629 0.002 162.313
11.94 20.643 0.002 162.404
11.96 20.641 0.002 162.478
11.98 20.61 0.002 162.518
12 20.564 0.002 162.541
12.02 20.504 0.002 162.548
12.04 20.421 0.002 162.528
12.06 20.331 0.002 162.5
12.08 20.24 0.002 162.47
12.1 20.155 0.002 162.446
12.12 20.064 0.002 162.415
12.14 19.968 0.002 162.377
12.16 19.86 0.002 162.324
12.18 19.717 0.002 162.23
12.2 19.532 0.002 162.084
12.22 19.297 0.002 161.875
12.24 19.014 0.002 161.604
12.26 18.689 0.002 161.277
12.28 18.425 0.002 161.02
12.3 18.202 0.002 160.81
12.32 18.048 0.0021 161.34
12.34 17.934 0.0021 161.266
12.36 17.843 0.0021 161.22
12.38 17.759 0.002 160.53
12.4 17.671 0.002 160.487
12.42 17.586 0.002 160.448
12.44 17.508 0.0021 161.069
12.46 17.433 0.0021 161.042
12.48 17.362 0.0021 161.019
12.5 17.289 0.0021 160.993
12.52 17.208 0.0021 160.955
12.54 17.126 0.002 160.264
12.56 17.019 0.0021 160.842
12.58 16.902 0.0021 160.754
12.6 16.768 0.002 159.99
12.62 16.619 0.002 159.855
12.64 16.459 0.0021 160.352
12.66 16.287 0.0021 160.18
12.68 16.113 0.0021 160.003
12.7 15.951 0.0021 159.84
12.72 15.8 0.0021 159.691
12.74 15.659 0.002 158.908
12.76 15.53 0.0021 159.434
12.78 15.407 0.0021 159.321
12.8 15.289 0.0021 159.214
12.82 15.172 0.002 158.463
12.84 15.049 0.002 158.345
12.86 6.081 7.5e-05 105.8
12.88 16.577 8.1e-05 123.075
12.9 14.594 0.0021 158.494
12.92 14.43 0.0021 158.304
12.94 14.26 0.0021 158.102
12.96 14.085 0.0021 157.889
12.98 13.898 0.0021 157.653
13 13.713 0.0021 157.416
13.02 13.544 0.0021 157.203
13.04 13.426 0.0021 157.072
13.06 13.311 0.0021 156.944
13.08 13.18 0.0021 156.787
13.1 13.011 0.0021 156.563
13.12 12.831 0.0021 156.315
13.14 12.635 0.0022 156.64
13.16 12.43 0.0022 156.338
13.18 12.252 0.0022 156.079
13.2 12.095 0.0022 155.856
13.22 11.969 0.0022 155.686
13.24 11.869 0.0022 155.564
13.26 11.788 0.0022 155.475
13.28 11.638 0.0022 155.254
13.3 11.441 0.0022 154.938
13.32 11.191 0.0022 154.51
13.34 11.053 0.0023 154.87
13.36 10.957 0.0023 154.74
13.38 10.886 0.0023 154.66
13.4 10.829 0.0023 154.607
13.42 10.78 0.0023 154.57
13.44 10.731 0.0023 154.533
13.46 10.682 0.0022 153.925
13.48 10.634 0.0023 154.458
13.5 10.59 0.0023 154.43
13.52 10.561 0.0022 153.862
13.54 10.547 0.0022 153.896
13.56 10.568 0.0022 154.003
13.58 10.61 0.0022 154.155
13.6 10.67 0.0022 154.343
13.62 10.737 0.0022 154.545
13.64 10.81 0.0022 154.759
13.66 10.888 0.0022 154.983
13.68 10.96 0.0022 155.193
13.7 11.043 0.0022 155.425
13.72 11.129 0.0022 155.662
13.74 11.215 0.0022 155.897
13.76 11.307 0.0022 156.144
13.78 11.399 0.0022 156.389
13.8 11.496 0.0022 156.644
13.82 11.6 0.0022 156.91
13.84 11.712 0.0022 157.19
13.86 11.85 0.0022 157.519
13.88 12.005 0.0022 157.877
13.9 12.177 0.0022 158.264
13.92 12.366 0.0022 158.679
13.94 12.573 0.0022 159.123
13.96 12.806 0.0022 159.607
13.98 13.084 0.0022 160.166
14 13.389 0.0023 161.357
14.02 13.695 0.0023 161.948
14.04 13.971 0.0023 162.478
14.06 14.251 0.0023 163.007
14.08 14.547 0.0023 163.555
14.1 14.875 0.0023 164.146
14.12 15.224 0.0023 164.76
14.14 15.595 0.0023 165.397
14.16 15.981 0.0023 166.046
14.18 16.379 0.0023 166.701
14.2 16.785 0.0024 167.949
14.22 17.186 0.0024 168.586
14.24 17.589 0.0024 169.216
14.26 17.982 0.0024 169.822
14.28 18.358 0.0024 170.395
14.3 18.726 0.0024 170.949
14.32 19.071 0.0025 172.049
14.34 19.254 0.0025 172.353
14.36 19.348 0.0025 172.54
14.38 19.404 0.0025 172.679
14.4 19.433 0.0025 172.783
14.42 19.445 0.0026 173.43
14.44 19.444 0.0025 172.93
14.46 19.442 0.0026 173.56
14.48 19.44 0.0026 173.624
14.5 19.438 0.0026 173.688
14.52 19.436 0.0026 173.752
14.54 19.427 0.0025 173.241
14.56 19.414 0.0025 173.29
14.58 19.377 0.0026 173.875
14.6 19.332 0.0026 173.883
14.62 19.269 0.0026 173.868
14.64 19.199 0.0026 173.843
14.66 19.122 0.0026 173.808
14.68 19.045 0.0026 173.773
14.7 18.958 0.0026 173.724
14.72 18.866 0.0027 174.214
14.74 18.772 0.0026 173.609
14.76 18.673 0.0027 174.088
14.78 18.577 0.0027 174.024
14.8 18.479 0.0026 173.412
14.82 18.391 0.0027 173.903
14.84 18.311 0.0026 173.314
14.86 18.249 0.0027 173.839
14.88 18.186 0.0027 173.817
14.9 18.12 0.0026 173.246
14.92 18.044 0.0027 173.751
14.94 17.971 0.0027 173.714
14.96 17.891 0.0027 173.667
14.98 17.803 0.0026 173.064
15 17.704 0.0027 173.533
15.02 17.639 0.0027 173.506
15.04 17.599 0.0027 173.513
15.06 17.587 0.0027 173.56
15.08 17.575 0.0026 173.063
15.1 17.569 0.0027 173.663
15.12 17.561 0.0027 173.715
15.14 17.554 0.0027 173.769
15.16 17.553 0.0027 173.831
15.18 17.556 0.0027 173.899
15.2 17.561 0.0027 173.97
15.22 17.582 0.0026 173.518
15.24 17.605 0.0027 174.16
15.26 17.632 0.0026 173.716
15.28 17.674 0.0027 174.385
15.3 17.726 0.0026 173.975
15.32 17.789 0.0026 174.127
15.34 17.862 0.0026 174.293
15.36 17.952 0.0026 174.483
15.38 18.045 0.0026 174.676
15.4 18.125 0.0026 174.85
15.42 18.202 0.0026 175.02
15.44 18.274 0.0026 175.183
15.46 18.345 0.0026 175.344
15.48 18.417 0.0026 175.506
15.5 18.498 0.0026 175.68
15.52 18.582 0.0026 175.857
15.54 18.67 0.0026 176.04
15.56 18.754 0.0026 176.217
15.58 18.853 0.0026 176.414
15.6 18.958 0.0027 177.173
15.62 19.078 0.0027 177.397
15.64 19.194 0.0026 177.059
15.66 19.279 0.0027 177.792
15.68 19.371 0.0027 177.977
15.7 19.448 0.0027 178.142
15.72 19.507 0.0026 177.723
15.74 19.566 0.0027 178.423
15.76 19.629 0.0027 178.569
15.78 19.692 0.0027 178.714
15.8 19.751 0.0028 179.396
15.82 19.794 0.0027 178.973
15.84 19.817 0.0027 179.066
15.86 19.823 0.0027 179.136
15.88 19.828 0.0028 179.749
15.9 19.838 0.0028 179.825
15.92 19.857 0.0028 179.912
15.94 19.871 0.0028 179.993
15.96 19.881 0.0028 180.069
15.98 19.89 0.0028 180.144
16 19.897 0.0028 180.215
16.02 19.887 0.0028 180.265
16.04 19.877 0.0028 180.315
16.06 19.896 0.0028 180.402
16.08 19.93 0.0028 180.509
16.1 19.927 0.0028 180.567
16.12 19.99 0.0028 180.712
16.14 19.962 0.0028 180.737
16.16 19.908 0.0028 180.729
16.18 19.858 0.0028 180.726
16.2 19.803 0.0028 180.716
16.22 19.743 0.0028 180.699
16.24 19.685 0.0028 180.684
16.26 19.579 0.0028 180.605
16.28 19.523 0.0028 180.593
16.3 19.523 0.0028 180.654
16.32 19.466 0.0028 180.64
16.34 19.406 0.0028 180.621
16.36 19.345 0.0028 180.601
16.38 19.286 0.0028 180.582
16.4 19.246 0.0028 180.59
16.42 19.183 0.0028 180.566
16.44 19.145 0.0028 180.575
16.46 19.145 0.0028 180.636
16.48 19.098 0.0028 180.633
16.5 19.031 0.0028 180.603
16.52 18.952 0.0028 180.555
16.54 18.864 0.0028 180.495
16.56 18.782 0.0028 180.443
16.58 18.7 0.0028 180.389
16.6 18.614 0.0028 180.33
16.62 18.528 0.0028 180.27
16.64 18.456 0 0
