0.01 0 0 0
0.02 0 0 0
0.03 0 0 0
0.04 0 0 0
0.05 0 0 0
0.06 0 0.005 0
0.07 0.24 0.01 23.4264
0.0800001 0.27 0.013 25.274
0.0900001 0.670001 0.014 29.9509
0.1 2.2 0.014 36.6003
0.11 3.45 0.017 40.7516
0.12 4.87 0.017 43.8741
0.13 5.6 0.02 46.3958
0.14 6.39 0.021 48.4666
0.15 6.73 0.023 50.1535
0.16 6.99 0.025 51.6984
0.17 7.27 0.026 53.0481
0.18 7.31 0.029 54.4326
0.19 7.41 0.029 55.3652
0.2 7.32 0.03 56.2199
0.21 7.28 0.032 57.2493
0.22 7.16 0.033 58.0042
0.23 7.1 0.035 58.9421
0.24 7.1 0.037 59.9201
0.25 7.02 0.037 60.5051
0.26 6.84 0.036 60.8013
0.27 6.66 0.036 61.2071
0.28 6.48 0.034 61.2934
0.29 6.24 0.048 63.3505
0.3 6.05 0.052 64.0917
0.31 5.74 0.054 64.3925
0.32 5.68 0.054 64.8651
0.33 5.59 0.054 65.2721
0.34 5.6 0.051 65.5206
0.35 5.58 0.048 65.6846
0.36 5.41 0.041 65.048
0.37 5.43 0.037 65.0225
0.38 5.45 0.031 64.5833
0.39 5.8 0.029 65.2738
0.4 6.2 0.029 66.3692
0.41 6.69 0.03 67.7532
0.42 7.54 0.033 69.946
0.43 7.66 0.034 70.7408
0.44 7.92 0.035 71.7102
0.45 7.85 0.035 72.0674
0.46 7.77 0.036 72.5721
0.47 6.1 0.036 70.5071
0.48 5.57 0.036 69.9988
0.49 5.37 0.035 69.8675
0.5 5.37 0.035 70.261
0.51 5.36 0.033 70.285
0.52 5.42 0.032 70.5978
0.53 5.47 0.032 71.0666
0.54 5.53 0.032 71.5491
0.55 5.61 0.031 71.8738
0.56 5.72 0.031 72.437
0.57 5.8 0.03 72.7413
0.58 5.81 0.029 72.9061
0.59 5.77 0.028 72.9672
0.6 5.72 0.027 72.9959
0.61 5.63 0.026 72.9354
0.62 5.55 0.026 73.1151
0.63 5.46 0.026 73.2683
0.640001 5.37 0.025 73.1747
0.650001 5.28 0.025 73.3121
0.660001 5.2 0.025 73.4623
0.670001 5.13 0.025 73.6262
0.680001 5.06 0.025 73.7839
0.690001 5.01 0.024 73.7273
0.700001 4.96 0.024 73.9159
0.710001 4.92 0.024 74.1215
0.720001 4.89 0.024 74.3448
0.730001 4.86 0.024 74.5643
0.740001 4.84 0.025 75.0569
0.75 4.83 0.025 75.3151
0.760001 4.84 0.025 75.6154
0.770001 4.84 0.025 75.8907
0.780001 4.84 0.026 76.4124
0.790001 4.85 0.026 76.7063
0.800001 4.87 0.026 77.0206
0.810001 4.88 0.026 77.3099
0.820001 4.91 0.026 77.6425
0.830001 4.93 0.026 77.9502
0.840001 4.95 0.027 78.5019
0.850001 4.99 0.027 78.8519
0.860001 5.02 0.027 79.177
0.870001 5.02 0.028 79.6726
0.880001 5.06 0.028 80.0176
0.890001 5.11 0.028 80.3831
0.900001 5.15 0.027 80.4798
0.910001 5.19 0.028 81.0623
0.920001 5.24 0.028 81.4213
0.930001 5.29 0.029 82.0173
0.940001 5.33 0.029 82.3508
0.950001 5.35 0.029 82.638
0.960001 5.35 0.029 82.8789
0.970001 5.35 0.029 83.118
0.980001 5.36 0.029 83.3777
0.990001 5.37 0.029 83.6358
1 5.39 0.029 83.9147
1.01 5.42 0.029 84.2145
1.02 5.45 0.029 84.5126
1.03 5.49 0.029 84.8314
1.04 5.53 0.029 85.1485
1.05 5.58 0.03 85.7275
1.06 5.64 0.03 86.0862
1.07 5.69 0.03 86.421
1.08 5.76 0.031 87.0346
1.09 5.83 0.031 87.4098
1.1 6 0.031 87.9954
1.11 6.09 0.032 88.6403
1.12 6.19 0.032 89.0702
1.13 6.3 0.033 89.7468
1.14 6.4 0.034 90.3954
1.15 6.53 0.034 90.8779
1.16 6.67 0.035 91.5963
1.17 6.8 0.037 92.4973
1.18 6.91 0.038 93.1374
1.19 6.96 0.039 93.6553
1.2 6.96 0.039 93.8734
1.21 6.8 0.04 93.9734
1.22 6.69 0.04 93.9677
1.23 6.69 0.04 94.1812
1.24 6.49 0.04 93.9818
1.25 6.44 0.04 94.087
1.26 6.41 0.039 94.034
1.27 6.41 0.039 94.2409
1.28 6.41 0.038 94.2427
1.29 6.41 0.037 94.2375
1.3 6.44 0.037 94.5036
1.31 6.49 0.037 94.8106
1.32 6.57 0.037 95.179
1.33 6.66 0.037 95.566
1.34 6.74 0.037 95.93
1.35 6.82 0.037 96.292
1.36 6.97 0.037 96.7925
1.37 7.03 0.037 97.1096
1.38 7.08 0.038 97.6219
1.39 7.12 0.038 97.8974
1.4 7.17 0.038 98.1916
1.41 7.19 0.039 98.6385
1.42 7.18 0.039 98.8127
1.43 7.14 0.039 98.926
1.44 7.11 0.04 99.2667
1.45 7.12 0.04 99.4779
1.46 7.12 0.04 99.6682
1.47 7.14 0.04 99.8979
1.48 7.23 0.04 100.267
1.49 7.29 0.04 100.575
1.5 7.37 0.04 100.92
1.51 7.46 0.04 101.284
1.52 7.55 0.041 101.854
1.53 7.64 0.036 101.114
1.54 7.71 0.034 100.949
1.55 7.77 0.033 100.993
1.56 7.85 0.033 101.323
1.57 7.95 0.034 101.941
1.58 8.1 0.035 102.644
1.59 8.26 0.035 103.114
1.6 8.41 0.036 103.805
1.61 8.45 0.038 104.525
1.62 8.48 0.038 104.759
1.63 8.59 0.039 105.36
1.64 8.77 0.04 106.079
1.65 8.83 0.041 106.581
1.66 8.87 0.042 107.044
1.67 8.9 0.042 107.275
1.68 8.97 0.043 107.786
1.69 9.04 0.044 108.291
1.7 9.1 0.045 108.776
1.71 9.16 0.046 109.256
1.72 9.23 0.046 109.553
1.73 9.22 0.046 109.713
1.74 9.19 0.046 109.837
1.75 9.16 0.046 109.961
1.76 9.14 0.046 110.1
1.77 9.17 0.046 110.326
1.78 9.2 0.046 110.551
1.79 9.31 0.046 110.913
1.8 9.56 0.046 111.509
1.81 9.71 0.047 112.132
1.82 9.84 0.047 112.519
1.83 9.96 0.047 112.888
1.84 10.21 0.047 113.463
1.85 10.31 0.049 114.189
1.86 10.43 0.05 114.744
1.87 10.53 0.051 115.263
1.88 10.67 0.052 115.841
1.89 10.69 0.053 116.227
1.9 10.7 0.054 116.594
1.91 10.7 0.054 116.765
1.92 10.61 0.055 116.971
1.93 10.52 0.055 116.996
1.94 10.39 0.055 116.955
1.95 10.27 0.055 116.926
1.96 10.14 0.055 116.878
1.97 10.16 0.054 116.898
1.98 10.17 0.053 116.897
1.99 10.22 0.052 116.958
2 10.34 0.051 117.129
2.01 10.43 0.051 117.438
2.02 10.52 0.05 117.552
2.03 10.62 0.05 117.874
2.04 10.83 0.05 118.368
2.05 10.94 0.05 118.702
2.06 11.03 0.05 119.003
2.07 11.12 0.05 119.303
2.08 11.19 0.051 119.768
2.09 11.32 0.051 120.127
2.1 11.38 0.052 120.573
2.11 11.4 0.052 120.763
2.12 11.39 0.053 121.098
2.13 11.34 0.053 121.18
2.14 11.32 0.054 121.496
2.15 11.28 0.056 121.96
2.16 11.23 0.056 122.039
2.17 11.09 0.057 122.155
2.18 11.01 0.057 122.184
2.19 10.92 0.057 122.195
2.2 10.8 0.057 122.156
2.21 10.54 0.058 122.058
2.22 10.38 0.058 121.942
2.23 10.23 0.059 122.012
2.24 10.07 0.059 121.887
2.25 9.84 0.058 121.46
2.26 9.73 0.058 121.413
2.27 9.63 0.057 121.206
2.28 9.53 0.056 120.994
2.29 9.34 0.053 120.238
2.3 9.27 0.052 120.063
2.31 9.22 0.051 119.92
2.32 9.21 0.048 119.442
2.33 9.23 0.048 119.622
2.34 9.24 0.047 119.574
2.35 9.29 0.047 119.808
2.36 9.38 0.046 119.902
2.37 9.4 0.046 120.08
2.38 9.43 0.046 120.276
2.39 9.42 0.045 120.178
2.4 9.39 0.045 120.262
2.41 9.36 0.045 120.345
2.42 9.35 0.045 120.466
2.43 9.27 0.046 120.675
2.44 9.2 0.046 120.681
2.45 9.04 0.045 120.293
2.46 8.94 0.045 120.237
2.47 8.72 0.044 119.717
2.48 8.53 0.043 119.244
2.49 8.45 0.042 118.982
2.5 8.34 0.042 118.891
2.51 8.35 0.041 118.805
2.52 8.35 0.04 118.692
2.53 8.37 0.04 118.864
2.54 8.43 0.037 118.346
2.55 8.45 0.036 118.246
2.56 8.44 0.036 118.355
2.57 8.47 0.036 118.544
2.58 8.52 0.037 119.044
2.59 8.59 0.038 119.577
2.6 8.7 0.038 119.925
2.61 8.69 0.038 120.033
2.62 9.01 0.038 120.788
2.63 9.33 0.038 121.525
2.64 9.65 0.038 122.246
2.65 9.94 0.039 123.163
2.66 10.49 0.041 124.77
2.67 10.76 0.044 126.097
2.68 10.99 0.045 126.85
2.69 11.21 0.047 127.806
2.7 11.39 0.049 128.677
2.71 11.73 0.049 129.356
2.72 11.88 0.05 129.944
2.73 12.06 0.051 130.574
2.74 12.31 0.052 131.305
2.75 12.6 0.054 132.294
2.76 13.05 0.055 133.302
2.77 13.21 0.056 133.871
2.78 13.34 0.057 134.392
2.79 13.45 0.058 134.88
2.8 13.53 0.061 135.698
2.81 13.6 0.062 136.118
2.82 13.63 0.064 136.656
2.83 13.67 0.065 137.025
2.84 13.68 0.065 137.174
2.85 13.67 0.066 137.468
2.86 13.6 0.066 137.5
2.87 13.44 0.066 137.399
2.88 13.46 0.066 137.562
2.89 13.48 0.066 137.724
2.9 13.57 0.066 137.988
2.91 13.67 0.066 138.266
2.92 13.78 0.066 138.558
2.93 13.8 0.067 138.893
2.94 13.83 0.067 139.068
2.95 13.85 0.067 139.228
2.96 13.84 0.069 139.686
2.97 13.81 0.07 139.941
2.98 13.75 0.07 139.984
2.99 13.7 0.07 140.041
3 13.6 0.07 140.023
3.01 13.51 0.07 140.019
3.02 13.26 0.07 139.771
3.03 13.08 0.07 139.625
3.04 12.89 0.069 139.292
3.05 12.68 0.068 138.921
3.06 12.49 0.066 138.401
3.07 12.14 0.065 137.786
3.08 12.01 0.064 137.519
3.09 11.92 0.064 137.494
3.1 11.85 0.063 137.321
3.11 11.81 0.062 137.194
3.12 11.77 0.061 137.064
3.13 11.63 0.061 136.95
3.14 11.56 0.06 136.764
3.15 11.49 0.06 136.766
3.16 11.45 0.06 136.817
3.17 11.49 0.06 137.006
3.18 11.53 0.06 137.195
3.19 11.6 0.059 137.242
3.2 11.71 0.057 137.155
3.21 11.84 0.053 136.662
3.22 12.21 0.052 137.17
3.23 12.46 0.052 137.69
3.24 12.74 0.052 138.25
3.25 13 0.053 138.992
3.26 13.23 0.056 140.103
3.27 13.63 0.057 141.032
3.28 13.75 0.059 141.736
3.29 13.8 0.06 142.129
3.3 13.8 0.062 142.638
3.31 13.71 0.063 142.813
3.32 13.35 0.063 142.386
3.33 13.16 0.063 142.212
3.34 13.02 0.063 142.111
3.35 12.9 0.063 142.04
3.36 12.79 0.062 141.794
3.37 12.7 0.062 141.767
3.38 12.53 0.061 141.417
3.39 12.52 0.06 141.322
3.4 12.53 0.06 141.454
3.41 12.53 0.058 141.171
3.42 12.54 0.057 141.098
3.43 12.58 0.056 141.069
3.44 12.65 0.056 141.297
3.45 12.77 0.056 141.603
3.46 12.97 0.057 142.244
3.47 13.22 0.059 143.16
3.48 13.66 0.059 143.952
3.49 13.81 0.06 144.495
3.5 13.91 0.06 144.761
3.51 14 0.062 145.406
3.52 14.11 0.065 146.259
3.53 14.33 0.067 147.071
3.54 14.44 0.067 147.349
3.55 14.5 0.061 146.406
3.56 14.55 0.058 145.979
3.57 14.61 0.058 146.18
3.58 14.87 0.058 146.665
3.59 15.12 0.058 147.132
3.6 15.42 0.06 148.08
3.61 15.72 0.06 148.606
3.62 15.67 0.062 149.058
3.63 15.87 0.063 149.644
3.64 16.08 0.066 150.624
3.65 16.25 0.067 151.157
3.66 16.38 0.07 151.998
3.67 16.63 0.072 152.804
3.68 16.72 0.074 153.387
3.69 16.84 0.076 154.003
3.7 16.92 0.077 154.392
3.71 17 0.077 154.612
3.72 17.02 0.078 154.921
3.73 16.99 0.079 155.161
3.74 16.98 0.079 155.264
3.75 16.95 0.079 155.339
3.76 16.78 0.081 155.552
3.77 16.64 0.081 155.479
3.78 16.43 0.081 155.31
3.79 16.21 0.081 155.122
3.8 16 0.081 154.945
3.81 15.72 0.0800001 154.505
3.82 15.62 0.079 154.314
3.83 15.56 0.079 154.34
3.84 15.49 0.078 154.188
3.85 15.44 0.077 154.063
3.86 15.37 0.075 153.736
3.87 15.23 0.075 153.644
3.88 15.16 0.074 153.481
3.89 15.14 0.074 153.561
3.9 15.11 0.073 153.453
3.91 15.09 0.072 153.357
3.92 15.06 0.072 153.422
3.93 15.06 0.072 153.531
3.94 15.03 0.071 153.417
3.95 15.01 0.071 153.495
3.96 14.97 0.071 153.544
3.97 14.94 0.07 153.426
3.98 14.81 0.069 153.157
3.99 14.76 0.069 153.19
4 14.7 0.069 153.206
4.01 14.62 0.068 153.006
4.02 14.57 0.068 153.037
4.03 14.52 0.067 152.878
4.04 14.39 0.065 152.401
4.05 14.33 0.065 152.414
4.06 14.26 0.065 152.411
4.07 14.21 0.064 152.241
4.08 14.17 0.064 152.284
4.09 14.03 0.062 151.768
4.1 13.95 0.062 151.746
4.11 13.86 0.061 151.502
4.12 13.79 0.061 151.494
4.13 13.68 0.061 151.422
4.14 13.58 0.061 151.363
4.15 13.37 0.06 150.918
4.16 13.27 0.059 150.645
4.17 13.13 0.058 150.301
4.18 13.02 0.057 150.002
4.19 12.9 0.056 149.681
4.2 12.8 0.055 149.389
4.21 12.75 0.054 149.175
4.22 12.78 0.053 149.092
4.23 12.81 0.053 149.241
4.24 12.88 0.052 149.219
4.25 12.98 0.052 149.483
4.26 13.06 0.052 149.714
4.27 13.17 0.053 150.23
4.28 13.2 0.054 150.611
4.29 13.23 0.055 150.989
4.3 13.25 0.056 151.346
4.31 13.25 0.056 151.444
4.32 13.27 0.055 151.347
4.33 13.34 0.054 151.328
4.34 13.4 0.054 151.523
4.35 13.49 0.055 151.998
4.36 13.63 0.056 152.55
4.37 13.76 0.056 152.856
4.38 13.93 0.057 153.45
4.39 14.27 0.057 154.081
4.4 14.43 0.058 154.65
4.41 14.54 0.059 155.137
4.42 14.64 0.061 155.82
4.43 14.73 0.062 156.267
4.44 14.76 0.064 156.824
4.45 14.73 0.065 157.079
4.46 14.69 0.067 157.512
4.47 14.64 0.068 157.727
4.48 14.55 0.068 157.685
4.49 14.4 0.068 157.547
4.5 14.3 0.068 157.487
4.51 14.21 0.068 157.441
4.52 14.15 0.067 157.248
4.53 14.09 0.067 157.248
4.54 14.04 0.067 157.264
4.55 13.99 0.066 157.083
4.56 13.95 0.061 156.088
4.57 13.89 0.059 155.653
4.58 13.83 0.059 155.651
4.59 13.67 0.059 155.485
4.6 13.58 0.059 155.431
4.61 13.45 0.059 155.309
4.62 13.1 0.06 155.031
4.63 12.74 0.06 154.503
4.64 12.7 0.061 154.738
4.65 12.61 0.062 154.882
4.66 12.5 0.062 154.779
4.67 12.38 0.062 154.656
4.68 12.26 0.061 154.322
4.69 12.1 0.061 154.122
4.7 12.03 0.059 153.658
4.71 11.97 0.059 153.638
4.72 11.92 0.059 153.636
4.73 11.88 0.059 153.652
4.74 11.88 0.059 153.742
4.75 11.9 0.058 153.651
4.76 11.91 0.056 153.311
4.77 12.03 0.053 152.92
4.78 12.23 0.052 153.13
4.79 12.56 0.051 153.559
4.8 12.96 0.051 154.343
4.81 13.38 0.051 155.144
4.82 13.73 0.051 155.811
4.83 14.04 0.052 156.656
4.84 14.51 0.055 158.228
4.85 14.68 0.057 159.056
4.86 14.82 0.059 159.823
4.87 14.95 0.06 160.34
4.88 15.05 0.062 161.024
4.89 15.13 0.063 161.454
4.9 15.2 0.065 162.074
4.91 15.28 0.065 162.288
4.92 15.31 0.065 162.426
4.93 15.37 0.065 162.609
4.94 15.43 0.065 162.792
4.95 15.56 0.065 163.08
4.96 15.75 0.065 163.457
4.97 16 0.066 164.129
4.98 16.48 0.067 165.127
4.99 16.65 0.069 165.869
5 16.74 0.07 166.289
5.01 16.81 0.071 166.678
5.02 16.86 0.071 166.842
5.03 16.88 0.072 167.157
5.04 16.85 0.073 167.399
5.05 16.84 0.074 167.666
5.06 16.84 0.075 167.946
5.07 16.84 0.075 168.038
5.08 16.88 0.075 168.188
5.09 16.94 0.076 168.552
5.1 16.99 0.076 168.715
5.11 17.06 0.077 169.091
5.12 17.07 0.077 169.197
5.13 17.06 0.077 169.275
5.14 17.07 0.077 169.38
5.15 17.08 0.077 169.486
5.16 17.07 0.078 169.746
5.17 17.1 0.078 169.88
5.18 17.07 0.078 169.928
5.19 17.05 0.079 170.171
5.2 16.97 0.079 170.147
5.21 16.93 0.078 170
5.22 16.88 0.078 170.018
5.23 16.82 0.078 170.021
5.24 16.79 0.077 169.885
5.25 16.74 0.077 169.902
5.26 16.67 0.076 169.705
5.27 16.64 0.075 169.564
5.28 16.61 0.074 169.42
5.29 16.62 0.073 169.332
5.3 16.63 0.073 169.435
5.31 16.74 0.072 169.49
5.32 16.84 0.072 169.725
5.33 17.02 0.071 169.876
5.34 17.37 0.071 170.463
5.35 17.49 0.071 170.721
5.36 17.57 0.072 171.121
5.37 17.61 0.072 171.266
5.38 17.62 0.072 171.368
5.39 17.62 0.073 171.654
5.4 17.62 0.073 171.742
5.41 17.65 0.074 172.067
5.42 17.65 0.074 172.156
5.43 17.69 0.074 172.3
5.44 17.73 0.074 172.444
5.45 17.76 0.073 172.379
5.46 17.78 0.073 172.495
5.47 17.78 0.073 172.583
5.48 17.74 0.073 172.614
5.49 17.66 0.073 172.589
5.5 17.62 0.073 172.62
5.51 17.56 0.074 172.818
5.52 17.51 0.074 172.834
5.53 17.45 0.074 172.836
5.54 17.38 0.072 172.429
5.55 17.34 0.069 171.849
5.56 17.26 0.061 170.068
5.57 17.27 0.061 170.167
5.58 17.26 0.06 170.004
5.59 17.31 0.061 170.393
5.6 17.35 0.061 170.535
5.61 17.4 0.062 170.921
5.62 17.28 0.062 170.835
5.63 17.32 0.063 171.205
5.64 17.37 0.064 171.585
5.65 17.52 0.065 172.104
5.66 17.66 0.066 172.605
5.67 17.79 0.066 172.872
5.68 17.87 0.067 173.285
5.69 17.93 0.068 173.668
5.7 17.93 0.071 174.378
5.71 17.91 0.071 174.435
5.72 17.9 0.072 174.709
5.73 17.88 0.072 174.766
5.74 17.85 0.073 175.009
5.75 17.81 0.073 175.037
5.76 17.74 0.074 175.22
5.77 17.7 0.074 175.248
5.78 17.69 0.074 175.318
5.79 17.61 0.073 175.09
5.8 17.54 0.073 175.073
5.81 17.44 0.073 175.013
5.82 17.28 0.073 174.864
5.83 17.14 0.073 174.743
5.84 17.03 0.073 174.664
5.85 16.97 0.073 174.659
5.86 16.93 0.073 174.682
5.87 16.9 0.073 174.72
5.88 16.82 0.073 174.684
5.89 16.58 0.073 174.405
5.9 16.42 0.073 174.244
5.91 16.26 0.073 174.08
5.92 16.1 0.073 173.914
5.93 15.95 0.073 173.761
5.94 15.79 0.072 173.391
5.95 15.67 0.072 173.282
5.96 15.57 0.072 173.203
5.97 15.51 0.071 172.986
5.98 15.46 0.07 172.782
5.99 15.37 0.069 172.511
6 15.24 0.069 172.38
6.01 15.05 0.068 171.939
6.02 14.83 0.067 171.443
6.03 14.53 0.066 170.804
6.04 14.27 0.066 170.439
6.05 13.76 0.065 169.411
6.06 13.58 0.063 168.728
6.07 13.43 0.062 168.312
6.08 13.34 0.06 167.767
6.09 13.3 0.059 167.537
6.1 13.26 0.057 167.061
6.11 13.25 0.056 166.873
6.12 13.26 0.055 166.717
6.13 13.22 0.054 166.466
6.14 13.23 0.054 166.559
6.15 13.23 0.054 166.635
6.16 13.21 0.054 166.674
6.17 13.18 0.054 166.694
6.18 13.03 0.054 166.495
6.19 12.96 0.055 166.695
6.2 12.89 0.056 166.889
6.21 12.84 0.057 167.117
6.22 12.88 0.056 167.02
6.23 12.91 0.056 167.151
6.24 13.09 0.055 167.308
6.25 13.35 0.055 167.857
6.26 13.69 0.055 168.541
6.27 14 0.055 169.16
6.28 14.27 0.056 169.956
6.29 14.5 0.056 170.423
6.3 14.65 0.057 171.003
6.31 14.81 0.058 171.594
6.32 14.92 0.059 172.098
6.33 15.16 0.06 172.811
6.34 15.31 0.062 173.605
6.35 15.5 0.063 174.222
6.36 15.69 0.065 175.058
6.37 15.85 0.065 175.391
6.38 16.02 0.066 175.961
6.39 16.16 0.066 176.258
6.4 16.28 0.067 176.744
6.41 16.39 0.068 177.21
6.42 16.44 0.07 177.793
6.43 16.48 0.07 177.932
6.44 16.53 0.071 178.297
6.45 16.56 0.071 178.421
6.46 16.65 0.072 178.845
6.47 16.69 0.072 178.984
6.48 16.75 0.072 179.153
6.49 16.8 0.072 179.307
6.5 16.81 0.072 179.399
6.51 16.82 0.072 179.491
6.52 16.85 0.072 179.614
6.53 16.91 0.071 179.573
6.54 16.95 0.036 169.837
6.55 17.02 0.048 174.129
6.56 17.07 0.061 177.786
6.57 17.11 0.061 177.922
6.58 17.16 0.061 178.072
6.59 17.2 0.063 178.686
6.6 17.24 0.064 179.055
6.61 17.08 0.065 179.121
6.62 16.66 0.066 178.782
6.63 16.62 0.066 178.795
6.64 16.62 0.068 179.315
6.65 16.61 0.069 179.592
6.66 16.62 0.071 180.111
6.67 16.6 0.072 180.364
6.68 16.51 0.072 180.298
6.69 16.47 0.072 180.31
6.7 16.37 0.073 180.434
6.71 16.33 0.073 180.445
6.72 16.3 0.073 180.472
6.73 16.29 0.073 180.531
6.74 16.23 0.073 180.509
6.75 16.18 0.073 180.504
6.76 16.04 0.072 180.145
6.77 16.05 0.072 180.235
6.78 15.97 0.072 180.18
6.79 15.91 0.072 180.156
6.8 15.9 0.072 180.213
6.81 15.89 0.071 180.061
6.82 15.89 0.07 179.922
6.83 15.88 0.069 179.764
6.84 15.78 0.069 179.673
6.85 15.73 0.069 179.664
6.86 15.66 0.07 179.837
6.87 15.58 0.07 179.777
6.88 15.52 0.07 179.75
6.89 15.36 0.07 179.554
6.9 15.28 0.07 179.492
6.91 15.2 0.069 179.213
6.92 15.14 0.068 178.966
6.93 15 0.068 178.798
6.94 14.99 0.068 178.853
6.95 14.98 0.068 178.907
6.96 14.99 0.068 178.996
6.97 14.97 0.067 178.813
6.98 14.95 0.067 178.849
6.99 14.93 0.067 178.886
7 14.9 0.066 178.682
7.01 14.86 0.065 178.457
7.02 14.79 0.065 178.406
7.03 14.76 0.064 178.194
7.04 14.77 0.064 178.282
7.05 14.78 0.064 178.37
7.06 14.82 0.064 178.51
7.07 14.86 0.063 178.415
7.08 14.89 0.063 178.537
7.09 14.96 0.063 178.728
7.1 15 0.063 178.867
7.11 15.02 0.063 178.971
7.12 15.08 0.063 179.144
7.13 15.1 0.063 179.248
7.14 15.16 0.063 179.42
7.15 15.2 0.063 179.558
7.16 15.38 0.063 179.933
7.17 15.5 0.064 180.441
7.18 15.64 0.064 180.744
7.19 15.75 0.064 180.997
7.2 15.99 0.064 181.462
7.21 16.11 0.064 181.727
7.22 16.2 0.065 182.178
7.23 16.28 0.066 182.609
7.24 16.33 0.066 182.76
7.25 16.47 0.067 183.284
7.26 16.51 0.068 183.645
7.27 16.53 0.069 183.97
7.28 16.55 0.072 184.726
7.29 16.48 0.071 184.469
7.3 16.42 0.071 184.442
7.31 16.38 0.071 184.448
7.32 16.27 0.071 184.339
7.33 16.14 0.072 184.41
7.34 15.91 0.073 184.311
7.35 15.43 0.075 183.982
7.36 15.32 0.076 184.065
7.37 15.21 0.077 184.144
7.38 15.03 0.078 184.095
7.39 14.62 0.078 183.432
7.4 14.38 0.078 183.064
7.41 14.13 0.078 182.671
7.42 13.9 0.078 182.308
7.43 13.67 0.077 181.744
7.44 13.34 0.076 180.976
7.45 13.24 0.075 180.649
7.46 13.16 0.074 180.357
7.47 13.19 0.071 179.863
7.48 13.22 0.07 179.776
7.49 13.35 0.07 180.097
7.5 13.48 0.07 180.415
7.51 13.57 0.069 180.439
7.52 13.61 0.068 180.363
7.53 13.61 0.067 180.207
7.54 13.58 0.067 180.216
7.55 13.54 0.066 179.981
7.56 13.51 0.062 179.056
7.57 13.43 0.058 177.978
7.58 13.44 0.057 177.805
7.59 13.45 0.056 177.628
7.6 13.5 0.056 177.788
7.61 13.52 0.057 178.153
7.62 13.52 0.057 178.218
7.63 13.25 0.057 177.766
7.64 13.17 0.057 177.675
7.65 13.15 0.057 177.701
7.66 13.16 0.057 177.785
7.67 13.16 0.057 177.85
7.68 13.2 0.057 177.992
7.69 13.26 0.057 178.172
7.7 13.31 0.057 178.333
7.71 13.31 0.058 178.656
7.72 13.3 0.058 178.701
7.73 13.29 0.058 178.746
7.74 13.28 0.058 178.791
7.75 13.28 0.059 179.11
7.76 13.26 0.059 179.135
7.77 13.26 0.059 179.199
7.78 13.22 0.059 179.185
7.79 13.18 0.059 179.171
7.8 13.14 0.059 179.157
7.81 13.1 0.059 179.142
7.82 13.03 0.059 179.067
7.83 12.94 0.059 178.952
7.84 12.91 0.059 178.956
7.85 12.79 0.059 178.779
7.86 12.67 0.059 178.599
7.87 12.52 0.058 178.103
7.88 12.47 0.058 178.063
7.89 12.37 0.057 177.662
7.9 12.26 0.057 177.496
7.91 12.17 0.057 177.371
7.92 12.12 0.056 177.067
7.93 12.02 0.055 176.653
7.94 11.95 0.055 176.566
7.95 11.86 0.054 176.167
7.96 11.81 0.053 175.847
7.97 11.71 0.053 175.693
7.98 11.66 0.052 175.368
7.99 11.58 0.052 175.255
8 11.47 0.051 174.793
8.01 11.38 0.051 174.655
8.02 11.35 0.051 174.65
8.03 11.28 0.05 174.267
8.04 11.24 0.05 174.238
8.05 11.18 0.049 173.872
8.06 11.18 0.049 173.932
8.07 11.17 0.049 173.969
8.08 11.19 0.048 173.776
8.09 11.2 0.048 173.858
8.1 11.22 0.048 173.962
8.11 11.26 0.048 174.111
8.12 11.26 0.048 174.171
8.13 11.27 0.048 174.253
8.14 11.27 0.048 174.312
8.15 11.3 0.047 174.133
8.16 11.33 0.047 174.259
8.17 11.36 0.047 174.385
8.18 11.43 0.047 174.599
8.19 11.54 0.047 174.899
8.2 11.63 0.047 175.154
8.21 11.68 0.047 175.322
8.22 11.76 0.047 175.553
8.23 11.82 0.047 175.742
8.24 11.86 0.047 175.886
8.25 11.93 0.048 176.404
8.26 11.96 0.048 176.527
8.27 12.01 0.048 176.692
8.28 12.08 0.048 176.9
8.29 12.14 0.048 177.085
8.3 12.19 0.049 177.554
8.31 12.24 0.05 178.017
8.32 12.26 0.051 178.412
8.33 12.31 0.051 178.576
8.34 12.42 0.052 179.154
8.35 12.58 0.054 180.109
8.36 12.62 0.054 180.252
8.37 12.6 0.055 180.546
8.38 12.44 0.055 180.274
8.39 12.3 0.055 180.04
8.4 12.17 0.055 179.824
8.41 12.01 0.055 179.541
8.42 11.73 0.055 178.991
8.43 11.61 0.055 178.785
8.44 11.52 0.054 178.371
8.45 11.49 0.054 178.363
8.46 11.47 0.053 178.1
8.47 11.46 0.053 178.136
8.48 11.44 0.054 178.427
8.49 11.37 0.054 178.328
8.5 11.33 0.053 178.019
8.51 11.32 0.053 178.054
8.52 11.32 0.053 178.112
8.53 11.32 0.053 178.17
8.54 11.33 0.049 177.091
8.55 11.35 0.048 176.89
8.56 11.41 0.047 176.772
8.57 11.47 0.047 176.963
8.58 11.53 0.047 177.153
8.59 11.62 0.048 177.72
8.6 11.7 0.049 178.259
8.61 11.56 0.05 178.307
8.62 11.57 0.052 178.97
8.63 11.59 0.053 179.356
8.64 11.63 0.054 179.782
8.65 11.69 0.054 179.974
8.66 11.71 0.055 180.351
8.67 11.74 0.056 180.746
8.68 11.78 0.057 181.159
8.69 11.83 0.058 181.59
8.7 11.9 0.058 181.803
8.71 12.01 0.058 182.102
8.72 12.13 0.058 182.421
8.73 12.26 0.058 182.759
8.74 12.36 0.058 183.032
8.75 12.51 0.058 183.408
8.76 12.58 0.058 183.614
8.77 12.64 0.058 183.798
8.78 12.71 0.058 184.002
8.79 12.76 0.059 184.427
8.8 12.8 0.059 184.568
8.81 12.82 0.059 184.668
8.82 12.8 0.06 184.943
8.83 12.76 0.06 184.918
8.84 12.67 0.06 184.788
8.85 12.57 0.06 184.635
8.86 12.49 0.06 184.524
8.87 12.44 0.06 184.475
8.88 12.4 0.06 184.447
8.89 12.36 0.059 184.161
8.9 12.33 0.059 184.154
8.91 12.28 0.059 184.104
8.92 12.24 0.059 184.075
8.93 12.24 0.059 184.132
8.94 12.21 0.059 184.125
8.95 12.12 0.059 183.986
8.96 12.07 0.058 183.672
8.97 12.01 0.058 183.597
8.98 11.95 0.058 183.521
8.99 11.89 0.057 183.18
9 11.89 0.057 183.237
9.01 11.89 0.057 183.293
9.02 11.93 0.056 183.169
9.03 12.03 0.056 183.445
9.04 12.16 0.056 183.786
9.05 12.28 0.057 184.374
9.06 12.36 0.057 184.603
9.07 12.37 0.058 184.949
9.08 12.34 0.059 185.204
9.09 12.25 0.058 184.802
9.1 12.13 0.058 184.597
9.11 11.8 0.058 183.921
9.12 11.66 0.058 183.662
9.13 11.64 0.057 183.407
9.14 11.67 0.056 183.26
9.15 11.71 0.056 183.406
9.16 11.84 0.055 183.479
9.17 12.02 0.055 183.934
9.18 12.18 0.055 184.34
9.19 12.33 0.055 184.721
9.2 12.47 0.055 185.078
9.21 12.57 0.055 185.347
9.22 12.68 0.056 185.914
9.23 12.76 0.057 186.413
9.24 12.85 0.057 186.658
9.25 12.96 0.057 186.943
9.26 13.06 0.058 187.477
9.27 13.17 0.058 187.76
9.28 13.28 0.059 188.309
9.29 13.39 0.059 188.59
9.3 13.66 0.059 189.189
9.31 13.79 0.059 189.504
9.32 13.9 0.059 189.777
9.33 14.02 0.06 190.335
9.34 14.11 0.061 190.83
9.35 14.18 0.061 191.022
9.36 14.23 0.062 191.435
9.37 14.26 0.063 191.805
9.38 14.26 0.064 192.113
9.39 14.21 0.065 192.321
9.4 14.17 0.066 192.544
9.41 14.12 0.066 192.503
9.42 14.05 0.067 192.663
9.43 13.97 0.068 192.799
9.44 13.93 0.068 192.776
9.45 13.83 0.069 192.867
9.46 13.78 0.07 193.054
9.47 13.77 0.071 193.319
9.48 13.77 0.072 193.601
9.49 13.77 0.073 193.88
9.5 13.8 0.073 193.997
9.51 13.84 0.073 194.135
9.52 13.97 0.073 194.453
9.53 14.17 0.073 194.909
9.54 14.31 0.072 195.018
9.55 14.48 0.072 195.407
9.56 14.62 0.072 195.735
9.57 14.71 0.067 194.795
9.58 14.75 0.062 193.674
9.59 14.82 0.062 193.862
9.6 14.87 0.062 194.012
9.61 14.91 0.063 194.402
9.62 14.96 0.063 194.552
9.63 15.04 0.063 194.758
9.64 14.88 0.063 194.514
9.65 14.9 0.063 194.608
9.66 14.93 0.063 194.72
9.67 15.02 0.065 195.453
9.68 15.12 0.065 195.696
9.69 15.22 0.065 195.938
9.7 15.3 0.065 196.142
9.71 15.38 0.065 196.345
9.72 15.44 0.066 196.762
9.73 15.53 0.066 196.983
9.74 15.57 0.067 197.359
9.75 15.61 0.067 197.488
9.76 15.67 0.067 197.653
9.77 15.73 0.069 198.303
9.78 15.74 0.069 198.378
9.79 15.7 0.069 198.361
9.8 15.64 0.07 198.546
9.81 15.55 0.07 198.437
9.82 15.46 0.07 198.328
9.83 15.46 0.07 198.384
9.84 15.49 0.069 198.258
9.85 15.51 0.069 198.351
9.86 15.59 0.067 198.068
9.87 15.62 0.066 197.931
9.88 15.66 0.066 198.06
9.89 15.68 0.066 198.152
9.9 15.74 0.067 198.565
9.91 15.81 0.067 198.748
9.92 15.87 0.07 199.638
9.93 15.84 0.07 199.64
9.94 15.77 0.07 199.568
9.95 15.67 0.07 199.441
9.96 15.59 0.07 199.35
9.97 15.5 0.071 199.475
9.98 15.51 0.071 199.549
9.99 15.51 0.072 199.837
10 15.59 0.073 200.27
10.01 15.68 0.073 200.492
10.02 15.74 0.073 200.658
10.03 15.74 0.073 200.714
10.04 15.65 0.073 200.603
10.05 15.52 0.073 200.418
10.06 15.29 0.073 200.043
10.07 14.74 0.073 199.045
10.08 14.5 0.073 198.63
10.09 14.31 0.072 198.081
10.1 14.14 0.071 197.564
10.11 14.03 0.07 197.164
10.12 13.94 0.069 196.8
10.13 13.91 0.068 196.554
10.14 13.93 0.068 196.648
10.15 13.95 0.067 196.5
10.16 13.99 0.066 196.389
10.17 14.02 0.066 196.504
10.18 14.1 0.066 196.719
10.19 14.09 0.065 196.502
10.2 14.12 0.066 196.866
10.21 14.14 0.066 196.96
10.22 14.2 0.067 197.38
10.23 14.33 0.067 197.693
10.24 14.41 0.067 197.906
10.25 14.48 0.067 198.098
10.26 14.51 0.068 198.455
10.27 14.55 0.068 198.587
10.28 14.55 0.068 198.641
10.29 14.56 0.068 198.714
10.3 14.61 0.069 199.108
10.31 14.7 0.068 199.096
10.32 14.76 0.068 199.266
10.33 14.9 0.068 199.591
10.34 14.98 0.068 199.799
10.35 15.03 0.067 199.702
10.36 15.07 0.067 199.832
10.37 15.14 0.067 200.019
10.38 15.2 0.067 200.187
10.39 15.32 0.067 200.467
10.4 15.38 0.067 200.634
10.41 15.48 0.068 201.123
10.42 15.53 0.07 201.756
10.43 15.58 0.071 202.141
10.44 15.53 0.071 202.102
10.45 15.43 0.072 202.203
10.46 15.28 0.073 202.204
10.47 15.04 0.073 201.797
10.48 14.78 0.074 201.573
10.49 14.19 0.074 200.447
10.5 13.93 0.074 199.967
10.51 13.71 0.073 199.336
10.52 13.55 0.072 198.823
10.53 13.51 0.071 198.56
10.54 13.51 0.07 198.378
10.55 13.54 0.069 198.257
10.56 13.58 0.068 198.152
10.57 13.67 0.067 198.149
10.58 13.87 0.06 196.801
10.59 13.94 0.058 196.44
10.6 13.97 0.058 196.552
10.61 13.94 0.058 196.543
10.62 13.78 0.059 196.547
10.63 13.69 0.06 196.688
10.64 13.63 0.061 196.886
10.65 13.46 0.062 196.848
10.66 13.48 0.065 197.717
10.67 13.51 0.067 198.331
10.68 13.73 0.068 199.09
10.69 14.08 0.068 199.865
10.7 14.35 0.069 200.708
10.71 14.55 0.068 200.917
10.72 14.96 0.068 201.775
10.73 15.34 0.069 202.804
10.74 15.54 0.07 203.478
10.75 15.94 0.071 204.518
10.76 16.26 0.073 205.632
10.77 16.69 0.074 206.694
10.78 16.81 0.074 206.961
10.79 16.92 0.077 207.895
10.8 16.97 0.076 207.811
10.81 17.06 0.0800001 208.912
10.82 17.1 0.081 209.252
10.83 17.2 0.083 209.908
10.84 17.26 0.0850001 210.483
10.85 17.51 0.089 211.782
10.86 17.65 0.092 212.665
10.87 17.78 0.0950001 213.514
10.88 17.95 0.097 214.233
10.89 18.07 0.098 214.676
10.9 18.13 0.1 215.195
10.91 18.21 0.102 215.741
10.92 18.3 0.103 216.125
10.93 18.48 0.105 216.832
10.94 18.57 0.108 217.548
10.95 18.83 0.109 218.206
10.96 18.98 0.108 218.344
10.97 19.06 0.11 218.865
10.98 19.17 0.11 219.102
10.99 19.3 0.11 219.371
11 19.31 0.11 219.443
11.01 19.34 0.11 219.547
11.02 19.26 0.11 219.472
11.03 19.23 0.11 219.478
11.04 19.16 0.11 219.418
11.05 19.01 0.11 219.225
11.06 18.93 0.11 219.147
11.07 18.94 0.109 219.052
11.08 18.8 0.109 218.873
11.09 18.74 0.109 218.827
11.1 18.73 0.109 218.865
11.11 18.71 0.109 218.887
11.12 18.7 0.11 219.091
11.13 18.65 0.109 218.895
11.14 18.62 0.108 218.731
11.15 18.65 0.105 218.324
11.16 18.68 0.104 218.255
11.17 18.9 0.104 218.678
11.18 19.08 0.104 219.031
11.19 19.38 0.103 219.402
11.2 19.63 0.103 219.861
11.21 19.96 0.104 220.622
11.22 20.02 0.105 220.948
11.23 19.93 0.106 221.033
11.24 19.82 0.107 221.085
11.25 19.65 0.109 221.206
11.26 19.44 0.11 221.086
11.27 19.14 0.11 220.646
11.28 18.84 0.11 220.199
11.29 18.21 0.11 219.177
11.3 18.04 0.11 218.935
11.31 17.89 0.11 218.726
11.32 17.82 0.11 218.656
11.33 17.86 0.11 218.781
11.34 17.9 0.109 218.738
11.35 18.04 0.109 219.038
11.36 18.39 0.109 219.698
11.37 18.53 0.109 219.992
11.38 18.69 0.111 220.652
11.39 18.88 0.11 220.861
11.4 19.04 0.109 221.016
11.41 19.22 0.108 221.2
11.42 19.51 0.109 221.901
11.43 20.24 0.109 223.133
11.44 20.73 0.112 224.463
11.45 21.13 0.112 225.137
11.46 21.44 0.114 225.997
11.47 21.67 0.114 226.399
11.48 21.87 0.116 227.082
11.49 22.19 0.117 227.775
11.5 22.33 0.12 228.518
11.51 22.49 0.122 229.123
11.52 22.54 0.124 229.562
11.53 22.6 0.123 229.551
11.54 22.53 0.125 229.811
11.55 22.37 0.125 229.631
11.56 22.35 0.125 229.657
11.57 22.34 0.126 229.849
11.58 22.32 0.121 229.102
11.59 22.29 0.116 228.309
11.6 22.3 0.116 228.379
11.61 22.31 0.115 228.284
11.62 22.29 0.115 228.309
11.63 22.32 0.115 228.408
11.64 22.26 0.116 228.539
11.65 21.8 0.116 227.907
11.66 21.7 0.116 227.81
11.67 21.6 0.115 227.549
11.68 21.6 0.115 227.603
11.69 21.58 0.112 227.127
11.7 21.55 0.111 226.966
11.71 21.42 0.111 226.822
11.72 21.36 0.111 226.784
11.73 21.41 0.111 226.915
11.74 21.45 0.111 227.029
11.75 21.54 0.111 227.22
11.76 21.5 0.111 227.213
11.77 21.34 0.111 227.022
11.78 21.28 0.111 226.984
11.79 21.16 0.111 226.853
11.8 21.19 0.111 226.952
11.81 21.22 0.111 227.052
11.82 21.21 0.111 227.09
11.83 21.22 0.11 226.988
11.84 21.24 0.109 226.9
11.85 21.13 0.108 226.609
11.86 21.03 0.109 226.682
11.87 20.95 0.109 226.61
11.88 20.92 0.109 226.617
11.89 20.87 0.109 226.592
11.9 20.84 0.108 226.424
11.91 20.83 0.107 226.286
11.92 20.88 0.106 226.24
11.93 20.94 0.106 226.386
11.94 20.99 0.106 226.517
11.95 21.1 0.106 226.74
11.96 21.12 0.106 226.824
11.97 20.96 0.105 226.45
11.98 20.87 0.105 226.362
11.99 20.72 0.105 226.179
12 20.62 0.105 226.074
12.01 20.55 0.105 226.016
12.02 20.44 0.105 225.893
12.03 20.27 0.106 225.852
12.04 20.14 0.105 225.517
12.05 20.15 0.106 225.763
12.06 20.15 0.105 225.637
12.07 20.11 0.105 225.625
12.08 20.11 0.105 225.677
12.09 20.08 0.104 225.501
12.1 20.14 0.104 225.649
12.11 20.2 0.104 225.798
12.12 20.39 0.104 226.154
12.13 20.5 0.105 226.562
12.14 20.66 0.105 226.868
12.15 20.66 0.105 226.92
12.16 20.69 0.105 227.019
12.17 20.69 0.106 227.25
12.18 20.77 0.107 227.606
12.19 20.85 0.108 227.96
12.2 20.89 0.108 228.075
12.21 20.99 0.108 228.284
12.22 21.12 0.108 228.539
12.23 21.17 0.108 228.669
12.24 21.18 0.108 228.736
12.25 21.16 0.108 228.757
12.26 21.09 0.108 228.7
12.27 20.98 0.109 228.755
12.28 20.94 0.109 228.744
12.29 20.84 0.11 228.812
12.3 20.69 0.11 228.626
12.31 20.59 0.109 228.344
12.32 20.15 0.109 227.686
12.33 20.01 0.108 227.335
12.34 19.89 0.108 227.189
12.35 19.68 0.108 226.893
12.36 19.69 0.108 226.961
12.37 19.63 0.108 226.912
12.38 19.6 0.108 226.913
12.39 19.48 0.107 226.588
12.4 19.46 0.106 226.429
12.41 19.38 0.106 226.345
12.42 19.43 0.105 226.301
12.43 19.48 0.106 226.614
12.44 19.6 0.107 227.043
12.45 19.78 0.106 227.215
12.46 19.98 0.106 227.595
12.47 20.06 0.106 227.777
12.48 20.14 0.106 227.958
12.49 20.18 0.106 228.074
12.5 20.34 0.108 228.74
12.51 20.39 0.109 229.047
12.52 20.53 0.11 229.499
12.53 20.54 0.11 229.566
12.54 20.57 0.11 229.665
12.55 20.54 0.11 229.667
12.56 20.57 0.11 229.767
12.57 20.64 0.109 229.755
12.58 20.65 0.114 230.681
12.59 20.74 0.112 230.537
12.6 20.8 0.11 230.338
12.61 20.74 0.109 230.118
12.62 20.63 0.108 229.817
12.63 20.28 0.108 229.301
12.64 20.08 0.107 228.848
12.65 19.78 0.107 228.402
12.66 19.14 0.107 227.373
12.67 18.89 0.107 226.993
12.68 18.82 0.106 226.744
12.69 18.83 0.105 226.632
12.7 18.83 0.103 226.319
12.71 18.88 0.101 226.086
12.72 18.89 0.1 225.966
12.73 18.79 0.1 225.843
12.74 18.61 0.1 225.579
12.75 18.45 0.1 225.348
12.76 18.09 0.1 224.758
12.77 17.99 0.1 224.628
12.78 17.89 0.1 224.496
12.79 17.89 0.101 224.731
12.8 17.89 0.101 224.78
12.81 17.99 0.1 224.823
12.82 18.07 0.1 225.016
12.83 18.04 0.1 225.011
12.84 18.07 0.1 225.113
12.85 18.12 0.1 225.252
12.86 18.2 0.1 225.443
12.87 18.25 0.1 225.581
12.88 18.29 0.101 225.888
12.89 18.36 0.1 225.874
12.9 18.49 0.1 226.152
12.91 18.53 0.1 226.271
12.92 18.57 0.1 226.39
12.93 18.56 0.101 226.609
12.94 18.55 0.101 226.64
12.95 18.44 0.101 226.495
12.96 18.35 0.101 226.384
12.97 18.21 0.103 226.552
12.98 18.09 0.104 226.567
12.99 17.81 0.103 225.925
13 17.66 0.102 225.515
13.01 17.52 0.101 225.121
13.02 17.32 0.099 224.423
13.03 17.19 0.1 224.415
13.04 16.97 0.099 223.86
13.05 16.88 0.099 223.736
13.06 16.8 0.098 223.442
13.07 16.76 0.096 223.03
13.08 16.55 0.0950001 222.479
13.09 16.39 0.0950001 222.215
13.1 16.13 0.094 221.556
13.11 15.93 0.094 221.205
13.12 15.71 0.093 220.613
13.13 15.39 0.093 220.007
13.14 15.3 0.093 219.867
13.15 15.24 0.093 219.789
13.16 15.17 0.091 219.293
13.17 15.14 0.091 219.277
13.18 15.14 0.0900001 219.122
13.19 15.13 0.089 218.944
13.2 15.13 0.089 218.99
13.21 15.07 0.089 218.91
13.22 15.09 0.089 218.998
13.23 15.12 0.089 219.107
13.24 15.19 0.089 219.299
13.25 15.26 0.089 219.49
13.26 15.31 0.089 219.64
13.27 15.41 0.0900001 220.096
13.28 15.59 0.089 220.306
13.29 15.67 0.0900001 220.72
13.3 15.71 0.0900001 220.847
13.31 15.77 0.0900001 221.014
13.32 15.85 0.0900001 221.222
13.33 15.88 0.0900001 221.328
13.34 15.85 0.091 221.517
13.35 15.85 0.092 221.765
13.36 15.79 0.092 221.69
13.37 15.77 0.093 221.895
13.38 15.74 0.093 221.881
13.39 15.72 0.093 221.886
13.4 15.71 0.094 222.109
13.41 15.71 0.094 222.155
13.42 15.73 0.0950001 222.438
13.43 15.67 0.0950001 222.362
13.44 15.6 0.0950001 222.264
13.45 15.48 0.0950001 222.063
13.46 15.42 0.094 221.789
13.47 15.24 0.094 221.46
13.48 15.25 0.094 221.527
13.49 15.27 0.094 221.615
13.5 15.31 0.094 221.744
13.51 15.52 0.094 222.225
13.52 15.59 0.094 222.415
13.53 15.64 0.094 222.563
13.54 15.71 0.094 222.752
13.55 15.75 0.0950001 223.076
13.56 15.74 0.0950001 223.101
13.57 15.73 0.096 223.321
13.58 15.79 0.096 223.489
13.59 15.84 0.0950001 223.442
13.6 16 0.094 223.614
13.61 16.29 0.088 223.012
13.62 16.37 0.088 223.215
13.63 16.47 0.088 223.456
13.64 16.45 0.088 223.463
13.65 16.44 0.089 223.699
13.66 16.41 0.089 223.686
13.67 16.31 0.089 223.534
13.68 16.32 0.0900001 223.807
13.69 16.34 0.0900001 223.892
13.7 16.41 0.0900001 224.076
13.71 16.4 0.0900001 224.102
13.72 16.43 0.0900001 224.206
13.73 16.42 0.0900001 224.232
13.74 16.49 0.092 224.825
13.75 16.66 0.092 225.203
13.76 16.83 0.093 225.781
13.77 17.11 0.093 226.364
13.78 17.2 0.094 226.783
13.79 17.3 0.094 227.018
13.8 17.33 0.094 227.12
13.81 17.28 0.094 227.071
13.82 17.28 0.0950001 227.317
13.83 17.21 0.0950001 227.23
13.84 17.17 0.0950001 227.199
13.85 17.09 0.0950001 227.092
13.86 17.07 0.096 227.298
13.87 17.03 0.096 227.266
13.88 16.88 0.0950001 226.825
13.89 16.67 0.096 226.659
13.9 16.15 0.096 225.672
13.91 15.91 0.096 225.231
13.92 15.69 0.0950001 224.629
13.93 15.46 0.0950001 224.197
13.94 15.26 0.094 223.624
13.95 15.14 0.094 223.415
13.96 15.02 0.093 223.005
13.97 14.97 0.091 222.539
13.98 14.93 0.091 222.498
13.99 14.92 0.091 222.521
14 14.92 0.0900001 222.36
14.01 14.88 0.089 222.112
14.02 14.87 0.088 221.926
14.03 14.79 0.088 221.797
14.04 14.78 0.088 221.82
14.05 14.74 0.088 221.777
14.06 14.71 0.088 221.756
14.07 14.73 0.088 221.843
14.08 14.74 0.088 221.909
14.09 14.74 0.088 221.952
14.1 14.76 0.088 222.04
14.11 14.73 0.089 222.227
14.12 14.75 0.089 222.314
14.13 14.71 0.088 222.062
14.14 14.74 0.088 222.171
14.15 14.69 0.089 222.315
14.16 14.68 0.089 222.337
14.17 14.68 0.089 222.38
14.18 14.68 0.089 222.424
14.19 14.75 0.089 222.62
14.2 14.79 0.087 222.33
14.21 14.83 0.087 222.46
14.22 14.8 0.088 222.65
14.23 14.79 0.088 222.672
14.24 14.81 0.088 222.759
14.25 14.82 0.088 222.824
14.26 14.93 0.088 223.105
14.27 14.93 0.088 223.148
14.28 15.19 0.088 223.747
14.29 15.06 0.088 223.514
14.3 15.2 0.088 223.856
14.31 15.37 0.089 224.469
14.32 15.6 0.089 224.993
14.33 15.74 0.089 225.327
14.34 15.79 0.091 225.89
14.35 15.87 0.092 226.304
14.36 15.85 0.091 226.101
14.37 15.86 0.092 226.371
14.38 15.86 0.093 226.619
14.39 15.95 0.093 226.848
14.4 16 0.093 226.994
14.41 16.04 0.093 227.119
14.42 16.09 0.093 227.265
14.43 16.15 0.093 227.43
14.44 16.22 0.093 227.616
14.45 16.26 0.094 227.943
14.46 16.32 0.094 228.108
14.47 16.33 0.093 227.969
14.48 16.29 0.093 227.932
14.49 16.28 0.093 227.956
14.5 16.28 0.093 228
14.51 16.31 0.093 228.104
14.52 16.22 0.093 227.966
14.53 16.19 0.093 227.949
14.54 16.09 0.093 227.789
14.55 16.09 0.091 227.421
14.56 15.9 0.089 226.656
14.57 15.59 0.086 225.413
14.58 15.48 0.0850001 225.008
14.59 15.48 0.084 224.829
14.6 15.44 0.0850001 225.01
14.61 15.3 0.0850001 224.757
14.62 15.38 0.0850001 224.969
14.63 15.46 0.0850001 225.18
14.64 15.63 0.084 225.356
14.65 15.68 0.084 225.502
14.66 15.63 0.083 225.217
14.67 15.63 0.083 225.259
14.68 15.73 0.084 225.734
14.69 15.9 0.086 226.57
14.7 16.11 0.086 227.041
14.71 16.35 0.088 228.004
14.72 16.5 0.088 228.347
14.73 16.6 0.089 228.804
14.74 16.6 0.089 228.847
14.75 16.71 0.0900001 229.321
14.76 16.81 0.0900001 229.561
14.77 16.98 0.091 230.149
14.78 17.09 0.091 230.406
14.79 17.13 0.092 230.737
14.8 17.06 0.092 230.644
14.81 16.89 0.092 230.355
14.82 16.8 0.092 230.221
14.83 16.69 0.093 230.254
14.84 16.64 0.092 229.99
14.85 16.66 0.092 230.073
14.86 16.67 0.092 230.136
14.87 16.75 0.092 230.338
14.88 16.79 0.092 230.46
14.89 16.81 0.092 230.543
14.9 16.82 0.092 230.606
14.91 16.72 0.092 230.451
14.92 16.57 0.092 230.195
14.93 16.57 0.093 230.445
14.94 16.6 0.093 230.548
14.95 16.64 0.094 230.876
14.96 16.82 0.093 231.071
14.97 16.94 0.093 231.351
14.98 17.01 0.093 231.531
14.99 17.15 0.093 231.848
15 17.28 0.092 231.934
15.01 17.45 0.092 232.304
15.02 17.58 0.092 232.596
15.03 17.9 0.094 233.662
15.04 17.98 0.094 233.855
15.05 17.97 0.094 233.88
15.06 17.96 0.094 233.904
15.07 17.81 0.0950001 233.871
15.08 17.67 0.0950001 233.648
15.09 17.55 0.096 233.665
15.1 17.38 0.096 233.381
15.11 17.19 0.096 233.055
15.12 17.04 0.0950001 232.601
15.13 16.92 0.0950001 232.407
15.14 16.93 0.094 232.265
15.15 16.91 0.093 232.062
15.16 16.9 0.093 232.084
15.17 16.88 0.093 232.087
15.18 16.81 0.093 231.991
15.19 16.68 0.092 231.566
15.2 16.55 0.092 231.347
15.21 16.47 0.091 231.018
15.22 16.44 0.092 231.21
15.23 16.43 0.092 231.232
15.24 16.43 0.093 231.482
15.25 16.42 0.093 231.504
15.26 16.39 0.093 231.485
15.27 16.31 0.093 231.364
15.28 16.21 0.093 231.202
15.29 16.2 0.093 231.223
15.3 16.25 0.092 231.16
15.31 16.29 0.092 231.284
15.32 16.35 0.092 231.448
15.33 16.41 0.092 231.612
15.34 16.38 0.092 231.593
15.35 16.29 0.092 231.451
15.36 16.13 0.091 230.954
15.37 16.08 0.0900001 230.681
15.38 16.12 0.0900001 230.805
15.39 16.15 0.0900001 230.909
15.4 16.28 0.0900001 231.217
15.41 16.4 0.0900001 231.503
15.42 16.39 0.0900001 231.525
15.43 16.38 0.0900001 231.546
15.44 16.23 0.092 231.705
15.45 16.07 0.092 231.416
15.46 15.83 0.093 231.165
15.47 15.65 0.092 230.618
15.48 15.47 0.092 230.276
15.49 15.48 0.091 230.129
15.5 15.49 0.0900001 229.98
15.51 15.57 0.0900001 230.192
15.52 15.72 0.089 230.337
15.53 15.82 0.088 230.372
15.54 15.84 0.087 230.236
15.55 15.91 0.0850001 229.978
15.56 15.9 0.0850001 229.999
15.57 15.98 0.0850001 230.206
15.58 16 0.086 230.513
15.59 15.92 0.088 230.829
15.6 15.87 0.088 230.765
15.61 15.58 0.088 230.194
15.62 15.54 0.088 230.15
15.63 15.64 0.089 230.62
15.64 15.75 0.0900001 231.109
15.65 15.81 0.0900001 231.277
15.66 15.88 0.0900001 231.465
15.67 15.87 0.091 231.698
15.68 15.91 0.091 231.823
15.69 15.94 0.091 231.927
15.7 15.97 0.092 232.242
15.71 16.14 0.091 232.426
15.72 16.19 0.092 232.783
15.73 16.23 0.092 232.906
15.74 16.25 0.093 233.199
15.75 16.34 0.093 233.425
15.76 16.37 0.094 233.736
15.77 16.44 0.094 233.921
15.78 16.58 0.094 234.248
15.79 16.62 0.094 234.371
15.8 16.69 0.094 234.554
15.81 16.75 0.096 235.128
15.82 16.88 0.097 235.634
15.83 16.91 0.097 235.736
15.84 16.87 0.098 235.898
15.85 16.87 0.099 236.139
15.86 16.89 0.1 236.418
15.87 16.91 0.1 236.5
15.88 17.21 0.099 236.943
15.89 17.45 0.1 237.656
15.9 17.6 0.1 237.991
15.91 17.72 0.1 238.265
15.92 17.71 0.103 238.874
15.93 17.54 0.104 238.776
15.94 17.42 0.103 238.39
15.95 17.24 0.104 238.267
15.96 17.23 0.104 238.289
15.97 17.24 0.104 238.35
15.98 17.26 0.104 238.431
15.99 17.47 0.104 238.888
16 17.64 0.104 239.263
16.01 17.81 0.103 239.443
16.02 18.02 0.103 239.889
16.03 18.05 0.103 239.988
16.04 18.1 0.103 240.126
16.05 18.07 0.103 240.11
16.06 18.11 0.103 240.228
16.07 18.16 0.104 240.558
16.08 18.2 0.104 240.676
16.09 18.25 0.104 240.813
16.1 18.28 0.104 240.911
16.11 18.31 0.104 241.01
16.12 18.41 0.104 241.241
16.13 18.49 0.105 241.625
16.14 18.55 0.106 241.97
16.15 18.6 0.106 242.106
16.16 18.6 0.106 242.147
16.17 18.57 0.106 242.133
16.18 18.53 0.106 242.099
16.19 18.54 0.106 242.16
16.2 18.55 0.104 241.836
16.21 18.6 0.102 241.581
16.22 18.64 0.1 241.299
16.23 18.85 0.098 241.324
16.24 18.91 0.098 241.476
16.25 18.94 0.097 241.367
16.26 18.84 0.097 241.224
16.27 18.62 0.093 240.015
16.28 18.31 0.093 239.476
16.29 18.17 0.092 239.038
16.3 17.99 0.091 238.519
16.31 17.92 0.0900001 238.207
16.32 17.81 0.089 237.815
16.33 17.57 0.088 237.168
16.34 17.46 0.089 237.217
16.35 17.46 0.0900001 237.478
16.36 17.4 0.092 237.835
16.37 17.24 0.094 237.985
16.38 17.06 0.094 237.666
16.39 16.97 0.094 237.525
16.4 16.82 0.094 237.262
16.41 16.79 0.094 237.241
16.42 16.8 0.094 237.301
16.43 16.8 0.094 237.342
16.44 16.82 0.0950001 237.632
16.45 16.87 0.0950001 237.773
16.46 16.88 0.0950001 237.834
16.47 17.03 0.0950001 238.177
16.48 17.2 0.096 238.766
16.49 17.32 0.0950001 238.838
16.5 17.41 0.096 239.265
16.51 17.63 0.096 239.738
16.52 17.66 0.0950001 239.628
16.53 17.62 0.097 240.006
16.54 17.51 0.096 239.623
16.55 17.52 0.0950001 239.475
16.56 17.53 0.093 239.111
16.57 17.52 0.091 238.699
16.58 17.53 0.089 238.318
16.59 17.51 0.088 238.094
16.6 17.13 0.087 237.158
16.61 17.13 0.087 237.197
16.62 17.14 0.087 237.257
16.63 17.1 0.088 237.442
16.64 17.02 0.088 237.322
16.65 16.88 0.088 237.079
16.66 16.68 0.088 236.712
16.67 16.68 0.088 236.752
16.68 16.08 0.088 235.545
16.69 15.85 0.087 234.873
16.7 15.63 0.087 234.44
16.71 15.48 0.086 233.928
16.72 15.35 0.086 233.683
16.73 15.31 0.086 233.634
16.74 15.43 0.0850001 233.708
16.75 15.54 0.084 233.756
16.76 15.73 0.0850001 234.435
16.77 16.01 0.0850001 235.07
16.78 16.34 0.0850001 235.801
16.79 16.66 0.086 236.73
16.8 16.88 0.0850001 236.986
16.81 16.98 0.0850001 237.227
16.82 16.79 0.0850001 236.882
16.83 16.62 0.0850001 236.574
16.84 16.43 0.0850001 236.222
16.85 16.26 0.086 236.137
16.86 16.17 0.087 236.214
16.87 16.08 0.088 236.288
16.88 15.99 0.087 235.912
16.89 15.99 0.087 235.951
16.9 16.05 0.086 235.89
16.91 16.11 0.086 236.055
16.92 16.23 0.086 236.347
16.93 16.34 0.087 236.843
16.94 16.43 0.087 237.069
16.95 16.48 0.087 237.212
16.96 16.47 0.087 237.23
16.97 16.35 0.088 237.245
16.98 16.08 0.089 236.938
16.99 15.99 0.089 236.785
17 15.93 0.0900001 236.916
17.01 15.91 0.0900001 236.912
17.02 15.93 0.0900001 236.994
17.03 15.94 0.0900001 237.054
17.04 16.05 0.089 237.107
17.05 16.1 0.087 236.804
17.06 16.08 0.086 236.572
17.07 16.05 0.088 237
17.08 16.03 0.0900001 237.439
17.09 15.99 0.0900001 237.393
17.1 15.98 0.0900001 237.41
17.11 15.83 0.0900001 237.126
17.12 15.42 0.0900001 236.27
17.13 15.16 0.089 235.512
17.14 14.9 0.089 234.964
17.15 14.64 0.089 234.407
17.16 14.55 0.089 234.237
17.17 14.47 0.089 234.089
17.18 14.44 0.0900001 234.275
17.19 14.39 0.0900001 234.195
17.2 14.32 0.089 233.851
17.21 14.27 0.089 233.771
17.22 14.21 0.089 233.667
17.23 14.1 0.088 233.224
17.24 14.08 0.087 232.993
17.25 14.12 0.087 233.125
17.26 14.17 0.087 233.282
17.27 14.31 0.086 233.425
17.28 14.55 0.086 234.023
17.29 14.6 0.086 234.176
17.3 14.63 0.086 234.283
17.31 14.69 0.086 234.458
17.32 14.91 0.086 234.999
17.33 14.95 0.087 235.353
17.34 14.96 0.088 235.638
17.35 14.97 0.088 235.698
17.36 14.95 0.088 235.69
17.37 14.93 0.088 235.683
17.38 14.98 0.088 235.834
17.39 14.96 0.089 236.048
17.4 14.97 0.089 236.109
17.41 14.98 0.089 236.169
17.42 15.01 0.089 236.275
17.43 15 0.089 236.29
17.44 15.01 0.089 236.35
17.45 14.99 0.089 236.342
17.46 14.96 0.089 236.312
17.47 14.88 0.0900001 236.387
17.48 14.62 0.0900001 235.825
17.49 14.53 0.0900001 235.653
17.5 14.39 0.0900001 235.362
17.51 14.27 0.0900001 235.116
17.52 14.18 0.0900001 234.939
17.53 14.13 0.0900001 234.857
17.54 14.02 0.087 233.969
17.55 14.01 0.0850001 233.53
17.56 14 0.083 233.08
17.57 14.03 0.082 232.954
17.58 14.06 0.082 233.062
17.59 14.11 0.082 233.219
17.6 14.17 0.081 233.16
17.61 14.18 0.082 233.459
17.62 14.18 0.082 233.495
17.63 14.37 0.083 234.216
17.64 14.72 0.083 235.066
17.65 14.88 0.084 235.704
17.66 15.07 0.084 236.173
17.67 15.26 0.0850001 236.87
17.68 15.47 0.087 237.833
17.69 15.75 0.088 238.713
17.7 15.86 0.0900001 239.437
17.71 15.96 0.0900001 239.691
17.72 16.14 0.092 240.556
17.73 16.31 0.093 241.174
17.74 16.47 0.094 241.766
17.75 16.62 0.0950001 242.333
17.76 16.69 0.0950001 242.518
17.77 16.78 0.0950001 242.744
17.78 16.83 0.096 243.097
17.79 16.89 0.097 243.47
17.8 17.01 0.096 243.546
17.81 17.07 0.097 243.918
17.82 17.02 0.097 243.853
17.83 17.02 0.097 243.891
17.84 16.94 0.097 243.763
17.85 16.9 0.097 243.718
17.86 16.88 0.097 243.715
17.87 16.96 0.097 243.919
17.88 17.04 0.097 244.122
17.89 17.12 0.097 244.325
17.9 17.12 0.096 244.152
17.91 17.08 0.096 244.108
17.92 17.06 0.096 244.104
17.93 17.06 0.096 244.142
17.94 17.06 0.097 244.391
17.95 17.08 0.097 244.47
17.96 17.1 0.098 244.758
17.97 17.19 0.099 245.188
17.98 17.15 0.1 245.349
17.99 17.12 0.099 245.12
18 17.12 0.1 245.362
18.01 17.03 0.1 245.214
18.02 17.01 0.1 245.211
18.03 17.01 0.1 245.248
18.04 17.03 0.1 245.328
18.05 17.06 0.099 245.223
18.06 17.12 0.099 245.384
18.07 17.14 0.099 245.463
18.08 17.19 0.099 245.604
18.09 17.22 0.099 245.704
18.1 17.26 0.1 246.029
18.11 17.2 0.1 245.944
18.12 17.16 0.101 246.102
18.13 17.14 0.101 246.099
18.14 17.09 0.101 246.033
18.15 17.1 0.101 246.091
18.16 17.11 0.101 246.15
18.17 17.31 0.1 246.396
18.18 17.4 0.099 246.411
18.19 17.52 0.098 246.485
18.2 17.64 0.097 246.555
18.21 17.77 0.097 246.853
18.22 17.82 0.097 246.991
18.23 17.86 0.098 247.319
18.24 17.85 0.098 247.337
18.25 17.81 0.099 247.504
18.26 17.54 0.099 246.997
18.27 17.33 0.099 246.607
18.28 17.02 0.1 246.21
18.29 16.81 0.1 245.807
18.3 16.55 0.1 245.294
18.31 16.53 0.101 245.491
18.32 16.56 0.101 245.593
18.33 16.59 0.101 245.694
18.34 16.66 0.1 245.677
18.35 16.82 0.099 245.847
18.36 17.01 0.099 246.282
18.37 17.31 0.101 247.352
18.38 17.52 0.102 248.022
18.39 17.64 0.102 248.304
18.4 17.78 0.101 248.42
18.41 17.9 0.1 248.493
18.42 18.07 0.099 248.661
18.43 18.3 0.098 248.941
18.44 18.53 0.096 248.999
18.45 19.05 0.0950001 249.814
18.46 19.28 0.093 249.841
18.47 19.36 0.092 249.803
18.48 19.28 0.089 249.004
18.49 19.02 0.089 248.555
18.5 18.85 0.088 248.038
18.51 18.76 0.089 248.137
18.52 18.43 0.086 246.836
18.53 18.23 0.086 246.485
18.54 17.88 0.084 245.354
18.55 17.62 0.079 243.627
18.56 17.5 0.076 242.641
18.57 17.4 0.076 242.477
18.58 17.25 0.076 242.211
18.59 17.23 0.081 243.494
18.6 17.21 0.082 243.739
18.61 17.32 0.084 244.488
18.62 17.31 0.086 244.984
18.63 17.42 0.086 245.244
18.64 17.52 0.088 245.953
18.65 17.6 0.0900001 246.612
18.66 17.51 0.0900001 246.466
18.67 17.41 0.091 246.526
18.68 17.28 0.092 246.521
18.69 17.19 0.094 246.814
18.7 17.09 0.096 247.076
18.71 17.03 0.097 247.2
18.72 16.84 0.098 247.048
18.73 16.8 0.1 247.416
18.74 16.77 0.1 247.389
18.75 16.72 0.101 247.524
18.76 16.67 0.102 247.657
18.77 16.66 0.102 247.672
18.78 16.6 0.102 247.58
18.79 16.51 0.102 247.423
18.8 16.5 0.101 247.236
18.81 16.51 0.101 247.294
18.82 16.53 0.101 247.373
18.83 16.59 0.101 247.539
18.84 16.71 0.102 248.036
18.85 17.01 0.103 248.911
18.86 17.15 0.103 249.242
18.87 17.29 0.104 249.771
18.88 17.35 0.104 249.933
18.89 17.5 0.106 250.676
18.9 17.63 0.106 250.981
18.91 17.77 0.107 251.5
18.92 17.88 0.109 252.149
18.93 18.03 0.109 252.489
18.94 18.1 0.11 252.859
18.95 18.25 0.111 253.388
18.96 18.42 0.112 253.953
18.97 18.53 0.113 254.396
18.98 18.65 0.113 254.67
18.99 18.83 0.115 255.433
19 18.93 0.116 255.849
19.01 19.06 0.115 255.954
19.02 19.18 0.116 256.408
19.03 19.3 0.118 257.041
19.04 19.41 0.119 257.47
19.05 19.46 0.119 257.603
19.06 19.48 0.12 257.858
19.07 19.51 0.12 257.953
19.08 19.6 0.12 258.161
19.09 19.58 0.121 258.339
19.1 19.59 0.121 258.396
19.11 19.57 0.121 258.396
19.12 19.56 0.121 258.414
19.13 19.57 0.121 258.471
19.14 19.58 0.121 258.527
19.15 19.61 0.121 258.622
19.16 19.61 0.12 258.481
19.17 19.64 0.119 258.395
19.18 19.67 0.118 258.308
19.19 19.74 0.116 258.11
19.2 19.64 0.114 257.586
19.21 19.6 0.113 257.359
19.22 19.6 0.113 257.396
19.23 19.6 0.111 257.051
19.24 19.64 0.11 256.97
19.25 19.68 0.107 256.492
19.26 19.7 0.104 255.96
19.27 19.58 0.104 255.772
19.28 19.5 0.102 255.246
19.29 19.34 0.102 254.98
19.3 19.19 0.102 254.731
19.31 19 0.106 255.218
19.32 18.85 0.108 255.36
19.33 18.71 0.11 255.513
19.34 18.69 0.111 255.703
19.35 18.69 0.112 255.93
19.36 18.65 0.114 256.265
19.37 18.46 0.116 256.295
19.38 18.39 0.114 255.821
19.39 18.35 0.117 256.331
19.4 18.31 0.119 256.649
19.41 18.32 0.121 257.062
19.42 18.34 0.122 257.315
19.43 18.35 0.123 257.547
19.44 18.34 0.123 257.564
19.45 18.22 0.125 257.703
19.46 18.13 0.125 257.556
19.47 18 0.125 257.326
19.48 17.92 0.125 257.198
19.49 17.95 0.124 257.125
19.5 17.98 0.124 257.223
19.51 18.14 0.124 257.588
19.52 18.32 0.124 257.991
19.53 18.46 0.123 258.137
19.54 18.57 0.123 258.395
19.55 18.61 0.123 258.512
19.56 18.51 0.116 257.092
19.57 18.43 0.116 256.968
19.58 18.42 0.116 256.984
19.59 18.36 0.117 257.084
19.6 18.34 0.118 257.262
19.61 17.85 0.119 256.477
19.62 17.74 0.119 256.285
19.63 17.63 0.12 256.27
19.64 17.54 0.12 256.118
19.65 17.4 0.119 255.68
19.66 17.2 0.119 255.291
19.67 17.21 0.119 255.349
19.68 17.21 0.119 255.385
19.69 17.28 0.119 255.57
19.7 17.42 0.119 255.903
19.71 17.51 0.119 256.129
19.72 17.53 0.119 256.208
19.73 17.57 0.119 256.328
19.74 17.55 0.119 256.322
19.75 17.59 0.12 256.621
19.76 17.61 0.12 256.699
19.77 17.62 0.122 257.109
19.78 17.63 0.122 257.166
19.79 17.64 0.123 257.398
19.8 17.62 0.123 257.392
19.81 17.61 0.124 257.581
19.82 17.62 0.124 257.638
19.83 17.62 0.125 257.847
19.84 17.64 0.125 257.925
19.85 17.66 0.125 258.003
19.86 17.76 0.126 258.42
19.87 17.86 0.126 258.666
19.88 18.1 0.127 259.37
19.89 18.24 0.127 259.694
19.9 18.36 0.129 260.314
19.91 18.51 0.129 260.656
19.92 18.59 0.13 261.022
19.93 18.61 0.131 261.265
19.94 18.52 0.132 261.284
19.95 18.54 0.134 261.689
19.96 18.56 0.134 261.766
19.97 18.59 0.135 262.025
19.98 18.7 0.136 262.445
19.99 18.75 0.135 262.422
20 18.98 0.135 262.919
20.01 19.17 0.135 263.333
20.02 19.4 0.135 263.823
20.03 19.59 0.135 264.23
20.04 19.77 0.136 264.777
20.05 20.05 0.137 265.513
20.06 20.12 0.138 265.844
20.07 20.19 0.139 266.173
20.08 20.23 0.14 266.445
20.09 20.17 0.142 266.682
20.1 20.17 0.142 266.719
20.11 20.18 0.143 266.931
20.12 20.33 0.143 267.253
20.13 20.49 0.143 267.592
20.14 20.64 0.142 267.753
20.15 20.73 0.142 267.958
20.16 20.9 0.141 268.153
20.17 21.16 0.14 268.509
20.18 21.25 0.14 268.71
20.19 21.29 0.14 268.82
20.2 21.18 0.141 268.815
20.21 20.9 0.141 268.338
20.22 20.66 0.142 268.086
20.23 20.41 0.142 267.653
20.24 20.11 0.142 267.12
20.25 19.52 0.142 266.013
20.26 19.23 0.141 265.321
20.27 18.95 0.14 264.641
20.28 18.71 0.139 264.034
20.29 18.36 0.138 263.195
20.3 17.87 0.137 262.049
20.31 17.73 0.133 261.144
20.32 17.66 0.132 260.867
20.33 17.72 0.13 260.699
20.34 17.79 0.13 260.882
20.35 17.95 0.129 261.087
20.36 18.01 0.127 260.909
20.37 18.09 0.126 260.939
20.38 18.07 0.125 260.76
20.39 18 0.125 260.65
20.4 17.97 0.125 260.623
20.41 18.03 0.125 260.784
20.42 18.09 0.125 260.944
20.43 18.11 0.124 260.847
20.44 18.14 0.124 260.944
20.45 18.16 0.123 260.846
20.46 18.18 0.123 260.922
20.47 18.13 0.123 260.854
20.48 18.03 0.123 260.682
20.49 17.98 0.123 260.613
20.5 17.96 0.122 260.43
20.51 17.91 0.122 260.361
20.52 17.88 0.121 260.155
20.53 17.86 0.121 260.148
20.54 17.79 0.12 259.857
20.55 17.71 0.114 258.617
20.56 17.67 0.112 258.188
20.57 17.63 0.112 258.138
20.58 17.58 0.111 257.875
20.59 17.57 0.111 257.889
20.6 17.18 0.113 257.473
20.61 17.13 0.114 257.589
20.62 17.09 0.114 257.537
20.63 16.96 0.114 257.289
20.64 16.8 0.114 256.972
20.65 16.53 0.113 256.22
20.66 16.54 0.114 256.465
20.67 16.55 0.115 256.708
20.68 16.72 0.116 257.306
20.69 17.09 0.119 258.702
20.7 17.53 0.121 260.046
20.71 17.94 0.124 261.48
20.72 18.42 0.124 262.512
20.73 18.82 0.123 263.183
20.74 19.25 0.122 263.897
20.75 19.6 0.12 264.254
20.76 20.22 0.12 265.477
20.77 20.4 0.119 265.667
20.78 20.49 0.118 265.684
20.79 20.49 0.119 265.907
20.8 20.49 0.119 265.942
20.81 20.53 0.12 266.238
20.82 20.57 0.125 267.254
20.83 20.66 0.127 267.811
20.84 20.76 0.127 268.033
20.85 20.9 0.128 268.504
20.86 20.98 0.128 268.687
20.87 21.05 0.128 268.852
20.88 21.09 0.13 269.309
20.89 21.08 0.132 269.668
20.9 21.08 0.134 270.042
20.91 21.03 0.135 270.153
20.92 20.94 0.136 270.187
20.93 20.84 0.138 270.365
20.94 20.67 0.138 270.083
20.95 20.52 0.139 269.997
20.96 20.42 0.139 269.843
20.97 20.33 0.139 269.707
20.98 20.25 0.139 269.59
20.99 20.26 0.139 269.645
21 20.27 0.139 269.7
21.01 20.33 0.139 269.85
21.02 20.37 0.14 270.124
21.03 20.39 0.14 270.197
21.04 20.29 0.141 270.202
21.05 20.26 0.142 270.339
21.06 20.11 0.143 270.243
21.07 19.95 0.143 269.968
21.08 19.85 0.145 270.12
21.09 19.93 0.144 270.157
21.1 20.01 0.144 270.348
21.11 20.2 0.144 270.752
21.12 20.49 0.143 271.187
21.13 20.71 0.143 271.64
21.14 20.93 0.142 271.931
21.15 21.08 0.143 272.405
21.16 21.24 0.144 272.896
21.17 21.34 0.144 273.117
21.18 21.37 0.144 273.208
21.19 21.26 0.145 273.198
21.2 21.08 0.144 272.742
21.21 20.98 0.145 272.748
21.22 20.83 0.145 272.502
21.23 20.75 0.145 272.387
21.24 20.71 0.145 272.347
21.25 20.66 0.145 272.288
21.26 20.61 0.145 272.229
21.27 20.54 0.144 271.974
21.28 20.53 0.143 271.833
21.29 20.48 0.143 271.773
21.3 20.53 0.142 271.745
21.31 20.43 0.142 271.59
21.32 20.4 0.142 271.568
21.33 20.43 0.141 271.501
21.34 20.46 0.14 271.433
21.35 20.49 0.14 271.525
21.36 20.59 0.138 271.426
21.37 20.7 0.138 271.67
21.38 20.7 0.138 271.705
21.39 20.71 0.138 271.759
21.4 20.61 0.138 271.605
21.41 20.52 0.139 271.633
21.42 20.42 0.14 271.639
21.43 20.27 0.141 271.546
21.44 20.14 0.142 271.49
21.45 19.81 0.141 270.72
21.46 19.6 0.141 270.34
21.47 19.44 0.139 269.736
21.48 19.3 0.136 269.001
21.49 19.15 0.136 268.734
21.5 19.11 0.134 268.357
21.51 19.1 0.134 268.371
21.52 19.09 0.134 268.386
21.53 19.13 0.156 271.919
21.54 19.04 0.147 270.429
21.55 18.88 0.138 268.719
21.56 18.77 0.129 267.025
21.57 18.67 0.127 266.508
21.58 18.57 0.127 266.336
21.59 18.47 0.127 266.163
21.6 18.27 0.127 265.78
21.61 17.76 0.127 264.733
21.62 17.25 0.127 263.659
21.63 17.3 0.126 263.629
21.64 17.2 0.124 263.092
21.65 17.1 0.123 262.728
21.66 16.9 0.122 262.139
21.67 16.86 0.121 261.904
21.68 16.86 0.12 261.757
21.69 16.87 0.12 261.813
21.7 16.89 0.12 261.891
21.71 17.04 0.12 262.258
21.72 17.1 0.12 262.424
21.73 17.27 0.119 262.649
21.74 17.36 0.12 263.063
21.75 17.42 0.12 263.227
21.76 17.39 0.12 263.195
21.77 17.39 0.12 263.229
21.78 17.46 0.121 263.597
21.79 17.52 0.122 263.941
21.8 17.69 0.122 264.342
21.81 17.83 0.122 264.676
21.82 17.9 0.122 264.859
21.83 17.94 0.122 264.978
21.84 18.01 0.122 265.161
21.85 18.02 0.122 265.216
21.86 18.06 0.122 265.334
21.87 18.13 0.122 265.516
21.88 18.22 0.122 265.739
21.89 18.28 0.122 265.899
21.9 18.31 0.123 266.176
21.91 18.39 0.123 266.377
21.92 18.46 0.123 266.556
21.93 18.55 0.123 266.777
21.94 18.57 0.123 266.852
21.95 18.55 0.124 267.024
21.96 18.55 0.124 267.058
21.97 18.48 0.124 266.947
21.98 18.33 0.124 266.667
21.99 18.25 0.124 266.533
22 18.18 0.125 266.597
22.01 18.19 0.125 266.652
22.02 18.19 0.126 266.863
22.03 18.18 0.126 266.875
22.04 18.12 0.126 266.782
22.05 18.11 0.127 266.97
22.06 18.09 0.127 266.961
22.07 18.1 0.127 267.016
22.08 18.11 0.128 267.245
22.09 18.12 0.129 267.473
22.1 18.2 0.129 267.677
22.11 18.35 0.129 268.027
22.12 18.43 0.129 268.229
22.13 18.49 0.131 268.732
22.14 18.6 0.131 268.995
22.15 18.84 0.131 269.526
22.16 18.88 0.132 269.813
22.17 18.95 0.132 269.99
22.18 18.99 0.133 270.276
22.19 19.04 0.134 270.581
22.2 19.23 0.134 271.002
22.21 19.4 0.133 271.21
22.22 19.58 0.133 271.605
22.23 19.75 0.133 271.978
22.24 19.95 0.133 272.407
22.25 20.14 0.133 272.813
22.26 20.25 0.133 273.061
22.27 20.27 0.134 273.304
22.28 20.3 0.134 273.396
22.29 20.18 0.136 273.534
22.3 20.05 0.137 273.48
22.31 19.91 0.138 273.404
22.32 19.73 0.14 273.408
22.33 19.48 0.141 273.102
22.34 19.34 0.141 272.852
22.35 19.32 0.141 272.846
22.36 19.32 0.138 272.392
22.37 19.32 0.137 272.261
22.38 19.34 0.136 272.169
22.39 19.44 0.135 272.238
22.4 19.57 0.135 272.533
22.41 19.72 0.135 272.867
22.42 19.94 0.135 273.337
22.43 19.99 0.135 273.47
22.44 19.99 0.135 273.504
22.45 20.05 0.136 273.824
22.46 20.09 0.135 273.768
22.47 20.36 0.135 274.329
22.48 20.48 0.135 274.595
22.49 20.59 0.136 275.01
22.5 20.62 0.135 274.932
22.51 20.69 0.136 275.27
22.52 20.68 0.136 275.284
22.53 20.51 0.136 274.991
22.54 20.37 0.139 275.253
22.55 20.11 0.139 274.779
22.56 19.64 0.139 273.878
22.57 19.53 0.139 273.69
22.58 19.3 0.14 273.421
22.59 19.2 0.14 273.25
22.6 19.06 0.14 272.996
22.61 18.6 0.138 271.745
22.62 18.41 0.136 271.047
22.63 18.22 0.135 270.51
22.64 18.2 0.135 270.5
22.65 18.2 0.135 270.533
22.66 18.11 0.134 270.206
22.67 18.11 0.134 270.24
22.68 18.11 0.134 270.273
22.69 18.12 0.133 270.159
22.7 18.13 0.133 270.213
22.71 18.13 0.132 270.077
22.72 18.25 0.132 270.367
22.73 18.31 0.131 270.356
22.74 18.39 0.13 270.387
22.75 18.44 0.13 270.526
22.76 18.38 0.13 270.432
22.77 18.33 0.13 270.359
22.78 18.21 0.131 270.308
22.79 18.02 0.131 269.933
22.8 17.86 0.131 269.62
22.81 17.81 0.132 269.714
22.82 17.73 0.132 269.572
22.83 17.72 0.132 269.583
22.84 17.79 0.132 269.769
22.85 17.85 0.132 269.933
22.86 18.02 0.132 270.335
22.87 18.12 0.131 270.412
22.88 18.26 0.131 270.745
22.89 18.4 0.131 271.075
22.9 18.48 0.132 271.45
22.91 18.67 0.131 271.711
22.92 18.79 0.131 271.994
22.93 18.87 0.13 272.02
22.94 19.18 0.13 272.693
22.95 19.33 0.129 272.856
22.96 19.54 0.129 273.314
22.97 19.8 0.129 273.868
22.98 20.04 0.128 274.199
22.99 20.23 0.128 274.605
23 20.18 0.128 274.541
23.01 20.04 0.128 274.299
23.02 19.91 0.129 274.252
23.03 19.74 0.129 273.947
23.04 19.4 0.13 273.471
23.05 19.18 0.131 273.23
23.06 19.1 0.133 273.443
23.07 19.02 0.132 273.139
23.08 19.02 0.132 273.172
23.09 19.07 0.132 273.308
23.1 19.12 0.132 273.444
23.11 19.18 0.133 273.772
23.12 19.27 0.134 274.16
23.13 19.25 0.135 274.322
23.14 19.18 0.136 274.379
23.15 19.18 0.137 274.58
23.16 19.19 0.139 274.965
23.17 19.2 0.141 275.345
23.18 19.52 0.143 276.358
23.19 19.76 0.146 277.357
23.2 20.05 0.147 278.131
23.21 20.32 0.149 279.014
23.22 21.02 0.15 280.568
23.23 21.5 0.151 281.671
23.24 22.16 0.153 283.244
23.25 22.87 0.159 285.479
23.26 23.61 0.161 287.124
23.27 24.2 0.164 288.624
23.28 25.1 0.168 290.762
23.29 25.39 0.172 291.849
23.3 25.73 0.179 293.416
23.31 25.95 0.184 294.485
23.32 26.33 0.19 295.926
23.33 26.48 0.193 296.59
23.34 26.64 0.196 297.264
23.35 26.75 0.198 297.727
23.36 26.93 0.202 298.547
23.37 27.19 0.204 299.241
23.38 27.27 0.204 299.403
23.39 27.51 0.204 299.817
23.4 27.6 0.205 300.116
23.41 27.77 0.204 300.295
23.42 27.77 0.204 300.33
23.43 27.95 0.203 300.523
23.44 27.99 0.202 300.497
23.45 28.02 0.201 300.455
23.46 27.97 0.199 300.163
23.47 27.95 0.198 300.042
23.48 27.78 0.192 299.047
23.49 27.73 0.19 298.745
23.5 27.48 0.186 297.863
23.51 27.35 0.184 297.427
23.52 27.17 0.181 296.774
23.53 27.01 0.174 295.585
23.54 26.78 0.174 295.256
23.55 26.19 0.174 294.345
23.56 25.68 0.164 292.105
23.57 25.22 0.155 290.015
23.58 24.59 0.151 288.367
23.59 24.03 0.142 285.98
23.6 23.01 0.14 283.897
23.61 22.27 0.135 281.744
23.62 21.52 0.131 279.689
23.63 21.01 0.126 277.857
23.64 20.49 0.121 275.957
23.65 20.05 0.114 273.768
23.66 19.41 0.11 271.715
23.67 18.84 0.107 269.961
23.68 18.3 0.107 268.865
23.69 17.68 0.108 267.772
23.7 16.97 0.11 266.634
23.71 16.28 0.117 266.44
23.72 14.5 0.127 263.86
23.73 13.34 0.135 262.07
23.74 11.95 0.144 259.369
23.75 10.51 0.154 256.074
23.76 8.83 0.163 250.943
23.77 7.38 0.174 245.905
23.78 6.16 0.177 239.958
23.79 5.23 0.176 234.286
23.8 4.62 0.174 229.947
23.81 4.13 0.168 225.631
23.82 3.75 0.163 221.984
23.83 3.66 0.152 219.953
23.84 4.07 0.148 222.872
23.85 4.48 0.146 225.745
23.86 4.9 0.139 227.77
23.87 4.82 0.129 225.85
23.88 4.01 0.114 217.72
23.89 3.33 0.0950001 208.805
23.9 2.87 0.092 203.861
23.91 2.49 0.088 199.02
23.92 2.63 0.087 200.427
23.93 2.78 0.086 201.863
23.94 4.28 0.067 210.413
23.95 4.49 0.053 207.801
23.96 4.27 0.052 206.001
23.97 3.86 0.053 203.373
23.98 3.56 0.052 200.723
23.99 3.52 0.051 200.096
24 3.47 0.049 199.044
24.01 3.53 0.047 198.868
24.02 3.33 0.046 196.875
24.03 3.07 0.045 194.251
24.04 2.84 0.044 191.748
24.05 2.6 0.044 189.347
24.06 2.7 0.047 191.449
24.07 2.52 0.05 190.557
24.08 2.4 0.06 192.137
24.09 2.56 0.059 193.682
24.1 2.72 0.058 195.125
24.11 3.33 0.044 196.352
24.12 3.42 0.037 194.309
24.13 2.83 0.032 186.833
24.14 2.34 0.032 181.809
24.15 1.87 0.031 175.588
24.16 1.49 0.03 169.494
24.17 1.5 0.03 169.677
24.18 1.5 0.03 169.696
24.19 1.78 0.031 174.426
24.2 1.93 0.031 176.49
24.21 2.12 0.03 178.426
24.22 2.17 0.03 179.046
24.23 2.13 0.028 177.565
24.24 2.31 0.024 177.383
24.25 2.38 0.023 177.538
24.26 2.36 0.024 177.972
24.27 2.11 0.024 175.145
24.28 2.01 0.023 173.33
24.29 1.95 0.018 169.11
24.3 1.95 0.017 168.327
24.31 1.9 0.014 165.031
24.32 1.74 0.014 162.972
24.33 1.59 0.014 160.888
24.34 1.46 0.014 158.942
24.35 1.36 0.014 157.345
24.36 1.34 0.014 157.027
24.37 1.34 0.015 157.949
24.38 1.36 0.016 159.157
24.39 1.39 0.021 163.33
24.4 1.51 0.026 168.272
24.41 1.73 0.026 171.619
24.42 2.04 0.023 173.978
24.43 2.33 0.02 175.31
24.44 2.37 0.019 175.011
24.45 2.19 0.019 173.052
24.46 2.01 0.02 171.678
24.47 1.78 0.02 168.719
24.48 1.74 0.019 167.471
24.49 1.7 0.019 166.93
24.5 1.74 0.018 166.757
24.51 1.79 0.017 166.663
24.52 1.83 0.017 167.213
24.53 1.74 0.017 166.022
24.54 1.57 0.018 164.381
24.55 1.42 0.024 165.965
24.56 1.4 0.028 167.783
24.57 1.49 0.025 167.725
24.58 1.58 0.029 171.269
24.59 1.98 0.031 177.93
24.6 2.54 0.034 185.872
24.61 3.33 0.037 194.65
24.62 4.05 0.042 202.36
24.63 5.19 0.045 210.949
24.64 6.9 0.046 220.206
24.65 8.67 0.048 228.401
24.66 9.93 0.053 234.862
24.67 10.64 0.062 240.352
24.68 11.13 0.072 244.971
24.69 11.37 0.072 245.753
24.7 11.51 0.078 247.859
24.71 11.64 0.083 249.575
24.72 11.67 0.084 249.945
24.73 11.65 0.086 250.401
24.74 11.66 0.096 252.763
24.75 11.67 0.108 255.312
24.76 11.67 0.117 257.047
24.77 11.87 0.119 258.069
24.78 12.32 0.118 259.302
24.79 13.02 0.117 261.218
24.8 13.77 0.111 262.212
24.81 14.31 0.103 262.062
24.82 14.58 0.088 259.379
24.83 14.8 0.0800001 257.915
24.84 15.03 0.078 257.973
24.85 15.2 0.078 258.42
24.86 15.23 0.078 258.522
24.87 15.1 0.0800001 258.777
24.88 14.92 0.081 258.627
24.89 14.9 0.084 259.389
24.9 14.89 0.088 260.399
24.91 14.88 0.091 261.13
24.92 14.89 0.096 262.349
24.93 14.83 0.1 263.118
24.94 14.69 0 0
24.95 14.52 0 0
24.96 14.35 0 0
24.97 14.22 0 0
24.98 14.15 0 0
24.99 14.15 0 0
25 14.1 0 0
