0.01 0 0 0
0.02 0 0 0
0.03 -0.01 0 -nan
0.04 0.01 0 0
0.05 0.02 0 0
0.06 0.02 0 0
0.07 0.06 0.005 18.1119
0.08 0.23 0.005 22.8097
0.09 0.37 0.006 25.6248
0.1 0.36 0.006 26.2826
0.11 0.28 0.006 26.029
0.12 0.34 0.006 27.4224
0.13 0.37 0.007 28.7493
0.14 0.39 0.007 29.5711
0.15 0.42 0.007 30.4671
0.16 0.43 0.006 30.7273
0.17 0.47 0.001 27.2687
0.18 0.49 0 0
0.19 0.49 0 0
0.2 0.52 0 0
0.21 0.52 0 0
0.22 0.56 0 0
0.23 0.57 0 0
0.24 0.58 0 0
0.25 0.55 0 0
0.26 0.57 0 0
0.27 0.59 0 0
0.28 0.58 0 0
0.29 0.57 0 0
0.3 0.55 0 0
0.31 0.51 0 0
0.32 0.48 0 0
0.33 0.44 0 0
0.34 0.44 0 0
0.35 0.4 0 0
0.36 0.4 0 0
0.37 0.37 0 0
0.38 0.35 0 0
0.39 0.3 0 0
0.4 0.28 0 0
0.41 0.24 0 0
0.42 0.22 0 0
0.43 0.21 0 0
0.44 0.19 0 0
0.45 0.2 0 0
0.46 0.17 0 0
0.47 0.18 0 0
0.48 0.17 0 0
0.49 0.17 0 0
0.5 0.16 0 0
0.51 0.16 0 0
0.52 0.14 0 0
0.53 0.13 0 0
0.54 0.13 0 0
0.55 0.14 0 0
0.56 0.12 0 0
0.57 0.06 0 0
0.58 0.08 0 0
0.59 0.08 0 0
0.6 0.06 0 0
0.61 0.05 0 0
0.62 0.06 0 0
0.63 0.06 0 0
0.64 0.06 0 0
0.65 0.04 0 0
0.66 0.04 0 0
0.67 0.03 0 0
0.68 0.06 0 0
0.69 0.06 0 0
0.7 0.04 0 0
0.71 0.05 0 0
0.72 0.05 0 0
0.73 0.04 0 0
0.74 0.04 0 0
0.75 0.04 0 0
0.76 0.05 0 0
0.77 0.04 0 0
0.78 0.06 0 0
0.79 0.07 0 0
0.8 0.06 0 0
0.81 0.07 0 0
0.82 0.07 0 0
0.83 0.06 0 0
0.84 0.07 0 0
0.85 0.05 0 0
0.86 0.06 0 0
0.87 0.06 0 0
0.88 0.08 0 0
0.89 0.05 0 0
0.9 0.05 0 0
0.91 0.06 0 0
0.92 0.13 0 0
0.93 0.19 0 0
0.94 0.24 0 0
0.95 0.19 0 0
0.96 0.13 0 0
0.97 0.13 0 0
0.98 0.11 0 0
0.99 0.08 0 0
1 0.08 0 0
1.01 0.08 0 0
1.02 0.08 0 0
1.03 0.09 0 0
1.04 0.13 0 0
1.05 0.14 0 0
1.06 0.13 0 0
1.07 0.13 0 0
1.08 0.13 0 0
1.09 0.13 0 0
1.1 0.13 0 0
1.11 0.14 0 0
1.12 0.14 0 0
1.13 0.17 0 0
1.14 0.22 0 0
1.15 0.22 0 0
1.16 0.25 0 0
1.17 0.33 0 0
1.18 0.46 0 0
1.19 0.55 0 0
1.2 0.71 0 0
1.21 0.86 0 0
1.22 1.09 0 0
1.23 1.36 0 0
1.24 1.68 0.003 62.3634
1.25 1.9 0.005 66.3825
1.26 1.99 0.005 66.9746
1.27 2.16 0.009 71.323
1.28 2.23 0.009 71.8077
1.29 2.27 0.011 73.3624
1.3 2.25 0.013 74.4541
1.31 2.25 0.015 75.5065
1.32 2.32 0.017 76.7964
1.33 2.3 0.018 77.2282
1.34 2.32 0.019 77.8351
1.35 2.32 0.021 78.6483
1.36 2.25 0.021 78.4629
1.37 2.25 0.022 78.9278
1.38 2.21 0.024 79.4567
1.39 2.11 0.024 79.0872
1.4 1.97 0.024 78.4654
1.41 1.77 0.024 77.4181
1.42 1.62 0.024 76.5875
1.43 1.46 0.023 75.3293
1.44 1.34 0.022 74.2737
1.45 1.28 0.02 73.3436
1.46 1.16 0.02 72.4495
1.47 1.09 0.019 71.6331
1.48 1.02 0.019 71.0855
1.49 0.95 0.018 70.1769
1.5 0.94 0.018 70.2005
1.51 0.94 0.017 69.9966
1.52 0.96 0.015 69.6094
1.53 0.97 0.012 68.5559
1.54 1 0.013 69.443
1.55 1 0.012 69.1063
1.56 1 0.011 68.7306
1.57 1 0.01 68.309
1.58 0.99 0.009 67.7343
1.59 0.35 0.008 57.8481
1.6 0.68 0.007 63.0604
1.61 0.92 0.008 66.7172
1.62 0.85 0.008 66.0749
1.63 0.77 0.01 66.4754
1.64 0.7 0.01 65.6808
1.65 0.63 0.012 65.7917
1.66 0.52 0.011 63.6438
1.67 0.48 0.012 63.4775
1.68 0.41 0.012 62.1559
1.69 0.4 0.012 62.0376
1.7 0.3 0.011 59.1878
1.71 0.28 0.011 58.6983
1.72 0.29 0.01 58.6246
1.73 0.29 0.009 58.2067
1.74 0.33 0.008 58.8157
1.75 0.28 0.006 56.1714
1.76 0.32 0.005 56.4893
1.77 0.28 0.004 54.4799
1.78 0.29 0.004 54.8417
1.79 0.26 0.004 54.0703
1.8 0.24 0.004 53.5335
1.81 0.25 0.003 52.6565
1.82 0.3 0.004 55.4517
1.83 0.31 0.004 55.799
1.84 0.35 0.004 56.8688
1.85 0.35 0.004 56.9546
1.86 0.37 0.003 56.1384
1.87 0.4 0.003 56.8569
1.88 0.45 0.002 55.9941
1.89 0.52 0.001 54.0479
1.9 0.65 0.002 59.2129
1.91 0.75 0.001 57.1418
1.92 0.85 0 0
1.93 0.95 0 0
1.94 0.98 0 0
1.95 0.88 0 0
1.96 0.81 0 0
1.97 0.72 0 0
1.98 0.68 0 0
1.99 0.66 0 0
2 0.65 0 0
2.01 0.61 0.001 56.2592
2.02 0.61 0.003 61.729
2.03 0.57 0.003 61.2131
2.04 0.57 0.002 59.2634
2.05 0.53 0.002 58.7255
2.06 0.55 0.001 55.8065
2.07 0.56 0 0
2.08 0.71 0 0
2.09 0.88 0 0
2.1 0.98 0 0
2.11 1.03 0.001 61.4918
2.12 1.01 0.002 65.044
2.13 1.07 0.002 65.6726
2.14 1.05 0.002 65.5798
2.15 1.07 0.002 65.8435
2.16 1.07 0.003 68.1905
2.17 1.04 0.003 67.9991
2.18 1 0.002 65.4567
2.19 0.94 0.001 61.3185
2.2 1 0 0
2.21 1.06 0 0
2.22 1.12 0 0
2.23 1.2 0 0
2.24 1.2 0 0
2.25 1.17 0 0
2.26 1.17 0 0
2.27 1.12 0 0
2.28 1.1 0.001 63.4285
2.29 1.12 0.001 63.6707
2.3 1.16 0.002 67.8744
2.31 1.21 0.003 70.7163
2.32 1.26 0.002 68.8529
2.33 1.34 0.002 69.5491
2.34 1.46 0.002 70.4973
2.35 1.6 0.002 71.5177
2.36 1.66 0.002 71.9828
2.37 1.67 0.002 72.1298
2.38 1.61 0.004 76.0993
2.39 1.51 0.004 75.4878
2.4 1.41 0.005 76.2357
2.41 1.33 0.005 75.6846
2.42 1.31 0.005 75.6066
2.43 1.24 0.004 73.7158
2.44 1.19 0.005 74.7387
2.45 1.09 0.005 73.8839
2.46 1.09 0.009 77.6748
2.47 0.93 0.013 78.3663
2.48 0.93 0.014 78.9396
2.49 0.81 0.012 76.4841
2.5 0.7 0.011 74.436
2.51 0.76 0.008 73.4347
2.52 0.97 0.005 73.2245
2.53 1.35 0.005 76.879
2.54 1.82 0 0
2.55 2.17 0.004 80.98
2.56 2.28 0.003 79.7164
2.57 2.31 0.003 79.9532
2.58 2.22 0.004 81.5106
2.59 2.05 0.006 83.4353
2.6 1.96 0.005 81.7372
2.61 0 0.005 0
2.62 0.78 0.005 71.7334
2.63 2.1 0.006 84.0828
2.64 2.18 0.008 86.6759
2.65 2.24 0.011 89.4458
2.66 2.25 0.013 90.8509
2.67 2.25 0.015 92.035
2.68 2.23 0.016 92.5077
2.69 2.26 0.015 92.2851
2.7 2.31 0.014 92.1414
2.71 2.39 0.012 91.5083
2.72 2.39 0.011 90.9413
2.73 2.4 0.01 90.3694
2.74 2.42 0.01 90.5695
2.75 2.43 0.01 90.7151
2.76 2.45 0.011 91.6377
2.77 2.4 0.011 91.458
2.78 2.34 0.01 90.496
2.79 2.3 0.008 88.6996
2.8 2.29 0.007 87.7518
2.81 2.23 0.006 86.3886
2.82 2.17 0.006 86.135
2.83 2.06 0.007 86.6809
2.84 1.96 0.008 87.1089
2.85 1.79 0.009 86.9098
2.86 1.62 0.009 85.7533
2.87 1.52 0.009 85.0526
2.88 1.41 0.008 83.3976
2.89 1.32 0.007 81.7753
2.9 1.25 0.007 81.2141
2.91 1.18 0.007 80.6201
2.92 1.12 0.008 80.9876
2.93 1.08 0.009 81.4354
2.94 0.98 0.01 81.0877
2.95 0.92 0.011 81.0695
2.96 0.87 0.011 80.4955
2.97 0.82 0.01 79.2562
2.98 0.84 0.009 78.9113
2.99 0.96 0.009 80.5183
3 0.96 0.009 80.593
3.01 1.27 0.011 85.3986
3.02 1.27 0.012 86.0985
3.03 1.36 0.014 88.1549
3.04 1.42 0.015 89.297
3.05 1.49 0.017 90.9422
3.06 1.58 0.018 92.2346
3.07 1.79 0.017 93.5463
3.08 2.1 0.015 94.8168
3.09 2.4 0.012 94.9652
3.1 2.66 0.009 94.1873
3.11 2.82 0.008 94.1409
3.12 2.93 0.008 94.7456
3.13 2.91 0.008 94.7364
3.14 2.71 0.008 93.8532
3.15 2.45 0.009 93.4934
3.16 2.18 0.011 93.5648
3.17 1.93 0.013 93.3067
3.18 1.73 0.014 92.4973
3.19 1.58 0.013 90.8152
3.2 1.49 0.011 88.8858
3.21 1.41 0.011 88.2587
3.22 1.4 0.011 88.2446
3.23 1.4 0.012 88.9624
3.24 1.39 0.014 90.0951
3.25 1.37 0.014 89.9844
3.26 1.31 0.014 89.4823
3.27 1.26 0.014 89.0581
3.28 1.22 0.011 86.9582
3.29 1.25 0.008 85.0532
3.3 1.38 0.005 83.0351
3.31 1.56 0.004 83.0293
3.32 1.63 0.004 83.6259
3.33 1.53 0.003 80.9747
3.34 1.33 0.004 81.3477
3.35 1.14 0.003 77.7447
3.36 0.95 0.003 75.793
3.37 0.79 0.003 73.8676
3.38 0.7 0.004 74.4119
3.39 0.59 0.003 70.9435
3.4 0.51 0 0
3.41 0.46 0.002 66.2836
3.42 0.44 0.003 68.1759
3.43 0.46 0.003 68.6694
3.44 0.49 0.005 72.3642
3.45 0.49 0.007 74.4787
3.46 0.46 0.009 75.4243
3.47 -0.02 0.009 -nan
3.48 0.43 0.009 74.8151
3.49 1.05 0.009 85.1466
3.5 1.35 0.007 86.5265
3.51 1.76 0.006 88.8197
3.52 2.23 0.005 90.5872
3.53 2.61 0.005 92.7363
3.54 2.87 0.006 95.5252
3.55 3.15 0.009 100.215
3.56 3.46 0.011 103.369
3.57 3.73 0.012 105.335
3.58 3.95 0.015 108.282
3.59 4.14 0.016 109.689
3.6 4.33 0.019 112.077
3.61 4.49 0.021 113.694
3.62 4.61 0.023 115.082
3.63 4.7 0.027 117.042
3.64 4.8 0.029 118.188
3.65 4.87 0.032 119.5
3.66 4.88 0.035 120.521
3.67 4.9 0.036 120.967
3.68 4.91 0.038 121.64
3.69 4.89 0.039 121.924
3.7 4.94 0.04 122.452
3.71 5.04 0.04 122.898
3.72 5.04 0.041 123.243
3.73 5.37 0.041 124.467
3.74 5.51 0.041 125.022
3.75 5.61 0.041 125.439
3.76 5.7 0.041 125.82
3.77 5.8 0.041 126.229
3.78 5.84 0.042 126.701
3.79 5.86 0.042 126.856
3.8 5.87 0.044 127.473
3.81 5.83 0.045 127.679
3.82 5.77 0.046 127.815
3.83 5.71 0.047 127.944
3.84 5.61 0.047 127.712
3.85 5.56 0.048 127.863
3.86 5.5 0.049 127.975
3.87 5.47 0.05 128.182
3.88 5.44 0.051 128.383
3.89 5.37 0.051 128.236
3.9 5.25 0.051 127.911
3.91 5.14 0.051 127.612
3.92 4.81 0.051 126.488
3.93 4.51 0.052 125.612
3.94 4.51 0.052 125.701
3.95 4.24 0.053 124.874
3.96 3.81 0.053 123.052
3.97 3.69 0.053 122.573
3.98 3.69 0.053 122.658
3.99 3.47 0.054 121.852
4 3.41 0.054 121.63
4.01 3.36 0.055 121.642
4.02 3.37 0.054 121.592
4.03 3.36 0.054 121.624
4.04 3.33 0.054 121.551
4.05 3.32 0.054 121.582
4.06 3.39 0.053 121.842
4.07 3.45 0.05 121.642
4.08 3.52 0.047 121.451
4.09 3.54 0.043 120.736
4.1 3.59 0.032 118.123
4.11 3.59 0.029 117.239
4.12 3.52 0.026 115.928
4.13 3.4 0.023 114.256
4.14 3.25 0.02 112.28
4.15 3.14 0.019 111.323
4.16 3.08 0.019 111.089
4.17 3 0.019 110.742
4.18 2.91 0.019 110.331
4.19 2.8 0.019 109.793
4.2 2.78 0.019 109.753
4.21 2.84 0.019 110.164
4.22 2.88 0.02 110.931
4.23 2.9 0.021 111.567
4.24 2.94 0.019 110.933
4.25 3.02 0.016 109.853
4.26 3.17 0.015 110.102
4.27 3.32 0.014 110.275
4.28 3.4 0.014 110.726
4.29 3.41 0.015 111.483
4.3 3.37 0.016 111.965
4.31 3.3 0.018 112.8
4.32 3.2 0.019 112.88
4.33 3.16 0.021 113.691
4.34 3.15 0.023 114.576
4.35 3.14 0.024 115.003
4.36 3.16 0.027 116.316
4.37 3.21 0.028 117.007
4.38 3.3 0.029 117.892
4.39 3.38 0.03 118.709
4.4 3.47 0.03 119.234
4.41 3.74 0.03 120.604
4.42 3.89 0.031 121.697
4.43 4.05 0.032 122.806
4.44 4.22 0.033 123.93
4.45 4.37 0.034 124.943
4.46 4.53 0.026 122.896
4.47 4.64 0.023 122.146
4.48 4.71 0.024 122.92
4.49 4.75 0.025 123.565
4.5 4.78 0.026 124.158
4.51 4.83 0.027 124.812
4.52 4.87 0.029 125.783
4.53 4.54 0.03 124.947
4.54 5 0.033 127.783
4.55 5.16 0.034 128.761
4.56 5.32 0.036 130.025
4.57 5.43 0.038 131.076
4.58 5.53 0.041 132.335
4.59 5.54 0.043 132.976
4.6 5.51 0.045 133.456
4.61 5.44 0.046 133.535
4.62 5.35 0.046 133.295
4.63 5.31 0.047 133.469
4.64 5.29 0.047 133.477
4.65 5.28 0.048 133.754
4.66 5.31 0.048 133.944
4.67 5.38 0.048 134.276
4.68 5.44 0.047 134.336
4.69 5.46 0.047 134.486
4.7 5.51 0.047 134.743
4.71 5.44 0.048 134.81
4.72 5.34 0.048 134.53
4.73 5.16 0.048 133.946
4.74 4.91 0.048 133.07
4.75 4.63 0.049 132.253
4.76 4.38 0.05 131.498
4.77 4.11 0.05 130.375
4.78 3.88 0.049 129.156
4.79 3.62 0.048 127.727
4.8 3.37 0.047 126.27
4.81 3.12 0.046 124.725
4.82 2.93 0.044 123.217
4.83 2.69 0.043 121.547
4.84 2.45 0.043 119.991
4.85 2.2 0.039 117.257
4.86 1.97 0.037 114.969
4.87 1.59 0.035 111.024
4.88 1.43 0.033 108.87
4.89 1.29 0.029 106.18
4.9 1.2 0.025 103.849
4.91 1.13 0.021 101.529
4.92 1.06 0.018 99.3726
4.93 1.01 0.015 97.2528
4.94 0.95 0.012 94.6791
4.95 0.91 0.01 92.73
4.96 0.83 0.009 90.7616
4.97 0.75 0.006 86.5278
4.98 0.65 0.005 83.5336
4.99 0.55 0.004 80.0928
5 0.47 0.003 76.491
5.01 0.41 0.003 75.043
5.02 0.34 0.002 70.663
5.03 0.29 0.002 69.1011
5.04 0.27 0.002 68.4314
5.05 0.27 0.002 68.4691
5.06 0.27 0.001 64.6678
5.07 0.25 0.001 63.9902
5.08 0.27 0 0
5.09 0.27 0 0
5.1 0.28 0 0
5.11 0.29 0 0
5.12 0.31 0 0
5.13 0.33 0 0
5.14 0.46 0 0
5.15 0.61 0 0
5.16 0.86 0 0
5.17 1.19 -0.001 -nan
5.18 1.55 -0.001 -nan
5.19 1.88 -0.001 -nan
5.2 2.14 0 0
5.21 2.33 0 0
5.22 2.45 0.001 89.6128
5.23 2.5 0.002 95.26
5.24 2.54 0.004 101.2
5.25 2.58 0.006 104.963
5.26 2.62 0.008 107.801
5.27 2.67 0.01 110.179
5.28 2.71 0.012 112.162
5.29 2.74 0.014 113.85
5.3 2.77 0.016 115.363
5.31 2.79 0.017 116.127
5.32 2.81 0.019 117.389
5.33 2.83 0.02 118.073
5.34 2.85 0.021 118.736
5.35 2.86 0.021 118.857
5.36 2.9 0.023 120.062
5.37 2.91 0.023 120.184
5.38 2.91 0.024 120.673
5.39 2.95 0.025 121.384
5.4 2.95 0.026 121.844
5.41 2.95 0.026 121.906
5.42 2.96 0.026 122.029
5.43 2.97 0.027 122.535
5.44 2.97 0.027 122.597
5.45 2.97 0.028 123.032
5.46 2.97 0.028 123.094
5.47 3.01 0.028 123.394
5.48 3.02 0.029 123.877
5.49 3.04 0.029 124.058
5.5 3.08 0.028 123.992
5.51 3.13 0.024 122.758
5.52 3.16 0.024 122.989
5.53 3.2 0.024 123.274
5.54 3.24 0.025 123.977
5.55 3.27 0.025 124.204
5.56 3.3 0.026 124.836
5.57 2.31 0.027 119.019
5.58 3.25 0.027 125.079
5.59 3.28 0.027 125.307
5.6 3.31 0.028 125.914
5.61 3.34 0.028 126.14
5.62 3.36 0.028 126.311
5.63 3.37 0.028 126.427
5.64 3.39 0.028 126.598
5.65 3.41 0.028 126.767
5.66 3.45 0.029 127.414
5.67 3.45 0.029 127.477
5.68 3.47 0.029 127.646
5.69 3.48 0.03 128.122
5.7 3.49 0.03 128.237
5.71 3.5 0.03 128.353
5.72 3.5 0.03 128.415
5.73 3.54 0.031 129.039
5.74 3.56 0.031 129.207
5.75 3.6 0.031 129.478
5.76 3.63 0.031 129.695
5.77 3.64 0.031 129.809
5.78 3.66 0.031 129.974
5.79 3.66 0.031 130.036
5.8 3.67 0.031 130.15
5.81 3.69 0.031 130.314
5.82 3.7 0.031 130.427
5.83 3.68 0.03 130.033
5.84 3.7 0.03 130.196
5.85 3.71 0.03 130.309
5.86 3.76 0.03 130.622
5.87 3.76 0.03 130.684
5.88 3.78 0.029 130.477
5.89 3.78 0.029 130.539
5.9 3.76 0.029 130.501
5.91 3.78 0.029 130.662
5.92 3.77 0.029 130.674
5.93 3.78 0.028 130.404
5.94 3.79 0.027 130.12
5.95 3.79 0.028 130.575
5.96 3.79 0.027 130.242
5.97 3.82 0.027 130.45
5.98 3.84 0.028 131.005
5.99 3.87 0.027 130.816
6 3.89 0.028 131.371
6.01 3.9 0.028 131.481
6.02 3.97 0.028 131.879
6.03 4.01 0.028 132.13
6.04 4.04 0.029 132.72
6.05 4.09 0.029 133.016
6.06 4.11 0.029 133.171
6.07 4.17 0.03 133.888
6.08 4.22 0.031 134.546
6.09 4.24 0.032 135.055
6.1 4.28 0.032 135.299
6.11 4.33 0.033 135.935
6.12 4.34 0.033 136.042
6.13 4.37 0.035 136.908
6.14 4.39 0.035 137.06
6.15 4.4 0.036 137.489
6.16 4.41 0.037 137.91
6.17 4.39 0.038 138.188
6.18 4.36 0.039 138.412
6.19 4.33 0.041 138.914
6.2 4.32 0.042 139.209
6.21 4.29 0.044 139.671
6.22 4.28 0.045 139.948
6.23 4.28 0.046 140.267
6.24 4.26 0.049 140.974
6.25 4.24 0.059 143.136
6.26 4.21 0.066 144.394
6.27 4.16 0.066 144.209
6.28 4.08 0.075 145.409
6.29 3.93 0.077 145.008
6.3 3.74 0.078 144.195
6.31 3.4 0.081 142.74
6.32 3.15 0.086 141.946
6.33 2.92 0.091 141.129
6.34 2.71 0.096 140.304
6.35 2.53 0.103 139.8
6.36 2.38 0.108 139.183
6.37 2.2 0.114 138.297
6.38 2.08 0.118 137.638
6.39 1.98 0.127 137.564
6.4 1.9 0.133 137.335
6.41 1.82 0.024 118.415
6.42 1.87 0.129 136.791
6.43 1.87 0.125 136.492
6.44 1.81 0.124 135.821
6.45 1.69 0.119 134.084
6.46 1.45 0.112 130.555
6.47 1.3 0.104 127.783
6.48 0.46 0.087 108.453
6.49 1.09 0.079 121.869
6.5 0.85 0.071 116.592
6.51 0.75 0.064 113.573
6.52 0.75 0.058 112.695
6.53 0.68 0.053 110.333
6.54 0.66 0.049 109.191
6.55 0.68 0.046 109.133
6.56 0.68 0.042 108.356
6.57 0.73 0.037 108.366
6.58 0.8 0.034 109.081
6.59 0.87 0.031 109.607
6.6 0.91 0.032 110.658
6.61 0.9 0.033 110.812
6.62 0.87 0.033 110.318
6.63 0.84 0.034 110.081
6.64 0.81 0.035 109.817
6.65 0.81 0.037 110.372
6.66 0.79 0.04 110.737
6.67 0.83 0.042 112.028
6.68 0.86 0.044 113.086
6.69 0.84 0.045 112.961
6.7 0.85 0.044 112.99
6.71 0.83 0.047 113.269
6.72 0.87 0.053 115.233
6.73 0.95 0.053 116.75
6.74 1.06 0.059 119.719
6.75 1.24 0.07 124.259
6.76 1.41 0.074 127.219
6.77 1.44 0.075 127.8
6.78 1.39 0.076 127.344
6.79 1.35 0.076 126.861
6.8 1.31 0.079 126.772
6.81 1.23 0.08 125.81
6.82 1.15 0.079 124.518
6.83 1.09 0.079 123.611
6.84 1.09 0.077 123.398
6.85 1.11 0.074 123.363
6.86 1.12 0.07 123.003
6.87 1.14 0.065 122.608
6.88 1.22 0.062 123.376
6.89 1.26 0.06 123.663
6.9 1.37 0.058 124.86
6.91 1.45 0.056 125.568
6.92 1.52 0.056 126.474
6.93 1.66 0.056 128.141
6.94 1.75 0.061 130.093
6.95 1.77 0.065 131.049
6.96 1.69 0.07 131.036
6.97 1.53 0.074 129.823
6.98 1.35 0.077 127.978
6.99 1.17 0.077 125.417
7 1.07 0.075 123.592
7.01 0.98 0.071 121.531
7.02 0.91 0.065 119.409
7.03 0.84 0.059 117.139
7.04 0.81 0.053 115.538
7.05 0.81 0.05 115.025
7.06 0.82 0.046 114.476
7.07 0.77 0.042 112.633
7.08 0.74 0.039 111.346
7.09 0.7 0.036 109.768
7.1 0.69 0.034 109.064
7.11 0.68 0.033 108.607
7.12 0.68 0.033 108.65
7.13 0.7 0.032 108.868
7.14 0.72 0.032 109.353
7.15 0.81 0.033 111.552
7.16 0.9 0.034 113.583
7.17 0.94 0.034 114.341
7.18 0.89 0.034 113.488
7.19 0.84 0.034 112.591
7.2 0.85 0.033 112.547
7.21 0.79 0.031 110.832
7.22 0.78 0.03 110.37
7.23 0.76 0.03 110
7.24 0.76 0.03 110.042
7.25 0.74 0.03 109.662
7.26 0.73 0.03 109.49
7.27 0.73 0.029 109.223
7.28 0.74 0.027 108.83
7.29 0.75 0.026 108.74
7.3 0.75 0.025 108.427
7.31 0.76 0.025 108.676
7.32 0.77 0.024 108.553
7.33 0.77 0.022 107.81
7.34 0.79 0.022 108.25
7.35 0.77 0.023 108.292
7.36 0.76 0.024 108.513
7.37 0.77 0.025 109.128
7.38 0.75 0.025 108.756
7.39 0.74 0.025 108.587
7.4 0.75 0.026 109.194
7.41 0.83 0.026 110.841
7.42 0.85 0.027 111.613
7.43 0.91 0.027 112.757
7.44 0.94 -0.001 -nan
7.45 0.96 0.017 109.42
7.46 0.96 0.018 109.983
7.47 0.95 0.018 109.858
7.48 0.94 0.02 110.698
7.49 0.96 0.023 112.374
7.5 0.94 0.025 112.856
7.51 0.2 0.029 91.4672
7.52 0.94 0.034 115.866
7.53 0.99 0.04 118.367
7.54 1.04 0.048 121.076
7.55 1.14 0.054 123.941
7.56 1.27 0.06 127.039
7.57 1.39 0.066 129.774
7.58 1.45 0.071 131.41
7.59 1.45 0.075 132.059
7.6 1.43 0.077 132.132
7.61 1.42 0.08 132.468
7.62 1.44 0.083 133.19
7.63 1.45 0.082 133.237
7.64 1.42 0.082 132.885
7.65 1.38 0.081 132.253
7.66 1.35 0.076 131.185
7.67 1.25 0.071 129.054
7.68 1.23 0.066 128.021
7.69 1.19 0.062 126.798
7.7 1.16 0.059 125.857
7.71 1.13 0.056 124.885
7.72 1.14 0.053 124.517
7.73 1.17 0.052 124.831
7.74 1.24 0.052 125.925
7.75 1.31 0.05 126.557
7.76 1.39 0.052 128.105
7.77 1.49 0.055 130.044
7.78 1.55 0.059 131.599
7.79 1.6 0.063 132.973
7.8 1.65 0.068 134.463
7.81 1.69 0.074 135.929
7.82 1.69 0.077 136.427
7.83 1.7 0.079 136.883
7.84 1.67 0.082 137.006
7.85 1.62 0.081 136.316
7.86 1.46 0.079 134.059
7.87 1.46 0.079 134.106
7.88 1.39 0.078 133.066
7.89 1.28 0.076 131.258
7.9 1.24 0.074 130.416
7.91 1.24 0.07 129.86
7.92 1.28 0.067 130.026
7.93 1.33 0.064 130.294
7.94 1.37 0.061 130.375
7.95 1.38 0.059 130.196
7.96 1.36 0.059 129.968
7.97 1.36 0.058 129.829
7.98 1.34 0.057 129.41
7.99 1.31 0.057 129.033
8 1.3 0.056 128.746
8.01 1.26 0.055 128.02
8.02 1.18 0.054 126.667
8.03 1.15 0.052 125.846
8.04 1.12 0.049 124.793
8.05 1.04 0.046 122.864
8.06 0.97 0.043 120.998
8.07 0.98 0.041 120.739
8.08 0.94 0.039 119.56
8.09 0.93 0.037 118.895
8.1 0.91 0.035 118.017
8.11 0.89 0.034 117.397
8.12 0.88 0.033 116.955
8.13 0.88 0.031 116.388
8.14 0.89 0.029 115.973
8.15 0.9 0.029 116.199
8.16 0.9 0.028 115.9
8.17 0.9 0.029 116.278
8.18 0.92 0.029 116.686
8.19 0.94 0.031 117.74
8.2 0.97 0.032 118.626
8.21 1 0.034 119.791
8.22 1.06 0.036 121.417
8.23 1.09 0.039 122.762
8.24 1.16 0.042 124.676
8.25 1.21 0.044 125.965
8.26 1.23 0.046 126.773
8.27 1.3 0.049 128.504
8.28 1.33 0.052 129.609
8.29 1.37 0.055 130.816
8.3 1.4 0.057 131.66
8.31 1.4 0.058 131.894
8.32 1.4 0.059 132.126
8.33 1.4 0.059 132.17
8.34 1.37 0.058 131.615
8.35 1.32 0.057 130.767
8.36 1.31 0.057 130.667
8.37 1.31 0.055 130.323
8.38 1.26 0.053 129.239
8.39 1.24 -0.001 -nan
8.4 1.22 0.05 128.102
8.41 1.2 0.047 127.184
8.42 1.19 0.044 126.377
8.43 1.22 0.041 126.13
8.44 1.24 0.04 126.207
8.45 1.21 0.038 125.269
8.46 0.37 0.037 105.42
8.47 1.2 0.036 124.64
8.48 1.2 0.035 124.389
8.49 1.16 0.034 123.525
8.5 1.1 0.034 122.624
8.51 1.04 0.034 121.677
8.52 0.98 0.033 120.381
8.53 0.93 0.031 118.895
8.54 0.95 0.03 118.974
8.55 0.96 0.029 118.857
8.56 0.96 0.027 118.19
8.57 0.96 0.025 117.474
8.58 0.96 0.024 117.114
8.59 1 0.022 116.992
8.6 0.98 0.021 116.239
8.61 0.92 0.021 115.224
8.62 0.93 0.021 115.441
8.63 0.93 0.022 115.926
8.64 0.96 0.025 117.74
8.65 0.98 0.027 118.887
8.66 1 0.027 119.272
8.67 0.98 0.028 119.324
8.68 1 0.028 119.71
8.69 1.02 0.028 120.09
8.7 1.01 0.029 120.309
8.71 0.96 0.029 119.471
8.72 0.95 0.029 119.329
8.73 0.95 0.028 119.019
8.74 0.97 0.026 118.68
8.75 0.97 0.025 118.331
8.76 0.95 0.023 117.198
8.77 0.93 0.022 116.446
8.78 0.89 0.022 115.747
8.79 0.87 0.022 115.406
8.8 0.85 0.021 114.612
8.81 0.81 0.021 113.855
8.82 0.79 0.02 113.022
8.83 0.79 0.019 112.576
8.84 0.77 0.018 111.693
8.85 0.77 0.017 111.198
8.86 0.76 0.016 110.465
8.87 0.72 0.015 109.055
8.88 0.72 0.014 108.465
8.89 0.69 0.013 107.173
8.9 0.68 0.011 105.505
8.91 0.66 0.01 104.255
8.92 0.65 0.01 104.059
8.93 0.63 0.009 102.719
8.94 0.6 0.008 101.037
8.95 0.57 0.008 100.325
8.96 0.56 0.008 100.1
8.97 0.56 0.008 100.131
8.98 0.55 0.01 101.775
8.99 0.58 0.012 104.156
9 0.61 0.012 104.948
9.01 0.66 0.014 107.548
9.02 0.72 0.017 110.712
9.03 0.8 0.02 113.97
9.04 0.87 0.022 116.309
9.05 0.92 0.023 117.719
9.06 0.94 0.023 118.121
9.07 0.95 0.022 117.9
9.08 0.96 0.022 118.114
9.09 0.94 0.022 117.793
9.1 0.93 0.023 118.083
9.11 0.9 0.023 117.563
9.12 0.87 0.023 117.026
9.13 0.85 0.022 116.24
9.14 0.83 0.022 115.877
9.15 0.83 0.022 115.912
9.16 0.87 0.022 116.736
9.17 0.89 0.022 117.154
9.18 0.93 0.022 117.934
9.19 0.96 0.022 118.51
9.2 0.97 0.022 118.723
9.21 1 0.022 119.281
9.22 1.05 0.023 120.604
9.23 1.07 0.024 121.397
9.24 1.1 0.025 122.333
9.25 1.14 0.025 123.001
9.26 1.2 0.025 123.95
9.27 1.28 0.023 124.28
9.28 1.36 0.02 123.957
9.29 1.44 0.016 122.719
9.3 1.47 0.016 123.121
9.31 1.41 0.015 121.765
9.32 1.35 0.016 121.693
9.33 1.35 0.018 122.928
9.34 1.16 0.02 121.367
9.35 1.09 0.021 120.81
9.36 1.07 0.022 120.991
9.37 1.13 0.025 123.286
9.38 1.26 0.027 126.076
9.39 1.42 0.029 129.068
9.4 1.56 0.029 130.867
9.41 1.71 0.03 133.022
9.42 1.78 0.029 133.455
9.43 1.87 0.028 134.054
9.44 2.09 0.027 135.847
9.45 2.45 0.021 136.156
9.46 3.01 0.019 139.13
9.47 3.58 0.018 142.05
9.48 4.16 0.019 145.852
9.49 4.56 0.021 149.072
9.5 4.67 0.025 151.815
9.51 4.44 0.029 152.632
9.52 4.32 0.034 154.102
9.53 4.05 0.039 154.474
9.54 3.68 0.043 153.645
9.55 3.38 0.047 152.947
9.56 3.12 0.048 151.503
9.57 2.91 0.049 150.292
9.58 2.74 0.048 148.783
9.59 2.64 0.046 147.508
9.6 2.6 0.043 146.403
9.61 2.64 0.036 144.614
9.62 2.79 0.033 144.76
9.63 3.01 0.032 146.019
9.64 3.21 0.033 147.798
9.65 3.31 0.036 149.574
9.66 3.56 0.04 152.525
9.67 3.71 0.043 154.405
9.68 4 0.044 156.431
9.69 4.42 0.041 157.812
9.7 4.95 0.04 160.123
9.71 5.51 0.041 162.995
9.72 6.08 0.043 166.026
9.73 6.52 0.047 168.999
9.74 6.72 0.05 170.66
9.75 6.76 0.054 171.953
9.76 6.62 0.057 172.257
9.77 6.35 0.061 172.245
9.78 6.11 0.065 172.249
9.79 5.68 0.068 171.138
9.8 5.48 0.07 170.716
9.81 5.33 0.068 169.674
9.82 5.22 0.063 168.141
9.83 5.2 0.056 166.457
9.84 5.22 0.053 165.834
9.85 5.24 0.05 165.17
9.86 5.19 0.049 164.712
9.87 5.05 0.049 164.11
9.88 4.64 0.05 162.44
9.89 4.4 0.051 161.514
9.9 4.15 0.051 160.204
9.91 3.93 0.05 158.735
9.92 3.75 0.049 157.446
9.93 3.58 0.047 155.9
9.94 3.43 0.044 154.138
9.95 3.3 0.039 151.794
9.96 3.22 0.036 150.297
9.97 3.19 0.035 149.785
9.98 3.21 0.037 150.656
9.99 3.21 0.04 151.679
10 3.19 0.043 152.499
10.01 3.13 0.044 152.417
10.02 3.05 0.044 151.892
10.03 3.02 0.042 151.131
10.04 3.08 0.039 150.67
10.05 3.18 0.035 150.05
10.06 3.34 0.033 150.418
10.07 3.55 0.032 151.398
10.08 3.67 0.032 152.167
10.09 3.69 0.031 151.926
10.1 3.66 0.03 151.376
10.11 3.6 0.029 150.632
10.12 3.54 0.027 149.418
10.13 3.42 0.027 148.719
10.14 3.34 0.027 148.254
10.15 3.23 0.028 148.028
10.16 3.14 0.03 148.316
10.17 3.02 0.029 147.111
10.18 2.92 0.028 146.013
10.19 2.86 0.026 144.721
10.2 3.21 0.021 144.595
10.21 3.52 0.019 145.352
10.22 3.76 0.02 147.407
10.23 3.84 0.028 152.093
10.24 3.79 0.032 153.544
10.25 3.7 0.033 153.448
10.26 3.59 0.033 152.824
10.27 3.45 0.034 152.37
10.28 3.41 0.039 153.902
10.29 3.52 0.042 155.606
10.3 3.67 0.042 156.586
10.31 3.93 0.044 158.793
10.32 4.29 0.036 158.19
10.33 4.73 0.033 159.316
10.34 5.13 0.034 161.633
10.35 5.41 0.038 164.433
10.36 5.47 0.039 165.095
10.37 5.62 0.041 166.475
10.38 5.64 0.043 167.267
10.39 5.63 0.045 167.903
10.4 5.57 0.047 168.296
10.41 5.5 0.051 169.181
10.42 5.45 0.053 169.545
10.43 5.48 0.057 170.755
10.44 5.48 0.059 171.292
10.45 5.48 -0.001 -nan
10.46 5.58 0.049 169.195
10.47 5.64 0.048 169.21
10.48 5.75 0.049 170.018
10.49 5.94 0.05 171.148
10.5 6.31 0.05 172.69
10.51 6.7 0.047 173.339
10.52 1.01 0.043 131.058
10.53 7.25 0.041 173.43
10.54 7.41 0.039 173.3
10.55 7.5 0.04 174.013
10.56 7.6 0.045 176.109
10.57 7.65 0.048 177.271
10.58 7.65 0.051 178.214
10.59 7.63 0.054 179.043
10.6 7.67 0.055 179.499
10.61 7.74 0.056 180.051
10.62 7.94 0.055 180.49
10.63 8.07 0.057 181.498
10.64 8.07 0.058 181.809
10.65 7.97 0.06 182.043
10.66 7.79 0.064 182.469
10.67 7.56 0.066 182.197
10.68 7.35 0.065 181.276
10.69 7.12 0.063 180.026
10.7 6.9 0.062 179.023
10.71 6.31 0.06 176.297
10.72 6.02 0.058 174.659
10.73 5.7 0.057 173.085
10.74 5.42 0.056 171.626
10.75 5.14 0.059 171.105
10.76 4.83 0.06 169.86
10.77 4.58 0.06 168.609
10.78 4.28 0.061 167.245
10.79 4 0.061 165.666
10.8 3.42 0.059 161.564
10.81 3.18 0.055 158.99
10.82 2.98 0.053 157.065
10.83 2.82 0.05 155.108
10.84 2.67 0.049 153.673
10.85 2.54 0.047 152.083
10.86 2.45 0.04 149.317
10.87 2.39 0.035 147.179
10.88 2.34 0.032 145.679
10.89 2.27 0.031 144.697
10.9 2.2 0.03 143.69
10.91 2.09 0.028 141.853
10.92 1.77 0.025 137.234
10.93 1.68 0.023 135.299
10.94 1.54 0.022 133.155
10.95 1.42 0.022 131.642
10.96 1.32 0.024 131.245
10.97 1.27 0.027 131.836
10.98 1.2 0.027 130.797
10.99 1.14 0.026 129.46
11 1.11 0.026 128.996
11.01 1.12 0.025 128.775
11.02 1.26 0.024 130.566
11.03 1.31 0.023 130.869
11.04 1.33 0.024 131.653
11.05 1.31 0.024 131.399
11.06 1.25 0.027 131.834
11.07 1.21 0.028 131.648
11.08 1.19 0.029 131.75
11.09 1.23 0.031 133.149
11.1 1.28 0.033 134.647
11.11 1.49 0.033 137.659
11.12 1.6 0.032 138.758
11.13 1.67 0.029 138.512
11.14 1.73 0.027 138.427
11.15 1.76 0.027 138.804
11.16 1.75 0.028 139.146
11.17 1.76 0.03 140.096
11.18 1.73 0.031 140.167
11.19 1.66 0.03 138.99
11.2 1.56 0.03 137.787
11.21 1.51 0.03 137.176
11.22 1.55 0.03 137.727
11.23 1.63 0.031 139.142
11.24 1.7 0.03 139.641
11.25 1.71 0.029 139.399
11.26 1.7 0.03 139.71
11.27 1.67 0.032 140.137
11.28 1.66 0.035 141.098
11.29 1.65 0.037 141.664
11.3 1.68 0.035 141.411
11.31 1.69 0.032 140.516
11.32 1.75 0.026 138.839
11.33 1.83 0.028 140.634
11.34 1.91 0.03 142.353
11.35 1.96 0.031 143.309
11.36 1.96 0.031 143.344
11.37 1.69 0.03 139.969
11.38 1.58 0.03 138.653
11.39 1.48 0.031 137.762
11.4 1.55 0.03 138.338
11.41 1.61 0.029 138.739
11.42 1.64 0.029 139.142
11.43 1.59 0.029 138.557
11.44 1.5 0 0
11.45 1.42 0.024 134.254
11.46 1.4 0.023 133.539
11.47 1.37 0.022 132.664
11.48 1.32 0.02 130.945
11.49 1.29 0.018 129.405
11.5 1.24 0.017 128.091
11.51 0.53 0.015 112.187
11.52 0.94 0.014 121.169
11.53 1.12 0.012 122.71
11.54 1.05 0.012 121.605
11.55 0.97 0.011 119.386
11.56 0.93 0.011 118.693
11.57 0.87 0.011 117.587
11.58 0.86 0.011 117.42
11.59 0.87 0.012 118.498
11.6 0.88 0.012 118.722
11.61 0.93 0.012 119.699
11.62 0.96 0.012 120.276
11.63 0.98 0.012 120.663
11.64 0.98 0.013 121.498
11.65 0.98 0.014 122.279
11.66 0.99 0.015 123.192
11.67 1.02 0.015 123.752
11.68 1.05 0.016 124.969
11.69 1.06 0.018 126.402
11.7 1.06 0.019 127.002
11.71 1.04 0.02 127.226
11.72 1.06 0.02 127.606
11.73 1.06 0.022 128.652
11.74 1.05 0.022 128.507
11.75 1.09 0.022 129.231
11.76 1.08 0.022 129.09
11.77 1.07 0.023 129.426
11.78 1.06 0.023 129.281
11.79 1.06 0.024 129.771
11.8 1.05 0.025 130.065
11.81 1.05 0.025 130.096
11.82 1.05 0.025 130.126
11.83 1.05 0.025 130.157
11.84 1.05 0.026 130.613
11.85 1.07 0.027 131.411
11.86 1.11 0.026 131.724
11.87 1.12 0.026 131.925
11.88 1.14 0.026 132.293
11.89 1.16 0.026 132.656
11.9 1.17 0.026 132.851
11.91 1.17 0.025 132.449
11.92 1.15 0.024 131.703
11.93 1.11 0.023 130.601
11.94 1.09 0.022 129.809
11.95 1.06 0.022 129.318
11.96 1.06 0.021 128.849
11.97 1.07 0.021 129.053
11.98 1.08 0.02 128.732
11.99 1.09 0.02 128.933
12 1.09 0.02 128.963
12.01 1.09 0.019 128.444
12.02 1.09 0.018 127.897
12.03 1.09 0.018 127.926
12.04 1.11 0.018 128.291
12.05 1.11 0.017 127.712
12.06 1.08 0.017 127.239
12.07 1.07 0.016 126.458
12.08 1.05 0.015 125.468
12.09 1.03 0.015 125.15
12.1 1.03 0.014 124.463
12.11 1.01 0.013 123.377
12.12 0.98 0.013 122.871
12.13 0.94 0.012 121.353
12.14 0.94 0.013 122.192
12.15 0.94 0.015 123.683
12.16 0.94 0.015 123.712
12.17 1 0.016 125.52
12.18 1.11 0.017 128.094
12.19 1.11 0.019 129.314
12.2 1.27 0.021 132.979
12.21 1.33 0.022 134.415
12.22 1.39 0.023 135.804
12.23 1.39 0.025 136.781
12.24 1.43 0.025 137.372
12.25 1.44 0.025 137.541
12.26 1.51 0.027 139.406
12.27 1.58 0.03 141.586
12.28 1.63 0.033 143.387
12.29 1.67 0.034 144.279
12.3 1.71 0.036 145.495
12.31 1.75 0.038 146.671
12.32 1.76 0.041 147.756
12.33 1.84 0.043 149.329
12.34 2.02 0.046 152.235
12.35 2.2 0.047 154.429
12.36 2.31 0.045 154.991
12.37 2.47 0.045 156.528
12.38 2.58 0.046 157.837
12.39 2.62 0.047 158.506
12.4 2.63 0.047 158.629
12.41 2.65 0.048 159.116
12.42 2.61 0.052 159.864
12.43 2.51 0.054 159.503
12.44 2.41 0.013 140.886
12.45 2.39 0.04 154.545
12.46 2.42 0.037 153.856
12.47 2.52 0.033 153.324
12.48 2.58 0.029 152.233
12.49 2.64 0.025 150.897
12.5 2.57 0.021 148.183
12.51 0.85 0.017 124.184
12.52 2.14 0.016 141.161
12.53 1.92 0.014 137.468
12.54 1.68 0.013 134.051
12.55 1.43 0.012 130.136
12.56 1.22 0.012 127.222
12.57 1.05 0.011 123.631
12.58 0.92 0.011 121.327
12.59 0.85 0.01 119.031
12.6 0.83 0.009 117.615
12.61 0.81 0.009 117.228
12.62 0.79 0.008 115.693
12.63 0.75 0.008 114.856
12.64 0.75 0.007 113.612
12.65 0.75 0.006 112.189
12.66 0.77 0.005 110.944
12.67 0.76 0.005 110.76
12.68 0.76 0.005 110.784
12.69 0.76 0.004 108.77
12.7 0.76 0.005 110.832
12.71 0.73 0.004 108.188
12.72 0.72 0.003 105.443
12.73 0.71 0.003 105.254
12.74 0.72 0.003 105.489
12.75 0.72 0.004 108.068
12.76 0.72 0.004 108.092
12.77 0.72 0.004 108.115
12.78 0.72 0.004 108.139
12.79 0.7 0.003 105.176
12.8 0.72 0.003 105.627
12.81 0.72 0.003 105.65
12.82 0.72 0.003 105.673
12.83 0.74 0.003 106.114
12.84 0.74 0.003 106.136
12.85 0.76 0.003 106.568
12.86 0.75 0.003 106.388
12.87 0.75 0.003 106.411
12.88 0.74 0.003 106.228
12.89 0.71 0.003 105.62
12.9 0.73 0.003 106.066
12.91 0.73 0.003 106.089
12.92 0.74 0.003 106.32
12.93 0.74 0.002 102.815
12.94 0.77 0.002 103.427
12.95 0.78 0.002 103.642
12.96 0.76 0.002 103.277
12.97 0.75 0.002 103.103
12.98 0.74 0.002 102.926
12.99 0.74 0.002 102.948
13 0.72 0.002 102.564
13.01 0.69 0.002 101.959
13.02 0.7 0.002 102.193
13.03 0.72 0.002 102.63
13.04 0.71 0.003 105.96
13.05 0.72 0.003 106.196
13.06 0.79 0.003 107.648
13.07 0.79 0.004 110.279
13.08 0.82 0.004 110.896
13.09 0.87 0.003 109.223
13.1 0.89 0.003 109.604
13.11 0.89 0.003 109.628
13.12 0.87 0.003 109.293
13.13 0.89 0.002 106.036
13.14 0.83 0.002 104.998
13.15 0.83 0.002 105.02
13.16 0.77 0.002 103.913
13.17 0.71 0.002 102.728
13.18 0.69 0.002 102.328
13.19 0.69 0.002 102.35
13.2 0.65 0.002 101.495
13.21 0.66 0.002 101.739
13.22 0.66 0.002 101.761
13.23 0.64 0.001 95.6536
13.24 0.64 0.001 95.6737
13.25 0.64 0.001 95.6938
13.26 0.61 0.001 95.0544
13.27 0.61 0.001 95.0744
13.28 0.62 0 0
13.29 0.62 0 0
13.3 0.64 0 0
13.31 0.66 0.001 96.2396
13.32 0.66 0.001 96.2597
13.33 0.68 0.001 96.6945
13.34 0.7 0.001 97.1192
13.35 0.72 0.001 97.5343
13.36 0.72 0.001 97.5546
13.37 0.72 0.001 97.5749
13.38 0.74 0.001 97.981
13.39 0.74 0.001 98.0014
13.4 0.72 -0.001 -nan
13.41 0.71 0.001 97.4595
13.42 0.71 0.001 97.4797
13.43 0.71 0.001 97.4999
13.44 0.71 0.001 97.5201
13.45 0.71 0.001 97.5402
13.46 0.72 0.001 97.7571
13.47 0.39 0.001 89.5149
13.48 0.72 0.001 97.7974
13.49 0.71 0.001 97.6208
13.5 0.7 0.001 97.4417
13.51 0.72 0.001 97.8579
13.52 0.7 0.001 97.4818
13.53 0.69 0.001 97.3
13.54 0.7 0.001 97.5218
13.55 0.7 0.001 97.5419
13.56 0.7 0 0
13.57 0.71 0 0
13.58 0.7 0 0
13.59 0.68 0 0
13.6 0.69 0 0
13.61 0.68 0 0
13.62 0.68 0 0
13.63 0.66 0 0
13.64 0.65 0 0
13.65 0.65 0 0
13.66 0.64 0 0
13.67 0.65 0 0
13.68 0.65 -0.001 -nan
13.69 0.63 -0.001 -nan
13.7 0.63 -0.001 -nan
13.71 0.6 -0.001 -nan
13.72 0.61 -0.001 -nan
13.73 0.61 -0.001 -nan
13.74 0.62 -0.001 -nan
13.75 0.6 -0.001 -nan
13.76 0.59 -0.001 -nan
13.77 0.6 -0.001 -nan
13.78 0.62 -0.001 -nan
13.79 0.63 -0.001 -nan
13.8 0.63 0 0
13.81 0.64 0 0
13.82 0.64 0 0
13.83 0.64 0 0
13.84 0.64 0.001 96.8598
13.85 0.66 0.001 97.3095
13.86 0.71 0.001 98.3579
13.87 0.75 0.001 99.1571
13.88 0.81 0.002 106.235
13.89 0.87 0.002 107.356
13.9 0.89 0.003 111.425
13.91 0.86 0.002 107.22
13.92 0.87 0.003 111.106
13.93 0.85 0.003 110.756
13.94 0.87 0.002 107.463
13.95 0.86 0.002 107.306
13.96 0.87 0.002 107.506
13.97 0.85 0.002 107.168
13.98 0.8 0.003 109.903
13.99 0.77 0.002 105.695
14 0.72 0.001 98.8319
14.01 0.72 0.001 98.8516
14.02 0.69 0.002 104.101
14.03 0.69 0.001 98.2866
14.04 0.69 0.001 98.306
14.05 0.69 0.001 98.3255
14.06 0.71 0.001 98.7504
14.07 0.71 0.001 98.7699
14.08 0.72 0.002 104.865
14.09 0.73 0.002 105.094
14.1 0.74 0.001 99.4192
14.11 0.86 0.001 101.614
14.12 1 0.001 103.866
14.13 1.06 0.001 104.761
14.14 1.08 0.001 105.064
14.15 1.05 0.001 104.66
14.16 0.98 0.001 103.645
14.17 0.87 0.001 101.904
14.18 0.8 0 0
14.19 0.79 0.001 100.537
14.2 0.78 0.002 106.331
14.21 0.85 0.003 111.371
14.22 0.87 0.002 108.059
14.23 1.03 0.004 117.314
14.24 1.07 0.004 117.982
14.25 1.23 0.005 122.653
14.26 1.32 0.007 127.449
14.27 1.4 0.013 135.354
14.28 1.44 0.016 138.299
14.29 1.62 0.024 145.519
14.3 2.93 0.037 164.325
14.31 5.36 0.046 182.569
14.32 8.39 0.06 199.129
14.33 11.46 0.073 211.741
14.34 14.96 0.089 223.727
14.35 16.23 0.107 229.908
14.36 17.4 0.127 235.604
14.37 18.39 0.145 240.169
14.38 19.14 0.158 243.334
14.39 19.78 0.178 246.973
14.4 20.18 0.198 249.939
14.41 20.76 0.21 252.241
14.42 21.24 0.226 254.673
14.43 21.57 0.237 256.299
14.44 21.83 0.206 253.814
14.45 22.05 0.204 254.023
14.46 22.34 0.212 255.366
14.47 22.72 0.228 257.591
14.48 23.1 0.237 259.09
14.49 23.41 0.249 260.707
14.5 24.11 0.26 262.809
14.51 22.71 0.265 261.018
14.52 24.37 0.273 264.387
14.53 25.63 0.283 267.163
14.54 26.3 0.29 268.755
14.55 27.26 0.305 271.333
14.56 27.81 0.316 272.97
14.57 28.41 0.324 274.433
14.58 28.7 0.336 275.72
14.59 28.89 0.348 276.842
14.6 28.91 0.358 277.576
14.61 28.95 0.368 278.321
14.62 28.87 0.376 278.762
14.63 28.65 0.38 278.753
14.64 28.42 0.384 278.725
14.65 28.06 0.387 278.447
14.66 27.65 0.388 277.97
14.67 27.12 0.388 277.249
14.68 26.6 0.388 276.529
14.69 26.07 0.385 275.603
14.7 25.48 0.383 274.629
14.71 24.87 0.381 273.605
14.72 24.3 0.372 272.203
14.73 23.55 0.368 270.784
14.74 22.73 0.363 269.15
14.75 21.79 0.355 267.073
14.76 21.33 0.337 265.153
14.77 20.24 0.328 262.616
14.78 19.18 0.321 260.171
14.79 18.2 0.31 257.514
14.8 17.68 0.301 255.861
14.81 17.14 0.288 253.835
14.82 16.65 0.26 250.682
14.83 15.51 0.249 247.29
14.84 15.04 0.236 245.147
14.85 14.46 0.21 241.452
14.86 13.79 0.197 238.581
14.87 13.05 0.185 235.503
14.88 11.54 0.174 230.236
14.89 10.89 0.166 227.472
14.9 10.31 0.154 224.323
14.91 9.29 0.146 220.046
14.92 8.81 0.138 217.39
14.93 8.29 0.13 214.466
14.94 7.73 0.122 211.237
14.95 7.14 0.118 208.296
14.96 6.52 0.114 205.038
14.97 5.39 0.109 198.789
14.98 4.89 0.092 193.312
14.99 4.44 0.08 188.474
15 4.11 0.067 183.694
15.01 3.78 0.056 178.838
15.02 3.58 0.048 175.215
15.03 3.4 0.042 172.028
15.04 2.83 0.039 166.543
15.05 2.6 0.036 163.461
15.06 2.36 0.033 160.064
15.07 2.14 0.018 150.09
15.08 1.94 0.023 151.061
15.09 1.73 0.023 148.617
15.1 2.01 0.024 152.429
15.11 3.4 0.028 166.567
15.12 5.79 0.032 181.881
15.13 8.57 0.045 198.02
15.14 10.34 0.054 206.595
15.15 13 0.064 216.598
15.16 13.68 0.087 223.881
15.17 13.89 0.097 226.454
15.18 13.83 0.106 228.032
15.19 13.73 0.115 229.385
15.2 13.16 0.131 230.516
15.21 12.74 0.136 230.2
15.22 12.25 0.142 229.769
15.23 11.24 0.145 227.376
15.24 10.7 0.149 226.323
15.25 10.23 0.158 226.005
15.26 9.81 0.161 225.037
15.27 9.13 0.162 222.877
15.28 8.98 0.163 222.5
15.29 8.9 0.161 222.026
15.3 8.97 0.158 221.969
15.31 9.21 0.153 222.26
15.32 10.38 0.145 225.153
15.33 11.35 0.136 226.897
15.34 12.48 0.126 228.604
15.35 13.69 0.129 232.166
15.36 15.06 0.131 235.721
15.37 16.44 0.141 240.225
15.38 18.96 0.159 247.717
15.39 19.99 0.171 251.173
15.4 20.89 0.183 254.247
15.41 21.64 0.206 258.118
15.42 22.98 0.22 261.836
15.43 23.69 0.231 264.103
15.44 24.37 0.258 267.68
15.45 25.48 0.269 270.388
15.46 25.95 0.281 272.136
15.47 26.4 0.292 273.733
15.48 27.06 0.277 273.554
15.49 27.27 0.264 272.815
15.5 27.34 0.277 274.059
15.51 27.34 0.293 275.391
15.52 27.35 0.303 276.225
15.53 27.28 0.313 276.92
15.54 27.14 0.33 277.985
15.55 22.17 0.337 270.525
15.56 26.62 0.341 278.068
15.57 26.81 0.349 278.941
15.58 27.29 0.358 280.297
15.59 27.53 0.362 280.961
15.6 27.77 0.368 281.747
15.61 28 0.374 282.512
15.62 28.21 0.38 283.242
15.63 28.35 0.385 283.803
15.64 28.46 0.387 284.134
15.65 28.57 0.389 284.464
15.66 28.6 0.393 284.8
15.67 28.68 0.4 285.384
15.68 28.66 0.403 285.584
15.69 28.76 0.408 286.071
15.7 28.85 0.413 286.54
15.71 28.88 0.419 286.978
15.72 28.85 0.419 286.986
15.73 28.89 0.421 287.208
15.74 28.89 0.424 287.428
15.75 28.89 0.42 287.252
15.76 28.95 0.42 287.389
15.77 28.92 0.419 287.34
15.78 28.91 0.421 287.49
15.79 29.07 0.418 287.598
15.8 29.26 0.416 287.804
15.81 29.37 0.412 287.779
15.82 29.63 0.4 287.487
15.83 29.78 0.394 287.385
15.84 30.27 0.385 287.558
15.85 30.53 0.383 287.838
15.86 30.7 0.39 288.554
15.87 30.93 0.386 288.667
15.88 31.8 0.383 289.685
15.89 32.15 0.372 289.49
15.9 32.42 0.382 290.53
15.91 32.43 0.379 290.403
15.92 32.49 0.379 290.531
15.93 32.26 0.378 290.221
15.94 32.19 0.378 290.181
15.95 32.2 0.382 290.499
15.96 32.03 0.387 290.642
15.97 31.57 0.4 290.886
15.98 31.36 0.407 291.077
15.99 31.12 0.416 291.336
16 30.6 0.416 290.68
16.01 30.42 0.422 290.83
16.02 30.28 0.43 291.142
16.03 30.07 0.439 291.403
16.04 29.79 0.439 291.061
16.05 29.63 0.437 290.775
16.06 29.42 0.438 290.583
16.07 29.18 0.436 290.18
16.08 28.52 0.436 289.276
16.09 28.26 0.435 288.889
16.1 27.83 0.434 288.247
16.11 27.25 0.43 287.202
16.12 26.93 0.428 286.652
16.13 26.65 0.426 286.159
16.14 26.33 0.423 285.543
16.15 25.73 0.416 284.251
16.16 25.61 0.41 283.765
16.17 25.41 0.394 282.556
16.18 25.24 0.388 281.972
16.19 25.13 0.382 281.478
16.2 25.09 0.371 280.778
16.21 25.13 0.327 277.956
16.22 25.23 0.319 277.59
16.23 25.37 0.318 277.786
16.24 25.66 0.319 278.361
16.25 25.79 0.321 278.757
16.26 25.85 0.322 278.97
16.27 25.91 0.323 279.183
16.28 24.78 0.33 277.938
16.29 25.15 0.333 278.79
16.3 25.11 0.336 278.981
16.31 24.86 0.337 278.696
16.32 24.37 0.342 278.287
16.33 24.08 0.342 277.855
16.34 23.75 0.342 277.35
16.35 23.14 0.34 276.225
16.36 22.87 0.337 275.602
16.37 22.6 0.331 274.767
16.38 22.39 0.329 274.306
16.39 22.21 0.327 273.895
16.4 22.28 0.324 273.856
16.41 22.43 0.318 273.741
16.42 22.61 0.3 272.777
16.43 22.85 0.273 271.102
16.44 22.88 0.267 270.699
16.45 22.95 0.27 271.115
16.46 22.9 0.272 271.243
16.47 22.67 0.276 271.223
16.48 22.63 0.281 271.606
16.49 15.72 0.29 258.444
16.5 22.27 0.295 272.169
16.51 22.48 0.298 272.813
16.52 22.49 0.3 273.028
16.53 22.46 0.305 273.397
16.54 22.18 0.311 273.393
16.55 22.08 0.312 273.334
16.56 22.02 0.315 273.49
16.57 21.99 0.317 273.626
16.58 22.1 0.319 274.012
16.59 22.22 0.318 274.2
16.6 22.33 0.317 274.37
16.61 22.48 0.313 274.39
16.62 22.66 0.309 274.458
16.63 22.88 0.312 275.107
16.64 23.23 0.311 275.681
16.65 23.43 0.31 275.994
16.66 23.62 0.311 276.435
16.67 23.83 0.312 276.908
16.68 24 0.311 277.164
16.69 24.16 0.312 277.549
16.7 24.24 0.313 277.802
16.71 24.24 0.316 278.069
16.72 24.14 0.316 277.949
16.73 24 0.317 277.836
16.74 23.52 0.318 277.147
16.75 23.3 0.319 276.891
16.76 23.02 0.319 276.455
16.77 22.7 0.316 275.727
16.78 22.45 0.317 275.406
16.79 22.23 0.31 274.551
16.8 21.68 0.309 273.534
16.81 21.33 0.306 272.717
16.82 20.84 0.3 271.403
16.83 20.41 0.295 270.256
16.84 19.93 0.29 268.993
16.85 19.42 0.287 267.804
16.86 18.14 0.274 264.21
16.87 17.32 0.267 261.934
16.88 16.48 0.259 259.451
16.89 15.69 0.25 256.908
16.9 14.83 0.243 254.271
16.91 13.29 0.235 249.633
16.92 12.52 0.22 246.183
16.93 11.79 0.211 243.256
16.94 10.97 0.205 240.206
16.95 10.22 0.197 237.021
16.96 9.5 0.189 233.772
16.97 8.92 0.179 230.653
16.98 8.44 0.162 226.968
16.99 7.49 0.145 221.087
17 6.97 0.135 217.546
17.01 6.4 0.132 214.524
17.02 5.92 0.125 211.204
17.03 5.43 0.113 206.882
17.04 4.91 0.097 201.364
17.05 4.07 0.083 193.502
17.06 3.85 0.07 189.289
17.07 3.74 0.061 186.385
17.08 3.74 0.057 185.367
17.09 3.67 0.048 182.268
17.1 3.51 0.045 180.162
17.11 3.26 0.044 177.951
17.12 2.99 0.04 174.389
17.13 2.74 0.036 170.735
17.14 2.43 0.033 166.625
17.15 2.4 0.031 165.491
17.16 2.32 0.029 163.801
17.17 2.27 0.022 159.603
17.18 2.19 0.021 158.193
17.19 2.09 0.018 155.154
17.2 1.99 0.018 154.088
17.21 1.94 0.018 153.549
17.22 1.91 0.018 153.23
17.23 1.82 0.017 151.471
17.24 1.79 0.016 150.373
17.25 1.81 0.015 149.831
17.26 1.86 0.013 148.664
17.27 1.93 0.012 148.489
17.28 1.95 0.012 148.733
17.29 1.91 0.013 149.305
17.3 1.82 0.016 150.879
17.31 1.81 0.017 151.546
17.32 1.99 0.016 152.88
17.33 2.17 0.016 154.823
17.34 2.32 0.014 154.619
17.35 2.41 0.016 157.23
17.36 2.42 0.017 158.145
17.37 2.45 0.02 160.608
17.38 2.43 0.02 160.444
17.39 2.42 0.023 162.251
17.4 2.57 0.025 164.827
17.41 2.71 0.028 167.691
17.42 2.79 0.029 168.915
17.43 3.05 0.019 165.208
17.44 3.69 0.028 175.397
17.45 3.82 0.029 176.818
17.46 3.97 0.044 184.106
17.47 4.08 0.053 187.746
17.48 4.25 0.056 189.75
17.49 4.6 0.054 191.375
17.5 4.46 0.058 191.692
17.51 7.84 0.065 209.927
17.52 10.43 0.077 221.875
17.53 15.11 0.093 237.783
17.54 16.07 0.106 242.566
17.55 16.67 0.122 246.758
17.56 16.9 0.134 249.222
17.57 16.95 0.144 250.865
17.58 16.83 0.17 254.134
17.59 16.47 0.178 254.355
17.6 16.04 0.197 255.576
17.61 15.65 0.208 255.866
17.62 15.46 0.216 256.26
17.63 15.86 0.224 258.024
17.64 16.78 0.236 261.301
17.65 17.91 0.244 264.539
17.66 18.84 0.242 266.334
17.67 19.57 0.237 267.373
17.68 20.08 0.237 268.408
17.69 20.51 0.243 269.831
17.7 21.07 0.253 271.833
17.71 22.51 0.264 275.45
17.72 23.24 0.291 279.013
17.73 23.99 0.304 281.357
17.74 24.71 0.314 283.364
17.75 25.22 0.326 285.132
17.76 25.62 0.335 286.472
17.77 25.89 0.343 287.514
17.78 26.09 0.359 288.971
17.79 26.25 0.366 289.736
17.8 26.27 0.367 289.879
17.81 26.39 0.375 290.636
17.82 26.49 0.383 291.351
17.83 26.53 0.388 291.774
17.84 26.67 0.395 292.476
17.85 27.19 0.409 294.187
17.86 27.6 0.418 295.402
17.87 28.17 0.424 296.671
17.88 28.51 0.432 297.692
17.89 28.87 0.433 298.335
17.9 29.04 0.44 299.032
17.91 29.22 0.442 299.458
17.92 29.2 0.449 299.866
17.93 29.18 0.454 300.16
17.94 29.12 0.465 300.716
17.95 29.08 0.468 300.864
17.96 29 0.477 301.268
17.97 28.89 0.475 301.045
17.98 28.94 0.48 301.429
17.99 28.98 0.481 301.587
18 29.07 0.482 301.821
18.01 29.23 0.478 301.897
18.02 29.42 0.479 302.278
18.03 29.92 0.476 302.901
18.04 30.22 0.477 303.436
18.05 30.23 0.484 303.865
18.06 30.46 0.484 304.244
18.07 30.91 0.494 305.453
18.08 30.95 0.497 305.711
18.09 30.99 0.512 306.572
18.1 31.05 0.515 306.854
18.11 31.1 0.523 307.366
18.12 30.81 0.522 306.95
18.13 30.86 0.528 307.361
18.14 30.65 0.531 307.251
18.15 30.44 0.528 306.849
18.16 30.05 0.528 306.327
18.17 29.93 0.517 305.661
18.18 29.85 0.52 305.737
18.19 29.78 0.511 305.237
18.2 29.59 0.51 304.953
18.21 29.56 0.505 304.705
18.22 29.46 0.491 303.891
18.23 29.29 0.485 303.374
18.24 28.95 0.478 302.544
18.25 28.69 0.477 302.145
18.26 28.52 0.468 301.454
18.27 28.19 0.459 300.509
18.28 27.73 0.456 299.68
18.29 27.34 0.448 298.675
18.3 27.17 0.446 298.341
18.31 26.68 0.437 297.101
18.32 25.97 0.432 295.711
18.33 25.57 0.426 294.752
18.34 25.1 0.42 293.664
18.35 24.74 0.411 292.57
18.36 24.25 0.406 291.476
18.37 23.3 0.4 289.488
18.38 22.85 0.395 288.418
18.39 22.34 0.387 287.036
18.4 21.9 0.374 285.446
18.41 21.04 0.367 283.401
18.42 20.65 0.364 282.488
18.43 20.19 0.36 281.357
18.44 19.76 0.206 267.797
18.45 19.41 0.345 278.861
18.46 18.58 0.317 275.208
18.47 18.21 0.31 273.944
18.48 17.87 0.305 272.873
18.49 17.55 0.299 271.755
18.5 17.24 0.294 270.719
18.51 10.34 0.282 250.674
18.52 16.01 0.275 266.445
18.53 15.79 0.271 265.63
18.54 15.49 0.265 264.444
18.55 15.12 0.262 263.315
18.56 14.72 0.258 262.004
18.57 14.29 0.257 260.843
18.58 13.24 0.256 257.947
18.59 12.63 0.258 256.405
18.6 11.96 0.256 254.274
18.61 11.21 0.254 251.787
18.62 10.39 0.251 248.839
18.63 9.59 0.248 245.775
18.64 7.91 0.241 238.519
18.65 7.12 0.24 234.886
18.66 6.38 0.227 230.169
18.67 5.82 0.217 226.328
18.68 5.34 0.208 222.787
18.69 4.97 0.204 220.172
18.7 4.46 0.201 216.531
18.71 4.11 0.192 213.215
18.72 3.69 0.188 209.595
18.73 3.28 0.181 205.451
18.74 2.88 0.176 201.2
18.75 2.6 0.17 197.716
18.76 2.47 0.162 195.504
18.77 2.37 0.154 193.556
18.78 2.27 0.143 191.204
18.79 2.21 0.137 189.818
18.8 2.19 0.134 189.249
18.81 2.14 0.131 188.293
18.82 2.11 0.126 187.331
18.83 2.06 0.122 186.212
18.84 2.05 0.12 185.854
18.85 1.94 0.119 184.282
18.86 1.91 0.116 183.506
18.87 1.86 0.109 181.889
18.88 1.81 0.104 180.497
18.89 1.75 0.097 178.611
18.9 1.71 0.09 176.937
18.91 1.69 0.084 175.652
18.92 1.68 0.081 174.998
18.93 1.68 0.078 174.475
18.94 1.71 0.076 174.568
18.95 1.73 0.074 174.499
18.96 1.75 0.073 174.616
18.97 1.79 0.065 173.526
18.98 1.84 0.062 173.558
18.99 1.83 0.059 172.733
19 1.78 0.057 171.578
19.01 1.77 0.053 170.429
19.02 1.73 0.05 169.072
19.03 1.68 0.049 168.101
19.04 1.68 0.046 167.244
19.05 1.68 0.042 166.007
19.06 1.68 0.036 163.916
19.07 1.76 0.034 164.259
19.08 1.83 0.037 166.374
19.09 1.93 0.056 173.561
19.1 2.28 0.077 182.576
19.11 2.78 0.077 187.891
19.12 3.35 0.102 197.603
19.13 6.08 0.141 221.224
19.14 7.07 0.146 226.771
19.15 8.25 0.179 235.867
19.16 9.61 0.169 239.992
19.17 10.75 0.191 246.429
19.18 11.93 0.216 252.762
19.19 11.45 0.196 249.285
19.2 11.52 0.181 247.893
19.21 12.37 0.182 250.598
19.22 13.54 0.196 255.488
19.23 15.27 0.185 258.741
19.24 20.69 0.177 269.357
19.25 22.18 0.181 272.613
19.26 22.98 0.194 275.633
19.27 25.2 0.196 279.597
19.28 27.38 0.209 284.514
19.29 27.91 0.314 295.171
19.3 29.85 0.297 296.707
19.31 31.36 0.277 297.138
19.32 32.61 0.256 296.904
19.33 32.76 0.242 295.756
19.34 32.33 0.244 295.438
19.35 31.43 0.257 295.556
19.36 29.18 0.231 289.869
19.37 29.44 0.325 298.645
19.38 29.57 0.323 298.724
19.39 29.78 0.292 296.572
19.4 29.53 0.305 297.33
19.41 29.81 0.369 302.534
19.42 30.22 0.315 299.208
19.43 30.64 0.281 297.01
19.44 27.39 0.268 291.145
19.45 26.79 0.242 287.805
19.46 27.3 0.234 287.823
19.47 28.13 0.218 287.41
19.48 27.99 0.216 287.024
19.49 29.38 0.194 286.504
19.5 31.74 0.192 289.501
19.51 33.01 0.175 288.945
19.52 34.48 0 0
19.53 35.69 0 0
19.54 37.28 0 0
19.55 37.93 0 0
19.56 40.1 0 0
19.57 40.7 0 0
19.58 43.32 0 0
