0.01 -0.0015564 0 -nan
0.02 -0.0015564 0 -nan
0.03 0.12296 0 0
0.04 5.3306 0 0
0.05 12.373 0 0
0.06 25.216 0 0
0.07 34.302 0.038575 53.5577
0.0800001 36.807 0.043009 56.6608
0.0900001 29.538 0.057566 58.1136
0.1 20.507 0.043234 55.4412
0.11 20.353 0.044116 56.9637
0.12 21.895 0.034684 57.8068
0.13 21.466 0.032554 58.6293
0.14 22.202 0.053245 62.6539
0.15 24.337 0.051151 64.5016
0.16 25.345 0.06165 67.0882
0.17 26.828 0.039255 66.2539
0.18 27.388 0.039279 67.5191
0.19 26.828 0.026968 66.233
0.2 25.517 0.093387 73.9632
0.21 26.154 0.10918 76.2244
0.22 26.392 0.11326 77.5537
0.23 25.319 0.081091 75.9104
0.24 26.011 0.067254 75.9216
0.25 25.736 0.085834 78.2426
0.26 24.539 0.065745 76.8362
0.27 23.667 0.083673 78.8084
0.28 24.649 0.059769 77.8663
0.29 23.319 0.078788 79.8179
0.3 23.638 0.032107 74.9215
0.31 21.712 0.019179 71.5537
0.32 20.635 0.032247 74.8271
0.33 20.712 0.11632 84.0162
0.34 19.21 0.11326 83.6173
0.35 18.511 0.14747 85.7067
0.36 18.108 0.1284 85.1209
0.37 15.566 0.15099 85.0629
0.38 13.27 0.17031 84.5922
0.39 11.175 0.16547 82.9238
0.4 9.7399 0.19111 82.8601
0.41 8.8097 0.2018 82.6068
0.42 8.0187 0.20557 82.1695
0.43 7.7953 0.21 82.5191
0.44 7.2569 0.21171 82.2522
0.45 6.2938 0.16589 79.4591
0.46 5.4295 0.17359 78.5595
0.47 4.1257 0.17624 76.0622
0.48 3.8621 0.18125 75.9616
0.49 3.7522 0.16073 75.3246
0.5 3.7961 0.15385 75.6001
0.51 3.6387 0.10419 73.1445
0.52 5.15 0.12147 78.306
0.53 6.662 0.093888 79.9626
0.54 8.173 0.090742 82.546
0.55 9.685 0.088471 84.842
0.56 14.442 0.10247 91.4286
0.57 18.229 0.11624 96.0149
0.58 20.99 0.08556 95.9811
0.59 22.459 0.080683 96.9079
0.6 23.261 0.12626 101.57
0.61 22.77 0.092498 99.1248
0.62 22.451 0.093219 99.436
0.63 21.935 0.25395 108.202
0.640001 22.462 0.1757 105.757
0.650001 21.309 0.19408 106.287
0.660001 20.987 0.19207 106.413
0.670001 20.346 0.20729 107.06
0.680001 19.712 0.21867 107.49
0.690001 17.485 0.29149 108.647
0.700001 15.684 0.27837 106.978
0.710001 15.222 0.26274 106.426
0.720001 15.435 0.29004 107.939
0.730001 14.581 0.29057 107.485
0.740001 13.395 0.28749 106.488
0.75 11.703 0.29427 105.031
0.760001 10.315 0.30477 103.822
0.770001 10.348 0.32372 104.773
0.780001 10.194 0.32476 104.95
0.790001 9.1539 0.31563 103.457
0.800001 9.121 0.29011 103.041
0.810001 8.9855 0.27082 102.585
0.820001 8.7841 0.26762 102.499
0.830001 7.5792 0.26809 100.698
0.840001 6.953 0.2529 99.3038
0.850001 7.0335 0.24844 99.6487
0.860001 6.8321 0.22709 98.8143
0.870001 7.5462 0.22864 100.619
0.880001 8.4874 0.23476 102.888
0.890001 8.6852 0.23399 103.526
0.900001 9.077 0.23539 104.562
0.910001 9.2015 0.22768 104.799
0.920001 9.4359 0.21603 105.039
0.930001 9.4213 0.22151 105.552
0.940001 9.3554 0.20672 105.153
0.950001 9.3847 0.20182 105.3
0.960001 9.4176 0.19398 105.312
0.970001 9.5568 0.20429 106.296
0.980001 9.619 0.17419 105.294
0.990001 9.6264 0.16864 105.319
1 9.3554 0.17518 105.514
1.01 8.872 0.16691 104.579
1.02 8.6888 0.1571 104.026
1.03 8.4288 0.14688 103.273
1.04 8.1175 0.15939 103.694
1.05 7.9491 0.15388 103.354
1.06 7.6048 0.15317 102.929
1.07 7.4071 0.14628 102.414
1.08 7.2533 0.14204 102.119
1.09 7.2935 0.13982 102.328
1.1 7.2972 0.13428 102.252
1.11 7.3375 0.13533 102.657
1.12 7.3631 0.14871 103.776
1.13 7.2349 0.1408 103.299
1.14 7.1031 0.14479 103.519
1.15 6.6929 0.17395 104.468
1.16 6.4769 0.1615 103.584
1.17 6.129 0.17562 103.73
1.18 5.6822 0.19046 103.545
1.19 5.8946 0.19301 104.454
1.2 6.7222 0.19837 106.94
1.21 6.4842 0.18902 106.205
1.22 6.2535 0.19484 106.162
1.23 6.0484 0.19219 105.773
1.24 6.118 0.1849 105.845
1.25 6.1876 0.17212 105.623
1.26 6.4805 0.17575 106.75
1.27 6.4073 0.1941 107.696
1.28 6.063 0.18317 106.561
1.29 6.129 0.17831 106.72
1.3 6.5391 0.15514 106.708
1.31 6.7625 0.14752 107.005
1.32 6.4732 0.13636 105.863
1.33 6.4366 0.12596 105.302
1.34 6.5318 0.11965 105.293
1.35 6.2755 0.12181 105.061
1.36 6.334 0.11652 105.029
1.37 5.6236 0.11164 103.088
1.38 5.2464 0.10901 102.066
1.39 5.6346 0.096804 102.312
1.4 5.7371 0.093739 102.508
1.41 5.4185 0.10031 102.445
1.42 4.7556 0.092267 100.038
1.43 4.6604 0.08771 99.5213
1.44 4.47 0.08743 99.0908
1.45 4.3491 0.088744 99.0132
1.46 4.0086 0.091247 98.2719
1.47 3.8657 0.081241 97.0033
1.48 3.6497 0.088217 97.0478
1.49 3.4995 0.079359 95.7959
1.5 3.3933 0.063944 93.8476
1.51 3.1553 0.049814 91.1287
1.52 3.0857 0.04812 90.7417
1.53 2.8843 0.047858 89.9871
1.54 2.7707 0.050095 89.9714
1.55 2.5913 0.047396 88.8584
1.56 2.4997 0.04687 88.4751
1.57 2.3569 0.048049 88.0666
1.58 2.291 0.050754 88.2639
1.59 2.1775 0.052397 88.0073
1.6 2.0603 0.049385 87.0315
1.61 2.0053 0.048915 86.7743
1.62 2.0529 0.041097 85.9633
1.63 1.9504 0.046043 86.2897
1.64 1.694 0.033043 82.394
1.65 1.6428 0.041018 83.6608
1.66 1.6538 0.04039 83.7744
1.67 1.8735 0.039893 85.3473
1.68 2.0017 0.039997 86.3265
1.69 1.9907 0.038664 86.1571
1.7 2.1445 0.040075 87.4889
1.71 2.3715 0.042193 89.2923
1.72 2.4265 0.041704 89.646
1.73 2.5107 0.042668 90.4044
1.74 2.6535 0.043902 91.4903
1.75 2.7268 0.046878 92.4999
1.76 2.8074 0.050534 93.6191
1.77 2.8147 0.055818 94.5811
1.78 2.8257 0.061505 95.5508
1.79 2.833 0.064137 96.0696
1.8 2.8257 0.065919 96.4023
1.81 2.8 0.070381 96.9509
1.82 2.7304 0.073568 97.1053
1.83 2.6792 0.07626 97.279
1.84 2.6462 0.07818 97.4542
1.85 2.6535 0.081762 98.0045
1.86 2.6426 0.083649 98.2797
1.87 2.5766 0.085871 98.2826
1.88 2.4741 0.086186 97.8846
1.89 2.4192 0.088104 97.8919
1.9 2.3752 0.091924 98.1227
1.91 2.3642 0.093379 98.3287
1.92 2.3532 0.092214 98.3027
1.93 2.3606 0.087578 98.0675
1.94 2.4448 0.079918 97.9566
1.95 2.5327 0.073816 97.9476
1.96 2.6535 0.07331 98.6908
1.97 3.0344 0.063686 99.5851
1.98 3.2798 0.059531 100.284
1.99 3.5288 0.055409 100.884
2 3.8584 0.046402 100.833
2.01 3.8914 0.04145 100.152
2.02 3.8511 0.036511 99.0885
2.03 3.7375 0.029257 96.9938
2.04 3.6753 0.026718 96.1629
2.05 3.6094 0.024436 95.3323
2.06 3.5251 0.023863 94.9494
2.07 3.2541 0.023013 93.7052
2.08 3.104 0.023475 93.3492
2.09 2.9465 0.024833 93.2106
2.1 2.7561 0.024964 92.4813
2.11 2.7158 0.024924 92.395
2.12 2.6645 0.024713 92.1975
2.13 2.5876 0.024238 91.7814
2.14 2.5327 0.023974 91.5342
2.15 2.54 0.025182 92.0667
2.16 2.5766 0.022154 91.3963
2.17 2.6352 0.019859 90.9789
2.18 2.6572 0.017782 90.37
2.19 2.6426 0.016166 89.6994
2.2 2.6426 0.018714 90.9134
2.21 2.6572 0.013582 88.7031
2.22 2.6462 0.013688 88.8188
2.23 2.6133 0.013551 88.6956
2.24 2.5693 0.014132 88.899
2.25 2.5363 0.013122 88.2972
2.26 2.5107 0.01407 88.7909
2.27 2.4155 0.015828 89.2767
2.28 2.3642 0.018159 90.1344
2.29 2.3056 0.023485 91.8635
2.3 2.2507 0.024549 91.9947
2.31 2.1921 0.02438 91.7038
2.32 2.2251 0.022827 91.5092
2.33 2.3569 0.024312 92.8667
2.34 2.5656 0.024066 94.0407
2.35 2.8513 0.02295 95.2178
2.36 3.5801 0.022164 98.2214
2.37 3.9097 0.017197 97.5116
2.38 4.1331 0.015561 97.595
2.39 4.3345 0.014156 97.609
2.4 4.6934 0.013932 98.7172
2.41 4.8289 0.012447 98.311
2.42 4.9204 0.015699 100.615
2.43 4.9607 0.016806 101.422
2.44 4.9497 0.017412 101.805
2.45 4.9351 0.018005 102.162
2.46 4.9241 0.014671 100.518
2.47 4.9168 0.021208 103.742
2.48 4.9497 0.020649 103.728
2.49 4.99 0.02238 104.664
2.5 5.034 0.024152 105.58
2.51 5.0926 0.02419 105.888
2.52 5.1585 0.025235 106.575
2.53 5.294 0.025537 107.198
2.54 5.3562 0.025442 107.463
2.55 5.426 0.025302 107.732
2.56 5.4954 0.025498 108.116
2.57 5.6968 0.025602 108.832
2.58 5.8067 0.025838 109.334
2.59 6.0154 0.025718 109.967
2.6 6.1107 0.022675 109.184
2.61 6.2938 0.027094 111.404
2.62 6.3707 0.02677 111.606
2.63 6.5245 0.027554 112.379
2.64 6.5977 0.027936 112.807
2.65 6.7296 0.028107 113.306
2.66 6.7955 0.029148 113.928
2.67 6.9017 0.02955 114.432
2.68 6.953 0.03044 114.957
2.69 7.0006 0.031323 115.463
2.7 7.0921 0.032833 116.253
2.71 7.1434 0.033208 116.604
2.72 7.18 0.033352 116.851
2.73 7.2606 0.03351 117.205
2.74 7.3009 0.035052 117.858
2.75 7.3338 0.035434 118.16
2.76 7.3704 0.035572 118.403
2.77 7.4547 0.035703 118.752
2.78 7.5096 0.035958 119.068
2.79 7.5609 0.036578 119.473
2.8 7.6048 0.03626 119.605
2.81 7.6708 0.036194 119.854
2.82 7.722 0.036385 120.14
2.83 7.777 0.035612 120.167
2.84 7.8355 0.037248 120.865
2.85 7.9564 0.037248 121.251
2.86 8.0077 0.037512 121.552
2.87 8.0516 0.040984 122.666
2.88 8.0882 0.038966 122.35
2.89 8.1139 0.039812 122.743
2.9 8.1468 0.040262 123.048
2.91 8.1615 0.041926 123.613
2.92 8.1615 0.046401 124.78
2.93 8.1468 0.044159 124.353
2.94 8.0663 0.045038 124.497
2.95 8.0003 0.045633 124.603
2.96 7.9271 0.045495 124.524
2.97 7.8099 0.046842 124.676
2.98 7.6781 0.04733 124.594
2.99 7.5682 0.048247 124.651
3 7.495 0.048227 124.587
3.01 7.4034 0.04824 124.485
3.02 7.3375 0.047805 124.346
3.03 7.2826 0.047575 124.276
3.04 7.1947 0.047614 124.181
3.05 7.1873 0.047173 124.18
3.06 7.2057 0.046573 124.206
3.07 7.2166 0.046178 124.258
3.08 7.2093 0.045295 124.152
3.09 7.1873 0.044682 124.069
3.1 7.1837 0.044544 124.139
3.11 7.1617 0.051039 125.61
3.12 7.1434 0.043685 124.06
3.13 7.0811 0.043714 124.02
3.14 7.0372 0.044157 124.123
3.15 7.0006 0.051187 125.675
3.16 6.9456 0.045429 124.402
3.17 6.8907 0.044177 124.08
3.18 6.7149 0.045564 124.046
3.19 6.5794 0.045539 123.785
3.2 6.4329 0.052344 124.931
3.21 6.3194 0.045142 123.193
3.22 6.1107 0.045512 122.788
3.23 6.0118 0.045605 122.626
3.24 5.9166 0.045217 122.363
3.25 5.8067 0.044768 122.036
3.26 5.6895 0.044953 121.824
3.27 5.4734 0.045315 121.331
3.28 5.3855 0.046065 121.316
3.29 5.3123 0.047481 121.486
3.3 5.261 0.048625 121.659
3.31 5.2134 0.04793 121.457
3.32 5.1988 0.047975 121.519
3.33 5.2281 0.046601 121.425
3.34 5.2903 0.043478 121.033
3.35 5.4002 0.042897 121.357
3.36 5.5357 0.042302 121.75
3.37 5.8213 0.041985 122.66
3.38 5.9422 0.041931 123.112
3.39 6.0484 0.039226 122.844
3.4 6.1509 0.039668 123.358
3.41 6.3011 0.039905 123.95
3.42 6.3597 0.039918 124.219
3.43 6.4256 0.039932 124.509
3.44 6.4695 0.041139 125.041
3.45 6.4988 0.040638 125.096
3.46 6.5501 0.041079 125.451
3.47 6.5684 0.03417 123.692
3.48 6.5684 0.033804 123.681
3.49 6.5611 0.03362 123.703
3.5 6.5538 0.034298 123.988
3.51 6.5428 0.034269 124.047
3.52 6.5574 0.034456 124.241
3.53 6.5758 0.034645 124.446
3.54 6.7186 0.031584 123.972
3.55 6.92 0.022302 121.043
3.56 7.2826 0.031997 125.752
3.57 7.4327 0.03202 126.228
3.58 7.5792 0.032526 126.847
3.59 7.8685 0.032313 127.562
3.6 8.026 0.027739 126.41
3.61 8.0113 0.034012 128.638
3.62 8.4142 0.034136 129.689
3.63 8.568 0.03521 130.464
3.64 8.817 0.036074 131.368
3.65 8.9305 0.038329 132.377
3.66 9.0477 0.038988 132.915
3.67 9.2125 0.039905 133.62
3.68 9.2894 0.040564 134.064
3.69 9.3517 0.042371 134.782
3.7 9.414 0.043043 135.189
3.71 9.4616 0.043934 135.62
3.72 9.5275 0.045503 136.254
3.73 9.5568 0.045931 136.523
3.74 9.5751 0.046373 136.771
3.75 9.6044 0.046564 136.98
3.76 9.6557 0.046748 137.231
3.77 9.6776 0.048167 137.72
3.78 9.7106 0.048153 137.885
3.79 9.7619 0.048872 138.262
3.8 9.7875 0.050086 138.698
3.81 9.8058 0.050113 138.843
3.82 9.8314 0.049678 138.896
3.83 9.8607 0.050675 139.286
3.84 9.8644 0.050912 139.449
3.85 9.8717 0.051862 139.78
3.86 9.8681 0.050364 139.532
3.87 9.8534 0.05194 139.961
3.88 9.8388 0.05281 140.225
3.89 9.8168 0.052122 140.128
3.9 9.7912 0.052029 140.154
3.91 9.7912 0.052417 140.341
3.92 9.7912 0.051328 140.195
3.93 9.8314 0.051803 140.485
3.94 9.8791 0.050833 140.461
3.95 9.923 0.050833 140.65
3.96 10.04 0.051103 141.049
3.97 10.091 0.051334 141.304
3.98 10.139 0.051525 141.543
3.99 10.216 0.051954 141.894
4 10.216 0.0519 141.981
4.01 10.227 0.051867 142.094
4.02 10.227 0.050613 141.903
4.03 10.209 0.052038 142.293
4.04 10.212 0.052988 142.612
4.05 10.238 0.052744 142.707
4.06 10.264 0.05436 143.216
4.07 10.293 0.054577 143.42
4.08 10.311 0.054782 143.599
4.09 10.348 0.054517 143.713
4.1 10.348 0.055217 143.963
4.11 10.348 0.055454 144.112
4.12 10.351 0.055705 144.27
4.13 10.377 0.055725 144.423
4.14 10.388 0.055976 144.597
4.15 10.406 0.056451 144.832
4.16 10.421 0.056688 145.009
4.17 10.428 0.057558 145.304
4.18 10.428 0.057274 145.341
4.19 10.421 0.057472 145.465
4.2 10.41 0.05689 145.416
4.21 10.403 0.05755 145.638
4.22 10.403 0.05747 145.717
4.23 10.403 0.057152 145.746
4.24 10.447 0.057441 145.992
4.25 10.472 0.056622 145.963
4.26 10.494 0.057011 146.186
4.27 10.553 0.054252 145.796
4.28 10.582 0.055881 146.308
4.29 10.626 0.056554 146.637
4.3 10.67 0.056289 146.762
4.31 10.773 0.054805 146.733
4.32 10.831 0.056725 147.363
4.33 10.879 0.05627 147.453
4.34 10.959 0.056349 147.721
4.35 10.978 0.060566 148.742
4.36 11 0.056662 148.057
4.37 11.014 0.05727 148.31
4.38 11.047 0.061858 149.424
4.39 11.036 0.058659 148.838
4.4 11.025 0.05804 148.779
4.41 10.981 0.058866 148.963
4.42 10.882 0.058721 148.832
4.43 10.809 0.059831 149.013
4.44 10.736 0.060372 149.072
4.45 10.564 0.060215 148.787
4.46 10.494 0.047767 145.899
4.47 10.443 0.045436 145.281
4.48 10.381 0.048946 146.149
4.49 10.33 0.051016 146.641
4.5 10.242 0.050726 146.481
4.51 10.205 0.052817 146.988
4.52 10.161 0.053476 147.139
4.53 9.6923 0.05368 146.278
4.54 9.7985 0.054062 146.684
4.55 9.8278 0.054484 146.932
4.56 9.8644 0.055822 147.398
4.57 9.8937 0.055452 147.469
4.58 9.9193 0.055378 147.597
4.59 9.9486 0.054724 147.603
4.6 9.9669 0.054881 147.767
4.61 10.018 0.054517 147.883
4.62 10.048 0.055942 148.354
4.63 10.095 0.056187 148.597
4.64 10.168 0.055818 148.759
4.65 10.209 0.05562 148.89
4.66 10.308 0.055503 149.16
4.67 10.351 0.05776 149.835
4.68 10.421 0.056599 149.816
4.69 10.421 0.056131 149.802
4.7 10.417 0.056124 149.881
4.71 10.359 0.056137 149.851
4.72 10.337 0.054626 149.554
4.73 10.271 0.056921 150.017
4.74 10.205 0.056808 149.941
4.75 10.19 0.052333 148.977
4.76 10.187 0.057603 150.252
4.77 10.19 0.057647 150.356
4.78 10.183 0.057699 150.44
4.79 10.231 0.057788 150.648
4.8 10.275 0.057832 150.838
4.81 10.337 0.057613 151.009
4.82 10.447 0.056956 151.182
4.83 10.553 0.0577 151.653
4.84 10.659 0.057757 151.971
4.85 10.762 0.058308 152.39
4.86 10.974 0.058333 152.911
4.87 11.08 0.058622 153.274
4.88 11.201 0.059199 153.726
4.89 11.432 0.059474 154.326
4.9 11.545 0.060489 154.85
4.91 11.644 0.060527 155.137
4.92 11.864 0.054956 154.398
4.93 11.981 0.063095 156.492
4.94 12.084 0.064578 157.077
4.95 12.289 0.06393 157.414
4.96 12.399 0.059831 156.837
4.97 12.494 0.066136 158.413
4.98 12.604 0.066294 158.733
4.99 12.794 0.067422 159.388
5 12.889 0.067633 159.688
5.01 12.988 0.069513 160.318
5.02 13.083 0.070041 160.677
5.03 13.248 0.071044 161.247
5.04 13.307 0.071064 161.443
5.05 13.351 0.07276 161.926
5.06 13.384 0.074278 162.351
5.07 13.398 0.074568 162.518
5.08 13.409 0.074622 162.636
5.09 13.38 0.075869 162.898
5.1 13.351 0.076437 163.037
5.11 13.34 0.076925 163.193
5.12 13.322 0.077691 163.385
5.13 13.27 0.078925 163.596
5.14 13.241 0.079189 163.678
5.15 13.212 0.080119 163.874
5.16 13.179 0.079618 163.818
5.17 13.127 0.080217 163.915
5.18 13.12 0.08081 164.091
5.19 13.091 0.073095 162.762
5.2 13.065 0.077217 163.548
5.21 13.051 0.079168 163.95
5.22 13.062 0.079259 164.073
5.23 13.076 0.079099 164.158
5.24 13.138 0.074558 163.55
5.25 13.204 0.079182 164.577
5.26 13.398 0.079748 165.108
5.27 13.483 0.079661 165.331
5.28 13.585 0.080063 165.667
5.29 13.666 0.079535 165.805
5.3 13.754 0.080432 166.2
5.31 13.9 0.081091 166.654
5.32 13.97 0.08173 166.971
5.33 14.05 0.082878 167.389
5.34 14.098 0.084631 167.851
5.35 14.138 0.08502 168.071
5.36 14.167 0.085593 168.302
5.37 14.197 0.085934 168.496
5.38 14.226 0.08726 168.848
5.39 14.266 0.088478 169.198
5.4 14.288 0.087633 169.188
5.41 14.369 0.08777 169.435
5.42 14.417 0.088621 169.739
5.43 14.493 0.08827 169.899
5.44 14.567 0.090381 170.445
5.45 14.622 0.071509 167.332
5.46 14.735 0.071974 167.694
5.47 14.808 0.073035 168.103
5.48 14.863 0.073785 168.421
5.49 14.918 0.073989 168.635
5.5 14.98 0.076662 169.32
5.51 14.995 0.076715 169.44
5.52 14.402 0.079671 169.074
5.53 14.669 0.080912 169.826
5.54 14.739 0.083116 170.408
5.55 14.849 0.08524 171.035
5.56 14.867 0.086809 171.411
5.57 14.834 0.088188 171.666
5.58 14.805 0.091246 172.191
5.59 14.746 0.092083 172.309
5.6 14.717 0.088408 171.762
5.61 14.68 0.092649 172.456
5.62 14.688 0.092352 172.509
5.63 14.739 0.091342 172.523
5.64 14.764 0.090603 172.533
5.65 14.911 0.089265 172.651
5.66 14.973 0.089786 172.923
5.67 15.035 0.091087 173.318
5.68 15.054 0.087109 172.791
5.69 15.087 0.091122 173.58
5.7 15.12 0.086974 173.047
5.71 15.134 0.097638 174.829
5.72 15.087 0.088127 173.351
5.73 15.061 0.089825 173.667
5.74 14.999 0.092177 174.022
5.75 14.966 0.093103 174.196
5.76 14.849 0.094246 174.26
5.77 14.779 0.094279 174.231
5.78 14.53 0.094699 173.953
5.79 14.406 0.093944 173.706
5.8 14.255 0.094347 173.588
5.81 14.006 0.094085 173.191
5.82 13.889 0.093362 172.953
5.83 13.783 0.092781 172.755
5.84 13.765 0.092422 172.75
5.85 13.926 0.090806 172.868
5.86 14.08 0.089413 173.001
5.87 14.512 0.087952 173.6
5.88 14.786 0.086441 173.9
5.89 15.054 0.083584 173.945
5.9 15.504 0.084106 174.858
5.91 15.702 0.084905 175.398
5.92 16.068 0.083316 175.787
5.93 16.182 0.086305 176.566
5.94 16.332 0.078329 175.462
5.95 16.379 0.070499 174.084
5.96 16.383 0.068985 173.857
5.97 16.357 0.071307 174.378
5.98 16.31 0.072718 174.672
5.99 16.27 0.074823 175.106
6 16.193 0.075997 175.295
6.01 15.772 0.076689 174.844
6.02 15.35 0.076188 174.148
6.03 15.53 0.080187 175.265
6.04 15.559 0.07621 174.653
6.05 15.566 0.076132 174.729
6.06 15.585 0.077261 175.055
6.07 15.592 0.078134 175.31
6.08 15.603 0.078597 175.494
6.09 15.618 0.077141 175.326
6.1 15.508 0.077685 175.33
6.11 15.475 0.080128 175.808
6.12 15.387 0.081702 176.028
6.13 15.288 0.083556 176.273
6.14 15.2 0.085216 176.495
6.15 15.076 0.085418 176.402
6.16 14.962 0.085402 176.286
6.17 14.794 0.085537 176.102
6.18 14.625 0.086398 176.037
6.19 14.413 0.087463 175.925
6.2 13.915 0.086839 175.011
6.21 13.655 0.089289 175.019
6.22 13.413 0.087616 174.373
6.23 13.16 0.087618 173.973
6.24 12.955 0.093908 174.662
6.25 12.743 0.091883 174.009
6.26 12.549 0.086283 172.796
6.27 12.369 0.086403 172.534
6.28 12.197 0.084075 171.871
6.29 12.073 0.083455 171.589
6.3 11.941 0.082064 171.154
6.31 11.747 0.082394 170.883
6.32 11.685 0.083002 170.932
6.33 11.63 0.081637 170.656
6.3401 11.564 0.078148 169.973
6.3501 11.538 0.077482 169.871
6.3601 11.487 0.077515 169.843
6.3701 11.468 0.078519 170.059
6.3801 11.417 0.078314 169.987
6.3901 11.344 0.078183 169.88
6.4001 11.311 0.078217 169.889
6.4101 11.271 0.07728 169.706
6.4201 11.245 0.075149 169.328
6.4301 11.227 0.074707 169.279
6.4401 11.197 0.060464 166.334
6.4501 11.179 0.055395 165.16
6.4601 11.121 0.058369 165.827
6.4701 11.102 0.061172 166.506
6.4801 11.095 0.062551 166.872
6.4901 11.091 0.063277 167.095
6.5001 11.073 0.063785 167.239
6.5101 10.677 0.064932 166.682
6.5201 10.853 0.065645 167.298
6.5301 10.915 0.066562 167.7
6.5401 10.941 0.067452 168.015
6.5501 10.967 0.068328 168.324
6.5601 10.959 0.068757 168.465
6.5701 10.941 0.069449 168.637
6.5801 10.963 0.070022 168.873
6.5901 10.963 0.069521 168.843
6.6001 10.981 0.070979 169.246
6.6101 11.014 0.072173 169.626
6.6201 11.055 0.07241 169.835
6.6301 11.08 0.07334 170.142
6.6401 11.091 0.074257 170.413
6.6501 11.168 0.073973 170.6
6.6601 11.183 0.074428 170.792
6.6701 11.164 0.074368 170.809
6.6801 11.161 0.074559 170.91
6.6901 11.161 0.074084 170.891
6.7001 11.172 0.074572 171.079
6.7101 11.19 0.074401 171.157
6.7201 11.216 0.07493 171.386
6.7301 11.227 0.080163 172.447
6.7401 11.26 0.073871 171.422
6.7501 11.285 0.073582 171.491
6.7601 11.285 0.079384 172.649
6.7701 11.278 0.073151 171.533
6.7801 11.241 0.073297 171.551
6.7901 11.212 0.074163 171.725
6.8001 11.077 0.074533 171.567
6.8101 11.011 0.07567 171.705
6.8201 10.908 0.076165 171.636
6.8301 10.721 0.076409 171.325
6.8401 10.622 0.07687 171.251
6.8501 10.542 0.075861 170.946
6.8601 10.458 0.075774 170.803
6.8701 10.384 0.073905 170.343
6.8801 10.282 0.073779 170.145
6.8901 10.271 0.072703 169.98
6.9001 10.267 0.072359 169.972
6.9101 10.275 0.068847 169.357
6.9201 10.308 0.070166 169.771
6.9301 10.355 0.070568 170.031
6.9401 10.469 0.068053 169.854
6.9501 10.538 0.068963 170.271
6.9601 10.608 0.069629 170.638
6.9701 10.666 0.069609 170.836
6.9801 10.769 0.067669 170.739
6.9901 10.828 0.067201 170.843
7.0001 10.868 0.066448 170.841
7.0101 10.945 0.064977 170.765
7.0201 10.967 0.06656 171.224
7.0301 10.992 0.066269 171.286
7.0401 11.003 0.066704 171.471
7.0501 11.025 0.067607 171.781
7.0601 11.022 0.067765 171.875
7.0701 11.044 0.067738 171.986
7.0801 11.069 0.068391 172.247
7.0901 11.113 0.068238 172.381
7.1001 11.143 0.067439 172.347
7.1101 11.164 0.067847 172.548
7.1201 11.19 0.067095 172.513
7.1301 11.234 0.06668 172.588
7.1401 11.249 0.066041 172.551
7.1501 11.282 0.065679 172.612
7.1601 11.366 0.065081 172.732
7.1701 11.414 0.065308 172.954
7.1801 11.45 0.064551 172.931
7.1901 11.472 0.064994 173.145
7.2001 11.439 0.070234 174.26
7.2101 11.399 0.067946 173.76
7.2201 11.337 0.067755 173.65
7.2301 11.143 0.069022 173.553
7.2401 11.018 0.068798 173.291
7.2501 10.912 0.0693 173.221
7.2601 10.798 0.0693 173.026
7.2701 10.659 0.069293 172.768
7.2801 10.611 0.069551 172.775
7.2901 10.586 0.069531 172.778
7.3001 10.542 0.070012 172.839
7.3101 10.535 0.068792 172.636
7.3201 10.52 0.068798 172.667
7.3301 10.52 0.068343 172.638
7.3401 10.524 0.067697 172.576
7.3501 10.513 0.066689 172.4
7.3601 10.524 0.066803 172.516
7.3701 10.52 0.06718 172.652
7.3801 10.538 0.067901 172.913
7.3901 10.535 0.067987 172.99
7.4001 10.524 0.068496 173.136
7.4101 10.487 0.068673 173.15
7.4201 10.388 0.069219 173.093
7.4301 10.326 0.054726 169.66
7.4401 10.249 0.05394 169.336
7.4501 10.113 0.056326 169.684
7.4601 10.066 0.058385 170.141
7.4701 10.048 0.061817 170.971
7.4801 10.08 0.067729 172.418
7.4901 10.172 0.076077 174.386
7.5001 10.176 0.092353 177.298
7.5101 10.216 0.096508 178.115
7.5201 9.9486 0.096579 177.512
7.5301 9.8607 0.091606 176.573
7.5401 9.8021 0.089946 176.218
7.5501 9.685 0.066293 171.567
7.5601 9.5348 0.079622 173.874
7.5701 9.4652 0.078596 173.567
7.5801 9.5311 0.070577 172.255
7.5901 9.6227 0.078934 174.17
7.6001 10.007 0.078801 175.195
7.6101 10.267 0.079196 175.98
7.6201 10.868 0.07758 177.189
7.6301 11.113 0.07677 177.668
7.6401 11.285 0.080883 178.901
7.6501 11.516 0.071081 177.57
7.6601 11.622 0.069565 177.551
7.6701 11.696 0.068457 177.54
7.6801 11.739 0.067778 177.551
7.6901 11.714 0.068306 177.675
7.7001 11.637 0.06766 177.431
7.7101 11.465 0.0677 177.123
7.7201 11.37 0.067978 177.035
7.7301 11.289 0.067569 176.828
7.7401 11.245 0.068058 176.898
7.7501 11.227 0.068308 176.975
7.7601 11.197 0.067543 176.804
7.7701 11.161 0.067971 176.878
7.7801 11.139 0.067436 176.775
7.7901 11.117 0.062718 175.724
7.8001 11.08 0.06519 176.269
7.8101 11.073 0.064351 176.126
7.8201 11.066 0.058148 174.693
7.8301 11.095 0.060641 175.432
7.8401 11.121 0.060567 175.536
7.8501 11.154 0.0561 174.557
7.8601 11.267 0.060301 175.926
7.8701 11.344 0.060017 176.092
7.8801 11.414 0.057496 175.682
7.8901 11.56 0.060899 176.91
7.9001 11.626 0.061214 177.193
7.9101 11.666 0.060744 177.23
7.9201 11.772 0.060824 177.543
7.9301 11.813 0.061111 177.763
7.9401 11.838 0.061107 177.879
7.9501 11.919 0.061183 178.134
7.9601 12.007 0.060644 178.254
7.9701 12.095 0.061141 178.625
7.9801 12.223 0.059078 178.448
7.9901 12.571 0.058911 179.191
8.0001 12.805 0.061036 180.261
8.0101 13.069 0.059975 180.591
8.0201 13.68 0.059917 181.831
8.0301 13.977 0.062775 183.166
8.0401 14.226 0.074192 186.268
8.0501 14.578 0.068739 185.805
8.0601 14.669 0.068707 186.029
8.0701 14.677 0.078111 188.105
8.0801 14.607 0.075381 187.484
8.0901 14.508 0.077672 187.832
8.1001 14.373 0.084086 188.887
8.1101 14.102 0.082326 188.103
8.1201 13.966 0.085369 188.474
8.1301 13.853 0.095545 190.09
8.1401 13.644 0.091714 189.095
8.1501 13.578 0.092429 189.149
8.1601 13.494 0.093136 189.165
8.1701 13.362 0.09498 189.27
8.1801 13.285 0.094441 189.087
8.1901 13.179 0.096765 189.316
8.2001 12.937 0.096245 188.791
8.2101 12.823 0.094893 188.392
8.2201 12.692 0.095158 188.221
8.2301 12.563 0.096101 188.162
8.2401 12.333 0.09579 187.675
8.2501 12.238 0.09635 187.62
8.2601 12.135 0.096286 187.445
8.2701 12.029 0.096388 187.288
8.2801 11.988 0.096852 187.334
8.2901 11.974 0.071033 182.594
8.3001 11.977 0.095145 187.157
8.3101 12.018 0.092671 186.902
8.3201 12.102 0.087929 186.336
8.3301 12.399 0.087159 186.913
8.3401 12.604 0.085657 187.147
8.3501 12.871 0.084357 187.536
8.3601 13.618 0.085442 189.33
8.3701 14.072 0.083427 189.912
8.3801 14.519 0.083587 190.863
8.3901 15.299 0.085084 192.655
8.4001 15.592 0.080687 192.395
8.4101 15.896 0.090147 194.783
8.4201 16.35 0.075868 192.852
8.4301 16.537 0.077595 193.594
8.4401 16.731 0.083814 195.231
8.4501 17.035 0.08638 196.295
8.4601 17.127 0.093294 197.774
8.4701 17.324 0.095709 198.587
8.4801 17.346 0.10199 199.742
8.4901 17.101 0.10439 199.785
8.5001 17.196 0.10731 200.47
8.5101 17.302 0.109 200.974
8.5201 17.328 0.11046 201.306
8.5301 17.313 0.11361 201.818
8.5401 17.291 0.11581 202.169
8.5501 17.233 0.11657 202.247
8.5601 17.218 0.11703 202.354
8.5701 17.181 0.11833 202.543
8.5801 17.167 0.11863 202.627
8.5901 17.145 0.12083 202.965
8.6001 17.112 0.12022 202.889
8.6101 17.079 0.1228 203.257
8.6201 17.053 0.12098 203.026
8.6301 17.061 0.11938 202.88
8.6401 16.998 0.1204 202.981
8.6501 16.965 0.11917 202.816
8.6601 16.929 0.11889 202.78
8.6701 16.87 0.11969 202.856
8.6801 16.757 0.12081 202.882
8.6901 16.713 0.11988 202.739
8.7001 16.68 0.11953 202.697
8.7101 16.639 0.12169 202.992
8.7201 16.665 0.11891 202.713
8.7301 16.691 0.11998 202.974
8.7401 16.643 0.12103 203.102
8.7501 16.68 0.11986 203.067
8.7601 16.669 0.12046 203.197
8.7701 16.599 0.11947 202.998
8.7801 16.588 0.12084 203.236
8.7901 16.548 0.12568 203.895
8.8001 16.482 0.12085 203.178
8.8101 16.427 0.11975 202.99
8.8201 16.288 0.11916 202.723
8.8301 16.215 0.1203 202.816
8.8401 16.108 0.12254 202.998
8.8501 16.01 0.11813 202.266
8.8601 15.826 0.1173 201.874
8.8701 15.739 0.11789 201.862
8.8801 15.691 0.12106 202.282
8.8901 15.625 0.11575 201.469
8.9001 15.523 0.11681 201.495
8.9101 15.464 0.11546 201.253
8.9201 15.409 0.11507 201.156
8.9301 15.339 0.11629 201.263
8.9401 15.281 0.11593 201.164
8.9501 15.105 0.11619 200.928
8.9601 15.017 0.1158 200.766
8.9701 14.959 0.11491 200.587
8.9801 14.915 0.11187 200.117
8.9901 14.871 0.11129 200.008
9.0001 14.852 0.1105 199.914
9.0101 14.79 0.1104 199.84
9.0201 14.775 0.10924 199.697
9.0301 14.728 0.11195 200.075
9.0401 14.695 0.10977 199.744
9.0501 14.541 0.1102 199.568
9.0601 14.468 0.10849 199.225
9.0701 14.376 0.10659 198.811
9.0801 14.303 0.1045 198.399
9.0901 14.288 0.10337 198.25
9.1001 14.237 0.10228 198.034
9.1101 14.259 0.10282 198.225
9.1201 14.281 0.10344 198.429
9.1301 14.31 0.1006 198.088
9.1401 14.31 0.10067 198.16
9.1501 14.285 0.10147 198.301
9.1601 14.252 0.10818 199.354
9.1701 14.197 0.10312 198.511
9.1801 14.164 0.10177 198.287
9.1901 14.083 0.099697 197.844
9.2001 14.076 0.10115 198.128
9.2101 14.036 0.10184 198.219
9.2201 13.988 0.101 198.044
9.2301 13.823 0.10175 197.888
9.2401 13.735 0.10056 197.572
9.2501 13.695 0.10198 197.779
9.2601 13.658 0.10245 197.837
9.2701 13.644 0.10261 197.893
9.2801 13.655 0.10349 198.116
9.2901 13.856 0.10199 198.351
9.3001 13.966 0.10057 198.405
9.3101 14.098 0.10148 198.883
9.3201 14.233 0.10168 199.248
9.3301 14.497 0.099807 199.526
9.3401 14.537 0.10074 199.82
9.3501 14.578 0.09468 198.931
9.3601 14.618 0.10104 200.148
9.3701 14.618 0.10217 200.393
9.3801 14.64 0.10162 200.406
9.3901 14.658 0.10157 200.492
9.4001 14.644 0.10317 200.785
9.4101 14.655 0.090409 198.672
9.4201 14.72 0.088738 198.549
9.4301 14.75 0.089943 198.888
9.4401 14.783 0.090687 199.148
9.4501 14.819 0.091584 199.439
9.4601 14.849 0.093153 199.838
9.4701 14.885 0.094387 200.186
9.4801 14.457 0.095601 199.617
9.4901 14.592 0.096824 200.155
9.5001 14.713 0.096746 200.438
9.5101 14.827 0.097325 200.819
9.5201 14.856 0.096601 200.81
9.5301 14.907 0.097271 201.083
9.5401 14.882 0.098625 201.324
9.5501 14.867 0.10563 202.507
9.5601 14.717 0.10125 201.559
9.5701 14.629 0.10541 202.119
9.5801 14.31 0.11361 202.797
9.5901 14.186 0.11417 202.685
9.6001 13.948 0.1085 201.395
9.6101 13.856 0.11072 201.601
9.6201 13.662 0.11131 201.339
9.6301 13.585 0.11279 201.454
9.6401 13.519 0.11179 201.222
9.6501 13.453 0.11075 200.982
9.6601 13.534 0.10853 200.875
9.6701 13.651 0.10665 200.89
9.6801 13.735 0.10773 201.294
9.6901 13.801 0.10614 201.241
9.7001 13.9 0.11088 202.24
9.7101 14.061 0.11243 202.868
9.7201 14.113 0.11299 203.118
9.7301 14.157 0.11177 203.084
9.7401 14.277 0.1122 203.454
9.7501 14.332 0.10854 203.063
9.7601 14.428 0.10799 203.231
9.7701 14.559 0.11218 204.199
9.7801 14.622 0.1135 204.583
9.7901 14.709 0.11465 204.988
9.8001 14.856 0.11471 205.349
9.8101 14.882 0.11487 205.483
9.8201 14.933 0.11583 205.785
9.8301 14.977 0.11799 206.247
9.8401 15.024 0.11783 206.375
9.8501 15.083 0.11765 206.524
9.8601 15.101 0.1255 207.731
9.8701 15.2 0.12065 207.304
9.8801 15.244 0.12159 207.583
9.8901 15.237 0.12034 207.449
9.9001 15.226 0.12034 207.486
9.9101 15.182 0.12161 207.639
9.9201 15.149 0.12117 207.569
9.9301 15.01 0.1217 207.427
9.9401 14.937 0 0
9.9501 14.812 0 0
9.9601 14.717 0 0
9.9701 14.585 0 0
9.9801 14.277 0 0
9.9901 14.127 0 0
10 13.966 0 0
