0.001 0.001 0.002 2.85669
0.01 0.12 0.011 12.4412
0.02 0.27 0.012 17.0769
0.03 0.39 0.014 20.414
0.04 0.730001 0.017 24.597
0.05 0.920001 0.021 27.5376
0.06 1 0.024 29.6468
0.07 0.930001 0.026 30.8278
0.0800001 0.910001 0.03 32.2757
0.0900001 0.890001 0.034 33.5914
0.1 0.950001 0.038 35.241
0.11 1 0.042 36.7603
0.12 1.04 0.046 38.1614
0.13 1.13 0.049 39.6974
0.14 1.22 0.051 41.11
0.15 1.32 0.054 42.5862
0.16 1.4 0.057 43.9233
0.17 1.48 0.057 45.0287
0.18 1.55 0.058 46.1221
0.19 1.59 0.058 46.9926
0.2 1.67 0.058 48.0057
0.21 1.73 0.058 48.9092
0.22 1.79 0.057 49.7177
0.23 1.85 0.056 50.501
0.24 1.91 0.055 51.2606
0.25 1.95 0.055 52.0006
0.26 2.01 0.054 52.7201
0.27 2.08 0.054 53.5394
0.28 2.15 0.055 54.4248
0.29 2.2 0.055 55.1406
0.3 2.22 0.053 55.5638
0.31 2.09 0.051 55.4099
0.32 1.92 0.048 54.9445
0.33 1.85 0.046 54.9261
0.34 1.66 0.044 54.325
0.35 1.5 0.044 53.9711
0.36 1.34 0.042 53.3123
0.37 1.21 0.041 52.8303
0.38 1.13 0.042 52.8075
0.39 1.06 0.044 52.907
0.4 1.03 0.046 53.2575
0.41 1.01 0.049 53.7549
0.42 1.03 0.051 54.4502
0.43 1.05 0.054 55.2216
0.44 1.08 0.055 55.8868
0.45 1.13 0.059 56.9363
0.46 1.17 0.06 57.6535
0.47 1.16 0.065 58.3146
0.48 1.13 0.069 58.7271
0.49 1.11 0.071 59.0532
0.5 1.08 0.077 59.5526
0.51 1.08 0.079 60.0092
0.52 1.08 0.083 60.5825
0.53 1.11 0.0850001 61.2662
0.54 1.12 0.087 61.7844
0.55 1.17 0.087 62.4921
0.56 1.21 0.088 63.1708
0.57 1.22 0.089 63.6174
0.58 1.22 0.0900001 63.9852
0.59 1.22 0.0900001 64.29
0.6 1.27 0.091 65.0255
0.61 1.29 0.0900001 65.412
0.62 1.32 0.089 65.865
0.63 1.32 0.089 66.1586
0.640001 1.32 0.086 66.2596
0.650001 1.28 0.084 66.122
0.660001 1.24 0.081 65.9007
0.670001 1.17 0.079 65.489
0.680001 1.12 0.078 65.2777
0.690001 1.06 0.076 64.8852
0.700001 1.03 0.074 64.7327
0.710001 1 0.072 64.5651
0.720001 0.970001 0.07 64.3819
0.730001 0.950001 0.068 64.2804
0.740001 0.940001 0.066 64.2659
0.75 0.940001 0.064 64.3412
0.760001 0.960001 0.064 64.7747
0.770001 0.980001 0.063 65.1185
0.780001 1.01 0.063 65.6368
0.790001 1.05 0.061 66.0616
0.800001 1.08 0.06 66.471
0.810001 1.13 0.059 67.0432
0.820001 1.18 0.057 67.4991
0.830001 1.22 0.055 67.8509
0.840001 1.24 0.053 68.0268
0.850001 1.23 0.051 67.9536
0.860001 1.24 0.05 68.1421
0.870001 1.22 0.049 68.087
0.880001 1.21 0.048 68.1059
0.890001 1.18 0.047 67.9545
0.900001 1.13 0.047 67.7422
0.910001 1.15 0.045 67.8765
0.920001 1.17 0.044 68.1248
0.930001 1.19 0.043 68.3659
0.940001 1.19 0.041 68.2983
0.950001 1.07 0.039 67.1789
0.960001 1.02 0.038 66.7676
0.970001 0.930001 0.038 66.0754
0.980001 0.860001 0.037 65.3764
0.990001 0.800001 0.036 64.7342
1 0.75 0.036 64.3148
1.01 0.730001 0.036 64.2425
1.02 0.720001 0.036 64.2908
1.03 0.730001 0.036 64.5936
1.04 0.740001 0.037 65.0425
1.05 0.75 0.038 65.487
1.06 0.790001 0.039 66.2961
1.07 0.820001 0.04 66.968
1.08 0.870001 0.042 67.9915
1.09 0.900001 0.043 68.6338
1.1 0.910001 0.044 69.0498
1.11 0.940001 0.045 69.678
1.12 0.950001 0.046 70.0865
1.13 0.940001 0.047 70.2785
1.14 0.930001 0.047 70.3425
1.15 0.910001 0.047 70.293
1.16 0.940001 0.047 70.7923
1.17 0.960001 0.047 71.1769
1.18 0.980001 0.047 71.5577
1.19 0.970001 0.046 71.4919
1.2 0.960001 0.045 71.4208
1.21 0.930001 0.046 71.3897
1.22 0.910001 0.045 71.1992
1.23 0.870001 0.044 70.7681
1.24 0.840001 0.044 70.5701
1.25 0.810001 0.044 70.3584
1.26 0.800001 0.044 70.3884
1.27 0.770001 0.043 70.022
1.28 0.770001 0.043 70.1749
1.29 0.780001 0.043 70.4576
1.3 0.800001 0.042 70.7284
1.31 0.850001 0.042 71.5007
1.32 0.880001 0.042 72.0108
1.33 0.930001 0.043 72.8811
1.34 0.950001 0.043 73.2571
1.35 0.980001 0.043 73.7381
1.36 0.990001 0.044 74.1393
1.37 0.990001 0.044 74.2905
1.38 0.990001 0.044 74.4408
1.39 0.990001 0.044 74.5904
1.4 1 0.044 74.8474
1.41 1.01 0.044 75.1032
1.42 1.02 0.043 75.2137
1.43 1.02 0.042 75.2132
1.44 1.02 0.042 75.3591
1.45 1.02 0.04 75.1983
1.46 1.03 0.04 75.4481
1.47 1.05 0.04 75.801
1.48 1.05 0.04 75.944
1.49 1.09 0.039 76.3361
1.5 1.12 0.035 76.0896
1.51 1.17 0.031 75.9405
1.52 1.23 0.029 76.2059
1.53 1.35 0.027 76.9165
1.54 1.48 0.026 77.8381
1.55 1.65 0.025 78.9508
1.56 1.82 0.024 79.9448
1.57 2.02 0.024 81.2984
1.58 2.1 0.025 82.1775
1.59 2.17 0.026 82.9817
1.6 2.19 0.027 83.4981
1.61 2.23 0.028 84.1153
1.62 2.24 0.029 84.561
1.63 2.24 0.03 84.9451
1.64 2.23 0.03 85.0348
1.65 2.21 0.03 85.0682
1.66 2.2 0.03 85.1556
1.67 2.23 0.03 85.4645
1.68 2.3 0.03 85.9883
1.69 2.39 0.031 86.8442
1.7 2.47 0.033 87.856
1.71 2.54 0.034 88.5739
1.72 2.58 0.035 89.1322
1.73 2.59 0.036 89.5353
1.74 2.57 0.038 89.9827
1.75 2.52 0.038 89.8715
1.76 2.47 0.036 89.3518
1.77 2.44 0.035 89.1261
1.78 2.5 0.035 89.5786
1.79 2.62 0.035 90.326
1.8 2.76 0.035 91.1467
1.81 2.96 0.035 92.2115
1.82 3.07 0.034 92.6157
1.83 3.09 0.0337 92.7753
1.84 3.03 0.0333 92.5619
1.85 2.95 0.033 92.2755
1.86 2.88 0.033 92.0949
1.87 2.78 0.033 91.7641
1.88 2.67 0.035 91.8159
1.89 2.46 0.038 91.497
1.9 2.31 0.041 91.3808
1.91 2.1867 0.042 90.9765
1.92 2.0633 0.042 90.3498
1.93 1.94 0.04 89.3177
1.94 1.85 0.039 88.6495
1.95 1.72 0.04 88.0349
1.96 1.62 0.039 87.2192
1.97 1.51 0.038 86.276
1.98 1.46 0.036 85.5937
1.99 1.49 0.035 85.7639
2 1.62 0.035 86.9242
2.01 1.77 0.035 88.1619
2.02 1.85 0.036 89.0559
2.03 1.84 0.038 89.5104
2.04 1.75 0.038 88.9878
2.05 1.6 0.037 87.7714
2.06 1.49 0.033 86.1692
2.07 1.36 0.029 84.2478
2.08 1.32 0.028 83.754
2.09 1.36 0.026 83.7094
2.1 1.39 0.025 83.8104
2.11 1.36 0.026 83.9313
2.12 1.25 0.027 83.2883
2.13 1.15 0.027 82.4019
2.14 1.06 0.027 81.5467
2.15 1.0633 0.025 81.1676
2.16 1.0667 0.024 81.0341
2.17 1.07 0.024 81.1743
2.18 1.16 0.026 82.7783
2.19 1.26 0.027 84.1403
2.2 1.3 0.027 84.627
2.21 1.22 0.027 83.9623
2.22 1.11 0.027 82.9316
2.23 0.980001 0.027 81.5592
2.24 0.880001 0.027 80.4048
2.25 0.790001 0.027 79.2633
2.26 0.710001 0.027 78.1503
2.27 0.700001 0.025 77.5882
2.28 0.690001 0.024 77.2594
2.29 0.680001 0.023 76.9182
2.3 0.690001 0.022 76.8886
2.31 0.650001 0.02 75.7194
2.32 0.61 0.02 75.1202
2.33 0.56 0.019 73.9732
2.34 0.53 0.018 73.1466
2.35 0.5 0.017 72.2769
2.36 0.48 0.016 71.5763
2.37 0.49 0.016 71.8735
2.38 0.48 0.015 71.3602
2.39 0.45 0.015 70.7825
2.4 0.44 0.015 70.6358
2.41 0.41 0.014 69.6013
2.42 0.4 0.014 69.4341
2.43 0.39 0.014 69.2608
2.44 0.38 0.013 68.6564
2.45 0.38 0.013 68.7345
2.46 0.37 0.012 68.0937
2.47 0.38 0.012 68.4328
2.48 0.37 0.012 68.2471
2.49 0.36 0.012 68.0545
2.5 0.36 0.012 68.1304
2.51 0.36 0.011 67.714
2.52 0.36 0.011 67.7889
2.53 0.37 0.011 68.1319
2.54 0.37 0.011 68.2066
2.55 0.37 0.011 68.2812
2.56 0.36 0.011 68.0864
2.57 0.34 0.011 67.6015
2.58 0.33 0.011 67.3842
2.59 0.32 0.011 67.1585
2.6 0.32 0.011 67.2305
2.61 0.32 0.011 67.3022
2.62 0.32 0.011 67.3738
2.63 0.32 0.011 67.4452
2.64 0.32 0.011 67.5164
2.65 0.32 0.011 67.5874
2.66 0.32 0.011 67.6582
2.67 0.32 0.011 67.7288
2.68 0.32 0.012 68.2919
2.69 0.32 0.014 69.245
2.7 0.32 0.015 69.7155
2.71 0.33 0.017 70.8309
2.72 0.32 0.019 71.2463
2.73 0.32 0.02 71.624
2.74 0.32 0.021 71.9885
2.75 0.32 0.021 72.0614
2.76 0.31 0.021 71.8051
2.77 0.29 0.022 71.4664
2.78 0.27 0.022 70.8057
2.79 0.27 0.022 70.8764
2.8 0.26 0.019 69.707
2.81 0.26 0.018 69.4629
2.82 0.27 0.015 68.858
2.83 0.27 0.014 68.5313
2.84 0.26 0.012 67.3573
2.85 0.26 0.012 67.4231
2.86 0.26 0.012 67.4888
2.87 0.25 0.012 67.1739
2.88 0.25 0.012 67.2389
2.89 0.25 0.012 67.3037
2.9 0.25 0.012 67.3683
2.91 0.26 0.012 67.8148
2.92 0.27 0.012 68.2494
2.93 0.2933 0.012 69.1334
2.94 0.3167 0.012 69.968
2.95 0.34 0.012 70.7537
2.96 0.33 0.012 70.5165
2.97 0.33 0.012 70.5827
2.98 0.33 0.012 70.6487
2.99 0.32 0.011 69.894
3 0.32 0.011 69.9589
3.01 0.31 0.01 69.1537
3.02 0.3 0.01 68.8915
3.03 0.3 0.01 68.9548
3.04 0.3 0.01 69.018
3.05 0.3 0.009 68.4781
3.06 0.31 0.008 68.1933
3.07 0.32 0.008 68.5679
3.08 0.33 0.006 67.3044
3.09 0.33 0.005 66.3509
3.1 0.33 0.005 66.4105
3.11 0.33 0.004 65.2473
3.12 0.33 0.004 65.3056
3.13 0.33 0.004 65.3637
3.14 0.33 0.004 65.4217
3.15 0.33 0.005 66.7066
3.16 0.32 0.005 66.4702
3.17 0.31 0.005 66.2251
3.18 0.32 0.006 67.6046
3.19 0.31 0.007 68.2244
3.2 0.3 0.008 68.7214
3.21 0.3 0.008 68.7811
3.22 0.29 0.009 69.1799
3.23 0.29 0.01 69.8492
3.24 0.28 0.01 69.5569
3.25 0.29 0.01 69.9692
3.26 0.3 0.009 69.7575
3.27 0.31 0.009 70.1474
3.28 0.32 0.009 70.5286
3.29 0.33 0.008 70.2104
3.3 0.34 0.008 70.5724
3.31 0.34 0.008 70.6318
3.32 0.35 0.008 70.9867
3.33 0.36 0.008 71.3349
3.34 0.37 0.008 71.6766
3.35 0.37 0.008 71.7362
3.36 0.38 0.008 72.0719
3.37 0.37 0.008 71.855
3.38 0.37 0.008 71.9142
3.39 0.37 0.009 72.6821
3.4 0.37 0.009 72.7416
3.41 0.36 0.009 72.5144
3.42 0.35 0.008 71.5748
3.43 0.35 0.008 71.6329
3.44 0.34 0.008 71.3923
3.45 0.33 0.008 71.1434
3.46 0.33 0.008 71.2007
3.47 0.31 0.008 70.6192
3.48 0.3 0.009 71.0355
3.49 0.3 0.009 71.0922
3.5 0.29 0.009 70.8022
3.51 0.29 0.009 70.8584
3.52 0.28 0.009 70.5571
3.53 0.27 0.009 70.2439
3.54 0.27 0.009 70.2992
3.55 0.27 0.009 70.3543
3.56 0.26 0.009 70.0278
3.57 0.26 0.009 70.0824
3.58 0.26 0.009 70.1369
3.59 0.26 0.009 70.1913
3.6 0.26 0.009 70.2456
3.61 0.26 0.009 70.2998
3.62 0.27 0.008 70.0475
3.63 0.26 0.008 69.7213
3.64 0.25 0.008 69.3816
3.65 0.24 0.008 69.0276
3.66 0.23 0.009 69.3342
3.67 0.22 0.009 68.9441
3.68 0.22 0.01 69.6037
3.69 0.22 0.011 70.2108
3.7 0.23 0.012 71.2286
3.71 0.25 0.012 72.1431
3.72 0.26 0.013 73.0912
3.73 0.28 0.013 73.9305
3.74 0.28 0.013 73.9856
3.75 0.28 0.014 74.4984
3.76 0.27 0.014 74.1642
3.77 0.26 0.014 73.8167
3.78 0.25 0.014 73.4551
3.79 0.24 0.014 73.0782
3.8 0.22 0.013 71.7772
3.81 0.22 0.013 71.8297
3.82 0.22 0.013 71.8821
3.83 0.22 0.012 71.4569
3.84 0.21 0.011 70.5189
3.85 0.21 0.011 70.5699
3.86 0.21 0.008 68.7743
3.87 0.2 0.008 68.3419
3.88 0.21 0.007 68.1122
3.89 0.21 0.007 68.161
3.9 0.21 0.007 68.2096
3.91 0.22 0.007 68.717
3.92 0.23 0.007 69.2074
3.93 0.22 0.007 68.8145
3.94 0.24 0.007 69.7314
3.95 0.27 0.007 70.9742
3.96 0.29 0.008 72.5604
3.97 0.3 0.009 73.6852
3.98 0.31 0.009 74.0857
3.99 0.31 0.009 74.1374
4 0.3 0.009 73.8395
4.01 0.29 0.008 72.8139
4.02 0.29 0.008 72.8643
4.03 0.31 0.008 73.6183
4.04 0.33 0.007 73.514
4.05 0.36 0.007 74.4921
4.06 0.38 0.007 75.1258
4.07 0.4 0.006 74.7694
4.08 0.4 0.006 74.8204
4.09 0.39 0.006 74.5989
4.1 0.38 0.005 73.2512
4.11 0.36 0.005 72.7324
4.12 0.33 0.005 71.8753
4.13 0.31 0.005 71.2791
4.14 0.3 0.005 70.9911
4.15 0.28 0.005 70.3364
4.16 0.26 0.005 69.6364
4.17 0.26 0.005 69.6829
4.18 0.25 0.006 70.3964
4.19 0.25 0.006 70.4432
4.2 0.25 0.006 70.4899
4.21 0.24 0.006 70.1231
4.22 0.24 0.005 69.113
4.23 0.24 0.005 69.1584
4.24 0.23 0.005 68.781
4.25 0.22 0.005 68.3869
4.26 0.22 0.005 68.4316
4.27 0.22 0.004 67.2167
4.28 0.23 0.003 66.0913
4.29 0.23 0.003 66.1342
4.3 0.23 0.002 63.9818
4.31 0.23 0.002 64.0232
4.32 0.23 0.002 64.0644
4.33 0.23 0.001 60.5132
4.34 0.22 0.001 60.1657
4.35 0.22 0.001 60.2042
4.36 0.22 0.001 60.2426
4.37 0.22 0.001 60.281
4.38 0.22 0.001 60.3193
4.39 0.22 0.001 60.3576
4.4 0.22 0.001 60.3958
4.41 0.21 0.001 60.0304
4.42 0.21 0.001 60.0682
4.43 0.2 0.001 59.6852
4.44 0.2 0.001 59.7226
4.45 0.2 0.002 63.3076
4.46 0.2 0.002 63.3471
4.47 0.2 0.002 63.3866
4.48 0.2 0.002 63.426
4.49 0.2 0.002 63.4653
4.5 0.2 0.002 63.5046
4.51 0.21 0.002 63.9918
4.52 0.22 0.002 64.4616
4.53 0.22 0.002 64.5012
4.54 0.23 0.002 64.9552
4.55 0.23 0.002 64.9949
4.56 0.23 0.003 67.266
4.57 0.24 0.003 67.7207
4.58 0.25 0.003 68.1614
4.59 0.25 0.003 68.2027
4.6 0.25 0.003 68.244
4.61 0.24 0.003 67.885
4.62 0.24 0.003 67.9259
4.63 0.23 0.003 67.5515
4.64 0.23 0.004 69.2293
4.65 0.22 0.004 68.8288
4.66 0.22 0.004 68.8699
4.67 0.23 0.004 69.3535
4.68 0.23 0.004 69.3947
4.69 0.24 0.004 69.8628
4.7 0.24 0.004 69.9041
4.71 0.24 0.003 68.2912
4.72 0.23 0.004 69.5591
4.73 0.23 0.005 70.9043
4.74 0.22 0.006 71.5707
4.75 0.22 0.007 72.537
4.76 0.22 0.007 72.5795
4.77 0.22 0.007 72.6218
4.78 0.22 0.007 72.6641
4.79 0.24 0.007 73.623
4.8 0.25 0.007 74.1
4.81 0.25 0.007 74.1429
4.82 0.25 0.006 73.2404
4.83 0.25 0.006 73.2826
4.84 0.24 0.006 72.895
4.85 0.24 0.005 71.8388
4.86 0.24 0.006 72.9786
4.87 0.24 0.009 75.5256
4.88 0.25 0.01 76.6835
4.89 0.25 0.01 76.7272
4.9 0.28 0.01 78.0339
4.91 0.28 0.01 78.0781
4.92 0.29 0.009 77.8328
4.93 0.2933 0.009 78.0037
4.94 0.2967 0.009 78.1773
4.95 0.3 0.009 78.346
4.96 0.3 0.008 77.6255
4.97 0.31 0.008 78.0366
4.98 0.31 0.008 78.0802
4.99 0.32 0.008 78.4817
5 0.32 0.008 78.5254
5.01 0.32 0.007 77.701
5.02 0.33 0.006 77.0942
5.03 0.34 0.006 77.4692
5.04 0.36 0.006 78.1526
5.05 0.37 0.006 78.5048
5.06 0.38 0.007 79.868
5.07 0.37 0.007 79.6056
5.08 0.35 0.008 79.8971
5.09 0.32 0.009 79.693
5.1 0.3 0.009 78.9989
5.11 0.29 0.01 79.3495
5.12 0.3 0.011 80.4163
5.13 0.29 0.012 80.6499
5.14 0.29 0.013 81.2327
5.15 0.3 0.013 81.6744
5.16 0.3 0.014 82.2239
5.17 0.31 0.015 83.1333
5.18 0.32 0.017 84.4339
5.19 0.33 0.018 85.2588
5.2 0.34 0.017 85.2655
5.21 0.35 0.017 85.6679
5.22 0.35 0.017 85.7136
5.23 0.36 0.017 86.1078
5.24 0.37 0.018 86.9064
5.25 0.4 0.018 87.9341
5.26 0.43 0.018 88.9017
5.27 0.48 0.018 90.3688
5.28 0.53 0.018 91.7159
5.29 0.55 0.018 92.2549
5.3 0.55 0.018 92.3034
5.31 0.53 0.018 91.8605
5.32 0.5433 0.019 92.653
5.33 0.5567 0.021 93.805
5.34 0.57 0.023 94.8891
5.35 0.680001 0.025 98.0596
5.36 0.800001 0.027 101.079
5.37 0.890001 0.029 103.308
5.38 0.980001 0.03 105.101
5.39 0.990001 0.03 105.31
5.4 0.960001 0.029 104.602
5.41 0.940001 0.029 104.339
5.42 0.920001 0.029 104.07
5.43 0.910001 0.031 104.538
5.44 0.900001 0.032 104.702
5.45 0.890001 0.032 104.587
5.46 0.890001 0.03 104.08
5.47 0.890001 0.029 103.839
5.48 0.910001 0.029 104.225
5.49 0.920001 0.028 104.138
5.5 0.910001 0.027 103.712
5.51 0.900001 0.026 103.275
5.52 0.890001 0.025 102.825
5.53 0.890001 0.025 102.877
5.54 0.890001 0.026 103.265
5.55 0.890001 0.028 103.955
5.56 0.930001 0.029 104.974
5.57 0.920001 0.03 105.159
5.58 0.940001 0.03 105.538
5.59 0.960001 0.032 106.481
5.6 0.990001 0.034 107.549
5.61 1.01 0.035 108.173
5.62 1.04 0.036 108.939
5.63 1.06 0.038 109.785
5.64 1.09 0.038 110.281
5.65 1.14 0.038 111.05
5.66 1.18 0.038 111.658
5.67 1.26 0.038 112.773
5.68 1.35 0.038 113.955
5.69 1.45 0.039 115.439
5.7 1.57 0.038 116.573
5.71 1.67 0.037 117.411
5.72 1.72 0.036 117.699
5.73 1.72 0.033 116.907
5.74 1.73 0.029 115.81
5.75 1.8 0.029 116.53
5.76 1.83 0.029 116.864
5.77 1.83 0.03 117.25
5.78 1.75 0.029 116.226
5.79 1.61 0.029 114.894
5.8 1.53 0.027 113.432
5.81 1.33 0.026 110.871
5.82 1.18 0.026 109.029
5.83 1.14 0.026 108.541
5.84 1.09 0.026 107.894
5.85 1.06 0.026 107.512
5.86 0.980001 0.027 106.689
5.87 0.950001 0.0263 106.031
5.88 0.920001 0.0257 105.389
5.89 0.920001 0.025 105.197
5.9 0.940001 0.026 105.918
5.91 0.960001 0.028 106.947
5.92 1 0.028 107.628
5.93 1.06 0.025 107.567
5.94 1.1 0.023 107.445
5.95 1.1333 0.024 108.341
5.96 1.1667 0.023 108.461
5.97 1.2 0.022 108.55
5.98 1.16 0.023 108.472
5.99 1.11 0.026 108.942
6 1 0.027 107.704
6.01 0.9967 0.028 108.029
6.02 0.9933 0.029 108.342
6.03 0.990001 0.03 108.646
6.04 1.04 0.03 109.47
6.05 1.19 0.029 111.352
6.06 1.45 0.026 113.582
6.07 1.69 0.024 115.397
6.08 1.74 0.022 115.099
6.09 1.74 0.021 114.707
6.1 1.61 0.021 113.483
6.11 1.36 0.021 110.809
6.12 1.22 0.021 109.139
6.13 1.09 0.02 106.996
6.14 0.960001 0.0207 105.406
6.15 0.880001 0.0213 104.388
6.16 0.850001 0.022 104.195
6.17 0.840001 0.027 105.853
6.18 0.890001 0.029 107.423
6.19 0.940001 0.03 108.626
6.2 0.970001 0.031 109.466
6.21 1 0.033 110.57
6.22 1.07 0.034 111.98
6.23 1.33 0.033 115.308
6.24 1.7 0.031 118.89
6.25 2.37 0.03 124.432
6.26 2.83 0.029 127.349
6.27 3.12 0.022 126.272
6.28 3.26 0.0217 126.984
6.29 3.22 0.0213 126.618
6.3 2.9 0.021 124.632
6.31 2.52 0.023 123.119
6.32 2.18 0.023 120.629
6.33 1.8 0.022 116.965
6.34 1.69 0.021 115.511
6.35 1.4 0.02 112.015
6.36 1.22 0.022 110.74
6.37 1.1733 0.023 110.576
6.38 1.1267 0.027 111.457
6.39 1.08 0.029 111.489
6.4 1.09 0.031 112.307
6.41 1.1 0.031 112.504
6.42 1.13 0.03 112.681
6.43 1.17 0.032 113.906
6.44 1.25 0.034 115.628
6.45 1.28 0.035 116.354
6.46 1.37 0.038 118.355
6.47 1.45 0.041 120.135
6.48 1.53 0.044 121.833
6.49 1.58 0.048 123.341
6.5 1.62 0.052 124.666
6.51 1.75 0.055 126.704
6.52 1.99 0.054 128.928
6.53 2.12 0.051 129.547
6.54 2.26 0.049 130.366
6.55 2.4 0.05 131.776
6.56 2.59 0.049 133.063
6.57 2.85 0.045 134.013
6.58 3.21 0.042 135.605
6.59 3.38 0.041 136.4
6.6 3.26 0.041 135.749
6.61 3.09 0.045 135.811
6.62 2.92 0.045 134.766
6.63 2.76 0.045 133.732
6.64 2.64 0.045 132.935
6.65 2.48 0.045 131.799
6.66 2.32 0.045 130.593
6.67 2.17 0.046 129.633
6.68 2.06 0.045 128.484
6.69 1.96 0.045 127.62
6.7 1.84 0.042 125.793
6.71 1.72 0.04 124.124
6.72 1.61 0.041 123.252
6.73 1.51 0.043 122.654
6.74 1.4 0.041 120.896
6.75 1.31 0.038 119.039
6.76 1.27 0.037 118.295
6.77 1.28 0.035 117.931
6.78 1.28 0.034 117.695
6.79 1.26 0.032 116.885
6.8 1.25 0.032 116.799
6.81 1.25 0.032 116.847
6.82 1.23 0.032 116.623
6.83 1.12 0.036 116.241
6.84 1.09 0.038 116.357
6.85 1.03 0.039 115.708
6.86 1.0233 0.04 115.891
6.87 1.0167 0.0377 115.26
6.88 1.01 0.0353 114.568
6.89 1.12 0.0349 116.223
6.9 1.2 0.0344 117.29
6.91 1.47 0.034 120.7
6.92 1.64 0.033 122.362
6.93 1.78 0.03 122.885
6.94 1.91 0.025 122.319
6.95 1.9233 0.025 122.49
6.96 1.9367 0.0247 122.539
6.97 1.95 0.0243 122.542
6.98 1.77 0.024 120.768
6.99 1.77 0.027 122.006
7 1.6 0.031 121.683
7.01 1.5667 0.034 122.299
7.02 1.5333 0.035 122.263
7.03 1.5 0.036 122.212
7.04 1.79 0.036 125.412
7.05 2.02 0.037 127.956
7.06 2.11 0.036 128.519
7.07 2.13 0.035 128.443
7.08 2.13 0.036 128.795
7.09 2.08 0.0357 128.316
7.1 1.96 0.0353 127.153
7.11 1.91 0.035 126.641
7.12 1.86 0.035 126.207
7.13 1.82 0.036 126.157
7.14 1.78 0.035 125.508
7.15 1.75 0.034 124.949
7.16 1.72 0.033 124.377
7.17 1.64 0.032 123.259
7.18 1.61 0.032 122.979
7.19 1.58 0.031 122.37
7.2 1.5 0.031 121.505
7.21 1.43 0.029 120.05
7.22 1.32 0.028 118.374
7.23 1.23 0.029 117.565
7.24 1.15 0.03 116.805
7.25 0.990001 0.03 114.356
7.26 0.900001 0.03 112.841
7.27 0.840001 0.03 111.768
7.28 0.780001 0.032 111.219
7.29 0.75 0.033 110.919
7.3 0.730001 0.035 111.073
7.31 0.740001 0.036 111.594
7.32 0.790001 0.036 112.692
7.33 0.980001 0.036 116.289
7.34 1.17 0.036 119.34
7.35 1.35 0.036 121.87
7.36 1.54 0.036 124.25
7.37 1.65 0.036 125.538
7.38 1.68 0.037 126.199
7.39 1.74 0.04 127.712
7.4 1.79 0.042 128.804
7.41 1.82 0.045 129.905
7.42 1.86 0.045 130.361
7.43 1.9 0.043 130.316
7.44 1.94 0.041 130.239
7.45 1.97 0.04 130.308
7.46 1.98 0.047 132.214
7.47 2.01 0.059 135.082
7.48 2.06 0.059 135.611
7.49 2.14 0.056 135.817
7.5 2.17 0.051 135.084
7.51 2.21 0.047 134.573
7.52 2.35 0.044 135.075
7.53 2.67 0.036 135.353
7.54 3.2 0.033 137.978
7.55 4.15 0.031 142.55
7.56 4.59 0.03 144.293
7.57 4.88 0.029 145.215
7.58 5.02 0.027 144.996
7.59 5.11 0.027 145.421
7.6 5.19 0.027 145.8
7.61 5.18 0.027 145.813
7.62 5.15 0.029 146.613
7.63 5.07 0.033 147.918
7.64 5.05 0.034 148.256
7.65 5.14 0.038 150.07
7.66 5.21 0.037 150.083
7.67 5.3 0.037 150.509
7.68 5.47 0.035 150.551
7.69 5.64 0.032 150.148
7.7 5.95 0.026 148.771
7.71 6.4 0.026 150.395
7.72 6.51 0.026 150.819
7.73 6.91 0.026 152.175
7.74 7.09 0.031 155.047
7.75 7.2 0.036 157.392
7.76 7.41 0.039 159.159
7.77 7.63 0.045 161.803
7.78 7.94 0.051 164.496
7.79 8 0.056 166.02
7.8 8.47 0.061 168.646
7.81 8.67 0.067 170.6
7.82 9.44 0.071 173.6
7.83 10.06 0.073 175.665
7.84 10.41 0.072 176.393
7.85 10.62 0.066 175.687
7.86 10.24 0.057 172.71
7.87 9.82 0.041 167.089
7.88 9.38 0.036 164.261
7.89 9 0.032 161.75
7.9 8.76 0.03 160.315
7.91 8.58 0.0297 159.759
7.92 8.2 0.0293 158.597
7.93 7.82 0.029 157.438
7.94 7.44 0.033 158.057
7.95 7.3267 0.034 158.156
7.96 7.2133 0.033 157.465
7.97 7.1 0.03 155.92
7.98 7.26 0.028 155.58
7.99 7.42 0.027 155.652
8 7.54 0.026 155.577
8.01 7.69 0.025 155.564
8.02 7.71 0.025 155.676
8.03 7.7 0.026 156.21
8.04 7.59 0.027 156.431
8.05 7.43 0.03 157.379
8.06 7.36 0.031 157.649
8.07 7.19 0.032 157.589
8.08 7.13 0.034 158.249
8.09 7.08 0.036 158.897
8.1 6.94 0.038 159.21
8.11 6.85 0.038 158.966
8.12 6.72 0.041 159.588
8.13 6.66 0.043 160.069
8.14 6.69 0.044 160.534
8.15 6.71 0.046 161.254
8.16 6.9 0.045 161.663
8.17 7.22 0.042 161.845
8.18 7.6 0.04 162.44
8.19 8.1 0.037 162.932
8.2 8.49 0.035 163.338
8.21 8.87 0.034 164.031
8.22 9.02 0.034 164.483
8.23 9.18 0.034 164.956
8.24 9.24 0.034 165.166
8.25 9.16 0.039 166.91
8.26 8.96 0.04 166.787
8.27 8.75 0.043 167.278
8.28 8.48 0.047 167.818
8.29 8.37 0.049 168.141
8.3 8.02 0.052 167.994
8.31 7.71 0.052 167.099
8.32 7.62 0.053 167.137
8.33 7.37 0.052 166.128
8.34 7.37 0.048 165.081
8.35 7.3 0.046 164.326
8.36 7.14 0.042 162.622
8.37 7.07 0.04 161.787
8.38 6.74 0.039 160.392
8.39 6.74 0.039 160.445
8.4 6.64 0.039 160.153
8.41 6.51 0.039 159.751
8.42 6.5 0.038 159.423
8.43 6.47 0.038 159.37
8.44 6.62 0.035 158.859
8.45 6.68 0.034 158.734
8.46 6.76 0.033 158.664
8.47 6.89 0.032 158.746
8.48 6.93 0.032 158.93
8.49 7.05 0.032 159.376
8.5 7.17 0.031 159.394
8.51 7.29 0.028 158.48
8.52 7.5 0.027 158.701
8.53 7.69 0.024 157.772
8.54 7.93 0.022 157.379
8.55 8.23 0.021 157.663
8.56 8.42 0.021 158.234
8.57 8.59 0.022 159.357
8.58 8.5 0.024 160.324
8.59 8.35 0.026 161.034
8.6 8.22 0.028 161.716
8.61 7.86 0.03 161.654
8.62 7.55 0.033 162.052
8.63 7.18 0.035 161.725
8.64 6.81 0.037 161.293
8.65 6.53 0.038 160.729
8.66 6.33 0.038 160.062
8.67 6.26 0.037 159.503
8.68 6.18 0.035 158.524
8.69 6.16 0.033 157.727
8.7 6.22 0.03 156.75
8.71 6.13 0.027 155.105
8.72 6.05 0.025 153.873
8.73 5.93 0.024 152.958
8.74 5.74 0.023 151.753
8.75 5.71 0.022 151.127
8.76 5.53 0.022 150.479
8.77 5.34 0.022 149.771
8.78 5.14 0.024 150.08
8.79 4.99 0.028 151.418
8.8 5.05 0.032 153.422
8.81 5.09 0.036 155.158
8.82 5.19 0.038 156.344
8.83 5.26 0.037 156.348
8.84 5.32 0.036 156.296
8.85 5.52 0.036 157.178
8.86 5.8 0.038 159.066
8.87 6.23 0.04 161.45
8.88 6.77 0.039 163.102
8.89 7.33 0.034 163.157
8.9 7.63 0.031 162.897
8.91 7.87 0.029 162.771
8.92 8.02 0.027 162.297
8.93 8.33 0.025 162.195
8.94 8.63 0.021 160.725
8.95 8.78 0.0207 160.982
8.96 8.81 0.0203 160.849
8.97 8.49 0.02 159.846
8.98 8.4 0.023 161.518
8.99 8.1 0.025 161.843
9 8.08 0.033 165.617
9.01 8.0133 0.034 165.882
9.02 7.9467 0.037 166.904
9.03 7.88 0.039 167.485
9.04 8.02 0.038 167.599
9.05 8.09 0.04 168.578
9.06 8.03 0.041 168.796
9.07 7.87 0.045 169.668
9.08 7.05 0.05 168.523
9.09 6.77 0.053 168.408
9.1 6.07 0.056 166.594
9.11 5.4 0.061 165.032
9.12 4.79 0.066 163.324
9.13 4.2 0.07 161.097
9.14 3.77 0.067 158.082
9.15 3.34 0.057 153.321
9.16 3.01 0.051 149.695
9.17 2.81 0.049 147.773
9.18 2.64 0.046 145.727
9.19 2.54 0.037 142.361
9.2 2.42 0.027 137.756
9.21 2.5967 0.026 138.766
9.22 2.7733 0.025 139.673
9.23 2.95 0.023 139.989
9.24 4.63 0.022 148.87
9.25 5.94 0.018 151.799
9.26 6.86 0.016 153.514
9.27 7.53 0.016 155.635
9.28 7.91 0.016 156.789
9.29 8.32 0.016 157.982
9.3 8.45 0.017 159.183
9.31 8.74 0.018 160.769
9.32 8.88 0.021 163.266
9.33 9.33 0.024 166.319
9.34 9.61 0.027 168.724
9.35 9.92 0.029 170.558
9.36 10.11 0.032 172.483
9.37 10.35 0.034 173.993
9.38 10.54 0.037 175.733
9.39 10.77 0.04 177.48
9.4 11.34 0.043 179.935
9.41 11.57 0.046 181.525
9.42 11.82 0.049 183.099
9.43 11.87 0.051 183.875
9.44 11.92 0.053 184.631
9.45 11.99 0.055 185.411
9.46 11.91 0.058 186.108
9.47 11.91 0.059 186.427
9.48 11.78 0.06 186.448
9.49 11.67 0.062 186.76
9.5 11.66 0.063 187.04
9.51 11.48 0.065 187.162
9.52 11.4 0.065 187.028
9.53 11.29 0.066 187.059
9.54 11.15 0.067 187.012
9.55 11.13 0.067 187.018
9.56 10.94 0.068 186.839
9.57 10.81 0.068 186.572
9.58 10.64 0.068 186.201
9.59 10.45 0.067 185.543
9.6 10.4 0.065 185.002
9.61 10.33 0.065 184.876
9.62 10.38 0.065 185.058
9.63 10.52 0.066 185.704
9.64 10.59 0.067 186.168
9.65 10.86 0.068 187.129
9.66 11.18 0.067 187.736
9.67 11.56 0.065 188.22
9.68 12.09 0.061 188.495
9.69 12.55 0.059 189.041
9.7 12.93 0.053 188.222
9.71 13.23 0.05 187.985
9.72 13.45 0.049 188.17
9.73 13.77 0.048 188.538
9.74 13.89 0.049 189.152
9.75 13.96 0.049 189.343
9.76 13.99 0.046 188.462
9.77 13.79 0.045 187.782
9.78 13.81 0.045 187.874
9.79 13.79 0.048 188.9
9.8 13.99 0.05 189.99
9.81 14.21 0.051 190.785
9.82 14.54 0.054 192.384
9.83 15.11 0.054 193.507
9.84 15.75 0.054 194.722
9.85 16.3 0.056 196.335
9.86 16.76 0.057 197.469
9.87 17.23 0.063 199.972
9.88 17.67 0.064 201.019
9.89 17.84 0.066 201.869
9.9 17.97 0.069 202.886
9.91 18.25 0.07 203.639
9.92 18.35 0.075 205.03
9.93 18.35 0.075 205.087
9.94 18.5 0.075 205.385
9.95 18.32 0.075 205.154
9.96 18.43 0.075 205.388
9.97 18.37 0.075 205.349
9.98 18.23 0.075 205.18
9.99 18.31 0.075 205.366
10 18.13 0.075 205.131
