0.01 12.531 0 0
0.02 12.61 0 0
0.03 9.058 0 0
0.04 9.493 0 0
0.05 6.854 0 0
0.06 8.3 0 0
0.07 8.794 0.067 46.0943
0.08 7.364 0.071 46.8561
0.09 5.214 0.074 46.2264
0.1 5.886 0.08 48.7539
0.11 4.954 0.064 47.9372
0.12 4.373 0.069 48.5394
0.13 3.824 0.08 49.2849
0.14 2.339 0.064 46.0104
0.15 2.007 0.063 45.8187
0.16 1.75 0.062 45.676
0.17 1.489 0.059 45.1975
0.18 1.359 0.051 44.7751
0.19 1.229 0.05 44.7261
0.2 1.165 0.043 44.459
0.21 1.138 0.038 44.4547
0.22 1.086 0.032 44.096
0.23 1.007 0.029 43.8012
0.24 0.92 0.024 43.0661
0.25 0.845 0.019 42.1993
0.26 0.786 0.017 41.8306
0.27 0.668 0.016 41.0854
0.28 0.628 0.014 40.681
0.29 0.604 0.006 38.0694
0.3 0.585 0.008 39.1801
0.31 0.616 0.01 40.5804
0.32 0.679 0.009 41.1559
0.33 0.766 0.008 41.8245
0.34 0.881 0.008 43.0311
0.35 0.999 0.01 44.9993
0.36 1.193 0.009 46.121
0.37 1.24 0.009 46.733
0.38 1.252 0.009 47.1461
0.39 1.252 0.01 47.9059
0.4 1.229 0.01 48.1156
0.41 1.213 0.011 48.7407
0.42 1.221 0.011 49.1148
0.43 1.248 0.011 49.5931
0.44 1.276 0.01 49.6753
0.45 1.319 0.01 50.2257
0.46 1.347 0.01 50.6866
0.47 1.375 0.01 51.1419
0.48 1.383 0.01 51.4851
0.49 1.398 0.008 50.9076
0.5 1.422 0.008 51.3199
0.51 1.446 0.008 51.7278
0.52 1.466 0.007 51.535
0.53 1.485 0.006 51.2433
0.54 1.505 0.005 50.8327
0.55 1.525 0.005 51.1898
0.56 1.576 0.005 51.6912
0.57 1.588 0.005 52.0029
0.58 1.596 0.007 53.7774
0.59 1.612 0.007 54.1112
0.6 1.624 0.004 51.9469
0.61 1.639 0.004 52.2553
0.62 1.643 0.004 52.5105
0.63 1.647 0.004 52.763
0.64 1.628 0.004 52.9061
0.65 1.58 0.004 52.9061
0.66 1.545 0.004 52.96
0.67 1.505 0.004 52.9814
0.68 1.462 0.004 52.9784
0.69 1.414 0.004 52.9388
0.7 1.351 0.005 53.7928
0.71 1.268 0.004 52.5301
0.72 1.189 0.005 53.2276
0.73 1.11 0.007 54.4077
0.74 1.047 0.009 55.3006
0.75 0.999 0.006 53.3046
0.76 0.94 0.006 53.0343
0.77 0.778 0.005 51.0173
0.78 0.936 0.004 51.6149
0.79 0.944 0.003 50.635
0.8 0.909 0.002 48.8603
0.81 0.865 0.002 48.6802
0.82 0.806 0.002 48.3522
0.83 0.739 0.002 47.9129
0.84 0.664 0.002 47.3375
0.85 0.612 0.001 44.3086
0.86 0.569 0.001 43.989
0.87 0.533 0.001 43.7173
0.88 0.494 0.001 43.3791
0.89 0.47 0.001 43.2046
0.9 0.438 0.001 42.9012
0.91 0.435 0.002 45.5428
0.92 0.438 0.002 45.7266
0.93 0.446 0.003 47.5616
0.94 0.454 0.003 47.8255
0.95 0.466 0.004 49.3133
0.96 0.486 0.006 51.4644
0.97 0.514 0.007 52.7025
0.98 0.549 0.009 54.4841
0.99 0.593 0.011 56.1782
1 0.624 0.011 56.7503
1.01 0.648 0.01 56.7657
1.02 0.687 0.012 58.2798
1.03 0.707 0.01 57.7967
1.04 0.735 0.008 57.2052
1.05 0.751 0.009 58.1023
1.06 0.782 0.012 60.0154
1.07 0.802 0.012 60.3915
1.08 1.007 0.015 63.7377
1.09 1.082 0.015 64.5657
1.1 1.209 0.017 66.4611
1.11 1.371 0.019 68.4768
1.12 1.323 0.02 68.5884
1.13 1.311 0.02 68.668
1.14 1.359 0.02 69.1937
1.15 1.422 0.019 69.5187
1.16 1.497 0.021 70.7909
1.17 1.576 0.023 72.0307
1.18 1.663 0.023 72.7621
1.19 1.742 0.024 73.6825
1.2 1.778 0.024 74.072
1.21 1.821 0.025 74.7524
1.22 1.861 0.025 75.1585
1.23 1.892 0.027 75.9937
1.24 1.857 0.028 76.1906
1.25 1.758 0.029 75.9824
1.26 1.675 0.03 75.836
1.27 1.62 0.029 75.4253
1.28 1.564 0.027 74.7621
1.29 1.521 0.023 73.635
1.3 1.489 0.019 72.4074
1.31 1.477 0.016 71.4485
1.32 1.466 0.014 70.7324
1.33 1.434 0.013 70.2218
1.34 1.347 0.011 68.7742
1.35 1.268 0.009 67.1882
1.36 1.193 0.008 66.0868
1.37 1.102 0.009 66.114
1.38 1.015 0.011 66.5701
1.39 0.976 0.013 67.2569
1.4 0.877 0.015 67.1559
1.41 0.92 0.015 67.7543
1.42 0.928 0.016 68.3382
1.43 0.877 0.017 68.26
1.44 0.83 0.018 68.1755
1.45 0.778 0.019 67.9785
1.46 0.719 0.021 67.9025
1.47 0.652 0.023 67.5895
1.48 0.597 0.017 65.2025
1.49 0.553 0.018 64.9164
1.5 0.514 0.023 65.6819
1.51 0.482 0.02 64.4433
1.52 0.45 0.019 63.6539
1.53 0.419 0.02 63.3879
1.54 0.359 0.02 62.1052
1.55 0.438 0.018 63.466
1.56 0.51 0.016 64.3546
1.57 0.541 0.014 64.3008
1.58 0.553 0.012 63.7947
1.59 0.419 0.012 61.4035
1.6 0.387 0.011 60.3723
1.61 0.395 0.009 59.6511
1.62 0.438 0.008 60.0582
1.63 0.466 0.008 60.7003
1.64 0.466 0.008 60.8036
1.65 0.47 0.008 60.9814
1.66 0.474 0.008 61.1585
1.67 0.474 0.007 60.5839
1.68 0.486 0.007 60.9034
1.69 0.514 0.007 61.498
1.7 0.549 0.008 62.8808
1.71 0.593 0.004 60.1177
1.72 0.632 0.006 62.855
1.73 0.679 0.006 63.6101
1.74 0.711 0.008 65.6896
1.75 0.747 0.009 66.9166
1.76 0.77 0.009 67.316
1.77 0.802 0.009 67.8185
1.78 0.913 0.01 69.814
1.79 0.952 0.011 70.9053
1.8 0.988 0.012 71.9145
1.81 1.003 0.012 72.1818
1.82 1.035 0 0
1.83 1.142 0.003 65.7324
1.84 1.268 0.018 77.5756
1.85 1.462 0.018 79.3017
1.86 1.687 0.018 81.0748
1.87 1.924 0.018 82.7473
1.88 2.098 0.018 83.9097
1.89 2.552 0.016 85.5949
1.9 2.753 0.013 85.1772
1.91 2.927 0.011 84.8699
1.92 3.05 0.008 83.263
1.93 3.109 0.007 82.6899
1.94 3.101 0.008 83.7028
1.95 3.081 0.01 85.3138
1.96 3.077 0.009 84.6737
1.97 3.022 0.008 83.7489
1.98 2.911 0.009 84.2376
1.99 2.651 0.009 83.2268
2 2.346 0.01 82.6098
2.01 1.813 0.01 79.7105
2.02 1.596 0.009 77.6847
2.03 1.469 0.008 76.1185
2.04 1.375 0.009 76.2436
2.05 1.387 0.01 77.116
2.06 1.493 0.011 78.665
2.07 2.449 0.012 85.204
2.08 2.619 0.012 86.1467
2.09 2.722 0.015 88.3676
2.1 2.75 0.019 90.3756
2.11 2.781 0.025 92.7346
2.12 2.777 0.024 92.5226
2.13 2.742 0.027 93.3853
2.14 2.71 0.029 93.9057
2.15 2.647 0.03 93.9742
2.16 2.528 0.03 93.4743
2.17 2.406 0.031 93.184
2.18 2.315 0.034 93.5025
2.19 2.244 0.037 93.8605
2.2 2.2 0.039 94.1232
2.21 2.173 0.035 93.2313
2.22 2.117 0.032 92.3073
2.23 2.074 0.048 95.3117
2.24 2.05 0.048 95.2705
2.25 2.054 0.048 95.4154
2.26 2.066 0.046 95.2753
2.27 2.102 0.042 94.9088
2.28 2.267 0.039 95.474
2.29 2.445 0.034 95.5396
2.3 2.682 0.028 95.3849
2.31 2.971 0.022 94.9925
2.32 3.212 0.019 95.0148
2.33 3.362 0.016 94.3964
2.34 3.457 0.018 95.8233
2.35 3.532 0.018 96.234
2.36 3.595 0.019 97.0287
2.37 3.634 0.021 98.1074
2.38 3.662 0.023 99.078
2.39 3.737 0.02 98.3335
2.4 3.804 0.017 97.3743
2.41 4.014 0.014 96.67
2.42 4.029 0.012 95.5993
2.43 4.077 0.013 96.5129
2.44 4.231 0.02 100.685
2.45 4.401 0.024 102.923
2.46 4.551 0.022 102.791
2.47 4.642 0.009 95.8045
2.48 4.665 0.008 95.0445
2.49 4.65 0.008 95.1068
2.5 4.531 0.008 94.858
2.51 4.369 0.009 95.3971
2.52 4.207 0.009 94.9844
2.53 4.033 0.01 95.3445
2.54 3.867 0.011 95.6285
2.55 3.773 0.014 97.3278
2.56 3.686 0.012 95.8695
2.57 3.646 0.011 95.1316
2.58 3.63 0.011 95.174
2.59 3.63 0.011 95.2765
2.6 3.603 0.009 93.6986
2.61 3.583 0.009 93.7235
2.62 3.492 0.009 93.4762
2.63 3.492 0.008 92.6628
2.64 3.429 0.007 91.4956
2.65 3.287 0.007 91.0356
2.66 3.208 0.007 90.8123
2.67 3.121 0.008 91.5595
2.68 2.983 0.01 92.7661
2.69 2.844 0.013 94.2616
2.7 2.718 0.017 95.8611
2.71 2.568 0.022 97.2421
2.72 2.433 0.027 98.2476
2.73 2.354 0.029 98.4652
2.74 2.299 0.032 99.0382
2.75 2.303 0.034 99.6648
2.76 2.311 0.034 99.8152
2.77 2.319 0.034 99.9654
2.78 2.327 0.026 97.9054
2.79 2.362 0.024 97.5622
2.8 2.41 0.022 97.2362
2.81 2.422 0.031 100.221
2.82 2.422 0.032 100.586
2.83 2.461 0.033 101.175
2.84 2.485 0.035 101.914
2.85 2.686 0.036 103.405
2.86 2.793 0.033 103.339
2.87 2.927 0.03 103.317
2.88 3.066 0.029 103.817
2.89 3.235 0.029 104.723
2.9 3.429 0.029 105.706
2.91 3.611 0.029 106.598
2.92 3.753 0.025 105.977
2.93 3.796 0.021 104.722
2.94 3.678 0.018 103.016
2.95 3.508 0.016 101.414
2.96 3.362 0.014 99.7757
2.97 3.247 0.012 98.1037
2.98 3.105 0.011 96.8614
2.99 3.006 0.009 94.9025
3 2.876 0.005 89.883
3.01 2.761 0.005 89.439
3.02 2.682 0.005 89.1481
3.03 2.639 0.004 87.3851
3.04 2.588 0.004 87.2198
3.05 2.512 0.006 89.908
3.06 2.137 0.007 89.0538
3.07 2.193 0.008 90.4667
3.08 1.995 0.01 90.9969
3.09 1.813 0.012 91.206
3.1 1.679 0.011 89.6329
3.11 1.564 0.009 87.331
3.12 1.359 0.009 85.6583
3.13 1.264 0.008 84.0171
3.14 1.189 0.01 84.9162
3.15 1.126 0.007 81.8619
3.16 1.086 0.002 73.4406
3.17 1.015 0.009 82.4967
3.18 0.944 0.011 83.0869
3.19 0.877 0.012 82.8803
3.2 0.822 0.014 83.2432
3.21 0.762 0.015 82.8855
3.22 0.782 0.017 84.1389
3.23 0.877 0.018 86.0214
3.24 1.003 0.017 87.3595
3.25 1.193 0.014 88.2095
3.26 1.398 0.013 89.7688
3.27 1.556 0.011 89.9819
3.28 1.714 0.009 89.8093
3.29 1.904 0.006 88.2292
3.3 2.019 0.005 87.7119
3.31 2.058 0.004 86.4087
3.32 1.924 0.004 85.6468
3.33 1.793 0.006 87.7637
3.34 1.671 0.012 92.1119
3.35 1.564 0.013 91.9243
3.36 1.497 0.014 91.9877
3.37 1.438 0.015 92.0592
3.38 1.379 0.014 91.0567
3.39 1.339 0.014 90.746
3.4 1.347 0.014 90.8983
3.41 1.687 0.012 92.7718
3.42 1.959 0.012 94.8676
3.43 2.275 0.019 100.792
3.44 2.564 0.016 101.169
3.45 2.714 0.009 97.3115
3.46 2.714 0.009 97.3899
3.47 2.599 0.011 98.493
3.48 2.437 0.013 99.0294
3.49 2.256 0.014 98.6193
3.5 1.947 0.014 96.6263
3.51 1.833 0.013 95.2771
3.52 1.711 0.018 97.0026
3.53 1.592 0.02 96.9225
3.54 1.474 0.021 96.3192
3.55 1.414 0.021 95.8197
3.56 1.387 0.021 95.6288
3.57 1.43 0.02 95.7356
3.58 1.616 0.016 95.7184
3.59 2.026 0.012 96.6224
3.6 2.611 0.01 98.7848
3.61 3.413 0.009 101.852
3.62 3.599 0.008 101.711
3.63 3.713 0.008 102.247
3.64 3.733 0.007 101.273
3.65 3.713 0.007 101.272
3.66 3.646 0.006 99.7951
3.67 3.536 0.007 100.715
3.68 3.362 0.008 101.179
3.69 3.2 0.009 101.528
3.7 2.939 0.011 102.057
3.71 2.868 0.003 91.3464
3.72 2.809 0.006 96.5522
3.73 2.781 0.009 99.7955
3.74 2.765 0.013 102.887
3.75 2.821 0.01 101.031
3.76 2.908 0.009 100.663
3.77 3.01 0.008 100.252
3.78 3.231 0.009 102.352
3.79 3.334 0.01 103.797
3.8 3.393 0.007 101.091
3.81 3.358 0.008 102.143
3.82 3.283 0.016 107.934
3.83 3.22 0.019 109.262
3.84 3.216 0.021 110.236
3.85 3.239 0.024 111.663
3.86 3.255 0.023 111.427
3.87 3.35 0.024 112.368
3.88 3.429 0.024 112.826
3.89 3.492 0.023 112.803
3.9 3.599 0.023 113.376
3.91 3.674 0.019 111.999
3.92 3.63 0.015 109.706
3.93 3.5 0.015 109.208
3.94 3.397 0.018 110.48
3.95 3.251 0.021 111.278
3.96 3.085 0.022 110.948
3.97 2.923 0.005 97.3902
3.98 2.572 0.022 108.232
3.99 2.374 0.019 105.767
4 2.193 0.022 105.923
4.01 2.086 0.023 105.626
4.02 2.011 0.025 105.875
4.03 1.983 0.025 105.734
4.04 0.332 0.027 82.3238
4.05 1.766 0.029 105.421
4.06 1.904 0.03 106.944
4.07 1.845 0.032 107.107
4.08 1.789 0.034 107.245
4.09 1.762 0.037 107.839
4.1 1.758 0.039 108.351
4.11 1.896 0.039 109.61
4.12 2.042 0.04 111.096
4.13 2.204 0.033 110.615
4.14 2.374 0.028 110.361
4.15 2.572 0.029 112.043
4.16 2.817 0.027 112.924
4.17 3.16 0.023 113.362
4.18 3.488 0.018 112.739
4.19 3.773 0.015 112.379
4.2 3.982 0.014 112.682
4.21 4.053 0.02 116.448
4.22 4.172 0.022 117.943
4.23 4.29 0.024 119.357
4.24 4.341 0.011 112.12
4.25 4.389 0.009 110.511
4.26 4.448 0.006 107.12
4.27 4.496 0.005 105.74
4.28 4.393 0.006 107.068
4.29 4.278 0.008 109.314
4.3 4.152 0.013 113.405
4.31 4.017 0.018 116.039
4.32 3.907 0.02 116.668
4.33 3.824 0.022 117.31
4.34 3.745 0.026 118.671
4.35 3.67 0.029 119.482
4.36 3.67 0.031 120.223
4.37 3.733 0.032 120.914
4.38 3.856 0.034 122.172
4.39 4.049 0.033 122.807
4.4 4.657 0.031 124.734
4.41 5.037 0.033 126.889
4.42 5.44 0.032 128.056
4.43 5.783 0.023 125.766
4.44 6.028 0.009 117.092
4.45 6.159 0.008 116.383
4.46 6.226 0.007 115.348
4.47 6.269 0.007 115.535
4.48 6.214 0.008 116.75
4.49 6.111 0.009 117.689
4.5 6.024 0.011 119.497
4.51 5.941 0.015 122.452
4.52 5.87 0.017 123.596
4.53 5.815 0.014 121.525
4.54 5.768 0.015 122.157
4.55 5.736 0.015 122.134
4.56 5.744 0.015 122.233
4.57 5.736 0.015 122.283
4.58 5.677 0.016 122.833
4.59 5.598 0.017 123.28
4.6 5.523 0.017 123.115
4.61 5.467 0.017 123.009
4.62 5.392 0.018 123.424
4.63 5.333 0.019 123.858
4.64 5.29 0.019 123.788
4.65 5.246 0.018 123.158
4.66 5.191 0.017 122.461
4.67 5.179 0.016 121.877
4.68 5.124 0.015 121.11
4.69 5.112 0.016 121.793
4.7 5.151 0.018 123.2
4.71 5.226 0.011 118.571
4.72 5.337 0.009 117.03
4.73 5.428 0.026 128.216
4.74 5.475 0.026 128.451
4.75 5.456 0.027 128.866
4.76 5.448 0.029 129.683
4.77 5.483 0.03 130.245
4.78 5.712 0.031 131.449
4.79 5.933 0.031 132.246
4.8 6.218 0.032 133.573
4.81 6.565 0.038 136.639
4.82 6.972 0.04 138.497
4.83 7.423 0.04 139.833
4.84 7.869 0.037 140.182
4.85 8.185 0.031 138.998
4.86 8.335 0.027 137.849
4.87 8.383 0.025 137.16
4.88 8.379 0.023 136.281
4.89 8.308 0.02 134.617
4.9 8.146 0.017 132.508
4.91 7.885 0.015 130.596
4.92 7.612 0.015 130.008
4.93 7.332 0.015 129.381
4.94 7.107 0.015 128.875
4.95 6.878 0.015 128.34
4.96 6.648 0.017 129.123
4.97 6.17 0.016 127.171
4.98 5.937 0.015 125.861
4.99 5.7 0.015 125.195
5 5.483 0.018 126.47
5.01 5.211 0.019 126.183
5.02 4.958 0.023 127.36
5.03 4.689 0.03 129.237
5.04 4.452 0.035 130.003
5.05 4.152 0.042 130.742
5.06 3.852 0.048 130.855
5.07 3.354 0.041 126.67
5.08 3.216 0.032 123.404
5.09 3.247 0.023 120.291
5.1 3.654 0.028 124.441
5.11 4.393 0.026 127.07
5.12 5.42 0.024 130.174
5.13 6.51 0.02 131.714
5.14 7.107 0.018 132.296
5.15 7.581 0.016 132.301
5.16 7.711 0.016 132.697
5.17 7.719 0.018 134.096
5.18 7.644 0.017 133.344
5.19 7.518 0.013 130.159
5.2 7.367 0.012 128.987
5.21 7.257 0.013 129.637
5.22 7.201 0.014 130.362
5.23 7.146 0.016 131.743
5.24 7.059 0.018 132.877
5.25 7.024 0.02 134.022
5.26 6.996 0.02 134.016
5.27 7 0.02 134.098
5.28 7.028 0.021 134.791
5.29 7.075 0.024 136.5
5.3 7.178 0.024 136.856
5.31 7.356 0.024 137.412
5.32 7.518 0.025 138.385
5.33 7.632 0.024 138.287
5.34 7.648 0.023 137.912
5.35 7.581 0.025 138.768
5.36 7.364 0.029 139.979
5.37 7.273 0.033 141.312
5.38 7.122 0.032 140.598
5.39 6.866 0.031 139.562
5.4 6.562 0.029 137.958
5.41 6.226 0.03 137.375
5.42 5.941 0.033 137.609
5.43 5.783 0.036 138.142
5.44 5.704 0.037 138.254
5.45 5.704 0.038 138.632
5.46 5.744 0.037 138.535
5.47 5.716 0.047 141.292
5.48 5.728 0.046 141.154
5.49 5.827 0.028 135.846
5.5 5.957 0.023 134.134
5.51 6.115 0.017 131.363
5.52 6.186 0.015 130.284
5.53 6.127 0.013 128.629
5.54 5.772 0.012 126.745
5.55 5.546 0.014 127.709
5.56 5.325 0.013 126.246
5.57 5.06 0.013 125.384
5.58 4.748 0.015 125.791
5.59 4.424 0.017 125.884
5.6 4.144 0.018 125.361
5.61 3.895 0.02 125.403
5.62 3.646 0.02 124.277
5.63 3.405 0.019 122.596
5.64 3.172 0.018 120.866
5.65 2.746 0.017 117.878
5.66 2.512 0.016 115.847
5.67 2.291 0.013 112.418
5.68 2.082 0.017 113.439
5.69 1.872 0.014 109.979
5.7 1.691 0.011 106.279
5.71 1.541 0.012 105.68
5.72 1.434 0.012 104.642
5.73 1.347 0.013 104.446
5.74 1.165 0.013 102.336
5.75 1.11 0.015 102.892
5.76 1.098 0.011 100.163
5.77 1.134 0.015 103.309
5.78 1.193 0.022 107.488
5.79 1.292 0.022 108.781
5.8 1.379 0.023 110.267
5.81 1.454 0.021 110.326
5.82 1.58 0.02 111.255
5.83 1.762 0.021 113.529
5.84 1.809 0.02 113.553
5.85 1.813 0.021 114.105
5.86 1.797 0.023 114.88
5.87 1.718 0.023 114.193
5.88 1.632 0.021 112.55
5.89 1.604 0.022 112.758
5.9 1.726 0.025 115.228
5.91 1.872 0.027 117.387
5.92 2.054 0.028 119.383
5.93 2.22 0.032 122.132
5.94 2.37 0.032 123.345
5.95 2.362 0.033 123.659
5.96 2.351 0.032 123.318
5.97 2.461 0.03 123.525
5.98 2.678 0.015 118.085
5.99 2.919 0.014 118.931
6 3.2 0.013 119.83
6.01 3.575 0.012 121.005
6.02 4.444 0.01 123.034
6.03 4.784 0.009 123.319
6.04 5.041 0.012 127.32
6.05 5.345 0.011 127.531
6.06 5.554 0.008 124.941
6.07 5.641 0.007 123.894
6.08 5.693 0.007 124.115
6.09 5.716 0.008 125.632
6.1 5.712 0.009 126.914
6.11 5.633 0.012 129.787
6.12 5.59 0.014 131.377
6.13 5.566 0.003 115.554
6.14 5.55 0.008 125.385
6.15 5.554 0.02 135.392
6.16 5.649 0.021 136.337
6.17 5.783 0.021 136.86
6.18 5.957 0.018 135.755
6.19 6.202 0.015 134.55
6.2 6.688 0.013 134.47
6.21 6.87 0.012 134.155
6.22 7.032 0.011 133.695
6.23 7.119 0.01 132.933
6.24 7.13 0.01 133.022
6.25 7.048 0.01 132.86
6.26 6.945 0.009 131.48
6.27 6.834 0.01 132.389
6.28 6.739 0.011 133.233
6.29 6.633 0.012 133.954
6.3 6.483 0.013 134.465
6.31 6.392 0.018 137.936
6.32 6.328 0.022 140.116
6.33 6.218 0.026 141.781
6.34 6.036 0.028 142.112
6.35 5.858 0.03 142.377
6.36 5.689 0.032 142.604
6.37 5.562 0.033 142.568
6.38 5.471 0.011 129.862
6.39 5.471 0.02 136.545
6.4 5.491 0.033 142.491
6.41 5.562 0.034 143.172
6.42 5.756 0.036 144.629
6.43 6.127 0.035 145.657
6.44 6.597 0.033 146.56
6.45 7.36 0.027 146.486
6.46 7.569 0.011 136.549
6.47 7.802 0.019 143.588
6.48 8.134 0.019 144.515
6.49 8.572 0.019 145.673
6.5 9.074 0.02 147.563
6.51 9.572 0.018 147.468
6.52 9.908 0.016 146.819
6.53 10.287 0.015 146.887
6.54 10.287 0.013 145.211
6.55 10.401 0.014 146.403
6.56 10.453 0.016 148.208
6.57 10.449 0.016 148.262
6.58 10.37 0.017 148.912
6.59 10.267 0.018 149.47
6.6 10.184 0.018 149.359
6.61 10.137 0.019 149.995
6.62 9.995 0.02 150.394
6.63 9.919 0.03 155.448
6.64 9.848 0.032 156.189
6.65 9.738 0.026 153.33
6.66 9.631 0.029 154.548
6.67 9.505 0.03 154.756
6.68 9.378 0.032 155.352
6.69 9.228 0.031 154.648
6.7 8.924 0.031 153.967
6.71 8.782 0.028 152.38
6.72 8.651 0.025 150.686
6.73 8.592 0.034 154.502
6.74 8.568 0.033 154.12
6.75 8.576 0.032 153.81
6.76 8.608 0.03 153.132
6.77 8.663 0.03 153.335
6.78 8.758 0.03 153.639
6.79 8.861 0.03 153.961
6.8 9.003 0.028 153.494
6.81 9.24 0.028 154.132
6.82 9.497 0.028 154.805
6.83 9.765 0.027 155.02
6.84 10.034 0.026 155.203
6.85 10.235 0.024 154.677
6.86 10.417 0.022 154.014
6.87 10.524 0.021 153.707
6.88 10.623 0.02 153.353
6.89 10.698 0.02 153.571
6.9 10.725 0.02 153.688
6.91 10.706 0.02 153.711
6.92 10.603 0.019 152.905
6.93 10.469 0.018 152.001
6.94 10.326 0.018 151.761
6.95 10.046 0.017 150.505
6.96 9.919 0.016 149.533
6.97 9.765 0.016 149.256
6.98 9.544 0.017 149.577
6.99 9.276 0.019 150.409
7 8.955 0.02 150.348
7.01 8.624 0.02 149.594
7.02 0.96 0.022 109.96
7.03 7.672 0.029 151.834
7.04 7.51 0.029 151.428
7.05 7.344 0.024 148.642
7.06 7.19 0.024 148.248
7.07 7.111 0.024 148.07
7.08 7.036 0.024 147.903
7.09 6.937 0.025 148.161
7.1 6.72 0.026 148.025
7.11 6.633 0.028 148.719
7.12 6.573 0.025 147.188
7.13 6.554 0.028 148.579
7.14 6.526 0.03 149.4
7.15 6.526 0.032 150.263
7.16 6.558 0.031 150.031
7.17 6.597 0.028 148.95
7.18 6.593 0.026 148.079
7.19 6.593 0.025 147.654
7.2 6.538 0.026 148.015
7.21 6.609 0.028 149.22
7.22 6.716 0.031 150.896
7.23 6.838 0.031 151.345
7.24 6.992 0.029 151.049
7.25 7.229 0.027 150.934
7.26 7.486 0.019 147.381
7.27 7.909 0.015 145.715
7.28 8.003 0.012 143.333
7.29 7.992 0.011 142.325
7.3 7.956 0.015 146.007
7.31 7.96 0.016 146.859
7.32 7.936 0.018 148.297
7.33 7.845 0.018 148.107
7.34 7.719 0.021 149.727
7.35 7.664 0.023 150.766
7.36 7.727 0.014 144.891
7.37 7.802 0.016 146.769
7.38 7.841 0.022 150.875
7.39 7.901 0.02 149.904
7.4 7.992 0.017 148.19
7.41 8.035 0.016 147.614
7.42 8.122 0.018 149.355
7.43 8.395 0.019 150.801
7.44 8.513 0.019 151.161
7.45 8.616 0.021 152.746
7.46 8.659 0.019 151.645
7.47 8.683 0.017 150.364
7.48 8.675 0.016 149.643
7.49 8.624 0.017 150.328
7.5 8.6 0.016 149.567
7.51 8.576 0.016 149.562
7.52 8.537 0.018 150.992
7.53 8.406 0.019 151.391
7.54 8.331 0.02 151.898
7.55 8.28 0.019 151.174
7.56 8.185 0.022 152.831
7.57 8.094 0.026 154.777
7.58 8.019 0.029 156.038
7.59 7.976 0.029 155.975
7.6 7.964 0.003 129.165
7.61 7.98 0.002 124.962
7.62 8.051 0.034 158.439
7.63 8.233 0.035 159.392
7.64 8.545 0.035 160.306
7.65 8.944 0.035 161.422
7.66 9.327 0.033 161.665
7.67 10.089 0.027 160.855
7.68 10.532 0.025 160.879
7.69 10.84 0.019 157.958
7.7 11.061 0.017 157.015
7.71 11.27 0.014 154.972
7.72 11.409 0.014 155.302
7.73 11.504 0.014 155.543
7.74 11.567 0.015 156.618
7.75 11.583 0.017 158.346
7.76 11.515 0.02 160.423
7.77 11.432 0.018 158.914
7.78 11.476 0.018 159.059
7.79 11.523 0.018 159.21
7.8 11.614 0.019 160.166
7.81 11.741 0.018 159.754
7.82 11.966 0.019 160.97
7.83 12.305 0.02 162.368
7.84 13.135 0.021 164.627
7.85 13.483 0.023 166.562
7.86 13.735 0.024 167.659
7.87 13.941 0.025 168.65
7.88 14.099 0.027 170.069
7.89 14.21 0.028 170.837
7.9 14.265 0.03 171.977
7.91 14.3 0.04 176.267
7.92 14.265 0.041 176.629
7.93 14.229 0.036 174.726
7.94 14.166 0.037 175.074
7.95 14.123 0 0
7.96 14.075 0.022 167.625
7.97 13.996 0.033 173.296
7.98 13.807 0.033 173.017
7.99 13.688 0.033 172.862
8 13.566 0.033 172.699
8.01 13.463 0.033 172.57
8.02 12.681 0.034 171.574
8.03 12.862 0.032 171.119
8.04 12.894 0.033 171.678
8.05 12.882 0.033 171.715
8.06 12.862 0.032 171.296
8.07 12.851 0.031 170.882
8.08 12.847 0.031 170.933
8.09 12.843 0.031 170.985
8.1 12.855 0.035 172.802
8.11 12.87 0.037 173.692
8.12 12.866 0.037 173.744
8.13 12.89 0.036 173.454
8.14 12.898 0.035 173.122
8.15 12.941 0.033 172.418
8.16 13.009 0.031 171.712
8.17 13.333 0.031 172.38
8.18 13.577 0.031 172.889
8.19 13.822 0.03 172.922
8.2 14.044 0.03 173.378
8.21 14.241 0.031 174.259
8.22 14.403 0.032 175.064
8.23 14.632 0.027 173.058
8.24 14.68 0.034 176.552
8.25 14.68 0.034 176.612
8.26 14.664 0.033 176.205
8.27 14.593 0.033 176.141
8.28 14.561 0.034 176.583
8.29 14.557 0.036 177.477
8.3 14.743 0.028 174.181
8.31 14.751 0.037 178.341
8.32 14.77 0.04 179.595
8.33 14.759 0.039 179.258
8.34 14.759 0.039 179.318
8.35 14.767 0.037 178.607
8.36 14.818 0.038 179.152
8.37 15.079 0.04 180.432
8.38 15.154 0.04 180.62
8.39 15.169 0.04 180.706
8.4 15.185 0.042 181.529
8.41 15.13 0.042 181.494
8.42 15.075 0.041 181.095
8.43 15.043 0.044 182.167
8.44 15.027 0.044 182.199
8.45 15.106 0.045 182.738
8.46 15.13 0.046 183.175
8.47 15.118 0.046 183.214
8.48 15.079 0.044 182.529
8.49 15.019 0.045 182.826
8.5 14.964 0.043 182.099
8.51 14.921 0.024 173.46
8.52 14.751 0.018 169.133
8.53 14.628 0.036 179.016
8.54 14.498 0.035 178.426
8.55 14.411 0.036 178.748
8.56 14.352 0.035 178.282
8.57 14.443 0.033 177.63
8.58 14.889 0.041 181.72
8.59 15.177 0.036 180.32
8.6 15.43 0.038 181.623
8.61 15.584 0.039 182.335
8.62 15.667 0.04 182.919
8.63 15.675 0.04 182.991
8.64 15.647 0.041 183.379
8.65 15.458 0.042 183.485
8.66 15.327 0.045 184.375
8.67 15.197 0.047 184.875
8.68 15.063 0.048 185.023
8.69 14.948 0.048 184.878
8.7 14.763 0.047 184.282
8.71 14.553 0.047 183.961
8.72 14.379 0.048 184.024
8.73 14.115 0.048 183.592
8.74 14.044 0.049 183.832
8.75 14.055 0.049 183.911
8.76 14.079 0.048 183.699
8.77 14.103 0.048 183.803
8.78 14.119 0.046 183.241
8.79 14.052 0.04 181.056
8.8 13.957 0.045 182.718
8.81 13.901 0.038 180.118
8.82 13.862 0.036 179.294
8.83 13.811 0.037 179.664
8.84 13.842 0.034 178.519
8.85 13.937 0.032 177.851
8.86 14.166 0.032 178.325
8.87 14.158 0.027 175.863
8.88 14.075 0.025 174.647
8.89 13.969 0.026 175.082
8.9 13.905 0.028 176.104
8.91 13.913 0.029 176.688
8.92 13.893 0.03 177.206
8.93 13.826 0.03 177.138
8.94 13.85 0.033 178.648
8.95 13.89 0.033 178.778
8.96 13.87 0 0
8.97 13.783 0.028 176.264
8.98 13.684 0.028 176.135
8.99 13.546 0.028 175.933
9 13.384 0.023 172.831
9.01 13.04 0.03 176.087
9.02 12.89 0.029 175.353
9.03 10.271 0.029 169.763
9.04 12.286 0.028 173.745
9.05 12.388 0.027 173.479
9.06 12.471 0.028 174.226
9.07 12.629 0.031 176.08
9.08 12.728 0.033 177.252
9.09 12.878 0.035 178.477
9.1 13.036 0.037 179.675
9.11 13.23 0.037 180.112
9.12 13.412 0.036 180.111
9.13 13.546 0.03 177.708
9.14 13.878 0.028 177.362
9.15 14.174 0.028 177.955
9.16 14.605 0.027 178.239
9.17 15.142 0.029 180.291
9.18 15.628 0.028 180.64
9.19 16.015 0.029 181.862
9.2 16.505 0.031 183.725
9.21 16.667 0.033 184.999
9.22 16.789 0.034 185.71
9.23 16.856 0.035 186.322
9.24 16.88 0.037 187.28
9.25 16.912 0.042 189.374
9.26 16.9 0.042 189.411
9.27 16.821 0.043 189.711
9.28 16.73 0.044 189.983
9.29 16.639 0.045 190.246
9.3 16.572 0.045 190.192
9.31 16.505 0.045 190.138
9.32 16.426 0.046 190.412
9.33 16.398 0.047 190.763
9.34 16.362 0.047 190.759
9.35 16.291 0.048 191.031
9.36 16.193 0.048 190.922
9.37 16.114 0.05 191.493
9.38 15.983 0.052 191.95
9.39 15.695 0.053 191.809
9.4 15.501 0.054 191.82
9.41 15.331 0.056 192.153
9.42 15.106 0.054 191.221
9.43 14.897 0.052 190.296
9.44 14.62 0.06 192.112
9.45 14.099 0.052 188.905
9.46 13.814 0.055 189.287
9.47 13.562 0.056 189.124
9.48 13.309 0.055 188.385
9.49 13.092 0.053 187.416
9.5 12.886 0.065 190.246
9.51 12.59 0.049 185.259
9.52 12.428 0.047 184.328
9.53 12.23 0.043 182.6
9.54 12.049 0.041 181.54
9.55 11.891 0.053 185.161
9.56 11.705 0.051 184.205
9.57 11.326 0.035 177.732
9.58 11.156 0.035 177.397
9.59 10.978 0.034 176.611
9.6 10.808 0.032 175.379
9.61 10.615 0.033 175.423
9.62 10.22 0.033 174.519
9.63 10.014 0.034 174.491
9.64 9.785 0.035 174.381
9.65 9.556 0.036 174.245
9.66 9.299 0.036 173.612
9.67 9.015 0.036 172.888
9.68 8.687 0.037 172.41
9.69 8.351 0.04 172.599
9.7 7.64 0.044 171.807
9.71 7.328 0.047 171.768
9.72 7.059 0.05 171.776
9.73 6.866 0.053 171.972
9.74 6.696 0.039 167.083
9.75 6.542 0.038 166.212
9.76 6.313 0.047 168.359
9.77 6.277 0.045 167.661
9.78 6.293 0.047 168.378
9.79 6.396 0.045 168.211
9.8 6.621 0.048 170.009
9.81 7.107 0.046 171.193
9.82 7.273 0.041 170.175
9.83 7.387 0.041 170.605
9.84 7.541 0.038 170.082
9.85 7.632 0.034 168.854
9.86 7.652 0.03 167.215
9.87 7.581 0.026 165.061
9.88 7.502 0.025 164.321
9.89 7.395 0.025 164.028
9.9 7.217 0.023 162.369
9.91 7.067 0.024 162.499
9.92 6.98 0.026 163.339
9.93 6.953 0.033 166.565
9.94 7.075 0.035 167.849
9.95 7.261 0.017 158.697
9.96 7.462 0.016 158.565
9.97 7.612 0.013 156.34
9.98 7.751 0.01 153.406
9.99 7.873 0.008 150.966
10 7.92 0.015 159.252
10.01 7.849 0.019 162.25
10.02 7.127 0.028 165.303
10.03 6.704 0.034 166.568
10.04 6.261 0.032 164.152
10.05 5.823 0.033 162.908
10.06 5.558 0.04 164.475
10.07 5.689 0.044 166.387
10.08 5.87 0.048 168.4
10.09 5.945 0.051 169.608
10.1 5.981 0.055 170.873
10.11 6.016 0.054 170.802
10.12 5.799 0.039 165.408
10.13 5.42 0.049 166.993
10.14 5.298 0.048 166.206
10.15 5.25 0.049 166.319
10.16 5.159 0.05 166.226
10.17 5.092 0.051 166.232
10.18 5.305 0.039 163.57
10.19 5.538 0.042 165.648
10.2 5.839 0.045 167.922
10.21 6.143 0.047 169.814
10.22 6.34 0.046 170.329
10.23 6.439 0.045 170.443
10.24 6.352 0.04 168.497
10.25 6.202 0.035 166.108
10.26 5.969 0.03 163.133
10.27 5.803 0.03 162.516
10.28 5.831 0.023 159.116
10.29 5.862 0.019 156.769
10.3 5.882 0.021 158.2
10.31 5.898 0.023 159.507
10.32 5.858 0.025 160.504
10.33 5.779 0.026 160.757
10.34 5.689 0.03 162.359
10.35 5.617 0.031 162.548
10.36 5.282 0.029 160.266
10.37 5.025 0.02 154.317
10.38 4.815 0.017 151.352
10.39 4.796 0.016 150.545
10.4 5.005 0.035 161.709
10.41 5.274 0.033 162.18
10.42 5.365 0.048 167.773
10.43 5.254 0.069 172.442
10.44 4.962 0.085 174.068
10.45 4.642 0 0
10.46 4.334 0.045 161.997
10.47 3.717 0.042 157.589
10.48 3.571 0.039 155.76
10.49 4.017 0.036 157.413
10.5 5.009 0.061 169.829
10.51 6.597 0.068 178.35
10.52 10.374 0.028 176.863
10.53 11.187 0.023 175.94
10.54 11.476 0.02 174.591
10.55 11.496 0.017 172.335
10.56 11.373 0.017 172.114
10.57 10.69 0.019 172.217
10.58 10.137 0.022 173.048
10.59 9.501 0.029 175.473
10.6 8.88 0.035 176.559
10.61 8.225 0.042 177.338
10.62 7.561 0.053 178.672
10.63 6.89 0.07 180.472
10.64 6.273 0.075 179.122
10.65 5.463 0.071 174.838
10.66 5.139 0.071 173.351
10.67 4.902 0.072 172.421
10.68 4.661 0.022 155.135
10.69 4.44 0.058 167.038
10.7 4.124 0.055 164.585
10.71 4.006 0.053 163.437
10.72 4.12 0.043 161.31
10.73 4.44 0.046 164.017
10.74 5.167 0.05 168.849
10.75 6.759 0.058 177.734
10.76 6.988 0.056 178.114
10.77 6.803 0.047 174.905
10.78 6.518 0.046 173.564
10.79 6.629 0.044 173.389
10.8 6.929 0.017 161.265
10.81 7.45 0.044 176.42
10.82 9.09 0.046 182.267
10.83 10.073 0.049 186.005
10.84 10.986 0.051 189.02
10.85 11.681 0.064 194.383
10.86 12.262 0.047 190.831
10.87 13.127 0.041 190.585
10.88 13.372 0.035 188.642
10.89 13.514 0.029 186.044
10.9 13.518 0.051 195.049
10.91 13.514 0.045 193.069
10.92 13.19 0.026 183.859
10.93 12.934 0.032 186.583
10.94 12.57 0.036 187.695
10.95 12.167 0.042 189.276
10.96 11.681 0.046 189.646
10.97 10.765 0.054 189.994
10.98 10.421 0.052 188.563
10.99 10.172 0.051 187.651
11 10.006 0.055 188.435
11.01 9.998 0.053 187.881
11.02 10.129 0.051 187.679
11.03 10.413 0.047 187.199
11.04 10.911 0.043 187.12
11.05 11.045 0.041 186.755
11.06 10.998 0.039 185.912
11.07 10.812 0.033 182.942
11.08 10.63 0.034 182.995
11.09 10.287 0.04 184.659
11.1 9.327 0.052 186.137
11.11 8.73 0.06 186.627
11.12 8.003 0.061 184.605
11.13 7.245 0.069 183.9
11.14 6.747 0.062 180.456
11.15 6.51 0.065 180.281
11.16 6.526 0.065 180.39
11.17 6.471 0.065 180.215
11.18 6.447 0.065 180.163
11.19 6.483 0.063 179.884
11.2 6.376 0.056 177.748
11.21 6.455 0.059 178.883
11.22 6.34 0.062 179.202
11.23 6.127 0.065 179.069
11.24 5.851 0.064 177.699
11.25 5.574 0.069 177.615
11.26 5.388 0.08 178.982
11.27 5.041 0.089 178.898
11.28 4.847 0.092 178.425
11.29 4.567 0.09 176.623
11.3 4.322 0.072 172.045
11.31 4.172 0.067 170.192
11.32 4.685 0.062 171.987
11.33 5.598 0.059 175.77
11.34 6.779 0.053 179.122
11.35 8.15 0.042 180.454
11.36 9.358 0.033 180.469
11.37 10.891 0.031 183.543
11.38 11.326 0.029 183.605
11.39 11.677 0.026 182.79
11.4 11.962 0.021 180.239
11.41 12.175 0.023 182.115
11.42 12.388 0.03 186.697
11.43 12.479 0.032 187.946
11.44 12.546 0.035 189.545
11.45 12.645 0.038 191.109
11.46 12.748 0.04 192.197
11.47 12.914 0.046 194.855
11.48 12.989 0.045 194.708
11.49 13.08 0.046 195.308
11.5 13.163 0.047 195.883
11.51 13.261 0.049 196.821
11.52 13.321 0.049 196.997
11.53 13.416 0.05 197.578
11.54 13.423 0.052 198.286
11.55 13.4 0.055 199.213
11.56 13.372 0.081 205.721
11.57 13.317 0.048 196.888
11.58 13.19 0.047 196.319
11.59 12.791 0.053 197.464
11.6 12.519 0.051 196.271
11.61 12.215 0.052 195.941
11.62 11.899 0.053 195.559
11.63 10.441 0.055 192.551
11.64 11.069 0.055 194.224
11.65 10.947 0.05 192.428
11.66 10.749 0.048 191.318
11.67 10.781 0.046 190.769
11.68 10.86 0.044 190.31
11.69 11.01 0.04 189.225
11.7 11.18 0.036 188.033
11.71 11.294 0.036 188.352
11.72 11.492 0.035 188.427
11.73 11.511 0.036 188.959
11.74 11.46 0.036 188.883
11.75 11.385 0.037 189.18
11.76 11.286 0.037 188.987
11.77 10.927 0.038 188.571
11.78 10.658 0.039 188.347
11.79 10.421 0.043 189.314
11.8 10.145 0.056 192.819
11.81 9.908 0.048 189.76
11.82 9.434 0.051 189.422
11.83 9.22 0.052 189.147
11.84 9.042 0.053 188.961
11.85 8.849 0.04 184.058
11.86 8.679 0.05 187.028
11.87 8.41 0.046 184.938
11.88 8.252 0.043 183.445
11.89 8.177 0.043 183.247
11.9 8.146 0.036 180.501
11.91 8.15 0.048 184.93
11.92 8.45 0.051 186.879
11.93 8.663 0.054 188.488
11.94 8.877 0 0
11.95 9.05 0.027 179.132
11.96 9.141 0.022 176.4
11.97 9.295 0.019 174.722
11.98 9.461 0.014 170.813
11.99 9.667 0.019 175.794
12 9.935 0.021 178.005
12.01 9.505 0.023 178.259
12.02 10.39 0.024 181.241
12.03 10.654 0.025 182.559
12.04 10.864 0.021 180.478
12.05 11.093 0.021 181.062
12.06 11.168 0.023 182.657
12.07 11.251 0.023 182.894
12.08 11.274 0.024 183.639
12.09 11.274 0.026 184.909
12.1 11.227 0.028 185.983
12.11 11.207 0.028 185.978
12.12 11.215 0.028 186.04
12.13 11.219 0.03 187.163
12.14 11.239 0.031 187.766
12.15 11.298 0.031 187.951
12.16 11.393 0.031 188.22
12.17 11.772 0.034 190.612
12.18 11.938 0.036 191.951
12.19 12.045 0.039 193.526
12.2 12.072 0.057 199.844
12.21 12.033 0.044 195.539
12.22 11.78 0.047 196.059
12.23 11.586 0.05 196.645
12.24 11.338 0.05 196.078
12.25 11.081 0.063 199.271
12.26 10.788 0.064 198.809
12.27 10.251 0.058 195.787
12.28 10.018 0.058 195.184
12.29 9.809 0.057 194.355
12.3 9.576 0.057 193.727
12.31 9.386 0.044 189.096
12.32 8.979 0.057 192.027
12.33 8.845 0.055 191.086
12.34 8.774 0.053 190.32
12.35 8.742 0.051 189.654
12.36 8.77 0.049 189.154
12.37 8.857 0.039 185.901
12.38 9.157 0.035 185.163
12.39 9.366 0.032 184.427
12.4 9.509 0.029 183.363
12.41 9.599 0.027 182.565
12.42 9.69 0.027 182.854
12.43 9.706 0.027 182.938
12.44 9.742 0.026 182.503
12.45 9.694 0.025 181.819
12.46 9.619 0.026 182.25
12.47 9.528 0.037 187.465
12.48 9.43 0.031 184.492
12.49 9.268 0.034 185.493
12.5 9.141 0.036 186.049
12.51 9.023 0.038 186.579
12.52 8.869 0.036 185.323
12.53 8.711 0.042 187.272
12.54 8.387 0.044 187.016
12.55 8.209 0.046 187.172
12.56 8.067 0.031 180.711
12.57 7.952 0.034 181.769
12.58 7.924 0.053 188.554
12.59 7.956 0.052 188.407
12.6 8.031 0.053 189.002
12.61 8.158 0.051 188.866
12.62 8.399 0.048 188.747
12.63 8.96 0.036 186.048
12.64 9.193 0.031 184.469
12.65 9.402 0.027 182.992
12.66 9.572 0.103 205.129
12.67 9.67 0.022 180.709
12.68 9.702 0.008 166.238
12.69 9.686 0.008 166.235
12.7 9.461 0.007 163.879
12.71 9.216 0.011 169.554
12.72 8.963 0.014 172.336
12.73 4.397 0.021 160.91
12.74 8.083 0.024 177.656
12.75 7.92 0.025 177.777
12.76 7.766 0.028 178.993
12.77 7.62 0.032 180.538
12.78 7.474 0.033 180.537
12.79 7.375 0.032 179.769
12.8 7.387 0.031 179.375
12.81 7.419 0.029 178.533
12.82 7.427 0.028 178.078
12.83 7.431 0.029 178.652
12.84 7.462 0.029 178.798
12.85 7.656 0.031 180.497
12.86 7.79 0.032 181.467
12.87 7.984 0.023 177.213
12.88 8.221 0.035 184.327
12.89 8.825 0.032 184.876
12.9 9.125 0.03 184.813
12.91 9.347 0.032 186.492
12.92 9.501 0.043 191.625
12.93 9.667 0.021 181.023
12.94 9.979 0.014 175.858
12.95 10.117 0.017 179.114
12.96 10.152 0.02 181.682
12.97 10.137 0.025 185.086
12.98 10.038 0.031 188.203
12.99 9.73 0.046 193.656
13 9.501 0.054 195.627
13.01 8.217 0.05 190.397
13.02 7.905 0.059 192.005
13.03 7.608 0.063 192.035
13.04 7.328 0.056 189.179
13.05 7.119 0.067 191.265
13.06 6.767 0.065 189.436
13.07 6.518 0.065 188.456
13.08 6.313 0.065 187.63
13.09 6.301 0.063 187.132
13.1 6.498 0.077 191.168
13.11 6.854 0.086 194.463
13.12 6.787 0.089 194.784
13.13 6.633 0.078 192.063
13.14 6.633 0.064 188.968
13.15 6.803 0.052 186.449
13.16 7.012 0.052 187.303
13.17 7.604 0.053 189.842
13.18 8.067 0.055 192.096
13.19 8.379 0.055 193.19
13.2 8.497 0.082 200.162
13.21 8.284 0.096 202.107
13.22 7.431 0.089 197.761
13.23 6.988 0.08 194.328
13.24 6.66 0.037 181.033
13.25 6.427 0.071 190.183
13.26 6.289 0.068 188.949
13.27 6.795 0.067 190.871
13.28 7.636 0.055 190.984
13.29 8.955 0.066 198.446
13.3 10.303 0.062 201.485
13.31 11.843 0.058 204.473
13.32 12.262 0.05 203.019
13.33 12.598 0.052 204.52
13.34 12.878 0.036 199.028
13.35 13.254 0.035 199.428
13.36 13.356 0.037 200.615
13.37 13.317 0.041 202.293
13.38 13.297 0.045 203.864
13.39 13.222 0.054 206.854
13.4 13.001 0.058 207.627
13.41 12.926 0.063 208.929
13.42 12.874 0.065 209.395
13.43 12.847 0.069 210.418
13.44 12.811 0.072 211.123
13.45 12.787 0.074 211.591
13.46 12.697 0.077 212.12
13.47 12.633 0.079 212.462
13.48 12.546 0.079 212.295
13.49 12.444 0.081 212.531
13.5 12.313 0.082 212.467
13.51 11.946 0.083 211.801
13.52 11.713 0.085 211.663
13.53 11.492 0.094 212.902
13.54 11.334 0.079 209.47
13.55 11.235 0.076 208.575
13.56 11.223 0.072 207.65
13.57 11.203 0.098 213.034
13.58 11.144 0.064 205.5
13.59 11.033 0.06 204.147
13.6 10.777 0.061 203.78
13.61 10.571 0.065 204.333
13.62 10.303 0.103 211.57
13.63 9.987 0 0
13.64 9.149 0.066 200.503
13.65 8.639 0.065 198.641
13.66 8.118 0.065 196.91
13.67 7.494 0.063 194.189
13.68 6.87 0.071 193.73
13.69 5.772 0.072 189.19
13.7 4.199 0.072 180.755
13.71 5.673 0.095 193.201
13.72 5.704 0.069 188.315
13.73 5.779 0.068 188.478
13.74 5.949 0.07 189.762
13.75 5.933 0.088 193.374
13.76 5.835 0.08 191.426
13.77 5.598 0.095 193.066
13.78 4.709 0.102 189.473
13.79 4.405 0.1 187.389
13.8 4.148 0.093 184.693
13.81 3.871 0.082 180.995
13.82 3.295 0.076 175.766
13.83 3.295 0.068 174.182
13.84 3.658 0.063 175.738
13.85 4.053 0.057 176.909
13.86 4.507 0.054 178.864
13.87 4.93 0.053 180.944
13.88 5.574 0.05 183.318
13.89 5.633 0.044 181.69
13.9 5.649 0.044 181.801
13.91 5.657 0.015 166.298
13.92 5.783 0.016 167.758
13.93 5.949 0.016 168.476
13.94 6.099 0.016 169.115
13.95 6.198 0.016 169.542
13.96 6.214 0.013 166.733
13.97 6.131 0.01 162.85
13.98 5.91 0.008 159.043
13.99 5.882 0.013 165.519
14 5.902 0.009 160.642
14.01 5.933 0.008 159.227
14.02 5.965 0.009 160.951
14.03 5.957 0.008 159.383
14.04 5.886 0.008 159.139
14.05 5.787 0.011 163.046
14.06 5.621 0.011 162.396
14.07 5.621 0.011 162.428
14.08 5.641 0.01 161.259
14.09 5.7 0.011 162.819
14.1 5.724 0.006 154.936
14.11 5.724 0.005 152.633
14.12 5.708 0.005 152.602
14.13 5.681 0.005 152.528
14.14 5.665 0.004 149.691
14.15 5.657 0.005 152.495
14.16 5.629 0.007 156.743
14.17 5.602 0.009 159.975
14.18 5.57 0.01 161.282
14.19 5.507 0.013 164.604
14.2 5.479 0.013 164.516
14.21 5.42 0.015 166.259
14.22 5.404 0.016 167.116
14.23 5.392 0.018 168.741
14.24 5.372 0.019 169.444
14.25 5.369 0.02 170.188
14.26 5.392 0.021 171.019
14.27 5.396 0.002 140.673
14.28 5.408 0.022 171.822
14.29 5.428 0.022 171.947
14.3 5.574 0.023 173.279
14.31 5.689 0.022 173.181
14.32 5.851 0 0
14.33 6.044 0.018 171.871
14.34 6.573 0.017 173.169
14.35 6.953 0.018 175.442
14.36 7.443 0 0
14.37 8.067 0.021 181.621
14.38 8.782 0.021 183.891
14.39 10.026 0.023 188.893
14.4 10.532 0.023 190.274
14.41 10.95 0.029 195.107
14.42 11.334 0.032 197.729
14.43 12.001 0.038 202.274
14.44 12.199 0.042 204.486
14.45 12.337 0.046 206.413
14.46 12.519 0.053 209.341
14.47 12.712 0.056 210.807
14.48 13.052 0.057 211.962
14.49 13.222 0.059 213.008
14.5 13.388 0.066 215.433
14.51 13.617 0.07 217.061
14.52 13.862 0.073 218.422
14.53 14.356 0.077 220.545
14.54 14.62 0.081 222.1
14.55 14.81 0.084 223.231
14.56 14.972 0.087 224.277
14.57 15.118 0.091 225.475
14.58 15.09 0.091 225.458
14.59 15.051 0.065 219.194
14.6 14.972 0.091 225.289
14.61 14.869 0.092 225.313
14.62 14.944 0.094 225.923
14.63 15.059 0.076 222.25
14.64 15.296 0.102 228.314
14.65 15.616 0.104 229.41
14.66 16.339 0.156 238.878
14.67 16.738 0.088 228.602
14.68 17.176 0.076 226.715
14.69 17.544 0.127 237.378
14.7 18.164 0.056 222.899
14.71 18.377 0.057 223.645
14.72 18.448 0.063 225.683
14.73 15.399 0.117 231.553
14.74 17.401 0.11 234.502
14.75 17.133 0.138 238.48
14.76 15.517 0.162 238.304
14.77 14.395 0.079 222.111
14.78 13.273 0.185 235.68
14.79 12.404 0.177 232.58
14.8 11.014 0.17 227.91
14.81 10.358 0.17 225.946
14.82 10.769 0.163 226.465
14.83 11.792 0.155 228.528
14.84 14.601 0.145 234.409
14.85 15.991 0.129 235.243
14.86 16.781 0.122 235.829
14.87 17.042 0.117 235.577
14.88 17.026 0.114 235.08
14.89 16.919 0.11 234.214
14.9 16.785 0.108 233.632
14.91 16.647 0.194 245.054
14.92 16.465 0.075 226.108
14.93 16.355 0.155 239.998
14.94 16.228 0.068 223.888
14.95 16.031 0 0
14.96 15.513 0 0
14.97 15.288 0 0
14.98 9.911 0 0
14.99 14.759 0 0
15 10.405 0 0
15.01 14.703 0 0
