0.02 0.4119 0 0
0.03 0.5517 0 0
0.04 0.6333 0 0
0.05 0.6994 0.0022 21.9413
0.06 0.7305 0.0045 24.652
0.07 0.7499 0.009 27.362
0.08 0.7499 0.0109 28.853
0.09 0.7888 0.0128 30.4355
0.1 0.7965 0.0143 31.6747
0.11 0.8004 0.0134 32.3725
0.12 0.8082 0.0126 33.0418
0.13 0.8276 0.0142 34.2398
0.14 0.8587 0.0158 35.4522
0.15 1.0102 0.0191 37.5827
0.16 1.1268 0.0199 39.0026
0.17 1.2822 0.0204 40.4939
0.18 1.4687 0.0206 41.989
0.19 1.6513 0.0208 43.3852
0.2 1.9 0.0207 44.8883
0.21 1.9738 0.0215 45.8963
0.22 2.0632 0.0211 46.7181
0.23 2.1797 0.0217 47.786
0.24 2.3352 0.0222 48.9296
0.25 2.51 0.0229 50.1345
0.26 2.6965 0.0248 51.5506
0.27 2.8908 0.0255 52.7409
0.28 3.2016 0.0262 54.188
0.29 3.3298 0.0266 55.0989
0.3 3.4386 0.0273 55.9996
0.31 3.5358 0.027 56.6876
0.32 3.6329 0.0274 57.484
0.33 3.7922 0.0275 58.3549
0.34 3.8466 0.0276 58.9799
0.35 3.8971 0.0277 59.5868
0.36 3.9282 0.0278 60.1421
0.37 3.9476 0.0277 60.6267
0.38 3.9632 0.0277 61.1126
0.39 3.9709 0.0278 61.5912
0.4 3.9904 0.0278 62.0699
0.41 4.002 0.0278 62.5236
0.42 4.0137 0.0279 62.9892
0.43 4.0292 0.0279 63.4378
0.44 4.037 0.0286 63.9941
0.45 4.0059 0.0292 64.4347
0.46 3.9671 0.0296 64.8121
0.47 3.9204 0.0303 65.2164
0.48 3.8699 0.0304 65.4948
0.49 3.8194 0.0313 65.9066
0.5 3.7572 0.0321 66.2603
0.51 3.6951 0.033 66.6194
0.52 3.5863 0.0334 66.7593
0.53 3.528 0.0344 67.1201
0.54 3.4736 0.0344 67.3189
0.55 3.4309 0.0352 67.6721
0.56 3.3842 0.0357 67.9576
0.57 3.3493 0.0362 68.2699
0.58 3.2949 0.0374 68.6251
0.59 3.2716 0.0381 68.9879
0.6 3.256 0.0391 69.4128
0.61 3.2482 0.0395 69.7675
0.62 3.2327 0.0397 70.0647
0.63 3.2327 0.0396 70.3623
0.64 3.2346 0.0403 70.7801
0.65 3.2366 0.0411 71.2086
0.66 3.256 0.0411 71.573
0.67 3.2638 0.0429 72.1545
0.68 3.2871 0.0424 72.4558
0.69 3.3143 0.042 72.7794
0.7 3.3298 0.0415 73.0474
0.71 3.3415 0.0414 73.3584
0.72 3.3376 0.0415 73.6465
0.73 3.3337 0.0415 73.917
0.74 3.3065 0.0421 74.1982
0.75 3.2094 0.0424 74.2005
0.76 3.1628 0.0456 74.7688
0.77 3.1006 0.0487 75.2372
0.78 3.0307 0.0501 75.4378
0.79 2.9568 0.0512 75.5732
0.8 2.8636 0.0529 75.6944
0.81 2.7587 0.0561 75.9192
0.82 2.6577 0.0571 75.8821
0.83 2.444 0.0573 75.2465
0.84 2.3896 0.058 75.3292
0.85 2.3274 0.0588 75.3768
0.86 2.2808 0.0598 75.5083
0.87 2.238 0.0593 75.4922
0.88 2.1992 0.0599 75.6053
0.89 2.1885 0.06 75.8004
0.9 2.1919 0.0596 76.0109
0.91 2.1953 0.0593 76.2298
0.92 2.2419 0.0587 76.6285
0.93 2.308 0.0537 76.6118
0.94 2.3818 0.0517 76.9457
0.95 2.3818 0.0497 76.9195
0.96 2.3662 0.048 76.8479
0.97 2.3507 0.0461 76.7384
0.98 2.3196 0.0443 76.5559
0.99 2.2982 0.0426 76.4207
1 2.3004 0.0416 76.4938
1.01 2.3026 0.0312 74.9018
1.02 2.3157 0.0299 74.9029
1.03 2.3662 0.0289 75.1271
1.04 2.4284 0.028 75.4124
1.05 2.5644 0.0283 76.2765
1.06 2.6149 0.0279 76.6021
1.07 2.6693 0.0275 76.9379
1.08 2.6849 0.0272 77.1314
1.09 2.7082 0.0267 77.3062
1.1 2.7315 0.0261 77.4518
1.11 2.7198 0.0254 77.4236
1.12 2.6732 0.0255 77.4492
1.13 2.6188 0.0255 77.4113
1.14 2.545 0.0257 77.3326
1.15 2.4673 0.0274 77.5877
1.16 2.3818 0.0296 77.8795
1.17 2.2769 0.0313 77.922
1.18 2.0709 0.0326 77.3086
1.19 1.9583 0.0329 76.9274
1.2 1.8495 0.031 76.097
1.21 1.7601 0.0292 75.3545
1.22 1.6746 0.0272 74.5461
1.23 1.6047 0.0267 74.1436
1.24 1.5386 0.0264 73.7926
1.25 1.4026 0.0265 73.0014
1.26 1.3599 0.0267 72.8839
1.27 1.3541 0.027 73.0672
1.28 1.355 0.0289 73.6492
1.29 1.356 0.0308 74.2087
1.3 1.4221 0.0309 74.8998
1.31 1.5309 0.0343 76.5223
1.32 1.5464 0.0346 76.8512
1.33 1.5581 0.0356 77.2793
1.34 1.5853 0.0359 77.6878
1.35 1.6047 0.0372 78.2162
1.36 1.6358 0.0402 79.1025
1.37 1.6863 0.0393 79.4618
1.38 1.6902 0.0409 79.914
1.39 1.6863 0.043 80.3821
1.4 1.6746 0.0461 80.9291
1.41 1.6552 0.0491 81.3792
1.42 1.6163 0.051 81.5175
1.43 1.5503 0.0529 81.4353
1.44 1.5153 0.0535 81.4017
1.45 1.4804 0.0546 81.423
1.46 1.4376 0.0564 81.4543
1.47 1.3949 0.0587 81.5262
1.48 1.3638 0.0607 81.6424
1.49 1.3366 0.0612 81.6142
1.5 1.2705 0.0614 81.1931
1.51 1.2356 0.0604 80.907
1.52 1.1967 0.0593 80.5598
1.53 1.1618 0.0562 80.0053
1.54 1.1598 0.0558 80.0829
1.55 1.1627 0.0547 80.1231
1.56 1.1656 0.0474 79.344
1.57 1.1734 0.0448 79.1889
1.58 1.22 0.0417 79.3004
1.59 1.2783 0.0385 79.4459
1.6 1.3172 0.0372 79.7007
1.61 1.29 0.0358 79.3457
1.62 1.2472 0.0319 78.3417
1.63 1.2084 0.0305 77.8284
1.64 1.1734 0.0298 77.4818
1.65 1.1423 0.0295 77.2481
1.66 1.119 0.0303 77.3206
1.67 1.0724 0.031 77.1233
1.68 1.0413 0.033 77.3259
1.69 1.018 0.0345 77.4877
1.7 1.0024 0.0355 77.6268
1.71 1.0005 0.0355 77.7322
1.72 1.0034 0.036 77.9815
1.73 1.0063 0.0362 78.1757
1.74 1.0024 0.0363 78.2753
1.75 0.9976 0.0363 78.3459
1.76 0.9927 0.0363 78.4145
1.77 0.9947 0.0369 78.6681
1.78 0.9908 0.0379 78.9222
1.79 0.9869 0.0395 79.2726
1.8 0.983 0.0392 79.2999
1.81 0.9791 0.0395 79.4271
1.82 0.9752 0.0395 79.5031
1.83 0.9636 0.0393 79.4536
1.84 0.9442 0.0392 79.3246
1.85 0.9131 0.0393 79.0787
1.86 0.8975 0.0352 78.2802
1.87 0.8936 0.0338 78.0837
1.88 0.8859 0.0329 77.927
1.89 0.8703 0.032 77.6632
1.9 0.8587 0.0311 77.443
1.91 0.8354 0.0294 76.889
1.92 0.7926 0.0267 75.8098
1.93 0.7654 0.0257 75.299
1.94 0.7305 0.0246 74.6301
1.95 0.6994 0.0241 74.1433
1.96 0.6683 0.0233 73.5572
1.97 0.6489 0.0233 73.3495
1.98 0.6469 0.0208 72.7301
1.99 0.646 0.0206 72.7589
2 0.6513 0.0204 72.887
2.01 0.6566 0.0197 72.8614
2.02 0.6761 0.0193 73.1451
2.03 0.6994 0.0193 73.6039
2.04 0.6994 0.0191 73.6406
2.05 0.6994 0.0189 73.6762
2.06 0.68 0.0189 73.4777
2.07 0.6683 0.0187 73.3281
2.08 0.6566 0.0184 73.1415
2.09 0.645 0.0167 72.4645
2.1 0.6372 0.0164 72.3245
2.11 0.61 0.0161 71.8561
2.12 0.5945 0.0159 71.6099
2.13 0.592 0.0154 71.4699
2.14 0.5913 0.0144 71.1523
2.15 0.5987 0.0144 71.3723
2.16 0.6061 0.0145 71.6322
2.17 0.6217 0.0146 72.0283
2.18 0.6139 0.0146 71.9895
2.19 0.61 0.0142 71.8487
2.2 0.611 0.0138 71.7859
2.21 0.612 0.0137 71.8499
2.22 0.6178 0.0137 72.0379
2.23 0.6256 0.0136 72.2144
2.24 0.6256 0.0135 72.2599
2.25 0.6294 0.0136 72.457
2.26 0.6333 0.0138 72.6992
2.27 0.645 0.0143 73.197
2.28 0.6566 0.0167 74.4295
2.29 0.6722 0.0167 74.7725
2.3 0.7033 0.0172 75.5375
2.31 0.7654 0.0175 76.666
2.32 0.8276 0.0182 77.8803
2.33 0.9325 0.0202 80.0161
2.34 0.9636 0.021 80.7513
2.35 0.9752 0.0223 81.3923
2.36 0.9752 0.0236 81.8735
2.37 0.983 0.0246 82.3477
2.38 0.983 0.0256 82.7179
2.39 0.9791 0.0285 83.5093
2.4 0.9636 0.0303 83.8405
2.41 0.9519 0.0315 84.0611
2.42 0.9403 0.0327 84.2712
2.43 0.9325 0.0329 84.3095
2.44 0.9247 0.0331 84.3463
2.45 0.9228 0.033 84.396
2.46 0.9218 0.0344 84.771
2.47 0.9233 0.0351 85.0289
2.48 0.9247 0.0352 85.1632
2.49 0.9286 0.0354 85.3504
2.5 0.9403 0.0356 85.6399
2.51 0.9519 0.0374 86.2397
2.52 0.9791 0.0391 87.0072
2.53 1.0335 0.0402 87.9868
2.54 1.119 0.0407 89.189
2.55 1.2433 0.0413 90.7616
2.56 1.4026 0.0425 92.6721
2.57 1.5814 0.0437 94.6083
2.58 1.9311 0.0431 97.3627
2.59 2.0632 0.0454 98.8271
2.6 2.1059 0.0472 99.5468
2.61 2.1059 0.0487 99.9128
2.62 2.0787 0.05 100.051
2.63 2.0399 0.052 100.212
2.64 1.9388 0.0558 100.172
2.65 1.8844 0.0578 100.161
2.66 1.8534 0.0577 100.012
2.67 1.8563 0.0575 100.11
2.68 1.8592 0.0565 100.09
2.69 1.8806 0.0493 99.2276
2.7 2.0243 0.0462 99.8479
2.71 2.6577 0.0426 103.247
2.72 3.1045 0.0406 105.27
2.73 3.5397 0.039 107.028
2.74 3.8466 0.0376 108.098
2.75 4.0059 0.0275 106.046
2.76 4.037 0.0249 105.397
2.77 4.0098 0.0254 105.575
2.78 3.9632 0.0251 105.398
2.79 3.8777 0.0252 105.208
2.8 3.7805 0.0253 104.963
2.81 3.5902 0.0264 104.658
2.82 3.53 0.0277 104.925
2.83 3.4697 0.0296 105.348
2.84 3.5552 0.0302 105.999
2.85 3.4464 0.0307 105.773
2.86 3.3803 0.0308 105.61
2.87 3.3104 0.0317 105.648
2.88 3.2716 0.0316 105.543
2.89 3.2599 0.0316 105.59
2.9 3.221 0.0316 105.509
2.91 3.19 0.0312 105.351
2.92 3.1628 0.0302 105.037
2.93 3.1701 0.0292 104.877
2.94 3.1773 0.0276 104.52
2.95 3.1938 0.0274 104.633
2.96 3.221 0.0251 104.098
2.97 3.2405 0.0248 104.182
2.98 3.2638 0.0245 104.281
2.99 3.2677 0.0242 104.289
3 3.2754 0.0238 104.277
3.01 3.2832 0.0237 104.372
3.02 3.2949 0.0238 104.559
3.03 3.3765 0.0238 105.024
3.04 3.4697 0.0266 106.515
3.05 3.5824 0.027 107.237
3.06 3.6873 0.0271 107.815
3.07 3.7689 0.0271 108.253
3.08 3.8 0.027 108.446
3.09 3.7961 0.0261 108.222
3.1 3.8 0.0245 107.767
3.11 3.8058 0.0238 107.627
3.12 3.8116 0.0239 107.784
3.13 3.8466 0.0239 108.022
3.14 3.8777 0.0255 108.829
3.15 3.8777 0.0262 109.171
3.16 3.8544 0.0262 109.172
3.17 3.7961 0.0261 108.994
3.18 3.7067 0.0258 108.611
3.19 3.6135 0.0257 108.273
3.2 3.5397 0.0269 108.457
3.21 3.4192 0.028 108.371
3.22 3.3803 0.0291 108.634
3.23 3.3493 0.0299 108.829
3.24 3.3182 0.0306 108.986
3.25 3.3143 0.0301 108.912
3.26 3.3167 0.0296 108.864
3.27 3.3192 0.0286 108.658
3.28 3.3337 0.0282 108.691
3.29 3.3726 0.0274 108.704
3.3 3.4192 0.0269 108.844
3.31 3.4619 0.026 108.822
3.32 3.493 0.0255 108.878
3.33 3.5241 0.0241 108.597
3.34 3.528 0.0227 108.165
3.35 3.4969 0.0213 107.545
3.36 3.4425 0.0214 107.434
3.37 3.3726 0.0212 107.122
3.38 3.2599 0.0204 106.346
3.39 3.0967 0.0194 105.208
3.4 2.6887 0.0194 103.174
3.41 2.4867 0.0196 102.19
3.42 2.3002 0.0198 101.217
3.43 2.0943 0.0216 100.667
3.44 1.9272 0.0246 100.632
3.45 1.7951 0.0269 100.433
3.46 1.5969 0.0291 99.483
3.47 1.527 0.0289 98.8664
3.48 1.4726 0.0286 98.3446
3.49 1.4415 0.028 97.9481
3.5 1.4104 0.0266 97.3025
3.51 1.3832 0.0254 96.7348
3.52 1.3638 0.0254 96.6146
3.53 1.29 0.0254 95.9194
3.54 1.255 0.0254 95.6153
3.55 1.2161 0.0254 95.2575
3.56 1.1812 0.0251 94.8393
3.57 1.1501 0.0241 94.23
3.58 1.119 0.0223 93.3271
3.59 1.0724 0.0219 92.6895
3.6 1.0685 0.0206 92.2417
3.61 1.0646 0.0195 91.844
3.62 1.0626 0.019 91.6913
3.63 1.0607 0.0185 91.5347
3.64 1.0646 0.0177 91.3167
3.65 1.0296 0.0139 89.1371
3.66 0.983 0.0143 88.8213
3.67 0.9286 0.0132 87.5778
3.68 0.8781 0.0123 86.4319
3.69 0.8276 0.0114 85.222
3.7 0.7227 0.0107 83.1979
3.71 0.6722 0.0092 81.3674
3.72 0.6178 0.0087 80.0717
3.73 0.5673 0.008 78.603
3.74 0.5323 0.0077 77.696
3.75 0.5012 0.0076 76.9988
3.76 0.4818 0.0075 76.5346
3.77 0.4701 0.0075 76.3205
3.78 0.4546 0.0074 75.924
3.79 0.4507 0.0073 75.7998
3.8 0.4507 0.0072 75.7683
3.81 0.4507 0.0069 75.5557
3.82 0.4507 0.0063 75.0406
3.83 0.4507 0.0064 75.1936
3.84 0.4507 0.0065 75.3453
3.85 0.4517 0.0075 76.3272
3.86 0.4527 0.0085 77.2064
3.87 0.4546 0.0088 77.532
3.88 0.4701 0.0099 78.7309
3.89 0.5051 0.0104 79.9332
3.9 0.5206 0.0105 80.4032
3.91 0.5245 0.0115 81.1589
3.92 0.5673 0.0117 82.2571
3.93 0.61 0.0118 83.239
3.94 0.5867 0.0121 83.0052
3.95 0.5556 0.0123 82.5273
3.96 0.544 0.0124 82.3903
3.97 0.5284 0.0124 82.1034
3.98 0.5168 0.0127 82.0616
3.99 0.4896 0.0132 81.7442
4 0.4857 0.0135 81.8599
4.01 0.4779 0.0134 81.6755
4.02 0.476 0.0134 81.6852
4.03 0.474 0.0133 81.6412
4.04 0.474 0.013 81.5425
4.05 0.4624 0.012 80.7683
4.06 0.4429 0.0113 79.9231
4.07 0.4352 0.0108 79.4762
4.08 0.4313 0.0103 79.1148
4.09 0.4274 0.0098 78.7385
4.1 0.4264 0.0095 78.5619
4.11 0.4269 0.0093 78.4893
4.12 0.4274 0.009 78.3416
4.13 0.4313 0.0087 78.2759
4.14 0.4313 0.0082 77.9438
4.15 0.4313 0.008 77.836
4.16 0.4337 0.0074 77.4464
4.17 0.4361 0.0072 77.3831
4.18 0.4429 0.0072 77.6074
4.19 0.4468 0.0072 77.757
4.2 0.4468 0.0076 78.1594
4.21 0.4507 0.0077 78.3942
4.22 0.4585 0.0077 78.64
4.23 0.4818 0.008 79.5079
4.24 0.4857 0.0082 79.8163
4.25 0.4837 0.0087 80.2152
4.26 0.4847 0.0083 79.9777
4.27 0.4857 0.0089 80.5199
4.28 0.5129 0.0089 81.2069
4.29 0.544 0.0098 82.6109
4.3 0.5712 0.0101 83.4563
4.31 0.6178 0.0102 84.5279
4.32 0.6333 0.0099 84.6742
4.33 0.6566 0.0096 84.9528
4.34 0.6528 0.0095 84.8623
4.35 0.6372 0.0095 84.6214
4.36 0.609 0.0095 84.1253
4.37 0.5959 0.0096 83.9888
4.38 0.5828 0.0097 83.8459
4.39 0.5828 0.0097 83.8991
4.4 0.575 0.0098 83.861
4.41 0.5789 0.0098 83.9956
4.42 0.5634 0.01 83.8615
4.43 0.544 0.012 84.768
4.44 0.5323 0.0124 84.787
4.45 0.5338 0.0134 85.4239
4.46 0.5352 0.0137 85.6672
4.47 0.5401 0.015 86.4829
4.48 0.5789 0.0152 87.5019
4.49 0.5945 0.0152 87.892
4.5 0.6061 0.0155 88.335
4.51 0.61 0.0155 88.4712
4.52 0.6061 0.0152 88.3003
4.53 0.61 0.0149 88.2896
4.54 0.5906 0.0142 87.5822
4.55 0.5867 0.0137 87.2915
4.56 0.5828 0.0129 86.8252
4.57 0.5789 0.0124 86.5092
4.58 0.5789 0.0123 86.5035
4.59 0.5818 0.0123 86.6182
4.6 0.5848 0.0123 86.7349
4.61 0.5906 0.0126 87.0851
4.62 0.5984 0.0126 87.3023
4.63 0.6139 0.0125 87.619
4.64 0.6256 0.0124 87.8515
4.65 0.6372 0.0123 88.0776
4.66 0.6411 0.0123 88.2077
4.67 0.645 0.0123 88.3374
4.68 0.6411 0.0124 88.3723
4.69 0.6372 0.0124 88.3471
4.7 0.6333 0.0125 88.3803
4.71 0.6256 0.0127 88.3936
4.72 0.6236 0.013 88.5769
4.73 0.6217 0.0132 88.7027
4.74 0.6217 0.0132 88.7547
4.75 0.6178 0.0133 88.7821
4.76 0.61 0.0135 88.7818
4.77 0.6061 0.0137 88.8602
4.78 0.6061 0.0137 88.912
4.79 0.6042 0.0139 89.0307
4.8 0.6044 0.0138 89.0331
4.81 0.6047 0.0137 89.0371
4.82 0.6061 0.0136 89.0639
4.83 0.6042 0.0136 89.0749
4.84 0.6052 0.0136 89.1474
4.85 0.6061 0.0136 89.2177
4.86 0.61 0.0138 89.4598
4.87 0.645 0.0145 90.6052
4.88 0.6722 0.0157 91.8031
4.89 0.781 0.0173 94.6222
4.9 0.8898 0.019 97.2261
4.91 0.9908 0.0186 98.6243
4.92 1.0957 0.0205 100.934
4.93 1.2084 0.0224 103.183
4.94 1.3016 0.0234 104.732
4.95 1.3988 0.0241 106.143
4.96 1.6125 0.0281 109.793
4.97 1.6902 0.0315 111.657
4.98 1.7329 0.0342 112.892
4.99 1.7582 0.0361 113.701
5 1.7834 0.0394 114.83
5.01 1.7834 0.0385 114.673
5.02 1.7912 0.0537 118.032
5.03 1.799 0.06 119.267
5.04 1.8067 0.062 119.733
5.05 1.8145 0.0506 117.863
5.06 1.8145 0.0392 115.45
5.07 1.8358 0.0338 114.29
5.08 1.8572 0.0284 112.896
5.09 2.8675 0.0305 120.965
5.1 3.6912 0.0241 123.077
5.11 5.0705 0.0169 125.154
5.12 6.3294 0.0121 125.742
5.13 8.2449 0.0073 125.311
5.14 7.7437 0.01 127.548
5.15 8.3032 0.0075 125.857
5.16 8.6723 0.007 125.991
5.17 9.9584 0.0199 140.272
5.18 10.44 0.0327 147.267
5.19 10.541 0.034 148.03
5.2 10.545 0.0385 149.657
5.21 10.899 0.0429 151.811
5.22 10.685 0.0421 151.222
5.23 10.809 0.0516 154.141
5.24 9.6476 0.0554 152.619
5.25 9.4844 0.0507 151.206
5.26 9.531 0.0461 150.199
5.27 9.3368 0.0532 151.63
5.28 9.3839 0.0603 153.411
5.29 9.431 0.084 157.897
5.3 9.531 0.0861 158.546
5.31 9.803 0.0786 158.07
5.32 10.168 0.0762 158.578
5.33 10.646 0.0738 159.289
5.34 11.656 0.0718 161.097
5.35 12.507 0.0697 162.423
5.36 13.661 0.0629 163.186
5.37 15.464 0.067 167.087
5.38 19.361 0.0502 168.574
5.39 21.786 -0.0185 -nan
5.4 24.735 -0.0185 -nan
5.41 26.219 -0.0182 -nan
5.42 28.842 -0.0182 -nan
5.43 31.2 -0.0183 -nan
5.44 34.351 -0.0184 -nan
5.45 35.478 -0.0182 -nan
