0.02 2.613 0 0
0.03 2.7063 0 0
0.04 2.1547 0 0
0.05 2.0837 0 0
0.06 2.0811 0 0
0.07 2.081 0 0
0.08 2.0858 0.0011 27.6246
0.09 2.0906 0.0016 29.4577
0.1 2.1003 0.0021 31.0481
0.11 2.1935 0.0028 32.8588
0.12 2.4072 0.0028 34.1171
0.13 2.5431 0.0034 35.7343
0.14 2.5043 0.0036 36.571
0.15 2.4975 0.0038 37.4326
0.16 2.497 0.0041 38.3509
0.17 2.4965 0.0039 38.8396
0.18 2.4965 0.0043 39.7836
0.19 2.4596 0.005 40.8085
0.2 2.4593 0.0057 41.8475
0.21 2.4595 0.006 42.6009
0.22 2.4596 0.0062 43.2736
0.23 2.4926 0.0063 43.9543
0.24 2.5548 0.0063 44.6356
0.25 2.5159 0.0062 44.9854
0.26 2.5781 0.0062 45.6388
0.27 2.6092 0.0062 46.1999
0.28 2.6247 0.0062 46.7092
0.29 2.6247 0.0063 47.2299
0.3 2.6286 0.0063 47.6873
0.31 2.6325 0.0063 48.1343
0.32 2.6441 0.0064 48.6555
0.33 2.6519 0.0064 49.0943
0.34 2.6597 0.0064 49.5244
0.35 2.648 0.0064 49.8934
0.36 2.6208 0.0065 50.2758
0.37 2.582 0.0067 50.6791
0.38 2.5315 0.0068 50.974
0.39 2.4849 0.0068 51.2063
0.4 2.4227 0.0068 51.38
0.41 2.3644 0.0067 51.4893
0.42 2.31 0.0066 51.5973
0.43 2.2479 0.0065 51.6669
0.44 2.1857 0.0064 51.7217
0.45 2.1275 0.0064 51.844
0.46 2.0692 0.0057 51.4551
0.47 2.0109 0.0054 51.3197
0.48 1.9527 0.0054 51.4031
0.49 1.8284 0.0054 51.2113
0.5 1.7701 0.0054 51.26
0.51 1.7118 0.0054 51.295
0.52 1.6574 0.0054 51.3333
0.53 1.6069 0.0055 51.4549
0.54 1.5603 0.0057 51.6576
0.55 1.5137 0.0058 51.7704
0.56 1.471 0.0059 51.8902
0.57 1.4321 0.0062 52.1601
0.58 1.3933 0.0064 52.3441
0.59 1.3884 0.0066 52.7015
0.6 1.3871 0.0067 53.0074
0.61 1.3902 0.007 53.4632
0.62 1.3933 0.0073 53.9105
0.63 1.4826 0.008 55.0553
0.64 1.6108 0.0082 56.0763
0.65 1.7468 0.0082 56.9797
0.66 1.9566 0.0082 58.1643
0.67 1.9566 0.0082 58.408
0.68 2.0265 0.0082 58.9462
0.69 2.077 0.0082 59.3961
0.7 2.1741 0.0082 60.0278
0.71 2.2207 0.0082 60.4493
0.72 2.2634 0.008 60.7266
0.73 2.31 0.0077 60.945
0.74 2.3528 0.0075 61.2037
0.75 2.3955 0.0072 61.383
0.76 2.4421 0.0071 61.7087
0.77 2.4965 0.0071 62.1302
0.78 2.5509 0.0071 62.5473
0.79 2.5936 0.0071 62.9194
0.8 2.6363 0.0071 63.2885
0.81 2.6713 0.0071 63.6282
0.82 2.7102 0.0071 63.9786
0.83 2.749 0.0072 64.401
0.84 2.7917 0.0072 64.7594
0.85 2.8306 0.0073 65.1771
0.86 2.916 0.0074 65.7443
0.87 2.9626 0.0081 66.6056
0.88 3.0131 0.0081 66.9804
0.89 3.0675 0.0082 67.4333
0.9 3.1375 0.0116 69.8503
0.91 3.2151 0.012 70.5107
0.92 3.2967 0.0125 71.2225
0.93 3.3822 0.0125 71.7007
0.94 3.4754 0.0125 72.1963
0.95 3.5686 0.0125 72.6855
0.96 3.5026 0.0125 72.7017
0.97 3.6891 0.012 73.2091
0.98 3.7784 0.0119 73.6201
0.99 3.8522 0.0119 74.0341
1 3.9532 0.0118 74.4662
1.01 4.0348 0.0118 74.8925
1.02 4.1125 0.0118 75.3044
1.03 4.1707 0.0085 73.6248
1.04 4.2446 0.007 72.8239
1.05 4.2717 0.007 73.0848
1.06 4.2989 0.007 73.3447
1.07 4.3339 0.007 73.6223
1.08 4.365 0.0072 74.0623
1.09 4.3922 0.0076 74.6539
1.1 4.3999 0.0079 75.104
1.11 4.3973 0.0084 75.6722
1.12 4.4027 0.0089 76.2404
1.13 4.408 0.0093 76.7224
1.14 4.4427 0.0095 77.1339
1.15 4.4854 0.0097 77.5623
1.16 4.5204 0.0096 77.7692
1.17 4.5631 0.0098 78.1946
1.18 4.6214 0.0101 78.7205
1.19 4.6952 0.0104 79.2785
1.2 4.769 0.0106 79.7681
1.21 4.8389 0.0108 80.2447
1.22 4.9554 0.0111 80.8887
1.23 5.0098 0.0113 81.3208
1.24 5.0603 0.0116 81.8
1.25 5.1108 0.012 82.3321
1.26 5.1846 0.0125 82.9665
1.27 5.2584 0.0129 83.5371
1.28 5.3167 0.013 83.9063
1.29 5.3711 0.0133 84.3714
1.3 5.4138 0.0135 84.7544
1.31 5.441 0.0136 85.0486
1.32 5.4371 0.0138 85.3234
1.33 5.4255 0.0139 85.5277
1.34 5.4099 0.0139 85.6704
1.35 5.406 0.014 85.89
1.36 5.3944 0.0141 86.0907
1.37 5.3866 0.0141 86.2483
1.38 5.375 0.0142 86.4468
1.39 5.3555 0.0142 86.5752
1.4 5.3089 0.0142 86.6388
1.41 5.2895 0.0143 86.8153
1.42 5.2701 0.0145 87.0406
1.43 5.27 0.0145 87.2103
1.44 5.27 0.0145 87.3794
1.45 5.27 0.0146 87.5978
1.46 5.2817 0.0146 87.7933
1.47 5.3011 0.0146 88.0065
1.48 5.3089 0.0146 88.1912
1.49 5.3128 0.0146 88.3658
1.5 5.3283 0.0145 88.5168
1.51 5.3594 0.0144 88.7037
1.52 5.4021 0.0142 88.8648
1.53 5.476 0.014 89.0961
1.54 5.5886 0.0138 89.4125
1.55 5.7556 0.0138 89.9541
1.56 5.9848 0.0141 90.7855
1.57 6.2684 0.0144 91.7158
1.58 6.5559 0.0151 92.839
1.59 6.7967 0.016 93.9377
1.6 6.987 0.0167 94.8137
1.61 7.2551 0.0175 95.8669
1.62 7.3328 0.0181 96.4497
1.63 7.391 0.0187 96.9877
1.64 7.4299 0.0192 97.4399
1.65 7.461 0.0196 97.8311
1.66 7.4959 0.0201 98.2672
1.67 7.5387 0.0203 98.5933
1.68 7.5697 0.0207 98.976
1.69 7.6086 0.0212 99.4098
1.7 7.6163 0.0215 99.704
1.71 7.6047 0.0217 99.9217
1.72 7.5775 0.022 100.147
1.73 7.5503 0.0224 100.407
1.74 7.5309 0.0225 100.568
1.75 7.4959 0.0233 100.953
1.76 7.4377 0.0236 101.108
1.77 7.36 0.0236 101.114
1.78 7.1618 0.0236 100.875
1.79 7.1618 0.0237 101.068
1.8 7.0647 0.0237 101.026
1.81 6.9715 0.0237 100.988
1.82 6.8433 0.0237 100.873
1.83 6.837 0.0236 100.978
1.84 6.834 0.0233 101.017
1.85 6.8328 0.023 101.058
1.86 6.8439 0.0226 101.085
1.87 6.855 0.0223 101.147
1.88 6.8822 0.0216 101.086
1.89 6.9404 0.0209 101.081
1.9 7.0181 0.0206 101.27
1.91 7.1385 0.0205 101.625
1.92 7.2667 0.0205 102.034
1.93 7.4221 0.0206 102.535
1.94 7.5775 0.0207 103.031
1.95 7.7368 0.0209 103.571
1.96 7.8572 0.0211 104.031
1.97 8.0786 0.0214 104.719
1.98 8.1679 0.0217 105.155
1.99 8.2301 0.0219 105.498
2 8.2961 0.0222 105.886
2.01 8.3428 0.0223 106.158
2.02 8.4127 0.0225 106.512
2.03 8.4476 0.0226 106.761
2.04 8.4904 0.0226 106.985
2.05 8.5059 0.0226 107.159
2.06 8.5176 0.0226 107.325
2.07 8.5331 0.0228 107.576
2.08 8.5603 0.0231 107.887
2.09 8.5914 0.0232 108.127
2.1 8.6224 0.0226 108.09
2.11 8.6457 0.0221 108.074
2.12 8.6729 0.0207 107.677
2.13 8.7157 0.0178 106.548
2.14 8.7312 0.0178 106.714
2.15 8.7934 0.0179 107.012
2.16 8.8167 0.018 107.24
2.17 8.8167 0.0189 107.815
2.18 8.8167 0.0195 108.234
2.19 8.805 0.0202 108.669
2.2 8.7545 0.0211 109.112
2.21 8.7273 0.0215 109.372
2.22 8.5661 0.0218 109.341
2.23 8.5675 0.0221 109.605
2.24 8.5688 0.0223 109.826
2.25 8.5726 0.0224 110.01
2.26 8.5914 0.0226 110.262
2.27 8.6186 0.0227 110.489
2.28 8.6496 0.0227 110.681
2.29 8.6652 0.0228 110.885
2.3 8.7118 0.0228 111.105
2.31 8.7662 0.0229 111.379
2.32 8.8322 0.023 111.674
2.33 8.9216 0.0232 112.051
2.34 8.9954 0.0236 112.477
2.35 9.0575 0.024 112.88
2.36 9.1041 0.0246 113.33
2.37 9.1119 0.0251 113.667
2.38 9.0692 0.026 114.057
2.39 9.0148 0.0264 114.236
2.4 8.9254 0.0266 114.277
2.41 8.8555 0.0267 114.315
2.42 8.7662 0.0267 114.28
2.43 8.6768 0.0267 114.242
2.44 8.5914 0.0267 114.21
2.45 8.3894 0.0267 113.949
2.46 8.2689 0.0262 113.661
2.47 8.1563 0.026 113.493
2.48 8.0592 0.0256 113.278
2.49 8.0048 0.0253 113.184
2.5 8.0028 0.025 113.193
2.51 8.0031 0.0243 113.052
2.52 8.0035 0.0237 112.943
2.53 8.0048 0.0234 112.95
2.54 8.0242 0.0234 113.113
2.55 8.0747 0.0235 113.38
2.56 8.1097 0.0235 113.574
2.57 8.1369 0.0235 113.752
2.58 8.1718 0.0236 113.985
2.59 8.2262 0.0239 114.337
2.6 8.2612 0.0242 114.648
2.61 8.2923 0.0242 114.833
2.62 8.3272 0.0244 115.103
2.63 8.401 0.0245 115.411
2.64 8.4282 0.0246 115.626
2.65 8.436 0.0248 115.841
2.66 8.4476 0.0252 116.14
2.67 8.4438 0.0253 116.292
2.68 8.4204 0.0255 116.442
2.69 8.401 0.0255 116.524
2.7 8.3738 0.0255 116.59
2.71 8.3544 0.0255 116.671
2.72 8.3233 0.0255 116.728
2.73 8.2923 0.0253 116.708
2.74 8.2651 0.025 116.655
2.75 8.2184 0.0248 116.6
2.76 8.1602 0.0245 116.481
2.77 8.1136 0.0245 116.502
2.78 8.0631 0.0245 116.514
2.79 8.0242 0.0245 116.549
2.8 7.9854 0.0245 116.584
2.81 7.9582 0.0245 116.642
2.82 7.9271 0.0245 116.691
2.83 7.8805 0.0245 116.707
2.84 7.83 0.0244 116.674
2.85 7.7096 0.024 116.367
2.86 7.628 0.0238 116.221
2.87 7.5387 0.0235 116.015
2.88 7.4571 0.023 115.738
2.89 7.4267 0.0228 115.697
2.9 7.42 0.0228 115.793
2.91 7.4305 0.0228 115.928
2.92 7.441 0.0228 116.062
2.93 7.4648 0.0229 116.268
2.94 7.5231 0.0231 116.593
2.95 7.6125 0.0233 116.986
2.96 7.6979 0.0235 117.367
2.97 7.7368 0.0238 117.687
2.98 7.7368 0.0245 118.081
2.99 7.6901 0.0245 118.088
3 7.6241 0.0244 118.011
3.01 7.5425 0.0244 117.938
3.02 7.4377 0.0243 117.769
3.03 7.3561 0.0241 117.609
3.04 7.3296 0.0239 117.574
3.05 7.3248 0.0239 117.67
3.06 7.323 0.0238 117.732
3.07 7.3609 0.0238 117.927
3.08 7.3988 0.0238 118.121
3.09 7.4998 0.0238 118.458
3.1 7.5697 0.0238 118.723
3.11 7.593 0.0239 118.923
3.12 7.5969 0.024 119.08
3.13 7.6086 0.024 119.212
3.14 7.6513 0.0241 119.455
3.15 7.7018 0.0241 119.674
3.16 7.7873 0.0243 120.053
3.17 7.8844 0.0244 120.414
3.18 8.0203 0.0245 120.858
3.19 8.1757 0.0248 121.421
3.2 8.335 0.0262 122.423
3.21 8.4593 0.0273 123.211
3.22 8.5797 0.0274 123.607
3.23 8.8633 0.0274 124.294
3.24 9.0148 0.0274 124.705
3.25 9.1585 0.0257 124.432
3.26 9.2712 0.0241 124.092
3.27 9.4227 0.024 124.445
3.28 9.6052 0.024 124.895
3.29 9.815 0.024 125.39
3.3 10.071 0.0244 126.136
3.31 10.273 0.0253 126.985
3.32 10.471 0.0262 127.813
3.33 10.3275 0.028 128.374
3.34 10.5508 0.0287 129.142
3.35 10.774 0.0293 129.863
3.36 10.879 0.0299 130.372
3.37 10.988 0.0306 130.919
3.38 11.046 0.0312 131.338
3.39 11.124 0.0318 131.788
3.4 11.171 0.0321 132.08
3.41 11.202 0.0323 132.309
3.42 11.217 0.0323 132.442
3.43 11.206 0.0323 132.531
3.44 11.217 0.0322 132.622
3.45 11.225 0.0322 132.743
3.46 11.279 0.0321 132.907
3.47 11.388 0.0321 133.198
3.48 11.567 0.0321 133.605
3.49 11.784 0.0321 134.07
3.5 12.033 0.033 134.891
3.51 12.258 0.033 135.359
3.52 12.464 0.0336 135.995
3.53 12.604 0.0348 136.72
3.54 12.705 0.0376 137.87
3.55 12.775 0.0391 138.537
3.56 12.822 0.0404 139.097
3.57 12.787 0.0413 139.406
3.58 12.728 0.042 139.617
3.59 12.6 0.0425 139.659
3.6 12.449 0.0428 139.606
3.61 12.297 0.0428 139.467
3.62 12.138 0.0428 139.313
3.63 11.998 0.0428 139.187
3.64 11.893 0.0426 139.063
3.65 11.8731 0.0419 138.944
3.66 11.873 0.0412 138.855
3.67 11.8735 0.0406 138.792
3.68 11.874 0.0403 138.812
3.69 11.92 0.04 138.908
3.7 11.92 0.0399 138.983
3.71 11.944 0.0398 139.099
3.72 11.99 0.0398 139.28
3.73 12.052 0.0392 139.311
3.74 12.091 0.039 139.421
3.75 12.099 0.0388 139.478
3.76 12.103 0.0384 139.467
3.77 12.0987 0.0381 139.472
3.78 12.0979 0.0375 139.39
3.79 12.1023 0.0373 139.437
3.8 12.1067 0.0373 139.547
3.81 12.126 0.0372 139.65
3.82 12.142 0.0372 139.778
3.83 12.177 0.037 139.875
3.84 12.216 0.037 140.041
3.85 12.231 0.0369 140.135
3.86 12.216 0.0369 140.211
3.87 12.177 0.0369 140.248
3.88 12.146 0.0369 140.297
3.89 12.095 0.0368 140.281
3.9 12.076 0.0367 140.317
3.91 12.018 0.0367 140.32
3.92 11.979 0.0363 140.226
3.93 11.936 0.0362 140.22
3.94 11.905 0.0361 140.235
3.95 11.8 0.0326 138.97
3.96 11.777 0.0291 137.722
3.97 11.726 0.0292 137.771
3.98 11.699 0.0293 137.861
3.99 11.645 0.0295 137.944
4 11.606 0.03 138.166
4.01 11.532 0.0307 138.4
4.02 10.961 0.0317 137.854
4.03 10.9075 0.0326 138.174
4.04 10.9003 0.0327 138.291
4.05 10.8931 0.033 138.478
4.06 10.895 0.0333 138.681
4.07 10.875 0.0335 138.808
4.08 10.8655 0.0336 138.92
4.09 10.856 0.0338 139.065
4.1 10.856 0.0339 139.194
4.11 10.856 0.0339 139.288
4.12 10.8564 0.0339 139.383
4.13 10.868 0.0339 139.499
4.14 10.918 0.0339 139.685
4.15 10.98 0.0338 139.858
4.16 11.066 0.0338 140.109
4.17 11.147 0.0338 140.35
4.18 11.245 0.0339 140.655
4.19 11.299 0.0339 140.846
4.2 11.353 0.034 141.07
4.21 11.454 0.0341 141.378
4.22 11.532 0.0347 141.816
4.23 11.614 0.035 142.156
4.24 11.691 0.0356 142.586
4.25 11.742 0.0363 143
4.26 11.769 0.0368 143.304
4.27 11.808 0.0373 143.627
4.28 11.839 0.0376 143.871
4.29 11.893 0.0383 144.28
4.3 11.928 0.0387 144.559
4.31 11.944 0.0391 144.804
4.32 11.955 0.0397 145.1
4.33 11.901 0.0401 145.22
4.34 11.854 0.0402 145.261
4.35 11.761 0.0403 145.219
4.36 11.695 0.0397 145.013
4.37 11.594 0.0392 144.771
4.38 11.513 0.038 144.343
4.39 11.466 0.0357 143.602
4.4 11.373 0.031 141.849
4.41 11.314 0.0307 141.717
4.42 11.233 0.0306 141.621
4.43 11.167 0.0306 141.59
4.44 11.128 0.0305 141.569
4.45 11.077 0.0305 141.564
4.46 10.8305 0.0306 141.232
4.47 10.822 0.0306 141.304
4.48 10.8208 0.0307 141.428
4.49 10.8209 0.0309 141.593
4.5 10.821 0.0309 141.68
4.51 10.825 0.0312 141.889
4.52 10.809 0.0321 142.283
4.53 10.778 0.0326 142.495
4.54 10.782 0.0327 142.626
4.55 10.7725 0.0327 142.695
4.56 10.7727 0.0327 142.783
4.57 10.7729 0.0327 142.87
4.58 10.7735 0.0328 142.994
4.59 10.79 0.0328 143.112
4.6 10.825 0.0328 143.266
4.61 10.895 0.0329 143.522
4.62 11.004 0.0331 143.887
4.63 11.039 0.034 144.361
4.64 11.058 0.0345 144.659
4.65 11.101 0.0348 144.931
4.66 11.093 0.0353 145.175
4.67 11.085 0.036 145.484
4.68 11.035 0.0364 145.609
4.69 10.938 0.0366 145.577
4.7 10.852 0.0366 145.498
4.71 10.736 0.0366 145.359
4.72 10.635 0.0364 145.18
4.73 10.514 0.0362 144.96
4.74 10.402 0.036 144.755
4.75 10.297 0.0358 144.561
4.76 10.184 0.0351 144.179
4.77 10.11 0.0348 144.009
4.78 10.111 0.0343 143.921
4.79 10.112 0.0338 143.831
4.8 10.1188 0.0327 143.533
4.81 10.157 0.0315 143.248
4.82 10.157 0.0307 143.024
4.83 10.405 0.0307 143.604
4.84 10.541 0.0307 143.956
4.85 10.736 0.0307 144.419
4.86 10.973 0.0307 144.957
4.87 11.248 0.0313 145.792
4.88 11.555 0.0317 146.597
4.89 11.839 0.0321 147.348
4.9 12.025 0.0327 147.991
4.91 12.185 0.0333 148.581
4.92 12.328 0.0339 149.137
4.93 12.441 0.0343 149.563
4.94 12.534 0.0347 149.953
4.95 12.6 0.0349 150.222
4.96 12.639 0.0352 150.481
4.97 12.627 0.0353 150.58
4.98 12.608 0.0359 150.843
4.99 12.565 0.0361 150.922
5 12.468 0.0362 150.873
5.01 12.418 0.0361 150.835
5.02 12.352 0.036 150.768
5.03 12.297 0.0359 150.719
5.04 12.293 0.0358 150.76
5.05 12.2963 0.0356 150.779
5.06 12.2996 0.0356 150.868
5.07 12.324 0.0356 150.994
5.08 12.495 0.0356 151.377
5.09 12.627 0.0361 151.865
5.1 12.744 0.0366 152.324
5.11 12.791 0.0374 152.762
5.12 12.814 0.0378 153.02
5.13 12.7905 0.038 153.13
5.14 12.767 0.0384 153.306
5.15 12.752 0.0387 153.462
5.16 12.69 0.0387 153.437
5.17 12.635 0.0387 153.424
5.18 12.581 0.0387 153.412
5.19 12.515 0.0387 153.378
5.2 12.503 0.0382 153.273
5.21 12.456 0.0379 153.171
5.22 12.456 0.0374 153.083
5.23 12.39 0.0369 152.876
5.24 12.406 0.0365 152.847
5.25 12.359 0.0362 152.74
5.26 12.363 0.0362 152.828
5.27 12.335 0.0362 152.859
5.28 12.3297 0.0362 152.93
5.29 12.3299 0.0362 153.01
5.3 12.3301 0.0362 153.091
5.31 12.332 0.0365 153.28
5.32 12.334 0.0366 153.399
5.33 12.336 0.0366 153.482
5.34 12.34 0.0366 153.57
5.35 12.367 0.0368 153.768
5.36 12.352 0.037 153.89
5.37 12.3448 0.0374 154.095
5.38 12.3419 0.0377 154.272
5.39 12.3441 0.0379 154.423
5.4 12.3464 0.0379 154.507
5.41 12.363 0.038 154.65
5.42 12.363 0.038 154.73
5.43 12.414 0.038 154.901
5.44 12.573 0.0379 155.23
5.45 12.643 0.0379 155.434
5.46 12.725 0.0379 155.658
5.47 12.806 0.0379 155.879
5.48 12.849 0.036 155.368
5.49 12.919 0.0341 154.868
5.5 12.958 0.0323 154.316
5.51 13.004 0.0315 154.15
5.52 13.051 0.0315 154.308
5.53 13.062 0.0315 154.405
5.54 13.082 0.0315 154.516
5.55 13.031 0.0316 154.548
5.56 12.9137 0.0316 154.424
5.57 12.8933 0.0321 154.668
5.58 12.9173 0.0326 154.985
5.59 12.9413 0.0329 155.222
5.6 12.996 0.0333 155.55
5.61 13.125 0.0336 155.965
5.62 13.257 0.0341 156.459
5.63 13.439 0.0348 157.11
5.64 13.653 0.0354 157.77
5.65 13.793 0.0361 158.337
5.66 13.948 0.0363 158.743
5.67 14.053 0.0368 159.174
5.68 14.139 0.0376 159.677
5.69 14.263 0.0385 160.271
5.7 14.352 0.0395 160.836
5.71 14.449 0.041 161.571
5.72 14.527 0.042 162.099
5.73 14.558 0.0429 162.514
5.74 14.577 0.0439 162.936
5.75 14.519 0.0441 162.983
5.76 14.473 0.0442 163.018
5.77 14.422 0.0442 163.013
5.78 14.41 0.0442 163.072
5.79 14.3965 0.0439 163.036
5.8 14.383 0.0438 163.062
5.81 14.395 0.0437 163.128
5.82 14.368 0.0436 163.131
5.83 14.379 0.0436 163.227
5.84 14.329 0.0434 163.16
5.85 14.298 0.0432 163.124
5.86 14.228 0.0429 162.992
5.87 14.123 0.0426 162.8
5.88 14.053 0.0425 162.729
5.89 13.96 0.0424 162.619
5.9 13.917 0.0424 162.623
5.91 13.905 0.0424 162.679
5.92 13.89 0.0424 162.731
5.93 13.828 0.0424 162.702
5.94 13.769 0.0422 162.614
5.95 13.769 0.042 162.626
5.96 13.7 0.0414 162.39
5.97 13.494 0.0411 162.013
5.98 13.362 0.0407 161.728
5.99 13.226 0.0405 161.498
6 13.129 0.0395 161.067
6.01 13.051 0.0388 160.764
6.02 12.996 0.0387 160.706
6.03 12.93 0.0387 160.662
6.04 12.876 0.0383 160.501
6.05 12.857 0.038 160.435
6.06 12.826 0.0379 160.418
6.07 12.818 0.0378 160.442
6.08 12.787 0.0377 160.424
6.09 12.752 0.0377 160.434
6.1 12.742 0.0377 160.489
6.11 12.737 0.0377 160.553
6.12 12.732 0.0377 160.617
6.13 12.744 0.0378 160.747
6.14 12.721 0.0382 160.919
6.15 12.495 0.0389 160.82
6.16 12.41 0.0388 160.7
6.17 12.278 0.0438 162.152
6.18 12.2478 0.0461 162.859
6.19 12.2414 0.0463 162.979
6.2 12.2566 0.0463 163.081
6.21 12.2718 0.0464 163.213
6.22 12.429 0.0464 163.585
6.23 12.701 0.0464 164.169
6.24 12.961 0.0466 164.782
6.25 13.595 0.0471 166.14
6.26 14.317 0.0482 167.779
6.27 15.001 0.0483 169.014
6.28 15.385 0.0527 170.941
6.29 15.587 0.0534 171.527
6.3 15.743 0.0537 171.929
6.31 15.972 0.0538 172.389
6.32 15.832 0.0539 172.274
6.33 15.828 0.0539 172.343
6.3401 15.727 0.0538 172.234
6.3501 15.172 0.0537 171.394
6.3601 14.958 0.0527 170.851
6.3701 14.9416 0.052 170.708
6.3801 14.9334 0.0514 170.605
6.3901 14.9302 0.0509 170.535
6.4001 14.9461 0.0509 170.635
6.4101 14.962 0.0506 170.651
6.4201 14.974 0.0504 170.689
6.4301 15.02 0.0495 170.582
6.4401 15.055 0.0488 170.511
6.4501 15.145 0.0487 170.702
6.4601 15.238 0.0486 170.897
6.4701 15.304 0.0478 170.841
6.4801 15.424 0.0476 171.047
6.4901 15.529 0.0476 171.287
6.5001 15.708 0.0477 171.674
6.5101 16.116 0.0478 172.412
6.5201 16.407 0.0496 173.464
6.5301 16.683 0.0507 174.273
6.5401 17.013 0.0529 175.458
6.5501 17.324 0.0543 176.374
6.5601 17.518 0.0551 176.948
6.5701 17.728 0.0554 177.407
6.5801 17.774 0.0552 177.494
6.5901 17.774 0.055 177.516
6.6001 17.794 0.0547 177.539
6.6101 17.747 0.0546 177.519
6.6201 17.596 0.0545 177.348
6.6301 17.355 0.0545 177.07
6.6401 17.013 0.0545 176.638
6.6501 16.6575 0.0545 176.175
6.6601 16.302 0.0543 175.648
6.6701 16.244 0.0542 175.604
6.6801 16.244 0.0542 175.677
6.6901 16.2098 0.0542 175.697
6.7001 16.2067 0.0542 175.765
6.7101 16.2082 0.0542 175.841
6.7201 16.2097 0.0544 175.97
6.7301 16.213 0.0561 176.499
6.7401 16.322 0.0565 176.847
6.7501 16.43 0.0568 177.166
6.7601 16.539 0.057 177.459
6.7701 16.733 0.0571 177.857
6.7801 16.842 0.0573 178.148
6.7901 17.133 0.0573 178.661
6.8001 17.133 0.0574 178.76
6.8101 17.184 0.0578 179.013
6.8201 17.238 0.0581 179.244
6.8301 17.32 0.0586 179.568
6.8401 17.293 0.0591 179.728
6.8501 17.328 0.0603 180.154
6.8601 17.363 0.06 180.205
6.8701 17.378 0.0605 180.425
6.8801 17.479 0.0607 180.698
6.8901 17.58 0.0609 180.97
6.9001 17.685 0.0608 181.174
6.9101 17.837 0.0611 181.545
6.9201 17.941 0.0614 181.844
6.9301 18.008 0.0622 182.211
6.9401 18.097 0.0628 182.559
6.9501 18.147 0.0632 182.801
6.9601 18.155 0.0637 183.006
6.9701 18.233 0.0639 183.24
6.9801 18.248 0.064 183.358
6.9901 18.272 0.0641 183.49
7.0001 18.33 0.0641 183.647
7.0101 18.365 0.064 183.746
7.0201 18.412 0.0638 183.839
7.0301 18.474 0.0638 184
7.0401 18.474 0.0637 184.049
7.0501 18.466 0.0637 184.11
7.0601 18.443 0.0632 184.029
7.0701 18.303 0.0627 183.778
7.0801 18.147 0.0625 183.575
7.0901 18.011 0.0623 183.399
7.1001 17.965 0.0621 183.355
7.1101 17.934 0.062 183.356
7.1201 17.961 0.0618 183.418
7.1301 17.918 0.0617 183.402
7.1401 17.922 0.0617 183.479
7.1501 17.899 0.0614 183.442
7.1601 17.821 0.0613 183.373
7.1701 17.65 0.0613 183.19
7.1801 17.491 0.0613 183.022
7.1901 17.359 0.0614 182.918
7.2001 17.339 0.0616 183.008
7.2101 17.273 0.0618 183.028
7.2201 17.249 0.062 183.111
7.2301 17.238 0.0624 183.262
7.2401 17.236 0.0624 183.33
7.2501 17.247 0.0624 183.417
7.2601 17.258 0.0624 183.504
7.2701 17.273 0.0622 183.548
7.2801 17.254 0.0621 183.565
7.2901 17.099 0.062 183.372
7.3001 17.099 0.0619 183.417
7.3101 16.955 0.0619 183.264
7.3201 16.823 0.0619 183.127
7.3301 16.691 0.062 183.013
7.3401 16.609 0.0621 182.977
7.3501 16.547 0.0621 182.948
7.3601 16.496 0.0621 182.936
7.3701 16.419 0.0621 182.882
7.3801 16.314 0.0621 182.782
7.3901 16.232 0.0621 182.718
7.4001 16.108 0.0622 182.609
7.4101 16.1022 0.0623 182.693
7.4201 16.103 0.0624 182.787
7.4301 16.1037 0.0624 182.857
7.4401 16.12 0.0624 182.952
7.4501 16.205 0.0625 183.183
7.4601 16.275 0.0625 183.365
7.4701 16.232 0.0625 183.364
7.4801 16.24 0.0624 183.42
7.4901 16.252 0.0622 183.459
7.5001 16.337 0.062 183.616
7.5101 16.481 0.062 183.916
7.5201 16.629 0.0616 184.122
7.5301 16.811 0.0608 184.279
7.5401 16.986 0.0603 184.495
7.5501 17.32 0.0556 183.836
7.5601 17.518 0.051 182.886
7.5701 17.685 0.0502 182.962
7.5801 17.732 0.0502 183.099
7.5901 17.833 0.0503 183.347
7.6001 17.918 0.0507 183.661
7.6101 17.941 0.0517 184.061
7.6201 17.9379 0.0537 184.706
7.6301 18.0019 0.0544 185.067
7.6401 18.066 0.0559 185.649
7.6501 18.307 0.0577 186.562
7.6601 18.481 0.059 187.231
7.6701 18.641 0.0601 187.82
7.6801 18.8 0.062 188.606
7.6901 19.002 0.062 188.965
7.7001 19.107 0.0638 189.634
7.7101 19.219 0.065 190.157
7.7201 19.305 0.0672 190.876
7.7301 19.425 0.0681 191.326
7.7401 19.522 0.0687 191.672
7.7501 19.55 0.0682 191.664
7.7601 19.581 0.0688 191.917
7.7701 19.491 0.0688 191.858
7.7801 19.507 0.0692 192.042
7.7901 19.418 0.0692 191.984
7.8001 19.472 0.0692 192.129
7.8101 19.414 0.0692 192.115
7.8201 19.406 0.0686 192.033
7.8301 19.421 0.0682 192.029
7.8401 19.355 0.0678 191.909
7.8501 19.309 0.0677 191.888
7.8601 19.305 0.0676 191.926
7.8701 19.239 0.0664 191.614
7.8801 19.2155 0.0664 191.648
7.8901 19.192 0.0664 191.682
7.9001 19.192 0.0664 191.749
7.9101 19.1745 0.0669 191.911
7.9201 19.157 0.067 191.977
7.9301 19.185 0.067 192.085
7.9401 19.153 0.0671 192.13
7.9501 19.122 0.0673 192.2
7.9601 19.1051 0.0676 192.314
7.9701 19.0972 0.0677 192.393
7.9801 19.1023 0.0677 192.468
7.9901 19.1075 0.0693 192.917
8.0001 19.118 0.0688 192.883
8.0101 19.239 0.0703 193.472
8.0201 19.297 0.0706 193.692
8.0301 19.363 0.0713 194.013
8.0401 19.363 0.071 194.012
8.0501 19.317 0.0717 194.171
8.0601 19.243 0.0716 194.108
8.0701 19.118 0.0723 194.15
8.0801 18.963 0.0728 194.101
8.0901 18.854 0.0728 194.007
8.1001 18.769 0.0733 194.057
8.1101 18.74 0.0745 194.343
8.1201 18.711 0.075 194.475
8.1301 18.701 0.0747 194.461
8.1401 18.7018 0.0745 194.486
8.1501 18.7026 0.074 194.444
8.1601 18.7076 0.0721 194.098
8.1701 18.718 0.0712 193.976
8.1801 18.761 0.0713 194.129
8.1901 18.796 0.0713 194.247
8.2001 18.905 0.0714 194.498
8.2101 18.917 0.072 194.717
8.2201 18.967 0.0725 194.969
8.2301 19.002 0.073 195.198
8.2401 18.936 0.0735 195.277
8.2501 18.901 0.0735 195.291
8.2601 18.866 0.0735 195.305
8.2701 18.769 0.0734 195.203
8.2801 18.617 0.0733 195.018
8.2901 18.513 0.073 194.86
8.3001 18.357 0.073 194.688
8.3101 18.213 0.073 194.532
8.3201 18.089 0.073 194.406
8.3301 17.794 0.073 194.011
8.3401 17.67 0.0729 193.858
8.3501 17.499 0.0727 193.607
8.3601 17.378 0.071 193.098
8.3701 17.301 0.07 192.811
8.3801 17.258 0.0693 192.645
8.3901 17.122 0.0677 192.115
8.4001 17.052 0.068 192.136
8.4101 16.966 0.0675 191.942
8.4201 16.9572 0.0674 191.967
8.4301 16.953 0.0672 191.976
8.4401 16.952 0.0672 192.038
8.4501 17.008 0.0672 192.193
8.4601 17.064 0.0672 192.347
8.4701 17.18 0.0672 192.598
8.4801 17.293 0.0675 192.914
8.4901 17.301 0.0675 192.99
8.5001 17.281 0.0675 193.022
8.5101 17.223 0.0647 192.312
8.5201 17.145 0.062 191.569
8.5301 17.067 0.0612 191.298
8.5401 16.998 0.0609 191.171
8.5501 16.931 0.0602 190.941
8.5601 16.862 0.0601 190.864
8.5701 16.799 0.0595 190.664
8.5801 16.7429 0.0597 190.687
8.5901 16.7351 0.0591 190.576
8.6001 16.7656 0.0591 190.688
8.6101 16.796 0.0592 190.826
8.6201 16.858 0.0592 190.989
8.6301 16.916 0.0593 191.172
8.6401 16.951 0.0601 191.503
8.6501 17.032 0.0605 191.802
8.6601 17.083 0.062 192.338
8.6701 17.106 0.0635 192.82
8.6801 17.114 0.0659 193.491
8.6901 17.149 0.0661 193.659
8.7001 17.106 0.0661 193.651
8.7101 17.067 0.0661 193.649
8.7201 17.06 0.0661 193.7
8.7301 17.025 0.0658 193.631
8.7401 17.017 0.0655 193.606
8.7501 16.955 0.0655 193.565
8.7601 16.854 0.0656 193.485
8.7701 16.722 0.0657 193.352
8.7801 16.663 0.0659 193.363
8.7901 16.524 0.0659 193.191
8.8001 16.403 0.0659 193.048
8.8101 16.267 0.0658 192.853
8.8201 16.143 0.0649 192.481
8.8301 15.972 0.0627 191.696
8.8401 15.9078 0.062 191.466
8.8501 15.8794 0.0617 191.4
8.8601 15.8802 0.0617 191.461
8.8701 15.881 0.0617 191.523
8.8801 15.945 0.0617 191.694
8.8901 16.124 0.0631 192.421
8.9001 16.267 0.0631 192.726
8.9101 16.376 0.0631 192.972
8.9201 16.221 0.0632 192.793
8.9301 15.968 0.0633 192.442
8.9401 15.739 0.0639 192.253
8.9501 15.463 0.0664 192.437
8.9601 15.207 0.0674 192.274
8.9701 15.04 0.0674 192.028
8.9801 14.95 0.0674 191.921
8.9901 14.927 0.0674 191.938
9.0001 14.912 0.0675 191.993
9.0101 14.838 0.0676 191.939
9.0201 14.702 0.0679 191.814
9.0301 14.531 0.0688 191.76
9.0401 14.259 0.0692 191.39
9.0501 13.917 0.0706 191.099
9.0601 13.556 0.0705 190.413
9.0701 13.226 0.0705 189.797
9.0801 12.791 0.0703 188.898
9.0901 12.406 0.0693 187.902
9.1001 12.018 0.0693 187.102
9.1101 11.711 0.0674 186.032
9.1201 11.349 0.0671 185.18
9.1301 10.786 0.0662 183.678
9.1401 10.51 0.0642 182.583
9.1501 10.289 0.0635 181.914
9.1601 10.064 0.063 181.272
9.1701 9.8888 0.0616 180.531
9.1801 9.714 0.0609 179.951
9.1901 9.547 0.0608 179.532
9.2001 9.3955 0.0597 178.901
9.2101 9.2168 0.0595 178.411
9.2201 9.0381 0.0595 177.963
9.2301 8.84 0.0596 177.474
9.2401 8.6496 0.0597 176.996
9.2501 8.4515 0.0601 176.558
9.2601 8.2262 0.0618 176.334
9.2701 8.0009 0.0624 175.824
9.2801 7.7678 0.0627 175.2
9.2901 7.4959 0.0627 174.355
9.3001 7.1929 0.0628 173.397
9.3101 6.5442 0.0629 171.127
9.3201 6.5442 0.063 171.201
9.3301 6.0819 0.0634 169.544
9.3401 5.2701 0.0636 166.175
9.3501 5.0331 0.0637 165.148
9.3601 4.7612 0.062 163.513
9.3701 4.396 0.0603 161.319
9.3801 4.0309 0.0554 158.245
9.3901 3.8367 0.0502 155.887
9.4001 3.658 0.0451 153.491
9.4101 3.5428 0.0424 152.048
9.4201 3.4867 0.0403 151.103
9.4301 3.5436 0.0395 151.248
9.4401 3.6006 0.0393 151.577
9.4501 3.7318 0.0385 152.144
9.4601 4.0348 0.0376 153.607
9.4701 4.3766 0.0372 155.324
9.4801 4.7029 0.0372 156.986
9.4901 5.3672 0.0372 160.049
9.5001 5.6935 0.0372 161.462
9.5101 5.9809 0.0373 162.695
9.5201 6.3189 0.0385 164.469
9.5301 6.7423 0.0404 166.727
9.5401 7.1735 0.0406 168.34
9.5501 7.6552 0.0403 169.868
9.5601 8.2107 0.0399 171.498
9.5701 8.7972 0.0391 172.969
9.5801 9.3333 0.0391 174.499
9.5901 9.9976 0.0391 176.286
9.6001 10.654 0.0392 177.997
9.6101 11.299 0.0409 180.198
9.6201 11.901 0.0431 182.396
9.6301 12.806 0.0469 185.685
9.6401 12.8875 0.0495 186.745
9.6501 12.969 0.051 187.433
9.6601 13.525 0.0533 189.317
9.6701 13.937 0.0561 191.004
9.6801 14.201 0.0574 191.941
9.6901 14.387 0.0585 192.66
9.7001 14.57 0.0595 193.339
9.7101 14.845 0.0598 193.997
9.7201 15.016 0.0606 194.588
9.7301 15.215 0.0622 195.436
9.7401 15.432 0.0643 196.433
9.7501 15.681 0.0645 196.993
9.7601 15.922 0.0655 197.736
9.7701 16.143 0.0655 198.185
9.7801 16.364 0.0658 198.705
9.7901 16.493 0.0661 199.062
9.8001 16.625 0.0662 199.372
9.8101 16.753 0.0662 199.649
9.8201 16.776 0.0681 200.216
9.8301 16.757 0.0703 200.77
9.8401 16.632 0.0699 200.516
9.8501 16.458 0.0722 200.809
9.8601 16.283 0.0732 200.786
9.8701 16.1 0.0732 200.516
9.8801 15.902 0.0732 200.216
9.8901 15.65 0.0732 199.812
9.9001 15.362 0.0718 199.014
9.9101 15.063 0.0701 198.112
9.9201 14.616 0.0681 196.835
9.9301 14.449 0.0655 195.929
9.9401 14.298 0.0637 195.234
9.9501 14.197 0.0625 194.781
9.9601 14.115 0.0623 194.621
9.9701 13.956 0.0622 194.332
9.9801 13.9081 0.0613 194.055
9.9901 13.8888 0.0566 192.786
10 13.8695 0.0534 191.87
10.01 13.894 0.0527 191.761
10.02 13.8455 0.0512 191.258
10.03 13.882 0.0512 191.383
10.04 13.9184 0.0512 191.508
10.05 13.9986 0.0512 191.72
10.06 14.162 0.0517 192.249
10.07 14.55 0.0515 192.99
10.08 14.966 0.052 193.984
10.09 15.455 0.0524 195.063
10.1 15.898 0.0563 197.086
10.11 16.158 0.0572 197.862
10.12 16.17 0.0581 198.195
10.13 16.2059 0.0595 198.706
10.14 16.2418 0.0615 199.371
10.15 16.333 0.0615 199.587
10.16 16.481 0.0644 200.669
10.17 16.64 0.0647 201.079
10.18 16.776 0.0661 201.729
10.19 16.865 0.0667 202.089
10.2 16.877 0.0682 202.54
10.21 16.869 0.0686 202.68
10.22 16.873 0.0687 202.766
10.23 16.885 0.0687 202.842
10.24 16.757 0.0683 202.577
10.25 16.691 0.0679 202.418
10.26 16.535 0.0672 202.025
10.27 16.45 0.0672 201.929
10.28 16.423 0.0666 201.786
10.29 16.392 0.0661 201.659
10.3 16.3675 0.0661 201.67
10.31 16.3562 0.0661 201.704
10.32 16.345 0.0661 201.739
10.33 16.388 0.0663 201.92
10.34 16.306 0.0667 201.93
10.35 16.085 0.0677 201.837
10.36 15.852 0.0689 201.762
10.37 15.49 0.0687 201.097
10.38 15.226 0.0691 200.751
10.39 14.943 0.0692 200.287
10.4 14.779 0.0692 200.022
10.41 14.655 0.0691 199.809
10.42 14.6215 0.0689 199.749
10.43 14.6216 0.068 199.584
10.44 14.6217 0.0672 199.441
10.45 14.624 0.0669 199.424
10.46 14.671 0.0669 199.569
10.47 14.682 0.0669 199.644
10.48 14.756 0.0669 199.841
10.49 14.842 0.067 200.086
10.5 14.88 0.067 200.213
10.51 14.931 0.0667 200.29
10.52 14.946 0.0663 200.272
10.53 14.966 0.0655 200.161
10.54 14.954 0.0637 199.727
10.55 14.915 0.0629 199.495
10.56 14.842 0.0627 199.354
10.57 14.776 0.0626 199.252
10.58 14.636 0.0626 199.031
10.59 14.6347 0.0627 199.107
10.6 14.6344 0.0628 199.185
10.61 14.6682 0.0634 199.461
10.62 14.702 0.064 199.736
10.63 14.877 0.0649 200.362
10.64 14.939 0.0645 200.431
10.65 14.935 0.0652 200.656
10.66 15.013 0.0654 200.91
10.67 14.993 0.0679 201.552
10.68 14.946 0.0703 202.097
10.69 14.912 0.0717 202.415
10.7 14.814 0.0728 202.532
10.71 14.725 0.0729 202.432
10.72 14.713 0.0729 202.46
10.73 14.612 0.0729 202.312
10.74 14.546 0.0728 202.209
10.75 14.476 0.0726 202.075
10.76 14.465 0.072 201.966
10.77 14.399 0.0713 201.721
10.78 14.403 0.0706 201.615
10.79 14.352 0.0705 201.541
10.8 14.329 0.0705 201.546
10.81 14.274 0.0702 201.415
10.82 14.2727 0.0698 201.368
10.83 14.2727 0.0699 201.444
10.84 14.2728 0.0696 201.424
10.85 14.29 0.0695 201.486
10.86 14.317 0.0694 201.568
10.87 14.414 0.0694 201.816
10.88 14.461 0.0694 201.962
10.89 14.558 0.0694 202.208
10.9 14.663 0.0694 202.469
10.91 14.647 0.0699 202.61
10.92 14.686 0.0705 202.884
10.93 14.764 0.0707 203.138
10.94 14.799 0.071 203.331
10.95 14.985 0.0709 203.725
10.96 15.051 0.0717 204.096
10.97 15.071 0.0721 204.281
10.98 15.133 0.0722 204.477
10.99 15.106 0.0722 204.476
11 15.191 0.0722 204.693
11.01 15.249 0.0723 204.881
11.02 15.362 0.0723 205.151
11.03 15.417 0.0724 205.332
11.04 15.518 0.0726 205.624
11.05 15.51 0.0732 205.801
11.06 15.572 0.074 206.158
11.07 15.622 0.0741 206.328
11.08 15.754 0.0743 206.676
11.09 15.925 0.0743 207.05
11.1 16.166 0.075 207.712
11.11 16.384 0.0753 208.234
11.12 16.609 0.0754 208.719
11.13 16.605 0.0751 208.695
11.14 16.535 0.0748 208.55
11.15 16.485 0.0749 208.535
11.16 16.415 0.075 208.482
11.17 16.427 0.0752 208.602
11.18 16.4014 0.0757 208.722
11.19 16.3905 0.0757 208.754
11.2 16.3921 0.0757 208.809
11.21 16.3938 0.0757 208.864
11.22 16.423 0.0756 208.946
11.23 16.45 0.0752 208.955
11.24 16.508 0.0755 209.182
11.25 16.566 0.0751 209.247
11.26 16.528 0.0749 209.183
11.27 16.566 0.0747 209.257
11.28 16.551 0.0747 209.281
11.29 16.551 0.0745 209.286
11.3 16.551 0.0743 209.291
11.31 16.551 0.0739 209.248
11.32 16.524 0.0738 209.227
11.33 16.43 0.0737 209.083
11.34 16.372 0.0737 209.028
11.35 16.267 0.0737 208.885
11.36 16.085 0.0737 208.598
11.37 16.0847 0.0737 208.649
11.38 16.0856 0.0732 208.583
11.39 16.0865 0.0728 208.541
11.4 16.143 0.073 208.745
11.41 16.248 0.0722 208.799
11.42 16.337 0.0718 208.918
11.43 16.38 0.0718 209.048
11.44 16.531 0.0718 209.375
11.45 16.663 0.0718 209.666
11.46 16.784 0.0723 210.057
11.47 16.963 0.0739 210.812
11.48 16.963 0.0739 210.863
11.49 17.056 0.0738 211.057
11.5 17.087 0.0736 211.115
11.51 17.091 0.0726 210.933
11.52 17.025 0.0707 210.402
11.53 16.943 0.0702 210.182
11.54 16.908 0.0696 210.02
11.55 16.729 0.0689 209.573
11.56 16.566 0.0682 209.15
11.57 16.345 0.0682 208.796
11.58 16.3272 0.0682 208.814
11.59 16.319 0.0682 208.849
11.6 16.3434 0.0683 208.969
11.61 16.3678 0.0683 209.064
11.62 16.419 0.0683 209.208
11.63 16.493 0.0683 209.394
11.64 16.601 0.0684 209.666
11.65 16.726 0.0684 209.943
11.66 16.66 0.0686 209.925
11.67 16.582 0.0686 209.833
11.68 16.5458 0.0688 209.868
11.69 16.5489 0.0717 210.646
11.7 16.5521 0.0718 210.726
11.71 16.559 0.0719 210.813
11.72 16.609 0.0719 210.955
11.73 16.683 0.072 211.164
11.74 16.827 0.072 211.476
11.75 16.904 0.072 211.665
11.76 16.947 0.072 211.792
11.77 16.904 0.072 211.765
11.78 16.9009 0.0726 211.956
11.79 16.9133 0.0722 211.931
11.8 16.9256 0.0734 212.294
11.81 16.951 0.0743 212.605
11.82 17.099 0.0753 213.158
11.83 17.448 0.0754 213.853
11.84 17.631 0.0763 214.437
11.85 17.817 0.076 214.741
11.86 17.938 0.0764 215.095
11.87 18.023 0.0773 215.502
11.88 17.922 0.0789 215.745
11.89 17.868 0.0797 215.883
11.9 17.759 0.0804 215.9
11.91 17.576 0.0804 215.629
11.92 17.5679 0.0805 215.687
11.93 17.5693 0.0805 215.74
11.94 17.5707 0.0805 215.793
11.95 17.596 0.0804 215.865
11.96 17.759 0.0803 216.18
11.97 17.883 0.08 216.38
11.98 17.868 0.08 216.404
11.99 17.883 0.08 216.48
12 17.883 0.08 216.53
12.01 17.852 0.08 216.526
12.02 17.743 0.08 216.386
12.03 17.584 0.08 216.155
12.04 17.378 0.08 215.839
12.05 17.308 0.0796 215.673
12.06 17.277 0.0797 215.69
12.07 17.277 0.0795 215.694
12.08 17.277 0.0784 215.494
12.09 17.277 0.0782 215.498
12.1 17.316 0.078 215.571
12.11 17.297 0.078 215.587
12.12 17.335 0.078 215.704
12.13 17.289 0.078 215.671
12.14 17.211 0.078 215.58
12.15 17.095 0.078 215.42
12.16 16.966 0.0778 215.188
12.17 16.935 0.0774 215.088
12.18 16.928 0.0767 214.962
12.19 16.889 0.0769 214.986
12.2 16.811 0.0767 214.846
12.21 16.625 0.0765 214.504
12.22 16.5718 0.0765 214.454
12.23 16.5628 0.0766 214.509
12.24 16.5609 0.0767 214.577
12.25 16.653 0.0767 214.798
12.26 16.745 0.0767 215.017
12.27 16.947 0.0769 215.484
12.28 17.141 0.077 215.91
12.29 17.2 0.0775 216.182
12.3 17.172 0.0781 216.319
12.31 17.126 0.0786 216.399
12.32 16.986 0.0806 216.645
12.33 16.854 0.0818 216.716
12.34 16.7924 0.0823 216.761
12.35 16.7639 0.0828 216.866
12.36 16.7565 0.0833 217.01
12.37 16.7897 0.0833 217.12
12.38 16.823 0.0833 217.231
12.39 16.889 0.0833 217.402
12.4 16.873 0.083 217.356
12.41 16.803 0.0827 217.209
12.42 16.691 0.0825 217.005
12.43 16.411 0.0824 216.504
12.44 16.182 0.0823 216.093
12.45 15.898 0.0824 215.612
12.46 15.607 0.0814 214.869
12.47 15.451 0.0804 214.386
12.48 15.312 0.0788 213.797
12.49 15.215 0.0787 213.626
12.5 15.1959 0.0661 210.556
12.51 15.1977 0.0656 210.474
12.52 15.1994 0.0651 210.39
12.53 15.203 0.0638 210.091
12.54 15.222 0.0636 210.12
12.55 15.304 0.0635 210.302
12.56 15.211 0.0636 210.192
12.57 14.741 0.0637 209.317
12.58 14.6455 0.0647 209.439
12.59 14.55 0.0658 209.582
12.6 14.5385 0.0667 209.841
12.61 14.5328 0.0669 209.928
12.62 14.527 0.0679 210.222
12.63 14.542 0.0679 210.299
12.64 14.523 0.0679 210.306
12.65 14.465 0.068 210.257
12.66 14.36 0.068 210.082
12.67 14.3125 0.0686 210.182
12.68 14.309 0.07 210.574
12.69 14.3075 0.0706 210.767
12.7 14.3763 0.0708 211.008
12.71 14.445 0.0709 211.224
12.72 14.632 0.0709 211.662
12.73 14.799 0.071 212.079
12.74 14.985 0.0712 212.557
12.75 15.222 0.0715 213.159
12.76 15.358 0.0722 213.652
12.77 15.518 0.0731 214.238
12.78 15.665 0.0752 215.082
12.79 15.832 0.0765 215.765
12.8 15.929 0.0778 216.305
12.81 16.077 0.0787 216.848
12.82 16.158 0.0789 217.098
12.83 16.232 0.0795 217.425
12.84 16.283 0.0796 217.593
12.85 16.259 0.0798 217.639
12.86 16.306 0.0799 217.799
12.87 16.294 0.08 217.846
12.88 16.36 0.0801 218.043
12.89 16.415 0.0802 218.218
12.9 16.52 0.0804 218.511
12.91 16.648 0.0808 218.891
12.92 16.772 0.0808 219.172
12.93 17.137 0.0808 219.9
12.94 17.238 0.0808 220.134
12.95 17.172 0.0808 220.059
12.96 17.238 0.0807 220.205
12.97 17.304 0.0807 220.374
12.98 17.324 0.0808 220.48
12.99 17.289 0.0809 220.486
13 17.145 0.0813 220.358
13.01 17.1325 0.082 220.54
13.02 17.1323 0.0829 220.787
13.03 17.1323 0.084 221.076
13.04 17.1324 0.0844 221.211
13.05 17.133 0.0846 221.303
13.06 17.1322 0.0846 221.348
13.07 17.1315 0.0845 221.372
13.08 17.149 0.084 221.343
13.09 17.122 0.084 221.34
13.1 17.114 0.0837 221.306
13.11 16.963 0.0836 221.048
13.12 16.796 0.0835 220.758
13.13 16.652 0.0829 220.399
13.14 16.43 0.0827 219.976
13.15 16.248 0.0825 219.626
13.16 15.98 0.0824 219.125
13.17 15.832 0.0823 218.855
13.18 15.805 0.0816 218.692
13.19 15.739 0.0794 218.11
13.2 15.716 0.0787 217.949
13.21 15.634 0.0777 217.6
13.22 15.6291 0.0785 217.821
13.23 15.6276 0.0773 217.585
13.24 15.626 0.0773 217.627
13.25 15.634 0.0773 217.689
13.26 15.595 0.0774 217.68
13.27 15.525 0.0775 217.608
13.28 15.417 0.0782 217.597
13.29 15.323 0.0789 217.613
13.3 15.215 0.0791 217.482
13.31 15.218 0.0792 217.557
13.32 15.172 0.0792 217.507
13.33 15.168 0.0789 217.476
13.34 15.195 0.0787 217.531
13.35 15.156 0.0784 217.427
13.36 15.098 0.0783 217.329
13.37 15.0844 0.0783 217.346
13.38 15.0834 0.0782 217.366
13.39 15.0825 0.0782 217.409
13.4 15.114 0.0782 217.52
13.41 15.075 0.0781 217.461
13.42 15.005 0.0777 217.267
13.43 14.811 0.0775 216.859
13.44 14.678 0.0771 216.529
13.45 14.6723 0.0762 216.35
13.46 14.6843 0.076 216.373
13.47 14.6963 0.0755 216.324
13.48 14.721 0.0755 216.421
13.49 14.958 0.0755 216.964
13.5 15.164 0.0753 217.389
13.51 15.417 0.0751 217.904
13.52 15.894 0.0745 218.761
13.53 16.03 0.0726 218.604
13.54 16.147 0.0717 218.651
13.55 16.221 0.0717 218.84
13.56 16.329 0.0718 219.12
13.57 16.38 0.0723 219.39
13.58 16.306 0.0733 219.543
13.59 16.364 0.075 220.119
13.6 16.164 0.0752 219.823
13.61 16.1201 0.0755 219.855
13.62 16.0992 0.0756 219.883
13.63 16.0927 0.0756 219.915
13.64 16.1138 0.0756 220.002
13.65 16.135 0.0757 220.112
13.66 16.291 0.0757 220.462
13.67 16.458 0.0758 220.856
13.68 16.64 0.0771 221.564
13.69 16.834 0.0773 222.027
13.7 17.025 0.078 222.6
13.71 17.153 0.0786 223.027
13.72 17.223 0.0791 223.321
13.73 17.273 0.0812 223.948
13.74 17.099 0.0818 223.804
13.75 16.877 0.082 223.473
13.76 16.667 0.0821 223.139
13.77 16.36 0.0819 222.542
13.78 16.05 0.0818 221.952
13.79 15.801 0.0805 221.202
13.8 15.564 0.0797 220.582
13.81 15.397 0.0775 219.772
13.82 15.308 0.0765 219.396
13.83 15.195 0.0748 218.796
13.84 15.117 0.0728 218.186
13.85 15.075 0.0719 217.916
13.86 15.051 0.0709 217.656
13.87 15.005 0.071 217.629
13.88 14.939 0.0711 217.56
13.89 14.865 0.0714 217.525
13.9 14.721 0.072 217.415
13.91 14.643 0.0723 217.367
13.92 14.581 0.0723 217.278
13.93 14.341 0.0723 216.802
13.94 14.24 0.0723 216.625
13.95 14.185 0.0718 216.423
13.96 14.111 0.0712 216.152
13.97 14.026 0.071 215.956
13.98 13.937 0.071 215.801
13.99 13.828 0.0709 215.575
14 13.735 0.0709 215.408
14.01 13.626 0.0703 215.052
14.02 13.482 0.0702 214.74
14.03 13.331 0.0693 214.205
14.04 13.2856 0.0691 214.09
14.05 13.2852 0.0689 214.08
14.06 13.2866 0.0688 214.1
14.07 13.288 0.0686 214.094
14.08 13.397 0.0685 214.362
14.09 13.451 0.0685 214.529
14.1 13.571 0.0685 214.846
14.11 13.696 0.0685 215.172
14.12 13.812 0.0686 215.502
14.13 13.913 0.0691 215.901
14.14 14.026 0.071 216.684
14.15 14.17 0.0722 217.348
14.16 14.294 0.0732 217.913
14.17 14.636 0.0754 219.238
14.18 14.756 0.0753 219.515
14.19 14.861 0.0764 220.048
14.2 14.939 0.0775 220.519
14.21 15.009 0.078 220.829
14.22 15.067 0.0793 221.299
14.23 15.114 0.0798 221.557
14.24 15.145 0.0799 221.689
14.25 15.098 0.081 221.885
14.26 15.02 0.081 221.763
14.27 14.915 0.081 221.582
14.28 14.866 0.081 221.521
14.29 14.857 0.0809 221.522
14.3 14.874 0.0807 221.556
14.31 14.891 0.0801 221.498
14.32 14.927 0.0797 221.525
14.33 14.985 0.0796 221.669
14.34 15.051 0.0797 221.875
14.35 15.121 0.0798 222.09
14.36 15.141 0.0801 222.245
14.37 15.187 0.0803 222.431
14.38 15.218 0.0805 222.585
14.39 15.265 0.0807 222.773
14.4 15.308 0.0807 222.906
14.41 15.203 0.0807 222.729
14.42 15.086 0.0807 222.524
14.43 15.0259 0.0804 222.37
14.44 15.0156 0.0803 222.368
14.45 15.0226 0.0796 222.264
14.46 15.0297 0.0795 222.298
14.47 15.047 0.0794 222.355
14.48 15.114 0.0794 222.54
14.49 15.238 0.0746 221.691
14.5 15.35 0.0697 220.716
14.51 15.545 0.0691 221.001
14.52 15.716 0.0688 221.312
14.53 15.824 0.0688 221.573
14.54 15.929 0.0688 221.826
14.55 16.092 0.0689 222.221
14.56 15.9996 0.0703 222.451
14.57 16.0059 0.0713 222.768
14.58 16.0122 0.0716 222.901
14.59 16.05 0.0735 223.506
14.6 16.275 0.0754 224.473
14.61 16.43 0.077 225.216
14.62 16.5 0.077 225.396
14.63 16.555 0.0805 226.383
14.64 16.59 0.0831 227.095
14.65 16.617 0.0844 227.485
14.66 16.566 0.0844 227.427
14.67 16.461 0.0844 227.262
14.68 16.403 0.0844 227.19
14.69 16.279 0.0844 226.984
14.7 16.197 0.0843 226.84
14.71 16.085 0.0842 226.634
14.72 15.968 0.0841 226.416
14.73 15.801 0.0824 225.732
14.74 15.638 0.0808 225.071
14.75 15.549 0.0808 224.928
14.76 15.467 0.0797 224.543
14.77 15.37 0.0785 224.099
14.78 15.3555 0.0778 223.944
14.79 15.3492 0.0765 223.659
14.8 15.3744 0.0765 223.754
14.81 15.3996 0.0765 223.848
14.82 15.451 0.0765 223.998
14.83 15.642 0.0774 224.655
14.84 15.774 0.0777 225.042
14.85 15.887 0.0787 225.555
14.86 16.003 0.0788 225.858
14.87 16.034 0.0789 225.987
14.88 15.984 0.0793 226.023
14.89 15.925 0.0797 226.039
14.9 15.863 0.0804 226.119
14.91 15.797 0.081 226.165
14.92 15.7296 0.0814 226.161
14.93 15.6965 0.0814 226.134
14.94 15.6859 0.0812 226.108
14.95 15.693 0.0809 226.095
14.96 15.7 0.0804 226.035
14.97 15.782 0.0798 226.106
14.98 15.844 0.0796 226.228
14.99 15.933 0.0797 226.476
15 16.038 0.0799 226.78
15.01 16.116 0.0802 227.051
15.02 16.151 0.0811 227.375
15.03 16.104 0.0813 227.369
15.04 16.079 0.0816 227.429
15.05 16.0682 0.0816 227.449
15.06 16.0646 0.0816 227.484
15.07 16.061 0.0817 227.542
15.08 16.061 0.0817 227.584
15.09 15.964 0.0817 227.427
15.1 15.933 0.0818 227.429
15.11 15.9328 0.0819 227.493
15.12 15.9329 0.082 227.558
15.13 15.933 0.0821 227.624
15.14 16.034 0.0821 227.873
15.15 16.108 0.0822 228.089
15.16 16.182 0.0825 228.35
15.17 16.263 0.0827 228.603
15.18 16.322 0.0827 228.764
15.19 16.388 0.0826 228.916
15.2 16.364 0.0826 228.909
15.21 16.24 0.0826 228.7
15.22 16.096 0.0826 228.449
15.23 16.057 0.0826 228.411
15.24 16.0574 0.0827 228.476
15.25 16.0578 0.0827 228.519
15.26 16.0595 0.0827 228.564
15.27 16.096 0.0824 228.611
15.28 16.201 0.0821 228.798
15.29 16.415 0.0818 229.202
15.3 16.625 0.0812 229.523
15.31 16.92 0.0812 230.147
15.32 17.192 0.0812 230.718
15.33 17.452 0.0812 231.259
15.34 17.592 0.0814 231.615
15.35 17.949 0.0823 232.541
15.36 18.159 0.0832 233.184
15.37 18.194 0.0847 233.638
15.38 18.252 0.0863 234.151
15.39 18.151 0.0892 234.651
15.4 18.05 0.0904 234.766
15.41 17.91 0.0911 234.695
15.42 17.728 0.0913 234.436
15.43 17.549 0.0912 234.114
15.44 17.37 0.0911 233.789
15.45 17.176 0.0909 233.411
15.46 17.001 0.0897 232.851
15.47 16.846 0.0885 232.326
15.48 16.675 0.0791 229.869
15.49 16.582 0.0748 228.659
15.5 16.465 0.0734 228.108
15.51 16.357 0.0733 227.907
15.52 16.221 0.0726 227.492
15.53 15.922 0.0721 226.794
15.54 15.859 0.0718 226.626
15.55 15.698 0.0718 226.334
15.56 15.537 0.0718 226.039
15.57 15.537 0.0722 226.184
15.58 15.521 0.0726 226.294
15.59 15.393 0.0729 226.143
15.6 15.366 0.0731 226.177
15.61 15.343 0.0735 226.272
15.62 15.312 0.0738 226.323
15.63 15.284 0.0743 226.43
15.64 15.215 0.0743 226.323
15.65 15.137 0.0742 226.171
15.66 15.0885 0.0741 226.081
15.67 15.04 0.0738 225.94
15.68 15.044 0.0736 225.938
15.69 15.009 0.0737 225.927
15.7 14.931 0.0737 225.798
15.71 14.853 0.0739 225.719
15.72 14.818 0.074 225.707
15.73 14.741 0.0741 225.603
15.74 14.706 0.0741 225.566
15.75 14.675 0.074 225.512
15.76 14.63 0.0732 225.248
15.77 14.629 0.0713 224.793
15.78 14.628 0.0702 224.54
15.79 14.612 0.0697 224.411
15.8 14.523 0.0698 224.279
15.81 14.457 0.0699 224.198
15.82 14.387 0.0702 224.161
15.83 14.3615 0.071 224.355
15.84 14.3532 0.0726 224.792
15.85 14.3641 0.0732 225.01
15.86 14.375 0.0733 225.099
15.87 14.546 0.0735 225.574
15.88 14.542 0.0735 225.604
15.89 14.659 0.0735 225.904
15.9 14.62 0.0738 225.934
15.91 14.496 0.0748 225.949
15.92 14.4905 0.0765 226.399
15.93 14.5052 0.0779 226.814
15.94 14.5198 0.0787 227.079
15.95 14.55 0.079 227.259
15.96 14.643 0.0792 227.555
15.97 14.69 0.0792 227.699
15.98 14.706 0.0792 227.775
15.99 14.729 0.0792 227.866
16 14.795 0.0793 228.076
16.01 14.807 0.0793 228.142
16.02 14.83 0.0793 228.233
16.03 14.923 0.0793 228.478
16.04 14.912 0.0793 228.493
16.05 14.941 0.0795 228.645
16.06 14.97 0.0797 228.796
16.07 15.036 0.0797 228.981
16.08 15.121 0.0798 229.23
16.09 15.284 0.0797 229.6
16.1 15.432 0.0797 229.959
16.11 15.533 0.0797 230.214
16.12 15.607 0.0797 230.412
16.13 15.584 0.0798 230.427
16.14 15.486 0.0798 230.257
16.15 15.417 0.0803 230.268
16.16 15.417 0.0808 230.427
16.17 15.292 0.082 230.479
16.18 15.284 0.0825 230.618
16.19 15.265 0.0826 230.639
16.2 15.253 0.0825 230.63
16.21 15.195 0.0824 230.519
16.22 15.16 0.0823 230.459
16.23 15.121 0.0818 230.296
16.24 15.086 0.0816 230.212
16.25 15.0849 0.0808 230.06
16.26 15.0874 0.0807 230.081
16.27 15.0898 0.0805 230.079
16.28 15.137 0.0804 230.198
16.29 15.292 0.0804 230.575
16.3 15.475 0.0798 230.866
16.31 15.704 0.0798 231.394
16.32 15.852 0.0798 231.746
16.33 16.015 0.0798 232.127
16.34 16.291 0.0801 232.812
16.35 16.407 0.0808 233.258
16.36 16.454 0.0814 233.537
16.37 16.512 0.0818 233.791
16.38 16.578 0.0827 234.178
16.39 16.695 0.0828 234.479
16.4 16.897 0.0828 234.925
16.41 17.036 0.0828 235.242
16.42 17.2 0.0828 235.607
16.43 17.281 0.0829 235.83
16.44 17.417 0.0845 236.512
16.45 17.433 0.0844 236.56
16.46 17.506 0.0854 236.974
16.47 17.549 0.0848 236.959
16.48 17.642 0.0857 237.388
16.49 17.712 0.0861 237.656
16.5 17.662 0.0863 237.645
16.51 17.638 0.0865 237.684
16.52 17.534 0.0864 237.499
16.53 17.487 0.0871 237.606
16.54 17.351 0.0874 237.447
16.55 17.087 0.0875 236.986
16.56 16.994 0.0868 236.681
16.57 16.862 0.0861 236.296
16.58 16.753 0.0827 235.325
16.59 16.64 0.0806 234.633
16.6 16.562 0.0797 234.294
16.61 16.52 0.0793 234.15
16.62 16.419 0.0791 233.933
16.63 16.281 0.0791 233.688
16.64 16.2299 0.079 233.597
16.65 16.1788 0.0791 233.554
16.66 16.252 0.0788 233.671
16.67 16.158 0.0788 233.515
16.68 16.026 0.0788 233.278
16.69 15.9824 0.0788 233.226
16.7 15.9822 0.0793 233.387
16.71 15.9906 0.0803 233.687
16.72 15.999 0.0809 233.888
16.73 16.236 0.0812 234.495
16.74 16.504 0.0812 235.088
16.75 16.819 0.0812 235.768
16.76 17.095 0.0815 236.433
16.77 17.262 0.0818 236.876
16.78 17.363 0.0825 237.282
16.79 17.355 0.0835 237.544
16.8 17.421 0.0853 238.135
16.81 17.452 0.0862 238.444
16.82 17.565 0.0881 239.138
16.83 17.658 0.0888 239.517
16.84 17.806 0.0895 240.002
16.85 17.945 0.0894 240.288
16.86 18.147 0.0899 240.827
16.87 18.198 0.0908 241.164
16.88 18.161 0.0907 241.111
16.89 18.1735 0.0912 241.285
16.9 18.186 0.0916 241.436
16.91 18.26 0.0923 241.77
16.92 18.357 0.0925 242.038
16.93 18.4 0.0927 242.203
16.94 18.369 0.0926 242.162
16.95 18.377 0.0926 242.217
16.96 18.392 0.0926 242.285
16.97 18.439 0.0925 242.392
16.98 18.443 0.0926 242.461
16.99 18.509 0.0923 242.56
17 18.446 0.092 242.415
17.01 18.4385 0.0912 242.264
17.02 18.431 0.0912 242.29
17.03 18.439 0.0912 242.345
17.04 18.419 0.0912 242.346
17.05 18.384 0.0912 242.319
17.06 18.361 0.0912 242.315
17.07 18.287 0.0912 242.214
17.08 17.926 0.0907 241.448
17.09 17.9006 0.0897 241.216
17.1 17.8881 0.0893 241.141
17.11 17.8917 0.0892 241.165
17.12 17.8953 0.0892 241.211
17.13 17.907 0.0893 241.295
17.14 17.907 0.0893 241.334
17.15 17.9074 0.0894 241.397
17.16 17.9077 0.0894 241.436
17.17 17.9085 0.0895 241.499
17.18 17.926 0.0894 241.55
17.19 17.992 0.0894 241.717
17.2 18.023 0.0893 241.794
17.21 18.085 0.0892 241.93
17.22 18.147 0.0891 242.065
17.23 18.217 0.0892 242.261
17.24 18.241 0.0892 242.346
17.25 18.283 0.0894 242.511
17.26 18.299 0.0896 242.626
17.27 18.303 0.0894 242.627
17.28 18.233 0.0899 242.645
17.29 18.264 0.0912 243.034
17.3 18.198 0.0912 242.946
17.31 18.187 0.0918 243.096
17.32 18.1819 0.0919 243.148
17.33 18.1838 0.092 243.212
17.34 18.1857 0.092 243.255
17.35 18.206 0.092 243.333
17.36 18.248 0.0919 243.431
17.37 18.299 0.0918 243.546
17.38 18.268 0.0915 243.459
17.39 18.27 0.0909 243.368
17.4 18.272 0.0904 243.299
17.41 18.2875 0.0902 243.323
17.42 18.303 0.09 243.347
17.43 18.295 0.09 243.37
17.44 18.303 0.0891 243.221
17.45 18.311 0.0888 243.207
17.46 18.38 0.089 243.423
17.47 18.474 0.0891 243.663
17.48 18.614 0.0895 244.058
17.49 18.648 0.0895 244.161
17.5 18.742 0.0894 244.354
17.51 18.792 0.0894 244.486
17.52 18.699 0.0838 243.039
17.53 18.509 0.0815 242.159
17.54 18.272 0.0814 241.724
17.55 17.895 0.0812 240.988
17.56 17.475 0.0811 240.179
17.57 16.805 0.0811 238.868
17.58 16.135 0.0811 237.51
17.59 16.026 0.0811 237.316
17.6 15.417 0.081 236.009
17.61 15.094 0.081 235.328
17.62 14.869 0.0803 234.687
17.63 14.597 0.0794 233.881
17.64 14.597 0.0787 233.746
17.65 14.282 0.0784 232.975
17.66 14.162 0.0781 232.655
17.67 13.971 0.076 231.711
17.68 13.801 0.0743 230.904
17.69 13.7719 0.0722 230.32
17.7 13.7577 0.0715 230.135
17.71 13.7599 0.0717 230.23
17.72 13.762 0.071 230.084
17.73 13.902 0.071 230.455
17.74 14.084 0.071 230.924
17.75 14.212 0.0711 231.288
17.76 14.344 0.0712 231.659
17.77 14.399 0.0715 231.904
17.78 14.504 0.072 232.318
17.79 14.577 0.0725 232.656
17.8 14.597 0.0734 232.978
17.81 14.546 0.0745 233.185
17.82 14.43 0.0759 233.314
17.83 14.278 0.0761 233.046
17.84 14.076 0.0761 232.604
17.85 14.0722 0.0761 232.632
17.86 14.0685 0.0761 232.659
17.87 14.084 0.0761 232.732
17.88 14.057 0.076 232.678
17.89 13.999 0.0755 232.448
17.9 13.9967 0.0753 232.428
17.91 13.9962 0.0752 232.437
17.92 13.9973 0.0752 232.476
17.93 13.9985 0.0752 232.515
17.94 14.014 0.0756 232.69
17.95 14.014 0.0757 232.752
17.96 14.0139 0.0759 232.839
17.97 14.0139 0.0759 232.875
17.98 14.014 0.0763 233.013
17.99 14.041 0.0767 233.215
18 14.096 0.0774 233.559
18.01 14.088 0.0775 233.601
18.02 14.107 0.0776 233.708
18.03 14.154 0.0776 233.856
18.04 14.212 0.0775 234.004
18.05 14.321 0.0774 234.273
18.06 14.426 0.0774 234.555
18.07 14.519 0.0774 234.809
18.08 14.535 0.0773 234.857
18.09 14.375 0.0771 234.468
18.1 14.3748 0.077 234.479
18.11 14.3749 0.0764 234.362
18.12 14.375 0.0754 234.142
18.13 14.57 0.075 234.529
18.14 14.861 0.0748 235.181
18.15 15.215 0.0748 236.016
18.16 15.626 0.0749 236.986
18.17 16.003 0.075 237.864
18.18 16.349 0.0752 238.687
18.19 16.764 0.078 240.317
18.2 17.106 0.0793 241.385
18.21 17.39 0.0803 242.248
18.22 17.572 0.0809 242.798
18.23 17.72 0.083 243.648
18.24 17.864 0.0874 245.02
18.25 17.957 0.0877 245.31
18.26 17.914 0.0886 245.472
18.27 17.922 0.0893 245.686
18.28 17.926 0.0897 245.822
18.29 18.023 0.0905 246.233
18.3 18.054 0.0908 246.399
18.31 18.155 0.0906 246.589
18.32 18.12 0.0908 246.603
18.33 18.066 0.0911 246.602
18.34 18.035 0.0922 246.825
18.35 18.0219 0.0935 247.124
18.36 18.0177 0.0936 247.175
18.37 18.0135 0.0934 247.161
18.38 18.035 0.0933 247.218
18.39 18.004 0.0929 247.106
18.4 17.988 0.0929 247.112
18.41 17.9864 0.0929 247.146
18.42 17.9857 0.0929 247.182
18.43 18.0044 0.093 247.278
18.44 18.023 0.0942 247.616
18.45 18.225 0.095 248.226
18.46 18.345 0.0957 248.65
18.47 18.563 0.0963 249.241
18.48 18.948 0.0963 250.016
18.49 19.091 0.0963 250.324
18.5 19.181 0.0962 250.51
18.51 19.32 0.095 250.547
18.52 19.387 0.0942 250.533
18.53 19.425 0.0938 250.552
18.54 19.402 0.0938 250.547
18.55 19.371 0.0938 250.527
18.56 19.3479 0.0938 250.522
18.57 19.3386 0.094 250.586
18.58 19.3468 0.0946 250.772
18.59 19.355 0.0946 250.824
18.6 19.511 0.0947 251.174
18.61 19.62 0.0948 251.435
18.62 19.705 0.0948 251.63
18.63 19.791 0.0952 251.913
18.64 19.845 0.0982 252.701
18.65 19.616 0.1004 252.782
18.66 19.484 0.1008 252.658
18.67 19.4844 0.1012 252.78
18.68 19.4848 0.1013 252.839
18.69 19.4906 0.1014 252.908
18.7 19.534 0.1014 253.027
18.71 19.534 0.1014 253.064
18.72 19.5341 0.1014 253.102
18.73 19.5341 0.1014 253.14
18.74 19.538 0.1024 253.391
18.75 19.643 0.1025 253.645
18.76 19.845 0.1028 254.118
18.77 19.985 0.1032 254.496
18.78 20.233 0.1032 254.986
18.79 20.459 0.1045 255.698
18.8 20.703 0.1098 257.229
18.81 20.917 0.1114 257.959
18.82 21.232 0.1134 258.936
18.83 21.274 0.1145 259.256
18.84 21.282 0.1174 259.849
18.85 21.403 0.1199 260.556
18.86 21.554 0.1218 261.199
18.87 21.698 0.1232 261.737
18.88 21.834 0.1246 262.258
18.89 21.993 0.1257 262.763
18.9 22.098 0.1276 263.31
18.91 22.117 0.1288 263.587
18.92 22.059 0.1309 263.881
18.93 21.954 0.1326 264.021
18.94 21.911 0.1347 264.331
18.95 21.787 0.1363 264.414
18.96 21.709 0.137 264.428
18.97 21.756 0.1376 264.646
18.98 21.686 0.1376 264.562
18.99 21.445 0.1385 264.318
19 21.372 0.1385 264.227
19.01 21.224 0.1386 264.017
19.02 21.119 0.1385 263.852
19.03 20.801 0.1423 263.908
19.04 20.63 0.1234 260.526
19.05 20.482 0.1232 260.259
19.06 20.381 0.1228 260.041
19.07 20.296 0.1226 259.887
19.08 20.21 0.1226 259.766
19.09 20.191 0.1222 259.698
19.1 19.126 0.1224 257.752
