0.02 4.392 0.0048 23.6443
0.04 5.235 0.0048 29.4032
0.06 4.63 0.0089 34.039
0.0800001 4.612 0.0089 36.8524
0.1 4.607 0.0132 40.5118
0.12 4.731 0.0148 43.1906
0.14 4.872 0.017 45.7978
0.16 4.872 0.0214 48.4489
0.18 4.968 0.0212 50.1632
0.2 5.054 0.0212 51.782
0.22 5.072 0.0212 53.1996
0.24 5.031 0.0202 54.2201
0.26 4.968 0.0202 55.3396
0.28 4.818 0.019 55.9568
0.3 4.818 0.019 57.0404
0.32 4.755 0.0187 57.8864
0.34 4.661 0.0181 58.5422
0.36 4.607 0.0177 59.2698
0.38 4.525 0.018 60.096
0.4 4.473 0.0182 60.9137
0.42 4.392 0.0183 61.6113
0.44 4.392 0.0183 62.4133
0.46 4.354 0.0183 63.1103
0.48 4.354 0.0181 63.8031
0.5 4.363 0.0181 64.5505
0.52 4.363 0.018 65.2281
0.54 4.39 0.0178 65.9133
0.56 4.5 0.0181 66.9138
0.58 4.58 0.0181 67.7414
0.6 4.744 0.0181 68.7302
0.62 4.883 0.0182 69.6806
0.640001 5.119 0.0184 70.8421
0.660001 5.296 0.0193 72.0872
0.680001 5.635 0.0201 73.5885
0.700001 5.635 0.0222 74.7998
0.720001 5.783 0.0236 76.0559
0.740001 6.058 0.0236 77.1518
0.760001 6.292 0.0216 77.5776
0.780001 6.586 0.0221 78.8053
0.800001 6.771 0.0221 79.6791
0.820001 7.139 0.0246 81.5657
0.840001 7.139 0.0246 82.114
0.860001 7.368 0.0256 83.3053
0.880001 7.725 0.0266 84.6821
0.900001 7.947 0.0275 85.7984
0.920001 8.212 0.0289 87.092
0.940001 8.324 0.0296 87.9603
0.960001 8.479 0.0306 88.9576
0.980001 8.61 0.0306 89.6667
1 8.739 0.0308 90.414
1.02 8.727 0.0314 91.0412
1.04 8.651 0.0321 91.5866
1.06 8.651 0.0333 92.3545
1.08 8.263 0.0342 92.4291
1.1 8.263 0.035 93.0806
1.12 8.075 0.0348 93.1941
1.14 7.806 0.0341 93.0405
1.16 7.657 0.0336 93.1179
1.18 7.359 0.0324 92.7471
1.2 7.124 0.0324 92.747
1.22 6.583 0.0317 91.9532
1.24 6.583 0.0317 92.3699
1.26 5.397 0.0313 90.07
1.28 5.397 0.0314 90.4892
1.3 4.807 0.0311 89.3062
1.32 3.91 0.0304 86.8933
1.34 2.826 0.0281 82.7283
1.36 1.8 0.0324 78.7732
1.38 1.8 0.0324 79.0935
1.4 1.482 0.036 77.8983
1.42 1.299 0.0457 78.2742
1.44 1.308 0.0522 79.5325
1.46 1.761 0.0508 83.1429
1.48 2.824 0.0404 87.6448
1.5 4.376 0.028 90.8845
1.52 4.21 0.028 90.7132
1.54 3.879 0.0271 89.732
1.56 3.879 0.0244 89.2715
1.58 4.152 0.0225 89.8618
1.6 4.152 0.0193 89.0329
1.62 4.883 0.016 90.0361
1.64 5.339 0.0123 89.5321
1.66 5.345 0.0123 89.8489
1.68 5.321 0.0134 90.7344
1.7 5.255 0.0134 90.87
1.72 4.991 0.0133 90.4354
1.74 4.661 0.0129 89.6092
1.76 3.874 0.0131 87.644
1.78 3.874 0.0176 90.1065
1.8 3.805 0.0224 91.9804
1.82 4.513 0.0291 96.6399
1.84 5.39 0.0287 99.3303
1.86 6.097 0.0239 99.8808
1.88 6.251 0.0239 100.539
1.9 6.334 0.0207 99.8256
1.92 6.334 0.0207 100.117
1.94 6.213 0.0202 99.9234
1.96 6.213 0.0185 99.4785
1.98 6.151 0.018 99.3889
2 6.009 0.0177 99.1935
2.02 5.89 0.0182 99.4123
2.04 5.446 0.0218 100.058
2.06 5.144 0.0218 99.5084
2.08 4.607 0.0234 98.7849
2.1 4.226 0.0246 98.2323
2.12 3.601 0.025 96.3769
2.14 3.601 0.0243 96.4007
2.16 2.326 0.0233 90.4382
2.18 2.326 0.0222 90.3061
2.2 1.875 0.0222 87.7688
2.22 1.278 0.0229 83.4801
2.24 0.985001 0.0229 80.6083
2.26 0.776 0.0278 79.3496
2.28 0.693 0.0278 78.2589
2.3 0.519 0.0285 75.4059
2.32 0.657 0.0291 78.3337
2.34 0.545 0.0275 76.077
2.36 0.528 0.0242 75.107
2.38 0.515 0.0184 73.3229
2.4 0.532 0.016 72.9845
2.42 0.539 0.0103 70.6538
2.44 0.539 0.0103 70.8156
2.46 0.762 0.0067 71.9828
2.48 0.762 0.0029 67.2897
2.5 1.57 0.002 72.5605
2.52 1.57 0.0042 77.3519
2.54 1.917 0.0055 81.5938
2.56 2.611 0.0102 90.0004
2.58 2.782 0.0102 91.023
2.6 2.749 0.0156 94.3386
2.62 2.632 0.0156 93.9496
2.64 2.505 0.0147 93.0193
2.66 2.492 0.0132 92.3145
2.68 2.603 0.0149 94.0322
2.7 2.603 0.0172 95.3589
2.72 2.598 0.0181 95.9345
2.74 2.487 0.0152 94.1498
2.76 2.388 0.0136 92.9262
2.78 2.213 0.0123 91.3313
2.8 2.113 0.0123 90.9062
2.82 2.042 0.0127 90.8807
2.84 2.042 0.0127 91.0594
2.86 1.974 0.0142 91.6406
2.88 1.974 0.0135 91.433
2.9 1.93 0.0122 90.5462
2.92 1.852 0.0112 89.5426
2.94 1.832 0.012 90.0881
2.96 1.733 0.0164 91.8965
2.98 1.652 0.0164 91.4363
3 1.504 0.0165 90.4224
3.02 1.433 0.0167 90.0512
3.04 1.403 0.0172 90.1631
3.06 1.403 0.0212 91.9128
3.08 1.141 0.0233 90.0841
3.1 1.141 0.0231 90.1816
3.12 0.966 0.0195 86.9682
3.14 0.875 0.0117 82.3164
3.16 1.041 0.0117 84.5506
3.18 1.348 0.0155 89.9919
3.2 1.384 0.0155 90.4917
3.22 1.313 0.0175 90.8767
3.24 1.313 0.0184 91.4139
3.26 1.276 0.0188 91.3576
3.28 1.224 0.019 91.0466
3.3 1.216 0.0179 90.6635
3.32 1.262 0.0164 90.6404
3.34 1.825 0.0156 95.3475
3.36 2.236 0.0166 98.8501
3.38 2.406 0.0128 97.9227
3.4 2.406 0.0128 98.0834
3.42 2.094 0.0108 94.9464
3.44 2.094 0.0066 91.2826
3.46 1.649 0.0052 86.6029
3.48 1.649 0.0067 88.5903
3.5 1.594 0.01 91.2908
3.52 1.576 0.0192 96.3775
3.54 1.601 0.0192 96.7484
3.56 1.68 0.023 99.0516
3.58 1.577 0.023 98.3062
3.6 1.419 0.0243 97.4177
3.62 1.359 0.0263 97.6029
3.64 1.327 0.0252 97.072
3.66 1.327 0.0238 96.7588
3.68 1.257 0.0207 95.0422
3.7 1.217 0.0178 93.561
3.72 1.248 0.0177 93.9972
3.74 1.346 0.0194 95.8967
3.76 1.419 0.0194 96.7722
3.78 1.475 0.0209 98.0625
3.8 1.475 0.0209 98.2065
3.82 1.324 0.022 97.2463
3.84 1.324 0.0209 96.9728
3.86 1.236 0.0205 96.0014
3.88 1.117 0.0193 94.2738
3.9 1.035 0.0177 92.7079
3.92 0.957 0.0161 91.0774
3.94 0.964 0.0161 91.3021
3.96 0.965001 0.0159 91.3493
3.98 0.988 0.015 91.3442
4 1.01 0.0143 91.398
4.02 1.01 0.0146 91.6831
4.04 0.802 0.0132 88.0693
4.06 0.802 0.0102 86.3187
4.08 0.761 0.0098 85.5009
4.1 0.674 0.0085 83.1431
4.12 0.651 0.0085 82.8405
4.14 0.745001 0.009 84.9821
4.16 0.884 0.009 87.2184
4.18 0.822 0.0102 87.3297
4.2 0.822 0.0092 86.6982
4.22 0.691 0.0075 83.2424
4.24 0.613 0.007 81.4577
4.26 0.657 0.0071 82.4799
4.28 1.253 0.0065 89.9702
4.3 2.116 0.0086 99.4367
4.32 2.062 0.0094 99.9319
4.34 1.46 0.0073 93.2256
4.36 1.253 0.0073 91.3121
4.38 1.787 0.0142 101.701
4.4 1.787 0.0267 107.322
4.42 6.35 0.02 125.919
4.44 6.35 0.0167 124.199
4.46 4.477 0.0171 118.484
4.48 4.477 0.015 117.345
4.5 3.784 0.015 114.68
4.52 2.962 0.0195 113.288
4.54 2.832 0.0195 112.697
4.56 3.168 0.0255 117.259
4.58 3.174 0.0322 119.736
4.6 2.868 0.0344 118.795
4.62 2.868 0.0368 119.607
4.64 2.529 0.0352 117.167
4.66 2.388 0.0321 115.454
4.68 2.395 0.0298 114.927
4.7 3.208 0.0338 121.273
4.72 3.93 0.0338 125.018
4.74 2.633 0.0171 111.639
4.76 2.633 0.0171 111.769
4.78 2.633 0.0171 111.9
4.8 1.707 0.0158 104.562
4.82 1.401 0.0156 101.639
4.84 1.191 0.0169 100.068
4.86 1.268 0.0159 100.579
4.88 1.474 0.0163 103.114
4.9 1.509 0.0163 103.58
4.92 1.574 0.0172 104.797
4.94 1.574 0.0154 103.955
4.96 1.786 0.0156 106.096
4.98 1.786 0.0159 106.384
5 1.764 0.0127 104.343
5.02 1.494 0.0106 100.467
5.04 1.422 0.0106 99.8657
5.06 1.183 0.0105 97.2847
5.08 1.024 0.0105 95.3881
5.1 0.864 0.011 93.5458
5.12 1.078 0.0078 93.9538
5.14 1.816 0.0096 103.158
5.16 1.816 0.0105 104.042
5.18 1.536 0.0083 99.7032
5.2 1.113 0.0057 92.353
5.22 0.934 0.0057 90.1465
5.24 0.740001 0.0076 89.381
5.26 0.765001 0.0076 89.9048
5.28 1.164 0.0083 96.3107
5.3 1.164 0.0096 97.5863
5.32 1.286 0.0126 101.368
5.34 1.005 0.0121 97.6054
5.36 1.005 0.0086 94.9703
5.38 1.318 0.0083 98.5622
5.4 2.297 0.0111 109.497
5.42 2.542 0.0104 110.62
5.44 2.885 0.0076 109.865
5.46 2.759 0.0076 109.272
5.48 2.378 0.0082 107.746
5.5 2.144 0.0079 105.93
5.52 2.375 0.0073 106.906
5.54 2.375 0.0111 110.81
5.56 1.374 0.0125 103.534
5.58 1.374 0.0083 100.166
5.6 1.19 0.0083 98.211
5.62 0.918 0.0198 101.807
5.64 0.936 0.0198 102.193
5.66 1.898 0.0183 112.515
5.68 2.754 0.0224 120.843
5.7 3.164 0.0196 122.04
5.72 3.164 0.0189 121.789
5.74 3.625 0.0187 124.209
5.76 4.453 0.0157 126.218
5.78 5.011 0.0141 127.361
5.8 5.262 0.0122 126.847
5.82 4.812 0.0122 125.345
5.84 3.346 0.0068 113.417
5.86 3.346 0.0068 113.525
5.88 2.889 0.012 116.638
5.9 2.768 0.0205 121.318
5.92 2.943 0.0258 124.875
5.94 2.329 0.0293 122.137
5.96 1.875 0.0271 117.726
5.98 1.441 0.0239 112.272
6 1.441 0.0239 112.376
6.02 1.617 0.0269 115.493
6.04 1.617 0.0276 115.847
6.06 1.617 0.0276 115.953
6.08 2.413 0.018 118.651
6.1 2.308 0.0182 118.109
6.12 1.906 0.0186 115.212
6.14 1.92 0.0186 115.438
6.16 2.103 0.0177 116.585
6.18 1.736 0.0173 113.296
6.2 1.173 0.0142 105.427
6.22 1.173 0.0122 104.197
6.24 0.640001 0.01 94.009
6.26 0.640001 0.0063 90.5442
6.28 0.699 0.0063 91.7826
6.3 1.046 0.0051 95.6571
6.32 1.578 0.0128 109.664
6.34 1.997 0.0121 113.016
6.36 1.634 0.0121 109.894
6.38 1.099 0.0101 102.334
6.4 0.876 0.0058 94.6616
6.42 0.614 0.0047 88.456
6.44 0.614 0.0109 94.9507
6.46 0.549 0.0106 93.2967
6.48 0.615 0.0118 95.7667
6.5 0.769 0.0121 99.1902
6.52 0.900001 0.0112 100.898
6.54 0.794 0.0106 98.7252
6.56 0.507 0.0045 86.2553
6.58 0.487 0.0045 85.8294
6.6 0.507 0.0026 82.5464
6.62 0.507 0.0029 83.3699
6.64 0.515 0.0032 84.3159
6.66 0.515 0.0037 85.4119
6.68 0.639 0.0031 86.8919
6.7 0.639 0.0015 81.8671
6.72 0.802 0.0015 84.66
6.74 0.918 0.0037 93.1342
6.76 0.891 0.0037 92.8111
6.78 0.741 0.0053 93.1994
6.8 0.685001 0.0053 92.2263
6.82 0.721 0.0041 91.0199
6.84 0.721 0.0034 89.6861
6.86 1.89 0.0033 102.865
6.88 8.01 0.0037 127.957
6.9 11.291 0.0037 134.551
6.92 14.002 0.0061 144.797
6.94 14.8 0.0073 148.273
6.96 15.244 0.0169 159.805
6.98 15.356 0.0169 160.101
7 15.55 0.0253 165.998
7.02 15.901 0.0421 173.878
7.04 16.244 0.0506 177.243
7.06 16.244 0.0592 179.714
7.08 16.337 0.0633 181.009
7.1 16.337 0.0717 183.039
7.12 16.244 0.0717 183.032
7.14 16.157 0.0782 184.359
7.16 16.262 0.0782 184.675
7.18 16.536 0.0803 185.672
7.2 16.828 0.0803 186.285
7.22 17.608 0.079 187.394
7.24 17.608 0.0776 187.26
7.26 17.796 0.0765 187.467
7.28 17.525 0.0787 187.639
7.3 16.835 0.0808 187.108
7.32 15.673 0.0838 185.895
7.34 15.132 0.0838 185.097
7.36 14.392 0.0831 183.777
7.38 14.392 0.0831 183.915
7.4 14.392 0.0819 183.831
7.42 14.695 0.0758 183.337
7.44 15.312 0.0698 183.303
7.46 16.29 0.0634 183.607
7.48 16.788 0.0628 184.396
7.5 17.453 0.065 186.101
7.52 17.666 0.065 186.564
7.54 17.911 0.0685 187.891
7.56 17.911 0.0767 189.807
7.58 18.037 0.0824 191.275
7.6 18.037 0.0891 192.664
7.62 17.713 0.0915 192.728
7.64 17.713 0.0958 193.607
7.66 17.583 0.0958 193.543
7.68 17.373 0.0983 193.763
7.7 17.2 0.0983 193.624
7.72 16.886 0.0995 193.445
7.74 16.695 0.1023 193.714
7.76 16.373 0.1037 193.529
7.78 16.373 0.1042 193.745
7.8 16.182 0.1048 193.649
7.82 15.951 0.105 193.417
7.84 15.839 0.1041 193.219
7.86 15.659 0.1032 192.899
7.88 15.565 0.103 192.837
7.9 15.569 0.1004 192.57
7.92 15.569 0.1004 192.705
7.94 15.872 0.097 192.823
7.96 15.872 0.0952 192.657
7.98 16.428 0.0931 193.391
8 16.428 0.0894 192.873
8.02 16.778 0.0867 193.101
8.04 17.204 0.0829 193.212
8.06 17.258 0.0829 193.432
8.08 17.2 0.0837 193.627
8.1 17.106 0.0837 193.607
8.12 16.915 0.0855 193.769
8.14 16.68 0.0887 194.104
8.16 16.229 0.0907 193.831
8.18 16.229 0.0958 194.848
8.2 16.038 0.0967 194.799
8.22 15.745 0.0972 194.498
8.24 15.677 0.0972 194.508
8.26 15.677 0.0956 194.37
8.28 15.76 0.0956 194.649
8.3 16.377 0.1057 197.503
8.32 8.16 0.0942 177.067
8.34 16.373 0.0904 195.204
8.36 17.698 0.0891 197.298
8.38 18.604 0.0873 198.516
8.4 19.423 0.0894 200.279
8.42 19.802 0.0922 201.487
8.44 19.961 0.0998 203.187
8.46 19.842 0.0998 203.145
8.48 19.756 0.1046 203.947
8.5 19.756 0.1122 205.275
8.52 20.225 0.1134 206.287
8.54 20.225 0.1128 206.33
8.56 20.965 0.1113 207.305
8.58 20.965 0.1091 207.095
8.6 20.828 0.1091 207.034
8.62 20.25 0.1141 207.1
8.64 19.532 0.1141 206.159
8.66 18.449 0.1176 205.119
8.68 17.864 0.1251 205.354
8.7 16.994 0.1292 204.561
8.72 16.994 0.1345 205.378
8.74 16.662 0.1292 204.241
8.76 16.355 0.1266 203.48
8.78 16.377 0.1245 203.365
8.8 16.659 0.1187 203.187
8.82 16.706 0.1187 203.398
8.84 16.98 0.1112 202.898
8.86 16.98 0.1112 203.026
8.88 18.546 0.11 205.565
8.9 18.546 0.1074 205.284
8.92 19.575 0.1059 206.774
8.94 21.585 0.1023 209.233
8.96 22.791 0.0978 210.22
8.98 23.953 0.1031 212.794
9 23.896 0.1031 212.853
9.02 23.08 0.1108 213.195
9.04 22.481 0.1233 214.418
9.06 21.73 0.1329 214.839
9.08 21.73 0.1445 216.473
9.1 20.546 0.1488 215.39
9.12 20.546 0.149 215.545
9.14 20.355 0.149 215.387
9.16 19.968 0.139 213.684
9.18 19.727 0.139 213.44
9.2 19.636 0.1361 213.053
9.22 19.835 0.1361 213.491
9.24 20.268 0.1345 214.075
9.26 20.268 0.1308 213.707
9.28 20.452 0.1308 214.113
9.3 20.748 0.1285 214.369
9.32 20.001 0.1518 216.346
9.34 21.297 0.1279 215.349
9.36 21.91 0.1248 215.919
9.38 23.3 0.1252 218.027
9.4 23.3 0.1227 217.79
9.42 23.762 0.1219 218.417
9.44 24.365 0.1217 219.306
9.46 24.722 0.1217 219.895
9.48 24.704 0.1277 220.884
9.5 24.578 0.1277 220.851
9.52 24.57 0.1337 221.815
9.54 24.57 0.1425 223.125
9.56 24.722 0.1444 223.7
9.58 25.278 0.145 224.625
9.6 25.679 0.1432 225.031
9.62 25.845 0.1382 224.705
9.64 25.697 0.1389 224.744
9.66 25.339 0.1419 224.819
9.68 25.339 0.1419 224.948
9.7 24.682 0.144 224.501
9.72 24.682 0.1479 225.13
9.74 24.195 0.1489 224.739
9.76 24.163 0.1495 224.9
9.78 24.404 0.1482 225.186
9.8 25.148 0.1434 225.671
9.82 25.404 0.1434 226.129
9.84 26.011 0.1404 226.628
9.86 26.242 0.1351 226.319
9.88 26.097 0.1343 226.154
9.9 26.097 0.1364 226.574
9.92 25.751 0.1371 226.362
9.94 25.751 0.1369 226.462
9.96 25.7 0.1369 226.523
9.98 25.816 0.1375 226.879
10 25.982 0.1375 227.215
10.02 25.765 0.1363 226.902
10.04 25.336 0.1363 226.479
10.06 24.206 0.1387 225.448
10.08 24.206 0.1438 226.251
10.1 23.805 0.1464 226.169
10.12 23.578 0.1475 226.122
10.14 23.495 0.1483 226.233
10.16 23.275 0.1483 226.05
10.18 23.08 0.1483 225.9
10.2 23.448 0.1393 225.362
10.22 23.448 0.1393 225.485
10.24 23.834 0.1372 225.853
10.26 23.834 0.1344 225.588
10.28 23.394 0.1348 225.161
10.3 22.957 0.1341 224.575
10.32 22.066 0.1609 226.831
10.34 23.802 0.1272 224.999
10.36 23.802 0.1274 225.149
10.38 24.437 0.1248 225.738
10.4 24.639 0.121 225.546
10.42 24.372 0.1217 225.421
10.44 23.856 0.1278 225.764
10.46 23.556 0.1322 226.108
10.48 23.026 0.1302 225.203
10.5 23.026 0.1302 225.322
10.52 22.802 0.1324 225.438
10.54 22.802 0.1294 225.128
10.56 22.315 0.1272 224.227
10.58 22.315 0.1272 224.345
10.6 22.084 0.1272 224.127
10.62 21.001 0.1324 223.37
10.64 20.304 0.1324 222.403
10.66 19.218 0.1357 221.217
10.68 18.467 0.1373 220.28
10.7 17.611 0.1367 218.814
10.72 17.215 0.1383 218.423
10.74 16.326 0.1352 216.466
10.76 16.326 0.1322 216.174
10.78 15.839 0.131 215.181
10.8 15.15 0.1292 213.671
10.82 14.666 0.1292 212.784
10.84 13.861 0.1279 210.992
10.86 13.464 0.1279 210.219
10.88 12.944 0.1208 208.145
10.9 12.944 0.1208 208.252
10.92 12.728 0.1178 207.419
10.94 12.403 0.1136 206.129
10.96 12.107 0.1103 205.015
10.98 11.562 0.1077 203.359
11 11.327 0.1067 202.703
11.02 11.042 0.1025 201.389
11.04 11.042 0.1025 201.49
11.06 10.817 0.0999 200.566
11.08 10.817 0.0961 200.02
11.1 10.55 0.0944 199.106
11.12 10.55 0.0926 198.887
11.14 10.698 0.0912 199.133
11.16 11.605 0.0889 201.153
11.18 12.331 0.0889 203.019
11.2 13.634 0.0891 206.118
11.22 14.533 0.0898 208.261
11.24 16.085 0.087 210.874
11.26 17.059 0.0912 213.608
11.28 19.145 0.0937 217.783
11.3 19.145 0.0997 219.019
11.32 19.954 0.1045 221.3
11.34 20.665 0.1011 221.917
11.36 21.705 0.1098 225.142
11.38 23.008 0.12 228.836
11.4 23.69 0.1271 231.015
11.42 24.57 0.1365 233.728
11.44 24.57 0.1365 233.842
11.46 24.531 0.1398 234.367
11.48 24.531 0.1427 234.882
11.5 24.513 0.1432 235.039
11.52 24.419 0.1422 234.885
11.54 24.383 0.1408 234.755
11.56 23.636 0.1417 233.942
11.58 23 0.1417 233.137
11.6 22.181 0.1449 232.466
11.62 21.824 0.1497 232.665
11.64 21.401 0.1514 232.339
11.66 21.401 0.1527 232.615
11.68 20.835 0.1516 231.69
11.7 20.835 0.1471 231.22
11.72 20.878 0.1441 231.002
11.74 20.914 0.1422 230.914
11.76 20.885 0.1422 230.977
11.78 20.629 0.1403 230.418
11.8 20.225 0.1403 229.871
11.82 19.709 0.141 229.22
11.84 19.709 0.1451 229.875
11.86 19.47 0.1477 229.919
11.88 19.261 0.1479 229.695
11.9 19.203 0.1462 229.482
11.92 19.008 0.1434 228.883
11.94 19.167 0.1425 229.145
11.96 19.366 0.1391 229.132
11.98 19.012 0.1391 228.63
12 18.561 0.1414 228.258
12.02 18.561 0.1429 228.564
12.04 18.821 0.1446 229.354
12.06 18.821 0.144 229.381
12.08 19.442 0.1436 230.508
12.1 20.882 0.1378 232.201
12.12 21.614 0.1378 233.464
12.14 22.661 0.1397 235.435
12.16 23.148 0.1397 236.265
12.18 23.661 0.1393 237.064
12.2 23.87 0.1413 237.754
12.22 23.524 0.1421 237.475
12.24 23.524 0.1455 238.05
12.26 22.997 0.146 237.45
12.28 21.809 0.1495 236.216
12.3 20.896 0.1541 235.465
12.32 19.618 0.1595 234.11
12.34 17.814 0.1499 229.795
12.36 18.07 0.149 230.256
12.38 17.092 0.1518 228.875
12.4 16.731 0.1518 228.275
12.42 16.258 0.1453 226.609
12.44 16.056 0.1453 226.303
12.46 15.753 0.1428 225.458
12.48 15.507 0.1389 224.53
12.5 15.28 0.135 223.623
12.52 15.28 0.1285 222.806
12.54 15.359 0.1259 222.691
12.56 16.005 0.1224 223.59
12.58 16.951 0.1191 225.035
12.6 18.572 0.1162 227.647
12.62 19.81 0.1135 229.424
12.64 22.481 0.1131 233.675
12.66 22.481 0.1131 233.778
12.68 24.639 0.1144 237.214
12.7 24.639 0.1203 238.313
12.72 25.722 0.1276 241.077
12.74 25.722 0.138 242.76
12.76 26.083 0.144 244.217
12.78 26.314 0.1593 246.698
12.8 26.336 0.1593 246.834
12.82 26.545 0.1684 248.368
12.84 26.624 0.1684 248.582
12.86 26.624 0.1684 248.69
12.88 26.097 0.1766 249.065
12.9 25.274 0.1771 248.084
12.92 25.274 0.1804 248.572
12.94 24.769 0.1832 248.275
12.96 24.325 0.1838 247.803
12.98 24.285 0.1826 247.716
13 24.556 0.1793 247.842
13.02 24.632 0.1804 248.184
13.04 24.322 0.1753 247.247
13.06 24.322 0.1753 247.353
13.08 23.491 0.1735 246.011
13.1 23.491 0.1745 246.233
13.12 22.972 0.1763 245.756
13.14 22.029 0.1758 244.323
13.16 21.546 0.1758 243.647
13.18 20.611 0.1779 242.437
13.2 20.048 0.1779 241.574
13.22 19.358 0.1775 240.415
13.24 19.257 0.1768 240.256
13.26 19.561 0.1757 240.774
13.28 19.561 0.1739 240.669
13.3 21.185 0.1714 243.258
13.32 21.185 0.1597 241.932
13.34 13.944 0.152 226.951
13.36 21.618 0.1447 240.855
13.38 21.618 0.1427 240.677
13.4 21.831 0.1438 241.271
13.42 22.015 0.1436 241.635
13.44 22.015 0.1448 241.903
13.46 21.744 0.1506 242.362
13.48 21.589 0.1506 242.212
13.5 21.203 0.153 242.002
13.52 20.947 0.1585 242.389
13.54 20.932 0.1603 242.692
13.56 20.954 0.1629 243.153
13.58 20.741 0.1627 242.871
13.6 20.741 0.1643 243.168
13.62 20.708 0.1637 243.137
13.64 20.716 0.1626 243.114
13.66 20.813 0.1623 243.339
13.68 20.961 0.1628 243.749
13.7 21.131 0.1628 244.132
13.72 21.261 0.1635 244.534
13.74 21.261 0.1635 244.633
13.76 21.947 0.1646 245.991
13.78 21.947 0.1662 246.288
13.8 22.589 0.1664 247.437
13.82 22.907 0.1695 248.417
13.84 22.997 0.1708 248.815
13.86 22.726 0.1745 248.934
13.88 22.564 0.1745 248.778
13.9 22.275 0.1754 248.522
13.92 22.051 0.1789 248.668
13.94 21.553 0.1787 247.928
13.96 21.206 0.1754 247.064
13.98 20.3 0.1759 245.671
14 20.3 0.1724 245.358
14.02 19.929 0.1719 244.746
14.04 19.6 0.1686 243.863
14.06 19.524 0.1686 243.823
14.08 19.474 0.1665 243.575
14.1 19.261 0.1665 243.286
14.12 18.582 0.1632 241.724
14.14 18.582 0.1632 241.819
14.16 18.203 0.1634 241.222
14.18 17.745 0.166 240.749
14.2 17.575 0.1649 240.376
14.22 17.456 0.162 239.881
14.24 17.424 0.1615 239.85
14.26 17.557 0.1566 239.591
14.28 17.543 0.1566 239.657
14.3 17.763 0.157 240.232
14.32 17.763 0.1557 240.159
14.34 18.005 0.154 240.501
14.36 18.759 0.1471 241.098
14.38 18.759 0.1494 241.503
14.4 19.286 0.1507 242.737
14.42 19.286 0.1535 243.203
14.44 19.492 0.157 244.127
14.46 19.795 0.1606 245.226
14.48 19.875 0.1606 245.463
14.5 19.752 0.1691 246.393
14.52 19.571 0.1691 246.161
14.54 19.322 0.1717 246.113
14.56 19.322 0.1756 246.668
14.58 19.42 0.1771 247.117
14.6 19.582 0.1761 247.39
14.62 19.683 0.175 247.539
14.64 19.986 0.1722 247.845
14.66 20.207 0.1718 248.284
14.68 20.448 0.1709 248.694
14.7 20.73 0.1709 249.28
14.72 21.08 0.1729 250.218
14.74 21.08 0.1745 250.504
14.76 21.506 0.1752 251.405
14.78 21.506 0.1769 251.702
14.8 21.788 0.1772 252.305
14.82 21.643 0.1807 252.568
14.84 21.932 0.1807 253.146
14.86 22.903 0.178 254.506
14.88 23.459 0.178 255.482
14.9 24.101 0.1782 256.597
14.92 24.372 0.1795 257.262
14.94 24.444 0.1785 257.348
14.96 24.444 0.1825 257.919
14.98 24.231 0.1857 258.062
15 24.148 0.1891 258.42
15.02 24.008 0.1904 258.447
15.04 23.56 0.1929 258.122
15.06 23.549 0.1929 258.2
15.08 23.964 0.1835 257.872
15.1 23.964 0.1835 257.967
15.12 23.827 0.183 257.791
15.14 23.138 0.184 256.915
15.16 22.809 0.1808 256.105
15.18 22.322 0.177 254.953
15.2 21.986 0.1767 254.454
15.22 21.391 0.1719 252.963
15.24 20.546 0.1719 251.591
15.26 18.669 0.1676 247.712
15.28 18.669 0.1633 247.267
15.3 15.731 0.1639 241.406
15.32 15.731 0.1652 241.652
15.34 15.19 0.1634 240.306
15.36 14.565 0.1579 238.263
15.38 14.496 0.1557 237.908
15.4 14.5 0.149 237.135
15.42 14.688 0.144 236.987
15.44 14.688 0.1369 236.077
15.46 15.652 0.1325 237.687
15.48 15.652 0.1275 237.012
15.5 15.803 0.1274 237.41
15.52 15.633 0.1286 237.31
15.54 15.439 0.1286 236.969
15.56 15.439 0.1356 238.101
15.58 15.864 0.1356 239.12
15.6 16.94 0.1362 241.565
15.62 16.94 0.1376 241.857
15.64 17.218 0.1372 242.452
15.66 17.445 0.1406 243.491
15.68 17.409 0.1431 243.862
15.7 17.525 0.1468 244.701
15.72 17.601 0.1468 244.941
15.74 17.723 0.1565 246.58
15.76 17.723 0.1565 246.667
15.78 18.236 0.1573 247.875
15.8 18.236 0.157 247.923
15.82 18.64 0.1565 248.728
15.84 19.38 0.1581 250.426
15.86 19.683 0.1576 251.008
15.88 19.954 0.1619 252.155
15.9 19.997 0.1619 252.322
15.92 19.792 0.1653 252.472
15.94 19.792 0.1719 253.384
15.96 19.629 0.1772 253.811
15.98 19.629 0.1781 254.006
16 20.156 0.1774 254.982
16.02 20.156 0.1769 255.011
16.04 20.25 0.1769 255.271
16.06 20.2 0.1765 255.22
16.08 20.153 0.1765 255.223
16.1 20.116 0.1792 255.566
16.12 20.221 0.1837 256.375
16.14 20.824 0.1855 257.759
16.16 20.824 0.1852 257.813
16.18 21.199 0.1834 258.356
16.2 21.842 0.1801 259.167
16.22 22.224 0.1776 259.602
16.24 22.347 0.1757 259.665
16.26 22.271 0.1757 259.626
16.28 22.502 0.1706 259.465
16.3 22.502 0.1706 259.553
16.32 22.423 0.1739 259.924
16.34 17.482 0.1695 250.324
16.36 22.275 0.1707 259.452
16.38 22.409 0.1776 260.622
16.4 22.289 0.185 261.396
16.42 21.936 0.1885 261.291
16.44 21.733 0.1885 261.03
16.46 21.423 0.19 260.75
16.48 21.423 0.1924 261.111
16.5 21.174 0.1928 260.804
16.52 21.174 0.1877 260.311
16.54 21.041 0.1845 259.79
16.56 20.976 0.1848 259.797
16.58 21.03 0.1848 259.981
16.6 21.015 0.1843 259.982
16.62 20.914 0.1843 259.889
16.64 20.64 0.1847 259.53
16.66 20.539 0.186 259.584
16.68 20.521 0.1874 259.8
16.7 20.521 0.1852 259.632
16.72 20.586 0.1834 259.625
16.74 20.333 0.1842 259.343
16.76 19.994 0.1843 258.814
16.78 19.709 0.1845 258.388
16.8 19.478 0.1845 258.035
16.82 19.171 0.186 257.704
16.84 19.171 0.186 257.79
16.86 19.102 0.1853 257.66
16.88 18.741 0.1853 257.038
16.9 18.467 0.1795 255.9
16.92 18.037 0.1765 254.759
16.94 17.879 0.175 254.34
16.96 17.337 0.1719 252.921
16.98 17.02 0.1719 252.333
17 16.684 0.1698 251.434
17.02 16.684 0.1693 251.455
17.04 16.135 0.1675 250.105
17.06 16.135 0.1682 250.274
17.08 16.121 0.167 250.175
17.1 16.727 0.1622 250.98
17.12 17.521 0.1622 252.744
17.14 18.702 0.1578 254.629
17.16 19.073 0.1534 254.832
17.18 19.276 0.1544 255.442
17.2 19.64 0.1559 256.42
17.22 20.474 0.1578 258.304
17.24 20.474 0.1658 259.452
17.26 20.795 0.1718 260.889
17.28 20.853 0.1753 261.516
17.3 20.91 0.1753 261.703
17.32 21.004 0.1785 262.351
17.34 20.965 0.1785 262.365
17.36 20.546 0.1792 261.772
17.38 20.914 0.1756 262.083
17.4 21.189 0.1756 262.661
17.42 21.492 0.1771 263.469
17.44 21.564 0.1771 263.68
17.46 21.456 0.176 263.436
17.48 21.456 0.1779 263.756
17.5 21.156 0.1769 263.182
17.52 21.156 0.1769 263.265
17.54 20.286 0.1766 261.724
17.56 20.311 0.1765 261.841
17.58 20.571 0.1765 262.404
17.6 20.925 0.16 260.993
17.62 20.925 0.16 261.076
17.64 21.142 0.1563 261.038
17.66 21.142 0.1479 259.922
17.68 21.041 0.1466 259.634
17.7 20.759 0.1432 258.706
17.72 20.376 0.1466 258.599
17.74 19.986 0.154 259.02
17.76 19.842 0.154 258.831
17.78 19.94 0.1591 259.799
17.8 19.94 0.1593 259.908
17.82 20.748 0.1575 261.233
17.84 20.748 0.1596 261.603
17.86 20.319 0.1593 260.857
17.88 20.319 0.158 260.761
17.9 20.225 0.158 260.668
17.92 20.38 0.1671 262.254
17.94 20.427 0.1671 262.423
17.96 20.485 0.1746 263.572
17.98 20.622 0.1746 263.907
18 20.542 0.1752 263.916
18.02 20.542 0.1777 264.309
18.04 20.409 0.1788 264.279
18.06 20.261 0.181 264.352
18.08 20.214 0.1807 264.309
18.1 19.788 0.1829 263.846
18.12 19.467 0.1837 263.402
18.14 18.987 0.1825 262.394
18.16 18.987 0.1825 262.474
18.18 18.698 0.1839 262.142
18.2 18.698 0.1858 262.447
18.22 18.413 0.1865 262.029
18.24 17.759 0.1883 260.956
18.26 17.463 0.1899 260.587
18.28 18.019 0.1892 261.765
18.3 18.954 0.1892 263.759
18.32 20.763 0.1849 266.815
18.34 21.567 0.1777 267.475
18.36 22.715 0.1735 269.025
18.38 20.524 0.1647 264.059
18.4 23.354 0.1684 269.596
18.42 23.354 0.1691 269.77
18.44 23.618 0.1691 270.289
18.46 23.3 0.1714 270.146
18.48 22.997 0.1714 269.719
18.5 23.246 0.1626 269.036
18.52 23.264 0.1626 269.147
18.54 23.148 0.1625 269.02
18.56 23.148 0.1784 271.199
18.58 23.087 0.1851 272.01
18.6 22.972 0.1902 272.512
18.62 22.943 0.1885 272.34
18.64 23.011 0.1954 273.354
18.66 23.148 0.1958 273.716
18.68 23.592 0.1909 273.969
18.7 23.592 0.1909 274.051
18.72 24.116 0.1938 275.346
18.74 24.116 0.196 275.686
18.76 24.978 0.1982 277.424
18.78 24.978 0.2037 278.139
18.8 25 0.2082 278.763
18.82 24.859 0.2157 279.44
18.84 24.722 0.2157 279.3
18.86 24.404 0.2229 279.625
18.88 24.271 0.2229 279.487
18.9 24.112 0.2229 279.305
18.92 24 0.2225 279.158
18.94 23.794 0.2183 278.452
18.96 23.794 0.2162 278.31
18.98 23.621 0.2156 278.035
19 23.239 0.2167 277.581
19.02 22.86 0.2168 277.016
19.04 22.899 0.2172 277.208
19.06 23.098 0.2172 277.635
19.08 24.387 0.215 279.659
19.1 24.387 0.215 279.74
19.12 28.14 0.2111 285.215
19.14 28.14 0.2027 284.335
19.16 28.971 0.2028 285.624
19.18 29.801 0.2103 287.739
19.2 30.205 0.2159 289.013
19.22 30.479 0.23 291
19.24 30.58 0.23 291.223
19.26 30.523 0.2381 292.069
19.28 30.349 0.2492 293.021
19.3 29.822 0.248 292.25
19.32 29.331 0.2469 291.528
19.34 28.371 0.2333 288.853
19.36 27.837 0.2261 287.396
19.38 27.837 0.2301 287.898
19.4 26.545 0.2314 286.151
19.42 26.545 0.2243 285.492
19.44 26.336 0.2243 285.249
19.46 25.78 0.2204 284.04
19.48 25.7 0.2204 283.994
19.5 25.217 0.2081 281.95
19.52 24.986 0.2081 281.657
19.54 24.473 0.2068 280.75
19.56 24.473 0.2096 281.144
19.58 24.549 0.2096 281.35
19.6 24.733 0.2073 281.474
19.62 24.791 0.2068 281.592
19.64 24.885 0.2097 282.152
19.66 24.82 0.2111 282.282
19.68 24.621 0.2173 282.715
19.7 29.144 0.2648 294.552
