0.02 0.19 0.002 13.9859
0.04 0.292 0.004 19.1116
0.06 0.457 0.005 23.2448
0.08 0.496 0.005 25.4789
0.1 0.389 0.01 27.7313
0.12 0.322 0.015 29.3638
0.14 0.322 0.015 30.6495
0.16 0.247 0.015 30.617
0.18 0.263 0.015 31.9233
0.2 0.389 0.015 34.7782
0.22 0.308 0.014 34.3337
0.24 0.382 0.012 35.8197
0.26 0.255 0.011 34.3057
0.28 0.209 0.01 33.7621
0.3 0.296 0.007 35.1266
0.32 0.5 0.007 38.5668
0.34 0.571 0.006 39.47
0.36 0.696 0.007 41.7944
0.38 0.742 0.005 41.638
0.4 0.553 0.008 42.0998
0.42 0.382 0.008 40.4609
0.44 0.414 0.008 41.4651
0.46 0.499 0.012 44.6045
0.48 0.648 0.009 45.7575
0.5 0.112 0.006 34.7505
0.52 0.346 0.011 43.4648
0.54 0.344 0.014 44.776
0.56 0.346 0.015 45.5294
0.58 0.41 0.017 47.6064
0.6 0.208 0.021 44.3561
0.62 0.243 0.019 45.3965
0.64 0.282 0.018 46.5812
0.66 0.282 0.009 44.3486
0.68 0.26 0.009 44.1982
0.7 0.237 0.01 44.3526
0.72 0.229 0.01 44.4808
0.74 0.199 0.008 43.1158
0.76 0.208 0.007 43.2312
0.78 0.264 0.008 45.5689
0.8 0.3 0.009 47.2036
0.82 0.3 0.007 46.5453
0.84 1.572 0.01 61.2712
0.86 3.252 0.008 67.2195
0.88 2.832 0.022 72.1398
0.9 2.503 0.039 74.7915
0.92 1.53 0.035 69.4725
0.94 1.755 0.063 74.8563
0.96 1.755 0.063 75.2957
0.98 1.133 0.063 71.1038
1 1.145 0.095 74.1024
1.02 0.901 0.061 69.3791
1.04 0.753 0.052 67.0785
1.06 0.4 0.045 60.8271
1.08 0.266 0.041 57.2106
1.1 0.248 0.036 56.3132
1.12 0.237 0.022 53.9702
1.14 0.249 0.018 53.7191
1.16 0.25 0.015 53.1975
1.18 0.267 0.012 52.9671
1.2 0.295 0.01 53.1722
1.22 0.326 0.008 53.1944
1.24 0.346 0.008 53.8956
1.26 0.362 0.008 54.4894
1.28 0.337 0.009 54.7008
1.3 0.324 0.009 54.6268
1.32 0.305 0.01 54.8626
1.34 0.305 0.01 55.0925
1.36 0.271 0.011 54.8192
1.38 0.257 0.011 54.6234
1.4 0.252 0.011 54.6874
1.42 0.246 0.011 54.7132
1.44 0.243 0.011 54.8294
1.46 0.241 0.01 54.5404
1.48 0.252 0.009 54.6192
1.5 0.263 0.009 55.1617
1.52 0.273 0.009 55.6635
1.54 0.258 0.008 54.873
1.56 0.265 0.008 55.2829
1.58 0.266 0.008 55.5091
1.6 0.294 0.008 56.5122
1.62 0.334 0.009 58.3278
1.64 0.356 0.009 59.0672
1.66 0.398 0.009 60.226
1.68 0.437 0.01 61.785
1.7 0.487 0.01 62.9632
1.72 0.52 0.012 64.7421
1.74 0.627 0.012 66.7244
1.76 0.771 0.013 69.4203
1.78 0.806 0.013 70.0853
1.8 0.651 0.013 68.1741
1.82 0.572 0.014 67.5368
1.84 0.517 0.013 66.3529
1.86 0.503 0.012 65.85
1.88 0.487 0.012 65.7394
1.9 0.466 0.012 65.5159
1.92 0.465 0.013 66.1255
1.94 0.484 0.014 67.1123
1.96 0.544 0.017 69.5608
1.98 0.619 0.018 71.4057
2 0.642 0.018 71.9827
2.02 0.7 0.016 72.374
2.04 0.952 0.017 76.2416
2.06 1.007 0.024 79.3127
2.08 0.918 0.027 79.2462
2.1 0.933 0.029 80.1178
2.12 1.114 0.032 83.0843
2.14 0.418 0.041 73.8424
2.16 0.548 0.038 76.4924
2.18 0.575 0.037 77.0505
2.2 0.624 0.038 78.335
2.22 0.651 0.035 78.4741
2.24 0.678 0.03 78.1233
2.26 0.719 0.028 78.5294
2.28 0.755 0.024 78.2675
2.3 0.891 0.025 80.6249
2.32 1.13 0.028 84.4249
2.34 2.642 0.033 96.9524
2.36 4.75 0.043 108.103
2.38 5.547 0.058 113.597
2.4 4.594 0.092 115.149
2.42 4.481 0.106 116.365
2.44 3.976 0.125 116.224
2.46 3.576 0.135 115.46
2.48 3.641 0.139 116.303
2.5 3.746 0.141 117.18
2.52 3.81 0.126 116.63
2.54 3.468 0.142 116.467
2.56 3.393 0.15 116.886
2.58 3.828 0.147 118.992
2.6 4.806 0.146 123.149
2.62 5.079 0.154 124.951
2.64 4.594 0.159 123.747
2.66 4.126 0.147 121.309
2.68 3.141 0.136 116.125
2.7 1.563 0.139 105.43
2.72 0.999 0.138 98.9927
2.74 0.783 0.119 94.6019
2.76 1.178 0.11 99.8802
2.78 0.989 0.103 97.0596
2.8 0.842 0.083 93.334
2.82 0.795 0.077 92.1714
2.84 0.657 0.052 86.9643
2.86 0.666 0.037 84.8677
2.88 0.659 0.031 83.6623
2.9 0.34 0.027 75.3333
2.92 0.241 0.028 72.0457
2.94 0.256 0.026 72.3654
2.96 0.24 0.027 72.0571
2.98 0.246 0.027 72.4493
3 0.286 0.027 74.1761
3.02 0.379 0.025 76.894
3.04 0.552 0.018 79.1288
3.06 0.734 0.013 80.3875
3.08 0.817 0.012 81.2424
3.1 0.732 0.01 78.9053
3.12 0.638 0.009 76.821
3.14 0.581 0.007 74.3563
3.16 0.565 0.008 75.0176
3.18 0.552 0.01 76.3013
3.2 0.543 0.011 76.8607
3.22 0.416 0.012 74.6344
3.24 0.381 0.013 74.3161
3.26 0.34 0.015 74.1099
3.28 0.294 0.016 73.0896
3.3 0.27 0.017 72.6866
3.32 0.25 0.018 72.3496
3.34 0.255 0.02 73.3174
3.36 0.298 0.02 75.1057
3.38 0.405 0.024 79.8296
3.4 0.87 0.027 90.1466
3.42 2.23 0.028 103.714
3.44 3.773 0.018 108.01
3.46 4.552 0.032 116.598
3.48 3.671 0.02 108.881
3.5 3.815 0.017 108.188
3.52 4.444 0.016 110.209
3.54 4.777 0.024 115.365
3.56 5.711 0.037 122.903
3.58 6.765 0.03 123.952
3.6 7.088 0.021 121.326
3.62 8.015 0.023 124.623
3.64 8.217 0.021 124.317
3.66 7.364 0.041 129.573
3.68 7.118 0.047 130.612
3.7 7.449 0.047 131.667
3.72 8.959 0.042 134.155
3.74 9.741 0.089 144.752
3.76 9.109 0.055 137.937
3.78 9.48 0.075 142.569
3.8 7.867 0.127 145.221
3.82 12.057 0.097 151.227
3.84 10.383 0.041 137.974
3.86 6.448 0.058 132.789
3.88 9.518 0.086 145.336
3.9 10.37 0.123 151.805
3.92 9.147 0.049 138.293
3.94 7.035 0.036 129.974
3.96 7.381 0.068 138.182
3.98 9.985 0.077 146.032
4 5.594 0.05 129.783
4.02 8.8 0.075 143.484
4.04 8.14 0.097 145.151
4.06 6.66 0.031 128.425
4.08 5.892 0.031 126.352
4.1 6.582 0.038 130.753
4.12 8.551 0.029 132.936
4.14 7.293 0.081 141.706
4.16 7.224 0.121 146.513
4.18 8.818 0.087 146.895
4.2 6.45 0.065 137.244
4.22 7.147 0.061 138.736
4.24 8.76 0.072 145.036
4.26 9.242 0.139 154.583
4.28 6.415 0.083 140.69
4.3 9.341 0.058 144.336
4.32 10.038 0.045 142.977
4.34 8.873 0.028 135.197
4.36 9.497 0.09 150.647
4.38 9.434 0.052 143.971
4.4 10.153 0.042 143.12
4.42 10.266 0.018 133.76
4.44 7.107 0.104 146.977
4.46 8.82 0.088 149.714
4.48 6.737 0.023 128.964
4.5 9.842 0.052 145.944
4.52 7.944 0.031 135.717
4.54 10.447 0.031 141.35
4.56 12.627 0.04 148.555
4.58 10.334 0.066 150.653
4.6 8.502 0.141 156.218
4.62 9.429 0.146 159.216
4.64 10.449 0.09 155.399
4.66 8.986 0.079 150.6
4.68 10.943 0.116 160.157
4.7 9.884 0.093 155.135
4.72 9.884 0.138 160.503
