0.02 0.958 0.034 22.3481
0.04 1.138 0.035 27.8446
0.06 1.227 0.036 31.5807
0.08 1.294 0.036 34.4731
0.1 1.343 0.035 36.7898
0.12 1.387 0.027 38.0521
0.14 1.383 0.025 39.4483
0.16 1.373 0.023 40.6147
0.18 1.466 0.022 42.2082
0.2 1.811 0.021 44.6327
0.22 2.396 0.019 47.3205
0.24 3.242 0.017 50.1703
0.26 4.294 0.015 52.8644
0.28 5.223 0.012 54.4874
0.3 5.895 0.011 56.1114
0.32 6.406 0.011 57.8152
0.34 6.842 0.013 60.1888
0.36 7.193 0.016 62.6683
0.38 7.426 0.019 64.8304
0.4 7.557 0.024 67.2212
0.42 7.595 0.029 69.2706
0.44 7.572 0.033 70.8997
0.46 7.56 0.037 72.4513
0.48 7.522 0.04 73.7371
0.5 7.394 0.042 74.6972
0.52 7.167 0.044 75.4693
0.54 6.867 0.045 75.939
0.56 6.593 0.047 76.5386
0.58 6.439 0.047 77.0263
0.6 6.415 0.045 77.4332
0.62 6.368 0.044 77.9138
0.64 6.168 0.043 78.0946
0.66 5.707 0.044 78.0385
0.68 5.019 0.045 77.3912
0.7 4.256 0.048 76.5968
0.72 3.639 0.054 76.2207
0.74 3.211 0.052 75.1955
0.76 3.006 0.055 75.3898
0.78 2.873 0.056 75.5561
0.8 2.788 0.06 76.1976
0.82 2.782 0.064 77.1116
0.84 2.771 0.066 77.7845
0.86 2.69 0.07 78.3438
0.88 2.571 0.081 79.2911
0.9 2.434 0.096 80.2883
0.92 2.288 0.11 80.976
0.94 2.096 0.122 81.1359
0.96 1.867 0.13 80.689
0.98 1.708 0.131 80.1704
1 1.669 0.126 80.0944
1.02 1.837 0.115 81.0383
1.04 2.135 0.103 82.5001
1.06 2.449 0.093 83.8774
1.08 2.718 0.088 85.1966
1.1 2.853 0.087 86.1502
1.12 2.882 0.09 86.954
1.14 2.891 0.096 87.8928
1.16 2.992 0.103 89.2778
1.18 3.068 0.111 90.5898
1.2 3.169 0.115 91.7092
1.22 3.225 0.114 92.2972
1.24 3.199 0.112 92.4711
1.26 3.078 0.109 92.1606
1.28 2.929 0.109 91.906
1.3 2.755 0.108 91.4224
1.32 2.47 0.111 90.5851
1.34 1.744 0.095 85.4048
1.36 2.029 0.085 86.8396
1.38 2.15 0.083 87.7491
1.4 2.155 0.083 88.1303
1.42 2.094 0.083 88.1134
1.44 2.021 0.085 88.1803
1.46 1.965 0.085 88.1617
1.48 1.942 0.084 88.2589
1.5 1.948 0.081 88.3605
1.52 1.903 0.076 87.9211
1.54 1.855 0.07 87.3177
1.56 1.773 0.066 86.6376
1.58 1.738 0.062 86.2459
1.6 1.78 0.06 86.6096
1.62 1.851 0.057 87.0279
1.64 1.85 0.054 86.9265
1.66 1.844 0.052 86.9058
1.68 2.076 0.054 88.9753
1.7 2.531 0.055 91.993
1.72 2.848 0.053 93.5854
1.74 2.934 0.046 93.185
1.76 2.741 0.036 90.7013
1.78 2.38 0.026 86.7736
1.8 1.993 0.019 82.6618
1.82 1.673 0.014 78.8241
1.84 1.455 0.013 77.014
1.86 1.281 0.016 77.1636
1.88 1.126 0.019 77.0633
1.9 1.014 0.02 76.4586
1.92 0.929 0.019 75.3984
1.94 0.876 0.018 74.6425
1.96 0.844 0.017 74.1023
1.98 0.718 0.016 72.2363
2 0.754 0.015 72.5599
2.02 0.79 0.013 72.3842
2.04 0.808 0.014 73.269
2.06 0.986 0.016 76.4494
2.08 1.208 0.017 79.3287
2.1 1.281 0.018 80.5973
2.12 1.297 0.02 81.6673
2.14 1.258 0.021 81.8532
2.16 1.207 0.02 81.247
2.18 1.172 0.02 81.111
2.2 1.219 0.022 82.43
2.22 1.308 0.025 84.3731
2.24 1.398 0.027 85.9467
2.26 1.475 0.028 87.0903
2.28 1.519 0.028 87.6742
2.3 1.527 0.028 87.9538
2.32 1.548 0.029 88.5976
2.34 1.577 0.03 89.2985
2.36 1.561 0.03 89.3787
2.38 1.489 0.029 88.7308
2.4 1.41 0.027 87.719
2.42 1.361 0.024 86.6219
2.44 1.347 0.023 86.3847
2.46 1.362 0.022 86.399
2.48 1.384 0.022 86.7938
2.5 1.42 0.022 87.31
2.52 1.567 0.022 88.7537
2.54 1.791 0.024 91.3358
2.56 1.952 0.025 92.9921
2.58 2.045 0.024 93.5021
2.6 2.091 0.022 93.3256
2.62 2.139 0.021 93.4684
2.64 2.174 0.02 93.505
2.66 2.131 0.019 93.0343
2.68 2.085 0.018 92.5186
2.7 2.153 0.019 93.5594
2.72 2.256 0.02 94.7882
2.74 2.35 0.019 95.1346
2.76 2.459 0.018 95.5209
2.78 2.532 0.018 96.1169
2.8 2.507 0.015 94.7233
2.82 2.374 0.011 91.7699
2.84 2.21 0.008 88.6278
2.86 2.161 0.007 87.5367
2.88 2.01 0.006 85.6902
2.9 1.928 0.007 86.4434
2.92 2.194 0.008 89.2215
2.94 2.545 0.012 94.4551
2.96 2.737 0.014 96.864
2.98 2.773 0.015 97.788
3 2.74 0.012 96.0023
3.02 2.686 0.011 95.2127
3.04 2.602 0.01 94.2022
3.06 2.499 0.009 93.0079
3.08 2.447 0.009 92.8948
3.1 2.39 0.009 92.7467
3.12 2.494 0.011 95.0582
3.14 3.019 0.015 100.442
3.16 3.704 0.017 104.711
3.18 4.394 0.017 107.507
3.2 4.809 0.014 107.355
3.22 4.906 0.012 106.477
3.24 4.889 0.01 105.002
3.26 4.861 0.011 105.931
3.28 4.918 0.012 107.062
3.3 5.084 0.015 109.776
3.32 5.175 0.016 110.836
3.34 5.143 0.018 112.014
3.36 4.98 0.018 111.681
3.38 4.681 0.018 110.873
3.4 4.317 0.017 109.247
3.42 3.977 0.017 108.14
3.44 3.758 0.018 107.948
3.46 3.75 0.02 109.04
3.48 3.945 0.023 111.302
3.5 4.315 0.028 114.791
3.52 4.752 0.031 117.573
3.54 5.059 0.031 118.825
3.56 5.213 0.027 118.16
3.58 5.148 0.019 114.727
3.6 4.842 0.014 111.038
3.62 4.352 0.011 107.338
3.64 3.836 0.011 105.567
3.66 3.444 0.015 106.82
3.68 3.251 0.022 109.533
3.7 3.306 0.029 112.52
3.72 3.617 0.032 115.096
3.74 4.026 0.031 116.751
3.76 4.635 0.031 119.32
3.78 5.349 0.03 121.655
3.8 5.987 0.024 121.548
3.82 6.532 0.018 120.347
3.84 7.056 0.016 120.681
3.86 7.718 0.017 123.045
3.88 8.541 0.02 126.735
3.9 9.254 0.024 130.352
3.92 9.711 0.029 133.533
3.94 10.167 0.032 135.716
3.96 10.176 0.035 136.941
3.98 10.084 0.037 137.589
4 10.065 0.04 138.64
4.02 10.047 0.043 139.634
4.04 10.047 0.046 140.613
4.06 10.199 0.049 141.855
4.08 10.413 0.053 143.408
4.1 10.485 0.056 144.405
4.12 10.483 0.057 144.81
4.14 10.323 0.058 144.894
4.16 10.142 0.059 144.925
4.18 9.975 0.061 145.174
4.2 9.839 0.062 145.276
4.22 9.781 0.063 145.538
4.24 9.729 0.064 145.808
4.26 9.566 0.065 145.832
4.28 9.36 0.066 145.75
4.3 9.216 0.067 145.796
4.32 9.253 0.067 146.068
4.34 9.422 0.068 146.819
4.36 9.594 0.068 147.39
4.38 9.541 0.061 146.133
4.4 9.522 0.056 145.239
4.42 9.346 0.053 144.369
4.44 9.078 0.052 143.718
4.46 8.744 0.052 143.123
4.48 8.364 0.051 142.158
4.5 7.991 0.051 141.402
4.52 7.648 0.052 140.912
4.54 7.323 0.053 140.428
4.56 6.983 0.054 139.858
4.58 6.632 0.054 138.992
4.6 6.33 0.055 138.441
4.62 6.145 0.054 137.807
4.64 6.106 0.054 137.846
4.66 6.365 0.054 138.839
4.68 6.947 0.055 140.982
4.7 7.625 0.053 142.614
4.72 8.163 0.05 143.494
4.74 8.418 0.046 143.303
4.76 8.506 0.042 142.603
4.78 8.62 0.04 142.463
4.8 8.792 0.039 142.734
4.82 8.909 0.04 143.473
4.84 9.012 0.043 144.745
4.86 9.125 0.046 145.988
4.88 9.29 0.049 147.305
4.9 9.45 0.052 148.568
4.92 9.585 0.054 149.509
4.94 9.69 0.055 150.142
4.96 9.743 0.055 150.429
4.98 9.785 0.055 150.691
5 9.808 0.057 151.359
5.02 9.806 0.059 151.958
5.04 9.819 0.061 152.578
5.06 9.902 0.062 153.138
5.08 9.68 0.058 151.961
5.1 9.774 0.057 152.118
5.12 9.831 0.058 152.632
5.14 9.803 0.058 152.735
5.16 9.774 0.059 153.052
5.18 9.846 0.06 153.594
5.2 10.015 0.061 154.348
5.22 10.184 0.061 154.885
5.24 10.359 0.063 155.849
5.26 10.49 0.063 156.296
5.28 10.474 0.065 156.834
5.3 10.325 0.066 156.875
5.32 10.21 0.067 156.982
5.34 10.288 0.068 157.512
5.36 10.379 0.069 158.068
5.38 10.37 0.068 158.02
5.4 10.271 0.068 157.965
5.42 10.039 0.069 157.799
5.44 9.987 0.069 157.843
5.46 10.235 0.069 158.563
5.48 10.483 0.068 159.079
5.5 10.483 0.067 159.044
5.52 10.966 0.067 160.241
5.54 11.18 0.066 160.648
5.56 11.083 0.065 160.403
5.58 10.928 0.064 160.032
5.6 10.732 0.064 159.774
5.62 10.578 0.063 159.391
5.64 10.375 0.062 158.892
5.66 10.153 0.063 158.765
5.68 9.982 0.065 158.946
5.7 9.851 0.066 159
5.72 9.774 0.067 159.175
5.74 9.828 0.066 159.256
5.76 9.988 0.065 159.579
5.78 10.148 0.064 159.892
5.8 10.394 0.064 160.599
5.82 10.613 0.063 161.025
5.84 10.764 0.062 161.292
5.86 10.886 0.062 161.707
5.88 11.054 0.061 161.998
5.9 11.205 0.062 162.689
5.92 11.286 0.056 161.636
5.94 10.8 0.054 160.28
5.96 11.256 0.055 161.634
5.98 11.344 0.057 162.449
6 11.418 0.059 163.219
6.02 11.423 0.061 163.835
6.04 11.463 0.062 164.29
6.06 11.545 0.065 165.259
6.08 11.641 0.066 165.818
6.1 11.741 0.066 166.174
6.12 11.874 0.067 166.804
6.14 12.034 0.066 167.068
6.16 12.133 0.067 167.626
6.18 12.167 0.067 167.845
6.2 12.073 0.067 167.808
6.22 12.269 0.067 168.349
6.24 12.647 0.067 169.237
6.26 12.971 0.066 169.793
6.28 13.091 0.068 170.592
6.3 12.76 0.066 169.693
6.32 13.238 0.062 169.858
6.34 14.074 0.051 168.749
6.36 12.266 0.06 167.84
6.38 12.416 0.053 166.552
6.4 12.253 0.043 163.511
6.42 12.195 0.036 161.141
6.44 10.675 0.037 158.58
6.46 10.535 0.036 158.054
6.48 10.017 0.032 155.514
6.5 10.338 0.028 154.629
6.52 10.37 0.032 156.559
6.54 10.37 0.031 156.279
6.56 10.373 0.025 153.644
6.58 10.446 0.021 151.713
6.6 11.003 0.02 152.361
6.62 11.749 0.02 153.937
6.64 12.366 0.022 156.441
6.66 13.498 0.02 157.307
6.68 14.612 0.016 156.317
6.7 14.882 0.016 156.86
6.72 12.952 0.016 153.881
6.74 14.89 0.017 157.927
6.76 14.77 0.014 155.343
6.78 14.692 0.016 157.088
6.8 13.939 0.015 155.194
6.82 13.717 0.017 156.584
6.84 13.635 0.016 155.789
6.86 13.011 0.015 154.038
6.88 12.528 0.019 156.37
6.9 12.257 0.021 157.309
6.92 11.785 0.021 156.548
6.94 12.328 0.018 155.684
6.96 12.136 0.017 154.719
6.98 13.446 0.016 156.354
7 13.772 0.022 161.235
7.02 14.368 0.018 159.663
7.04 14.398 0.016 158.278
7.06 13.992 0.028 165.271
7.08 13.635 0.023 162.111
7.1 12.526 0.037 166.735
7.12 12.121 0.041 167.502
7.14 12.051 0.043 168.158
7.16 11.973 0.045 168.769
7.18 11.941 0.048 169.744
7.2 11.908 0.051 170.666
7.22 11.911 0.054 171.618
7.24 11.936 0.05 170.705
7.26 11.973 0.048 170.333
7.28 12.081 0.047 170.385
7.3 12.081 0.047 170.515
7.32 12.288 0.046 170.757
7.34 12.578 0.046 171.462
7.36 12.837 0.046 172.096
7.38 12.983 0.046 172.506
7.4 13.016 0.048 173.312
7.42 13.047 0.05 174.092
7.44 13.053 0.051 174.521
7.46 13.047 0.026 165.12
7.48 12.756 0.035 168.831
7.5 12.464 0.042 170.968
7.52 12.75 0.046 172.958
7.54 12.797 0.049 174.09
7.56 12.84 0.052 175.167
7.58 12.837 0.054 175.841
7.6 12.839 0.055 176.243
7.62 12.807 0.057 176.833
7.64 12.729 0.057 176.806
7.66 12.668 0.058 177.068
7.68 12.703 0.059 177.519
7.7 12.965 0.059 178.171
7.72 13.354 0.058 178.805
7.74 13.725 0.058 179.642
7.76 14.07 0.059 180.671
7.78 14.269 0.06 181.42
7.8 14.42 0.062 182.322
7.82 14.572 0.063 182.971
7.84 14.736 0.065 183.873
7.86 14.836 0.068 184.876
7.88 14.866 0.069 185.285
7.9 14.851 0.07 185.611
7.92 14.856 0.073 186.4
7.94 14.92 0.075 187.066
7.96 14.93 0.077 187.626
7.98 14.836 0.078 187.787
8 14.531 0.08 187.752
8.02 14.082 0.082 187.42
8.04 13.626 0.083 186.851
8.06 13.31 0.086 186.901
8.08 13.296 0.086 187.001
8.1 13.421 0.086 187.382
8.12 13.477 0.085 187.441
8.14 13.244 0.084 186.914
8.16 12.848 0.083 186.04
8.18 12.54 0.082 185.331
8.2 12.281 0.084 185.271
8.22 10.769 0.078 180.804
8.24 11.535 0.074 181.927
8.26 11.347 0.072 181.205
8.28 10.993 0.071 180.292
8.3 10.807 0.07 179.758
8.32 10.716 0.07 179.659
8.34 10.545 0.071 179.575
8.36 10.256 0.071 178.977
8.38 10.047 0.073 178.979
8.4 10.053 0.073 179.113
8.42 10.093 0.073 179.334
8.44 9.789 0.073 178.663
8.46 9.406 0.069 176.925
8.48 8.871 0.064 174.459
8.5 8.159 0.058 171.076
8.52 7.47 0.05 166.952
8.54 7.136 0.045 164.516
8.56 6.875 0.042 162.805
8.58 6.353 0.046 162.292
8.6 6.093 0.05 162.547
8.62 5.637 0.051 161.105
8.64 5.248 0.055 160.563
8.66 4.901 0.064 161.11
8.68 4.733 0.073 162.171
8.7 4.996 0.076 164.093
8.72 5.2 0.07 164.02
8.74 5.082 0.064 162.368
8.76 4.747 0.056 159.106
8.78 4.543 0.059 158.892
8.8 4.892 0.064 161.787
8.82 5.872 0.068 167.043
8.84 6.816 0.069 170.983
8.86 7.238 0.066 171.939
8.88 7.112 0.051 167.971
8.9 6.794 0.041 163.968
8.92 6.946 0.036 162.822
8.94 7.581 0.034 164.206
8.96 8.233 0.033 165.859
8.98 4.266 0.017 142.865
9 6.356 0.021 154.086
9.02 7.275 0.024 158.965
9.04 7.794 0.026 161.723
9.06 8.054 0.027 163.1
9.08 8.147 0.023 161.304
9.1 7.89 0.02 158.802
9.12 7.521 0.019 157.135
9.14 6.95 0.018 154.755
9.16 6.318 0.019 153.427
9.18 5.637 0.024 153.983
9.2 4.915 0.031 154.316
9.22 4.494 0.039 155.371
9.24 4.803 0.048 159.695
9.26 5.112 0.058 163.791
9.28 5.45 0.06 165.874
9.3 5.693 0.068 168.768
9.32 6.131 0.073 171.691
9.34 7.183 0.072 175.555
9.36 8.84 0.07 180.565
9.38 10.498 0.069 184.979
9.4 11.88 0.065 187.48
9.42 12.814 0.056 187.31
9.44 13.23 0.053 187.424
9.46 13.458 0.047 186.126
9.48 13.725 0.042 185.023
9.5 13.794 0.043 185.629
9.52 13.881 0.046 186.951
9.54 13.939 0.05 188.476
9.56 14.05 0.052 189.418
9.58 13.807 0.053 189.353
9.6 13.904 0.054 189.949
9.62 13.268 0.064 191.469
9.64 12.212 0.069 190.494
9.66 11.054 0.07 188.114
9.68 10.129 0.071 186.088
9.7 5.266 0.071 169.457
9.72 6.455 0.068 173.972
9.74 7.184 0.068 176.774
9.76 8.129 0.068 180.051
9.78 8.923 0.067 182.362
9.8 8.865 0.063 181.363
9.82 8.155 0.061 178.817
9.84 6.922 0.059 174.26
9.86 5.598 0.057 168.625
9.88 4.906 0.062 166.706
9.9 4.731 0.062 165.93
9.92 4.3 0.06 163.309
9.94 3.735 0.059 159.895
9.96 3.129 0.06 156.176
9.98 2.523 0.068 153.079
10 2.115 0.075 150.545
10.02 1.762 0.078 147.199
10.04 2.312 0.072 152.14
10.06 5.163 0.064 169.228
10.08 9.07 0.054 181.055
10.1 12.977 0.046 188.217
10.12 15.46 0.041 191.288
10.14 16.821 0.041 193.733
10.16 17.69 0.044 196.4
10.18 18.333 0.051 199.962
10.2 18.731 0.06 203.423
10.22 18.884 0.07 206.402
10.24 18.897 0.08 208.842
10.26 18.761 0.091 210.988
10.28 18.516 0.102 212.713
10.3 18.227 0.111 213.846
10.32 17.838 0.116 214.081
10.34 17.159 0.121 213.751
10.36 16.177 0.127 212.915
10.38 14.985 0.131 211.238
10.4 13.925 0.136 209.783
10.42 13.228 0.139 208.727
10.44 13.033 0.141 208.64
10.46 13.098 0.138 208.527
10.48 13.31 0.131 208.217
10.5 13.436 0.123 207.52
10.52 13.175 0.118 206.33
10.54 11.349 0.102 199.617
10.56 12.309 0.093 200.524
10.58 12.089 0.09 199.564
10.6 11.443 0.089 197.912
10.62 10.983 0.097 198.264
10.64 10.524 0.1 197.652
10.66 13.463 0.099 204.723
10.68 15.711 0.098 209.259
10.7 17.118 0.097 211.789
10.72 17.806 0.096 212.921
10.74 18.09 0.088 211.977
10.76 17.872 0.076 209.15
10.78 17.825 0.072 208.24
10.8 17.946 0.074 209.026
10.82 17.761 0.079 209.961
10.84 17.499 0.085 210.9
10.86 17.181 0.095 212.409
10.88 16.977 0.106 214.095
10.9 16.895 0.115 215.511
10.92 16.854 0.121 216.46
10.94 16.777 0.125 217.013
10.96 16.918 0.125 217.385
10.98 17.035 0.124 217.566
11 16.697 0.124 217.049
11.02 15.805 0.125 215.592
11.04 14.762 0.127 213.873
11.06 13.917 0.129 212.448
11.08 13.194 0.13 211.064
11.1 13.194 0.131 211.305
11.12 12.369 0.13 209.32
11.14 11.431 0.128 206.793
11.16 10.214 0.126 203.303
11.18 9.35 0.122 200.293
11.2 9.235 0.119 199.622
11.22 9.699 0.114 200.419
11.24 10.163 0.108 200.966
11.26 10.195 0.098 199.537
11.28 9.883 0.086 196.596
11.3 5.824 0.07 179.175
11.32 7.168 0.059 182.096
11.34 7.379 0.051 180.743
11.36 6.844 0.049 178.288
11.38 5.813 0.051 174.811
11.4 4.689 0.063 172.575
11.42 3.761 0.08 170.62
11.44 3.125 0.091 168.001
11.46 3.832 0.09 172.933
11.48 7.056 0.084 187.834
11.5 10.28 0.074 196.308
11.52 13.352 0.068 202.509
11.54 14.744 0.062 203.948
11.56 15.446 0.061 205.139
11.58 15.647 0.064 206.443
11.6 15.801 0.07 208.382
11.62 16.207 0.076 210.681
11.64 16.869 0.079 212.685
11.66 17.219 0.082 214.079
11.68 17.42 0.085 215.182
11.7 17.442 0.088 215.946
11.72 17.466 0.09 216.495
11.74 17.497 0.088 216.249
11.76 17.485 0.088 216.33
11.78 17.663 0.089 216.952
11.8 17.973 0.09 217.801
11.82 18.397 0.093 219.233
11.84 18.736 0.097 220.686
11.86 18.821 0.102 221.859
11.88 18.637 0.109 222.877
11.9 18.389 0.118 224.025
11.92 18.062 0.127 224.923
11.94 17.563 0.135 225.264
11.96 17.068 0.141 225.256
11.98 16.793 0.145 225.358
12 16.712 0.146 225.435
12.02 16.698 0.144 225.253
12.04 16.804 0.142 225.3
12.06 17.12 0.131 224.499
12.08 17.548 0.12 223.763
12.1 17.975 0.114 223.686
12.12 19.368 0.109 225.365
12.14 20.782 0.106 227.239
12.16 21.858 0.104 228.639
12.18 21.945 0.106 229.237
12.2 21.728 0.11 229.721
12.22 21.663 0.108 229.376
12.24 21.045 0.112 229.218
12.26 20.642 0.112 228.685
12.28 20.642 0.117 229.621
12.3 20.903 0.118 230.304
12.32 21.777 0.126 233.04
12.34 21.742 0.131 233.847
12.36 21.099 0.136 233.67
12.38 21.024 0.139 234.08
12.4 21.054 0.144 234.923
12.42 21.349 0.148 236.037
12.44 22.089 0.155 238.218
12.46 22.768 0.153 239.107
12.48 23.073 0.155 239.932
12.5 23.235 0.161 241.041
12.52 23.639 0.166 242.364
12.54 24.388 0.172 244.283
12.56 25.045 0.175 245.682
12.58 25.581 0.179 247.005
12.6 25.745 0.184 247.91
12.62 25.631 0.19 248.523
12.64 25.365 0.198 249.113
12.66 25.073 0.203 249.324
12.68 24.87 0.206 249.446
12.7 24.721 0.208 249.54
12.72 24.488 0.209 249.408
12.74 24.357 0.208 249.225
12.76 24.08 0.206 248.723
12.78 23.753 0.203 248.039
12.8 23.519 0.102 234.003
12.82 23.06 0.133 238.653
12.84 22.601 0.144 239.645
12.86 23.142 0.151 241.519
12.88 23.42 0.155 242.566
12.9 23.69 0.158 243.46
12.92 24.035 0.161 244.455
12.94 24.36 0.164 245.41
12.96 24.399 0.17 246.307
12.98 24.424 0.175 247.044
13 24.389 0.179 247.564
13.02 24.382 0.182 248.002
13.04 24.114 0.185 248.051
13.06 23.638 0.187 247.666
13.08 22.997 0.188 246.902
13.1 22.195 0.19 245.964
13.12 21.429 0.189 244.72
13.14 20.621 0.187 243.257
13.16 20.145 0.183 242.107
13.18 19.692 0.179 240.974
13.2 19.485 0.174 240.142
13.22 19.487 0.168 239.546
13.24 19.571 0.162 239.071
13.26 19.445 0.159 238.578
13.28 19.104 0.156 237.693
13.3 18.693 0.154 236.795
13.32 18.236 0.153 235.923
13.34 17.678 0.153 234.968
13.36 17.253 0.152 234.115
13.38 16.818 0.151 233.225
13.4 16.311 0.152 232.423
13.42 15.661 0.152 231.162
13.44 15.165 0.151 230.062
13.46 14.714 0.149 228.905
13.48 14.427 0.147 228.094
13.5 13.998 0.144 226.809
13.52 13.726 0.14 225.732
13.54 13.518 0.135 224.648
13.56 13.588 0.131 224.346
13.58 13.831 0.127 224.431
13.6 14.3 0.124 225.156
13.62 15.152 0.129 227.881
13.64 13.958 0.106 221.644
13.66 16.078 0.094 224.045
13.68 17.272 0.092 226.055
13.7 18.514 0.094 228.829
13.72 19.762 0.096 231.487
13.74 20.706 0.099 233.74
13.76 21.543 0.106 236.513
13.78 22.13 0.112 238.617
13.8 22.56 0.119 240.586
13.82 23.082 0.128 242.946
13.84 23.649 0.138 245.426
13.86 24.395 0.146 247.784
13.88 25.013 0.152 249.613
13.9 25.41 0.16 251.35
13.92 25.539 0.167 252.532
13.94 25.511 0.175 253.578
13.96 25.574 0.183 254.715
13.98 25.574 0.189 255.501
14 25.712 0.194 256.358
14.02 25.797 0.198 257.017
14.04 26.065 0.202 257.931
14.06 26.316 0.205 258.706
14.08 26.347 0.208 259.166
14.1 26.517 0.21 259.715
14.12 26.729 0.212 260.321
14.14 26.944 0.214 260.927
14.16 27.135 0.217 261.598
14.18 27.436 0.216 262.016
14.2 27.496 0.217 262.302
14.22 27.987 0.219 263.276
14.24 28.506 0.22 264.176
14.26 28.904 0.22 264.808
14.28 28.866 0.221 264.961
14.3 28.837 0.22 264.925
14.32 28.717 0.223 265.168
14.34 28.796 0.112 250.598
14.36 28.04 0.156 256.717
14.38 27.285 0.163 256.745
14.4 28.642 0.169 259.425
14.42 29.046 0.174 260.68
14.44 29.302 0.18 261.848
14.46 29.462 0.187 262.988
14.48 29.615 0.194 264.091
14.5 29.612 0.205 265.404
14.52 29.105 0.213 265.691
14.54 28.203 0.219 265.203
14.56 27.213 0.222 264.242
14.58 26.748 0.224 263.884
14.6 26.775 0.223 263.925
14.62 26.942 0.218 263.763
14.64 26.911 0.212 263.208
14.66 26.991 0.207 262.898
14.68 27.237 0.204 263.022
14.7 27.35 0.204 263.278
14.72 27.581 0.204 263.697
14.74 27.591 0.203 263.703
14.76 27.746 0.204 264.123
14.78 27.7 0.206 264.374
14.8 27.545 0.207 264.366
14.82 27.148 0.206 263.807
14.84 26.882 0.206 263.532
14.86 26.918 0.206 263.681
14.88 26.863 0.207 263.808
14.9 26.466 0.205 263.129
14.92 25.94 0.204 262.361
14.94 25.761 0.202 261.982
14.96 25.531 0.201 261.633
14.98 25.318 0.199 261.197
15 25.071 0.197 260.706
15.02 24.933 0.194 260.263
15.04 25.267 0.191 260.521
15.06 25.3 0.19 260.552
15.08 25.249 0.188 260.343
15.1 25.379 0.187 260.516
15.12 25.566 0.186 260.772
15.14 25.711 0.185 260.963
15.16 25.869 0.185 261.289
15.18 26.199 0.185 261.862
15.2 26.654 0.181 262.131
15.22 26.034 0.164 259.204
15.24 25.413 0.16 257.869
15.26 26.989 0.162 260.476
15.28 27.11 0.167 261.4
15.3 26.672 0.174 261.775
15.32 26.321 0.18 262.109
15.34 26.46 0.186 263.12
15.36 27.311 0.191 265.002
15.38 28.38 0.192 266.683
15.4 29.022 0.192 267.641
15.42 28.989 0.193 267.809
15.44 28.517 0.203 268.399
15.46 27.884 0.207 268.064
15.48 27.874 0.212 268.679
15.5 28.095 0.216 269.5
15.52 28.281 0.219 270.163
15.54 28.385 0.219 270.403
15.56 28.324 0.216 270.105
15.58 28.522 0.214 270.264
15.6 28.702 0.212 270.394
15.62 28.88 0.211 270.625
15.64 28.88 0.211 270.721
15.66 29.279 0.211 271.353
15.68 29.387 0.211 271.593
15.7 29.852 0.211 272.304
15.72 30.569 0.211 273.333
15.74 30.786 0.214 274.03
15.76 30.786 0.215 274.233
15.78 30.952 0.218 274.859
15.8 30.238 0.109 258.677
15.82 24.308 0.145 256.786
15.84 18.378 0.161 248.895
15.86 29.858 0.174 268.735
15.88 30.403 0.183 270.664
15.9 30.997 0.19 272.363
15.92 31.417 0.194 273.461
15.94 31.798 0.199 274.612
15.96 32.022 0.207 275.889
15.98 31.945 0.213 276.546
16 32.137 0.218 277.416
16.02 32.172 0.221 277.872
16.04 32.436 0.223 278.504
16.06 32.366 0.225 278.721
16.08 32.139 0.225 278.535
16.1 31.856 0.227 278.481
16.12 31.512 0.23 278.446
16.14 31.149 0.231 278.178
16.16 30.947 0.231 278.014
16.18 30.582 0.231 277.635
16.2 30.376 0.228 277.158
16.22 30.334 0.225 276.893
16.24 30.576 0.223 277.099
16.26 30.704 0.22 277.048
16.28 30.761 0.216 276.794
16.3 30.819 0.214 276.749
16.32 30.826 0.211 276.528
16.34 31.104 0.212 277.089
16.36 30.99 0.215 277.36
16.38 30.441 0.216 276.848
16.4 29.677 0.216 275.93
16.42 29.038 0.217 275.266
16.44 28.491 0.219 274.816
16.46 27.849 0.218 273.903
16.48 27.185 0.214 272.625
16.5 26.667 0.21 271.536
16.52 26.188 0.205 270.377
16.54 25.869 0.2 269.437
16.56 25.732 0.195 268.754
16.58 25.622 0.19 268.099
16.6 25.557 0.188 267.855
16.62 25.39 0.186 267.453
16.64 24.909 0.186 266.807
16.66 24.512 0.186 266.279
16.68 24.241 0.187 266.061
16.7 23.98 0.188 265.853
16.72 23.804 0.187 265.541
16.74 23.79 0.185 265.37
16.76 24.442 0.092 251.446
16.78 22.816 0.134 256.964
16.8 21.19 0.14 255.255
16.82 24.92 0.147 262.435
16.84 24.954 0.152 263.305
16.86 24.77 0.158 263.96
16.88 24.539 0.163 264.375
16.9 24.472 0.169 265.154
16.92 24.663 0.175 266.311
16.94 24.993 0.179 267.411
16.96 24.952 0.181 267.683
16.98 24.712 0.183 267.643
17 24.653 0.185 267.88
17.02 24.846 0.188 268.628
17.04 25.404 0.191 269.932
17.06 26.202 0.192 271.343
17.08 26.823 0.192 272.349
17.1 26.572 0.192 272.069
17.12 26.374 0.191 271.746
17.14 26.655 0.194 272.603
17.16 26.93 0.198 273.558
17.18 26.568 0.199 273.229
17.2 26.348 0.197 272.761
17.22 26.47 0.196 272.915
17.24 26.526 0.196 273.086
17.26 26.36 0.197 273.043
17.28 26.184 0.198 272.982
17.3 26.26 0.193 272.604
17.32 26.702 0.192 273.229
17.34 27.204 0.191 273.932
17.36 27.392 0.189 274.051
17.38 27.072 0.189 273.676
17.4 26.951 0.186 273.223
17.42 26.74 0.184 272.755
17.44 26.853 0.183 272.884
17.46 26.625 0.179 272.135
17.48 25.928 0.185 271.929
17.5 25.035 0.161 267.535
17.52 24.206 0.14 263.247
17.54 23.378 0.129 260.236
17.56 22.724 0.127 258.92
17.58 21.97 0.133 258.738
17.6 20.998 0.138 257.93
17.62 19.827 0.148 257.382
17.64 18.74 0.155 256.365
17.66 18.213 0.159 255.937
17.68 18.495 0.159 256.584
17.7 18.559 0.153 255.972
17.72 18.409 0.148 255.047
17.74 18.198 0.143 253.977
17.76 17.706 0.135 251.847
17.78 16.968 0.13 249.601
17.8 16.246 0.127 247.639
17.82 15.582 0.127 246.232
17.84 14.708 0.123 243.62
17.86 13.483 0.118 239.834
17.88 12.787 0.113 237.228
17.9 12.437 0.108 235.467
17.92 12.354 0.106 234.948
17.94 12.379 0.101 234.146
17.96 12.698 0.096 234.087
17.98 13.471 0.095 235.955
18 14.781 0.093 238.78
18.02 14.606 0.094 238.657
18.04 14.361 0.095 238.36
18.06 15.16 0.101 241.527
18.08 18.224 0.102 248.295
18.1 22.209 0.111 257.35
18.12 24.399 0.116 261.897
18.14 25.209 0.122 264.319
18.16 25.098 0.121 264.051
18.18 24.63 0.119 263.052
18.2 23.86 0.128 263.525
18.22 23.268 0.141 264.776
18.24 22.666 0.147 264.775
18.26 22.175 0.153 264.902
18.28 21.725 0.161 265.324
18.3 20.942 0.167 264.811
18.32 20.413 0.171 264.437
18.34 20.322 0.175 264.857
18.36 20.202 0.173 264.458
18.38 18.668 0.158 259.581
18.4 21.975 0.148 264.387
18.42 23.529 0.137 265.372
18.44 25.264 0.131 267.188
18.46 26.815 0.129 269.226
18.48 27.69 0.129 270.556
18.5 28.063 0.136 272.354
18.52 28.077 0.145 273.912
18.54 28.015 0.156 275.578
18.56 28.461 0.17 278.271
18.58 29.272 0.181 280.944
18.6 29.625 0.191 282.776
18.62 29.361 0.199 283.463
18.64 29.223 0.205 284.056
18.66 29.341 0.212 285.101
18.68 29.935 0.217 286.565
18.7 30.261 0.222 287.643
18.72 30.159 0.226 288.016
18.74 30.95 0.229 289.495
18.76 31.145 0.231 290.053
18.78 31.95 0.233 291.416
18.8 32.354 0.234 292.134
18.82 32.038 0.235 291.911
18.84 31.689 0.238 291.845
18.86 31.484 0.242 292.063
18.88 31.111 0.245 291.947
18.9 31.104 0.248 292.32
18.92 31.159 0.25 292.676
18.94 31.172 0.249 292.682
18.96 30.898 0.248 292.298
18.98 30.663 0.246 291.865
19 30.93 0.244 292.117
19.02 31.376 0.24 292.403
19.04 31.82 0.236 292.671
19.06 32.37 0.118 277.034
19.08 29.587 0.166 281.43
19.1 24.255 0.17 274.113
19.12 31.931 0.176 286.091
19.14 32.479 0.183 287.809
19.16 32.242 0.192 288.74
19.18 31.868 0.199 289.199
19.2 31.948 0.206 290.221
19.22 32.455 0.216 292.114
19.24 32.625 0.223 293.195
19.26 32.987 0.227 294.181
19.28 33.121 0.227 294.438
19.3 32.855 0.227 294.181
19.32 32.724 0.228 294.204
19.34 32.162 0.23 293.769
19.36 31.704 0.232 293.458
19.38 31.082 0.232 292.706
19.4 30.45 0.231 291.82
19.42 29.742 0.23 290.812
19.44 29.383 0.229 290.282
19.46 29.226 0.227 289.929
19.48 29.065 0.224 289.461
19.5 29.185 0.219 289.171
19.52 29.737 0.215 289.591
19.54 30.152 0.211 289.799
19.56 30.59 0.21 290.369
19.58 30.346 0.211 290.232
19.6 29.933 0.212 289.856
19.62 29.345 0.216 289.561
19.64 28.686 0.22 289.138
19.66 28.179 0.223 288.803
19.68 28.103 0.225 288.987
19.7 28.231 0.223 289.043
19.72 28.582 0.223 289.64
19.74 29.261 0.219 290.265
19.76 29.803 0.215 290.669
19.78 30.413 0.211 291.145
19.8 31.024 0.209 291.831
19.82 31.473 0.209 292.518
19.84 31.999 0.21 293.415
19.86 32.184 0.213 294.088
19.88 32.384 0.218 295.002
19.9 32.479 0.227 296.204
19.92 29.81 0.216 291.444
19.94 15.088 0.196 262.168
19.96 31.337 0.192 290.848
19.98 30.915 0.195 290.736
20 30.915 0.198 291.186
