0.02 0.9091 0.0336 22.1583
0.04 0.8591 0.0325 26.5755
0.06 0.7979 0.0325 29.4316
0.0800001 0.7815 0.0312 31.6791
0.1 0.7858 0.0323 33.8305
0.12 0.8082 0.0354 36.0073
0.14 0.822 0.0371 37.8229
0.16 0.8557 0.0392 39.6624
0.18 0.8496 0.0382 40.8525
0.2 0.8151 0.038 41.7981
0.22 0.8151 0.0382 42.9392
0.24 1.136 0.0402 46.3407
0.26 1.5681 0.0401 49.6245
0.28 3.1544 0.0337 55.2167
0.3 4.8303 0.025 58.3792
0.32 5.893 0.0197 59.9622
0.34 2.6515 0.0568 59.3627
0.36 3.4744 0.0477 61.803
0.38 2.4014 0.077 61.9071
0.4 2.2357 0.0835 62.5735
0.42 2.3979 0.0787 63.7561
0.44 2.3677 0.0795 64.5225
0.46 2.1918 0.0772 64.4451
0.48 2.3073 0.0448 62.7879
0.5 2.3755 0.0336 62.2632
0.52 2.4108 0.0287 62.2578
0.54 2.435 0.0266 62.6079
0.56 2.4626 0.0276 63.5416
0.58 2.5066 0.0186 62.2505
0.6 2.5601 0.0145 61.7389
0.62 2.6342 0.0139 62.3412
0.640001 2.7153 0.0145 63.3916
0.660001 2.9008 0.015 64.7298
0.680001 2.9931 0.0155 65.7434
0.700001 3.0793 0.0161 66.7575
0.720001 3.1716 0.0165 67.7072
0.740001 3.2562 0.0174 68.7873
0.760001 3.339 0.0181 69.7788
0.780001 3.4209 0.0187 70.7219
0.800001 3.5046 0.0194 71.6886
0.820001 3.6874 0.0203 72.9877
0.840001 3.7927 0.0208 73.9263
0.860001 3.9022 0.0217 74.9809
0.880001 4.023 0.0224 75.9941
0.900001 4.1325 0.0236 77.1007
0.920001 4.261 0.0239 77.998
0.940001 4.3982 0.0246 79.0141
0.960001 4.5526 0.0255 80.113
0.980001 4.8838 0.0261 81.5501
1 5.0632 0.0266 82.5667
1.02 0.8565 0.0165 61.7755
1.04 5.4746 0.0193 82.1929
1.06 5.7222 0.0215 83.9075
1.08 5.9741 0.0232 85.4086
1.1 6.2346 0.0251 86.9421
1.12 6.4942 0.0267 88.3466
1.14 6.7616 0.0281 89.6803
1.16 7.3162 0.0293 91.4614
1.18 7.5551 0.0301 92.5304
1.2 7.6561 0.0314 93.4699
1.22 7.6095 0.0331 94.2304
1.24 7.5189 0.0353 95.0014
1.26 7.4525 0.0363 95.5249
1.28 7.4042 0.0364 95.8762
1.3 7.3429 0.0374 96.3922
1.32 7.2714 0.0382 96.8363
1.34 7.2791 0.0386 97.3411
1.36 7.2334 0.0387 97.6753
1.38 7.1558 0.0388 97.9413
1.4 7.1092 0.0392 98.3253
1.42 7.1083 0.0385 98.5641
1.44 7.0807 0.0378 98.7418
1.46 6.7745 0.0374 98.405
1.48 6.5718 0.037 98.2588
1.5 6.3881 0.0371 98.2464
1.52 6.2104 0.0373 98.253
1.54 6.0388 0.0372 98.1917
1.56 5.8887 0.0373 98.21
1.58 5.7662 0.0373 98.2605
1.6 5.3608 0.0301 95.8493
1.62 5.2754 0.0303 96.0116
1.64 5.1089 0.03 95.8165
1.66 4.889 0.0298 95.4796
1.68 4.6475 0.0292 94.9409
1.7 4.3628 0.0282 94.1173
1.72 3.8832 0.0285 92.9354
1.74 2.6455 0.0289 88.3239
1.76 2.0477 0.0291 85.4454
1.78 1.575 0.0299 82.7216
1.8 1.2878 0.0334 81.3537
1.82 1.1524 0.0367 80.9411
1.84 1.1541 0.0369 81.2413
1.86 1.1498 0.0353 81.1422
1.88 1.0894 0.0322 80.1387
1.9 1.0178 0.0273 78.5061
1.92 0.9505 0.0213 76.3698
1.94 0.9212 0.013 73.1769
1.96 0.9954 0.0107 73.0166
1.98 1.0747 0.0109 74.1498
2 1.2024 0.0111 75.6837
2.02 1.3352 0.012 77.5483
2.04 1.5379 0.0137 80.2394
2.06 1.8364 0.0177 84.3171
2.08 2.4246 0.0254 90.6797
2.1 2.4893 0.0222 90.2499
2.12 2.159 0.0201 87.922
2.14 1.8761 0.025 87.9692
2.16 1.7803 0.028 88.363
2.18 1.8321 0.0281 88.9827
2.2 1.958 0.0236 88.7684
2.22 2.046 0.0223 89.136
2.24 1.9071 0.0237 88.9077
2.26 1.6803 0.0288 88.9482
2.28 1.6492 0.0288 88.9268
2.3 2.78 0.0254 95.1049
2.32 5.5212 0.0333 107.633
2.34 7.4999 0.0239 109.686
2.36 8.1356 0.0201 109.65
2.38 8.4953 0.0184 109.784
2.4 8.7222 0.0175 109.999
2.42 8.7075 0.0196 111.27
2.44 8.2314 0.0165 109.052
2.46 8.2624 0.0201 111.17
2.48 8.2184 0.0246 113.222
2.5 8.1365 0.0293 114.972
2.52 8.0408 0.0336 116.349
2.54 7.7768 0.0383 117.317
2.56 7.3274 0.0396 116.893
2.58 6.8047 0.0412 116.287
2.6 6.3027 0.0446 116.021
2.62 6.0094 0.0451 115.581
2.64 5.7576 0.0469 115.489
2.66 5.5592 0.0499 115.744
2.68 5.7162 0.055 117.398
2.7 7.4766 0.0569 122.624
2.72 9.6037 0.0562 127.256
2.74 10.7104 0.0529 128.883
2.76 11.4763 0.0497 129.759
2.78 11.6885 0.052 130.855
2.8 11.547 0.0524 130.97
2.82 11.1347 0.0411 127.932
2.84 9.6089 0.0205 118.436
2.86 10.2084 0.0208 119.851
2.88 10.5896 0.0259 122.941
2.9 11.3228 0.0314 126.38
2.92 12.9832 0.0356 130.497
2.94 13.254 0.0363 131.347
2.96 13.4645 0.0356 131.68
2.98 14.0105 0.0357 132.715
3 14.2236 0.0388 134.178
3.02 13.9303 0.0373 133.585
3.04 13.4084 0.0353 132.487
3.06 13.2515 0.0366 132.903
3.08 13.6603 0.0388 134.379
3.1 14.2132 0.0361 134.583
3.12 14.208 0.0346 134.341
3.14 14.1235 0.0319 133.558
3.16 13.8432 0.0332 133.853
3.18 13.4869 0.0315 133.002
3.2 13.1756 0.0332 133.369
3.22 13.0315 0.0303 132.378
3.24 12.7365 0.03 132.061
3.26 12.3794 0.0311 132.141
3.28 11.9274 0.0325 132.142
3.3 11.3883 0.0322 131.386
3.32 10.8906 0.0276 129.096
3.34 10.6741 0.0279 129.055
3.36 10.6215 0.0285 129.406
3.38 10.5473 0.0292 129.75
3.4 10.2558 0.0283 129.103
3.42 10.0919 0.0267 128.391
3.44 9.7374 0.0244 126.984
3.46 9.2501 0.023 125.632
3.48 8.924 0.0233 125.32
3.5 8.5074 0.0214 123.78
3.52 7.3705 0.0193 120.402
3.54 6.6736 0.0182 118.301
3.56 5.956 0.0169 115.844
3.58 5.3254 0.0175 114.502
3.6 4.6414 0.0211 114.195
3.62 4.2015 0.0278 115.36
3.64 4.1506 0.0359 117.814
3.66 4.5828 0.0428 121.452
3.68 5.1426 0.0517 125.631
3.7 6.1354 0.0469 128.017
3.72 10.1264 0.0449 137.303
3.74 11.0105 0.0544 141.416
3.76 11.7118 0.0488 141.605
3.78 12.5994 0.0431 141.84
3.8 13.2747 0.0356 140.862
3.82 14.0027 0.0283 139.468
3.84 14.3711 0.0311 141.299
3.86 14.6799 0.0304 141.668
3.88 15.0085 0.0326 143.155
3.9 15.4958 0.0356 145.079
3.92 15.5415 0.0415 147.214
3.94 15.3854 0.0339 144.751
3.96 16.6793 0.0388 148.307
3.98 15.1948 0.0596 151.862
4 15.0033 0.0608 152.049
4.02 15.7046 0.05 150.791
4.04 15.2897 0.0464 149.486
4.06 15.0024 0.0456 149.067
4.08 14.9171 0.0622 153.051
4.1 14.635 0.0418 147.867
4.12 14.5142 0.0389 147.008
4.14 14.8463 0.0373 147.171
4.16 15.2733 0.0363 147.637
4.18 15.5191 0.0354 147.865
4.2 15.5562 0.0367 148.558
4.22 15.4656 0.0386 149.255
4.24 15.0654 0.0348 147.609
4.26 15.0137 0.0363 148.249
4.28 14.8049 0.0381 148.741
4.3 14.7696 0.0421 150.124
4.32 3.1811 0.04 119.99
4.34 14.3616 0.0403 149.361
4.36 14.2598 0.0437 150.41
4.38 10.7932 0.0448 144.98
4.4 14.1666 0.0465 151.43
4.42 14.0717 0.0488 152.084
4.44 13.9967 0.0508 152.667
4.46 13.8984 0.0525 153.122
4.48 13.7638 0.0575 154.261
4.5 13.5352 0.0596 154.54
4.52 13.2739 0.0635 155.113
4.54 13.1169 0.065 155.339
4.56 12.8167 0.065 155.012
4.58 12.6459 0.0647 154.841
4.6 12.4027 0.0649 154.636
4.62 12.1724 0.0659 154.602
4.64 11.9007 0.0613 153.359
4.66 11.7299 0.0608 153.119
4.68 11.6333 0.0734 155.537
4.7 11.5117 0.0621 153.338
4.72 11.7239 0.0609 153.674
4.74 11.7144 0.0591 153.453
4.76 11.6307 0.0583 153.3
4.78 11.4479 0.0595 153.389
4.8 11.183 0.0613 153.431
4.82 10.8975 0.0631 153.406
4.84 10.6707 0.0628 153.058
4.86 10.4412 0.0638 152.955
4.88 10.2334 0.0635 152.627
4.9 10.104 0.0628 152.381
4.92 9.9763 0.0608 151.865
4.94 9.9289 0.059 151.552
4.96 10.1014 0.0577 151.818
4.98 10.2817 0.056 151.997
5 10.4637 0.054 152.09
5.02 10.694 0.0527 152.428
5.04 10.9847 0.0513 152.844
5.06 11.3564 0.0509 153.647
5.08 11.7627 0.0517 154.797
5.1 12.2026 0.0524 155.962
5.12 12.5821 0.0532 157.02
5.14 12.8486 0.0543 157.934
5.16 12.344 0.0481 155.618
5.18 12.6468 0.0521 157.372
5.2 12.4959 0.0547 157.907
5.22 12.3863 0.0585 158.76
5.24 12.3285 0.06 159.157
5.26 12.6701 0.061 160.174
5.28 12.9634 0.0596 160.562
5.3 13.2006 0.0576 160.694
5.32 13.4171 0.0556 160.766
5.34 13.5887 0.0546 160.985
5.36 13.7103 0.0534 161.062
5.38 13.7612 0.058 162.427
5.4 13.6387 0.0626 163.42
5.42 13.3826 0.0664 163.944
5.44 13.2204 0.0686 164.269
5.46 13.0177 0.0711 164.561
5.48 12.7167 0.0731 164.553
5.5 12.7356 0.0741 164.942
5.52 13.0384 0.0723 165.329
5.54 13.1048 0.0711 165.386
5.56 13.1549 0.0698 165.389
5.58 13.1618 0.0694 165.487
5.6 13.2204 0.0703 165.936
5.62 13.2816 0.0708 166.309
5.64 13.4826 0.0701 166.696
5.66 13.6931 0.0689 166.993
5.68 13.9035 0.0651 166.735
5.7 13.8984 0.063 166.434
5.72 13.7198 0.0603 165.682
5.74 13.4792 0.0564 164.503
5.76 13.1255 0.0549 163.665
5.78 12.5191 0.0542 162.537
5.8 10.9476 0.0515 158.904
5.82 10.3636 0.0497 157.339
5.84 9.6279 0.0459 154.8
5.86 9.395 0.0425 153.417
5.88 9.0939 0.0378 151.36
5.9 8.8162 0.0323 148.868
5.92 8.8283 0.0256 146.182
5.94 8.9309 0.0204 143.82
5.96 9.0982 0.0164 141.743
5.98 9.0543 0.0131 139.151
6 8.987 0.0132 139.218
6.02 9.0784 0.0141 140.318
6.04 9.4105 0.0134 140.579
6.06 9.6261 0.0126 140.447
6.08 9.9832 0.0133 141.952
6.1 10.0764 0.0134 142.361
6.12 10.0108 0.0151 143.778
6.14 10.1187 0.0144 143.563
6.16 10.0876 0.0125 141.948
6.18 10.0143 0.0145 143.69
6.2 9.3389 0.0173 144.488
6.22 9.3294 0.0155 143.28
6.24 8.8947 0.0181 144.276
6.26 8.497 0.0183 143.587
6.28 7.5819 0.0164 140.092
6.3 7.217 0.0174 139.911
6.32 6.7538 0.0222 141.543
6.34 6.6141 0.0207 140.422
6.36 6.514 0.02 139.836
6.38 6.3993 0.0225 140.975
6.4 6.3338 0.0241 141.697
6.42 6.4623 0.0305 145.045
6.44 6.5839 0.0334 146.665
6.46 6.9315 0.0389 149.77
6.48 7.4585 0.0438 152.992
6.5 8.027 0.0478 155.881
6.52 8.6963 0.0486 158.041
6.54 10.8389 0.048 163.104
6.56 12.275 0.0474 166.02
6.58 10.7526 0.0422 161.454
6.6 14.1606 0.0368 166.221
6.62 14.8886 0.0399 168.697
6.64 15.4941 0.0467 172.049
6.66 15.9952 0.0552 175.407
6.68 16.3946 0.0609 177.624
6.7 16.706 0.0769 181.748
6.72 16.9139 0.0854 183.819
6.74 17.0476 0.0901 185.003
6.76 17.1217 0.0921 185.61
6.78 17.3374 0.0959 186.724
6.8 17.4133 0.0981 187.348
6.82 17.5755 0.0995 187.973
6.84 17.8075 0.1009 188.701
6.86 18.1836 0.1011 189.455
6.88 18.4777 0.1021 190.202
6.9 18.4647 0.1057 190.886
6.92 18.2948 0.1086 191.216
6.94 18.1404 0.1097 191.296
6.96 17.9653 0.1117 191.47
6.98 17.8929 0.112 191.554
7 17.8118 0.1155 192.072
7.02 17.6988 0.117 192.255
7.04 17.7143 0.1188 192.675
7.06 17.8316 0.1186 192.984
7.08 17.9765 0.1184 193.334
7.1 18.0214 0.1222 194.064
7.12 18.055 0.1239 194.492
7.14 18.1439 0.1243 194.833
7.16 18.3681 0.1238 195.265
7.18 18.4993 0.1224 195.431
7.2 18.6623 0.1213 195.683
7.22 18.6407 0.1219 195.881
7.24 18.5027 0.1221 195.849
7.26 18.5372 0.1234 196.225
7.28 18.4785 0.1237 196.325
7.3 18.7632 0.1229 196.802
7.32 19.0651 0.1215 197.216
7.34 19.285 0.1222 197.787
7.36 19.3963 0.1216 198.019
7.38 19.4006 0.1224 198.283
7.4 19.3075 0.1221 198.255
7.42 19.135 0.1235 198.335
7.44 17.1666 0.1263 195.77
7.46 17.8109 0.1108 194.825
7.48 17.911 0.1172 196.041
7.5 17.7738 0.1174 195.997
7.52 17.6721 0.118 196.063
7.54 17.5375 0.1181 196.006
7.56 17.4625 0.1168 195.849
7.58 17.4547 0.1164 195.924
7.6 17.3771 0.1162 195.914
7.62 17.3512 0.1152 195.874
7.64 17.2356 0.1141 195.672
7.66 17.02 0.1141 195.46
7.68 16.9044 0.114 195.396
7.7 16.6646 0.1163 195.46
7.72 16.6025 0.1158 195.425
7.74 16.5533 0.1168 195.622
7.76 16.4162 0.1155 195.346
7.78 16.3627 0.1148 195.296
7.8 16.5007 0.1151 195.714
7.82 16.5844 0.1151 195.996
7.84 16.4317 0.116 196.001
7.86 16.1867 0.1162 195.744
7.88 15.9314 0.1154 195.323
7.9 15.6537 0.1148 194.881
7.92 15.4562 0.114 194.549
7.94 15.2491 0.1118 193.993
7.96 15.1068 0.1124 193.953
7.98 15.0723 0.1125 194.039
8 15.0956 0.1119 194.131
8.02 14.9403 0.1104 193.759
8.04 14.9076 0.1185 194.977
8.06 14.7601 0.1137 194.163
8.08 14.5375 0.1138 193.887
8.1 14.4021 0.1135 193.716
8.12 14.2477 0.1133 193.52
8.14 12.4234 0 0
8.16 13.311 0.0966 189.367
8.18 12.9297 0.0957 188.558
8.2 12.602 0.0969 188.184
8.22 12.5424 0.0983 188.408
8.24 12.721 0.0993 189.079
8.26 13.3049 0.0978 190.192
8.28 14.1623 0.0968 191.875
8.3 15.2405 0.0952 193.774
8.32 16.2333 0.0898 194.726
8.34 17.1226 0.0855 195.558
8.36 18.7848 0.0849 198.2
8.38 19.6309 0.0834 199.299
8.4 20.1536 0.0850001 200.504
8.42 20.4443 0.0857 201.188
8.44 20.6643 0.0898 202.416
8.46 20.8057 0.1013 204.791
8.48 20.9843 0.1085 206.354
8.5 21.3871 0.1177 208.462
8.52 21.7727 0.1232 209.932
8.54 21.9555 0.1245 210.505
8.56 22.2022 0.1282 211.496
8.58 22.4756 0.1299 212.239
8.6 22.2548 0.1311 212.237
8.62 22.0642 0.1344 212.551
8.64 21.8339 0.136 212.576
8.66 21.3949 0.1382 212.375
8.68 20.8877 0.1405 212.069
8.7 20.5004 0.149 212.67
8.72 20.3883 0.1521 213.003
8.74 20.672 0.151 213.434
8.76 21.2913 0.1457 213.843
8.78 21.7968 0.1416 214.194
8.8 21.8434 0.1375 213.871
8.82 21.708 0.1387 213.97
8.84 21.8072 0.1388 214.258
8.86 21.8753 0.1414 214.82
8.88 21.8546 0.1433 215.164
8.9 21.8425 0.1444 215.419
8.92 21.9572 0.1441 215.679
8.94 22.1479 0.1436 216.019
8.96 22.3074 0.1428 216.277
8.98 1.4931 0 0
9 21.3974 0.1239 212.722
9.02 21.8615 0.1278 214.063
9.04 21.9434 0.1342 215.184
9.06 22.0625 0.1331 215.336
9.08 22.2255 0.1322 215.575
9.1 22.2013 0.1322 215.673
9.12 22.1108 0.1327 215.746
9.14 22.1375 0.1355 216.29
9.16 22.1591 0.1378 216.755
9.18 21.9969 0.1365 216.487
9.2 21.9469 0.1368 216.586
9.22 21.9452 0.1372 216.767
9.24 21.89 0.1375 216.859
9.26 21.7683 0.1381 216.894
9.28 21.8874 0.14 217.441
9.3 22.0193 0.1411 217.902
9.32 21.9322 0.139 217.636
9.34 21.7925 0.1397 217.656
9.36 21.7295 0.1398 217.708
9.38 21.8296 0.1394 217.929
9.4 21.7399 0.1385 217.812
9.42 21.375 0.1368 217.187
9.44 21.1275 0.1363 216.884
9.46 20.9049 0.1344 216.428
9.48 20.7307 0.1367 216.6
9.5 20.6022 0.1365 216.507
9.52 20.5237 0.1378 216.685
9.54 20.4961 0.137 216.665
9.56 20.4728 0.1364 216.676
9.58 20.5142 0.1351 216.693
9.6 20.4874 0.1337 216.59
9.62 20.3926 0.1327 216.435
9.64 20.3106 0.1323 216.38
9.66 20.3227 0.1463 218.343
9.68 19.8362 0.1176 213.788
9.7 20.0122 0.122 214.838
9.72 19.8112 0.1288 215.62
9.74 19.7111 0.1283 215.516
9.76 19.6025 0.1269 215.271
9.78 19.2807 0.1251 214.626
9.8 18.2439 0.1267 213.27
9.82 17.5944 0.127 212.322
9.84 17.0407 0.1283 211.646
9.86 16.6344 0.129 211.126
9.88 16.4705 0.1326 211.428
9.9 16.3567 0.1315 211.189
9.92 16.2437 0.1296 210.841
9.94 16.0884 0.1273 210.354
9.96 15.9858 0.1245 209.889
9.98 16.0479 0.1207 209.582
10 16.235 0.1183 209.698
10.02 16.5499 0.1151 209.917
10.04 16.8759 0.1113 210.036
10.06 17.1088 0.1096 210.298
10.08 17.4228 0.107 210.545
10.1 17.8903 0.1055 211.218
10.12 18.5286 0.1034 212.049
10.14 19.1764 0.1028 213.114
10.16 19.6715 0.1014 213.771
10.18 20.4935 0.0977 214.488
10.2 20.6927 0.0983 215.014
10.22 20.44 0.1012 215.271
10.24 20.3805 0.0998 215.048
10.26 20.1183 0.0945 213.791
10.28 20.1683 0.1026 215.453
10.3 20.1881 0.0965 214.503
10.32 20.1243 0.0997 215.104
10.34 20.1338 0.1004 215.36
10.36 20.2106 0.1059 216.552
10.38 20.5116 0.1113 218.03
10.4 20.5202 0.112 218.274
10.42 20.4262 0.1153 218.774
10.44 20.4883 0.1167 219.207
10.46 17.9162 0 0
10.48 19.9992 0.1129 218.076
10.5 20.1674 0.1174 219.167
10.52 20.2244 0.1372 222.235
10.54 14.0053 0.1216 208.785
10.56 20.1614 0.1232 220.387
10.58 20.4228 0.124 221.032
10.6 20.6263 0.1266 221.846
10.62 20.8195 0.1258 222.144
10.64 20.986 0.1268 222.661
10.66 21.0999 0.13 223.414
10.68 21.1758 0.1327 224.029
10.7 21.1024 0.1349 224.34
10.72 21.0214 0.1361 224.498
10.74 20.8747 0.1367 224.47
10.76 20.5133 0.1373 224.104
10.78 20.0355 0.1369 223.406
10.8 19.6689 0.135 222.668
10.82 19.5283 0.1324 222.193
10.84 19.4524 0.1322 222.154
10.86 19.5171 0.1325 222.416
10.88 19.5102 0.1307 222.266
10.9 19.4507 0.1288 222.011
10.92 19.3842 0.1282 221.928
10.94 19.0711 0.1269 221.333
10.96 18.8926 0.1295 221.52
10.98 18.7917 0.1309 221.659
11 19.0211 0.1307 222.131
11.02 19.3601 0.1264 222.19
11.04 19.6603 0.1225 222.215
11.06 19.6145 0.1209 222.009
11.08 19.4869 0.1194 221.682
11.1 19.411 0.1204 221.822
11.12 19.3851 0.1181 221.535
11.14 19.2919 0.1178 221.445
11.16 19.3144 0.1176 221.561
11.18 19.5429 0.1143 221.522
11.2 19.7387 0.1123 221.625
11.22 19.9673 0.1099 221.704
11.24 20.0795 0.1096 221.942
11.26 20.1881 0.1041 221.274
11.28 20.2985 0.1036 221.469
11.3 8.5997 0.0865 192.885
11.32 19.5326 0.0917 218.236
11.34 19.9621 0.1003 220.667
11.36 19.9345 0.0993 220.548
11.38 19.9889 0.0964 220.198
11.4 20.3244 0.0954 220.643
11.42 20.1735 0.1061 222.473
11.44 20.1881 0.1138 223.906
11.46 20.0751 0.1095 223.117
11.48 19.9578 0.1083 222.833
11.5 19.8397 0.1142 223.735
11.52 19.8405 0.1139 223.796
11.54 20.0199 0.128 226.382
11.56 20.0855 0.1291 226.759
11.58 20.1924 0.1229 226.114
11.6 20.2425 0.1238 226.44
11.62 20.6013 0.1255 227.38
11.64 20.8075 0.1229 227.419
11.66 21.055 0.1187 227.257
11.68 21.1188 0.1172 227.224
11.7 21.0843 0.1146 226.855
11.72 20.9627 0.1087 225.778
11.74 20.8937 0.1058 225.271
11.76 20.8678 0.1076 225.654
11.78 21.0343 0.1037 225.326
11.8 21.2129 0.1031 225.598
11.82 21.3302 0.0987 225.065
11.84 21.4319 0.0939 224.392
11.86 21.6027 0.087 223.332
11.88 21.9935 0.0854 223.668
11.9 22.3359 0.0842 224.007
11.92 22.6637 0.0857 224.913
11.94 22.8491 0.0885 225.885
11.96 22.7724 0.0938 226.977
11.98 22.7284 0.1031 228.812
12 22.6197 0.109 229.821
12.02 22.5757 0.1161 231.073
12.04 22.3954 0.1252 232.368
12.06 22.3601 0.1259 232.53
12.08 1.4111 0.1612 159.522
12.1 21.1611 0.1187 229.776
12.12 22.0711 0.1177 231.116
12.14 22.473 0.1169 231.693
12.16 22.9061 0.1167 232.404
12.18 23.2519 0.1177 233.177
12.2 23.2476 0.1173 233.212
12.22 23.1838 0.1207 233.781
12.24 23.057 0.1251 234.399
12.26 23.0587 0.1326 235.647
12.28 23.0096 0.1385 236.537
12.3 23.0406 0.1426 237.265
12.32 23.0121 0.1434 237.44
12.34 22.9492 0.1427 237.357
12.36 22.9155 0.1421 237.33
12.38 22.8629 0.1413 237.247
12.4 22.8543 0.1409 237.285
12.42 22.8577 0.1408 237.382
12.44 22.8845 0.1415 237.627
12.46 22.9035 0.1423 237.873
12.48 22.9992 0.1403 237.841
12.5 23.1036 0.1409 238.187
12.52 23.3641 0.1408 238.664
12.54 23.4771 0.1407 238.922
12.56 23.7091 0.1407 239.366
12.58 23.8626 0.1383 239.352
12.6 23.9799 0.1395 239.799
12.62 23.9316 0.1407 240.006
12.64 23.779 0.1419 240.06
12.66 23.5625 0.1422 239.892
12.68 23.3468 0.1428 239.764
12.7 23.1571 0.1412 239.363
12.72 22.7266 0.1384 238.423
12.74 1.0825 0 0
12.76 21.2594 0.1228 234.009
12.78 21.8408 0.1173 234.128
12.8 21.7528 0.115 233.709
12.82 21.6208 0.1115 233.005
12.84 21.5372 0.1106 232.819
12.86 21.4268 0.1082 232.323
12.88 21.7425 0.1088 233.021
12.9 22.2074 0.1054 233.216
12.92 22.5714 0.1064 234.047
12.94 22.8163 0.1092 235.019
12.96 22.9621 0.1219 237.5
12.98 22.9992 0.1251 238.17
13 22.9828 0.1271 238.562
13.02 22.8646 0.1285 238.704
13.04 22.7172 0.1302 238.845
13.06 22.6024 0.1329 239.18
13.08 22.4877 0.1344 239.33
13.1 22.4834 0.1334 239.277
13.12 22.3678 0.1333 239.186
13.14 22.3221 0.1329 239.157
13.16 22.2324 0.1313 238.878
13.18 22.0694 0.1299 238.513
13.2 21.8382 0.1288 238.084
13.22 21.6208 0.1276 237.656
13.24 21.3897 0.1263 237.186
13.26 21.2077 0.1238 236.6
13.28 21.0205 0.1218 236.077
13.3 20.961 0.1203 235.836
13.32 20.8627 0.1188 235.529
13.34 20.8109 0.1192 235.609
13.36 20.7436 0.1179 235.382
13.38 20.76 0.1176 235.457
13.4 20.8721 0.1165 235.553
13.42 21.0317 0.1171 236.01
13.44 21.2568 0.1154 236.183
13.46 21.5518 0.1125 236.249
13.48 21.8201 0.1127 236.803
13.5 22.0219 0.1136 237.372
13.52 22.2186 0.1146 237.947
13.54 22.3532 0.1155 238.407
13.56 22.4377 0.1145 238.462
13.58 22.5559 0.1151 238.844
13.6 22.6852 0.1144 239.018
13.62 20.6876 0.122 237.228
13.64 21.6217 0.1132 237.356
13.66 22.3842 0.1059 237.321
13.68 22.5541 0.1119 238.768
13.7 22.6516 0.1133 239.261
13.72 22.7862 0.1129 239.492
13.74 22.9509 0.1124 239.749
13.76 23.1743 0.1114 240.002
13.78 23.3071 0.1131 240.6
13.8 23.4374 0.1162 241.433
13.82 23.6271 0.1157 241.724
13.84 23.8376 0.1175 242.441
13.86 24.0179 0.1185 242.973
13.88 24.2154 0.1201 243.629
13.9 24.3707 0.121 244.103
13.92 24.6044 0.1221 244.72
13.94 24.5389 0.1255 245.284
13.96 24.3215 0.1255 245.068
13.98 24.0679 0.1267 244.989
14 23.8126 0.126 244.598
14.02 23.6798 0.1271 244.675
14.04 23.5116 0.1262 244.376
14.06 23.2977 0.1269 244.264
14.08 23.1277 0.1249 243.78
14.1 22.9914 0.1217 243.143
14.12 22.8396 0.1175 242.298
14.14 23.0354 0.1148 242.223
14.16 23.346 0.1129 242.449
14.18 23.653 0.1104 242.548
14.2 23.7272 0.1128 243.188
14.22 23.961 0.1116 243.41
14.24 24.193 0.1047 242.552
14.26 24.425 0.1024 242.532
14.28 24.6398 0.0989 242.23
14.3 25.2591 0.0952 242.422
14.32 25.1107 0.0949 242.247
14.34 1.1101 0 0
14.36 23.9575 0.0808 237.598
14.38 24.5941 0.0854 239.691
14.4 24.3043 0.0881 239.995
14.42 23.4279 0.0788 236.615
14.44 23.1243 0.0800001 236.56
14.46 22.9224 0.086 237.778
14.48 22.6542 0.0808 236.238
14.5 22.5541 0.0967 239.734
14.52 22.574 0.1005 240.627
14.54 22.6818 0.1088 242.48
14.56 22.8405 0.1168 244.254
14.58 23.2088 0.1191 245.308
14.6 23.3511 0.1171 245.272
14.62 23.3399 0.1216 246.119
14.64 23.415 0.1287 247.493
14.66 23.4072 0.1345 248.484
14.68 23.3373 0.1399 249.287
14.7 23.2916 0.1438 249.882
14.72 23.1571 0.1446 249.883
14.74 22.4912 0.1466 249.214
14.76 21.9978 0.1503 249.029
14.78 21.438 0.1523 248.473
14.8 21.0472 0.153 248.003
14.82 20.7514 0.1521 247.469
14.84 20.6781 0.1476 246.819
14.86 20.8696 0.141 246.3
14.88 21.2232 0.1362 246.278
14.9 21.7623 0.1326 246.711
14.92 22.1806 0.13 247.073
14.94 22.5498 0.1303 247.801
14.96 22.7439 0.1318 248.436
14.98 22.9311 0.1391 249.94
15 22.9518 0.1442 250.816
