0.02 1.539 0.013 22.0875
0.04 1.545 0.015 27.1173
0.06 1.549 0.016 30.5277
0.08 1.551 0.016 33.0756
0.1 1.549 0.018 35.5323
0.12 1.545 0.018 37.3658
0.14 1.541 0.019 39.1631
0.16 1.536 0.019 40.6252
0.18 1.531 0.02 42.1372
0.2 1.527 0.02 43.3733
0.22 1.524 0.02 44.5253
0.24 1.523 0.02 45.6112
0.26 1.523 0.02 46.6375
0.28 1.524 0.021 47.8064
0.3 1.529 0.02 48.5577
0.32 1.535 0.02 49.4646
0.34 1.543 0.021 50.5478
0.36 1.551 0.021 51.3957
0.38 1.558 0.021 52.2079
0.4 1.566 0.021 52.9967
0.42 1.572 0.021 53.7501
0.44 1.579 0.021 54.4845
0.46 1.591 0.02 54.9985
0.48 1.605 0.021 55.95
0.5 1.62 0.021 56.6644
0.52 1.69 0.021 57.6356
0.54 1.734 0.021 58.4595
0.56 1.792 0.021 59.334
0.58 1.83 0.021 60.0969
0.6 1.9 0.021 60.9948
0.62 1.972 0.021 61.8839
0.64 2.081 0.02 62.6632
0.66 2.229 0.02 63.83
0.68 2.477 0.02 65.3471
0.7 2.801 0.02 67.0523
0.72 3.153 0.02 68.7414
0.74 3.573 0.02 70.5256
0.76 4.032 0.019 71.9898
0.78 4.555 0.02 74.1119
0.8 5.172 0.02 76.0133
0.82 5.707 0.02 77.6294
0.84 6.319 0.02 79.3061
0.86 6.944 0.021 81.2473
0.88 7.052 0.021 81.9501
0.9 7.165 0.02 82.3179
0.92 7.407 0.02 83.2195
0.94 7.407 0.016 82.1786
0.96 7.535 0.016 82.8652
0.98 7.667 0.017 83.9727
1 7.804 0.018 85.0649
1.02 7.949 0.018 85.7615
1.04 8.102 0.018 86.4628
1.06 8.263 0.018 87.1685
1.08 8.616 0.017 87.7338
1.1 8.81 0.017 88.4657
1.12 9.016 0.016 88.7575
1.14 9.016 0.016 89.1953
1.16 9.234 0.013 88.3962
1.18 9.465 0.011 87.9035
1.2 9.71 0.01 87.9407
1.22 9.969 0.008 87.05
1.24 10.243 0.007 86.8166
1.26 10.534 0.006 86.4403
1.28 10.843 0.005 85.8693
1.3 11.169 0.004 85.0158
1.32 11.887 0.006 89.1025
1.34 32.998 0.007 104.985
