0.02 3.947 0.038 27.657
0.04 4.841 0.041 34.754
0.06 5.457 0.043 39.7347
0.08 6.165 0.042 43.7201
0.1 7.829 0.041 48.0502
0.12 8.313 0.041 50.9869
0.14 8.75 0.036 53.0365
0.16 9.286 0.04 56.0044
0.18 9.652 0.045 58.7646
0.2 10.221 0.05 61.5496
0.22 10.499 0.054 63.8545
0.24 10.711 0.057 65.9023
0.26 10.856 0.064 68.1696
0.28 10.936 0.068 70.0145
0.3 11.08 0.07 71.6776
0.32 11.271 0.07 73.155
0.34 11.475 0.077 75.1847
0.36 11.645 0.081 76.8741
0.38 11.896 0.085 78.5929
0.4 12.084 0.088 80.1327
0.42 12.305 0.09 81.5917
0.44 12.53 0.091 82.9459
0.46 12.806 0.093 84.3937
0.48 12.897 0.094 85.5613
0.5 12.919 0.095 86.6353
0.52 12.843 0.097 87.6626
0.54 12.535 0.097 88.278
0.56 12.309 0.097 88.9417
0.58 12.015 0.098 89.5779
0.6 11.694 0.098 90.0742
0.62 11.085 0.098 90.2017
0.64 10.736 0.098 90.5831
0.66 10.363 0.096 90.7415
0.68 9.95 0.093 90.7235
0.7 9.148 0.09 90.1113
0.72 8.805 0.086 89.9803
0.74 8.461 0.082 89.793
0.76 8.122 0.074 89.1652
0.78 7.829 0.086 90.4616
0.8 7.195 0.063 87.699
0.82 7.103 0.062 88.0223
0.84 7.028 0.062 88.4786
0.86 6.993 0.061 88.875
0.88 7.13 0.06 89.5718
0.9 7.306 0.059 90.3238
0.92 7.54 0.057 91.0293
0.94 7.874 0.057 92.1485
0.96 8.37 0.057 93.5084
0.98 8.67 0.057 94.524
1 8.921 0.058 95.5861
1.02 9.032 0.063 96.9497
1.04 8.894 0.069 97.9976
1.06 8.886 0.074 99.0801
1.08 9.132 0.079 100.534
1.1 9.986 0.079 102.358
1.12 11.788 0.096 107.081
1.14 13.275 0.089 108.779
1.16 14.922 0.088 111.058
1.18 16.411 0.089 113.232
1.2 18.35 0.093 116.03
1.22 16.897 0 0
1.24 18.043 0.07 114.08
1.26 18.878 0.08 116.626
1.28 19.212 0.086 118.143
1.3 19.3 0.099 120.13
1.32 19.451 0.111 121.931
1.34 19.967 0.118 123.532
1.36 21.156 0.127 125.846
1.38 21.485 0.136 127.363
1.4 21.648 0.149 128.988
1.42 21.698 0.153 129.827
1.44 21.894 0.156 130.713
1.46 22.112 0.158 131.541
1.48 22.351 0.161 132.452
1.5 22.536 0.158 132.897
1.52 22.509 0.156 133.223
1.54 22.307 0.155 133.463
1.56 22.181 0.152 133.616
1.58 22.168 0.151 134.005
1.6 21.886 0.152 134.3
1.62 21.59 0.155 134.72
1.64 21.236 0.168 135.765
1.66 20.831 0.175 136.308
1.68 19.705 0.181 136.054
1.7 18.994 0.185 136.029
1.72 18.328 0.183 135.65
1.74 17.424 0.177 134.725
1.76 16.89 0.173 134.293
1.78 16.246 0.16 133.096
1.8 15.548 0.148 131.811
1.82 14.378 0.138 129.976
1.84 13.932 0.13 129.138
1.86 13.582 0.126 128.718
1.88 13.246 0.124 128.466
1.9 12.344 0.121 127.283
1.92 12.051 0.12 127.125
1.94 11.894 0.115 126.801
1.96 11.734 0.129 128.135
1.98 10.86 0.087 122.975
2 10.777 0.086 123.065
2.02 10.6 0.084 122.871
2.04 10.172 0.08 121.983
2.06 9.907 0.077 121.463
2.08 9.643 0.073 120.78
2.1 9.096 0.072 119.95
2.12 8.79 0.071 119.536
2.14 8.457 0.069 118.901
2.16 8.096 0.069 118.462
2.18 7.36 0.069 117.147
2.2 7.018 0.07 116.783
2.22 6.743 0.07 116.405
2.24 6.712 0.071 116.756
2.26 7.258 0.077 119.172
2.28 8.167 0.07 120.552
2.3 9.241 0.063 121.94
2.32 8.303 0.055 119.012
2.34 6.683 0.082 119.532
2.36 5.529 0.079 116.228
2.38 4.531 0.077 112.968
2.4 4.233 0.072 111.502
2.42 3.923 0.077 111.162
2.44 3.484 0.077 109.529
2.46 3.393 0.076 109.241
2.48 3.419 0.052 106.201
2.5 3.505 0.043 105.144
2.52 3.524 0.039 104.606
2.54 3.344 0.039 104.048
2.56 3.004 0.039 102.677
2.58 2.577 0.039 100.653
2.6 1.666 0.038 94.5235
2.62 1.327 0.04 92.0641
2.64 1.107 0.043 90.4244
2.66 1.008 0.047 90.0641
2.68 1.071 0.05 91.5131
2.7 1.28 0.047 93.6039
2.72 1.484 0.045 95.4689
2.74 0.287 0.034 73.7677
2.76 2.191 0.032 98.5534
2.78 2.375 0.031 99.6412
2.8 2.526 0.031 100.73
2.82 2.8 0.034 103.228
2.84 2.956 0.038 105.211
2.86 3.057 0.051 108.553
2.88 2.989 0.053 108.759
2.9 2.934 0.053 108.677
2.92 3.017 0.063 110.907
2.94 3.042 0.066 111.681
2.96 2.769 0.066 110.387
2.98 2.581 0.067 109.617
3 2.344 0.066 108.173
3.02 2.222 0.066 107.542
3.04 2.295 0.065 108.105
3.06 2.228 0.056 106.512
3.08 2.119 0.049 104.766
3.1 2.015 0.045 103.462
3.12 2.038 0.038 102.366
3.14 2.26 0.038 104.086
3.16 2.539 0.038 106.033
3.18 2.382 0.032 103.753
3.2 2.188 0.023 99.8877
3.22 2.056 0.025 99.8587
3.24 1.923 0.026 99.3958
3.26 2.52 0.028 104.159
3.28 3.587 0.031 110.712
3.3 5.063 0.027 115.21
3.32 5.463 0.022 114.703
3.34 5.562 0.021 114.747
3.36 5.909 0.02 115.474
3.38 5.943 0.021 116.231
3.4 6.084 0.025 118.523
3.42 6.472 0.027 120.547
3.44 6.584 0.029 121.763
3.46 6.624 0.034 123.692
3.48 6.599 0.038 124.974
3.5 6.393 0.041 125.393
3.52 0.238 0 0
3.54 6.066 0.036 123.499
3.56 5.595 0.039 123.078
3.58 5.286 0.041 122.775
3.6 5.015 0.044 122.756
3.62 4.789 0.045 122.361
3.64 4.266 0.046 120.745
3.66 4.02 0.047 120.114
3.68 3.774 0.048 119.416
3.7 3.501 0.048 118.31
3.72 3.534 0.047 118.44
3.74 3.668 0.047 119.254
3.76 4.146 0.047 121.556
3.78 4.516 0.044 122.569
3.8 5.016 0.035 122.269
3.82 5.611 0.032 123.516
3.84 6.761 0.029 126.025
3.86 7.106 0.026 125.965
3.88 7.325 0.027 127.097
3.9 7.415 0.028 127.889
3.92 7.484 0.031 129.333
3.94 7.61 0.038 132.045
3.96 7.839 0.041 133.639
3.98 7.943 0.043 134.613
4 7.987 0.047 135.91
4.02 7.99 0.048 136.345
4.04 8.003 0.05 137.03
4.06 8.065 0.052 137.819
4.08 8.162 0.052 138.246
4.1 8.236 0.052 138.614
4.12 8.22 0.052 138.763
4.14 8.192 0.056 139.74
4.16 8.327 0.056 140.257
4.18 8.498 0.057 141.064
4.2 8.78 0.058 142.122
4.22 9.081 0.058 143.002
4.24 9.854 0.058 144.885
4.26 10.075 0.067 147.296
4.28 9.78 0.047 142.589
4.3 10.058 0.048 143.603
4.32 10.146 0.049 144.216
4.34 10.031 0.051 144.645
4.36 9.831 0.056 145.539
4.38 9.594 0.06 146.049
4.4 9.492 0.063 146.603
4.42 9.448 0.069 147.804
4.44 9.157 0.071 147.675
4.46 8.739 0.071 146.868
4.48 8.142 0.075 146.226
4.5 7.431 0.077 144.81
4.52 6.26 0.079 141.754
4.54 5.876 0.08 140.788
4.56 5.674 0.08 140.251
4.58 5.843 0.079 140.869
4.6 6.624 0.078 143.459
4.62 7.088 0.078 145.039
4.64 7.524 0.069 144.981
4.66 7.96 0.062 145.04
4.68 8.745 0.054 145.511
4.7 9.082 0.052 146.019
4.72 9.299 0.044 144.665
4.74 9.407 0.042 144.516
4.76 9.383 0.04 144.046
4.78 9.278 0.043 144.849
4.8 9.231 0.052 147.221
4.82 9.266 0.055 148.162
4.84 9.398 0.056 148.858
4.86 9.452 0.056 149.151
4.88 9.426 0.057 149.483
4.9 9.364 0.056 149.29
4.92 9.27 0.056 149.243
4.94 9.063 0.056 148.926
4.96 8.943 0.057 149.027
4.98 8.805 0.058 149.075
5 8.697 0.058 148.977
5.02 8.8 0.059 149.608
5.04 8.86 0.058 149.707
5.06 8.972 0.058 150.143
5.08 9.141 0.057 150.494
5.1 8.715 0.055 149.183
5.12 9.191 0.047 148.538
5.14 9.606 0.046 149.38
5.16 9.796 0.047 150.233
5.18 10.048 0.048 151.21
5.2 10.204 0.048 151.708
5.22 10.379 0.049 152.504
5.24 10.56 0.053 154.049
5.26 10.935 0.056 155.701
5.28 11.15 0.057 156.533
5.3 11.314 0.057 157.028
5.32 11.508 0.059 158.03
5.34 11.888 0.06 159.159
5.36 12.196 0.06 159.913
5.38 12.623 0.06 160.874
5.4 13.182 0.06 162.048
5.42 13.748 0.058 162.74
5.44 14.606 0.058 164.333
5.46 14.928 0.059 165.253
5.48 15.138 0.063 166.661
5.5 15.222 0.066 167.61
5.52 15.257 0.068 168.252
5.54 15.122 0.072 169.008
5.56 14.935 0.081 170.538
5.58 14.851 0.084 171.086
5.6 14.951 0.085 171.591
5.62 15.133 0.086 172.228
5.64 15.057 0.086 172.273
5.66 14.817 0.088 172.374
5.68 14.631 0.089 172.391
5.7 15.196 0.089 173.504
5.72 15.422 0.088 173.879
5.74 15.473 0.088 174.131
5.76 15.424 0.089 174.383
5.78 3.426 0 0
5.8 14.462 0.083 172.104
5.82 14.063 0.086 172.084
5.84 13.713 0.089 172.114
5.86 13.454 0.093 172.435
5.88 13.365 0.095 172.739
5.9 13.288 0.096 172.909
5.92 13.16 0.095 172.68
5.94 13.11 0.095 172.748
5.96 13.163 0.089 172.073
5.98 13.537 0.086 172.437
6 13.733 0.082 172.271
6.02 13.769 0.079 171.961
6.04 13.763 0.077 171.742
6.06 13.672 0.077 171.736
6.08 13.518 0.078 171.797
6.1 13.39 0.078 171.719
6.12 13.233 0.079 171.766
6.14 13.103 0.079 171.677
6.16 12.906 0.079 171.458
6.18 12.426 0.08 170.857
6.2 12.122 0.08 170.402
6.22 11.716 0.079 169.542
6.24 11.254 0.078 168.535
6.26 10.605 0.076 166.887
6.28 10.439 0.076 166.656
6.3 10.296 0.074 166.104
6.32 10.25 0.07 165.376
6.34 10.287 0.068 165.209
6.36 10.376 0.065 164.938
6.38 10.476 0.062 164.662
6.4 10.703 0.058 164.4
6.42 11.071 0.056 164.864
6.44 11.634 0.056 166.189
6.46 13.1 0.056 169.199
6.48 13.817 0.055 170.394
6.5 14.408 0.055 171.571
6.52 14.828 0.056 172.689
6.54 15.17 0.058 173.911
6.56 15.566 0.061 175.441
6.58 15.674 0.064 176.467
6.6 15.737 0.07 178.041
6.62 15.768 0.072 178.66
6.64 15.619 0.075 179.173
6.66 13.857 0 0
6.68 14.908 0.062 175.471
6.7 14.853 0.072 177.721
6.72 14.697 0.075 178.202
6.74 14.212 0.077 177.879
6.76 14.032 0.079 178.078
6.78 13.917 0.08 178.2
6.8 13.983 0.079 178.281
6.82 14.138 0.079 178.71
6.84 14.452 0.08 179.61
6.86 14.561 0.078 179.572
6.88 14.701 0.078 179.965
6.9 14.855 0.079 180.572
6.92 15.083 0.081 181.491
6.94 15.168 0.084 182.335
6.96 15.029 0.086 182.596
6.98 14.884 0.09 183.178
7 14.733 0.091 183.224
7.02 14.242 0.091 182.476
7.04 14.001 0.091 182.172
7.06 13.796 0.09 181.762
7.08 13.696 0.081 180.129
7.1 13.614 0.077 179.357
7.12 13.441 0.072 178.169
7.14 13.262 0.069 177.335
7.16 13.152 0.063 175.923
7.18 13.051 0.062 175.631
7.2 12.966 0.062 175.601
7.22 12.748 0.062 175.308
7.24 12.691 0.064 175.793
7.26 12.657 0.064 175.86
7.28 12.597 0.064 175.875
7.3 12.509 0.064 175.831
7.32 12.288 0.063 175.284
7.34 12.067 0.063 174.959
7.36 11.415 0.049 170.103
7.38 11.605 0.05 170.923
7.4 11.656 0.055 172.522
7.42 11.757 0.056 173.126
7.44 12.061 0.056 173.894
7.46 12.201 0.058 174.823
7.48 12.38 0.058 175.32
7.5 12.768 0.059 176.482
7.52 12.907 0.06 177.136
7.54 12.952 0.063 178.077
7.56 13.004 0.065 178.776
7.58 13.07 0.066 179.265
7.6 13.082 0.067 179.645
7.62 13.105 0.069 180.262
7.64 13.039 0.07 180.478
7.66 12.966 0.071 180.677
7.68 12.936 0.07 180.534
7.7 12.901 0.069 180.378
7.72 12.918 0.068 180.323
7.74 12.898 0.068 180.413
7.76 12.89 0.066 180.078
7.78 12.834 0.065 179.866
7.8 12.761 0.065 179.846
7.82 12.784 0.065 180.021
7.84 12.823 0.065 180.228
7.86 12.909 0.066 180.759
7.88 13.024 0.067 181.345
7.9 13.196 0.067 181.816
7.92 13.306 0.067 182.161
7.94 13.397 0.067 182.468
7.96 13.466 0.069 183.178
7.98 13.392 0.07 183.38
8 13.326 0.071 183.594
8.02 13.294 0.073 184.083
8.04 13.279 0.074 184.389
8.06 13.373 0.074 184.704
8.08 13.465 0.075 185.22
8.1 13.535 0.073 185.07
8.12 13.672 0.071 185.037
8.14 12.467 0.075 183.555
8.16 13.571 0.06 182.518
8.18 13.694 0.06 182.88
8.2 13.636 0.063 183.636
8.22 13.555 0.064 183.844
8.24 13.476 0.064 183.813
8.26 13.413 0.066 184.284
8.28 13.373 0.069 185.012
8.3 13.116 0.072 185.274
8.32 10.847 0.086 183.083
8.34 10.069 0.09 181.939
8.36 9.573 0.099 182.179
8.38 9.408 0.107 183.024
8.4 11.513 0.104 188.103
8.42 12.437 0.097 189.231
8.44 12.245 0.103 189.878
8.46 11.582 0.104 188.638
8.48 10.831 0.105 187.097
8.5 10.073 0.101 184.676
8.52 10.519 0.103 186.257
8.54 10.922 0.112 188.701
8.56 10.846 0.112 188.634
8.58 10.646 0.11 187.969
8.6 10.981 0.106 188.35
8.62 11.447 0.096 188.047
8.64 11.582 0.091 187.649
8.66 11.306 0.085 186.06
8.68 11.103 0.078 184.371
8.7 11.054 0.069 182.5
8.72 11.171 0.064 181.753
8.74 11.268 0.058 180.61
8.76 11.401 0.056 180.502
8.78 10.581 0.063 180.446
8.8 10.438 0.065 180.676
8.82 10.486 0.063 180.439
8.84 10.562 0.062 180.5
8.86 10.719 0.068 182.394
8.88 10.683 0.077 184.317
8.9 9.21 0.054 175.282
8.92 9.9 0.053 176.95
8.94 9.649 0.05 175.553
8.96 9.43 0.056 176.741
8.98 9.3 0.058 177.014
9 9.515 0.06 178.209
9.02 9.802 0.062 179.573
9.04 10.102 0.062 180.466
9.06 10.324 0.06 180.649
9.08 10.347 0.061 181.067
9.1 10.392 0.062 181.536
9.12 10.5 0.063 182.16
9.14 10.61 0.063 182.545
9.16 10.637 0.063 182.722
9.18 10.243 0.063 181.842
9.2 9.947 0.062 180.945
9.22 9.692 0.051 177.471
9.24 9.431 0.046 175.369
9.26 8.245 0.041 170.471
9.28 7.634 0.038 167.63
9.3 7.046 0.038 165.805
9.32 6.673 0.04 165.314
9.34 6.492 0.037 163.693
9.36 6.283 0.042 164.749
9.38 6.153 0.043 164.673
9.4 6.421 0.052 168.428
9.42 9.16 0.065 180.697
9.44 11.102 0.075 188.106
9.46 12.565 0.071 190.73
9.48 13.194 0.059 189.252
9.5 13.651 0.049 187.376
9.52 13.055 0.051 186.905
9.54 13.215 0.053 187.943
9.56 13.233 0.054 188.382
9.58 13.483 0.046 186.495
9.6 13.492 0.05 187.921
9.62 13.348 0.054 188.945
9.64 12.988 0.063 190.742
9.66 12.587 0.08 193.806
9.68 3.959 0.055 159.126
9.7 11.578 0.06 187.174
9.72 11.142 0.067 187.967
9.74 10.897 0.077 189.656
9.76 10.724 0.087 191.26
9.78 10.45 0.09 191.196
9.8 9.832 0.093 190.15
9.82 9.644 0.094 189.899
9.84 9.574 0.096 190.14
9.86 9.647 0.094 190.122
9.88 9.965 0.092 190.778
9.9 10.004 0.088 190.288
9.92 10.014 0.086 190.058
9.94 10.059 0.083 189.726
9.96 10.157 0.082 189.905
9.98 10.249 0.081 190.064
10 10.311 0.08 190.139
10.02 10.402 0.08 190.485
10.04 10.513 0.082 191.275
10.06 10.63 0.083 191.879
10.08 10.647 0.084 192.221
10.1 10.59 0.085 192.368
10.12 10.587 0.085 192.466
10.14 10.629 0.085 192.681
10.16 10.757 0.084 192.929
10.18 10.9 0.085 193.593
10.2 11.099 0.086 194.393
10.22 11.341 0.086 195.104
10.24 11.567 0.087 195.953
10.26 11.596 0.087 196.131
10.28 11.576 0.085 195.809
10.3 11.538 0.085 195.822
10.32 11.18 0.087 195.418
10.34 11.009 0.088 195.275
10.36 10.833 0.088 194.927
10.38 10.628 0.092 195.217
10.4 10.427 0.094 195.134
10.42 10.194 0.098 195.28
10.44 10.27 0.101 196.084
10.46 0.265 0 0
10.48 10.214 0.091 194.444
10.5 10.59 0.09 195.383
10.52 10.673 0.084 194.586
10.54 10.663 0.081 194.074
10.56 10.875 0.079 194.323
10.58 11.109 0.078 194.816
10.6 11.402 0.077 195.44
10.62 11.721 0.074 195.673
10.64 12.38 0.073 197.101
10.66 12.723 0.073 197.981
10.68 12.976 0.074 198.872
10.7 13.098 0.074 199.243
10.72 12.984 0.074 199.096
10.74 12.753 0.078 199.557
10.76 12.473 0.083 200.055
10.78 12.058 0.09 200.531
10.8 11.972 0.097 201.681
10.82 11.935 0.105 203.029
10.84 11.767 0.106 202.879
10.86 11.536 0.106 202.404
10.88 11.442 0.106 202.269
10.9 11.294 0.101 201.183
10.92 11.054 0.095 199.644
10.94 10.748 0.09 198.047
10.96 10.748 0.085 197.208
10.98 10.769 0.078 195.957
11 10.983 0.075 195.972
11.02 11.318 0.073 196.479
11.04 11.297 0.072 196.3
11.06 11.157 0.074 196.494
11.08 10.875 0.079 196.937
11.1 10.674 0.083 197.317
11.12 10.703 0.085 197.884
11.14 10.899 0.089 199.262
11.16 11.166 0.092 200.61
11.18 10.269 0.103 200.176
11.2 11.547 0.082 199.86
11.22 11.847 0.077 199.651
11.24 11.984 0.071 198.735
11.26 12.046 0.067 198.023
11.28 12.1 0.066 198.001
11.3 12.107 0.067 198.363
11.32 12.092 0.07 199.149
11.34 11.827 0.076 199.976
11.36 11.617 0.084 201.227
11.38 11.542 0.102 204.413
11.4 11.572 0.108 205.565
11.42 12.273 0.11 207.731
11.44 12.897 0.11 209.322
11.46 13.629 0.103 209.943
11.48 14.292 0.101 211.142
11.5 15.334 0.098 212.861
11.52 15.655 0.096 213.234
11.54 15.789 0.098 213.966
11.56 15.788 0.101 214.604
11.58 15.837 0.106 215.669
11.6 15.968 0.111 216.858
11.62 16.154 0.123 219.188
11.64 16.315 0.129 220.479
11.66 16.237 0.133 220.992
11.68 16.197 0.134 221.157
11.7 16.328 0.137 221.927
11.72 16.538 0.139 222.71
11.74 16.842 0.139 223.401
11.76 16.843 0.139 223.509
11.78 16.883 0.141 223.957
11.8 17.042 0.143 224.628
11.82 16.933 0.145 224.786
11.84 16.639 0.147 224.581
11.86 16.503 0.15 224.798
11.88 16.483 0.15 224.864
11.9 16.586 0.149 225.046
11.92 16.552 0.147 224.832
11.94 16.469 0.146 224.646
11.96 16.2 0.147 224.346
11.98 15.624 0.149 223.534
12 0.352 0 0
12.02 15.101 0.109 216.931
12.04 15.447 0.122 219.791
12.06 15.732 0.127 221.21
12.08 16.125 0.131 222.674
12.1 16.163 0.136 223.547
12.12 16.277 0.141 224.55
12.14 16.701 0.142 225.619
12.16 17.15 0.145 226.981
12.18 17.601 0.145 227.935
12.2 18.015 0.145 228.804
12.22 19.061 0.144 230.643
12.24 19.537 0.144 231.569
12.26 19.923 0.147 232.727
12.28 20.134 0.151 233.707
12.3 20.797 0.154 235.291
12.32 20.989 0.158 236.212
12.34 21.12 0.166 237.505
12.36 21.106 0.17 238.06
12.38 20.945 0.173 238.251
12.4 21.34 0.177 239.455
12.42 22.208 0.176 240.828
12.44 24.281 0.174 243.82
12.46 25.002 0.175 245.076
12.48 25.209 0.179 245.939
12.5 25.351 0.177 246.017
12.52 25.567 0.174 246.077
12.54 25.664 0.171 245.965
12.56 25.599 0.169 245.743
12.58 25.438 0.165 245.139
12.6 25.176 0.162 244.509
12.62 25.169 0.162 244.607
12.64 25.011 0.173 245.833
12.66 24.894 0.181 246.701
12.68 24.273 0.188 246.691
12.7 23.984 0.191 246.698
12.72 23.824 0.195 246.994
12.74 23.792 0.199 247.472
12.76 0.611 0 0
12.78 22.686 0.152 240.543
12.8 23.079 0.159 242.148
12.82 22.245 0.166 241.838
12.84 21.806 0.172 241.963
12.86 21.562 0.172 241.676
12.88 21.34 0.174 241.653
12.9 21.397 0.173 241.734
12.92 21.618 0.18 242.997
12.94 21.671 0.176 242.733
12.96 21.756 0.174 242.743
12.98 21.97 0.17 242.72
13 21.926 0.172 242.99
13.02 21.768 0.173 242.958
13.04 21.608 0.176 243.151
13.06 21.512 0.177 243.213
13.08 21.329 0.18 243.358
13.1 21.289 0.183 243.73
13.12 21.271 0.185 244.025
13.14 21.551 0.184 244.478
13.16 21.66 0.187 245.089
13.18 21.647 0.184 244.841
13.2 21.585 0.184 244.843
13.22 21.385 0.184 244.618
13.24 21.294 0.183 244.46
13.26 21.372 0.183 244.691
13.28 21.539 0.181 244.844
13.3 22.104 0.181 245.862
13.32 22.479 0.181 246.561
13.34 22.677 0.179 246.748
13.36 22.444 0.179 246.483
13.38 21.726 0.183 245.886
13.4 21.227 0.188 245.717
13.42 20.837 0.19 245.379
13.44 20.124 0.193 244.572
13.46 19.927 0.194 244.431
13.48 20.098 0.193 244.728
13.5 20.283 0.189 244.726
13.52 20.792 0.186 245.375
13.54 21.059 0.181 245.37
13.56 21.128 0.176 245.015
13.58 21.764 0.172 245.694
13.6 21.779 0.17 245.58
13.62 12.48 0.098 216.593
13.64 22.46 0.128 241.112
13.66 25.054 0.132 245.665
13.68 26.193 0.139 248.409
13.7 27.008 0.142 250.053
13.72 27.023 0.145 250.61
13.74 26.92 0.16 252.634
13.76 26.914 0.175 254.619
13.78 26.91 0.183 255.666
13.8 27.178 0.188 256.709
13.82 27.622 0.194 258.086
13.84 27.993 0.197 259.017
13.86 28.865 0.199 260.487
13.88 29.517 0.201 261.649
13.9 30.226 0.198 262.321
13.92 31.509 0.194 263.554
13.94 31.889 0.195 264.228
13.96 32.093 0.194 264.463
13.98 32.084 0.196 264.783
14 31.543 0.201 264.795
14.02 30.992 0.204 264.554
14.04 30.176 0.213 264.593
14.06 29.4 0.217 264.115
14.08 28.337 0.218 262.923
14.1 27.904 0.216 262.243
14.12 27.49 0.215 261.681
14.14 25.49 0.216 259.052
14.16 24.816 0.219 258.452
14.18 24.531 0.215 257.728
14.2 24.376 0.211 257.192
14.22 24.481 0.208 257.145
14.24 24.185 0.204 256.381
14.26 23.361 0.191 253.809
14.28 22.439 0.189 252.219
14.3 21.108 0.189 250.106
14.32 20.718 0.19 249.641
14.34 20.581 0.189 249.39
14.36 20.615 0.186 249.214
14.38 21.431 0.182 250.255
14.4 22.14 0.177 250.946
14.42 23.128 0.17 251.779
14.44 24.758 0.167 253.982
14.46 25.251 0.164 254.418
14.48 25.948 0.159 254.858
14.5 26.689 0.159 255.992
14.52 28.433 0.159 258.435
14.54 29.094 0.166 260.322
14.56 29.37 0.176 262.048
14.58 0.658 0 0
14.6 29.111 0.138 256.667
14.62 29.696 0.142 258.114
14.64 29.837 0.147 259.134
14.66 29.732 0.153 259.964
14.68 29.799 0.165 261.787
14.7 29.191 0.17 261.759
14.72 27.799 0.184 261.739
14.74 27.724 0.203 263.885
14.76 28.253 0.203 264.704
14.78 30.364 0.201 267.346
14.8 31.636 0.198 268.695
14.82 32.622 0.191 269.179
14.84 33.136 0.188 269.532
14.86 33.302 0.188 269.827
14.88 33.137 0.189 269.854
14.9 32.806 0.188 269.445
14.92 32.396 0.189 269.177
14.94 30.884 0.19 267.548
14.96 30.111 0.192 266.904
14.98 29.168 0.197 266.352
15 28.423 0.205 266.341
15.02 28.423 0.233 269.293
