0.01 0.2466 0 0
0.02 0.3048 0 0
0.03 0.3164 0 0
0.04 0.359 0 0
0.05 0.3784 0 0
0.06 0.3784 0.006 22.9674
0.07 0.4172 0.0119 25.7377
0.08 0.4443 0.013 27.1533
0.09 0.4792 0.0145 28.6232
0.1 0.5141 0.0154 29.9234
0.11 0.5762 0.0177 31.5994
0.12 0.5645 0.0182 32.3525
0.13 0.5723 0.0188 33.2355
0.14 0.58 0.0212 34.3341
0.15 0.6149 0.0224 35.4568
0.16 0.6382 0.0234 36.4247
0.17 0.6615 0.0252 37.4658
0.18 0.7158 0.0256 38.5513
0.19 0.7429 0.0278 39.6159
0.2 0.7623 0.0289 40.4648
0.21 0.7933 0.028 41.145
0.22 0.8088 0.0321 42.2748
0.23 0.8204 0.033 42.9871
0.24 0.8786 0.0342 44.0609
0.25 0.9135 0.0342 44.8145
0.26 0.9406 0.0368 45.7751
0.27 0.9755 0.0383 46.656
0.28 1.0453 0.0401 47.7837
0.29 1.0725 0.0403 48.451
0.3 1.1112 0.0424 49.3683
0.31 1.15 0.0447 50.2878
0.32 1.1267 0.0454 50.6497
0.33 1.0996 0.0461 50.9709
0.34 1.0919 0.0478 51.4986
0.35 1.0802 0.0481 51.8618
0.36 1.0725 0.0482 52.2248
0.37 1.0453 0.0484 52.4479
0.38 1.0337 0.0486 52.7714
0.39 1.0298 0.0482 53.0884
0.4 0.9717 0.0478 52.9814
0.41 0.9678 0.0475 53.2876
0.42 0.9639 0.0469 53.5579
0.43 0.9562 0.047 53.8567
0.44 0.929 0.0468 53.9581
0.45 0.9057 0.0464 54.0594
0.46 0.8999 0.0459 54.2914
0.47 0.897 0.045 54.5017
0.48 0.913 0.0445 54.9104
0.49 0.929 0.0441 55.3228
0.5 0.9872 0.044 56.1127
0.51 1.0686 0.0437 57.0374
0.52 1.309 0.0421 58.8635
0.53 1.4796 0.0417 60.1814
0.54 1.6463 0.0404 61.2705
0.55 1.8441 0.0392 62.4415
0.56 1.8983 0.0382 62.882
0.57 2.0069 0.038 63.6726
0.58 2.0457 0.0379 64.1438
0.59 2.0651 0.0378 64.5228
0.6 2.0534 0.0376 64.7434
0.61 1.9836 0.0373 64.6754
0.62 1.9487 0.0371 64.7736
0.63 1.9506 0.0204 61.9127
0.64 1.9526 0.018 61.5493
0.65 1.972 0.0155 61.1378
0.66 1.9953 0.0151 61.3682
0.67 1.9991 0.0151 61.6421
0.68 1.9953 0.0131 61.1524
0.69 1.9875 0.0112 60.5716
0.7 1.8247 0.0101 59.5561
0.71 1.7936 0.0084 58.736
0.72 1.7316 0.0075 58.1163
0.73 1.6851 0.0075 58.1113
0.74 1.6928 0.0075 58.3698
0.75 1.623 0.0077 58.3615
0.76 1.5804 0.0078 58.4156
0.77 1.5339 0.0079 58.4386
0.78 1.4951 0.0079 58.4326
0.79 1.4602 0.0081 58.5625
0.8 1.4369 0.0084 58.8093
0.81 1.3943 0.0087 58.9294
0.82 1.3827 0.0089 59.1714
0.83 1.3478 0.009 59.208
0.84 1.34 0.0089 59.3007
0.85 1.34 0.0088 59.4402
0.86 1.34 0.0085 59.4619
0.87 1.3322 0.0075 58.9858
0.88 1.3206 0.007 58.7607
0.89 1.309 0.0066 58.5833
0.9 1.2935 0.0052 57.5126
0.91 1.2818 0.0051 57.5211
0.92 1.2857 0.0052 57.8147
0.93 1.278 0.0054 58.1208
0.94 1.278 0.0063 59.0463
0.95 1.2741 0.0074 59.9921
0.96 1.2663 0.0086 60.8702
0.97 1.2276 0.0095 61.2789
0.98 1.2198 0.0098 61.5565
0.99 1.2334 0.0099 61.8814
1 1.2469 0.0099 62.1519
1.01 1.2935 0.009 62.1594
1.02 1.3982 0.007 61.7281
1.03 1.4369 0.0051 60.5238
1.04 1.4602 0.0045 60.1971
1.05 1.4524 0.0041 59.8456
1.06 1.4292 0.0039 59.616
1.07 1.4098 0.0038 59.5255
1.08 1.3827 0.0039 59.6418
1.09 1.309 0.004 59.4502
1.1 1.2625 0.0043 59.6495
1.11 1.2159 0.0049 60.1267
1.12 1.1849 0.0057 60.8134
1.13 1.1694 0.0064 61.4376
1.14 1.15 0.0076 62.3249
1.15 1.1423 0.0087 63.1219
1.16 1.1306 0.0104 64.1255
1.17 1.1074 0.0127 65.1613
1.18 1.0647 0.0135 65.2778
1.19 0.9406 0.0137 64.3525
1.2 0.867 0.0128 63.3906
1.21 0.7933 0.0133 62.9297
1.22 0.739 0.0135 62.5107
1.23 0.6886 0.0137 62.0946
1.24 0.5645 0.0144 60.7302
1.25 0.5141 0.0151 60.2893
1.26 0.5103 0.0163 60.7438
1.27 0.5316 0.0167 61.3606
1.28 0.5529 0.0203 62.856
1.29 0.6033 0.023 64.4547
1.3 0.6498 0.0259 65.9357
1.31 0.7235 0.0318 68.2622
1.32 0.7778 0.0341 69.526
1.33 0.7933 0.0361 70.2024
1.34 0.8166 0.0387 71.0526
1.35 0.7933 0.0402 71.1281
1.36 0.7778 0.0425 71.4017
1.37 0.7351 0.0457 71.3978
1.38 0.6537 0.0475 70.5699
1.39 0.6266 0.048 70.3432
1.4 0.6072 0.0483 70.2014
1.41 0.5762 0.048 69.7754
1.42 0.5607 0.0477 69.6024
1.43 0.549 0.045 69.1906
1.44 0.4792 0.0431 67.7369
1.45 0.4521 0.0418 67.1296
1.46 0.4405 0.0393 66.6637
1.47 0.3978 0.0348 65.1543
1.48 0.3784 0.0323 64.4082
1.49 0.3513 0.0301 63.4685
1.5 0.3435 0.0271 62.8301
1.51 0.3397 0.0258 62.589
1.52 0.3397 0.0249 62.519
1.53 0.3435 0.0221 62.1139
1.54 0.3474 0.02 61.8121
1.55 0.3629 0.0164 61.2935
1.56 0.3707 0.0148 61.0677
1.57 0.3784 0.0143 61.1824
1.58 0.3784 0.0125 60.6083
1.59 0.3881 0.012 60.7298
1.6 0.3978 0.0121 61.0946
1.61 0.4288 0.0122 61.9078
1.62 0.487 0.0127 63.3729
1.63 0.4986 0.0146 64.4401
1.64 0.5064 0.0148 64.7675
1.65 0.5335 0.0151 65.4752
1.66 0.5413 0.0157 65.9359
1.67 0.5452 0.0153 65.9726
1.68 0.5568 0.0173 66.9638
1.69 0.5607 0.0173 67.1418
1.7 0.5839 0.018 67.8694
1.71 0.5956 0.0198 68.7174
1.72 0.6072 0.0208 69.3039
1.73 0.6498 0.0223 70.504
1.74 0.6964 0.0238 71.7123
1.75 0.7041 0.0248 72.1872
1.76 0.7041 0.0258 72.5398
1.77 0.7041 0.0262 72.7472
1.78 0.7002 0.0255 72.6391
1.79 0.6964 0.0248 72.5272
1.8 0.6731 0.0241 72.1126
1.81 0.6576 0.0232 71.7542
1.82 0.6072 0.0223 70.8103
1.83 0.5723 0.0216 70.13
1.84 0.5374 0.0209 69.4123
1.85 0.487 0.0203 68.3722
1.86 0.4754 0.0193 67.9512
1.87 0.4598 0.0181 67.3657
1.88 0.4521 0.0174 67.0813
1.89 0.4094 0.0165 65.9353
1.9 0.3862 0.0155 65.14
1.91 0.3629 0.0148 64.4051
1.92 0.3241 0.0138 63.0887
1.93 0.3086 0.0125 62.2212
1.94 0.3009 0.0117 61.7437
1.95 0.2854 0.0112 61.1403
1.96 0.266 0.0105 60.2852
1.97 0.2621 0.0099 59.9481
1.98 0.2602 0.0099 59.9697
1.99 0.2631 0.0094 59.8909
2 0.266 0.0089 59.7966
2.01 0.2737 0.0083 59.778
2.02 0.2776 0.008 59.7991
2.03 0.2892 0.0077 60.0441
2.04 0.297 0.0074 60.1578
2.05 0.2931 0.0071 59.9184
2.06 0.3009 0.0073 60.3662
2.07 0.3319 0.0074 61.3766
2.08 0.3513 0.0075 62.0329
2.09 0.3668 0.0075 62.5031
2.1 0.3862 0.0077 63.1905
2.11 0.4211 0.0078 64.136
2.12 0.4327 0.0097 65.6522
2.13 0.4366 0.0097 65.8232
2.14 0.4405 0.0102 66.2699
2.15 0.4405 0.0113 66.9237
2.16 0.4482 0.0126 67.7889
2.17 0.4482 0.0125 67.831
2.18 0.4288 0.0124 67.4413
2.19 0.3823 0.0126 66.5087
2.2 0.3823 0.0127 66.6368
2.21 0.3745 0.0127 66.5231
2.22 0.359 0.0127 66.2024
2.23 0.3319 0.0126 65.4972
2.24 0.3203 0.0125 65.2003
2.25 0.3086 0.0112 64.3417
2.26 0.3009 0.0107 63.9437
2.27 0.2892 0.0107 63.6576
2.28 0.2854 0.0099 63.2042
2.29 0.2815 0.0086 62.4205
2.3 0.2796 0.0076 61.7964
2.31 0.2844 0.0073 61.8153
2.32 0.2892 0.0068 61.6738
2.33 0.297 0.0058 61.1698
2.34 0.3048 0.0053 61.0123
2.35 0.3241 0.0055 61.8174
2.36 0.3435 0.0053 62.2186
2.37 0.3435 0.0053 62.2918
2.38 0.3435 0.0053 62.3648
2.39 0.3493 0.0054 62.6857
2.4 0.3552 0.0055 63.0061
2.41 0.3668 0.0058 63.6522
2.42 0.3668 0.0061 63.9935
2.43 0.3707 0.0063 64.337
2.44 0.3745 0.0063 64.5052
2.45 0.3784 0.0066 64.9258
2.46 0.3745 0.0067 64.9837
2.47 0.3745 0.0067 65.057
2.48 0.3959 0.0067 65.6534
2.49 0.4172 0.0076 66.9229
2.5 0.4637 0.0085 68.6611
2.51 0.5258 0.0102 71.0626
2.52 0.6033 0.0108 72.9096
2.53 0.8243 0.0115 76.7453
2.54 0.9406 0.0111 78.0733
2.55 1.0531 0.0136 80.7945
2.56 1.1733 0.0137 82.2013
2.57 1.2043 0.0142 82.8467
2.58 1.2276 0.0143 83.214
2.59 1.2586 0.0134 83.1523
2.6 1.2896 0.0124 82.9963
2.61 1.3322 0.0123 83.4184
2.62 1.3129 0.0144 84.4319
2.63 1.2896 0.0151 84.6373
2.64 1.1733 0.0158 83.8971
2.65 1.1112 0.016 83.4175
2.66 1.0492 0.0162 82.903
2.67 0.9329 0.0195 82.8658
2.68 0.8864 0.0235 83.6317
2.69 0.9426 0.0209 83.6427
2.7 0.9988 0.0306 87.1513
2.71 1.0608 0.035 88.99
2.72 1.1539 0.0356 90.2944
2.73 1.278 0.0381 92.2453
2.74 1.34 0.0403 93.4065
2.75 1.4331 0.0419 94.7162
2.76 1.561 0.0434 96.2675
2.77 1.6463 0.0433 97.0868
2.78 1.8712 0.0442 99.1623
2.79 1.9875 0.046 100.46
2.8 2.1814 0.0475 102.19
2.81 2.3559 0.0493 103.751
2.82 2.4373 0.0503 104.538
2.83 2.5148 0.052 105.404
2.84 2.4528 0.0538 105.427
2.85 2.3791 0.0536 105.035
2.86 2.1736 0.0538 103.811
2.87 2.0767 0.0543 103.311
2.88 1.9604 0.0538 102.477
2.89 1.6967 0.0532 100.371
2.9 1.5455 0.0518 98.906
2.91 1.4137 0.0492 97.3202
2.92 1.309 0.0462 95.8367
2.93 1.2237 0.045 94.7937
2.94 1.1461 0.0435 93.7279
2.95 1.1112 0.0432 93.3458
2.96 1.0725 0.0424 92.8135
2.97 1.0453 0.0377 91.6572
2.98 1.0104 0.0368 91.112
2.99 1.0124 0.0348 90.7997
3 1.0143 0.0335 90.6211
3.01 1.0162 0.0333 90.6842
3.02 1.0182 0.0338 90.9062
3.03 1.0414 0.0342 91.3749
3.04 1.119 0.0403 93.6806
3.05 1.1888 0.0421 94.9312
3.06 1.278 0.0416 95.9174
3.07 1.3943 0.041 97.0987
3.08 1.813 0.0408 100.891
3.09 2.0883 0.0417 103.246
3.1 2.9646 0.0426 108.88
3.11 3.6625 0.0422 112.257
3.12 4.2713 0.0433 115.12
3.13 4.6435 0.042 116.321
3.14 4.7598 0.0407 116.535
3.15 4.8102 0.0407 116.815
3.16 4.8722 0.0408 117.158
3.17 4.9265 0.0414 117.591
3.18 4.9847 0.0417 117.964
3.19 5.0235 0.0433 118.569
3.2 5.0932 0.0429 118.816
3.21 5.1747 0.0425 119.099
3.22 5.1979 0.0406 118.826
3.23 5.2057 0.0352 117.55
3.24 5.1669 0.032 116.596
3.25 5.1514 0.0324 116.766
3.26 5.1088 0.0329 116.875
3.27 5.0894 0.0357 117.707
3.28 5.0506 0.037 118.028
3.29 5.0118 0.0362 117.783
3.3 4.8994 0.0355 117.307
3.31 4.8025 0.0313 115.849
3.32 4.5853 0.0288 114.381
3.33 4.4768 0.031 114.783
3.34 4.2441 0.0281 113.071
3.35 4.1356 0.0252 111.727
3.36 3.9145 0.0304 112.684
3.37 3.7982 0.0312 112.531
3.38 3.5966 0.032 111.978
3.39 3.488 0.0338 112.086
3.4 3.3213 0.0341 111.471
3.41 3.2787 0.0324 110.882
3.42 3.1934 0.0307 110.057
3.43 3.1236 0.0287 109.183
3.44 2.9219 0.0277 107.907
3.45 2.7707 0.0259 106.574
3.46 2.5807 0.0249 105.229
3.47 2.3597 0.0258 104.272
3.48 2.1232 0.0266 103.042
3.49 1.8673 0.0318 102.75
3.5 1.4447 0.0309 98.8647
3.51 1.3478 0.0299 97.6911
3.52 1.2663 0.029 96.6481
3.53 1.1345 0.0289 95.1783
3.54 1.0686 0.0242 93.0515
3.55 1.0027 0.0242 92.2749
3.56 0.9251 0.0248 91.4683
3.57 0.9096 0.0253 91.4689
3.58 0.8864 0.0262 91.4658
3.59 0.867 0.0243 90.6758
3.6 0.8127 0.0224 89.2977
3.61 0.7894 0.0202 88.2309
3.62 0.7506 0.019 87.2147
3.63 0.708 0.0184 86.3196
3.64 0.6692 0.0092 80.8856
3.65 0.6479 0.0149 83.869
3.66 0.6508 0.0205 86.2462
3.67 0.6537 0.021 86.5402
3.68 0.7158 0.023 88.4116
3.69 0.8127 0.0242 90.4929
3.7 0.9368 0.0278 93.506
3.71 1.2121 0.0277 97.084
3.72 1.3633 0.0281 98.9333
3.73 1.5145 0.0272 100.246
3.74 1.5222 0.0264 100.145
3.75 1.4214 0.0265 99.2667
3.76 1.3439 0.0267 98.6031
3.77 1.2121 0.0281 97.6343
3.78 1.1539 0.0294 97.3821
3.79 1.1112 0.0307 97.2755
3.8 1.1907 0.0332 98.9628
3.81 1.2702 0.0311 99.4192
3.82 1.4563 0.0434 104.323
3.83 1.6347 0.0495 107.318
3.84 1.9216 0.0525 110.465
3.85 2.0767 0.0587 112.831
3.86 2.1659 0.0623 114.162
3.87 2.352 0.0626 115.655
3.88 2.6544 0.0629 117.818
3.89 2.7785 0.0632 118.728
3.9 3.174 0.0635 121.159
3.91 3.4531 0.0636 122.742
3.92 4.1898 0.0619 126.013
3.93 4.597 0.0603 127.52
3.94 5.2445 0.0494 127.915
3.95 5.3763 0.0458 127.657
3.96 5.4732 0.0405 126.772
3.97 5.5508 0.0381 126.474
3.98 5.512 0.037 126.127
3.99 5.3608 0.0358 125.366
4 5.2561 0.0351 124.892
4.01 4.9653 0.0316 122.88
4.02 4.8296 0.0306 122.148
4.03 4.597 0.03 121.167
4.04 4.4535 0.031 121.028
4.05 4.1084 0.0319 119.998
4.06 3.9301 0.0335 119.803
4.07 3.7595 0.0369 120.083
4.08 3.3872 0.0386 118.818
4.09 3.1972 0.0416 118.651
4.1 2.856 0.0436 117.275
4.11 2.7165 0.0458 116.99
4.12 2.445 0.0467 115.494
4.13 2.3326 0.0469 114.832
4.14 2.1581 0.0458 113.406
4.15 2.0883 0.0446 112.696
4.16 1.9681 0.0427 111.409
4.17 1.8945 0.0379 109.779
4.18 1.8092 0.0338 108.091
4.19 1.6308 0.0338 106.558
4.2 1.5145 0.0307 104.657
4.21 1.3788 0.0303 103.208
4.22 1.2431 0.0303 101.747
4.23 1.1306 0.0303 100.432
4.24 1.0453 0.0307 99.4778
4.25 1.0318 0.0306 99.3298
4.26 1.0444 0.0335 100.322
4.27 1.057 0.0362 101.211
4.28 1.1423 0.0318 101.317
4.29 1.2469 0.0351 103.517
4.3 1.3749 0.0384 105.84
4.31 1.5222 0.0361 106.921
4.32 1.7277 0.0398 109.847
4.33 2.0496 0.0403 112.772
4.34 2.414 0.0383 115.047
4.35 3.0344 0.0342 117.86
4.36 3.4415 0.0301 118.824
4.37 3.5423 0.0267 118.21
4.38 3.6393 0.0228 117.196
4.39 3.6548 0.0222 117.082
4.4 3.6393 0.0213 116.682
4.41 3.5617 0.022 116.708
4.42 3.3872 0.0228 116.285
4.43 3.2864 0.0241 116.388
4.44 3.1662 0.0273 117.046
4.45 2.984 0.0295 116.875
4.46 2.9103 0.0296 116.561
4.47 2.794 0.0298 116.015
4.48 2.7513 0.0304 116.022
4.49 2.7009 0.0309 115.943
4.5 2.6699 0.0314 115.977
4.51 2.5769 0.0314 115.457
4.52 2.5071 0.0364 116.496
4.53 2.3791 0.038 116.106
4.54 2.3171 0.0381 115.762
4.55 2.2589 0.0384 115.484
4.56 2.131 0.038 114.489
4.57 2.0728 0.0377 114.028
4.58 2.0108 0.0374 113.524
4.59 1.8983 0.0383 112.878
4.6 1.8479 0.0393 112.751
4.61 1.7936 0.0416 112.868
4.62 1.7161 0.042 112.31
4.63 1.6308 0.0355 110.005
4.64 1.6134 0.029 108.068
4.65 1.6705 0.0289 108.644
4.66 1.7277 0.0264 108.418
4.67 1.9294 0.025 109.723
4.68 2.3093 0.0253 112.779
4.69 2.5614 0.0255 114.617
4.7 2.6389 0.0274 115.869
4.71 2.5556 0.0305 116.437
4.72 2.4722 0.0341 117.032
4.73 2.4528 0.0392 118.332
4.74 2.4218 0.0406 118.53
4.75 2.3404 0.0406 118.017
4.76 2.3016 0.0408 117.851
4.77 2.3113 0.0398 117.747
4.78 2.321 0.0388 117.638
4.79 2.4567 0.0385 118.597
4.8 2.7707 0.0344 119.613
4.81 2.9103 0.0353 120.791
4.82 2.9995 0.0363 121.67
4.83 3.1003 0.038 122.788
4.84 3.1158 0.037 122.674
4.85 3.0964 0.0367 122.551
4.86 3.0305 0.0373 122.407
4.87 2.9879 0.038 122.417
4.88 2.9413 0.0385 122.343
4.89 2.8483 0.0388 121.926
4.9 2.7979 0.04 121.991
4.91 2.666 0.0397 121.138
4.92 2.5885 0.0394 120.617
4.93 2.511 0.0374 119.638
4.94 2.3132 0.0323 116.865
4.95 2.2046 0.0323 116.124
4.96 2.0844 0.0316 115.045
4.97 1.941 0.0322 114.113
4.98 1.5843 0.0295 110.081
4.99 1.4059 0.0287 108.017
5 1.2508 0.0279 106.023
5.01 1.1035 0.03 104.816
5.02 1.1035 0.0316 105.329
5.03 1.0104 0.0333 104.512
5.04 0.9872 0.034 104.402
5.05 1.0046 0.0342 104.773
5.06 1.0221 0.0339 105.015
5.07 1.0802 0.0336 105.834
5.08 1.15 0.0327 106.61
5.09 1.2121 0.0307 106.917
5.1 1.2741 0.0286 107.113
5.11 1.3206 0.028 107.536
5.12 1.3206 0.0281 107.626
5.13 1.2896 0.0278 107.221
5.14 1.1927 0.0263 105.591
5.15 1.1423 0.0242 104.269
5.16 1.0337 0.0242 102.835
5.17 0.991 0.0242 102.267
5.18 0.9484 0.0236 101.465
5.19 0.9329 0.0234 101.207
5.2 0.9251 0.0215 100.428
5.21 0.9251 0.0206 100.125
5.22 0.9019 0.0204 99.7319
5.23 0.8592 0.0201 98.9685
5.24 0.8127 0.0201 98.2308
5.25 0.7623 0.0198 97.2592
5.26 0.7158 0.0197 96.3921
5.27 0.6809 0.0196 95.7108
5.28 0.6692 0.0199 95.6433
5.29 0.6615 0.0201 95.6138
5.3 0.6673 0.0201 95.7844
5.31 0.6731 0.0207 96.1892
5.32 0.6886 0.0206 96.5167
5.33 0.708 0.0205 96.9149
5.34 0.77 0.0208 98.2634
5.35 0.801 0.0212 99.0317
5.36 0.8476 0.0216 100.049
5.37 0.867 0.0227 100.843
5.38 0.898 0.0232 101.591
5.39 0.929 0.0238 102.359
5.4 0.9949 0.025 103.851
5.41 1.0531 0.0255 104.932
5.42 1.0686 0.0265 105.544
5.43 1.1074 0.0269 106.274
5.44 1.1578 0.0271 107.078
5.45 1.1772 0.0287 107.903
5.46 1.2082 0.0348 110.115
5.47 1.2314 0.0376 111.186
5.48 1.2508 0.0403 112.139
5.49 1.309 0.0433 113.609
5.5 1.4563 0.0407 114.833
5.51 1.5688 0.0398 115.912
5.52 1.8789 0.0388 118.771
5.53 2.4761 0.0382 123.488
5.54 2.9762 0.0375 126.672
5.55 3.1972 0.033 126.695
5.56 3.5695 0.031 128.117
5.57 3.8874 0.0273 128.4
5.58 4.1123 0.0252 128.649
5.59 4.2906 0.0246 129.243
5.6 4.3721 0.0231 128.981
5.61 4.5117 0.0227 129.442
5.62 4.6163 0.0219 129.547
5.63 4.6357 0.0214 129.441
5.64 4.628 0.0228 130.158
5.65 4.5698 0.022 129.599
5.66 4.5117 0.0225 129.666
5.67 4.4341 0.0229 129.596
5.68 4.3798 0.0257 130.678
5.69 4.3255 0.0299 132.161
5.7 4.3023 0.0322 132.941
5.71 4.2441 0.0364 134.106
5.72 4.186 0.0394 134.79
5.73 4.1278 0.0379 134.15
5.74 4.1123 0.043 135.559
5.75 4.1045 0.0448 136.051
5.76 4.1045 0.0458 136.367
5.77 4.1045 0.0467 136.654
5.78 4.1414 0.0478 137.161
5.79 4.1782 0.0493 137.756
5.8 4.2635 0.0504 138.478
5.81 4.3023 0.0496 138.54
5.82 4.3721 0.0489 138.764
5.83 4.3721 0.0469 138.349
5.84 4.3255 0.0427 137.127
5.85 4.2751 0.0409 136.471
5.86 4.1821 0.0398 135.795
5.87 4.1549 0.0365 134.758
5.88 4.1433 0.0336 133.842
5.89 4.1414 0.0284 132.037
5.9 4.1481 0.0273 131.696
5.91 4.1549 0.0226 129.734
5.92 4.1511 0.0221 129.537
5.93 4.1278 0.0216 129.246
5.94 4.0541 0.0239 130.062
5.95 4.0076 0.0262 130.904
5.96 3.9184 0.0282 131.342
5.97 3.8874 0.0293 131.672
5.98 3.9048 0.0313 132.544
5.99 3.9223 0.0316 132.796
6 3.9611 0.0319 133.151
6.01 4.0425 0.0347 134.542
6.02 4.089 0.0361 135.271
6.03 4.1743 0.0379 136.287
6.04 4.2209 0.0376 136.477
6.05 4.3333 0.0374 136.997
6.06 4.4031 0.0362 137.003
6.07 4.5659 0.0297 135.534
6.08 4.7055 0.0298 136.224
6.09 4.7443 0.022 133.045
6.1 4.721 0.0218 132.911
6.11 4.69 0.023 133.439
6.12 4.5582 0.0242 133.516
6.13 4.4419 0.0256 133.705
6.14 4.2596 0.0296 134.576
6.15 4.1394 0.0312 134.672
6.16 4.0774 0.0347 135.635
6.17 3.9766 0.0349 135.273
6.18 3.9611 0.0351 135.322
6.19 3.9534 0.0353 135.409
6.2 3.9572 0.0355 135.552
6.21 3.9611 0.0376 136.282
6.22 3.9805 0.0377 136.469
6.23 3.9843 0.0373 136.428
6.24 4.0076 0.0369 136.481
6.25 4.0231 0.0355 136.178
6.26 4.089 0.0311 135.063
6.27 4.1433 0.0297 134.862
6.28 4.2713 0.0253 133.718
6.29 4.3604 0.0164 129.422
6.3 4.3798 0.021 132.255
6.31 4.3759 0.0237 133.635
6.32 4.3488 0.0264 134.778
6.33 4.2945 0.0288 135.572
6.3401 4.3216 0.0312 136.662
6.3501 4.3488 0.0299 136.362
6.3601 4.531 0.0304 137.419
6.3701 4.6318 0.0287 137.257
6.3801 4.8994 0.027 137.73
6.3901 5.0428 0.0257 137.797
6.4001 5.2949 0.0255 138.739
6.4101 5.3802 0.0263 139.477
6.4201 5.4771 0.027 140.202
6.4301 5.4887 0.0271 140.349
6.4401 5.4577 0.0327 142.505
6.4501 5.4732 0.0354 143.569
6.4601 5.4887 0.0409 145.426
6.4701 5.5469 0.0419 146.003
6.4801 5.6128 0.0442 146.967
6.4901 5.8261 0.0473 148.657
6.5001 5.9773 0.0532 150.738
6.5101 6.3689 0.0551 152.632
6.5201 6.6713 0.0579 154.355
6.5301 7.3886 0.0607 157.326
6.5401 7.7608 0.065 159.416
6.5501 8.451 0.0634 161.118
6.5601 8.7922 0.0619 161.785
6.5701 9.4358 0.0583 162.695
6.5801 9.7344 0.0528 162.153
6.5901 10.382 0.0528 163.733
6.6001 10.801 0.0529 164.764
6.6101 11.789 0.0526 166.845
6.6201 12.297 0.0527 167.959
6.6301 13.197 0.0529 169.801
6.6401 13.507 0.0562 171.301
6.6501 13.899 0.0517 170.89
6.6601 14.1 0.0473 170.052
6.6701 14.158 0.0476 170.313
6.6801 14.193 0.0479 170.534
6.6901 14.158 0.0505 171.296
6.7001 14.058 0.0492 170.821
6.7101 14.015 0.0553 172.486
6.7201 13.7455 0.0648 174.36
6.7301 14.0218 0.0648 174.933
6.7401 14.298 0.0649 175.52
6.7501 14.802 0.0649 176.47
6.7601 15.136 0.067 177.581
6.7701 15.314 0.0717 178.96
6.7801 15.469 0.0728 179.52
6.7901 15.504 0.0739 179.877
6.8001 15.632 0.0736 180.102
6.8101 15.702 0.0765 180.873
6.8201 15.674 0.0776 181.115
6.8301 15.657 0.0837 182.304
6.8401 15.64 0.0841 182.422
6.8501 15.6495 0.0872 183.063
6.8601 15.659 0.0889 183.448
6.8701 15.647 0.0901 183.707
6.8801 15.519 0.0904 183.614
6.8901 15.384 0.087 182.873
6.9001 15.221 0.0883 182.892
6.9101 15.178 0.0895 183.097
6.9201 15.1975 0.0922 183.658
6.9301 15.217 0.0926 183.832
6.9401 15.322 0.093 184.154
6.9501 15.399 0.0952 184.72
6.9601 15.605 0.0961 185.292
6.9701 15.771 0.0967 185.745
6.9801 15.837 0.0983 186.185
6.9901 15.954 0.097 186.25
7.0001 16.02 0.0971 186.451
7.0101 16.105 0.0971 186.667
7.0201 16.186 0.0988 187.146
7.0301 16.252 0.1005 187.596
7.0401 16.306 0.1019 187.976
7.0501 16.353 0.1026 188.236
7.0601 16.357 0.1035 188.453
7.0701 16.376 0.1031 188.498
7.0801 16.411 0.103 188.615
7.0901 16.431 0.1028 188.692
7.1001 16.442 0.1011 188.522
7.1101 16.473 0.0995 188.397
7.1201 16.493 0.0996 188.519
7.1301 16.531 0.0968 188.208
7.1401 16.57 0.0971 188.394
7.1501 16.613 0.0975 188.602
7.1601 16.694 0.0987 189
7.1701 16.88 0.1007 189.691
7.1801 17.016 0.1009 190.016
7.1901 17.245 0.1012 190.502
7.2001 17.505 0.1011 190.972
7.2101 17.675 0.1019 191.437
7.2201 17.749 0.1018 191.61
7.2301 17.85 0.1016 191.809
7.2401 17.846 0.1017 191.892
7.2501 17.954 0.1018 192.149
7.2601 18.024 0.1022 192.393
7.2701 18.055 0.1044 192.855
7.2801 18.051 0.1038 192.831
7.2901 17.997 0.1043 192.898
7.3001 17.927 0.1048 192.94
7.3101 17.822 0.1074 193.244
7.3201 17.795 0.1085 193.439
7.3301 17.729 0.1086 193.424
7.3401 17.664 0.1071 193.171
7.3501 17.629 0.1071 193.189
7.3601 17.578 0.1079 193.301
7.3701 17.435 0.1086 193.251
7.3801 17.249 0.1088 193.055
7.3901 17.268 0.1096 193.276
7.4001 17.2565 0.1091 193.256
7.4101 17.2798 0.1086 193.293
7.4201 17.303 0.1078 193.284
7.4301 17.396 0.1079 193.52
7.4401 17.578 0.1079 193.883
7.4501 17.706 0.1043 193.611
7.4601 17.78 0.1053 193.953
7.4701 17.974 0.1051 194.298
7.4801 18.125 0.1049 194.574
7.4901 18.315 0.1011 194.341
7.5001 18.443 0.1002 194.464
7.5101 18.749 0.0998 194.932
7.5201 19.055 0.0995 195.411
7.5301 19.3 0.0991 195.777
7.5401 19.42 0.0987 195.958
7.5501 19.505 0.0984 196.104
7.5601 19.525 0.0982 196.172
7.5701 19.509 0.098 196.188
7.5801 19.401 0.0935 195.338
7.5901 19.288 0.091 194.805
7.6001 19.168 0.0934 195.123
7.6101 19.048 0.0959 195.447
7.6201 18.85 0.0961 195.259
7.6301 18.761 0.0971 195.365
7.6401 18.478 0.0877 193.364
7.6501 18.206 0.0782 191.189
7.6601 18.051 0.0774 190.86
7.6701 17.594 0.0784 190.429
7.6801 17.051 0.0831 190.56
7.6901 16.888 0.0878 191.239
7.7001 16.403 0.0889 190.705
7.7101 16.1045 0.0899 190.447
7.7201 16.0117 0.0942 191.098
7.7301 16.1029 0.0986 192.052
7.7401 16.194 0.1014 192.725
7.7501 16.772 0.1042 194.21
7.7601 17.097 0.1049 194.926
7.7701 17.687 0.1035 195.732
7.7801 17.989 0.1022 196.074
7.7901 18.408 0.1031 196.939
7.8001 18.52 0.1017 196.957
7.8101 18.586 0.1027 197.289
7.8201 18.765 0.0944 196.25
7.8301 18.889 0.0867 195.12
7.8401 19.137 0.0818 194.612
7.8501 19.214 0.0801 194.454
7.8601 19.245 0.0795 194.446
7.8701 19.401 0.0788 194.598
7.8801 19.474 0.0784 194.689
7.8901 19.548 0.0781 194.802
7.9001 19.548 0.0742 194.042
7.9101 19.587 0.0751 194.361
7.9201 19.637 0.0759 194.672
7.9301 19.967 0.0804 196.146
7.9401 20.157 0.0879 197.946
7.9501 20.641 0.0917 199.394
7.9601 20.893 0.1004 201.325
7.9701 21.32 0.0999 201.899
7.9801 21.463 0.1019 202.497
7.9901 21.595 0.1056 203.349
8.0001 21.58 0.1099 204.076
8.0101 21.49 0.1098 204.009
8.0201 21.452 0.1098 204.028
8.0301 21.331 0.1075 203.573
8.0401 21.269 0.1051 203.176
8.0501 21.079 0.1038 202.774
8.0601 20.967 0.1045 202.802
8.0701 20.688 0.1052 202.593
8.0801 20.587 0.1051 202.504
8.0901 20.261 0.106 202.252
8.1001 20.095 0.104 201.762
8.1101 19.796 0.1021 201.088
8.1201 19.653 0.0988 200.398
8.1301 19.342 0.0959 199.512
8.1401 19.214 0.0952 199.267
8.1501 18.982 0.0934 198.671
8.1601 18.897 0.0915 198.271
8.1701 18.852 0.0926 198.468
8.1801 18.89 0.0911 198.323
8.1901 18.928 0.0902 198.284
8.2001 19.079 0.0895 198.45
8.2101 19.401 0.0889 198.885
8.2201 19.579 0.0893 199.289
8.2301 19.579 0.0878 199.075
8.2401 19.54 0.0883 199.179
8.2501 19.474 0.0881 199.112
8.2601 19.447 0.0878 199.083
8.2701 19.354 0.0857 198.612
8.2801 19.261 0.0916 199.643
8.2901 19.024 0.0975 200.393
8.3001 18.939 0.0982 200.45
8.3101 18.617 0.0988 200.124
8.3201 18.358 0.0873 197.741
8.3301 18.195 0.0871 197.516
8.3401 17.978 0.0868 197.184
8.3501 17.869 0.0965 198.821
8.3601 17.543 0.0974 198.514
8.3701 17.388 0.0922 197.423
8.3801 17.07 0.087 196.016
8.3901 16.907 0.0878 195.959
8.4001 16.524 0.087 195.23
8.4101 16.361 0.087 195.016
8.4201 15.989 0.0869 194.416
8.4301 15.83 0.0856 193.957
8.4401 15.504 0.0858 193.478
8.4501 15.38 0.0856 193.281
8.4601 15.256 0.0844 192.893
8.4701 15.116 0.0833 192.49
8.4801 15.054 0.0827 192.323
8.4901 15.0695 0.0815 192.181
8.5001 15.085 0.0815 192.272
8.5101 15.178 0.0815 192.505
8.5201 15.271 0.0805 192.54
8.5301 15.434 0.0814 193.076
8.5401 15.461 0.0822 193.345
8.5501 15.496 0.0843 193.877
8.5601 15.527 0.088 194.69
8.5701 15.562 0.0878 194.78
8.5801 15.578 0.0889 195.074
8.5901 15.585 0.0905 195.439
8.6001 15.601 0.0874 194.965
8.6101 15.581 0.0843 194.407
8.6201 15.558 0.0869 194.921
8.6301 15.547 0.0894 195.424
8.6401 15.535 0.09 195.574
8.6501 15.496 0.0924 195.995
8.6601 15.453 0.0913 195.784
8.6701 15.384 0.0929 196.004
8.6801 15.1125 0.0945 195.843
8.6901 14.841 0.0948 195.446
8.7001 14.852 0.0957 195.684
8.7101 14.829 0.0967 195.872
8.7201 14.678 0.098 195.863
8.7301 14.628 0.0978 195.796
8.7401 14.441 0.0989 195.678
8.7501 14.364 0.1008 195.899
8.7601 14.314 0.0994 195.635
8.7701 14.1 0.1016 195.629
8.7801 13.996 0.1018 195.515
8.7901 13.798 0.1023 195.256
8.8001 13.67 0.1028 195.134
8.8101 13.534 0.1028 194.915
8.8201 13.302 0.1035 194.602
8.8301 13.197 0.1034 194.425
8.8401 12.906 0.1032 193.832
8.8501 12.763 0.1033 193.598
8.8601 12.449 0.103 192.918
8.8701 12.286 0.102 192.457
8.8801 11.929 0.1019 191.685
8.8901 11.747 0.1021 191.353
8.9001 11.452 0.102 190.697
8.9101 11.32 0.102 190.438
8.9201 11.188 0.0999 189.847
8.9301 10.944 0.0981 189.018
8.9401 10.824 0.0969 188.584
8.9501 10.514 0.0958 187.677
8.9601 10.332 0.0943 187.018
8.9701 9.9864 0.0938 186.079
8.9801 9.843 0.0926 185.551
8.9901 9.5871 0.0922 184.839
9.0001 9.4475 0.0886 183.895
9.0101 9.2342 0.0882 183.279
9.0201 9.2168 0.0823 182.233
9.0301 9.2507 0.0806 182.069
9.0401 9.2846 0.0802 182.146
9.0501 9.6413 0.0799 183.136
9.0601 9.874 0.0777 183.396
9.0701 10.487 0.0743 184.363
9.0801 10.801 0.0713 184.571
9.0901 11.343 0.0705 185.759
9.1001 11.514 0.0673 185.498
9.1101 11.832 0.0626 185.166
9.1201 11.96 0.0549 183.495
9.1301 12.107 0.0596 185.135
9.1401 12.173 0.0507 182.859
9.1501 12.197 0.0475 181.977
9.1601 12.142 0.0465 181.592
9.1701 12.007 0.0468 181.452
9.1801 11.941 0.0472 181.491
9.1901 11.739 0.051 182.271
9.2001 11.58 0.0542 182.892
9.2101 11.564 0.0548 183.079
9.2201 11.561 0.059 184.256
9.2301 11.553 0.0613 184.88
9.2401 11.545 0.0665 186.174
9.2501 11.491 0.0712 187.165
9.2601 11.452 0.0773 188.414
9.2701 11.363 0.0813 189.05
9.2801 11.332 0.0805 188.877
9.2901 11.25 0.0865 189.869
9.3001 11.223 0.0842 189.434
9.3101 11.119 0.0926 190.74
9.3201 11.045 0.0895 190.075
9.3301 10.882 0.0934 190.399
9.3401 10.777 0.0892 189.464
9.3501 10.719 0.0881 189.177
9.3601 10.603 0.0882 188.955
9.3701 10.545 0.0877 188.773
9.3801 10.386 0.0873 188.344
9.3901 10.316 0.0866 188.091
9.4001 10.153 0.0866 187.715
9.4101 10.068 0.0865 187.526
9.4201 9.936 0.086 187.135
9.4301 9.8779 0.0856 186.959
9.4401 9.7848 0.0847 186.595
9.4501 9.6607 0.084 186.179
9.4601 9.5793 0.0834 185.896
9.4701 9.4746 0.0829 185.564
9.4801 9.4281 0.0824 185.393
9.4901 9.3467 0.0822 185.179
9.5001 9.2924 0.082 185.04
9.5101 9.242 0.0803 184.627
9.5201 9.2265 0.0753 183.652
9.5301 9.2226 0.0795 184.525
9.5401 9.2594 0.0787 184.53
9.5501 9.2963 0.0778 184.513
9.5601 9.3157 0.0767 184.403
9.5701 9.4203 0.0753 184.471
9.5801 9.5018 0.0753 184.753
9.5901 9.6297 0.0687 183.755
9.6001 9.715 0.0651 183.22
9.6101 9.8701 0.0656 183.808
9.6201 9.9593 0.066 184.193
9.6301 10.01 0.0666 184.52
9.6401 10.079 0.0679 185.053
9.6501 10.068 0.0701 185.569
9.6601 9.8876 0.0706 185.249
9.6701 9.8963 0.0729 185.821
9.6801 9.905 0.0749 186.317
9.6901 10.01 0.0754 186.757
9.7001 10.072 0.0764 187.182
9.7101 10.258 0.0775 187.953
9.7201 10.335 0.0789 188.49
9.7301 10.428 0.0799 188.985
9.7401 10.498 0.0812 189.475
9.7501 10.688 0.0815 190.078
9.7601 10.766 0.0817 190.37
9.7701 10.851 0.083 190.891
9.7801 11.018 0.0842 191.594
9.7901 11.119 0.0859 192.22
9.8001 11.297 0.0871 192.937
9.8101 11.378 0.0897 193.664
9.8201 11.53 0.0891 193.981
9.8301 11.568 0.09 194.29
9.8401 11.638 0.0901 194.532
9.8501 11.646 0.0906 194.696
9.8601 11.665 0.0911 194.886
9.8701 11.689 0.0909 194.963
9.8801 11.72 0.0977 196.267
9.8901 11.747 0.0934 195.653
9.9001 11.7 0.0941 195.716
9.9101 11.665 0.0947 195.79
9.9201 11.549 0.0976 196.055
9.9301 11.483 0.0989 196.164
9.9401 11.359 0.0996 196.027
9.9501 11.157 0.1009 195.787
9.9601 11.072 0.1001 195.497
9.9701 10.851 0.1001 194.984
9.9801 10.774 0.1002 194.855
9.9901 10.549 0.1003 194.334
10 10.417 0.1005 194.068
10.01 10.173 0.1009 193.524
10.02 10.045 0.1014 193.305
10.03 9.7887 0.1019 192.719
10.04 9.6569 0.1054 192.938
10.05 9.3893 0.1053 192.196
10.06 9.2497 0.1107 192.635
10.07 8.8387 0.1168 192.288
10.08 8.5518 0.1276 192.843
10.09 7.9353 0.1298 191.1
10.1 7.5786 0.133 190.276
10.11 6.8225 0.1365 187.875
10.12 6.4891 0.1317 186.021
10.13 6.0471 0.1269 183.623
10.14 6.082 0.1114 181.844
10.15 6.1169 0.1254 183.846
10.16 6.5317 0.1087 183.448
10.17 7.5205 0.1204 188.86
10.18 8.5363 0.1045 190.136
10.19 8.9202 0.0988 190.506
10.2 9.4203 0.0967 191.717
10.21 9.2808 0.0926 190.67
10.22 8.8 0.0911 189.009
10.23 8.5363 0.0878 187.657
10.24 8.0827 0.0877 186.22
10.25 7.8927 0.0871 185.528
10.26 7.9179 0.0842 185.141
10.27 7.9431 0.08 184.489
10.28 8.5402 0.0761 185.701
10.29 8.9163 0.0696 185.524
10.3 9.5909 0.0691 187.421
10.31 9.7964 0.0699 188.225
10.32 9.8507 0.0706 188.582
10.33 9.7189 0.0702 188.178
10.34 9.242 0.0698 186.781
10.35 8.9667 0.0648 184.873
10.36 8.3424 0.0629 182.558
10.37 7.9508 0.0638 181.562
10.38 7.2025 0.0637 179.02
10.39 6.8458 0.0636 177.74
10.4 6.1634 0.0621 174.772
10.41 5.8532 0.0607 173.195
10.42 5.4151 0.0628 171.797
10.43 5.3104 0.0648 171.808
10.44 5.2794 0.0724 173.3
10.45 5.2406 0.0802 174.643
10.46 5.3181 0.0799 175.004
10.47 5.3957 0.0805 175.525
10.48 5.4732 0.0794 175.732
10.49 5.4693 0.0784 175.575
10.5 5.5004 0.071 174.321
10.51 5.45 0.0675 173.405
10.52 5.4926 0.0678 173.71
10.53 5.2328 0.0681 172.611
10.54 5.0273 0.0701 172.077
10.55 4.659 0.071 170.428
10.56 4.438 0.0748 170.02
10.57 4.0425 0.0746 167.757
10.58 3.8835 0.0745 166.815
10.59 3.6005 0.0578 161.602
10.6 3.4687 0.0572 160.639
10.61 3.1817 0.0551 158.203
10.62 3.0344 0.0543 156.976
10.63 2.8328 0.0542 155.447
10.64 2.8386 0.0608 157.027
10.65 2.8444 0.0673 158.448
10.66 2.9607 0.0701 159.948
10.67 2.9064 0.071 159.733
10.68 2.7785 0.07 158.556
10.69 2.7165 0.0689 157.874
10.7 2.7358 0.0682 157.942
10.71 2.7552 0.0672 157.95
10.72 2.9219 0.0635 158.584
10.73 3.0964 0.0611 159.443
10.74 3.1856 0.0607 160.051
10.75 3.2089 0.0607 160.26
10.76 3.1662 0.0613 160.124
10.77 2.9762 0.0619 158.873
10.78 2.7785 0.0623 157.433
10.79 2.5807 0.0627 155.891
10.8 2.2899 0.0625 153.229
10.81 2.2725 0.0623 153.059
10.82 2.448 0.058 153.829
10.83 2.6234 0.0537 154.417
10.84 2.9026 0.0484 155.373
10.85 3.2399 0.0452 156.997
10.86 4.027 0.0461 162.299
10.87 4.3798 0.0457 164.197
10.88 4.6939 0.0467 166.184
10.89 5.2871 0.0465 169.039
10.9 5.6555 0.0463 170.669
10.91 6.0665 0.0471 172.692
10.92 7.0784 0.0478 176.833
10.93 7.6755 0.048 179.015
10.94 8.8155 0.048 182.667
10.95 9.3195 0.0448 183.128
10.96 9.7577 0.0417 183.293
10.97 10.145 0.0394 183.502
10.98 10.754 0.0364 183.88
10.99 10.964 0.0294 181.191
11 11.332 0.0309 182.856
11.01 11.506 0.0326 184.123
11.02 11.615 0.0343 185.201
11.03 11.871 0.0416 188.838
11.04 11.979 0.0489 191.693
11.05 12.072 0.0502 192.374
11.06 12.363 0.0575 195.277
11.07 12.48 0.0624 196.927
11.08 12.716 0.0578 196.254
11.09 12.848 0.0739 200.656
11.1 13.073 0.0719 200.75
11.11 13.162 0.0829 203.391
11.12 13.305 0.0876 204.696
11.13 13.546 0.0936 206.412
11.14 13.654 0.095 206.955
11.15 13.887 0.1008 208.537
11.16 13.996 0.1059 209.684
11.17 14.174 0.1116 211.036
11.18 14.236 0.1129 211.425
11.19 14.24 0.1165 212.039
11.2 14.232 0.116 211.999
11.21 14.244 0.1191 212.543
11.22 14.246 0.1207 212.836
11.23 14.248 0.1223 213.127
11.24 14.36 0.121 213.23
11.25 14.441 0.121 213.456
11.26 14.566 0.1209 213.759
11.27 14.643 0.119 213.692
11.28 14.686 0.117 213.534
11.29 14.841 0.1154 213.665
11.3 14.891 0.1121 213.305
11.31 14.825 0.1098 212.854
11.32 14.775 0.109 212.673
11.33 14.67 0.1091 212.523
11.34 14.585 0.1084 212.284
11.35 14.585 0.1069 212.09
11.36 14.614 0.1063 212.103
11.37 14.643 0.1056 212.099
11.38 14.67 0.1048 212.073
11.39 14.666 0.1059 212.301
11.4 14.647 0.107 212.496
11.41 14.635 0.1089 212.834
11.42 14.639 0.1123 213.439
11.43 14.577 0.1135 213.549
11.44 14.546 0.1138 213.583
11.45 14.472 0.1157 213.772
11.46 14.414 0.1182 214.081
11.47 14.306 0.1176 213.81
11.48 14.259 0.122 214.415
11.49 14.174 0.1222 214.312
11.5 14.104 0.1206 213.976
11.51 13.988 0.119 213.536
11.52 13.949 0.12 213.65
11.53 13.833 0.1185 213.222
11.54 13.778 0.118 213.076
11.55 13.643 0.1176 212.765
11.56 13.596 0.116 212.468
11.57 13.426 0.1143 211.874
11.58 13.344 0.1092 210.936
11.59 13.267 0.1041 209.973
11.6 13.22 0.1004 209.285
11.61 13.177 0.0968 208.603
11.62 13.146 0.0956 208.365
11.63 13.053 0.0964 208.347
11.64 12.98 0.0964 208.228
11.65 12.722 0.0964 207.677
11.66 12.464 0.0944 206.753
11.67 12.67 0.0944 207.291
11.68 12.563 0.0938 206.978
11.69 12.456 0.092 206.439
11.7 12.433 0.0908 206.208
11.71 12.406 0.0897 205.983
11.72 12.3925 0.0901 206.076
11.73 12.3878 0.0896 206.018
11.74 12.3929 0.089 205.964
11.75 12.398 0.0897 206.159
11.76 12.429 0.0896 206.263
11.77 12.495 0.0894 206.431
11.78 12.514 0.0906 206.754
11.79 12.627 0.0917 207.279
11.8 12.673 0.0927 207.624
11.81 12.708 0.093 207.811
11.82 12.735 0.0933 207.979
11.83 12.747 0.0931 208.019
11.84 12.743 0.0932 208.077
11.85 12.739 0.0933 208.135
11.86 12.7275 0.0931 208.12
11.87 12.716 0.0933 208.178
11.88 12.72 0.0933 208.237
11.89 12.697 0.0933 208.231
11.9 12.6795 0.0941 208.386
11.91 12.6747 0.0949 208.57
11.92 12.67 0.0961 208.826
11.93 12.666 0.097 209.027
11.94 12.658 0.0996 209.518
11.95 12.627 0.1012 209.77
11.96 12.491 0.102 209.63
11.97 12.406 0.1028 209.608
11.98 12.29 0.1036 209.509
11.99 12.119 0.1044 209.269
12 12.053 0.1049 209.236
12.01 11.917 0.104 208.793
12.02 11.851 0.1031 208.524
12.03 11.712 0.1044 208.435
12.04 11.661 0.1044 208.352
12.05 11.619 0.1043 208.275
12.06 11.6345 0.1028 208.112
12.07 11.65 0.0985 207.461
12.08 11.7 0.0951 207.031
12.09 11.801 0.0872 205.845
12.1 11.929 0.0858 205.935
12.11 11.972 0.0827 205.459
12.12 12.084 0.0788 204.956
12.13 12.123 0.0758 204.437
12.14 12.123 0.0761 204.551
12.15 12.107 0.0729 203.829
12.16 12.076 0.073 203.824
12.17 12.061 0.0723 203.67
12.18 12.03 0.0712 203.382
12.19 11.999 0.0726 203.682
12.2 12.007 0.0741 204.095
12.21 11.991 0.0775 204.866
12.22 11.983 0.0816 205.774
12.23 11.952 0.0849 206.423
12.24 11.95 0.0864 206.766
12.25 11.9625 0.0876 207.082
12.26 11.975 0.0889 207.414
12.27 12.003 0.0904 207.82
12.28 11.999 0.0928 208.311
12.29 12.041 0.0929 208.482
12.3 12.041 0.0941 208.751
12.31 12.111 0.0935 208.862
12.32 12.127 0.0944 209.115
12.33 12.185 0.0953 209.472
12.34 12.2 0.0959 209.665
12.35 12.243 0.0974 210.09
12.36 12.262 0.0981 210.309
12.37 12.305 0.1002 210.834
12.38 12.332 0.1001 210.93
12.39 12.367 0.1008 211.186
12.4 12.394 0.1015 211.422
12.41 12.445 0.1021 211.698
12.42 12.449 0.1027 211.858
12.43 12.476 0.1029 212.006
12.44 12.518 0.106 212.681
12.45 12.538 0.1042 212.474
12.46 12.576 0.1067 213.034
12.47 12.58 0.1067 213.091
12.48 12.646 0.1064 213.25
12.49 12.677 0.1063 213.356
12.5 12.716 0.1066 213.548
12.51 12.735 0.1064 213.608
12.52 12.77 0.1062 213.706
12.53 12.774 0.1056 213.662
12.54 12.797 0.1057 213.782
12.55 12.852 0.1057 213.961
12.56 12.879 0.105 213.955
12.57 12.956 0.1044 214.084
12.58 12.984 0.0963 212.764
12.59 13.05 0.0882 211.415
12.6 13.077 0.0885 211.584
12.61 13.131 0.0889 211.836
12.62 13.131 0.0895 212.001
12.63 13.15 0.0899 212.171
12.64 13.17 0.093 212.864
12.65 12.9545 0.0947 212.726
12.66 12.9108 0.0965 213.002
12.67 12.867 0.0983 213.273
12.68 12.86 0.102 213.959
12.69 12.801 0.1057 214.5
12.7 12.751 0.109 214.975
12.71 12.611 0.1114 215.07
12.72 12.534 0.1104 214.766
12.73 12.359 0.1115 214.555
12.74 12.3825 0.1133 214.947
12.75 12.406 0.1126 214.942
12.76 12.592 0.112 215.354
12.77 12.852 0.1102 215.745
12.78 13.422 0.1098 217.079
12.79 13.701 0.1104 217.869
12.8 14.193 0.1104 219.026
12.81 14.379 0.1103 219.468
12.82 14.818 0.1052 219.602
12.83 15.05 0.0937 218.031
12.84 15.399 0.0855 217.139
12.85 15.543 0.0749 215.095
12.86 15.779 0.0734 215.247
12.87 15.895 0.072 215.175
12.88 16.109 0.0728 215.835
12.89 16.194 0.0737 216.266
12.9 16.213 0.0775 217.256
12.91 16.291 0.0756 217.005
12.92 16.299 0.0787 217.794
12.93 16.345 0.0818 218.63
12.94 16.353 0.0945 221.335
12.95 16.341 0.0999 222.385
12.96 16.353 0.1071 223.748
12.97 16.326 0.1094 224.138
12.98 16.31 0.1116 224.526
12.99 16.241 0.1134 224.736
13 16.202 0.1158 225.098
13.01 16.082 0.1203 225.62
13.02 16.035 0.1235 226.067
13.03 16.035 0.1263 226.537
13.04 16.008 0.125 226.335
13.05 15.923 0.1237 226.013
13.06 15.725 0.1208 225.21
13.07 15.632 0.1178 224.595
13.08 15.558 0.1178 224.489
13.09 15.453 0.1139 223.691
13.1 15.422 0.1102 223.06
13.11 15.271 0.1128 223.224
13.12 15.186 0.1088 222.423
13.13 14.988 0.1097 222.202
13.14 14.907 0.1096 222.059
13.15 14.829 0.1094 221.904
13.16 14.686 0.109 221.574
13.17 14.616 0.1086 221.401
13.18 14.472 0.1088 221.166
13.19 14.399 0.1054 220.468
13.2 14.314 0.1047 220.205
13.21 14.279 0.1049 220.208
13.22 14.244 0.105 220.194
13.23 14.224 0.1079 220.696
13.24 14.197 0.1099 221.019
13.25 14.197 0.1111 221.265
13.26 14.162 0.1117 221.332
13.27 14.1875 0.1118 221.453
13.28 14.213 0.1119 221.573
13.29 14.209 0.1122 221.659
13.3 14.174 0.1121 221.611
13.31 14.17 0.1122 221.664
13.32 14.1915 0.1122 221.759
13.33 14.213 0.1122 221.854
13.34 14.352 0.1118 222.145
13.35 14.418 0.1114 222.272
13.36 14.457 0.1103 222.221
13.37 14.554 0.1093 222.313
13.38 14.624 0.1099 222.614
13.39 14.895 0.1099 223.25
13.4 15.054 0.1098 223.621
13.41 15.395 0.1079 224.065
13.42 15.535 0.1078 224.386
13.43 15.771 0.1051 224.446
13.44 15.857 0.1033 224.346
13.45 16.058 0.1029 224.727
13.46 16.035 0.1023 224.618
13.47 16.023 0.1017 224.53
13.48 15.915 0.1014 224.303
13.49 15.864 0.1019 224.337
13.5 15.87 0.1019 224.395
13.51 15.876 0.1018 224.435
13.52 16 0.1017 224.715
13.53 16.062 0.1007 224.701
13.54 16.167 0.0997 224.772
13.55 16.244 0.0985 224.745
13.56 16.318 0.0976 224.767
13.57 16.547 0.0967 225.091
13.58 16.69 0.089 223.865
13.59 16.83 0.0869 223.736
13.6 16.931 0.0876 224.124
13.61 17.198 0.0883 224.824
13.62 17.373 0.0913 225.825
13.63 17.803 0.0943 227.278
13.64 18.024 0.0974 228.343
13.65 17.8765 0.1002 228.658
13.66 17.9658 0.1006 228.944
13.67 18.055 0.0992 228.887
13.68 18.315 0.0978 229.134
13.69 18.579 0.0991 229.906
13.7 18.745 0.086 227.547
13.71 18.792 0.0861 227.698
13.72 18.842 0.0862 227.853
13.73 18.8 0.0867 227.936
13.74 18.714 0.0871 227.919
13.75 18.536 0.0896 228.188
13.76 18.33 0.0921 228.389
13.77 18.315 0.0931 228.614
13.78 18.253 0.0986 229.642
13.79 18.14 0.1014 230.019
13.8 18.055 0.1092 231.331
13.81 17.923 0.1143 232.013
13.82 17.702 0.115 231.763
13.83 17.617 0.1157 231.766
13.84 17.443 0.1159 231.515
13.85 17.253 0.1159 231.196
13.86 17.202 0.1174 231.392
13.87 16.989 0.1291 232.856
13.88 16.845 0.1215 231.447
13.89 16.779 0.1309 232.801
13.9 16.59 0.1243 231.47
13.91 16.527 0.1324 232.608
13.92 16.337 0.1283 231.66
13.93 16.252 0.1333 232.27
13.94 15.973 0.1284 231.017
13.95 15.837 0.13 231.016
13.96 15.562 0.1296 230.421
13.97 15.438 0.1292 230.142
13.98 15.205 0.1232 228.778
13.99 15.143 0.1201 228.204
14 15.054 0.1133 226.953
14.01 14.926 0.1099 226.145
14.02 14.604 0.1068 224.944
14.03 14.418 0.1076 224.713
14.04 14.255 0.1084 224.529
14.05 13.922 0.1077 223.689
14.06 13.763 0.1071 223.26
14.07 13.643 0.1063 222.884
14.08 13.641 0.1056 222.8
14.09 13.639 0.1047 222.681
14.1 13.726 0.1042 222.84
14.11 13.813 0.1008 222.472
14.12 14.015 0.1015 223.11
14.13 14.554 0.0892 221.971
14.14 14.864 0.0901 222.876
14.15 15.399 0.0965 225.341
14.16 15.609 0.1028 227.016
14.17 15.892 0.1029 227.668
14.18 16.078 0.1014 227.816
14.19 16.062 0.0998 227.526
14.2 16.206 0.0845 224.73
14.21 16.341 0.0742 222.622
14.22 16.543 0.0593 218.939
14.23 16.605 0.063 220.206
14.24 16.655 0.0668 221.42
14.25 16.745 0.0736 223.43
14.26 16.799 0.0775 224.54
14.27 16.842 0.0787 224.954
14.28 16.892 0.0823 225.933
14.29 17.02 0.0858 227.008
14.3 16.997 0.0828 226.337
14.31 16.973 0.099 229.725
14.32 16.942 0.0988 229.67
14.33 16.869 0.1052 230.774
14.34 16.717 0.1069 230.826
14.35 16.632 0.1081 230.915
14.36 16.361 0.1093 230.626
14.37 16.206 0.1115 230.737
14.38 15.907 0.1165 231.005
14.39 15.802 0.1188 231.205
14.4 15.636 0.1179 230.753
14.41 15.554 0.1205 231.041
14.42 15.426 0.1222 231.08
14.43 15.384 0.1221 231.018
14.44 15.229 0.122 230.71
14.45 15.194 0.1211 230.536
14.46 15.093 0.1209 230.328
14.47 15.07 0.1206 230.274
14.48 15.0465 0.1204 230.234
14.49 15.023 0.1212 230.354
14.5 15.023 0.122 230.524
14.51 15.019 0.1214 230.465
14.52 15.015 0.1208 230.405
14.53 15.008 0.1197 230.258
14.54 14.957 0.1207 230.349
14.55 14.934 0.1172 229.779
14.56 14.922 0.12 230.248
14.57 14.899 0.1141 229.277
14.58 14.8895 0.1091 228.446
14.59 14.9098 0.1096 228.622
14.6 14.93 0.1078 228.395
14.61 15.019 0.108 228.669
14.62 15.139 0.1078 228.94
14.63 15.178 0.1075 229.015
14.64 14.953 0.1067 228.424
14.65 14.9355 0.1063 228.358
14.66 14.9908 0.1025 227.832
14.67 15.046 0.1002 227.565
14.68 15.077 0.1011 227.845
14.69 15.101 0.1002 227.771
14.7 15.054 0.1008 227.825
14.71 14.899 0.1016 227.679
14.72 14.8815 0.1017 227.702
14.73 14.8962 0.0979 227.057
14.74 14.911 0.0995 227.438
14.75 15.298 0.1011 228.626
14.76 15.566 0.1023 229.466
14.77 15.783 0.1079 230.99
14.78 16.19 0.1123 232.654
14.79 16.365 0.113 233.179
14.8 16.582 0.1072 232.643
14.81 16.791 0.1014 232.031
14.82 16.88 0.0947 230.934
14.83 16.966 0.0822 228.44
14.84 16.923 0.0808 228.073
14.85 16.845 0.0795 227.657
14.86 16.764 0.0782 227.229
14.87 16.574 0.0786 226.995
14.88 16.465 0.0771 226.459
14.89 16.376 0.076 226.054
14.9 16.167 0.0771 225.948
14.91 16.078 0.0782 226.077
14.92 15.961 0.0882 228.155
14.93 15.88 0.0916 228.749
14.94 15.841 0.0942 229.243
14.95 15.736 0.0974 229.704
14.96 15.659 0.0978 229.663
14.97 15.62 0.0988 229.818
14.98 15.6415 0.0999 230.118
14.99 15.663 0.101 230.416
15 15.717 0.1029 230.931
15.01 15.83 0.1062 231.82
15.02 16.031 0.1065 232.339
15.03 16.085 0.1077 232.711
15.04 16.175 0.11 233.351
15.05 16.225 0.1095 233.41
15.06 16.252 0.1109 233.756
15.07 16.299 0.111 233.914
15.08 16.372 0.1115 234.195
15.09 16.415 0.1118 234.379
15.1 16.427 0.1125 234.569
15.11 16.427 0.1153 235.092
15.12 16.411 0.1144 234.949
15.13 16.361 0.1148 234.957
15.14 16.341 0.1151 235.01
15.15 16.306 0.1163 235.183
15.16 16.283 0.1158 235.095
15.17 16.144 0.1154 234.78
15.18 16.016 0.1187 235.105
15.19 15.973 0.1177 234.891
15.2 15.833 0.1166 234.454
15.21 15.806 0.1154 234.237
15.22 15.752 0.1149 234.08
15.23 15.667 0.1144 233.855
15.24 15.612 0.1189 234.531
15.25 15.616 0.1168 234.235
15.26 15.469 0.1161 233.842
15.27 15.422 0.1167 233.882
15.28 15.333 0.1162 233.647
15.29 15.116 0.1158 233.143
15.3 14.973 0.1158 232.867
15.31 14.79 0.1159 232.513
15.32 14.469 0.116 231.839
15.33 14.337 0.1156 231.508
15.34 14.24 0.1152 231.257
15.35 14.213 0.1134 230.933
15.36 14.2185 0.1122 230.784
15.37 14.224 0.11 230.458
15.38 14.476 0.1082 230.767
15.39 14.655 0.1063 230.876
15.4 14.852 0.0973 229.666
15.41 15.217 0.0961 230.274
15.42 15.357 0.0933 230.053
15.43 15.512 0.092 230.158
15.44 15.609 0.0917 230.344
15.45 15.605 0.0917 230.377
15.46 15.578 0.0904 230.087
15.47 15.426 0.09 229.719
15.48 15.31 0.0895 229.405
15.49 15.174 0.0892 229.087
15.5 14.915 0.0897 228.667
15.51 14.732 0.0902 228.408
15.52 14.566 0.0926 228.575
15.53 14.395 0.097 229.111
15.54 13.988 0.1004 228.862
15.55 13.806 0.0984 228.09
15.56 13.654 0.0964 227.378
15.57 13.395 0.0937 226.257
15.58 13.274 0.0915 225.556
15.59 13.212 0.0906 225.259
15.6 13.131 0.0912 225.223
15.61 13.166 0.0918 225.473
15.62 13.032 0.0918 225.181
15.63 13.153 0.0956 226.283
15.64 13.274 0.0988 227.244
15.65 13.449 0.0996 227.866
15.66 13.445 0.1018 228.311
15.67 13.298 0.104 228.396
15.68 13.05 0.1027 227.58
15.69 13.05 0.1015 227.398
15.7 12.491 0.1011 225.935
15.71 12.29 0.1018 225.577
15.72 12.177 0.1016 225.28
15.73 11.991 0.1014 224.784
15.74 11.937 0.0936 223.187
15.75 11.9465 0.0928 223.092
15.76 11.956 0.0963 223.846
15.77 12.007 0.0966 224.08
15.78 12.1 0.0955 224.155
15.79 12.301 0.0943 224.491
15.8 12.421 0.0901 223.994
15.81 12.666 0.0875 224.118
15.82 12.832 0.0825 223.481
15.83 13.139 0.0822 224.215
15.84 13.243 0.0763 223.122
15.85 13.352 0.0742 222.906
15.86 13.503 0.0742 223.307
15.87 13.608 0.0721 223.062
15.88 13.72 0.0721 223.364
15.89 13.844 0.0708 223.354
15.9 13.937 0.0733 224.256
15.91 14.116 0.0758 225.335
15.92 14.147 0.0775 225.862
15.93 14.147 0.0801 226.523
15.94 14.1 0.0814 226.757
15.95 14.03 0.0899 228.515
15.96 14.03 0.0923 229.056
15.97 13.864 0.0947 229.193
15.98 13.67 0.0967 229.166
15.99 13.561 0.1016 229.885
16 13.526 0.1041 230.305
16.01 13.495 0.1071 230.814
16.02 13.395 0.1064 230.481
16.03 13.329 0.1087 230.767
16.04 13.282 0.11 230.918
16.05 13.263 0.1095 230.823
16.06 13.189 0.1093 230.642
16.07 13.189 0.1091 230.647
16.08 13.218 0.1082 230.601
16.09 13.247 0.1072 230.535
16.1 13.329 0.1059 230.546
16.11 13.383 0.1057 230.684
16.12 13.449 0.1061 230.96
16.13 13.488 0.1061 231.096
16.14 13.616 0.1062 231.468
16.15 13.666 0.1056 231.521
16.16 13.775 0.1051 231.735
16.17 13.891 0.1044 231.926
16.18 13.868 0.1042 231.873
16.19 13.829 0.1043 231.837
16.2 13.806 0.1042 231.803
16.21 13.705 0.104 231.561
16.22 13.678 0.104 231.535
16.23 13.627 0.104 231.45
16.24 13.519 0.103 231.039
16.25 13.371 0.1035 230.805
16.26 13.294 0.1033 230.616
16.27 13.294 0.1031 230.618
16.28 13.3325 0.1026 230.66
16.29 13.371 0.1026 230.795
16.3 13.41 0.1014 230.706
16.31 13.426 0.1013 230.766
16.32 13.4355 0.1022 230.998
16.33 13.445 0.1023 231.08
16.34 13.457 0.1024 231.168
16.35 13.451 0.102 231.117
16.36 13.4575 0.1021 231.191
16.37 13.464 0.1019 231.209
16.38 13.48 0.1017 231.25
16.39 13.581 0.1017 231.538
16.4 13.631 0.1017 231.7
16.41 13.732 0.1037 232.362
16.42 13.996 0.1058 233.428
16.43 14.077 0.1041 233.347
16.44 14.093 0.1067 233.904
16.45 14.069 0.1065 233.85
16.46 14.011 0.1063 233.714
16.47 13.972 0.1064 233.678
16.48 13.945 0.1065 233.67
16.49 13.86 0.1062 233.449
16.5 13.833 0.1061 233.405
16.51 13.79 0.1062 233.358
16.52 13.763 0.1063 233.349
16.53 13.72 0.1089 233.753
16.54 13.666 0.11 233.855
16.55 13.596 0.1055 232.911
16.56 13.484 0.101 231.83
16.57 13.336 0.099 231.116
16.58 13.274 0.0985 230.902
16.59 13.205 0.0992 230.904
16.6 12.98 0.0999 230.507
16.61 12.856 0.1008 230.399
16.62 12.406 0.102 229.484
16.63 12.2665 0.1038 229.482
16.64 12.127 0.1048 229.326
16.65 12.142 0.1058 229.586
16.66 12.053 0.1068 229.561
16.67 11.975 0.1078 229.563
16.68 11.937 0.1076 229.461
16.69 11.966 0.1074 229.543
16.7 11.995 0.1073 229.644
16.71 12.127 0.1069 229.973
16.72 12.197 0.1069 230.202
16.73 12.27 0.1061 230.294
16.74 12.29 0.1051 230.205
16.75 12.305 0.1026 229.823
16.76 12.313 0.1008 229.544
16.77 12.315 0.0975 228.953
16.78 12.317 0.0967 228.839
16.79 12.328 0.096 228.768
16.8 12.355 0.097 229.075
16.81 12.363 0.0981 229.35
16.82 12.359 0.098 229.358
16.83 12.394 0.0979 229.469
16.84 12.514 0.0939 229.03
16.85 12.65 0.096 229.847
16.86 12.708 0.0954 229.916
16.87 12.825 0.0948 230.137
16.88 12.929 0.0919 229.848
16.89 12.995 0.0935 230.385
16.9 13.088 0.0952 231.006
16.91 13.181 0.0982 231.877
16.92 13.232 0.0993 232.259
16.93 13.383 0.1006 232.929
16.94 13.422 0.1018 233.295
16.95 13.48 0.1026 233.631
16.96 13.484 0.1036 233.868
16.97 13.457 0.1055 234.192
16.98 13.36 0.1076 234.371
16.99 13.298 0.1074 234.216
17 13.135 0.1101 234.322
17.01 13.018 0.1111 234.235
17.02 12.898 0.1121 234.135
17.03 12.654 0.1124 233.582
17.04 12.648 0.1137 233.828
17.05 12.7225 0.1121 233.788
17.06 12.797 0.1105 233.743
17.07 13.243 0.1105 234.938
17.08 13.484 0.1106 235.605
17.09 13.724 0.1137 236.786
17.1 14.162 0.1129 237.759
17.11 14.298 0.1121 237.984
17.12 14.519 0.1101 238.192
17.13 14.573 0.1072 237.829
17.14 14.678 0.0825 232.982
17.15 14.744 0.075 231.328
17.16 14.899 0.0696 230.278
17.17 14.957 0.0672 229.773
17.18 15.077 0.0664 229.845
17.19 15.093 0.0659 229.773
17.2 15.085 0.0656 229.706
17.21 15.104 0.066 229.901
17.22 15.124 0.0665 230.126
17.23 15.217 0.0739 232.398
17.24 15.291 0.0774 233.495
17.25 15.376 0.0858 235.731
17.26 15.655 0.0894 237.19
17.27 15.895 0.095 238.953
17.28 16.493 0.0963 240.538
17.29 16.838 0.0962 241.274
17.3 17.578 0.0967 242.917
17.31 17.931 0.0973 243.778
17.32 18.486 0.1019 245.833
17.33 18.714 0.1041 246.745
17.34 19.021 0.1063 247.794
17.35 19.207 0.1076 248.432
17.36 19.37 0.1175 250.603
17.37 19.719 0.1198 251.694
17.38 19.835 0.1157 251.218
17.39 19.858 0.1148 251.137
17.4 19.781 0.1169 251.416
17.41 19.633 0.1191 251.574
17.42 19.521 0.1202 251.599
17.43 19.249 0.122 251.442
17.44 19.09 0.1239 251.505
17.45 18.699 0.1249 250.965
17.46 18.497 0.1257 250.746
17.47 18.299 0.1258 250.414
17.48 17.916 0.1254 249.626
17.49 17.706 0.125 249.176
17.5 17.26 0.1243 248.185
17.51 17.14 0.1235 247.842
17.52 16.772 0.1234 247.092
17.53 16.652 0.1233 246.859
17.54 16.353 0.1184 245.425
17.55 16.213 0.1135 244.3
17.56 15.996 0.106 242.482
17.57 15.93 0.1021 241.621
17.58 15.94 0.101 241.463
17.59 15.95 0.1005 241.423
17.6 16.345 0.1006 242.334
17.61 16.601 0.1006 242.915
17.62 16.975 0.1014 243.895
17.63 17.349 0.1008 244.579
17.64 17.877 0.102 245.918
17.65 18.268 0.1006 246.441
17.66 18.637 0.1011 247.292
17.67 19.052 0.1017 248.239
17.68 19.354 0.1016 248.821
17.69 19.583 0.106 250.163
17.7 19.823 0.111 251.604
17.71 20.025 0.1126 252.311
17.72 20.06 0.1165 253.131
17.73 20.064 0.115 252.905
17.74 20.033 0.1177 253.377
17.75 19.994 0.12 253.754
17.76 19.843 0.1208 253.657
17.77 19.812 0.1238 254.158
17.78 19.8 0.1274 254.782
17.79 19.8405 0.1289 255.145
17.8 19.881 0.1349 256.228
17.81 19.912 0.1474 258.222
17.82 19.967 0.1371 256.813
17.83 19.94 0.1383 256.989
17.84 19.839 0.1387 256.903
17.85 19.513 0.1384 256.285
17.86 19.327 0.1381 255.925
17.87 18.939 0.1357 254.846
17.88 18.563 0.1318 253.535
17.89 18.42 0.1321 253.34
17.9 17.985 0.1289 251.995
17.91 17.784 0.1268 251.282
17.92 17.574 0.1273 250.974
17.93 17.489 0.124 250.29
17.94 17.369 0.1211 249.589
17.95 17.338 0.1185 249.113
17.96 17.328 0.1152 248.546
17.97 17.3385 0.114 248.39
17.98 17.349 0.1105 247.806
17.99 17.361 0.1095 247.682
18 17.384 0.1104 247.936
18.01 17.276 0.1055 246.818
18.02 17.125 0.1054 246.525
18.03 16.772 0.1034 245.433
18.04 16.578 0.1029 244.961
18.05 16.233 0.1041 244.494
18.06 15.857 0.1038 243.649
18.07 15.705 0.1035 243.29
18.08 15.422 0.1024 242.476
18.09 15.275 0.1029 242.277
18.1 14.984 0.1032 241.702
18.11 14.736 0.1034 241.198
18.12 14.651 0.1034 241.034
18.13 14.511 0.1042 240.893
18.14 14.426 0.1026 240.416
18.15 14.4475 0.101 240.19
18.16 14.469 0.0975 239.574
18.17 14.612 0.099 240.256
18.18 14.732 0.0994 240.656
18.19 14.984 0.0986 241.119
18.2 15.062 0.0986 241.337
18.21 15.248 0.0986 241.801
18.22 15.353 0.1015 242.661
18.23 15.43 0.1004 242.653
18.24 15.504 0.1021 243.197
18.25 15.481 0.1038 243.516
18.26 15.504 0.1056 243.954
18.27 15.496 0.1053 243.915
18.28 15.481 0.1089 244.601
18.29 15.422 0.1095 244.616
18.3 15.36 0.1101 244.622
18.31 15.174 0.1127 244.705
18.32 15.046 0.1139 244.66
18.33 14.756 0.116 244.383
18.34 14.589 0.1169 244.177
18.35 14.17 0.1169 243.191
18.36 13.682 0.1169 242.004
18.37 13.437 0.1176 241.531
18.38 13.135 0.1174 240.744
18.39 12.592 0.1171 239.27
18.4 12.08 0.115 237.523
18.41 11.851 0.1138 236.698
18.42 11.522 0.1111 235.305
18.43 11.386 0.1083 234.44
18.44 11.091 0.1046 232.916
18.45 10.983 0.1027 232.269
18.46 10.836 0.0997 231.283
18.47 10.816 0.0985 231.023
18.48 10.688 0.0979 230.545
18.49 10.599 0.0929 229.3
18.5 10.529 0.0875 227.977
18.51 10.444 0.0886 227.982
18.52 10.397 0.0844 226.949
18.53 10.308 0.0836 226.523
18.54 10.281 0.0778 225.12
18.55 10.2735 0.0721 223.71
18.56 10.3082 0.0696 223.196
18.57 10.343 0.069 223.177
18.58 10.382 0.0692 223.385
18.59 10.452 0.0694 223.688
18.6 10.498 0.0711 224.314
18.61 10.483 0.0726 224.692
18.62 10.283 0.074 224.459
18.63 10.2295 0.0746 224.475
18.64 10.176 0.0751 224.464
18.65 10.126 0.0767 224.732
18.66 10.037 0.0788 224.985
18.67 9.9826 0.0783 224.723
18.68 9.8934 0.0785 224.514
18.69 9.8158 0.0787 224.34
18.7 9.7926 0.0794 224.463
18.71 9.7654 0.08 224.547
18.72 9.7305 0.0802 224.511
18.73 9.7208 0.0804 224.559
18.74 9.7159 0.08 224.482
18.75 9.7232 0.0797 224.47
18.76 9.7305 0.0795 224.48
18.77 9.7538 0.078 224.235
18.78 9.7887 0.0788 224.575
18.79 9.8468 0.0776 224.512
18.8 10.029 0.0764 224.848
18.81 10.165 0.0774 225.561
18.82 10.3 0.0762 225.73
18.83 10.634 0.0763 226.828
18.84 10.816 0.0761 227.367
18.85 10.964 0.077 228.069
18.86 11.223 0.078 229.117
18.87 11.328 0.0778 229.409
18.88 11.409 0.0777 229.653
18.89 11.588 0.0796 230.666
18.9 11.642 0.0816 231.332
18.91 11.754 0.0812 231.59
18.92 11.828 0.0835 232.373
18.93 11.844 0.0849 232.774
18.94 11.886 0.086 233.177
18.95 11.956 0.0858 233.363
18.96 12.076 0.0868 233.958
18.97 12.131 0.0869 234.168
18.98 12.2 0.0879 234.617
18.99 12.441 0.089 235.557
19 12.573 0.089 235.95
19.01 12.898 0.0899 237.052
19.02 13.088 0.0902 237.652
19.03 13.267 0.0904 238.196
19.04 13.771 0.0896 239.336
19.05 14.027 0.0888 239.828
19.06 14.651 0.0893 241.484
19.07 14.992 0.0897 242.41
19.08 15.601 0.0893 243.749
19.09 15.864 0.089 244.304
19.1 16.113 0.0895 245.002
19.11 16.57 0.0901 246.164
19.12 16.826 0.0911 246.97
19.13 17.249 0.0922 248.139
19.14 17.4 0.092 248.441
19.15 17.656 0.0963 249.949
19.16 17.78 0.0971 250.409
19.17 17.974 0.0993 251.305
19.18 18.078 0.1 251.698
19.19 18.199 0.0999 251.955
19.2 18.249 0.1016 252.445
19.21 18.288 0.1019 252.622
19.22 18.365 0.1025 252.935
19.23 18.423 0.105 253.594
19.24 18.644 0.1074 254.545
19.25 18.738 0.1065 254.588
19.26 18.869 0.1077 255.118
19.27 19.145 0.1089 255.924
19.28 19.242 0.1088 256.128
19.29 19.56 0.1088 256.77
19.3 19.722 0.1085 257.053
19.31 20.118 0.1086 257.847
19.32 20.374 0.1088 258.394
19.33 20.843 0.1094 259.398
19.34 21.048 0.111 260.115
19.35 21.277 0.1115 260.656
19.36 21.549 0.1121 261.287
19.37 21.669 0.1133 261.766
19.38 21.797 0.1127 261.91
19.39 21.836 0.1121 261.898
19.4 21.87 0.1126 262.091
19.41 21.843 0.113 262.16
19.42 21.758 0.1143 262.3
19.43 21.696 0.1173 262.795
19.44 21.583 0.1166 262.505
19.45 21.347 0.1172 262.239
19.46 21.227 0.1179 262.193
19.47 20.99 0.1187 261.954
19.48 20.82 0.1196 261.85
19.49 20.432 0.1192 261.106
19.5 20.226 0.1188 260.689
19.51 19.85 0.1184 259.95
19.52 19.598 0.1179 259.418
19.53 18.92 0.1245 259.315
19.54 18.536 0.1244 258.57
19.55 17.826 0.1243 257.139
19.56 17.52 0.1015 252.247
19.57 16.83 0.1003 250.579
19.58 16.524 0.1004 249.974
19.59 15.965 0.1006 248.815
19.6 15.674 0.1008 248.233
19.61 15.17 0.1005 247.041
19.62 14.5635 0.1002 245.567
19.63 13.957 0.0982 243.693
19.64 13.864 0.0995 243.76
19.65 13.658 0.0976 242.879
19.66 13.476 0.0966 242.237
19.67 13.348 0.0955 241.708
19.68 13.189 0.0948 241.178
19.69 13.162 0.0941 240.992
19.7 12.991 0.0936 240.466
19.71 12.875 0.0923 239.91
19.72 12.735 0.0932 239.76
19.73 12.627 0.0873 238.201
19.74 12.592 0.0902 238.787
19.75 12.538 0.088 238.183
19.76 12.491 0.0857 237.564
19.77 12.499 0.0834 237.082
19.78 12.507 0.0806 236.464
19.79 12.553 0.0796 236.377
19.8 12.704 0.0806 237.064
19.81 12.809 0.0816 237.622
19.82 13.077 0.0817 238.389
19.83 13.201 0.0821 238.844
19.84 13.333 0.0837 239.604
19.85 13.623 0.0845 240.572
19.86 13.914 0.0874 242.018
19.87 14.042 0.0895 242.85
19.88 14.244 0.0915 243.832
19.89 14.48 0.0947 245.144
19.9 14.62 0.0954 245.669
19.91 14.942 0.0833 243.709
19.92 15.198 0.0713 241.198
19.93 15.771 0.0959 248.576
19.94 16.57 -0.0112 -nan
19.95 17.032 -0.0112 -nan
19.96 17.958 -0.0111 -nan
19.97 18.435 -0.011 -nan
19.98 19.253 -0.011 -nan
19.99 20.009 -0.011 -nan
20 20.257 -0.0108 -nan
