0.0002 0.910001 0.00542 5.29267
0.0003 0.930001 0.00741 6.09941
0.0004 0.960001 0.01051 6.83337
0.0005 0.980001 0.0123 7.38836
0.0006 1.04 0.01564 7.99756
0.0007 1.05 0.01755 8.43976
0.000800001 1.06 0.0195 8.84814
0.000900001 1.09 0.02321 9.31346
0.001 1.1 0.02496 9.66116
0.0011 1.16 0.02773 10.0846
0.0012 1.19 0.02989 10.4345
0.0013 1.22 0.03152 10.755
0.0014 1.3 0.03404 11.1509
0.0015 1.37 0.03412 11.4553
0.0016 1.48 0.0353 11.8265
0.0017 1.73 0.03575 12.3139
0.0018 1.85 0.03661 12.6575
0.0019 1.97 0.03555 12.9343
0.002 2.09 0.03534 13.2258
0.0021 2.2 0.03465 13.4836
0.0022 2.3 0.03359 13.7114
0.0023 2.37 0.03176 13.8771
0.0024 2.47 0.03127 14.1078
0.0025 2.53 0.03091 14.3044
0.0026 2.6 0.0303 14.4942
0.0027 2.65 0.03001 14.6755
0.0028 2.7 0.02944 14.8409
0.0029 2.74 0.0296 15.0249
0.003 2.76 0.0296 15.1831
0.0031 2.79 0.02973 15.3516
0.0032 2.83 0.03005 15.5333
0.0033 2.92 0.03123 15.788
0.0034 3 0.03217 16.0212
0.0035 3.07 0.03323 16.2483
0.0036 3.16 0.03412 16.4805
0.0037 3.25 0.03469 16.6968
0.0038 3.36 0.0349 16.9104
0.0039 3.48 0.03502 17.1241
0.004 3.55 0.03526 17.3044
0.0041 2.58 0.03078 16.4539
0.0042 3.55 0.03697 17.61
0.0043 3.59 0.03701 17.7558
0.0044 3.56 0.03783 17.8806
0.0045 3.49 0.03881 17.9795
0.0046 3.39 0.03995 18.0576
0.0047 3.27 0.04109 18.1142
0.0048 2.97 0.04361 18.059
0.0049 2.82 0.045 18.0749
0.005 2.67 0.04634 18.0783
0.0051 2.52 0.0476 18.0676
0.0052 2.39 0.04886 18.0666
0.0053 2.27 0.0498 18.0569
0.0054 2.17 0.05041 18.0519
0.0055 2.09 0.05102 18.0644
0.0056 2.03 0.05118 18.0838
0.0057 2 0.05102 18.1294
0.0058 1.97 0.04976 18.1399
0.0059 1.97 0.04866 18.1924
0.006 2 0.04675 18.2565
0.0061 1.99 0.04475 18.2608
0.0062 1.95 0.04284 18.2237
0.0063 1.88 0.04178 18.171
0.00640001 1.83 0.03982 18.1075
0.00650001 1.78 0.03803 18.0441
0.00660001 1.72 0.0364 17.966
0.00670001 1.66 0.03506 17.8933
0.00680001 1.6 0.03376 17.8161
0.00690001 1.51 0.03168 17.6464
0.00700001 1.47 0.03082 17.6084
0.00710001 1.44 0.03021 17.5963
0.00720001 1.41 0.02981 17.5918
0.00730001 1.4 0.02964 17.6329
0.00740001 1.39 0.02968 17.6835
0.0075 1.4 0.02968 17.7679
0.00760001 1.43 0.0294 17.8739
0.00770001 1.48 0.02899 18.0069
0.00780001 1.55 0.02883 18.1839
0.00790001 1.75 0.02859 18.5572
0.00800001 1.89 0.02842 18.8204
0.00810001 2.03 0.02838 19.0786
0.00820001 2.18 0.02859 19.3532
0.00830001 2.32 0.02883 19.607
0.00840001 2.32 0.02883 19.6724
0.00850001 2.32 0.02883 19.7372
0.00860001 2.48 0.02622 19.8353
0.00870001 2.6 0.02712 20.0914
0.00880001 2.66 0.02773 20.2591
0.00890001 2.7 0.02802 20.3842
0.00900001 2.71 0.02793 20.4531
0.00910001 2.72 0.02777 20.5171
0.00920001 2.73 0.02773 20.5879
0.00930001 2.73 0.02806 20.6702
0.00940001 2.72 0.02863 20.7555
0.00950001 2.67 0.02993 20.8379
0.00960001 2.63 0.03054 20.8883
0.00970001 1.8 0.02525 19.524
0.00980001 2.55 0.03249 21.0232
0.00990001 2.52 0.03278 21.0623
0.01 2.49 0.03319 21.1066
0.0101 2.47 0.03388 21.1767
0.0102 2.47 0.03408 21.2452
0.0103 2.49 0.03416 21.3318
0.0104 2.51 0.03412 21.4118
0.0105 2.54 0.03404 21.5014
0.0106 2.57 0.0338 21.5819
0.0107 2.6 0.03351 21.6589
0.0108 2.66 0.0327 21.7422
0.0109 2.66 0.0327 21.798
0.011 2.71 0.03209 21.8777
0.0111 2.74 0.03184 21.9534
0.0112 2.76 0.03172 22.0243
0.0113 2.8 0.03172 22.1246
0.0114 2.84 0.03168 22.2219
0.0115 2.89 0.03156 22.3249
0.0116 2.94 0.03144 22.4269
0.0117 2.98 0.03144 22.5243
0.0118 3.03 0.03144 22.6318
0.0119 3.08 0.03148 22.7409
0.012 3.17 0.03172 22.9031
0.0121 3.21 0.03192 23.0095
0.0122 3.25 0.03213 23.116
0.0123 3.29 0.03241 23.2261
0.0124 3.32 0.03266 23.3238
0.0125 3.36 0.03294 23.4329
0.0126 3.39 0.03315 23.5274
0.0127 3.42 0.03327 23.6162
0.0128 3.45 0.03347 23.7094
0.0129 3.51 0.03388 23.8439
0.013 3.54 0.03412 23.9385
0.0131 3.57 0.03437 24.0333
0.0132 3.61 0.03461 24.1368
0.0133 3.65 0.03482 24.2381
0.0134 3.69 0.0351 24.343
0.0135 3.72 0.03539 24.4386
0.0136 3.76 0.03567 24.5426
0.0137 3.79 0.03596 24.6374
0.0138 3.84 0.03624 24.7498
0.0139 3.87 0.03653 24.8439
0.014 3.91 0.03677 24.9439
0.0141 3.98 0.03738 25.0916
0.0142 4.02 0.03771 25.1955
0.0143 4.07 0.03803 25.3075
0.0144 4.11 0.0384 25.4128
0.0145 4.15 0.03872 25.5149
0.0146 4.2 0.03909 25.6281
0.0147 4.24 0.03942 25.7298
0.0148 4.29 0.03974 25.8393
0.0149 4.35 0.04003 25.9552
0.015 4.4 0.04039 26.0658
0.0151 4.45 0.04076 26.1763
0.0152 4.57 0.04149 26.364
0.0153 4.64 0.04182 26.4874
0.0154 4.71 0.04227 26.6164
0.0155 4.79 0.04263 26.748
0.0156 4.88 0.04304 26.8892
0.0157 4.96 0.04341 27.0194
0.0158 5.05 0.04377 27.1559
0.0159 5.14 0.04414 27.292
0.016 5.22 0.04459 27.4236
0.0161 5.3 0.04504 27.5544
0.0162 5.36 0.04548 27.669
0.0163 5.49 0.0465 27.8636
0.0164 5.56 0.04703 27.9883
0.0165 5.63 0.04748 28.1085
0.0166 5.7 0.04813 28.2378
0.0167 5.78 0.0487 28.3696
0.0168 5.84 0.04927 28.4866
0.0169 5.9 0.0498 28.6011
0.017 5.94 0.05029 28.6993
0.0171 5.95 0.05098 28.7857
0.0172 5.93 0.05184 28.8586
0.0173 5.85 0.05395 28.9446
0.0174 5.81 0.05518 29.0167
0.0175 5.79 0.05619 29.0924
0.0176 5.78 0.05713 29.1715
0.0177 5.78 0.05778 29.245
0.0178 5.78 0.05847 29.3198
0.0179 5.78 0.059 29.3876
0.018 5.78 0.05949 29.4534
0.0181 5.8 0.05994 29.532
0.0182 5.86 0.06051 29.6444
0.0183 5.89 0.06075 29.7212
0.0184 5.89 0.06075 29.7663
0.0185 5.89 0.06075 29.8112
0.0186 5.61 0.03799 28.5116
0.0187 5.84 0.04052 28.8743
0.0188 5.97 0.04292 29.1482
0.0189 6.07 0.04483 29.3673
0.019 6.17 0.04646 29.5674
0.0191 6.27 0.04781 29.7501
0.0192 6.37 0.04895 29.9198
0.0193 6.61 0.05086 30.2192
0.0194 6.73 0.05176 30.3854
0.0195 6.87 0.05261 30.5606
0.0196 7 0.05355 30.7321
0.0197 7.11 0.0544 30.8852
0.0198 7.21 0.05505 31.0216
0.0199 7.27 0.05599 31.146
0.02 7.34 0.05709 31.2831
0.0201 7.56 0.05925 31.5574
0.0202 7.86 0.06132 31.8695
0.0203 8.03 0.0623 32.054
0.0204 8.2 0.06328 32.2366
0.0205 8.38 0.0643 32.4247
0.0206 8.56 0.06544 32.6158
0.0207 8.77 0.0665 32.8177
0.0208 8.97 0.06743 33.0067
0.0209 9.2 0.06841 33.2113
0.021 9.44 0.06922 33.4117
0.0211 9.9 0.07106 33.7594
0.0212 9.9 0.07106 33.8038
0.0213 10.4 0.07252 34.1468
0.0214 10.65 0.07334 34.3406
0.0215 10.91 0.07431 34.5425
0.0216 11.16 0.07533 34.7395
0.0217 11.39 0.07647 34.9301
0.0218 11.6 0.07765 35.1116
0.0219 11.8 0.07904 35.295
0.022 11.97 0.08054 35.468
0.0221 12.14 0.0821701 35.6443
0.0222 12.33 0.0858001 35.8979
0.0223 12.32 0.0882401 36.0225
0.0224 12.27 0.0910501 36.1404
0.0225 12.23 0.0943501 36.2754
0.0226 12.24 0.0973601 36.4195
0.0227 12.28 0.10009 36.5654
0.0228 12.35 0.1029 36.7246
0.0229 12.42 0.10551 36.876
0.023 12.47 0.10762 37.003
0.0231 12.57 0.11178 37.2075
0.0232 12.62 0.11324 37.3137
0.0233 12.63 0.11442 37.3949
0.0234 12.68 0.11516 37.4809
0.0235 12.69 0.11577 37.5461
0.0236 12.66 0.11605 37.5852
0.0237 12.57 0.11626 37.5964
0.0238 12.41 0.11589 37.5611
0.0239 12.27 0.1152 37.5249
0.024 12.14 0.11516 37.5098
0.0241 12.03 0.11467 37.4907
0.0242 11.96 0.11418 37.489
0.0243 11.89 0.11381 37.4901
0.0244 11.88 0.11288 37.5028
0.0245 11.88 0.1119 37.5182
0.0246 11.91 0.11047 37.5342
0.0247 11.93 0.10925 37.5509
0.0248 11.97 0.10795 37.5738
0.0249 12.11 0.10685 37.6468
0.025 12.27 0.10522 37.7118
0.0251 12.49 0.1005 37.7062
0.0252 12.48 0.0978501 37.6597
0.0253 12.43 0.0939801 37.5531
0.0254 12.37 0.0905601 37.4524
0.0255 12.32 0.0872601 37.356
0.0256 12.24 0.0831101 37.2104
0.0257 12.18 0.07822 37.0371
0.0258 12.11 0.0748 36.9088
0.0259 12.03 0.07203 36.7975
0.026 12.04 0.06678 36.6101
0.0261 12.12 0.06556 36.628
0.0262 12.22 0.0654 36.7029
0.0263 12.36 0.06548 36.8058
0.0264 12.52 0.06584 36.9298
0.0265 12.7 0.06637 37.0695
0.0266 12.93 0.06711 37.2387
0.0267 13.18 0.06784 37.4141
0.0268 13.64 0.07008 37.7404
0.0269 13.76 0.07045 37.8437
0.027 13.8 0.07069 37.9093
0.0271 13.77 0.07138 37.9671
0.0272 13.73 0.07187 38.0117
0.0273 13.64 0.07244 38.0395
0.0274 13.55 0.07391 38.1055
0.0275 13.49 0.07582 38.2008
0.0276 13.47 0.07749 38.3005
0.0277 13.66 0.0819701 38.5965
0.0278 13.84 0.0840901 38.7904
0.0279 14.01 0.0858401 38.9642
0.028 14.08 0.088 39.1118
0.0281 14.07 0.08975 39.2107
0.0282 13.99 0.0916601 39.2861
0.0283 13.88 0.0931701 39.3335
0.0284 13.88 0.0931701 39.3721
0.0285 13.88 0.0931701 39.4106
0.0286 12.87 0.06438 37.8403
0.0287 12.98 0.06576 37.9905
0.0288 12.96 0.06849 38.1477
0.0289 12.94 0.07154 38.3146
0.029 12.96 0.07419 38.4762
0.0291 13.02 0.07716 38.6648
0.0292 13.1 0.08026 38.863
0.0293 13.19 0.0861201 39.1673
0.0294 13.19 0.0861201 39.2044
0.0295 10.92 0.0989501 38.6324
0.0296 12.98 0.0926801 39.4277
0.0297 12.97 0.0934501 39.4875
0.0298 12.91 0.0943101 39.5282
0.0299 12.83 0.0960201 39.5887
0.03 12.73 0.0977701 39.6404
0.0301 12.65 0.10115 39.7533
0.0302 12.71 0.10282 39.8714
0.0303 12.83 0.10449 40.0157
0.0304 13.26 0.10766 40.3432
0.0305 13.52 0.1086 40.5224
0.0306 13.72 0.10864 40.6464
0.0307 13.86 0.10815 40.7275
0.0308 13.96 0.10832 40.8119
0.0309 13.99 0.10848 40.8663
0.031 14 0.1086 40.911
0.0311 13.97 0.10811 40.9196
0.0312 13.97 0.1077 40.9432
0.0313 13.92 0.10669 40.9264
0.0314 13.9 0.10567 40.9215
0.0315 13.89 0.10542 40.9454
0.0316 13.81 0.10571 40.9567
0.0317 13.68 0.10608 40.9488
0.0318 13.56 0.10563 40.9183
0.0319 13.42 0.10408 40.8426
0.032 13.29 0.10225 40.7607
0.0321 13.17 0.10009 40.6705
0.0322 13.02 0.0938601 40.4219
0.0323 13.02 0.0938601 40.4567
0.0324 12.87 0.0855901 40.115
0.0325 12.77 0.08177 39.9522
0.0326 12.65 0.07851 39.7971
0.0327 12.53 0.07619 39.6772
0.0328 12.38 0.07403 39.5474
0.0329 12.2 0.07256 39.4316
0.033 11.98 0.07187 39.3303
0.0331 11.75 0.07216 39.2668
0.0332 11.51 0.07305 39.2231
0.0333 11 0.07704 39.1735
0.0334 10.83 0.07916 39.2068
0.0335 10.67 0.08189 39.266
0.0336 10.53 0.0846601 39.3326
0.0337 10.45 0.0874301 39.4274
0.0338 10.36 0.0900701 39.5084
0.0339 10.31 0.0923101 39.5942
0.034 10.3 0.0938201 39.6746
0.0341 10.32 0.0949601 39.758
0.0342 10.48 0.0970801 39.952
0.0343 10.55 0.0977301 40.045
0.0344 10.68 0.0982601 40.1662
0.0345 10.84 0.0978901 40.2722
0.0346 11.05 0.0973201 40.3965
0.0347 11.27 0.0961001 40.5013
0.0348 11.46 0.0948801 40.5883
0.0349 11.59 0.0935701 40.6397
0.035 11.76 0.0918601 40.6949
0.0351 11.84 0.0913801 40.7492
0.0352 11.9 0.0911301 40.8018
0.0353 11.94 0.0910501 40.8508
0.0354 11.93 0.0913801 40.8903
0.0355 11.92 0.0919501 40.9386
0.0356 11.9 0.0928001 40.9921
0.0357 11.87 0.0939001 41.0494
0.0358 11.81 0.0953701 41.1044
0.0359 11.79 0.0988701 41.2498
0.036 11.81 0.10066 41.3535
0.0361 11.85 0.10253 41.469
0.0362 11.9 0.10437 41.5875
0.0363 11.96 0.10571 41.6938
0.0364 11.96 0.10669 41.7578
0.0365 11.96 0.10791 41.8292
0.0366 11.96 0.10917 41.9015
0.0367 12 0.11137 42.0231
0.0368 12.05 0.11239 42.112
0.0369 12.1 0.11332 42.1979
0.037 12.13 0.11398 42.2651
0.0371 12.14 0.11442 42.3154
0.0372 12.2 0.1152 42.4011
0.0373 12.28 0.11597 42.4963
0.0374 12.38 0.11626 42.5865
0.0375 12.59 0.11703 42.7449
0.0376 12.69 0.11727 42.8327
0.0377 12.75 0.11801 42.9159
0.0378 12.83 0.11894 43.0143
0.0379 12.89 0.11935 43.0871
0.038 12.96 0.12016 43.1767
0.0381 13.01 0.12065 43.2468
0.0382 13.05 0.12126 43.3156
0.0383 13.08 0.12232 43.3929
0.0384 13.08 0.12232 43.4244
0.0385 13.08 0.12232 43.4558
0.0386 12.67 0.0948401 42.3813
0.0387 12.74 0.0977701 42.5531
0.0388 12.71 0.10188 42.7153
0.0389 12.65 0.10603 42.8589
0.039 12.6 0.10982 42.9904
0.0391 12.62 0.113 43.1332
0.0392 12.71 0.11544 43.2849
0.0393 12.9 0.11715 43.4614
0.0394 13.37 0.11919 43.7796
0.0395 13.62 0.11951 43.9373
0.0396 13.85 0.11955 44.0756
0.0397 14.08 0.11849 44.1785
0.0398 14.3 0.11703 44.2625
0.0399 14.47 0.11597 44.3353
0.04 14.57 0.11544 44.3932
0.0401 14.55 0.11438 44.3812
0.0402 14.43 0.1141 44.35
0.0403 14.34 0.11434 44.3484
0.0404 14.26 0.11512 44.3683
0.0405 14.18 0.11654 44.4081
0.0406 14.04 0.11837 44.4327
0.0407 13.95 0.12 44.4725
0.0408 13.87 0.12151 44.5123
0.0409 13.78 0.12253 44.5318
0.041 13.68 0.12416 44.5643
0.0411 13.53 0.12701 44.6079
0.0412 13.45 0.12823 44.6355
0.0413 13.34 0.12933 44.6445
0.0414 13.21 0.13026 44.6382
0.0415 13.02 0.13108 44.5983
0.0416 12.83 0.13181 44.5544
0.0417 12.63 0.13214 44.4926
0.0418 12.46 0.1325 44.4455
0.0419 12.33 0.13246 44.4068
0.042 12.3 0.13205 44.4092
0.0421 12.34 0.13157 44.4459
0.0422 12.43 0.13108 44.508
0.0423 12.53 0.13047 44.5714
0.0424 12.62 0.12953 44.6198
0.0425 12.64 0.12798 44.6145
0.0426 12.63 0.12611 44.5839
0.0427 12.46 0.12432 44.4731
0.0428 12.35 0.12338 44.4172
0.0429 12.27 0.12224 44.3701
0.043 12.18 0.12151 44.3297
0.0431 12.05 0.12151 44.2899
0.0432 11.96 0.12155 44.2718
0.0433 11.94 0.12236 44.3141
0.0434 11.93 0.12293 44.3543
0.0435 12.02 0.1235 44.4479
0.0436 12.02 0.1235 44.4762
0.0437 12.13 0.12391 44.5753
0.0438 12.17 0.1244 44.6394
0.0439 12.17 0.12497 44.6847
0.044 12.2 0.12554 44.7458
0.0441 12.19 0.12525 44.7601
0.0442 12.16 0.12558 44.7823
0.0443 12.21 0.12603 44.8502
0.0444 12.35 0.12668 44.9713
0.0445 12.51 0.12676 45.0853
0.0446 12.7 0.1266 45.2067
0.0447 12.97 0.12648 45.3686
0.0448 13.27 0.12578 45.5255
0.0449 13.54 0.12517 45.6675
0.045 13.76 0.12395 45.7646
0.0451 13.97 0.12322 45.8703
0.0452 14.31 0.12208 46.0222
0.0453 14.48 0.12253 46.143
0.0454 14.71 0.1235 46.3065
0.0455 14.94 0.12456 46.4715
0.0456 15.15 0.12591 46.6353
0.0457 15.3 0.1277 46.7849
0.0458 15.43 0.12998 46.9394
0.0459 15.56 0.13226 47.0928
0.046 15.73 0.13662 47.3226
0.0461 15.8 0.13857 47.4373
0.0462 15.82 0.14069 47.5346
0.0463 15.83 0.14329 47.64
0.0464 15.8 0.14635 47.7394
0.0465 15.75 0.1483 47.7988
0.0466 15.72 0.15156 47.9008
0.0467 15.69 0.15685 48.0532
0.0468 15.7 0.15901 48.1409
0.0469 15.75 0.16129 48.2487
0.047 15.88 0.16312 48.3798
0.0471 15.99 0.16439 48.4878
0.0472 16.01 0.16487 48.5369
0.0473 16.07 0.16569 48.6117
0.0474 15.96 0.16744 48.6347
0.0475 15.85 0.16968 48.6685
0.0476 15.76 0.17082 48.6842
0.0477 15.61 0.17212 48.6763
0.0478 15.49 0.17363 48.6859
0.0479 15.41 0.17493 48.7081
0.048 15.36 0.1762 48.7429
0.0481 15.33 0.17693 48.7741
0.0482 15.35 0.17982 48.8773
0.0483 15.46 0.1808 48.9779
0.0484 15.46 0.1808 49.0061
0.0485 15.46 0.1808 49.0342
0.0486 15.16 0.15009 48.1721
0.0487 15.63 0.14965 48.4002
0.0488 15.99 0.15079 48.6176
0.0489 16.33 0.15184 48.821
0.049 16.68 0.1518 48.9971
0.0491 17.21 0.15144 49.2365
0.0492 17.44 0.15148 49.3597
0.0493 17.63 0.15201 49.4791
0.0494 17.74 0.15327 49.5853
0.0495 17.86 0.15429 49.6888
0.0496 17.97 0.156 49.8063
0.0497 18.09 0.15966 49.9784
0.0498 18.09 0.15966 50.0063
0.0499 18.05 0.16646 50.1921
0.05 18.1 0.17208 50.3791
0.0501 18.06 0.18027 50.5863
0.0502 18.08 0.18442 50.7184
0.0503 18.05 0.18792 50.8137
0.0504 18.05 0.19098 50.9102
0.0505 18.01 0.19672 51.0476
0.0506 18.01 0.19965 51.1385
0.0507 18.02 0.20213 51.2233
0.0508 18.03 0.20498 51.3152
0.0509 18.08 0.20702 51.4061
0.051 18.14 0.20954 51.5105
0.0511 18.18 0.21138 51.5924
0.0512 18.19 0.2124 51.6452
0.0513 18.32 0.21097 51.6972
0.0514 18.41 0.21016 51.7452
0.0515 18.47 0.20983 51.7906
0.0516 18.53 0.21126 51.8721
0.0517 18.54 0.21174 51.9138
0.0518 18.55 0.21138 51.9384
0.0519 18.52 0.21227 51.9723
0.052 18.37 0.21451 51.9846
0.0521 18.24 0.21606 51.9904
0.0522 18.21 0.21724 52.0294
0.0523 18.2 0.21797 52.0675
0.0524 18.22 0.21761 52.0962
0.0525 18.29 0.21643 52.129
0.0526 18.4 0.21647 52.2024
0.0527 18.55 0.21871 52.3359
0.0528 18.59 0.21863 52.3782
0.0529 18.62 0.21789 52.4031
0.053 18.63 0.21728 52.4225
0.0531 18.62 0.21765 52.4533
0.0532 18.6 0.21834 52.4864
0.0533 18.53 0.21696 52.4577
0.0534 18.53 0.21696 52.485
0.0535 18.48 0.21419 52.4358
0.0536 18.4 0.2128 52.4019
0.0537 18.37 0.21297 52.4202
0.0538 18.3 0.21427 52.445
0.0539 18.25 0.21512 52.4687
0.054 18.21 0.21468 52.4703
0.0541 18.19 0.21402 52.4755
0.0542 18.19 0.21402 52.5024
0.0543 18.27 0.21525 52.5876
0.0544 18.37 0.21463 52.6433
0.0545 18.47 0.21325 52.6831
0.0546 18.49 0.21199 52.6921
0.0547 18.54 0.21117 52.7225
0.0548 18.58 0.2113 52.7683
0.0549 18.6 0.21199 52.8176
0.055 18.6 0.21199 52.8443
0.0551 18.69 0.20938 52.8532
0.0552 18.73 0.20763 52.8593
0.0553 18.79 0.2069 52.8947
0.0554 18.82 0.20682 52.9317
0.0555 18.9 0.20653 52.9845
0.0556 18.97 0.20657 53.0401
0.0557 18.96 0.20678 53.067
0.0558 18.96 0.20678 53.0935
0.0559 18.74 0.20881 53.0738
0.056 18.59 0.21007 53.0654
0.0561 18.45 0.21044 53.0417
0.0562 18.27 0.21036 52.9914
0.0563 18.15 0.21007 52.9612
0.0564 17.92 0.2106 52.9013
0.0565 17.68 0.21337 52.8821
0.0566 17.39 0.21598 52.8357
0.0567 16.78 0.21842 52.6397
0.0568 16.51 0.21854 52.545
0.0569 16.23 0.21846 52.4398
0.057 16.01 0.21871 52.3673
0.0571 15.8 0.22025 52.3239
0.0572 15.59 0.2207 52.2575
0.0573 15.42 0.22034 52.1933
0.0574 15.3 0.22123 52.1774
0.0575 15.01 0.22522 52.1364
0.0576 14.9 0.22657 52.1323
0.0577 14.79 0.22555 52.0823
0.0578 14.72 0.22315 52.0255
0.0579 14.66 0.21985 51.9554
0.058 14.66 0.2172 51.9279
0.0581 14.62 0.21415 51.8713
0.0582 14.62 0.21109 51.834
0.0583 14.68 0.20783 51.8222
0.0584 14.68 0.20783 51.8469
0.0585 14.68 0.20783 51.8715
0.0586 14.18 0.17799 50.9762
0.0587 15.27 0.17115 51.3794
0.0588 15.53 0.16891 51.4724
0.0589 15.77 0.1665 51.5489
0.059 16.04 0.16398 51.6339
0.0591 16.21 0.16211 51.6873
0.0592 16.32 0.16064 51.7228
0.0593 16.34 0.16044 51.7509
0.0594 16.34 0.15991 51.7608
0.0595 16.19 0.15966 51.7096
0.0596 16.11 0.16048 51.7189
0.0597 16 0.1606 51.6952
0.0598 15.91 0.16109 51.6904
0.0599 15.83 0.16227 51.7082
0.06 15.67 0.16414 51.7059
0.0601 15.26 0.16846 51.6442
0.0602 15.01 0.17033 51.5927
0.0603 14.74 0.17119 51.5033
0.0604 14.28 0.17159 51.3023
0.0605 14.11 0.17216 51.2516
0.0606 14.02 0.17208 51.2259
0.0607 13.94 0.17225 51.2114
0.0608 13.91 0.17233 51.2209
0.0609 13.9 0.17225 51.2371
0.061 13.91 0.1729 51.2818
0.0611 14.07 0.1742 51.4218
0.0612 14.07 0.1742 51.4452
0.0613 14.39 0.17375 51.6243
0.0614 14.55 0.17216 51.6905
0.0615 14.68 0.17102 51.7515
0.0616 14.76 0.17054 51.8033
0.0617 14.85 0.1698 51.8533
0.0618 14.9 0.17037 51.9163
0.0619 14.97 0.17163 52.0066
0.062 14.98 0.17273 52.0626
0.0621 14.94 0.17603 52.1479
0.0622 15 0.1764 52.2105
0.0623 15.06 0.17575 52.2478
0.0624 15.16 0.174 52.2774
0.0625 15.31 0.17298 52.3492
0.0626 15.53 0.17168 52.4473
0.0627 15.75 0.17033 52.5424
0.0628 16.02 0.16931 52.6682
0.0629 16.44 0.16642 52.8125
0.063 16.59 0.1661 52.8965
0.0631 16.8 0.1661 53.0158
0.0632 17 0.1672 53.1588
0.0633 17.17 0.16801 53.2798
0.0634 17.34 0.16817 53.3831
0.0635 17.53 0.16895 53.511
0.0636 17.66 0.17001 53.6193
0.0637 17.65 0.17396 53.7409
0.0638 17.57 0.17689 53.804
0.0639 17.51 0.17937 53.8632
0.064 17.43 0.18202 53.9169
0.0641 17.39 0.18483 53.9912
0.0642 17.37 0.18723 54.0637
0.0643 17.4 0.18898 54.1424
0.0644 17.42 0.19024 54.2047
0.0645 17.39 0.19175 54.2503
0.0646 17.29 0.19244 54.2448
0.0647 17.21 0.1935 54.2567
0.0648 17.13 0.19541 54.288
0.0649 17.05 0.19757 54.3243
0.065 17.02 0.2001 54.3913
0.0651 17.03 0.20209 54.464
0.0652 16.94 0.20372 54.4821
0.0653 16.8 0.20755 54.5247
0.0654 16.65 0.21028 54.5367
0.0655 16.48 0.21272 54.5316
0.0656 16.35 0.21476 54.5359
0.0657 16.27 0.2163 54.5529
0.0658 16.24 0.21626 54.5606
0.0659 16.23 0.21533 54.5592
0.066 16.2 0.21325 54.5236
0.0661 16.15 0.2115 54.485
0.0662 16.03 0.20755 54.364
0.0663 15.97 0.20527 54.3075
0.0664 15.91 0.20303 54.2513
0.0665 15.76 0.20063 54.1464
0.0666 15.56 0.19855 54.0227
0.0667 15.32 0.19786 53.9087
0.0668 15.02 0.19721 53.7631
0.0669 14.78 0.19647 53.6441
0.067 14.26 0.19554 53.3692
0.0671 14.02 0.19472 53.2424
0.0672 13.77 0.19493 53.1314
0.0673 13.61 0.19472 53.0592
0.0674 13.45 0.19403 52.9751
0.0675 13.35 0.19269 52.9095
0.0676 13.28 0.19106 52.8539
0.0677 13.29 0.18988 52.8541
0.0678 13.35 0.18654 52.832
0.0679 13.45 0.18442 52.8602
0.068 13.53 0.18112 52.8476
0.0681 13.68 0.17786 52.8732
0.0682 13.8 0.17444 52.8759
0.0683 13.91 0.17196 52.8949
0.0684 13.91 0.17196 52.9164
0.0685 13.91 0.17196 52.9379
0.0686 13.57 0.14997 52.1736
0.0687 13.66 0.15046 52.2587
0.0688 13.65 0.15282 52.342
0.0689 13.62 0.15575 52.4293
0.069 13.6 0.16292 52.6361
0.0691 13.58 0.16659 52.7438
0.0692 13.56 0.17021 52.8483
0.0693 13.55 0.17497 52.9853
0.0694 13.51 0.17888 53.0815
0.0695 13.52 0.1823 53.1922
0.0696 13.47 0.18503 53.2509
0.0697 13.43 0.18902 53.3439
0.0698 13.36 0.1955 53.4748
0.0699 13.36 0.19928 53.5814
0.07 13.38 0.20295 53.6957
0.0701 13.39 0.21003 53.8763
0.0702 13.37 0.2126 53.9406
0.0703 13.39 0.21411 54.0054
0.0704 13.41 0.21496 54.0561
0.0705 13.43 0.21472 54.0841
0.0706 13.42 0.2139 54.0824
0.0707 13.42 0.21248 54.0737
0.0708 13.37 0.21191 54.0538
0.0709 13.37 0.21081 54.0516
0.071 13.32 0.21077 54.0427
0.0711 13.28 0.21081 54.0413
0.0712 13.23 0.21126 54.0427
0.0713 13.2 0.21313 54.0857
0.0714 13.23 0.21309 54.1237
0.0715 13.28 0.21288 54.1697
0.0716 13.36 0.21183 54.2153
0.0717 13.44 0.2104 54.2524
0.0718 13.49 0.20934 54.2797
0.0719 13.52 0.20731 54.274
0.072 13.49 0.2071 54.2731
0.0721 13.44 0.20641 54.2499
0.0722 13.39 0.20584 54.2292
0.0723 13.31 0.20498 54.1844
0.0724 13.22 0.20397 54.1301
0.0725 13.1 0.20291 54.0563
0.0726 12.97 0.20144 53.9668
0.0727 12.86 0.20079 53.9068
0.0728 12.67 0.19855 53.7617
0.0729 12.62 0.19737 53.725
0.073 12.57 0.19741 53.7156
0.0731 12.55 0.1979 53.7348
0.0732 12.52 0.19708 53.7182
0.0733 12.55 0.19635 53.7405
0.0734 12.59 0.19533 53.7622
0.0735 12.59 0.19533 53.7826
0.0736 12.62 0.19733 53.867
0.0737 12.61 0.19892 53.9172
0.0738 12.58 0.20075 53.9601
0.0739 12.57 0.20307 54.0258
0.074 12.57 0.20445 54.0766
0.0741 12.64 0.20649 54.1849
0.0742 12.75 0.21105 54.3717
0.0743 12.83 0.21211 54.4637
0.0744 12.91 0.21276 54.5468
0.0745 12.96 0.21187 54.5785
0.0746 13.04 0.21231 54.6567
0.0747 13.08 0.21292 54.7142
0.0748 13.13 0.21292 54.7647
0.0749 13.23 0.21117 54.8072
0.075 13.32 0.21064 54.8696
0.0751 13.43 0.2091 54.9215
0.0752 13.6 0.2084 55.0261
0.0753 13.83 0.20726 55.1543
0.0754 14.05 0.20551 55.2612
0.0755 14.23 0.20307 55.328
0.0756 14.37 0.20124 55.3847
0.0757 14.46 0.19945 55.4137
0.0758 14.47 0.19941 55.4386
0.0759 14.48 0.2001 55.4804
0.076 14.48 0.19941 55.4848
0.0761 14.47 0.19875 55.4842
0.0762 14.46 0.19949 55.5161
0.0763 14.42 0.20152 55.561
0.0764 14.35 0.20511 55.624
0.0765 14.32 0.20731 55.6768
0.0766 14.3 0.20926 55.7292
0.0767 14.27 0.21068 55.764
0.0768 14.26 0.2126 55.8206
0.0769 14.26 0.21382 55.8674
0.077 14.25 0.21484 55.9041
0.0771 14.1 0.21565 55.8566
0.0772 13.99 0.21622 55.826
0.0773 13.84 0.21647 55.7649
0.0774 13.65 0.2174 55.6938
0.0775 13.47 0.21765 55.6127
0.0776 13.3 0.21708 55.5189
0.0777 13.11 0.21647 55.4109
0.0778 12.83 0.21394 55.2046
0.0779 12.73 0.21256 55.1324
0.078 12.6 0.21117 55.0406
0.0781 12.47 0.20922 54.9356
0.0782 12.37 0.20751 54.854
0.0783 12.23 0.20547 54.7386
0.0784 12.23 0.20547 54.758
0.0785 12.23 0.20547 54.7775
0.0786 11.49 0.18019 53.7166
0.0787 11.46 0.1808 53.7304
0.0788 11.43 0.18072 53.7272
0.0789 11.44 0.18039 53.7447
0.079 11.45 0.18006 53.7622
0.0791 11.49 0.18043 53.8173
0.0792 11.53 0.18104 53.8783
0.0793 11.59 0.18259 53.9758
0.0794 11.68 0.1834 54.0748
0.0795 11.81 0.18332 54.178
0.0796 11.93 0.1832 54.273
0.0797 12.08 0.18283 54.3805
0.0798 12.19 0.18287 54.4715
0.0799 12.28 0.18234 54.5351
0.08 12.38 0.18116 54.5883
0.0801 12.51 0.1788 54.6298
0.0802 12.53 0.17754 54.6292
0.0803 12.52 0.1766 54.6177
0.0804 12.5 0.17514 54.5863
0.0805 12.47 0.17428 54.5639
0.0806 12.47 0.17277 54.5433
0.0807 12.5 0.17111 54.5371
0.0808 12.51 0.16956 54.5209
0.0809 12.54 0.16797 54.5157
0.081 12.53 0.16671 54.494
0.0811 12.48 0.1652 54.4401
0.0812 12.42 0.16406 54.3896
0.0813 12.33 0.16357 54.3378
0.0814 12.2 0.16557 54.3284
0.0815 12.2 0.16557 54.3469
0.0816 12.14 0.1674 54.3766
0.0817 12.12 0.17094 54.4769
0.0818 12.17 0.17542 54.6453
0.0819 12.24 0.17599 54.7238
0.082 12.38 0.17774 54.8772
0.0821 12.48 0.179 54.9918
0.0822 12.62 0.18088 55.1467
0.0823 12.76 0.18218 55.286
0.0824 12.93 0.18409 55.4583
0.0825 13.09 0.18601 55.6233
0.0826 13.25 0.18699 55.7639
0.0827 13.38 0.18756 55.8752
0.0828 13.49 0.18711 55.9488
0.0829 13.57 0.18601 55.9877
0.083 13.66 0.18454 56.0229
0.0831 13.75 0.18161 56.02
0.0832 13.79 0.18084 56.0424
0.0833 13.84 0.18076 56.0882
0.0834 13.87 0.18133 56.1391
0.0835 13.83 0.18365 56.1939
0.0836 13.8 0.18581 56.2497
0.0837 13.75 0.18866 56.3103
0.0838 13.68 0.19236 56.3786
0.0839 13.56 0.20063 56.5234
0.084 13.54 0.20344 56.5956
0.0841 13.56 0.20641 56.6947
0.0842 13.63 0.20922 56.8194
0.0843 13.65 0.2126 56.926
0.0844 13.7 0.21488 57.0253
0.0845 13.67 0.2181 57.0967
0.0846 13.7 0.22429 57.2667
0.0847 13.7 0.22429 57.2855
0.0848 13.79 0.2275 57.4262
0.0849 13.88 0.22722 57.493
0.085 13.91 0.22575 57.4986
0.0851 13.97 0.22673 57.5738
0.0852 14.04 0.22738 57.6478
0.0853 14.24 0.22661 57.7679
0.0854 14.38 0.22685 57.8733
0.0855 14.55 0.22648 57.9823
0.0856 14.82 0.22498 58.1228
0.0857 15.09 0.22213 58.2312
0.0858 15.38 0.21932 58.3481
0.0859 15.7 0.21565 58.4582
0.086 16 0.2117 58.5466
0.0861 16.5 0.2036 58.635
0.0862 16.62 0.20177 58.671
0.0863 16.76 0.20034 58.7261
0.0864 16.85 0.20071 58.7994
0.0865 17.03 0.19932 58.8743
0.0866 17.17 0.19932 58.9627
0.0867 17.35 0.19985 59.0833
0.0868 17.55 0.20425 59.3073
0.0869 17.55 0.20755 59.4054
0.087 17.56 0.21126 59.5169
0.0871 17.49 0.21614 59.6149
0.0872 17.37 0.22205 59.7087
0.0873 17.17 0.22799 59.7593
0.0874 16.88 0.23573 59.7977
0.0875 16.33 0.25002 59.8243
0.0876 16.14 0.25743 59.8879
0.0877 15.96 0.26248 59.907
0.0878 15.83 0.26643 59.9298
0.0879 15.73 0.27001 59.9607
0.088 15.65 0.27266 59.9843
0.0881 15.54 0.27303 59.9491
0.0882 15.41 0.27124 59.8628
0.0883 15.41 0.26932 59.8463
0.0884 15.41 0.26932 59.8651
0.0885 15.41 0.26932 59.8839
0.0886 12.72 0.25389 57.9852
0.0887 14.83 0.23951 59.0126
0.0888 14.72 0.23903 58.958
0.0889 14.58 0.2389 58.8927
0.089 14.44 0.23923 58.8361
0.0891 14.27 0.23907 58.7509
0.0892 14.17 0.23984 58.7254
0.0893 14.12 0.2407 58.7313
0.0894 14.15 0.24065 58.7665
0.0895 14.22 0.23894 58.7917
0.0896 14.48 0.23552 58.8929
0.0897 14.65 0.23471 58.9933
0.0898 14.7 0.23451 59.0364
0.0899 14.69 0.23442 59.047
0.09 14.62 0.23451 59.0265
0.0901 14.42 0.23516 58.9413
0.0902 14.33 0.23569 58.9174
0.0903 14.29 0.23622 58.9228
0.0904 14.11 0.23675 58.8444
0.0905 14.06 0.23695 58.8366
0.0906 14.07 0.23707 58.8632
0.0907 14.1 0.23837 58.9261
0.0908 14.15 0.2396 58.9995
0.0909 14.28 0.2407 59.1178
0.091 14.37 0.24106 59.1968
0.0911 14.57 0.24057 59.3228
0.0912 14.72 0.23825 59.3806
0.0913 14.99 0.23271 59.4379
0.0914 15.15 0.23117 59.5141
0.0915 15.27 0.23019 59.5788
0.0916 15.35 0.22995 59.6365
0.0917 15.43 0.23056 59.7125
0.0918 15.44 0.23129 59.7518
0.0919 15.37 0.23243 59.7553
0.092 15.38 0.23475 59.8283
0.0921 15.36 0.23984 59.9421
0.0922 15.35 0.24171 59.9933
0.0923 15.4 0.24416 60.0899
0.0924 15.35 0.24705 60.1387
0.0925 15.34 0.25018 60.2142
0.0926 15.3 0.25344 60.2745
0.0927 15.37 0.25605 60.3837
0.0928 15.48 0.25751 60.4925
0.0929 15.83 0.25686 60.693
0.093 16.01 0.25446 60.7626
0.0931 16.21 0.25124 60.825
0.0932 16.38 0.24872 60.8835
0.0933 16.55 0.24599 60.9363
0.0934 16.68 0.24188 60.9377
0.0935 16.79 0.23911 60.9551
0.0936 16.89 0.23683 60.9768
0.0937 16.92 0.23373 60.9436
0.0938 16.86 0.23235 60.9005
0.0939 16.7 0.22705 60.7183
0.094 16.54 0.22359 60.5747
0.0941 16.4 0.22245 60.4927
0.0942 16.22 0.22253 60.4163
0.0943 16.01 0.22302 60.3319
0.0944 15.81 0.22408 60.2643
0.0945 15.58 0.22571 60.1912
0.0946 15.29 0.22644 60.0624
0.0947 15.01 0.22673 59.9267
0.0948 14.46 0.22551 59.5962
0.0949 14.24 0.22555 59.483
0.095 14.03 0.22526 59.3669
0.0951 13.84 0.22587 59.2812
0.0952 13.61 0.22693 59.1786
0.0953 13.43 0.22742 59.0931
