0.01 0.02 0 0
0.02 0.02 0 0
0.03 0.02 0 0
0.04 0.02 0 0
0.05 0.02 0 0
0.06 0.02 0 0
0.07 0.02 0 0
0.0800001 0.02 0 0
0.0900001 0.02 0 0
0.1 0.02 0 0
0.11 0.02 0 0
0.12 0.02 0 0
0.13 0.02 0 0
0.14 0.02 0 0
0.15 0.02 0 0
0.16 0.02 0 0
0.17 0.02 0 0
0.18 0.02 0 0
0.19 0.02 0 0
0.2 0.02 0 0
0.21 0.02 0 0
0.22 0.02 0 0
0.23 0.03 0 0
0.24 0.03 0 0
0.25 0.03 0 0
0.26 0.03 0 0
0.27 0.04 0 0
0.28 0.04 0 0
0.29 0.04 0 0
0.3 0.05 0 0
0.31 0.07 0 0
0.32 0.0800001 0 0
0.33 0.0800001 0 0
0.34 0.0800001 0 0
0.35 0.0900001 0 0
0.36 0.0900001 0 0
0.37 0.11 0 0
0.38 0.12 0 0
0.39 0.11 0 0
0.4 0.12 0 0
0.41 0.13 0 0
0.42 0.12 0 0
0.43 0.0900001 0 0
0.44 0.0900001 0 0
0.45 0.0900001 0 0
0.46 0.0900001 0 0
0.47 0.0900001 0 0
0.48 0.0900001 0 0
0.49 0.1 0 0
0.5 0.1 0 0
0.51 0.1 0 0
0.52 0.11 0 0
0.53 0.13 0 0
0.54 0.2 0 0
0.55 0.31 0 0
0.56 0.44 0 0
0.57 0.44 0 0
0.58 0.41 0 0
0.59 0.39 0 0
0.6 0.37 0 0
0.61 0.34 0 0
0.62 0.3 0 0
0.63 0.29 0 0
0.640001 0.27 0 0
0.650001 0.26 0 0
0.660001 0.24 0 0
0.670001 0.22 0 0
0.680001 0.2 0 0
0.690001 0.19 0 0
0.700001 0.17 0 0
0.710001 0.14 0 0
0.720001 0.13 0 0
0.730001 0.11 0 0
0.740001 0.1 0 0
0.75 0.1 0 0
0.760001 0.1 0 0
0.770001 0.0900001 0 0
0.780001 0.0900001 0 0
0.790001 0.0900001 0 0
0.800001 0.0800001 0 0
0.810001 0.0800001 0 0
0.820001 0.0800001 0 0
0.830001 0.0800001 0 0
0.840001 0.0800001 0 0
0.850001 0.0800001 0 0
0.860001 0.0800001 0 0
0.870001 0.0800001 0 0
0.880001 0.0900001 0 0
0.890001 0.0900001 0 0
0.900001 0.0900001 0 0
0.910001 0.0900001 0 0
0.920001 0.1 0 0
0.930001 0.11 0 0
0.940001 0.12 0 0
0.950001 0.12 0 0
0.960001 0.12 0 0
0.970001 0.13 0 0
0.980001 0.14 0 0
0.990001 0.17 0 0
1 0.19 0 0
1.01 0.21 0 0
1.02 0.23 0 0
1.03 0.24 0 0
1.04 0.26 0 0
1.05 0.28 0 0
1.06 0.3 0 0
1.07 0.33 0 0
1.08 0.36 0 0
1.09 0.37 0 0
1.1 0.4 0 0
1.11 0.45 0 0
1.12 0.49 0 0
1.13 0.57 0.001 47.47
1.14 0.900001 0.001 50.8216
1.15 1 0.002 54.7946
1.16 1.05 0.002 55.3139
1.17 1.09 0.002 55.7454
1.18 1.16 0.002 56.3805
1.19 1.07 0.002 55.8595
1.2 1.03 0.002 55.6832
1.21 0.820001 0.002 54.0091
1.22 0.830001 0.002 54.2274
1.23 0.810001 0.003 56.0183
1.24 0.770001 0.003 55.7366
1.25 0.770001 0.003 55.8612
1.26 0.770001 0.003 55.9851
1.27 0.770001 0.002 54.247
1.28 0.770001 0.001 51.3189
1.29 0.770001 0.001 51.43
1.3 0.770001 0.001 51.5405
1.31 0.780001 0.001 51.7465
1.32 0.780001 0.001 51.856
1.33 0.790001 0.001 52.0603
1.34 0.790001 0.001 52.1689
1.35 0.800001 0.001 52.3716
1.36 0.790001 0.002 55.494
1.37 0.810001 0.003 57.7224
1.38 0.830001 0.004 59.4488
1.39 0.840001 0.004 59.6711
1.4 0.870001 0.004 60.093
1.41 0.900001 0.004 60.5067
1.42 0.970001 0.004 61.2831
1.43 1.05 0.004 62.1075
1.44 1.2 0.005 64.6248
1.45 1.28 0.006 66.3527
1.46 1.34 0.007 67.7834
1.47 1.37 0.008 68.8901
1.48 1.36 0.009 69.6263
1.49 1.32 0.009 69.4575
1.5 1.27 0.009 69.2009
1.51 1.15 0.009 68.345
1.52 1.09 0.009 67.9443
1.53 1.03 0.008 66.8571
1.54 1 0.009 67.3506
1.55 0.970001 0.008 66.5216
1.56 0.920001 0.007 65.404
1.57 0.820001 0.006 63.6223
1.58 0.770001 0.006 63.1599
1.59 0.730001 0.006 62.7866
1.6 0.710001 0.006 62.645
1.61 0.700001 0.009 64.7743
1.62 0.710001 0.023 70.2975
1.63 0.720001 0.029 71.9339
1.64 1.16 0.038 78.9341
1.65 1.5 0.044 83.056
1.66 2.03 0.049 87.6823
1.67 2.6 0.064 93.0601
1.68 3.21 0.073 97.1447
1.69 3.33 0.076 98.1491
1.7 3.54 0.091 100.677
1.71 3.76 0.098 102.35
1.72 3.91 0.114 104.401
1.73 3.82 0.119 104.592
1.74 3.58 0.121 103.929
1.75 3.06 0.121 101.769
1.76 2.88 0.122 101.113
1.77 2.6 0.122 99.792
1.78 2.25 0.122 97.889
1.79 2.18 0.121 97.5296
1.8 2.02 0.119 96.4806
1.81 1.93 0.117 95.8619
1.82 1.9 0.11 95.302
1.83 1.88 0.109 95.2296
1.84 1.56 0.102 92.3342
1.85 1.45 0.098 91.2008
1.86 1.3 0.097 89.8359
1.87 1.2 0.0900001 88.3863
1.88 1.13 0.083 87.1655
1.89 1.11 0.067 85.5323
1.9 0.970001 0.059 83.1269
1.91 0.900001 0.051 81.3628
1.92 0.810001 0.047 79.7106
1.93 0.770001 0.044 78.8121
1.94 0.740001 0.037 77.3518
1.95 0.660001 0.036 76.0232
1.96 0.640001 0.035 75.6174
1.97 0.62 0.033 75.0109
1.98 0.62 0.032 74.9245
1.99 0.62 0.026 73.7444
2 0.6 0.025 73.2599
2.01 0.58 0.023 72.4996
2.02 0.58 0.021 72.0523
2.03 0.57 0.02 71.6792
2.04 0.56 0.017 70.633
2.05 0.55 0.016 70.1908
2.06 0.54 0.015 69.725
2.07 0.53 0.015 69.6312
2.08 0.53 0.014 69.3255
2.09 0.53 0.012 68.5334
2.1 0.53 0.011 68.1294
2.11 0.53 0.011 68.2194
2.12 0.53 0.011 68.3092
2.13 0.54 0.011 68.5829
2.14 0.55 0.011 68.854
2.15 0.55 0.011 68.9433
2.16 0.57 0.011 69.3882
2.17 0.58 0.011 69.6516
2.18 0.58 0.011 69.7407
2.19 0.59 0.011 70.0016
2.2 0.6 0.012 70.7706
2.21 0.6 0.012 70.8599
2.22 0.6 0.012 70.9489
2.23 0.6 0.012 71.0376
2.24 0.6 0.012 71.126
2.25 0.61 0.012 71.3839
2.26 0.63 0.013 72.2845
2.27 0.650001 0.013 72.6997
2.28 0.670001 0.013 73.1069
2.29 0.710001 0.014 74.2662
2.3 0.730001 0.014 74.6543
2.31 0.760001 0.014 75.1791
2.32 0.770001 0.015 75.8454
2.33 0.790001 0.016 76.6274
2.34 0.790001 0.017 77.1066
2.35 0.790001 0.019 77.9158
2.36 0.790001 0.019 78.0078
2.37 0.790001 0.019 78.0996
2.38 0.800001 0.019 78.3328
2.39 0.790001 0.019 78.2822
2.4 0.770001 0.018 77.7338
2.41 0.740001 0.018 77.3796
2.42 0.700001 0.018 76.8513
2.43 0.690001 0.018 76.7802
2.44 0.690001 0.017 76.5033
2.45 0.690001 0.017 76.5903
2.46 0.690001 0.017 76.6771
2.47 0.700001 0.018 77.2895
2.48 0.740001 0.019 78.3497
2.49 0.790001 0.02 79.518
2.5 0.870001 0.024 81.9539
2.51 1.09 0.025 85.0404
2.52 1.3 0.026 87.6074
2.53 1.58 0.026 90.2023
2.54 1.54 0.026 89.9685
2.55 1.46 0.026 89.3776
2.56 1.39 0.027 89.1235
2.57 1.35 0.028 89.115
2.58 1.34 0.028 89.1158
2.59 1.41 0.029 90.131
2.6 1.48 0.029 90.8594
2.61 1.54 0.029 91.4784
2.62 1.61 0.029 92.1638
2.63 1.59 0.029 92.0955
2.64 1.6 0.03 92.5366
2.65 1.61 0.031 92.9704
2.66 1.63 0.032 93.48
2.67 1.69 0.034 94.5416
2.68 1.56 0.034 93.5553
2.69 1.41 0.034 92.2987
2.7 1.37 0.034 92.0119
2.71 1.32 0.034 91.6147
2.72 1.32 0.033 91.4811
2.73 1.3 0.031 90.8993
2.74 1.19 0.03 89.5958
2.75 1.16 0.028 88.846
2.76 1.12 0.022 86.7297
2.77 1.05 0.019 84.971
2.78 0.990001 0.018 83.96
2.79 0.940001 0.018 83.419
2.8 0.910001 0.018 83.1129
2.81 0.850001 0.017 81.9913
2.82 0.820001 0.015 80.803
2.83 0.800001 0.014 80.1341
2.84 0.800001 0.014 80.2127
2.85 0.800001 0.014 80.2911
2.86 0.800001 0.014 80.3694
2.87 0.860001 0.014 81.2896
2.88 0.940001 0.014 82.4171
2.89 1 0.014 83.2349
2.9 1.1 0.014 84.4662
2.91 1.3 0.015 87.1042
2.92 1.65 0.015 90.2325
2.93 2.24 0.015 94.383
2.94 2.95 0.016 98.8225
2.95 3.61 0.017 102.349
2.96 4.46 0.017 105.612
2.97 4.86 0.017 107.027
2.98 5.34 0.017 108.59
2.99 5.74 0.017 109.828
3 5.95 0.015 109.355
3.01 5.94 0.014 108.803
3.02 5.88 0.014 108.745
3.03 5.78 0.014 108.576
3.04 5.75 0.013 107.927
3.05 5.72 0.013 107.944
3.06 5.64 0.013 107.823
3.07 5.59 0.013 107.783
3.08 5.51 0.013 107.657
3.09 5.4 0.014 108.106
3.1 5.33 0.015 108.622
3.11 5.33 0.018 110.381
3.12 5.32 0.028 114.585
3.13 5.35 0.029 115.115
3.14 5.38 0.032 116.259
3.15 5.54 0.035 117.728
3.16 5.87 0.037 119.368
3.17 6.39 0.04 121.73
3.18 7.07 0.041 123.878
3.19 8.15 0.041 126.55
3.2 8.93 0.041 128.338
3.21 9.63 0.041 129.853
3.22 10.64 0.041 131.845
3.23 11.02 0.041 132.628
3.24 11.42 0.041 133.425
3.25 11.98 0.041 134.463
3.26 12.11 0.042 135.058
3.27 12.21 0.045 136.112
3.28 12.24 0.047 136.77
3.29 12.28 0.046 136.705
3.3 12.31 0.048 137.354
3.31 12.33 0.053 138.64
3.32 12.36 0.055 139.233
3.33 12.41 0.057 139.846
3.34 12.6 0.059 140.672
3.35 12.69 0.063 141.705
3.36 12.81 0.063 142.014
3.37 12.94 0.064 142.525
3.38 13.08 0.064 142.864
3.39 13.16 0.064 143.107
3.4 13.18 0.06 142.488
3.41 13.18 0.057 141.997
3.42 13.1 0.054 141.351
3.43 13.05 0.052 140.945
3.44 13.04 0.053 141.267
3.45 13.02 0.054 141.57
3.46 12.99 0.057 142.275
3.47 12.96 0.059 142.751
3.48 12.93 0.059 142.818
3.49 12.91 0.06 143.1
3.5 12.87 0.061 143.347
3.51 12.51 0.061 142.876
3.52 12.46 0.063 143.29
3.53 12.4 0.064 143.492
3.54 12.41 0.065 143.806
3.55 12.3 0.065 143.735
3.56 12.17 0.066 143.81
3.57 12.01 0.066 143.648
3.58 11.67 0.066 143.167
3.59 11.43 0.067 143.028
3.6 11.24 0.068 142.97
3.61 11.03 0.069 142.866
3.62 10.82 0.07 142.751
3.63 10.4 0.07 142.049
3.64 10.32 0.07 141.999
3.65 10.32 0.07 142.108
3.66 10.32 0.07 142.216
3.67 10.36 0.07 142.403
3.68 10.57 0.07 142.923
3.69 10.84 0.068 143.206
3.7 11.36 0.062 143.179
3.71 11.53 0.057 142.592
3.72 11.6 0.054 142.182
3.73 11.68 0.054 142.429
3.74 11.85 0.054 142.832
3.75 11.97 0.054 143.146
3.76 11.94 0.054 143.2
3.77 11.77 0.054 143.01
3.78 11.59 0.054 142.799
3.79 11.47 0.054 142.689
3.8 11.43 0.054 142.722
3.81 11.28 0.056 142.987
3.82 11.07 0.056 142.705
3.83 11.16 0.056 142.975
3.84 10.97 0.057 142.936
3.85 10.78 0.059 143.09
3.86 10.54 0.062 143.319
3.87 10.54 0.068 144.529
3.88 10.06 0.071 144.182
3.89 9.96 0.071 144.078
3.9 9.95 0.071 144.16
3.91 9.97 0.072 144.473
3.92 9.98 0.075 145.088
3.93 10.04 0.075 145.316
3.94 10.77 0.075 146.896
3.95 11.1 0.075 147.64
3.96 11.2 0.073 147.602
3.97 10.91 0.071 146.809
3.98 10.56 0.071 146.224
3.99 10.57 0.071 146.346
4 10.51 0.071 146.328
4.01 10.38 0.071 146.167
4.02 10 0.07 145.313
4.03 9.81 0.07 145.012
4.04 9.36 0.07 144.134
4.05 8.51 0.07 142.27
4.06 8.35 0.07 141.979
4.07 8.37 0.073 142.622
4.08 8.38 0.073 142.744
4.09 8.44 0.072 142.824
4.1 8.81 0.071 143.639
4.11 9.37 0.066 144.139
4.12 9.51 0.061 143.601
4.13 9.32 0.061 143.281
4.14 8.97 0.061 142.589
4.15 8.37 0.061 141.269
4.16 7.94 0.062 140.484
4.17 7.5 0.061 139.24
4.18 6.78 0.061 137.322
4.19 6.43 0.061 136.369
4.2 6.17 0.061 135.651
4.21 5.92 0.064 135.474
4.22 5.87 0.069 136.248
4.23 5.8 0.079 137.644
4.24 5.66 0.083 137.816
4.25 5.34 0.0850001 137.026
4.26 4.75 0.0850001 134.823
4.27 4.2 0.0850001 132.542
4.28 3.76 0.084 130.403
4.29 3.59 0.072 127.969
4.3 3.59 0.066 127.128
4.31 3.59 0.064 126.885
4.32 3.66 0.06 126.639
4.33 4.25 0.055 128.543
4.34 4.65 0.048 128.835
4.35 4.66 0.045 128.266
4.36 3.98 0.044 125.231
4.37 3.47 0.044 122.861
4.38 3.22 0.044 121.623
4.39 3.21 0.044 121.645
4.4 3.21 0.044 121.722
4.41 3.21 0.043 121.566
4.42 3.5 0.043 123.167
4.43 4.07 0.041 125.454
4.44 4.31 0.041 126.572
4.45 4.1 0.038 124.951
4.46 3.75 0.037 123.159
4.47 3.4 0.037 121.51
4.48 3.03 0.037 119.585
4.49 2.65 0.038 117.633
4.5 2.33 0.038 115.544
4.51 2.07 0.038 113.662
4.52 2.07 0.038 113.732
4.53 2.07 0.039 114.048
4.54 2.08 0.041 114.674
4.55 2.31 0.042 116.724
4.56 2.55 0.042 118.469
4.57 2.78 0.042 120.025
4.58 2.76 0.041 119.733
4.59 2.62 0.039 118.417
4.6 2.6 0.034 117.015
4.61 2.51 0.032 115.907
4.62 2.39 0.031 114.857
4.63 2.1 0.031 112.806
4.64 1.97 0.031 111.839
4.65 1.91 0.033 111.99
4.66 1.94 0.034 112.588
4.67 1.96 0.042 114.823
4.68 2.03 0.043 115.699
4.69 2.27 0.045 118.092
4.7 2.46 0.045 119.537
4.71 2.59 0.045 120.498
4.72 2.73 0.045 121.487
4.73 3.36 0.045 125.248
4.74 3.89 0.044 127.753
4.75 4.54 0.044 130.704
4.76 5.05 0.045 133.05
4.77 5.26 0.045 133.911
4.78 5.25 0.045 133.952
4.79 5.03 0.046 133.45
4.8 4.79 0.049 133.289
4.81 4.55 0.051 132.824
4.82 4.36 0.051 132.087
4.83 4.29 0.053 132.278
4.84 4.27 0.053 132.265
4.85 4.3 0.053 132.475
4.86 4.33 0.054 132.89
4.87 4.39 0.053 133.023
4.88 4.43 0.054 133.48
4.89 4.42 0.053 133.305
4.9 4.48 0.053 133.64
4.91 4.4 0.053 133.369
4.92 4.37 0.052 133.102
4.93 4.32 0.05 132.524
4.94 4.19 0.047 131.338
4.95 3.82 0.046 129.442
4.96 3.63 0.045 128.332
4.97 3.47 0.045 127.573
4.98 3.33 0.044 126.653
4.99 3.18 0.04 124.891
5 2.87 0.039 122.869
5.01 2.74 0.038 121.856
5.02 2.63 0.039 121.469
5.03 2.5 0.039 120.652
5.04 2.38 0.043 120.844
5.05 2.12 0.044 119.141
5.06 1.96 0.045 118.087
5.07 1.96 0.045 118.152
5.08 1.96 0.044 117.996
5.09 1.96 0.043 117.835
5.1 2.43 0.042 121.368
5.11 2.76 0.04 123.18
5.12 3.04 0.036 123.883
5.13 3.25 0.032 123.928
5.14 3.42 0.031 124.58
5.15 3.58 0.03 125.128
5.16 3.84 0.029 126.11
5.17 3.89 0.028 126.045
5.18 3.99 0.028 126.574
5.19 4.11 0.028 127.184
5.2 4.42 0.025 127.384
5.21 4.47 0.02 125.311
5.22 4.44 0.017 123.574
5.23 4.26 0.015 121.632
5.24 3.98 0.014 119.821
5.25 3.69 0.013 117.857
5.26 3.54 0.013 117.216
5.27 3.37 0.013 116.45
5.28 3.2 0.013 115.646
5.29 3.05 0.013 114.91
5.3 2.81 0.017 116.186
5.31 2.69 0.018 116.069
5.32 2.57 0.02 116.385
5.33 2.47 0.021 116.253
5.34 2.4 0.023 116.713
5.35 2.29 0.025 116.795
5.36 2.28 0.027 117.532
5.37 2.27 0.027 117.519
5.38 2.3 0.027 117.802
5.39 2.32 0.027 118.01
5.4 2.41 0.027 118.72
5.41 2.63 0.027 120.285
5.42 2.9 0.026 121.669
5.43 3.2 0.024 122.65
5.44 3.47 0.022 123.257
5.45 3.67 0.02 123.337
5.46 3.99 0.02 124.895
5.47 4.14 0.018 124.527
5.48 4.23 0.018 124.977
5.49 4.26 0.018 125.168
5.5 4.25 0.018 125.189
5.51 4.17 0.02 126.01
5.52 4.15 0.021 126.498
5.53 4.15 0.022 127.053
5.54 4.14 0.023 127.543
5.55 4.14 0.026 128.916
5.56 4.15 0.027 129.431
5.57 4.15 0.028 129.888
5.58 4.17 0.028 130.043
5.59 4.24 0.029 130.801
5.6 4.34 0.029 131.306
5.61 4.54 0.028 131.841
5.62 4.75 0.026 131.951
5.63 4.93 0.024 131.845
5.64 5.15 0.023 132.273
5.65 5.19 0.023 132.485
5.66 5.19 0.023 132.55
5.67 5.14 0.024 132.9
5.68 5.02 0.024 132.514
5.69 4.89 0.026 132.961
5.7 4.79 0.028 133.451
5.71 4.69 0.03 133.878
5.72 4.64 0.031 134.102
5.73 4.63 0.031 134.125
5.74 4.63 0.031 134.19
5.75 4.64 0.031 134.297
5.76 4.65 0.03 134.037
5.77 4.71 0.029 133.971
5.78 4.74 0.028 133.767
5.79 4.74 0.028 133.831
5.8 4.66 0.028 133.568
5.81 4.61 0.028 133.424
5.82 4.56 0.028 133.279
5.83 4.51 0.028 133.131
5.84 4.47 0.028 133.024
5.85 4.46 0.027 132.642
5.86 4.47 0.027 132.748
5.87 4.47 0.026 132.394
5.88 4.49 0.026 132.542
5.89 4.52 0.027 133.149
5.9 4.56 0.027 133.381
5.91 4.59 0.028 133.975
5.92 4.6 0.029 134.472
5.93 4.58 0.029 134.451
5.94 4.55 0.029 134.387
5.95 4.46 0.029 134.063
5.96 4.43 0.029 133.995
5.97 4.41 0.029 133.971
5.98 4.4 0.029 133.989
5.99 4.39 0.028 133.617
6 4.37 0.028 133.591
6.01 4.35 0.027 133.161
6.02 4.29 0.026 132.54
6.03 4.22 0.026 132.287
6.04 4.15 0.026 132.029
6.05 4.07 0.026 131.72
6.06 4.04 0.026 131.641
6.07 4.04 0.027 132.115
6.08 4.05 0.027 132.223
6.09 4.05 0.026 131.868
6.1 4.07 0.026 132.022
6.11 4.11 0.025 131.838
6.12 4.28 0.025 132.67
6.13 4.38 0.025 133.172
6.14 4.46 0.024 133.127
6.15 4.5 0.024 133.359
6.16 4.54 0.024 133.589
6.17 4.53 0.024 133.607
6.18 4.52 0.025 134.079
6.19 4.49 0.025 134.011
6.2 4.38 0.025 133.593
6.21 4.31 0.025 133.343
6.22 4.24 0.025 133.089
6.23 4.18 0.025 132.875
6.24 4.13 0.026 133.138
6.25 4.11 0.026 133.104
6.26 4.06 0.028 133.751
6.27 4.02 0.028 133.62
6.28 4.01 0.029 134.022
6.29 4 0.029 134.033
6.3 4 0.029 134.092
6.31 4 0.029 134.151
6.32 4.11 0.027 133.937
6.33 4.22 0.025 133.648
6.34 4.34 0.023 133.319
6.35 4.49 0.021 133.021
6.36 4.59 0.02 132.961
6.37 4.66 0.02 133.31
6.38 4.68 0.02 133.45
6.39 4.66 0.021 133.969
6.4 4.6 0.022 134.296
6.41 4.52 0.024 134.989
6.42 4.44 0.025 135.159
6.43 4.37 0.025 134.908
6.44 4.29 0.026 135.048
6.45 4.27 0.029 136.248
6.46 4.26 0.029 136.26
6.47 4.26 0.029 136.319
6.48 4.27 0.029 136.423
6.49 4.28 0.03 136.914
6.5 4.27 0.03 136.926
6.51 4.28 0.032 137.768
6.52 4.29 0.032 137.874
6.53 4.31 0.033 138.379
6.54 4.35 0.033 138.622
6.55 4.4 0.032 138.554
6.56 4.46 0.032 138.883
6.57 4.6 0.03 138.814
6.58 4.71 0.028 138.549
6.59 4.79 0.027 138.524
6.6 4.93 0.025 138.271
6.61 5.06 0.024 138.377
6.62 5.15 0.024 138.787
6.63 5.21 0.024 139.078
6.64 5.23 0.024 139.213
6.65 5.22 0.024 139.232
6.66 5.21 0.027 140.624
6.67 5.21 0.028 141.108
6.68 5.23 0.029 141.658
6.69 5.26 0.029 141.834
6.7 5.34 0.029 142.202
6.71 5.44 0.029 142.641
6.72 5.64 0.029 143.444
6.73 5.71 0.029 143.758
6.74 5.79 0.029 144.106
6.75 5.88 0.03 144.894
6.76 5.97 0.03 145.271
6.77 6.02 0.03 145.506
6.78 6.06 0.03 145.704
6.79 6.07 0.033 146.959
6.8 6.04 0.036 147.982
6.81 6.03 0.043 150.211
6.82 6.03 0.047 151.389
6.83 6.12 0.049 152.301
6.84 6.21 0.049 152.684
6.85 6.55 0.049 153.923
6.86 7 0.049 155.466
6.87 7.41 0.044 155.411
6.88 8.32 0.04 156.84
6.89 8.83 0.039 157.92
6.9 9.29 0.039 159.143
6.91 9.63 0.039 160.034
6.92 9.86 0.039 160.643
6.93 9.94 0.039 160.895
6.94 9.81 0.04 160.993
6.95 9.64 0.043 161.622
6.96 9.47 0.045 161.884
6.97 9.08 0.047 161.555
6.98 8.87 0.047 161.075
6.99 8.66 0.046 160.297
7 8.43 0.044 159.151
7.01 8.05 0.047 159.031
7.02 7.91 0.051 159.774
7.03 7.9 0.058 161.528
7.04 7.93 0.058 161.68
7.05 7.96 0.058 161.832
7.06 8.03 0.058 162.1
7.07 8.23 0.058 162.739
7.08 8.63 0.058 163.919
7.09 8.64 0.055 163.288
7.1 8.65 0.054 163.13
7.11 8.9 0.051 163.087
7.12 9.03 0.045 161.798
7.13 9.01 0.042 160.884
7.14 8.99 0.04 160.243
7.15 8.78 0.04 159.761
7.16 8.72 0.041 159.993
7.17 8.64 0.041 159.843
7.18 8.51 0.041 159.556
7.19 8.53 0.044 160.613
7.2 8.56 0.045 161.057
7.21 8.63 0.045 161.308
7.22 8.77 0.045 161.745
7.23 8.88 0.045 162.098
7.24 8.98 0.045 162.422
7.25 9.07 0.045 162.718
7.26 9.01 0.046 162.922
7.27 8.89 0.046 162.67
7.28 8.76 0.051 163.788
7.29 8.67 0.054 164.386
7.3 8.68 0.055 164.728
7.31 8.7 0.059 165.811
7.32 8.74 0.067 167.749
7.33 8.98 0.07 169.083
7.34 9.33 0.071 170.282
7.35 10.33 0.071 172.863
7.36 10.88 0.07 174.019
7.37 11.32 0.07 175.081
7.38 11.95 0.065 175.434
7.39 12.19 0.064 175.776
7.4 12.41 0.062 175.831
7.41 13.02 0.062 177.116
7.42 13.38 0.062 177.88
7.43 13.71 0.062 178.572
7.44 13.98 0.059 178.403
7.45 14.15 0.057 178.269
7.46 14.11 0.052 176.906
7.47 13.97 0.052 176.718
7.48 13.49 0.052 175.896
7.49 13.22 0.053 175.728
7.5 12.98 0.054 175.603
7.51 12.74 0.055 175.464
7.52 12.36 0.056 175.028
7.53 11.99 0.056 174.328
7.54 11.93 0.056 174.266
7.55 11.61 0.056 173.649
7.56 11.35 0.056 173.147
7.57 11.14 0.056 172.746
7.58 10.73 0.056 171.879
7.59 10.59 0.057 171.87
7.6 10.54 0.057 171.815
7.61 10.49 0.057 171.761
7.62 10.43 0.056 171.429
7.63 10.41 0.055 171.187
7.64 10.38 0.053 170.651
7.65 10.05 0.051 169.378
7.66 9.97 0.047 168.099
7.67 9.82 0.047 167.793
7.68 9.53 0.046 166.832
7.69 9.41 0.047 166.886
7.7 9.21 0.046 166.133
7.71 9.01 0.046 165.669
7.72 8.73 0.046 164.977
7.73 8.69 0.046 164.927
7.74 8.68 0.045 164.658
7.75 8.68 0.045 164.717
7.76 8.68 0.045 164.776
7.77 8.8 0.044 164.853
7.78 8.94 0.043 164.971
7.79 9.14 0.04 164.563
7.8 9.24 0.038 164.178
7.81 9.29 0.037 164
7.82 9.35 0.036 163.836
7.83 9.36 0.034 163.142
7.84 9.29 0.033 162.619
7.85 9.28 0.032 162.236
7.86 9.28 0.032 162.293
7.87 9.25 0.032 162.275
7.88 9.21 0.032 162.231
7.89 9.23 0.033 162.755
7.9 9.18 0.034 163.09
7.91 9.17 0.036 163.899
7.92 9.21 0.037 164.434
7.93 9.04 0.039 164.771
7.94 9.02 0.042 165.795
7.95 8.91 0.043 165.885
7.96 8.71 0.043 165.401
7.97 8.44 0.044 165.026
7.98 8.21 0.044 164.428
7.99 8.07 0.044 164.078
8 7.67 0.044 162.938
8.01 7.54 0.043 162.283
8.02 7.36 0.043 161.776
8.03 7.06 0.042 160.55
8.04 6.9 0.041 159.756
8.05 6.73 0.041 159.238
8.06 6.64 0.04 158.658
8.07 6.35 0.04 157.696
8.08 6.25 0.04 157.39
8.09 6.16 0.04 157.115
8.1 5.96 0.039 156.095
8.11 5.85 0.039 155.73
8.12 5.79 0.039 155.552
8.13 5.7 0.038 154.92
8.14 5.67 0.037 154.512
8.15 5.64 0.035 153.734
8.16 5.63 0.032 152.605
8.17 5.63 0.031 152.255
8.18 5.63 0.03 151.891
8.19 5.63 0.028 151.073
8.2 5.57 0.028 150.892
8.21 5.52 0.028 150.747
8.22 5.42 0.029 150.841
8.23 5.26 0.03 150.667
8.24 5.25 0.033 151.876
8.25 5.26 0.034 152.347
8.26 5.26 0.034 152.398
8.27 5.29 0.034 152.574
8.28 5.39 0.034 153.038
8.29 5.52 0.031 152.439
8.3 5.82 0.029 152.807
8.31 5.94 0.027 152.399
8.32 5.98 0.025 151.623
8.33 5.97 0.025 151.637
8.34 5.9 0.026 151.925
8.35 5.79 0.026 151.565
8.36 5.51 0.027 151.01
8.37 5.37 0.029 151.399
8.38 5.32 0.034 153.26
8.39 5.3 0.035 153.598
8.4 5.35 0.037 154.57
8.41 5.39 0.037 154.787
8.42 5.6 0.037 155.693
8.43 5.94 0.037 157.072
8.44 6.29 0.037 158.424
8.45 6.81 0.035 159.56
8.46 6.97 0.029 157.661
8.47 7.07 0.028 157.576
8.48 7.2 0.027 157.564
8.49 7.18 0.027 157.553
8.5 7.13 0.028 157.923
8.51 6.86 0.028 157.099
8.52 6.52 0.029 156.46
8.53 6.18 0.03 155.747
8.54 6.08 0.034 157.06
8.55 6.02 0.035 157.265
8.56 5.91 0.035 156.899
8.57 5.89 0.035 156.874
8.58 5.89 0.035 156.924
8.59 5.88 0.033 156.17
8.6 5.91 0.033 156.335
8.61 5.87 0.033 156.233
8.62 5.86 0.033 156.245
8.63 5.85 0.033 156.257
8.64 5.93 0.033 156.613
8.65 6 0.033 156.929
8.66 6.2 0.032 157.319
8.67 6.44 0.032 158.232
8.68 6.65 0.031 158.597
8.69 7.09 0.03 159.682
8.7 7.3 0.028 159.487
8.71 7.53 0.027 159.768
8.72 7.83 0.027 160.721
8.73 8.4 0.027 162.407
8.74 8.61 0.027 163.038
8.75 8.76 0.028 163.991
8.76 8.88 0.028 164.365
8.77 8.9 0.03 165.417
8.78 8.89 0.032 166.333
8.79 8.89 0.035 167.631
8.8 8.9 0.038 168.863
8.81 8.91 0.046 171.65
8.82 9.07 0.047 172.454
8.83 9.34 0.047 173.238
8.84 10.35 0.047 175.874
8.85 11.05 0.047 177.595
8.86 11.83 0.047 179.404
8.87 12.64 0.047 181.18
8.88 14.03 0.046 183.651
8.89 14.5 0.046 184.583
8.9 14.94 0.047 185.769
8.91 15.38 0.049 187.254
8.92 15.72 0.051 188.529
8.93 16.22 0.054 190.343
8.94 16.36 0.054 190.638
8.95 16.4 0.054 190.764
8.96 16.3 0.056 191.233
8.97 16.29 0.067 194.151
8.98 16.29 0.069 194.687
8.99 16.14 0.072 195.178
9 16.12 0.071 194.977
9.01 16.11 0.072 195.246
9.02 16.18 0.072 195.429
9.03 16.25 0.073 195.835
9.04 16.78 0.077 197.678
9.05 16.77 0.077 197.722
9.06 17 0.077 198.171
9.07 17.23 0.077 198.616
9.08 17.55 0.077 199.204
9.09 17.88 0.077 199.8
9.1 18.03 0.077 200.102
9.11 18.25 0.077 200.513
9.12 18.25 0.079 201.002
9.13 19.25 0.082 203.243
9.14 19.71 0.082 203.998
9.15 20.09 0.082 204.622
9.16 20.53 0.082 205.323
9.17 20.74 0.079 205.05
9.18 20.55 0.065 201.543
9.19 20.69 0.053 198.403
9.2 20.52 0.049 196.938
9.21 20.4 0.045 195.441
9.22 20.16 0.044 194.803
9.23 19.85 0.044 194.427
9.24 19.77 0.044 194.373
9.25 19.16 0.044 193.555
9.26 18.97 0.045 193.698
9.27 18.91 0.045 193.668
9.28 18.03 0.046 192.753
9.29 18.01 0.046 192.78
9.3 17.45 0.052 193.931
9.31 17.12 0.052 193.456
9.32 16.8 0.055 193.891
9.33 16.63 0.062 195.605
9.34 16.5 0.069 197.19
9.35 16.12 0.076 198.175
9.36 15.82 0.076 197.698
9.37 15.57 0.076 197.303
9.38 15.49 0.076 197.216
9.39 15.42 0.073 196.486
9.4 15.47 0.074 196.858
9.41 15.37 0.072 196.285
9.42 15.04 0.071 195.503
9.43 14.92 0.071 195.335
9.44 14.91 0.071 195.373
9.45 14.9 0.065 193.982
9.46 14.9 0.058 192.208
9.47 14.91 0.059 192.557
9.48 15.05 0.058 192.599
9.49 15.19 0.058 192.912
9.5 15.29 0.056 192.588
9.51 15.42 0.056 192.879
9.52 15.27 0.056 192.664
9.53 15.2 0.053 191.713
9.54 15.22 0.05 190.877
9.55 15.24 0.05 190.969
9.56 15.27 0.05 191.079
9.57 15.32 0.049 190.903
9.58 15.43 0.049 191.155
9.59 15.55 0.047 190.762
9.6 16.23 0.045 191.303
9.61 16.58 0.046 192.299
9.62 16.72 0.046 192.587
9.63 16.93 0.048 193.674
9.64 17.74 0.047 194.697
9.65 17.67 0.047 194.642
9.66 17.69 0.046 194.382
9.67 17.72 0.044 193.767
9.68 17.75 0.044 193.87
9.69 17.8 0.042 193.255
9.7 17.56 0.04 192.151
9.71 17.15 0.037 190.315
9.72 16.89 0.039 190.785
9.73 17 0.039 191.018
9.74 16.37 0.04 190.437
9.75 16.13 0.041 190.478
9.76 15.95 0.046 192.054
9.77 15.62 0.045 191.182
9.78 15.57 0.046 191.497
9.79 15.56 0.052 193.498
9.8 15.63 0.053 193.985
9.81 15.7 0.055 194.764
9.82 15.7 0.057 195.399
9.83 15.71 0.057 195.473
9.84 16.14 0.058 196.574
9.85 16.36 0.059 197.294
9.86 16.52 0.06 197.903
9.87 16.8 0.062 198.98
9.88 17.2 0.063 199.978
9.89 17.3 0.063 200.201
9.9 17.4 0.064 200.686
9.91 17.47 0.064 200.859
9.92 17.62 0.064 201.163
9.93 17.74 0.064 201.416
9.94 17.73 0 0
9.95 17.68 0 0
9.96 17.64 0 0
9.97 17.55 0 0
9.98 17.31 0 0
9.99 17.17 0 0
10 16.94 0 0
