0.01 0.8427 0 0
0.02 1.8285 0.001 18.2914
0.03 2.8696 0.0021 23.2377
0.04 3.7766 0.0042 27.7426
0.05 4.3484 0.0083 31.88
0.06 4.7151 0.0166 35.9451
0.07 5.208 0.0333 40.3295
0.0800001 5.4012 0.0383 42.5675
0.0900001 5.4643 0.0522 45.2077
0.1 5.6457 0.0569 47.1076
0.11 5.9573 0.0566 48.7266
0.12 6.0874 0.058 50.1771
0.13 6.2057 0.0579 51.4412
0.14 6.4857 0.0578 52.8391
0.15 6.6395 0.0571 53.9897
0.16 6.8248 0.0565 55.1369
0.17 6.8958 0.0566 56.166
0.18 7.0377 0.0567 57.2416
0.19 7.1048 0.057 58.2135
0.2 7.1462 0.0668 59.8842
0.21 7.1876 0.069 60.9165
0.22 7.4676 0.0689 62.0425
0.23 7.649 0.0688 63.0238
0.24 8.2681 0.0678 64.4142
0.25 8.41 0.0613 64.7638
0.26 8.0985 0.0604 65.0389
0.27 7.5267 0.0601 65.0085
0.28 7.0141 0.0604 65.0324
0.29 6.9865 0.0606 65.6507
0.3 6.9549 0.0613 66.2925
0.31 6.7144 0.0608 66.516
0.32 6.5172 0.0604 66.7816
0.33 6.2254 0.0594 66.8196
0.34 6.0046 0.0574 66.8363
0.35 5.8468 0.0501 66.3638
0.36 5.6852 0.048 66.3793
0.37 5.3263 0.0459 66.0155
0.38 4.9951 0.0435 65.601
0.39 4.5928 0.0416 65.0402
0.4 4.581 0.0329 64.2095
0.41 4.5337 0.0285 63.7888
0.42 4.3484 0.0273 63.6047
0.43 4.1985 0.0261 63.4618
0.44 4.163 0.0267 63.9114
0.45 4.092 0.0182 62.1395
0.46 4.0211 0.0158 61.6337
0.47 3.8318 0.0155 61.4762
0.48 3.7292 0.0152 61.4957
0.49 3.6228 0.0154 61.659
0.5 3.5242 0.0146 61.4869
0.51 3.3665 0.0138 61.1328
0.52 3.2718 0.014 61.285
0.53 3.1851 0.0135 61.1871
0.54 3.0983 0.0134 61.2238
0.55 2.9721 0.0125 60.8167
0.56 2.9169 0.0117 60.6228
0.57 2.8696 0.0116 60.7352
0.58 2.8223 0.0114 60.7956
0.59 2.7237 0.0114 60.7732
0.6 2.6843 0.0114 60.9298
0.61 2.6409 0.0107 60.7458
0.62 2.5383 0.0089 59.7511
0.63 2.4634 0.0072 58.7145
0.640001 2.3885 0.0071 58.6423
0.650001 2.3412 0.007 58.6569
0.660001 2.2347 0.0071 58.5819
0.670001 2.2229 0.0071 58.7825
0.680001 2.211 0.0073 59.1159
0.690001 2.1223 0.0074 59.0743
0.700001 2.0878 0.0075 59.2373
0.710001 2.0533 0.0085 59.9499
0.720001 2.0375 0.0099 60.884
0.730001 2.0218 0.0107 61.4459
0.740001 1.9547 0.014 62.7679
0.75 1.864 0.0153 63.037
0.760001 1.8207 0.0163 63.3888
0.770001 1.7931 0.0178 63.9464
0.780001 1.7576 0.0199 64.5882
0.790001 1.7378 0.0214 65.1041
0.800001 1.7181 0.0232 65.6648
0.810001 1.7127 0.0234 65.9091
0.820001 1.7105 0.0236 66.1689
0.830001 1.7083 0.0256 66.8308
0.840001 1.7142 0.0277 67.5284
0.850001 1.7063 0.03 68.1567
0.860001 1.7006 0.0302 68.3836
0.870001 1.6979 0.03 68.5501
0.880001 1.6991 0.0298 68.737
0.890001 1.7004 0.0282 68.6449
0.900001 1.7457 0.0245 68.3155
0.910001 1.868 0.0217 68.502
0.920001 2.006 0.0196 68.8339
0.930001 2.1204 0.0183 69.1984
0.940001 2.2189 0.0162 69.1549
0.950001 2.3372 0.0148 69.3558
0.960001 2.6685 0.0119 69.6237
0.970001 2.8065 0.0108 69.7681
0.980001 2.9445 0.0104 70.2318
0.990001 3.0825 0.01 70.6654
1 3.2206 0.0097 71.1312
1.01 3.3862 0.0097 71.8451
1.02 3.5833 0.0097 72.6315
1.03 3.9895 0.0097 73.9636
1.04 4.1709 0.0097 74.639
1.05 4.3484 0.0097 75.2883
1.06 4.5179 0.0097 75.9037
1.07 4.6835 0.0097 76.4977
1.08 4.8492 0.0097 77.0807
1.09 5.1528 0.01 78.155
1.1 5.2948 0.0108 79.1663
1.11 5.4249 0.0111 79.8254
1.12 5.5393 0.0113 80.3848
1.13 5.6339 0.0118 81.072
1.14 5.7049 0.0129 82.0235
1.15 5.7837 0.0134 82.6465
1.16 5.7877 0.0142 83.2546
1.17 5.7759 0.0142 83.429
1.18 5.764 0.0144 83.6992
1.19 5.7601 0.0144 83.8876
1.2 5.7601 0.0145 84.1314
1.21 5.7504 0.0145 84.3052
1.22 5.7458 0.0145 84.4886
1.23 5.7441 0.0145 84.677
1.24 5.7481 0.0145 84.8763
1.25 5.7522 0.0141 84.877
1.26 5.7719 0.0145 85.3054
1.27 5.8271 0.0138 85.2586
1.28 5.8666 0.0136 85.4241
1.29 5.8981 0.0137 85.7274
1.3 5.9336 0.0135 85.8807
1.31 5.9691 0.0114 84.9346
1.32 6.0046 0.0111 84.9983
1.33 6.0953 0.0109 85.2318
1.34 6.1663 0.0113 85.809
1.35 6.2491 0.0118 86.4627
1.36 6.3358 0.0128 87.4019
1.37 6.4423 0.0126 87.6756
1.38 6.5606 0.0153 89.518
1.39 6.8445 0.0179 91.4329
1.4 6.9904 0.0176 91.7649
1.41 7.1008 0.018 92.3268
1.42 7.1639 0.0185 92.8377
1.43 7.1679 0.0199 93.5928
1.44 7.1127 0.0206 93.9398
1.45 6.9155 0.0211 93.9276
1.46 6.8287 0.0215 94.0831
1.47 6.7999 0.0215 94.2044
1.48 6.7948 0.0215 94.372
1.49 6.8317 0.0216 94.6591
1.5 6.8686 0.0216 94.9089
1.51 6.9431 0.0217 95.2688
1.52 7.4478 0.0218 96.45
1.53 7.7515 0.0226 97.4755
1.54 8.0275 0.0238 98.5688
1.55 8.2799 0.0246 99.4607
1.56 8.5283 0.0254 100.33
1.57 8.7689 0.0252 100.846
1.58 9.0134 0.0276 102.196
1.59 9.5023 0.029 103.582
1.6 9.7153 0.0294 104.213
1.61 9.9006 0.0294 104.678
1.62 10.11 0.0294 105.175
1.63 10.362 0.0294 105.73
1.64 10.599 0.0295 106.285
1.65 10.879 0.0297 106.925
1.66 10.957 0.0311 107.627
1.67 11.028 0.0328 108.386
1.68 11.021 0.0346 109.04
1.69 10.686 0.0348 108.788
1.7 10.672 0.0359 109.228
1.71 10.6799 0.0363 109.519
1.72 10.6878 0.0367 109.808
1.73 10.705 0.0365 109.961
1.74 10.859 0.0373 110.563
1.75 10.961 0.0375 110.938
1.76 11.095 0.0385 111.552
1.77 11.206 0.0391 112.033
1.78 11.312 0.0394 112.432
1.79 11.431 0.0395 112.801
1.8 11.549 0.0395 113.143
1.81 11.64 0.0394 113.421
1.82 11.786 0.0393 113.775
1.83 11.904 0.0393 114.112
1.84 12.046 0.0393 114.481
1.85 12.208 0.0394 114.898
1.86 12.393 0.0398 115.417
1.87 12.555 0.0402 115.902
1.88 12.685 0.0403 116.27
1.89 12.756 0.0402 116.511
1.9 12.791 0.0408 116.873
1.91 12.807 0.041 117.112
1.92 12.842 0.0412 117.376
1.93 12.874 0.0413 117.611
1.94 12.858 0.0414 117.783
1.95 12.791 0.0418 117.957
1.96 12.732 0.043 118.325
1.97 12.527 0.043 118.215
1.98 12.385 0.044 118.414
1.99 12.235 0.0452 118.637
2 12.058 0.0456 118.641
2.01 11.86 0.0456 118.522
2.02 11.679 0.0456 118.423
2.03 11.478 0.0455 118.268
2.04 11.344 0.0453 118.187
2.05 11.2875 0.0449 118.175
2.06 11.2602 0.0384 116.765
2.07 11.2758 0.0348 115.992
2.08 11.2913 0.0337 115.86
2.09 11.332 0.0326 115.755
2.1 11.478 0.0334 116.357
2.11 11.667 0.0342 117.015
2.12 11.805 0.0344 117.424
2.13 11.872 0.0347 117.759
2.14 11.853 0.0347 117.885
2.15 11.782 0.0351 118.049
2.16 11.671 0.0355 118.151
2.17 11.545 0.0378 118.737
2.18 11.364 0.0398 119.128
2.19 11.178 0.0389 118.771
2.2 10.725 0.0379 117.959
2.21 10.476 0.0358 117.152
2.22 10.181 0.036 116.872
2.23 9.8533 0.0343 116
2.24 9.4984 0.0337 115.363
2.25 9.1514 0.0332 114.746
2.26 8.4652 0.0318 113.199
2.27 8.1301 0.0298 112.073
2.28 7.8619 0.0296 111.607
2.29 7.649 0.0251 109.785
2.3 7.4912 0.0229 108.756
2.31 7.4967 0.0199 107.634
2.32 7.5022 0.0148 105.152
2.33 7.5146 0.0111 102.812
2.34 7.5701 0.0106 102.649
2.35 7.6608 0.0103 102.702
2.36 7.7751 0.0102 102.959
2.37 7.7042 0.0103 103.028
2.38 7.5425 0.0104 102.917
2.39 7.298 0.0125 104.13
2.4 6.9983 0.015 105.207
2.41 6.7341 0.0173 105.998
2.42 6.6444 0.0173 105.915
2.43 6.6046 0.0173 105.945
2.44 6.6547 0.0173 106.181
2.45 6.7047 0.0171 106.314
2.46 6.813 0.0119 103.51
2.47 7.0851 0.0089 101.725
2.48 7.3453 0.0077 101.143
2.49 7.5228 0.0068 100.56
2.5 7.6056 0.0064 100.323
2.51 7.649 0.0063 100.386
2.52 7.6568 0.0069 101.275
2.53 7.5859 0.0075 101.956
2.54 7.44 0.0096 103.895
2.55 7.2862 0.0116 105.341
2.56 7.16 0.0141 106.913
2.57 7.0693 0.0168 108.401
2.58 7.0638 0.0187 109.478
2.59 7.0613 0.0188 109.639
2.6 7.0791 0.0188 109.796
2.61 7.0969 0.0187 109.904
2.62 7.231 0.0146 108.07
2.63 7.4084 0.0138 108.055
2.64 7.5898 0.0123 107.512
2.65 7.7673 0.0113 107.225
2.66 8.0078 0.0105 107.153
2.67 8.0788 0.0082 105.214
2.68 7.6194 0.0053 100.715
2.69 7.4646 0.0022 93.4311
2.7 7.4464 0.0021 93.1335
2.71 7.4281 0.0021 93.1962
2.72 7.3848 0.0021 93.2132
2.73 7.2704 0.0021 93.0988
2.74 6.8997 0.0057 100.506
2.75 6.6986 0.0075 102.494
2.76 6.4738 0.0082 102.855
2.77 6.479 0.0089 103.675
2.78 6.4843 0.009 103.888
2.79 6.5103 0.0088 103.857
2.8 6.5645 0.0086 103.886
2.81 6.6395 0.0082 103.747
2.82 6.6197 0.0079 103.483
2.83 6.6257 0.0072 102.802
2.84 6.6316 0.007 102.675
2.85 6.6868 0.0073 103.258
2.86 6.8406 0.0076 104.046
2.87 7.0693 0.0076 104.641
2.88 7.4045 0.0075 105.327
2.89 7.8225 0.0072 105.906
2.9 8.8517 0.0065 106.997
2.91 9.3131 0.0065 107.886
2.92 9.6877 0.0066 108.742
2.93 9.9519 0.0072 110.062
2.94 10.236 0.0085 112.151
2.95 10.504 0.0115 115.546
2.96 10.681 0.0154 118.784
2.97 10.768 0.022 122.62
2.98 10.756 0.0234 123.346
2.99 10.788 0.025 124.196
3 10.808 0.0278 125.447
3.01 10.871 0.0301 126.502
3.02 10.934 0.0332 127.762
3.03 11.009 0.0376 129.338
3.04 11.135 0.0373 129.583
3.05 11.19 0.0377 129.908
3.06 11.198 0.0376 130.011
3.07 11.19 0.0377 130.144
3.08 11.182 0.0377 130.249
3.09 11.151 0.0379 130.371
3.1 11.115 0.0381 130.485
3.11 11.119 0.0383 130.665
3.12 11.111 0.0383 130.769
3.13 11.06 0.0391 131.023
3.14 11.013 0.0391 131.059
3.15 10.95 0.0391 131.067
3.16 10.851 0.0391 131.011
3.17 10.638 0.0389 130.697
3.18 10.516 0.0389 130.594
3.19 10.386 0.0388 130.446
3.2 10.232 0.0388 130.279
3.21 10.09 0.0386 130.074
3.22 9.9243 0.0363 129.214
3.23 9.7626 0.035 128.629
3.24 9.593 0.0346 128.293
3.25 9.1238 0.0339 127.262
3.26 8.8359 0.033 126.501
3.27 8.5441 0.0326 125.87
3.28 8.2365 0.0324 125.249
3.29 7.9053 0.0324 124.617
3.3 7.5149 0.0325 123.847
3.31 7.1048 0.0327 123.017
3.32 6.6789 0.0338 122.365
3.33 5.7404 0.0336 119.767
3.34 5.2672 0.036 119.072
3.35 4.7979 0.0363 117.662
3.36 4.3838 0.0364 116.265
3.37 4.0053 0.0363 114.832
3.38 3.6662 0.0361 113.42
3.39 3.3862 0.0357 112.118
3.4 3.2947 0.0333 111.122
3.41 3.2749 0.0253 108.605
3.42 3.3255 0.0173 105.543
3.43 3.3761 0.0168 105.601
3.44 3.4848 0.0162 105.849
3.45 3.7647 0.014 105.827
3.46 4.0684 0.0127 106.237
3.47 4.3405 0.0127 107.318
3.48 4.7269 0.0127 108.731
3.49 4.9004 0.0128 109.455
3.5 5.0542 0.0132 110.313
3.51 5.1252 0.0134 110.761
3.52 5.1804 0.0135 111.088
3.53 5.2198 0.0134 111.229
3.54 5.2317 0.0139 111.693
3.55 5.2238 0.0155 112.773
3.56 5.2317 0.0162 113.302
3.57 5.2751 0.0167 113.813
3.58 5.3105 0.0168 114.068
3.59 5.3303 0.0166 114.104
3.6 5.346 0.0164 114.125
3.61 5.3579 0.0155 113.714
3.62 5.3618 0.015 113.504
3.63 5.3579 0.015 113.579
3.64 5.3027 0.015 113.496
3.65 5.2435 0.0152 113.525
3.66 5.1686 0.0179 114.929
3.67 5.137 0.0186 115.282
3.68 5.102 0.0189 115.409
3.69 5.0862 0.019 115.495
3.7 5.084 0.0191 115.625
3.71 5.0987 0.0191 115.76
3.72 5.1134 0.0191 115.895
3.73 5.1686 0.0195 116.362
3.74 5.3066 0.0211 117.66
3.75 5.4328 0.0212 118.193
3.76 5.559 0.0216 118.857
3.77 5.7009 0.0218 119.469
3.78 5.9099 0.0214 119.994
3.79 5.9099 0.0211 119.941
3.8 6.115 0.0189 119.52
3.81 6.2136 0.0168 118.714
3.82 6.3043 0.0125 116.156
3.83 6.32 0.0114 115.394
3.84 6.3398 0.0116 115.697
3.85 6.3634 0.0117 115.926
3.86 6.4107 0.012 116.378
3.87 6.533 0.0141 118.357
3.88 6.5921 0.0147 119.007
3.89 6.6986 0.0145 119.232
3.9 6.8327 0.0147 119.794
3.91 7.0022 0.0148 120.371
3.92 7.1127 0.0152 120.997
3.93 7.16 0.0155 121.395
3.94 7.1166 0.0161 121.759
3.95 6.8761 0.0189 122.871
3.96 6.7341 0.0217 124.006
3.97 6.6079 0.0221 123.944
3.98 6.4936 0.0225 123.904
3.99 6.3634 0.0226 123.675
4 6.2215 0.0226 123.36
4.01 6.0401 0.0226 122.92
4.02 5.6457 0.0226 121.815
4.03 5.4762 0.0226 121.366
4.04 5.3618 0.0225 121.036
4.05 5.3198 0.022 120.756
4.06 5.3003 0.0222 120.866
4.07 5.3169 0.0219 120.866
4.08 5.3336 0.0206 120.389
4.09 5.3736 0.0199 120.254
4.1 5.5195 0.0188 120.231
4.11 5.8902 0.0186 121.336
4.12 6.1347 0.0183 121.966
4.13 6.4147 0.0183 122.835
4.14 6.6986 0.0183 123.686
4.15 6.9668 0.0184 124.527
4.16 7.1718 0.0195 125.738
4.17 7.3256 0.0207 126.836
4.18 7.4557 0.0209 127.344
4.19 7.645 0.0218 128.339
4.2 7.7002 0.0218 128.557
4.21 7.7081 0.0234 129.422
4.22 7.6766 0.0235 129.477
4.23 7.6095 0.0236 129.444
4.24 7.5267 0.0238 129.416
4.25 7.4557 0.024 129.414
4.26 7.3611 0.0245 129.483
4.27 7.2507 0.0246 129.329
4.28 6.9628 0.0245 128.617
4.29 6.8406 0.0247 128.46
4.3 6.7302 0.0247 128.242
4.31 6.6316 0.0247 128.052
4.32 6.533 0.0247 127.859
4.33 6.4462 0.0245 127.609
4.34 6.3634 0.0233 126.922
4.35 6.2964 0.0229 126.627
4.36 6.2175 0.0228 126.432
4.37 6.2096 0.0228 126.489
4.38 6.2175 0.0228 126.593
4.39 6.2017 0.0225 126.487
4.4 6.1544 0.0215 125.95
4.41 6.115 0.021 125.667
4.42 6.0795 0.0209 125.591
4.43 6.048 0.0209 125.576
4.44 6.0322 0.0208 125.557
4.45 6.0302 0.0207 125.579
4.46 6.0282 0.0206 125.601
4.47 6.0322 0.0204 125.589
4.48 6.0164 0.0204 125.62
4.49 5.9927 0.0203 125.575
4.5 5.9573 0.0166 123.461
4.51 5.9218 0.0168 123.554
4.52 5.839 0.0171 123.562
4.53 5.832 0.0178 124.03
4.54 5.8302 0.0199 125.257
4.55 5.8346 0.02 125.4
4.56 5.839 0.0199 125.437
4.57 5.9454 0.0198 125.788
4.58 6.3831 0.0192 126.833
4.59 6.7026 0.0187 127.526
4.6 7.0929 0.0183 128.416
4.61 7.5662 0.017 128.902
4.62 8.0906 0.0163 129.775
4.63 8.623 0.0164 131.117
4.64 9.1593 0.0165 132.408
4.65 10.192 0.0168 134.743
4.66 10.654 0.0181 136.531
4.67 11.076 0.0202 138.639
4.68 11.054 0.0221 139.723
4.69 11.392 0.0232 140.982
4.7 11.73 0.0247 142.401
4.71 12.062 0.0256 143.485
4.72 12.464 0.028 145.329
4.73 12.819 0.0293 146.556
4.74 13.162 0.0307 147.773
4.75 13.828 0.031 149.035
4.76 14.156 0.0314 149.786
4.77 14.451 0.0316 150.399
4.78 14.731 0.0317 150.943
4.79 14.972 0.0333 152.005
4.8 15.177 0.0398 154.669
4.81 15.394 0.0425 155.925
4.82 15.591 0.0429 156.423
4.83 15.784 0.0431 156.851
4.84 15.973 0.0433 157.271
4.85 16.313 0.0433 157.839
4.86 16.494 0.0433 158.181
4.87 16.667 0.0433 158.509
4.88 16.857 0.0442 159.131
4.89 17.003 0.0488 160.738
4.9 17.168 0.0509 161.618
4.91 17.302 0.0531 162.462
4.92 17.444 0.0515 162.332
4.93 17.693 0.0551 163.673
4.94 17.803 0.0568 164.326
4.95 17.89 0.057 164.582
4.96 17.906 0.0587 165.099
4.97 17.949 0.0604 165.641
4.98 17.898 0.061 165.802
4.99 17.776 0.0611 165.754
5 17.543 0.0611 165.532
5.01 17.298 0.0611 165.289
5.02 17.078 0.0609 165.031
5.03 16.691 0.0601 164.397
5.04 16.553 0.0599 164.246
5.05 16.407 0.0598 164.104
5.06 16.277 0.0594 163.915
5.07 16.178 0.0593 163.838
5.08 16.068 0.0592 163.743
5.09 15.973 0.0591 163.67
5.1 15.835 0.059 163.532
5.11 15.78 0.0539 162.313
5.12 15.725 0.0534 162.194
5.13 15.713 0.0529 162.137
5.14 15.622 0.0531 162.141
5.15 15.536 0.0508 161.503
5.16 15.331 0.0506 161.229
5.17 15.232 0.0504 161.112
5.18 15.188 0.0488 160.699
5.19 15.1878 0.0491 160.867
5.2 15.1984 0.0483 160.75
5.21 15.209 0.0475 160.628
5.22 15.256 0.0471 160.672
5.23 15.291 0.047 160.782
5.24 15.311 0.047 160.898
5.25 15.354 0.047 161.048
5.26 15.362 0.0471 161.174
5.27 15.382 0.0476 161.431
5.28 15.406 0.0481 161.693
5.29 15.421 0.0486 161.94
5.3 15.41 0.0483 161.925
5.31 15.39 0.0497 162.365
5.32 15.378 0.051 162.781
5.33 15.371 0.0524 163.223
5.34 15.368 0.0528 163.407
5.35 15.367 0.0532 163.593
5.36 15.366 0.0533 163.702
5.37 15.374 0.0549 164.203
5.38 15.319 0.0551 164.253
5.39 15.268 0.0551 164.259
5.4 15.082 0.0549 164.004
5.41 14.999 0.0546 163.883
5.42 14.952 0.0542 163.793
5.43 14.901 0.0543 163.821
5.44 14.861 0.0543 163.842
5.45 14.798 0.0543 163.825
5.46 14.788 0.0542 163.868
5.47 14.7884 0.0542 163.952
5.48 14.7888 0.0539 163.96
5.49 14.79 0.0537 163.994
5.5 14.869 0.0536 164.178
5.51 14.956 0.053 164.245
5.52 15.047 0.0525 164.341
5.53 15.118 0.0523 164.483
5.54 15.185 0.0523 164.671
5.55 15.256 0.0523 164.864
5.56 15.406 0.0521 165.127
5.57 15.52 0.0519 165.332
5.58 15.666 0.05 165.124
5.59 15.812 0.0481 164.895
5.6 15.91 0.0463 164.6
5.61 15.906 0.0455 164.438
5.62 15.895 0.0454 164.472
5.63 15.875 0.0455 164.554
5.64 15.855 0.0456 164.635
5.65 15.8 0.0464 164.873
5.66 15.4 0.0467 164.434
5.67 15.343 0.047 164.514
5.68 15.3148 0.0477 164.754
5.69 15.3009 0.048 164.899
5.7 15.3334 0.0479 165.001
5.71 15.366 0.0479 165.132
5.72 15.437 0.0477 165.265
5.73 15.437 0.0467 165.054
5.74 15.453 0.0465 165.099
5.75 15.429 0.0464 165.113
5.76 15.378 0.0467 165.202
5.77 15.264 0.047 165.193
5.78 15.2594 0.0471 165.295
5.79 15.2577 0.047 165.342
5.8 15.2743 0.047 165.447
5.81 15.291 0.0469 165.523
5.82 15.619 0.0468 166.08
5.83 15.753 0.0468 166.364
5.84 15.898 0.0469 166.692
5.85 16.021 0.0469 166.957
5.86 16.084 0.0476 167.337
5.87 16.107 0.0491 167.883
5.88 16.111 0.0489 167.912
5.89 16.06 0.0493 168.028
5.9 15.969 0.0497 168.083
5.91 15.871 0.05 168.097
5.92 15.776 0.0503 168.115
5.93 15.745 0.0501 168.09
5.94 15.713 0.0504 168.203
5.95 15.717 0.0506 168.343
5.96 15.693 0.0515 168.632
5.97 15.662 0.0539 169.303
5.98 15.599 0.0544 169.414
5.99 15.386 0.0545 169.183
6 15.228 0.0545 169.01
6.01 15.07 0.0542 168.757
6.02 14.881 0.0539 168.451
6.03 14.66 0.0526 167.825
6.04 14.215 0.0514 166.838
6.05 14.025 0.052 166.752
6.06 13.9767 0.0496 166.092
6.07 13.9574 0.0478 165.625
6.08 13.9712 0.048 165.781
6.09 13.985 0.0479 165.852
6.1 14.081 0.048 166.12
6.11 14.219 0.0481 166.458
6.12 14.29 0.0487 166.825
6.13 14.341 0.0501 167.381
6.14 14.341 0.0514 167.814
6.15 14.254 0.0521 167.932
6.16 14.112 0.0538 168.214
6.17 13.643 0.0542 167.576
6.18 13.359 0.0543 167.17
6.19 13.095 0.0543 166.766
6.2 12.874 0.0542 166.407
6.21 12.809 0.0519 165.761
6.22 12.812 0.0496 165.216
6.23 12.815 0.0489 165.1
6.24 12.823 0.0491 165.245
6.25 12.992 0.0489 165.574
6.26 13.209 0.0486 165.958
6.27 13.461 0.0483 166.399
6.28 13.864 0.0483 167.181
6.29 13.974 0.0483 167.445
6.3 13.998 0.0484 167.59
6.31 13.958 0.0486 167.652
6.32 13.856 0.049 167.663
6.33 13.603 0.0489 167.264
6.34 13.553 0.0495 167.418
6.35 13.5448 0.0501 167.645
6.36 13.5439 0.0501 167.717
6.37 13.543 0.0513 168.119
6.38 13.56 0.0513 168.223
6.39 13.54 0.0518 168.396
6.4 13.465 0.0527 168.576
6.41 13.252 0.0541 168.63
6.42 13.126 0.0547 168.626
6.43 12.969 0.0535 168.096
6.44 12.756 0.0523 167.452
6.45 12.539 0.0498 166.431
6.46 12.409 0.0495 166.17
6.47 12.105 0.0476 165.11
6.48 12.1122 0.046 164.726
6.49 12.1195 0.045 164.51
6.5 12.152 0.044 164.336
6.51 12.227 0.044 164.552
6.52 12.531 0.044 165.205
6.53 12.515 0.0427 164.833
6.54 12.456 0.0415 164.401
6.55 12.369 0.0416 164.338
6.56 12.255 0.0388 163.239
6.57 12.109 0.0382 162.816
6.58 11.801 0.0376 162.068
6.59 11.7755 0.0369 161.832
6.6 11.7704 0.0325 160.189
6.61 11.7682 0.0298 159.1
6.62 11.9446 0.03 159.597
6.63 12.121 0.0291 159.597
6.64 12.33 0.029 160.011
6.65 12.499 0.029 160.392
6.66 12.444 0.0296 160.631
6.67 12.454 0.0303 161.029
6.68 12.464 0.0311 161.465
6.69 12.728 0.0334 162.985
6.7 12.992 0.0376 165.155
6.71 13.272 0.0386 166.094
6.72 13.347 0.0389 166.405
6.73 13.394 0.0389 166.558
6.74 13.458 0.039 166.777
6.75 13.556 0.039 167.02
6.76 13.674 0.039 167.297
6.77 13.852 0.039 167.678
6.78 14.301 0.039 168.519
6.79 14.53 0.0391 169.01
6.8 14.771 0.0392 169.516
6.81 14.984 0.04 170.222
6.82 15.185 0.0408 170.899
6.83 15.512 0.0414 171.703
6.84 15.634 0.0416 172.036
6.85 15.689 0.0418 172.261
6.86 15.753 0.0426 172.704
6.87 15.82 0.0433 173.115
6.88 15.898 0.0434 173.34
6.89 15.902 0.0435 173.45
6.9 15.895 0.0445 173.837
6.91 15.855 0.0446 173.877
6.92 15.78 0.0448 173.893
6.93 15.642 0.0451 173.839
6.94 15.544 0.0451 173.751
6.95 15.461 0.0452 173.719
6.96 15.366 0.0455 173.73
6.97 15.256 0.0457 173.683
6.98 15.126 0.0457 173.538
6.99 15.09 0.0457 173.548
7 15.08 0.0452 173.441
7.01 15.076 0.0448 173.375
7.02 15.107 0.0446 173.431
7.03 15.138 0.0445 173.518
7.04 15.201 0.0445 173.691
7.05 15.244 0.0445 173.83
7.06 15.303 0.0445 173.995
7.07 15.398 0.0446 174.251
7.08 15.457 0.0452 174.61
7.09 15.492 0.0458 174.927
7.1 15.477 0.046 175.035
7.11 15.4769 0.0461 175.135
7.12 15.4769 0.0463 175.266
7.13 15.477 0.0466 175.429
7.14 15.507 0.0469 175.64
7.15 15.536 0.0469 175.756
7.16 15.555 0.0469 175.855
7.17 15.615 0.0469 176.021
7.18 15.642 0.047 176.164
7.19 15.682 0.0479 176.575
7.2 15.674 0.0484 176.783
7.21 15.666 0.0494 177.14
7.22 15.611 0.05 177.296
7.23 15.52 0.0501 177.245
7.24 15.481 0.0501 177.249
7.25 15.398 0.0497 177.061
7.26 15.311 0.0493 176.866
7.27 15.208 0.0484 176.491
7.28 15.07 0.0484 176.327
7.29 14.869 0.0484 176.053
7.3 14.767 0.0481 175.855
7.31 14.696 0.0481 175.8
7.32 14.609 0.0468 175.316
7.33 14.313 0.047 174.928
7.34 14.175 0.0465 174.595
7.35 14.065 0.0459 174.277
7.36 13.947 0.0447 173.748
7.37 13.824 0.0434 173.167
7.38 13.58 0.043 172.655
7.39 13.497 0.0425 172.4
7.4 13.375 0.0412 171.795
7.41 13.288 0.04 171.276
7.42 13.162 0.0399 171.07
7.43 12.984 0.0376 169.957
7.44 12.89 0.0375 169.805
7.45 12.807 0.0374 169.673
7.46 12.7 0.0362 169.072
7.47 12.523 0.0358 168.637
7.48 12.456 0.0358 168.57
7.49 12.385 0.0357 168.455
7.5 12.353 0.0353 168.296
7.51 12.267 0.0346 167.909
7.52 12.219 0.0342 167.714
7.53 12.176 0.0342 167.691
7.54 12.121 0.0342 167.644
7.55 12.085 0.0343 167.675
7.56 12.03 0.0345 167.707
7.57 11.991 0.035 167.891
7.58 11.955 0.0351 167.92
7.59 11.912 0.035 167.855
7.6 11.805 0.035 167.698
7.61 11.734 0.0298 165.386
7.62 11.687 0.0286 164.786
7.63 11.612 0.0283 164.549
7.64 11.435 0.028 164.1
7.65 11.36 0.0279 163.955
7.66 11.281 0.0279 163.85
7.67 11.2816 0.0279 163.91
7.68 11.2822 0.0278 163.922
7.69 11.285 0.0278 163.987
7.7 11.569 0.0278 164.635
7.71 11.738 0.0278 165.038
7.72 11.908 0.028 165.539
7.73 11.975 0.0284 165.928
7.74 12.026 0.0292 166.474
7.75 12.085 0.03 167.026
7.76 12.137 0.0301 167.235
7.77 12.227 0.0302 167.52
7.78 12.275 0.0302 167.674
7.79 12.342 0.0302 167.865
7.8 12.349 0.0302 167.939
7.81 12.357 0.0302 168.015
7.82 12.365 0.0305 168.228
7.83 12.381 0.0311 168.592
7.84 12.397 0.0311 168.684
7.85 12.428 0.0311 168.804
7.86 12.397 0.031 168.758
7.87 12.346 0.0306 168.535
7.88 12.282 0.0298 168.098
7.89 12.243 0.0294 167.891
7.9 12.196 0.0287 167.521
7.91 12.144 0.0282 167.232
7.92 12.129 0.0281 167.212
7.93 12.109 0.0281 167.231
7.94 12.097 0.0281 167.265
7.95 12.069 0.0282 167.317
7.96 12.034 0.0282 167.306
7.97 11.979 0.0283 167.303
7.98 11.876 0.0288 167.397
7.99 11.699 0.029 167.19
8 11.624 0.0293 167.237
8.01 11.565 0.0293 167.172
8.02 11.486 0.0297 167.254
8.03 11.407 0.03 167.285
8.04 11.328 0.0302 167.268
8.05 11.139 0.0309 167.24
8.06 11.024 0.0311 167.137
8.07 10.93 0.0312 167.034
8.08 10.823 0.0312 166.855
8.09 10.721 0.0314 166.773
8.1 10.606 0.0316 166.66
8.11 10.496 0.0328 166.984
8.12 10.417 0.0342 167.44
8.13 10.275 0.0341 167.126
8.14 10.25 0.034 167.084
8.15 10.246 0.0337 167.008
8.16 10.2737 0.0331 166.881
8.17 10.3015 0.033 166.96
8.18 10.358 0.0329 167.107
8.19 10.555 0.0329 167.618
8.2 10.898 0.0328 168.406
8.21 11.387 0.0328 169.531
8.22 12.385 0.0328 171.652
8.23 12.842 0.0328 172.609
8.24 13.312 0.0328 173.563
8.25 13.722 0.0351 175.368
8.26 14.041 0.0388 177.482
8.27 14.258 0.0407 178.643
8.28 14.759 0.0469 181.726
8.29 14.968 0.0496 183.005
8.3 15.137 0.0501 183.516
8.31 15.224 0.0503 183.79
8.32 15.236 0.0505 183.933
8.33 15.256 0.0505 184.029
8.34 15.339 0.0505 184.234
8.35 15.406 0.0518 184.802
8.36 15.461 0.0518 184.958
8.37 15.595 0.0518 185.25
8.38 15.67 0.0518 185.439
8.39 15.784 0.0516 185.635
8.4 15.883 0.051 185.683
8.41 15.898 0.051 185.769
8.42 15.887 0.051 185.812
8.43 15.859 0.051 185.826
8.44 15.831 0.051 185.84
8.45 15.82 0.051 185.883
8.46 15.7915 0.0504 185.713
8.47 15.7858 0.0503 185.734
8.48 15.7834 0.0502 185.76
8.49 15.7997 0.0497 185.693
8.5 15.816 0.0496 185.751
8.51 15.859 0.0495 185.853
8.52 15.918 0.0493 185.95
8.53 15.958 0.0491 186.015
8.54 16.005 0.0488 186.06
8.55 16.068 0.0487 186.194
8.56 16.092 0.0486 186.263
8.57 16.305 0.0477 186.386
8.58 16.407 0.0467 186.285
8.59 16.435 0.0455 185.988
8.6 16.462 0.045 185.921
8.61 16.47 0.0446 185.856
8.62 16.466 0.0445 185.875
8.63 16.462 0.0445 185.928
8.64 16.466 0.0445 185.995
8.65 16.4745 0.0445 186.069
8.66 16.483 0.0445 186.142
8.67 16.517 0.0454 186.568
8.68 16.589 0.0463 187.05
8.69 16.687 0.048 187.831
8.7 16.734 0.0471 187.671
8.71 16.703 0.0484 188.107
8.72 16.569 0.0488 188.077
8.73 16.529 0.0508 188.701
8.74 16.427 0.0521 188.99
8.75 16.336 0.0522 188.929
8.76 16.238 0.0523 188.856
8.77 16.182 0.0525 188.882
8.78 16.06 0.0525 188.736
8.79 15.969 0.0525 188.641
8.8 15.9625 0.0527 188.749
8.81 15.9647 0.0527 188.813
8.82 15.9669 0.0528 188.906
8.83 15.973 0.0527 188.946
8.84 15.993 0.0527 189.039
8.85 16.021 0.0526 189.117
8.86 16.048 0.0526 189.222
8.87 16.092 0.0526 189.356
8.88 16.194 0.0526 189.587
8.89 16.616 0.0535 190.62
8.9 16.821 0.0543 191.252
8.91 16.967 0.0542 191.521
8.92 17.042 0.0544 191.761
8.93 17.137 0.0547 192.062
8.94 17.259 0.0562 192.752
8.95 17.373 0.0591 193.804
8.96 17.523 0.0593 194.159
8.97 17.661 0.0594 194.466
8.98 17.732 0.0594 194.639
8.99 17.728 0.0593 194.665
9 17.732 0.0592 194.704
9.01 17.728 0.0591 194.731
9.02 17.73 0.0596 194.931
9.03 17.732 0.0597 195.021
9.04 17.737 0.0597 195.089
9.05 17.76 0.0597 195.185
9.06 17.827 0.0593 195.242
9.07 17.996 0.0585 195.346
9.08 18.158 0.0585 195.659
9.09 18.466 0.0585 196.193
9.1 18.604 0.0586 196.492
9.11 18.667 0.0609 197.278
9.12 18.726 0.0609 197.428
9.13 18.69 0.0609 197.433
9.14 18.576 0.0613 197.427
9.15 18.391 0.0613 197.203
9.16 18.197 0.0613 196.962
9.17 17.957 0.0613 196.645
9.18 17.693 0.0613 196.286
9.19 17.22 0.0611 195.527
9.2 17.034 0.0607 195.174
9.21 16.88 0.0602 194.844
9.22 16.734 0.0601 194.632
9.23 16.593 0.059 194.155
9.24 16.451 0.0573 193.502
9.25 16.194 0.056 192.753
9.26 16.072 0.0553 192.4
9.27 15.926 0.0544 191.943
9.28 15.788 0.0534 191.464
9.29 15.697 0.0529 191.212
9.3 15.611 0.0526 191.028
9.31 15.595 0.0526 191.057
9.32 15.579 0.0526 191.085
9.33 15.548 0.0526 191.087
9.34 15.469 0.0526 191.004
9.35 15.342 0.0525 190.804
9.36 14.96 0.0526 190.199
9.37 14.767 0.0526 189.9
9.38 14.562 0.0527 189.605
9.39 14.416 0.0527 189.386
9.4 14.282 0.0527 189.187
9.41 14.175 0.0527 189.038
9.42 13.95 0.0527 188.659
9.43 13.805 0.0528 188.461
9.44 13.655 0.053 188.279
9.45 13.548 0.0536 188.297
9.46 13.402 0.0537 188.088
9.47 13.142 0.0537 187.614
9.48 13.097 0.0537 187.576
9.49 13.087 0.0532 187.464
9.5 13.1028 0.0527 187.405
9.51 13.1185 0.0517 187.193
9.52 13.154 0.0514 187.23
9.53 13.331 0.0512 187.585
9.54 13.363 0.0512 187.704
9.55 13.422 0.0512 187.878
9.56 13.45 0.0501 187.65
9.57 13.481 0.049 187.42
9.58 13.461 0.0457 186.35
9.59 13.489 0.0454 186.358
9.6 13.509 0.0454 186.452
9.61 13.544 0.0454 186.575
9.62 13.592 0.0456 186.792
9.63 13.588 0.047 187.309
9.64 13.529 0.0485 187.736
9.65 13.15 0.0485 187.023
9.66 13.098 0.049 187.13
9.67 13.088 0.0492 187.227
9.68 13.1339 0.0493 187.407
9.69 13.1798 0.0489 187.427
9.7 13.276 0.0486 187.582
9.71 13.418 0.0477 187.631
9.72 13.651 0.0472 187.986
9.73 13.907 0.0471 188.51
9.74 14.175 0.0476 189.249
9.75 14.392 0.0481 189.883
9.76 14.715 0.0495 191
9.77 14.842 0.0518 192.015
9.78 14.909 0.0526 192.44
9.79 14.921 0.0535 192.789
9.8 14.928 0.0548 193.242
9.81 14.917 0.0592 194.522
9.82 14.834 0.0584 194.201
9.83 14.8115 0.0598 194.597
9.84 14.8067 0.062 195.229
9.85 14.8043 0.0623 195.358
9.86 14.8072 0.0625 195.47
9.87 14.81 0.0625 195.531
9.88 14.811 0.0623 195.536
9.89 14.812 0.0622 195.566
9.9 14.826 0.0618 195.543
9.91 14.917 0.0617 195.744
9.92 14.972 0.0617 195.903
9.93 15.055 0.0626 196.35
9.94 15.165 0.0629 196.689
9.95 15.232 0.0631 196.921
9.96 15.496 0.063 197.438
9.97 15.603 0.063 197.689
9.98 15.76 0.0624 197.872
9.99 15.871 0.0621 198.047
10 16.044 0.0618 198.332
10.01 16.226 0.0617 198.683
10.02 16.723 0.0617 199.603
10.03 17.014 0.0614 200.074
10.04 17.247 0.0614 200.522
10.05 17.598 0.0614 201.16
10.06 18.241 0.0614 202.258
10.07 18.493 0.0622 202.933
10.08 18.706 0.063 203.54
10.09 18.911 0.0634 204.024
10.1 19.081 0.0639 204.477
10.11 19.392 0.0661 205.588
10.12 19.467 0.0663 205.81
10.13 19.522 0.0664 205.976
10.14 19.617 0.0671 206.357
10.15 19.66 0.0673 206.53
10.16 19.72 0.0674 206.702
10.17 19.716 0.0675 206.778
10.18 19.763 0.0678 206.982
10.19 19.728 0.0681 207.062
10.2 19.708 0.0685 207.189
10.21 19.617 0.0685 207.107
10.22 19.55 0.0685 207.062
10.23 19.471 0.0685 206.997
10.24 19.317 0.0685 206.817
10.25 19.183 0.0677 206.464
10.26 19.01 0.0669 206.047
10.27 18.592 0.0673 205.546
10.28 18.41 0.0656 204.874
10.29 18.257 0.0665 204.915
10.3 18.158 0.0641 204.185
10.31 18.059 0.0633 203.866
10.32 17.91 0.0631 203.624
10.33 17.882 0.0629 203.579
10.34 17.799 0.0626 203.417
10.35 17.773 0.0619 203.238
10.36 17.771 0.0612 203.097
10.37 17.774 0.0604 202.934
10.38 17.777 0.0596 202.769
10.39 17.795 0.0594 202.796
10.4 17.847 0.0594 202.935
10.41 17.961 0.0594 203.176
10.42 18.324 0.0595 203.845
10.43 18.521 0.0618 204.859
10.44 18.659 0.0621 205.215
10.45 18.757 0.0624 205.507
10.46 18.919 0.0652 206.57
10.47 18.951 0.0661 206.911
10.48 18.856 0.0663 206.868
10.49 18.765 0.0664 206.805
10.5 18.699 0.0664 206.754
10.51 18.687 0.0661 206.712
10.52 18.7232 0.0658 206.746
10.53 18.7595 0.0652 206.701
10.54 18.836 0.0651 206.85
10.55 18.911 0.0632 206.514
10.56 18.982 0.0628 206.57
10.57 18.994 0.0624 206.534
10.58 18.982 0.0592 205.666
10.59 18.959 0.056 204.736
10.6 18.951 0.0552 204.532
10.61 18.876 0.0545 204.252
10.62 18.797 0.0549 204.306
10.63 18.761 0.0546 204.21
10.64 18.698 0.0544 204.102
10.65 18.15 0.054 203.158
10.66 18.059 0.0538 203.002
10.67 18.016 0.0537 202.953
10.68 17.973 0.0537 202.936
10.69 17.992 0.0537 203.02
10.7 17.961 0.0543 203.21
10.71 17.878 0.0538 202.971
10.72 17.701 0.0557 203.319
10.73 17.626 0.0557 203.248
10.74 17.523 0.0557 203.129
10.75 17.417 0.0556 202.974
10.76 17.271 0.0553 202.689
10.77 17.054 0.0546 202.158
10.78 16.975 0.0531 201.607
10.79 16.967 0.0531 201.646
10.8 16.958 0.053 201.651
10.81 16.967 0.0525 201.559
10.82 16.94 0.0521 201.436
10.83 16.904 0.0516 201.265
10.84 16.77 0.0515 201.053
10.85 16.628 0.0515 200.859
10.86 16.474 0.0521 200.835
10.87 16.297 0.0527 200.765
10.88 16.115 0.0528 200.523
10.89 15.891 0.0528 200.171
10.9 15.272 0.0526 199.017
10.91 14.932 0.0525 198.392
10.92 14.656 0.0509 197.401
10.93 14.543 0.0494 196.741
10.94 14.489 0.0472 195.941
10.95 14.474 0.0482 196.304
10.96 14.459 0.0455 195.385
10.97 14.467 0.044 194.906
10.98 14.447 0.0439 194.88
10.99 14.349 0.0424 194.176
11 14.199 0.0424 193.931
11.01 14.029 0.0429 193.833
11.02 13.667 0.0433 193.302
11.03 13.497 0.0443 193.37
11.04 13.371 0.0443 193.158
11.05 13.174 0.0443 192.794
11.06 13.016 0.0443 192.507
11.07 12.657 0.043 191.307
11.08 12.44 0.0416 190.354
11.09 12.275 0.0423 190.3
11.1 12.085 0.0413 189.543
11.11 11.959 0.0403 188.919
11.12 11.711 0.0358 186.55
11.13 11.624 0.0344 185.779
11.14 11.557 0.0339 185.445
11.15 11.49 0.0338 185.29
11.16 11.391 0.0337 185.06
11.17 11.182 0.0337 184.613
11.18 11.013 0.0337 184.254
11.19 10.859 0.0337 183.927
11.2 10.701 0.0338 183.63
11.21 10.536 0.0338 183.265
11.22 10.413 0.0338 183.001
11.23 10.275 0.0336 182.605
11.24 10.125 0.0335 182.218
11.25 10.125 0.032 181.57
11.26 10.127 0.0307 180.994
11.27 10.129 0.0302 180.797
11.28 10.161 0.0301 180.874
11.29 10.291 0.0308 181.597
11.3 10.8 0.0316 183.299
11.31 11.143 0.0313 184.026
11.32 11.506 0.0342 186.291
11.33 11.892 0.033 186.668
11.34 12.227 0.0384 189.841
11.35 12.783 0.0403 191.877
11.36 12.992 0.0417 192.92
11.37 13.178 0.0433 193.97
11.38 13.339 0.047 195.687
11.39 13.418 0.0486 196.448
11.4 13.513 0.0502 197.226
11.41 13.489 0.0507 197.386
11.42 13.426 0.0511 197.43
11.43 13.375 0.0527 197.877
11.44 13.3 0.0543 198.258
11.45 13.083 0.0548 197.988
11.46 12.913 0.0553 197.813
11.47 12.7 0.0554 197.417
11.48 12.416 0.0552 196.763
11.49 12.101 0.055 196.025
11.5 11.825 0.0546 195.303
11.51 11.569 0.0547 194.765
11.52 11.218 0.0526 193.319
11.53 11.076 0.0512 192.579
11.54 10.934 0.0514 192.33
11.55 10.831 0.0509 191.958
11.56 10.741 0.0499 191.458
11.57 10.634 0.0488 190.873
11.58 10.468 0.0488 190.487
11.59 10.37 0.0473 189.781
11.6 10.307 0.0459 189.187
11.61 10.3114 0.0432 188.292
11.62 10.3158 0.0419 187.87
11.63 10.327 0.0398 187.142
11.64 10.382 0.0378 186.528
11.65 10.516 0.0358 186.074
11.66 10.535 0.0342 185.46
11.67 10.555 0.0316 184.338
11.68 10.863 0.031 184.852
11.69 11.123 0.031 185.527
11.7 11.431 0.031 186.303
11.71 11.533 0.031 186.585
11.72 11.636 0.0312 186.969
11.73 11.671 0.0358 189.247
11.74 11.699 0.0361 189.489
11.75 11.726 0.0386 190.656
11.76 11.75 0.0393 191.043
11.77 11.754 0.0399 191.338
11.78 11.7542 0.0403 191.543
11.79 11.7545 0.0408 191.785
11.8 11.759 0.0405 191.723
11.81 11.769 0.0422 192.449
11.82 11.792 0.0429 192.812
11.83 11.837 0.0431 193.038
11.84 11.991 0.0433 193.518
11.85 12.117 0.0434 193.892
11.86 12.318 0.0434 194.397
11.87 12.338 0.0438 194.637
11.88 12.255 0.0452 195.003
11.89 12.14 0.0456 194.927
11.9 12.018 0.0456 194.689
11.91 11.938 0.0457 194.583
11.92 11.9355 0.0456 194.587
11.93 11.9591 0.0456 194.688
11.94 11.9826 0.0425 193.65
11.95 12.03 0.0395 192.629
11.96 12.259 0.0392 193.075
11.97 12.377 0.0395 193.509
11.98 12.495 0.0399 193.981
11.99 12.586 0.0407 194.55
12 12.578 0.0425 195.279
12.01 12.511 0.0425 195.174
12.02 12.44 0.0438 195.549
12.03 12.342 0.0444 195.593
12.04 12.271 0.0451 195.73
12.05 12.172 0.0459 195.834
12.06 12.101 0.0474 196.238
12.07 11.987 0.0479 196.187
12.08 11.973 0.0479 196.199
12.09 11.9794 0.0478 196.226
12.1 11.9857 0.0476 196.217
12.11 11.999 0.0474 196.225
12.12 12.054 0.0473 196.365
12.13 12.14 0.0467 196.402
12.14 12.282 0.0463 196.635
12.15 12.46 0.0459 196.946
12.16 12.681 0.046 197.526
12.17 13.174 0.046 198.66
12.18 13.414 0.0465 199.401
12.19 13.623 0.0466 199.927
12.2 13.801 0.0466 200.347
12.21 13.978 0.0466 200.761
12.22 14.227 0.0466 201.318
12.23 14.258 0.0466 201.427
12.24 14.345 0.0481 202.181
12.25 14.432 0.049 202.716
12.26 14.633 0.0492 203.235
12.27 14.767 0.0492 203.548
12.28 14.932 0.0491 203.885
12.29 15.074 0.0491 204.21
12.3 15.319 0.0491 204.731
12.31 15.386 0.0491 204.906
12.32 15.457 0.0493 205.157
12.33 15.54 0.0506 205.807
12.34 15.579 0.0508 205.995
12.35 15.638 0.0508 206.154
12.36 15.662 0.0509 206.279
12.37 15.63 0.0509 206.265
12.38 15.611 0.0509 206.275
12.39 15.536 0.0509 206.179
12.4 15.339 0.0511 205.913
12.41 15.275 0.0513 205.902
12.42 15.208 0.0516 205.918
12.43 15.197 0.0521 206.108
12.44 15.189 0.0524 206.237
12.45 15.185 0.0525 206.308
12.46 15.157 0.0525 206.299
12.47 15.118 0.0526 206.301
12.48 14.952 0.0526 206.019
12.49 14.873 0.0526 205.908
12.5 14.759 0.0525 205.693
12.51 14.712 0.0525 205.645
12.52 14.53 0.0523 205.257
12.53 14.443 0.0513 204.796
12.54 14.388 0.0516 204.828
12.55 14.353 0.0519 204.9
12.56 14.3552 0.0526 205.179
12.57 14.3575 0.0521 205.066
12.58 14.368 0.0517 205.001
12.59 14.392 0.0499 204.492
12.6 14.542 0.0464 203.607
12.61 14.593 0.0455 203.423
12.62 14.66 0.0455 203.602
12.63 14.723 0.0455 203.773
12.64 14.688 0.0455 203.748
12.65 14.5715 0.0456 203.596
12.66 14.5182 0.0466 203.901
12.67 14.5046 0.0489 204.737
12.68 14.5748 0.0494 205.098
12.69 14.645 0.0493 205.251
12.7 14.652 0.0494 205.344
12.71 14.688 0.0495 205.496
12.72 14.696 0.0497 205.626
12.73 14.715 0.0499 205.778
12.74 14.798 0.05 206.024
12.75 14.889 0.0501 206.286
12.76 14.984 0.0502 206.554
12.77 15.035 0.051 206.972
12.78 15.118 0.0515 207.35
12.79 15.264 0.0518 207.782
12.8 15.335 0.052 208.033
12.81 15.441 0.052 208.285
12.82 15.563 0.052 208.566
12.83 15.8 0.0521 209.099
12.84 15.906 0.0523 209.413
12.85 15.981 0.0525 209.667
12.86 16.064 0.0527 209.935
12.87 16.08 0.053 210.11
12.88 16.175 0.0528 210.267
12.89 16.242 0.0534 210.636
12.9 16.242 0.0541 210.909
12.91 16.289 0.0538 210.945
12.92 16.289 0.0551 211.41
12.93 16.242 0.0553 211.431
12.94 16.194 0.0564 211.733
12.95 16.171 0.0568 211.86
12.96 16.107 0.0568 211.784
12.97 16.025 0.0569 211.705
12.98 15.938 0.0569 211.585
12.99 15.933 0.0569 211.62
13 15.928 0.0569 211.656
13.01 15.934 0.0569 211.713
13.02 15.911 0.0568 211.683
13.03 15.91 0.0565 211.633
13.04 15.91 0.056 211.522
13.05 15.902 0.056 211.551
13.06 15.898 0.056 211.589
13.07 15.918 0.0556 211.546
13.08 15.897 0.0552 211.424
13.09 15.902 0.0548 211.35
13.1 15.907 0.0548 211.405
13.11 15.921 0.0548 211.476
13.12 15.95 0.0549 211.609
13.13 15.973 0.0554 211.857
13.14 15.958 0.0555 211.905
13.15 15.962 0.0557 212.021
13.16 15.934 0.0569 212.389
13.17 15.859 0.0573 212.413
13.18 15.796 0.0573 212.336
13.19 15.745 0.0573 212.282
13.2 15.634 0.0573 212.11
13.21 15.512 0.0573 211.916
13.22 15.244 0.057 211.337
13.23 15.153 0.0569 211.168
13.24 15.051 0.0568 210.976
13.25 15.011 0.0568 210.94
13.26 15.0109 0.0567 210.953
13.27 15.0109 0.0567 210.997
13.28 15.011 0.0567 211.042
13.29 15.102 0.0567 211.27
13.3 15.169 0.0566 211.417
13.31 15.26 0.0564 211.581
13.32 15.256 0.0565 211.649
13.33 15.272 0.0566 211.756
13.34 15.27 0.0566 211.796
13.35 15.276 0.0566 211.852
13.36 15.283 0.0563 211.817
13.37 15.319 0.0561 211.87
13.38 15.425 0.0562 212.156
13.39 15.536 0.0563 212.451
13.4 15.721 0.0565 212.92
13.41 15.828 0.057 213.329
13.42 15.985 0.057 213.676
13.43 16.151 0.057 214.039
13.44 16.261 0.0572 214.355
13.45 16.238 0.0593 215
13.46 16.104 0.0605 215.146
13.47 15.946 0.0605 214.885
13.48 15.824 0.0608 214.78
13.49 15.733 0.0609 214.675
13.5 15.457 0.0608 214.144
13.51 15.362 0.0607 213.969
13.52 15.208 0.0604 213.614
13.53 15.114 0.0592 213.111
13.54 15.039 0.0577 212.548
13.55 15.003 0.0582 212.671
13.56 14.944 0.0554 211.724
13.57 14.956 0.0575 212.448
13.58 14.924 0.0522 210.724
13.59 14.921 0.0514 210.49
13.6 14.901 0.0507 210.253
13.61 14.908 0.0499 210.032
13.62 14.915 0.0499 210.089
13.63 14.933 0.0499 210.168
13.64 14.972 0.05 210.325
13.65 14.951 0.05 210.325
13.66 14.968 0.0501 210.438
13.67 14.985 0.0501 210.515
13.68 15.023 0.0502 210.669
13.69 15.066 0.0503 210.834
13.7 15.126 0.0503 210.997
13.71 15.173 0.0504 211.169
13.72 15.268 0.0507 211.506
13.73 15.283 0.051 211.683
13.74 15.319 0.0516 212.004
13.75 15.39 0.0531 212.694
13.76 15.394 0.0536 212.911
13.77 15.37 0.054 213.038
13.78 15.335 0.0549 213.305
13.79 15.268 0.0549 213.213
13.8 15.204 0.0548 213.095
13.81 15.114 0.0547 212.923
13.82 14.995 0.0548 212.756
13.83 14.907 0.0548 212.619
13.84 14.888 0.0549 212.655
13.85 14.881 0.0553 212.811
13.86 14.891 0.0559 213.066
13.87 14.901 0.056 213.161
13.88 14.999 0.0557 213.31
13.89 14.968 0.0554 213.193
13.9 14.948 0.055 213.066
13.91 14.9365 0.0527 212.329
13.92 14.9382 0.0528 212.408
13.93 14.94 0.0524 212.32
13.94 14.98 0.0516 212.173
13.95 15.141 0.0508 212.266
13.96 15.382 0.05 212.51
13.97 15.559 0.0492 212.618
13.98 15.847 0.0492 213.222
13.99 15.914 0.0492 213.394
14 15.993 0.0492 213.589
14.01 16.005 0.0502 214.012
14.02 16.003 0.0523 214.782
14.03 16.026 0.0523 214.869
14.04 16.048 0.0523 214.954
14.05 16.1 0.0524 215.131
14.06 16.151 0.0524 215.272
14.07 16.178 0.0537 215.806
14.08 16.364 0.0549 216.602
14.09 16.399 0.0564 217.198
14.1 16.502 0.0566 217.501
14.11 16.632 0.0567 217.821
14.12 16.699 0.0568 218.022
14.13 16.703 0.0575 218.295
14.14 16.77 0.0576 218.496
14.15 16.77 0.0576 218.539
14.16 16.738 0.0576 218.521
14.17 16.762 0.0577 218.641
14.18 16.679 0.0579 218.59
14.19 16.679 0.058 218.665
14.2 16.628 0.058 218.611
14.21 16.618 0.058 218.635
14.22 16.608 0.058 218.659
14.23 16.612 0.058 218.709
14.24 16.585 0.0578 218.638
14.25 16.407 0.0576 218.278
14.26 16.301 0.0576 218.117
14.27 16.281 0.0576 218.121
14.28 16.175 0.0576 217.958
14.29 16.1749 0.0576 218
14.3 16.1749 0.0577 218.074
14.31 16.175 0.0579 218.18
14.32 16.242 0.0581 218.415
14.33 16.305 0.0582 218.61
14.34 16.348 0.0583 218.767
14.35 16.482 0.0582 219.035
14.36 16.549 0.0581 219.174
14.37 16.522 0.0581 219.165
14.38 16.518 0.0581 219.2
14.39 16.5335 0.0581 219.272
14.4 16.549 0.0584 219.438
14.41 16.581 0.0584 219.541
14.42 16.569 0.0583 219.529
14.43 16.466 0.0583 219.375
14.44 16.313 0.0579 218.997
14.45 16.23 0.0579 218.878
14.46 16.186 0.0579 218.834
14.47 16.159 0.0579 218.824
14.48 16.163 0.0579 218.874
14.49 16.131 0.0585 219.041
14.5 16.111 0.0587 219.106
14.51 16.052 0.0588 219.063
14.52 16.021 0.0591 219.137
14.53 15.969 0.0591 219.077
14.54 15.891 0.0591 218.964
14.55 15.757 0.0591 218.739
14.56 15.611 0.0591 218.488
14.57 15.544 0.059 218.363
14.58 15.481 0.0567 217.556
14.59 15.421 0.0543 216.695
14.6 15.291 0.0537 216.272
14.61 15.197 0.053 215.886
14.62 15.157 0.053 215.845
14.63 15.09 0.0517 215.303
14.64 15.003 0.0511 214.956
14.65 14.641 0.0508 214.137
14.66 14.491 0.0506 213.79
14.67 14.341 0.0506 213.51
14.68 14.309 0.0506 213.482
14.69 14.294 0.0505 213.455
14.7 14.305 0.0505 213.519
14.71 14.286 0.0504 213.483
14.72 14.175 0.0503 213.249
14.73 13.95 0.0503 212.798
14.74 13.816 0.0502 212.507
14.75 13.7995 0.05 212.44
14.76 13.8002 0.0497 212.375
14.77 13.8009 0.0494 212.31
14.78 13.809 0.0481 211.897
14.79 14.108 0.048 212.555
14.8 14.254 0.0481 212.947
14.81 14.412 0.0482 213.362
14.82 14.534 0.0485 213.772
14.83 14.688 0.0489 214.283
14.84 14.818 0.0493 214.741
14.85 15.169 0.0497 215.652
14.86 15.402 0.0515 216.807
14.87 15.575 0.0504 216.806
14.88 15.658 0.0525 217.751
14.89 15.658 0.0528 217.895
14.9 15.481 0.053 217.648
14.91 15.398 0.0531 217.554
14.92 15.3935 0.0535 217.721
14.93 15.3912 0.0544 218.06
14.94 15.4021 0.0537 217.888
14.95 15.413 0.0544 218.185
14.96 15.571 0.0546 218.613
14.97 16.072 0.0547 219.687
14.98 16.242 0.0549 220.128
14.99 16.32 0.0551 220.387
15 16.368 0.0551 220.521
15.01 16.336 0.055 220.467
15.02 16.376 0.0549 220.552
15.03 16.415 0.0548 220.635
15.04 16.596 0.0544 220.89
15.05 16.723 0.0545 221.207
15.06 16.798 0.0545 221.39
15.07 16.947 0.0546 221.747
15.08 16.947 0.0547 221.821
15.09 17.018 0.0558 222.364
15.1 16.999 0.0588 223.34
15.11 17.062 0.0596 223.752
15.12 17.137 0.0597 223.965
15.13 17.129 0.0599 224.054
15.14 17.192 0.0601 224.276
15.15 17.2 0.0601 224.332
15.16 17.152 0.0602 224.314
15.17 17.07 0.0602 224.2
15.18 16.924 0.0602 223.964
15.19 16.873 0.0602 223.908
15.2 16.762 0.0601 223.705
15.21 16.66 0.0598 223.456
15.22 16.589 0.0587 223.015
15.23 16.502 0.0576 222.536
15.24 16.494 0.0564 222.172
15.25 16.4939 0.0559 222.048
15.26 16.4944 0.0551 221.823
15.27 16.495 0.055 221.831
15.28 16.5 0.055 221.881
15.29 16.51 0.0551 221.974
15.3 16.561 0.0553 222.18
15.31 16.537 0.0555 222.241
15.32 16.514 0.0556 222.27
15.33 16.427 0.0557 222.174
15.34 16.257 0.0557 221.882
15.35 16.147 0.0557 221.705
15.36 16.044 0.0572 222.032
15.37 15.883 0.057 221.685
15.38 15.76 0.0574 221.606
15.39 15.686 0.0576 221.56
15.4 15.619 0.0576 221.463
15.41 15.575 0.0575 221.381
15.42 15.477 0.0575 221.22
15.43 15.362 0.0575 221.023
15.44 15.118 0.0575 220.553
15.45 14.976 0.0575 220.293
15.46 14.838 0.0574 220.008
15.47 14.712 0.0574 219.777
15.48 14.558 0.0572 219.42
15.49 14.404 0.0572 219.124
15.5 14.077 0.0572 218.439
15.51 13.943 0.0561 217.826
15.52 13.828 0.0551 217.28
15.53 13.757 0.0518 216.045
15.54 13.7576 0.0516 216.015
15.55 13.7582 0.0509 215.81
15.56 13.76 0.0499 215.496
15.57 13.769 0.049 215.229
15.58 13.844 0.048 215.066
15.59 13.899 0.0443 213.796
15.6 13.891 0.0437 213.574
15.61 13.86 0.0439 213.624
15.62 13.836 0.044 213.65
15.63 13.82 0.0443 213.773
15.64 13.8076 0.0451 214.102
15.65 13.8038 0.045 214.092
15.66 13.8474 0.0452 214.306
15.67 13.891 0.0451 214.402
15.68 13.848 0.045 214.304
15.69 13.741 0.0449 214.063
15.7 13.7658 0.0447 214.077
15.71 13.7905 0.0448 214.21
15.72 13.848 0.0448 214.377
15.73 13.966 0.0449 214.717
15.74 14.14 0.0453 215.297
15.75 14.353 0.0461 216.113
15.76 14.55 0.048 217.305
15.77 14.723 0.0488 218.013
15.78 15.051 0.0489 218.782
15.79 15.114 0.049 218.989
15.8 15.177 0.0511 219.926
15.81 15.22 0.0531 220.758
15.82 15.189 0.0554 221.512
15.83 15.244 0.0565 222.029
15.84 15.35 0.0564 222.257
15.85 15.441 0.0563 222.453
15.86 15.524 0.0558 222.498
15.87 15.705 0.0557 222.876
15.88 15.808 0.0557 223.125
15.89 15.91 0.0547 223.034
15.9 16.037 0.0546 223.295
15.91 16.202 0.0546 223.663
15.92 16.352 0.0546 223.999
15.93 16.675 0.0548 224.739
15.94 16.754 0.0551 225.033
15.95 16.746 0.0577 225.922
15.96 16.604 0.0611 226.762
15.97 16.49 0.061 226.546
15.98 16.253 0.0609 226.082
15.99 16.135 0.0605 225.761
16 15.977 0.058 224.69
16.01 15.9802 0.0591 225.087
16.02 15.9835 0.0574 224.587
16.03 15.993 0.0557 224.084
16.04 16.04 0.0554 224.117
16.05 16.175 0.0554 224.426
16.06 16.309 0.0555 224.766
16.07 16.462 0.0557 225.174
16.08 16.545 0.0565 225.644
16.09 16.675 0.0565 225.938
16.1 16.738 0.0576 226.462
16.11 16.802 0.0586 226.951
16.12 16.979 0.0584 227.268
16.13 17.014 0.059 227.568
16.14 17.042 0.0589 227.629
16.15 17.113 0.0589 227.805
16.16 17.204 0.0589 228.018
16.17 17.267 0.0586 228.08
16.18 17.302 0.0584 228.121
16.19 17.33 0.0585 228.246
16.2 17.346 0.0582 228.218
16.21 17.377 0.0582 228.316
16.22 17.464 0.0583 228.552
16.23 17.886 0.0583 229.378
16.24 18.103 0.0585 229.882
16.25 18.28 0.0586 230.276
16.26 18.367 0.0591 230.636
16.27 18.458 0.0596 231.001
16.28 18.351 0.0595 230.815
16.29 18.209 0.0607 230.98
16.3 18.075 0.0604 230.679
16.31 18.062 0.0609 230.852
16.32 18.0691 0.0614 231.062
16.33 18.0762 0.0628 231.548
16.34 18.091 0.0629 231.646
16.35 18.115 0.063 231.76
16.36 18.063 0.063 231.703
16.37 17.815 0.063 231.282
16.38 17.716 0.0631 231.166
16.39 17.574 0.0631 230.938
16.4 17.381 0.0631 230.61
16.41 16.794 0.0631 229.511
16.42 16.462 0.0628 228.8
16.43 16.178 0.0615 227.869
16.44 15.946 0.0608 227.217
16.45 15.776 0.0611 226.998
16.46 15.642 0.0608 226.665
16.47 15.559 0.0604 226.405
16.48 15.54 0.0573 225.413
16.49 15.563 0.0558 225.002
16.5 15.532 0.055 224.705
16.51 15.5238 0.0543 224.487
16.52 15.5224 0.0546 224.625
16.53 15.5292 0.0506 223.259
16.54 15.536 0.0466 221.786
16.55 15.579 0.0453 221.389
16.56 15.575 0.0451 221.337
16.57 15.599 0.0461 221.828
16.58 15.599 0.0471 222.261
16.59 15.654 0.0475 222.568
16.6 15.847 0.0485 223.385
16.61 16.037 0.048 223.613
16.62 16.096 0.0488 224.077
16.63 16.155 0.0528 225.707
16.64 16.387 0.0522 225.994
16.65 16.561 0.053 226.662
16.66 16.62 0.0538 227.099
16.67 16.664 0.0548 227.572
16.68 16.636 0.0549 227.589
16.69 16.632 0.0553 227.757
16.7 16.439 0.0573 228.085
16.71 16.4357 0.0577 228.249
16.72 16.4364 0.0578 228.321
16.73 16.437 0.0579 228.393
16.74 16.447 0.058 228.484
16.75 16.494 0.058 228.616
16.76 16.541 0.058 228.747
16.77 16.604 0.0581 228.943
16.78 16.727 0.0588 229.453
16.79 17.003 0.0596 230.292
16.8 17.101 0.059 230.326
16.81 17.243 0.0599 230.93
16.82 17.31 0.0602 231.193
16.83 17.385 0.0596 231.182
16.84 17.421 0.0593 231.192
16.85 17.429 0.0592 231.213
16.86 17.586 0.0592 231.55
16.87 17.728 0.0592 231.857
16.88 17.878 0.0592 232.177
16.89 18.056 0.0592 232.546
16.9 18.304 0.0594 233.107
16.91 18.604 0.0619 234.495
16.92 19.16 0.0643 236.277
16.93 19.349 0.0642 236.619
16.94 19.515 0.0645 237.041
16.95 19.597 0.0648 237.315
16.96 19.621 0.065 237.457
16.97 19.653 0.0652 237.612
16.98 19.597 0.0652 237.553
16.99 19.337 0.0652 237.136
17 19.258 0.0656 237.155
17.01 19.183 0.0658 237.121
17.02 19.026 0.0658 236.879
17.03 18.947 0.0657 236.746
17.04 18.84 0.0656 236.562
17.05 18.785 0.0653 236.411
17.06 18.738 0.065 236.273
17.07 18.631 0.0651 236.147
17.08 18.505 0.0638 235.559
17.09 18.446 0.0633 235.335
17.1 18.41 0.0628 235.152
17.11 18.28 0.0626 234.888
17.12 18.2808 0.0623 234.834
17.13 18.2815 0.0614 234.589
17.14 18.284 0.0614 234.632
17.15 18.298 0.0614 234.696
17.16 18.328 0.0616 234.853
17.17 18.391 0.0619 235.102
17.18 18.383 0.0624 235.283
17.19 18.351 0.0634 235.573
17.2 18.241 0.064 235.592
17.21 17.906 0.0641 235.032
17.22 17.752 0.0643 234.839
17.23 17.578 0.0642 234.513
17.24 17.531 0.0643 234.491
17.25 17.436 0.0644 234.376
17.26 17.413 0.0654 234.67
17.27 17.275 0.0655 234.469
17.28 17.121 0.0655 234.204
17.29 17.137 0.0659 234.392
17.3 17.022 0.0659 234.202
17.31 16.936 0.0659 234.069
17.32 16.837 0.0658 233.88
17.33 16.703 0.0644 233.231
17.34 16.676 0.063 232.788
17.35 16.6708 0.0628 232.753
17.36 16.6689 0.0628 232.786
17.37 16.7134 0.0628 232.913
17.38 16.758 0.0629 233.071
17.39 16.896 0.064 233.72
17.4 16.869 0.0651 234.035
17.41 16.667 0.0651 233.667
17.42 16.6265 0.0657 233.801
17.43 16.6082 0.0658 233.831
17.44 16.6182 0.0658 233.888
17.45 16.6281 0.0658 233.946
17.46 16.652 0.0636 233.37
17.47 16.754 0.0632 233.49
17.48 16.873 0.063 233.704
17.49 17.192 0.0631 234.403
17.5 17.373 0.0631 234.794
17.51 17.547 0.0567 233.085
17.52 17.783 0.0503 231.255
17.53 17.961 0.0443 229.189
17.54 18.312 0.0418 228.757
17.55 18.426 0.0428 229.448
17.56 18.525 0.0438 230.104
17.57 18.604 0.0484 232.202
17.58 18.521 0.0621 236.953
17.59 18.45 0.0635 237.299
17.6 18.438 0.0641 237.5
17.61 18.387 0.0643 237.504
17.62 18.379 0.0644 237.558
17.63 18.278 0.0645 237.437
17.64 18.2715 0.0645 237.463
17.65 18.3135 0.0646 237.609
17.66 18.3555 0.0648 237.786
17.67 18.446 0.0658 238.296
17.68 18.56 0.0659 238.575
17.69 18.69 0.066 238.882
17.7 18.655 0.0665 239.005
17.71 18.58 0.0671 239.083
17.72 18.512 0.0674 239.083
17.73 18.4975 0.0688 239.503
17.74 18.5423 0.0689 239.653
17.75 18.5871 0.069 239.802
17.76 18.683 0.0691 240.047
17.77 18.848 0.0696 240.533
17.78 18.911 0.0697 240.715
17.79 19.002 0.0698 240.948
17.8 19.077 0.0694 241.007
17.81 19.14 0.069 241.043
17.82 19.215 0.0682 240.982
17.83 19.294 0.068 241.103
17.84 19.333 0.068 241.211
17.85 19.298 0.0682 241.245
17.86 19.326 0.0684 241.392
17.87 19.353 0.0683 241.448
17.88 19.388 0.0683 241.549
17.89 19.487 0.068 241.675
17.9 19.589 0.0679 241.865
17.91 19.739 0.0678 242.138
17.92 20.248 0.0678 243.065
17.93 20.591 0.0678 243.692
17.94 20.903 0.0678 244.258
17.95 21.194 0.0679 244.813
17.96 21.557 0.0681 245.51
17.97 21.735 0.0679 245.779
17.98 22.137 0.0742 248.293
17.99 22.263 0.0747 248.673
18 22.326 0.0771 249.468
18.01 22.366 0.0774 249.652
18.02 22.374 0.0777 249.784
18.03 22.417 0.0775 249.838
18.04 22.3888 0.0772 249.75
18.05 22.3759 0.0765 249.579
18.06 22.3799 0.0765 249.624
18.07 22.384 0.0765 249.669
18.08 22.425 0.0766 249.8
18.09 22.413 0.0766 249.819
18.1 22.358 0.0768 249.823
18.11 21.967 0.0771 249.309
18.12 21.885 0.0774 249.293
18.13 21.589 0.0782 249.056
18.14 21.297 0.0791 248.843
18.15 21.033 0.0792 248.46
18.16 20.67 0.0791 247.85
18.17 20.11 0.0791 246.91
18.18 19.873 0.0787 246.422
18.19 19.731 0.0784 246.127
18.2 19.499 0.0776 245.536
18.21 19.353 0.0775 245.282
18.22 18.931 0.0762 244.198
18.23 18.698 0.0749 243.451
18.24 18.501 0.0759 243.386
18.25 18.32 0.0747 242.756
18.26 18.075 0.0749 242.377
18.27 17.9828 0.0717 241.357
18.28 17.9409 0.071 241.116
18.29 17.9469 0.0711 241.192
18.3 17.953 0.0679 240.318
18.31 18.075 0.0679 240.589
18.32 18.304 0.0678 241.033
18.33 18.568 0.0679 241.597
18.34 18.986 0.0679 242.409
18.35 19.112 0.0679 242.677
18.36 19.306 0.0707 243.885
18.37 19.479 0.0749 245.411
18.38 19.57 0.0772 246.232
18.39 19.546 0.0774 246.279
18.4 19.246 0.0774 245.768
18.41 18.99 0.0774 245.332
18.42 18.871 0.0773 245.12
18.43 18.8815 0.0752 244.616
18.44 18.892 0.0731 244.096
18.45 18.915 0.0726 244.037
18.46 19.14 0.0723 244.405
18.47 19.377 0.0722 244.847
18.48 19.55 0.0726 245.31
18.49 19.735 0.073 245.793
18.5 19.692 0.0738 245.975
18.51 19.558 0.0747 246.019
18.52 19.388 0.0758 246.045
18.53 19.219 0.0756 245.718
18.54 19.065 0.0755 245.444
18.55 19.043 0.0749 245.277
18.56 19.033 0.0702 243.976
18.57 19.0315 0.0678 243.304
18.58 19.0778 0.0666 243.065
18.59 19.124 0.0666 243.186
18.6 19.246 0.0666 243.445
18.61 19.296 0.0669 243.663
18.62 19.347 0.0689 244.391
18.63 19.613 0.0694 245.056
18.64 20.055 0.0692 245.821
18.65 20.406 0.0689 246.383
18.66 20.654 0.0679 246.549
18.67 21.261 0.0677 247.556
18.68 21.624 0.0685 248.44
18.69 22.015 0.0693 249.359
18.7 22.492 0.0754 251.93
18.71 22.847 0.0784 253.357
18.72 23.146 0.0799 254.27
18.73 23.466 0.0806 254.996
18.74 23.71 0.0809 255.493
18.75 24.46 0.0812 256.759
18.76 24.866 0.0809 257.327
18.77 25.311 0.0806 257.943
18.78 25.647 0.0800001 258.311
18.79 25.694 0.0800001 258.418
18.8 25.524 0.0800001 258.209
18.81 25.485 0.0801 258.217
18.82 25.485 0.0803 258.309
18.83 25.477 0.081 258.522
18.84 25.4775 0.081 258.561
18.85 25.478 0.081 258.6
18.86 25.501 0.0808 258.618
18.87 25.698 0.0805 258.863
18.88 25.899 0.0791 258.814
18.89 26.132 0.0789 259.131
18.9 26.786 0.0789 260.094
18.91 26.971 0.0789 260.39
18.92 27.149 0.079 260.702
18.93 27.393 0.0792 261.132
18.94 27.358 0.0845 262.533
18.95 27.465 0.0898 264.052
18.96 27.571 0.0881 263.818
18.97 27.835 0.0865 263.816
18.98 27.969 0.0793 262.135
18.99 28.052 0.0644 257.783
19 28.143 0.0629 257.435
19.01 28.044 0.0621 257.069
19.02 27.977 0.0617 256.88
19.03 27.969 0.0616 256.872
19.04 26.707 0.0624 255.481
19.05 25.698 0.0631 254.341
19.06 24.968 0.0628 253.224
19.07 24.207 0.0644 252.663
19.08 23.722 0.0706 253.899
19.09 23.7052 0.0739 254.877
19.1 23.6981 0.0784 256.16
19.11 23.6976 0.0846 257.824
19.12 23.7138 0.0936 260.065
19.13 23.73 0.1004 261.651
19.14 23.825 0.1112 264.074
19.15 23.931 0.1193 265.832
19.16 24.29 0.12 266.571
19.17 24.456 0.1199 266.853
19.18 24.673 0.1198 267.213
19.19 24.878 0.1177 267.177
19.2 24.905 0.1048 264.688
19.21 24.976 0.1044 264.751
19.22 25.035 0.0972 263.309
19.23 25.197 0.0937 262.789
19.24 25.311 0.0919 262.574
19.25 25.485 0.092 262.895
19.26 25.579 0.092 263.072
19.27 25.662 0.092 263.233
19.28 25.587 0.0943 263.701
19.29 25.453 0.1054 265.991
19.3 25.268 0.1094 266.575
19.31 25.201 0.1077 266.164
19.32 25.161 0.1122 267.05
19.33 25.083 0.1123 266.988
19.34 25.031 0.1122 266.927
19.35 25.035 0.1121 266.952
19.36 24.98 0.1119 266.866
19.37 24.862 0.1113 266.603
19.38 24.834 0.1099 266.318
19.39 24.649 0.1086 265.806
19.4 24.57 0.1076 265.517
19.41 24.404 0.1054 264.84
19.42 23.951 0.1054 264.164
19.43 23.667 0.1041 263.476
19.44 23.458 0.104 263.157
19.45 23.142 0.1046 262.807
19.46 22.799 0.1052 262.404
19.47 22.5 0.1098 262.878
19.48 22.2 0.1097 262.388
19.49 21.739 0.1096 261.614
19.5 21.597 0.1042 260.308
19.51 21.281 0.0916 257.022
19.52 20.926 0.0899 256.037
19.53 20.374 0.0843 253.728
19.54 19.72 0.0835 252.375
19.55 18.982 0.0827 250.827
19.56 17.421 0.0827 247.782
19.57 16.565 0.0828 246.05
19.58 15.65 0.0828 244.08
19.59 14.712 0.0885 243.295
19.6 13.607 0.0957 242.18
19.61 11.971 0.1033 239.304
19.62 8.8635 0.1093 230.28
19.63 7.1403 0.1174 224.585
19.64 7.1403 0.1191 224.886
19.65 6.0834 0.1191 219.789
19.66 4.4272 0.1191 209.987
19.67 3.8909 0.1183 206.032
19.68 3.5479 0.113 202.567
19.69 3.3152 0.1045 199.325
19.7 3.3301 0.0924 197.45
19.71 3.345 0.0777 194.777
19.72 3.3803 0.07 193.412
19.73 3.5518 0.0693 194.66
19.74 4.0565 0.0695 198.496
19.75 5.3736 0.0696 206.752
19.76 6.1899 0.0701 211.161
19.77 6.8445 0.0711 214.522
19.78 6.9352 0.0739 215.652
19.79 6.7499 0.0749 215.083
19.8 6.4344 0.0758 213.848
19.81 6.1308 0.0788 213.081
19.82 5.8192 0.0785 211.449
19.83 5.6006 0.0783 210.271
19.84 5.5551 0.0777 209.92
19.85 5.5334 0.0747 209.144
19.86 6.0568 0.0687 210.443
19.87 6.5803 0.0661 212.317
19.88 7.8777 0.0629 217.024
19.89 10.378 0.0482 220.896
19.9 10.89 0.0476 222.233
19.91 10.879 0.0474 222.154
19.92 10.559 0.0481 221.501
19.93 10.007 0.0487 220.053
19.94 9.2657 0.0501 218.172
19.95 8.4455 0.0591 218.289
19.96 6.6513 0.0685 213.546
19.97 5.7837 0.0778 211.549
19.98 4.9556 0.0800001 207.403
19.99 4.3208 0.0805 203.483
20 3.9382 0.0807 200.853
20.01 3.6346 0.0798 198.389
20.02 3.4335 0.0789 196.611
20.03 3.2166 0.0779 194.593
20.04 2.8972 0.077 191.525
20.05 2.5896 0.0774 188.562
20.06 2.5009 0.068 185.634
20.07 2.5017 0.0684 185.758
20.08 2.5025 0.0677 185.634
20.09 2.5107 0.067 185.586
20.1 2.6921 0.0651 187.038
20.11 2.8104 0.0564 185.993
20.12 2.7355 0.0486 183.016
20.13 2.7482 0.0421 180.988
20.14 2.7609 0.0346 178.2
20.15 2.7902 0.0346 178.496
20.16 2.8617 0.0346 179.172
20.17 3.4098 0.0346 183.777
20.18 3.8949 0.0452 191.569
20.19 4.092 0.0485 194.097
20.2 3.8042 0.0478 191.863
20.21 3.3546 0.0565 191.086
20.22 2.9327 0.057 187.586
20.23 2.633 0.0571 184.749
20.24 2.495 0.0564 183.159
20.25 2.4299 0.0558 182.326
20.26 2.4676 0.0523 181.773
20.27 2.5053 0.052 182.109
20.28 2.6054 0.0516 183.046
20.29 5.4801 0.0468 202.112
20.3 7.2941 0.0446 209.795
20.31 9.25 0.0435 216.675
20.32 11.084 0.0439 222.592
20.33 12.385 0.0442 226.337
20.34 13.3 0.045 229.045
20.35 13.883 0.0497 232.409
20.36 14.175 0.0531 234.426
20.37 14.534 0.057 236.695
20.38 14.589 0.0603 237.968
20.39 14.589 0.0604 238.033
20.4 14.605 0.0622 238.686
20.41 14.597 0.0633 239.048
20.42 14.577 0.0622 238.685
20.43 14.522 0.0648 239.402
20.44 14.475 0.0487 233.702
20.45 14.361 0.0497 233.863
20.46 14.187 0.0503 233.718
20.47 13.943 0.0505 233.244
20.48 13.623 0.0505 232.497
20.49 13.316 0.0503 231.69
20.5 13.043 0.0512 231.372
