0.02 12.319 0 0
0.03 20.701 0.0064 33.8871
0.04 26.423 0.0128 40.2787
0.05 15.908 0.0256 42.2017
0.06 15.0806 0.0512 46.671
0.07 15.0431 0.0667 49.7805
0.08 15.1165 0.0823 52.6113
0.09 15.19 0.0673 53.4974
0.1 16.792 0.1062 58.0505
0.11 18.438 0.1087 60.5344
0.12 17.854 0.1035 61.4785
0.13 19.732 0.0984 63.5062
0.14 20.004 0.0977 64.9175
0.15 22.027 0.0983 67.1332
0.16 21.9155 0.099 68.3389
0.17 22.4498 0.1003 69.8177
0.18 22.984 0.0983 71.0574
0.19 23.499 0.0963 72.2404
0.2 25.738 0.083 73.3321
0.21 22.97 0.0782 72.764
0.22 21.6467 0.0763 72.9346
0.23 21.0459 0.0766 73.5668
0.24 21.2014 0.077 74.5537
0.25 21.357 0.0834 75.9871
0.26 23.418 0.0865 78.0828
0.27 24.703 0.1043 80.7633
0.28 14.902 0.2044 80.2245
0.29 14.4169 0.1795 79.7591
0.3 14.6662 0.2177 82.0195
0.31 14.9155 0.2303 83.361
0.32 15.502 0.2429 84.944
0.33 16.763 0.2439 86.6737
0.34 19.582 0.2664 90.0328
0.35 21.419 0.2764 92.2231
0.36 23.876 0.2716 94.2756
0.37 25.0175 0.2669 95.4986
0.38 26.159 0.2567 96.516
0.39 29.103 0.2416 98.2233
0.4 30.555 0.234 99.3485
0.41 28.037 0.2265 98.5341
0.42 21.378 0.2269 95.4117
0.43 17.2055 0.2226 92.9335
0.44 16.3498 0.2183 92.6942
0.45 16.3084 0.2188 93.2589
0.46 16.2907 0.1994 93.0938
0.47 17.0829 0.1904 93.933
0.48 17.875 0.1867 94.9479
0.49 19.42 0.188 96.6964
0.5 20.381 0.1894 97.9801
0.51 20.004 0.2056 98.9297
0.52 19.5495 0.2235 99.8275
0.53 19.095 0.2352 100.444
0.54 19.424 0.2567 101.955
0.55 17.9395 0.257 101.32
0.56 16.455 0.2574 100.583
0.57 15.3 0.2628 100.198
0.58 15.1335 0.2789 101.024
0.59 14.967 0.3015 102.002
0.6 14.793 0.3084 102.501
0.61 13.771 0.309 101.933
0.62 11.419 0.3065 99.6029
0.63 9.3223 0.3039 97.0977
0.64 8.491 0.2836 95.669
0.65 8.1138 0.2424 94.217
0.66 7.4285 0.2201 92.6759
0.67 7.0717 0.2116 92.1045
0.68 6.658 0.2093 91.602
0.69 6.0984 0.2071 90.7392
0.7 5.8105 0.1838 89.5768
0.71 5.5713 0.1605 88.3855
0.72 5.1901 0.1454 87.1098
0.73 4.9873 0.129 86.0826
0.74 4.7967 0.1187 85.3325
0.75 4.5778 0.1215 85.2425
0.76 4.3426 0.1015 83.6485
0.77 4.1722 0.0925 82.8281
0.78 3.8357 0.0891 81.8698
0.79 3.6329 0.0856 81.2487
0.8 3.4666 0.0858 81.0008
0.81 3.4261 0.0841 81.0086
0.82 3.2882 0.0824 80.6687
0.83 3.0895 0.0785 79.8948
0.84 2.9881 0.0724 79.2419
0.85 2.9314 0.0687 78.9387
0.86 2.9354 0.0684 79.1825
0.87 2.9233 0.0681 79.3611
0.88 2.903 0.0661 79.3368
0.89 2.8868 0.0642 79.3296
0.9 2.8594 0.0616 79.1943
0.91 2.859 0.0573 78.9595
0.92 2.8628 0.0528 78.6777
0.93 2.8665 0.0502 78.5983
0.94 2.9476 0.0483 78.896
0.95 2.907 0.0454 78.5648
0.96 2.9009 0.0438 78.5352
0.97 2.8949 0.0433 78.6632
0.98 2.8746 0.0431 78.7775
0.99 2.8665 0.0429 78.9375
1 2.8584 0.0428 79.1108
1.01 2.8584 0.0428 79.3299
1.02 2.8569 0.042 79.4167
1.03 2.8553 0.0412 79.4987
1.04 2.8584 0.039 79.3618
1.05 2.8503 0.0356 78.9393
1.06 2.8422 0.0351 79.0221
1.07 2.834 0.0349 79.1581
1.08 2.8138 0.0351 79.319
1.09 2.7529 0.0353 79.3098
1.1 2.7458 0.0358 79.575
1.11 2.7505 0.0363 79.8872
1.12 2.7552 0.0365 80.1429
1.13 2.7651 0.038 80.6525
1.14 2.7773 0.0429 81.7221
1.15 2.7975 0.0464 82.5431
1.16 2.8462 0.0508 83.5755
1.17 2.8543 0.0553 84.4034
1.18 2.834 0.06 85.092
1.19 2.6516 0.0644 84.9776
1.2 2.4934 0.0683 84.8383
1.21 2.3069 0.069 84.159
1.22 2.1244 0.0698 83.4366
1.23 1.9581 0.0695 82.6207
1.24 1.8446 0.0701 82.1566
1.25 1.843 0.0704 82.3593
1.26 1.844 0.0707 82.5776
1.27 1.845 0.0706 82.756
1.28 1.8527 0.071 83.0254
1.29 1.8932 0.0713 83.494
1.3 1.9297 0.0724 84.0107
1.31 1.95 0.0747 84.5365
1.32 1.9297 0.0771 84.8107
1.33 1.8527 0.0799 84.7431
1.34 1.7635 0.0829 84.5775
1.35 1.6621 0.0881 84.4593
1.36 1.6423 0.0902 84.6525
1.37 1.633 0.0912 84.8336
1.38 1.6496 0.0912 85.1292
1.39 1.6661 0.0912 85.4225
1.4 1.7554 0.0908 86.2074
1.41 1.8527 0.088 86.8252
1.42 1.7148 0.0864 85.9011
1.43 1.6459 0.0864 85.5621
1.44 1.5729 0.0852 85.0707
1.45 1.508 0.0825 84.4923
1.46 1.4147 0.0781 83.4972
1.47 1.3215 0.0726 82.3371
1.48 1.216 0.0687 81.1364
1.49 1.1228 0.0645 79.9397
1.5 1.0417 0.0586 78.5987
1.51 0.9849 0.0524 77.3874
1.52 0.973 0.0451 76.4339
1.53 0.9713 0.0402 75.825
1.54 0.9862 0.0388 75.905
1.55 1.0011 0.0378 76.0407
1.56 1.0254 0.0368 76.27
1.57 1.0011 0.0368 76.1422
1.58 0.9484 0.0368 75.685
1.59 0.8795 0.0348 74.651
1.6 0.847 0.0341 74.2512
1.61 0.8447 0.0333 74.2041
1.62 0.8453 0.0322 74.1321
1.63 0.846 0.0304 73.9133
1.64 0.8835 0.0291 74.2325
1.65 0.9119 0.0279 74.4363
1.66 0.9687 0.0252 74.5788
1.67 1.0254 0.0252 75.3179
1.68 1.0822 0.0159 73.1729
1.69 1.1268 0.0159 73.7212
1.7 1.1512 0.0146 73.5466
1.71 1.0903 0.0146 73.0923
1.72 0.9768 0.0146 72.0611
1.73 0.8916 0.0147 71.2754
1.74 0.8348 0.016 71.2166
1.75 0.824 0.0187 72.1262
1.76 0.8407 0.0212 73.2099
1.77 0.8575 0.0236 74.1936
1.78 0.8957 0.0236 74.7777
1.79 0.8957 0.0235 74.8678
1.8 1.2079 0.0235 78.2833
1.81 1.358 0.0214 79.1189
1.82 1.358 0.0188 78.3908
1.83 1.6134 0.016 79.4103
1.84 1.6378 0.0137 78.6803
1.85 1.6378 0.0119 77.8808
1.86 1.6378 0.0102 77.0037
1.87 1.5729 0.0098 76.4161
1.88 1.5729 0.0097 76.4642
1.89 1.504 0.0098 76.1496
1.9 1.3458 0.0098 75.0507
1.91 1.3458 0.0114 76.1119
1.92 1.2647 0.0128 76.2749
1.93 1.1512 0.0132 75.551
1.94 1.0457 0.0133 74.6665
1.95 0.9443 0.0143 74.1288
1.96 0.8551 0.0142 73.1385
1.97 0.7984 0.0141 72.4793
1.98 0.7254 0.0138 71.4582
1.99 0.6645 0.0132 70.3996
2 0.5753 0.0125 68.7372
2.01 0.5185 0.0132 68.118
2.02 0.4618 0.0124 66.7359
2.03 0.4091 0.0123 65.6274
2.04 0.3685 0.0122 64.6915
2.05 0.3401 0.0124 64.1224
2.06 0.3204 0.0125 63.7024
2.07 0.3159 0.0128 63.7841
2.08 0.3138 0.013 63.8907
2.09 0.3371 0.0129 64.5977
2.1 0.3604 0.0133 65.4751
2.11 0.3969 0.0138 66.6832
2.12 0.4253 0.015 67.9082
2.13 0.4577 0.0164 69.2319
2.14 0.4861 0.0168 70.066
2.15 0.5226 0.0167 70.8569
2.16 0.5713 0.0166 71.8286
2.17 0.7781 0.0162 75.0403
2.18 0.7781 0.0142 74.317
2.19 1.3823 0.0116 79.4824
2.2 1.5648 0.0113 80.8406
2.21 1.5648 0.0113 80.9426
2.22 1.6418 0.0113 81.6068
2.23 1.6418 0.0123 82.2873
2.24 1.5972 0.0142 83.0502
2.25 1.4715 0.0165 83.2102
2.26 1.3093 0.018 82.5187
2.27 1.1795 0.0198 82.0352
2.28 1.0376 0.0207 80.9321
2.29 0.9403 0.0212 80.0486
2.3 0.8835 0.0213 79.4608
2.31 0.8833 0.0211 79.4917
2.32 0.8834 0.0208 79.4938
2.33 0.8835 0.0203 79.4292
2.34 0.9565 0.0181 79.6741
2.35 1.0782 0.0143 79.5806
2.36 1.1836 0.012 79.5823
2.37 1.2931 0.0105 79.8061
2.38 1.3417 0.01 79.9997
2.39 1.3215 0.01 79.9183
2.4 1.285 0.01 79.689
2.41 1.2485 0.01 79.4508
2.42 1.1633 0.0101 78.8021
2.43 1.0903 0.0118 79.1778
2.44 0.993 0.012 78.3179
2.45 0.9322 0.0127 78.0642
2.46 0.8714 0.0136 77.8394
2.47 0.7984 0.0156 77.8351
2.48 0.7416 0.017 77.6521
2.49 0.7104 0.0165 77.0677
2.5 0.707 0.0195 78.1794
2.51 0.7081 0.0205 78.6102
2.52 0.7091 0.0208 78.8083
2.53 0.7456 0.0208 79.4674
2.54 0.7821 0.0207 80.0719
2.55 0.8186 0.0205 80.6225
2.56 0.8531 0.0203 81.1253
2.57 0.8876 0.02 81.5771
2.58 0.8511 0.0201 81.2066
2.59 0.8186 0.0193 80.5668
2.6 0.774 0.0184 79.6878
2.61 0.7416 0.0172 78.8396
2.62 0.697 0.0164 77.9123
2.63 0.6443 0.0158 76.8781
2.64 0.6078 0.015 75.9864
2.65 0.5956 0.015 75.8446
2.66 0.551 0.0134 74.3765
2.67 0.5185 0.0134 73.8052
2.68 0.4902 0.0125 72.8645
2.69 0.4699 0.0118 72.1503
2.7 0.4374 0.0118 71.4832
2.71 0.3928 0.0118 70.4571
2.72 0.3726 0.0119 70.0442
2.73 0.3563 0.0121 69.7622
2.74 0.3485 0.0123 69.7059
2.75 0.3475 0.0125 69.8414
2.76 0.3479 0.0125 69.9235
2.77 0.3482 0.0125 70.0025
2.78 0.3928 0.0125 71.2994
2.79 0.4374 0.0127 72.5803
2.8 0.4902 0.014 74.4559
2.81 0.5307 0.0145 75.607
2.82 0.5429 0.0158 76.4742
2.83 0.5632 0.0187 78.0418
2.84 0.5834 0.0211 79.3085
2.85 0.6361 0.0214 80.4753
2.86 0.7456 0.0215 82.4494
2.87 0.8714 0.0216 84.4358
2.88 1.0214 0.0214 86.4059
2.89 1.2282 0.0212 88.7469
2.9 1.4553 0.0192 90.2818
2.91 1.6621 0.018 91.6207
2.92 1.8568 0.0163 92.4167
2.93 1.9703 0.0163 93.2983
2.94 2.0514 0.0164 93.9785
2.95 2.0311 0.0165 93.9802
2.96 1.9825 0.0171 94.0201
2.97 1.9095 0.0184 94.1736
2.98 1.8284 0.0192 94.0067
2.99 1.8157 0.0196 94.1613
3 1.8207 0.0195 94.246
3.01 1.8257 0.0195 94.3704
3.02 1.8405 0.0194 94.5269
3.03 1.9014 0.019 94.8938
3.04 1.8649 0.019 94.716
3.05 1.8527 0.0154 93.072
3.06 1.8486 0.0154 93.127
3.07 1.8527 0.0154 93.2412
3.08 1.8446 0.0154 93.2667
3.09 1.8229 0.0174 94.1434
3.1 1.8127 0.0176 94.2415
3.11 1.8165 0.0175 94.3096
3.12 1.8203 0.0174 94.3772
3.13 2.1852 0.0145 95.5194
3.14 2.684 0.0145 98.477
3.15 3.1382 0.0126 99.6371
3.16 3.4058 0.0108 99.6211
3.17 3.422 0.0108 99.7768
3.18 3.3085 0.011 99.5321
3.19 3.1057 0.0113 98.937
3.2 2.8422 0.0124 98.5255
3.21 2.6029 0.0152 99.0334
3.22 2.3353 0.0177 98.8267
3.23 2.0352 0.0204 98.1243
3.24 1.7716 0.0233 97.337
3.25 1.5445 0.0245 95.9148
3.26 1.5445 0.0251 96.1902
3.27 1.3499 0.0252 94.4544
3.28 1.1633 0.0249 92.4388
3.29 1.1633 0.0247 92.455
3.3 1.1187 0.0245 91.9513
3.31 1.066 0.0245 91.3915
3.32 0.9768 0.0245 90.3243
3.33 0.9532 0.0244 90.0514
3.34 0.9422 0.0243 89.9453
3.35 0.9412 0.0235 89.756
3.36 0.9529 0.0223 89.5987
3.37 0.9646 0.021 89.3827
3.38 1.0133 0.0204 89.8761
3.39 1.066 0.0198 90.3843
3.4 1.0903 0.0197 90.7142
3.41 1.0741 0.0195 90.5159
3.42 1.0417 0.0192 90.0747
3.43 1.0173 0.0182 89.4417
3.44 1.0214 0.0173 89.1889
3.45 0.9889 0.0158 88.1783
3.46 0.8795 0.0143 86.0548
3.47 0.7943 0.0137 84.5673
3.48 0.7051 0.0133 82.9907
3.49 0.6321 0.0132 81.7087
3.5 0.5672 0.0132 80.5079
3.51 0.5185 0.0124 79.1243
3.52 0.4658 0.0124 77.9741
3.53 0.405 0.0117 76.1107
3.54 0.3726 0.011 74.8762
3.55 0.3401 0.0104 73.6122
3.56 0.3117 0.0097 72.33
3.57 0.2874 0.0088 70.968
3.58 0.2874 0.008 70.4622
3.59 0.2813 0.0076 70
3.6 0.2799 0.0066 69.187
3.61 0.2792 0.0061 68.7632
3.62 0.2793 0.0061 68.8197
3.63 0.2793 0.0061 68.8724
3.64 0.2793 0.0061 68.9251
3.65 0.2955 0.0061 69.54
3.66 0.3117 0.0062 70.2248
3.67 0.3117 0.0068 70.8203
3.68 0.3229 0.0079 72.1293
3.69 0.334 0.0098 73.8483
3.7 0.3563 0.0123 76.0185
3.71 0.4334 0.0129 78.5628
3.72 0.551 0.013 81.4394
3.73 0.6808 0.013 84.021
3.74 0.9687 0.0126 88.2345
3.75 1.5161 0.0128 94.3068
3.76 2.392 0.013 100.912
3.77 3.5315 0.0137 107.281
3.78 4.5534 0.0152 112.329
3.79 5.3117 0.0196 117.389
3.8 6.2647 0.0233 122.044
3.81 6.658 0.028 125.107
3.82 6.9865 0.033 127.804
3.83 7.3231 0.0376 130.172
3.84 7.7002 0.0413 132.241
3.85 8.0611 0.0439 133.89
3.86 8.2477 0.0469 135.171
3.87 8.2882 0.0521 136.553
3.88 8.2031 0.0584 137.75
3.89 8.0571 0.065 138.723
3.9 7.8462 0.0767 140.21
3.91 7.5988 0.0797 140.111
3.92 7.3069 0.0807 139.566
3.93 7.1122 0.081 139.166
3.94 7.0636 0.081 139.127
3.95 6.877 0.081 138.689
3.96 6.5121 0.0741 136.685
3.97 6.0984 0.066 134.196
3.98 5.7335 0.0594 131.94
3.99 5.4374 0.0557 130.329
4 5.2874 0.0553 129.817
4.01 5.2289 0.0541 129.463
4.02 5.2261 0.0527 129.26
4.03 5.2324 0.0521 129.249
4.04 5.2387 0.0522 129.381
4.05 5.5388 0.0523 130.533
4.06 5.9322 0.0525 131.962
4.07 6.285 0.0531 133.281
4.08 6.5364 0.0533 134.17
4.09 6.5486 0.0533 134.297
4.1 6.5932 0.0533 134.52
4.11 6.9176 0.0533 135.545
4.12 7.3515 0.0531 136.787
4.13 7.7286 0.0499 137.158
4.14 7.98 0.0462 137.003
4.15 8.3288 0.0423 136.934
4.16 8.5559 0.042 137.476
4.17 8.7829 0.042 138.087
4.18 9.0019 0.042 138.67
4.19 9.1155 0.0431 139.313
4.2 9.156 0.045 139.995
4.21 9.152 0.0494 141.171
4.22 9.0668 0.0512 141.494
4.23 8.8924 0.0538 141.775
4.24 8.6937 0.0568 142.047
4.25 8.495 0.0612 142.55
4.26 8.4276 0.0652 143.232
4.27 8.4258 0.0653 143.339
4.28 8.434 0.0652 143.434
4.29 8.4423 0.0652 143.548
4.3 8.5761 0.0644 143.819
4.31 8.6653 0.0599 143.26
4.32 8.7343 0.0567 142.862
4.33 8.6856 0.0554 142.564
4.34 8.6897 0.0552 142.622
4.35 8.7302 0.0551 142.787
4.36 9.0384 0.0549 143.55
4.37 9.2168 0.0548 144.025
4.38 9.3547 0.0539 144.226
4.39 9.4318 0.0517 143.988
4.4 9.4237 0.0463 142.745
4.41 9.3588 0.0438 142.036
4.42 9.2898 0.0439 142.001
4.43 9.2533 0.044 142.037
4.44 9.2006 0.0443 142.089
4.45 9.1905 0.0459 142.576
4.46 9.1804 0.0457 142.59
4.47 9.1743 0.046 142.743
4.48 9.1682 0.0464 142.921
4.49 9.1844 0.0476 143.35
4.5 9.1033 0.049 143.602
4.51 9.0303 0.0509 143.979
4.52 8.9087 0.0524 144.134
4.53 8.7708 0.0553 144.546
4.54 8.4748 0.058 144.493
4.55 8.3612 0.0598 144.668
4.56 8.2679 0.06 144.563
4.57 8.1503 0.0599 144.333
4.58 7.9395 0.0611 144.114
4.59 7.7935 0.063 144.184
4.6 7.5988 0.0632 143.784
4.61 7.4529 0.0631 143.451
4.62 7.3718 0.063 143.293
4.63 7.3271 0.0622 143.101
4.64 7.319 0.0591 142.556
4.65 7.3028 0.0564 142.043
4.66 7.2582 0.0515 140.932
4.67 7.2298 0.0501 140.614
4.68 7.169 0.0498 140.456
4.69 7.0717 0.0499 140.287
4.7 6.9662 0.0498 140.043
4.71 6.8851 0.0496 139.843
4.72 6.5891 0.0491 138.926
4.73 6.4512 0.049 138.561
4.74 6.2728 0.0491 138.107
4.75 6.0944 0.0493 137.662
4.76 5.9078 0.0501 137.311
4.77 5.6808 0.0512 136.865
4.78 5.5064 0.0512 136.331
4.79 5.332 0.0511 135.758
4.8 5.186 0.0508 135.228
4.81 5.0644 0.0502 134.712
4.82 4.9833 0.0501 134.454
4.83 4.969 0.0501 134.476
4.84 4.9725 0.0502 134.589
4.85 4.9759 0.052 135.075
4.86 5.0319 0.052 135.37
4.87 5.2428 0.052 136.251
4.88 5.478 0.052 137.193
4.89 5.7375 0.0487 137.437
4.9 5.9727 0.0437 137.072
4.91 6.1998 0.0387 136.502
4.92 6.4593 0.0343 136.015
4.93 6.7919 0.0331 136.674
4.94 6.9622 0.0328 137.136
4.95 7.0271 0.0327 137.361
4.96 7.023 0.0327 137.427
4.97 7.0352 0.0327 137.538
4.98 7.019 0.0328 137.604
4.99 6.9906 0.0331 137.705
5 6.946 0.0348 138.229
5.01 6.8811 0.0361 138.542
5.02 6.6864 0.0371 138.361
5.03 6.5891 0.0378 138.36
5.04 6.4431 0.0382 138.112
5.05 6.3296 0.0393 138.161
5.06 6.1877 0.04 137.989
5.07 6.066 0.0401 137.699
5.08 5.9849 0.0402 137.536
5.09 5.8957 0.0402 137.314
5.1 5.8349 0.0402 137.184
5.11 5.7254 0.0402 136.885
5.12 5.6564 0.0402 136.72
5.13 5.6037 0.0412 136.89
5.14 5.5267 0.0427 137.098
5.15 5.4618 0.0444 137.385
5.16 5.3766 0.0448 137.25
5.17 5.2996 0.0448 137.039
5.18 5.1982 0.0448 136.732
5.19 5.113 0.0447 136.455
5.2 5.04 0.0447 136.246
5.21 4.9711 0.0447 136.048
5.22 4.9184 0.0447 135.912
5.23 4.9153 0.045 136.048
5.24 4.9164 0.0454 136.225
5.25 4.9174 0.0453 136.276
5.26 4.9671 0.0453 136.546
5.27 5.1414 0.045 137.222
5.28 5.4172 0.0435 137.942
5.29 5.7497 0.0424 138.907
5.3 6.0619 0.0405 139.509
5.31 6.3701 0.0383 139.931
5.32 6.6378 0.0381 140.775
5.33 7.1609 0.0382 142.427
5.34 7.4447 0.0383 143.332
5.35 7.7367 0.0385 144.266
5.36 8.0449 0.0393 145.403
5.37 8.3166 0.0402 146.452
5.38 8.5356 0.0406 147.198
5.39 8.7383 0.041 147.893
5.4 8.9208 0.041 148.411
5.41 9.0465 0.0415 148.937
5.42 9.1682 0.042 149.449
5.43 9.1804 0.0443 150.219
5.44 9.1601 0.0459 150.692
5.45 9.1357 0.0472 151.062
5.46 9.1357 0.0492 151.662
5.47 9.0496 0.0501 151.761
5.48 9.0067 0.0509 151.934
5.49 8.9861 0.0515 152.109
5.5 8.994 0.0521 152.352
5.51 9.0019 0.0524 152.521
5.52 9.0344 0.0523 152.653
5.53 9.0628 0.0524 152.823
5.54 9.0952 0.0524 152.979
5.55 9.1682 0.0526 153.28
5.56 9.2655 0.0526 153.59
5.57 9.5169 0.0529 154.334
5.58 9.7197 0.0534 155.001
5.59 10.004 0.0539 155.845
5.6 10.587 0.0547 157.392
5.61 10.859 0.0559 158.332
5.62 11.07 0.057 159.107
5.63 11.248 0.0585 159.897
5.64 11.569 0.0598 160.92
5.65 11.695 0.0626 161.866
5.66 11.792 0.0641 162.458
5.67 11.897 0.0655 163.038
5.68 11.918 0.0665 163.365
5.69 11.934 0.0682 163.82
5.7 11.914 0.0685 163.92
5.71 11.845 0.069 163.962
5.72 11.731 0.0694 163.893
5.73 11.654 0.0695 163.836
5.74 11.585 0.0695 163.776
5.75 11.451 0.0694 163.561
5.76 11.443 0.0693 163.604
5.77 11.374 0.0682 163.323
5.78 11.358 0.0682 163.368
5.79 11.248 0.068 163.178
5.8 11.2 0.068 163.156
5.81 11.123 0.068 163.072
5.82 11.058 0.068 163.012
5.83 10.932 0.0684 162.901
5.84 10.918 0.0691 163.086
5.85 10.9183 0.0699 163.321
5.86 10.9186 0.0699 163.399
5.87 10.92 0.0699 163.48
5.88 10.932 0.07 163.602
5.89 10.973 0.07 163.768
5.9 10.997 0.07 163.897
5.91 10.983 0.07 163.944
5.92 10.9818 0.0702 164.057
5.93 10.9829 0.0703 164.156
5.94 10.984 0.0707 164.313
5.95 10.993 0.0709 164.448
5.96 11.025 0.0711 164.632
5.97 11.09 0.0711 164.848
5.98 11.204 0.0711 165.168
5.99 11.236 0.0711 165.313
6 11.261 0.0711 165.442
6.01 11.33 0.0711 165.665
6.02 11.354 0.0711 165.792
6.03 11.407 0.0717 166.096
6.04 11.431 0.0718 166.242
6.05 11.484 0.0722 166.506
6.06 11.492 0.0724 166.637
6.07 11.498 0.0724 166.726
6.08 11.504 0.0724 166.815
6.09 11.524 0.0724 166.933
6.1 11.553 0.0724 167.07
6.11 11.581 0.0722 167.166
6.12 11.589 0.072 167.22
6.13 11.622 0.0719 167.345
6.14 11.634 0.0719 167.445
6.15 11.654 0.0717 167.524
6.16 11.674 0.0716 167.621
6.17 11.674 0.0714 167.658
6.18 11.678 0.0711 167.683
6.19 11.638 0.0714 167.734
6.2 11.622 0.0708 167.659
6.21 11.593 0.0707 167.654
6.22 11.532 0.0703 167.522
6.23 11.455 0.0701 167.396
6.24 11.39 0.07 167.313
6.25 11.317 0.0699 167.213
6.26 11.171 0.0696 166.915
6.27 11.078 0.0694 166.748
6.28 11.005 0.069 166.583
6.29 10.888 0.0686 166.32
6.3 10.673 0.0682 165.836
6.31 10.567 0.0669 165.406
6.32 10.47 0.0661 165.094
6.33 10.373 0.0655 164.82
6.3401 10.166 0.0652 164.352
6.3501 10.068 0.0647 164.09
6.3601 9.9833 0.0629 163.578
6.3701 9.8981 0.0626 163.382
6.3801 9.6791 0.0618 162.754
6.3901 9.5737 0.0603 162.236
6.4001 9.4561 0.06 161.951
6.4101 9.3628 0.0591 161.586
6.4201 9.1641 0.0588 161.09
6.4301 9.0465 0.0578 160.63
6.4401 8.9776 0.0519 159.091
6.4501 8.9289 0.0498 158.49
6.4601 8.8397 0.0487 158.035
6.4701 8.8276 0.0487 158.072
6.4801 8.8114 0.0488 158.125
6.4901 8.7951 0.0489 158.178
6.5001 8.7951 0.0497 158.459
6.5101 8.7099 0.0502 158.437
6.5201 8.7072 0.0503 158.523
6.5301 8.7087 0.0509 158.751
6.5401 8.7102 0.0514 158.952
6.5501 8.7262 0.0514 159.062
6.5601 8.7667 0.0515 159.261
6.5701 8.7708 0.0516 159.365
6.5801 8.8032 0.0517 159.543
6.5901 8.8073 0.0523 159.774
6.6001 8.8478 0.0524 159.973
6.6101 8.86 0.0526 160.122
6.6201 8.8924 0.0531 160.4
6.6301 8.9168 0.0531 160.531
6.6401 8.9452 0.0536 160.797
6.6501 8.9573 0.0536 160.896
6.6601 8.9735 0.0537 161.03
6.6701 8.9452 0.0537 161.024
6.6801 8.9411 0.0537 161.08
6.6901 8.9046 0.0538 161.077
6.7001 8.86 0.0538 161.027
6.7101 8.8491 0.0538 161.066
6.7201 8.8533 0.0538 161.143
6.7301 8.8575 0.0536 161.171
6.7401 8.8681 0.0536 161.265
6.7501 8.937 0.0536 161.512
6.7601 9.0019 0.0536 161.747
6.7701 9.0628 0.0536 161.97
6.7801 9.1479 0.0541 162.38
6.7901 9.1925 0.0548 162.735
6.8001 9.2371 0.0557 163.136
6.8101 9.2858 0.0565 163.52
6.8201 9.3709 0.0574 164.017
6.8301 9.4156 0.0581 164.362
6.8401 9.4439 0.0588 164.664
6.8501 9.4764 0.0592 164.906
6.8601 9.4926 0.0611 165.447
6.8701 9.525 0.0618 165.753
6.8801 9.5413 0.0627 166.06
6.8901 9.5413 0.0633 166.259
6.9001 9.5129 0.0634 166.276
6.9101 9.4804 0.0634 166.261
6.9201 9.3709 0.0633 166.028
6.9301 9.3532 0.0633 166.05
6.9401 9.3611 0.063 166.071
6.9501 9.3691 0.0627 166.092
6.9601 9.3872 0.0621 166.072
6.9701 9.5129 0.0615 166.322
6.9801 9.6589 0.0609 166.618
6.9901 9.813 0.0609 167.064
7.0001 9.9549 0.0609 167.477
7.0101 10.093 0.061 167.899
7.0201 10.227 0.0613 168.353
7.0301 10.462 0.0614 168.995
7.0401 10.567 0.0618 169.396
7.0501 10.644 0.0622 169.732
7.0601 10.721 0.0635 170.268
7.0701 10.754 0.064 170.521
7.0801 10.815 0.0642 170.772
7.0901 10.835 0.0646 170.972
7.1001 10.839 0.0647 171.07
7.1101 10.847 0.0648 171.178
7.1201 10.806 0.0648 171.151
7.1301 10.778 0.0647 171.132
7.1401 10.721 0.0646 171.046
7.1501 10.689 0.0643 170.973
7.1601 10.6729 0.0637 170.869
7.1701 10.6715 0.0637 170.932
7.1801 10.6722 0.0635 170.955
7.1901 10.673 0.0635 171.023
7.2001 10.721 0.0634 171.177
7.2101 10.855 0.0634 171.55
7.2201 10.892 0.0635 171.722
7.2301 10.892 0.0635 171.789
7.2401 10.875 0.0637 171.861
7.2501 10.843 0.0645 172.032
7.2601 10.762 0.0647 171.957
7.2701 10.648 0.0647 171.759
7.2801 10.608 0.0647 171.732
7.2901 10.527 0.0647 171.608
7.3001 10.34 0.0645 171.187
7.3101 10.287 0.064 171.014
7.3201 10.218 0.0629 170.667
7.3301 10.194 0.0617 170.401
7.3401 10.189 0.0615 170.407
7.3501 10.1899 0.0613 170.428
7.3601 10.1908 0.0611 170.448
7.3701 10.194 0.0609 170.474
7.3801 10.231 0.0609 170.627
7.3901 10.231 0.0602 170.527
7.4001 10.239 0.0594 170.421
7.4101 10.243 0.0578 170.107
7.4201 10.267 0.0543 169.346
7.4301 10.251 0.0542 169.345
7.4401 10.2525 0.0541 169.386
7.4501 10.2539 0.0543 169.505
7.4601 10.2594 0.0545 169.633
7.4701 10.271 0.0554 169.955
7.4801 10.263 0.0564 170.253
7.4901 10.186 0.0571 170.306
7.5001 10.1595 0.058 170.527
7.5101 10.133 0.0594 170.865
7.5201 10.117 0.0602 171.079
7.5301 10.085 0.0608 171.206
7.5401 10.064 0.0615 171.381
7.5501 10.02 0.0618 171.405
7.5601 9.8008 0.0619 170.946
7.5701 9.6305 0.0619 170.578
7.5801 9.5007 0.0619 170.307
7.5901 9.4237 0.0619 170.17
7.6001 9.4109 0.0617 170.153
7.6101 9.4079 0.061 170.046
7.6201 9.4138 0.0603 169.96
7.6301 9.4196 0.06 169.967
7.6401 9.5615 0.0599 170.372
7.6501 9.6264 0.06 170.623
7.6601 9.6751 0.06 170.809
7.6701 9.667 0.0601 170.874
7.6801 9.6548 0.061 171.117
7.6901 9.6345 0.0616 171.266
7.7001 9.594 0.0624 171.408
7.7101 9.5048 0.0631 171.398
7.7201 9.4196 0.0634 171.306
7.7301 9.152 0.0635 170.68
7.7401 9.0222 0.0636 170.413
7.7501 8.8762 0.0635 170.052
7.7601 8.7383 0.0635 169.729
7.7701 8.6086 0.062 169.088
7.7801 8.4788 0.0606 168.459
7.7901 8.3937 0.0595 168.018
7.8001 8.3126 0.0588 167.678
7.8101 8.3032 0.0578 167.471
7.8201 8.2993 0.0572 167.374
7.8301 8.3018 0.0566 167.294
7.8401 8.3044 0.056 167.213
7.8501 8.3369 0.0553 167.191
7.8601 8.3815 0.0552 167.353
7.8701 8.4423 0.0552 167.587
7.8801 8.422 0.0552 167.588
7.8901 8.422 0.0553 167.672
7.9001 8.422 0.0554 167.757
7.9101 8.4261 0.0554 167.827
7.9201 8.3977 0.0553 167.779
7.9301 8.3328 0.0553 167.651
7.9401 8.2598 0.055 167.422
7.9501 8.2031 0.0546 167.212
7.9601 8.1838 0.0538 167.009
7.9701 8.185 0.0529 166.836
7.9801 8.1861 0.0516 166.553
7.9901 8.195 0.0509 166.448
8.0001 8.2517 0.0499 166.396
8.0101 8.349 0.0496 166.651
8.0201 8.4423 0.049 166.807
8.0301 8.5072 0.049 167.049
8.0401 8.6167 0.049 167.415
8.0501 8.7059 0.049 167.721
8.0601 8.7748 0.0496 168.14
8.0701 8.8519 0.0503 168.606
8.0801 8.933 0.0512 169.135
8.0901 8.9898 0.0525 169.702
8.1001 9.01 0.0534 170.055
8.1101 9.01 0.0536 170.166
8.1201 8.9857 0.0541 170.29
8.1301 8.9492 0.0549 170.457
8.1401 8.8641 0.0561 170.587
8.1501 8.8113 0.0561 170.499
8.1601 8.5437 0.0561 169.801
8.1701 8.3977 0.0561 169.438
8.1801 8.2193 0.0558 168.897
8.1901 8.0733 0.0541 168.085
8.2001 7.9395 0.0532 167.504
8.2101 7.8543 0.0525 167.117
8.2201 7.7489 0.0519 166.689
8.2301 7.7083 0.0512 166.431
8.2401 7.6996 0.0506 166.297
8.2501 7.7013 0.0501 166.221
8.2601 7.7029 0.0494 166.087
8.2701 7.7083 0.0488 165.991
8.2801 7.7448 0.048 165.931
8.2901 7.7854 0.0475 165.967
8.3001 7.834 0.0475 166.172
8.3101 7.8989 0.0476 166.454
8.3201 8.0125 0.0476 166.853
8.3301 8.1422 0.0481 167.44
8.3401 8.2842 0.0482 167.943
8.3501 8.4423 0.0485 168.544
8.3601 8.5883 0.0492 169.218
8.3701 8.9087 0.05 170.398
8.3801 9.1033 0.0511 171.296
8.3901 9.298 0.0522 172.18
8.4001 9.4804 0.0551 173.499
8.4101 9.6345 0.0566 174.349
8.4201 9.7562 0.058 175.077
8.4301 9.8008 0.0592 175.549
8.4401 9.7359 0.0597 175.562
8.4501 9.6508 0.0598 175.422
8.4601 9.3709 0.0591 174.566
8.4701 9.2412 0.0583 174.076
8.4801 9.1601 0.0546 172.966
8.4901 9.0952 0.0526 172.31
8.5001 9.083 0.0526 172.333
8.5101 9.0809 0.0521 172.247
8.5201 9.0803 0.0519 172.246
8.5301 9.0817 0.0519 172.306
8.5401 9.083 0.052 172.394
8.5501 9.0932 0.052 172.478
8.5601 9.1033 0.0521 172.589
8.5701 9.2858 0.0524 173.222
8.5801 9.4439 0.053 173.864
8.5901 9.6183 0.0533 174.461
8.6001 9.7805 0.0539 175.102
8.6101 9.9143 0.0549 175.77
8.6201 10.141 0.0563 176.77
8.6301 10.263 0.0576 177.468
8.6401 10.413 0.0586 178.152
8.6501 10.543 0.0599 178.854
8.6601 10.64 0.0613 179.492
8.6701 10.758 0.0626 180.149
8.6801 10.831 0.065 180.948
8.6901 10.879 0.066 181.352
8.7001 10.875 0.0667 181.559
8.7101 10.863 0.067 181.656
8.7201 10.831 0.067 181.637
8.7301 10.733 0.067 181.457
8.7401 10.709 0.067 181.457
8.7501 10.689 0.0665 181.352
8.7601 10.6798 0.0657 181.205
8.7701 10.6792 0.0647 181.03
8.7801 10.6801 0.0638 180.878
8.7901 10.681 0.0635 180.867
8.8001 10.746 0.0634 181.058
8.8101 10.843 0.0634 181.35
8.8201 11.094 0.0635 182.03
8.8301 11.24 0.0636 182.454
8.8401 11.35 0.0645 182.982
8.8501 11.443 0.0654 183.466
8.8601 11.439 0.0668 183.838
8.8701 11.374 0.0689 184.219
8.8801 11.257 0.0693 184.091
8.8901 11.074 0.0693 183.714
8.9001 10.867 0.0693 183.273
8.9101 10.673 0.0692 182.833
8.9201 10.482 0.069 182.371
8.9301 10.324 0.0682 181.853
8.9401 10.2967 0.0672 181.617
8.9501 10.2841 0.0658 181.324
8.9601 10.2901 0.0647 181.141
8.9701 10.296 0.0636 180.954
8.9801 10.381 0.0629 181.057
8.9901 10.514 0.0626 181.374
9.0001 10.685 0.0625 181.827
9.0101 10.875 0.0626 182.37
9.0201 11.058 0.0627 182.889
9.0301 11.536 0.0628 184.088
9.0401 11.804 0.0634 184.901
9.0501 12.055 0.0645 185.785
9.0601 12.246 0.0665 186.737
9.0701 12.408 0.0678 187.45
9.0801 12.603 0.0691 188.226
9.0901 12.814 0.0703 189.005
9.1001 13.004 0.0714 189.709
9.1101 13.236 0.0725 190.493
9.1201 13.544 0.0737 191.444
9.1301 13.625 0.0749 191.925
9.1401 13.633 0.0764 192.317
9.1501 13.661 0.0783 192.826
9.1601 13.645 0.0795 193.096
9.1701 13.625 0.0801 193.234
9.1801 13.584 0.0804 193.269
9.1901 13.511 0.0805 193.198
9.2001 13.349 0.0805 192.921
9.2101 13.284 0.0804 192.824
9.2201 13.248 0.0804 192.806
9.2301 13.195 0.0804 192.753
9.2401 13.098 0.0804 192.606
9.2501 13.008 0.0804 192.473
9.2601 12.879 0.0807 192.314
9.2701 12.725 0.0805 192
9.2801 12.603 0.0818 192.047
9.2901 12.327 0.0821 191.551
9.3001 12.096 0.0822 191.106
9.3101 11.784 0.0821 190.426
9.3201 11.334 0.0821 189.418
9.3301 10.892 0.0817 188.316
9.3401 10.437 0.0819 187.256
9.3501 10.158 0.0821 186.62
9.3601 9.8657 0.0824 185.949
9.3701 9.6345 0.0841 185.685
9.3801 9.6773 0.0842 185.877
9.3901 9.7201 0.0842 186.05
9.4001 9.8746 0.0828 186.269
9.4101 10.206 0.0814 186.946
9.4201 10.782 0.0803 188.272
9.4301 11.378 0.0715 187.969
9.4401 11.772 0.0676 188.068
9.4501 12.043 0.0657 188.294
9.4601 12.307 0.0633 188.354
9.4701 12.506 0.0611 188.29
9.4801 12.635 0.053 186.405
9.4901 12.733 0.0488 185.39
9.5001 12.591 0.0423 182.956
9.5101 12.534 0.0396 181.889
9.5201 12.477 0.0382 181.279
9.5301 12.465 0.0377 181.108
9.5401 12.323 0.039 181.373
9.5501 12.153 0.0403 181.558
9.5601 12.011 0.0441 182.668
9.5701 11.901 0.0487 183.992
9.5801 11.8 0.0572 186.297
9.5901 11.7945 0.0614 187.44
9.6001 11.7978 0.065 188.393
9.6101 11.8011 0.0673 189.001
9.6201 11.808 0.0675 189.118
9.6301 11.828 0.0678 189.289
9.6401 11.82 0.0685 189.487
9.6501 11.808 0.0686 189.537
9.6601 11.792 0.0687 189.577
9.6701 11.763 0.0687 189.565
9.6801 11.788 0.0687 189.677
9.6901 11.747 0.0687 189.636
9.7001 11.772 0.0687 189.749
9.7101 11.735 0.0689 189.763
9.7201 11.666 0.0692 189.725
9.7301 11.609 0.0692 189.645
9.7401 11.565 0.0694 189.641
9.7501 11.52 0.0695 189.611
9.7601 11.476 0.0701 189.697
9.7701 11.443 0.0705 189.762
9.7801 11.441 0.0707 189.856
9.7901 11.439 0.0708 189.927
9.8001 11.455 0.0709 190.042
9.8101 11.382 0.0709 189.921
9.8201 11.305 0.0709 189.789
9.8301 11.212 0.071 189.639
9.8401 11.131 0.071 189.495
9.8501 11.05 0.071 189.349
9.8601 11.0497 0.071 189.402
9.8701 11.0499 0.0709 189.433
9.8801 11.05 0.0708 189.465
9.8901 11.082 0.0704 189.508
9.9001 11.111 0.07 189.542
9.9101 11.135 0.0695 189.541
9.9201 11.151 0.0692 189.566
9.9301 11.107 0.0691 189.488
9.9401 11.07 0.0691 189.45
9.9501 11.009 0.0692 189.375
9.9601 10.961 0.0695 189.377
9.9701 10.892 0.0694 189.235
9.9801 10.831 0.0695 189.157
9.9901 10.778 0.0695 189.076
10 10.75 0.0695 189.057
10.01 10.673 0.0695 188.914
10.02 10.656 0.0694 188.901
10.03 10.652 0.069 188.852
10.04 10.642 0.0689 188.856
10.05 10.6427 0.0688 188.887
10.06 10.6435 0.0688 188.942
10.07 10.648 0.0689 189.028
10.08 10.673 0.069 189.167
10.09 10.681 0.0692 189.285
10.1 10.766 0.0698 189.69
10.11 10.79 0.07 189.848
10.12 10.815 0.0701 189.986
10.13 10.855 0.0709 190.319
10.14 10.892 0.0719 190.686
10.15 10.904 0.0722 190.835
10.16 10.924 0.0723 190.96
10.17 10.924 0.0727 191.1
10.18 10.932 0.0727 191.172
10.19 10.932 0.0728 191.246
10.2 10.94 0.073 191.362
10.21 10.948 0.0731 191.456
10.22 10.944 0.0732 191.52
10.23 10.948 0.0734 191.626
10.24 10.973 0.0734 191.741
10.25 10.981 0.0734 191.813
10.26 10.969 0.0736 191.878
10.27 10.961 0.0741 192.018
10.28 10.952 0.0741 192.047
10.29 10.936 0.0741 192.059
10.3 10.92 0.0741 192.07
10.31 10.879 0.0741 192.018
10.32 10.847 0.0741 191.988
10.33 10.835 0.0741 192.009
10.34 10.798 0.074 191.945
10.35 10.79 0.074 191.976
10.36 10.778 0.074 191.997
10.37 10.754 0.074 191.986
10.38 10.7485 0.074 192.024
10.39 10.7482 0.0739 192.053
10.4 10.7531 0.0739 192.117
10.41 10.758 0.0739 192.181
10.42 10.756 0.0739 192.227
10.43 10.761 0.074 192.313
10.44 10.766 0.0742 192.42
10.45 10.786 0.0744 192.566
10.46 10.819 0.0745 192.723
10.47 10.823 0.0748 192.849
10.48 10.815 0.0748 192.88
10.49 10.8127 0.0747 192.904
10.5 10.812 0.0746 192.931
10.51 10.8135 0.069 191.737
10.52 10.815 0.0664 191.18
10.53 10.839 0.0665 191.315
10.54 10.875 0.0665 191.457
10.55 10.892 0.0668 191.623
10.56 10.924 0.0675 191.921
10.57 10.9236 0.0677 192.017
10.58 10.9503 0.068 192.206
10.59 10.977 0.0692 192.604
10.6 11.05 0.0694 192.885
10.61 11.127 0.0702 193.313
10.62 11.18 0.0706 193.587
10.63 11.257 0.0712 193.966
10.64 11.386 0.072 194.516
10.65 11.492 0.0733 195.117
10.66 11.642 0.0741 195.709
10.67 11.836 0.076 196.64
10.68 12.007 0.077 197.313
10.69 12.104 0.078 197.805
10.7 12.222 0.0788 198.301
10.71 12.274 0.0796 198.641
10.72 12.299 0.0813 199.101
10.73 12.299 0.0826 199.415
10.74 12.307 0.0839 199.745
10.75 12.299 0.0859 200.17
10.76 12.25 0.09 200.884
10.77 12.185 0.0915 201.059
10.78 12.084 0.0926 201.07
10.79 11.982 0.0937 201.073
10.8 11.853 0.0947 200.989
10.81 11.65 0.0955 200.682
10.82 11.427 0.0959 200.245
10.83 11.058 0.096 199.37
10.84 10.916 0.096 199.05
10.85 10.811 0.096 198.824
10.86 10.701 0.096 198.582
10.87 10.6759 0.0953 198.445
10.88 10.6774 0.093 198.097
10.89 10.6788 0.0923 198.027
10.9 10.689 0.091 197.871
10.91 10.754 0.0903 197.967
10.92 10.867 0.0902 198.297
10.93 11.078 0.0895 198.769
10.94 11.188 0.0893 199.065
10.95 11.269 0.0894 199.342
10.96 11.346 0.0894 199.588
10.97 11.411 0.0895 199.821
10.98 11.496 0.0904 200.252
10.99 11.569 0.0905 200.504
11 11.646 0.0905 200.746
11.01 11.747 0.0906 201.065
11.02 11.95 0.0906 201.613
11.03 12.08 0.0908 202.015
11.04 12.21 0.0909 202.396
11.05 12.356 0.0917 202.942
11.06 12.473 0.0918 203.287
11.07 12.587 0.0917 203.586
11.08 12.72 0.0921 204.02
11.09 12.814 0.0922 204.306
11.1 12.944 0.0932 204.838
11.11 13.081 0.094 205.346
11.12 13.065 0.0941 205.38
11.13 13.045 0.0941 205.386
11.14 12.956 0.0941 205.235
11.15 12.915 0.0941 205.192
11.16 12.9045 0.0937 205.146
11.17 12.9002 0.093 205.06
11.18 12.9301 0.0924 205.069
11.19 12.96 0.092 205.114
11.2 13.057 0.0908 205.161
11.21 13.118 0.0908 205.35
11.22 13.142 0.0903 205.36
11.23 13.158 0.0891 205.219
11.24 13.175 0.0891 205.307
11.25 13.219 0.089 205.438
11.26 13.231 0.089 205.515
11.27 13.231 0.089 205.566
11.28 13.313 0.09 205.991
11.29 13.349 0.0902 206.16
11.3 13.337 0.0901 206.165
11.31 13.333 0.0903 206.245
11.32 13.333 0.0903 206.296
11.33 13.28 0.0903 206.228
11.34 13.207 0.0902 206.096
11.35 13.15 0.0901 205.999
11.36 13.061 0.0891 205.657
11.37 12.875 0.0884 205.148
11.38 12.8286 0.088 205.014
11.39 12.8198 0.0871 204.869
11.4 12.8169 0.0853 204.556
11.41 12.9045 0.0847 204.687
11.42 12.992 0.0838 204.754
11.43 13.158 0.0833 205.076
11.44 13.365 0.0825 205.423
11.45 13.519 0.0825 205.812
11.46 13.759 0.0825 206.384
11.47 13.852 0.0826 206.656
11.48 13.864 0.0837 206.959
11.49 13.901 0.0859 207.536
11.5 13.864 0.087 207.726
11.51 13.799 0.088 207.834
11.52 13.698 0.0893 207.918
11.53 13.507 0.0894 207.567
11.54 13.268 0.0894 207.084
11.55 12.619 0.0894 205.643
11.56 12.226 0.0894 204.758
11.57 11.824 0.0894 203.823
11.58 11.492 0.0881 202.791
11.59 11.171 0.0771 199.784
11.6 10.936 0.0738 198.498
11.61 10.754 0.0729 197.864
11.62 10.612 0.0717 197.26
11.63 10.51 0.0707 196.803
11.64 10.409 0.0703 196.484
11.65 10.263 0.0702 196.108
11.66 10.1395 0.0702 195.813
11.67 10.0858 0.0702 195.71
11.68 10.032 0.0704 195.652
11.69 10.02 0.0705 195.688
11.7 9.9873 0.0704 195.619
11.71 9.9843 0.071 195.796
11.72 9.9838 0.0714 195.932
11.73 9.9855 0.0721 196.143
11.74 9.9873 0.0728 196.352
11.75 10.036 0.0728 196.536
11.76 10.052 0.073 196.673
11.77 10.072 0.0731 196.798
11.78 10.089 0.0731 196.892
11.79 10.105 0.0731 196.983
11.8 10.145 0.0731 197.142
11.81 10.182 0.0731 197.292
11.82 10.239 0.0734 197.564
11.83 10.336 0.0735 197.902
11.84 10.389 0.0741 198.228
11.85 10.433 0.0747 198.528
11.86 10.482 0.0748 198.731
11.87 10.535 0.0749 198.944
11.88 10.535 0.0749 198.991
11.89 10.5323 0.0749 199.03
11.9 10.5324 0.0749 199.077
11.91 10.5324 0.0749 199.123
11.92 10.539 0.0749 199.188
11.93 10.608 0.0749 199.422
11.94 10.758 0.0749 199.872
11.95 10.904 0.075 200.329
11.96 11.058 0.0751 200.803
11.97 11.2 0.0759 201.396
11.98 11.273 0.0764 201.742
11.99 11.301 0.0771 202.014
12 11.261 0.0778 202.11
12.01 11.22 0.0797 202.456
12.02 11.2044 0.0807 202.673
12.03 11.1969 0.0819 202.949
12.04 11.1945 0.083 203.215
12.05 11.2152 0.0841 203.539
12.06 11.236 0.0848 203.781
12.07 11.309 0.0861 204.276
12.08 11.496 0.0872 205.023
12.09 11.634 0.088 205.579
12.1 11.776 0.0913 206.617
12.11 11.978 0.0939 207.656
12.12 12.201 0.1069 210.515
12.13 12.457 0.1083 211.423
12.14 12.802 0.1098 212.548
12.15 13.264 0.1101 213.733
12.16 14.562 0.1104 216.725
12.17 15.539 0.1125 219.154
12.18 17.477 0.1142 223.224
12.19 18.742 0.115 225.664
12.2 19.947 0.1113 227.131
12.21 20.997 0.1077 228.242
12.22 22.189 0.1043 229.503
12.23 26.796 0.094 233.845
12.24 27.003 0.0938 234.116
12.25 26.9035 0.0959 234.477
12.26 26.804 0.0979 234.808
12.27 27.116 0.1342 241.507
12.28 26.6115 0.1467 242.701
12.29 26.107 0.1407 241.248
12.3 26.557 0.1346 241.007
12.31 24.849 0.1218 236.788
12.32 24.566 0.0814 228.654
12.33 23.913 0.0731 225.791
12.34 23.081 0.0647 222.423
12.35 21.7202 0.065 220.62
12.36 21.0556 0.0619 218.793
12.37 20.7708 0.0588 217.481
12.38 20.7014 0.0459 212.991
12.39 20.632 0.0348 208.087
12.4 20.612 0.0325 206.924
12.41 20.592 0.0313 206.295
12.42 21.463 0.0317 207.795
12.43 20.417 0.032 206.513
12.44 19.943 0.0375 208.597
12.45 18.9635 0.0337 205.302
12.46 18.9167 0.0388 207.696
12.47 19.0274 0.0438 210.025
12.48 19.1381 0.1686 235.198
12.49 19.728 0.1389 232.502
12.5 20.032 0.1753 237.624
12.51 18.767 0.1934 237.387
12.52 17.404 0.2025 235.776
12.53 16.358 0.2068 234.142
12.54 15.51 0.2072 232.443
12.55 12.871 0.1993 225.603
12.56 12.8432 0.1914 224.824
12.57 12.9212 0.1789 223.809
12.58 12.9993 0.1708 223.191
12.59 13.158 0.1262 218.07
12.6 13.698 0.1207 218.574
12.61 14.748 0.1083 218.975
12.62 15.312 0.0891 216.664
12.63 16.812 0.0574 211.757
12.64 17.441 0.0724 217.08
12.65 17.388 0.0553 212.222
12.66 17.1995 0.0392 205.954
12.67 17.011 0.0374 204.87
12.68 16.743 0.0356 203.609
12.69 16.285 0.0333 201.718
12.7 13.4625 0.0311 195.194
12.71 12.0655 0.0309 192.078
12.72 11.3813 0.0303 190.201
12.73 10.697 0.0329 189.847
12.74 12.108 0.0355 194.534
12.75 8.3855 0.0408 186.7
12.76 8.3126 0.0446 187.893
12.77 8.9452 0.0485 191.259
12.78 7.8786 0.0494 188.122
12.79 9.0425 0.0504 192.254
12.8 7.534 0.0597 189.966
12.81 8.0855 0.0705 194.624
12.82 6.804 0.0754 190.953
12.83 7.5745 0.0802 194.966
12.84 6.1836 0.0791 189.176
12.85 6.6378 0.0803 191.398
12.86 5.7943 0.0936 190.138
12.87 5.916 0.1001 191.818
12.88 5.6265 0.0999 190.446
12.89 5.4965 0.0997 189.816
12.9 5.3665 0.0989 189.077
12.91 6.1674 0.091 191.612
12.92 4.9022 0.088 184.904
12.93 3.8559 0.085 178.144
12.94 1.6256 0.085 157.344
12.95 1.2404 0.0851 151.381
12.96 1.143 0.0851 149.641
12.97 1.1958 0.0826 150.276
12.98 0.8714 0.0801 143.246
12.99 0.9565 0.0738 144.226
13 0.847 0.06 139.332
13.01 0.77 0.0301 129.795
13.02 0.7173 0.0203 124.361
13.03 0.5185 0.0174 117.195
13.04 0.4658 0.0141 113.423
13.05 0.4658 0.0126 112.39
13.06 0.4058 0.011 108.966
13.07 0.3765 0.0108 107.655
13.08 0.3644 0.0106 107.006
13.09 0.3523 0.0106 106.509
13.1 0.3475 0.0086 104.488
13.11 0.3484 0.0085 104.448
13.12 0.3493 0.0084 104.406
13.13 0.3523 0.0084 104.556
13.14 0.3685 0.0071 103.796
13.15 0.3766 0.0066 103.512
13.16 0.3746 0.0066 103.455
13.17 0.3787 0.0066 103.639
13.18 0.3827 0.0067 103.948
13.19 0.3928 0.0071 104.865
13.2 0.3888 0.0082 105.995
13.21 0.3928 0.0093 107.292
13.22 0.3969 0.0124 110.079
13.23 0.405 0.0246 116.899
13.24 0.405 0.0235 116.479
13.25 0.4273 0.0257 118.284
13.26 0.4496 0.0278 119.96
13.27 0.4496 0.0399 123.647
13.28 0.7984 0.0417 134.829
13.29 4.0344 0.0583 175.103
13.3 5.4658 0.0749 186.822
13.31 6.9906 0.075 193.622
13.32 9.0952 0.075 201.143
13.33 10.535 0.0755 205.601
13.34 11.638 0.0761 208.751
13.35 11.865 0.0777 209.739
13.36 12.372 0.0804 211.651
13.37 12.725 0.088 214.158
13.38 13.515 0.0978 217.975
13.39 13.848 0.1042 219.942
13.4 14.051 0.1056 220.695
13.41 14.168 0.1056 221.004
13.42 14.533 0.1061 221.948
13.43 14.683 0.1066 222.41
13.44 14.874 0.1077 223.061
13.45 15.032 0.1102 223.873
13.46 15.17 0.1135 224.766
13.47 15.214 0.1202 225.982
13.48 15.255 0.1248 226.823
13.49 15.381 0.1301 227.926
13.5 15.429 0.1338 228.609
13.51 15.3949 0.1354 228.809
13.52 15.3858 0.1394 229.391
13.53 15.4054 0.1418 229.807
13.54 15.425 0.143 230.057
13.55 15.51 0.1436 230.367
13.56 15.519 0.1446 230.567
13.57 15.543 0.1451 230.731
13.58 15.612 0.1459 231.032
13.59 15.681 0.1472 231.396
13.6 15.717 0.1484 231.677
13.61 15.794 0.1488 231.939
13.62 15.847 0.1489 232.111
13.63 15.904 0.149 232.292
13.64 15.961 0.149 232.459
13.65 16.009 0.149 232.607
13.66 16.001 0.1492 232.663
13.67 16.003 0.1493 232.728
13.68 16.005 0.1497 232.831
13.69 16.046 0.1496 232.951
13.7 16.054 0.1505 233.132
13.71 16.074 0.1511 233.298
13.72 16.013 0.1517 233.294
13.73 15.9864 0.1517 233.286
13.74 15.981 0.1517 233.322
13.75 15.979 0.1517 233.365
13.76 15.996 0.1513 233.396
13.77 16.013 0.1512 233.466
13.78 15.977 0.149 233.153
13.79 15.952 0.1478 232.991
13.8 15.904 0.1473 232.871
13.81 15.892 0.1472 232.88
13.82 15.904 0.1474 232.978
13.83 15.871 0.1476 232.981
13.84 15.843 0.148 233.022
13.85 15.794 0.1482 232.991
13.86 15.519 0.1483 232.462
13.87 15.304 0.1483 232.042
13.88 15.182 0.1483 231.821
13.89 15.133 0.1483 231.759
13.9 15.06 0.1482 231.631
13.91 15.05 0.147 231.499
13.92 15.0602 0.1472 231.594
13.93 15.0705 0.147 231.637
13.94 15.095 0.1469 231.724
13.95 15.145 0.1469 231.881
13.96 15.231 0.147 232.129
13.97 15.417 0.1471 232.595
13.98 15.563 0.1474 232.996
13.99 15.733 0.1478 233.46
14 15.855 0.1482 233.819
14.01 16.03 0.1484 234.262
14.02 16.411 0.1502 235.338
14.03 16.569 0.1517 235.905
14.04 16.711 0.1523 236.319
14.05 16.788 0.153 236.613
14.06 16.885 0.1534 236.907
14.07 17.133 0.1538 237.504
14.08 17.234 0.1536 237.726
14.09 17.392 0.1537 238.099
14.1 17.526 0.1538 238.422
14.11 17.716 0.1538 238.839
14.12 17.806 0.1537 239.048
14.13 17.911 0.1536 239.284
14.14 17.972 0.1534 239.423
14.15 17.992 0.153 239.456
14.16 18.004 0.1528 239.5
14.17 18.0113 0.1527 239.548
14.18 18.0185 0.1527 239.609
14.19 18.045 0.1527 239.706
14.2 18.085 0.1527 239.83
14.21 18.179 0.1528 240.069
14.22 18.272 0.1534 240.371
14.23 18.313 0.1535 240.508
14.24 18.345 0.1547 240.772
14.25 18.381 0.156 241.055
14.26 18.381 0.1572 241.255
14.27 18.45 0.158 241.535
14.28 18.499 0.1583 241.712
14.29 18.58 0.1599 242.114
14.3 18.605 0.1623 242.508
14.31 18.576 0.1638 242.687
14.32 18.552 0.1649 242.824
14.33 18.507 0.1661 242.932
14.34 18.3 0.1661 242.586
14.35 18.2594 0.1682 242.809
14.36 18.2411 0.1686 242.869
14.37 18.236 0.1689 242.942
14.38 18.3005 0.1689 243.113
14.39 18.365 0.1689 243.283
14.4 18.479 0.1689 243.547
14.41 18.673 0.1689 243.961
14.42 18.982 0.169 244.597
14.43 19.055 0.169 244.78
14.44 19.026 0.1692 244.797
14.45 18.99 0.1698 244.85
14.46 18.86 0.169 244.559
14.47 18.771 0.1683 244.355
14.48 18.495 0.1663 243.638
14.49 18.349 0.1613 242.79
14.5 18.268 0.1564 242.059
14.51 18.138 0.1542 241.572
14.52 17.964 0.1532 241.153
14.53 17.846 0.1528 240.918
14.54 17.688 0.1524 240.603
14.55 17.591 0.1523 240.445
14.56 17.392 0.1515 239.992
14.57 17.2985 0.1508 239.759
14.58 17.205 0.1505 239.578
14.59 17.25 0.15 239.648
14.6 17.165 0.1489 239.376
14.61 17.173 0.1467 239.142
14.62 17.084 0.1464 238.968
14.63 17.0791 0.1463 238.99
14.64 17.1124 0.1466 239.143
14.65 17.1458 0.1468 239.283
14.66 17.214 0.1483 239.667
14.67 17.356 0.1492 240.117
14.68 17.566 0.1494 240.606
14.69 17.798 0.1525 241.519
14.7 18.037 0.1527 242.056
14.71 18.361 0.1552 243.051
14.72 18.479 0.1569 243.542
14.73 18.507 0.1568 243.628
14.74 18.511 0.1575 243.772
14.75 18.487 0.1591 243.977
14.76 18.333 0.1634 244.271
14.77 18.276 0.1663 244.565
14.78 18.227 0.1665 244.541
14.79 18.138 0.1662 244.378
14.8 18.073 0.166 244.273
14.81 17.923 0.1654 243.953
14.82 17.765 0.1643 243.552
14.83 17.323 0.164 242.679
14.84 17.128 0.1633 242.243
14.85 16.958 0.1626 241.854
14.86 16.796 0.1608 241.341
14.87 16.711 0.16 241.11
14.88 16.601 0.1586 240.75
14.89 16.362 0.1564 240.013
14.9 16.281 0.1529 239.435
14.91 16.135 0.1506 238.868
14.92 16.009 0.1484 238.351
14.93 15.827 0.147 237.816
14.94 15.571 0.1457 237.127
14.95 15.482 0.1451 236.894
14.96 15.283 0.1433 236.251
14.97 15.024 0.1394 235.174
14.98 14.9819 0.1363 234.683
14.99 14.9736 0.1341 234.39
15 14.9703 0.1321 234.133
15.01 14.9951 0.1295 233.846
15.02 15.02 0.1274 233.627
15.03 15.21 0.1269 234.017
15.04 15.709 0.1267 235.12
15.05 15.957 0.1255 235.508
15.06 16.277 0.1249 236.131
15.07 16.605 0.1247 236.823
15.08 16.942 0.1249 237.585
15.09 17.201 0.125 238.164
15.1 17.388 0.1259 238.721
15.11 17.485 0.1266 239.067
15.12 17.534 0.1314 239.949
15.13 17.526 0.132 240.068
15.14 17.566 0.1339 240.477
15.15 17.607 0.1361 240.929
15.16 17.603 0.1366 241.038
15.17 17.627 0.1366 241.13
15.18 17.643 0.1366 241.206
15.19 17.676 0.1365 241.3
15.2 17.66 0.1363 241.283
15.21 17.68 0.1361 241.337
15.22 17.668 0.1361 241.358
15.23 17.631 0.1361 241.329
15.24 17.554 0.1361 241.221
15.25 17.53 0.136 241.203
15.26 17.481 0.136 241.149
15.27 17.526 0.136 241.283
15.28 17.453 0.136 241.181
15.29 17.408 0.1361 241.15
15.3 17.364 0.1361 241.106
15.31 17.319 0.1363 241.089
15.32 17.185 0.1363 240.864
15.33 16.873 0.1362 240.258
15.34 16.747 0.1362 240.042
15.35 16.7404 0.1354 239.955
15.36 16.7429 0.1339 239.781
15.37 16.7454 0.1339 239.829
15.38 16.751 0.1147 236.815
15.39 16.788 0.1131 236.656
15.4 16.747 0.1128 236.563
15.41 16.662 0.1137 236.589
15.42 16.528 0.1145 236.495
15.43 16.447 0.115 236.456
15.44 16.419 0.1161 236.628
15.45 16.463 0.1166 236.846
15.46 16.368 0.1168 236.725
15.47 16.347 0.1167 236.707
15.48 16.326 0.1166 236.689
15.49 16.382 0.1165 236.831
15.5 16.269 0.1168 236.689
15.51 16.139 0.117 236.491
15.52 16.058 0.1175 236.446
15.53 15.94 0.1184 236.388
15.54 15.855 0.1188 236.314
15.55 15.758 0.119 236.181
15.56 15.7528 0.1172 235.912
15.57 15.7513 0.1154 235.648
15.58 15.7547 0.1132 235.32
15.59 15.758 0.1117 235.108
15.6 15.827 0.1098 234.962
15.61 15.912 0.1077 234.808
15.62 16.054 0.1059 234.821
15.63 16.236 0.1059 235.244
15.64 16.743 0.1041 235.993
15.65 16.962 0.1025 236.173
15.66 17.153 0.0981 235.734
15.67 17.319 0.0969 235.861
15.68 17.4 0.0958 235.837
15.69 17.522 0.0958 236.117
15.7 17.591 0.0957 236.272
15.71 17.652 0.0957 236.431
15.72 17.599 0.0959 236.412
15.73 17.546 0.096 236.371
15.74 17.429 0.0965 236.288
15.75 17.262 0.097 236.103
15.76 17.047 0.0972 235.76
15.77 16.763 0.0973 235.252
15.78 16.378 0.0972 234.487
15.79 15.486 0.0971 232.625
15.8 14.943 0.0968 231.413
15.81 14.294 0.0958 229.78
15.82 13.714 0.0935 227.992
15.83 13.183 0.0912 226.27
15.84 12.672 0.0905 224.881
15.85 12.254 0.09 223.733
15.86 11.901 0.0888 222.584
15.87 11.7997 0.0888 222.349
15.88 11.7974 0.0878 222.172
15.89 11.7987 0.0879 222.236
15.9 11.8 0.087 222.088
15.91 11.832 0.087 222.214
15.92 11.763 0.0853 221.701
15.93 11.622 0.0828 220.808
15.94 11.354 0.0814 219.794
15.95 11.05 0.0803 218.727
15.96 10.827 0.0779 217.574
15.97 10.519 0.0759 216.24
15.98 10.308 0.0756 215.577
15.99 10.121 0.0744 214.761
16 9.8048 0.0733 213.554
16.01 9.7852 0.0722 213.261
16.02 9.7855 0.0699 212.725
16.03 9.7859 0.0653 211.561
16.04 9.7927 0.0635 211.128
16.05 9.8211 0.062 210.833
16.06 9.9103 0.0613 210.945
16.07 10.012 0.0612 211.263
16.08 10.304 0.0611 212.147
16.09 10.466 0.0611 212.661
16.1 10.717 0.0608 213.337
16.11 10.969 0.0605 214.001
16.12 11.253 0.0603 214.768
16.13 11.54 0.0603 215.586
16.14 11.804 0.0603 216.326
16.15 12.1 0.0604 217.167
16.16 12.412 0.0605 218.032
16.17 12.733 0.0611 219.052
16.18 13.219 0.0621 220.573
16.19 13.353 0.0627 221.108
16.2 13.434 0.066 222.285
16.21 13.459 0.0679 222.909
16.22 13.463 0.07 223.522
16.23 13.471 0.0713 223.922
16.24 13.483 0.0725 224.3
16.25 13.45 0.0736 224.541
16.26 13.11 0.0747 224.029
16.27 12.842 0.0767 223.894
16.28 12.611 0.0777 223.588
16.29 12.412 0.0798 223.61
16.3 12.226 0.0826 223.804
16.31 12.031 0.0841 223.659
16.32 11.824 0.086 223.554
16.33 11.654 0.0865 223.234
16.34 11.536 0.087 223.052
16.35 11.394 0.0878 222.862
16.36 11.3869 0.0884 223.006
16.37 11.387 0.0905 223.48
16.38 11.3871 0.0922 223.865
16.39 11.411 0.0873 222.955
16.4 11.455 0.0825 222.069
16.41 11.451 0.0787 221.226
16.42 11.48 0.0785 221.297
16.43 11.463 0.0828 222.272
16.44 11.467 0.0871 223.259
16.45 11.459 0.0893 223.738
16.46 11.443 0.0925 224.387
16.47 11.419 0.0948 224.816
16.48 11.346 0.0961 224.901
16.49 11.208 0.0972 224.756
16.5 11.074 0.0992 224.785
16.51 11.0709 0.1009 225.132
16.52 11.0728 0.102 225.379
16.53 11.0747 0.1022 225.459
16.54 11.094 0.1023 225.572
16.55 11.147 0.1023 225.765
16.56 11.163 0.1023 225.849
16.57 11.224 0.1033 226.248
16.58 11.285 0.1033 226.462
16.59 11.326 0.1034 226.637
16.6 11.593 0.1036 227.473
16.61 11.784 0.1038 228.084
16.62 12.007 0.1051 228.976
16.63 12.222 0.1066 229.871
16.64 12.396 0.1068 230.414
16.65 12.566 0.1069 230.923
16.66 12.668 0.107 231.248
16.67 12.814 0.1079 231.83
16.68 12.907 0.1084 232.2
16.69 13.029 0.1088 232.624
16.7 13.037 0.109 232.719
16.71 13.049 0.109 232.789
16.72 13.15 0.109 233.086
16.73 13.288 0.1089 233.458
16.74 13.495 0.1088 233.999
16.75 13.649 0.1088 234.421
16.76 13.852 0.1081 234.832
16.77 13.986 0.1071 235.015
16.78 14.075 0.1054 234.956
16.79 14.059 0.1035 234.601
16.8 14.051 0.102 234.336
16.81 14.018 0.1008 234.065
16.82 14.0145 0.1 233.94
16.83 14.0438 0.0993 233.912
16.84 14.0731 0.0984 233.844
16.85 14.132 0.0973 233.805
16.86 14.505 0.0967 234.601
16.87 14.74 0.0961 235.062
16.88 15.004 0.0961 235.702
16.89 15.247 0.0959 236.246
16.9 15.51 0.0959 236.868
16.91 15.717 0.0959 237.359
16.92 15.924 0.096 237.867
16.93 16.163 0.0973 238.684
16.94 16.386 0.0977 239.276
16.95 16.8 0.0993 240.501
16.96 17.027 0.1005 241.247
16.97 17.226 0.1022 242.028
16.98 17.396 0.1033 242.627
16.99 17.558 0.1038 243.088
17 17.599 0.104 243.248
17.01 17.668 0.1042 243.464
17.02 17.668 0.1043 243.523
17.03 17.595 0.1044 243.437
17.04 17.5952 0.1049 243.574
17.05 17.5955 0.1049 243.615
17.06 17.599 0.1053 243.739
17.07 17.826 0.1056 244.286
17.08 18.171 0.1059 245.059
17.09 18.617 0.106 245.976
17.1 18.974 0.1062 246.728
17.11 19.261 0.1062 247.303
17.12 19.318 0.1062 247.448
17.13 19.33 0.1075 247.761
17.14 19.322 0.1111 248.466
17.15 19.298 0.1121 248.648
17.16 19.261 0.112 248.601
17.17 19.168 0.1122 248.505
17.18 19.128 0.1124 248.507
17.19 18.88 0.1134 248.263
17.2 18.722 0.1143 248.166
17.21 18.7138 0.1154 248.389
17.22 18.7224 0.1157 248.499
17.23 18.7309 0.1158 248.573
17.24 18.795 0.1158 248.736
17.25 18.986 0.1156 249.102
17.26 19.201 0.1154 249.511
17.27 19.663 0.1154 250.407
17.28 19.833 0.1154 250.758
17.29 19.922 0.1155 250.978
17.3 19.987 0.1157 251.172
17.31 19.959 0.117 251.395
17.32 19.951 0.1188 251.741
17.33 19.886 0.1191 251.716
17.34 19.756 0.1191 251.519
17.35 19.456 0.119 250.988
17.36 19.339 0.1189 250.792
17.37 19.136 0.1186 250.399
17.38 18.913 0.1172 249.77
17.39 18.661 0.1172 249.328
17.4 18.6214 0.1165 249.167
17.41 18.6059 0.1155 248.998
17.42 18.6255 0.1138 248.769
17.43 18.645 0.1137 248.828
17.44 18.775 0.1136 249.098
17.45 18.86 0.1038 247.436
17.46 18.921 0.099 246.617
17.47 18.937 0.0978 246.436
17.48 18.884 0.0979 246.397
17.49 18.759 0.098 246.221
17.5 18.653 0.0989 246.247
17.51 18.56 0.0997 246.274
17.52 18.191 0.1006 245.785
17.53 17.822 0.1006 245.1
17.54 17.858 0.1006 245.21
17.55 17.708 0.101 245.032
17.56 17.55 0.1014 244.835
17.57 17.5055 0.1023 244.965
17.58 17.461 0.1041 245.269
17.59 17.51 0.1048 245.544
17.6 17.404 0.1048 245.368
17.61 17.266 0.1046 245.087
17.62 17.133 0.1044 244.813
17.63 16.873 0.1037 244.177
17.64 16.658 0.1017 243.37
17.65 15.888 0.0998 241.376
17.66 15.093 0.0989 239.456
17.67 14.805 0.098 238.648
17.68 14.545 0.098 238.078
17.69 14.253 0.0974 237.299
17.7 14.014 0.0967 236.617
17.71 13.738 0.096 235.835
17.72 13.463 0.0894 233.797
17.73 13.199 0.0876 232.773
17.74 12.948 0.0859 231.789
17.75 12.611 0.0839 230.494
17.76 12.481 0.0815 229.631
17.77 12.347 0.0794 228.813
17.78 12.27 0.0797 228.715
17.79 12.197 0.0781 228.169
17.8 12.2051 0.0769 227.932
17.81 12.2131 0.0754 227.616
17.82 12.2342 0.0739 227.328
17.83 12.278 0.0737 227.429
17.84 12.489 0.0735 227.972
17.85 12.716 0.0732 228.521
17.86 13.049 0.0733 229.436
17.87 13.515 0.0733 230.634
17.88 14.132 0.0735 232.21
17.89 14.813 0.0747 234.14
17.9 15.502 0.0772 236.361
17.91 16.115 0.0799 238.403
17.92 17.084 0.0823 241.046
17.93 17.465 0.0849 242.477
17.94 17.838 0.0882 244.027
17.95 18.167 0.0912 245.39
17.96 18.422 0.0943 246.606
17.97 18.621 0.0954 247.264
17.98 18.746 0.0976 248.011
17.99 18.742 0.0987 248.273
18 18.637 0.0994 248.256
18.01 18.483 0.0994 247.998
18.02 18.231 0.0994 247.547
18.03 17.935 0.0994 247.002
18.04 17.595 0.0989 246.257
18.05 17.177 0.0979 245.236
18.06 16.792 0.0964 244.16
18.07 16.078 0.0958 242.549
18.08 15.802 0.0938 241.558
18.09 15.539 0.0923 240.689
18.1 15.247 0.09 239.565
18.11 14.943 0.087 238.235
18.12 14.566 0.0848 236.891
18.13 14.184 0.0842 235.883
18.14 13.751 0.0841 234.845
18.15 13.268 0.0841 233.675
18.16 12.749 0.0838 232.303
18.17 11.759 0.0838 229.65
18.18 11.326 0.0833 228.333
18.19 10.92 0.0824 226.966
18.2 10.608 0.0821 225.986
18.21 10.5126 0.0812 225.52
18.22 10.4669 0.0809 225.344
18.23 10.5121 0.0778 224.786
18.24 10.5572 0.0715 223.384
18.25 10.648 0.0693 223.113
18.26 10.766 0.0685 223.285
18.27 10.811 0.0686 223.481
18.28 10.863 0.0688 223.723
18.29 10.997 0.0692 224.261
18.3 11.143 0.071 225.202
18.31 11.265 0.0724 225.956
18.32 11.419 0.0751 227.124
18.33 11.654 0.077 228.3
18.34 11.918 0.0779 229.294
18.35 12.169 0.0839 231.442
18.36 12.319 0.0877 232.742
18.37 12.327 0.092 233.728
18.38 12.226 0.0962 234.355
18.39 12.088 0.0974 234.25
18.4 11.865 0.097 233.578
18.41 11.439 0.0965 232.286
18.42 11.22 0.095 231.374
18.43 10.997 0.0923 230.188
18.44 10.778 0.0918 229.453
18.45 10.535 0.0912 228.61
18.46 10.283 0.0916 227.932
18.47 9.9792 0.0905 226.756
18.48 9.6508 0.089 225.386
18.49 9.2067 0.0881 223.707
18.5 8.7627 0.0881 222.154
18.51 8.4788 0.0881 221.136
18.52 7.5056 0.0881 217.32
18.53 6.9338 0.0887 215.008
18.54 6.3742 0.0889 212.49
18.55 5.77 0.0889 209.496
18.56 5.2387 0.0874 206.34
18.57 4.7886 0.0859 203.426
18.58 4.375 0.0824 200.133
18.59 3.9168 0.0767 195.828
18.6 3.5559 0.0704 191.777
18.61 3.1625 0.0642 187.154
18.62 2.7935 0.0591 182.605
18.63 2.4447 0.0464 175.588
18.64 2.1082 0.0413 170.252
18.65 1.7919 0.0356 164.295
18.66 1.504 0.0313 158.52
18.67 1.2971 0.0284 153.95
18.68 1.0863 0.0254 148.703
18.69 1.0457 0.0218 146.043
18.7 1.0092 0.0189 143.603
18.71 1.0092 0.0172 142.503
18.72 1.0052 0.0169 142.234
18.73 1.0023 0.0146 140.476
18.74 1.0016 0.0133 139.397
18.75 1.0014 0.0122 138.416
18.76 1.0012 0.0104 136.606
18.77 1.0011 0.0094 135.48
18.78 1.0052 0.0093 135.459
18.79 0.9889 0.0093 135.16
18.8 0.9768 0.0092 134.82
18.81 0.9687 0.0092 134.678
18.82 0.9403 0.0088 133.627
18.83 0.9281 0.0088 133.395
18.84 0.8997 0.0087 132.693
18.85 0.9038 0.0086 132.672
18.86 0.8916 0.0086 132.432
18.87 0.8511 0.0084 131.311
18.88 0.843 0.0083 131.019
18.89 0.8146 0.0081 130.128
18.9 0.8186 0.0081 130.239
18.91 0.8125 0.0081 130.118
18.92 0.8095 0.0081 130.068
18.93 0.8065 0.0081 130.018
18.94 0.8065 0.0082 130.17
18.95 0.8044 0.0083 130.271
18.96 0.8024 0.0083 130.244
18.97 0.7963 0.0083 130.12
18.98 0.7933 0.0083 130.068
18.99 0.7918 0.0081 129.788
19 0.791 0.0082 129.921
19.01 0.7906 0.0082 129.93
19.02 0.7902 0.0082 129.94
19.03 0.8024 0.0083 130.377
19.04 0.7862 0.0083 130.014
19.05 0.774 0.0085 129.997
19.06 0.7781 0.0086 130.242
19.07 0.774 0.0086 130.162
19.08 0.772 0.0087 130.258
19.09 0.771 0.0088 130.376
19.1 0.771 0.0089 130.518
19.11 0.771 0.0091 130.779
19.12 0.772 0.0091 130.822
19.13 0.7781 0.0091 130.989
19.14 0.7943 0.0091 131.398
19.15 0.7984 0.0091 131.514
19.16 0.8024 0.0092 131.748
19.17 0.8105 0.0092 131.958
19.18 0.8227 0.0092 132.261
19.19 0.843 0.0092 132.745
19.2 0.8308 0.0094 132.723
19.21 0.8511 0.0095 133.322
19.22 0.8835 0.0098 134.408
19.23 0.9281 0.0106 136.271
19.24 0.9484 0.0107 136.823
19.25 0.9687 0.0109 137.472
19.26 0.9768 0.0109 137.657
19.27 1.0254 0.011 138.748
19.28 1.0254 0.0113 139.079
19.29 0.9808 0.0115 138.413
19.3 0.9565 0.0117 138.132
19.31 0.9403 0.0119 138.007
19.32 0.9356 0.0124 138.4
19.33 0.9336 0.0125 138.47
19.34 0.9339 0.0125 138.497
19.35 0.9342 0.0125 138.523
19.36 0.9403 0.0125 138.673
19.37 0.9383 0.0126 138.742
19.38 0.9454 0.0131 139.363
19.39 0.9524 0.0133 139.707
19.4 0.9768 0.0135 140.411
19.41 0.9687 0.0136 140.349
19.42 0.9889 0.0137 140.873
19.43 1.0336 0.0138 141.879
19.44 1.0741 0.0138 142.687
19.45 1.1309 0.0137 143.683
19.46 1.1309 0.0137 143.704
19.47 1.1917 0.0133 144.455
19.48 1.1917 0.0126 143.828
19.49 1.1755 0.0121 143.082
19.5 1.1228 0.0117 141.763
19.51 1.0984 0.0115 141.133
19.52 1.0822 0.0114 140.749
19.53 1.0793 0.0114 140.715
19.54 1.079 0.0114 140.729
19.55 1.0831 0.0114 140.826
19.56 1.0873 0.0114 140.925
19.57 1.1065 0.0127 142.576
19.58 1.1268 0.0128 143.063
19.59 1.1471 0.0135 144.089
19.6 1.1633 0.0137 144.577
19.61 1.1755 0.0147 145.666
19.62 1.2404 0.016 147.858
19.63 1.3701 0.0166 150.472
19.64 1.4796 0.0168 152.32
19.65 1.5648 0.0163 153.189
19.66 1.6499 0.0163 154.384
19.67 1.7189 0.0164 155.398
19.68 1.7229 0.0166 155.629
19.69 1.6499 0.0177 155.512
19.7 1.6223 0.0226 158.343
19.71 1.629 0.0242 159.364
19.72 1.6357 0.0249 159.86
19.73 1.654 0.0282 161.805
19.74 1.8446 0.0325 166.342
19.75 2.0879 0.0332 169.661
19.76 2.7935 0.0334 177.038
19.77 3.1625 0.0329 180.029
19.78 3.6045 0.0323 183.198
19.79 4.0668 0.0303 185.446
19.8 5.0847 0.0303 191.535
19.81 5.4699 0.0306 193.746
19.82 5.7173 0.0309 195.17
19.83 6.0011 0.0434 202.198
19.84 6.0782 0.0475 204.126
19.85 6.139 0.0512 205.728
19.86 6.3012 0.0562 208.138
19.87 6.3661 0.0588 209.26
19.88 6.4999 0.0662 211.998
19.89 6.7959 0.0691 214.154
19.9 6.9541 0.0724 215.731
19.91 7.1082 0.0727 216.517
19.92 7.4042 0.0728 217.848
19.93 7.6029 0.0728 218.711
19.94 7.8057 0.0681 218.357
19.95 8.0774 0.1005 226.688
19.96 8.1909 0.0627 218.431
19.97 8.272 0.0558 216.66
19.98 8.2923 0.0455 213.118
19.99 8.3409 0.0193 198.635
20 8.3409 0.0149 194.432
20.01 8.3896 0.0141 193.731
