0.01 0.23 0 0
0.02 0.47 0 0
0.03 0.810001 0.001 18.2087
0.04 1.1 0.001 20.6135
0.05 1.41 0.002 24.0805
0.06 1.46 0.002 25.4599
0.07 1.6 0.002 26.9274
0.0800001 1.73 0.002 28.2619
0.0900001 1.81 0.003 30.4018
0.1 1.85 0.003 31.4042
0.11 1.86 0.003 32.2724
0.12 1.87 0.002 31.9905
0.13 1.88 0.002 32.7355
0.14 1.89 0.002 33.4424
0.15 1.91 0.002 34.1418
0.16 1.88 0.001 32.7372
0.17 1.55 0.001 32.381
0.18 0.42 0.003 29.8695
0.19 0.0800001 0.001 21.795
0.2 -0.04 -0.006 -nan
0.21 -0.03 -0.007 -nan
0.22 -0.03 -0.008 -nan
0.23 -0.01 -0.008 -nan
0.24 0.01 -0.008 -nan
0.25 0.02 -0.006 -nan
0.26 0.04 0.003 23.5816
0.27 0.04 0.001 21.7487
0.28 0.05 0.001 22.6871
0.29 0.12 0.005 29.7113
0.3 0.49 0.012 39.5033
0.31 1.33 0.017 47.3832
0.32 2.13 0.02 51.854
0.33 2.71 0.022 54.576
0.34 2.37 0.025 54.5559
0.35 1.17 0.0257 49.796
0.36 1.1 0.0263 49.8392
0.37 0.890001 0.027 48.818
0.38 0.690001 0.046 49.5603
0.39 0.61 0.033 47.7048
0.4 0.52 0.015 43.9689
0.41 0.47 0.002 36.8977
0.42 0.41 -0.008 -nan
0.43 0.39 -0.011 -nan
0.44 0.39 -0.011 -nan
0.45 0.42 -0.011 -nan
0.46 0.47 -0.008 -nan
0.47 0.52 -0.007 -nan
0.48 0.58 -0.007 -nan
0.49 0.63 -0.006 -nan
0.5 0.660001 0.004 43.3748
0.51 0.710001 0.002 41.6054
0.52 0.770001 0.002 42.3221
0.53 0.830001 0.002 43.009
0.54 0.880001 0.001 41.1556
0.55 0.890001 0 0
0.56 0.890001 0.001 41.6415
0.57 0.930001 0.002 44.6127
0.58 0.990001 0.002 45.2343
0.59 1.03 0.002 45.7098
0.6 1.06 0.002 46.1141
0.61 1.12 0.003 48.2974
0.62 1.14 0.004 49.8182
0.63 1.17 0.004 50.2279
0.640001 1.17 0.003 49.2551
0.650001 1.17 0.003 49.4679
0.660001 1.16 0.002 47.971
0.670001 1.12 0.001 45.2433
0.680001 1.08 0.001 45.1927
0.690001 1.03 0.002 47.7433
0.700001 0.920001 0.004 49.9611
0.710001 0.830001 0.007 51.7758
0.720001 0.770001 0.008 51.9934
0.730001 0.720001 0.01 52.6596
0.740001 0.680001 0.013 53.5828
0.75 0.670001 0.014 54.0005
0.760001 0.680001 0.014 54.3154
0.770001 0.690001 0.014 54.6279
0.780001 0.710001 0.013 54.7119
0.790001 0.75 0.012 54.9737
0.800001 0.780001 0.008 53.6384
0.810001 0.780001 0.007 53.2293
0.820001 0.780001 0.006 52.7305
0.830001 0.780001 0.006 52.9085
0.840001 0.790001 0.006 53.1824
0.850001 0.790001 0.006 53.3577
0.860001 0.780001 0.006 53.4333
0.870001 0.75 0.006 53.3034
0.880001 0.690001 0.007 53.5169
0.890001 0.670001 0.008 54.0555
0.900001 0.6 0.012 55.2
0.910001 0.57 0.014 55.6718
0.920001 0.5 0.015 55.1129
0.930001 0.46 0.013 53.9726
0.940001 0.44 0.011 53.0455
0.950001 0.45 0.007 51.4043
0.960001 0.51 0.003 48.9188
0.970001 0.58 0 0
0.980001 0.670001 0.003 51.1717
0.990001 0.740001 0.005 54.3161
1 0.780001 -0.006 -nan
1.01 0.810001 -0.007 -nan
1.02 0.860001 -0.008 -nan
1.03 0.900001 -0.008 -nan
1.04 0.940001 -0.006 -nan
1.05 0.970001 0.006 58.2835
1.06 0.940001 0.005 57.2978
1.07 0.910001 0.005 57.1798
1.08 0.900001 0.005 57.2368
1.09 0.880001 0.005 57.1982
1.1 0.860001 0.004 56.1028
1.11 0.860001 0.004 56.2441
1.12 0.880001 0.005 57.6316
1.13 0.930001 0.005 58.2357
1.14 0.940001 0.005 58.4685
1.15 0.910001 0.003 55.9101
1.16 0.860001 0.002 53.7466
1.17 0.810001 0 0
1.18 0.770001 0.002 53.1498
1.19 0.710001 0.004 55.7818
1.2 0.700001 0.011 60.6972
1.21 0.680001 0.013 61.4319
1.22 0.670001 0.014 61.8214
1.23 0.660001 0.016 62.5185
1.24 0.640001 0.015 62.0483
1.25 0.63 0.009 59.4644
1.26 0.6 0.005 56.3546
1.27 0.52 0.003 53.0245
1.28 0.47 -0.007 -nan
1.29 0.45 -0.01 -nan
1.3 0.47 -0.008 -nan
1.31 0.48 -0.006 -nan
1.32 0.47 0.004 54.1017
1.33 0.45 0.004 53.8769
1.34 0.42 0.003 52.1912
1.35 0.42 0.002 50.5643
1.36 0.42 0.002 50.6682
1.37 0.41 0.003 52.3316
1.38 0.4 0.002 50.5181
1.39 0.41 0.001 47.9531
1.4 0.42 0 0
1.41 0.44 0.003 53.2911
1.42 0.46 -0.006 -nan
1.43 0.45 -0.006 -nan
1.44 0.42 0.006 56.407
1.45 0.4233 0.005 55.7275
1.46 0.4267 0.005 55.8985
1.47 0.43 -0.006 -nan
1.48 0.49 -0.007 -nan
1.49 0.55 0.006 59.1995
1.5 0.57 0.005 58.718
1.51 0.58 0.005 58.9741
1.52 0.6 0.005 59.3716
1.53 0.640001 0.005 60.0353
1.54 0.650001 0.004 59.1697
1.55 0.660001 0.005 60.52
1.56 0.710001 0.003 58.7198
1.57 0.710001 0.002 56.8728
1.58 0.910001 0.002 59.0462
1.59 1.11 0.001 57.4557
1.6 1.31 0.008 70.0789
1.61 1.57 0.014 75.4889
1.62 1.71 0.016 77.4101
1.63 1.93 0.019 80.0421
1.64 2.17 0.023 82.8496
1.65 2.35 0.024 84.2453
1.66 2.53 0.02 84.0046
1.67 2.61 0.015 82.524
1.68 2.67 0.013 81.9505
1.69 2.71 0.0137 82.6215
1.7 2.8 0.0143 83.4445
1.71 2.91 0.015 84.3805
1.72 3.11 0.017 86.2235
1.73 3.22 0.019 87.6029
1.74 3.26 0.02 88.2754
1.75 3.25 0.021 88.7365
1.76 3.24 0.021 88.8378
1.77 3.22 0.022 89.2432
1.78 3.13 0.021 88.6751
1.79 2.98 0.018 87.0637
1.8 2.8 0.014 84.6316
1.81 2.57 0.012 82.6553
1.82 2.45 0.012 82.214
1.83 2.33 0.012 81.746
1.84 2.24 0.013 81.9508
1.85 2.18 0.015 82.7333
1.86 2.12 0.016 82.9693
1.87 2.07 0.017 83.2268
1.88 2.05 0.017 83.2338
1.89 2.09 0.017 83.5889
1.9 2.28 0.022 86.6051
1.91 2.5 0.026 89.1198
1.92 2.77 0.028 91.1373
1.93 2.97 0.028 92.1899
1.94 3.12 0.027 92.6989
1.95 3.21 0.028 93.4949
1.96 3.21 0.026 93.0524
1.97 3.13 0.021 91.2109
1.98 3.11 0.019 90.4984
1.99 3.14 0.018 90.3432
2 3.13 0.017 89.9986
2.01 3.06 0.014 88.391
2.02 2.97 0.0147 88.4919
2.03 2.96 0.0153 88.8657
2.04 3.01 0.016 89.5347
2.05 3.14 0.015 89.721
2.06 3.42 0.01 87.9372
2.07 4.07 0.01 90.2899
2.08 4.46 0.01 91.6102
2.09 4.67 0.01 92.3422
2.1 4.76 0.01 92.7193
2.11 4.82 0.009 92.1977
2.12 4.93 0.009 92.6195
2.13 5.08 0.007 91.2145
2.14 5.21 0.006 90.4982
2.15 5.32 0.005 89.5203
2.16 5.44 0.004 88.2701
2.17 5.68 0.005 90.6013
2.18 5.85 0.016 100.36
2.19 5.82 0.0167 100.772
2.2 5.8 0.0173 101.146
2.21 5.86 0.018 101.759
2.22 6 0.022 103.955
2.23 6.18 0.024 105.289
2.24 6.35 0.025 106.193
2.25 6.5 0.026 107.031
2.26 6.6 0.027 107.737
2.27 6.58 0.026 107.484
2.28 6.43 0.027 107.596
2.29 6.2 0.028 107.488
2.3 5.93 0.029 107.243
2.31 5.63 0.03 106.874
2.32 5.32 0.033 106.978
2.33 5.02 0.033 106.215
2.34 4.77 0.033 105.562
2.35 4.56 0.032 104.736
2.36 4.4 0.033 104.589
2.37 4.28 0.033 104.296
2.38 4.23 0.034 104.5
2.39 4.23 0.035 104.875
2.4 4.3 0.035 105.245
2.41 4.5 0.037 106.551
2.42 4.59 0.037 106.978
2.43 4.8 0.037 107.793
2.44 4.98 0.037 108.489
2.45 5.19 0.034 108.495
2.46 5.23 0.032 108.191
2.47 5.23 0.03 107.733
2.48 5.11 0.029 107.191
2.49 4.97 0.027 106.249
2.5 4.87 0.026 105.724
2.51 4.59 0.023 103.878
2.52 4.4 0.022 102.98
2.53 4.3 0.022 102.753
2.54 4.25 0.022 102.693
2.55 4.25 0.023 103.186
2.56 4.31 0.024 103.874
2.57 4.46 0.026 105.198
2.58 4.66 0.027 106.313
2.59 4.88 0.027 107.136
2.6 5.1 0.028 108.262
2.61 5.33 0.028 109.068
2.62 5.51 0.027 109.376
2.63 5.68 0.027 109.972
2.64 6 0.032 112.54
2.65 6.17 0.036 114.226
2.66 6.22 0.036 114.479
2.67 6.12 0.034 113.789
2.68 5.94 0.029 111.927
2.69 5.76 0.023 109.417
2.7 5.66 0.021 108.43
2.71 5.63 0.02 108.02
2.72 5.61 0.018 107.132
2.73 5.6 0.016 106.168
2.74 5.61 0.0167 106.683
2.75 5.67 0.0173 107.269
2.76 5.82 0.018 108.138
2.77 6.04 0.019 109.317
2.78 6.25 0.019 109.967
2.79 6.42 0.0193 110.647
2.8 6.49 0.0197 111.12
2.81 6.41 0.02 111.171
2.82 6.26 0.025 112.98
2.83 6.02 0.03 114.176
2.84 5.72 0.032 114.06
2.85 5.46 0.031 113.11
2.86 5.24 0.026 110.917
2.87 5.07 0.019 107.652
2.88 4.92 0.0183 106.957
2.89 4.81 0.0177 106.416
2.9 4.69 0.017 105.776
2.91 4.62 0.018 106.152
2.92 4.62 0.02 107.189
2.93 4.66 0.023 108.68
2.94 4.7 0.026 110.034
2.95 4.79 0.027 110.786
2.96 4.96 0.028 111.787
2.97 5.21 0.03 113.335
2.98 5.4 0.03 114.028
2.99 5.63 0.031 115.135
3 5.92 0.03 115.763
3.01 6.41 0.028 116.533
3.02 7.33 0.028 118.915
3.03 8.52 0.027 121.264
3.04 9.66 0.024 122.385
3.05 10.62 0.023 123.74
3.06 11.28 0.021 123.991
3.07 11.73 0.017 122.629
3.08 12.16 0.015 122.1
3.09 12.5 0.015 122.697
3.1 12.68 0.013 121.603
3.11 12.69 0.012 120.918
3.12 12.63 0.012 120.944
3.13 12.58 0.012 120.982
3.14 12.52 0.014 122.568
3.15 12.46 0.015 123.297
3.16 12.4 0.017 124.611
3.17 12.3533 0.02 126.35
3.18 12.3067 0.022 127.398
3.19 12.26 0.024 128.365
3.2 12.34 0.025 129.035
3.21 12.36 0.028 130.401
3.22 12.35 0.03 131.25
3.23 12.27 0.032 131.947
3.24 12.18 0.034 132.587
3.25 12.05 0.035 132.816
3.26 11.91 0.036 133.017
3.27 11.76 0.035 132.577
3.28 11.6 0.035 132.428
3.29 11.45 0.038 133.2
3.3 11.28 0.039 133.313
3.31 11.12 0.041 133.707
3.32 10.97 0.043 134.088
3.33 10.83 0.044 134.208
3.34 10.71 0.046 134.602
3.35 10.6 0.045 134.268
3.36 10.51 0.045 134.214
3.37 10.42 0.045 134.159
3.38 10.35 0.045 134.139
3.39 10.31 0.044 133.924
3.4 10.27 0.042 133.441
3.41 10.23 0.04 132.934
3.42 10.18 0.037 132.089
3.43 10.13 0.035 131.493
3.44 10.04 0.034 131.114
3.45 10.02 0.034 131.182
3.46 9.97 0.034 131.193
3.47 9.84 0.033 130.726
3.48 9.8 0.033 130.754
3.49 9.67 0.031 129.929
3.5 9.55 0.03 129.445
3.51 9.4 0.03 129.253
3.52 9.23 0.029 128.652
3.53 9.05 0.03 128.752
3.54 8.85 0.033 129.462
3.55 8.64 0.039 130.923
3.56 8.42 0.042 131.347
3.57 8.29 0.042 131.155
3.58 7.83 0.043 130.438
3.59 7.54 0.042 129.578
3.6 7.3 0.043 129.328
3.61 7.14 0.042 128.763
3.62 7.06 0.041 128.396
3.63 7.09 0.041 128.573
3.64 7.24 0.042 129.319
3.65 7.52 0.043 130.381
3.66 7.95 0.048 132.739
3.67 8.49 0.054 135.423
3.68 9.13 0.059 137.964
3.69 9.85 0.06 139.781
3.7 10.64 0.058 141.051
3.71 11.36 0.053 141.429
3.72 11.85 0.048 141.229
3.73 12.12 0.045 141.034
3.74 12.33 0.042 140.679
3.75 12.52 0.042 141.094
3.76 12.66 0.042 141.425
3.77 12.75 0.042 141.673
3.78 12.83 0.041 141.621
3.79 12.88 0.039 141.216
3.8 12.9 0.034 139.747
3.81 12.88 0.029 137.979
3.82 12.86 0.024 135.893
3.83 12.83 0.023 135.465
3.84 12.82 0.023 135.548
3.85 12.82 0.028 137.885
3.86 12.83 0.031 139.173
3.87 12.9 0.034 140.458
3.88 13.06 0.036 141.479
3.89 13.32 0.038 142.623
3.9 13.92 0.04 144.248
3.91 14.37 0.041 145.312
3.92 14.74 0.041 145.948
3.93 14.97 0.04 146.077
3.94 15.1 0.0403 146.454
3.95 15.13 0.0407 146.719
3.96 15.07 0.041 146.828
3.97 14.98 0.042 147.099
3.98 14.91 0.043 147.391
3.99 14.82 0.045 147.924
4 14.77 0.047 148.491
4.01 14.72 0.049 149.037
4.02 14.7 0.048 148.856
4.03 14.63 0.046 148.33
4.04 14.52 0.047 148.537
4.05 14.4 0.048 148.722
4.06 14.32 0.048 148.704
4.07 14.27 0.047 148.471
4.08 14.22 0.047 148.497
4.09 14.16 0.051 149.52
4.1 14.14 0.055 150.534
4.11 14.09 0.059 151.441
4.12 14.07 0.061 151.933
4.13 14.07 0.064 152.644
4.14 14.07 0.066 153.138
4.15 14.09 0.068 153.654
4.16 13.83 0.048 148.965
4.17 13.96 0.047 149.004
4.18 13.98 0.047 149.134
4.19 14.03 0.048 149.572
4.2 14.07 0.052 150.733
4.21 14.07 0.053 151.071
4.22 14.06 0.056 151.85
4.23 14.01 0.06 152.746
4.24 13.94 0.062 153.153
4.25 13.83 0.064 153.484
4.26 13.71 0.066 153.785
4.27 13.6 0.071 154.643
4.28 13.53 0.074 155.162
4.29 13.4 0.084 156.691
4.3 13.4 0.093 158.126
4.31 13.42 0.101 159.352
4.32 13.42 0.104 159.844
4.33 13.34 0.104 159.809
4.34 13.18 0.103 159.506
4.35 12.91 0.102 159.004
4.36 12.7 0.101 158.6
4.37 12.48 0.099 158.039
4.38 12.27 0.097 157.486
4.39 12.06 0.0950001 156.922
4.4 11.89 0.093 156.423
4.41 11.73 0.091 155.935
4.42 11.6 0.091 155.783
4.43 11.51 0.092 155.848
4.44 11.42 0.092 155.769
4.45 11.37 0.091 155.627
4.46 11.34 0.091 155.664
4.47 11.35 0.0900001 155.638
4.48 11.36 0.087 155.316
4.49 11.4 0.084 155.038
4.5 11.42 0.082 154.862
4.51 11.43 0.081 154.819
4.52 11.43 0.082 155.072
4.53 11.42 0.0850001 155.613
4.54 11.42 0.0900001 156.45
4.55 11.43 0.0950001 157.272
4.56 11.43 0.094 157.229
4.57 11.38 0.094 157.226
4.58 11.25 0.093 156.921
4.59 11.07 0.092 156.512
4.6 10.85 0.0900001 155.869
4.61 10.63 0.089 155.359
4.62 10.41 0.086 154.544
4.63 10.19 0.083 153.707
4.64 9.96 0.081 152.984
4.65 9.71 0.078 152.038
4.66 9.46 0.074 150.896
4.67 9.24 0.07 149.781
4.68 9.07 0.069 149.291
4.69 8.94 0.067 148.705
4.7 8.88 0.066 148.463
4.71 8.86 0.065 148.314
4.72 8.86 0.064 148.21
4.73 8.86 0.063 148.103
4.74 8.87 0.062 148.017
4.75 8.85 0.061 147.856
4.76 8.8 0.061 147.821
4.77 8.72 0.061 147.713
4.78 8.63 0.06 147.376
4.79 8.54 0.06 147.239
4.8 8.44 0.059 146.869
4.81 8.35 0.058 146.519
4.82 8.28 0.056 145.999
4.83 8.26 0.055 145.814
4.84 8.29 0.055 145.974
4.85 8.39 0.056 146.529
4.86 8.56 0.056 147.038
4.87 8.73 0.056 147.539
4.88 8.86 0.054 147.491
4.89 8.93 0.051 147.041
4.9 8.97 0.048 146.478
4.91 9.01 0.047 146.399
4.92 9.03 0.048 146.785
4.93 9.03 0.049 147.12
4.94 9.01 0.05 147.404
4.95 8.96 0.05 147.369
4.96 8.91 0.052 147.814
4.97 8.78 0.059 149.143
4.98 8.64 0.059 148.881
4.99 8.51 0.06 148.848
5 8.37 0.061 148.78
5.01 8.2 0.049 145.743
5.02 7.94 0.0457 144.309
5.03 7.81 0.0461 144.15
5.04 7.67 0.0466 143.984
5.05 7.54 0.047 143.811
5.06 7.37 0.049 143.917
5.07 7.01 0.051 143.438
5.08 6.69 0.06 144.495
5.09 6.44 0.06 143.783
5.1 6.14 0.056 142.059
5.11 5.79 0.055 140.729
5.12 5.35 0.053 138.783
5.13 5.12 0.051 137.542
5.14 4.56 0.027 128.365
5.15 4.7 0.0247 128.043
5.16 4.48 0.0223 126.153
5.17 4.25 0.02 124.137
5.18 4.12 0.02 123.65
5.19 4.05 0.012 118.276
5.2 4.01 0.006 111.548
5.21 4.04 0.004 108.021
5.22 4.11 0.003 105.784
5.23 4.25 0.002 102.824
5.24 4.47 0.002 103.629
5.25 4.79 0.012 121.557
5.26 5.13 0.027 131.401
5.27 5.6 0.039 137.277
5.28 6.2 0.045 141.046
5.29 6.78 0.046 143.211
5.3 7.31 0.045 144.583
5.31 7.67 0.047 146.192
5.32 8.05 0.047 147.29
5.33 8.37 0.051 149.207
5.34 8.61 0.053 150.375
5.35 8.84 0.054 151.26
5.36 9.06 0.054 151.875
5.37 9.3 0.052 152.049
5.38 9.67 0.051 152.738
5.39 9.92 0.049 152.87
5.4 10.05 0.049 153.236
5.41 10.4 0.047 153.539
5.42 10.6 0.046 153.764
5.43 10.7 0.046 154.051
5.44 11.03 0.041 153.331
5.45 11.16 0.041 153.668
5.46 11.2 0.041 153.826
5.47 11.27 0.041 154.042
5.48 11.28 0.041 154.14
5.49 11.31 0.042 154.587
5.5 11.34 0.044 155.324
5.51 11.4 0.046 156.097
5.52 11.48 0.049 157.157
5.53 11.58 0.053 158.464
5.54 11.69 0.055 159.249
5.55 11.73 0.056 159.647
5.56 11.86 0.058 160.448
5.57 11.93 0.057 160.432
5.58 12.02 0.057 160.686
5.59 12.11 0.057 160.939
5.6 12.22 0.056 160.991
5.61 12.33 0.056 161.279
5.62 12.45 0.056 161.584
5.63 12.57 0.055 161.645
5.64 12.67 0.054 161.662
5.65 12.75 0.054 161.889
5.66 12.83 0.054 162.114
5.67 12.9 0.056 162.813
5.68 13 0.057 163.314
5.69 13.19 0.058 163.973
5.7 13.45 0.058 164.515
5.71 13.76 0.059 165.371
5.72 14.12 0.059 166.068
5.73 14.44 0.058 166.448
5.74 14.7 0.058 166.958
5.75 14.86 0.058 167.299
5.76 14.94 0.059 167.748
5.77 14.96 0.06 168.096
5.78 14.93 0.061 168.36
5.79 14.89 0.062 168.603
5.8 14.85 0.063 168.844
5.81 14.82 0.065 169.315
5.82 14.82 0.067 169.824
5.83 14.85 0.068 170.164
5.84 14.88 0.07 170.706
5.85 14.83 0.071 170.906
5.86 14.76 0.073 171.266
5.87 14.68 0.075 171.598
5.88 14.63 0.077 171.971
5.89 14.63 0.078 172.237
5.9 14.65 0.078 172.353
5.91 14.66 0.078 172.451
5.92 14.63 0.079 172.664
5.93 14.57 0.079 172.643
5.94 14.49 0.079 172.587
5.95 14.4 0.078 172.33
5.96 14.31 0.078 172.255
5.97 14.21 0.078 172.161
5.98 14.13 0.078 172.101
5.99 14.02 0.078 171.987
6 13.91 0.078 171.872
6.01 13.76 0.078 171.683
6.02 13.58 0.079 171.619
6.03 13.38 0.0800001 171.511
6.04 13.16 0.081 171.358
6.05 12.93 0.082 171.177
6.06 12.76 0.082 170.93
6.07 12.62 0.082 170.736
6.08 12.55 0.083 170.85
6.09 12.54 0.084 171.079
6.1 12.6 0.086 171.61
6.11 12.71 0.087 172.069
6.12 12.89 0.088 172.66
6.13 13.2 0.088 173.331
6.14 13.02 0.055 166.43
6.15 13.13 0.052 165.931
6.16 13.07 0.05 165.356
6.17 12.98 0.049 164.988
6.18 12.9 0.047 164.345
6.19 12.88 0.047 164.382
6.2 12.89 0.049 165.045
6.21 12.89 0.052 165.938
6.22 12.94 0.054 166.627
6.23 12.99 0.057 167.546
6.24 13.01 0.058 167.901
6.25 13.01 0.058 167.975
6.26 12.98 0.059 168.233
6.27 12.9 0.06 168.394
6.28 12.77 0.062 168.682
6.29 12.74 0.063 168.924
6.3 12.67 0.064 169.086
6.31 12.6 0.063 168.805
6.32 12.55 0.063 168.782
6.33 12.49 0.063 168.74
6.34 12.45 0.064 168.957
6.35 12.45 0.064 169.031
6.36 12.45 0.064 169.105
6.37 12.46 0.065 169.417
6.38 12.49 0.065 169.55
6.39 12.5 0.065 169.643
6.4 12.52 0.065 169.756
6.41 12.58 0.066 170.163
6.42 12.71 0.068 170.913
6.43 12.89 0.069 171.542
6.44 13.1 0.069 172.015
6.45 13.35 0.069 172.559
6.46 13.59 0.07 173.284
6.47 13.82 0.071 173.983
6.48 14.01 0.072 174.604
6.49 14.16 0.071 174.743
6.5 14.16 0.07 174.612
6.51 14.01 0.071 174.625
6.52 13.9 0.071 174.501
6.53 13.76 0.073 174.724
6.54 13.64 0.077 175.355
6.55 13.56 0.079 175.655
6.56 13.54 0.077 175.318
6.57 13.54 0.072 174.415
6.58 13.56 0.073 174.726
6.59 13.54 0.071 174.36
6.6 13.56 0.071 174.47
6.61 13.56 0.07 174.338
6.62 13.58 0.065 173.376
6.63 13.46 0.056 171.092
6.64 13.43 0.05 169.503
6.65 13.37 0.037 165.272
6.66 13.24 0.029 161.796
6.67 13.16 0.01 148.012
6.68 13.15 0.0077 144.873
6.69 13.29 0.0053 140.713
6.7 13.52 0.003 134.593
6.71 13.57 0.003 134.721
6.72 13.5 0.002 130.209
6.73 13.51 0.013 152.23
6.74 13.54 0.016 154.996
6.75 13.6 0.018 156.687
6.76 13.64 0.02 158.198
6.77 13.67 0.02 158.314
6.78 13.69 0.0217 159.491
6.79 13.72 0.0233 160.554
6.8 13.74 0.025 161.597
6.81 13.75 0.034 165.87
6.82 13.75 0.053 172.181
6.83 13.71 0.064 174.902
6.84 13.75 0.067 175.715
6.85 13.76 0.069 176.235
6.86 13.83 0.07 176.647
6.87 13.93 0.071 177.111
6.88 14.05 0.072 177.608
6.89 14.11 0.075 178.394
6.9 14.04 0.074 178.139
6.91 14.01 0.074 178.156
6.92 13.98 0.074 178.172
6.93 13.95 0.073 177.987
6.94 13.93 0.07 177.401
6.95 13.87 0.066 176.496
6.96 13.82 0.062 175.559
6.97 13.71 0.061 175.19
6.98 13.62 0.061 175.094
6.99 13.55 0.064 175.734
7 13.52 0.067 176.419
7.01 13.51 0.07 177.114
7.02 13.53 0.073 177.842
7.03 13.54 0.079 179.105
7.04 13.58 0.083 179.99
7.05 13.63 0.089 181.205
7.06 13.67 0.089 181.353
7.07 13.73 0.087 181.196
7.08 13.81 0.083 180.71
7.09 13.88 0.078 179.98
7.1 13.97 0.073 179.227
7.11 14.04 0.07 178.801
7.12 13.53 0.067 177.273
7.13 13.94 0.064 177.429
7.14 14.04 0.061 176.973
7.15 14.08 0.063 177.59
7.16 14.1 0.065 178.158
7.17 14.1 0.067 178.677
7.18 14.13 0.069 179.239
7.19 14.16 0.07 179.578
7.2 14.22 0.071 179.969
7.21 14.35 0.071 180.275
7.22 14.48 0.072 180.789
7.23 14.6 0.073 181.282
7.24 14.68 0.074 181.7
7.25 14.71 0.073 181.617
7.26 14.7 0.071 181.249
7.27 14.66 0.072 181.459
7.28 14.57 0.072 181.367
7.29 14.49 0.072 181.293
7.3 14.38 0.073 181.371
7.31 14.28 0.075 181.666
7.32 14.19 0.076 181.77
7.33 14.13 0.076 181.728
7.34 14.05 0.077 181.846
7.35 13.98 0.079 182.172
7.36 13.89 0.0800001 182.262
7.37 13.79 0.082 182.516
7.38 13.67 0.084 182.721
7.39 13.63 0.0850001 182.893
7.4 13.56 0.0850001 182.826
7.41 13.56 0.083 182.532
7.42 13.58 0.081 182.269
7.43 13.58 0.079 181.959
7.44 13.6 0.077 181.677
7.45 13.59 0.075 181.329
7.46 13.49 0.071 180.379
7.47 13.43 0.07 180.118
7.48 13.33 0.068 179.557
7.49 13.23 0.064 178.526
7.5 13.22 0.06 177.617
7.51 13.23 0.056 176.685
7.52 13.27 0.052 175.74
7.53 13.29 0.049 174.976
7.54 13.3 0.048 174.76
7.55 13.26 0.047 174.442
7.56 13.17 0.048 174.641
7.57 13.08 0.047 174.227
7.58 12.94 0.05 174.92
7.59 12.8 0.05 174.71
7.6 12.66 0.052 175.068
7.61 12.5 0.053 175.089
7.62 12.33 0.053 174.807
7.63 12.18 0.053 174.563
7.64 12.04 0.055 174.874
7.65 11.96 0.056 175.032
7.66 11.92 0.056 175.011
7.67 11.95 0.056 175.138
7.68 12.02 0.057 175.608
7.69 12.07 0.058 176.031
7.7 12.09 0.059 176.387
7.71 12.06 0.06 176.634
7.72 11.99 0.057 175.798
7.73 11.92 0.057 175.713
7.74 11.86 0.059 176.153
7.75 11.8 0.059 176.088
7.76 11.75 0.06 176.29
7.77 11.71 0.06 176.266
7.78 11.7 0.06 176.308
7.79 11.69 0.06 176.349
7.8 11.72 0.06 176.477
7.81 11.72 0.06 176.54
7.82 11.75 0.059 176.421
7.83 11.78 0.059 176.548
7.84 11.81 0.059 176.676
7.85 11.85 0.058 176.573
7.86 11.87 0.058 176.678
7.87 11.84 0.058 176.676
7.88 11.78 0.057 176.354
7.89 11.7 0.058 176.499
7.9 11.63 0.059 176.659
7.91 11.55 0.059 176.546
7.92 11.47 0.059 176.431
7.93 11.37 0.059 176.271
7.94 11.26 0.06 176.332
7.95 11.17 0.061 176.433
7.96 11.09 0.061 176.312
7.97 11.04 0.061 176.259
7.98 11.01 0.062 176.49
7.99 10.97 0.061 176.22
8 10.93 0.062 176.427
8.01 10.89 0.062 176.395
8.02 10.85 0.063 176.598
8.03 10.78 0.064 176.726
8.04 10.74 0.065 176.92
8.05 10.69 0.065 176.863
8.06 10.65 0.065 176.828
8.07 10.63 0.064 176.613
8.08 10.63 0.064 176.674
8.09 10.64 0.064 176.759
8.1 10.7 0.064 176.963
8.11 10.48 0.049 172.616
8.12 10.73 0.045 172.039
8.13 10.81 0.042 171.296
8.14 10.85 0.041 171.103
8.15 10.87 0.04 170.855
8.16 10.89 0.04 170.959
8.17 10.9 0.04 171.04
8.18 10.9 0.04 171.098
8.19 10.93 0.042 171.92
8.2 10.97 0.044 172.736
8.21 11.03 0.046 173.571
8.22 11.11 0.049 174.727
8.23 11.18 0.052 175.811
8.24 11.27 0.055 176.897
8.25 11.31 0.058 177.831
8.26 11.35 0.059 178.235
8.27 11.36 0.06 178.567
8.28 11.37 0.06 178.65
8.29 11.37 0.06 178.71
8.3 11.38 0.059 178.542
8.31 11.38 0.059 178.602
8.32 11.39 0.057 178.172
8.33 11.39 0.054 177.432
8.34 11.38 0.052 176.912
8.35 11.37 0.051 176.663
8.36 11.35 0.048 175.788
8.37 11.32 0.047 175.472
8.38 11.28 0.046 175.127
8.39 11.24 0.046 175.096
8.4 11.18 0.046 175.019
8.41 11.13 0.047 175.277
8.42 11.08 0.047 175.221
8.43 11.05 0.048 175.518
8.44 11.03 0.049 175.831
8.45 11.03 0.049 175.889
8.46 11.03 0.048 175.645
8.47 11.04 0.048 175.726
8.48 11.04 0.047 175.476
8.49 11.01 0.045 174.831
8.5 11 0.045 174.866
8.51 10.97 0.044 174.527
8.52 10.94 0.043 174.182
8.53 10.81 0.044 174.272
8.54 10.73 0.044 174.143
8.55 10.66 0.044 174.035
8.56 10.59 0.045 174.252
8.57 10.53 0.045 174.166
8.58 10.47 0.046 174.398
8.59 10.43 0.047 174.67
8.6 10.39 0.047 174.63
8.61 10.36 0.048 174.92
8.62 10.34 0.048 174.928
8.63 10.28 0.049 175.138
8.64 10.26 0.049 175.145
8.65 10.17 0.048 174.679
8.66 10.12 0.047 174.306
8.67 10.07 0.046 173.926
8.68 10.03 0.046 173.882
8.69 9.99 0.045 173.52
8.7 9.97 0.045 173.526
8.71 9.95 0.045 173.531
8.72 9.94 0.044 173.237
8.73 9.92 0.044 173.242
8.74 9.9 0.043 172.916
8.75 9.9 0.043 172.971
8.76 9.9 0.043 173.025
8.77 9.93 0.044 173.487
8.78 9.99 0.044 173.693
8.79 10.08 0.045 174.298
8.8 10.21 0.045 174.675
8.81 10.39 0.045 175.171
8.82 10.6 0.044 175.403
8.83 10.83 0.044 176.002
8.84 11.06 0.044 176.591
8.85 11.29 0.044 177.17
8.86 11.53 0.045 178.096
8.87 11.75 0.046 178.965
8.88 11.95 0.047 179.778
8.89 12.09 0.049 180.762
8.9 12.18 0.051 181.615
8.91 12.22 0.051 181.757
8.92 12.23 0.05 181.536
8.93 12.23 0.05 181.593
8.94 12.25 0.051 181.992
8.95 12.28 0.052 182.407
8.96 12.34 0.054 183.166
8.97 12.41 0.056 183.927
8.98 12.51 0.058 184.736
8.99 12.64 0.059 185.332
9 12.81 0.06 186.006
9.01 13.03 0.061 186.777
9.02 13.32 0.06 187.17
9.03 13.69 0.06 187.968
9.04 14.09 0.059 188.543
9.05 14.45 0.058 189.019
9.06 14.69 0.057 189.252
9.07 14.84 0.057 189.587
9.08 14.93 0.057 189.81
9.09 15.03 0.058 190.326
9.1 15.15 0.06 191.141
9.11 15.06 0.0577 190.415
9.12 15.3 0.0553 190.233
9.13 15.41 0.053 189.816
9.14 15.46 0.056 190.834
9.15 15.48 0.06 192.027
9.16 15.48 0.064 193.119
9.17 15.44 0.068 194.083
9.18 15.41 0.071 194.785
9.19 15.36 0.073 195.204
9.2 15.29 0.075 195.574
9.21 15.21 0.076 195.701
9.22 15.12 0.077 195.805
9.23 15.08 0.079 196.208
9.24 15.1 0.0800001 196.51
9.25 15.16 0.081 196.885
9.26 15.19 0.081 197
9.27 15.19 0.0800001 196.855
9.28 15.18 0.079 196.69
9.29 15.15 0.079 196.693
9.3 15.08 0.079 196.62
9.31 15.06 0.079 196.642
9.32 15.04 0.0800001 196.869
9.33 15.05 0.0800001 196.946
9.34 15.07 0.0800001 197.042
9.35 15.11 0.081 197.38
9.36 15.14 0.0800001 197.291
9.37 15.15 0.0800001 197.369
9.38 15.19 0.0800001 197.502
9.39 15.27 0.0800001 197.71
9.4 15.34 0.081 198.104
9.41 15.42 0.081 198.311
9.42 15.48 0.081 198.48
9.43 15.53 0.081 198.631
9.44 15.55 0.081 198.726
9.45 15.57 0.081 198.822
9.46 15.53 0.082 199.009
9.47 15.49 0.083 199.195
9.48 15.44 0.084 199.359
9.49 15.41 0.084 199.362
9.5 15.45 0.0850001 199.691
9.51 15.49 0.0850001 199.824
9.52 15.55 0.0850001 199.993
9.53 15.62 0.0850001 200.181
9.54 15.66 0.0850001 200.313
9.55 15.69 0.0850001 200.427
9.56 15.72 0.084 200.343
9.57 15.74 0.084 200.438
9.58 15.71 0.0850001 200.639
9.59 15.63 0.0850001 200.549
9.6 15.6 0.0850001 200.552
9.61 15.59 0.086 200.787
9.62 15.59 0.087 201.038
9.63 15.55 0.088 201.213
9.64 15.51 0.088 201.196
9.65 15.43 0.089 201.294
9.66 15.3 0.091 201.479
9.67 15.26 0.091 201.461
9.68 15.17 0.092 201.53
9.69 15.05 0.093 201.539
9.7 15.01 0.093 201.519
9.71 14.93 0.093 201.422
9.72 14.79 0.092 201.026
9.73 14.65 0.092 200.808
9.74 14.48 0.092 200.528
9.75 14.4 0.092 200.425
9.76 14.21 0.092 200.099
9.77 14.14 0.093 200.194
9.78 14.09 0.092 199.969
9.79 14.05 0.091 199.762
9.8 14.06 0.0900001 199.656
9.81 14.12 0.0900001 199.835
9.82 14.23 0.089 199.929
9.83 14.38 0.088 200.1
9.84 14.47 0.086 199.953
9.85 14.49 0.0850001 199.855
9.86 14.44 0.083 199.416
9.87 14.33 0.081 198.849
9.88 14.18 0.081 198.604
9.89 14.03 0.081 198.356
9.9 13.86 0.0800001 197.859
9.91 13.8 0.0800001 197.791
9.92 13.67 0.081 197.781
9.93 13.55 0.082 197.787
9.94 13.41 0.083 197.746
9.95 13.3 0.084 197.764
9.96 13.2 0.0850001 197.799
9.97 13.09 0.086 197.808
9.98 13 0.087 197.857
9.99 12.91 0.089 198.089
10 12.82 0.0900001 198.128
