0.04 1.865 0.0084 26.5502
0.06 2.152 0.0098 30.7286
0.0800001 2.272 0.0134 34.433
0.1 2.453 0.0156 37.5148
0.12 2.532 0.0188 40.266
0.14 2.594 0.0233 42.9356
0.16 2.714 0.0226 44.7368
0.18 2.81 0.0232 46.5593
0.2 3.087 0.0236 48.6658
0.22 3.267 0.0233 50.3284
0.24 3.267 0.0233 51.5606
0.26 3.491 0.02055 52.6734
0.28 3.715 0.019225 53.9535
0.3 3.861 0.0187625 55.1925
0.32 4.087 0.0188313 56.6711
0.34 4.111 0.0189 57.7004
0.36 4.061 0.0196 58.6988
0.38 3.971 0.0207 59.6662
0.4 3.831 0.022 60.517
0.42 3.663 0.0228 61.1299
0.44 3.317 0.0233 61.1574
0.46 3.17 0.0235 61.5588
0.48 3.051 0.0234 61.9272
0.5 2.934 0.0228 62.1478
0.52 2.826 0.0214 62.1622
0.54 2.934 0.0204 62.907
0.56 2.61 0.0195 62.2503
0.58 2.486 0.019 62.2867
0.6 2.376 0.0186 62.3576
0.62 2.314 0.0179 62.4897
0.640001 2.3505 0.0169 62.8844
0.660001 2.387 0.016 63.2768
0.680001 2.554 0.0153 64.1891
0.700001 2.855 0.0145 65.4619
0.720001 3.373 0.0125 66.7504
0.740001 4.827 0.01295 71.0321
0.760001 4.827 0.0134 71.7643
0.780001 6.671 0.0148 76.3606
0.800001 7.627 0.0162 78.9892
0.820001 8.399 0.0181 81.3928
0.840001 9.03 0.0248 84.9973
0.860001 9.03 0.0294 86.7749
0.880001 10.624 0.0341 90.5096
0.900001 10.813 0.0389 92.3144
0.920001 10.726 0.0435 93.6389
0.940001 10.039 0.0592 95.73
0.960001 9.118 0.0649 95.696
0.980001 8.399 0.0674 95.414
1 7.894 0.0682 95.1918
1.02 7.521 0.0691 95.1562
1.04 7.187 0.0708 95.2399
1.06 6.913 0.0691 95.0188
1.08 6.875 0.0657 95.0382
1.1 7.318 0.064 96.1771
1.12 7.761 0.0554 96.3183
1.14 8.586 0.0483 97.0974
1.16 9.178 0.0448 97.8947
1.18 9.475 0.0436 98.5902
1.2 9.475 0.0438 99.0897
1.22 9.407 0.04625 99.8942
1.24 9.5655 0.0487 101.021
1.26 9.724 0.0556 102.84
1.28 10.205 0.0583 104.423
1.3 10.534 0.0601 105.621
1.32 10.721 0.0602 106.354
1.34 10.912 0.0605 107.116
1.36 10.919 0.0616 107.729
1.38 10.885 0.0625 108.249
1.4 10.802 0.0641 108.792
1.42 10.673 0.066 109.298
1.44 10.521 0.0663 109.539
1.46 10.373 0.0664 109.75
1.48 10.078 0.0668 109.764
1.5 9.924 0.067 109.957
1.52 9.77 0.0672 110.142
1.54 9.59 0.0665 110.151
1.56 9.406 0.0635 109.817
1.58 9.406 0.0635 110.206
1.6 9.065 0.0623 109.831
1.62 8.88 0.0612 109.722
1.64 8.484 0.0601 109.211
1.66 8.27 0.059 109.009
1.68 8.27 0.0585 109.295
1.7 8.27 0.058 109.577
1.72 8.27 0.058 109.934
1.74 6.989 0.0447 105.34
1.76 7.001 0.0434 105.442
1.78 6.932 0.04345 105.633
1.8 6.837 0.0435 105.761
1.82 6.573 0.0435 105.487
1.84 6.426 0.0433 105.423
1.86 6.287 0.0426 105.265
1.88 6.161 0.041 104.937
1.9 6.161 0.0402 105.073
1.92 5.895 0.0396 104.581
1.94 5.835 0.0387 104.528
1.96 5.777 0.0378 104.471
1.98 5.714 0.0353 104.008
2 5.629 0.0341 103.775
2.02 5.503 0.0329 103.415
2.04 5.22 0.0322 102.729
2.06 5.104 0.0318 102.569
2.08 4.971 0.0317 102.427
2.1 4.845 0.0313 102.213
2.12 4.709 0.0301 101.732
2.14 4.53 0.0295 101.261
2.16 4.312 0.029 100.661
2.18 3.953 0.0284 99.4907
2.2 3.953 0.0276 99.5067
2.22 3.83 0.0266 98.9999
2.24 3.83 0.0256 98.9311
2.26 3.546 0.0236 97.4201
2.28 3.463 0.0225 96.9408
2.3 3.391 0.0215 96.5171
2.32 3.391 0.0207 96.4449
2.34 3.23 0.02 95.7262
2.36 3.23 0.0193 95.6689
2.38 3.112 0.0193 95.3811
2.4 3.038 0.0194 95.3135
2.42 2.946 0.0195 95.1522
2.44 2.794 0.0202 94.9236
2.46 2.539 0.0214 94.2887
2.48 2.539 0.0236 95.2737
2.5 1.392 0.0267 88.4739
2.52 1.392 0.0308 89.7302
2.54 0.987 0.0342 86.3325
2.56 0.843 0.0369 85.1147
2.58 0.719 0.0408 84.0667
2.6 0.626 0.0418 82.7502
2.62 0.561 0.0413 81.5461
2.64 0.476 0.04 79.5959
2.66 0.39 0.0381 77.1936
2.68 0.39 0.0381 77.3545
2.7 0.387 0.0369 77.2225
2.72 0.389 0.0307 76.2624
2.74 0.391 0.0273 75.7312
2.76 0.404 0.0228 75.1086
2.78 0.404 0.0191 74.1589
2.8 0.42 0.0152 73.3171
2.82 0.437 0.0111 71.9759
2.84 0.437 0.0112 72.1713
2.86 0.45 0.0113 72.6719
2.88 0.443 0.0121 73.0632
2.9 0.423 0.0128 73.0596
2.92 0.417 0.0129 73.0962
2.94 0.407 0.0138 73.3902
2.96 0.423 0.0147 74.3277
2.98 0.415 0.0151 74.4286
3 0.4135 0.0147 74.362
3.02 0.42475 0.0145 74.7028
3.04 0.436 0.0142 74.9917
3.06 0.462 0.0137 75.5322
3.08 0.495 0.0115 75.3196
3.1 0.508 0.0108 75.3428
3.12 0.518 0.0099 75.1438
3.14 0.585 0.0093 76.2101
3.16 0.585 0.0086 75.8493
3.18 0.663 0.0092 77.7997
3.2 0.735001 0.0098 79.5179
3.22 0.8715 0.0119 82.9633
3.24 1.008 0.0119 84.8659
3.26 1.049 0.0135 86.4028
3.28 1.028 0.0129 85.9724
3.3 1.0235 0.0124 85.7808
3.32 1.019 0.0126 85.9849
3.34 1.084 0.0107 85.7252
3.36 1.156 0.01025 86.3572
3.38 1.228 0.010775 87.619
3.4 1.212 0.0113 87.9447
3.42 1.234 0.0119 88.6976
3.44 1.305 0.0126 89.987
3.46 1.494 0.0156 93.5525
3.48 1.683 0.0188 96.8151
3.5 1.578 0.0193 96.2841
3.52 1.358 0.0193 94.3741
3.54 1.443 0.0205 95.8326
3.56 1.528 0.0239 98.0206
3.58 1.528 0.0259 98.832
3.6 1.629 0.0266 100.124
3.62 1.594 0.0274 100.212
3.64 1.569 0.0253 99.4749
3.66 1.569 0.0253 99.6265
3.68 1.968 0.0244 102.777
3.7 2.367 0.0254 106.058
3.72 2.178 0.02535 104.935
3.74 2.442 0.027825 107.668
3.76 2.615 0.0303 109.671
3.78 2.704 0.0341 111.454
3.8 2.708 0.035 111.883
3.82 2.712 0.0275 109.844
3.84 3.738 0.0312 116.422
3.86 6.007 0.02975 124.34
3.88 6.517 0.0283 125.466
3.9 6.835 0.0305 127.3
3.92 7.001 0.0269 126.593
3.94 7.167 0.02595 126.821
3.96 7.45 0.026475 127.923
3.98 7.894 0.027 129.386
4 8.293 0.0301 131.675
4.02 8.452 0.0339 133.533
4.04 8.466 0.0379 134.996
4.06 8.592 0.0415 136.496
4.08 8.705 0.0439 137.582
4.1 8.777 0.046 138.47
4.12 8.805 0.0476 139.116
4.14 8.752 0.0485 139.399
4.16 8.657 0.0499 139.698
4.18 8.805 0.0506 140.388
4.2 8.245 0.0517 139.5
4.22 7.978 0.0529 139.29
4.24 7.717 0.0544 139.13
4.26 7.508 0.0554 138.973
4.28 7.325 0.0557 138.722
4.3 6.911 0.0552 137.64
4.32 6.669 0.0546 136.988
4.34 8.473 0.0542 141.888
4.36 6.472 0.0542 136.664
4.38 6.477 0.0527 136.534
4.4 6.482 0.0503 136.193
4.42 6.681 0.0484 136.522
4.44 7.636 0.0466 138.91
4.46 7.636 0.0445 138.551
4.48 8.569 0.0407 140.002
4.5 9.843 0.0401 142.825
4.52 9.417 0.0411 142.384
4.54 10.076 0.0421 144.242
4.56 10.03 0.0503 146.476
4.58 9.906 0.0537 147.191
4.6 9.521 0.0565 147.152
4.62 9.521 0.0585 147.756
4.64 9.042 0.0588 146.901
4.66 8.959 0.0574 146.587
4.68 8.876 0.056 146.264
4.7 8.876 0.056 146.438
4.72 8.535 0.0476 143.828
4.74 8.4715 0.047 143.691
4.76 8.92375 0.0459 144.655
4.78 9.376 0.0444 145.456
4.8 10.028 0.0422 146.421
4.82 10.528 0.0368 145.949
4.84 10.857 0.0371 146.865
4.86 11.205 0.0374 147.802
4.88 11.255 0.039 148.583
4.9 11.235 0.0445 150.355
4.92 11.101 0.0468 150.897
4.94 10.664 0.0488 150.72
4.96 10.382 0.0511 150.885
4.98 10.113 0.0505 150.336
5 9.627 0.0495 149.192
5.02 9.39 0.0487 148.621
5.04 9.194 0.04845 148.27
5.06 8.998 0.048525 147.993
5.08 8.765 0.0486 147.616
5.1 8.664 0.0491 147.656
5.12 8.628 0.0495 147.828
5.14 8.654 0.0496 148.077
5.16 8.68 0.0496 148.301
5.18 8.74 0.0483 148.28
5.2 8.719 0.0479 148.285
5.22 8.505 0.0473 147.758
5.24 8.431 0.0464 147.494
5.26 8.328 0.0463 147.362
5.28 8.162 0.0462 147.064
5.3 8.051 0.0457 146.796
5.32 7.897 0.0455 146.488
5.34 7.597 0.0455 145.825
5.36 7.491 0.0451 145.575
5.38 7.372 0.0438 145.037
5.4 7.247 0.0432 144.663
5.42 6.973 0.0426 143.843
5.44 6.826 0.0417 143.295
5.46 6.66 0.041 142.732
5.48 6.429 0.04 141.861
5.5 6.4325 0.0388 141.656
5.52 6.436 0.036 140.93
5.54 6.602 0.0319 140.172
5.56 7.247 0.0319 142.209
5.58 7.505 0.0285 141.735
5.6 7.639 0.0285 142.238
5.62 7.724 0.03055 143.432
5.64 7.736 0.0326 144.384
5.66 7.736 0.0326 144.526
5.68 7.6345 0.0303 143.517
5.7 7.533 0.0308 143.576
5.72 7.51 0.0313 143.845
5.74 7.51 0.0313 143.985
5.76 7.275 0.0322 143.805
5.78 7.1575 0.0325 143.717
5.8 7.04 0.0328 143.622
5.82 7.04 0.0328 143.76
5.84 6.197 0.0328 141.278
5.86 6.186 0.0322 141.159
5.88 6.033 0.03205 140.73
5.9 5.806 0.0319 140.032
5.92 5.543 0.0319 139.232
5.94 5.231 0.03145 138.041
5.96 4.96 0.031 136.952
5.98 4.749 0.0312 136.297
6 4.629 0.0306 135.702
6.02 4.422 0.0288 134.257
6.04 4.443 0.0279 134.118
6.06 4.464 0.0269 133.925
6.08 4.739 0.0255 134.607
6.1 5.19 0.0234 135.532
6.12 5.685 0.02355 137.52
6.14 6.098 0.0237 139.115
6.16 6.766 0.0242 141.587
6.18 7.058 0.0251 143.013
6.2 7.349 0.0265 144.628
6.22 7.708 0.028 146.425
6.24 8.072 0.031 148.787
6.26 8.392 0.0323 150.268
6.28 8.68 0.0335 151.594
6.3 8.878 0.0347 152.668
6.32 9.028 0.0357 153.534
6.34 8.9625 0.0405 155.128
6.36 8.897 0.0405 155.099
6.38 8.733 0.0449 156.154
6.4 8.441 0.0479 156.365
6.42 8.201 0.0496 156.305
6.44 7.696 0.0507 155.298
6.46 7.508 0.0522 155.256
6.48 7.5285 0.0552 156.175
6.5 7.549 0.0584 157.105
6.52 7.549 0.0561 156.714
6.54 8.113 0.0561 158.484
6.56 8.606 0.0473 157.716
6.58 8.784 0.0411 156.476
6.6 8.989 0.0362 155.478
6.62 9.171 0.0351 155.659
6.64 9.171 0.0398 157.427
6.66 8.791 0.0445 158.062
6.68 8.7955 0.04235 157.555
6.7 8.8 0.046875 159.036
6.72 8.636 0.0514 159.959
6.74 8.862 0.0573 162.147
6.76 9.088 0.0608 163.675
6.78 9.712 0.0579 164.713
6.8 9.712 0.0537 163.818
6.82 10.834 0.0474 164.833
6.84 11.507 0.0441 165.409
6.86 11.859 0.04325 165.994
6.88 12.255 0.045175 167.522
6.9 12.727 0.0471 169.159
6.92 13.117 0.0481 170.33
6.94 13.502 0.053 172.565
6.96 13.773 0.0591 174.775
6.98 13.773 0.0636 175.986
7 14.61 0.0626 177.394
7.02 14.861 0.0637 178.229
7.04 15.075 0.066 179.266
7.06 15.243 0.0687 180.295
7.08 15.347 0.0717 181.257
7.1 15.522 0.0738 182.132
7.12 15.589 0.0781 183.249
7.14 15.626 0.0802 183.86
7.16 15.63 0.0824 184.425
7.18 15.49 0.0843 184.679
7.2 15.418 0.0856 184.933
7.22 15.296 0.0885 185.377
7.24 15.188 0.0895 185.504
7.26 15.188 0.0895 185.646
7.28 15.176 0.0899 185.836
7.3 15.176 0.0899 185.978
7.32 15.1725 0.0894 186.027
7.34 15.2553 0.0882 186.104
7.36 15.338 0.0878 186.32
7.38 15.45 0.0874 186.585
7.4 15.39 0.0875001 186.639
7.42 15.268 0.0879 186.636
7.44 15.268 0.0883 186.846
7.46 14.999 0.0892 186.665
7.48 14.868 0.0901 186.724
7.5 14.718 0.0909 186.727
7.52 14.718 0.0916 186.985
7.54 14.527 0.0911 186.686
7.56 14.428 0.0906 186.554
7.58 14.211 0.0898 186.147
7.6 14.211 0.0898 186.284
7.62 13.908 0.0884 185.599
7.64 13.605 0.0846 184.471
7.66 13.538 0.0834 184.255
7.68 13.382 0.0831 184.026
7.7 13.287 0.0831 183.97
7.72 13.237 0.0824 183.873
7.74 13.248 0.08205 183.962
7.76 13.069 0.0817 183.669
7.78 12.859 0.0823 183.484
7.8 12.619 0.0814 182.95
7.82 12.444 0.0811 182.656
7.84 12.3575 0.0806 182.508
7.86 12.3377 0.0784 182.176
7.88 12.318 0.0756 181.712
7.9 12.345 0.0749 181.756
7.92 12.283 0.0734 181.447
7.94 12.161 0.07315 181.262
7.96 12.011 0.073525 181.142
7.98 11.47 0.0739 180.145
8 11.113 0.0751 179.692
8.02 10.682 0.0769 179.149
8.04 10.233 0.0778 178.34
8.06 9.36 0.0789 176.392
8.08 9.173 0.079 176.02
8.1 9.24 0.0753 175.624
8.12 9.307 0.0714 175.15
8.14 10.359 0.0669 177.032
8.16 11.161 0.0628 178.126
8.18 11.808 0.0575 178.386
8.2 12.324 0.056 179.215
8.22 12.324 0.0563 179.417
8.24 13.315 0.0566 181.629
8.26 13.575 0.0605 183.272
8.28 13.575 0.0633 184.086
8.3 14.395 0.0662 186.466
8.32 14.561 0.0714 188.079
8.34 14.669 0.0736 188.881
8.36 14.789 0.0756 189.651
8.38 14.851 0.0801 190.807
8.4 14.792 0.0836 191.504
8.42 14.7835 0.0877 192.38
8.44 14.7792 0.0916 193.197
8.46 14.7771 0.0943 193.788
8.48 15.6876 0.0943 195.592
8.5 16.598 0.0931 197.106
8.52 16.805 0.093 197.57
8.54 17.026 0.0924 197.964
8.56 17.16 0.0952 198.81
8.58 17.141 0.098 199.388
8.6 17.141 0.1011 200.035
8.62 17.141 0.1011 200.164
8.64 16.738 0.1036 200.014
8.66 16.335 0.1047 199.617
8.68 16.344 0.1058 199.934
8.7 16.411 0.1072 200.399
8.72 16.478 0.1062 200.488
8.74 17.017 0.1046 201.294
8.76 17.081 0.1039 201.418
8.78 16.892 0.10435 201.295
8.8 16.16 0.1048 200.214
8.82 15.787 0.1053 199.747
8.84 15.239 0.1058 198.937
8.86 15.068 0.1079 199.064
8.88 16.284 0.1083 201.489
8.9 14.57 0.1053 197.949
8.92 14.352 0.102 197.12
8.94 13.743 0.0997 195.643
8.96 13.421 0.0975001 194.736
8.98 13.28 0.0967 194.427
9 13.369 0.0956 194.549
9.02 13.458 0.0900001 193.879
9.04 13.458 0.0900001 193.999
9.06 14.743 0.0879 196.298
9.08 14.743 0.0852 195.909
9.1 15.485 0.0804 196.47
9.12 16.026 0.07985 197.452
9.14 16.312 0.080825 198.276
9.16 16.312 0.0818 198.594
9.18 17.012 0.0839 200.343
9.2 17.243 0.0874 201.538
9.22 17.293 0.0893 202.105
9.24 17.372 0.0915 202.77
9.26 17.326 0.0977 203.924
9.28 17.021 0.099 203.749
9.3 16.704 0.0995 203.405
9.32 16.349 0.1044 203.711
9.34 16.349 0.1066 204.186
9.36 15.333 0.1082 202.68
9.38 13.905 0.11 200.24
9.4 13.905 0.11 200.359
9.42 12.9855 0.1114 198.721
9.44 13.2747 0.1112 199.44
9.46 13.564 0.1107 200.102
9.48 15.001 0.1144 203.701
9.5 15.001 0.1089 202.986
9.52 14.72 0.0977 200.732
9.54 14.094 0.092 198.601
9.56 13.6445 0.0828 196.065
9.58 13.8447 0.0659 192.892
9.6 14.045 0.0542 190.284
9.62 14.229 0.0505 189.632
9.64 14.229 0.0512 189.959
9.66 14.1085 0.0519 190.05
9.68 13.988 0.0544 190.67
9.7 13.831 0.0558 190.872
9.72 13.055 0.0581 190.038
9.74 12.801 0.0581 189.609
9.76 12.652 0.0592 189.694
9.78 12.541 0.0603 189.852
9.8 12.5975 0.0643 191.101
9.82 12.654 0.0628 190.957
9.84 12.725 0.0634 191.371
9.86 12.725 0.0649 191.851
9.88 12.919 0.065 192.403
9.9 12.969 0.0655 192.741
9.92 12.974 0.0659 192.958
9.94 12.93 0.0665 193.117
9.96 12.93 0.0673 193.417
9.98 12.633 0.0682 193.092
10 12.495 0.0692 193.128
10.02 12.495 0.0717 193.807
