0.02 1.78 0 0
0.03 2.28 0 0
0.04 2.78 0 0
0.05 3.28 0.001 25.6695
0.06 4.03 0.001 27.8168
0.07 4.71 0.002 31.4569
0.08 5.49 0.003 34.5201
0.09 6.17 0.003 36.2739
0.1 6.18 0.004 38.2659
0.11 6.25 0.005 40.0946
0.12 6.21 0.004 40.2835
0.13 6.05 0.004 41.0354
0.14 5.87 0.002 39.3705
0.15 5.63 0.004 42.2606
0.16 5.46 0.004 42.8361
0.17 5.25 0.007 45.3835
0.18 5.1 0.008 46.4313
0.19 4.92 0.007 46.3731
0.2 1.09 0.006 37.3797
0.21 0.13 0 0
0.22 0.05 0 0
0.23 0.05 0 0
0.24 0.05 0 0
0.25 0.05 0 0
0.26 0.03 0 0
0.27 0.04 0 0
0.28 0.04 0 0
0.29 0.04 0 0
0.3 0.05 0 0
0.31 0.05 0 0
0.32 0.05 0 0
0.33 0.05 0 0
0.34 0.04 0 0
0.35 0.03 0 0
0.36 0.04 0 0
0.37 0.04 0 0
0.38 0.03 0 0
0.39 0.03 0 0
0.4 0.03 0 0
0.41 0.03 0 0
0.42 0.03 0 0
0.43 0.03 0 0
0.44 0.03 0 0
0.45 0.03 0 0
0.46 0.03 0 0
0.47 0.04 0 0
0.48 0.05 0 0
0.49 0.09 0 0
0.5 0.1 0 0
0.51 0.11 0 0
0.52 0.11 0 0
0.53 0.12 0 0
0.54 0.13 0 0
0.55 0.14 0 0
0.56 0.15 0 0
0.57 0.15 0 0
0.58 0.16 0 0
0.59 0.17 0 0
0.6 0.18 0 0
0.61 0.2 0 0
0.62 0.23 0 0
0.63 0.25 0 0
0.64 0.28 0 0
0.65 0.32 0 0
0.66 0.36 0 0
0.67 0.37 0 0
0.68 0.4 0.001 39.1699
0.69 0.42 0.001 39.6064
0.7 0.43 0 0
0.71 0.45 0 0
0.72 0.46 0 0
0.73 0.49 0.001 41.1348
0.74 0.51 0.001 41.5293
0.75 0.5 0.001 41.5658
0.76 0.52 0.001 41.9555
0.77 0.53 0.001 42.2239
0.78 0.53 0.001 42.3756
0.79 0.54 0.001 42.6406
0.8 0.55 0.001 42.9031
0.81 0.56 0.001 43.1634
0.82 0.56 0.001 43.3109
0.83 0.57 0.001 43.568
0.84 0.56 0.001 43.602
0.85 0.55 0.001 43.6323
0.86 0.54 0.001 43.6589
0.87 0.53 0.001 43.6817
0.88 0.51 0.001 43.5787
0.89 0.5 0.001 43.5913
0.9 0.49 0.001 43.5999
0.91 0.47 0.001 43.4724
0.92 0.46 0.001 43.4698
0.93 0.44 0.001 43.3225
0.94 0.43 0.001 43.3079
0.95 0.41 0.001 43.1386
0.96 0.39 0.001 42.9539
0.97 0.38 0.001 42.917
0.98 0.37 0.001 42.8746
0.99 0.35 0.001 42.6531
1 0.33 0.001 42.4115
1.01 0.33 0.001 42.529
1.02 0.31 0.001 42.2634
1.03 0.3 0.001 42.1786
1.04 0.29 0 0
1.05 0.28 0.001 41.9855
1.06 0.27 0 0
1.07 0.27 0.001 41.9858
1.08 0.26 0 0
1.09 0.25 0 0
1.1 0.24 0.001 41.5983
1.11 0.23 0.001 41.4483
1.12 0.22 0.001 41.2866
1.13 0.22 0 0
1.14 0.2 0 0
1.15 0.2 0 0
1.16 0.19 0.001 40.8204
1.17 0.18 0 0
1.18 0.17 0 0
1.19 0.16 0 0
1.2 0.15 0 0
1.21 0.14 0 0
1.22 0.13 0 0
1.23 0.13 0 0
1.24 0.13 0 0
1.25 0.14 0 0
1.26 0.14 0 0
1.27 0.15 0 0
1.28 0.17 0 0
1.29 0.18 0 0
1.3 0.2 0 0
1.31 0.22 0 0
1.32 0.24 0 0
1.33 0.26 0 0
1.34 0.29 0 0
1.35 0.31 0 0
1.36 0.34 0.001 46.3954
1.37 0.37 0 0
1.38 0.38 0 0
1.39 0.4 0 0
1.4 0.5 0 0
1.41 0.54 0.001 50.0917
1.42 0.57 0.001 50.5825
1.43 0.63 0.001 51.4169
1.44 0.67 0.001 51.9753
1.45 0.67 0.001 52.0754
1.46 0.69 0.001 52.3965
1.47 0.63 0.001 51.8128
1.48 0.6167 0.001 51.7513
1.49 0.6033 0.001 51.6845
1.5 0.59 0.001 51.6148
1.51 0.63 0.001 52.201
1.52 0.67 0.001 52.7625
1.53 0.71 0.001 53.302
1.54 0.68 0.002 56.218
1.55 0.67 0.003 58.1275
1.56 0.66 0.003 58.1055
1.57 0.65 0.002 56.1543
1.58 0.68 0.001 53.4473
1.59 0.7 0.001 53.7651
1.6 0.73 0.002 57.402
1.61 0.8 0.003 60.2638
1.62 0.93 0.006 65.3532
1.63 1.07 0.006 66.8005
1.64 1.06 0.005 65.8177
1.65 1.11 0.005 66.3681
1.66 1.2 0.003 64.4327
1.67 0.94 0.002 60.2433
1.68 1 0.002 60.8835
1.69 0.91 0.002 60.1614
1.7 0.74 0.001 55.2144
1.71 0.51 0.001 52.418
1.72 0.3933 0.009 60.7195
1.73 0.2767 0.006 55.8967
1.74 0.2645 0.004 53.7788
1.75 0.2522 0.003 52.2312
1.76 0.24 0.003 51.9418
1.77 0.33 0.006 57.6982
1.78 0.43 0.011 63.139
1.79 0.58 0.013 66.946
1.8 0.57 0.0137 67.1745
1.81 0.58 0.0143 67.6877
1.82 0.75 0.015 70.6281
1.83 0.7 0.011 68.2523
1.84 0.81 0.012 70.3148
1.85 0.66 0.009 66.7573
1.86 0.6233 0.006 64.1093
1.87 0.6255 0.007 65.0667
1.88 0.6278 0.007 65.1977
1.89 0.63 0.007 65.3268
1.9 0.7 0.007 66.4229
1.91 0.64 0.008 66.4006
1.92 0.62 0.008 66.1938
1.93 0.57 0.008 65.4916
1.94 0.5 0.0083 64.5573
1.95 0.45 0.0087 63.9261
1.96 0.39 0.009 62.8885
1.97 0.36 0.01 62.804
1.98 0.35 0.01 62.6378
1.99 0.35 0.01 62.7256
2 0.35 0.01 62.8131
2.01 0.36 0.012 64.1212
2.02 0.35 0.012 63.9498
2.03 0.35 0.013 64.4655
2.04 0.38 0.01 63.9122
2.05 0.37 0.01 63.7539
2.06 0.37 0.01 63.8402
2.07 0.37 0.01 63.9262
2.08 0.36 0.01 63.7598
2.09 0.36 0.01 63.8449
2.1 0.35 0.011 64.1777
2.11 0.36 0.01 64.0141
2.12 0.36 0.01 64.0983
2.13 0.37 0.01 64.436
2.14 0.37 0.01 64.5199
2.15 0.37 0.01 64.6036
2.16 0.36 0.01 64.4323
2.17 0.36 0.01 64.5151
2.18 0.36 0.01 64.5976
2.19 0.36 0.01 64.6798
2.2 0.36 0.011 65.2774
2.21 0.37 0.011 65.6181
2.22 0.38 0.011 65.9533
2.23 0.39 0.011 66.2832
2.24 0.41 0.011 66.8454
2.25 0.42 0.012 67.6488
2.26 0.44 0.012 68.1875
2.27 0.45 0.012 68.4926
2.28 0.45 0.013 69.0345
2.29 0.43 0.013 68.6676
2.3 0.42 0.013 68.5182
2.31 0.4 0.013 68.1206
2.32 0.38 0.014 68.1193
2.33 0.37 0.014 67.9394
2.34 0.36 0.015 68.1425
2.35 0.36 0.015 68.2234
2.36 0.36 0.016 68.6717
2.37 0.37 0.014 68.2616
2.38 0.37 0.012 67.4707
2.39 0.37 0.012 67.5494
2.4 0.37 0.012 67.6278
2.41 0.38 0.012 67.9666
2.42 0.39 0.011 67.8072
2.43 0.38 0.011 67.6315
2.44 0.37 0.011 67.4492
2.45 0.36 0.011 67.2601
2.46 0.35 0.01 66.534
2.47 0.36 0.009 66.2961
2.48 0.37 0.008 65.9832
2.49 0.4 0.008 66.8028
2.5 0.41 0.008 67.1155
2.51 0.43 0.009 68.3187
2.52 0.43 0.01 68.9964
2.53 0.44 0.01 69.3015
2.54 0.44 0.01 69.3775
2.55 0.46 0.01 69.8993
2.56 0.47 0.012 71.2654
2.57 0.48 0.012 71.5593
2.58 0.51 0.013 72.7475
2.59 0.52 0.013 73.0297
2.6 0.55 0.014 74.1567
2.61 0.62 0.014 75.5277
2.62 0.7 0.015 77.3839
2.63 0.82 0.016 79.6778
2.64 0.97 0.017 82.1282
2.65 0.98 0.018 82.7285
2.66 1.0867 0.018 84.0569
2.67 1.1933 0.021 86.387
2.68 1.3 0.023 88.2151
2.69 1.36 0.028 90.3487
2.7 1.32 0.028 90.054
2.71 1.17 0.029 88.8533
2.72 0.93 0.027 85.5419
2.73 0.8 0.027 83.7926
2.74 0.67 0.026 81.5066
2.75 0.59 0.023 79.2959
2.76 0.5 0.019 76.2842
2.77 0.49 0.015 74.6563
2.78 0.46 0.013 73.1778
2.79 0.45 0.012 72.5348
2.8 0.42 0.01 70.8069
2.81 0.4133 0.008 69.4125
2.82 0.4067 0.008 69.3202
2.83 0.4 0.008 69.2226
2.84 0.42 0.008 69.7791
2.85 0.42 0.008 69.8473
2.86 0.4 0.009 70.1096
2.87 0.43 0.008 70.2208
2.88 0.42 0.009 70.7408
2.89 0.41 0.008 69.8756
2.9 0.41 0.007 69.17
2.91 0.41 0.007 69.2362
2.92 0.4 0.007 69.0563
2.93 0.39 0.006 67.9927
2.94 0.38 0.006 67.8031
2.95 0.38 0.006 67.8671
2.96 0.37 0.007 68.5441
2.97 0.37 0.007 68.6084
2.98 0.36 0.007 68.4021
2.99 0.36 0.007 68.4659
3 0.36 0.007 68.5295
3.01 0.37 0.007 68.864
3.02 0.41 0.009 71.4321
3.03 0.42 0.009 71.7463
3.04 0.44 0.009 72.2948
3.05 0.48 0.01 73.9183
3.06 0.53 0.01 75.0489
3.07 0.65 0.01 77.3574
3.08 0.82 0.01 80.0616
3.09 0.82 0.01 80.1338
3.1 1.29 0.013 87.5027
3.11 1.98 0.015 94.2705
3.12 2.93 0.018 101.359
3.13 3.99 0.02 106.995
3.14 5.29 0.019 111.054
3.15 6.03 0.018 112.759
3.16 6.71 0.019 115.125
3.17 7.34 0.017 115.65
3.18 7.77 0.0193 117.943
3.19 8.06 0.0217 119.833
3.2 8.32 0.024 121.501
3.21 8.57 0.031 124.755
3.22 8.88 0.034 126.471
3.23 9.19 0.035 127.515
3.24 9.52 0.038 129.155
3.25 9.86 0.041 130.744
3.26 10.13 0.046 132.63
3.27 10.47 0.047 133.614
3.28 10.64 0.046 133.799
3.29 10.76 0.047 134.369
3.3 10.86 0.048 134.897
3.31 10.98 0.048 135.225
3.32 11.08 0.047 135.278
3.33 11.18 0.045 135.077
3.34 11.24 0.045 135.294
3.35 11.28 0.047 135.966
3.36 11.32 0.051 137.077
3.37 11.35 0.054 137.897
3.38 11.4 0.055 138.309
3.39 11.44 0.056 138.7
3.4 11.46 0.058 139.254
3.41 11.45 0.058 139.351
3.42 11.46 0.058 139.482
3.43 11.52 0.057 139.498
3.44 11.61 0.055 139.353
3.45 11.74 0.054 139.476
3.46 11.88 0.057 140.457
3.47 12.02 0.06 141.409
3.48 12.13 0.061 141.903
3.49 12.21 0.061 142.151
3.5 12.25 0.058 141.735
3.51 12.26 0.054 141.023
3.52 12.26 0.051 140.465
3.53 12.29 0.049 140.158
3.54 12.33 0.049 140.334
3.55 12.43 0.052 141.305
3.56 12.6 0.055 142.355
3.57 12.79 0.056 142.988
3.58 13.02 0.059 144.091
3.59 13.28 0.064 145.596
3.6 13.62 0.067 146.798
3.61 13.99 0.069 147.841
3.62 14.36 0.069 148.512
3.63 14.71 0.069 149.142
3.64 15.03 0.069 149.719
3.65 15.35 0.068 150.107
3.66 15.47 0.069 150.572
3.67 15.57 0.069 150.826
3.68 15.67 0.069 151.08
3.69 15.75 0.069 151.304
3.7 15.8 0.07 151.669
3.71 15.86 0.072 152.222
3.72 15.96 0.074 152.822
3.73 16.11 0.078 153.814
3.74 16.25 0.082 154.763
3.75 16.41 0.086 155.713
3.76 16.47 0.087 156.06
3.77 16.52 0.087 156.244
3.78 16.52 0.087 156.359
3.79 16.5 0.086 156.296
3.8 16.42 0.085 156.149
3.81 16.37 0.085 156.194
3.82 16.28 0.084 156.031
3.83 16.14 0.084 155.95
3.84 16.07 0.083 155.81
3.85 15.92 0.082 155.555
3.86 15.73 0.08 155.08
3.87 15.5 0.077 154.371
3.88 15.26 0.075 153.798
3.89 15.12 0.074 153.532
3.9 14.68 0.073 152.817
3.91 14.54 0.073 152.715
3.92 14.2 0.0713 152.005
3.93 13.7 0.0697 151.044
3.94 13.33 0.068 150.247
3.95 13.17 0.074 151.151
3.96 12.82 0.091 153.287
3.97 12.47 0.092 152.923
3.98 12.22 0.09 152.306
3.99 12.32 0.082 151.414
4 12.67 0.074 150.838
4.01 13.08 0.064 149.816
4.02 13.15 0.0603 149.293
4.03 13.28 0.0567 148.844
4.04 13.43 0.053 148.352
4.05 13.71 0.051 148.42
4.06 13.72 0.05 148.293
4.07 13.86 0.049 148.362
4.08 14.07 0.059 151.102
4.09 14.19 0.065 152.615
4.1 14.34 0.065 152.95
4.11 14.46 0.062 152.636
4.12 14.59 0.06 152.52
4.13 14.77 0.058 152.461
4.14 14.97 0.055 152.186
4.15 15.06 0.054 152.187
4.16 15.09 0.054 152.332
4.17 15.07 0.056 152.867
4.18 15 0.057 153.091
4.19 14.9 0.058 153.267
4.2 14.78 0.058 153.19
4.21 14.62 0.058 153.052
4.22 14.42 0.06 153.281
4.23 14.1 0.065 153.908
4.24 13.9 0.067 154.081
4.25 13.65 0.069 154.156
4.26 13.37 0.07 153.982
4.27 12.99 0.072 153.804
4.28 12.66 0.074 153.684
4.29 12.4 0.077 153.833
4.3 12.18 0.083 154.498
4.31 11.9 0.096 155.957
4.32 11.85 0.099 156.363
4.33 11.88 0.108 157.658
4.34 12.09 0.103 157.535
4.35 12.46 0.094 157.122
4.36 12.94 0.088 157.215
4.37 13.42 0.083 157.375
4.38 14 0.082 158.278
4.39 14.3 0.081 158.7
4.4 14.44 0.081 159.023
4.41 14.41 0.083 159.399
4.42 14.16 0.087 159.723
4.43 14.01 0.088 159.73
4.44 13.87 0.087 159.447
4.45 13.77 0.087 159.381
4.46 13.68 0.087 159.33
4.47 13.65 0.088 159.53
4.48 13.56 0.087 159.326
4.49 13.48 0.087 159.289
4.5 13.46 0.086 159.2
4.51 13.46 0.085 159.144
4.52 13.42 0.084 159.017
4.53 13.39 0.083 158.905
4.54 13.39 0.081 158.68
4.55 13.41 0.079 158.481
4.56 13.41 0.077 158.24
4.57 13.37 0.07 157.018
4.58 13.2 0.069 156.637
4.59 13.09 0.07 156.73
4.6 12.85 0.072 156.775
4.61 12.7 0.074 156.962
4.62 12.54 0.074 156.77
4.63 12.38 0.075 156.75
4.64 12.25 0.076 156.778
4.65 12.12 0.076 156.631
4.66 12.01 0.076 156.519
4.67 11.89 0.077 156.556
4.68 11.78 0.078 156.608
4.69 11.66 0.077 156.302
4.7 11.52 0.078 156.29
4.71 11.46 0.079 156.431
4.72 11.4 0.079 156.405
4.73 11.34 0.079 156.378
4.74 11.24 0.078 156.105
4.75 11.12 0.076 155.619
4.76 10.95 0.075 155.193
4.77 10.75 0.074 154.699
4.78 10.51 0.072 153.936
4.79 10.25 0.071 153.292
4.8 9.85 0.071 152.504
4.81 9.6 0.071 152.029
4.82 9.39 0.074 152.156
4.83 9.25 0.074 151.915
4.84 9.22 0.069 151.049
4.85 9.23 0.066 150.601
4.86 9.38 0.067 151.227
4.87 9.54 0.074 152.942
4.88 9.78 0.079 154.415
4.89 10.34 0.087 157.002
4.9 10.71 0.1 159.728
4.91 10.48 0.109 160.467
4.92 9.75 0.157 163.795
4.93 8.12 0.195 162.531
4.94 6.77 0.208 159.273
4.95 5.57 0.192 153.919
4.96 4.6 0.171 148.383
4.97 4.41 0.1637 147.032
4.98 4.04 0.1563 144.712
4.99 4.4433 0.149 146.207
5 4.8467 0.155 148.618
5.01 5.25 0.1713 151.679
5.02 5.92 0.1877 155.589
5.03 6.62 0.204 159.301
5.04 7.01 0.242 163.009
5.05 7.25 0.239 163.721
5.06 6.44 0.209 159.253
5.07 5.15 0.186 152.804
5.08 4.22 0.178 148.023
5.09 3.56 0.186 145.05
5.1 2.86 0.203 141.652
5.11 3.2267 0.215 144.904
5.12 3.5933 0.228 147.967
5.13 3.96 0.208 148.991
5.14 4.64 0.176 150.408
5.15 4.34 0.1787 149.237
5.16 3.66 0.1813 145.873
5.17 2.95 0.184 141.663
5.18 3.0633 0.176 141.984
5.19 3.1767 0.17 142.394
5.2 3.29 0.162 142.618
5.21 4.94 0.154 150.66
5.22 6.3 0.151 155.857
5.23 7.32 0.143 158.626
5.24 8.02 0.125 159.022
5.25 8.55 0.1247 160.547
5.26 8.93 0.1243 161.597
5.27 9.23 0.124 162.421
5.28 9.47 0.123 162.999
5.29 9.74 0.121 163.523
5.3 10.23 0.116 164.192
5.31 10.51 0.106 163.686
5.32 10.64 0.09 161.843
5.33 10.65 0.081 160.536
5.34 10.57 0.076 159.597
5.35 10.41 0.071 158.43
5.36 10.22 0.066 157.135
5.37 10.01 0.0653 156.608
5.38 9.78 0.0647 156.046
5.39 9.47 0.064 155.263
5.4 9.34 0.065 155.234
5.41 9.26 0.063 154.719
5.42 9.23 0.061 154.311
5.43 9.22 0.063 154.781
5.44 9.26 0.066 155.558
5.45 9.3 0.068 156.121
5.46 9.31 0.068 156.225
5.47 9.3 0.066 155.893
5.48 9.28 0.062 155.115
5.49 9.3 0.058 154.382
5.5 9.33 0.055 153.851
5.51 9.4 0.052 153.377
5.52 9.47 0.05 153.118
5.53 9.55 0.048 152.86
5.54 9.6 0.047 152.784
5.55 9.63 0.047 152.93
5.56 9.64 0.047 153.029
5.57 9.63 0.049 153.614
5.58 9.61 0.048 153.382
5.59 9.59 0.047 153.144
5.6 9.57 0.045 152.62
5.61 9.54 0.044 152.342
5.62 9.49 0.043 152.011
5.63 9.43 0.043 151.947
5.64 9.35 0.043 151.836
5.65 9.3 0.043 151.794
5.66 9.25 0.044 152.041
5.67 9.24 0.047 152.929
5.68 9.24 0.047 153.004
5.69 9.2 0.048 153.251
5.7 9.15 0.048 153.206
5.71 9.08 0.048 153.111
5.72 9.01 0.049 153.278
5.73 8.94 0.049 153.18
5.74 8.87 0.049 153.081
5.75 8.82 0.049 153.03
5.76 8.77 0.049 152.979
5.77 8.68 0.048 152.564
5.78 8.58 0.047 152.116
5.79 8.49 0.045 151.409
5.8 8.38 0.044 150.915
5.81 8.27 0.043 150.413
5.82 8.17 0.043 150.221
5.83 8.09 0.043 150.08
5.84 8.03 0.042 149.697
5.85 7.94 0.041 149.226
5.86 7.91 0.04 148.909
5.87 7.91 0.04 148.98
5.88 7.95 0.042 149.766
5.89 8.04 0.044 150.661
5.9 8.21 0.049 152.547
5.91 8.44 0.052 153.987
5.92 8.72 0.053 155.031
5.93 9.04 0.05 155.156
5.94 9.45 0.045 154.86
5.95 9.64 0.042 154.488
5.96 9.77 0.04 154.231
5.97 9.89 0.037 153.575
5.98 9.98 0.036 153.497
5.99 10.05 0.035 153.363
6 9.83 0.033 152.199
6.01 9.98 0.031 151.81
6.02 10.04 0.0313 152.133
6.03 10.07 0.0317 152.43
6.04 10.09 0.032 152.663
6.05 10.08 0.033 153.103
6.06 10.06 0.034 153.511
6.07 10.02 0.036 154.225
6.08 9.98 0.037 154.558
6.09 9.9 0.038 154.793
6.1 9.76 0.04 155.207
6.11 9.58 0.042 155.492
6.12 9.33 0.043 155.275
6.13 8.86 0.046 155.061
6.14 8.54 0.048 154.859
6.15 8.24 0.051 154.913
6.16 7.92 0.054 154.836
6.17 7.88 0.055 155.03
6.18 7.85 0.056 155.247
6.19 7.94 0.058 156.027
6.2 8.16 0.059 156.935
6.21 8.81 0.066 160.236
6.22 9.27 0.068 161.888
6.23 9.69 0.073 163.963
6.24 9.73 0.074 164.319
6.25 9.59 0.079 164.944
6.26 9.36 0.079 164.442
6.27 9.14 0.08 164.124
6.28 9.05 0.081 164.132
6.29 8.9 0.082 163.977
6.3 9 0.083 164.48
6.31 9.13 0.081 164.558
6.32 9.24 0.08 164.745
6.33 9.35 0.081 165.269
6.34 9.41 0.081 165.494
6.35 9.43 0.08 165.446
6.36 9.42 0.079 165.32
6.37 9.39 0.077 164.964
6.38 9.37 0.075 164.624
6.39 9.35 0.072 164.087
6.4 9.35 0.07 163.774
6.41 9.35 0.067 163.249
6.42 9.34 0.066 163.09
6.43 9.36 0.064 162.794
6.44 9.4 0.063 162.751
6.45 9.49 0.059 162.157
6.46 9.62 0.054 161.352
6.47 9.76 0.051 160.99
6.48 9.99 0.045 159.926
6.49 10.13 0.042 159.398
6.5 10.23 0.039 158.711
6.51 10.3 0.036 157.88
6.52 10.34 0.034 157.285
6.53 10.33 0.033 156.94
6.54 10.27 0.0327 156.756
6.55 10.15 0.0323 156.397
6.56 9.97 0.032 155.94
6.57 9.62 0.036 156.734
6.58 9.35 0.04 157.533
6.59 9.07 0.044 158.161
6.6 8.79 0.049 158.931
6.61 8.53 0.053 159.349
6.62 8.29 0.056 159.491
6.63 8.1 0.058 159.492
6.64 7.93 0.058 159.072
6.65 7.82 0.059 159.045
6.66 7.76 0.058 158.709
6.67 7.74 0.057 158.487
6.68 7.72 0.057 158.493
6.69 7.71 0.058 158.759
6.7 7.71 0.058 158.825
6.71 7.71 0.058 158.891
6.72 7.68 0.058 158.868
6.73 7.61 0.057 158.494
6.74 7.52 0.058 158.518
6.75 7.38 0.056 157.693
6.76 7.28 0.055 157.213
6.77 7.13 0.054 156.567
6.78 6.96 0.054 156.088
6.79 6.78 0.054 155.564
6.8 6.61 0.053 154.819
6.81 6.46 0.053 154.371
6.82 6.34 0.053 154.018
6.83 6.27 0.052 153.591
6.84 6.38 0.052 154.038
6.85 6.64 0.051 154.74
6.86 7 0.053 156.484
6.87 7.42 0.054 158.112
6.88 7.85 0.053 159.217
6.89 8.17 0.052 159.946
6.9 8.38 0.054 161.102
6.91 8.55 0.055 161.88
6.92 8.72 0.053 161.905
6.93 8.78 0.052 161.874
6.94 8.8 0.052 161.992
6.95 8.77 0.051 161.715
6.96 8.77 0.052 162.042
6.97 8.85 0.05 161.79
6.98 9 0.047 161.413
6.99 9.65 0.028 156.228
7 9.88 0.026 155.857
7.01 9.98 0.026 156.145
7.02 10 0.026 156.252
7.03 9.86 0.027 156.487
7.04 9.68 0.028 156.608
7.05 9.44 0.03 157.003
7.06 9.16 0.033 157.63
7.07 8.87 0.036 158.104
7.08 8.62 0.039 158.568
7.09 8.39 0.042 158.991
7.1 8.22 0.045 159.498
7.11 8.02 0.05 160.396
7.12 7.89 0.053 160.859
7.13 7.77 0.054 160.817
7.14 7.61 0.055 160.644
7.15 7.45 0.054 159.971
7.16 7.32 0.053 159.38
7.17 7.26 0.052 159.001
7.18 7.23 0.0523 159.043
7.19 7.23 0.0527 159.206
7.2 7.27 0.053 159.469
7.21 7.35 0.058 160.985
7.22 7.47 0.064 162.751
7.23 7.65 0.069 164.398
7.24 7.83 0.071 165.406
7.25 8.01 0.071 166.012
7.26 8.22 0.07 166.499
7.27 8.44 0.069 166.997
7.28 8.6 0.07 167.714
7.29 8.78 0.072 168.674
7.3 8.87 0.071 168.79
7.31 8.9 0.071 168.937
7.32 8.9 0.069 168.6
7.33 8.87 0.068 168.377
7.34 8.86 0.066 167.996
7.35 8.78 0.062 166.969
7.36 8.5 0.059 165.57
7.37 8.37 0.059 165.265
7.38 7.75 0.059 163.505
7.39 7.58 0.059 163.045
7.4 7.01 0.058 161.052
7.41 6.81 0.058 160.442
7.42 6.41 0.058 159.109
7.43 5.99 0.058 157.623
7.44 5.39 0.056 154.851
7.45 5.2 0.056 154.11
7.46 4.82 0.056 152.492
7.47 4.28 0.056 149.961
7.48 4.06 0.057 149.1
7.49 3.89 0.057 148.24
7.5 3.69 0.059 147.595
7.51 3.43 0.059 146.104
7.52 3.13 0.059 144.245
7.53 2.84 0.059 142.292
7.54 2.61 0.058 140.424
7.55 2.4 0.056 138.384
7.56 2.19 0.053 135.997
7.57 1.98 0.05 133.438
7.58 1.88 0.049 132.272
7.59 1.75 0.048 130.738
7.6 1.62 0.048 129.34
7.61 1.49 0.045 127.154
7.62 1.37 0.04 124.446
7.63 1.27 0.034 121.486
7.64 1.19 0.029 118.814
7.65 1.1733 0.025 117.16
7.66 1.1567 0.021 115.278
7.67 1.14 0.019 114.124
7.68 1.22 0.018 114.769
7.69 1.37 0.016 115.605
7.7 1.54 0.017 118.206
7.71 1.77 0.018 121.218
7.72 2.1 0.019 124.844
7.73 2.51 0.02 128.686
7.74 2.94 0.019 131.136
7.75 3.39 0.015 131.294
7.76 3.93 0.012 131.698
7.77 4.23 0.011 132.188
7.78 4.51 0.0113 133.76
7.79 4.79 0.0117 135.365
7.8 5.08 0.012 136.852
7.81 5.3 0.013 138.66
7.82 5.41 0.016 141.544
7.83 5.45 0.019 143.786
7.84 5.47 0.021 145.116
7.85 5.54 0.023 146.539
7.86 5.62 0.024 147.415
7.87 5.74 0.025 148.419
7.88 5.89 0.027 149.982
7.89 6.04 0.029 151.477
7.9 6.15 0.03 152.354
7.91 6.18 0.031 152.931
7.92 6.16 0.032 153.317
7.93 6.1 0.033 153.548
7.94 6.02 0.033 153.31
7.95 5.98 0.033 153.216
7.96 5.96 0.033 153.196
7.97 6.0333 0.0313 152.845
7.98 6.1067 0.0297 152.498
7.99 6.18 0.028 152.066
8 6.31 0.028 152.575
8.01 6.4 0.028 152.94
8.02 6.55 0.03 154.388
8.03 6.57 0.031 154.931
8.04 6.57 0.033 155.793
8.05 6.57 0.032 155.449
8.06 6.52 0.035 156.494
8.07 6.51 0.036 156.88
8.08 6.53 0.036 157.004
8.09 6.59 0.037 157.624
8.1 6.65 0.038 158.234
8.11 6.72 0.04 159.206
8.12 6.79 0.042 160.147
8.13 6.8 0.044 160.857
8.14 6.79 0.045 161.179
8.15 6.78 0.045 161.2
8.16 6.84 0.045 161.459
8.17 6.9 0.044 161.415
8.18 6.94 0.043 161.296
8.19 7.01 0.042 161.268
8.2 7.07 0.042 161.521
8.21 7.12 0.043 162.057
8.22 7.13 0.043 162.144
8.23 7.13 0.044 162.51
8.24 7.13 0.044 162.565
8.25 7.18 0.045 163.088
8.26 7.25 0.045 163.371
8.27 7.36 0.044 163.475
8.28 7.46 0.044 163.848
8.29 7.56 0.045 164.524
8.3 7.65 0.045 164.86
8.31 7.72 0.047 165.73
8.32 7.76 0.048 166.2
8.33 7.78 0.048 166.317
8.34 7.81 0.047 166.174
8.35 7.86 0.047 166.382
8.36 7.91 0.047 166.589
8.37 7.96 0.046 166.498
8.38 8.05 0.046 166.823
8.39 8.14 0.045 166.84
8.4 8.23 0.044 166.848
8.41 8.31 0.044 167.136
8.42 8.38 0.043 167.073
8.43 8.45 0.043 167.328
8.44 8.52 0.043 167.583
8.45 8.56 0.043 167.751
8.46 8.59 0.043 167.891
8.47 8.63 0.043 168.058
8.48 8.7 0.043 168.309
8.49 8.76 0.044 168.853
8.5 8.85 0.044 169.158
8.51 8.94 0.044 169.46
8.52 9.06 0.044 169.841
8.53 9.3 0.045 170.856
8.54 9.45 0.046 171.62
8.55 9.59 0.048 172.65
8.56 9.72 0.048 173.041
8.57 9.86 0.048 173.454
8.58 10.01 0.049 174.186
8.59 10.17 0.05 174.935
8.6 10.36 0.05 175.459
8.61 10.55 0.051 176.265
8.62 10.82 0.052 177.251
8.63 10.96 0.053 177.919
8.64 11.08 0.054 178.533
8.65 11.18 0.055 179.094
8.66 11.23 0.056 179.536
8.67 11.23 0.058 180.119
8.68 11.21 0.059 180.387
8.69 11.21 0.061 180.946
8.7 11.24 0.063 181.56
8.71 11.24 0.065 182.091
8.72 11.22 0.066 182.333
8.73 11.21 0.066 182.368
8.74 11.16 0.066 182.309
8.75 11.11 0.066 182.249
8.76 11.06 0.067 182.417
8.77 11.01 0.068 182.58
8.78 10.96 0.069 182.74
8.79 10.93 0.069 182.726
8.8 10.94 0.07 183.027
8.81 10.98 0.07 183.181
8.82 11.05 0.07 183.406
8.83 11.13 0.07 183.655
8.84 11.14 0.07 183.736
8.85 11.14 0.071 184.011
8.86 11.12 0.071 184.021
8.87 11.08 0.07 183.767
8.88 11.03 0.07 183.704
8.89 11 0.071 183.907
8.9 10.96 0.071 183.868
8.91 10.95 0.071 183.901
8.92 10.96 0.072 184.197
8.93 10.97 0.072 184.278
8.94 10.99 0.073 184.596
8.95 11.09 0.074 185.104
8.96 11.09 0.06 181.958
8.97 11.31 0.06 182.53
8.98 11.42 0.059 182.586
8.99 11.5 0.058 182.566
9 11.61 0.057 182.609
9.01 11.76 0.056 182.734
9.02 11.97 0.054 182.703
9.03 12.29 0.053 183.17
9.04 12.46 0.054 183.875
9.05 12.57 0.056 184.722
9.06 12.63 0.057 185.178
9.07 12.65 0.058 185.546
9.08 12.63 0.059 185.824
9.09 12.59 0.061 186.312
9.1 12.59 0.063 186.87
9.11 12.6 0.065 187.435
9.12 12.58 0.067 187.923
9.13 12.55 0.07 188.602
9.14 12.47 0.072 188.928
9.15 12.36 0.072 188.744
9.16 12.25 0.073 188.775
9.17 12.14 0.075 189.012
9.18 12.03 0.076 189.03
9.19 11.9 0.077 188.997
9.2 11.8 0.078 189.027
9.21 11.71 0.08 189.274
9.22 11.65 0.081 189.387
9.23 11.55 0.081 189.209
9.24 11.44 0.081 189.005
9.25 11.31 0.081 188.751
9.26 11.16 0.08 188.251
9.27 11.03 0.08 187.99
9.28 10.9 0.079 187.529
9.29 10.87 0.079 187.511
9.3 10.85 0.079 187.517
9.31 10.88 0.079 187.648
9.32 10.91 0.079 187.778
9.33 10.97 0.078 187.783
9.34 11.03 0.077 187.785
9.35 11.1 0.077 188.012
9.36 11.25 0.076 188.227
9.37 11.34 0.076 188.499
9.38 11.4 0.076 188.698
9.39 11.46 0.076 188.897
9.4 11.55 0.075 188.958
9.41 11.69 0.074 189.13
9.42 11.85 0.073 189.342
9.43 12 0.072 189.524
9.44 12.18 0.072 189.987
9.45 12.28 0.071 190.045
9.46 12.42 0.072 190.633
9.47 12.58 0.072 191.041
9.48 12.72 0.072 191.402
9.49 12.82 0.072 191.674
9.5 12.86 0.072 191.816
9.51 12.87 0.072 191.894
9.52 12.93 0.074 192.517
9.53 12.98 0.075 192.896
9.54 13.05 0.076 193.314
9.55 13.11 0.077 193.709
9.56 13.16 0.078 194.08
9.57 13.17 0.078 194.157
9.58 13.13 0.079 194.335
9.59 13.04 0.079 194.199
9.6 12.87 0.08 194.091
9.61 12.77 0.08 193.929
9.62 12.69 0.082 194.209
9.63 12.62 0.083 194.306
9.64 12.53 0.083 194.162
9.65 12.42 0.084 194.165
9.66 12.31 0.085 194.163
9.67 12.17 0.086 194.088
9.68 11.87 0.086 193.447
9.69 11.67 0.087 193.216
9.7 11.48 0.086 192.629
9.71 11.25 0.085 191.937
9.72 11.16 0.084 191.581
9.73 11.11 0.085 191.701
9.74 11.14 0.084 191.641
9.75 11.18 0.084 191.795
9.76 11.31 0.083 191.978
9.77 11.33 0.083 192.081
9.78 11.32 0.082 191.918
9.79 11.29 0.081 191.703
9.8 11.24 0.08 191.437
9.81 11.24 0.08 191.491
9.82 11.26 0.079 191.394
9.83 11.32 0.08 191.796
9.84 11.43 0.08 192.117
9.85 11.5 0.08 192.34
9.86 11.58 0.08 192.587
9.87 11.66 0.08 192.832
9.88 11.7 0.08 192.982
9.89 11.69 0.08 193.012
9.9 11.62 0.082 193.296
9.91 11.55 0.083 193.377
9.92 11.49 0.085 193.67
9.93 11.49 0.086 193.913
9.94 11.52 0.087 194.226
9.95 11.36 0.083 193.132
9.96 11.71 0.082 193.836
9.97 11.88 0.082 194.293
9.98 12.07 0.082 194.792
9.99 12.13 0.083 195.182
10 12.15 0.082 195.086
10.01 12.16 0.083 195.36
10.02 12.18 0.083 195.461
10.03 12.27 0.084 195.917
10.04 12.38 0.084 196.224
10.05 12.47 0.085 196.676
10.06 12.58 0.086 197.172
10.07 12.7 0.087 197.686
10.08 12.85 0.087 198.075
10.09 13.03 0.088 198.716
10.1 13.2 0.088 199.142
10.11 13.4 0.088 199.629
10.12 13.43 0.088 199.748
10.13 13.56 0.089 200.268
10.14 13.63 0.09 200.658
10.15 13.66 0.09 200.777
10.16 13.69 0.089 200.708
10.17 13.75 0.088 200.701
10.18 13.89 0.087 200.858
10.19 13.97 0.086 200.886
10.2 14.03 0.086 201.064
10.21 14.12 0.086 201.304
10.22 14.18 0.086 201.482
10.23 14.2 0.087 201.772
10.24 14.2 0.088 202.019
10.25 14.21 0.088 202.094
10.26 14.19 0.089 202.298
10.27 14.14 0.09 202.438
10.28 14.06 0.093 202.88
10.29 14.02 0.094 203.032
10.3 13.98 0.094 203.004
10.31 13.95 0.095 203.174
10.32 13.93 0.095 203.187
10.33 13.91 0.096 203.377
10.34 13.87 0.097 203.523
10.35 13.84 0.097 203.514
10.36 13.78 0.097 203.441
10.37 13.72 0.097 203.368
10.38 13.69 0.097 203.358
10.39 13.59 0.097 203.198
10.4 13.45 0.098 203.123
10.41 13.31 0.098 202.871
10.42 13.18 0.096 202.292
10.43 13.13 0.094 201.881
10.44 13.17 0.093 201.843
10.45 13.24 0.093 202.051
10.46 13.32 0.093 202.281
10.47 13.37 0.093 202.443
10.48 13.41 0.092 202.402
10.49 13.48 0.092 202.608
10.5 13.47 0.09 202.269
10.51 13.36 0.09 202.084
10.52 13.29 0.09 201.985
10.53 13.26 0.091 202.158
10.54 13.26 0.091 202.212
10.55 13.31 0.091 202.375
10.56 13.39 0.091 202.603
10.57 13.51 0.092 203.101
10.58 13.61 0.093 203.553
10.59 13.66 0.093 203.714
10.6 13.63 0.092 203.52
10.61 13.57 0.092 203.444
10.62 13.47 0.093 203.464
10.63 13.32 0.093 203.189
10.64 13.17 0.094 203.092
10.65 13 0.095 202.944
10.66 12.97 0.096 203.106
10.67 12.98 0.097 203.357
10.68 12.94 0.097 203.319
10.69 12.9 0.098 203.455
10.7 12.89 0.098 203.485
10.71 12.87 0.098 203.493
10.72 12.86 0.098 203.523
10.73 12.89 0.099 203.816
10.74 12.95 0.1 204.176
10.75 13.03 0.1 204.41
10.76 13.08 0.1 204.575
10.77 13.11 0.099 204.525
10.78 13.17 0.098 204.539
10.79 13.25 0.098 204.77
10.8 13.39 0.096 204.782
10.81 13.51 0.096 205.098
10.82 13.64 0.094 205.074
10.83 13.74 0.093 205.16
10.84 13.78 0.091 204.927
10.85 13.79 0.091 205.001
10.86 13.8 0.09 204.887
10.87 13.83 0.088 204.62
10.88 13.84 0.087 204.5
10.89 13.85 0.088 204.768
10.9 13.86 0.089 205.034
10.91 13.83 0.09 205.213
10.92 13.74 0.091 205.261
10.93 13.65 0.094 205.673
10.94 13.36 0.09 204.35
10.95 13.52 0.086 203.979
10.96 13.63 0.082 203.461
10.97 13.72 0.083 203.911
10.98 13.84 0.084 204.423
10.99 13.96 0.085 204.93
11 14.06 0.084 204.991
11.01 14.16 0.083 205.048
11.02 14.2 0.083 205.183
11.03 14.32 0.083 205.483
11.04 14.42 0.083 205.741
11.05 14.52 0.082 205.79
11.06 14.55 0.082 205.903
11.07 14.53 0.083 206.122
11.08 14.46 0.085 206.439
11.09 14.47 0.085 206.511
11.1 14.49 0.086 206.805
11.11 14.48 0.086 206.837
11.12 14.5 0.087 207.129
11.13 14.52 0.088 207.419
11.14 14.52 0.088 207.47
11.15 14.55 0.089 207.779
11.16 14.6 0.088 207.738
11.17 14.68 0.087 207.756
11.18 14.75 0.088 208.148
11.19 14.87 0.089 208.639
11.2 14.97 0.089 208.892
11.21 15.05 0.089 209.104
11.22 15.15 0.09 209.55
11.23 15.25 0.091 209.994
11.24 15.35 0.093 210.624
11.25 15.45 0.094 211.061
11.26 15.48 0.095 211.358
11.27 15.5 0.096 211.634
11.28 15.46 0.097 211.79
11.29 15.43 0.097 211.783
11.3 15.39 0.098 211.937
11.31 15.34 0.098 211.889
11.32 15.3 0.099 212.041
11.33 15.24 0.1 212.15
11.34 15.16 0.104 212.735
11.35 15.1 0.106 213.003
11.36 15.04 0.104 212.595
11.37 15.02 0.103 212.436
11.38 14.99 0.103 212.427
11.39 14.92 0.104 212.506
11.4 14.73 0.103 211.995
11.41 14.43 0.1 210.9
11.42 14.07 0.099 210.01
11.43 13.49 0.093 207.708
11.44 13.14 0.092 206.788
11.45 12.75 0.092 205.943
11.46 12.39 0.092 205.145
11.47 12.03 0.094 204.691
11.48 11.76 0.097 204.607
11.49 11.58 0.094 203.669
11.5 11.37 0.092 202.819
11.51 11.29 0.092 202.662
11.52 11.2 0.092 202.477
11.53 11.2 0.092 202.526
11.54 11.22 0.091 202.443
11.55 11.3 0.09 202.513
11.56 11.42 0.089 202.681
11.57 11.61 0.089 203.212
11.58 11.99 0.087 203.82
11.59 12.16 0.085 203.888
11.6 12.73 0.076 203.384
11.61 13.08 0.075 204.004
11.62 13.37 0.073 204.238
11.63 13.55 0.073 204.681
11.64 13.63 0.071 204.43
11.65 13.64 0.072 204.739
11.66 13.67 0.072 204.852
11.67 13.75 0.073 205.309
11.68 13.79 0.074 205.676
11.69 13.77 0.076 206.139
11.7 13.69 0.078 206.461
11.71 13.56 0.082 207.086
11.72 13.47 0.086 207.759
11.73 13.39 0.089 208.223
11.74 13.33 0.092 208.712
11.75 13.24 0.094 208.932
11.76 13.14 0.097 209.3
11.77 13.04 0.098 209.297
11.78 12.98 0.098 209.208
11.79 12.91 0.099 209.271
11.8 12.82 0.099 209.109
11.81 12.72 0.1 209.098
11.82 12.59 0.1 208.838
11.83 12.49 0.101 208.82
11.84 12.43 0.101 208.724
11.85 12.45 0.101 208.822
11.86 12.55 0.1 208.938
11.87 12.58 0.1 209.059
11.88 12.6 0.099 208.981
11.89 12.66 0.098 208.996
11.9 12.71 0.096 208.805
11.91 12.73 0.096 208.901
11.92 12.74 0.096 208.974
11.93 12.64 0.085 206.682
11.94 12.72 0.085 206.918
11.95 12.84 0.085 207.246
11.96 12.95 0.085 207.549
11.97 13.04 0.085 207.805
11.98 13.09 0.085 207.968
11.99 13.09 0.086 208.218
12 13.09 0.087 208.467
12.01 13.08 0.087 208.492
12.02 13.12 0.088 208.831
12.03 13.14 0.088 208.925
12.04 13.19 0.089 209.284
12.05 13.18 0.089 209.31
12.06 13.17 0.089 209.335
12.07 13.13 0.092 209.87
12.08 13.15 0.092 209.964
12.09 13.22 0.092 210.173
12.1 13.32 0.092 210.45
12.11 13.41 0.093 210.892
12.12 13.45 0.093 211.031
12.13 13.47 0.092 210.934
12.14 13.46 0.092 210.96
12.15 13.39 0.091 210.658
12.16 13.3 0.091 210.502
12.17 13.21 0.091 210.344
12.18 13.13 0.093 210.589
12.19 13.08 0.093 210.521
12.2 13.07 0.094 210.734
12.21 13.07 0.095 210.967
12.22 13 0.097 211.218
12.23 12.93 0.099 211.461
12.24 12.85 0.099 211.32
12.25 12.75 0.099 211.13
12.26 12.68 0.1 211.187
12.27 12.62 0.1 211.091
12.28 12.61 0.099 210.938
12.29 12.64 0.096 210.518
12.3 12.7 0.095 210.526
12.31 12.81 0.094 210.65
12.32 12.93 0.092 210.603
12.33 13.06 0.091 210.763
12.34 13.15 0.091 211.019
12.35 13.23 0.093 211.633
12.36 13.27 0.092 211.582
12.37 13.29 0.09 211.289
12.38 13.29 0.09 211.337
12.39 13.29 0.09 211.384
12.4 13.28 0.09 211.409
12.41 13.28 0.089 211.259
12.42 13.23 0.089 211.192
12.43 13.17 0.091 211.492
12.44 13.08 0.092 211.522
12.45 13.06 0.092 211.523
12.46 13.05 0.092 211.547
12.47 13.06 0.092 211.618
12.48 13.06 0.093 211.855
12.49 13.06 0.094 212.091
12.5 13.04 0.094 212.091
12.51 12.99 0.093 211.833
12.52 12.9 0.092 211.477
12.53 12.81 0.092 211.311
12.54 12.72 0.092 211.144
12.55 12.69 0.093 211.309
12.56 12.72 0.094 211.615
12.57 12.8 0.094 211.853
12.58 12.92 0.095 212.372
12.59 12.99 0.095 212.584
12.6 13.07 0.093 212.443
12.61 13.12 0.092 212.416
12.62 13.11 0.091 212.246
12.63 13.04 0.091 212.129
12.64 12.99 0.091 212.058
12.65 12.97 0.09 211.863
12.66 13.02 0.09 212.027
12.67 13.07 0.091 212.386
12.68 13.1 0.092 212.696
12.69 13.13 0.094 213.194
12.7 13.21 0.095 213.615
12.71 13.3 0.094 213.683
12.72 13.5 0.095 214.378
12.73 13.62 0.095 214.698
12.74 13.78 0.095 215.106
12.75 13.82 0.095 215.243
12.76 13.96 0.094 215.413
12.77 14.1 0.092 215.384
12.78 14.24 0.091 215.542
12.79 14.38 0.09 215.694
12.8 14.37 0.09 215.719
12.81 14.31 0.091 215.834
12.82 14.24 0.091 215.729
12.83 14.12 0.091 215.513
12.84 14.06 0.092 215.623
12.85 13.82 0.095 215.711
12.86 13.76 0.095 215.623
12.87 13.71 0.096 215.744
12.88 13.71 0.096 215.791
12.89 13.68 0.097 215.955
12.9 13.65 0.098 216.118
12.91 13.62 0.098 216.096
12.92 13.21 0.094 214.449
12.93 13.42 0.093 214.791
12.94 13.44 0.093 214.883
12.95 13.41 0.091 214.472
12.96 13.39 0.092 214.667
12.97 13.34 0.092 214.598
12.98 13.33 0.093 214.813
12.99 13.31 0.093 214.813
13 13.33 0.095 215.286
13.01 13.37 0.095 215.425
13.02 13.36 0.098 216.006
13.03 13.33 0.098 215.982
13.04 13.3 0.099 216.141
13.05 13.29 0.101 216.523
13.06 13.31 0.102 216.794
13.07 13.31 0.104 217.191
13.08 13.29 0.104 217.19
13.09 13.26 0.104 217.165
13.1 13.21 0.103 216.919
13.11 13.18 0.103 216.894
13.12 13.14 0.103 216.845
13.13 13.04 0.103 216.652
13.14 13 0.103 216.602
13.15 12.89 0.103 216.383
13.16 12.81 0.102 216.06
13.17 12.74 0.102 215.935
13.18 12.67 0.101 215.632
13.19 12.53 0.102 215.509
13.2 12.43 0.103 215.481
13.21 12.4 0.104 215.625
13.22 12.38 0.103 215.447
13.23 12.47 0.102 215.542
13.24 12.63 0.102 215.983
13.25 12.76 0.101 216.17
13.26 12.92 0.102 216.782
13.27 13.06 0.102 217.164
13.28 13.21 0.101 217.388
13.29 13.36 0.099 217.426
13.3 13.45 0.098 217.498
13.31 13.52 0.097 217.52
13.32 13.58 0.097 217.704
13.33 13.67 0.097 217.957
13.34 13.77 0.097 218.231
13.35 13.87 0.098 218.691
13.36 13.96 0.1 219.309
13.37 14.01 0.101 219.649
13.38 14.03 0.103 220.098
13.39 14.02 0.104 220.299
13.4 14.02 0.105 220.52
13.41 14.01 0.105 220.543
13.42 14.03 0.106 220.808
13.43 14.02 0.107 221.004
13.44 14.01 0.107 221.027
13.45 13.97 0.107 220.981
13.46 13.98 0.108 221.221
13.47 13.97 0.108 221.244
13.48 13.95 0.109 221.414
13.49 13.86 0.11 221.421
13.5 13.8 0.111 221.495
13.51 13.71 0.111 221.332
13.52 13.61 0.111 221.144
13.53 13.53 0.111 221.002
13.54 13.42 0.11 220.622
13.55 13.27 0.109 220.143
13.56 13.08 0.109 219.731
13.57 12.97 0.108 219.341
13.58 12.89 0.108 219.19
13.59 12.84 0.108 219.112
13.6 12.77 0.107 218.815
13.61 12.74 0.108 218.955
13.62 12.69 0.109 219.044
13.63 12.62 0.108 218.746
13.64 12.59 0.107 218.547
13.65 12.56 0.107 218.516
13.66 12.55 0.106 218.365
13.67 12.55 0.106 218.41
13.68 12.55 0.105 218.282
13.69 12.59 0.106 218.598
13.7 12.62 0.105 218.545
13.71 12.69 0.105 218.764
13.72 12.76 0.105 218.982
13.73 12.85 0.105 219.248
13.74 12.93 0.105 219.488
13.75 12.99 0.105 219.679
13.76 13.03 0.105 219.821
13.77 13.05 0.105 219.914
13.78 13.08 0.104 219.856
13.79 13.13 0.103 219.844
13.8 13.18 0.104 220.186
13.81 13.25 0.104 220.398
13.82 13.37 0.106 221.079
13.83 13.42 0.106 221.242
13.84 13.44 0.106 221.334
13.85 13.4 0.107 221.457
13.86 13.33 0.108 221.505
13.87 13.26 0.108 221.382
13.88 13.23 0.108 221.354
13.89 13.25 0.108 221.447
13.9 13.27 0.108 221.539
13.91 13.04 0.103 220.156
13.92 13.18 0.102 220.36
13.93 13.15 0.103 220.511
13.94 13.07 0.103 220.361
13.95 13.02 0.103 220.283
13.96 12.99 0.103 220.254
13.97 12.99 0.103 220.298
13.98 13.05 0.101 220.128
13.99 13.12 0.101 220.342
14 13.18 0.101 220.531
14.01 13.28 0.101 220.815
14.02 13.33 0.102 221.159
14.03 13.35 0.103 221.43
14.04 13.31 0.103 221.379
14.05 13.27 0.103 221.326
14.06 13.28 0.103 221.394
14.07 13.35 0.102 221.426
14.08 13.47 0.102 221.755
14.09 13.64 0.101 222.018
14.1 13.83 0.101 222.504
14.11 13.99 0.101 222.917
14.12 14.14 0.101 223.304
14.13 14.14 0.103 223.712
14.14 14.1 0.104 223.845
14.15 14.03 0.104 223.729
14.16 13.93 0.105 223.72
14.17 13.86 0.106 223.778
14.18 13.81 0.109 224.226
14.19 13.78 0.11 224.37
14.2 13.74 0.11 224.32
14.21 13.69 0.111 224.415
14.22 13.66 0.112 224.556
14.23 13.61 0.112 224.481
14.24 13.57 0.112 224.43
14.25 13.49 0.111 224.115
14.26 13.4 0.11 223.774
14.27 13.32 0.11 223.625
14.28 13.24 0.109 223.305
14.29 13.19 0.107 222.883
14.3 13.21 0.105 222.625
14.31 13.31 0.104 222.733
14.32 13.5 0.103 223.052
14.33 13.63 0.103 223.403
14.34 13.7 0.103 223.612
14.35 13.72 0.104 223.882
14.36 13.73 0.104 223.949
14.37 13.74 0.105 224.194
14.38 13.77 0.105 224.308
14.39 13.87 0.104 224.406
14.4 14.01 0.105 224.953
14.41 14.07 0.105 225.135
14.42 14.3 0.104 225.526
14.43 14.36 0.104 225.705
14.44 14.44 0.105 226.109
14.45 14.64 0.106 226.78
14.46 14.7 0.106 226.957
14.47 14.92 0.107 227.665
14.48 15.04 0.107 227.971
14.49 15.09 0.107 228.124
14.5 15.19 0.108 228.562
14.51 15.07 0.11 228.693
14.52 14.86 0.111 228.447
14.53 14.57 0.112 228.014
14.54 14.44 0.113 227.932
14.55 14.03 0.113 227.032
14.56 13.93 0.113 226.841
14.57 13.66 0.114 226.412
14.58 13.5 0.116 226.398
14.59 13.41 0.117 226.385
14.6 13.37 0.117 226.331
14.61 13.35 0.117 226.325
14.62 13.34 0.117 226.344
14.63 13.33 0.115 226.038
14.64 13.34 0.114 225.941
14.65 13.4 0.112 225.797
14.66 13.52 0.11 225.791
14.67 13.73 0.106 225.64
14.68 14.03 0.103 225.846
14.69 14.38 0.101 226.322
14.7 14.69 0.101 227.061
14.71 15.05 0.1 227.709
14.72 15.27 0.1 228.228
14.73 15.43 0.1 228.614
14.74 15.53 0.101 229.06
14.75 15.56 0.102 229.354
14.76 15.54 0.103 229.541
14.77 15.51 0.105 229.888
14.78 15.45 0.105 229.803
14.79 15.42 0.106 229.963
14.8 15.4 0.107 230.143
14.81 15.39 0.106 229.985
14.82 15.37 0.106 229.985
14.83 15.32 0.107 230.1
14.84 15.29 0.11 230.608
14.85 15.26 0.112 230.932
14.86 15.23 0.113 231.081
14.87 15.2 0.116 231.563
14.88 15.23 0.116 231.672
14.89 15.31 0.114 231.555
14.9 15.3 0.091 227.275
14.91 15.54 0.089 227.406
14.92 15.57 0.088 227.298
14.93 15.45 0.087 226.872
14.94 15.34 0.087 226.68
14.95 15.27 0.087 226.573
14.96 15.23 0.087 226.53
14.97 15.26 0.088 226.852
14.98 15.31 0.09 227.426
14.99 15.54 0.095 228.985
15 15.73 0.096 229.628
15.01 15.94 0.097 230.308
15.02 16.2 0.097 230.888
15.03 16.45 0.097 231.441
15.04 16.75 0.098 232.285
15.05 17.18 0.095 232.575
15.06 17.47 0.094 232.974
15.07 17.77 0.093 233.381
15.08 17.99 0.092 233.628
15.09 18.2 0.092 234.062
15.1 18.41 0.092 234.492
15.11 18.78 0.094 235.63
15.12 19.07 0.095 236.402
15.13 19.37 0.095 236.977
15.14 19.68 0.096 237.77
15.15 19.99 0.094 237.933
15.16 20.39 0.096 239.074
15.17 20.55 0.097 239.594
15.18 20.7 0.097 239.889
15.19 20.85 0.096 239.976
15.2 21.02 0.096 240.3
15.21 21.24 0.092 239.854
15.22 21.31 0.092 240.012
15.23 21.43 0.094 240.68
15.24 21.7 0.094 241.158
15.25 21.92 0.091 240.902
15.26 22.05 0.09 240.929
15.27 22.28 0.091 241.556
15.28 22.52 0.091 241.973
15.29 22.71 0.089 241.862
15.3 22.83 0.086 241.4
15.31 22.92 0.084 241.108
15.32 22.97 0.087 241.933
15.33 23.07 0.09 242.812
15.34 23.14 0.095 244.058
15.35 23.26 0.099 245.123
15.36 23.36 0.102 245.929
15.37 23.47 0.109 247.503
15.38 23.54 0.115 248.761
15.39 23.61 0.123 250.309
15.4 23.66 0.128 251.262
15.41 23.75 0.135 252.561
15.42 23.82 0.144 254.074
15.43 23.85 0.152 255.312
15.44 23.92 0.159 256.425
15.45 24.02 0.164 257.287
15.46 24.1 0.166 257.716
15.47 24.19 0.169 258.285
15.48 24.21 0.169 258.363
15.49 24.15 0.171 258.57
15.5 24.14 0.174 258.975
15.51 24.12 0.176 259.237
15.52 24.11 0.179 259.633
15.53 24.22 0.179 259.85
15.54 24.36 0.18 260.232
15.55 24.53 0.181 260.66
15.56 24.7 0.182 261.086
15.57 24.83 0.181 261.21
15.58 24.78 0.18 261.06
15.59 24.73 0.181 261.151
15.6 24.48 0.18 260.696
15.61 24.25 0.182 260.628
15.62 23.71 0.184 260.066
15.63 23.37 0.187 259.922
15.64 23.09 0.188 259.632
15.65 22.79 0.189 259.304
15.66 22.39 0.192 259.029
15.67 22.02 0.193 258.566
15.68 21.82 0.193 258.272
15.69 21.75 0.194 258.309
15.7 21.57 0.193 257.935
15.71 21.45 0.191 257.55
15.72 21.39 0.19 257.38
15.73 21.21 0.186 256.657
15.74 21.15 0.185 256.483
15.75 20.95 0.181 255.712
15.76 20.84 0.179 255.327
15.77 20.63 0.175 254.521
15.78 20.5 0.172 253.969
15.79 20.33 0.17 253.462
15.8 20 0.166 252.41
15.81 19.71 0.165 251.797
15.82 19.37 0.163 250.956
15.83 19 0.164 250.432
15.84 18.6 0.165 249.836
15.85 18.16 0.168 249.393
15.86 17.95 0.169 249.142
15.87 17.77 0.167 248.578
15.88 17.6 0.166 248.154
15.89 17.2767 0.1637 247.248
15.9 16.9533 0.1613 246.317
15.91 16.63 0.159 245.384
15.92 16.48 0.159 245.107
15.93 16.26 0.159 244.676
15.94 16 0.159 244.151
15.95 15.89 0.159 243.951
15.96 15.8 0.158 243.667
15.97 15.75 0.156 243.34
15.98 15.68 0.153 242.833
15.99 15.52 0.149 241.983
16 15.37 0.147 241.415
16.01 15.1 0.147 240.842
16.02 14.82 0.145 239.962
16.03 14.53 0.144 239.184
16.04 14.17 0.144 238.362
16.05 14.04 0.143 237.949
16.06 14.01 0.141 237.639
16.07 14.05 0.14 237.637
16.08 14.27 0.136 237.636
16.09 14.44 0.134 237.79
16.1 14.57 0.133 237.99
16.11 14.74 0.131 238.128
16.12 14.81 0.129 238.027
16.13 14.85 0.126 237.695
16.14 14.89 0.123 237.351
16.15 14.96 0.12 237.065
16.16 15.01 0.117 236.721
16.17 15.09 0.115 236.603
16.18 15.22 0.113 236.591
16.19 15.36 0.11 236.414
16.2 15.38 0.109 236.319
16.21 15.4 0.11 236.583
16.22 15.33 0.109 236.289
16.23 15.15 0.108 235.747
16.24 14.98 0.108 235.405
16.25 14.83 0.108 235.104
16.26 14.68 0.108 234.8
16.27 14.57 0.108 234.586
16.28 14.45 0.11 234.705
16.29 14.41 0.112 235.004
16.3 14.36 0.115 235.443
16.31 14.33 0.117 235.75
16.32 14.33 0.119 236.123
16.33 14.36 0.121 236.563
16.34 14.43 0.122 236.931
16.35 14.52 0.121 237.021
16.36 14.64 0.12 237.179
16.37 14.82 0.118 237.305
16.38 15.18 0.115 237.657
16.39 15.46 0.113 237.976
16.4 15.79 0.111 238.387
16.41 16.11 0.109 238.756
16.42 16.44 0.107 239.126
16.43 16.88 0.104 239.51
16.44 17.18 0.101 239.575
16.45 17.41 0.099 239.676
16.46 17.66 0.098 240.006
16.47 17.86 0.098 240.436
16.48 18.06 0.098 240.863
16.49 18.35 0.098 241.456
16.5 18.57 0.1 242.319
16.51 18.78 0.104 243.546
16.52 19 0.108 244.763
16.53 19.23 0.111 245.789
16.54 19.62 0.117 247.624
16.55 19.95 0.12 248.785
16.56 20.29 0.123 249.945
16.57 20.62 0.126 251.072
16.58 20.96 0.129 252.199
16.59 21.46 0.135 254.058
16.6 21.77 0.139 255.246
16.61 21.96 0.143 256.212
16.62 22.13 0.146 256.983
16.63 22.21 0.148 257.451
16.64 22.28 0.152 258.183
16.65 22.25 0.153 258.317
16.66 22.26 0.156 258.795
16.67 22.23 0.158 259.062
16.68 22.19 0.16 259.309
16.69 22.04 0.164 259.632
16.7 21.97 0.166 259.818
16.71 21.88 0.168 259.967
16.72 21.79 0.169 259.984
16.73 21.75 0.171 260.213
16.74 21.7 0.172 260.296
16.75 21.7 0.173 260.465
16.76 21.69 0.172 260.365
16.77 21.64 0.171 260.196
16.78 21.57 0.17 259.991
16.79 21.49 0.169 259.767
16.8 21.48 0.168 259.664
16.81 21.43 0.167 259.491
16.82 21.41 0.167 259.499
16.83 21.37 0.166 259.343
16.84 21.39 0.164 259.159
16.85 21.52 0.162 259.163
16.86 21.58 0.161 259.176
16.87 21.72 0.16 259.326
16.88 21.85 0.16 259.592
16.89 22.32 0.1563 259.925
16.9 22.56 0.1527 259.864
16.91 22.67 0.149 259.559
16.92 22.86 0.153 260.487
16.93 22.96 0.154 260.835
16.94 23.1 0.155 261.247
16.95 23.24 0.157 261.797
16.96 23.41 0.159 262.391
16.97 23.5 0.16 262.716
16.98 23.63 0.161 263.104
16.99 23.68 0.162 263.363
17 23.88 0.163 263.86
17.01 23.94 0.166 264.399
17.02 23.98 0.168 264.77
17.03 24.03 0.171 265.283
17.04 24.11 0.172 265.582
17.05 24.16 0.173 265.833
17.06 24.23 0.173 265.987
17.07 24.21 0.174 266.126
17.08 24.21 0.176 266.423
17.09 24.24 0.177 266.639
17.1 24.14 0.178 266.649
17.11 24.17 0.179 266.864
17.12 24.09 0.179 266.78
17.13 24.03 0.18 266.851
17.14 24.06 0.18 266.943
17.15 24.05 0.18 266.97
17.16 24.01 0.181 267.072
17.17 24.02 0.181 267.132
17.18 23.96 0.182 267.201
17.19 23.96 0.182 267.244
17.2 23.93 0.182 267.239
17.21 23.87 0.18 266.94
17.22 23.8 0.18 266.871
17.23 23.67 0.18 266.703
17.24 23.54 0.18 266.535
17.25 23.42 0.179 266.258
17.26 23.19 0.18 266.046
17.27 23.03 0.181 265.946
17.28 22.96 0.18 265.75
17.29 22.81 0.18 265.542
17.3 22.76 0.18 265.501
17.31 22.69 0.18 265.426
17.32 22.65 0.18 265.401
17.33 22.56 0.179 265.169
17.34 22.5 0.179 265.109
17.35 22.4 0.178 264.858
17.36 22.29 0.177 264.589
17.37 22.23 0.175 264.279
17.38 22.05 0.173 263.759
17.39 21.97 0.173 263.664
17.4 21.85 0.172 263.371
17.41 21.72 0.171 263.059
17.42 21.63 0.17 262.815
17.43 21.58 0.169 262.641
17.44 21.45 0.168 262.325
17.45 21.41 0.168 262.296
17.46 21.3 0.167 262.013
17.47 21.24 0.168 262.078
17.48 21.22 0.167 261.954
17.49 21.15 0.167 261.871
17.5 21.09 0.165 261.544
17.51 21.07 0.165 261.549
17.52 21.01 0.164 261.351
17.53 20.97 0.163 261.188
17.54 20.89 0.162 260.952
17.55 20.8 0.16 260.562
17.56 20.74 0.16 260.495
17.57 20.69 0.16 260.445
17.58 20.66 0.159 260.296
17.59 20.63 0.159 260.283
17.6 20.63 0.158 260.188
17.61 20.62 0.157 260.073
17.62 20.6 0.156 259.94
17.63 20.59 0.155 259.823
17.64 20.58 0.154 259.706
17.65 20.56 0.154 259.711
17.66 20.53 0.153 259.556
17.67 20.52 0.153 259.579
17.68 20.55 0.154 259.815
17.69 20.5 0.154 259.765
17.7 20.51 0.154 259.824
17.71 20.44 0.154 259.737
17.72 20.44 0.154 259.778
17.73 20.37 0.153 259.549
17.74 20.4 0.154 259.786
17.75 20.35 0.154 259.735
17.76 20.36 0.155 259.934
17.77 20.33 0.155 259.919
17.78 20.31 0.156 260.062
17.79 20.3 0.156 260.084
17.8 20.31 0.157 260.282
17.81 20.31 0.157 260.322
17.82 20.26 0.157 260.271
17.83 20.25 0.157 260.293
17.84 20.23 0.157 260.296
17.85 20.2 0.157 260.281
17.86 20.16 0.158 260.385
17.87 19.75 0.14 257.056
17.88 19.74 0.14 257.077
17.89 19.68 0.14 257.005
17.9 19.61 0.14 256.913
17.91 19.57 0.14 256.877
17.92 19.49 0.141 256.918
17.93 19.37 0.143 257.03
17.94 19.32 0.145 257.271
17.95 19.24 0.145 257.157
17.96 19.19 0.146 257.248
17.97 19.13 0.145 257.025
17.98 19.08 0.144 256.82
17.99 19.01 0.143 256.575
18 19 0.145 256.892
18.01 18.93 0.145 256.795
18.02 18.85 0.145 256.678
18.03 18.77 0.145 256.56
18.04 18.71 0.144 256.334
18.05 18.65 0.144 256.255
18.06 18.58 0.144 256.156
18.07 18.55 0.144 256.135
18.08 18.55 0.144 256.175
18.09 18.54 0.143 256.046
18.1 18.58 0.142 256.015
18.11 18.64 0.142 256.173
18.12 18.74 0.142 256.41
18.13 18.82 0.142 256.607
18.14 18.88 0.142 256.764
18.15 18.89 0.143 256.973
18.16 18.84 0.143 256.914
18.17 18.83 0.144 257.083
18.18 18.78 0.143 256.875
18.19 18.77 0.145 257.191
18.2 18.82 0.145 257.329
18.21 18.91 0.145 257.545
18.22 18.99 0.145 257.741
18.23 19.08 0.144 257.808
18.24 19.11 0.144 257.905
18.25 19.11 0.144 257.944
18.26 19.08 0.144 257.925
18.27 18.94 0.144 257.691
18.28 18.85 0.145 257.702
18.29 18.82 0.145 257.682
18.3 18.82 0.145 257.721
18.31 18.82 0.144 257.612
18.32 18.81 0.145 257.78
18.33 18.87 0.146 258.085
18.34 18.96 0.147 258.448
18.35 19.12 0.147 258.8
18.36 19.32 0.147 259.227
18.37 19.45 0.147 259.517
18.38 19.56 0.146 259.619
18.39 19.67 0.145 259.72
18.4 19.67 0.144 259.61
18.41 19.57 0.145 259.608
18.42 19.43 0.144 259.229
18.43 19.23 0.144 258.882
18.44 19.07 0.143 258.46
18.45 18.88 0.143 258.127
18.46 18.84 0.142 257.936
18.47 18.83 0.14 257.651
18.48 18.9 0.141 257.98
18.49 19.15 0.142 258.66
18.5 19.26 0.142 258.912
18.51 19.37 0.143 259.315
18.52 19.38 0.144 259.524
18.53 19.36 0.144 259.524
18.54 19.29 0.142 259.126
18.55 19.21 0.142 259.01
18.56 19.11 0.141 258.702
18.57 18.98 0.141 258.486
18.58 18.73 0.139 257.725
18.59 18.55 0.139 257.406
18.6 18.37 0.14 257.236
18.61 17.97 0.142 256.763
18.62 17.7 0.143 256.392
18.63 17.31 0.142 255.46
18.64 17.13 0.142 255.113
18.65 16.9 0.143 254.804
18.66 16.66 0.143 254.318
18.67 16.32 0.143 253.601
18.68 16.14 0.144 253.381
18.69 16.03 0.143 253.023
18.7 15.95 0.144 253.025
18.71 15.88 0.142 252.608
18.72 15.8 0.142 252.462
18.73 15.76 0.14 252.11
18.74 15.72 0.136 251.448
18.75 15.79 0.133 251.179
18.76 15.9 0.129 250.83
18.77 15.99 0.127 250.745
18.78 16.08 0.125 250.653
18.79 16.18 0.123 250.578
18.8 16.36 0.121 250.672
18.81 16.46 0.119 250.582
18.82 16.59 0.117 250.549
18.83 16.66 0.116 250.559
18.84 16.74 0.113 250.223
18.85 16.64 0.112 249.859
18.86 16.33 0.1107 248.978
18.87 16.38 0.1093 248.861
18.88 16.4 0.108 248.694
18.89 16.34 0.109 248.79
18.9 16.27 0.112 249.235
18.91 16.1 0.115 249.443
18.92 15.97 0.117 249.546
18.93 15.89 0.119 249.754
18.94 15.86 0.121 250.07
18.95 15.73 0.122 249.981
18.96 15.63 0.123 249.958
18.97 15.57 0.125 250.192
18.98 15.56 0.125 250.205
18.99 15.52 0.125 250.149
19 15.49 0.126 250.282
19.01 15.49 0.127 250.483
19.02 15.5 0.127 250.543
19.03 15.54 0.127 250.673
19.04 15.63 0.127 250.918
19.05 15.78 0.126 251.135
19.06 15.92 0.125 251.324
19.07 16.06 0.124 251.51
19.08 16.23 0.124 251.928
19.09 16.37 0.123 252.107
19.1 16.52 0.122 252.304
19.11 16.58 0.121 252.299
19.12 16.63 0.122 252.618
19.13 16.64 0.122 252.677
19.14 16.6 0.122 252.626
19.15 16.58 0.122 252.619
19.16 16.52 0.122 252.524
19.17 16.47 0.122 252.45
19.18 16.45 0.123 252.614
19.19 16.42 0.123 252.584
19.2 16.39 0.124 252.725
19.21 16.39 0.124 252.761
19.22 16.4 0.125 252.989
19.23 16.42 0.126 253.238
19.24 16.5 0.126 253.452
19.25 16.58 0.125 253.497
19.26 16.69 0.124 253.605
19.27 16.79 0.124 253.86
19.28 16.85 0.123 253.856
19.29 16.91 0.123 254.023
19.3 16.92 0.124 254.252
19.31 16.91 0.125 254.437
19.32 16.88 0.126 254.578
19.33 16.86 0.126 254.571
19.34 16.84 0.126 254.564
19.35 16.79 0.126 254.491
19.36 16.79 0.126 254.528
19.37 16.78 0.127 254.71
19.38 16.79 0.127 254.769
19.39 16.83 0.128 255.059
19.4 16.92 0.129 255.457
19.41 17.03 0.129 255.732
19.42 17.08 0.128 255.711
19.43 17.16 0.128 255.92
19.44 17.23 0.128 256.106
19.45 17.27 0.128 256.229
19.46 17.34 0.13 256.745
19.47 17.38 0.13 256.867
19.48 17.4 0.13 256.947
19.49 17.44 0.131 257.232
19.5 17.49 0.132 257.538
19.51 17.61 0.133 257.99
19.52 17.65 0.133 258.111
19.53 17.69 0.134 258.393
19.54 17.75 0.134 258.556
19.55 17.82 0.134 258.739
19.56 17.87 0.134 258.881
19.57 17.94 0.134 259.063
19.58 18.01 0.134 259.245
19.59 18.06 0.134 259.386
19.6 18.1 0.135 259.666
19.61 18.14 0.135 259.785
19.62 18.19 0.135 259.925
19.63 18.24 0.134 259.904
19.64 18.25 0.136 260.282
19.65 18.31 0.136 260.441
19.66 18.35 0.137 260.719
19.67 18.41 0.136 260.72
19.68 18.46 0.135 260.698
19.69 18.46 0.135 260.735
19.7 18.48 0.134 260.651
19.71 18.48 0.134 260.688
19.72 18.48 0.134 260.725
19.73 18.55 0.135 261.065
19.74 18.64 0.135 261.284
19.75 18.91 0.134 261.7
19.76 19.15 0.134 262.213
19.77 19.32 0.134 262.584
19.78 19.43 0.133 262.672
19.79 19.6 0.132 262.873
19.8 19.64 0.13 262.654
19.81 19.69 0.13 262.787
19.82 19.7 0.129 262.674
19.83 19.69 0.128 262.521
19.84 19.54 0.126 261.926
19.85 18.95 0.113 258.456
19.86 19.02 0.111 258.246
19.87 19.03 0.112 258.494
19.88 18.99 0.113 258.643
19.89 18.97 0.114 258.83
19.9 18.96 0.115 259.035
19.91 19.07 0.116 259.474
19.92 19.16 0.117 259.871
19.93 19.3 0.118 260.364
19.94 19.43 0.118 260.653
19.95 19.62 0.117 260.87
19.96 19.94 0.115 261.14
19.97 20.11 0.113 261.114
19.98 20.22 0.114 261.547
19.99 20.26 0.114 261.658
20 20.28 0.113 261.54
20.01 20.32 0.113 261.651
20.02 20.35 0.113 261.742
20.03 20.44 0.114 262.137
20.04 20.51 0.113 262.111
20.05 20.54 0.112 262.008
20.06 20.53 0.112 262.026
20.07 20.49 0.112 261.989
20.08 20.4 0.112 261.859
20.09 20.38 0.113 262.052
20.1 20.27 0.115 262.267
20.11 20.14 0.116 262.249
20.12 20.05 0.116 262.116
20.13 19.9 0.118 262.242
20.14 19.85 0.118 262.183
20.15 19.72 0.119 262.155
20.16 19.66 0.12 262.259
20.17 19.59 0.121 262.341
20.18 19.46 0.121 262.126
20.19 19.3 0.123 262.208
20.2 19.12 0.125 262.242
20.21 19.03 0.126 262.274
20.22 18.97 0.125 262.017
20.23 18.93 0.125 261.973
20.24 18.93 0.125 262.009
20.25 18.81 0.124 261.631
20.26 18.74 0.125 261.701
20.27 18.72 0.125 261.697
20.28 18.65 0.125 261.591
20.29 18.61 0.124 261.372
20.3 18.56 0.123 261.13
20.31 18.51 0.123 261.064
20.32 18.55 0.123 261.181
20.33 18.6 0.123 261.318
20.34 18.71 0.123 261.576
20.35 18.73 0.124 261.828
20.36 18.89 0.123 262.009
20.37 19.07 0.121 262.045
20.38 19.38 0.12 262.509
20.39 19.99 0.118 263.35
20.4 20.45 0.117 264.063
20.41 20.86 0.115 264.476
20.42 21.09 0.114 264.737
20.43 21.24 0.112 264.653
20.44 21.29 0.112 264.779
20.45 21.28 0.112 264.797
20.46 21.17 0.113 264.831
20.47 21.01 0.116 265.156
20.48 20.81 0.119 265.39
20.49 20.64 0.117 264.739
20.5 20.44 0.117 264.404
20.51 20.14 0.118 264.064
20.52 19.54 0.121 263.502
20.53 19.16 0.124 263.33
20.54 18.76 0.125 262.742
20.55 18.46 0.125 262.168
20.56 18.17 0.126 261.78
20.57 17.98 0.125 261.246
20.58 17.99 0.125 261.302
20.59 18.05 0.124 261.288
20.6 18.11 0.122 261.095
20.61 18.17 0.118 260.531
20.62 18.19 0.115 260.05
20.63 18.22 0.114 259.957
20.64 18.25 0.111 259.478
20.65 18.24 0.11 259.297
20.66 18.24 0.109 259.135
20.67 18.27 0.107 258.832
20.68 18.37 0.106 258.868
20.69 18.57 0.105 259.102
20.7 18.79 0.103 259.162
20.71 19.08 0.101 259.345
20.72 19.21 0.102 259.847
20.73 19.39 0.102 260.231
20.74 19.58 0.1 260.203
20.75 19.84 0.099 260.514
20.76 19.99 0.096 260.165
20.77 20.21 0.094 260.154
20.78 20.38 0.093 260.271
20.79 20.76 0.097 261.916
20.8 20.99 0.103 263.68
20.81 21.19 0.101 263.645
20.82 21.43 0.093 262.301
20.83 21.63 0.085 260.729
20.84 20.9 0.058 251.356
20.85 20.87 0.057 250.974
20.86 20.61 0.057 250.555
20.87 20.29 0.058 250.386
20.88 19.89 0.057 249.342
20.89 19.79 0.055 248.455
20.9 19.68 0.053 247.524
20.91 19.6 0.045 244.067
20.92 19.43 0.041 241.912
20.93 19.27 0.039 240.653
20.94 19.1 0.038 239.859
20.95 18.9 0.041 241.047
20.96 18.75 0.041 240.802
20.97 18.62 0.05 244.598
20.98 18.38 0.061 248.248
20.99 18.21 0.073 251.681
21 18.11 0.086 254.968
21.01 18.03 0.095 256.958
21.02 18.01 0.102 258.475
21.03 18.1 0.112 260.716
21.04 18.06 0.108 259.88
21.05 18.05 0.107 259.692
21.06 17.97 0.107 259.561
21.07 17.88 0.104 258.794
21.08 17.71 0.097 256.978
21.09 17.54 0.094 255.986
21.1 17.43 0.092 255.33
21.11 17.25 0.093 255.212
21.12 17.1 0.094 255.152
21.13 16.83 0.092 254.146
21.14 16.64 0.09 253.301
21.15 16.45 0.09 252.915
21.16 16.28 0.091 252.803
21.17 16.13 0.095 253.404
21.18 15.77 0.104 254.525
21.19 15.57 0.103 253.887
21.2 15.43 0.104 253.794
21.21 15.33 0.106 253.992
21.22 15.24 0.109 254.4
21.23 15.16 0.108 254.045
21.24 15.11 0.106 253.563
21.25 15.1 0.107 253.77
21.26 15.08 0.107 253.755
21.27 15.09 0.108 254.009
21.28 15.15 0.107 253.991
21.29 15.3 0.1 252.957
21.3 15.41 0.094 251.95
21.31 15.5 0.087 250.576
21.32 15.56 0.083 249.768
21.33 15.73 0.08 249.427
21.34 15.82 0.077 248.872
21.35 15.97 0.076 248.972
21.36 16.11 0.076 249.317
21.37 16.18 0.077 249.777
21.38 16.39 0.077 250.274
21.39 16.93 0.077 251.477
21.4 17.26 0.077 252.21
21.41 17.55 0.077 252.849
21.42 17.83 0.079 254
21.43 18.09 0.079 254.563
21.44 18.42 0.084 256.567
21.45 18.58 0.085 257.173
21.46 18.66 0.086 257.616
21.47 18.75 0.088 258.321
21.48 18.86 0.091 259.295
21.49 18.93 0.092 259.703
21.5 18.95 0.092 259.776
21.51 19.04 0.092 259.987
21.52 19.08 0.093 260.333
21.53 19.07 0.097 261.261
21.54 19.14 0.099 261.877
21.55 19.17 0.1 262.189
21.56 19.25 0.102 262.812
21.57 19.29 0.103 263.138
21.58 19.25 0.104 263.305
21.59 19.14 0.107 263.745
21.6 19.15 0.108 264.003
21.61 19.06 0.109 264.06
21.62 19 0.11 264.175
21.63 18.87 0.109 263.748
21.64 18.79 0.11 263.821
21.65 18.72 0.11 263.713
21.66 18.69 0.109 263.485
21.67 18.7 0.109 263.539
21.68 18.69 0.108 263.351
21.69 18.67 0.108 263.344
21.7 18.73 0.108 263.5
21.71 18.73 0.107 263.329
21.72 18.63 0.108 263.364
21.73 18.57 0.109 263.477
21.74 18.48 0.109 263.327
21.75 18.45 0.109 263.299
21.76 18.41 0.109 263.25
21.77 18.31 0.109 263.077
21.78 18.22 0.11 263.124
21.79 18.24 0.11 263.199
21.8 18.16 0.109 262.867
21.81 18.15 0.109 262.879
21.82 18.09 0.108 262.586
21.83 17.44 0.106 260.833
21.84 17.84 0.105 261.513
21.85 17.86 0.106 261.795
21.86 17.85 0.106 261.807
21.87 17.83 0.107 262.003
21.88 17.92 0.108 262.429
21.89 18 0.109 262.833
21.9 18.08 0.109 263.034
21.91 18.14 0.109 263.193
21.92 18.17 0.109 263.289
21.93 18.4 0.11 264
21.94 18.52 0.11 264.281
21.95 18.6 0.109 264.278
21.96 18.76 0.11 264.838
21.97 18.77 0.112 265.29
21.98 18.83 0.114 265.836
21.99 18.86 0.114 265.931
22 18.96 0.117 266.743
22.01 19.04 0.118 267.128
22.02 19.13 0.12 267.717
22.03 19.16 0.121 267.996
22.04 19.29 0.123 268.657
22.05 19.34 0.123 268.791
22.06 19.42 0.124 269.166
22.07 19.46 0.125 269.46
22.08 19.47 0.126 269.693
22.09 19.56 0.127 270.083
22.1 19.56 0.127 270.117
22.11 19.56 0.128 270.328
22.12 19.64 0.128 270.521
22.13 19.73 0.128 270.733
22.14 19.79 0.128 270.885
22.15 19.87 0.128 271.077
22.16 19.85 0.13 271.421
22.17 19.85 0.13 271.455
22.18 19.88 0.13 271.548
22.19 19.84 0.129 271.329
22.2 19.73 0.128 270.971
22.21 19.69 0.127 270.749
22.22 19.68 0.126 270.585
22.23 19.69 0.127 270.816
22.24 19.68 0.126 270.652
22.25 19.59 0.124 270.148
22.26 19.44 0.122 269.518
22.27 19.13 0.121 268.744
22.28 18.78 0.12 267.879
22.29 17.91 0.113 264.761
22.3 17.22 0.109 262.512
22.31 16.42 0.11 260.951
22.32 15.54 0.109 258.725
22.33 14.63 0.107 256.123
22.34 13.58 0.106 253.225
22.35 12.08 0.101 248.024
22.36 11.16 0.099 244.834
22.37 10.25 0.097 241.473
22.38 9.4 0.095 238.098
22.39 8.65 0.096 235.499
22.4 7.87 0.095 232.142
22.41 7.48 0.096 230.679
22.42 7.23 0.099 230.169
22.43 7.05 0.104 230.306
22.44 6.85 0.107 229.925
22.45 6.74 0.111 230.12
22.46 6.57 0.116 230.145
22.47 6.49 0.122 230.734
22.48 6.37 0.124 230.455
22.49 6.22 0.124 229.694
22.5 5.99 0.123 228.325
22.51 5.54 0.119 225.18
22.52 5.36 0.119 224.139
22.53 5.06 0.122 222.776
22.54 4.75 0.123 220.934
22.55 4.44 0.124 218.972
22.56 4.19 0.126 217.468
22.57 3.77 0.123 213.783
22.58 3.56 0.122 211.908
22.59 3.34 0.121 209.852
22.6 3.15 0.12 207.972
22.61 2.97 0.118 205.954
22.62 2.85 0.118 204.76
22.63 2.68 0.115 202.545
22.64 2.58 0.11 200.72
22.65 2.51 0.104 199.02
22.66 2.45 0.1 197.706
22.67 2.41 0.096 196.593
22.68 2.37 0.089 194.912
22.69 2.34 0.082 193.257
22.7 2.33 0.076 191.945
22.71 2.34 0.069 190.548
22.72 2.39 0.062 189.459
22.73 2.47 0.058 189.329
22.74 2.66 0.055 190.54
22.75 2.84 0.053 191.777
22.76 3.03 0.051 192.979
22.77 3.28 0.049 194.57
22.78 3.61 0.048 196.96
22.79 4.44 0.046 202.225
22.8 7.71 0.05 220.503
22.81 10.49 0.052 231.281
22.82 10.87 0.065 236.854
22.83 14.73 0.094 255.192
22.84 15.46 0.099 258.118
22.85 16.05 0.102 260.191
22.86 16.46 0.116 263.979
22.87 16.56 0.142 268.726
22.88 16.14 0.156 269.869
22.89 15.6 0.17 270.51
22.9 15.11 0.189 271.686
22.91 14.6 0.208 272.543
22.92 14.07 0.231 273.504
22.93 13.06 0.265 273.729
22.94 12.25 0.284 272.816
22.95 11.51 0.301 271.723
22.96 10.92 0.312 270.511
22.97 10.45 0.321 269.473
22.98 9.94 0.322 267.64
22.99 9.68 0.289 264.264
23 9.51 0.238 259.398
23.01 9.37 0.2 255.157
23.02 9.27 0.173 251.738
23.03 9.24 0.153 249.091
23.04 9.26 0.136 246.769
23.05 9.33 0.129 245.983
23.06 9.4 0.122 245.137
23.07 9.44 0.118 244.637
23.08 9.4 0.116 244.169
23.09 9.19 0.116 243.405
23.1 8.61 0.118 241.503
23.11 8.17 0.121 240.216
23.12 7.65 0.122 238.144
23.13 7.07 0.122 235.483
23.14 6.58 0.121 232.929
23.15 6.08 0.123 230.635
23.16 5.64 0.13 229.234
23.17 4.96 0.151 227.881
23.18 4.85 0.156 227.79
23.19 4.75 0.163 227.966
23.2 4.74 0.169 228.61
23.21 4.77 0.17 228.958
23.22 4.82 0.17 229.329
23.23 4.87 0.168 229.472
23.24 4.91 0.163 229.193
23.25 4.96 0.157 228.84
23.26 5.04 0.146 228.013
23.27 5.09 0.134 226.741
23.28 5.14 0.124 225.627
23.29 5.23 0.122 225.913
23.3 5.35 0.12 226.367
23.31 5.46 0.118 226.741
23.32 5.5 0.119 227.166
23.33 5.53 0.118 227.212
23.34 5.57 0.118 227.475
23.35 5.63 0.119 228.013
23.36 5.68 0.118 228.171
23.37 5.77 0.119 228.876
23.38 5.89 0.121 229.901
23.39 6.01 0.126 231.375
23.4 6.17 0.133 233.327
23.41 6.29 0.138 234.723
23.42 6.39 0.142 235.844
23.43 6.5 0.146 237
23.44 6.64 0.15 238.292
23.45 6.8 0.155 239.792
23.46 7.1 0.161 242.08
23.47 7.34 0.165 243.767
23.48 7.57 0.171 245.611
23.49 7.77 0.177 247.272
23.5 7.97 0.184 249.01
23.51 8.1 0.191 250.397
23.52 8.17 0.204 252.115
23.53 8.14 0.215 253.115
23.54 8.01 0.224 253.422
23.55 7.81 0.233 253.359
23.56 7.5 0.242 252.711
23.57 6.91 0.251 250.537
23.58 6.43 0.256 248.389
23.59 5.99 0.26 246.213
23.6 5.53 0.264 243.735
23.61 5.07 0.268 241.035
23.62 4.65 0.271 238.301
23.63 4.05 0.271 233.635
23.64 3.7 0.267 230.356
23.65 3.41 0.259 227.115
23.66 3.11 0.247 223.267
23.67 2.81 0.231 218.832
23.68 2.56 0.213 214.488
23.69 2.26 0.183 208.053
23.7 2.15 0.161 204.398
23.71 2.07 0.139 200.839
23.72 2.02 0.117 197.307
23.73 1.98 0.1 194.209
23.74 1.96 0.085 191.344
23.75 1.99 0.071 188.935
23.76 2.03 0.064 187.87
23.77 2.07 0.059 187.149
23.78 2.13 0.056 187.129
23.79 2.17 0.054 187.086
23.8 2.2 0.054 187.478
23.81 2.33 0.056 189.629
23.82 2.9 0.054 195.132
23.83 3.06 0.057 197.556
23.84 3.22 0.057 199.035
23.85 3.5 0.062 202.877
23.86 3.67 0.066 205.356
23.87 3.81 0.071 207.749
23.88 3.98 0.077 210.499
23.89 4.17 0.085 213.692
23.9 4.38 0.091 216.46
23.91 4.62 0.102 220.235
23.92 4.82 0.112 223.34
23.93 5.07 0.123 226.759
23.94 5.3 0.131 229.439
23.95 5.5 0.137 231.554
23.96 5.69 0.147 234.084
23.97 5.81 0.166 237.203
23.98 5.86 0.179 239.018
23.99 5.8 0.191 239.984
24 5.75 0.203 240.931
24.01 5.74 0.214 241.958
24.02 5.64 0.231 242.915
24.03 5.55 0.246 243.653
24.04 5.4 0.259 243.764
24.05 5.21 0.271 243.453
24.06 5.1 0.28 243.395
24.07 5.05 0.283 243.294
24.08 5.05 0.284 243.393
24.09 5.08 0.286 243.771
24.1 5.08 0.287 243.87
24.11 5.09 0.285 243.825
24.12 5.14 0.282 243.982
24.13 5.22 0.278 244.263
24.14 5.34 0.273 244.722
24.15 5.45 0.272 245.395
24.16 5.6 0.274 246.535
24.17 5.77 0.275 247.703
24.18 5.91 0.271 248.285
24.19 5.96 0.266 248.23
24.2 5.99 0.262 248.125
24.21 6.03 0.256 247.913
24.22 6.01 0.251 247.417
24.23 5.92 0.245 246.412
24.24 5.93 0.241 246.162
24.25 5.99 0.247 247.053
24.26 6.22 0.257 249.247
24.27 6.41 0.264 250.918
24.28 6.58 0.268 252.21
24.29 6.79 0.273 253.773
24.3 6.99 0.28 255.402
24.31 7.17 0.294 257.411
24.32 7.19 0.314 258.958
24.33 7.11 0.319 258.911
24.34 6.99 0.326 258.773
24.35 6.77 0.334 258.134
24.36 6.53 0.343 257.394
24.37 6.34 0.354 257.005
24.38 6.23 0.36 256.746
24.39 6.13 0.366 256.53
24.4 5.91 0.374 255.672
24.41 5.68 0.385 254.858
24.42 5.54 0.39 254.245
24.43 5.34 0.401 253.518
24.44 5.24 0.409 253.273
24.45 5.15 0.415 252.977
24.46 4.96 0.416 251.69
24.47 4.7 0.413 249.624
24.48 4.38 0.395 246.216
24.49 4.29 0.388 245.144
24.5 4.18 0.366 243.073
24.51 4.14 0.355 242.149
24.52 4.06 0.345 240.923
24.53 3.86 0.338 238.797
24.54 3.5 0.32 234.411
24.55 3.27 0.305 231.228
24.56 3.12 0.292 228.865
24.57 2.98 0.282 226.724
24.58 2.8 0.275 224.255
24.59 2.59 0.265 221.094
24.6 2.5 0.263 219.858
24.61 2.44 0.264 219.184
24.62 2.41 0.263 218.749
24.63 2.41 0.261 218.635
24.64 2.43 0.257 218.639
24.65 2.47 0.249 218.602
24.66 2.46 0.236 217.527
24.67 2.46 0.218 216.12
24.68 2.47 0.197 214.456
24.69 2.49 0.179 213.024
24.7 2.56 0.153 211.125
24.71 2.6 0.144 210.556
24.72 2.67 0.138 210.64
24.73 2.73 0.137 211.211
24.74 2.85 0.135 212.287
24.75 2.99 0.134 213.65
24.76 3.18 0.135 215.712
24.77 3.24 0.134 216.184
24.78 3.44 0.128 217.251
24.79 3.71 0.12 218.476
24.8 4.67 0.094 221.32
24.81 4.83 0.092 222.024
24.82 4.9 0.094 222.908
24.83 4.93 0.099 224.093
24.84 4.79 0.107 224.638
24.85 4.72 0.109 224.533
24.86 4.58 0.115 224.586
24.87 4.46 0.121 224.702
24.88 4.4 0.124 224.747
24.89 4.35 0.125 224.553
24.9 4.3 0.131 225.08
24.91 4.34 0.136 226.109
24.92 4.44 0.141 227.56
24.93 4.53 0.146 228.907
24.94 4.59 0.149 229.755
24.95 4.68 0.152 230.807
24.96 4.77 0.147 230.823
24.97 4.96 0.142 231.483
24.98 5.38 0.135 233.252
24.99 5.77 0.127 234.446
25 6.09 0.1283 236.502
25.01 6.48 0.1297 238.867
25.02 7.1 0.131 242.259
25.03 7.32 0.141 244.847
25.04 7.58 0.145 246.681
25.05 8.02 0.149 249.285
25.06 8.56 0.153 252.219
25.07 9.34 0.173 258.058
25.08 10.08 0.184 262.278
25.09 11.11 0.191 266.836
25.1 12.08 0.189 269.865
25.11 13.07 0.193 273.45
25.12 14.93 0.215 281.285
25.13 16.71 0.232 287.732
25.14 18.71 0.251 294.409
25.15 20.75 0.27 300.682
25.16 23.88 0.312 310.575
25.17 25.72 0.352 317.113
25.18 27.13 0.396 322.743
25.19 28.56 0.468 329.726
25.2 29.36 0.52 333.992
25.21 30.1 0.568 337.7
25.22 31.22 0.624 342.185
25.23 31.88 0.658 344.773
25.24 32.58 0.689 347.219
25.25 33.61 0.739 350.856
25.26 34.34 0.775 353.378
25.27 35.05 0.809 355.728
25.28 36.43 0.858 359.506
