0.02 0.08 -0.001 -nan
0.03 0.11 0 0
0.04 0.13 0 0
0.05 0.15 0.001 16.4622
0.06 0.18 0.001 17.7788
0.07 0.19 0.001 18.7023
0.08 0.21 0.001 19.6914
0.09 0.23 0.001 20.6151
0.1 0.25 0.001 21.4843
0.11 0.29 0.002 23.8757
0.12 0.35 0.006 27.5371
0.13 0.4 0.009 29.6882
0.14 0.44 0.012 31.4693
0.15 0.46 0.015 32.8896
0.16 0.5 0.018 34.4075
0.17 0.51 0.021 35.5452
0.18 0.52 0.024 36.6203
0.19 0.53 0.026 37.526
0.2 0.53 0.029 38.4124
0.21 0.57 0.03 39.4582
0.22 0.57 0.031 40.081
0.23 0.56 0.031 40.4761
0.24 0.62 0.023 40.5431
0.25 0.63 0.023 41.1004
0.26 0.63 0.023 41.551
0.27 0.66 0.022 42.1154
0.28 0.67 0.022 42.6356
0.29 0.62 0.021 42.4109
0.3 0.58 0.02 42.2315
0.31 0.56 0.019 42.2229
0.32 0.56 0.018 42.406
0.33 0.57 0.016 42.4613
0.34 0.57 0.015 42.5859
0.35 0.56 0.014 42.5761
0.36 0.55 0.013 42.5365
0.37 0.56 0.012 42.6879
0.38 0.55 0.011 42.5847
0.39 0.53 0.01 42.3282
0.4 0.52 0.009 42.1394
0.41 0.48 0.008 41.5344
0.42 0.47 0.008 41.687
0.43 0.44 0.007 41.1047
0.44 0.41 0.007 40.9497
0.45 0.38 0.007 40.7579
0.46 0.38 0.008 41.4658
0.47 0.37 0.009 41.9638
0.48 0.35 0.011 42.5787
0.49 0.34 0.01 42.3083
0.5 0.31 0.009 41.6179
0.51 0.26 0.008 40.4032
0.52 0.21 0.007 38.9564
0.53 0.17 0.007 37.9895
0.54 0.18 0.007 38.503
0.55 0.18 0.007 38.6999
0.56 0.17 0.006 38.0839
0.57 0.16 0.004 36.6805
0.58 0.16 0.003 35.9866
0.59 0.16 0.003 36.158
0.6 0.16 0.003 36.3273
0.61 0.19 0.003 37.409
0.62 0.23 0.002 37.3454
0.63 0.3 0.002 38.975
0.64 0.3 0.002 39.146
0.65 0.29 0.002 39.1236
0.66 0.31 0.002 39.6691
0.67 0.29 0.001 37.2436
0.68 0.27 0.002 39.2119
0.69 0.26 0.003 40.5014
0.7 0.24 0.003 40.1978
0.71 0.22 0.003 39.8541
0.72 0.2 0.004 40.42
0.73 0.19 0.004 40.2767
0.74 0.18 0.004 40.1157
0.75 0.15 0.003 38.2947
0.76 0.14 0.003 38.056
0.77 0.15 0.002 37.2962
0.78 0.15 0.001 35.3327
0.79 0.16 0.001 35.7892
0.8 0.15 0.001 35.5823
0.81 0.15 0.001 35.7054
0.82 0.15 0.001 35.8274
0.83 0.14 0.001 35.5929
0.84 0.13 0.001 35.3326
0.85 0.12 0 0
0.86 0.12 0 0
0.87 0.11 -0.001 -nan
0.88 0.11 0 0
0.89 0.12 0.001 35.4936
0.9 0.12 0.001 35.604
0.91 0.11 0.001 35.2689
0.92 0.11 0.002 37.4763
0.93 0.11 0.002 37.5891
0.94 0.13 0.003 39.944
0.95 0.16 0.003 41.2776
0.96 0.19 0.003 42.4352
0.97 0.21 0.004 44.2213
0.98 0.22 0.006 46.1774
0.99 0.21 0.006 45.9988
1 0.18 0.005 44.4356
1.01 0.16 0.005 43.8093
1.02 0.15 0.004 42.7226
1.03 0.13 0.003 40.9724
1.04 0.12 0.003 40.6117
1.05 0.11 0.003 40.2129
1.06 0.1 0.003 39.7694
1.07 0.1 0.004 40.8393
1.08 0.1 0.004 40.945
1.09 0.1 0.004 41.0501
1.1 0.11 0.004 41.7231
1.11 0.14 0.003 42.2821
1.12 0.39 0 0
1.13 0.59 -0.001 -nan
1.14 0.81 -0.001 -nan
1.15 1 0 0
1.16 1.13 -0.001 -nan
1.17 1.22 0 0
1.18 1.22 0.002 56.7914
1.19 1.18 0.004 60.0153
1.2 1.16 0.006 62.0661
1.21 1.15 0.009 64.2637
1.22 1.14 0.01 64.8963
1.23 1.13 0.017 67.8935
1.24 1.07 0.021 68.7114
1.25 1.07 0.021 68.865
1.26 1.0533 0.027 70.3166
1.27 1.0367 0.026 70.0898
1.28 1.02 0.025 69.8505
1.29 1.15 0.029 72.1064
1.3 1.22 0.03 73.0847
1.31 1.26 0.031 73.7826
1.32 1.28 0.031 74.1066
1.33 1.29 0.032 74.5422
1.34 1.2 0.032 73.9237
1.35 1.08 0.033 73.1483
1.36 0.99 0.036 72.9117
1.37 0.97 0.037 73.0122
1.38 0.98 0.038 73.4309
1.39 1.1 0.041 75.287
1.4 1.19 0.041 76.2964
1.41 1.23 0.039 76.4933
1.42 1.26 0.037 76.5741
1.43 1.32 0.036 77.0634
1.44 1.37 0.035 77.4456
1.45 1.41 0.034 77.7293
1.46 1.43 0.032 77.6434
1.47 1.43 0.027 76.699
1.48 1.37 0.013 71.8652
1.49 1.34 0.009 69.6081
1.5 1.31 0.007 68.0723
1.51 1.3 0.006 67.2548
1.52 1.3 0.005 66.364
1.53 1.33 0.004 65.4769
1.54 1.36 0.004 65.8066
1.55 1.42 0.003 64.7673
1.56 1.49 0.004 66.917
1.57 1.54 0.004 67.3554
1.58 1.52 0.007 70.5573
1.59 1.48 0.007 70.4103
1.6 1.43 0.008 70.969
1.61 1.38 0.008 70.7286
1.62 1.32 0.008 70.3984
1.63 1.27 0.008 70.1279
1.64 1.19 0.008 69.5922
1.65 1.16 0.009 70.138
1.66 1.13 0.009 69.9913
1.67 1.11 0.009 69.9282
1.68 1.12 0.008 69.451
1.69 1.18 0.006 68.4327
1.7 1.22 0.005 67.838
1.71 1.26 0.004 67.0094
1.72 1.29 0.004 67.3459
1.73 1.34 0.003 66.2208
1.74 1.37 0.004 68.1506
1.75 1.38 0.003 66.7147
1.76 1.37 0.003 66.7505
1.77 1.36 0.003 66.7852
1.78 1.32 0.003 66.603
1.79 1.24 0.002 63.916
1.8 1.18 0.002 63.5595
1.81 1.11 0.002 63.0993
1.82 1.02 0.002 62.4312
1.83 0.97 0.001 58.5969
1.84 0.93 0.001 58.3309
1.85 0.9 0.002 61.5954
1.86 0.87 0.003 63.4936
1.87 0.84 0.004 64.8004
1.88 0.79 0.007 67.3914
1.89 0.72 0.009 68.0022
1.9 0.66 0.01 67.8462
1.91 0.61 0.009 66.5925
1.92 0.57 0.009 66.0411
1.93 0.52 0.009 65.268
1.94 0.48 0.009 64.6128
1.95 0.48 0.009 64.7052
1.96 0.47 0.008 63.9712
1.97 0.46 0.007 63.1581
1.98 0.45 0.006 62.2437
1.99 0.44 0.004 60.0686
2 0.44 0.001 53.5996
2.01 0.46 0 0
2.02 0.5 0 0
2.03 0.52 0 0
2.04 0.54 0.001 55.5085
2.05 0.56 0.001 55.8759
2.06 0.57 0.001 56.0943
2.07 0.57 0.001 56.1699
2.08 0.56 0.001 56.102
2.09 0.56 0.002 59.5118
2.1 0.56 0.002 59.5908
2.11 0.56 0.002 59.6696
2.12 0.57 0.002 59.9006
2.13 0.58 0.002 60.1294
2.14 0.6 0.002 60.5024
2.15 0.62 0.002 60.8675
2.16 0.65 0.003 63.4676
2.17 0.73 0.004 66.1856
2.18 0.79 0.004 67.0283
2.19 0.87 0.004 68.0524
2.2 1.03 0.005 71.1237
2.21 1.52 0.011 80.4245
2.22 1.63 0.011 81.3398
2.23 1.73 0.013 83.2924
2.24 1.78 0.012 83.1831
2.25 1.82 0.012 83.5531
2.26 1.85 0.01 82.591
2.27 1.84 0.009 81.9068
2.28 1.85 0.007 80.3727
2.29 1.89 0.007 80.7188
2.3 1.96 0.007 81.241
2.31 2.01 0.007 81.6346
2.32 2.08 0.007 82.1366
2.33 2.13 0.007 82.5167
2.34 2.16 0.008 83.7063
2.35 2.18 0.008 83.9169
2.36 2.2 0.009 84.9551
2.37 2.21 0.01 85.8599
2.38 2.2 0.012 87.2174
2.39 2.19 0.013 87.8449
2.4 2.17 0.014 88.374
2.41 2.16 0.015 88.9264
2.42 2.14 0.014 88.4007
2.43 2.13 0.013 87.8988
2.44 2.17 0.013 88.2353
2.45 2.29 0.013 89.023
2.46 2.45 0.013 89.9949
2.47 2.72 0.013 91.463
2.48 3.25 0.013 93.9435
2.49 3.62 0.013 95.5202
2.5 3.94 0.012 96.1578
2.51 4.19 0.012 97.1212
2.52 4.46 0.011 97.3992
2.53 4.58 0.011 97.88
2.54 4.8 0.011 98.6516
2.55 4.96 0.012 99.9478
2.56 5.09 0.013 101.101
2.57 5.25 0.015 102.88
2.58 5.34 0.017 104.325
2.59 5.44 0.019 105.69
2.6 5.51 0.021 106.885
2.61 5.54 0.025 108.647
2.62 5.53 0.034 111.552
2.63 5.46 0.039 112.745
2.64 5.33 0.043 113.391
2.65 5.2 0.046 113.743
2.66 5.11 0.05 114.367
2.67 5.11 0.053 115.043
2.68 5.26 0.058 116.514
2.69 5.37 0.059 117.149
2.7 5.47 0.059 117.582
2.71 5.51 0.056 117.316
2.72 5.34 0.051 116.002
2.73 5.18 0.048 115.031
2.74 5 0.045 113.949
2.75 4.87 0.042 112.982
2.76 4.8 0.039 112.167
2.77 4.8 0.037 111.789
2.78 4.78 0.037 111.834
2.79 4.73 0.037 111.776
2.8 4.65 0.035 111.098
2.81 4.51 0.029 109.001
2.82 4.53 0.0283 108.957
2.83 4.68 0.0277 109.382
2.84 4.91 0.027 110.013
2.85 5.23 0.026 110.778
2.86 5.52 0.025 111.387
2.87 5.71 0.024 111.66
2.88 5.71 0.025 112.148
2.89 5.68 0.025 112.171
2.9 5.65 0.025 112.194
2.91 5.59 0.026 112.495
2.92 5.49 0.023 111.17
2.93 5.44 0.02 109.845
2.94 5.39 0.017 108.328
2.95 5.35 0.015 107.192
2.96 5.3 0.013 105.88
2.97 5.25 0.012 105.132
2.98 5.13 0.011 104.124
2.99 5.02 0.011 103.896
3 4.81 0.011 103.355
3.01 4.56 0.01 101.847
3.02 4.01 0.008 98.2312
3.03 3.76 0.008 97.4144
3.04 3.53 0.008 96.6214
3.05 3.32 0.008 95.8593
3.06 3.12 0.008 95.0919
3.07 2.84 0.008 93.8982
3.08 2.66 0.009 94.018
3.09 2.5 0.01 94.087
3.1 2.34 0.011 94.0215
3.11 2.2 0.011 93.2734
3.12 1.94 0.012 92.3473
3.13 1.82 0.012 91.5835
3.14 1.72 0.013 91.5294
3.15 1.63 0.013 90.9041
3.16 1.58 0.013 90.5769
3.17 1.57 0.014 91.1338
3.18 1.6 0.015 91.9892
3.19 1.66 0.016 93.0572
3.2 2.03 0.017 96.3612
3.21 2.35 0.018 98.9689
3.22 2.68 0.016 99.9622
3.23 2.84 0.013 99.1594
3.24 2.95 0.013 99.7893
3.25 2.98 0.013 100.02
3.26 2.92 0.013 99.8131
3.27 2.79 0.014 99.8589
3.28 2.5 0.015 98.943
3.29 2.28 0.015 97.7219
3.3 2.08 0.015 96.5198
3.31 1.79 0.015 94.5348
3.32 1.61 0.0153 93.3348
3.33 1.37 0.0157 91.4627
3.34 1.22 0.016 90.165
3.35 1.1 0.016 88.9045
3.36 0.98 0.015 87.0417
3.37 0.85 0.014 84.8581
3.38 0.79 0.013 83.5209
3.39 0.74 0.013 82.8062
3.4 0.71 0.012 81.8348
3.41 0.65 0.011 80.2836
3.42 0.61 0.011 79.6175
3.43 0.59 0.011 79.3005
3.44 0.58 0.012 79.7448
3.45 0.57 0.012 79.6096
3.46 0.57 0.011 79.099
3.47 0.57 0.01 78.5372
3.48 0.59 0.009 78.3019
3.49 0.63 0.008 78.3367
3.5 0.75 0.007 79.5041
3.51 0.88 0.007 81.42
3.52 1.13 0.007 84.4719
3.53 1.32 0.007 86.4518
3.54 1.49 0.008 89.026
3.55 1.64 0.009 91.2246
3.56 1.74 0.011 93.6276
3.57 1.77 0.012 94.614
3.58 1.74 0.014 95.6741
3.59 1.71 0.016 96.5758
3.6 1.68 0.017 96.892
3.61 1.65 0.019 97.6146
3.62 1.58 0.022 98.2732
3.63 1.51 0.023 98.0709
3.64 1.44 0.025 98.156
3.65 1.38 0.025 97.6307
3.66 1.34 0.026 97.61
3.67 1.32 0.029 98.3624
3.68 1.28 0.031 98.5469
3.69 1.28 0.032 98.8821
3.7 1.3 0.033 99.432
3.71 1.32 0.034 99.9736
3.72 1.35 0.035 100.615
3.73 1.39 0.035 101.115
3.74 1.48 0.036 102.348
3.75 1.57 0.036 103.298
3.76 1.63 0.036 103.934
3.77 1.62 0.034 103.426
3.78 1.55 0.03 101.781
3.79 1.51 0.026 100.272
3.8 1.47 0.022 98.5782
3.81 1.44 0.018 96.7293
3.82 1.36 0.014 94.0197
3.83 1.29 0.013 92.8009
3.84 1.23 0.013 92.2334
3.85 1.18 0.013 91.7502
3.86 1.11 0.014 91.5743
3.87 1 0.013 89.7184
3.88 0.9 0.012 87.8439
3.89 0.85 0.012 87.1863
3.9 0.79 0.012 86.3336
3.91 0.74 0.012 85.5855
3.92 0.7 0.012 84.9637
3.93 0.69 0.012 84.8479
3.94 0.68 0.012 84.7296
3.95 0.68 0.012 84.7893
3.96 0.68 0.012 84.8489
3.97 0.67 0.012 84.7275
3.98 0.66 0.012 84.6033
3.99 0.67 0.012 84.8459
4 0.68 0.012 85.0863
4.01 0.68 0.012 85.1454
4.02 0.68 0.011 84.5898
4.03 0.67 0.012 85.0815
4.04 0.66 0.011 84.3432
4.05 0.66 0.01 83.7345
4.06 0.65 0.01 83.608
4.07 0.64 0.01 83.4786
4.08 0.63 0.01 83.3463
4.09 0.62 0.01 83.2111
4.1 0.6 0.009 82.1521
4.11 0.59 0.008 81.2093
4.12 0.58 0.008 81.0644
4.13 0.57 0.007 80.0221
4.14 0.56 0.007 79.8721
4.15 0.54 0.007 79.5082
4.16 0.53 0.007 79.3476
4.17 0.51 0.006 77.9557
4.18 0.51 0.006 78.0076
4.19 0.51 0.006 78.0595
4.2 0.5 0.006 77.8888
4.21 0.5 0.005 76.7669
4.22 0.49 0.005 76.5944
4.23 0.49 0.004 75.235
4.24 0.5 0.004 75.5038
4.25 0.5 0.004 75.5532
4.26 0.52 0.004 76.0308
4.27 0.53 0.004 76.2893
4.28 0.56 0.004 76.9466
4.29 1.18 0.003 83.6929
4.3 1.53 0.003 86.9389
4.31 1.78 0.002 85.9624
4.32 1.93 0.002 87.0258
4.33 2.08 0.003 91.0456
4.34 2.33 0.007 99.3691
4.35 2.24 0.011 102.659
4.36 1.74 0.016 102.192
4.37 1.46 0.017 100.21
4.38 1.3 0.018 99.0819
4.39 1.03 0.023 97.8515
4.4 0.93 0.027 97.7797
4.41 0.91 0.028 97.8312
4.42 0.89 0.03 98.1418
4.43 0.87 0.033 98.6618
4.44 0.8 0.035 98.0171
4.45 0.7967 0.034 97.7839
4.46 0.7933 0.033 97.5421
4.47 0.79 0.033 97.5443
4.48 0.81 0.032 97.7065
4.49 0.82 0.029 97.1411
4.5 0.83 0.025 96.176
4.51 0.83 0.025 96.2354
4.52 0.8 0.023 95.1233
4.53 0.76 0.019 92.9914
4.54 0.69 0.015 89.9755
4.55 0.66 0.014 88.9441
4.56 0.65 0.013 88.2571
4.57 0.69 0.013 89.0736
4.58 0.78 0.0137 91.1119
4.59 0.84 0.0143 92.4745
4.6 0.9 0.015 93.8267
4.61 0.95 0.017 95.6076
4.62 0.99 0.019 97.1297
4.63 0.99 0.02 97.6037
4.64 0.95 0.021 97.4789
4.65 0.9 0.021 96.7808
4.66 0.85 0.021 96.0448
4.67 0.8 0.02 94.8809
4.68 0.77 0.019 94.0141
4.69 0.74 0.018 93.1133
4.7 0.72 0.017 92.3613
4.71 0.71 0.017 92.23
4.72 0.7 0.017 92.0961
4.73 0.68 0.016 91.3047
4.74 0.67 0.015 90.6755
4.75 0.66 0.015 90.5323
4.76 0.65 0.0157 90.73
4.77 0.65 0.0163 91.0667
4.78 0.68 0.017 92.0351
4.79 0.69 0.017 92.2824
4.8 0.69 0.017 92.3359
4.81 0.69 0.017 92.3893
4.82 0.68 0.017 92.2485
4.83 0.67 0.017 92.105
4.84 0.65 0.018 92.1941
4.85 0.64 0.019 92.4562
4.86 0.63 0.019 92.2996
4.87 0.62 0.019 92.1399
4.88 0.61 0.018 91.564
4.89 0.59 0.017 90.7448
4.9 0.59 0.017 90.7963
4.91 0.58 0.017 90.6245
4.92 0.56 0.016 89.7648
4.93 0.53 0.016 89.1062
4.94 0.51 0.015 88.1891
4.95 0.5 0.015 87.9874
4.96 0.48 0.014 87.0198
4.97 0.47 0.014 86.805
4.98 0.46 0.014 86.585
4.99 0.45 0.013 85.8287
5 0.44 0.012 85.0309
5.01 0.44 0.011 84.4644
5.02 0.43 0.01 83.5666
5.03 0.43 0.009 82.8831
5.04 0.43 0.009 82.9289
5.05 0.43 0.008 82.1655
5.06 0.42 0.007 81.0274
5.07 0.41 0.007 80.791
5.08 0.41 0.007 80.8353
5.09 0.41 0.006 79.8488
5.1 0.42 0.006 80.1701
5.11 0.43 0.005 79.2743
5.12 0.44 0.005 79.5804
5.13 0.47 0.004 78.9049
5.14 0.5 0.004 79.6542
5.15 0.52 0.004 80.1486
5.16 0.56 0.004 81.0522
5.17 0.59 0.004 81.7076
5.18 0.69 0.005 85.1824
5.19 0.73 0.005 85.9225
5.2 0.77 0.005 86.6315
5.21 0.82 0.006 88.8035
5.22 0.9 0.006 90.0499
5.23 1.19 0.006 93.7956
5.24 1.4 0.006 96.0675
5.25 1.66 0.007 99.7769
5.26 1.95 0.008 103.313
5.27 2.29 0.009 106.829
5.28 2.41 0.011 109.487
5.29 2.44 0.013 111.276
5.3 2.42 0.012 110.465
5.31 2.39 0.011 109.529
5.32 2.33 0.009 107.378
5.33 2.29 0.007 104.949
5.34 2.26 0.006 103.468
5.35 2.23 0.005 101.768
5.36 2.22 0.005 101.755
5.37 2.27 0.004 100.256
5.38 2.34 0.004 100.747
5.39 2.44 0.004 101.409
5.4 2.66 0.005 104.655
5.41 2.84 0.005 105.701
5.42 3.13 0.006 108.886
5.43 3.32 0.007 111.288
5.44 3.49 0.008 113.401
5.45 3.63 0.01 116.242
5.46 3.75 0.012 118.633
5.47 3.83 0.013 119.85
5.48 3.87 0.015 121.529
5.49 3.85 0.015 121.5
5.5 3.83 0.015 121.47
5.51 3.82 0.015 121.486
5.52 3.8 0.015 121.455
5.53 3.58 0.014 119.788
5.54 3.45 0.014 119.211
5.55 3.33 0.014 118.665
5.56 3.17 0.014 117.885
5.57 2.95 0.013 116.011
5.58 2.8 0.013 115.2
5.59 2.69 0.013 114.594
5.6 2.6 0.013 114.091
5.61 2.51 0.015 114.93
5.62 2.38 0.018 115.854
5.63 2.3 0.019 115.862
5.64 2.21 0.022 116.669
5.65 2.1 0.025 117.11
5.66 2.04 0.027 117.429
5.67 1.98 0.029 117.681
5.68 1.96 0.03 117.898
5.69 1.95 0.032 118.504
5.7 1.95 0.033 118.866
5.71 1.94 0.033 118.836
5.72 1.91 0.033 118.627
5.73 1.8 0.033 117.675
5.74 1.71 0.032 116.567
5.75 1.64 0.031 115.618
5.76 1.58 0.031 115.054
5.77 1.5 0.035 115.411
5.78 1.46 0.035 115.018
5.79 1.44 0.035 114.845
5.8 1.42 0.035 114.669
5.81 1.41 0.034 114.331
5.82 1.39 0.034 114.151
5.83 1.35 0.033 113.444
5.84 1.3 0.033 112.883
5.85 1.24 0.033 112.171
5.86 1.2 0.031 111.116
5.87 1.16 0.027 109.363
5.88 1.15 0.025 108.581
5.89 1.19 0.024 108.798
5.9 1.27 0.024 109.874
5.91 1.48 0.027 113.482
5.92 1.62 0.028 115.371
5.93 1.74 0.029 116.96
5.94 1.78 0.03 117.73
5.95 1.79 0.029 117.548
5.96 1.79 0.029 117.603
5.97 1.73 0.027 116.388
5.98 1.69 0.026 115.686
5.99 1.69 0.025 115.363
6 1.7 0.025 115.515
6.01 1.73 0.025 115.86
6.02 1.8 0.028 117.682
6.03 1.84 0.03 118.789
6.04 1.87 0.031 119.446
6.05 1.89 0.032 120.001
6.06 1.93 0.032 120.419
6.07 2.01 0.033 121.491
6.08 2.18 0.034 123.282
6.09 2.29 0.035 124.516
6.1 2.37 0.038 126.05
6.11 2.41 0.039 126.685
6.12 2.53 0.043 128.673
6.13 2.63 0.045 129.943
6.14 2.83 0.047 131.857
6.15 3.15 0.05 134.659
6.16 4.04 0.0483 139.234
6.17 4.46 0.0467 140.899
6.18 4.78 0.045 141.938
6.19 5.12 0.047 143.933
6.2 5.85 0.045 146.258
6.21 8.13 0.044 153.139
6.22 9.11 0.048 156.871
6.23 11.93 0.016 148.903
6.24 12.97 0.013 148.191
6.25 13.7133 0.008 143.535
6.26 14.4567 -0.002 -nan
6.27 15.2 -0.003 -nan
6.28 16.54 -0.001 -nan
6.29 17.5 0.002 132.705
6.3 18.21 -0.001 -nan
6.31 17.33 0.007 147.206
6.32 17.1067 0.012 153.738
6.33 16.8833 0.0127 154.24
6.34 16.66 0.0133 154.605
6.35 17.69 0.014 156.682
6.36 18.2 0.014 157.394
6.37 18.71 0.016 159.856
6.38 19.22 0.018 162.128
6.39 20.85 0.02 165.556
6.4 16.05 0.032 165.864
6.41 15.62 0.051 171.824
6.42 14.39 0.074 175.224
6.43 13.72 0.095 177.757
6.44 14.17 0.115 181.525
6.45 13.6 0.136 183.069
6.46 16.34 0.096 182.682
6.47 16.4633 0.102 183.884
6.48 16.5867 0.085 181.388
6.49 16.71 0.086 181.836
6.5 16.33 0.113 185.479
6.51 17.77 0.14 191.208
6.52 17.24 0.167 193.272
6.53 16.88 0.167 192.768
6.54 12.35 0.1543 183.156
6.55 12.6967 0.1417 182.666
6.56 13.0433 0.129 182.026
6.57 13.39 0.1347 183.451
6.58 16.04 0.1403 189.003
6.59 15.75 0.146 189.213
6.6 14.57 0.1483 187.425
6.61 14.2167 0.1507 187.092
6.62 13.8633 0.153 186.729
6.63 13.51 0.164 187.192
6.64 13.82 0.166 188.073
6.65 14.84 0.158 189.311
6.66 15.23 0.153 189.591
6.67 15.76 0.155 190.813
6.68 16.76 0.164 193.498
6.69 19.75 0.158 197.595
6.7 20.81 0.16 199.38
6.71 22.33 0.168 202.317
6.72 24.44 0.166 204.845
6.73 25.18 0.169 206.119
6.74 27.14 0.163 207.816
6.75 26.99 0.184 209.841
6.76 22.79 0.086 192.313
6.77 19.34 0.0697 184.641
6.78 19.4733 0.0931 189.407
6.79 19.6067 0.1166 193.256
6.8 19.74 0.14 196.491
6.81 19.7 0.1663 199.349
6.82 19.4567 0.1927 201.529
6.83 19.2133 0.219 203.4
6.84 18.97 0.314 209.291
6.85 20.43 0.338 212.924
6.86 20.02 0.239 206.352
6.87 17.71 0.205 200.25
6.88 15.4 0.171 193.4
6.89 13.09 0.19 190.666
6.9 12.61 0.209 191.23
6.91 12.13 0.228 191.624
6.92 11.65 0.225 190.379
6.93 11.54 0.193 187.784
6.94 11.45 0.1827 186.793
6.95 11.02 0.1723 184.937
6.96 10.39 0.162 182.51
6.97 10.34 0.168 183.009
6.98 10.3 0.161 182.333
6.99 10.15 0.151 181.052
7 10.04 0.146 180.335
7.01 9.93 0.146 180.12
7.02 9.79 0.145 179.721
7.03 9.59 0.135 178.196
7.04 9.27 0.114 174.919
7.05 8.92 0.089 170.473
7.06 8.69 0.08 168.4
7.07 8.47 0.074 166.76
7.08 8.28 0.069 165.316
7.09 8.15 0.068 164.804
7.1 7.98 0.066 163.962
7.11 7.89 0.06 162.465
7.12 7.77 0.046 158.624
7.13 7.72 0.043 157.652
7.14 7.62 0.039 156.144
7.15 7.56 0.038 155.69
7.16 7.2 0.032 152.464
7.17 7.35 0.028 151.287
7.18 7.43 0.026 150.65
7.19 7.57 0.025 150.621
7.2 7.79 0.0277 152.599
7.21 8.04 0.0303 154.503
7.22 8.34 0.033 156.487
7.23 8.88 0.031 157.149
7.24 9.13 0.031 157.839
7.25 9.43 0.03 158.204
7.26 9.75 0.029 158.579
7.27 10.42 0.028 159.699
7.28 11 0.029 161.481
7.29 11.62 0.03 163.283
7.3 12.29 0.03 164.67
7.31 12.98 0.03 166.033
7.32 14.54 0.033 170.177
7.33 15.6 0.045 176.471
7.34 16.68 0.055 181.249
7.35 18.21 0.063 185.71
7.36 20.2 0.067 189.544
7.37 22.8 0.0623 191.786
7.38 25.24 0.0577 193.45
7.39 25.8 0.053 192.768
7.4 26.33 0.044 190.434
7.41 27.12 0.0397 189.688
7.42 27.84 0.0353 188.624
7.43 28.64 0.031 187.43
7.44 29.39 0.035 190.109
7.45 31.2 0.0383 193.267
7.46 30.08 0.0417 193.69
7.47 26.95 0.045 191.933
7.48 27.59 0.063 198.123
7.49 26.16 0.062 196.422
7.5 26.38 0.061 196.466
7.51 26.6 0.06 196.504
7.52 26.82 0.082 201.992
7.53 28.77 0.104 208.196
7.54 30.67 0.126 213.582
7.55 32.4 0.152 218.743
7.56 34.3 0.154 220.867
7.57 38.56 0.12 220.089
7.58 42.95 0.161 229.15
