0.42 3.46 0.051 64.8303
0.44 3.352 0.046 64.8161
0.46 3.298 0.043 65.1024
0.48 3.155 0.041 65.1992
0.5 3.084 0.036 65.0202
0.52 3.013 0.035 65.3596
0.54 3.024 0.035 66.0836
0.56 3.03 0.033 66.448
0.58 3.014 0.032 66.8769
0.6 2.892 0.03 66.7503
0.62 2.831 0.028 66.7706
0.64 2.75 0.027 66.8789
0.66 2.647 0.024 66.4295
0.68 2.596 0.021 66.0578
0.7 2.51 0.019 65.7204
0.72 2.467 0.018 65.776
0.74 2.406 0.018 66.0404
0.76 2.348 0.019 66.5973
0.78 2.319 0.02 67.2464
0.8 2.274 0.021 67.8052
0.82 2.251 0.022 68.4368
0.84 2.218 0.023 69.0052
0.86 2.146 0.023 69.1288
0.88 2.11 0.023 69.4027
0.9 2.005 0.02 68.5247
0.92 1.953 0.019 68.3918
0.94 1.894 0.018 68.1913
0.96 1.864 0.017 68.1094
0.98 1.838 0.016 68.0185
1 1.787 0.016 68.125
1.02 1.761 0.016 68.3567
1.04 1.712 0.016 68.4479
1.06 1.662 0.016 68.5183
1.08 1.625 0.016 68.6523
1.1 1.562 0.015 68.2442
1.12 1.508 0.015 68.2403
1.14 1.461 0.015 68.265
1.16 1.427 0.014 67.9723
1.18 1.387 0.013 67.599
1.2 1.342 0.012 67.1451
1.22 1.302 0.011 66.6766
1.24 1.273 0.011 66.7618
1.26 1.251 0.011 66.8913
1.28 1.223 0.01 66.4372
1.3 1.177 0.009 65.7777
1.32 1.127 0.008 65.0057
1.34 1.077 0.007 64.1363
1.36 1.023 0.006 63.1111
1.38 0.967 0.006 62.8562
1.4 0.908 0.006 62.5386
1.42 0.84 0.005 61.1511
1.44 0.776 0.005 60.6928
1.46 0.73 0.005 60.3922
1.48 0.713 0.005 60.4157
1.5 0.769 0.006 62.2425
1.52 0.824 0.007 63.9111
1.54 0.869 0.006 63.8131
1.56 0.888 0.006 64.2422
1.58 0.876 0.007 65.1744
1.6 0.833 0.008 65.6558
1.62 0.762 0.008 65.0432
1.64 0.666 0.008 64.0121
1.66 0.537 0.008 62.2675
1.68 0.447 0.008 60.8464
1.7 0.379 0.009 60.2004
1.72 0.326 0.01 59.6208
1.74 0.291 0.011 59.311
1.76 0.279 0.01 58.6729
1.78 0.297 0.01 59.3898
1.8 0.363 0.011 61.8093
1.82 0.409 0.011 63.0739
1.84 0.473 0.011 64.6042
1.86 0.542 0.011 66.0818
1.88 0.598 0.011 67.2237
1.9 0.649 0.012 68.7167
1.92 0.678 0.015 70.6518
1.94 0.689 0.017 71.7635
1.96 0.67 0.019 72.3456
1.98 0.662 0.02 72.7344
2 0.664 0.021 73.2664
2.02 0.699 0.022 74.3019
2.04 0.774 0.023 75.8874
2.06 0.848 0.023 77.1006
2.08 0.855 0.022 77.1138
2.1 0.84 0.021 76.8245
2.12 0.887 0.02 77.3189
2.14 1.018 0.02 79.0741
2.16 1.173 0.019 80.5689
2.18 1.251 0.017 80.7769
2.2 1.34 0.014 80.4771
2.22 1.383 0.012 80.0148
2.24 1.419 0.01 79.2998
2.26 1.379 0.009 78.4784
2.28 1.315 0.009 78.1343
2.3 1.216 0.009 77.4465
2.32 1.123 0.01 77.4245
2.34 1.11 0.011 78.0963
2.36 1.196 0.014 80.7307
2.38 1.346 0.015 82.7827
2.4 1.431 0.015 83.7104
2.42 1.457 0.014 83.6401
2.44 1.452 0.013 83.2752
2.46 1.419 0.013 83.1885
2.48 1.358 0.013 82.8501
2.5 1.573 0.013 84.8114
2.52 2.057 0.014 88.8937
2.54 2.586 0.017 93.5736
2.56 3.024 0.018 96.372
2.58 3.335 0.018 97.9518
2.6 3.526 0.017 98.4833
2.62 3.622 0.015 98.0494
2.64 3.652 0.014 97.8106
2.66 3.657 0.015 98.5997
2.68 3.656 0.015 98.8014
2.7 3.643 0.015 98.955
2.72 3.618 0.016 99.5933
2.74 3.579 0.017 100.145
2.76 3.525 0.018 100.605
2.78 3.457 0.019 100.978
2.8 3.313 0.02 100.992
2.82 3.162 0.02 100.514
2.84 2.99 0.021 100.31
2.86 2.81 0.021 99.6116
2.88 2.634 0.02 98.4789
2.9 2.461 0.02 97.708
2.92 2.293 0.02 96.9032
2.94 2.126 0.02 96.0358
2.96 1.862 0.021 94.7813
2.98 1.642 0.021 93.255
3 1.474 0.02 91.6151
3.02 1.414 0.021 91.6079
3.04 1.285 0.02 90.1539
3.06 1.141 0.019 88.4076
3.08 0.992 0.017 86.0015
3.1 0.853 0.015 83.4303
3.12 0.747 0.013 81.0272
3.14 0.674 0.012 79.4473
3.16 0.624 0.011 78.1414
3.18 0.591 0.011 77.6685
3.2 0.562 0.01 76.6322
3.22 0.529 0.01 76.0991
3.24 0.503 0.009 75.0185
3.26 0.477 0.009 74.5748
3.28 0.453 0.008 73.4253
3.3 0.447 0.008 73.4085
3.32 0.437 0.008 73.2927
3.34 0.429 0.008 73.2201
3.36 0.416 0.007 72.2107
3.38 0.397 0.007 71.8447
3.4 0.383 0.007 71.5915
3.42 0.386 0.006 70.8741
3.44 0.407 0.006 71.5327
3.46 0.43 0.006 72.2175
3.48 0.464 0.006 73.1303
3.5 0.505 0.006 74.1455
3.52 0.558 0.007 76.3105
3.54 0.614 0.009 79.128
3.56 0.639 0.01 80.4106
3.58 0.641 0.012 81.8037
3.6 0.622 0.016 83.5523
3.62 0.602 0.019 84.4876
3.64 0.603 0.023 85.9935
3.66 0.615 0.025 86.9705
3.68 0.712 0.028 89.8016
3.7 0.665 0.031 89.8143
3.72 0.654 0.031 89.7332
3.74 0.694 0.032 90.8783
3.76 0.755 0.033 92.3602
3.78 0.785 0.037 93.9066
3.8 0.792 0.04 94.7776
3.82 0.779 0.043 95.2615
3.84 0.735 0.045 94.963
3.86 0.697 0.046 94.5488
3.88 0.652 0.046 93.7791
3.9 0.602 0.045 92.6708
3.92 0.55 0.043 91.2574
3.94 0.506 0.04 89.7542
3.96 0.456 0.037 87.9716
3.98 0.425 0.034 86.5949
4 0.413 0.031 85.6976
4.02 0.409 0.026 84.4514
4.04 0.41 0.022 83.43
4.06 0.409 0.019 82.5028
4.08 0.401 0.017 81.622
4.1 0.392 0.015 80.6224
4.12 0.393 0.013 79.8053
4.14 0.393 0.013 79.9128
4.16 0.391 0.012 79.4305
4.18 0.393 0.012 79.5949
4.2 0.394 0.011 79.1547
4.22 0.403 0.011 79.5175
4.24 0.417 0.011 80.0146
4.26 0.43 0.01 79.8386
4.28 0.447 0.011 81.0303
4.3 0.46 0.011 81.471
4.32 0.474 0.011 81.9291
4.34 0.494 0.012 83.1236
4.36 0.52 0.012 83.847
4.38 0.542 0.012 84.4562
4.4 0.548 0.012 84.6974
4.42 0.537 0.013 85.122
4.44 0.525 0.013 84.9519
4.46 0.516 0.013 84.8466
4.48 0.511 0.013 84.8332
4.5 0.497 0.012 84.0377
4.52 0.481 0.012 83.7458
4.54 0.465 0.012 83.4412
4.56 0.305 0.008 76.0127
4.58 0.365 0.009 78.8681
4.6 0.392 0.01 80.4818
4.62 0.401 0.01 80.8428
4.64 0.406 0.01 81.0844
4.66 0.407 0.01 81.2102
4.68 0.402 0.01 81.1624
4.7 0.393 0.01 80.9941
4.72 0.383 0.01 80.7894
4.74 0.366 0.01 80.3573
4.76 0.352 0.009 79.3026
4.78 0.338 0.009 78.9325
4.8 0.327 0.009 78.6486
4.82 0.315 0.008 77.553
4.84 0.304 0.008 77.2459
4.86 0.295 0.007 76.1499
4.88 0.288 0.007 75.9737
4.9 0.286 0.007 75.9838
4.92 0.289 0.007 76.1843
4.94 0.293 0.007 76.4214
4.96 0.298 0.006 75.7166
4.98 0.3 0.006 75.8744
5 0.307 0.006 76.2117
5.02 0.35 0.006 77.7502
5.04 0.383 0.006 78.8527
5.06 0.408 0.006 79.6616
5.08 0.419 0.007 81.0884
5.1 0.419 0.007 81.1771
5.12 0.416 0.008 82.0883
5.14 0.414 0.008 82.1203
5.16 0.415 0.009 83.0475
5.18 0.421 0.009 83.3088
5.2 0.421 0.009 83.3981
5.22 0.412 0.009 83.2278
5.24 0.394 0.009 82.7821
5.26 0.382 0.009 82.5015
5.28 0.37 0.009 82.2099
5.3 0.364 0.009 82.1028
5.32 0.361 0.009 82.0909
5.34 0.376 0.008 81.8537
5.36 0.404 0.008 82.7907
5.38 0.43 0.008 83.6242
5.4 0.455 0.008 84.3945
5.42 0.465 0.008 84.7461
5.44 0.47 0.009 85.8004
5.46 0.49 0.009 86.4049
5.48 0.5 0.009 86.7448
5.5 0.5 0.009 86.8327
5.52 0.492 0.01 87.4822
5.54 0.488 0.01 87.4674
5.56 0.486 0.011 88.1999
5.58 0.491 0.011 88.4182
5.6 0.509 0.011 88.9663
5.62 0.539 0.012 90.4443
5.64 0.585 0.012 91.6076
5.66 0.599 0.012 92.0107
5.68 0.589 0.012 91.8779
5.7 0.57 0.011 90.8743
5.72 0.556 0.011 90.6376
5.74 0.545 0.011 90.4649
5.76 0.533 0.011 90.2626
5.78 0.518 0.011 89.979
5.8 0.518 0.011 90.0654
5.82 0.538 0.01 89.9289
5.84 0.582 0.01 91.0394
5.86 0.618 0.01 91.917
5.88 0.658 0.01 92.8387
5.9 0.642 0.01 92.5976
5.92 0.662 0.01 93.0951
5.94 0.767 0.011 95.9367
5.96 0.891 0.011 98.1211
5.98 1.008 0.013 101.372
6 1.032 0.019 105.077
6.02 0.89 0.026 105.678
6.04 0.807 0.032 106.112
6.06 0.839 0.036 107.858
6.08 1.138 0.037 113.058
6.1 1.528 0.041 119.079
6.12 1.987 0.043 124.274
6.14 2.158 0.041 125.376
6.16 2.214 0.035 124.306
6.18 2.277 0.029 122.983
6.2 2.364 0.026 122.64
6.22 2.444 0.026 123.34
6.24 2.489 0.025 123.372
6.26 2.522 0.025 123.716
6.28 2.553 0.026 124.449
6.3 2.555 0.027 124.965
6.32 2.513 0.026 124.386
6.34 2.344 0.026 123.253
6.36 2.151 0.026 121.844
6.38 1.893 0.026 119.727
6.4 1.6 0.026 116.965
6.42 1.334 0.025 113.669
6.44 1.122 0.025 110.967
6.46 0.928 0.027 108.762
6.48 0.81 0.029 107.381
6.5 0.764 0.029 106.572
6.52 0.84 0.027 107.489
6.54 1.219 0.026 113.151
6.56 1.887 0.026 120.602
6.58 2.603 0.024 125.588
6.6 2.956 0.022 127.093
6.62 3.106 0.02 127.098
6.64 3.188 0.019 127.139
6.66 3.336 0.02 128.628
6.68 3.579 0.024 132.033
6.7 3.908 0.027 135.144
6.72 4.153 0.029 137.259
6.74 4.351 0.029 138.297
6.76 4.476 0.028 138.572
6.78 4.471 0.027 138.244
6.8 4.338 0.026 137.325
6.82 4.017 0.025 135.482
6.84 3.889 0.027 135.828
6.86 3.819 0.029 136.392
6.88 3.859 0.034 138.528
6.9 3.991 0.037 140.297
6.92 3.968 0.039 140.909
6.94 3.826 0.04 140.58
6.96 3.649 0.039 139.442
6.98 3.529 0.035 137.638
7 3.466 0.034 137.06
7.02 3.138 0.035 135.545
7.04 2.742 0.035 133.043
7.06 2.374 0.029 128.389
7.08 2.074 0.025 124.468
7.1 1.844 0.024 122.059
7.12 1.605 0.024 119.737
7.14 1.439 0.024 117.961
7.16 1.348 0.024 116.948
7.18 1.27 0.025 116.433
7.2 1.181 0.025 115.31
7.22 1.009 0.023 112.033
7.24 0.895 0.021 109.37
7.26 0.83 0.019 107.374
7.28 0.786 0.018 106.138
7.3 0.743 0.017 104.862
7.32 0.738 0.016 104.312
7.34 0.76 0.016 104.834
7.36 0.799 0.017 106.206
7.38 0.866 0.019 108.526
7.4 0.974 0.021 111.385
7.42 1.219 0.024 116.415
7.44 1.29 0.026 118.24
7.46 1.222 0.026 117.41
7.48 1.132 0.025 115.831
7.5 1.134 0.024 115.553
7.52 1.155 0.025 116.339
7.54 1.085 0.026 115.759
7.56 0.989 0.026 114.309
7.58 0.897 0.025 112.429
7.6 0.855 0.023 110.964
7.62 0.841 0.023 110.782
7.64 1.043 0.022 113.931
7.66 1.296 0.02 116.706
7.68 1.442 0.02 118.6
7.7 1.474 0.021 119.546
7.72 1.492 0.023 120.752
7.74 1.437 0.024 120.613
7.76 1.323 0.024 119.272
7.78 1.19 0.023 117.134
7.8 1.054 0.022 114.762
7.82 0.945 0.021 112.616
7.84 0.827 0.019 109.635
7.86 0.734 0.018 107.36
7.88 0.698 0.019 107.142
7.9 0.698 0.019 107.217
7.92 0.686 0.019 107.025
7.94 0.705 0.02 107.982
7.96 0.702 0.02 107.992
7.98 0.683 0.02 107.641
8 0.659 0.018 106.227
8.02 0.697 0.017 106.654
8.04 0.855 0.017 109.915
8.06 0.935 0.017 111.416
8.08 0.964 0.017 111.985
8.1 0.997 0.018 113.143
8.12 1.013 0.018 113.48
8.14 1 0.019 113.858
8.16 0.916 0.018 112
8.18 0.894 0.019 112.188
8.2 0.88 0.019 112.01
8.22 0.858 0.02 112.155
8.24 0.835 0.019 111.317
8.26 0.901 0.019 112.619
8.28 1.067 0.018 114.954
8.3 1.314 0.019 119.067
8.32 1.53 0.02 122.308
8.34 1.546 0.019 122.051
8.36 1.415 0.018 120.044
8.38 1.206 0.016 116.246
8.4 1.065 0.016 114.259
8.42 0.973 0.016 112.856
8.44 0.915 0.015 111.336
8.46 0.838 0.014 109.378
8.48 0.811 0.014 108.935
8.5 0.812 0.014 109.026
8.52 0.825 0.014 109.347
8.54 1.003 0.015 113.188
8.56 1.158 0.016 116.253
8.58 1.23 0.018 118.498
8.6 1.23 0.02 119.619
8.62 1.189 0.021 119.598
8.64 1.147 0.021 119.057
8.66 1.086 0.022 118.658
8.68 0.985 0.021 116.624
8.7 0.882 0.019 113.905
8.72 0.795 0.017 111.252
8.74 0.826 0.016 111.375
8.76 1.006 0.015 114.04
8.78 1.321 0.017 119.92
8.8 1.665 0.019 125.216
8.82 2.085 0.02 129.974
8.84 2.684 0.021 135.421
8.86 3.725 0.02 141.479
8.88 4.827 0.024 149.197
8.9 5.601 0.026 153.541
8.92 5.641 0.024 152.774
8.94 5.388 0.02 149.576
8.96 5.054 0.018 147.001
8.98 4.802 0.021 147.898
9 4.75 0.026 150.407
9.02 5.414 0.032 156.034
9.04 6.427 0.037 161.98
9.06 7.759 0.042 168.301
9.08 9.095 0.047 173.921
9.1 10.432 0.052 178.998
9.12 11.845 0.052 182.413
9.14 11.921 0.046 180.839
9.16 12.032 0.041 179.464
9.18 12.776 0.05 184.146
9.2 14.113 0.062 190.293
9.22 16.122 0.071 196.294
9.24 21.278 0.071 204.419
9.26 22.58 0.074 207.01
9.28 23.481 0.071 207.589
9.3 22.274 0.062 203.829
9.32 26.762 0.056 207.648
9.34 25.247 0.075 211.105
9.36 25.505 0.097 216.116
9.38 26.008 0.078 212.955
9.4 23.453 0.076 209.479
9.42 23.449 0.1 214.438
9.44 23.626 0.14 220.895
9.46 24.902 0.112 218.609
9.48 24.859 0.09 214.74
9.5 24.936 0.067 209.748
9.52 27.635 0.058 210.458
9.54 22.888 0.059 205.235
9.56 28.664 0.06 212.414
9.58 28.366 0.082 217.806
9.6 28.366 0.128 226.158
9.62 28.042 0.158 229.908
9.64 34.976 0.168 238.693
9.66 36.956 0.181 242.229
9.68 38.017 0.226 247.896
9.7 38.15 0.337 256.551
9.72 38.182 0.358 258.024
9.74 41.994 0.297 257.697
9.76 42.442 0.235 253.256
9.78 40.167 0.183 246.221
9.8 39.515 0.256 252.742
9.82 40.969 0.219 250.925
9.84 38.699 0.162 242.846
9.86 38.699 0.134 239.177
9.88 31.927 0.12 230.647
9.9 36.197 0.064 223.012
9.92 36.362 0.073 225.741
9.94 36.528 0.227 248.388
9.96 28.706 0.296 245.411
9.98 29.437 0.322 248.171
10 23.307 0.241 234.38
10.02 19.68 0.24 228.787
10.04 23.614 0.206 232.033
10.06 25.534 0.189 233.113
10.08 25.902 0.174 232.121
10.1 23.714 0.221 233.923
10.12 18.549 0.2 224.048
10.14 18.549 0.188 223.02
10.16 17.819 0.221 224.861
10.18 22.291 0.205 230.909
10.2 32.651 0.191 242.656
10.22 32.126 0.167 239.531
10.24 33.021 0.18 242.117
10.26 38.402 0.141 242.593
10.28 41.202 0.121 242.096
10.3 44.98 0.111 243.552
10.32 30.535 0.17 238.784
10.34 30.535 0.2 242.165
10.36 41.945 0.166 249.728
10.38 38.703 0.242 254.853
10.4 40.874 0.242 257.001
10.42 41.172 0.198 253.146
10.44 41.929 0.215 255.692
10.46 43.045 0.16 250.562
10.48 40.815 0.13 244.521
10.5 37.722 0.128 241.578
10.52 34.493 0.126 238.299
10.54 34.157 0.135 239.46
10.56 32.342 0.126 236.349
10.58 31.417 0.133 236.549
10.6 30.87 0.136 236.514
10.62 31.538 0.098 230.984
10.64 32.871 0.099 232.683
10.66 34.609 0.064 226.179
10.68 30.65 0.032 209.911
10.7 28.378 0.058 218.239
10.72 26.106 0.084 222.496
10.74 29.746 0.107 231.449
10.76 31.289 0.155 240.566
10.78 32.438 0.189 245.968
10.8 29.829 0.151 238.643
10.82 29.557 0.12 233.935
10.84 30.154 0.119 234.567
10.86 30.59 0.097 231.207
10.88 31.53 0.109 234.602
10.9 33.675 0.132 240.761
10.92 34.911 0.138 243.035
10.94 28.633 0.304 252.365
10.96 17.402 0.279 233.349
10.98 17.402 0.398 240.471
11 20.387 0.403 246.396
11.02 23.464 0.341 248.089
11.04 21.562 0.274 240.788
11.06 20.974 0.326 243.447
11.08 20.666 0.288 240.557
11.1 20.112 0.239 236.047
11.12 19.146 0.134 223.475
11.14 21.006 0.088 218.802
11.16 19.485 0.071 212.721
11.18 23.848 0.066 217.783
11.2 22.87 0.084 220.971
11.22 22.509 0.16 232.722
11.24 17.782 0.173 226.534
11.26 16.809 0.197 227.26
11.28 15.834 0.235 228.757
11.3 15.618 0.202 225.559
11.32 20.61 0.185 233.154
11.34 23.83 0.121 229.929
11.36 24.547 0.091 225.613
11.38 24.547 0.077 222.608
11.4 25.832 0.062 220.351
11.42 24.647 0.17 238.142
11.44 23.748 0.158 235.548
11.46 25.328 0.145 236.165
11.48 25.328 0.177 240.232
11.5 25.565 0.268 249.123
11.52 25.113 0.308 251.498
11.54 21.473 0.32 246.793
11.56 21.85 0.192 237.231
11.58 21.261 0.151 231.735
11.6 22.795 0.125 230.531
11.62 22.963 0.114 229.122
11.64 21.177 0.119 227.385
11.66 21.937 0.126 229.742
11.68 22.302 0.127 230.55
11.7 23.595 0.109 229.601
11.72 23.843 0.106 229.522
11.74 25.177 0.096 229.538
11.76 25.561 0.123 234.943
11.78 23.48 0.138 234.431
11.8 24.319 0.124 233.641
11.82 25.91 0.096 230.924
11.84 28.917 0.088 233.022
11.86 26.268 0.102 232.77
11.88 28.328 0.122 238.958
11.9 28.584 0.128 240.337
11.92 20.957 0.104 226.001
11.94 24 0.101 230.004
11.96 26.417 0.12 236.683
11.98 27.694 0.108 236.327
12 31.157 0.12 242.6
12.02 33.868 0.148 249.969
12.04 36.575 0.146 252.583
12.06 39.705 0.184 260.675
12.08 40.873 0.143 256.45
12.1 35.296 0.152 252.484
12.12 35.975 0.135 250.807
12.14 35.805 0.148 252.676
12.16 40.577 0.187 262.445
12.18 43.648 0.188 265.456
12.2 40.711 0.278 271.624
12.22 41.235 0.334 276.438
12.24 51.157 0.291 282.033
12.26 33.722 0.245 261.949
12.28 34.019 0.183 256.105
12.3 34.437 0.186 257.02
12.32 38.244 0.249 267.461
12.34 42.878 0.341 279.235
12.36 45.417 0.367 283.412
12.38 44.153 0.369 282.517
12.4 42.962 0.335 279.278
12.42 46.011 0.31 280.361
12.44 48.636 0.256 278.269
12.46 48.307 0.2 272.468
12.48 48.808 0.212 274.321
12.5 50.472 0.212 275.771
12.52 51.246 0.245 279.848
12.54 50.64 0.28 282.615
12.56 51.603 0.265 282.212
12.58 55.193 0.283 286.648
12.6 52.84 0.321 287.984
12.62 54.421 0.236 282.026
12.64 55.685 0.206 279.9
12.66 55.685 0.175 276.249
