0.02 0.714 0.021 20.58
0.04 0.86 0.016 25.0577
0.06 0.997 0.013 28.1602
0.08 1.157 0.01 30.4928
0.1 1.336 0.008 32.514
0.12 1.489 0.007 34.3589
0.14 1.619 0.006 35.8356
0.16 1.737 0.005 37.004
0.18 1.759 0.004 37.6005
0.2 1.839 0.004 38.9669
0.22 1.911 0.004 40.235
0.24 1.994 0.004 41.4733
0.26 2.058 0.004 42.5998
0.28 2.114 0.004 43.655
0.3 2.17 0.005 45.5053
0.32 2.219 0.006 47.1887
0.34 2.254 0.006 48.0991
0.36 2.274 0.007 49.5633
0.38 2.283 0.007 50.3425
0.4 2.291 0.007 51.0912
0.42 2.306 0.008 52.4167
0.44 2.36 0.008 53.2763
0.46 2.421 0.008 54.1373
0.48 2.476 0.009 55.5004
0.5 2.52 0.009 56.2764
0.52 2.567 0.009 57.0449
0.54 2.615 0.009 57.8006
0.56 2.71 0.009 58.6887
0.58 2.821 0.009 59.6076
0.6 2.941 0.009 60.5341
0.62 3.128 0.01 62.1758
0.64 3.313 0.01 63.2481
0.66 3.519 0.011 64.8603
0.68 3.695 0.012 66.3406
0.7 3.822 0.014 68.0711
0.72 3.93 0.015 69.2787
0.74 4.068 0.016 70.5339
0.76 4.21 0.018 72.114
0.78 4.344 0.02 73.6075
0.8 4.462 0.019 74.0971
0.82 4.603 0.018 74.6062
0.84 4.744 0.018 75.4347
0.86 4.877 0.019 76.5764
0.88 4.964 0.02 77.5942
0.9 4.882 0.021 78.2103
0.92 4.753 0.022 78.6908
0.94 4.595 0.024 79.3506
0.96 4.461 0.026 80.008
0.98 4.394 0.027 80.5453
1 4.425 0.027 81.0809
1.02 4.523 0.027 81.7861
1.04 4.658 0.026 82.3189
1.06 4.778 0.026 83.0596
1.08 4.798 0.025 83.2704
1.1 4.664 0.024 83.073
1.12 4.51 0.024 83.0875
1.14 4.359 0.025 83.3715
1.16 4.259 0.025 83.4961
1.18 4.209 0.026 84.025
1.2 4.202 0.027 84.6637
1.22 4.266 0.026 84.9718
1.24 4.401 0.026 85.7405
1.26 4.556 0.025 86.2711
1.28 4.688 0.024 86.7118
1.3 4.825 0.024 87.4483
1.32 4.86 0.02 86.5882
1.34 4.985 0.018 86.5078
1.36 5.133 0.016 86.3809
1.38 5.219 0.017 87.3796
1.4 5.247 0.017 87.7975
1.42 5.212 0.018 88.4792
1.44 5.139 0.019 89.0433
1.46 5.036 0.02 89.5064
1.48 4.837 0.021 89.6888
1.5 4.689 0.022 89.9697
1.52 4.52 0.022 89.8255
1.54 4.308 0.023 89.8628
1.56 4.062 0.023 89.4254
1.58 3.828 0.023 88.9791
1.6 3.579 0.022 88.1038
1.62 3.257 0.022 87.2164
1.64 2.675 0.021 84.7398
1.66 2.231 0.021 82.8324
1.68 1.919 0.021 81.3252
1.7 1.731 0.022 80.7025
1.72 1.599 0.022 80.0458
1.74 1.488 0.02 78.8481
1.76 1.432 0.019 78.3283
1.78 1.408 0.017 77.6617
1.8 1.474 0.016 78.0243
1.82 1.87 0.015 80.5589
1.84 1.967 0.015 81.3946
1.86 1.788 0.013 79.5726
1.88 1.51 0.012 77.3739
1.9 1.263 0.014 76.6075
1.92 1.037 0.016 75.5145
1.94 0.833 0.014 72.5701
1.96 0.695 0.013 70.4678
1.98 0.644 0.013 69.8957
2 0.641 0.014 70.4774
2.02 0.623 0.016 71.1696
2.04 0.62 0.019 72.3422
2.06 0.613 0.022 73.3089
2.08 0.585 0.024 73.5434
2.1 0.558 0.027 73.9605
2.12 0.52 0.029 73.844
2.14 0.499 0.03 73.8067
2.16 0.478 0.029 73.334
2.18 0.46 0.026 72.4555
2.2 0.452 0.024 71.9755
2.22 0.451 0.021 71.3369
2.24 0.473 0.018 71.0895
2.26 0.475 0.017 70.9704
2.28 0.468 0.016 70.6353
2.3 0.475 0.016 70.9586
2.32 0.486 0.017 71.7253
2.34 0.496 0.019 72.7782
2.36 0.493 0.021 73.4964
2.38 0.478 0.024 74.1613
2.4 0.433 0.025 73.5325
2.42 0.398 0.025 72.8132
2.44 0.364 0.025 72.0476
2.46 0.341 0.025 71.5357
2.48 0.329 0.022 70.5734
2.5 0.32 0.018 69.2828
2.52 0.31 0.015 68.0791
2.54 0.304 0.011 66.3039
2.56 0.302 0.008 64.6497
2.58 0.301 0.006 63.2272
2.6 0.307 0.004 61.4355
2.62 0.312 0.003 60.2505
2.64 0.309 0.002 58.2939
2.66 0.311 0.002 58.4707
2.68 0.321 0.001 55.5618
2.7 0.338 0.001 56.092
2.72 0.352 0.002 59.893
2.74 0.351 0.002 59.9905
2.76 0.35 0.002 60.0872
2.78 0.35 0.003 62.2737
2.8 0.353 0.003 62.4746
2.82 0.393 0.002 61.4646
2.84 0.412 0.001 58.5309
2.86 0.412 0.001 58.6452
2.88 0.409 0 0
2.9 0.399 0 0
2.92 0.393 0 0
2.94 0.391 0.001 58.6532
2.96 0.405 0.001 59.0623
2.98 0.41 0.001 59.2776
3 0.402 0.001 59.2197
3.02 0.392 0.002 62.6237
3.04 0.381 0.002 62.4821
3.06 0.373 0.002 62.4051
3.08 0.364 0.003 64.4362
3.1 0.36 0.003 64.4496
3.12 0.362 0.003 64.6165
3.14 0.366 0.003 64.8339
3.16 0.417 0.003 66.18
3.18 0.475 0.002 65.3104
3.2 0.536 0.002 66.5725
3.22 0.566 0.002 67.213
3.24 0.565 0.002 67.3116
3.26 0.543 0.003 69.3426
3.28 0.509 0.003 68.8168
3.3 0.466 0.004 69.7114
3.32 0.43 0.004 69.0248
3.34 0.398 0.004 68.3745
3.36 0.379 0.004 68.0073
3.38 0.368 0.003 66.227
3.4 0.361 0.003 66.1525
3.42 0.36 0.002 64.0369
3.44 0.359 0.002 64.1151
3.46 0.36 0.001 60.6441
3.48 0.37 0.001 60.9815
3.5 0.384 0.001 61.4062
3.52 0.413 0.001 62.1518
3.54 0.423 0.002 66.1728
3.56 0.475 0.002 67.3923
3.58 0.936 0.004 78.8411
3.6 1.326 0.006 85.8733
3.62 1.07 0.01 87.0102
3.64 0.842 0.015 87.0763
3.66 0.736 0.018 86.843
3.68 0.656 0.019 85.931
3.7 0.587 0.018 84.3141
3.72 0.51 0.016 81.9411
3.74 0.465 0.011 78.4934
3.76 0.438 0.007 75.0593
3.78 0.422 0.006 73.8155
3.8 0.414 0.006 73.7204
3.82 0.408 0.005 72.5639
3.84 0.401 0.005 72.4885
3.86 0.394 0.005 72.4094
3.88 0.381 0.004 70.8366
3.9 0.376 0.004 70.8031
3.92 0.373 0.004 70.8221
3.94 0.372 0.003 69.2182
3.96 0.369 0.003 69.2349
3.98 0.362 0.003 69.141
4 0.355 0.003 69.043
4.02 0.345 0.003 68.8549
4.04 0.34 0.003 68.8052
4.06 0.345 0.003 69.0447
4.08 0.352 0.003 69.3394
4.1 0.364 0.003 69.7697
4.12 0.38 0.003 70.2983
4.14 0.408 0.003 71.1173
4.16 0.439 0.002 69.5803
4.18 0.445 0.002 69.8095
4.2 0.431 0.002 69.5811
4.22 0.403 0.002 69.0024
4.24 0.394 0.002 68.8688
4.26 0.397 0.002 69.0343
4.28 0.407 0.002 69.3724
4.3 0.417 0.002 69.7055
4.32 0.43 0.002 70.1048
4.34 0.43 0.002 70.1948
4.36 0.423 0.002 70.1187
4.38 0.332 0.001 64.0017
4.4 0.387 0.001 65.5131
4.42 0.417 0.001 66.3048
4.44 0.425 0.001 66.57
4.46 0.422 0.001 66.5852
4.48 0.417 0.002 70.5048
4.5 0.41 0.002 70.4202
4.52 0.397 0.002 70.1807
4.54 0.389 0.002 70.0612
4.56 0.394 0.002 70.276
4.58 0.413 0.002 70.8404
4.6 0.458 0.002 71.9904
4.62 0.493 0.002 72.8457
4.64 0.521 0.002 73.5157
4.66 0.528 0.002 73.7453
4.68 0.518 0.003 76.1564
4.7 0.535 0.004 78.4577
4.72 0.66 0.004 80.9617
4.74 0.789 0.004 83.1677
4.76 0.787 0.005 84.7944
4.78 0.728 0.007 86.3292
4.8 0.676 0.008 86.4674
4.82 0.665 0.008 86.3631
4.84 0.701 0.007 86.1589
4.86 0.752 0.007 87.1345
4.88 0.773 0.008 88.5592
4.9 0.762 0.008 88.4771
4.92 0.718 0.008 87.822
4.94 0.689 0.008 87.4006
4.96 0.671 0.007 86.2029
4.98 0.666 0.007 86.2065
5 0.689 0.007 86.7256
5.02 0.744 0.006 86.6687
5.04 0.811 0.006 87.8486
5.06 0.859 0.007 89.8212
5.08 0.929 0.009 92.8614
5.1 1.1 0.011 96.856
5.12 1.666 0.013 104.375
5.14 2.08 0.015 109.174
5.16 2.424 0.016 112.328
5.18 2.728 0.016 114.379
5.2 3.013 0.015 115.53
5.22 3.267 0.014 116.339
5.24 3.535 0.013 117.069
5.26 3.895 0.013 118.841
5.28 4.095 0.013 119.827
5.3 4.272 0.014 121.433
5.32 4.424 0.014 122.173
5.34 4.486 0.017 124.542
5.36 4.469 0.018 125.197
5.38 4.299 0.018 124.629
5.4 4.081 0.021 125.424
5.42 4.03 0.021 125.326
5.44 4.222 0.021 126.298
5.46 4.49 0.023 128.522
5.48 4.69 0.024 129.922
5.5 4.729 0.023 129.748
5.52 4.662 0.021 128.635
5.54 4.667 0.021 128.785
5.56 4.828 0.021 129.545
5.58 5.245 0.021 131.23
5.6 5.644 0.022 133.27
5.62 6.133 0.023 135.508
5.64 6.985 0.022 137.697
5.66 8.348 0.025 142.928
5.68 9.795 0.03 148.637
5.7 11.242 0.034 153.353
5.72 11.942 0.039 156.621
5.74 12.497 0.041 158.46
5.76 12.955 0.038 158.432
5.78 12.992 0.033 156.799
5.8 13.068 0.03 155.841
5.82 12.856 0.032 156.461
5.84 12.454 0.034 156.684
5.86 11.909 0.037 156.926
5.88 11.336 0.04 156.978
5.9 10.672 0.043 156.706
5.92 10.008 0.046 156.284
5.94 9.84 0.048 156.603
5.96 9.742 0.05 157.057
5.98 9.764 0.051 157.513
6 10.1 0.051 158.429
6.02 10.435 0.051 159.323
6.04 10.991 0.05 160.402
6.06 11.312 0.049 160.946
6.08 11.419 0.045 160.173
6.1 11.407 0.042 159.377
6.12 11.408 0.041 159.205
6.14 11.458 0.042 159.77
6.16 11.543 0.043 160.398
6.18 12 0.044 161.752
6.2 12.291 0.045 162.761
6.22 12.609 0.049 164.67
6.24 12.831 0.052 166.05
6.26 12.955 0.055 167.207
6.28 13.056 0.056 167.794
6.3 13.119 0.057 168.307
6.32 13.305 0.057 168.797
6.34 13.352 0.057 169.031
6.36 13.357 0.056 168.939
6.38 13.43 0.055 168.966
6.4 13.487 0.056 169.47
6.42 13.464 0.057 169.825
6.44 13.443 0.058 170.18
6.46 13.491 0.058 170.414
6.48 13.663 0.059 171.115
6.5 13.738 0.059 171.397
6.52 13.793 0.06 171.883
6.54 13.88 0.059 171.944
6.56 14.113 0.061 172.982
6.58 14.355 0.067 174.913
6.6 14.495 0.065 174.864
6.62 14.218 0.065 174.526
6.64 14.277 0.064 174.551
6.66 14.129 0.064 174.435
6.68 13.815 0.065 174.241
6.7 13.784 0.066 174.551
6.72 13.848 0.065 174.59
6.74 14.111 0.064 174.983
6.76 14.647 0.064 176.07
6.78 15.208 0.064 177.171
6.8 15.588 0.064 177.947
6.82 16.046 0.063 178.603
6.84 16.122 0.063 178.87
6.86 16.168 0.062 178.85
6.88 16.276 0.062 179.167
6.9 16.483 0.062 179.638
6.92 16.705 0.062 180.129
6.94 16.915 0.062 180.598
6.96 16.769 0.063 180.758
6.98 16.51 0.065 180.967
7 16.115 0.068 181.159
7.02 15.499 0.071 180.937
7.04 14.794 0.074 180.491
7.06 13.917 0.077 179.644
7.08 12.981 0.079 178.372
7.1 11.903 0.079 176.297
7.12 12.392 0.077 177.083
7.14 13.402 0.074 178.64
7.16 14.368 0.073 180.375
7.18 14.606 0.072 180.735
7.2 15.015 0.07 181.171
7.22 15.295 0.064 180.443
7.24 15.273 0.055 178.282
7.26 15.352 0.048 176.541
7.28 15.454 0.043 175.233
7.3 15.537 0.045 176.167
7.32 15.464 0.048 177.131
7.34 15.264 0.051 177.828
7.36 15.054 0.054 178.454
7.38 14.798 0.056 178.688
7.4 14.387 0.058 178.62
7.42 14.292 0.058 178.583
7.44 14.137 0.063 179.668
7.46 14.007 0.056 177.812
7.48 13.294 0.053 175.804
7.5 12.789 0.053 174.956
7.52 12.304 0.058 175.425
7.54 12.419 0.061 176.529
7.56 13.614 0.06 178.765
7.58 14.701 0.061 181.135
7.6 15.299 0.061 182.312
7.62 15.615 0.061 182.983
7.64 15.86 0.058 182.759
7.66 15.876 0.053 181.552
7.68 15.848 0.047 179.83
7.7 15.887 0.043 178.697
7.72 15.818 0.043 178.714
7.74 16.01 0.045 179.832
7.76 16.222 0.048 181.273
7.78 16.613 0.052 183.242
7.8 16.734 0.056 184.7
7.82 16.882 0.059 185.872
7.84 17.035 0.061 186.763
7.86 17.252 0.062 187.49
7.88 17.716 0.062 188.341
7.9 18.465 0.061 189.344
7.92 19.382 0.06 190.542
7.94 19.461 0.058 190.25
7.96 19.57 0.057 190.261
7.98 19.544 0.058 190.633
8 19.339 0.06 191.014
8.02 19.007 0.063 191.446
8.04 18.605 0.069 192.441
8.06 18.335 0.075 193.507
8.08 18.35 0.079 194.502
8.1 18.261 0.082 195.104
8.12 18.039 0.083 195.091
8.14 17.666 0.078 193.634
8.16 16.29 0.074 190.68
8.18 16.598 0.072 190.889
8.2 16.26 0.07 190.008
8.22 15.346 0.068 188.105
8.24 14.859 0.067 187.129
8.26 14.302 0.067 186.228
8.28 13.477 0.067 184.766
8.3 12.663 0.068 183.464
8.32 11.166 0.068 180.291
8.34 10.501 0.067 178.603
8.36 10.011 0.065 177.049
8.38 9.719 0.063 175.955
8.4 9.649 0.061 175.417
8.42 9.975 0.059 175.887
8.44 10.302 0.057 176.316
8.46 10.592 0.053 176.069
8.48 11.038 0.049 176.081
8.5 11.245 0.046 175.742
8.52 11.094 0.045 175.194
8.54 10.912 0.045 174.891
8.56 10.705 0.042 173.524
8.58 10.519 0.042 173.199
8.6 10.574 0.043 173.781
8.62 10.79 0.045 175.062
8.64 11.024 0.047 176.353
8.66 10.93 0.049 176.862
8.68 10.708 0.053 177.609
8.7 10.489 0.056 178.008
8.72 10.302 0.058 178.18
8.74 10.057 0.059 177.93
8.76 10.028 0.06 178.218
8.78 10.021 0.059 178.064
8.8 10.014 0.059 178.158
8.82 10.046 0.058 178.099
8.84 10.105 0.057 178.104
8.86 10.216 0.057 178.496
8.88 10.2 0.057 178.568
8.9 10.082 0.057 178.381
8.92 9.911 0.057 178.053
8.94 9.681 0.057 177.562
8.96 9.403 0.058 177.185
8.98 9.157 0.052 175.022
9 9.064 0.048 173.712
9.02 8.9 0.046 172.75
9.04 8.746 0.045 172.108
9.06 8.575 0.044 171.404
9.08 8.398 0.045 171.315
9.1 8.223 0.045 170.9
9.12 8.076 0.044 170.242
9.14 8.041 0.045 170.558
9.16 8.061 0.044 170.404
9.18 8.123 0.043 170.369
9.2 8.133 0.042 170.169
9.22 7.955 0.042 169.73
9.24 7.772 0.042 169.264
9.26 7.6 0.042 168.821
9.28 7.467 0.043 168.824
9.3 7.349 0.044 168.861
9.32 7.254 0.044 168.645
9.34 7.118 0.044 168.286
9.36 7.011 0.043 167.699
9.38 7.034 0.043 167.877
9.4 7.283 0.042 168.49
9.42 7.58 0.042 169.563
9.44 7.741 0.04 169.488
9.46 7.93 0.039 169.819
9.48 8.142 0.038 170.198
9.5 8.294 0.036 169.985
9.52 8.361 0.033 169.054
9.54 8.295 0.031 168.083
9.56 8.091 0.027 165.664
9.58 7.852 0.023 162.858
9.6 7.621 0.022 161.655
9.62 7.395 0.025 162.771
9.64 6.756 0.03 163.216
9.66 6.939 0.031 164.388
9.68 7.031 0.033 165.654
9.7 7.052 0.035 166.634
9.72 7.242 0.035 167.369
9.74 7.538 0.034 168.028
9.76 7.924 0.031 168.041
9.78 8.404 0.029 168.628
9.8 9.032 0.028 169.987
9.82 10.39 0.028 173.549
9.84 11.747 0.029 177.26
9.86 11.993 0.031 178.88
9.88 12.2 0.035 181.244
9.9 12.365 0.038 182.944
9.92 12.427 0.038 183.179
9.94 12.288 0.034 181.299
9.96 11.588 0.031 178.498
9.98 11.213 0.033 178.68
10 10.986 0.038 180.359
10.02 11.078 0.044 182.893
10.04 11.745 0.051 186.822
10.06 13.174 0.063 193.412
10.08 13.281 0.072 195.909
10.1 13.32 0.076 196.984
10.12 13.268 0.077 197.196
10.14 12.949 0.07 195.061
10.16 11.611 0.056 188.593
10.18 10.853 0.044 183.158
10.2 10.062 0.037 178.677
10.22 9.809 0.035 177.299
10.24 9.897 0.037 178.447
10.26 9.92 0.043 180.85
10.28 9.877 0.051 183.42
10.3 9.79 0.059 185.521
10.32 9.657 0.06 185.516
10.34 9.408 0.056 183.86
10.36 9.117 0.048 180.795
10.38 9.078 0.042 178.783
10.4 9.381 0.038 178.236
10.42 9.805 0.035 178.246
10.44 10.229 0.035 179.432
10.46 10.461 0.036 180.53
10.48 10.049 0.036 179.584
10.5 9.77 0.033 177.662
10.52 9.533 0.028 174.723
10.54 9.384 0.026 173.347
10.56 9.352 0.027 173.899
10.58 9.331 0.033 176.862
10.6 9.26 0.036 178.045
10.62 9.228 0.037 178.456
10.64 9.282 0.039 179.484
10.66 9.221 0.04 179.785
10.68 9.026 0.039 178.949
10.7 8.733 0.039 178.193
10.72 8.44 0.04 177.786
10.74 8.248 0.04 177.289
10.76 8.217 0.04 177.285
10.78 8.271 0.039 177.17
10.8 8.294 0.038 176.95
10.82 8.208 0.037 176.383
10.84 8.061 0.038 176.406
10.86 7.92 0.04 176.802
10.88 7.795 0.041 176.85
10.9 7.759 0.042 177.178
10.92 7.839 0.043 177.878
10.94 7.9 0.043 178.167
10.96 7.856 0.043 178.114
10.98 7.622 0.044 177.77
11 7.32 0.043 176.49
11.02 6.979 0.044 175.706
11.04 6.643 0.043 174.216
11.06 6.369 0.044 173.581
11.08 6.246 0.043 172.851
11.1 6.277 0.041 172.376
11.12 6.414 0.041 173
11.14 6.622 0.039 173.161
11.16 6.764 0.036 172.624
11.18 6.8 0.032 171.157
11.2 6.691 0.026 167.918
11.22 6.663 0.023 166.196
11.24 6.645 0.021 164.96
11.26 6.613 0.022 165.566
11.28 6.567 0.025 167.251
11.3 6.517 0.029 169.226
11.32 6.478 0.031 170.105
11.34 6.445 0.032 170.513
11.36 6.463 0.031 170.215
11.38 6.532 0.031 170.558
11.4 6.627 0.031 170.997
11.42 6.734 0.031 171.475
11.44 6.823 0.031 171.883
11.46 6.866 0.031 172.123
11.48 6.839 0.032 172.564
11.5 6.782 0.034 173.311
11.52 6.716 0.036 173.976
11.54 6.667 0.036 173.877
11.56 6.653 0.034 173.083
11.58 6.707 0.032 172.495
11.6 6.823 0.029 171.594
11.62 6.997 0.027 171.278
11.64 7.18 0.026 171.459
11.66 7.34 0.025 171.526
11.68 7.49 0.025 172.108
11.7 7.646 0.026 173.266
11.72 7.807 0.027 174.416
11.74 7.987 0.027 175.073
11.76 8.18 0.028 176.291
11.78 8.383 0.028 176.998
11.8 8.614 0.028 177.776
11.82 8.865 0.028 178.597
11.84 9.08 0.029 179.823
11.86 9.224 0.029 180.316
11.88 9.319 0.03 181.177
11.9 9.382 0.031 181.933
11.92 9.438 0.032 182.656
11.94 9.463 0.033 183.279
11.96 9.498 0.035 184.362
11.98 9.586 0.036 185.127
12 9.724 0.037 186.018
12.02 9.861 0.037 186.479
12.04 10.012 0.039 187.795
12.06 10.162 0.019 177.349
12.08 10.092 0.03 184.12
12.1 10.022 0.035 186.396
12.12 10.047 0.038 187.829
12.14 10.044 0.039 188.314
12.16 10.267 0.039 188.997
12.18 10.95 0.04 191.247
12.2 11.815 0.042 194.227
12.22 12.572 0.043 196.446
12.24 13.21 0.042 197.554
12.26 13.26 0.04 196.95
12.28 12.987 0.039 196.036
12.3 12.694 0.04 195.894
12.32 12.555 0.041 196.074
12.34 12.506 0.044 197.208
12.36 12.704 0.048 199.18
12.38 13.064 0.053 201.729
12.4 13.434 0.056 203.563
12.42 13.784 0.057 204.712
12.44 13.937 0.057 205.129
12.46 14.023 0.057 205.402
12.48 14.063 0.058 205.876
12.5 14.052 0.059 206.238
12.52 14.045 0.06 206.603
12.54 14.106 0.061 207.109
12.56 14.116 0.062 207.502
12.58 14.003 0.063 207.63
12.6 13.804 0.064 207.566
12.62 13.736 0.064 207.51
12.64 13.788 0.064 207.714
12.66 14.202 0.064 208.693
12.68 14.508 0.065 209.696
12.7 14.609 0.067 210.528
12.72 14.673 0.069 211.269
12.74 14.769 0.07 211.814
12.76 14.867 0.07 212.108
12.78 14.894 0.07 212.256
12.8 13.645 0.067 208.924
12.82 14.497 0.065 210.314
12.84 14.413 0.063 209.684
12.86 14.285 0.063 209.505
12.88 14.164 0.062 209.061
12.9 13.965 0.063 209.003
12.92 13.627 0.064 208.63
12.94 13.445 0.065 208.585
12.96 13.774 0.066 209.668
12.98 14.246 0.067 211.042
13 14.564 0.067 211.805
13.02 14.822 0.064 211.624
13.04 14.962 0.06 210.866
13.06 14.895 0.056 209.612
13.08 14.684 0.054 208.639
13.1 14.566 0.052 207.832
13.12 14.361 0.052 207.496
13.14 14.167 0.054 207.829
13.16 13.996 0.057 208.49
13.18 13.796 0.06 209.036
13.2 13.792 0.062 209.687
13.22 13.804 0.063 210.081
13.24 13.651 0.063 209.832
13.26 13.573 0.061 209.185
13.28 13.815 0.056 208.318
13.3 14.681 0.053 209.277
13.32 17.401 0.054 214.886
13.34 18.228 0.055 216.748
13.36 18.576 0.054 217.098
13.38 18.462 0.051 215.967
13.4 17.842 0.046 213.158
13.42 17.508 0.041 210.641
13.44 17.286 0.038 209.016
13.46 17.097 0.04 209.664
13.48 16.886 0.044 211.043
13.5 16.511 0.048 211.977
13.52 16.121 0.052 212.748
13.54 15.768 0.057 213.785
13.56 15.495 0.06 214.248
13.58 15.35 0.062 214.63
13.6 13.955 0.061 211.506
13.62 14.735 0.06 212.963
13.64 14.955 0.059 213.206
13.66 14.847 0.058 212.768
13.68 14.527 0.058 212.188
13.7 14.187 0.058 211.551
13.72 13.796 0.059 211.087
13.74 13.391 0.059 210.268
13.76 13.096 0.061 210.262
13.78 13.004 0.062 210.418
13.8 13.163 0.062 210.872
13.82 13.495 0.062 211.715
13.84 13.653 0.061 211.868
13.86 13.517 0.061 211.648
13.88 13.623 0.06 211.68
13.9 13.82 0.059 211.906
13.92 14.071 0.058 212.239
13.94 14.388 0.057 212.698
13.96 14.317 0.058 212.939
13.98 13.87 0.058 212.053
14 13.319 0.06 211.499
14.02 13.05 0.06 210.962
14.04 13.344 0.059 211.428
14.06 14.226 0.057 212.858
14.08 15.439 0.058 215.778
14.1 17.816 0.062 221.587
14.12 18.084 0.065 223.027
14.14 17.808 0.061 221.448
14.16 17.199 0.054 218.203
14.18 16.627 0.051 216.198
14.2 16.003 0.05 214.74
14.22 15.413 0.054 215.038
14.24 14.762 0.06 215.671
14.26 14.085 0.063 215.174
14.28 13.387 0.067 214.785
14.3 12.676 0.07 213.965
14.32 11.972 0.063 210.441
14.34 11.51 0.059 208.194
14.36 11.048 0.058 206.755
14.38 10.652 0.058 205.751
14.4 10.094 0.058 204.242
14.42 9.61 0.057 202.587
14.44 9.188 0.056 201.062
14.46 8.857 0.054 199.475
14.48 8.696 0.053 198.716
14.5 8.778 0.052 198.746
14.52 8.986 0.051 199.172
14.54 9.207 0.049 199.282
14.56 9.418 0.048 199.667
14.58 9.655 0.045 199.386
14.6 10.154 0.042 199.764
14.62 10.654 0.04 200.413
14.64 11.835 0.04 203.548
14.66 12.77 0.039 205.433
14.68 13.474 0.041 207.969
14.7 13.954 0.046 211.111
14.72 14.175 0.051 213.494
14.74 14.024 0.055 214.589
14.76 13.586 0.058 214.638
14.78 12.916 0.061 214.057
14.8 12.153 0.062 212.555
14.82 11.232 0.064 210.792
14.84 10.318 0.066 208.843
14.86 9.204 0.068 206.023
14.88 8.149 0.069 202.765
14.9 7.594 0.068 200.547
14.92 8.141 0.067 202.392
14.94 9.898 0.067 208.245
14.96 11.655 0.061 211.625
14.98 14.277 0.054 215.781
15 16.029 0.05 218.088
15.02 18.087 0.05 221.997
15.04 16.836 0.049 219.43
15.06 16.554 0.049 218.978
15.08 16.062 0.05 218.476
15.1 16.471 0.053 220.415
15.12 17.581 0.054 222.923
15.14 18.182 0.056 224.766
15.16 11.821 0.057 211.643
15.18 17.863 0.059 225.335
15.2 17.833 0.058 225.042
15.22 17.332 0.054 222.874
15.24 16.603 0.049 219.796
15.26 16.003 0.048 218.338
15.28 15.441 0.049 217.67
15.3 15.104 0.053 218.48
15.32 14.784 0.057 219.209
15.34 14.179 0.061 219.207
15.36 13.656 0.064 218.975
15.38 13.465 0.064 218.611
15.4 13.625 0.062 218.484
15.42 13.824 0.06 218.423
15.44 14.022 0.058 218.333
15.46 14.299 0.056 218.389
15.48 14.657 0.054 218.585
15.5 15.021 0.054 219.437
15.52 15.388 0.055 220.617
15.54 15.731 0.056 221.729
15.56 15.908 0.057 222.494
15.58 15.918 0.058 222.916
15.6 15.758 0.059 222.988
15.62 15.384 0.06 222.608
15.64 14.978 0.061 222.137
15.66 14.402 0.061 220.964
15.68 13.797 0.061 219.681
15.7 13.305 0.062 218.909
15.72 12.998 0.061 217.956
15.74 12.854 0.061 217.684
15.76 12.786 0.06 217.295
15.78 12.747 0.059 216.973
15.8 12.634 0.057 216.15
15.82 12.456 0.056 215.467
15.84 12.19 0.056 214.874
15.86 11.894 0.055 213.869
15.88 11.523 0.028 201.337
15.9 10.927 0.035 203.618
15.92 10.33 0.038 203.435
15.94 10.091 0.039 203.26
15.96 10.078 0.039 203.293
15.98 10.171 0.04 204.063
16 10.217 0.041 204.687
16.02 10.2 0.041 204.709
16.04 10.132 0.041 204.582
16.06 10.029 0.04 203.933
16.08 9.969 0.039 203.399
16.1 9.953 0.039 203.422
16.12 10.108 0.039 203.945
16.14 10.263 0.037 203.57
16.16 10.541 0.036 203.959
16.18 10.495 0.036 203.901
16.2 10.492 0.036 203.963
16.22 10.539 0.035 203.686
16.24 10.538 0.035 203.753
16.26 10.584 0.036 204.429
16.28 10.78 0.037 205.508
16.3 11.146 0.036 206.099
16.32 11.541 0.035 206.72
16.34 11.64 0.037 208.005
16.36 11.756 0.037 208.373
16.38 11.566 0.036 207.482
16.4 11.114 0.038 207.294
16.42 10.741 0.041 207.657
16.44 10.389 0.042 207.147
16.46 10.085 0.042 206.333
16.48 9.924 0.042 205.925
16.5 9.828 0.043 206.109
16.52 9.603 0.043 205.492
16.54 9.415 0.042 204.576
16.56 9.217 0.041 203.611
16.58 8.962 0.04 202.442
16.6 8.586 0.039 200.84
16.62 8.072 0.038 198.699
16.64 7.456 0.037 196.071
16.66 6.812 0.038 194.032
16.68 6.122 0.039 191.548
16.7 5.005 0.02 176.073
16.72 4.9 0.03 181.619
16.74 4.618 0.042 185.25
16.76 4.342 0.047 185.401
16.78 4.171 0.051 185.65
16.8 4.028 0.054 185.661
16.82 3.558 0.053 182.151
16.84 2.927 0.05 176.303
16.86 2.372 0.048 170.522
16.88 1.985 0.052 167.37
16.9 2.64 0.05 173.874
16.92 3.337 0.043 177.656
16.94 3.306 0.039 176.04
16.96 3.089 0.037 173.623
16.98 2.691 0.039 171.011
17 2.334 0.046 169.915
17.02 2.653 0.053 175.187
17.04 4.212 0.053 187.306
17.06 6.18 0.049 196.714
17.08 7.617 0.046 201.729
17.1 8.574 0.044 204.505
17.12 9.187 0.042 205.818
17.14 9.65 0.033 203.229
17.16 10.112 0.029 202.48
17.18 10.19 0.03 203.342
17.2 10.262 0.031 204.171
17.22 10.714 0.033 206.58
17.24 11.107 0.038 210.174
17.26 11.483 0.041 212.592
17.28 11.77 0.043 214.265
17.3 11.885 0.042 214.214
17.32 11.877 0.042 214.263
17.34 11.703 0.041 213.448
17.36 11.651 0.042 213.808
17.38 11.475 0.021 201.449
17.4 10.826 0.027 204.053
17.42 10.176 0.031 204.645
17.44 9.627 0.033 204.141
17.46 9.076 0.037 204.417
17.48 8.477 0.04 203.799
17.5 7.795 0.04 201.417
17.52 7.03 0.039 198.088
17.54 6.357 0.038 194.879
17.56 5.793 0.038 192.35
17.58 5.234 0.038 189.62
17.6 4.526 0.037 185.339
17.62 3.803 0.035 179.975
17.64 3.107 0.038 176.068
17.66 2.6 0.047 174.725
17.68 2.289 0.056 174.123
17.7 2.41 0.06 176.485
17.72 4.465 0.057 192.112
17.74 6.465 0.052 201.15
17.76 8.022 0.05 206.887
17.78 8.98 0.051 210.688
17.8 9.012 0.053 211.538
17.82 8.279 0.052 208.704
17.84 7.306 0.044 202.214
17.86 6.576 0.037 196.382
17.88 6.455 0.034 194.545
17.9 6.969 0.036 197.702
17.92 7.832 0.052 207.365
17.94 8.863 0.059 213.387
17.96 9.716 0.061 216.897
17.98 10.569 0.063 220.199
18 10.869 0.065 221.732
18.02 11.417 0.063 222.797
18.04 11.66 0.059 222.326
18.06 11.202 0.05 218.091
18.08 11.734 0.042 216.458
18.1 11.961 0.036 214.356
18.12 11.875 0.033 212.654
18.14 11.547 0.03 210.19
18.16 10.862 0.026 205.944
18.18 11.198 0.023 204.813
18.2 11.275 0.022 204.321
18.22 11.108 0.023 204.7
18.24 10.897 0.019 200.977
18.26 10.768 0.02 201.552
18.28 10.639 0.023 203.618
18.3 10.443 0.022 202.386
18.32 10.315 0.02 200.492
18.34 10.519 0.017 198.418
18.36 10.875 0.016 198.428
18.38 11.383 0.015 198.727
18.4 12.128 0.017 202.71
18.42 12.442 0.02 206.29
18.44 12.461 0.024 209.552
18.46 12.615 0.029 213.319
18.48 12.791 0.033 216.12
18.5 13.358 0.038 220.108
18.52 13.65 0.042 222.708
18.54 13.418 0.044 223.087
18.56 13.293 0.044 222.854
18.58 13.406 0.042 222.33
18.6 13.444 0.04 221.586
18.62 13.565 0.039 221.471
18.64 13.464 0.04 221.766
18.66 13.03 0.038 219.847
18.68 11.318 0.037 215.019
18.7 10.271 0.036 211.615
18.72 10.12 0.038 212.179
18.74 9.42 0.039 210.517
18.76 8.415 0.043 208.876
18.78 7.249 0.044 204.89
18.8 6.103 0.043 199.552
18.82 5.209 0.045 195.849
18.84 4.502 0.048 192.868
18.86 4.034 0.053 191.471
18.88 3.776 0.054 190.009
18.9 3.648 0.051 188.226
18.92 3.946 0.051 190.423
18.94 3.943 0.05 190.144
18.96 3.904 0.048 189.284
18.98 3.941 0.048 189.597
19 3.69 0.051 188.813
19.02 3.144 0.047 183.313
19.04 2.631 0.046 178.404
19.06 2.245 0.054 176.767
19.08 2.001 0.063 176.158
19.1 2.074 0.064 177.353
19.12 3.498 0.062 190.769
19.14 5.958 0.061 205.756
19.16 7.58 0.056 211.566
19.18 7.023 0.051 207.692
19.2 5.902 0.046 200.882
19.22 4.886 0.04 193.287
19.24 4.294 0.044 191.291
19.26 4.047 0.062 195.212
19.28 4.375 0.084 202.525
19.3 5.017 0.091 207.998
19.32 5.349 0.089 209.599
19.34 5.385 0.088 209.664
19.36 5.454 0.087 209.91
19.38 5.397 0.089 210.049
19.4 5.742 0.089 211.993
19.42 6.253 0.083 213.43
19.44 5.913 0.071 209.045
19.46 5.25 0.063 203.52
19.48 4.649 0.073 202.512
19.5 4.092 0.088 201.998
19.52 3.883 0.096 201.993
19.54 3.841 0.101 202.588
19.56 3.974 0.1 203.473
19.58 4.353 0.097 205.696
19.6 5.103 0.094 209.969
19.62 5.985 0.098 215.653
19.64 7.416 0.098 222.477
19.66 7.511 0.095 222.373
19.68 6.851 0.093 219.121
19.7 6.184 0.091 215.583
19.72 5.677 0.094 213.579
19.74 5.096 0.107 212.623
19.76 5.314 0.108 214.135
19.78 5.519 0.108 215.366
19.8 6.839 0.117 223.667
19.82 9.686 0.124 236.369
19.84 12.534 0.126 245.703
19.86 14.917 0.116 250.282
19.88 14.729 0.105 247.832
19.9 13.623 0.098 243.727
19.92 12.095 0.088 237.518
19.94 10.799 0.075 230.65
19.96 10.015 0.07 226.918
19.98 10.02 0.075 228.304
20 10.02 0.081 229.834
