0.01 4.04 0 0
0.02 6.25 0 0
0.03 8.76 0 0
0.04 6.58 0 0
0.05 3.87 0 0
0.06 2.32 0.002 27.2157
0.07 1.86 0.002 27.5176
0.0800001 1.89 0.003 29.6063
0.0900001 1.92 0.003 30.6612
0.1 2.18 0.003 32.1553
0.11 2.42 0.004 34.331
0.12 2.71 0.005 36.4194
0.13 2.98 0.006 38.3287
0.14 3.19 0.007 40.0221
0.15 3.22 0.009 41.7153
0.16 3.25 0.009 42.5273
0.17 3.36 0.011 44.1895
0.18 3.43 0.012 45.358
0.19 3.44 0.013 46.372
0.2 3.44 0.015 47.6014
0.21 3.39 0.016 48.409
0.22 3.33 0.017 49.1606
0.23 3.28 0.017 49.6635
0.24 3.25 0.017 50.1881
0.25 3.23 0.017 50.7158
0.26 3.24 0.016 51.0366
0.27 3.25 0.016 51.5978
0.28 3.31 0.016 52.2596
0.29 3.38 0.015 52.6477
0.3 3.42 0.014 52.9316
0.31 3.49 0.013 53.2431
0.32 3.51 0.013 53.7593
0.33 3.51 0.012 53.8613
0.34 3.45 0.011 53.7847
0.35 3.37 0.012 54.4296
0.36 3.1 0.012 54.2018
0.37 2.95 0.011 53.8364
0.38 2.78 0.009 52.8851
0.39 2.46 0.009 52.3385
0.4 2.3 0.008 51.6912
0.41 2.15 0.006 50.3252
0.42 1.91 0.005 49.0574
0.43 1.8 0.004 48.0588
0.44 1.68 0.003 46.7562
0.45 1.47 0.003 46.1531
0.46 1.38 0.002 44.489
0.47 1.28 0.001 41.7926
0.48 1.15 0.001 41.3946
0.49 1.09 0.001 41.3125
0.5 1.02 0.001 41.15
0.51 0.930001 0.001 40.8304
0.52 0.890001 0.001 40.7924
0.53 0.850001 0.001 40.7383
0.54 0.800001 0.001 40.5946
0.55 0.780001 0.001 40.6537
0.56 0.790001 0.001 40.9329
0.57 0.790001 0.001 41.1348
0.58 0.820001 0.001 41.5566
0.59 0.860001 0.002 44.5377
0.6 1.02 0.002 45.8594
0.61 1.15 0.002 46.8733
0.62 1.32 0.002 48.0298
0.63 1.7 0.003 51.7506
0.640001 1.87 0.003 52.696
0.650001 2.03 0.003 53.553
0.660001 2.01 0.004 55.0051
0.670001 1.94 0.004 54.9543
0.680001 1.76 0.004 54.4127
0.690001 1.67 0.004 54.2226
0.700001 1.57 0.004 53.958
0.710001 1.48 0.004 53.7127
0.720001 1.32 0.004 53.0408
0.730001 1.25 0.004 52.8285
0.740001 1.2 0.004 52.7179
0.75 1.1 0.003 51.0202
0.760001 1.08 0.002 49.3791
0.770001 1.05 0.002 49.3582
0.780001 1.04 0.001 46.6953
0.790001 1.04 0.001 46.8609
0.800001 1.05 0.001 47.0899
0.810001 1.06 0.001 47.3174
0.820001 1.06 0.001 47.4791
0.830001 1.06 0.001 47.6393
0.840001 1.02 0.001 47.5342
0.850001 0.990001 0.001 47.4863
0.860001 0.940001 0.001 47.2867
0.870001 0.840001 0.001 46.6767
0.880001 0.810001 0.001 46.5807
0.890001 0.780001 0.001 46.474
0.900001 0.710001 0.001 45.9916
0.910001 0.640001 0.001 45.4487
0.920001 0.6 0.001 45.1653
0.930001 0.53 0 0
0.940001 0.49 0 0
0.950001 0.47 0 0
0.960001 0.44 0 0
0.970001 0.39 0 0
0.980001 0.37 0 0
0.990001 0.36 0 0
1 0.33 0 0
1.01 0.32 0 0
1.02 0.3 0 0
1.03 0.29 0 0
1.04 0.28 0.001 41.8739
1.05 0.27 0.003 45.7637
1.06 0.27 0.003 45.8845
1.07 0.28 0.004 47.3662
1.08 0.28 0.003 46.3657
1.09 0.3 0.002 45.3914
1.1 0.42 0 0
1.11 0.49 0 0
1.12 0.44 0 0
1.13 0.45 0 0
1.14 0.57 0.001 47.5865
1.15 0.770001 0.002 52.7706
1.16 0.890001 0.005 58.2913
1.17 1.04 0.006 60.6692
1.18 1.31 0.008 64.391
1.19 1.45 0.01 66.7202
1.2 1.56 0.01 67.5834
1.21 1.72 0.007 66.69
1.22 1.87 0.007 67.6524
1.23 2.27 0.006 68.8369
1.24 2.56 0.004 67.8683
1.25 2.84 0.006 71.4133
1.26 2.83 0.008 73.2682
1.27 4.26 0.014 81.5959
1.28 5.2 0.03 89.6651
1.29 5.06 0.038 91.2846
1.3 6.09 0.036 93.5327
1.31 7.12 0.035 95.6408
1.32 7.23 0.046 98.2641
1.33 7.99 0.058 101.843
1.34 6.52 0.05 97.8947
1.35 9.09 0.041 101.22
1.36 11.65 0.048 106.505
1.37 15.62 0.055 112.594
1.38 14.69 0.078 115.127
1.39 16.7 0.059 114.811
1.4 18.86 0.065 118.02
1.41 21.82 0.07 121.509
1.42 23.79 0.075 123.982
1.43 26.87 0.0800001 127.102
1.44 24.5 0.0950001 127.476
1.45 25.19 0.096 128.345
1.46 28.69 0.097 131.136
1.47 29.63 0.098 132.109
1.48 30.78 0.099 133.198
1.49 33.38 0.114 136.609
1.5 33.28 0.117 137.1
1.51 33.32 0.123 137.95
1.52 33.36 0 0
1.53 33.49 0 0
1.54 33.39 0 0
1.55 34.88 0 0
1.56 34.5 0 0
1.57 37.72 0 0
1.58 41.21 0 0
