0.02 1.157 0.031 22.788
0.04 1.449 0.034 28.761
0.06 1.606 0.037 32.9038
0.08 1.698 0.038 36.0102
0.1 1.731 0.038 38.4212
0.12 1.731 0.039 40.5062
0.14 1.703 0.041 42.3565
0.16 1.664 0.042 43.8999
0.18 1.605 0.042 45.1259
0.2 1.519 0.043 46.1905
0.22 1.405 0.042 46.8092
0.24 1.349 0.041 47.5797
0.26 1.142 0.041 47.4972
0.28 1.053 0.038 47.6207
0.3 1.001 0.034 47.7462
0.32 0.979 0.031 48.0843
0.34 0.961 0.029 48.5012
0.36 0.981 0.026 48.9774
0.38 1.087 0.023 49.9471
0.4 1.217 0.02 50.9
0.42 1.332 0.018 51.8142
0.44 1.449 0.017 52.8768
0.46 1.798 0.016 54.9461
0.48 2.067 0.016 56.7276
0.5 2.379 0.019 59.3915
0.52 2.11 0.027 60.7649
0.54 2.036 0.026 60.8994
0.56 1.954 0.027 61.3475
0.58 1.887 0.03 62.1811
0.6 1.833 0.032 62.8446
0.62 1.799 0.029 62.7334
0.64 1.774 0.026 62.5909
0.66 1.747 0.022 62.1199
0.68 1.729 0.021 62.3026
0.7 1.687 0.022 62.8274
0.72 1.653 0.021 62.8921
0.74 1.624 0.019 62.6875
0.76 1.598 0.016 62.1129
0.78 1.581 0.013 61.3969
0.8 1.576 0.011 60.9493
0.82 1.591 0.01 60.9675
0.84 1.616 0.01 61.5153
0.86 1.654 0.01 62.1266
0.88 1.7 0.01 62.7724
0.9 1.758 0.01 63.4717
0.92 1.84 0.011 64.7931
0.94 2.041 0.011 66.162
0.96 2.215 0.013 68.2815
0.98 2.322 0.015 69.9703
1 2.351 0.019 71.8903
1.02 2.332 0.022 73.0889
1.04 2.315 0.023 73.6791
1.06 2.301 0.022 73.7324
1.08 2.275 0.02 73.4109
1.1 2.227 0.018 72.9181
1.12 2.155 0.016 72.227
1.14 2.066 0.014 71.3467
1.16 1.972 0.012 70.3059
1.18 1.887 0.01 69.1373
1.2 1.854 0.009 68.6801
1.22 1.881 0.009 69.1402
1.24 1.875 0.009 69.4215
1.26 2.017 0.01 71.0884
1.28 2.085 0.01 71.742
1.3 2.071 0.011 72.5551
1.32 2.031 0.011 72.6593
1.34 1.98 0.011 72.697
1.36 1.951 0.011 72.8421
1.38 1.952 0.011 73.1437
1.4 2 0.011 73.6943
1.42 2.058 0.011 74.2906
1.44 2.078 0.011 74.684
1.46 2.063 0.01 74.3012
1.48 2.03 0.009 73.7604
1.5 1.981 0.009 73.7761
1.52 1.921 0.009 73.721
1.54 1.841 0.01 74.185
1.56 1.794 0.011 74.7654
1.58 1.771 0.012 75.4355
1.6 1.779 0.013 76.255
1.62 1.819 0.014 77.239
1.64 1.891 0.014 77.9374
1.66 1.999 0.014 78.8284
1.68 2.22 0.014 80.2946
1.7 2.376 0.013 80.8509
1.72 2.493 0.012 81.1354
1.74 2.615 0.012 81.9586
1.76 2.75 0.013 83.3709
1.78 2.888 0.014 84.7458
1.8 2.995 0.015 85.9479
1.82 3.037 0.016 86.8505
1.84 2.947 0.017 87.1769
1.86 2.835 0.017 86.9528
1.88 2.727 0.018 87.1387
1.9 2.647 0.019 87.4138
1.92 2.619 0.02 87.9089
1.94 2.635 0.021 88.5988
1.96 2.655 0.022 89.2935
1.98 2.56 0.022 89.0773
2 2.446 0.021 88.3996
2.02 2.293 0.02 87.468
2.04 2.091 0.02 86.5509
2.06 1.86 0.018 84.5905
2.08 1.611 0.016 82.2705
2.1 1.375 0.015 80.1976
2.12 1.155 0.013 77.4874
2.14 0.895 0.012 74.3915
2.16 0.741 0.011 72.0599
2.18 0.626 0.01 69.9545
2.2 0.542 0.008 67.4286
2.22 0.491 0.007 65.907
2.24 0.455 0.006 64.5183
2.26 0.43 0.006 64.1537
2.28 0.413 0.007 64.7639
2.3 0.405 0.007 64.7387
2.32 0.406 0.008 65.643
2.34 0.415 0.009 66.6579
2.36 0.437 0.01 67.9073
2.38 0.465 0.01 68.6783
2.4 0.518 0.011 70.4732
2.42 0.574 0.012 72.2087
2.44 0.636 0.013 73.9418
2.46 0.683 0.014 75.3377
2.48 0.719 0.016 76.9178
2.5 0.751 0.017 77.967
2.52 0.764 0.019 79.0615
2.54 0.766 0.021 79.928
2.56 0.75 0.023 80.4661
2.58 0.732 0.023 80.3588
2.6 0.775 0.023 81.1962
2.62 0.9 0.023 83.1404
2.64 1.074 0.024 85.7673
2.66 1.258 0.027 88.7929
2.68 1.406 0.031 91.4598
2.7 1.471 0.033 92.7286
2.72 1.459 0.035 93.2649
2.74 1.372 0.037 93.0606
2.76 1.288 0.039 92.8101
2.78 1.099 0.036 90.2922
2.8 1.144 0.034 90.5649
2.82 1.148 0.028 89.3351
2.84 1.166 0.025 88.8697
2.86 1.201 0.023 88.805
2.88 1.17 0.022 88.3156
2.9 1.118 0.022 87.9083
2.92 1.075 0.022 87.5803
2.94 1.033 0.023 87.5678
2.96 1.012 0.024 87.7842
2.98 1.006 0.024 87.8734
3 1.005 0.024 88.0244
3.02 1.009 0.024 88.2376
3.04 0.959 0.024 87.7551
3.06 0.896 0.024 87.0591
3.08 0.822 0.024 86.141
3.1 0.737 0.024 84.9504
3.12 0.659 0.023 83.4465
3.14 0.591 0.022 81.9903
3.16 0.539 0.02 80.4128
3.18 0.534 0.019 80.1034
3.2 0.654 0.018 82.2491
3.22 0.835 0.018 85.3421
3.24 0.957 0.018 87.1845
3.26 0.895 0.022 87.9517
3.28 0.834 0.027 88.7091
3.3 0.776 0.032 89.1935
3.32 0.685 0.035 88.4097
3.34 0.576 0.037 86.775
3.36 0.521 0.039 86.0481
3.38 0.489 0.038 85.2227
3.4 0.478 0.036 84.7015
3.42 0.451 0.033 83.5255
3.44 0.423 0.029 82.006
3.46 0.406 0.026 80.916
3.48 0.398 0.023 79.9937
3.5 0.395 0.021 79.4305
3.52 0.388 0.02 79.0304
3.54 0.383 0.018 78.3177
3.56 0.383 0.015 77.2596
3.58 0.388 0.013 76.6071
3.6 0.395 0.011 75.8619
3.62 0.385 0.01 75.1009
3.64 0.352 0.01 74.2517
3.66 0.327 0.01 73.5801
3.68 0.312 0.01 73.1951
3.7 0.301 0.009 72.291
3.72 0.289 0.009 71.9766
3.74 0.276 0.007 70.126
3.76 0.271 0.007 70.0454
3.78 0.264 0.007 69.885
3.8 0.261 0.006 68.982
3.82 0.262 0.005 68.0802
3.84 0.268 0.005 68.4018
3.86 0.276 0.005 68.7914
3.88 0.279 0.005 68.9977
3.9 0.281 0.005 69.1675
3.92 0.282 0.006 70.3606
3.94 0.285 0.006 70.5676
3.96 0.29 0.006 70.8442
3.98 0.294 0.007 72.0012
4 0.302 0.007 72.3808
4.02 0.31 0.008 73.5675
4.04 0.315 0.009 74.5661
4.06 0.322 0.01 75.5648
4.08 0.322 0.011 76.2705
4.1 0.326 0.013 77.581
4.12 0.327 0.014 78.2009
4.14 0.329 0.015 78.8263
4.16 0.329 0.015 78.9319
4.18 0.324 0.015 78.8631
4.2 0.314 0.015 78.6122
4.22 0.308 0.014 78.0484
4.24 0.305 0.012 77.0464
4.26 0.307 0.01 76.0574
4.28 0.314 0.009 75.7373
4.3 0.352 0.008 76.3416
4.32 0.436 0.007 77.9616
4.34 0.429 0.007 77.88
4.36 0.45 0.007 78.5181
4.38 0.412 0.009 79.2658
4.4 0.384 0.011 79.8887
4.42 0.368 0.012 80.0784
4.44 0.364 0.012 80.0528
4.46 0.366 0.013 80.7522
4.48 0.37 0.012 80.4418
4.5 0.379 0.011 80.2378
4.52 0.401 0.01 80.3524
4.54 0.438 0.009 80.769
4.56 0.514 0.009 82.7526
4.58 0.558 0.009 83.8391
4.6 0.573 0.01 85.0039
4.62 0.582 0.011 85.9768
4.64 0.587 0.011 86.1862
4.66 0.597 0.012 87.1279
4.68 0.66 0.012 88.501
4.7 0.705 0.012 89.4516
4.72 0.722 0.012 89.8651
4.74 0.729 0.012 90.0959
4.76 0.714 0.012 89.9317
4.78 0.684 0.012 89.4818
4.8 0.66 0.012 89.1261
4.82 0.67 0.012 89.4227
4.84 0.79 0.013 92.2876
4.86 1.022 0.014 96.4765
4.88 1.306 0.016 101.176
4.9 1.333 0.018 102.59
4.92 1.242 0.02 102.561
4.94 1.087 0.02 100.725
4.96 0.923 0.019 98.0716
4.98 0.807 0.017 95.4137
5 0.735 0.016 93.7691
5.02 0.716 0.016 93.5198
5.04 0.75 0.016 94.2508
5.06 0.835 0.017 96.3092
5.08 0.984 0.019 99.6395
5.1 1.217 0.022 104.11
5.12 1.985 0.025 113.027
5.14 2.589 0.028 118.675
5.16 3.051 0.028 121.646
5.18 3.542 0.023 122.402
5.2 4.144 0.022 124.872
5.22 4.981 0.023 128.837
5.24 5.521 0.025 131.811
5.26 5.849 0.025 133.052
5.28 5.998 0.024 133.222
5.3 6.057 0.025 134.005
5.32 6.13 0.027 135.24
5.34 5.911 0.03 135.859
5.36 6.566 0.028 137.284
5.38 7.255 0.029 139.823
5.4 7.897 0.033 143.218
5.42 8.392 0.036 145.677
5.44 8.738 0.039 147.657
5.46 8.859 0.041 148.718
5.48 8.791 0.044 149.581
5.5 8.651 0.047 150.209
5.52 8.504 0.051 151.012
5.54 8.34 0.054 151.46
5.56 8.096 0.057 151.645
5.58 7.53 0.06 150.863
5.6 7.055 0.062 150.012
5.62 6.673 0.064 149.355
5.64 6.359 0.066 148.85
5.66 5.999 0.067 147.936
5.68 4.998 0.067 144.239
5.7 4.117 0.067 140.404
5.72 3.335 0.067 136.342
5.74 2.682 0.069 132.582
5.76 2.2 0.072 129.436
5.78 1.864 0.075 126.935
5.8 1.552 0.074 123.612
5.82 1.456 0.068 121.738
5.84 1.693 0.034 117.551
5.86 2.227 0.05 126.392
5.88 2.694 0.051 130.242
5.9 2.956 0.05 131.902
5.92 3.163 0.049 133.095
5.94 4.009 0.05 138.077
5.96 4.879 0.055 143.303
5.98 5.452 0.057 146.182
6 5.75 0.055 147.006
6.02 5.806 0.048 145.688
6.04 5.736 0.04 143.376
6.06 5.332 0.036 140.767
6.08 4.949 0.035 139.066
6.1 4.631 0.035 137.868
6.12 4.382 0.035 136.9
6.14 4.175 0.035 136.072
6.16 3.857 0.035 134.65
6.18 3.598 0.033 132.778
6.2 3.471 0.032 131.873
6.22 3.632 0.035 133.85
6.24 3.924 0.037 136.098
6.26 3.969 0.038 136.746
6.28 3.79 0.039 136.255
6.3 3.539 0.038 134.745
6.32 3.24 0.035 132.252
6.34 2.957 0.032 129.667
6.36 2.767 0.03 127.857
6.38 2.639 0.029 126.741
6.4 2.503 0.031 126.589
6.42 2.38 0.033 126.439
6.44 2.269 0.034 125.993
6.46 2.124 0.033 124.599
6.48 1.945 0.033 123.135
6.5 1.766 0.033 121.539
6.52 1.545 0.033 119.323
6.54 1.365 0.032 117.014
6.56 1.217 0.028 113.921
6.58 1.078 0.026 111.354
6.6 0.936 0.023 108.096
6.62 0.738 0.021 103.759
6.64 0.606 0.018 99.6541
6.66 0.506 0.016 96.233
6.68 0.428 0.013 92.4089
6.7 0.377 0.01 88.8505
6.72 0.351 0.008 86.3948
6.74 0.355 0.007 85.6506
6.76 0.362 0.006 84.8671
6.78 0.371 0.006 85.2377
6.8 0.384 0.005 84.441
6.82 0.394 0.005 84.8234
6.84 0.405 0.005 85.2298
6.86 0.449 0.006 87.8985
6.88 0.513 0.007 90.8315
6.9 0.593 0.009 94.7831
6.92 0.665 0.011 98.0613
6.94 0.72 0.012 99.9907
6.96 0.74 0.013 101.138
6.98 0.739 0.013 101.199
7 0.729 0.013 101.081
7.02 0.696 0.013 100.488
7.04 0.666 0.013 99.9317
7.06 0.649 0.012 98.9775
7.08 0.635 0.012 98.7448
7.1 0.605 0.013 98.7917
7.12 0.571 0.012 97.3982
7.14 0.552 0.011 96.3006
7.16 0.557 0.011 96.5007
7.18 0.595 0.01 96.7277
7.2 0.645 0.01 97.9339
7.22 0.7 0.011 99.9607
7.24 0.723 0.012 101.235
7.26 0.737 0.012 101.592
7.28 0.738 0.013 102.369
7.3 0.752 0.013 102.725
7.32 0.806 0.012 103.146
7.34 1.057 0.014 108.719
7.36 1.463 0.017 115.872
7.38 1.634 0.02 119.424
7.4 1.457 0.021 118.035
7.42 1.453 0.029 121.291
7.44 1.28 0.038 121.897
7.46 1.096 0.045 120.982
7.48 1.011 0.05 120.726
7.5 0.975 0.053 120.771
7.52 0.951 0.053 120.427
7.54 0.904 0.051 119.257
7.56 0.868 0.047 117.845
7.58 0.864 0.04 116.283
7.6 0.87 0.033 114.634
7.62 0.878 0.03 113.962
7.64 0.853 0.027 112.581
7.66 0.858 0.024 111.658
7.68 0.874 0.021 110.799
7.7 0.885 0.02 110.629
7.72 0.867 0.019 109.911
7.74 0.827 0.018 108.755
7.76 0.844 0.017 108.634
7.78 0.88 0.017 109.368
7.8 0.907 0.02 111.42
7.82 0.914 0.02 111.622
7.84 0.904 0.021 111.978
7.86 0.868 0.021 111.404
7.88 0.837 0.02 110.451
7.9 0.84 0.019 110.115
7.92 0.874 0.019 110.824
7.94 0.937 0.019 112.019
7.96 0.959 0.018 111.968
7.98 0.981 0.019 112.919
8 0.998 0.019 113.278
8.02 0.984 0.02 113.61
8.04 0.913 0.019 111.99
8.06 0.862 0.017 110.12
8.08 0.857 0.016 109.549
8.1 0.902 0.016 110.436
8.12 0.991 0.017 112.585
8.14 1.096 0.019 115.371
8.16 1.144 0.021 117.136
8.18 1.172 0.022 118.081
8.2 1.22 0.022 118.846
8.22 1.235 0.021 118.675
8.24 1.792 0.02 124.788
8.26 2.403 0.023 131.784
8.28 2.605 0.022 132.922
8.3 2.527 0.022 132.43
8.32 1.916 0.02 126.335
8.34 1.828 0.019 125.031
8.36 1.683 0.02 124.163
8.38 1.527 0.02 122.518
8.4 1.387 0.02 120.913
8.42 1.273 0.02 119.508
8.44 1.242 0.021 119.647
8.46 1.229 0.023 120.453
8.48 1.237 0.024 121.073
8.5 1.258 0.025 121.859
8.52 1.287 0.026 122.74
8.54 1.175 0.026 121.22
8.56 1.068 0.025 119.253
8.58 1.001 0.022 116.971
8.6 0.969 0.019 115.088
8.62 0.964 0.018 114.56
8.64 0.996 0.017 114.628
8.66 1.778 0.017 124.684
8.68 2.857 0.02 135.401
8.7 3.995 0.024 144.363
8.72 5.065 0.025 149.986
8.74 6.251 0.026 155.203
8.76 6.994 0.025 157.32
8.78 7.506 0.024 158.49
8.8 7.916 0.025 160.353
8.82 8.226 0.027 162.381
8.84 8.159 0.03 163.721
8.86 7.866 0.034 164.669
8.88 7.46 0.037 164.674
8.9 7.026 0.043 165.416
8.92 4.218 0.046 154.659
8.94 5.034 0.047 159.032
8.96 5.289 0.049 160.824
8.98 5.274 0.051 161.394
9 5.121 0.052 161.07
9.02 4.922 0.052 160.253
9.04 4.634 0.051 158.708
9.06 4.378 0.05 157.252
9.08 4.166 0.05 156.228
9.1 4.05 0.046 154.613
9.12 4.063 0.045 154.496
9.14 4.214 0.044 155.114
9.16 4.378 0.044 156.064
9.18 4.48 0.043 156.378
9.2 4.605 0.039 155.823
9.22 4.735 0.036 155.505
9.24 4.541 0.035 154.302
9.26 4.286 0.033 152.367
9.28 3.956 0.03 149.519
9.3 3.573 0.03 147.431
9.32 3.199 0.03 145.189
9.34 3.048 0.03 144.268
9.36 3.199 0.033 146.519
9.38 3.25 0.039 148.997
9.4 2.981 0.04 147.553
9.42 2.629 0.036 143.727
9.44 2.234 0.032 139.109
9.46 2.045 0.032 137.431
9.48 1.944 0.036 137.856
9.5 1.869 0.034 136.507
9.52 1.918 0.036 137.751
9.54 2.2 0.04 141.818
9.56 2.324 0.041 143.32
9.58 2.452 0.038 143.604
9.6 2.76 0.036 145.501
9.62 3.43 0.041 151.847
9.64 5.508 0.047 164.518
9.66 7.631 0.05 173.415
9.68 10.04 0.049 180.204
9.7 12.45 0.05 186.294
9.72 15.743 0.079 200.287
9.74 18.528 0.075 204.272
9.76 26.126 0.075 214.758
9.78 26.264 0.075 215.043
9.8 29.125 0.073 217.902
9.82 34.667 0.11 231.322
9.84 30.008 0.13 229.865
9.86 34.028 0.088 226.715
9.88 28.749 0.084 220.547
9.9 32.711 0.106 229.206
9.92 41.082 0.138 242.243
9.94 44.572 0.161 248.407
9.96 46.637 0.179 252.388
9.98 43.617 0.195 251.894
10 46.863 0.286 262.898
10.02 48.533 0.377 270.52
