0.02 0.01 0 0
0.03 0.01 0 0
0.04 0.01 0 0
0.05 0.01 0 0
0.06 0.01 0 0
0.07 0.01 0 0
0.08 0.01 0 0
0.09 0.01 0 0
0.1 0.01 0 0
0.11 0.01 0 0
0.12 0.01 0 0
0.13 0.01 0 0
0.14 0.01 0 0
0.15 0.01 0 0
0.16 0.01 0 0
0.17 0.01 0 0
0.18 0.01 0 0
0.19 0.01 0 0
0.2 0.01 0 0
0.21 0.01 0 0
0.22 0.01 0 0
0.23 0.01 0 0
0.24 0.01 0 0
0.25 0.01 0 0
0.26 0.01 0 0
0.27 0.01 0 0
0.28 0.01 0 0
0.29 0.01 0 0
0.3 0.01 0 0
0.31 0.01 0 0
0.32 0 0 0
0.33 0 0 0
0.34 0.01 0 0
0.35 0.01 0 0
0.36 0.01 0 0
0.37 0.01 0 0
0.38 0.01 0 0
0.39 0.01 0 0
0.4 0.01 0 0
0.41 0.01 0 0
0.42 0.01 0 0
0.43 0.01 0 0
0.44 0.01 0 0
0.45 0.01 0 0
0.46 0.01 0 0
0.47 0.01 0 0
0.48 0.01 0 0
0.49 0.01 0 0
0.5 0.01 0 0
0.51 0.01 0 0
0.52 0.01 0 0
0.53 0.01 0 0
0.54 0.01 0 0
0.55 0.01 0 0
0.56 0.01 0 0
0.57 0.01 0 0
0.58 0.01 0 0
0.59 0.01 0 0
0.6 0.01 0 0
0.61 0.01 0 0
0.62 0.01 0 0
0.63 0.01 0 0
0.64 0.01 0 0
0.65 0.01 0 0
0.66 0.01 0 0
0.67 0.01 0 0
0.68 0.01 0 0
0.69 0.01 0 0
0.7 0.01 0 0
0.71 0.01 0 0
0.72 0.01 0 0
0.73 0.01 0 0
0.74 0.01 0 0
0.75 0.01 0 0
0.76 0.01 0 0
0.77 0.01 0 0
0.78 0.01 0 0
0.79 0.01 0 0
0.8 0.01 0 0
0.81 0.01 0 0
0.82 0.01 0 0
0.83 0.01 0 0
0.84 0.01 0 0
0.85 0.01 0 0
0.86 0.01 0 0
0.87 0.01 0 0
0.88 0.02 0 0
0.89 0.02 0 0
0.9 0.02 0 0
0.91 0.02 0 0
0.92 0.02 0 0
0.93 0.02 0 0
0.94 0.02 0 0
0.95 0.02 0 0
0.96 0.01 0 0
0.97 0.01 0 0
0.98 0.01 0 0
0.99 0.01 0 0
1 0.01 0 0
1.01 0.02 0 0
1.02 0.02 0 0
1.03 0.02 0 0
1.04 0.02 0 0
1.05 0.02 0 0
1.06 0.02 0 0
1.07 0.02 0 0
1.08 0.02 0 0
1.09 0.02 0 0
1.1 0.02 0 0
1.11 0.02 0 0
1.12 0.02 0 0
1.13 0.02 0 0
1.14 0.02 0 0
1.15 0.02 0 0
1.16 0.02 0 0
1.17 0.02 0 0
1.18 0.02 0 0
1.19 0.02 0 0
1.2 0.02 0 0
1.21 0.02 0 0
1.22 0.02 0 0
1.23 0.02 0 0
1.24 0.02 0 0
1.25 0.02 0 0
1.26 0.02 0 0
1.27 0.02 0 0
1.28 0.02 0 0
1.29 0.02 0 0
1.3 0.02 0 0
1.31 0.02 0 0
1.32 0.02 0 0
1.33 0.02 0 0
1.34 0.02 0 0
1.35 0.02 0 0
1.36 0.02 0 0
1.37 0.02 0 0
1.38 0.02 0 0
1.39 0.02 0 0
1.4 0.02 0 0
1.41 0.02 0 0
1.42 0.02 0 0
1.43 0.02 0 0
1.44 0.02 0 0
1.45 0.02 0 0
1.46 0.02 0 0
1.47 0.02 0 0
1.48 0.02 0 0
1.49 0.02 0 0
1.5 0.02 0 0
1.51 0.02 0 0
1.52 0.02 0 0
1.53 0.02 0 0
1.54 0.02 0 0
1.55 0.02 0 0
1.56 0.02 0 0
1.57 0.02 0 0
1.58 0.02 0 0
1.59 0.03 0 0
1.6 0.03 0 0
1.61 0.02 0 0
1.62 0.02 0 0
1.63 0.03 0 0
1.64 0.03 0 0
1.65 0.02 0 0
1.66 0.02 0 0
1.67 0.02 0 0
1.68 0.02 0 0
1.69 0.02 0 0
1.7 0.02 0 0
1.71 0.02 0 0
1.72 0.02 0 0
1.73 0.02 0 0
1.74 0.02 0 0
1.75 0.03 0 0
1.76 0.03 0 0
1.77 0.03 0 0
1.78 0.03 0 0
1.79 0.03 0 0
1.8 0.03 0 0
1.81 0.03 0 0
1.82 0.03 0 0
1.83 0.03 0 0
1.84 0.03 0 0
1.85 0.03 0 0
1.86 0.03 0 0
1.87 0.03 0 0
1.88 0.03 0 0
1.89 0.03 0 0
1.9 0.03 0 0
1.91 0.03 0 0
1.92 0.03 0 0
1.93 0.03 0 0
1.94 0.03 0 0
1.95 0.03 0 0
1.96 0.03 0 0
1.97 0.03 0 0
1.98 0.03 0 0
1.99 0.03 0 0
2 0.03 0 0
2.01 0.03 0 0
2.02 0.03 0 0
2.03 0.03 0 0
2.04 0.03 0 0
2.05 0.03 0 0
2.06 0.03 0 0
2.07 0.03 0 0
2.08 0.03 0 0
2.09 0.03 0 0
2.1 0.03 0 0
2.11 0.03 0 0
2.12 0.03 0 0
2.13 0.03 0 0
2.14 0.03 0 0
2.15 0.03 0 0
2.16 0.03 0 0
2.17 0.03 0 0
2.18 0.03 0 0
2.19 0.03 0 0
2.2 0.03 0 0
2.21 0.03 0 0
2.22 0.03 0 0
2.23 0.03 0 0
2.24 0.03 0 0
2.25 0.03 0 0
2.26 0.03 0 0
2.27 0.03 0 0
2.28 0.03 0 0
2.29 0.03 0 0
2.3 0.03 0 0
2.31 0.03 0 0
2.32 0.03 0 0
2.33 0.04 0 0
2.34 0.04 0 0
2.35 0.04 0 0
2.36 0.04 0 0
2.37 0.04 0 0
2.38 0.04 0 0
2.39 0.04 0 0
2.4 0.04 0 0
2.41 0.04 0 0
2.42 0.04 0 0
2.43 0.04 0 0
2.44 0.04 0 0
2.45 0.04 0 0
2.46 0.04 0 0
2.47 0.04 0 0
2.48 0.04 0 0
2.49 0.04 0 0
2.5 0.04 0 0
2.51 0.04 0 0
2.52 0.04 0 0
2.53 0.04 0 0
2.54 0.04 0 0
2.55 0.04 0 0
2.56 0.04 0 0
2.57 0.04 0 0
2.58 0.04 0 0
2.59 0.04 0 0
2.6 0.04 0 0
2.61 0.04 0 0
2.62 0.04 0 0
2.63 0.04 0 0
2.64 0.04 0 0
2.65 0.04 0 0
2.66 0.04 0 0
2.67 0.04 0 0
2.68 0.04 0 0
2.69 0.04 0 0
2.7 0.04 0 0
2.71 0.04 0 0
2.72 0.04 0 0
2.73 0.04 0 0
2.74 0.04 0 0
2.75 0.04 0 0
2.76 0.04 0 0
2.77 0.04 0 0
2.78 0.04 0 0
2.79 0.04 0 0
2.8 0.04 0 0
2.81 0.04 0 0
2.82 0.04 0 0
2.83 0.04 0 0
2.84 0.04 0 0
2.85 0.04 0 0
2.86 0.04 0 0
2.87 0.04 0 0
2.88 0.04 0 0
2.89 0.04 0 0
2.9 0.04 0 0
2.91 0.04 0 0
2.92 0.04 0 0
2.93 0.04 0 0
2.94 0.04 0 0
2.95 0.04 0 0
2.96 0.04 0 0
2.97 0.04 0 0
2.98 0.04 0 0
2.99 0.04 0 0
3 0.04 0 0
3.01 0.04 0 0
3.02 0.04 0 0
3.03 0.04 0 0
3.04 0.04 0 0
3.05 0.04 0 0
3.06 0.05 0 0
3.07 0.05 0 0
3.08 0.05 0 0
3.09 0.05 0 0
3.1 0.05 0 0
3.11 0.05 0 0
3.12 0.05 0 0
3.13 0.05 0 0
3.14 0.05 0 0
3.15 0.05 0 0
3.16 0.05 0 0
3.17 0.05 0 0
3.18 0.05 0 0
3.19 0.05 0 0
3.2 0.05 0 0
3.21 0.05 0 0
3.22 0.05 0 0
3.23 0.05 0 0
3.24 0.05 0 0
3.25 0.05 0 0
3.26 0.05 0 0
3.27 0.05 0 0
3.28 0.05 0 0
3.29 0.05 0 0
3.3 0.05 0 0
3.31 0.05 0 0
3.32 0.05 0 0
3.33 0.05 0 0
3.34 0.05 0 0
3.35 0.05 0 0
3.36 0.05 0 0
3.37 0.05 0 0
3.38 0.05 0 0
3.39 0.05 0 0
3.4 0.05 0 0
3.41 0.05 0 0
3.42 0.05 0 0
3.43 0.05 0 0
3.44 0.05 0 0
3.45 0.05 0 0
3.46 0.05 0 0
3.47 0.05 0 0
3.48 0.05 0 0
3.49 0.05 0 0
3.5 0.05 0 0
3.51 0.05 0 0
3.52 0.05 0 0
3.53 0.05 0 0
3.54 0.05 0 0
3.55 0.05 0 0
3.56 0.05 0 0
3.57 0.05 0 0
3.58 0.05 0 0
3.59 0.05 0 0
3.6 0.05 0 0
3.61 0.05 0 0
3.62 0.05 0 0
3.63 0.05 0 0
3.64 0.05 0 0
3.65 0.05 0 0
3.66 0.05 0 0
3.67 0.05 0 0
3.68 0.05 0 0
3.69 0.05 0 0
3.7 0.05 0 0
3.71 0.05 0 0
3.72 0.05 0 0
3.73 0.05 0 0
3.74 0.05 0 0
3.75 0.05 0 0
3.76 0.05 0 0
3.77 0.05 0 0
3.78 0.06 0 0
3.79 0.06 0 0
3.8 0.05 0 0
3.81 0.05 0 0
3.82 0.05 0 0
3.83 0.05 0 0
3.84 0.05 0 0
3.85 0.05 0 0
3.86 0.06 0 0
3.87 0.06 0 0
3.88 0.05 0 0
3.89 0.05 0 0
3.9 0.06 0 0
3.91 0.06 0 0
3.92 0.06 0 0
3.93 0.06 0 0
3.94 0.05 0 0
3.95 0.05 0 0
3.96 0.05 0 0
3.97 0.05 0 0
3.98 0.06 0 0
3.99 0.06 0 0
4 0.06 0 0
4.01 0.06 0 0
4.02 0.06 0 0
4.03 0.06 0 0
4.04 0.06 0 0
4.05 0.06 0 0
4.06 0.05 0 0
4.07 0.06 0 0
4.08 0.06 0 0
4.09 0.07 0 0
4.1 0.07 0 0
4.11 0.07 0 0
4.12 0.07 0 0
4.13 0.07 0 0
4.14 0.07 0 0
4.15 0.06 0 0
4.16 0.06 0 0
4.17 0.06 0 0
4.18 0.06 0 0
4.19 0.06 0 0
4.2 0.06 0 0
4.21 0.06 0 0
4.22 0.06 0 0
4.23 0.06 0 0
4.24 0.06 0 0
4.25 0.07 0 0
4.26 0.07 0 0
4.27 0.06 0 0
4.28 0.06 0 0
4.29 0.06 0 0
4.3 0.06 0 0
4.31 0.06 0 0
4.32 0.06 0 0
4.33 0.07 0 0
4.34 0.07 0 0
4.35 0.07 0 0
4.36 0.07 0 0
4.37 0.06 0 0
4.38 0.06 0 0
4.39 0.07 0 0
4.4 0.07 0 0
4.41 0.07 0 0
4.42 0.07 0 0
4.43 0.07 0 0
4.44 0.07 0 0
4.45 0.07 0 0
4.46 0.07 0 0
4.47 0.07 0 0
4.48 0.07 0 0
4.49 0.07 0 0
4.5 0.07 0 0
4.51 0.07 0 0
4.52 0.07 0 0
4.53 0.07 0 0
4.54 0.07 0 0
4.55 0.07 0 0
4.56 0.07 0 0
4.57 0.07 0 0
4.58 0.07 0 0
4.59 0.07 0 0
4.6 0.07 0 0
4.61 0.07 0 0
4.62 0.07 0 0
4.63 0.07 0 0
4.64 0.07 0 0
4.65 0.07 0 0
4.66 0.07 0 0
4.67 0.07 0 0
4.68 0.07 0 0
4.69 0.07 0 0
4.7 0.07 0 0
4.71 0.07 0 0
4.72 0.07 0 0
4.73 0.07 0 0
4.74 0.07 0 0
4.75 0.07 0 0
4.76 0.07 0 0
4.77 0.07 0 0
4.78 0.07 0 0
4.79 0.07 0 0
4.8 0.07 0 0
4.81 0.07 0 0
4.82 0.07 0 0
4.83 0.07 0 0
4.84 0.07 0 0
4.85 0.07 0 0
4.86 0.07 0 0
4.87 0.07 0 0
4.88 0.07 0 0
4.89 0.07 0 0
4.9 0.07 0 0
4.91 0.07 0 0
4.92 0.07 0 0
4.93 0.07 0 0
4.94 0.07 0 0
4.95 0.07 0 0
4.96 0.07 0 0
4.97 0.07 0 0
4.98 0.07 0 0
4.99 0.07 0 0
5 0.07 0 0
5.01 0.07 0 0
5.02 0.07 0 0
5.03 0.07 0 0
5.04 0.08 0 0
5.05 0.08 0 0
5.06 0.08 0.001 54.2771
5.07 0.08 0.001 54.3069
5.08 0.08 0.001 54.3367
5.09 0.08 0.001 54.3664
5.1 0.08 0.001 54.396
5.11 0.08 0.001 54.4257
5.12 0.08 0.001 54.4553
5.13 0.08 0.001 54.4848
5.14 0.08 0 0
5.15 0.08 0.001 54.5438
5.16 0.08 0.001 54.5732
5.17 0.08 0.001 54.6026
5.18 0.08 0.001 54.6319
5.19 0.08 0.001 54.6612
5.2 0.08 0.001 54.6905
5.21 0.08 0.001 54.7197
5.22 0.08 0.001 54.7489
5.23 0.08 0.001 54.778
5.24 0.08 0.001 54.8071
5.25 0.08 0.001 54.8362
5.26 0.08 0.001 54.8652
5.27 0.08 0 0
5.28 0.08 0 0
5.29 0.08 0.001 54.952
5.3 0.08 0.001 54.9809
5.31 0.08 0.001 55.0097
5.32 0.08 0.001 55.0385
5.33 0.08 0.001 55.0672
5.34 0.08 0.001 55.0959
5.35 0.08 0.001 55.1246
5.36 0.08 0.001 55.1532
5.37 0.08 0.001 55.1818
5.38 0.08 0.001 55.2103
5.39 0.08 0.001 55.2388
5.4 0.08 0.001 55.2673
5.41 0.08 0.001 55.2957
5.42 0.08 0.001 55.3241
5.43 0.08 0.001 55.3525
5.44 0.08 0.001 55.3808
5.45 0.08 0.001 55.4091
5.46 0.08 0.001 55.4373
5.47 0.08 0.001 55.4655
5.48 0.08 0.001 55.4937
5.49 0.08 0.001 55.5218
5.5 0.08 0.001 55.5499
5.51 0.08 0.001 55.578
5.52 0.08 0.001 55.606
5.53 0.08 0.001 55.634
5.54 0.08 0.001 55.662
5.55 0.08 0.001 55.6899
5.56 0.08 0.001 55.7178
5.57 0.08 0.001 55.7456
5.58 0.08 0.001 55.7734
5.59 0.08 0.001 55.8012
5.6 0.08 0.001 55.8289
5.61 0.08 0.001 55.8566
5.62 0.08 0.001 55.8843
5.63 0.08 0.001 55.9119
5.64 0.08 0.001 55.9395
5.65 0.08 0.001 55.967
5.66 0.08 0.001 55.9945
5.67 0.08 0.001 56.022
5.68 0.08 0.001 56.0495
5.69 0.08 0.001 56.0769
5.7 0.08 0.001 56.1043
5.71 0.09 0.001 57.0918
5.72 0.09 0.001 57.1196
5.73 0.08 0.001 56.1862
5.74 0.08 0.001 56.2135
5.75 0.08 0.001 56.2407
5.76 0.08 0.001 56.2678
5.77 0.08 0.001 56.295
5.78 0.08 0.001 56.3221
5.79 0.08 0.001 56.3492
5.8 0.08 0.001 56.3762
5.81 0.08 0.001 56.4032
5.82 0.08 0.001 56.4302
5.83 0.08 0.001 56.4571
5.84 0.08 0.001 56.484
5.85 0.09 0.001 57.4775
5.86 0.09 0.001 57.5048
5.87 0.08 0.001 56.5645
5.88 0.08 0.001 56.5913
5.89 0.09 0.001 57.5865
5.9 0.09 0.001 57.6137
5.91 0.09 0.001 57.6408
5.92 0.09 0.001 57.6679
5.93 0.09 0.001 57.695
5.94 0.09 0.001 57.722
5.95 0.09 0.001 57.749
5.96 0.09 0.001 57.776
5.97 0.08 0.001 56.8308
5.98 0.08 0.001 56.8572
5.99 0.08 0.001 56.8836
6 0.08 0.001 56.91
6.01 0.09 0.001 57.9103
6.02 0.09 0.001 57.9371
6.03 0.09 0.001 57.9638
6.04 0.09 0.001 57.9905
6.05 0.09 0.001 58.0172
6.06 0.1 0.001 58.9312
6.07 0.1 0.001 58.9582
6.08 0.1 0.001 58.9852
6.09 0.1 0.001 59.0121
6.1 0.1 0.001 59.0391
6.11 0.1 0.001 59.066
6.12 0.1 0.001 59.0928
6.13 0.1 0.001 59.1196
6.14 0.1 0.001 59.1464
6.15 0.1 0.001 59.1732
6.16 0.1 0.001 59.1999
6.17 0.1 0.001 59.2266
6.18 0.1 0.001 59.2533
6.19 0.1 0.001 59.2799
6.2 0.1 0.001 59.3066
6.21 0.1 0.001 59.3331
6.22 0.1 0.001 59.3597
6.23 0.1 0.001 59.3862
6.24 0.1 0.001 59.4127
6.25 0.1 0.001 59.4391
6.26 0.1 0.001 59.4656
6.27 0.1 0.001 59.4919
6.28 0.1 0.001 59.5183
6.29 0.1 0.001 59.5446
6.3 0.1 0.001 59.5709
6.31 0.1 0.001 59.5972
6.32 0.1 0 0
6.33 0.1 0 0
6.34 0.1 0.001 59.6759
6.35 0.1 0.001 59.702
6.36 0.1 0.001 59.7281
6.37 0.1 0.001 59.7542
6.38 0.1 0.001 59.7803
6.39 0.1 0.001 59.8063
6.4 0.1 0.001 59.8323
6.41 0.1 0.001 59.8583
6.42 0.1 0.001 59.8842
6.43 0.1 0.001 59.9102
6.44 0.1 0.001 59.936
6.45 0.1 0.001 59.9619
6.46 0.1 0.001 59.9877
6.47 0.1 0.001 60.0135
6.48 0.1 0.001 60.0393
6.49 0.1 0.001 60.0651
6.5 0.1 0.001 60.0908
6.51 0.1 0.001 60.1165
6.52 0.1 0.001 60.1421
6.53 0.1 0.001 60.1677
6.54 0.1 0.001 60.1933
6.55 0.1 0.001 60.2189
6.56 0.1 0.001 60.2445
6.57 0.1 0.001 60.27
6.58 0.1 0.001 60.2955
6.59 0.1 0.001 60.3209
6.6 0.1 0.001 60.3464
6.61 0.1 0.001 60.3718
6.62 0.1 0.001 60.3971
6.63 0.1 0.001 60.4225
6.64 0.1 0.001 60.4478
6.65 0.1 0.001 60.4731
6.66 0.1 0.001 60.4984
6.67 0.1 0.001 60.5236
6.68 0.1 0.001 60.5488
6.69 0.1 0.001 60.574
6.7 0.1 0.001 60.5992
6.71 0.1 0.001 60.6243
6.72 0.1 0.001 60.6494
6.73 0.1 0.001 60.6745
6.74 0.1 0.001 60.6995
6.75 0.1 0.001 60.7245
6.76 0.1 0.001 60.7495
6.77 0.1 0.001 60.7745
6.78 0.1 0.001 60.7995
6.79 0.1 0.001 60.8244
6.8 0.1 0.001 60.8493
6.81 0.1 0.001 60.8741
6.82 0.1 0.001 60.899
6.83 0.1 0.001 60.9238
6.84 0.1 0.001 60.9486
6.85 0.1 0.001 60.9733
6.86 0.1 0.001 60.998
6.87 0.11 0.001 61.866
6.88 0.11 0.001 61.8911
6.89 0.11 0.001 61.9161
6.9 0.11 0.001 61.941
6.91 0.11 0.001 61.966
6.92 0.11 0.001 61.9909
6.93 0.12 0 0
6.94 0.12 0 0
6.95 0.13 0 0
6.96 0.13 0 0
6.97 0.12 0 0
6.98 0.12 0 0
6.99 0.11 0.001 62.1646
7 0.11 0.001 62.1893
7.01 0.11 0 0
7.02 0.12 0.001 63.0234
7.03 0.12 0.001 63.0483
7.04 0.13 0.001 63.8044
7.05 0.13 0.001 63.8296
7.06 0.14 0.001 64.5399
7.07 0.14 0.001 64.5653
7.08 0.14 0.001 64.5906
7.09 0.14 0.001 64.616
7.1 0.14 0.001 64.6413
7.11 0.14 0.001 64.6666
7.12 0.13 0.001 64.0052
7.13 0.13 0.001 64.0302
7.14 0.13 0.001 64.0551
7.15 0.13 0.001 64.08
7.16 0.13 0.001 64.1049
7.17 0.13 0.001 64.1298
7.18 0.13 0 0
7.19 0.13 0 0
7.2 0.13 0 0
7.21 0.14 0.001 64.9182
7.22 0.14 0.001 64.9432
7.23 0.14 0.001 64.9682
7.24 0.14 0.001 64.9931
7.25 0.14 0.001 65.0181
7.26 0.14 0.001 65.043
7.27 0.13 0.001 64.3772
7.28 0.13 0.001 64.4018
7.29 0.13 0.001 64.4264
7.3 0.13 0.001 64.451
7.31 0.13 0.001 64.4755
7.32 0.13 0.001 64.5
7.33 0.13 0.001 64.5245
7.34 0.13 0.001 64.5489
7.35 0.13 0.001 64.5734
7.36 0.13 0.001 64.5978
7.37 0.13 0.001 64.6222
7.38 0.13 0.001 64.6465
7.39 0.12 0.001 63.9298
7.4 0.12 0.001 63.9538
7.41 0.12 0.001 63.9778
7.42 0.12 0.001 64.0018
7.43 0.13 0 0
7.44 0.13 0 0
7.45 0.13 0.001 64.8164
7.46 0.13 0.001 64.8406
7.47 0.13 0.001 64.8648
7.48 0.13 0.001 64.8889
7.49 0.13 0.001 64.913
7.5 0.13 0.001 64.9371
7.51 0.13 0.001 64.9611
7.52 0.13 0 0
7.53 0.13 0 0
7.54 0.13 0.001 65.0332
7.55 0.13 0.001 65.0571
7.56 0.14 0.001 65.7793
7.57 0.14 0.001 65.8035
7.58 0.14 0.001 65.8276
7.59 0.14 0.001 65.8518
7.6 0.14 0 0
7.61 0.14 0 0
7.62 0.13 0.001 65.2243
7.63 0.13 0.001 65.248
7.64 0.13 0.001 65.2718
7.65 0.13 0.001 65.2955
7.66 0.13 0.001 65.3193
7.67 0.13 0.001 65.343
7.68 0.13 0 0
7.69 0.13 0 0
7.7 0.13 0.001 65.4139
7.71 0.13 0.001 65.4375
7.72 0.13 0.001 65.4611
7.73 0.13 0 0
7.74 0.13 0 0
7.75 0.13 0 0
7.76 0.13 0 0
7.77 0.13 0 0
7.78 0.13 0 0
7.79 0.13 0.001 65.6256
7.8 0.13 0.001 65.649
7.81 0.13 0.001 65.6724
7.82 0.13 0.001 65.6957
7.83 0.13 0.001 65.7191
7.84 0.13 0.001 65.7424
7.85 0.13 0.001 65.7657
7.86 0.13 0.001 65.789
7.87 0.13 0.001 65.8122
7.88 0.13 0.001 65.8355
7.89 0.13 0.001 65.8587
7.9 0.13 0.001 65.8819
7.91 0.13 0.001 65.9051
7.92 0.13 0.001 65.9282
7.93 0.13 0.001 65.9513
7.94 0.13 0.001 65.9744
7.95 0.13 0.001 65.9975
7.96 0.13 0.001 66.0206
7.97 0.13 0.001 66.0437
7.98 0.13 0.001 66.0667
7.99 0.14 0.001 66.7987
8 0.14 0.001 66.822
8.01 0.14 0.001 66.8452
8.02 0.14 0.001 66.8684
8.03 0.14 0.001 66.8915
8.04 0.14 0.001 66.9147
8.05 0.14 0.001 66.9378
8.06 0.15 0.001 67.6295
8.07 0.15 0.001 67.6528
8.08 0.14 0.001 67.0071
8.09 0.15 0.001 67.6994
8.1 0.15 0.001 67.7226
8.11 0.18 0.001 69.548
8.12 0.22 0.001 71.6116
8.13 0.23 0.001 72.0961
8.14 0.27 0 0
8.15 0.33 0 0
8.16 0.43 0.001 78.9745
8.17 0.5 0.002 85.5289
8.18 0.64 0.003 91.6958
8.19 0.66 0.004 94.3662
8.2 1.01 0.009 107.368
8.21 1.08 0.01 109.4
8.22 1.1 0.011 110.6
8.23 1.13 0.012 111.874
8.24 1.19 0.013 113.502
8.25 1.25 0.015 115.717
8.26 1.3 0.018 118.191
8.27 1.34 0.02 119.793
8.28 1.31 0.022 120.395
8.29 1.26 0.024 120.632
8.3 1.22 0.023 119.689
8.31 1.23 0.02 118.484
8.32 1.25 0.017 117.203
8.33 1.34 0.015 117.196
8.34 1.42 0.015 118.218
8.35 1.58 0.015 120.089
8.36 1.69 0.0153 121.499
8.37 1.76 0.0157 122.515
8.38 1.79 0.016 123.048
8.39 1.77 0.021 125.701
8.4 1.72 0.027 127.871
8.41 1.62 0.033 128.95
8.42 1.56 0.04 130.363
8.43 1.5133 0.042 130.365
8.44 1.4667 0.047 131.043
8.45 1.42 0.053 131.787
8.46 1.39 0.057 132.224
8.47 1.33 0.062 132.352
8.48 1.3 0.068 132.979
8.49 1.27 0.074 133.513
8.5 1.22 0.078 133.369
8.51 1.18 0.082 133.327
8.52 1.15 0.083 133.011
8.53 1.15 0.081 132.785
8.54 1.18 0.082 133.458
8.55 1.19 0.076 132.821
8.56 1.19 0.072 132.268
8.57 1.18 0.067 131.361
8.58 1.17 0.059 129.862
8.59 1.16 0.049 127.754
8.6 1.15 0.044 126.498
8.61 1.15 0.039 125.275
8.62 1.15 0.03 122.61
8.63 1.13 0.025 120.498
8.64 1.09 0.025 119.913
8.65 1.07 0.027 120.401
8.66 1.07 0.029 121.158
8.67 1.08 0.031 122.034
8.68 1.09 0.033 122.873
8.69 1.14 0.033 123.709
8.7 1.24 0.03 124.266
8.71 1.34 0.025 123.81
8.72 1.47 0.02 123.203
8.73 1.59 0.015 121.695
8.74 1.71 0.0163 123.869
8.75 1.76 0.0177 125.28
8.76 1.79 0.019 126.368
8.77 1.78 0.024 128.785
8.78 1.72 0.03 130.594
8.79 1.62 0.036 131.493
8.8 1.57 0.042 132.632
8.81 1.59 0.052 135.299
8.82 1.68 0.062 138.43
8.83 1.85 0.079 143.268
8.84 2.08 0.1 148.639
8.85 2.11 0.104 149.48
8.86 2.16 0.111 150.847
8.87 2.21 0.11 151.278
8.88 2.25 0.1097 151.683
8.89 2.23 0.1093 151.489
8.9 2.1 0.109 150.197
8.91 2.1 0.109 150.244
8.92 2.04 0.108 149.55
8.93 1.88 0.109 147.961
8.94 1.75 0.113 146.928
8.95 1.69 0.114 146.344
8.96 1.55 0.116 144.787
8.97 1.35 0.118 142.181
8.98 1.26 0.117 140.72
8.99 1.21 0.115 139.744
9 1.19 0.112 139.146
9.01 1.17 0.107 138.323
9.02 1.15 0.099 137.133
9.03 1.18 0.101 137.914
9.04 1.22 0.094 137.795
9.05 1.22 0.087 136.952
9.06 1.23 0.081 136.343
9.07 1.25 0.075 135.829
9.08 1.29 0.068 135.38
9.09 1.35 0.062 135.268
9.1 1.43 0.056 135.285
9.11 1.53 0.047 134.672
9.12 1.58 0.045 134.85
9.13 1.67 0.042 135.193
9.14 1.76 0.04 135.708
9.15 1.81 0.039 136.011
9.16 1.89 0.038 136.607
9.17 1.91 0.038 136.856
9.18 1.94 0.038 137.205
9.19 1.93 0.039 137.441
9.2 1.92 0.04 137.669
9.21 1.91 0.041 137.891
9.22 1.9 0.041 137.828
9.23 1.86 0.041 137.448
9.24 1.84 0.042 137.551
9.25 1.82 0.044 137.908
9.26 1.81 0.045 138.098
9.27 1.79 0.047 138.419
9.28 1.73 0.049 138.261
9.29 1.67 0.05 137.833
9.3 1.63 0.05 137.393
9.31 1.57 0.049 136.465
9.32 1.52 0.048 135.638
9.33 1.44 0.046 134.15
9.34 1.35 0.045 132.706
9.35 1.28 0.042 130.977
9.36 1.23 0.04 129.739
9.37 1.18 0.038 128.455
9.38 1.13 0.036 127.121
9.39 1.08 0.035 126.037
9.4 1.06 0.031 124.472
9.41 1.06 0.028 123.459
9.42 1.08 0.025 122.666
9.43 1.12 0.023 122.494
9.44 1.15 0.022 122.543
9.45 1.17 0.021 122.41
9.46 1.17 0.02 121.949
9.47 1.15 0.02 121.683
9.48 1.15 0.02 121.719
9.49 1.15 0.02 121.754
9.5 1.17 0.021 122.589
9.51 1.19 0.021 122.925
9.52 1.24 0.02 123.191
9.53 1.27 0.018 122.572
9.54 1.29 0.0183 123.053
9.55 1.28 0.0187 123.173
9.56 1.26 0.019 123.092
9.57 1.27 0.019 123.268
9.58 1.27 0.0193 123.465
9.59 1.35 0.0197 124.805
9.6 1.46 0.02 126.416
9.61 1.53 0.025 129.694
9.62 1.58 0.031 132.687
9.63 1.59 0.035 134.194
9.64 1.62 0.038 135.519
9.65 1.66 0.044 137.704
9.66 1.66 0.052 139.672
9.67 1.66 0.056 140.576
9.68 1.66 0.064 142.187
9.69 1.68 0.068 143.194
9.7 1.74 0.066 143.604
9.71 1.8 0.063 143.79
9.72 1.84 0.06 143.703
9.73 1.87 0.057 143.465
9.74 1.86 0.051 142.075
9.75 1.84 0.041 139.341
9.76 1.83 0.033 136.779
9.77 1.84 0.029 135.461
9.78 1.81 0.026 133.956
9.79 1.75 0.022 131.505
9.8 1.67 0.018 128.496
9.81 1.58 0.015 125.591
9.82 1.48 0.011 121.279
9.83 1.39 0.01 119.273
9.84 1.34 0.0097 118.379
9.85 1.38 0.0093 118.499
9.86 1.44 0.009 118.936
9.87 1.7 0.012 124.799
9.88 2.15 0.013 129.99
9.89 2.68 0.015 135.827
9.9 3.13 0.019 141.695
9.91 3.4 0.023 145.732
9.92 3.51 0.024 146.962
9.93 3.5 0.024 146.943
9.94 3.43 0.022 145.5
9.95 3.33 0.018 142.522
9.96 3.27 0.014 139.247
9.97 3.27 0.0153 140.319
9.98 3.33 0.0167 141.755
9.99 3.42 0.018 143.23
10 3.56 0.022 146.527
10.01 3.74 0.024 148.684
10.02 5.29 0.06 168.725
10.03 5.65 0.065 171.518
10.04 6.11 0.068 174.162
10.05 6.38 0.069 175.512
10.06 6.91 0.07 177.802
10.07 7.42 0.069 179.469
10.08 7.8 0.069 180.815
10.09 8.03 0.072 182.267
10.1 8.23 0.074 183.382
10.11 8.39 0.073 183.734
10.12 8.46 0.071 183.579
10.13 8.47 0.071 183.661
10.14 8.38 0.07 183.213
10.15 8.17 0.069 182.376
10.16 7.93 0.069 181.644
10.17 7.62 0.065 179.758
10.18 7.2 0.061 177.405
10.19 6.67 0.058 174.776
10.2 6.14 0.056 172.248
10.21 5.61 0.055 169.815
10.22 5.12 0.053 167.124
10.23 4.65 0.0523 164.686
10.24 4.25 0.0517 162.454
10.25 3.93 0.051 160.495
10.26 3.69 0.053 159.598
10.27 3.59 0.06 160.661
10.28 3.59 0.064 161.57
10.29 3.66 0.065 162.273
10.3 3.72 0.065 162.697
10.31 3.79 0.065 163.178
10.32 3.97 0.071 165.528
10.33 4.18 0.078 168.116
10.34 4.28 0.081 169.265
10.35 4.56 0.084 171.381
10.36 4.95 0.088 174.137
10.37 5.38 0.09 176.616
10.38 5.78 0.09 178.497
10.39 6.09 0.087 179.387
10.4 6.29 0.083 179.567
10.41 6.35 0.076 178.547
10.42 6.32 0.073 177.876
10.43 6.25 0.065 175.931
10.44 5.96 0.056 172.624
10.45 5.66 0.052 170.337
10.46 5.31 0.05 168.273
10.47 5.13 0.049 167.203
10.48 4.72 0.048 164.97
10.49 4.58 0.049 164.582
10.5 4.54 0.051 164.966
10.51 4.62 0.056 166.717
10.52 4.87 0.063 169.687
10.53 5.19 0.071 173.006
10.54 5.49 0.076 175.448
10.55 5.73 0.079 177.149
10.56 5.9 0.085 179.03
10.57 5.92 0.088 179.683
10.58 5.74 0.088 178.932
10.59 5.48 0.086 177.449
10.6 5.2 0.084 175.816
10.61 4.98 0.083 174.596
10.62 4.79 0.083 173.666
10.63 4.69 0.083 173.185
10.64 4.79 0.082 173.582
10.65 5.14 0.076 174.294
10.66 5.79 0.071 176.354
10.67 6.61 0.067 178.931
10.68 7.55 0.063 181.506
10.69 8.4 0.062 184.118
10.7 9.27 0.061 186.546
10.71 10.1 0.063 189.42
10.72 10.8 0.072 193.444
10.73 11.4 0.087 198.101
10.74 11.91 0.094 200.693
10.75 12.28 0.099 202.503
10.76 12.53 0.103 203.814
10.77 12.73 0.104 204.497
10.78 12.93 0.102 204.678
10.79 13.07 0.097 204.193
10.8 13.18 0.088 202.842
10.81 13.19 0.079 201.103
10.82 13.11 0.072 199.433
10.83 13.06 0.066 197.937
10.84 13.04 0.062 196.917
10.85 13.02 0.061 196.658
10.86 12.94 0.059 195.989
10.87 12.8 0.059 195.732
10.88 12.64 0.058 195.15
10.89 12.45 0.056 194.207
10.9 12.28 0.058 194.439
10.91 12.1 0.06 194.624
10.92 11.89 0.063 194.973
10.93 11.66 0.063 194.475
10.94 11.43 0.063 193.967
10.95 11.19 0.063 193.425
10.96 10.94 0.061 192.328
10.97 10.72 0.061 191.815
10.98 10.56 0.061 191.449
10.99 10.38 0.061 191.024
11 10.32 0.065 191.924
11.01 10.26 0.062 191.059
11.02 10.2 0.06 190.425
11.03 10.18 0.057 189.609
11.04 10.17 0.056 189.351
11.05 10.19 0.056 189.452
11.06 10.24 0.055 189.349
11.07 10.28 0.055 189.503
11.08 10.3 0.055 189.604
11.09 10.33 0.054 189.441
11.1 10.35 0.053 189.247
11.11 10.3 0.049 187.931
11.12 10.15 0.043 185.554
11.13 10.06 0.042 185
11.14 9.83 0.041 184.062
11.15 9.54 0.041 183.315
11.16 9.22 0.04 182.088
11.17 8.81 0.04 180.944
11.18 8.03 0.0413 179.065
11.19 7.76 0.0427 178.725
11.2 7.13 0.044 177.044
11.21 6.51 0.053 177.51
11.22 5.58 0.059 175.213
11.23 4.97 0.062 173.072
11.24 4.41 0.061 169.93
11.25 3.87 0.062 167.03
11.26 3.39 0.063 164.134
11.27 2.95 0.066 161.545
11.28 2.58 0.068 158.89
11.29 2.25 0.071 156.389
11.3 1.97 0.072 153.641
11.31 1.74 0.072 150.956
11.32 1.57 0.072 148.774
11.33 1.43 0.07 146.479
11.34 1.31 0.066 143.97
11.35 1.21 0.063 141.819
11.36 1.16 0.059 140.226
11.37 1.14 0.054 138.883
11.38 1.14 0.051 138.258
11.39 1.15 0.05 138.238
11.4 1.16 0.05 138.444
11.41 1.16 0.049 138.245
11.42 1.18 0.049 138.619
11.43 1.21 0.046 138.426
11.44 1.28 0.037 137.08
11.45 1.47 0.026 135.827
11.46 1.85 0.018 136.202
11.47 2.04 0.013 134.476
11.48 2.14 0.012 134.539
11.49 2.22 0.011 134.309
11.5 2.21 0.0127 135.869
11.51 2.12 0.0143 136.431
11.52 2 0.016 136.594
11.53 1.93 0.024 140.592
11.54 1.84 0.035 144.116
11.55 1.73 0.048 146.681
11.56 1.65 0.059 148.242
11.57 1.64 0.065 149.347
11.58 1.65 0.069 150.258
11.59 1.66 0.073 151.132
11.6 1.67 0.077 151.972
11.61 1.67 0.08 152.493
11.62 1.7 0.081 153.079
11.63 1.72 0.082 153.53
11.64 1.76 0.081 153.919
11.65 1.87 0.077 154.653
11.66 1.99 0.07 154.849
11.67 2.13 0.061 154.629
11.68 2.22 0.049 152.78
11.69 2.29 0.037 149.955
11.7 2.35 0.036 150.208
11.71 2.37 0.037 150.77
11.72 2.39 0.043 152.888
11.73 2.41 0.051 155.297
11.74 2.4 0.065 158.406
11.75 2.33 0.083 161.011
11.76 2.22 0.095 161.738
11.77 2.08 0.094 160.125
11.78 1.98 0.081 157.073
11.79 1.91 0.071 154.594
11.8 1.8 0.0723 153.547
11.81 1.67 0.0737 152.177
11.82 1.54 0.075 150.665
11.83 1.43 0.075 149.101
11.84 1.36 0.072 147.56
11.85 1.33 0.071 146.95
11.86 1.3 0.07 146.33
11.87 1.26 0.069 145.533
11.88 1.24 0.066 144.696
11.89 1.23 0.062 143.811
11.9 1.21 0.059 142.914
11.91 1.18 0.057 142.024
11.92 1.16 0.057 141.708
11.93 1.15 0.058 141.769
11.94 1.14 0.058 141.624
11.95 1.12 0.053 140.24
11.96 1.11 0.048 138.942
11.97 1.1 0.044 137.792
11.98 1.1 0.042 137.292
11.99 1.11 0.041 137.227
12 1.24 0.036 137.964
12.01 1.3 0.036 138.939
12.02 1.32 0.035 138.951
12.03 1.32 0.036 139.309
12.04 1.28 0.039 139.652
12.05 1.25 0.043 140.343
12.06 1.2 0.046 140.338
12.07 1.2 0.048 140.868
12.08 1.29 0.048 142.376
12.09 1.38 0.05 144.288
12.1 1.71 0.055 150.031
12.11 2.25 0.058 156.806
12.12 3 0.06 163.938
12.13 3.76 0.061 169.628
12.14 4.29 0.062 173.154
12.15 4.59 0.061 174.651
12.16 4.76 0.059 175.122
12.17 4.8 0.056 174.613
12.18 4.8 0.052 173.579
12.19 4.81 0.049 172.814
12.2 4.85 0.047 172.461
12.21 4.9 0.046 172.447
12.22 4.95 0.046 172.738
12.23 4.99 0.045 172.662
12.24 5.07 0.044 172.774
12.25 5.15 0.045 173.527
12.26 5.23 0.046 174.27
12.27 5.32 0.046 174.739
12.28 5.43 0.047 175.608
12.29 5.54 0.048 176.465
12.3 5.65 0.049 177.309
12.31 5.74 0.048 177.448
12.32 5.85 0.049 178.28
12.33 5.94 0.049 178.713
12.34 6.02 0.049 179.098
12.35 6.08 0.048 179.086
12.36 6.12 0.047 178.982
12.37 6.14 0.047 179.107
12.38 6.12 0.047 179.063
12.39 6.06 0.047 178.849
12.4 5.93 0.046 178.012
12.41 5.61 0.045 176.313
12.42 5.46 0.045 175.666
12.43 4.88 0.045 172.886
12.44 4.4 0.045 170.366
12.45 3.94 0.046 168.023
12.46 3.72 0.046 166.675
12.47 3.2 0.049 163.997
12.48 2.96 0.051 162.743
12.49 2.76 0.056 162.406
12.5 2.61 0.062 162.511
12.51 2.45 0.067 162.116
12.52 2.31 0.071 161.561
12.53 2.25 0.073 161.358
12.54 2.21 0.072 160.793
12.55 2.15 0.068 159.432
12.56 2.09 0.067 158.623
12.57 1.96 0.063 156.395
12.58 1.84 0.06 154.385
12.59 1.73 0.057 152.403
12.6 1.59 0.053 149.686
12.61 1.47 0.047 146.565
12.62 1.34 0.043 143.589
12.63 1.27 0.041 141.951
12.64 1.23 0.038 140.439
12.65 1.22 0.035 139.348
12.66 1.22 0.033 138.698
12.67 1.23 0.032 138.537
12.68 1.26 0.031 138.682
12.69 1.27 0.031 138.87
12.7 1.27 0.031 138.901
12.71 1.26 0.032 139.14
12.72 1.27 0.032 139.329
12.73 1.26 0.032 139.201
12.74 1.26 0.031 138.864
12.75 1.27 0.03 138.674
12.76 1.28 0.028 138.066
12.77 1.3 0.028 138.405
12.78 1.33 0.027 138.471
12.79 1.34 0.027 138.65
12.8 1.35 0.027 138.829
12.81 1.37 0.027 139.153
12.82 1.4 0.026 139.181
12.83 1.42 0.026 139.495
12.84 1.43 0.025 139.212
12.85 1.43 0.024 138.77
12.86 1.44 0.023 138.448
12.87 1.44 0.022 137.967
12.88 1.44 0.023 138.508
12.89 1.46 0.022 138.301
12.9 1.49 0.022 138.736
12.91 1.53 0.019 137.608
12.92 1.56 0.018 137.403
12.93 1.64 0.016 137.076
12.94 1.8 0.012 135.67
12.95 2.11 0.011 137.838
12.96 2.58 0.011 141.919
12.97 3.28 0.0207 154.878
12.98 4.09 0.0303 165.064
12.99 5.86 0.04 177.938
13 5.94 0.05 181.666
13.01 5.95 0.062 185.031
13.02 5.97 0.072 187.478
13.03 5.99 0.082 189.649
13.04 6.01 0.091 191.432
13.05 6.05 0.099 193.004
13.06 6.16 0.104 194.342
13.07 6.31 0.106 195.367
13.08 6.44 0.105 195.829
13.09 6.61 0.099 195.647
13.1 6.97 0.091 195.811
13.11 7.55 0.087 197.38
13.12 8.18 0.087 199.714
13.13 8.67 0.089 201.818
13.14 9.03 0.087 202.663
13.15 9.24 0.082 202.379
13.16 9.32 0.082 202.673
13.17 9.36 0.082 202.841
13.18 9.35 0.084 203.26
13.19 9.25 0.085 203.188
13.2 9.15 0.078 201.467
13.21 9.05 0.072 199.856
13.22 9.03 0.071 199.602
13.23 9.12 0.07 199.693
13.24 9.37 0.069 200.274
13.25 9.8 0.071 202.095
13.26 10.35 0.076 204.89
13.27 10.96 0.083 208.15
13.28 11.52 0.092 211.497
13.29 11.92 0.096 213.337
13.3 12.39 0.096 214.573
13.31 13 0.099 216.663
13.32 13.77 0.106 219.757
13.33 14.05 0.111 221.287
13.34 14.08 0.112 221.567
13.35 14.13 0.11 221.394
13.36 14.2 0.108 221.26
13.37 14.24 0.108 221.395
13.38 14.15 0.11 221.577
13.39 14.03 0.115 222.172
13.4 13.87 0.117 222.17
13.41 13.58 0.116 221.383
13.42 13.11 0.113 219.828
13.43 12.5 0.12 219.465
13.44 11.79 0.125 218.411
13.45 10.92 0.121 215.474
13.46 9.9 0.1203 212.394
13.47 8.77 0.1197 208.675
13.48 7.73 0.119 204.859
13.49 6.8 0.125 201.979
13.5 5.95 0.133 199.198
13.51 5.19 0.141 196.309
13.52 4.55 0.15 193.657
13.53 3.99 0.16 191.092
13.54 3.49 0.171 188.521
13.55 3.11 0.182 186.42
13.56 2.81 0.189 184.332
13.57 2.53 0.193 181.921
13.58 2.35 0.194 180.112
13.59 2.23 0.188 178.328
13.6 2.13 0.179 176.468
13.61 2.05 0.17 174.782
13.62 2.04 0.157 173.542
13.63 2.06 0.143 172.476
13.64 2.07 0.134 171.7
13.65 2 0.128 170.237
13.66 1.9 0.123 168.459
13.67 1.85 0.107 165.912
13.68 1.86 0.1 165.143
13.69 1.91 0.085 163.582
13.7 2.15 0.068 163.366
13.71 2.44 0.059 164.45
13.72 2.63 0.057 165.792
13.73 3.41 0.059 172.64
13.74 4.25 0.061 178.733
13.75 5.46 0.063 185.835
13.76 7.06 0.065 193.382
13.77 8.85 0.075 202.212
13.78 10.35 0.083 208.616
13.79 11.34 0.084 211.632
13.8 11.74 0.076 210.97
13.81 11.7 0.0753 210.746
13.82 11.52 0.0747 210.179
13.83 11.23 0.074 209.286
13.84 10.64 0.081 209.276
13.85 10.16 0.084 208.561
13.86 9.58 0.078 205.573
13.87 8.96 0.067 201.084
13.88 8.33 0.055 195.782
13.89 7.72 0.046 190.83
13.9 7.17 0.048 189.518
13.91 6.73 0.05 188.474
13.92 6.36 0.052 187.594
13.93 6.02 0.064 189.397
13.94 5.8 0.073 190.496
13.95 5.73 0.08 191.655
13.96 7.11 0.084 198.548
13.97 7.81 0.093 203.003
13.98 8.69 0.106 208.446
13.99 9.68 0.115 213.192
14 9.9 0.106 212.48
14.01 9.99 0.097 211.234
14.02 10.11 0.095 211.273
14.03 10.27 0.097 212.161
14.04 10.47 0.094 212.238
14.05 10.66 0.084 210.848
14.06 10.77 0.072 208.51
14.07 10.81 0.062 206.083
14.08 10.74 0.059 205.083
14.09 10.54 0.061 205.137
14.1 10.38 0.065 205.811
14.11 10.32 0.069 206.704
14.12 10.37 0.074 208.096
14.13 10.44 0.077 209.029
14.14 10.35 0.077 208.809
14.15 10.1 0.0763 207.958
14.16 9.82 0.0757 207.023
14.17 9.72 0.075 206.599
14.18 9.73 0.08 207.783
14.19 9.77 0.085 208.998
14.2 9.73 0.083 208.502
14.21 9.53 0.062 202.934
14.22 9.35 0.0623 202.499
14.23 9.05 0.0627 201.697
14.24 8.67 0.063 200.573
14.25 8.22 0.069 200.591
14.26 7.67 0.071 199.112
14.27 7.11 0.062 194.78
14.28 6.47 0.055 190.283
14.29 5.83 0.05 186.006
14.3 5.31 0.046 182.287
14.31 4.86 0.045 179.684
14.32 4.54 0.044 177.632
14.33 4.3 0.046 176.936
14.34 4.08 0.049 176.562
14.35 3.87 0.052 176.126
14.36 3.71 0.06 177.19
14.37 3.77 0.072 180.349
14.38 3.92 0.078 182.612
14.39 4.02 0.085 184.627
14.4 4.16 0.097 187.625
14.41 4.39 0.103 190.068
14.42 4.83 0.105 193.046
14.43 5.53 0.109 197.497
14.44 6.44 0.12 203.538
14.45 7.53 0.13 209.604
14.46 8.71 0.137 215.022
14.47 9.81 0.14 219.173
14.48 10.67 0.142 222.146
14.49 11.31 0.142 224.06
14.5 11.94 0.14 225.592
14.51 12.36 0.138 226.49
14.52 12.83 0.131 226.77
14.53 13.29 0.123 226.775
14.54 13.7 0.114 226.377
14.55 13.98 0.104 225.353
14.56 14.12 0.096 224.222
14.57 14.26 0.092 223.79
14.58 14.47 0.091 224.1
14.59 14.62 0.091 224.476
14.6 14.65 0.095 225.39
14.61 14.24 0.094 224.316
14.62 14.07 0.088 222.745
14.63 13.65 0.076 219.128
14.64 12.92 0.065 214.632
14.65 12.36 0.063 212.753
14.66 12.11 0.062 211.886
14.67 11.62 0.061 210.385
14.68 11.06 0.069 211.087
14.69 10.9 0.075 212.151
14.7 10.56 0.089 214.254
14.71 10.37 0.098 215.455
14.72 10.28 0.108 216.972
14.73 10.33 0.117 218.616
14.74 10.47 0.124 220.143
14.75 10.82 0.136 222.936
14.76 11.11 0.14 224.37
14.77 11.38 0.144 225.718
14.78 11.5 0.148 226.618
14.79 11.39 0.15 226.6
14.8 11.14 0.148 225.667
14.81 10.86 0.145 224.501
14.82 10.57 0.14 223.017
14.83 10.26 0.135 221.434
14.84 9.9 0.119 218.039
14.85 9.46 0.093 212.258
14.86 9 0.077 207.494
14.87 8.5 0.067 203.463
14.88 8.07 0.061 200.415
14.89 7.68 0.059 198.477
14.9 7.42 0.061 198.08
14.91 7.27 0.071 200.046
14.92 7.34 0.078 201.933
14.93 7.45 0.083 203.453
14.94 7.5 0.097 206.346
14.95 7.29 0.097 205.542
14.96 7.14 0.099 205.314
14.97 7.07 0.106 206.23
14.98 7 0.112 206.918
14.99 6.7 0.103 204.227
15 6.41 0.099 202.3
15.01 5.98 0.097 199.984
15.02 5.85 0.097 199.389
15.03 5.61 0.096 198.056
15.04 5.5 0.09 196.471
15.05 5.61 0.081 195.348
15.06 5.92 0.0803 196.761
15.07 6.26 0.0797 198.263
15.08 6.41 0.079 198.831
15.09 6.32 0.077 198.04
15.1 5.98 0.078 196.716
15.11 5.78 0.078 195.791
15.12 5.64 0.07 193.388
15.13 5.52 0.061 190.63
15.14 5.4 0.054 188.145
15.15 5.29 0.0523 187.124
15.16 5.17 0.0507 186.059
15.17 5.05 0.049 184.94
15.18 4.89 0.05 184.428
15.19 4.67 0.049 182.935
15.2 4.25 0.042 178.202
15.21 3.92 0.039 175.089
15.22 3.58 0.035 171.299
15.23 3.27 0.033 168.284
15.24 3 0.031 165.377
15.25 2.81 0.031 163.856
15.26 2.67 0.03 162.241
15.27 2.59 0.031 162.002
15.28 2.56 0.034 163.008
15.29 2.54 0.038 164.368
15.3 2.51 0.042 165.489
15.31 2.42 0.044 165.29
15.32 2.29 0.044 164.01
15.33 2.14 0.042 161.82
15.34 1.99 0.041 159.844
15.35 1.85 0.038 157.205
15.36 1.8433 0.0377 157.048
15.37 1.8367 0.0373 156.856
15.38 1.83 0.037 156.696
15.39 1.96 0.037 158.281
15.4 2.07 0.037 159.56
15.41 2.12 0.037 160.138
15.42 2.08 0.036 159.364
15.43 1.96 0.034 157.285
15.44 1.81 0.03 153.909
15.45 1.66 0.027 150.704
15.46 1.6233 0.025 149.288
15.47 1.5867 0.025 148.825
15.48 1.55 0.025 148.351
15.49 1.74 0.027 151.838
15.5 2 0.028 155.411
15.51 2.19 0.028 157.484
15.52 2.28 0.029 158.891
15.53 2.31 0.031 160.105
15.54 2.29 0.033 160.767
15.55 2.22 0.032 159.67
15.56 2.13 0.031 158.33
15.57 2.13 0.031 158.359
15.58 2.45 0.031 161.612
15.59 2.79 0.029 163.783
15.6 3.17 0.028 166.365
15.61 3.52 0.027 168.413
15.62 3.78 0.029 171.195
15.63 4.02 0.03 173.238
15.64 4.3 0.031 175.435
15.65 4.61 0.031 177.234
15.66 4.87 0.032 179.144
15.67 5.14 0.035 181.925
15.68 5.4 0.039 184.912
15.69 5.58 0.042 186.969
15.7 5.73 0.043 188.086
15.71 5.86 0.043 188.728
15.72 6.01 0.041 188.701
15.73 6.14 0.038 188.123
15.74 6.31 0.037 188.479
15.75 6.5 0.037 189.32
15.76 6.73 0.038 190.726
15.77 7.01 0.038 191.883
15.78 7.28 0.039 193.382
15.79 7.56 0.047 197.512
15.8 7.75 0.053 200.246
15.81 7.86 0.054 201
15.82 7.92 0.055 201.563
15.83 7.92 0.058 202.492
15.84 7.85 0.062 203.394
15.85 7.79 0.065 204.005
15.86 7.72 0.065 203.776
15.87 7.65 0.06 202.194
15.88 7.57 0.053 199.85
15.89 7.51 0.047 197.67
15.9 7.46 0.045 196.801
15.91 7.43 0.045 196.721
15.92 7.42 0.037 193.54
15.93 7.49 0.036 193.394
15.94 7.57 0.036 193.724
15.95 7.58 0.036 193.795
15.96 7.52 0.036 193.607
15.97 7.35 0.038 193.874
15.98 7.19 0.039 193.713
15.99 7.07 0.038 192.86
16 6.96 0.038 192.458
16.01 6.85 0.037 191.625
16.02 6.8 0.037 191.456
16.03 6.77 0.038 191.793
16.04 6.8 0.04 192.769
16.05 6.85 0.042 193.791
16.06 6.86 0.043 194.245
16.07 6.87 0.044 194.692
16.08 6.84 0.044 194.603
16.09 6.77 0.044 194.348
16.1 6.68 0.044 194.007
16.11 6.56 0.043 193.165
16.12 6.47 0.042 192.438
16.13 6.39 0.039 190.945
16.14 6.3 0.037 189.756
16.15 6.2 0.033 187.558
16.16 6.06 0.03 185.497
16.17 5.9 0.027 183.202
16.18 5.74 0.024 180.73
16.19 5.55 0.022 178.59
16.2 5.34 0.021 176.945
16.21 5.05 0.019 174.102
16.22 4.97 0.019 173.732
16.23 4.79 0.019 172.841
16.24 4.42 0.019 170.881
16.25 4.14 0.019 169.307
16.26 3.97 0.021 169.724
16.27 3.64 0.025 170.095
16.28 3.04 0.028 167.338
16.29 2.82 0.029 166.05
16.3 2.65 0.029 164.598
16.31 2.52 0.032 164.782
16.32 2.45 0.037 166.138
16.33 2.43 0.041 167.394
16.34 2.47 0.043 168.483
16.35 2.51 0.042 168.571
16.36 2.56 0.04 168.394
16.37 2.6 0.038 168.081
16.38 2.61 0.036 167.447
16.39 2.6 0.033 166.176
16.4 2.56 0.032 165.409
16.41 2.52 0.031 164.627
16.42 2.5 0.031 164.466
16.43 2.51 0.031 164.588
16.44 2.55 0.031 164.992
16.45 2.57 0.032 165.642
16.46 2.56 0.032 165.577
16.47 2.53 0.03 164.439
16.48 2.48 0.026 162.054
16.49 2.35 0.023 159.197
16.5 2.15 0.021 156.012
16.51 2.02 0.019 153.361
16.52 1.97 0.016 150.664
16.53 1.91 0.012 146.472
16.54 1.84 0.01 143.517
16.55 1.76 0.007 138.455
16.56 1.65 0.007 137.198
16.57 1.56 0.007 136.117
16.58 1.51 0.007 135.502
16.59 1.47 0.009 137.855
16.6 1.46 0.011 140.061
16.61 1.45 0.012 140.963
16.62 1.46 0.013 142.069
16.63 1.48 0.014 143.252
16.64 1.56 0.016 145.979
16.65 1.67 0.018 148.895
16.66 1.8 0.02 151.862
16.67 1.91 0.02 153.19
16.68 1.97 0.019 153.244
16.69 1.94 0.018 152.245
16.7 1.86 0.016 149.874
16.71 1.74 0.014 146.826
16.72 1.59 0.012 143.109
16.73 1.43 0.01 138.841
16.74 1.29 0.008 134.302
16.75 1.19 0.008 132.773
16.76 1.12 0.008 131.641
16.77 1.1 0.008 131.321
16.78 1.08 0.011 134.514
16.79 1.07 0.012 135.332
16.8 1.1 0.013 136.803
16.81 1.2 0.014 139.407
16.82 1.43 0.015 143.819
16.83 1.69 0.015 147.345
16.84 1.96 0.015 150.549
16.85 2.25 0.015 153.595
16.86 2.6 0.017 158.494
16.87 2.97 0.018 162.357
16.88 3.29 0.021 166.921
16.89 3.53 0.024 170.534
16.9 4.07 0.034 179.214
16.91 4.21 0.035 180.553
16.92 4.33 0.035 181.315
16.93 4.45 0.034 181.622
16.94 4.54 0.032 181.259
16.95 4.61 0.029 180.207
16.96 4.64 0.026 178.773
16.97 4.64 0.025 178.22
16.98 4.58 0.025 177.915
16.99 4.51 0.023 176.323
17 4.45 0.019 173.236
17.01 4.39 0.017 171.333
17.02 4.36 0.0177 171.768
17.03 4.36 0.0183 172.273
17.04 4.38 0.019 172.954
17.05 4.42 0.023 175.984
17.06 4.47 0.024 176.924
17.07 4.52 0.025 177.839
17.08 4.58 0.03 180.93
17.09 4.71 0.036 184.467
17.1 4.93 0.039 186.955
17.11 5.22 0.039 188.531
17.12 5.64 0.04 191.077
17.13 6.39 0.05 198.221
17.14 12.72 0.096 231.123
17.15 22.25 0.082 247.279
17.16 28.36 0.067 251.845
17.17 27.07 0.069 250.816
17.18 32.5 0.067 256.918
17.19 37.2 0.078 265.341
17.2 42.25 0.139 283.604
17.21 47.99 0.113 283.966
