0.01 -0.01 0 -nan
0.02 -0.01 0 -nan
0.03 -0.01 0 -nan
0.04 -0.01 0 -nan
0.05 -0.01 0 -nan
0.06 -0.01 0 -nan
0.07 -0.01 0 -nan
0.08 -0.01 0 -nan
0.09 -0.01 0 -nan
0.1 0 0 0
0.11 0 0 0
0.12 0.01 0 0
0.13 0.05 0 0
0.14 0.03 0 0
0.15 0.05 0 0
0.16 0.04 0 0
0.17 0.08 0.001 21.1314
0.18 0.04 0.001 19.4303
0.19 0.03 0.003 20.7354
0.2 0.14 0.005 27.3969
0.21 0.25 0.007 31.0463
0.22 0.75 0.01 37.9507
0.23 2.13 0.011 45.01
0.24 3.99 0.013 50.5518
0.25 4.7 0.013 52.3489
0.26 5.04 0.014 53.7884
0.27 5.24 0.015 54.9758
0.28 5.47 0.017 56.464
0.29 5.91 0.018 57.9311
0.3 5.84 0.019 58.6426
0.31 6.16 0.02 59.891
0.32 6.27 0.019 60.3182
0.33 6.45 0.019 61.0849
0.34 6.64 0.017 61.2822
0.35 6.91 0.016 61.821
0.36 7.23 0.017 63.0317
0.37 7.59 0.017 63.9596
0.38 7.79 0.019 65.2787
0.39 8.26 0.02 66.5924
0.4 8.33 0.021 67.4174
0.41 8.4 0.022 68.2272
0.42 8.87 0.023 69.4829
0.43 9.2 0.024 70.5572
0.44 9.37 0.026 71.6727
0.45 9.64 0.027 72.6453
0.46 9.84 0.028 73.5291
0.47 10.13 0.03 74.7077
0.48 10.38 0.031 75.6165
0.49 10.49 0.031 76.1667
0.5 10.58 0.032 76.8928
0.51 10.65 0.034 77.7821
0.52 10.68 0.036 78.6078
0.53 10.8 0.037 79.333
0.54 10.81 0.037 79.757
0.55 10.88 0.038 80.4176
0.56 10.93 0.038 80.8748
0.57 10.99 0.039 81.5138
0.58 10.97 0.039 81.8874
0.59 11.01 0.041 82.6639
0.6 11.04 0.042 83.2503
0.61 11.1 0.043 83.863
0.62 11.11 0.044 84.4152
0.63 11.07 0.044 84.7475
0.64 11 0.044 85.0416
0.65 10.89 0.045 85.4451
0.66 10.74 0.045 85.6373
0.67 10.54 0.045 85.7636
0.68 10.43 0.045 85.9875
0.69 10.38 0.046 86.4354
0.7 10.37 0.046 86.7698
0.71 10.38 0.046 87.1247
0.72 10.39 0.046 87.4763
0.73 10.42 0.046 87.8488
0.74 10.44 0.046 88.2061
0.75 10.46 0.046 88.5603
0.76 10.41 0.047 88.9847
0.77 10.3 0.047 89.1722
0.78 10.22 0.048 89.5489
0.79 10.11 0.048 89.7267
0.8 10.05 0.048 89.9638
0.81 9.98 0.048 90.1843
0.82 9.94 0.048 90.4401
0.83 9.85 0.047 90.468
0.84 9.8 0.047 90.7032
0.85 9.7 0.046 90.7053
0.86 9.69 0.046 90.9872
0.87 9.7 0.045 91.1269
0.88 9.72 0.045 91.444
0.89 9.85 0.044 91.7357
0.9 9.93 0.044 92.1283
0.91 10.11 0.044 92.6511
0.92 10.2 0.044 93.0517
0.93 10.26 0.044 93.4107
0.94 10.4 0.044 93.8719
0.95 10.48 0.045 94.4288
0.96 10.56 0.046 94.9813
0.97 10.58 0.046 95.2813
0.98 10.63 0.046 95.6183
0.99 10.6 0.047 96.0212
1 10.58 0.047 96.2636
1.01 10.58 0.048 96.6995
1.02 10.47 0.048 96.8189
1.03 10.37 0.048 96.9478
1.04 10.24 0.048 97.0321
1.05 10.22 0.049 97.4302
1.06 10.07 0.048 97.3124
1.07 9.96 0.048 97.4126
1.08 9.8 0.048 97.4373
1.09 9.71 0.048 97.5576
1.1 9.5 0.048 97.4982
1.11 9.42 0.047 97.454
1.12 9.27 0.047 97.4717
1.13 8.98 0.047 97.2667
1.14 8.86 0.046 97.1425
1.15 8.68 0.045 96.9139
1.16 8.54 0.044 96.7392
1.17 8.21 0.043 96.2373
1.18 8.17 0.043 96.3975
1.19 8.09 0.041 96.1055
1.2 8.03 0.041 96.2261
1.21 8.01 0.04 96.2159
1.22 7.93 0.039 96.0943
1.23 7.88 0.038 96.0172
1.24 7.85 0.037 95.9676
1.25 7.8 0.037 96.0937
1.26 7.65 0.037 96.0379
1.27 7.56 0.037 96.0853
1.28 7.44 0.038 96.2868
1.29 7.3 0.037 96.0184
1.3 6.95 0.037 95.5464
1.31 6.76 0.037 95.3687
1.32 6.54 0.036 94.8997
1.33 6.32 0.035 94.4101
1.34 5.79 0.035 93.4211
1.35 5.52 0.034 92.7489
1.36 5.28 0.032 91.8818
1.37 5.06 0.031 91.2652
1.38 4.74 0.03 90.3468
1.39 4.61 0.029 89.9126
1.4 4.5 0.026 88.9672
1.41 4.36 0.025 88.4495
1.42 4.21 0.024 87.8788
1.43 3.94 0.023 86.9057
1.44 3.81 0.02 85.6528
1.45 3.69 0.018 84.6776
1.46 3.59 0.017 84.1037
1.47 3.34 0.016 82.9725
1.48 3.29 0.015 82.5045
1.49 3.19 0.015 82.2925
1.5 3.11 0.014 81.6745
1.51 2.9 0.014 81.0059
1.52 2.68 0.014 80.2379
1.53 2.66 0.014 80.2977
1.54 2.56 0.015 80.4611
1.55 2.48 0.018 81.4648
1.56 2.3 0.021 81.7719
1.57 2.2 0.023 82.013
1.58 2.11 0.024 81.9549
1.59 2.04 0.025 81.9788
1.6 2.04 0.033 84.0408
1.61 2.04 0.033 84.1865
1.62 2.16 0.033 85.0285
1.63 2.32 0.032 85.8351
1.64 2.49 0.031 86.632
1.65 2.75 0.03 87.7887
1.66 3.05 0.029 89.0059
1.67 2.11 0.027 84.0464
1.68 2.02 0.024 82.8434
1.69 2.02 0.022 82.3817
1.7 2.03 0.021 82.2566
1.71 2.03 0.019 81.7076
1.72 2.05 0.018 81.5879
1.73 2.17 0.017 82.0008
1.74 2.23 0.013 80.6355
1.75 2.3 0.011 80.0046
1.76 2.36 0.011 80.4292
1.77 2.42 0.01 80.2091
1.78 2.47 0.01 80.5718
1.79 2.52 0.01 80.9306
1.8 2.62 0.01 81.5115
1.81 2.67 0.011 82.5114
1.82 2.72 0.011 82.859
1.83 2.77 0.012 83.8078
1.84 2.81 0.012 84.1083
1.85 2.85 0.012 84.4067
1.86 2.93 0.013 85.4381
1.87 2.93 0.013 85.5655
1.88 2.98 0.013 85.9015
1.89 2.99 0.014 86.6022
1.9 3.01 0.014 86.8126
1.91 3.02 0.014 86.9809
1.92 3.03 0.014 87.1487
1.93 3.04 0.015 87.8188
1.94 3.07 0.015 88.0695
1.95 3.09 0.015 88.278
1.96 3.12 0.015 88.5267
1.97 3.16 0.016 89.2929
1.98 3.19 0.016 89.5405
1.99 3.23 0.016 89.827
2 3.29 0.016 90.191
2.01 3.31 0.017 90.8521
2.02 3.32 0.017 91.017
2.03 3.34 0.017 91.2209
2.04 3.37 0.017 91.4633
2.05 3.42 0.017 91.7822
2.06 3.57 0.017 92.4763
2.07 3.75 0.018 93.7037
2.08 3.91 0.018 94.3956
2.09 4.09 0.019 95.565
2.1 4.26 0.019 96.2547
2.11 4.41 0.02 97.2777
2.12 4.65 0.02 98.1518
2.13 4.74 0.022 99.3365
2.14 4.83 0.022 99.7357
2.15 4.93 0.022 100.16
2.16 5.02 0.023 100.924
2.17 5.12 0.023 101.341
2.18 5.24 0.023 101.809
2.19 5.37 0.024 102.662
2.2 5.62 0.025 103.82
2.21 5.73 0.025 104.242
2.22 5.84 0.025 104.659
2.23 5.96 0.026 105.441
2.24 6.09 0.026 105.9
2.25 6.23 0.027 106.714
2.26 6.61 0.028 108.087
2.27 6.83 0.03 109.357
2.28 7.06 0.031 110.315
2.29 7.25 0.032 111.165
2.3 7.39 0.032 111.607
2.31 7.48 0.033 112.224
2.32 7.48 0.034 112.638
2.33 7.44 0.036 113.223
2.34 7.42 0.036 113.314
2.35 7.44 0.037 113.751
2.36 7.45 0.037 113.907
2.37 7.5 0.037 114.151
2.38 7.61 0.037 114.525
2.39 7.67 0.037 114.788
2.4 7.75 0.037 115.093
2.41 7.85 0.037 115.439
2.42 7.93 0.037 115.741
2.43 7.99 0.038 116.258
2.44 8.05 0.035 115.721
2.45 8.15 0.033 115.492
2.46 8.41 0.033 116.147
2.47 8.49 0.033 116.437
2.48 8.5 0.034 116.877
2.49 8.44 0.034 116.889
2.5 8.35 0.035 117.121
2.51 8.23 0.036 117.281
2.52 7.95 0.037 117.094
2.53 7.67 0.037 116.619
2.54 7.66 0.037 116.725
2.55 7.64 0.038 117.068
2.56 7.63 0.038 117.174
2.57 7.64 0.037 117.063
2.58 7.65 0.037 117.211
2.59 7.68 0.036 117.136
2.6 7.71 0.036 117.328
2.61 7.72 0.036 117.475
2.62 7.73 0.036 117.622
2.63 7.77 0.036 117.834
2.64 8.01 0.036 118.476
2.65 8.22 0.036 119.044
2.66 8.41 0.037 119.834
2.67 8.56 0.037 120.265
2.68 8.64 0.037 120.551
2.69 8.73 0.037 120.856
2.7 8.83 0.038 121.449
2.71 8.95 0.039 122.074
2.72 9.08 0.04 122.711
2.73 9.2 0.041 123.322
2.74 9.17 0.042 123.637
2.75 9.08 0.042 123.586
2.76 8.94 0.042 123.435
2.77 8.8 0.042 123.278
2.78 8.69 0.042 123.179
2.79 8.56 0.042 123.034
2.8 8.54 0.042 123.115
2.81 8.55 0.042 123.258
2.82 8.56 0.041 123.154
2.83 8.64 0.041 123.44
2.84 8.66 0.041 123.602
2.85 8.67 0.041 123.744
2.86 8.64 0.042 124.051
2.87 8.54 0.043 124.206
2.88 8.49 0.043 124.221
2.89 8.4 0.044 124.388
2.9 8.29 0.044 124.272
2.91 8.19 0.045 124.406
2.92 7.97 0.044 123.805
2.93 7.84 0.044 123.63
2.94 7.69 0.044 123.403
2.95 7.52 0.043 122.888
2.96 7.34 0.042 122.335
2.97 7.19 0.041 121.842
2.98 6.99 0.038 120.696
2.99 7 0.038 120.833
3 7 0.035 120.121
3.01 7.08 0.033 119.841
3.02 7.34 0.032 120.268
3.03 7.48 0.031 120.388
3.04 7.61 0.03 120.468
3.05 7.7 0.03 120.783
3.06 7.78 0.031 121.403
3.07 7.84 0.032 121.97
3.08 7.83 0.032 122.058
3.09 7.82 0.033 122.458
3.1 7.77 0.035 123.056
3.11 7.72 0.036 123.341
3.12 7.59 0.037 123.43
3.13 7.51 0.038 123.626
3.14 7.45 0.039 123.86
3.15 7.39 0.039 123.825
3.16 7.28 0.039 123.667
3.17 7.22 0.039 123.628
3.18 7.17 0.039 123.613
3.19 7.11 0.038 123.304
3.2 7.07 0.038 123.312
3.21 6.87 0.037 122.637
3.22 6.9 0.037 122.82
3.23 6.83 0.037 122.746
3.24 6.76 0.036 122.39
3.25 6.69 0.035 122.025
3.26 6.56 0.035 121.785
3.27 6.5 0.035 121.727
3.28 6.46 0.035 121.722
3.29 6.4 0.035 121.662
3.3 6.36 0.035 121.655
3.31 6.25 0.035 121.452
3.32 6.19 0.035 121.385
3.33 6.12 0.035 121.287
3.34 6.02 0.035 121.101
3.35 5.79 0.035 120.524
3.36 5.66 0.035 120.23
3.37 5.54 0.035 119.958
3.38 5.39 0.034 119.296
3.39 5.24 0.032 118.311
3.4 4.86 0.03 116.504
3.41 4.63 0.028 115.125
3.42 4.42 0.025 113.377
3.43 4.26 0.024 112.486
3.44 4.17 0.022 111.422
3.45 4.07 0.018 109.283
3.46 4.07 0.013 106.449
3.47 4.14 0.01 104.491
3.48 4.2 0.008 102.864
3.49 4.74 0.006 102.277
3.5 4.97 0.005 101.508
3.51 5.16 0.005 102.138
3.52 5.02 0.005 101.815
3.53 5.21 0.005 102.442
3.54 5.29 0.005 102.748
3.55 5.81 0.005 104.226
3.56 5.99 0.008 108.945
3.57 6.16 0.009 110.548
3.58 6.43 0.011 113.194
3.59 6.52 0.015 116.476
3.6 6.58 0.017 117.942
3.61 6.62 0.019 119.234
3.62 6.65 0.021 120.402
3.63 6.66 0.025 122.282
3.64 6.68 0.026 122.828
3.65 6.72 0.028 123.788
3.66 6.75 0.029 124.325
3.67 6.72 0.03 124.69
3.68 6.76 0.031 125.233
3.69 6.66 0.031 125.058
3.7 6.56 0.032 125.21
3.71 6.45 0.033 125.32
3.72 6.19 0.033 124.673
3.73 6.04 0.034 124.635
3.74 5.89 0.034 124.277
3.75 5.58 0.034 123.405
3.76 5.42 0.034 122.98
3.77 5.26 0.034 122.541
3.78 4.92 0.034 121.457
3.79 4.76 0.032 120.36
3.8 4.58 0.032 119.782
3.81 4.27 0.032 118.666
3.82 4.15 0.032 118.266
3.83 4.05 0.03 117.305
3.84 4.03 0.028 116.635
3.85 4.06 0.021 114.081
3.86 4.1 0.019 113.376
3.87 4.68 0.017 114.575
3.88 5.13 0.01 111.165
3.89 5.58 0.008 110.529
3.9 5.96 0.006 109.021
3.91 6.4 0.007 111.646
3.92 6.53 0.007 112.05
3.93 6.66 0.008 113.704
3.94 6.88 0.011 117.388
3.95 7.03 0.013 119.485
3.96 7.14 0.015 121.272
3.97 7.24 0.016 122.255
3.98 7.45 0.019 124.614
3.99 7.52 0.02 125.403
4 7.55 0.022 126.562
4.01 7.52 0.024 127.497
4.02 7.5 0.028 129.183
4.03 7.45 0.03 129.891
4.04 7.4 0.031 130.209
4.05 7.25 0.032 130.259
4.06 7.2 0.032 130.218
4.07 7.15 0.034 130.835
4.08 7.13 0.034 130.872
4.09 7.12 0.035 131.25
4.1 7.07 0.035 131.206
4.11 6.98 0.035 131.053
4.12 6.84 0.035 130.76
4.13 6.42 0.035 129.659
4.14 6.21 0.036 129.43
4.15 5.99 0.036 128.845
4.16 5.79 0.036 128.303
4.17 5.5 0.036 127.442
4.18 5.44 0.035 127.027
4.19 5.45 0.034 126.839
4.2 5.47 0.032 126.351
4.21 5.75 0.028 125.94
4.22 5.95 0.027 126.263
4.23 6.13 0.025 126.079
4.24 6.67 0.022 126.354
4.25 6.87 0.021 126.485
4.26 7.03 0.02 126.474
4.27 7.2 0.02 126.993
4.28 7.57 0.02 127.995
4.29 7.77 0.02 128.56
4.3 7.96 0.021 129.617
4.31 8.27 0.023 131.407
4.32 8.38 0.024 132.21
4.33 8.56 0.026 133.587
4.34 8.6 0.03 135.364
4.35 8.63 0.032 136.249
4.36 8.62 0.034 137.002
4.37 8.55 0.038 138.202
4.38 8.48 0.04 138.716
4.39 8.38 0.041 138.853
4.4 8.17 0.043 138.983
4.41 8.08 0.044 139.115
4.42 8 0.044 139.003
4.43 7.91 0.044 138.864
4.44 7.73 0.043 138.227
4.45 7.65 0.039 136.989
4.46 7.7 0.039 137.203
4.47 7.75 0.038 137.12
4.48 7.91 0.038 137.61
4.49 8.11 0.038 138.191
4.5 8.34 0.034 137.555
4.51 8.13 0.03 135.715
4.52 8.66 0.029 136.653
4.53 9.27 0.027 137.266
4.54 9.44 0.028 138.127
4.55 9.65 0.028 138.65
4.56 9.9 0.029 139.654
4.57 10.26 0.031 141.241
4.58 10.37 0.032 141.919
4.59 10.43 0.033 142.487
4.6 10.52 0.035 143.45
4.61 10.68 0.037 144.516
4.62 10.74 0.042 146.254
4.63 10.76 0.044 146.949
4.64 10.76 0.046 147.582
4.65 10.75 0.048 148.174
4.66 10.65 0.051 148.812
4.67 10.58 0.053 149.236
4.68 10.29 0.054 148.96
4.69 10.12 0.055 148.918
4.7 9.99 0.056 148.952
4.71 9.79 0.056 148.607
4.72 9.38 0.056 147.782
4.73 9.15 0.056 147.341
4.74 8.9 0.056 146.84
4.75 8.65 0.055 146.106
4.76 8.41 0.055 145.6
4.77 7.94 0.055 144.484
4.78 7.7 0.053 143.487
4.79 7.51 0.052 142.828
4.8 7.32 0.051 142.155
4.81 7.11 0.05 141.409
4.82 7.08 0.046 140.427
4.83 7.11 0.043 139.807
4.84 7.15 0.04 139.161
4.85 7.42 0.037 139.081
4.86 7.62 0.033 138.371
4.87 7.84 0.033 139.019
4.88 8.32 0.032 139.934
4.89 8.55 0.032 140.565
4.9 8.74 0.032 141.091
4.91 8.89 0.032 141.517
4.92 8.98 0.033 142.166
4.93 8.95 0.033 142.178
4.94 8.92 0.035 142.887
4.95 8.83 0.036 143.094
4.96 8.49 0.038 143.009
4.97 8.31 0.038 142.648
4.98 8.1 0.04 142.811
4.99 7.91 0.041 142.696
5 7.67 0.041 142.143
5.01 7.25 0.041 141.073
5.02 6.98 0.042 140.664
5.03 6.66 0.043 140.068
5.04 6.32 0.043 139.092
5.05 5.57 0.043 136.66
5.06 5.18 0.045 135.826
5.07 4.79 0.047 134.864
5.08 4.39 0.048 133.488
5.09 3.63 0.049 130.178
5.1 3.25 0.051 128.618
5.11 2.9 0.051 126.594
5.12 2.28 0.05 122.15
5.13 2 0.05 119.931
5.14 1.77 0.043 116.434
5.15 1.59 0.04 114.023
5.16 1.3 0.037 110.107
5.17 1.19 0.032 107.467
5.18 1.08 0.027 104.545
5.19 0.98 0.025 102.49
5.2 0.76 0.023 98.1747
5.21 0.66 0.02 95.139
5.22 0.6 0.015 91.6716
5.23 0.57 0.015 91.0454
5.24 0.56 0.013 89.7865
5.25 0.56 0.008 86.2776
5.26 0.56 0.006 84.2817
5.27 0.56 0.005 83.0567
5.28 0.56 0.004 81.5719
5.29 0.56 0.004 81.6148
5.3 0.57 0.003 79.9298
5.31 0.58 0.002 77.5128
5.32 0.59 0.002 77.7445
5.33 0.57 0.001 73.0624
5.34 0.56 0.001 72.9144
5.35 0.56 0.001 72.9523
5.36 0.56 0.001 72.9902
5.37 0.56 0.001 73.0281
5.38 0.54 0.001 72.6842
5.39 0.53 0.001 72.5263
5.4 0.51 0.001 72.1628
5.41 0.5 0.001 71.9943
5.42 0.51 0.001 72.237
5.43 0.53 0.002 76.9899
5.44 0.56 0.002 77.6424
5.45 0.57 0.002 77.8803
5.46 0.58 0.002 78.1154
5.47 0.59 0.001 73.9573
5.48 0.59 0.001 73.9949
5.49 0.59 0.001 74.0324
5.5 0.6 0.001 74.2493
5.51 0.6 0.001 74.2868
5.52 0.59 0.001 74.1446
5.53 0.59 0.001 74.1819
5.54 0.6 0.002 78.8158
5.55 0.62 0.002 79.2285
5.56 0.64 0.001 75.169
5.57 0.66 0.001 75.5405
5.58 0.69 0.001 76.0635
5.59 0.69 0.001 76.1014
5.6 0.68 0.001 75.9793
5.61 0.65 0.001 75.5247
5.62 0.64 0.001 75.3936
5.63 0.64 0.001 75.4309
5.64 0.64 0.001 75.4681
5.65 0.64 0.001 75.5053
5.66 0.63 0.001 75.3713
5.67 0.6 0.001 74.8803
5.68 0.58 0.001 74.5522
5.69 0.59 0.002 79.2114
5.7 0.6 0.002 79.4421
5.71 0.64 0.002 80.2229
5.72 0.67 0.002 80.7931
5.73 0.72 0.003 84.4767
5.74 0.76 0.003 85.1783
5.75 0.73 0.004 86.7791
5.76 0.72 0.004 86.6488
5.77 0.7 0.006 89.302
5.78 0.7 0.005 87.9999
5.79 0.87 0.005 90.8422
5.8 1.04 0.005 93.2519
5.81 1.28 0.006 97.5976
5.82 1.54 0.007 101.574
5.83 1.8 0.008 105.092
5.84 2.2 0.007 107.029
5.85 2.38 0.007 108.299
5.86 2.57 0.007 109.556
5.87 2.76 0.007 110.739
5.88 2.9 0.008 112.831
5.89 2.85 0.015 118.647
5.9 2.71 0.019 120.186
5.91 2.52 0.023 120.897
5.92 2.31 0.026 120.673
5.93 2.11 0.026 119.165
5.94 1.93 0.026 117.7
5.95 1.7 0.025 115.246
5.96 1.63 0.027 115.34
5.97 1.56 0.029 115.351
5.98 1.5 0.031 115.393
5.99 1.44 0.03 114.457
6 1.43 0.028 113.741
6.01 1.51 0.023 112.827
6.02 1.6 0.018 111.526
6.03 1.91 0.015 112.737
6.04 2.22 0.016 115.879
6.05 2.42 0.016 117.381
6.06 2.42 0.016 117.435
6.07 2.32 0.017 117.368
6.08 2.18 0.021 118.438
6.09 2.02 0.022 117.653
6.1 1.88 0.027 118.497
6.11 1.89 0.03 119.686
6.12 1.91 0.028 119.236
6.13 2.83 0.026 125.463
6.14 4.6 0.027 135.038
6.15 6.82 0.027 142.981
6.16 8.63 0.029 148.86
6.17 10.75 0.031 154.569
6.18 11.38 0.036 157.863
6.19 11.84 0.038 159.554
6.2 12.09 0.041 161.122
6.21 12.33 0.044 162.604
6.22 12.56 0.045 163.416
6.23 12.97 0.046 164.547
6.24 13.1 0.048 165.442
6.25 13.25 0.049 166.072
6.26 13.34 0.049 166.308
6.27 13.54 0.049 166.738
6.28 13.74 0.05 167.446
6.29 13.99 0.051 168.233
6.3 14.49 0.052 169.434
6.31 14.69 0.054 170.378
6.32 14.83 0.055 170.946
6.33 14.88 0.056 171.361
6.34 14.93 0.058 172.021
6.35 14.94 0.058 172.113
6.36 14.9 0.058 172.121
6.37 14.87 0.062 173.104
6.38 14.77 0.062 173.012
6.39 14.72 0.063 173.233
6.4 14.69 0.064 173.485
6.41 14.65 0.064 173.492
6.42 14.63 0.064 173.533
6.43 14.6 0.064 173.557
6.44 14.52 0.059 172.324
6.45 14.48 0.057 171.836
6.46 14.44 0.056 171.589
6.47 14.4 0.057 171.847
6.48 14.37 0.057 171.869
6.49 14.36 0.058 172.175
6.5 14.28 0.058 172.11
6.51 13.97 0.059 171.884
6.52 13.9 0.059 171.833
6.53 13.87 0.059 171.853
6.54 13.91 0.059 171.998
6.55 13.95 0.06 172.383
6.56 14.02 0.06 172.58
6.57 14.2 0.061 173.209
6.58 14.41 0.062 173.884
6.59 14.54 0.062 174.182
6.6 14.58 0.063 174.557
6.61 14.77 0.064 175.186
6.62 14.79 0.064 175.294
6.63 14.83 0.063 175.206
6.64 14.84 0.063 175.296
6.65 14.87 0.062 175.187
6.66 14.92 0.061 175.108
6.67 15 0.061 175.316
6.68 15.16 0.06 175.416
6.69 15.22 0.06 175.589
6.7 15.33 0.059 175.598
6.71 15.42 0.059 175.819
6.72 15.56 0.059 176.121
6.73 15.68 0.059 176.389
6.74 15.83 0.06 176.951
6.75 16.14 0.062 178.004
6.76 16.28 0.064 178.77
6.77 16.36 0.067 179.654
6.78 16.46 0.069 180.326
6.79 16.55 0.069 180.541
6.8 16.64 0.069 180.756
6.81 16.54 0.069 180.673
6.82 16.39 0.069 180.51
6.83 16.31 0.068 180.237
6.84 16.31 0.069 180.53
6.85 16.32 0.07 180.835
6.86 16.5 0.07 181.195
6.87 16.63 0.07 181.473
6.88 16.84 0.069 181.657
6.89 17.04 0.068 181.819
6.9 17.2 0.068 182.137
6.91 17.29 0.068 182.348
6.92 17.48 0.069 182.93
6.93 17.55 0.071 183.545
6.94 17.63 0.072 183.953
6.95 17.68 0.073 184.313
6.96 17.75 0.074 184.7
6.97 17.81 0.075 185.071
6.98 17.82 0.076 185.363
6.99 17.97 0.076 185.661
7 18.1 0.077 186.13
7.01 18.29 0.077 186.484
7.02 18.45 0.078 186.993
7.03 18.57 0.078 187.242
7.04 18.65 0.078 187.432
7.05 18.67 0.079 187.733
7.06 18.63 0.08 187.946
7.07 18.59 0.082 188.348
7.08 18.56 0.083 188.569
7.09 18.49 0.084 188.728
7.1 18.41 0.084 188.684
7.11 18.28 0.085 188.751
7.12 18.14 0.085 188.616
7.13 17.97 0.085 188.434
7.14 17.56 0.085 187.882
7.15 17.4 0.085 187.708
7.16 17.24 0.084 187.346
7.17 17.07 0.084 187.152
7.18 16.87 0.083 186.721
7.19 16.66 0.083 186.456
7.2 16.48 0.082 186.049
7.21 16.15 0.082 185.579
7.22 16.02 0.08 185.055
7.23 15.93 0.08 184.976
7.24 15.87 0.08 184.946
7.25 15.72 0.079 184.571
7.26 15.73 0.079 184.659
7.27 15.57 0.079 184.458
7.28 15.46 0.078 184.145
7.29 15.32 0.078 183.974
7.3 15.18 0.077 183.603
7.31 14.97 0.077 183.305
7.32 14.79 0.077 183.056
7.33 14.58 0.077 182.749
7.34 14.21 0.076 181.944
7.35 14.05 0.075 181.517
7.36 13.85 0.075 181.211
7.37 13.65 0.074 180.698
7.38 13.39 0.073 180.062
7.39 13.03 0.072 179.219
7.4 12.54 0.072 178.299
7.41 12.19 0.07 177.225
7.42 11.89 0.067 176.013
7.43 11.26 0.064 174.04
7.44 11.04 0.06 172.681
7.45 10.8 0.049 169.322
7.46 10.47 0.045 167.44
7.47 10.24 0.045 166.967
7.48 10.56 0.038 165.428
7.49 10.88 0.036 165.456
7.5 11.47 0.034 165.99
7.51 12.11 0.033 166.939
7.52 12.42 0.033 167.61
7.53 13.25 0.033 169.241
7.54 13.97 0.035 171.436
7.55 14.34 0.038 173.328
7.56 14.66 0.041 175.047
7.57 14.88 0.046 177.175
7.58 15.09 0.049 178.534
7.59 15.25 0.056 180.869
7.6 15.33 0.059 181.86
7.61 15.35 0.061 182.466
7.62 15.35 0.063 183.023
7.63 15.31 0.065 183.498
7.64 15.28 0.067 183.976
7.65 15.24 0.068 184.2
7.66 15.21 0.069 184.439
7.67 15.2 0.069 184.488
7.68 15.22 0.069 184.59
7.69 15.24 0.07 184.913
7.7 15.28 0.07 185.05
7.71 15.44 0.07 185.394
7.72 15.5 0.07 185.565
7.73 15.54 0.07 185.7
7.74 15.55 0.07 185.784
7.75 15.55 0.07 185.851
7.76 15.59 0.07 185.986
7.77 15.63 0.07 186.122
7.78 15.76 0.071 186.631
7.79 15.88 0.072 187.119
7.8 16.15 0.073 187.856
7.81 16.28 0.073 188.14
7.82 16.46 0.075 188.93
7.83 16.6 0.079 190.047
7.84 16.74 0.08 190.544
7.85 16.95 0.082 191.347
7.86 16.97 0.083 191.64
7.87 16.96 0.084 191.883
7.88 16.85 0.087 192.332
7.89 16.5 0.087 191.819
7.9 16.29 0.088 191.715
7.91 16.03 0.088 191.338
7.92 15.77 0.088 190.955
7.93 15.53 0.087 190.42
7.94 15.08 0.086 189.499
7.95 14.85 0.085 188.963
7.96 14.5 0.082 187.818
7.97 14.31 0.078 186.749
7.98 14.11 0.076 186.033
7.99 14.09 0.074 185.647
8 14.09 0.073 185.502
8.01 14.1 0.071 185.157
8.02 14.11 0.068 184.576
8.03 14.14 0.068 184.696
8.04 14.17 0.066 184.358
8.05 14.21 0.065 184.263
8.06 14.24 0.069 185.301
8.07 14.25 0.074 186.465
8.08 14.09 0.088 188.931
8.09 14.12 0.086 188.692
8.1 14.14 0.084 188.426
8.11 14.23 0.079 187.702
8.12 14.18 0.079 187.672
8.13 14.01 0.078 187.211
8.14 13.61 0.082 187.273
8.15 12.98 0.087 186.982
8.16 12.8 0.088 186.847
8.17 11.14 0.083 182.32
8.18 11.01 0.078 181.135
8.19 10.87 0.074 180.073
8.2 11.26 0.063 178.642
8.21 10.94 0.06 177.242
8.22 11.1 0.057 176.916
8.23 11.25 0.056 177.057
8.24 11.88 0.054 177.973
8.25 12.38 0.052 178.532
8.26 12.56 0.051 178.675
8.27 12.67 0.049 178.365
8.28 12.62 0.047 177.706
8.29 12.56 0.048 177.955
8.3 12.63 0.05 178.763
8.31 12.7 0.051 179.26
8.32 12.93 0.051 179.784
8.33 13.19 0.052 180.652
8.34 13.45 0.053 181.509
8.35 13.65 0.053 181.956
8.36 13.77 0.054 182.529
8.37 13.73 0.055 182.792
8.38 13.71 0.056 183.089
8.39 13.67 0.059 183.869
8.4 13.65 0.06 184.149
8.41 13.63 0.062 184.674
8.42 13.52 0.063 184.765
8.43 13.43 0.032 174.53
8.44 13.29 0.043 178.662
8.45 12.95 0.048 179.693
8.46 12.79 0.052 180.629
8.47 12.61 0.053 180.606
8.48 12.44 0.053 180.312
8.49 12.26 0.053 179.993
8.5 11.87 0.053 179.216
8.51 11.34 0.053 178.099
8.52 11.13 0.052 177.397
8.53 10.92 0.053 177.25
8.54 10.92 0.053 177.307
8.55 10.87 0.052 176.967
8.56 10.76 0.052 176.766
8.57 10.48 0.051 175.869
8.58 10.33 0.051 175.561
8.59 10.17 0.051 175.223
8.6 10.01 0.051 174.88
8.61 9.85 0.05 174.244
8.62 9.7 0.05 173.915
8.63 9.34 0.05 173.027
8.64 9.27 0.05 172.895
8.65 9.12 0.05 172.545
8.66 8.97 0.049 171.899
8.67 8.72 0.048 170.962
8.68 8.66 0.048 170.847
8.69 8.66 0.047 170.603
8.7 8.71 0.047 170.799
8.71 8.75 0.048 171.266
8.72 9.11 0.048 172.318
8.73 9.44 0.048 173.259
8.74 9.89 0.048 174.48
8.75 10.45 0.048 175.925
8.76 11.04 0.048 177.378
8.77 12.13 0.049 180.166
8.78 12.58 0.052 182.068
8.79 13.05 0.052 183.091
8.8 13.42 0.055 184.747
8.81 13.99 0.057 186.469
8.82 14.26 0.058 187.313
8.83 14.56 0.059 188.202
8.84 14.81 0.061 189.248
8.85 15.16 0.061 189.945
8.86 15.2 0.063 190.588
8.87 15.24 0.063 190.72
8.88 15.29 0.066 191.61
8.89 15.34 0.068 192.237
8.9 15.45 0.069 192.729
8.91 15.52 0.069 192.914
8.92 15.57 0.069 193.064
8.93 15.71 0.07 193.605
8.94 15.96 0.07 194.106
8.95 16.13 0.071 194.692
8.96 16.29 0.073 195.481
8.97 16.48 0.075 196.309
8.98 16.69 0.076 196.945
8.99 17.13 0.077 197.961
9 17.38 0.079 198.86
9.01 17.59 0.083 200.086
9.02 17.81 0.087 201.293
9.03 17.98 0.089 202.012
9.04 18.22 0.09 202.649
9.05 18.3 0.092 203.211
9.06 18.46 0.093 203.711
9.07 18.58 0.097 204.68
9.08 18.71 0.099 205.296
9.09 18.89 0.101 205.985
9.1 18.97 0.101 206.173
9.11 19.09 0.104 206.927
9.12 19.15 0.106 207.412
9.13 19.17 0.108 207.829
9.14 19.11 0.109 207.958
9.15 18.97 0.111 208.116
9.16 18.85 0.111 207.989
9.17 18.7 0.111 207.813
9.18 18.48 0.112 207.677
9.19 18.37 0.111 207.406
9.2 18.25 0.111 207.273
9.21 18.05 0.109 206.694
9.22 17.71 0.108 206.033
9.23 17.56 0.107 205.684
9.24 17.44 0.105 205.22
9.25 17.38 0.103 204.852
9.26 17.27 0.101 204.393
9.27 17.29 0.099 204.148
9.28 17.3 0.097 203.88
9.29 17.45 0.092 203.297
9.3 17.62 0.09 203.27
9.31 17.82 0.09 203.662
9.32 18.2 0.09 204.343
9.33 18.34 0.09 204.629
9.34 18.43 0.091 205.023
9.35 18.51 0.095 205.948
9.36 18.6 0.096 206.332
9.37 18.6 0.098 206.748
9.38 18.55 0.099 206.904
9.39 18.51 0.102 207.415
9.4 18.4 0.102 207.299
9.41 18.11 0.103 207.054
9.42 17.96 0.105 207.199
9.43 17.79 0.106 207.139
9.44 17.73 0.107 207.262
9.45 17.5 0.105 206.609
9.46 17.4 0.103 206.169
9.47 17.22 0.102 205.754
9.48 17.08 0.102 205.572
9.49 16.91 0.102 205.336
9.5 16.68 0.101 204.824
9.51 16.26 0.1 203.964
9.52 16.1 0.099 203.563
9.53 15.94 0.1 203.5
9.54 15.91 0.1 203.504
9.55 15.82 0.101 203.565
9.56 15.74 0.101 203.476
9.57 15.73 0.101 203.517
9.58 15.67 0.102 203.631
9.59 15.6 0.102 203.558
9.6 15.34 0.102 203.125
9.61 15.2 0.102 202.916
9.62 15.04 0.101 202.499
9.63 14.87 0.101 202.227
9.64 14.61 0.101 201.772
9.65 14.46 0.101 201.53
9.66 14.34 0.1 201.18
9.67 14.27 0.096 200.414
9.68 14.31 0.094 200.202
9.69 14.36 0.093 200.181
9.7 14.55 0.092 200.438
9.71 14.76 0.09 200.542
9.72 14.96 0.09 200.989
9.73 15.1 0.089 201.129
9.74 15.05 0.089 201.091
9.75 14.95 0.089 200.955
9.76 14.85 0.09 201.005
9.77 14.7 0.091 200.953
9.78 14.48 0.092 200.757
9.79 14.36 0.092 200.573
9.8 14.22 0.092 200.347
9.81 14.07 0.092 200.098
9.82 13.8 0.091 199.416
9.83 13.66 0.091 199.18
9.84 13.51 0.09 198.737
9.85 13.38 0.09 198.516
9.86 13.25 0.09 198.293
9.87 13.14 0.089 197.927
9.88 13.06 0.089 197.809
9.89 12.97 0.087 197.294
9.9 12.93 0.086 197.072
9.91 12.92 0.085 196.914
9.92 12.94 0.085 197.013
9.93 12.97 0.084 196.94
9.94 13.05 0.083 196.973
9.95 13.4 0.083 197.78
9.96 13.73 0.083 198.53
9.97 14.16 0.083 199.469
9.98 14.65 0.083 200.504
9.99 15.34 0.084 202.095
10 15.53 0.086 202.907
10.01 15.59 0.088 203.465
10.02 15.69 0.092 204.464
10.03 15.66 0.093 204.648
10.04 15.53 0.095 204.821
10.05 15.38 0.098 205.122
10.06 15.21 0.099 205.023
10.07 15.06 0.1 204.959
10.08 14.96 0.1 204.819
10.09 14.83 0.102 204.955
10.1 14.81 0.103 205.138
10.11 14.84 0.104 205.42
10.12 14.86 0.104 205.516
10.13 15.24 0.103 206.156
10.14 15.5 0.101 206.378
10.15 15.81 0.097 206.329
10.16 16.18 0.096 206.896
10.17 16.82 0.095 207.931
10.18 17.09 0.096 208.647
10.19 17.38 0.096 209.21
10.2 17.73 0.097 210.05
10.21 18.63 0.098 211.791
10.22 19.11 0.1 212.984
10.23 19.52 0.105 214.563
10.24 19.89 0.107 215.541
10.25 20.31 0.111 216.91
10.26 20.48 0.113 217.553
10.27 20.55 0.116 218.194
10.28 20.6 0.122 219.247
10.29 20.59 0.124 219.588
10.3 20.32 0.126 219.522
10.31 20.12 0.127 219.413
10.32 19.88 0.127 219.093
10.33 19.66 0.127 218.801
10.34 19.4 0.127 218.441
10.35 18.99 0.127 217.829
10.36 18.75 0.126 217.346
10.37 18.56 0.124 216.796
10.38 18.33 0.123 216.32
10.39 18.03 0.122 215.718
10.4 17.88 0.121 215.368
10.41 17.73 0.118 214.716
10.42 17.58 0.117 214.359
10.43 17.29 0.115 213.596
10.44 17.18 0.115 213.457
10.45 17.08 0.115 213.334
10.46 16.96 0.104 211.399
10.47 16.74 0.103 210.888
10.48 16.6 0.103 210.689
10.49 16.49 0.103 210.543
10.5 16.38 0.104 210.565
10.51 15.97 0.105 210.021
10.52 16.04 0.106 210.374
10.53 16.1 0.106 210.543
10.54 16.19 0.105 210.602
10.55 16.4 0.104 210.881
10.56 16.8 0.104 211.669
10.57 16.99 0.104 212.068
10.58 17.28 0.104 212.642
10.59 17.8 0.104 213.608
10.6 18.08 0.105 214.315
10.61 18.3 0.108 215.249
10.62 18.55 0.11 216.056
10.63 19.19 0.112 217.496
10.64 19.53 0.112 218.104
10.65 20.02 0.114 219.263
10.66 20.5 0.116 220.389
10.67 21.49 0.116 221.949
10.68 21.83 0.118 222.826
10.69 22.13 0.123 224.094
10.7 22.32 0.124 224.58
10.71 22.63 0.127 225.533
10.72 22.77 0.13 226.231
10.73 22.92 0.135 227.216
10.74 23 0.137 227.667
10.75 23.14 0.139 228.2
10.76 23.2 0.138 228.207
10.77 23.09 0.139 228.247
10.78 23.03 0.14 228.357
10.79 22.66 0.142 228.153
10.8 22.51 0.143 228.126
10.81 22.44 0.143 228.083
10.82 22.4 0.143 228.083
10.83 22.42 0.143 228.171
10.84 22.44 0.142 228.125
10.85 22.54 0.139 227.925
10.86 22.7 0.138 228.078
10.87 22.9 0.138 228.425
10.88 23.56 0.137 229.282
10.89 23.85 0.138 229.884
10.9 24.04 0.139 230.343
10.91 24.18 0.139 230.595
10.92 24.41 0.139 230.968
10.93 24.55 0.141 231.492
10.94 24.54 0.145 232.077
10.95 24.47 0.148 232.436
10.96 24.12 0.148 232.014
10.97 23.92 0.148 231.794
10.98 23.76 0.148 231.629
10.99 23.8 0.148 231.744
11 23.84 0.148 231.858
11.01 23.97 0.147 231.968
11.02 24.02 0.147 232.096
11.03 24.01 0.145 231.876
11.04 24.18 0.146 232.303
11.05 24.13 0.145 232.16
11.06 24.18 0.145 232.287
11.07 24.22 0.146 232.534
11.08 24.37 0.146 232.799
11.09 24.52 0.146 233.063
11.1 24.46 0.146 233.039
11.11 24.56 0.146 233.235
11.12 24.44 0.15 233.654
11.13 24.47 0.156 234.517
11.14 24.49 0.158 234.852
11.15 24.61 0.154 234.575
11.16 24.65 0.15 234.175
11.17 24.72 0.148 234.068
11.18 24.79 0.147 234.089
11.19 24.66 0.148 234.102
11.2 24.5 0.149 234.072
11.21 24.07 0.151 233.793
11.22 23.66 0.152 233.401
11.23 23.77 0.152 233.615
11.24 23.6 0.152 233.432
11.25 23.4 0.151 233.075
11.26 23.13 0.151 232.744
11.27 22.77 0.15 232.147
11.28 22.4 0.148 231.399
11.29 22.2 0.146 230.896
11.3 22 0.145 230.52
11.31 21.96 0.143 230.25
11.32 22.03 0.141 230.142
11.33 22.11 0.137 229.768
11.34 22.45 0.135 230.048
11.35 22.73 0.134 230.373
11.36 22.86 0.131 230.185
11.37 22.91 0.13 230.167
11.38 22.91 0.13 230.223
11.39 22.87 0.13 230.221
11.4 22.68 0.131 230.148
11.41 22.49 0.132 230.071
11.42 22.28 0.132 229.816
11.43 21.99 0.133 229.583
11.44 21.7 0.132 229.056
11.45 21.44 0.13 228.424
11.46 21.02 0.128 227.536
11.47 20.85 0.125 226.877
11.48 20.67 0.122 226.191
11.49 20.5 0.121 225.822
11.5 20.31 0.12 225.419
11.51 20.1 0.116 224.502
11.52 19.52 0.114 223.288
11.53 18.94 0.113 222.211
11.54 18.91 0.112 222.049
11.55 18.8 0.111 221.751
11.56 18.7 0.111 221.634
11.57 18.48 0.11 221.143
11.58 18.28 0.11 220.85
11.59 18.16 0.11 220.694
11.6 17.77 0.109 219.89
11.61 17.56 0.109 219.567
11.62 17.34 0.109 219.221
11.63 16.86 0.108 218.221
11.64 16.62 0.108 217.823
11.65 16.38 0.105 216.911
11.66 15.89 0.104 215.844
11.67 15.63 0.103 215.21
11.68 15.07 0.102 213.959
11.69 14.86 0.1 213.226
11.7 14.57 0.099 212.495
11.71 14.11 0.098 211.387
11.72 13.92 0.097 210.845
11.73 13.75 0.096 210.341
11.74 13.6 0.095 209.876
11.75 13.5 0.093 209.331
11.76 13.32 0.092 208.789
11.77 12.89 0.09 207.474
11.78 12.68 0.09 207.032
11.79 12.5 0.09 206.655
11.8 12.32 0.09 206.273
11.81 12.2 0.089 205.839
11.82 12.09 0.089 205.619
11.83 12.03 0.087 205.132
11.84 11.95 0.086 204.786
11.85 11.95 0.084 204.434
11.86 12 0.083 204.401
11.87 12.05 0.083 204.571
11.88 12.45 0.083 205.584
11.89 12.73 0.084 206.497
11.9 13.11 0.086 207.828
11.91 13.56 0.087 209.091
11.92 14.62 0.088 211.62
11.93 15.2 0.089 213.058
11.94 15.77 0.09 214.44
11.95 16.26 0.092 215.831
11.96 16.6 0.096 217.294
11.97 17.11 0.099 218.853
11.98 17.29 0.103 219.958
11.99 17.48 0.107 221.055
12 17.67 0.11 221.961
12.01 17.85 0.116 223.321
12.02 18.02 0.118 223.996
12.03 18.15 0.118 224.28
12.04 18.13 0.12 224.61
12.05 18.15 0.121 224.853
12.06 18.15 0.125 225.514
12.07 18.19 0.126 225.787
12.08 18.3 0.126 226.035
12.09 18.37 0.128 226.508
12.1 18.41 0.129 226.778
12.11 18.41 0.129 226.83
12.12 18.35 0.13 226.921
12.13 18.33 0.131 227.082
12.14 18.32 0.132 227.26
12.15 18.31 0.133 227.437
12.16 18.26 0.134 227.541
12.17 18.18 0.135 227.59
12.18 17.82 0.135 226.988
12.19 17.6 0.134 226.494
12.2 17.46 0.134 226.285
12.21 17.29 0.135 226.158
12.22 17.22 0.135 226.077
12.23 17.27 0.134 226.083
12.24 17.33 0.134 226.247
12.25 17.46 0.134 226.542
12.26 17.56 0.133 226.639
12.27 17.68 0.132 226.77
12.28 18.12 0.131 227.482
12.29 18.3 0.13 227.712
12.3 18.58 0.13 228.262
12.31 18.84 0.131 228.917
12.32 19.04 0.131 229.317
12.33 19.34 0.133 230.176
12.34 19.87 0.134 231.27
12.35 20.16 0.137 232.233
12.36 20.46 0.138 232.92
12.37 20.57 0.141 233.57
12.38 20.85 0.147 234.891
12.39 20.97 0.149 235.402
12.4 20.99 0.15 235.619
12.41 20.93 0.149 235.443
12.42 20.85 0.151 235.627
12.43 20.75 0.153 235.775
12.44 20.43 0.16 236.178
12.45 20.25 0.154 235.181
12.46 20.17 0.149 234.455
12.47 20.03 0.146 233.876
12.48 19.94 0.146 233.776
12.49 19.89 0.145 233.61
12.5 19.82 0.144 233.409
12.51 19.15 0.142 232.037
12.52 19.09 0.141 231.848
12.53 19.03 0.14 231.657
12.54 18.95 0.14 231.568
12.55 18.82 0.14 231.39
12.56 18.72 0.14 231.263
12.57 18.58 0.143 231.473
12.58 18.44 0.144 231.406
12.59 18.14 0.145 231.044
12.6 17.96 0.145 230.763
12.61 17.88 0.145 230.666
12.62 17.79 0.145 230.549
12.63 17.65 0.145 230.338
12.64 17.56 0.145 230.219
12.65 17.48 0.144 229.986
12.66 17.43 0.143 229.808
12.67 17.33 0.143 229.668
12.68 17.31 0.143 229.68
12.69 17.33 0.143 229.769
12.7 17.35 0.142 229.723
12.71 17.49 0.142 230.039
12.72 17.67 0.142 230.429
12.73 17.84 0.142 230.798
12.74 17.84 0.143 230.983
12.75 17.87 0.143 231.089
12.76 17.87 0.143 231.14
12.77 17.91 0.143 231.264
12.78 17.92 0.143 231.333
12.79 17.93 0.143 231.402
12.8 18.05 0.142 231.54
12.81 18.21 0.141 231.748
12.82 18.26 0.139 231.614
12.83 18.34 0.138 231.671
12.84 18.44 0.138 231.903
12.85 18.61 0.138 232.26
12.86 18.68 0.138 232.436
12.87 18.83 0.138 232.754
12.88 18.92 0.138 232.964
12.89 19.03 0.137 233.068
12.9 19.22 0.137 233.452
12.91 19.22 0.137 233.502
12.92 19.13 0.137 233.395
12.93 19.05 0.138 233.445
12.94 19 0.14 233.687
12.95 18.9 0.14 233.559
12.96 18.91 0.141 233.766
12.97 18.92 0.141 233.834
12.98 18.96 0.14 233.816
12.99 18.93 0.141 233.952
13 18.97 0.141 234.073
13.01 19.03 0.142 234.367
13.02 19.07 0.143 234.625
13.03 19.08 0.142 234.556
13.04 19.14 0.142 234.712
13.05 19.18 0.142 234.832
13.06 18.98 0.141 234.39
13.07 18.77 0.141 234.065
13.08 18.62 0.141 233.844
13.09 18.43 0.14 233.411
13.1 18.22 0.14 233.075
13.11 17.79 0.14 232.324
13.12 17.64 0.139 231.952
13.13 17.39 0.138 231.386
13.14 17.27 0.135 230.782
13.15 17.12 0.133 230.255
13.16 17.01 0.129 229.506
13.17 16.75 0.128 228.897
13.18 16.65 0.127 228.599
13.19 16.54 0.125 228.128
13.2 16.43 0.124 227.804
13.21 16.33 0.121 227.189
13.22 16.08 0.12 226.576
13.23 16.04 0.12 226.542
13.24 16.01 0.12 226.529
13.25 16.03 0.119 226.459
13.26 16.05 0.118 226.388
13.27 16.26 0.117 226.699
13.28 16.33 0.117 226.887
13.29 16.4 0.117 227.074
13.3 16.46 0.116 227.079
13.31 16.56 0.116 227.325
13.32 16.58 0.117 227.574
13.33 16.83 0.118 228.274
13.34 16.98 0.118 228.614
13.35 17.14 0.122 229.607
13.36 17.36 0.124 230.388
13.37 17.59 0.125 231.027
13.38 18.09 0.126 232.164
13.39 18.35 0.127 232.843
13.4 18.62 0.128 233.534
13.41 18.84 0.131 234.429
13.42 19.1 0.132 235.09
13.43 19.26 0.134 235.716
13.44 19.31 0.136 236.143
13.45 19.38 0.132 235.729
13.46 19.56 0.13 235.792
13.47 19.81 0.129 236.121
13.48 20.05 0.129 236.58
13.49 20.21 0.128 236.746
13.5 20.45 0.128 237.198
13.51 20.74 0.128 237.728
13.52 20.84 0.128 237.942
13.53 20.95 0.129 238.325
13.54 21.31 0.13 239.113
13.55 21.5 0.132 239.773
13.56 21.99 0.135 241.052
13.57 22.2 0.139 242.019
13.58 22.46 0.144 243.188
13.59 22.67 0.15 244.393
13.6 22.78 0.151 244.749
13.61 22.81 0.153 245.113
13.62 22.74 0.155 245.32
13.63 22.61 0.159 245.688
13.64 22.39 0.16 245.52
13.65 21.94 0.16 244.853
13.66 21.72 0.162 244.801
13.67 21.56 0.161 244.464
13.68 21.35 0.162 244.295
13.69 21.01 0.162 243.781
13.7 20.89 0.161 243.503
13.71 20.84 0.16 243.343
13.72 20.81 0.157 242.959
13.73 20.83 0.156 242.912
13.74 20.85 0.153 242.603
13.75 21.01 0.152 242.787
13.76 21.04 0.151 242.752
13.77 21.07 0.15 242.717
13.78 21.04 0.146 242.171
13.79 21.09 0.146 242.302
13.8 21.11 0.147 242.522
13.81 21.39 0.148 243.169
13.82 21.46 0.149 243.469
13.83 21.63 0.15 243.93
13.84 21.92 0.15 244.447
13.85 22.12 0.15 244.817
13.86 22.25 0.15 245.072
13.87 22.41 0.15 245.375
13.88 22.53 0.15 245.613
13.89 22.59 0.151 245.892
13.9 22.59 0.152 246.076
13.91 22.75 0.153 246.51
13.92 22.84 0.158 247.36
13.93 22.91 0.16 247.778
13.94 23.17 0.159 248.101
13.95 23.29 0.161 248.594
13.96 23.16 0.162 248.571
13.97 23.16 0.163 248.748
13.98 22.91 0.164 248.535
13.99 22.14 0.165 247.489
14 21.91 0.165 247.166
14.01 21.41 0.165 246.395
14.02 20.82 0.164 245.33
14.03 20.48 0.164 244.797
14.04 20.16 0.163 244.167
14.05 19.88 0.161 243.474
14.06 19.5 0.154 241.949
14.07 19.44 0.153 241.759
14.08 19.45 0.151 241.56
14.09 19.46 0.15 241.492
14.1 19.52 0.148 241.377
14.11 19.5 0.147 241.253
14.12 19.51 0.146 241.181
14.13 19.57 0.145 241.197
14.14 19.64 0.144 241.23
14.15 19.66 0.145 241.452
14.16 19.81 0.145 241.763
14.17 19.81 0.145 241.811
14.18 19.87 0.145 241.964
14.19 19.89 0.147 242.322
14.2 19.76 0.148 242.277
14.21 19.75 0.15 242.578
14.22 19.78 0.15 242.678
14.23 19.73 0.15 242.637
14.24 19.66 0.151 242.695
14.25 19.61 0.15 242.519
14.26 19.56 0.151 242.611
14.27 19.44 0.152 242.577
14.28 19.38 0.153 242.648
14.29 19.22 0.153 242.406
14.3 19.15 0.153 242.326
14.31 18.95 0.153 242.007
14.32 18.81 0.152 241.664
14.33 18.65 0.151 241.281
14.34 18.42 0.151 240.897
14.35 18.42 0.151 240.944
14.36 18.48 0.15 240.97
14.37 18.54 0.149 240.995
14.38 18.59 0.147 240.864
14.39 18.72 0.148 241.288
14.4 18.81 0.148 241.502
14.41 18.95 0.147 241.67
14.42 18.99 0.147 241.79
14.43 19.08 0.147 242.001
14.44 19.16 0.147 242.194
14.45 19.24 0.146 242.248
14.46 19.22 0.144 241.981
14.47 19.23 0.143 241.905
14.48 19.23 0.141 241.668
14.49 19.24 0.142 241.875
14.5 19.29 0.14 241.726
14.51 19.28 0.14 241.755
14.52 18.99 0.14 241.274
14.53 18.85 0.139 240.919
14.54 18.86 0.14 241.127
14.55 18.87 0.14 241.192
14.56 18.78 0.14 241.072
14.57 18.89 0.143 241.747
14.58 18.77 0.146 241.989
14.59 18.84 0.148 242.439
14.6 18.77 0.148 242.355
14.61 18.8 0.148 242.457
14.62 18.83 0.148 242.559
14.63 18.98 0.148 242.882
14.64 19.04 0.148 243.039
14.65 19.05 0.148 243.104
14.66 19.08 0.148 243.205
14.67 19.08 0.148 243.251
14.68 19.11 0.149 243.488
14.69 19.31 0.149 243.9
14.7 19.39 0.15 244.227
14.71 19.75 0.151 245.057
14.72 19.85 0.151 245.281
14.73 20.11 0.151 245.788
14.74 20.28 0.152 246.268
14.75 20.57 0.153 246.953
14.76 20.65 0.153 247.137
14.77 20.75 0.156 247.756
14.78 20.79 0.158 248.134
14.79 20.8 0.158 248.198
14.8 20.89 0.159 248.53
14.81 20.92 0.159 248.628
14.82 20.92 0.159 248.674
14.83 20.71 0.159 248.36
14.84 20.57 0.158 248.034
14.85 20.39 0.157 247.635
14.86 20.27 0.157 247.471
14.87 20.11 0.156 247.104
14.88 20.13 0.156 247.185
14.89 20.14 0.156 247.249
14.9 20.18 0.155 247.234
14.91 20.22 0.155 247.35
14.92 20.15 0.154 247.14
14.93 20.1 0.154 247.098
14.94 20.09 0.154 247.126
14.95 19.83 0.154 246.709
14.96 19.71 0.154 246.539
14.97 19.38 0.155 246.118
14.98 19.28 0.156 246.112
14.99 18.78 0.156 245.228
15 18.54 0.156 244.82
15.01 18.37 0.153 244.146
15.02 18.1 0.153 243.671
15.03 17.75 0.152 242.899
15.04 17.64 0.151 242.594
15.05 17.54 0.15 242.306
15.06 17.56 0.148 242.12
15.07 17.58 0.147 242.068
15.08 17.64 0.146 242.094
15.09 17.69 0.146 242.237
15.1 17.7 0.144 242.023
15.11 17.65 0.144 241.969
15.12 17.55 0.142 241.535
15.13 17.53 0.142 241.539
15.14 17.6 0.142 241.722
15.15 17.67 0.142 241.905
15.16 17.74 0.142 242.087
15.17 17.95 0.142 242.542
15.18 18.17 0.142 243.013
15.19 18.6 0.14 243.59
15.2 18.8 0.14 244.01
15.21 19.1 0.14 244.611
15.22 19.3 0.14 245.023
15.23 19.5 0.14 245.432
15.24 19.64 0.141 245.875
15.25 19.72 0.142 246.209
15.26 19.88 0.143 246.685
15.27 20.25 0.145 247.672
15.28 20.41 0.148 248.42
15.29 20.54 0.151 249.108
15.3 20.67 0.151 249.38
15.31 20.61 0.152 249.458
15.32 20.54 0.153 249.517
15.33 20.43 0.153 249.37
15.34 20.13 0.153 248.884
15.35 19.87 0.153 248.464
15.36 19.8 0.152 248.247
15.37 19.59 0.152 247.911
15.38 19.5 0.152 247.791
15.39 19.47 0.151 247.645
15.4 19.52 0.15 247.644
15.41 19.51 0.15 247.671
15.42 19.5 0.15 247.697
15.43 19.54 0.15 247.815
15.44 19.48 0.148 247.473
15.45 19.43 0.147 247.287
15.46 19.22 0.14 245.944
15.47 19.03 0.135 244.895
15.48 18.85 0.135 244.604
15.49 18.69 0.133 244.044
15.5 18.32 0.134 243.538
15.51 18.05 0.134 243.061
15.52 17.7 0.133 242.269
15.53 17.35 0.131 241.312
15.54 17.28 0.131 241.215
15.55 17.35 0.131 241.399
15.56 17.41 0.13 241.408
15.57 17.48 0.13 241.591
15.58 17.42 0.13 241.514
15.59 17.3 0.131 241.471
15.6 17.18 0.131 241.272
15.61 16.77 0.13 240.324
15.62 16.62 0.13 240.056
15.63 16.58 0.129 239.861
15.64 16.52 0.129 239.778
15.65 16.5 0.128 239.624
15.66 16.29 0.127 239.069
15.67 16.17 0.126 238.7
15.68 16.03 0.126 238.443
15.69 15.97 0.123 237.879
15.7 15.87 0.124 237.867
15.71 15.75 0.123 237.489
15.72 15.71 0.122 237.283
15.73 15.68 0.123 237.421
15.74 15.67 0.122 237.279
15.75 15.62 0.121 237.05
15.76 15.64 0.12 236.972
15.77 15.67 0.119 236.914
15.78 15.69 0.118 236.833
15.79 15.77 0.118 237.048
15.8 15.81 0.118 237.176
15.81 15.99 0.119 237.772
15.82 16.08 0.12 238.172
15.83 16.17 0.121 238.57
15.84 16.31 0.121 238.908
15.85 16.65 0.121 239.661
15.86 16.79 0.121 239.992
15.87 16.8 0.121 240.055
15.88 16.86 0.121 240.22
15.89 16.84 0.122 240.386
15.9 16.86 0.123 240.632
15.91 17.11 0.126 241.669
15.92 17.22 0.128 242.252
15.93 17.38 0.129 242.774
15.94 17.54 0.129 243.137
15.95 17.67 0.13 243.594
15.96 17.89 0.13 244.071
15.97 17.8 0.13 243.937
15.98 17.72 0.13 243.821
15.99 17.54 0.132 243.815
16 17.41 0.132 243.596
16.01 17.16 0.132 243.131
16.02 17.13 0.133 243.265
16.03 17.1 0.133 243.246
16.04 17.07 0.133 243.226
16.05 17.1 0.133 243.33
16.06 17.12 0.132 243.26
16.07 17.18 0.132 243.425
16.08 17.31 0.132 243.732
16.09 17.47 0.132 244.097
16.1 17.57 0.132 244.34
16.11 17.62 0.131 244.327
16.12 17.74 0.131 244.609
16.13 17.74 0.132 244.806
16.14 17.88 0.132 245.125
16.15 17.99 0.134 245.691
16.16 18.13 0.136 246.311
16.17 18.3 0.137 246.835
16.18 18.28 0.139 247.137
16.19 18.27 0.139 247.16
16.2 18.14 0.14 247.095
16.21 18.08 0.139 246.873
16.22 17.81 0.139 246.381
16.23 17.72 0.139 246.243
16.24 17.6 0.138 245.897
16.25 17.53 0.136 245.499
16.26 17.61 0.136 245.702
16.27 17.69 0.135 245.754
16.28 17.85 0.133 245.809
16.29 18.13 0.134 246.556
16.3 18.43 0.135 247.335
16.31 19.08 0.135 248.615
16.32 19.34 0.135 249.142
16.33 19.56 0.137 249.897
16.34 19.79 0.138 250.512
16.35 19.92 0.14 251.091
16.36 19.93 0.14 251.152
16.37 19.82 0.14 250.994
16.38 19.52 0.14 250.486
16.39 19.28 0.14 250.083
16.4 19.03 0.141 249.804
16.41 18.83 0.141 249.466
16.42 18.77 0.142 249.54
16.43 18.7 0.141 249.302
16.44 18.71 0.139 249.067
16.45 18.73 0.137 248.847
16.46 18.75 0.13 247.844
16.47 18.74 0.127 247.385
16.48 18.74 0.126 247.264
16.49 18.84 0.125 247.332
16.5 18.91 0.126 247.67
16.51 18.91 0.126 247.711
16.52 18.68 0.129 247.802
16.53 18.44 0.13 247.541
16.54 18.32 0.129 247.191
16.55 18.27 0.132 247.609
16.56 18.23 0.135 248.035
16.57 18.19 0.136 248.151
16.58 18.17 0.139 248.604
16.59 18.18 0.138 248.516
16.6 18.19 0.139 248.727
16.61 18.19 0.139 248.768
16.62 18.13 0.139 248.692
16.63 18.05 0.139 248.575
16.64 17.88 0.139 248.278
16.65 17.78 0.139 248.119
16.66 17.71 0.139 248.019
16.67 17.66 0.139 247.96
16.68 17.65 0.139 247.981
16.69 17.58 0.139 247.88
16.7 17.54 0.139 247.84
16.71 17.55 0.138 247.753
16.72 17.55 0.137 247.644
16.73 17.52 0.137 247.625
16.74 17.45 0.136 247.372
16.75 17.34 0.135 247.036
16.76 17.28 0.134 246.801
16.77 17.22 0.133 246.565
16.78 17.14 0.132 246.286
16.79 17.03 0.133 246.253
16.8 16.98 0.132 246.035
16.81 16.99 0.132 246.096
16.82 16.99 0.131 245.981
16.83 17.12 0.131 246.292
16.84 17.36 0.131 246.827
16.85 17.46 0.131 247.072
16.86 17.54 0.131 247.276
16.87 17.57 0.132 247.534
16.88 17.65 0.133 247.892
16.89 17.65 0.135 248.241
16.9 17.54 0.136 248.211
16.91 17.43 0.137 248.178
16.92 17.28 0.138 248.06
16.93 16.94 0.138 247.392
16.94 16.75 0.137 246.882
16.95 16.53 0.138 246.602
16.96 16.34 0.136 245.933
16.97 16.05 0.135 245.189
16.98 15.94 0.134 244.835
16.99 15.88 0.134 244.742
17 15.83 0.133 244.519
17.01 15.81 0.133 244.514
17.02 15.86 0.132 244.512
17.03 15.9 0.132 244.641
17.04 15.91 0.132 244.703
17.05 15.88 0.13 244.365
17.06 15.88 0.13 244.405
17.07 15.83 0.13 244.334
17.08 15.73 0.129 243.994
17.09 15.69 0.129 243.944
17.1 15.67 0.129 243.939
17.11 15.71 0.13 244.225
17.12 15.75 0.13 244.355
17.13 15.88 0.13 244.684
17.14 16.25 0.13 245.536
17.15 16.42 0.13 245.944
17.16 16.63 0.13 246.435
17.17 16.85 0.131 247.099
17.18 17.01 0.132 247.632
17.19 17.23 0.133 248.287
17.2 17.24 0.135 248.657
17.21 17.28 0.136 248.933
17.22 17.38 0.136 249.18
17.23 17.45 0.137 249.516
17.24 17.5 0.137 249.659
17.25 17.57 0.14 250.294
17.26 17.58 0.141 250.503
17.27 17.63 0.141 250.646
17.28 17.76 0.142 251.099
17.29 17.8 0.141 251.073
17.3 17.88 0.143 251.57
17.31 18.04 0.144 252.08
17.32 18.11 0.144 252.261
17.33 18.12 0.143 252.175
17.34 18.1 0.142 252.028
17.35 18.08 0.143 252.176
17.36 18.09 0.143 252.236
17.37 17.98 0.144 252.201
17.38 17.94 0.145 252.306
17.39 17.88 0.145 252.225
17.4 17.82 0.145 252.143
17.41 17.79 0.145 252.122
17.42 17.68 0.145 251.937
17.43 17.58 0.145 251.772
17.44 17.39 0.144 251.273
17.45 16.86 0.139 249.461
17.46 16.6 0.135 248.339
17.47 16.4 0.132 247.483
17.48 16.19 0.13 246.749
17.49 15.81 0.13 245.946
17.5 15.62 0.128 245.241
17.51 15.5 0.125 244.524
17.52 15.22 0.123 243.595
17.53 14.94 0.123 242.983
17.54 14.95 0.121 242.714
17.55 14.9 0.12 242.468
17.56 14.87 0.12 242.436
17.57 14.84 0.12 242.403
17.58 14.82 0.12 242.395
17.59 14.85 0.122 242.837
17.6 14.88 0.123 243.111
17.61 15 0.123 243.431
17.62 15.08 0.123 243.656
17.63 15.14 0.123 243.834
17.64 15.24 0.124 244.268
17.65 15.3 0.124 244.445
17.66 15.24 0.125 244.509
17.67 15.18 0.125 244.408
17.68 15.16 0.125 244.4
17.69 15.11 0.125 244.322
17.7 15.16 0.126 244.639
17.71 15.09 0.126 244.515
17.72 14.98 0.126 244.295
17.73 14.8 0.126 243.909
17.74 14.67 0.125 243.476
17.75 14.5 0.125 243.106
17.76 14.41 0.125 242.926
17.77 14.39 0.122 242.425
17.78 14.35 0.121 242.2
17.79 14.16 0.12 241.606
17.8 14.07 0.119 241.254
17.81 14.07 0.117 240.952
17.82 14.18 0.115 240.914
17.83 14.29 0.115 241.22
17.84 14.54 0.115 241.86
17.85 14.81 0.116 242.715
17.86 15.13 0.116 243.501
17.87 15.44 0.117 244.426
17.88 16.09 0.118 246.094
17.89 16.39 0.119 246.961
17.9 16.54 0.123 248.005
17.91 16.86 0.125 249.063
17.92 16.97 0.127 249.664
17.93 17.11 0.129 250.324
17.94 17.08 0.131 250.62
17.95 17.04 0.133 250.89
17.96 16.94 0.134 250.873
17.97 16.74 0.136 250.792
17.98 16.64 0.137 250.767
17.99 16.63 0.139 251.087
18 16.66 0.14 251.341
18.01 16.69 0.139 251.295
18.02 16.74 0.14 251.592
18.03 16.73 0.14 251.609
18.04 16.72 0.14 251.626
18.05 16.63 0.139 251.319
18.06 16.5 0.139 251.074
18.07 16.44 0.139 250.981
18.08 16.36 0.139 250.843
18.09 16.27 0.139 250.683
18.1 16.27 0.139 250.721
18.11 16.28 0.139 250.782
18.12 16.29 0.139 250.843
18.13 16.27 0.139 250.837
18.14 16.21 0.139 250.742
18.15 16.15 0.139 250.646
18.16 16.14 0.138 250.512
18.17 16.16 0.138 250.595
18.18 16.17 0.138 250.655
18.19 16.19 0.138 250.738
18.2 16.12 0.137 250.469
18.21 16.01 0.137 250.26
18.22 15.98 0.137 250.231
18.23 15.91 0.137 250.111
18.24 15.82 0.136 249.792
18.25 15.82 0.136 249.83
18.26 15.82 0.136 249.868
18.27 15.83 0.136 249.929
18.28 15.84 0.136 249.99
18.29 15.93 0.136 250.232
18.3 16.08 0.136 250.608
18.31 16.26 0.135 250.894
18.32 16.66 0.135 251.812
18.33 16.8 0.135 252.154
18.34 16.88 0.135 252.364
18.35 16.87 0.135 252.381
18.36 16.85 0.135 252.376
18.37 16.91 0.136 252.699
18.38 16.96 0.137 252.999
18.39 17.03 0.14 253.644
18.4 17.13 0.14 253.896
18.41 17.33 0.14 254.359
18.42 17.49 0.14 254.735
18.43 17.62 0.14 255.045
18.44 17.73 0.139 255.16
18.45 17.84 0.138 255.272
18.46 18.06 0.136 255.451
18.47 18.07 0.131 254.715
18.48 18.21 0.13 254.874
18.49 18.25 0.13 254.993
18.5 18.25 0.131 255.194
18.51 18.23 0.132 255.354
18.52 18.01 0.133 255.106
18.53 18.01 0.136 255.618
18.54 18.04 0.136 255.718
18.55 18.07 0.137 255.973
18.56 18.05 0.139 256.28
18.57 17.96 0.141 256.438
18.58 17.95 0.143 256.757
18.59 17.69 0.146 256.699
18.6 17.58 0.148 256.798
18.61 17.46 0.149 256.727
18.62 17.4 0.15 256.781
18.63 17.41 0.152 257.123
18.64 17.42 0.152 257.183
18.65 17.48 0.152 257.349
18.66 17.61 0.152 257.662
18.67 17.69 0.152 257.868
18.68 17.78 0.152 258.095
18.69 17.85 0.153 258.421
18.7 17.96 0.153 258.688
18.71 18.05 0.153 258.913
18.72 18.05 0.154 259.092
18.73 18.16 0.154 259.357
18.74 18.25 0.154 259.58
18.75 18.35 0.154 259.823
18.76 18.46 0.155 260.225
18.77 18.6 0.156 260.687
18.78 18.69 0.158 261.183
18.79 18.7 0.158 261.242
18.8 18.83 0.158 261.541
18.81 18.98 0.159 262.017
18.82 19.1 0.16 262.43
18.83 19.28 0.16 262.824
18.84 19.25 0.161 262.94
18.85 19.22 0.161 262.919
18.86 19.21 0.161 262.939
18.87 19.25 0.163 263.326
18.88 19.29 0.164 263.578
18.89 19.45 0.166 264.197
18.9 19.61 0.168 264.811
18.91 19.83 0.169 265.407
18.92 19.93 0.169 265.639
18.93 19.97 0.169 265.754
18.94 20.01 0.169 265.87
18.95 20.04 0.169 265.966
18.96 20.05 0.169 266.024
18.97 19.99 0.169 265.949
18.98 19.99 0.17 266.118
18.99 20.01 0.17 266.195
19 20.02 0.17 266.254
19.01 20.28 0.17 266.788
19.02 20.38 0.17 267.016
19.03 20.48 0.17 267.243
19.04 20.81 0.169 267.767
19.05 20.96 0.169 268.083
19.06 21.11 0.169 268.398
19.07 21.07 0.17 268.495
19.08 21.11 0.17 268.608
19.09 21.11 0.17 268.647
19.1 20.91 0.17 268.318
19.11 20.93 0.17 268.394
19.12 20.72 0.171 268.174
19.13 20.67 0.172 268.25
19.14 20.52 0.172 268.008
19.15 20.46 0.172 267.934
19.16 20.39 0.171 267.71
19.17 20.42 0.17 267.675
19.18 20.45 0.17 267.771
19.19 20.49 0.17 267.885
19.2 20.51 0.17 267.961
19.21 20.51 0.169 267.869
19.22 20.42 0.17 267.869
19.23 20.33 0.17 267.737
19.24 20.32 0.172 268.018
19.25 20.31 0.172 268.038
19.26 20.34 0.172 268.133
19.27 20.37 0.171 268.099
19.28 20.56 0.171 268.496
19.29 20.54 0.171 268.497
19.3 20.58 0.169 268.348
19.31 20.62 0.167 268.196
19.32 20.62 0.166 268.101
19.33 20.74 0.166 268.364
19.34 20.75 0.166 268.421
19.35 20.83 0.167 268.743
19.36 20.93 0.167 268.967
19.37 21.05 0.166 269.092
19.38 21.16 0.166 269.333
19.39 21.38 0.165 269.637
19.4 21.37 0.163 269.384
19.41 21.3 0.162 269.158
19.42 21.12 0.161 268.729
19.43 20.96 0.162 268.612
19.44 20.73 0.16 267.947
19.45 20.35 0.158 266.992
19.46 20.03 0.155 265.997
19.47 19.71 0.152 264.988
19.48 19.41 0.148 263.855
19.49 19.06 0.145 262.754
19.5 18.43 0.14 260.76
19.51 18.15 0.137 259.754
19.52 17.69 0.136 258.675
19.53 17.48 0.136 258.267
19.54 17.4 0.136 258.134
19.55 17.32 0.138 258.313
19.56 17.32 0.139 258.504
19.57 17.34 0.145 259.495
19.58 17.36 0.146 259.723
19.59 17.48 0.145 259.869
19.6 17.54 0.144 259.885
19.61 17.62 0.144 260.092
19.62 17.69 0.145 260.427
19.63 17.77 0.145 260.634
19.64 17.77 0.146 260.82
19.65 17.95 0.146 261.235
19.66 18.24 0.147 262.025
19.67 18.55 0.149 262.994
19.68 18.87 0.151 263.973
19.69 19.09 0.152 264.596
19.7 19.38 0.153 265.353
19.71 19.65 0.156 266.35
19.72 19.92 0.157 267.054
19.73 20.04 0.157 267.322
19.74 20.19 0.157 267.647
19.75 20.46 0.158 268.339
19.76 20.54 0.159 268.669
19.77 20.52 0.161 268.949
19.78 20.5 0.161 268.949
19.79 20.63 0.161 269.231
19.8 20.77 0.161 269.531
19.81 20.9 0.163 270.089
19.82 21.05 0.167 270.951
19.83 21.13 0.169 271.406
19.84 21.24 0.169 271.647
19.85 21.14 0.169 271.5
19.86 21.09 0.169 271.446
19.87 20.98 0.169 271.28
19.88 20.54 0.17 270.623
19.89 20.2 0.171 270.143
19.9 19.92 0.171 269.639
19.91 19.65 0.171 269.147
19.92 19.44 0.174 269.157
19.93 19.33 0.175 269.103
19.94 19.09 0 0
19.95 19.04 0 0
19.96 19.02 0 0
19.97 19.03 0 0
19.98 18.74 0 0
19.99 18.59 0 0
20 18.45 0 0
