0.02 0.06 0 0
0.03 0.06 0 0
0.04 0.04 0 0
0.05 0.04 0 0
0.06 0.04 0 0
0.07 0.11 0 0
0.08 0.12 0 0
0.09 0.18 0 0
0.1 0.21 0 0
0.11 0.23 0 0
0.12 0.23 0 0
0.13 0.26 0 0
0.14 0.34 0 0
0.15 0.5 0 0
0.16 0.34 0 0
0.17 0.36 0 0
0.18 0.25 0 0
0.19 0.3 0 0
0.2 0.3367 0 0
0.21 0.3733 0 0
0.22 0.41 0 0
0.23 0.38 0 0
0.24 0.35 0 0
0.25 0.32 0 0
0.26 0.32 0 0
0.27 0.4633 0 0
0.28 0.6067 0 0
0.29 0.75 0 0
0.3 1.27 0 0
0.31 1.11 0 0
0.32 1.1 0.001 36.746
0.33 0.9967 0.017 46.2521
0.34 0.8933 0.021 46.722
0.35 0.79 0.017 45.4674
0.36 0.8167 0.003 39.8569
0.37 0.8433 0.003 40.3474
0.38 0.87 0.003 40.8305
0.39 0.82 0.002 39.4247
0.4 0.97 0 0
0.41 0.82 0.02 48.418
0.42 0.62 0.025 47.6973
0.43 0.6267 0.034 49.3307
0.44 0.6333 0.035 49.842
0.45 0.64 0.035 50.2305
0.46 0.6833 0.032 50.6381
0.47 0.7267 0.037 52.02
0.48 0.77 0.024 50.8969
0.49 1.38 0.021 55.0609
0.5 1.87 0.019 57.3679
0.51 2.36 0.0177 59.2998
0.52 2.49 0.0163 59.6724
0.53 2.9 0.0195 62.2419
0.54 3.41 0.0228 64.8814
0.55 3.49 0.026 66.1502
0.56 3.88 0.026 67.5043
0.57 3.67 0.029 67.9101
0.58 3.27 0.036 68.3329
0.59 3.16 0.046 69.7286
0.6 2.41 0.038 66.312
0.61 2.27 0.027 64.1943
0.62 2.26 0.011 59.8051
0.63 2.27 0.007 57.8914
0.64 2.38 0.007 58.543
0.65 2.34 0.0183 63.5347
0.66 1.76 0.0297 63.7585
0.67 1.43 0.041 63.8291
0.68 1.03 0.05 62.1524
0.69 0.9667 0.07 63.5934
0.7 0.9033 0.06 62.4219
0.71 0.9222 0.0577 62.6516
0.72 0.9411 0.0553 62.8571
0.73 0.96 0.053 63.0563
0.74 1 0.05 63.3605
0.75 1.02 0.047 63.4515
0.76 0.96 0.042 62.544
0.77 0.85 0.041 61.5577
0.78 0.79 0.039 60.8772
0.79 0.78 0.036 60.5765
0.8 0.75 0.036 60.4463
0.81 0.7 0.036 60.0558
0.82 0.62 0.038 59.484
0.83 0.6 0.02 56.3146
0.84 0.62 0.011 54.0152
0.85 0.57 0.011 53.541
0.86 0.55 0.01 53.0177
0.87 0.49 0.011 52.7274
0.88 0.47 0.01 52.1634
0.89 0.46 0.012 52.9631
0.9 0.48 0.009 52.1902
0.91 0.54 0.005 50.7049
0.92 0.51 0.002 46.7398
0.93 0.47 0.001 43.7359
0.94 0.47 0 0
0.95 0.47 0.001 43.9954
0.96 0.4633 0.003 48.247
0.97 0.4567 0 0
0.98 0.45 0 0
0.99 0.51 0 0
1 0.51 0 0
1.01 0.46 0 0
1.02 0.42 0 0
1.03 0.42 0 0
1.04 0.4 0 0
1.05 0.39 0 0
1.06 0.3933 0 0
1.07 0.3967 0 0
1.08 0.4 0 0
1.09 0.4 0 0
1.1 0.4 0 0
1.11 0.4 0 0
1.12 0.38 0 0
1.13 0.4 0 0
1.14 0.36 0 0
1.15 0.36 0 0
1.16 0.36 0 0
1.17 0.39 0 0
1.18 0.37 0 0
1.19 0.3733 0 0
1.2 0.3767 0 0
1.21 0.38 0 0
1.22 0.34 0 0
1.23 0.34 0 0
1.24 0.33 0 0
1.25 0.36 0 0
1.26 0.41 0 0
1.27 0.5 0 0
1.28 0.51 0 0
1.29 0.52 0 0
1.3 0.56 0 0
1.31 0.86 0.001 52.4792
1.32 0.9333 0 0
1.33 1.0067 0.003 59.0694
1.34 1.08 0.003 59.7947
1.35 1.49 0.003 62.7604
1.36 1.8 0.003 64.6245
1.37 1.8367 0.003 64.9448
1.38 1.8733 0.001 59.5607
1.39 1.91 0.002 63.4002
1.4 2.21 0.005 70.0145
1.41 2.39 0.006 72.0331
1.42 2.42 0.008 74.056
1.43 2.33 0.02 79.6427
1.44 2.32 0.023 80.6805
1.45 2.37 0.0223 80.8762
1.46 2.39 0.0217 80.9451
1.47 2.42 0.021 81.0233
1.48 2.46 0.022 81.6836
1.49 2.5 0.024 82.6229
1.5 2.58 0.026 83.7086
1.51 2.64 0.024 83.583
1.52 2.67 0.025 84.1582
1.53 2.7 0.024 84.1612
1.54 2.74 0.023 84.1939
1.55 2.81 0.023 84.6524
1.56 2.87 0.023 85.0623
1.57 2.91 0.023 85.3836
1.58 2.96 0.023 85.7445
1.59 3.01 0.023 86.1025
1.6 3.05 0.024 86.7233
1.61 3.12 0.025 87.4545
1.62 3.17 0.025 87.806
1.63 3.22 0.026 88.4429
1.64 3.27 0.027 89.0694
1.65 3.33 0.027 89.454
1.66 3.38 0.028 90.069
1.67 3.46 0.028 90.524
1.68 3.5 0.028 90.8245
1.69 3.53 0.028 91.0864
1.7 3.56 0.029 91.6142
1.71 3.58 0.029 91.8378
1.72 3.6 0.029 92.0606
1.73 3.64 0.03 92.6168
1.74 3.68 0.029 92.6497
1.75 3.68 0.028 92.5269
1.76 3.67 0.028 92.6373
1.77 3.64 0.029 92.9447
1.78 3.61 0.03 93.2421
1.79 3.57 0.031 93.4924
1.8 3.52 0.033 93.9347
1.81 3.5 0.035 94.4637
1.82 3.55 0.037 95.2412
1.83 3.62 0.039 96.0749
1.84 3.72 0.039 96.5988
1.85 3.83 0.039 97.1513
1.86 4 0.039 97.9074
1.87 4.2 0.039 98.7448
1.88 4.37 0.038 99.2433
1.89 4.47 0.037 99.4931
1.9 4.47 0.038 99.8605
1.91 4.47 0.039 100.223
1.92 4.5 0.04 100.677
1.93 4.57 0.042 101.458
1.94 4.6 0.043 101.899
1.95 4.72 0.044 102.62
1.96 4.78 0.045 103.145
1.97 4.99 0.046 104.123
1.98 5.23 0.048 105.35
1.99 5.38 0.049 106.11
2 5.53 0.051 107.035
2.01 5.68 0.053 107.942
2.02 5.81 0.056 108.942
2.03 5.92 0.059 109.863
2.04 6.04 0.061 110.638
2.05 6.18 0.063 111.453
2.06 6.33 0.065 112.282
2.07 6.57 0.065 113.037
2.08 6.74 0.067 113.893
2.09 6.95 0.068 114.691
2.1 7.14 0.07 115.569
2.11 7.29 0.074 116.606
2.12 7.49 0.077 117.604
2.13 7.71 0.079 118.502
2.14 7.9 0.082 119.443
2.15 8.13 0.084 120.334
2.16 8.31 0.086 121.107
2.17 8.52 0.09 122.16
2.18 8.6 0.094 122.925
2.19 8.68 0.096 123.462
2.2 8.74 0.099 124.058
2.21 8.79 0.1 124.421
2.22 8.84 0.103 124.986
2.23 8.89 0.105 125.444
2.24 9 0.107 126.021
2.25 9.17 0.11 126.809
2.26 9.41 0.113 127.724
2.27 9.61 0.116 128.549
2.28 9.82 0.124 129.826
2.29 9.83 0.128 130.347
2.3 10.14 0.112 129.641
2.31 10.03 0.11 129.4
2.32 9.63 0.109 128.7
2.33 9.2 0.113 128.394
2.34 8.7 0.119 128.067
2.35 8.21 0.127 127.843
2.36 7.81 0.139 128.035
2.37 7.83 0.155 129.4
2.38 8.27 0.169 131.519
2.39 8.59 0.177 132.904
2.4 8.95 0.171 133.464
2.41 8.96 0.163 133.108
2.42 8.79 0.164 132.962
2.43 8.48 0.161 132.225
2.44 8.06 0.158 131.206
2.45 7.7 0.155 130.286
2.46 7.34 0.159 129.812
2.47 7.02 0.16 129.194
2.48 6.71 0.159 128.434
2.49 6.33 0.154 127.164
2.5 6.2 0.144 126.219
2.51 6.16 0.136 125.643
2.52 6.21 0.131 125.536
2.53 6.35 0.127 125.754
2.54 6.53 0.123 126.063
2.55 6.49 0.125 126.259
2.56 6.53 0.132 127.083
2.57 6.89 0.13 128.045
2.58 7.48 0.133 129.955
2.59 8.17 0.138 132.164
2.6 8.69 0.146 134.114
2.61 9.18 0.157 136.142
2.62 10 0.178 139.425
2.63 11.51 0.187 143.014
2.64 12.81 0.189 145.517
2.65 14.5 0.235 151.005
2.66 16.74 0.287 156.91
2.67 18.8 0.324 161.341
2.68 20.12 0.355 164.339
2.69 23.62 0.3873 169.577
2.7 27.12 0.4197 174.325
2.71 30.62 0.452 178.68
