0.42 18.97 0.2 92.8044
0.44 18.635 0.217 94.4101
0.46 17.843 0.218 95.0245
0.48 16.262 0.213 94.6963
0.5 15.959 0.21 95.4054
0.52 15.316 0.201 95.5331
0.54 14.456 0.208 96.0137
0.56 7.531 0.199 87.9722
0.58 4.054 0.171 80.2364
0.6 2.263 0.145 73.4589
0.62 1.328 0.117 67.4398
0.640001 0.854 0.0900001 62.4682
0.660001 0.615 0.054 57.5949
0.680001 0.485 0.03 53.444
0.700001 0.392 0.018 50.0757
0.720001 0.301 0.013 47.2879
0.740001 0.252 0.012 46.1375
0.760001 0.216 0.009 44.3852
0.780001 0.176 0.007 42.5095
0.800001 0.138 0.005 40.1952
0.820001 0.11 0.005 39.1718
0.840001 0.091 0.004 37.667
0.860001 0.075 0.004 36.873
0.880001 0.067 0.004 36.5115
0.900001 0.064 0.004 36.4988
0.920001 0.071 0.004 37.2755
0.940001 0.082 0.004 38.2849
0.960001 0.11 0.004 40.1736
0.980001 0.688 0.004 52.6118
1 1.146 0.004 56.9419
1.02 1.469 0.005 60.4525
1.04 1.72 0.006 63.1265
1.06 1.909 0.007 65.2531
1.08 2.058 0.008 67.0476
1.1 2.129 0.011 69.5386
1.12 2.319 0.013 71.7437
1.14 2.504 0.013 72.8989
1.16 2.715 0.014 74.5689
1.18 2.961 0.015 76.3025
1.2 3.257 0.015 77.7189
1.22 3.61 0.016 79.6691
1.24 4.283 0.017 82.4393
1.26 4.767 0.017 84.0933
1.28 5.04 0.018 85.5482
1.3 5.199 0.022 87.7559
1.32 5.294 0.026 89.5959
1.34 5.354 0.028 90.6747
1.36 5.421 0.03 91.7372
1.38 5.474 0.032 92.7361
1.4 5.534 0.034 93.7256
1.42 5.636 0.038 95.2208
1.44 5.805 0.041 96.6082
1.46 5.938 0.042 97.4915
1.48 6.45 0.041 98.835
1.5 6.953 0.042 100.484
1.52 7.12 0.047 102.152
1.54 7.109 0.038 100.704
1.56 7.26 0.034 100.439
1.58 7.402 0.033 100.826
1.6 7.483 0.035 101.835
1.62 7.5 0.037 102.694
1.64 7.482 0.04 103.68
1.66 7.466 0.041 104.212
1.68 7.477 0.041 104.581
1.7 7.579 0.042 105.342
1.72 7.684 0.042 105.895
1.74 7.763 0.042 106.392
1.76 7.848 0.041 106.684
1.78 7.982 0.041 107.281
1.8 8.314 0.041 108.248
1.82 8.582 0.041 109.078
1.84 8.787 0.041 109.783
1.86 8.937 0.04 110.155
1.88 9.057 0.04 110.696
1.9 9.162 0.041 111.435
1.92 9.376 0.042 112.357
1.94 9.538 0.043 113.181
1.96 9.639 0.044 113.894
1.98 9.692 0.045 114.52
2 9.705 0.047 115.279
2.02 9.702 0.048 115.796
2.04 9.666 0.049 116.251
2.06 9.616 0.05 116.675
2.08 9.538 0.05 116.852
2.1 9.446 0.051 117.193
2.12 9.342 0.051 117.315
2.14 9.167 0.05 117.108
2.16 9.017 0.05 117.133
2.18 8.882 0.05 117.179
2.2 8.766 0.05 117.254
2.22 8.662 0.05 117.348
2.24 8.571 0.05 117.462
2.26 8.482 0.05 117.576
2.28 4.428 0.025 101.318
2.3 6.303 0.031 108.791
2.32 7.356 0.035 112.638
2.34 7.926 0.037 114.656
2.36 8.251 0.038 115.852
2.38 8.457 0.039 116.789
2.4 8.605 0.039 117.354
2.42 8.79 0.04 118.235
2.44 8.935 0.04 118.785
2.46 9.065 0.041 119.548
2.48 9.183 0.041 120.041
2.5 9.284 0.042 120.741
2.52 9.359 0.042 121.149
2.54 9.42 0.043 121.767
2.56 9.462 0.043 122.111
2.58 9.491 0.044 122.664
2.6 9.515 0.045 123.202
2.62 9.532 0.046 123.723
2.64 9.535 0.047 124.212
2.66 9.535 0.047 124.473
2.68 9.523 0.048 124.929
2.7 9.509 0.048 125.161
2.72 9.484 0.048 125.37
2.74 9.452 0.049 125.78
2.76 9.43 0.049 125.992
2.78 9.415 0.049 126.217
2.8 9.407 0.05 126.666
2.82 9.405 0.05 126.913
2.84 9.402 0.05 127.156
2.86 9.403 0.05 127.407
2.88 9.418 0.051 127.894
2.9 9.447 0.051 128.197
2.92 9.479 0.051 128.504
2.94 9.505 0.051 128.799
2.96 9.52 0.052 129.28
2.98 9.532 0.052 129.546
3 9.565 0.052 129.852
3.02 9.631 0.052 130.221
3.04 9.73 0.052 130.652
3.06 5.187 0.026 112.855
3.08 7.558 0.032 121.438
3.1 8.803 0.036 125.582
3.12 10.047 0.041 129.619
3.14 10.111 0.044 130.734
3.16 10.197 0.045 131.371
3.18 10.272 0.047 132.218
3.2 10.542 0.048 133.177
3.22 10.745 0.049 134.005
3.24 10.861 0.051 134.891
3.26 10.984 0.051 135.342
3.28 11.186 0.051 135.928
3.3 11.796 0.051 137.203
3.32 12.024 0.052 138.036
3.34 12.267 0.052 138.666
3.36 12.592 0.053 139.641
3.38 12.97 0.053 140.469
3.4 13.336 0.054 141.484
3.42 13.884 0.055 142.757
3.44 14.11 0.056 143.536
3.46 14.397 0.059 144.813
3.48 14.654 0.061 145.819
3.5 14.866 0.063 146.747
3.52 14.98 0.065 147.525
3.54 15.209 0.068 148.637
3.56 15.327 0.07 149.396
3.58 15.475 0.071 150.013
3.6 15.557 0.072 150.535
3.62 15.634 0.073 151.047
3.64 15.795 0.074 151.674
3.66 15.781 0.075 152.055
3.68 15.656 0.077 152.445
3.7 15.414 0.079 152.658
3.72 15.074 0.0800001 152.557
3.74 14.707 0.082 152.556
3.76 13.96 0.041 143.142
3.78 13.55 0.057 146.706
3.8 13.14 0.065 147.88
3.82 12.935 0.068 148.317
3.84 12.698 0.069 148.317
3.86 12.443 0.068 147.919
3.88 12.226 0.067 147.575
3.9 12.005 0.066 147.214
3.92 11.607 0.066 146.709
3.94 11.42 0.065 146.388
3.96 11.23 0.064 146.052
3.98 10.993 0.064 145.808
4 10.772 0.065 145.772
4.02 10.191 0.065 144.814
4.04 9.576 0.066 143.903
4.06 8.795 0.067 142.524
4.08 8.143 0.067 141.144
4.1 7.19 0.066 138.652
4.12 6.118 0.065 135.477
4.14 5.144 0.062 131.795
4.16 4.239 0.06 127.995
4.18 3.069 0.058 121.997
4.2 2.232 0.057 116.515
4.22 1.657 0.055 111.439
4.24 1.279 0.052 107.001
4.26 1.043 0.049 103.526
4.28 0.842 0.048 100.342
4.3 0.723 0.047 98.1198
4.32 0.672 0.044 96.6849
4.34 0.663 0.04 95.8582
4.36 0.665001 0.034 94.7328
4.38 0.640001 0.028 92.8199
4.4 0.617 0.023 90.9483
4.42 0.611 0.018 89.0992
4.44 0.621 0.014 87.5696
4.46 0.660001 0.012 87.3243
4.48 0.817 0.011 89.5111
4.5 0.980001 0.01 91.2741
4.52 1.194 0.01 94.0232
4.54 1.452 0.01 96.8284
4.56 1.725 0.011 100.173
4.58 1.867 0.013 102.864
4.6 2.112 0.012 104.138
4.62 2.281 0.017 108.525
4.64 2.378 0.021 111.248
4.66 2.411 0.026 113.603
4.68 2.361 0.032 115.372
4.7 2.264 0.04 116.965
4.72 2.114 0.044 116.876
4.74 1.894 0.045 115.392
4.76 1.762 0.046 114.54
4.78 1.686 0.047 114.152
4.8 1.603 0.045 113.047
4.82 1.555 0.039 111.35
4.84 1.538 0.034 110.039
4.86 1.521 0.03 108.849
4.88 1.524 0.027 108.053
4.9 1.564 0.025 107.887
4.92 1.625 0.025 108.606
4.94 1.687 0.026 109.674
4.96 1.747 0.027 110.698
4.98 1.824 0.028 111.851
5 1.872 0.03 113.042
5.02 1.946 0.033 114.707
5.04 2.085 0.033 115.981
5.06 2.27 0.036 118.392
5.08 2.459 0.039 120.696
5.1 2.495 0.041 121.586
5.12 2.503 0.045 122.722
5.14 2.558 0.048 123.903
5.16 2.555 0.049 124.229
5.18 2.409 0.049 123.313
5.2 2.305 0.046 122.021
5.22 2.348 0.044 122.024
5.24 2.463 0.046 123.454
5.26 2.527 0.048 124.482
5.28 2.541 0.047 124.494
5.3 2.533 0.051 125.418
5.32 2.446 0.05 124.713
5.34 2.311 0.045 122.746
5.36 2.12 0.04 120.174
5.38 1.92 0.037 117.827
5.4 1.861 0.034 116.597
5.42 1.873 0.03 115.614
5.44 1.917 0.029 115.793
5.46 1.892 0.028 115.355
5.48 1.86 0.026 114.481
5.5 2.143 0.025 116.577
5.52 2.768 0.027 121.854
5.54 3.439 0.025 125.046
5.56 3.875 0.024 126.909
5.58 4.192 0.023 128.028
5.6 4.401 0.02 127.565
5.62 4.575 0.018 127.286
5.64 4.704 0.017 127.316
5.66 4.701 0.017 127.429
5.68 4.596 0.018 127.746
5.7 4.455 0.021 128.942
5.72 4.372 0.027 131.438
5.74 4.444 0.034 134.429
5.76 4.699 0.04 137.491
5.78 5.046 0.042 139.609
5.8 5.326 0.04 140.263
5.82 5.514 0.04 141.101
5.84 5.564 0.038 140.817
5.86 5.4 0.033 138.707
5.88 5.064 0.026 134.858
5.9 4.623 0.021 130.88
5.92 4.167 0.019 127.988
5.94 3.795 0.022 127.946
5.96 3.55 0.027 129.021
5.98 3.377 0.033 130.374
6 3.108 0.038 130.467
6.02 2.887 0.04 129.76
6.04 2.733 0.039 128.588
6.06 2.698 0.038 128.19
6.08 2.995 0.04 130.808
6.1 3.882 0.042 136.464
6.12 4.965 0.042 141.515
6.14 6.418 0.034 144.415
6.16 7.379 0.031 146.351
6.18 7.953 0.025 145.445
6.2 8.304 0.022 144.934
6.22 8.674 0.021 145.413
6.24 8.889 0.024 147.689
6.26 8.939 0.028 149.849
6.28 8.859 0.035 152.595
6.3 8.753 0.041 154.486
6.32 8.701 0.046 155.976
6.34 8.74 0.049 157.037
6.36 8.851 0.051 157.985
6.38 8.939 0.052 158.604
6.4 9.057 0.052 159.042
6.42 9.315 0.051 159.568
6.44 10.029 0.049 160.877
6.46 10.743 0.047 162.055
6.48 11.141 0.047 163.046
6.5 11.396 0.047 163.719
6.52 11.531 0.048 164.425
6.54 11.566 0.049 164.919
6.56 11.413 0.052 165.56
6.58 11.224 0.057 166.569
6.6 10.982 0.061 167.128
6.62 10.625 0.064 167.141
6.64 10.173 0.066 166.663
6.66 9.575 0.066 165.354
6.68 9.201 0.066 164.545
6.7 9.015 0.063 163.564
6.72 8.938 0.059 162.607
6.74 8.975 0.055 161.89
6.76 9.153 0.051 161.465
6.78 9.24 0.047 160.722
6.8 9.222 0.046 160.521
6.82 9.113 0.045 160.084
6.84 8.948 0.046 160.086
6.86 8.504 0.044 158.459
6.88 8.184 0.043 157.412
6.9 7.919 0.044 157.095
6.92 7.75 0.046 157.314
6.94 7.761 0.048 158.031
6.96 7.977 0.048 158.784
6.98 8.295 0.047 159.528
7 9.136 0.047 161.891
7.02 9.761 0.046 163.278
7.04 10.385 0.045 164.571
7.06 10.561 0.04 163.49
7.08 10.516 0.037 162.461
7.1 10.153 0.032 159.825
7.12 10.012 0.025 156.384
7.14 10.146 0.021 154.547
7.16 10.281 0.021 154.962
7.18 10.107 0.019 153.419
7.2 10.069 0.018 152.765
7.22 10.03 0.017 152.073
7.24 9.603 0.021 153.922
7.26 8.932 0.024 154.145
7.28 8.503 0.03 156.043
7.3 8.368 0.027 154.443
7.32 8.301 0.025 153.396
7.34 8.578 0.025 154.24
7.36 8.901 0.025 155.181
7.38 9.275 0.023 155.141
7.4 9.511 0.016 151.186
7.42 9.62 0.012 147.964
7.44 9.606 0.01 145.815
7.46 9.388 0.01 145.442
7.48 9.047 0.011 145.929
7.5 8.893 0.018 151.77
7.52 8.866 0.023 154.944
7.54 8.904 0.028 157.714
7.56 8.984 0.03 158.944
7.58 8.991 0.033 160.345
7.6 8.974 0.036 161.584
7.62 9.017 0.038 162.543
7.64 9.097 0.037 162.508
7.66 9.229 0.037 162.963
7.68 4.77 0.018 139.667
7.7 7.215 0.024 151.943
7.72 8.514 0.027 157.255
7.74 9.194 0.029 160.068
7.76 9.522 0.03 161.448
7.78 9.639 0.031 162.29
7.8 9.553 0.032 162.626
7.82 9.49 0.033 163.003
7.84 9.444 0.035 163.805
7.86 9.422 0.037 164.625
7.88 9.468 0.038 165.223
7.9 9.56 0.039 165.928
7.92 9.68 0.04 166.694
7.94 9.802 0.04 167.112
7.96 9.939 0.04 167.564
7.98 10.077 0.04 168.014
8 10.225 0.04 168.484
8.02 10.384 0.04 168.977
8.04 10.579 0.04 169.547
8.06 10.539 0.041 169.92
8.08 10.43 0.042 170.124
8.1 10.217 0.043 170.068
8.12 10.021 0.043 169.711
8.14 9.954 0.043 169.663
8.16 9.981 0.045 170.489
8.18 10.009 0.041 169.357
8.2 10.422 0.038 169.387
8.22 10.761 0.037 169.908
8.24 10.946 0.037 170.441
8.26 11.287 0.038 171.691
8.28 11.388 0.042 173.465
8.3 11.453 0.045 174.724
8.32 11.484 0.048 175.851
8.34 11.489 0.051 176.869
8.36 11.545 0.053 177.679
8.38 11.549 0.054 178.082
8.4 11.545 0.056 178.732
8.42 11.575 0.057 179.18
8.44 11.567 0.054 178.476
8.46 11.509 0.052 177.905
8.48 11.451 0.052 177.892
8.5 11.639 0.052 178.427
8.52 12.031 0.052 179.397
8.54 12.21 0.053 180.181
8.56 12.372 0.054 180.922
8.58 12.41 0.056 181.669
8.6 12.278 0.058 182.037
8.62 11.952 0.061 182.213
8.64 11.536 0.063 181.89
8.66 11.49 0.065 182.376
8.68 11.536 0.067 183.059
8.7 11.688 0.067 183.522
8.72 11.897 0.066 183.878
8.74 12.447 0.065 184.962
8.76 12.74 0.064 185.461
8.78 13.053 0.063 185.984
8.8 13.314 0.062 186.385
8.82 13.498 0.063 187.121
8.84 13.623 0.064 187.733
8.86 13.633 0.066 188.353
8.88 13.635 0.068 188.943
8.9 13.672 0.071 189.816
8.92 13.707 0.074 190.66
8.94 13.714 0.075 191.006
8.96 13.719 0.077 191.553
8.98 13.626 0.078 191.69
9 13.544 0.079 191.845
9.02 13.576 0.0800001 192.23
9.04 13.706 0.079 192.411
9.06 13.898 0.079 192.916
9.08 14.472 0.077 193.748
9.1 15.055 0.075 194.546
9.12 15.631 0.072 195.057
9.14 15.986 0.072 195.808
9.16 16.032 0.074 196.455
9.18 15.893 0.076 196.764
9.2 15.639 0.0800001 197.267
9.22 15.517 0.04 186.115
9.24 11.927 0.063 186.209
9.26 15.012 0.076 195.626
9.28 15.164 0.082 197.271
9.3 15.509 0.0850001 198.622
9.32 15.665 0.087 199.413
9.34 15.84 0.087 199.851
9.36 16.018 0.087 200.292
9.38 16.036 0.089 200.823
9.4 15.97 0.0900001 201.009
9.42 15.976 0.092 201.507
9.44 15.97 0.093 201.797
9.46 15.988 0.094 202.128
9.48 16.037 0.0950001 202.514
9.5 16.151 0.096 203.016
9.52 16.087 0.097 203.194
9.54 16.072 0.098 203.459
9.56 16.012 0.099 203.64
9.58 16.01 0.099 203.754
9.6 16.354 0.099 204.497
9.62 16.519 0.099 204.912
9.64 16.479 0.099 204.959
9.66 16.358 0.099 204.859
9.68 16.271 0.1 204.991
9.7 15.866 0.1 204.366
9.72 15.744 0.101 204.425
9.74 15.737 0.101 204.528
9.76 15.816 0.1 204.623
9.78 15.995 0.098 204.727
9.8 16.35 0.096 205.14
9.82 16.459 0.093 204.911
9.84 16.647 0.0900001 204.803
9.86 17.025 0.087 205.003
9.88 17.411 0.0850001 205.384
9.9 17.593 0.0850001 205.807
9.92 17.183 0.087 205.622
9.94 16.848 0.093 206.297
9.96 16.637 0.103 207.796
9.98 16.576 0.1 207.291
10 16.257 0.096 206.126
10.02 16.449 0.0950001 206.41
10.04 16.487 0.093 206.227
10.06 16.448 0.092 206.086
10.08 16.358 0.092 206.037
10.1 16.284 0.093 206.201
10.12 15.931 0.096 206.208
10.14 15.671 0.101 206.704
10.16 15.409 0.104 206.819
10.18 15.25 0.105 206.788
10.2 15.186 0.105 206.776
10.22 15 0.105 206.522
10.24 14.917 0.104 206.304
10.26 14.854 0.102 205.958
10.28 14.822 0.1 205.666
10.3 14.768 0.099 205.497
10.32 14.681 0.099 205.433
10.34 14.602 0.099 205.384
10.36 14.573 0.097 205.087
10.38 14.693 0.096 205.263
10.4 14.759 0.094 205.145
10.42 14.837 0.093 205.228
10.44 15.026 0.091 205.34
10.46 15.079 0.089 205.174
10.48 15.064 0.087 204.866
10.5 15.009 0.086 204.67
10.52 14.887 0.086 204.537
10.54 14.858 0.087 204.785
10.56 14.959 0.087 205.093
10.58 15.1 0.088 205.674
10.6 15.186 0.087 205.754
10.62 15.256 0.087 205.998
10.64 15.438 0.086 206.26
10.66 15.659 0.0850001 206.589
10.68 15.939 0.087 207.627
10.7 16.013 0.089 208.267
10.72 15.912 0.091 208.57
10.74 15.791 0.093 208.827
10.76 15.539 0.096 209.003
10.78 15.451 0.048 197.231
10.8 15.135 0.071 203.26
10.82 14.82 0.081 204.985
10.84 15.165 0.087 206.998
10.86 15.155 0.0900001 207.669
10.88 15.075 0.091 207.808
10.9 14.935 0.092 207.824
10.92 14.917 0.093 208.081
10.94 15.095 0.094 208.728
10.96 15.31 0.092 208.886
10.98 15.527 0.091 209.225
11 15.761 0.091 209.783
11.02 16.06 0.091 210.457
11.04 16.074 0.091 210.59
11.06 16.112 0.092 210.959
11.08 16.186 0.094 211.583
11.1 16.337 0.096 212.344
11.12 16.295 0.097 212.554
11.14 16.133 0.098 212.536
11.16 15.86 0.101 212.653
11.18 15.47 0.102 212.171
11.2 15.054 0.104 211.787
11.22 14.636 0.104 211.035
11.24 14.662 0.104 211.193
11.26 14.803 0.103 211.419
11.28 15.029 0.1 211.465
11.3 15.236 0.097 211.449
11.32 15.518 0.093 211.371
11.34 15.649 0.0900001 211.154
11.36 15.738 0.089 211.234
11.38 15.803 0.0900001 211.659
11.4 15.855 0.092 212.25
11.42 15.824 0.094 212.674
11.44 15.677 0.098 213.23
11.46 15.516 0.101 213.552
11.48 15.483 0.103 213.939
11.5 15.424 0.104 214.096
11.52 15.193 0.105 213.905
11.54 15.027 0.105 213.67
11.56 14.641 0.113 214.278
11.58 13.62 0.105 210.869
11.6 14.015 0.097 210.449
11.62 14.133 0.091 209.687
11.64 14.154 0.093 210.212
11.66 12.472 0.098 207.417
11.68 12.41 0.0950001 206.832
11.7 13.493 0.0900001 208.498
11.72 13.843 0.086 208.577
11.74 13.881 0.0800001 207.506
11.76 13.622 0.074 205.704
11.78 13.39 0.066 203.347
11.8 13.316 0.061 201.953
11.82 13.307 0.062 202.302
11.84 13.266 0.063 202.577
11.86 12.861 0.065 202.294
11.88 12.55 0.07 202.924
11.9 12.197 0.075 203.351
11.92 11.851 0.079 203.482
11.94 11.544 0.082 203.439
11.96 11.27 0.0850001 203.438
11.98 11.314 0.0850001 203.647
12 11.323 0.083 203.361
12.02 11.274 0.081 202.916
12.04 11.26 0.078 202.337
12.06 11.591 0.076 202.838
12.08 11.942 0.073 203.123
12.1 12.238 0.072 203.701
12.12 12.499 0.072 204.415
12.14 12.677 0.072 204.925
12.16 13.147 0.073 206.333
12.18 13.328 0.076 207.528
12.2 13.473 0.079 208.618
12.22 13.577 0.082 209.593
12.24 13.653 0.084 210.278
12.26 13.898 0.086 211.326
12.28 14.208 0.088 212.501
12.3 14.846 0.087 213.743
12.32 15.431 0.082 213.976
12.34 16.016 0.0800001 214.781
12.36 16.656 0.079 215.868
12.38 17.351 0.081 217.692
12.4 17.809 0.084 219.271
12.42 18.094 0.089 220.932
12.44 18.139 0.099 223.077
12.46 18.229 0.107 224.785
12.48 18.194 0.113 225.845
12.5 18.041 0.119 226.645
12.52 17.787 0.126 227.362
12.54 17.737 0.13 227.963
12.56 17.717 0.133 228.46
12.58 17.807 0.135 229.012
12.6 18.034 0.135 229.531
12.62 18.499 0.134 230.333
12.64 18.618 0.132 230.359
12.66 18.569 0.131 230.227
12.68 18.488 0.131 230.184
12.7 18.251 0.133 230.147
12.72 18.187 0.134 230.275
12.74 18.134 0.137 230.703
12.76 18.091 0.139 231.003
12.78 18.058 0.139 231.043
12.8 18.256 0.138 231.368
12.82 18.422 0.137 231.63
12.84 18.416 0.136 231.578
12.86 18.269 0.135 231.269
12.88 18.051 0.135 230.969
12.9 17.722 0.135 230.458
12.92 17.614 0.135 230.354
12.94 17.471 0.135 230.183
12.96 17.331 0.135 230.015
12.98 16.946 0.135 229.371
13 16.745 0.134 228.933
13.02 16.523 0.133 228.449
13.04 16.383 0.131 227.979
13.06 16.194 0.13 227.55
13.08 15.976 0.13 227.203
13.1 15.692 0.13 226.713
13.12 15.467 0.123 225.298
13.14 14.895 0.117 223.243
13.16 15.035 0.111 222.661
13.18 15.125 0.107 222.267
13.2 15.312 0.104 222.228
13.22 15.59 0.101 222.356
13.24 16.517 0.099 223.935
13.26 17.047 0.098 224.86
13.28 17.666 0.099 226.304
13.3 18.203 0.101 227.755
13.32 18.634 0.104 229.177
13.34 18.865 0.108 230.402
13.36 18.862 0.114 231.532
13.38 18.737 0.12 232.396
13.4 18.757 0.125 233.32
13.42 18.898 0.13 234.432
13.44 19.12 0.132 235.223
13.46 19.261 0.134 235.864
13.48 19.31 0.134 236.048
13.5 19.342 0.135 236.347
13.52 19.139 0.136 236.231
13.54 18.902 0.138 236.191
13.56 18.791 0.139 236.229
13.58 18.81 0.138 236.219
13.6 19.026 0.138 236.704
13.62 19.384 0.137 237.294
13.64 19.902 0.135 238.002
13.66 20.978 0.132 239.463
13.68 21.472 0.13 240.06
13.7 21.75 0.13 240.603
13.72 21.741 0.132 240.992
13.74 21.637 0.136 241.522
13.76 21.414 0.138 241.553
13.78 21.222 0.142 241.912
13.8 21.085 0.145 242.205
13.82 21.131 0.147 242.655
13.84 21.211 0.149 243.157
13.86 21.323 0.159 244.759
13.88 21.637 0.153 244.589
13.9 21.204 0.144 242.748
13.92 21.747 0.139 243.015
13.94 21.997 0.136 243.071
13.96 22.18 0.136 243.459
13.98 22.446 0.137 244.123
14 22.906 0.138 245.082
14.02 22.971 0.141 245.719
14.04 23.023 0.145 246.469
14.06 23.146 0.149 247.316
14.08 23.202 0.151 247.774
14.1 23.159 0.153 248.077
14.12 23.307 0.156 248.804
14.14 23.308 0.157 249.036
14.16 23.287 0.158 249.233
14.18 23.131 0.16 249.351
14.2 22.943 0.162 249.413
14.22 22.764 0.164 249.484
14.24 22.492 0.166 249.401
14.26 22.044 0.167 248.901
14.28 21.894 0.167 248.753
14.3 21.682 0.165 248.253
14.32 21.73 0.163 248.177
14.34 21.808 0.161 248.146
14.36 21.925 0.159 248.175
14.38 21.723 0.158 247.81
14.4 21.442 0.157 247.311
14.42 21.145 0.158 247.041
14.44 20.621 0.16 246.502
14.46 19.961 0.163 245.824
14.48 19.27 0.165 244.923
14.5 18.571 0.167 243.961
14.52 17.064 0.168 241.218
14.54 16.335 0.168 239.798
14.56 15.779 0.164 238.218
14.58 15.41 0.158 236.763
14.6 15.167 0.158 236.312
14.62 15.097 0.079 223.006
14.64 15.034 0.102 227.747
14.66 14.971 0.109 228.957
14.68 15.473 0.109 230.134
14.7 15.809 0.104 230.034
14.72 16.468 0.099 230.531
14.74 17.069 0.098 231.616
14.76 17.943 0.097 233.176
14.78 18.859 0.1 235.539
14.8 18.945 0.105 236.741
14.82 18.927 0.11 237.715
14.84 18.936 0.116 238.874
14.86 19.013 0.121 239.944
14.88 19.182 0.125 240.991
14.9 19.428 0.128 242.001
14.92 19.584 0.129 242.527
14.94 19.927 0.128 243.067
14.96 20.205 0.128 243.643
14.98 20.608 0.128 244.428
15 21.242 0.127 245.428
15.02 22.031 0.127 246.812
15.04 22.78 0.127 248.094
15.06 23.22 0.129 249.195
15.08 23.761 0.133 250.751
15.1 24.04 0.138 252.038
15.12 24.328 0.144 253.459
15.14 24.356 0.154 255.015
15.16 24.38 0.162 256.222
15.18 24.399 0.167 256.994
15.2 24.263 0.17 257.262
15.22 23.983 0.173 257.301
15.24 22.783 0.176 255.865
15.26 22.069 0.179 255.146
15.28 21.345 0.182 254.367
15.3 20.909 0.181 253.588
15.32 20.567 0.178 252.727
15.34 20.463 0.175 252.277
15.36 20.375 0.171 251.727
15.38 20.19 0.167 250.993
15.4 19.879 0.161 249.761
15.42 19.522 0.081 235.357
15.44 14.708 0.116 232.891
15.46 18.314 0.127 242.268
15.48 18.156 0.132 242.831
15.5 17.778 0.134 242.487
15.52 17.49 0.134 242.004
15.54 17.216 0.133 241.39
15.56 16.937 0.131 240.606
15.58 17.234 0.128 240.83
15.6 17.442 0.125 240.857
15.62 17.453 0.124 240.804
15.64 17.263 0.123 240.348
15.66 17.088 0.122 239.918
15.68 16.698 0.122 239.206
15.7 16.483 0.123 239.007
15.72 16.343 0.124 238.959
15.74 16.268 0.123 238.725
15.76 16.253 0.122 238.615
15.78 16.406 0.12 238.693
15.8 16.758 0.117 239.004
15.82 17.78 0.114 240.615
15.84 17.996 0.112 240.763
15.86 17.902 0.112 240.666
15.88 17.688 0.113 240.512
15.9 17.488 0.116 240.726
15.92 17.34 0.12 241.195
15.94 17.161 0.124 241.577
15.96 16.773 0.127 241.347
15.98 16.785 0.129 241.77
16 16.907 0.13 242.262
16.02 16.857 0.129 242.087
16.04 16.77 0.129 241.991
16.06 16.733 0.129 241.997
16.08 16.737 0.128 241.933
16.1 16.709 0.128 241.958
16.12 16.705 0.128 242.033
16.14 15.966 0.117 238.753
16.16 16.486 0.11 238.711
16.18 16.664 0.107 238.613
16.2 16.802 0.106 238.792
16.22 16.806 0.105 238.694
16.24 16.728 0.104 238.426
16.26 16.62 0.107 238.85
16.28 16.622 0.108 239.121
16.3 16.645 0.11 239.615
16.32 16.681 0.111 239.952
16.34 16.741 0.111 240.158
16.36 17.229 0.111 241.236
16.38 17.571 0.112 242.183
16.4 17.928 0.113 243.147
16.42 18.192 0.114 243.921
16.44 18.488 0.114 244.571
16.46 18.927 0.115 245.66
16.48 19.42 0.116 246.833
16.5 19.485 0.118 247.386
16.52 19.581 0.122 248.333
16.54 19.669 0.125 249.08
16.56 19.735 0.128 249.776
16.58 19.806 0.132 250.63
16.6 19.929 0.135 251.407
16.62 19.951 0.136 251.686
16.64 20.033 0.137 252.072
16.66 20.21 0.137 252.476
16.68 20.327 0.138 252.923
16.7 20.532 0.138 253.373
16.72 20.753 0.139 254.001
16.74 21.251 0.139 254.955
16.76 21.331 0.14 255.33
16.78 21.427 0.141 255.731
16.8 21.458 0.142 256.02
16.82 21.618 0.143 256.528
16.84 21.839 0.144 257.138
16.86 21.878 0.146 257.584
16.88 21.758 0.148 257.757
16.9 21.597 0.151 257.997
16.92 21.421 0.154 258.2
16.94 21.125 0.157 258.182
16.96 20.948 0.165 259.023
16.98 19.153 0.157 254.731
17 20.756 0.149 256.661
17.02 21.506 0.145 257.477
17.04 22.52 0.141 258.673
17.06 23.572 0.14 260.31
17.08 24.229 0.141 261.583
17.1 24.603 0.142 262.4
17.12 24.626 0.147 263.277
17.14 24.705 0.153 264.363
17.16 24.657 0.16 265.36
17.18 24.516 0.168 266.306
17.2 24.234 0.175 266.853
17.22 24.011 0.18 267.21
17.24 23.802 0.182 267.206
17.26 23.538 0.183 266.984
17.28 22.983 0.184 266.275
17.3 22.811 0.184 266.073
17.32 22.695 0.183 265.842
17.34 22.748 0.183 266.017
17.36 22.927 0.182 266.281
17.38 23.069 0.181 266.481
17.4 23.213 0.18 266.683
17.42 24.079 0.178 267.929
17.44 24.398 0.177 268.397
17.46 24.687 0.176 268.812
17.48 24.947 0.177 269.43
17.5 25.302 0.177 270.065
17.52 25.815 0.177 270.933
17.54 26.42 0.178 272.052
17.56 27.48 0.179 273.811
17.58 27.875 0.181 274.715
17.6 28.046 0.185 275.545
17.62 27.993 0.189 276.048
17.64 28.003 0.193 276.631
17.66 28.007 0.196 277.079
17.68 27.944 0.2 277.542
17.7 27.74 0.202 277.567
17.72 27.565 0.204 277.628
17.74 27.577 0.206 277.958
17.76 27.454 0.207 277.978
17.78 27.141 0.209 277.829
17.8 26.605 0.218 278.092
17.82 25.192 0.204 274.482
17.84 23.78 0.192 270.926
17.86 23.061 0.187 269.223
17.88 22.352 0.186 267.979
17.9 22.026 0.184 267.255
17.92 22.072 0.179 266.806
17.94 23.149 0.172 267.836
17.96 23.607 0.167 268.017
17.98 23.836 0.162 267.795
18 24 0.16 267.866
18.02 24.248 0.16 268.345
18.04 24.535 0.161 269.023
18.06 24.536 0.163 269.384
18.08 24.098 0.165 269.041
18.1 23.778 0.167 268.876
18.12 23.498 0.169 268.766
18.14 23.333 0.17 268.708
18.16 23.272 0.17 268.689
18.18 23.114 0.169 268.376
18.2 22.741 0.168 267.697
18.22 22.428 0.168 267.245
18.24 22.185 0.169 267.04
18.26 21.945 0.17 266.834
18.28 21.816 0.171 266.819
18.3 21.754 0.17 266.66
18.32 22.016 0.169 267.07
18.34 22.128 0.168 267.215
18.36 22.238 0.165 267.086
18.38 22.43 0.162 267.09
18.4 22.564 0.159 266.984
18.42 22.726 0.159 267.34
18.44 23.002 0.16 268.026
18.46 23.441 0.16 268.837
18.48 24.153 0.16 270.08
18.5 24.444 0.162 270.907
18.52 24.617 0.081 256.062
18.54 23.588 0.125 263.926
18.56 22.559 0.138 264.483
18.58 24.347 0.141 267.964
18.6 24.253 0.14 267.736
18.62 24.063 0.144 268.14
18.64 23.597 0.147 267.925
18.66 23.53 0.149 268.197
18.68 23.564 0.155 269.216
18.7 23.702 0.159 270.094
18.72 23.634 0.162 270.483
18.74 23.565 0.164 270.726
18.76 23.814 0.165 271.353
18.78 23.942 0.166 271.78
18.8 24.072 0.168 272.344
18.82 24.362 0.169 273.029
18.84 24.595 0.17 273.619
18.86 24.75 0.17 273.947
18.88 24.966 0.17 274.371
18.9 24.949 0.171 274.559
18.92 24.762 0.171 274.342
18.94 24.577 0.172 274.259
18.96 24.377 0.173 274.15
18.98 24.323 0.173 274.142
19 24.323 0.174 274.354
19.02 24.52 0.175 274.884
19.04 24.708 0.175 275.267
19.06 24.88 0.174 275.491
19.08 24.956 0.173 275.561
19.1 24.955 0.172 275.506
19.12 24.964 0.173 275.734
19.14 24.851 0.173 275.634
19.16 24.8 0.175 275.896
19.18 24.876 0.177 276.359
19.2 25.065 0.178 276.87
19.22 25.149 0.17 276.026
19.24 13.408 0.163 251.317
19.26 23.985 0.155 272.207
19.28 24.483 0.152 272.649
19.3 24.45 0.152 272.674
19.32 24.443 0.154 273.038
19.34 24.318 0.156 273.209
19.36 24.149 0.158 273.302
19.38 24.058 0.168 274.631
19.4 24.392 0.174 276.06
19.42 24.833 0.176 277.116
19.44 25.267 0.178 278.149
19.46 25.457 0.179 278.659
19.48 25.665 0.18 279.195
19.5 25.776 0.181 279.577
19.52 25.872 0.184 280.189
19.54 25.984 0.185 280.57
19.56 26.201 0.185 280.986
19.58 26.225 0.186 281.229
19.6 26.169 0.184 280.97
19.62 26.294 0.182 280.987
19.64 26.26 0.181 280.885
19.66 25.975 0.181 280.523
19.68 25.652 0.181 280.097
19.7 25.507 0.177 279.428
19.72 25.551 0.173 279.045
19.74 25.424 0.169 278.381
19.76 25.353 0.168 278.21
19.78 25.402 0.164 277.808
19.8 25.671 0.155 277.004
19.82 25.593 0.151 276.359
19.84 25.195 0.146 275.041
19.86 25.234 0.142 274.544
19.88 25.042 0.138 273.668
19.9 24.655 0.133 272.294
19.92 24.839 0.131 272.318
19.94 24.942 0.124 271.314
19.96 25.055 0.12 270.827
19.98 25.086 0.119 270.762
20 25.086 0.117 270.455
