0.03 0.77 0.025 23.6277
0.04 0.83 0.03 26.2684
0.05 0.87 0.031 28.2165
0.06 0.93 0.031 29.97
0.07 1 0.034 31.8547
0.08 1.03 0.036 33.3587
0.09 1.04 0.037 34.5959
0.1 1.08 0.039 35.9755
0.11 1.07 0.039 36.8921
0.12 1.06 0.041 37.9016
0.13 1.09 0.041 38.9105
0.14 1.09 0.041 39.7205
0.15 1.1 0.041 40.543
0.16 1.05 0.041 41.0013
0.17 1.07 0.042 41.8956
0.18 1.07 0.043 42.65
0.19 1.09 0.044 43.4947
0.2 1.11 0.045 44.3178
0.21 1.13 0.046 45.1211
0.22 1.1 0.047 45.6132
0.23 1.11 0.048 46.3216
0.24 1.14 0.048 47.0533
0.25 1.19 0.049 47.9676
0.26 1.23 0.051 48.8874
0.27 1.26 0.051 49.5747
0.28 1.31 0.051 50.3599
0.29 1.35 0.052 51.1569
0.3 1.37 0.053 51.8328
0.31 1.37 0.054 52.3889
0.32 1.37 0.054 52.8533
0.33 1.36 0.053 53.1685
0.34 1.34 0.052 53.4126
0.35 1.33 0.051 53.6999
0.36 1.31 0.05 53.9152
0.37 1.29 0.049 54.1162
0.38 1.26 0.048 54.2413
0.39 1.24 0.047 54.4133
0.4 1.19 0.045 54.2771
0.41 1.17 0.043 54.3119
0.42 1.17 0.042 54.57
0.43 1.17 0.04 54.7057
0.44 1.14 0.038 54.6173
0.45 1.11 0.036 54.5032
0.46 1.08 0.035 54.4934
0.47 1.05 0.035 54.5983
0.48 1.02 0.035 54.69
0.49 1.01 0.035 54.9264
0.5 0.99 0.035 55.0769
0.51 0.97 0.035 55.2184
0.52 0.97 0.039 56.0194
0.53 0.94 0.04 56.1809
0.54 0.93 0.04 56.3866
0.55 0.95 0.038 56.6068
0.56 1.02 0.034 56.9471
0.57 1.08 0.031 57.2592
0.58 1.17 0.029 57.8817
0.59 1.3 0.028 58.8743
0.6 1.4 0.027 59.6041
0.61 1.52 0.026 60.4019
0.62 1.74 0.025 61.6667
0.63 1.84 0.025 62.442
0.64 1.88 0.025 62.9105
0.65 1.91 0.025 63.3265
0.66 1.93 0.024 63.4753
0.67 1.95 0.021 63.1306
0.68 1.98 0.019 63.0039
0.69 1.99 0.018 63.0219
0.7 2 0.016 62.7027
0.71 2.03 0.014 62.3886
0.72 2.07 0.012 62.0074
0.73 2.11 0.011 61.9672
0.74 2.14 0.01 61.8363
0.75 2.16 0.009 61.6083
0.76 2.18 0.009 61.9177
0.77 2.2 0.008 61.6181
0.78 2.22 0.008 61.9202
0.79 2.22 0.007 61.4533
0.8 2.22 0.008 62.3575
0.81 2.21 0.009 63.1484
0.82 2.19 0.01 63.8384
0.83 2.19 0.011 64.5638
0.84 2.17 0.012 65.1637
0.85 2.14 0.014 66.0897
0.86 2.12 0.014 66.2153
0.87 2.08 0.014 66.2465
0.88 2.06 0.014 66.3649
0.89 2.02 0.013 65.978
0.9 1.98 0.012 65.5549
0.91 1.94 0.012 65.5636
0.92 1.89 0.012 65.5163
0.93 1.84 0.012 65.4603
0.94 1.77 0.012 65.2895
0.95 1.66 0.0095 63.6308
0.96 1.62 0.007 61.9971
0.97 1.59 0.006 61.2186
0.98 1.58 0.005 60.4143
0.99 1.55 0.005 60.418
1 1.49 0.005 60.2436
1.01 1.45 0.004 59.0674
1.02 1.45 0.004 59.2294
1.03 1.43 0.004 59.2716
1.04 1.41 0.004 59.3106
1.05 1.44 0.003 58.2384
1.06 1.47 0.002 56.6229
1.07 1.49 0.001 53.6939
1.08 1.53 0.003 59.2109
1.09 1.57 0.006 63.121
1.1 1.6 0.009 65.6313
1.11 1.63 0.01 66.5538
1.12 1.63 0.012 67.7397
1.13 1.6 0.013 68.1784
1.14 1.55 0.013 68.0339
1.15 1.51 0.012 67.492
1.16 1.51 0.009 66.0546
1.17 1.6 0.009 66.7667
1.18 1.84 0.009 68.2854
1.19 2.27 0.009 70.5473
1.2 2.79 0.01 73.4847
1.21 3.12 0.011 75.4457
1.22 3.49 0.011 76.8487
1.23 3.67 0.012 78.1468
1.24 3.79 0.011 78.1191
1.25 3.89 0.011 78.5879
1.26 3.97 0.012 79.5673
1.27 3.99 0.013 80.3333
1.28 3.9 0.014 80.7409
1.29 3.78 0.014 80.5524
1.3 3.62 0.015 80.6861
1.31 3.35 0.017 80.7977
1.32 3.27 0.018 81.072
1.33 3.11 0.019 81.0211
1.34 2.89 0.02 80.6804
1.35 2.8 0.021 80.8072
1.36 2.55 0.021 79.8899
1.37 2.38 0.022 79.5688
1.38 2.29 0.02 78.6622
1.39 2.12 0.02 77.9496
1.4 1.97 0.02 77.2841
1.41 1.79 0.019 76.0508
1.42 1.77 0.017 75.3764
1.43 1.82 0.014 74.6121
1.44 2.12 0.013 75.9478
1.45 2.38 0.01 75.7016
1.46 2.61 0.007 74.6133
1.47 2.86 0.005 73.6551
1.48 2.98 0.005 74.2321
1.49 2.98 0.005 74.3712
1.5 2.95 0.004 73.0326
1.51 2.9 0.004 72.9878
1.52 2.88 0.004 73.049
1.53 2.86 0.004 73.1089
1.54 2.81 0.005 74.4246
1.55 2.77 0.005 74.4049
1.56 2.7 0.008 77.2254
1.57 2.64 0.01 78.5577
1.58 2.57 0.011 79.0167
1.59 2.49 0.011 78.7958
1.6 2.45 0.011 78.7493
1.61 2.43 0.012 79.3653
1.62 2.45 0.012 79.5959
1.63 2.54 0.012 80.1475
1.64 2.64 0.012 80.7315
1.65 2.79 0.012 81.5142
1.66 3.14 0.011 82.4536
1.67 3.38 0.011 83.472
1.68 3.6 0.011 84.3733
1.69 3.77 0.011 85.0761
1.7 3.86 0.012 86.127
1.71 4.02 0.013 87.3533
1.72 4.12 0.013 87.8052
1.73 4.23 0.014 88.8271
1.74 4.24 0.014 88.9998
1.75 4.26 0.015 89.7156
1.76 4.21 0.016 90.1882
1.77 4.18 0.017 90.6937
1.78 4.13 0.017 90.6786
1.79 4.06 0.018 91.0285
1.8 4.03 0.018 91.0723
1.81 3.99 0.019 91.4924
1.82 3.97 0.019 91.5663
1.83 4.01 0.019 91.8384
1.84 4.01 0.02 92.371
1.85 4.03 0.019 92.1824
1.86 4.05 0.019 92.3864
1.87 4.05 0.019 92.5243
1.88 4.08 0.019 92.7601
1.89 4.05 0.019 92.7983
1.9 4.06 0.019 92.9675
1.91 4.07 0.019 93.1363
1.92 4.05 0.019 93.2055
1.93 4.07 0.019 93.4064
1.94 4.04 0.019 93.4411
1.95 4.01 0.019 93.4744
1.96 3.97 0.0185 93.2652
1.97 3.92 0.018 93.0146
1.98 3.92 0.017 92.7037
1.99 3.88 0.017 92.6967
2 3.87 0.017 92.7914
2.01 3.88 0.017 92.9547
2.02 3.86 0.016 92.5458
2.03 3.89 0.016 92.7763
2.04 3.89 0.016 92.9032
2.05 3.85 0.017 93.3609
2.06 3.81 0.017 93.3468
2.07 3.77 0.017 93.3306
2.08 3.8 0.017 93.5625
2.09 3.85 0.017 93.8638
2.1 3.92 0.017 94.2326
2.11 4 0.017 94.6321
2.12 4.14 0.016 94.748
2.13 4.22 0.016 95.1339
2.14 4.3 0.017 95.9988
2.15 4.47 0.018 97.1222
2.16 4.55 0.017 97.0338
2.17 4.66 0.017 97.4933
2.18 4.77 0.017 97.9465
2.19 4.78 0.017 98.1007
2.2 4.81 0.017 98.3136
2.21 4.74 0.017 98.23
2.22 4.75 0.018 98.8522
2.23 4.72 0.018 98.8856
2.24 4.64 0.018 98.7652
2.25 4.58 0.018 98.7024
2.26 4.47 0.017 98.0116
2.27 4.4 0.017 97.9092
2.28 4.37 0.016 97.4397
2.29 4.35 0.016 97.4939
2.3 4.36 0.016 97.6443
2.31 4.36 0.018 98.7249
2.32 4.32 0.019 99.1575
2.33 4.34 0.019 99.3422
2.34 4.32 0.019 99.3944
2.35 4.29 0.019 99.4125
2.36 4.26 0.019 99.4294
2.37 4.21 0.018 98.9312
2.38 4.27 0.018 99.2491
2.39 4.32 0.017 99.0593
2.4 4.44 0.015 98.535
2.41 4.72 0.014 98.9519
2.42 5.01 0.015 100.495
2.43 5.32 0.015 101.484
2.44 5.5 0.015 102.088
2.45 5.68 0.016 103.232
2.46 5.75 0.017 104.055
2.47 5.81 0.017 104.328
2.48 5.9 0.018 105.176
2.49 5.84 0.018 105.139
2.5 5.78 0.019 105.574
2.51 5.66 0.02 105.823
2.52 5.57 0.02 105.695
2.53 5.53 0.021 106.132
2.54 5.45 0.022 106.437
2.55 5.42 0.022 106.469
2.56 5.39 0.022 106.499
2.57 5.33 0.021 106.032
2.58 5.33 0.02 105.716
2.59 5.2 0.02 105.455
2.6 5.03 0.021 105.491
2.61 4.86 0.021 105.082
2.62 4.62 0.022 104.834
2.63 4.41 0.021 103.842
2.64 4.11 0.02 102.486
2.65 3.73 0.02 101.17
2.66 3.33 0.02 99.6352
2.67 2.96 0.021 98.4606
2.68 2.66 0.022 97.4343
2.69 2.29 0.022 95.4542
2.7 1.96 0.02 92.6974
2.71 1.68 0.018 89.9635
2.72 1.35 0.016 86.4129
2.73 1.18 0.014 83.9035
2.74 1.05 0.012 81.5364
2.75 0.97 0.01 79.4781
2.76 0.91 0.009 78.1422
2.77 0.86 0.009 77.5868
2.78 0.81 0.009 76.9976
2.79 0.77 0.008 75.7683
2.8 0.74 0.008 75.4109
2.81 0.72 0.007 74.3577
2.82 0.71 0.007 74.2815
2.83 0.71 0.006 73.4071
2.84 0.74 0.006 73.9183
2.85 0.75 0.006 74.1337
2.86 0.77 0.0085 76.6778
2.87 0.82 0.011 79.1302
2.88 0.85 0.012 80.1961
2.89 0.9 0.013 81.4776
2.9 0.93 0.014 82.4487
2.91 0.95 0.013 82.2721
2.92 0.96 0.011 81.3364
2.93 0.96 0.01 80.7707
2.94 0.98 0.01 81.0877
2.95 0.98 0.011 81.8104
2.96 1.075 0.011 82.9858
2.97 1.17 0.011 84.0827
2.98 1.21 0.01 83.9018
2.99 1.19 0.009 83.0474
3 1.2 0.008 82.4132
3.01 1.21 0.006 80.6348
3.02 1.28 0.005 80.1405
3.03 1.39 0.005 81.1722
3.04 1.5 0.005 82.1425
3.05 1.59 0.005 82.9103
3.06 1.6 0.005 83.0608
3.07 1.55 0.006 84.0219
3.08 1.48 0.008 85.5637
3.09 1.36 0.009 85.4376
3.1 1.25 0.009 84.482
3.11 1.09 0.009 82.9063
3.12 1.01 0.008 81.2741
3.13 0.94 0.007 79.6199
3.14 0.9 0.006 78.1839
3.15 0.9 0.006 78.253
3.16 0.92 0.007 79.5845
3.17 1.03 0.008 81.8649
3.18 1.12 0.009 83.7477
3.19 1.17 0.01 85.0923
3.2 1.21 0.01 85.5797
3.21 1.2 0.009 84.805
3.22 1.16 0.011 85.887
3.23 1.12 0.012 86.1492
3.24 1.08 0.013 86.346
3.25 1.09 0.014 87.07
3.26 1.14 0.013 87.1699
3.27 1.2 0.01 85.9932
3.28 1.24 0.008 84.883
3.29 1.26 0.007 84.21
3.3 1.27 0.006 83.3018
3.31 1.34 0.007 85.1031
3.32 1.68 0.007 87.9936
3.33 2 0.008 91.3151
3.34 2.15 0.009 93.2574
3.35 2.02 0.009 92.5005
3.36 1.84 0.008 90.4505
3.37 1.66 0.007 88.2077
3.38 1.52 0.009 89.0092
3.39 1.37 0.012 89.8854
3.4 1.18 0.018 91.0665
3.41 1.09 0.022 91.6226
3.42 1.04 0.014 87.7178
3.43 1.04 0.008 83.7953
3.44 1.05 0.01 85.5524
3.45 1.12 0.011 87.109
3.46 1.23 0.014 90.154
3.47 1.37 0.019 93.996
3.48 1.87 0.059 108.108
3.49 2.65 0.051 112.393
3.5 5.95 0.034 122.185
3.51 9.58 0.057 136.716
3.52 11.47 0.084 145.022
3.53 12.57 0.041 138.544
3.54 16.75 0.025 138.678
3.55 18.77 0.088 156.654
3.56 21.5 0.116 163.589
3.57 24.39 0.116 166.717
3.58 26.77 0.136 171.352
3.59 28.85 0.201 179.069
3.6 30.1 0.229 182.273
3.61 28.95 0.211 180.162
3.62 28.77 0.214 180.35
3.63 27.09 0.32 185.023
3.64 24.32 0.265 179.472
3.65 27.05 0.278 183.11
3.66 26.68 0.218 179.224
3.67 26.68 0.179 176.442
3.68 19.67 0.201 170.631
3.69 22.13 0.202 173.754
3.7 25.4 0.131 171.092
3.71 23.6 0.104 166.196
3.72 22.98 0.082 162.44
3.73 26.7 0.076 165.065
3.74 25.84 0.086 166.11
3.75 27.33 0.104 170.252
3.76 27.23 0.074 165.534
3.77 27.03 0.06 162.618
3.78 28.4 0.082 168.216
3.79 30.33 0.147 178.398
3.8 31.41 0.094 172.878
3.81 32.34 0.085 172.284
3.82 32.3 0.073 170.21
3.83 28.16 0.076 167.563
3.84 28.89 0.077 168.487
3.85 28.89 0.083 169.664
3.86 29.04 0.136 177.04
3.87 28.91 0.097 172.144
3.88 28.52 0.078 168.841
3.89 29.09 0.072 168.319
3.9 29.63 0.066 167.668
3.91 29.81 0.0745 169.635
3.92 29.53 0.083 171.055
3.93 29.04 0.088 171.598
3.94 27.48 0.138 176.857
3.95 27.65 0.159 179.239
3.96 28.15 0.182 181.861
3.97 28.8 0.207 184.554
3.98 28.48 0.222 185.462
3.99 27.38 0.151 178.719
4 27.52 0.083 170.281
4.01 23.88 0.098 169.277
4.02 20.24 0.223 177.119
4.03 24.22 0.276 185.139
4.04 25.46 0.314 188.617
4.05 25.19 0.223 183.167
4.06 23.7 0.224 181.758
4.07 23.56 0.19 179.255
4.08 24.04 0.201 180.743
4.09 22.24 0.206 179.217
4.1 19.82 0.175 174.01
4.11 18.63 0.213 175.428
4.12 18.27 0.184 172.935
4.13 19.69 0.221 177.614
4.14 23.55 0.236 183.374
4.15 23.13 0.198 180.368
4.16 22.38 0.172 177.542
4.17 19.42 0.18 174.728
4.18 20.94 0.168 175.74
4.19 20.35 0.157 174.151
4.2 22.05 0.106 170.623
4.21 21.31 0.122 171.897
4.22 21.21 0.152 175.068
4.23 21.08 0.148 174.64
4.24 23.33 0.2 181.824
4.25 25.17 0.255 187.699
4.26 24.86 0.208 184.335
4.27 23.02 0.252 185.36
4.28 25.79 0.244 188.035
4.29 26.38 0.237 188.314
4.3 23.58 0.2 182.816
4.31 24.83 0.146 179.537
4.32 24.65 0.176 182.276
4.33 24.47 0.253 187.787
4.34 24.98 0.253 188.466
4.35 25.4 0.128 178.622
4.36 28.59 0.169 186.059
4.37 28.97 0.153 184.994
4.38 29.83 0.137 184.193
4.39 31.75 0.136 185.859
4.4 31.72 0.17 189.436
4.41 25.2 0.172 183.556
4.42 24.53 0.122 177.806
4.43 25.2 0.128 179.324
4.44 25.2 0.221 187.778
4.45 21.57 0.192 181.596
4.46 20.78 0.171 179.003
4.47 22.72 0.164 180.801
4.48 22.29 0.171 181.045
4.49 22.98 0.167 181.596
4.5 23.06 0.13 178.05
4.51 20.45 0.074 167.086
4.52 20.71 0.092 170.555
4.53 20.98 0.089 170.507
4.54 20.35 0.084 169.049
4.55 19.42 0.057 162.683
4.56 19.03 0.058 162.542
4.57 19.85 0.065 165.191
4.58 20.92 0.08 169.448
4.59 21.48 0.086 171.224
4.6 21.61 0.077 169.907
4.61 21.78 0.073 169.448
4.62 21.82 0.08 170.892
4.63 23.39 0.034 160.845
4.64 22.75 0.017 151.317
4.65 21.95 0.151 180.646
4.66 21.73 0.133 178.595
4.67 21.82 0.121 177.407
4.68 19.54 0.113 173.722
4.69 20.67 0.065 167.358
4.7 20.79 0.068 168.227
4.71 19.65 0.048 162.196
4.72 21.46 0.044 163.179
4.73 21.32 0.103 175.082
4.74 21.19 0.141 179.664
4.75 18.89 0.209 182.706
4.76 21.09 0.2 185.057
4.77 22.46 0.173 184.61
4.78 23.2 0.151 183.493
4.79 22.06 0.132 180.245
4.8 20.92 0.139 179.747
4.81 21.62 0.256 190.125
4.82 22.49 0.362 196.914
4.83 22.36 0.304 194.023
4.84 22.81 0.344 196.706
4.85 24.97 0.225 192.479
4.86 24.13 0.124 182.374
4.87 24.06 0.088 177.271
4.88 23.42 0.101 178.722
4.89 25.13 0.066 174.365
4.9 20.92 0.142 181.102
4.91 13.96 0.0965 165.544
4.92 15.37 0.051 159.27
4.93 17.94 0.054 163.725
4.94 14.01 0.083 163.843
4.95 15.92 0.125 172.767
4.96 16.74 0.16 177.732
4.97 17.94 0.093 171.685
4.98 16.06 0.136 174.496
4.99 18.36 0.162 180.601
5 20.06 0.108 176.949
5.01 18.205 0.02 151.735
5.02 16.35 0 0
5.03 15.9 -0.011 -nan
5.04 17.28 0.005 134.417
5.05 18.12 0.02 151.968
5.06 17.73 0.117 175.573
5.07 21.73 0.164 186.047
5.08 19.47 0.108 176.969
5.09 21.39 0.05 168.341
5.1 20.69 0.082 174.671
5.11 21.63 0.093 177.74
5.12 22.83 0.118 182.81
5.13 20.94 0.25 192.291
5.14 15.84 0.282 186.677
5.15 19.23 0.284 192.181
5.16 21.55 0.176 187.835
5.17 22.41 0.169 188.361
5.18 15.2 0.172 178.477
5.19 14.09 0.212 179.733
5.2 15.36 0.056 162.988
5.21 15.82 0.058 164.249
5.22 14.1 0.038 156.047
5.23 10.58 0.019 141.41
5.24 10.4 0.003 121.043
5.25 11.2 0.015 139.946
5.26 9.52 0.04 148.411
5.27 9.46 0.025 142.665
5.28 9.56 0.011 133.518
5.29 8.55 0.057 150.741
5.3 8.2 0.031 142.507
5.31 8.89 0.033 145.003
5.32 10.17 0.001 110.58
5.33 9.86 -0.006 -nan
5.34 9.32 0.003 119.775
5.35 7.62 0.021 136.871
5.36 9.27 0.002 115.833
5.37 9.64 0.016 138.561
5.38 4.32 0.002 103.88
5.39 6.49 0.001 104.031
5.4 6.8 0.001 104.786
5.41 7.03 0.003 115.426
5.42 7.65 0.015 133.65
5.43 9.29 0.004 123.191
5.44 3.87 0.009 116.235
5.45 6 0.034 138.359
5.46 2.75 0.013 114.209
5.47 3.69 0.005 110.099
5.48 3.89 0.004 108.954
5.49 4.11 0.02 125.62
5.5 3.27 0.089 137.696
5.51 4.9 0.085 145.47
5.52 5.41 0.066 144.558
5.53 6.78 0.058 147.812
5.54 6.21 0.013 128.943
5.55 4.67 0.069 142.267
5.56 4.29 0.054 137.771
5.57 4.92 0.027 132.708
5.58 5.61 0.029 136.114
5.59 7.03 0.008 126.385
5.6 6.55 0.012 129.462
5.61 6.54 0.004 118.185
5.62 7.16 0.009 128.158
5.63 6.55 0.027 138.703
5.64 4.3 0.041 135.231
5.65 4.2 0.011 120.859
5.66 6.68 0.01 128.253
5.67 6.68 0.076 151.903
5.68 7.18 0.182 165.138
5.69 6.95 0.3 171.428
5.7 7 0.21 166.669
5.71 10.35 0.092 164.703
5.72 8.64 0.135 165.758
5.73 7.31 0.273 171.663
5.74 9.51 0.194 173.38
5.75 9.26 0.162 170.227
5.76 11.32 0.269 182.862
5.77 7.88 0.211 170.179
5.78 8.16 0.422 181.277
5.79 12.3 0.448 193.364
5.8 11.3 0.382 188.591
5.81 4.7 0.35 165.085
5.82 2.34 0.377 150.309
5.83 5.47 0.279 165.736
5.84 12.43 0.142 176.423
5.85 12.88 0.082 169.49
5.86 10.1 0.075 162.525
5.87 15.12 0.092 175.284
5.88 12.62 0.093 171.015
5.89 11.81 0.15 176.346
5.9 13.73 0.133 178.502
5.91 11.02 0.1435 174.118
5.92 11.35 0.154 175.972
5.93 16.72 0.17 187.692
5.94 18.84 0.129 186.7
5.95 21.66 0.11 188.067
5.96 17.87 0.121 184.472
5.97 16.44 0.091 178.082
5.98 18.36 0.082 179.46
5.99 17.23 0.089 179.125
6 18.61 0.131 187.13
6.01 17.785 0.235 195.266
6.02 16.96 0.196 191.117
6.03 19.11 0.223 196.619
6.04 19.37 0.272 200.377
6.05 19.38 0.216 196.676
6.06 21.44 0.167 195.421
6.07 24.83 0.129 195.444
6.08 27.65 0.123 197.8
6.09 30.13 0.132 201.534
6.1 30.12 0.172 206.106
6.11 30.2 0.164 205.463
6.12 31.88 0.228 212.922
6.13 32.24 0.214 212.242
6.14 34.19 0.214 214.141
6.15 35.83 0.195 214.026
6.16 35.37 0.177 212.01
6.17 34.25 0.223 215.222
6.18 32.37 0.231 214.203
6.19 32.47 0.291 218.553
6.2 30.8 0.261 215.04
6.21 32.45 0.314 220.119
6.22 32.81 0.304 219.974
6.23 32.81 0.272 218.045
6.24 33.42 -7.777 -nan
6.25 35.21 -7.777 -nan
6.26 37.08 -7.777 -nan
6.27 37.2 -7.777 -nan
6.28 37.56 -7.777 -nan
6.29 37.95 -7.777 -nan
6.3 37.71 -7.777 -nan
6.31 40.13 -7.777 -nan
6.32 43.25 -7.777 -nan
6.33 46.13 -7.777 -nan
