0.01 0 0 0
0.02 0.01 0 0
0.03 0 0 0
0.04 0.01 0 0
0.05 0.01 0 0
0.06 0 0 0
0.07 0.01 0 0
0.0800001 0.01 0 0
0.0900001 0 0 0
0.1 0 0 0
0.11 0.01 0 0
0.12 0.01 0 0
0.13 0.01 0 0
0.14 0.01 0 0
0.15 0.01 0 0
0.16 0.01 0 0
0.17 0.01 0 0
0.18 0.01 0 0
0.19 0.02 0 0
0.2 0.02 0 0
0.21 0.03 0 0
0.22 0.03 0 0
0.23 0.05 0 0
0.24 0.07 0 0
0.25 0.12 0 0
0.26 0.19 0.001 26.9353
0.27 0.31 0.001 29.2074
0.28 0.710001 0.002 35.2172
0.29 0.830001 0.003 37.6191
0.3 1.55 0.004 42.5556
0.31 1.83 0.004 43.9846
0.32 1.94 0.005 45.5877
0.33 2.09 0.006 47.1854
0.34 2.18 0.007 48.4863
0.35 2.37 0.008 50.023
0.36 2.48 0.008 50.7467
0.37 2.64 0.008 51.5972
0.38 2.68 0.009 52.6068
0.39 2.7 0.009 53.0449
0.4 2.7 0.01 53.8899
0.41 2.72 0.011 54.7512
0.42 2.74 0.012 55.5783
0.43 2.75 0.013 56.3464
0.44 2.6 0.014 56.5994
0.45 2.53 0.015 57.0573
0.46 2.5 0.016 57.617
0.47 2.5 0.016 57.9625
0.48 2.52 0.017 58.6649
0.49 2.54 0.018 59.3509
0.5 2.6 0.019 60.1561
0.51 2.65 0.02 60.9138
0.52 2.7 0.02 61.4086
0.53 2.7 0.021 61.9857
0.54 2.68 0.021 62.242
0.55 2.61 0.021 62.3223
0.56 2.55 0.021 62.4259
0.57 2.48 0.021 62.4828
0.58 2.4 0.021 62.4899
0.59 2.37 0.021 62.674
0.6 2.35 0.021 62.8907
0.61 2.35 0.021 63.1804
0.62 2.36 0.021 63.5054
0.63 2.41 0.02 63.7222
0.640001 2.56 0.021 64.8233
0.650001 2.67 0.021 65.4989
0.660001 2.78 0.021 66.161
0.670001 2.86 0.021 66.7102
0.680001 2.9 0.022 67.3799
0.690001 2.91 0.023 67.9383
0.700001 2.88 0.024 68.3504
0.710001 2.82 0.023 68.171
0.720001 2.65 0.024 68.0671
0.730001 2.58 0.024 68.0657
0.740001 2.52 0.024 68.0926
0.75 2.48 0.024 68.1898
0.760001 2.45 0.023 68.08
0.770001 2.43 0.028 69.3734
0.780001 2.43 0.033 70.581
0.790001 2.44 0.032 70.6921
0.800001 2.5 0.032 71.1883
0.810001 2.58 0.031 71.5701
0.820001 2.86 0.028 72.2734
0.830001 3.03 0.025 72.4366
0.840001 3.18 0.023 72.6797
0.850001 3.07 0.022 72.2826
0.860001 2.01 0.021 67.9638
0.870001 1.41 0.02 64.5264
0.880001 1.07 0.017 61.3746
0.890001 0.930001 0.016 60.0334
0.900001 0.850001 0.022 61.0412
0.910001 0.840001 0.022 61.1248
0.920001 0.870001 0.021 61.3833
0.930001 0.890001 0.019 61.2577
0.940001 0.960001 0.018 61.8348
0.950001 1.06 0.015 61.9612
0.960001 0.970001 0.014 61.0018
0.970001 0.970001 0.014 61.1777
0.980001 0.840001 0.015 60.4402
0.990001 0.700001 0.016 59.3583
1 0.730001 0.016 59.8852
1.01 0.720001 0.016 59.9319
1.02 0.720001 0.015 59.7744
1.03 0.700001 0.014 59.3525
1.04 0.670001 0.012 58.3843
1.05 0.55 0.008 55.0121
1.06 0.49 0.007 53.648
1.07 0.45 0.006 52.4555
1.08 0.41 0.003 48.9832
1.09 0.37 0.003 48.3883
1.1 0.31 0.002 45.7222
1.11 0.28 0.002 45.1704
1.12 0.24 0.001 41.8072
1.13 0.22 0.001 41.3888
1.14 0.2 0.001 40.9247
1.15 0.18 0 0
1.16 0.18 0 0
1.17 0.17 0 0
1.18 0.16 0 0
1.19 0.14 0 0
1.2 0.14 0 0
1.21 0.13 0 0
1.22 0.12 0 0
1.23 0.12 0 0
1.24 0.11 0 0
1.25 0.11 0 0
1.26 0.11 0 0
1.27 0.11 0 0
1.28 0.11 0 0
1.29 0.11 0 0
1.3 0.12 0 0
1.31 0.12 0.001 39.5204
1.32 0.12 0.001 39.6041
1.33 0.12 0.002 42.0433
1.34 0.14 0.002 43.0766
1.35 0.18 0.002 44.7565
1.36 0.21 0.003 47.4283
1.37 0.28 0.003 49.5352
1.38 0.32 0.004 51.8248
1.39 0.35 0.004 52.6033
1.4 0.4 0.007 56.2925
1.41 0.56 0.01 60.9874
1.42 0.640001 0.012 63.2458
1.43 0.770001 0.015 66.299
1.44 0.890001 0.02 69.4705
1.45 1 0.023 71.6101
1.46 1.15 0.026 73.9561
1.47 1.49 0.03 77.8337
1.48 1.64 0.035 80.0856
1.49 1.77 0.041 82.1969
1.5 1.88 0.049 84.3091
1.51 2.05 0.052 85.9484
1.52 2.08 0.054 86.5579
1.53 2.05 0.055 86.6668
1.54 2.01 0.055 86.5779
1.55 1.97 0.055 86.4832
1.56 1.95 0.057 86.7682
1.57 1.9 0.06 86.9683
1.58 1.83 0.062 86.889
1.59 1.73 0.064 86.5684
1.6 1.72 0.064 86.647
1.61 1.7 0.063 86.5377
1.62 1.64 0.061 86.0082
1.63 1.53 0.059 85.0622
1.64 1.44 0.059 84.4663
1.65 1.36 0.058 83.7964
1.66 1.31 0.057 83.365
1.67 1.3 0.058 83.533
1.68 1.31 0.058 83.7642
1.69 1.32 0.06 84.2317
1.7 1.37 0.062 85.0545
1.71 1.45 0.064 86.1196
1.72 1.55 0.067 87.4243
1.73 1.63 0.069 88.4183
1.74 1.7 0.072 89.414
1.75 1.79 0.072 90.2243
1.76 1.91 0.074 91.4238
1.77 2.07 0.077 92.9416
1.78 2.22 0.081 94.4268
1.79 2.38 0.0850001 95.9104
1.8 2.37 0.086 96.0943
1.81 2.38 0.0850001 96.2071
1.82 2.42 0.084 96.4911
1.83 2.46 0.084 96.8666
1.84 2.43 0.084 96.8422
1.85 2.33 0.084 96.4031
1.86 1.96 0.084 94.1732
1.87 1.82 0.083 93.2197
1.88 1.65 0.083 92.0489
1.89 1.5 0.081 90.7439
1.9 1.39 0.079 89.6991
1.91 1.32 0.076 88.8774
1.92 1.19 0.07 87.0897
1.93 1.13 0.06 85.465
1.94 1.09 0.055 84.5307
1.95 1.1 0.051 84.2322
1.96 1.1 0.047 83.7807
1.97 1.16 0.044 84.0808
1.98 1.22 0.042 84.4853
1.99 1.26 0.038 84.2928
2 1.3 0.037 84.6031
2.01 1.29 0.036 84.4337
2.02 1.27 0.034 83.96
2.03 1.22 0.032 83.1699
2.04 1.18 0.029 82.2087
2.05 1.2 0.025 81.5072
2.06 1.22 0.021 80.6339
2.07 1.35 0.017 80.5006
2.08 1.53 0.012 79.7302
2.09 1.7 0.01 79.8368
2.1 1.85 0.009 80.2159
2.11 1.93 0.008 80.025
2.12 1.97 0.008 80.3673
2.13 2.01 0.008 80.7058
2.14 2.02 0.008 80.8687
2.15 2.04 0.008 81.0886
2.16 2.05 0.008 81.2504
2.17 2.05 0.009 82.156
2.18 2.05 0.009 82.2611
2.19 2.05 0.01 83.091
2.2 2.07 0.011 83.976
2.21 2.1 0.012 84.8685
2.22 2.13 0.015 86.7444
2.23 2.16 0.015 87.028
2.24 2.2 0.016 87.8372
2.25 2.25 0.016 88.2311
2.26 2.34 0.016 88.8403
2.27 2.45 0.017 89.9925
2.28 2.59 0.017 90.8264
2.29 2.91 0.018 92.9162
2.3 3.09 0.018 93.8363
2.31 3.24 0.018 94.593
2.32 3.39 0.019 95.7557
2.33 3.54 0.019 96.4699
2.34 3.67 0.019 97.0877
2.35 3.81 0.02 98.1463
2.36 4.06 0.02 99.1656
2.37 4.14 0.021 99.9665
2.38 4.2 0.021 100.291
2.39 4.23 0.022 100.901
2.4 4.25 0.022 101.087
2.41 4.25 0.022 101.204
2.42 4.26 0.022 101.355
2.43 4.26 0.022 101.471
2.44 4.23 0.023 101.859
2.45 4.23 0.022 101.599
2.46 4.21 0.021 101.252
2.47 4.19 0.021 101.297
2.48 4.15 0.021 101.271
2.49 4.12 0.021 101.278
2.5 4.09 0.021 101.284
2.51 4.05 0.021 101.253
2.52 3.95 0.021 101.001
2.53 3.84 0.021 100.702
2.54 3.82 0.021 100.737
2.55 3.81 0.02 100.4
2.56 3.81 0.02 100.51
2.57 3.81 0.02 100.619
2.58 3.8 0.019 100.26
2.59 3.76 0.019 100.215
2.6 3.68 0.018 99.5638
2.61 3.57 0.018 99.2355
2.62 3.5 0.017 98.5882
2.63 3.44 0.016 97.9519
2.64 3.38 0.015 97.2834
2.65 3.28 0.013 95.8178
2.66 3.06 0.013 94.964
2.67 2.9 0.012 93.7047
2.68 2.73 0.013 93.611
2.69 2.51 0.013 92.5811
2.7 2.3 0.015 92.614
2.71 1.9 0.016 90.679
2.72 1.75 0.017 90.1569
2.73 1.6 0.018 89.5165
2.74 1.49 0.019 89.093
2.75 1.34 0.018 87.4368
2.76 1.27 0.017 86.4394
2.77 1.21 0.015 85.0353
2.78 1.13 0.012 82.7358
2.79 1.06 0.012 82.0593
2.8 0.940001 0.012 80.7321
2.81 0.870001 0.012 79.9166
2.82 0.790001 0.012 78.8921
2.83 0.720001 0.012 77.9217
2.84 0.670001 0.012 77.1939
2.85 0.6 0.012 76.0513
2.86 0.58 0.011 75.2082
2.87 0.56 0.011 74.9018
2.88 0.56 0.011 74.9742
2.89 0.57 0.011 75.238
2.9 0.58 0.011 75.4992
2.91 0.57 0.01 74.787
2.92 0.56 0.01 74.6678
2.93 0.56 0.009 74.0865
2.94 0.54 0.009 73.7694
2.95 0.53 0.009 73.6406
2.96 0.53 0.009 73.7099
2.97 0.53 0.009 73.779
2.98 0.54 0.009 74.047
2.99 0.56 0.01 75.1612
3 0.57 0.01 75.423
3.01 0.57 0.009 74.8339
3.02 0.57 0.009 74.9029
3.03 0.54 0.008 73.6649
3.04 0.52 0.008 73.3328
3.05 0.5 0.009 73.7052
3.06 0.5 0.009 73.7723
3.07 0.52 0.009 74.2574
3.08 0.54 0.01 75.3876
3.09 0.59 0.01 76.4239
3.1 0.640001 0.01 77.3939
3.11 0.690001 0.012 79.5037
3.12 0.75 0.013 81.074
3.13 0.820001 0.016 83.6279
3.14 0.950001 0.019 86.7259
3.15 1.06 0.02 88.5601
3.16 1.22 0.02 90.4508
3.17 1.43 0.024 94.0404
3.18 2.03 0.028 100.271
3.19 2.37 0.032 103.768
3.2 2.69 0.037 107.055
3.21 2.92 0.042 109.571
3.22 3.03 0.051 112.047
3.23 3.14 0.055 113.431
3.24 3.14 0.058 114.031
3.25 3.08 0.062 114.446
3.26 3 0.065 114.56
3.27 2.72 0.067 113.336
3.28 2.55 0.067 112.383
3.29 2.37 0.067 111.299
3.3 2.18 0.067 110.061
3.31 2.01 0.06 107.878
3.32 1.68 0.057 104.768
3.33 1.54 0.054 103.085
3.34 1.42 0.049 101.152
3.35 1.33 0.042 99.0078
3.36 1.25 0.037 97.1784
3.37 1.17 0.033 95.4241
3.38 1 0.029 92.3694
3.39 0.940001 0.024 90.194
3.4 0.890001 0.023 89.2436
3.41 0.850001 0.021 88.058
3.42 0.780001 0.02 86.6931
3.43 0.760001 0.017 85.2786
3.44 0.760001 0.017 85.3477
3.45 0.770001 0.017 85.5775
3.46 0.790001 0.017 85.9632
3.47 0.790001 0.017 86.0322
3.48 0.780001 0.017 85.9433
3.49 0.790001 0.018 86.5806
3.5 0.790001 0.018 86.6494
3.51 0.820001 0.018 87.1849
3.52 0.880001 0.018 88.1457
3.53 0.950001 0.02 89.9782
3.54 1.05 0.022 92.0835
3.55 1.06 0.024 92.9521
3.56 1.05 0.025 93.214
3.57 1.02 0.027 93.4948
3.58 0.980001 0.027 93.0301
3.59 0.970001 0.027 92.9649
3.6 0.910001 0.027 92.1853
3.61 0.870001 0.027 91.6611
3.62 0.830001 0.027 91.112
3.63 0.760001 0.027 90.0324
3.64 0.720001 0.027 89.4025
3.65 0.690001 0.023 87.7456
3.66 0.650001 0.021 86.404
3.67 0.62 0.02 85.5353
3.68 0.58 0.019 84.4208
3.69 0.57 0.017 83.4969
3.7 0.57 0.016 83.1394
3.71 0.56 0.015 82.5456
3.72 0.56 0.015 82.6074
3.73 0.57 0.014 82.4056
3.74 0.57 0.013 81.9601
3.75 0.57 0.012 81.4765
3.76 0.57 0.011 80.9487
3.77 0.56 0.01 80.1641
3.78 0.56 0.01 80.2232
3.79 0.54 0.01 79.8628
3.8 0.49 0.009 78.123
3.81 0.47 0.009 77.7124
3.82 0.45 0.008 76.5299
3.83 0.43 0.008 76.0858
3.84 0.41 0.008 75.6206
3.85 0.4 0.008 75.4067
3.86 0.39 0.008 75.1865
3.87 0.39 0.008 75.2406
3.88 0.38 0.008 75.0134
3.89 0.38 0.007 74.2378
3.9 0.38 0.007 74.2908
3.91 0.38 0.007 74.3437
3.92 0.38 0.007 74.3965
3.93 0.38 0.007 74.4492
3.94 0.39 0.007 74.781
3.95 0.39 0.007 74.8337
3.96 0.39 0.007 74.8864
3.97 0.4 0.007 75.2126
3.98 0.41 0.007 75.5333
3.99 0.41 0.007 75.586
4 0.42 0.007 75.9015
4.01 0.43 0.007 76.2121
4.02 0.44 0.007 76.5177
4.03 0.45 0.007 76.8188
4.04 0.46 0.007 77.1154
4.05 0.47 0.007 77.4078
4.06 0.47 0.008 78.3262
4.07 0.47 0.008 78.3798
4.08 0.49 0.009 79.6824
4.09 0.5 0.01 80.6731
4.1 0.52 0.01 81.1851
4.11 0.54 0.011 82.3331
4.12 0.59 0.011 83.4461
4.13 0.63 0.011 84.2948
4.14 0.670001 0.011 85.1026
4.15 0.700001 0.011 85.6985
4.16 0.720001 0.011 86.1045
4.17 0.740001 0.014 88.2557
4.18 0.75 0.015 88.9948
4.19 0.75 0.016 89.5334
4.2 0.790001 0.017 90.7221
4.21 0.860001 0.02 93.1498
4.22 0.960001 0.021 95.0847
4.23 1.09 0.021 96.9033
4.24 1.45 0.021 101.035
4.25 1.65 0.018 101.687
4.26 1.85 0.017 102.953
4.27 2.05 0.016 104.028
4.28 2.43 0.015 106.105
4.29 2.58 0.015 107.094
4.3 2.68 0.015 107.752
4.31 2.74 0.015 108.166
4.32 2.71 0.015 108.064
4.33 2.83 0.015 108.81
4.34 2.83 0.015 108.88
4.35 2.81 0.015 108.838
4.36 2.8 0.015 108.852
4.37 2.78 0.015 108.809
4.38 2.71 0.015 108.479
4.39 2.7 0.015 108.49
4.4 2.7 0.016 109.143
4.41 2.71 0.016 109.27
4.42 2.73 0.015 108.869
4.43 2.76 0.014 108.484
4.44 2.78 0.013 107.997
4.45 2.8 0.012 107.458
4.46 2.83 0.012 107.691
4.47 2.82 0.012 107.703
4.48 2.77 0.012 107.492
4.49 2.72 0.014 108.662
4.5 2.65 0.018 110.611
4.51 2.64 0.02 111.593
4.52 2.66 0.022 112.673
4.53 2.68 0.024 113.684
4.54 2.79 0.012 108.003
4.55 2.96 0.018 112.733
4.56 3.46 0.02 116.381
4.57 3.8 0.021 118.515
4.58 4.16 0.022 120.608
4.59 4.55 0.021 121.777
4.6 5.25 0.023 125.332
4.61 5.25 0.023 125.408
4.62 5.38 0.024 126.373
4.63 5.5 0.026 127.699
4.64 5.52 0.027 128.244
4.65 5.42 0.03 129.111
4.66 5.22 0.031 128.841
4.67 5.14 0.031 128.632
4.68 5.09 0.031 128.527
4.69 5.09 0.03 128.253
4.7 5.11 0.031 128.752
4.71 5.13 0.031 128.901
4.72 5.33 0.031 129.689
4.73 5.46 0.032 130.561
4.74 5.61 0.032 131.149
4.75 5.74 0.032 131.659
4.76 5.99 0.032 132.547
4.77 6.09 0.033 133.282
4.78 6.19 0.033 133.673
4.79 6.2 0.033 133.781
4.8 6.19 0.034 134.161
4.81 6.14 0.034 134.082
4.82 6.13 0.035 134.452
4.83 6.09 0.036 134.718
4.84 6.05 0.036 134.667
4.85 6.07 0.038 135.416
4.86 6.09 0.038 135.558
4.87 6.18 0.039 136.217
4.88 6.34 0.039 136.797
4.89 6.56 0.039 137.549
4.9 6.79 0.038 138.013
4.91 7 0.038 138.698
4.92 6.96 0.038 138.662
4.93 6.9 0.038 138.568
4.94 6.85 0.039 138.8
4.95 6.82 0.04 139.083
4.96 6.77 0.04 139.014
4.97 6.78 0.04 139.121
4.98 6.78 0.04 139.199
4.99 6.82 0.039 139.101
5 6.88 0.037 138.745
5.01 6.93 0.037 138.967
5.02 6.95 0.037 139.102
5.03 6.91 0.038 139.372
5.04 6.85 0.039 139.576
5.05 6.76 0.04 139.681
5.06 6.65 0.039 139.134
5.07 6.44 0.039 138.569
5.08 6.34 0.038 138.034
5.09 6.28 0.037 137.615
5.1 6.24 0.036 137.25
5.11 6.19 0.036 137.166
5.12 6.2 0.036 137.273
5.13 6.21 0.036 137.379
5.14 6.22 0.036 137.485
5.15 6.26 0.037 138.001
5.16 6.28 0.038 138.445
5.17 6.34 0.038 138.71
5.18 6.35 0.039 139.116
5.19 6.39 0.039 139.317
5.2 6.43 0.039 139.517
5.21 6.47 0.04 140.01
5.22 6.51 0.041 140.498
5.23 6.52 0.042 140.886
5.24 6.62 0.043 141.547
5.25 6.65 0.043 141.714
5.26 6.68 0.044 142.153
5.27 6.69 0.044 142.258
5.28 6.71 0.044 142.395
5.29 6.86 0.044 142.924
5.3 7.01 0.044 143.445
5.31 7.17 0.045 144.257
5.32 7.36 0.045 144.877
5.33 7.58 0.046 145.835
5.34 8.09 0.047 147.549
5.35 8.35 0.048 148.56
5.36 8.57 0.049 149.451
5.37 8.75 0.049 149.977
5.38 8.89 0.05 150.651
5.39 9.03 0.051 151.317
5.4 9.09 0.052 151.785
5.41 9.16 0.053 152.272
5.42 9.26 0.054 152.826
5.43 9.34 0.055 153.328
5.44 9.4 0.057 154.005
5.45 9.43 0.059 154.597
5.46 9.4 0.059 154.605
5.47 9.34 0.06 154.757
5.48 9.27 0.061 154.881
5.49 9.18 0.063 155.158
5.5 9.09 0.065 155.42
5.51 9 0.066 155.473
5.52 8.87 0.068 155.612
5.53 8.88 0.068 155.715
5.54 8.89 0.059 153.989
5.55 8.95 0.054 153.084
5.56 9.08 0.053 153.24
5.57 9.31 0.053 153.87
5.58 9.39 0.053 154.137
5.59 9.54 0.053 154.566
5.6 9.66 0.053 154.921
5.61 9.75 0.052 154.959
5.62 9.85 0.052 155.264
5.63 9.94 0.051 155.293
5.64 10.3 0.051 156.168
5.65 10.69 0.05 156.825
5.66 11.3 0.05 158.161
5.67 11.43 0.049 158.233
5.68 11.53 0.05 158.776
5.69 11.68 0.051 159.412
5.7 11.85 0.053 160.334
5.71 12.03 0.054 161.011
5.72 12.44 0.056 162.359
5.73 12.62 0.057 163.015
5.74 12.78 0.058 163.626
5.75 12.92 0.058 163.963
5.76 13.07 0.058 164.315
5.77 13.23 0.06 165.147
5.78 13.48 0.061 165.901
5.79 13.58 0.064 166.822
5.8 13.67 0.064 167.061
5.81 13.73 0.064 167.247
5.82 13.74 0.064 167.344
5.83 13.71 0.064 167.371
5.84 13.65 0.065 167.562
5.85 13.56 0.065 167.482
5.86 13.32 0.066 167.343
5.87 13.17 0.066 167.15
5.88 13.03 0.066 166.972
5.89 12.95 0.066 166.903
5.9 12.94 0.065 166.751
5.91 13.05 0.065 167.033
5.92 13.15 0.064 167.079
5.93 13.26 0.064 167.358
5.94 13.34 0.064 167.582
5.95 13.42 0.064 167.805
5.96 13.47 0.064 167.973
5.97 13.57 0.065 168.448
5.98 13.68 0.066 168.936
5.99 14 0.067 169.791
6 14.16 0.068 170.358
6.01 14.29 0.068 170.661
6.02 14.41 0.067 170.735
6.03 14.51 0.067 170.984
6.04 14.59 0.068 171.41
6.05 14.72 0.068 171.708
6.06 14.76 0.069 172.062
6.07 14.79 0.07 172.398
6.08 14.8 0.07 172.494
6.09 14.75 0.071 172.692
6.1 14.69 0.071 172.669
6.11 14.57 0.072 172.745
6.12 14.46 0.072 172.635
6.13 14.13 0.072 172.14
6.14 13.97 0.072 171.936
6.15 13.81 0.072 171.729
6.16 13.6 0.072 171.428
6.17 13.39 0.072 171.121
6.18 13.11 0.071 170.48
6.19 12.82 0.07 169.807
6.2 12.09 0.069 168.254
6.21 11.66 0.067 167.044
6.22 11.2 0.066 165.945
6.23 10.77 0.065 164.877
6.24 10.37 0.064 163.842
6.25 10.1 0.062 162.863
6.26 9.68 0.06 161.501
6.27 9.58 0.055 160.167
6.28 9.57 0.052 159.468
6.29 9.59 0.05 159.067
6.3 9.61 0.048 158.645
6.31 9.66 0.047 158.556
6.32 9.78 0.047 158.908
6.33 9.82 0.047 159.071
6.34 9.83 0.046 158.88
6.35 9.81 0.046 158.903
6.36 9.75 0.046 158.832
6.37 9.65 0.045 158.375
6.38 9.55 0.045 158.207
6.39 9.43 0.045 157.988
6.4 9.22 0.045 157.545
6.41 9.17 0.044 157.196
6.42 9.17 0.044 157.264
6.43 9.2 0.043 157.105
6.44 9.23 0.042 156.939
6.45 9.33 0.038 155.947
6.46 9.39 0.036 155.457
6.47 9.47 0.036 155.714
6.48 9.52 0.036 155.899
6.49 9.59 0.036 156.131
6.5 9.68 0.037 156.765
6.51 9.77 0.04 158.063
6.52 9.27 0.041 157.261
6.53 9.32 0.042 157.766
6.54 9.2 0.043 157.848
6.55 9.11 0.044 157.993
6.56 8.91 0.044 157.556
6.57 8.51 0.044 156.584
6.58 8.27 0.044 156.006
6.59 8.04 0.044 155.439
6.6 7.8 0.044 154.827
6.61 7.37 0.043 153.339
6.62 7.2 0.043 152.889
6.63 7.03 0.042 152.13
6.64 6.91 0.041 151.513
6.65 6.85 0.04 151.075
6.66 6.84 0.038 150.463
6.67 6.85 0.036 149.882
6.68 6.87 0.034 149.295
6.69 6.92 0.031 148.369
6.7 6.99 0.03 148.241
6.71 7.23 0.029 148.605
6.72 7.47 0.028 148.932
6.73 7.8 0.028 149.924
6.74 8.16 0.028 150.964
6.75 8.51 0.028 151.942
6.76 9.15 0.029 154.049
6.77 9.39 0.029 154.688
6.78 9.61 0.031 156.132
6.79 9.79 0.033 157.431
6.8 10.19 0.035 159.184
6.81 10.37 0.037 160.391
6.82 10.52 0.038 161.146
6.83 10.66 0.041 162.543
6.84 10.86 0.043 163.692
6.85 10.94 0.044 164.246
6.86 11.01 0.046 165.073
6.87 11.02 0.051 166.585
6.88 10.99 0.053 167.121
6.89 10.92 0.056 167.802
6.9 10.86 0.058 168.227
6.91 10.74 0.062 168.96
6.92 10.45 0.071 170.273
6.93 10.05 0.077 170.533
6.94 9.37 0.082 169.776
6.95 8.99 0.0800001 168.488
6.96 8.7 0.078 167.408
6.97 8.36 0.07 165.024
6.98 8.05 0.063 162.761
6.99 7.54 0.061 160.866
7 7.46 0.059 160.238
7.01 7.52 0.058 160.258
7.02 7.58 0.057 160.273
7.03 8.58 0.057 163.223
7.04 9.22 0.057 164.988
7.05 9.78 0.057 166.461
7.06 10.21 0.055 167.064
7.07 10.94 0.055 168.8
7.08 11.19 0.054 169.159
7.09 11.39 0.053 169.394
7.1 11.55 0.052 169.532
7.11 11.65 0.052 169.809
7.12 11.78 0.051 169.872
7.13 11.89 0.05 169.886
7.14 12.04 0.05 170.259
7.15 12.14 0.05 170.528
7.16 12.2 0.051 170.997
7.17 12.19 0.051 171.044
7.18 12.19 0.05 170.828
7.19 12.18 0.051 171.156
7.2 12.17 0.051 171.202
7.21 12.17 0.052 171.545
7.22 12.06 0.052 171.387
7.23 11.92 0.052 171.164
7.24 11.77 0.051 170.642
7.25 11.54 0.051 170.223
7.26 10.98 0.051 169.073
7.27 10.64 0.051 168.374
7.28 10.26 0.053 168.095
7.29 9.86 0.055 167.715
7.3 9.41 0.057 167.15
7.31 8.34 0.057 164.333
7.32 7.75 0.059 163.135
7.33 7.17 0.06 161.605
7.34 6.51 0.065 160.499
7.35 5.27 0.067 156.141
7.36 4.71 0.069 154.07
7.37 4.18 0.07 151.682
7.38 3.68 0.074 149.672
7.39 3.24 0.079 147.809
7.4 2.47 0.079 142.199
7.41 2.18 0.0800001 139.863
7.42 1.96 0.081 137.931
7.43 1.82 0.079 136.234
7.44 1.68 0.077 134.436
7.45 1.62 0.055 130.091
7.46 1.51 0.052 128.228
7.47 1.44 0.05 126.987
7.48 1.48 0.046 126.655
7.49 1.53 0.042 126.35
7.5 1.74 0.042 128.759
7.51 2.21 0.041 133.052
7.52 3.51 0.04 141.978
7.53 4.32 0.039 146.034
7.54 6.3 0.039 154.244
7.55 7.29 0.039 157.578
7.56 8.12 0.039 160.103
7.57 8.76 0.039 161.921
7.58 9.26 0.041 163.961
7.59 9.71 0.043 165.802
7.6 10.69 0.044 168.497
7.61 11.26 0.046 170.453
7.62 11.86 0.046 171.795
7.63 12.39 0.05 174.147
7.64 13.15 0.053 176.564
7.65 13.41 0.056 177.941
7.66 13.58 0.058 178.85
7.67 13.74 0.06 179.723
7.68 13.9 0.062 180.58
7.69 13.93 0.064 181.179
7.7 13.96 0.065 181.535
7.71 14.15 0.067 182.414
7.72 14.27 0.068 182.927
7.73 14.29 0.069 183.252
7.74 14.33 0.07 183.611
7.75 14.37 0.073 184.394
7.76 14.42 0.075 184.968
7.77 14.36 0.076 185.127
7.78 14.31 0.078 185.5
7.79 14.19 0.078 185.342
7.8 14.19 0.079 185.604
7.81 14.2 0.079 185.689
7.82 14.56 0.078 186.229
7.83 14.76 0.078 186.661
7.84 14.82 0.078 186.837
7.85 14.95 0.078 187.138
7.86 15.04 0.079 187.565
7.87 15.19 0.0800001 188.096
7.88 15.33 0.0800001 188.412
7.89 15.45 0.0800001 188.69
7.9 15.5 0.081 189.039
7.91 15.59 0.081 189.263
7.92 15.71 0.081 189.539
7.93 15.84 0.081 189.831
7.94 15.89 0.082 190.178
7.95 15.98 0.083 190.591
7.96 16.09 0.088 191.777
7.97 16.29 0.088 192.186
7.98 16.3 0.089 192.45
7.99 16.31 0.089 192.534
8 16.19 0.089 192.397
8.01 16.04 0.0900001 192.385
8.02 15.79 0.091 192.193
8.03 15.17 0.093 191.5
8.04 14.91 0.099 192.086
8.05 14.71 0.1 191.94
8.06 14.5 0.1 191.609
8.07 14.23 0.1 191.157
8.08 14.19 0.098 190.824
8.09 14.24 0.097 190.824
8.1 14.29 0.096 190.821
8.11 14.84 0.096 191.927
8.12 15.25 0.096 192.748
8.13 15.67 0.099 194.066
8.14 16.09 0.102 195.358
8.15 16.87 0.102 196.761
8.16 17.22 0.102 197.411
8.17 17.43 0.101 197.661
8.18 17.57 0.099 197.627
8.19 17.62 0.096 197.27
8.2 17.68 0.093 196.913
8.21 17.68 0.089 196.26
8.22 17.64 0.087 195.892
8.23 17.51 0.088 195.936
8.24 17.42 0.087 195.67
8.25 17.31 0.086 195.37
8.26 17.16 0.0850001 195.001
8.27 17.03 0.0850001 194.853
8.28 16.92 0.0850001 194.737
8.29 16.67 0.0850001 194.385
8.3 16.6 0.084 194.141
8.31 16.53 0.083 193.895
8.32 16.49 0.084 194.085
8.33 16.19 0.084 193.637
8.34 16.06 0.0850001 193.668
8.35 15.92 0.086 193.676
8.36 15.81 0.076 191.567
8.37 15.69 0.067 189.424
8.38 15.64 0.064 188.679
8.39 15.55 0.063 188.338
8.4 15.53 0.063 188.366
8.41 15.65 0.063 188.637
8.42 15.76 0.063 188.89
8.43 15.93 0.063 189.244
8.44 15.68 0.063 188.876
8.45 15.77 0.064 189.342
8.46 15.86 0.064 189.559
8.47 15.9 0.064 189.69
8.48 15.79 0.064 189.563
8.49 15.75 0.065 189.8
8.5 15.71 0.065 189.793
8.51 15.7 0.066 190.079
8.52 15.68 0.068 190.579
8.53 15.68 0.072 191.55
8.54 15.69 0.074 192.067
8.55 15.75 0.076 192.662
8.56 15.94 0.077 193.268
8.57 16.03 0.078 193.695
8.58 16.08 0.078 193.845
8.59 16.12 0.078 193.977
8.6 16.04 0.078 193.901
8.61 15.92 0.077 193.546
8.62 15.79 0.077 193.38
8.63 15.51 0.077 192.945
8.64 15.36 0.077 192.737
8.65 15.26 0.077 192.618
8.66 15.26 0.077 192.68
8.67 15.27 0.069 191.008
8.68 15.36 0.062 189.537
8.69 15.47 0.062 189.792
8.7 15.5 0.062 189.906
8.71 15.46 0.062 189.896
8.72 15.43 0.064 190.406
8.73 15.42 0.066 190.937
8.74 15.16 0.067 190.769
8.75 15.12 0.069 191.225
8.76 15.08 0.069 191.212
8.77 15.06 0.069 191.237
8.78 15.03 0.069 191.242
8.79 14.94 0.069 191.137
8.8 14.92 0.07 191.39
8.81 14.93 0.073 192.138
8.82 14.94 0.075 192.65
8.83 14.91 0.077 193.078
8.84 14.78 0.078 193.102
8.85 14.48 0.078 192.593
8.86 13.77 0.0800001 191.667
8.87 13.37 0.081 191.113
8.88 13.01 0.081 190.423
8.89 12.67 0.082 189.951
8.9 12.32 0.082 189.246
8.91 12.1 0.082 188.814
8.92 11.92 0.0800001 188.079
8.93 11.82 0.077 187.313
8.94 11.79 0.075 186.893
8.95 11.85 0.073 186.667
8.96 11.9 0.073 186.839
8.97 12.3 0.073 187.788
8.98 12.5 0.073 188.283
8.99 12.72 0.074 189.029
9 12.85 0.075 189.576
9.01 12.97 0.075 189.889
9.02 13 0.075 190.011
9.03 13.01 0.077 190.507
9.04 13.01 0.077 190.566
9.05 13.02 0.077 190.645
9.06 13.04 0.077 190.746
9.07 13.06 0.077 190.847
9.08 13.09 0.078 191.173
9.09 13.14 0.078 191.337
9.1 13.16 0.078 191.437
9.11 13.16 0.077 191.29
9.12 13.13 0.075 190.867
9.13 13.09 0.075 190.842
9.14 13.07 0.075 190.858
9.15 13 0.076 190.979
9.16 12.91 0.076 190.846
9.17 12.52 0.078 190.473
9.18 12.24 0.078 189.911
9.19 11.87 0.0800001 189.53
9.2 11.3 0.082 188.636
9.21 9.92 0.093 187.136
9.22 9.31 0.096 185.98
9.23 8.68 0.1 184.795
9.24 7.49 0.107 181.989
9.25 6.97 0.107 180.167
9.26 6.39 0.107 177.981
9.27 5.01 0.106 171.77
9.28 4.43 0.101 168.127
9.29 4.05 0.092 164.735
9.3 4.04 0.092 164.726
9.31 4.2 0.092 165.699
9.32 4.37 0.086 165.766
9.33 5.92 0.0850001 173.056
9.34 7.27 0.084 178.129
9.35 8.69 0.079 181.888
9.36 9.97 0.077 185.183
9.37 10.11 0.071 184.362
9.38 10.21 0.065 183.326
9.39 10.46 0.065 184.02
9.4 10.49 0.066 184.385
9.41 10.63 0.071 185.918
9.42 11.09 0.079 188.78
9.43 11.45 0.081 190.102
9.44 12.6 0.082 192.994
9.45 13.38 0.084 195.118
9.46 14.08 0.086 196.999
9.47 14.58 0.0850001 197.857
9.48 15.49 0.084 199.452
9.49 15.89 0.0850001 200.441
9.5 16.32 0.0850001 201.272
9.51 16.79 0.088 202.74
9.52 17.45 0.093 204.869
9.53 17.71 0.0950001 205.729
9.54 17.9 0.084 204.006
9.55 18.07 0.073 201.971
9.56 18.03 0.074 202.194
9.57 18.12 0.076 202.848
9.58 18.2 0.0800001 203.904
9.59 18.23 0.088 205.635
9.6 18.28 0.091 206.351
9.61 18.3 0.0950001 207.183
9.62 18.19 0.098 207.6
9.63 18.23 0.101 208.247
9.64 18.26 0.103 208.697
9.65 18.51 0.105 209.501
9.66 18.61 0.11 210.537
9.67 18.65 0.11 210.663
9.68 18.72 0.111 210.996
9.69 18.75 0.113 211.419
9.7 18.78 0.115 211.837
9.71 18.82 0.116 212.116
9.72 18.87 0.118 212.56
9.73 19.04 0.12 213.193
9.74 19.18 0.12 213.479
9.75 19.25 0.122 213.946
9.76 19.33 0.124 214.425
9.77 19.35 0.126 214.804
9.78 19.33 0.127 214.974
9.79 19.33 0.129 215.315
9.8 19.18 0.129 215.134
9.81 19.03 0.129 214.952
9.82 18.9 0.128 214.662
9.83 18.7 0.128 214.394
9.84 18.49 0.128 214.106
9.85 18.19 0.128 213.663
9.86 17.97 0.128 213.349
9.87 17.81 0.127 212.995
9.88 17.75 0.126 212.812
9.89 17.76 0.125 212.748
9.9 17.76 0.124 212.665
9.91 17.75 0.123 212.565
9.92 17.75 0.122 212.48
9.93 17.69 0.12 212.144
9.94 17.6 0 0
9.95 17.47 0 0
9.96 17.4 0 0
9.97 17.3 0 0
9.98 17.2 0 0
9.99 17.08 0 0
10 16.83 0 0
