0.02 8.144 0.059 31.842
0.04 10.155 0.059 39.8554
0.06 10.394 0.063 45.0055
0.0800001 10.517 0.065 48.9625
0.1 10.426 0.066 52.097
0.12 10.267 0.068 54.8205
0.14 10.009 0.071 57.2166
0.16 9.687 0.076 59.4372
0.18 9.437 0.073 60.9801
0.2 9.361 0.069 62.4262
0.22 9.448 0.066 63.9509
0.24 9.778 0.062 65.4997
0.26 10.108 0.06 67.1111
0.28 10.31 0.055 68.208
0.3 10.413 0.052 69.3043
0.32 10.468 0.05 70.3824
0.34 10.233 0.05 71.345
0.36 10.03 0.049 72.1575
0.38 9.835 0.049 73.0435
0.4 9.568 0.048 73.673
0.42 9.365 0.048 74.4488
0.44 9.198 0.048 75.2227
0.46 9.041 0.048 75.9695
0.48 8.81 0.048 76.5877
0.5 8.626 0.048 77.2267
0.52 8.453 0.048 77.8459
0.54 8.229 0.048 78.3633
0.56 8.064 0.048 78.929
0.58 7.953 0.048 79.5438
0.6 7.871 0.049 80.315
0.62 7.779 0.049 80.9133
0.640001 7.715 0.049 81.5336
0.660001 7.664 0.049 82.1556
0.680001 7.629 0.049 82.7856
0.700001 7.587 0.05 83.5294
0.720001 7.567 0.05 84.1542
0.740001 7.559 0.051 84.9245
0.760001 7.568 0.051 85.5711
0.780001 7.597 0.051 86.2388
0.800001 7.498 0.045 85.786
0.820001 7.536 0.044 86.2783
0.840001 7.589 0.045 87.1087
0.860001 7.661 0.046 87.9604
0.880001 7.72 0.047 88.7809
0.900001 7.772 0.047 89.4237
0.920001 7.837 0.047 90.0797
0.940001 7.889 0.047 90.7062
0.960001 7.939 0.047 91.3217
0.980001 7.99 0.048 92.0926
1 8.079 0.048 92.7591
1.02 8.156 0.048 93.3987
1.04 8.234 0.048 94.033
1.06 8.365 0.048 94.7474
1.08 8.477 0.048 95.4236
1.1 8.585 0.048 96.0866
1.12 8.682 0.048 96.7255
1.14 8.801 0.048 97.3933
1.16 8.882 0.048 97.9946
1.18 8.947 0.048 98.5648
1.2 8.998 0.048 99.1075
1.22 9.071 0.048 99.6799
1.24 9.124 0.048 100.216
1.26 9.161 0.049 100.894
1.28 9.157 0.049 101.33
1.3 9.102 0.049 101.68
1.32 9.007 0.053 102.626
1.34 8.633 0.045 101.043
1.36 8.44 0.043 100.749
1.38 8.264 0.043 100.852
1.4 8.099 0.043 100.963
1.42 7.843 0.042 100.696
1.44 7.632 0.042 100.692
1.46 7.457 0.04 100.334
1.48 7.301 0.038 99.9806
1.5 7.102 0.037 99.7343
1.52 6.938 0.037 99.766
1.54 6.787 0.036 99.5852
1.56 6.52 0.036 99.3671
1.58 6.249 0.036 99.1119
1.6 5.928 0.037 98.9319
1.62 5.543 0.038 98.5372
1.64 4.879 0.038 97.0738
1.66 4.336 0.038 95.7606
1.68 3.873 0.037 94.3207
1.7 3.306 0.036 92.2883
1.72 2.888 0.035 90.5915
1.74 2.575 0.033 88.9576
1.76 2.347 0.032 87.832
1.78 2.3 0.031 87.6203
1.8 2.439 0.033 89.101
1.82 2.832 0.033 91.3187
1.84 3.172 0.033 93.1043
1.86 3.487 0.032 94.4244
1.88 3.908 0.031 96.0189
1.9 4.276 0.03 97.292
1.92 4.632 0.027 97.8444
1.94 4.996 0.026 98.8904
1.96 5.553 0.025 100.366
1.98 6.011 0.025 101.805
2 6.413 0.025 103.046
2.02 6.948 0.027 105.202
2.04 7.367 0.028 106.706
2.06 7.709 0.031 108.613
2.08 8.003 0.033 110.065
2.1 8.368 0.035 111.614
2.12 8.643 0.037 112.952
2.14 8.73 0.033 112.336
2.16 8.865 0.035 113.43
2.18 8.973 0.038 114.702
2.2 9.071 0.041 115.904
2.22 9.137 0.044 117.002
2.24 9.182 0.048 118.23
2.26 9.203 0.052 119.354
2.28 9.186 0.055 120.174
2.3 9.14 0.058 120.913
2.32 9.053 0.061 121.546
2.34 8.899 0.064 122.022
2.36 8.776 0.066 122.379
2.38 8.694 0.068 122.806
2.4 8.718 0.068 123.141
2.42 8.837 0.068 123.666
2.44 9.047 0.066 124.061
2.46 9.538 0.065 125.134
2.48 10.029 0.063 125.997
2.5 10.471 0.06 126.551
2.52 10.915 0.059 127.414
2.54 11.39 0.058 128.298
2.56 12.343 0.059 130.259
2.58 12.808 0.061 131.603
2.6 13.234 0.063 132.865
2.62 14.031 0.065 134.623
2.64 14.29 0.07 136.101
2.66 14.595 0.074 137.436
2.68 14.803 0.077 138.46
2.7 14.52 0.081 138.946
2.72 14.199 0.084 139.204
2.74 13.891 0.087 139.455
2.76 13.661 0.0900001 139.795
2.78 13.745 0.0900001 140.2
2.8 13.865 0.088 140.393
2.82 13.818 0.083 139.92
2.84 13.398 0.0850001 139.85
2.86 12.68 0.066 136.12
2.88 11.138 0.054 131.645
2.9 10.3 0.045 128.458
2.92 8.766 0.042 125.029
2.94 7.537 0.043 122.812
2.96 6.353 0.047 120.944
2.98 5.792 0.051 120.384
3 5.943 0.059 122.532
3.02 7.284 0.065 127.431
3.04 8.273 0.066 130.193
3.06 8.965 0.058 130.537
3.08 9.419 0.051 130.305
3.1 9.853 0.045 130.028
3.12 10.287 0.04 129.794
3.14 10.394 0.04 130.218
3.16 10.388 0.041 130.706
3.18 10.164 0.043 131.043
3.2 9.948 0.049 132.296
3.22 9.619 0.054 132.956
3.24 9.369 0.059 133.662
3.26 9.192 0.063 134.254
3.28 9.052 0.065 134.535
3.3 8.959 0.065 134.563
3.32 8.834 0.062 133.989
3.34 8.669 0.06 133.484
3.36 8.401 0.058 132.728
3.38 8.194 0.056 132.084
3.4 8.001 0.054 131.449
3.42 7.721 0.053 130.786
3.44 7.401 0.053 130.202
3.46 7.003 0.053 129.378
3.48 6.218 0.053 127.386
3.5 5.476 0.054 125.471
3.52 4.745 0.057 123.658
3.54 4.239 0.06 122.38
3.56 4.346 0.067 124.147
3.58 4.771 0.0950001 129.737
3.6 3.575 0.093 124.428
3.62 2.38 0.084 116.538
3.64 1.497 0.077 108.391
3.66 0.928 0.071 100.651
3.68 0.648 0.059 94.2595
3.7 0.466 0.049 88.6441
3.72 0.322 0.038 82.4134
3.74 0.722 0.025 89.5394
3.76 2.325 0.018 103.258
3.78 3.986 0.025 114.854
3.8 4.961 0.047 125.106
3.82 6.121 0.054 130.638
3.84 7.593 0.056 135.36
3.86 8.713 0.065 139.993
3.88 9.584 0.072 143.346
3.9 10.456 0.075 145.857
3.92 11.593 0.075 148.252
3.94 11.949 0.07 148.257
3.96 12.174 0.065 147.95
3.98 12.576 0.064 148.66
4 12.586 0.069 149.819
4.02 12.679 0.074 151.063
4.04 13.219 0.078 152.85
4.06 13.404 0.083 154.162
4.08 13.619 0.086 155.185
4.1 13.966 0.043 147.22
4.12 13.542 0.064 151.704
4.14 13.119 0.076 153.393
4.16 12.944 0.0850001 154.736
4.18 12.762 0.092 155.648
4.2 12.888 0.097 156.764
4.22 13.063 0.099 157.544
4.24 13.336 0.099 158.222
4.26 13.799 0.098 159.075
4.28 14.193 0.096 159.655
4.3 14.764 0.094 160.491
4.32 15.889 0.092 162.117
4.34 16.37 0.093 163.17
4.36 17.014 0.096 164.724
4.38 18.114 0.089 165.383
4.4 17.677 0.0850001 164.381
4.42 18.548 0.086 165.894
4.44 19.053 0.088 167.065
4.46 19.673 0.0900001 168.362
4.48 19.91 0.096 169.771
4.5 20.059 0.1 170.743
4.52 20.355 0.105 172.012
4.54 20.496 0.112 173.322
4.56 20.69 0.117 174.402
4.58 20.767 0.121 175.198
4.6 20.8 0.127 176.158
4.62 20.852 0.133 177.113
4.64 20.96 0.137 177.896
4.66 21.076 0.142 178.783
4.68 21.149 0.145 179.396
4.7 21.257 0.147 179.946
4.72 21.361 0.15 180.588
4.74 21.384 0.151 180.929
4.76 21.443 0.153 181.411
4.78 21.467 0.155 181.848
4.8 21.476 0.156 182.168
4.82 21.481 0.158 182.578
4.84 21.488 0.16 182.989
4.86 21.558 0.161 183.379
4.88 21.799 0.161 183.883
4.9 21.701 0.161 183.973
4.92 21.563 0.161 184.012
4.94 21.546 0.16 184.103
4.96 21.6 0.16 184.377
4.98 21.687 0.159 184.594
5 21.638 0.159 184.739
5.02 21.456 0.158 184.623
5.04 21.185 0.158 184.489
5.06 20.587 0.158 183.932
5.08 20.332 0.159 183.9
5.1 20.102 0.16 183.896
5.12 19.578 0.161 183.492
5.14 19.285 0.161 183.293
5.16 19.072 0.162 183.292
5.18 18.678 0.163 183.032
5.2 18.396 0.163 182.827
5.22 17.973 0.164 182.503
5.24 17.07 0.165 181.438
5.26 16.733 0.164 181.018
5.28 16.669 0.162 180.924
5.3 16.731 0.159 180.93
5.32 16.721 0.153 180.525
5.34 16.652 0.147 180.006
5.36 16.795 0.146 180.312
5.38 16.853 0.132 179.081
5.4 15.807 0.125 176.816
5.42 16.274 0.122 177.382
5.44 16.103 0.121 177.173
5.46 15.951 0.12 176.989
5.48 15.608 0.12 176.616
5.5 15.465 0.12 176.56
5.52 15.3 0.121 176.588
5.54 14.907 0.12 175.983
5.56 14.783 0.119 175.825
5.58 14.73 0.117 175.661
5.6 14.64 0.114 175.302
5.62 14.621 0.112 175.185
5.64 14.571 0.109 174.876
5.66 14.391 0.105 174.192
5.68 14.318 0.103 173.957
5.7 14.265 0.102 173.893
5.72 14.342 0.1 173.911
5.74 14.438 0.097 173.806
5.76 14.599 0.094 173.797
5.78 15.146 0.092 174.576
5.8 15.282 0.091 174.81
5.82 15.287 0.0900001 174.824
5.84 15.285 0.089 174.825
5.86 15.272 0.0900001 175.133
5.88 15.246 0.091 175.417
5.9 15.228 0.092 175.712
5.92 15.289 0.098 176.907
5.94 15.48 0.0900001 176.137
5.96 14.901 0.0850001 174.505
5.98 15.554 0.0850001 175.749
6 15.574 0.0850001 175.945
6.02 15.627 0.0850001 176.194
6.04 15.889 0.088 177.29
6.06 15.893 0.0900001 177.792
6.08 15.851 0.094 178.532
6.1 16.021 0.097 179.438
6.12 16.367 0.099 180.461
6.14 16.848 0.101 181.682
6.16 16.774 0.103 182.028
6.18 16.672 0.104 182.178
6.2 16.626 0.106 182.558
6.22 16.577 0.107 182.787
6.24 16.481 0.108 182.939
6.26 16.239 0.111 183.129
6.28 16.087 0.111 183.043
6.3 15.889 0.111 182.879
6.32 15.638 0.111 182.621
6.34 15.497 0.11 182.406
6.36 15.333 0.111 182.423
6.38 14.985 0.111 181.98
6.4 14.791 0.111 181.797
6.42 14.618 0.111 181.647
6.44 14.212 0.112 181.203
6.46 13.986 0.114 181.208
6.48 13.549 0.114 180.536
6.5 13.438 0.115 180.608
6.52 13.34 0.115 180.572
6.54 13.006 0.114 179.937
6.56 12.933 0.112 179.679
6.58 12.912 0.108 179.246
6.6 12.782 0.106 178.857
6.62 12.685 0.103 178.385
6.64 12.621 0.1 177.966
6.66 12.542 0.0900001 176.401
6.68 12.03 0.084 174.487
6.7 12.236 0.081 174.531
6.72 12.281 0.078 174.22
6.74 12.349 0.076 174.126
6.76 12.482 0.074 174.152
6.78 12.555 0.071 173.842
6.8 12.602 0.07 173.872
6.82 12.69 0.069 173.981
6.84 12.731 0.068 173.992
6.86 12.747 0.069 174.376
6.88 12.74 0.071 174.919
6.9 12.718 0.073 175.421
6.92 12.698 0.075 175.918
6.94 12.738 0.077 176.525
6.96 12.765 0.078 176.91
6.98 12.743 0.079 177.195
7 12.702 0.0800001 177.439
7.02 12.628 0.081 177.614
7.04 12.619 0.081 177.737
7.06 12.64 0.081 177.919
7.08 12.643 0.081 178.065
7.1 12.743 0.081 178.407
7.12 12.768 0.0800001 178.413
7.14 12.793 0.0800001 178.602
7.16 12.79 0.0800001 178.735
7.18 12.729 0.081 178.936
7.2 12.588 0.082 178.97
7.22 12.573 0.082 179.077
7.24 12.574 0.082 179.217
7.26 12.632 0.082 179.473
7.28 12.663 0.082 179.674
7.3 12.706 0.081 179.715
7.32 12.834 0.0800001 179.926
7.34 12.947 0.079 180.101
7.36 13.131 0.079 180.604
7.38 13.223 0.079 180.922
7.4 13.279 0.078 180.977
7.42 13.31 0.078 181.173
7.44 13.426 0.078 181.536
7.46 13.471 0.078 181.759
7.48 13.678 0.072 181.084
7.5 13.508 0.068 180.034
7.52 13.936 0.066 180.53
7.54 14.155 0.067 181.296
7.56 14.091 0.069 181.755
7.58 13.992 0.071 182.137
7.6 13.816 0.075 182.77
7.62 13.706 0.078 183.29
7.64 13.456 0.083 183.886
7.66 13.412 0.086 184.477
7.68 13.388 0.088 184.917
7.7 13.397 0.0900001 185.415
7.72 13.446 0.091 185.817
7.74 13.491 0.092 186.209
7.76 13.362 0.0950001 186.583
7.78 13.149 0.097 186.608
7.8 12.8 0.099 186.335
7.82 12.742 0.101 186.657
7.84 12.562 0.102 186.56
7.86 12.549 0.103 186.816
7.88 12.68 0.103 187.227
7.9 13.165 0.102 188.222
7.92 13.092 0.101 188.049
7.94 12.8 0.1 187.416
7.96 12.855 0.099 187.506
7.98 12.901 0.098 187.575
8 12.906 0.098 187.716
8.02 12.966 0.097 187.811
8.04 13.358 0.096 188.587
8.06 13.576 0.094 188.826
8.08 13.73 0.093 189.095
8.1 14.012 0.092 189.609
8.12 14.217 0.091 189.964
8.14 14.423 0.0900001 190.313
8.16 15.031 0.0900001 191.579
8.18 15.369 0.0900001 192.324
8.2 15.539 0.092 193.112
8.22 15.454 0.0950001 193.607
8.24 15.338 0.089 192.48
8.26 14.896 0.091 192.155
8.28 14.455 0.093 191.801
8.3 14.509 0.098 192.871
8.32 14.464 0.102 193.557
8.34 14.445 0.104 193.963
8.36 14.408 0.105 194.175
8.38 14.427 0.105 194.341
8.4 14.778 0.105 195.144
8.42 15.087 0.104 195.7
8.44 15.447 0.104 196.495
8.46 15.413 0.104 196.562
8.48 15.38 0.105 196.787
8.5 15.236 0.106 196.805
8.52 15.149 0.108 197.077
8.54 14.991 0.109 197.059
8.56 14.936 0.11 197.233
8.58 14.901 0.111 197.443
8.6 14.854 0.112 197.628
8.62 14.786 0.111 197.478
8.64 14.644 0.111 197.331
8.66 14.678 0.109 197.225
8.68 14.767 0.107 197.219
8.7 14.903 0.105 197.296
8.72 14.941 0.103 197.179
8.74 14.924 0.101 196.95
8.76 14.894 0.101 197.019
8.78 14.876 0.1 196.946
8.8 14.798 0.101 197.085
8.82 14.747 0.102 197.273
8.84 14.658 0.102 197.225
8.86 14.694 0.103 197.579
8.88 14.816 0.104 198.098
8.9 15.036 0.105 198.801
8.92 15.107 0.105 199.06
8.94 15.321 0.106 199.745
8.96 15.586 0.107 200.52
8.98 16.039 0.107 201.474
9 15.436 0.099 199.197
9.02 15.934 0.0950001 199.548
9.04 17.031 0.0950001 201.594
9.06 17.311 0.0950001 202.192
9.08 17.633 0.098 203.379
9.1 17.62 0.101 203.993
9.12 17.489 0.105 204.558
9.14 17.264 0.111 205.249
9.16 16.952 0.116 205.587
9.18 16.413 0.121 205.477
9.2 16.197 0.124 205.628
9.22 15.846 0.126 205.377
9.24 15.675 0.127 205.315
9.26 15.36 0.127 204.839
9.28 15.197 0.126 204.513
9.3 15.068 0.124 204.112
9.32 14.848 0.122 203.526
9.34 14.811 0.12 203.295
9.36 14.824 0.117 203.013
9.38 14.873 0.115 202.939
9.4 14.942 0.114 203.047
9.42 14.907 0.112 202.8
9.44 14.869 0.11 202.541
9.46 14.733 0.108 202.083
9.48 14.656 0.106 201.735
9.5 14.345 0.106 201.231
9.52 14.184 0.104 200.704
9.54 14.126 0.102 200.378
9.56 14.165 0.099 200.077
9.58 14.25 0.097 200.026
9.6 14.495 0.093 199.932
9.62 14.597 0.091 199.888
9.64 14.835 0.045 189.062
9.66 14.651 0.058 192.861
9.68 14.467 0.066 194.703
9.7 14.666 0.071 196.388
9.72 14.811 0.076 197.896
9.74 14.918 0.0800001 199.062
9.76 15.236 0.086 200.987
9.78 15.341 0.0900001 202.064
9.8 15.208 0.097 203.187
9.82 14.99 0.103 203.896
9.84 14.653 0.106 203.831
9.86 14.543 0.108 204.042
9.88 14.483 0.109 204.192
9.9 14.307 0.108 203.791
9.92 14.154 0.107 203.432
9.94 13.819 0.104 202.366
9.96 13.742 0.101 201.824
9.98 13.778 0.106 202.826
10 13.788 0.112 203.892
