0.01 0 0 0
0.02 0.03 0 0
0.03 0.2 0 0
0.04 0.26 0 0
0.05 0.28 0 0
0.06 0.44 0.002 21.4213
0.07 0.67 0.004 25.1652
0.08 0.87 0.005 27.6262
0.09 0.98 0.005 29.0394
0.1 1.1 0.005 30.4041
0.11 1.2 0.005 31.6141
0.12 1.23 0.005 32.5036
0.13 1.2 0.005 33.117
0.14 1.12 0.007 34.4224
0.15 1.13 0.008 35.5264
0.16 1.15 0.009 36.6182
0.17 1.12 0.009 37.0991
0.18 1.13 0.008 37.3735
0.19 1.09 0.008 37.7431
0.2 1.06 0.008 38.1316
0.21 1.03 0.006 37.5825
0.22 1.05 0.006 38.1773
0.23 0.94 0.005 37.4682
0.24 0.87 0.005 37.494
0.25 0.84 0.005 37.7308
0.26 0.85 0.004 37.5066
0.27 0.84 0.004 37.8377
0.28 0.8 0.005 38.6658
0.29 0.75 0.005 38.6837
0.3 0.74 0.005 38.9746
0.31 0.73 0.005 39.2545
0.32 0.73 0.005 39.6025
0.33 0.73 0.005 39.9427
0.34 0.73 0.005 40.2756
0.35 0.69 0.005 40.2733
0.36 0.66 0.004 39.5891
0.37 0.65 0.004 39.8042
0.38 0.62 0.004 39.8285
0.39 0.61 0.004 40.0233
0.4 0.53 0.004 39.4982
0.41 0.52 0.004 39.6614
0.42 0.51 0.004 39.8165
0.43 0.47 0.004 39.6092
0.44 0.45 0.004 39.6143
0.45 0.45 0.004 39.8625
0.46 0.4 0.004 39.4323
0.47 0.4 0.005 40.4122
0.48 0.41 0.004 40.0438
0.49 0.42 0.005 41.1713
0.5 0.42 0.005 41.4032
0.51 0.45 0.005 42.0474
0.52 0.48 0.005 42.6697
0.53 0.5 0.005 43.1492
0.54 0.5 0.005 43.374
0.55 0.5 0.005 43.5958
0.56 0.48 0.005 43.5579
0.57 0.48 0.005 43.7728
0.58 0.48 0.005 43.9849
0.59 0.48 0.005 44.1944
0.6 0.45 0.005 43.9907
0.61 0.43 0.005 43.9049
0.62 0.44 0.005 44.2501
0.63 0.45 0.005 44.5914
0.64 0.45 0.005 44.7871
0.65 0.45 0.005 44.9805
0.66 0.45 0.005 45.1719
0.67 0.46 0.005 45.5049
0.68 0.46 0.005 45.6927
0.69 0.47 0.006 46.7242
0.7 0.48 0.007 47.6613
0.71 0.49 0.007 47.9919
0.72 0.48 0.009 49.051
0.73 0.5 0.012 50.7296
0.74 0.53 0.014 52.0137
0.75 0.57 0.016 53.3474
0.76 0.76 0.025 57.9202
0.77 0.97 0.043 62.9886
0.78 1.27 0.052 66.7635
0.79 1.62 0.059 70.1234
0.8 2.03 0.067 73.4659
0.81 2.42 0.071 75.975
0.82 2.81 0.076 78.3349
0.83 2.89 0.083 79.4984
0.84 2.97 0.09 80.619
0.85 3.02 0.098 81.6558
0.86 3.02 0.105 82.3934
0.87 2.97 0.111 82.8423
0.88 2.89 0.116 83.0838
0.89 2.86 0.12 83.4551
0.9 2.84 0.124 83.8586
0.91 2.84 0.126 84.2287
0.92 2.83 0.126 84.4421
0.93 2.83 0.126 84.6962
0.94 2.84 0.125 84.9353
0.95 2.84 0.125 85.1855
0.96 2.85 0.124 85.42
0.97 2.83 0.122 85.4639
0.98 2.83 0.121 85.6493
0.99 2.84 0.121 85.935
1 2.84 0.121 86.1754
1.01 2.8 0.12 86.1783
1.02 2.76 0.12 86.2358
1.03 2.7 0.12 86.1967
1.04 2.64 0.117 85.9681
1.05 2.57 0.116 85.8029
1.06 2.47 0.113 85.3527
1.07 2.44 0.111 85.2985
1.08 2.39 0.109 85.1359
1.09 2.32 0.107 84.8589
1.1 2.2 0.106 84.3605
1.11 2.14 0.104 84.1036
1.12 2.08 0.102 83.8334
1.13 1.99 0.099 83.3001
1.14 1.93 0.098 83.0668
1.15 1.79 0.097 82.3004
1.16 1.76 0.095 82.1557
1.17 1.73 0.094 82.076
1.18 1.67 0.093 81.7805
1.19 1.59 0.092 81.322
1.2 1.57 0.091 81.289
1.21 1.56 0.091 81.4019
1.22 1.59 0.089 81.6613
1.23 1.62 0.089 82.0674
1.24 1.66 0.09 82.6186
1.25 1.7 0.09 83.0876
1.26 1.74 0.092 83.7042
1.27 1.8 0.093 84.3747
1.28 1.88 0.094 85.1658
1.29 1.92 0.095 85.6848
1.3 1.91 0.096 85.8792
1.31 1.92 0.097 86.2013
1.32 1.89 0.098 86.2617
1.33 1.79 0.098 85.7688
1.34 1.7 0.098 85.3115
1.35 1.65 0.098 85.1213
1.36 1.64 0.098 85.2215
1.37 1.61 0.096 85.0225
1.38 1.47 0.095 84.0126
1.39 1.38 0.093 83.2715
1.4 1.29 0.089 82.3295
1.41 1.21 0.086 81.5027
1.42 1.16 0.08 80.6813
1.43 1.08 0.077 79.7573
1.44 1.07 0.074 79.5415
1.45 1.06 0.07 79.2199
1.46 1.09 0.066 79.3019
1.47 1.12 0.058 78.9108
1.48 1.17 0.056 79.3266
1.49 1.21 0.055 79.7412
1.5 1.26 0.053 80.1096
1.51 1.27 0.052 80.2218
1.52 1.29 0.051 80.4202
1.53 1.34 0.052 81.1403
1.54 1.35 0.052 81.3745
1.55 1.3 0.052 81.0792
1.56 1.26 0.053 80.9878
1.57 1.22 0.053 80.7558
1.58 1.17 0.054 80.5376
1.59 1.03 0.054 79.2118
1.6 0.95 0.054 78.4315
1.61 0.93 0.052 78.0816
1.62 0.89 0.045 76.7931
1.63 0.85 0.043 76.1284
1.64 0.8 0.04 75.1417
1.65 0.76 0.037 74.2318
1.66 0.72 0.034 73.2627
1.67 0.69 0.027 71.5512
1.68 0.64 0.024 70.2065
1.69 0.62 0.022 69.4967
1.7 0.61 0.021 69.1797
1.71 0.59 0.02 68.6814
1.72 0.59 0.019 68.4999
1.73 0.58 0.019 68.4417
1.74 0.58 0.019 68.5514
1.75 0.59 0.018 68.521
1.76 0.59 0.018 68.6296
1.77 0.61 0.018 69.0686
1.78 0.62 0.018 69.339
1.79 0.66 0.019 70.3911
1.8 0.68 0.019 70.8039
1.81 0.7 0.014 69.4232
1.82 0.71 0.017 70.8064
1.83 0.72 0.02 72.0246
1.84 0.76 0.023 73.5479
1.85 0.79 0.025 74.5862
1.86 0.82 0.028 75.8115
1.87 0.87 0.03 77.0153
1.88 0.99 0.032 79.0012
1.89 1.04 0.033 79.8854
1.9 1.09 0.034 80.7458
1.91 1.18 0.035 81.9903
1.92 1.22 0.037 82.8869
1.93 1.23 0.039 83.4691
1.94 1.19 0.043 83.8707
1.95 1.14 0.046 83.9428
1.96 1.12 0.049 84.2901
1.97 1.1 0.05 84.3324
1.98 1.11 0.051 84.7007
1.99 1.11 0.051 84.8194
2 1.14 0.052 85.4024
2.01 1.14 0.052 85.5209
2.02 1.11 0.054 85.579
2.03 1.11 0.056 85.9563
2.04 1.06 0.057 85.6304
2.05 1.04 0.058 85.6358
2.06 1.04 0.058 85.7517
2.07 1.05 0.059 86.108
2.08 1.06 0.059 86.3413
2.09 1.04 0.058 86.0971
2.1 1.02 0.058 85.9707
2.11 0.98 0.055 85.2125
2.12 0.98 0.055 85.3245
2.13 0.98 0.054 85.3059
2.14 1.08 0.052 86.349
2.15 1.14 0.051 86.9961
2.16 1.21 0.051 87.8591
2.17 1.29 0.051 88.7868
2.18 1.26 0.051 88.5996
2.19 1.21 0.051 88.1967
2.2 1.18 0.05 87.8449
2.21 1.17 0.05 87.848
2.22 1.18 0.05 88.0662
2.23 1.18 0.052 88.4645
2.24 1.19 0.052 88.6823
2.25 1.15 0.051 88.2135
2.26 1.12 0.051 87.9867
2.27 1.11 0.051 87.9811
2.28 1.12 0.051 88.2025
2.29 1.14 0.05 88.3895
2.3 1.16 0.05 88.7185
2.31 1.17 0.051 89.0821
2.32 1.24 0.051 89.9386
2.33 1.32 0.054 91.2937
2.34 1.48 0.058 93.4748
2.35 1.52 0.061 94.3408
2.36 1.54 0.061 94.6302
2.37 1.56 0.063 95.1728
2.38 1.58 0.064 95.5844
2.39 1.62 0.065 96.165
2.4 1.7 0.072 97.7758
2.41 1.77 0.075 98.7943
2.42 1.79 0.077 99.2854
2.43 1.75 0.077 99.0763
2.44 1.67 0.076 98.4163
2.45 1.66 0.076 98.4431
2.46 1.6 0.073 97.7056
2.47 1.41 0.071 95.8296
2.48 1.3 0.069 94.5966
2.49 1.2 0.063 92.9113
2.5 1.09 0.057 90.9753
2.51 1.03 0.051 89.5046
2.52 0.95 0.046 87.8094
2.53 0.85 0.043 86.0253
2.54 0.78 0.036 83.8123
2.55 0.73 0.032 82.2968
2.56 0.69 0.029 81.054
2.57 0.65 0.026 79.7195
2.58 0.62 0.022 78.1704
2.59 0.6 0.02 77.2707
2.6 0.57 0.018 76.1141
2.61 0.52 0.015 74.0626
2.62 0.5 0.015 73.7239
2.63 0.49 0.014 73.1664
2.64 0.47 0.012 71.8776
2.65 0.45 0.011 70.9883
2.66 0.45 0.01 70.5014
2.67 0.46 0.009 70.1808
2.68 0.46 0.009 70.2537
2.69 0.46 0.009 70.3265
2.7 0.48 0.009 70.8319
2.71 0.5 0.008 70.6272
2.72 0.52 0.008 71.1
2.73 0.54 0.008 71.5604
2.74 0.58 0.008 72.3741
2.75 0.59 0.008 72.626
2.76 0.58 0.008 72.5206
2.77 0.58 0.008 72.5935
2.78 0.53 0.007 70.9366
2.79 0.52 0.007 70.8129
2.8 0.5 0.006 69.586
2.81 0.48 0.006 69.2467
2.82 0.47 0.006 69.1053
2.83 0.46 0.006 68.9594
2.84 0.43 0.006 68.36
2.85 0.42 0.006 68.1954
2.86 0.43 0.005 67.4623
2.87 0.42 0.005 67.2994
2.88 0.41 0.005 67.1312
2.89 0.41 0.005 67.1959
2.9 0.41 0.005 67.2604
2.91 0.41 0.005 67.3248
2.92 0.41 0.005 67.3891
2.93 0.42 0.005 67.6876
2.94 0.43 0.005 67.9817
2.95 0.45 0.005 68.4929
2.96 0.49 0.005 69.4032
2.97 0.53 0.005 70.2577
2.98 0.53 0.005 70.3234
2.99 0.53 0.005 70.3889
3 0.54 0.005 70.6442
3.01 0.55 0.005 70.8967
3.02 0.55 0.005 70.9621
3.03 0.55 0.005 71.0273
3.04 0.55 0.005 71.0924
3.05 0.54 0.005 70.9696
3.06 0.53 0.005 70.8432
3.07 0.55 0.005 71.2868
3.08 0.52 0.005 70.7773
3.09 0.51 0.006 71.723
3.1 0.51 0.006 71.7875
3.11 0.51 0.006 71.8518
3.12 0.51 0.006 71.9159
3.13 0.52 0.007 73.1132
3.14 0.53 0.007 73.3791
3.15 0.54 0.007 73.6419
3.16 0.56 0.008 74.9216
3.17 0.57 0.009 75.9191
3.18 0.59 0.01 77.0363
3.19 0.59 0.011 77.7174
3.2 0.68 0.011 79.3916
3.21 0.76 0.012 81.3301
3.22 0.79 0.013 82.4025
3.23 0.81 0.014 83.2829
3.24 0.83 0.014 83.6478
3.25 0.84 0.015 84.3468
3.26 0.86 0.015 84.7054
3.27 0.85 0.016 85.0905
3.28 0.85 0.016 85.1628
3.29 0.98 0.016 86.9997
3.3 1.01 0.016 87.452
3.31 0.99 0.016 87.2739
3.32 0.98 0.015 86.7524
3.33 0.89 0.015 85.6289
3.34 0.81 0.015 84.5458
3.35 0.79 0.014 83.8294
3.36 0.73 0.015 83.4275
3.37 0.67 0.015 82.4716
3.38 0.67 0.014 82.0671
3.39 0.66 0.013 81.4531
3.4 0.66 0.012 80.9788
3.41 0.65 0.011 80.2836
3.42 0.63 0.01 79.3564
3.43 0.58 0.009 77.7958
3.44 0.57 0.009 77.664
3.45 0.56 0.009 77.5289
3.46 0.58 0.01 78.671
3.47 0.6 0.009 78.4289
3.48 0.64 0.009 79.2245
3.49 0.72 0.009 80.644
3.5 0.77 0.009 81.4923
3.51 0.85 0.011 84.1189
3.52 0.85 0.012 84.7971
3.53 0.84 0.013 85.2856
3.54 0.88 0.015 86.9555
3.55 0.92 0.021 90.069
3.56 1 0.025 92.5613
3.57 1.04 0.027 93.7566
3.58 1.23 0.027 96.1243
3.59 1.39 0.026 97.6009
3.6 1.68 0.025 100.051
3.61 3.03 0.024 108.634
3.62 3.95 0.025 113.333
3.63 4.83 0.026 117.135
3.64 5.36 0.028 119.731
3.65 5.95 0.029 121.994
3.66 6.12 0.03 122.929
3.67 6.25 0.031 123.732
3.68 6.29 0.03 123.602
3.69 6.5 0.03 124.282
3.7 6.67 0.03 124.838
3.71 6.8 0.031 125.622
3.72 6.85 0.032 126.182
3.73 6.88 0.033 126.679
3.74 6.88 0.033 126.774
3.75 6.84 0.034 127.077
3.76 6.78 0.035 127.316
3.77 6.71 0.037 127.81
3.78 6.65 0.04 128.57
3.79 6.56 0.04 128.412
3.8 6.47 0.041 128.514
3.81 6.38 0.042 128.607
3.82 6.26 0.043 128.601
3.83 6.13 0.044 128.551
3.84 6.03 0.045 128.58
3.85 5.86 0.046 128.379
3.86 5.87 0.046 128.503
3.87 5.88 0.046 128.627
3.88 5.97 0.046 129.002
3.89 6.13 0.045 129.35
3.9 6.24 0.04 128.508
3.91 6.34 0.036 127.77
3.92 6.48 0.036 128.263
3.93 6.61 0.036 128.722
3.94 6.79 0.036 129.312
3.95 6.92 0.037 130.053
3.96 7.01 0.038 130.677
3.97 7.12 0.04 131.622
3.98 7.28 0.04 132.137
3.99 7.43 0.041 132.891
4 7.71 0.043 134.224
4.01 7.8 0.044 134.8
4.02 7.86 0.045 135.295
4.03 7.93 0.046 135.809
4.04 7.94 0.047 136.171
4.05 7.92 0.047 136.215
4.06 7.91 0.047 136.284
4.07 7.85 0.047 136.228
4.08 7.83 0.048 136.509
4.09 7.85 0.048 136.652
4.1 7.87 0.049 137.03
4.11 7.94 0.049 137.298
4.12 8.04 0.048 137.403
4.13 8.13 0.048 137.716
4.14 8.23 0.047 137.81
4.15 8.19 0.046 137.559
4.16 8.26 0.045 137.568
4.17 8.34 0.045 137.851
4.18 8.49 0.045 138.298
4.19 8.64 0.045 138.739
4.2 8.81 0.046 139.476
4.21 9.04 0.046 140.087
4.22 9.01 0.047 140.363
4.23 8.9 0.048 140.453
4.24 8.76 0.048 140.225
4.25 8.75 0.05 140.771
4.26 8.72 0.051 141.026
4.27 8.71 0.052 141.322
4.28 8.71 0.052 141.414
4.29 8.72 0.052 141.529
4.3 8.73 0.052 141.644
4.31 8.77 0.052 141.829
4.32 8.83 0.052 142.06
4.33 8.84 0.052 142.175
4.34 8.84 0.052 142.266
4.35 8.86 0.052 142.403
4.36 8.89 0.052 142.564
4.37 8.91 0.052 142.701
4.38 8.94 0.052 142.86
4.39 9.01 0.052 143.112
4.4 9.24 0.052 143.723
4.41 9.36 0.052 144.081
4.42 9.5 0.053 144.71
4.43 9.73 0.053 145.3
4.44 9.81 0.052 145.332
4.45 9.87 0.048 144.585
4.46 9.89 0.046 144.206
4.47 9.91 0.046 144.338
4.48 9.98 0.046 144.574
4.49 10.06 0.047 145.089
4.5 10.23 0.047 145.53
4.51 10.11 0.048 145.627
4.52 10.12 0.049 145.988
4.53 10.13 0.049 146.098
4.54 10.16 0.049 146.25
4.55 10.16 0.05 146.586
4.56 10.13 0.05 146.613
4.57 10.11 0.051 146.902
4.58 10.08 0.052 147.166
4.59 10 0.052 147.087
4.6 9.95 0.053 147.303
4.61 9.88 0.053 147.242
4.62 9.81 0.053 147.18
4.63 9.63 0.053 146.876
4.64 9.55 0.053 146.788
4.65 9.46 0.053 146.676
4.66 9.38 0.052 146.352
4.67 9.26 0.052 146.168
4.68 9.21 0.05 145.665
4.69 9.18 0.049 145.438
4.7 9.18 0.049 145.524
4.71 9.18 0.048 145.36
4.72 9.18 0.047 145.192
4.73 9.2 0.046 145.063
4.74 9.22 0.046 145.193
4.75 9.27 0.046 145.392
4.76 9.28 0.046 145.499
4.77 9.29 0.045 145.341
4.78 9.3 0.045 145.448
4.79 9.38 0.046 145.979
4.8 9.43 0.047 146.437
4.81 9.5 0.047 146.678
4.82 9.56 0.048 147.153
4.83 9.66 0.048 147.459
4.84 9.72 0.049 147.929
4.85 9.73 0.049 148.036
4.86 9.76 0.05 148.436
4.87 9.74 0.05 148.476
4.88 9.74 0.052 149.047
4.89 9.73 0.052 149.11
4.9 9.73 0.053 149.431
4.91 9.74 0.053 149.538
4.92 9.68 0.054 149.722
4.93 9.69 0.054 149.829
4.94 9.68 0.055 150.12
4.95 9.65 0.056 150.362
4.96 9.64 0.053 149.737
4.97 9.62 0.051 149.297
4.98 9.55 0.051 149.224
4.99 9.48 0.051 149.149
5 9.45 0.051 149.164
5.01 9.39 0.051 149.11
5.02 9.34 0.051 149.078
5.03 9.3 0.051 149.068
5.04 9.21 0.051 148.942
5.05 9.26 0.051 149.14
5.06 9.31 0.051 149.338
5.07 9.36 0.051 149.535
5.08 9.44 0.051 149.801
5.09 9.57 0.051 150.178
5.1 9.64 0.052 150.661
5.11 9.71 0.052 150.9
5.12 9.74 0.052 151.049
5.13 9.81 0.053 151.527
5.14 9.84 0.053 151.676
5.15 9.85 0.053 151.78
5.16 9.87 0.054 152.143
5.17 9.77 0.053 151.765
5.18 9.68 0.053 151.645
5.19 9.57 0.053 151.477
5.2 9.47 0.053 151.329
5.21 9.39 0.053 151.225
5.22 9.36 0.052 150.996
5.23 9.37 0.052 151.1
5.24 9.39 0.052 151.226
5.25 9.43 0.053 151.639
5.26 9.47 0.053 151.812
5.27 9.46 0.053 151.869
5.28 9.41 0.054 152.07
5.29 9.3 0.055 152.124
5.3 9.15 0.056 152.076
5.31 8.78 0.057 151.477
5.32 8.61 0.057 151.13
5.33 8.46 0.057 150.827
5.34 8.35 0.055 150.174
5.35 8.19 0.055 149.834
5.36 8.2 0.055 149.938
5.37 8.21 0.054 149.814
5.38 8.28 0.053 149.841
5.39 8.48 0.053 150.435
5.4 8.61 0.053 150.842
5.41 8.75 0.053 151.271
5.42 8.88 0.053 151.67
5.43 8.95 0.054 152.156
5.44 9.05 0.055 152.711
5.45 9.09 0.056 153.115
5.46 9.13 0.058 153.738
5.47 9.18 0.058 153.938
5.48 9.24 0.059 154.38
5.49 9.29 0.06 154.794
5.5 9.29 0.061 155.086
5.51 9.27 0.062 155.326
5.52 9.23 0.063 155.515
5.53 9.13 0.064 155.553
5.54 9.06 0.065 155.659
5.55 9.02 0.065 155.638
5.56 8.96 0.065 155.566
5.57 8.8 0.065 155.241
5.58 8.7 0.064 154.863
5.59 8.59 0.062 154.248
5.6 8.55 0.06 153.801
5.61 8.61 0.06 154.032
5.62 8.66 0.059 154.022
5.63 8.85 0.058 154.361
5.64 9.13 0.056 154.679
5.65 9.51 0.054 155.196
5.66 10.51 0.052 157.03
5.67 10.91 0.049 157.176
5.68 11.22 0.042 155.876
5.69 11.42 0.042 156.35
5.7 11.75 0.042 157.069
5.71 11.85 0.043 157.646
5.72 11.93 0.044 158.178
5.73 11.95 0.044 158.293
5.74 11.9 0.045 158.57
5.75 11.59 0.045 158.045
5.76 11.37 0.045 157.686
5.77 11.21 0.049 158.559
5.78 11.11 0.051 158.959
5.79 11.04 0.054 159.649
5.8 10.89 0.056 159.894
5.81 10.81 0.058 160.268
5.82 10.77 0.059 160.487
5.83 10.72 0.062 161.12
5.84 10.65 0.064 161.47
5.85 10.63 0.065 161.712
5.86 10.56 0.066 161.84
5.87 10.46 0.068 162.098
5.88 10.24 0.069 161.875
5.89 10.13 0.066 161.103
5.9 10.11 0.064 160.721
5.91 10.13 0.063 160.632
5.92 10.15 0.062 160.539
5.93 10.41 0.063 161.415
5.94 10.52 0.063 161.736
5.95 10.64 0.063 162.076
5.96 10.78 0.064 162.67
5.97 10.77 0.065 162.934
5.98 10.84 0.067 163.574
5.99 10.92 0.068 164.025
6 11.02 0.069 164.517
6.01 11.02 0.07 164.79
6.02 11.03 0.071 165.083
6.03 11.01 0.071 165.116
6.04 11.04 0.073 165.639
6.05 11.07 0.074 165.968
6.06 11.17 0.074 166.259
6.07 11.25 0.074 166.506
6.08 11.33 0.074 166.752
6.09 11.35 0.074 166.871
6.1 11.37 0.075 167.176
6.11 11.45 0.076 167.606
6.12 11.54 0.076 167.871
6.13 11.67 0.078 168.582
6.14 11.81 0.079 169.128
6.15 11.83 0.081 169.598
6.16 11.76 0.083 169.874
6.17 11.7 0.084 169.995
6.18 11.62 0.084 169.904
6.19 11.47 0.084 169.662
6.2 11.32 0.086 169.749
6.21 11.16 0.086 169.477
6.22 10.84 0.086 168.844
6.23 10.7 0.086 168.604
6.24 10.59 0.085 168.264
6.25 10.52 0.085 168.178
6.26 10.5 0.084 168.042
6.27 10.49 0.083 167.926
6.28 10.49 0.082 167.831
6.29 10.49 0.081 167.734
6.3 10.55 0.079 167.597
6.31 10.62 0.078 167.653
6.32 10.71 0.076 167.568
6.33 10.81 0.075 167.681
6.34 11.04 0.075 168.264
6.35 11.2 0.074 168.499
6.36 11.43 0.074 169.067
6.37 11.74 0.075 169.983
6.38 12.05 0.075 170.697
6.39 12.39 0.076 171.646
6.4 13.01 0.079 173.49
6.41 13.24 0.08 174.186
6.42 13.37 0.082 174.866
6.43 13.44 0.084 175.424
6.44 13.43 0.081 174.951
6.45 13.37 0.079 174.55
6.46 13.34 0.079 174.569
6.47 13.32 0.08 174.789
6.48 13.34 0.08 174.902
6.49 13.36 0.082 175.375
6.5 13.42 0.083 175.74
6.51 13.3 0.084 175.763
6.52 13.28 0.085 175.973
6.53 13.3 0.089 176.761
6.54 13.32 0.09 177.039
6.55 13.34 0.091 177.316
6.56 13.3 0.092 177.476
6.57 13.25 0.093 177.614
6.58 13.21 0.095 177.927
6.59 13.17 0.096 178.079
6.6 13.1 0.097 178.171
6.61 13.04 0.097 178.128
6.62 13.03 0.098 178.336
6.63 12.87 0.098 178.093
6.64 12.76 0.098 177.948
6.65 12.64 0.098 177.78
6.66 12.45 0.098 177.467
6.67 12.37 0.097 177.225
6.68 12.36 0.096 177.126
6.69 12.37 0.096 177.22
6.7 12.38 0.096 177.314
6.71 12.41 0.095 177.295
6.72 12.42 0.094 177.233
6.73 12.41 0.094 177.286
6.74 12.38 0.094 177.297
6.75 12.32 0.093 177.088
6.76 12.27 0.093 177.058
6.77 12.24 0.092 176.909
6.78 12.25 0.091 176.841
6.79 12.27 0.089 176.628
6.8 12.31 0.088 176.617
6.81 12.54 0.087 176.993
6.82 12.73 0.084 176.932
6.83 13.29 0.083 177.927
6.84 13.63 0.082 178.468
6.85 13.96 0.082 179.157
6.86 14.6 0.082 180.39
6.87 14.86 0.082 180.922
6.88 15.12 0.083 181.631
6.89 15.52 0.084 182.571
6.9 15.67 0.085 183.078
6.91 15.83 0.042 172.971
6.92 16.07 0.058 178.136
6.93 16.15 0.074 181.986
6.94 16.16 0.074 182.075
6.95 16.16 0.075 182.352
6.96 16.1 0.075 182.327
6.97 15.99 0.078 182.815
6.98 15.91 0.079 182.95
6.99 15.5 0.08 182.527
7 15.09 0.083 182.454
7.01 15.16 0.084 182.83
7.02 15.07 0.084 182.746
7.03 14.93 0.084 182.573
7.04 14.66 0.085 182.345
7.05 14.41 0.086 182.143
7.06 14.18 0.086 181.793
7.07 13.59 0.085 180.579
7.08 13.34 0.084 179.99
7.09 13.06 0.084 179.512
7.1 12.75 0.084 178.962
7.11 12.14 0.083 177.596
7.12 11.99 0.083 177.347
7.13 11.98 0.083 177.395
7.14 12.05 0.081 177.253
7.15 12.13 0.078 176.935
7.16 12.47 0.073 176.733
7.17 12.68 0.072 177.024
7.18 13.02 0.071 177.562
7.19 13.34 0.071 178.252
7.2 13.7 0.071 179.006
7.21 14.05 0.074 180.347
7.22 14.66 0.075 181.727
7.23 14.77 0.075 181.993
7.24 14.82 0.075 182.151
7.25 14.8 0.074 181.982
7.26 14.75 0.072 181.549
7.27 14.71 0.073 181.756
7.28 14.55 0.073 181.539
7.29 14.49 0.073 181.501
7.3 14.39 0.073 181.389
7.31 14.29 0.072 181.068
7.32 14.17 0.072 180.917
7.33 14.04 0.07 180.322
7.34 13.76 0.07 179.868
7.35 13.63 0.069 179.476
7.36 13.49 0.069 179.277
7.37 13.37 0.069 179.114
7.38 13.27 0.068 178.77
7.39 13.11 0.067 178.306
7.4 13.03 0.066 177.993
7.41 12.98 0.065 177.735
7.42 12.95 0.064 177.513
7.43 12.88 0.064 177.441
7.44 12.87 0.063 177.255
7.45 12.86 0.061 176.827
7.46 12.8 0.061 176.773
7.47 12.81 0.061 176.859
7.48 12.77 0.061 176.845
7.49 12.78 0.061 176.931
7.5 12.77 0.061 176.977
7.51 12.72 0.061 176.942
7.52 12.68 0.061 176.927
7.53 12.67 0.06 176.729
7.54 12.62 0.06 176.694
7.55 12.63 0.06 176.779
7.56 12.64 0.06 176.864
7.57 12.74 0.06 177.13
7.58 12.81 0.06 177.335
7.59 13.1 0.061 178.218
7.6 13.26 0.061 178.595
7.61 13.38 0.061 178.892
7.62 13.46 0.064 179.828
7.63 13.52 0.065 180.241
7.64 13.48 0.066 180.459
7.65 13.43 0.066 180.428
7.66 13.37 0.067 180.603
7.67 13.28 0.069 180.935
7.68 12.98 0.07 180.623
7.69 12.83 0.07 180.386
7.7 12.64 0.07 180.064
7.71 12.42 0.071 179.886
7.72 12.2 0.07 179.277
7.73 11.72 0.07 178.307
7.74 11.52 0.07 177.93
7.75 11.33 0.068 177.14
7.76 11.14 0.067 176.555
7.77 11 0.066 176.077
7.78 10.74 0.065 175.311
7.79 10.64 0.064 174.912
7.8 10.54 0.062 174.275
7.81 10.44 0.061 173.863
7.82 10.26 0.06 173.251
7.83 10.16 0.059 172.827
7.84 10.05 0.058 172.372
7.85 9.97 0.056 171.733
7.86 9.88 0.055 171.312
7.87 9.72 0.055 170.97
7.88 9.65 0.054 170.592
7.89 9.6 0.053 170.26
7.9 9.55 0.053 170.192
7.91 9.48 0.052 169.802
7.92 9.44 0.052 169.758
7.93 9.42 0.047 168.344
7.94 9.41 0.043 167.136
7.95 9.36 0.042 166.739
7.96 9.35 0.042 166.772
7.97 9.35 0.042 166.83
7.98 9.35 0.043 167.215
7.99 9.38 0.043 167.351
8 9.35 0.043 167.332
8.01 9.41 0.043 167.544
8.02 9.47 0.043 167.756
8.03 9.56 0.043 168.043
8.04 9.65 0.044 168.65
8.05 9.75 0.044 168.959
8.06 9.82 0.044 169.191
8.07 9.9 0.045 169.765
8.08 9.97 0.045 169.996
8.09 10.05 0.046 170.561
8.1 10.14 0.047 171.145
8.11 10.21 0.048 171.674
8.12 10.2 0.048 171.709
8.13 10.17 0.05 172.279
8.14 10.18 0.05 172.362
8.15 10.13 0.051 172.583
8.16 10.08 0.052 172.798
8.17 10.02 0.052 172.708
8.18 9.93 0.053 172.816
8.19 9.73 0.054 172.637
8.2 9.63 0.054 172.439
8.21 9.55 0.054 172.29
8.22 9.46 0.054 172.114
8.23 9.39 0.054 171.988
8.24 9.23 0.054 171.621
8.25 9.13 0.054 171.41
8.26 9.01 0.054 171.141
8.27 8.89 0.054 170.868
8.28 8.64 0.054 170.225
8.29 8.5 0.054 169.882
8.3 8.36 0.054 169.533
8.31 8.22 0.054 169.178
8.32 8.06 0.053 168.494
8.33 7.89 0.053 168.034
8.34 7.55 0.053 167.027
8.35 7.39 0.053 166.568
8.36 7.22 0.052 165.803
8.37 7.04 0.052 165.256
8.38 6.85 0.05 164.124
8.39 6.45 0.049 162.489
8.4 6.26 0.048 161.567
8.41 6.1 0.047 160.737
8.42 5.99 0.047 160.37
8.43 5.93 0.044 159.314
8.44 5.87 0.042 158.518
8.45 5.82 0.039 157.402
8.46 5.79 0.035 155.926
8.47 5.75 0.034 155.446
8.48 5.68 0.034 155.223
8.49 5.65 0.034 155.156
8.5 5.63 0.034 155.127
8.51 5.61 0.034 155.099
8.52 5.46 0.033 154.162
8.53 5.4 0.033 153.967
8.54 5.34 0.034 154.152
8.55 5.33 0.034 154.16
8.56 5.29 0.035 154.415
8.57 5.28 0.036 154.785
8.58 5.3 0.038 155.618
8.59 5.32 0.038 155.753
8.6 5.42 0.037 155.876
8.61 5.56 0.037 156.5
8.62 5.79 0.034 156.363
8.63 5.89 0.033 156.41
8.64 6.04 0.033 157.028
8.65 6.25 0.033 157.854
8.66 6.5 0.035 159.578
8.67 6.75 0.036 160.876
8.68 7.02 0.036 161.839
8.69 7.25 0.036 162.644
8.7 7.79 0.037 164.763
8.71 8.05 0.037 165.597
8.72 8.26 0.039 166.995
8.73 8.44 0.041 168.266
8.74 8.56 0.043 169.332
8.75 8.67 0.044 170.022
8.76 8.79 0.045 170.732
8.77 9.09 0.045 171.614
8.78 9.21 0.045 171.993
8.79 9.32 0.045 172.342
8.8 9.41 0.045 172.635
8.81 9.47 0.046 173.164
8.82 9.53 0.047 173.686
8.83 9.52 0.05 174.612
8.84 9.54 0.051 175.007
8.85 9.55 0.052 175.372
8.86 9.52 0.054 175.899
8.87 9.42 0.058 176.734
8.88 9.27 0.061 177.123
8.89 9.08 0.064 177.358
8.9 8.8 0.064 176.615
8.91 8.65 0.062 175.769
8.92 8.49 0.06 174.874
8.93 8.2 0.058 173.565
8.94 8.13 0.056 172.899
8.95 8.2 0.051 171.824
8.96 8.28 0.046 170.646
8.97 8.55 0.045 171.177
8.98 8.89 0.044 171.872
8.99 9.18 0.042 172.055
9 9.26 0.041 171.978
9.01 9.28 0.041 172.085
9.02 9.03 0.042 171.806
9.03 8.96 0.043 172.003
9.04 8.88 0.044 172.163
9.05 8.91 0.047 173.248
9.06 8.87 0.048 173.492
9.07 8.72 0.048 173.12
9.08 8.48 0.047 172.176
9.09 8.26 0.047 171.578
9.1 7.76 0.048 170.393
9.11 7.42 0.049 169.639
9.12 7.1 0.048 168.328
9.13 6.82 0.048 167.407
9.14 6.59 0.047 166.341
9.15 6.41 0.047 165.729
9.16 6.22 0.046 164.768
9.17 6.02 0.045 163.744
9.18 5.85 0.044 162.815
9.19 5.55 0.042 161.01
9.2 5.39 0.041 160.06
9.21 5.25 0.039 158.841
9.22 5.12 0.036 157.265
9.23 5.04 0.034 156.211
9.24 4.95 0.033 155.467
9.25 4.85 0.031 154.253
9.26 4.78 0.03 153.557
9.27 4.74 0.029 152.985
9.28 4.75 0.029 153.078
9.29 4.75 0.028 152.677
9.3 4.76 0.027 152.307
9.31 4.78 0.027 152.445
9.32 4.8 0.026 152.104
9.33 4.85 0.025 151.88
9.34 4.88 0.025 152.06
9.35 4.9 0.025 152.195
9.36 4.9 0.025 152.24
9.37 4.89 0.025 152.241
9.38 4.83 0.025 152.015
9.39 4.79 0.026 152.375
9.4 4.73 0.025 151.648
9.41 4.71 0.025 151.6
9.42 4.7 0.024 151.084
9.43 4.71 0.024 151.175
9.44 4.71 0.023 150.685
9.45 4.73 0.024 151.357
9.46 4.73 0.024 151.401
9.47 4.69 0.024 151.261
9.48 4.66 0.024 151.165
9.49 4.66 0.024 151.209
9.5 4.65 0.024 151.207
9.51 4.65 0.024 151.251
9.52 4.6 0.024 151.06
9.53 4.54 0.024 150.819
9.54 4.53 0.024 150.815
9.55 4.49 0.024 150.666
9.56 4.46 0.023 150.032
9.57 4.44 0.023 149.979
9.58 4.43 0.023 149.974
9.59 4.43 0.022 149.463
9.6 4.44 0.022 149.555
9.61 4.44 0.022 149.599
9.62 4.45 0.021 149.112
9.63 4.44 0.021 149.107
9.64 4.43 0.021 149.102
9.65 4.42 0.021 149.096
9.66 4.4 0.021 149.042
9.67 4.35 0.021 148.839
9.68 4.33 0.021 148.783
9.69 4.32 0.021 148.776
9.7 4.32 0.021 148.819
9.71 4.32 0.021 148.862
9.72 4.32 0.021 148.904
9.73 4.31 0.02 148.294
9.74 4.29 0.02 148.237
9.75 4.29 0.019 147.648
9.76 4.3 0.019 147.74
9.77 4.33 0.019 147.93
9.78 4.41 0.019 148.362
9.79 4.49 0.019 148.789
9.8 4.61 0.019 149.398
9.81 4.7 0.019 149.857
9.82 4.8 0.02 150.997
9.83 4.83 0.02 151.176
9.84 4.88 0.021 152.059
9.85 4.89 0.021 152.147
9.86 4.88 0.021 152.145
9.87 4.84 0.022 152.597
9.88 4.81 0.022 152.503
9.89 4.79 0.022 152.455
9.9 4.75 0.022 152.313
9.91 4.71 0.022 152.171
9.92 4.66 0.022 151.98
9.93 4.61 0.021 151.2
9.94 4.55 0.021 150.957
9.95 4.51 0.021 150.807
9.96 4.42 0.02 149.803
9.97 4.39 0.019 149.06
9.98 4.36 0.018 148.286
9.99 4.33 0.018 148.18
10 4.29 0.018 148.023
10.01 4.26 0.018 147.915
10.02 4.22 0.018 147.755
10.03 4.13 0.019 148.002
10.04 4.1 0.019 147.888
10.05 4.07 0.018 147.109
10.06 4.07 0.018 147.15
10.07 4.03 0.018 146.981
10.08 4.01 0.018 146.917
10.09 3.99 0.018 146.851
10.1 3.97 0.018 146.786
10.11 3.96 0.017 146.076
10.12 3.93 0.017 145.957
10.13 3.92 0.017 145.943
10.14 3.92 0.017 145.983
10.15 3.93 0.017 146.077
10.16 3.96 0.017 146.277
10.17 3.98 0.017 146.423
10.18 4.02 0.016 145.936
10.19 4.04 0.016 146.08
10.2 4.06 0.016 146.224
10.21 4.07 0.016 146.316
10.22 4.08 0.016 146.407
10.23 4.1 0.016 146.55
10.24 4.11 0.016 146.642
10.25 4.15 0.016 146.886
10.26 4.17 0.015 146.24
10.27 4.2 0.015 146.431
10.28 4.23 0.015 146.621
10.29 4.3 0.015 147.008
10.3 4.35 0.015 147.292
10.31 4.41 0.015 147.623
10.32 4.45 0.016 148.651
10.33 4.58 0.016 149.309
10.34 4.63 0.016 149.583
10.35 4.69 0.016 149.9
10.36 4.73 0.017 150.883
10.37 4.76 0.017 151.061
10.38 4.8 0.018 152.005
10.39 4.81 0.018 152.091
10.4 4.8 0.019 152.772
10.41 4.8 0.019 152.813
10.42 4.76 0.019 152.67
10.43 4.68 0.02 152.99
10.44 4.63 0.019 152.143
10.45 4.59 0.018 151.311
10.46 4.56 0.017 150.491
10.47 4.55 0.017 150.484
10.48 4.54 0.017 150.476
10.49 4.54 0.018 151.234
10.5 4.55 0.018 151.322
10.51 4.54 0.018 151.314
10.52 4.53 0.019 151.988
10.53 4.54 0.019 152.076
10.54 4.56 0.019 152.213
10.55 4.62 0.02 153.192
10.56 4.66 0.021 154.047
10.57 4.73 0.021 154.418
10.58 4.8 0.021 154.786
10.59 4.87 0.022 155.752
10.6 4.97 0.022 156.249
10.61 5.23 0.023 158.025
10.62 5.38 0.023 158.712
10.63 5.57 0.024 160.115
10.64 5.78 0.025 161.56
10.65 5.97 0.026 162.887
10.66 6.17 0.028 164.717
10.67 6.36 0.03 166.434
10.68 6.51 0.032 167.936
10.69 6.66 0.033 168.964
10.7 6.83 0.033 169.622
10.71 7.06 0.034 170.902
10.72 7.58 0.034 172.704
10.73 7.7 0.034 173.14
10.74 7.81 0.035 173.958
10.75 7.9 0.036 174.7
10.76 7.99 0.036 175.03
10.77 8.11 0.039 176.624
10.78 8.27 0.04 177.541
10.79 8.44 0.041 178.474
10.8 8.57 0.041 178.913
10.81 8.81 0.041 179.672
10.82 8.97 0.042 180.547
10.83 9.14 0.043 181.437
10.84 9.32 0.045 182.683
10.85 9.44 0.045 183.067
10.86 9.55 0.046 183.756
10.87 9.62 0.045 183.66
10.88 9.68 0.046 184.208
10.89 9.76 0.046 184.473
10.9 9.92 0.047 185.284
10.91 10.38 0.048 186.872
10.92 10.7 0.048 187.739
10.93 11.11 0.047 188.476
10.94 11.47 0.047 189.391
10.95 11.74 0.046 189.736
10.96 11.98 0.046 190.338
10.97 12.18 0.045 190.492
10.98 12.38 0.043 190.266
10.99 12.58 0.043 190.754
11 12.76 0.043 191.193
11.01 12.9 0.045 192.268
11.02 13.16 0.047 193.569
11.03 13.32 0.048 194.295
11.04 13.22 0.049 194.467
11.05 13.39 0.051 195.523
11.06 13.56 0.056 197.459
11.07 13.66 0.058 198.296
11.08 13.71 0.06 199.01
11.09 13.62 0.064 199.942
11.1 13.55 0.066 200.356
11.11 13.42 0.068 200.626
11.12 13.18 0.07 200.639
11.13 13.08 0.073 201.17
11.14 12.94 0.074 201.136
11.15 12.8 0.074 200.872
11.16 12.54 0.074 200.329
11.17 12.44 0.074 200.148
11.18 12.3 0.074 199.872
11.19 12.1 0.073 199.224
11.2 12.07 0.072 198.974
11.21 12.07 0.071 198.792
11.22 12.1 0.07 198.678
11.23 12.14 0.069 198.583
11.24 12.18 0.068 198.486
11.25 12.25 0.068 198.698
11.26 12.32 0.068 198.911
11.27 12.43 0.068 199.215
11.28 12.48 0.068 199.379
11.29 12.52 0.069 199.763
11.3 12.56 0.069 199.903
11.31 12.55 0.07 200.169
11.32 12.5 0.071 200.34
11.33 12.43 0.072 200.46
11.34 12.13 0.073 200.034
11.35 11.91 0.074 199.783
11.36 11.63 0.075 199.371
11.37 11.08 0.075 198.033
11.38 10.81 0.076 197.597
11.39 10.58 0.076 197.034
11.4 10.43 0.076 196.677
11.41 10.46 0.074 196.37
11.42 10.48 0.071 195.797
11.43 10.68 0.068 195.674
11.44 11.24 0.066 196.678
11.45 11.53 0.062 196.425
11.46 11.81 0.059 196.341
11.47 12 0.054 195.395
11.48 12.27 0.046 193.471
11.49 12.38 0.044 193.052
11.5 12.49 0.043 192.975
11.51 12.64 0.043 193.354
11.52 13 0.043 194.184
11.53 13.15 0.043 194.552
11.54 13.19 0.045 195.422
11.55 13.14 0.047 196.07
11.56 13.08 0.051 197.325
11.57 13.04 0.053 197.918
11.58 13 0.055 198.488
11.59 13.02 0.057 199.171
11.6 13.04 0.06 200.115
11.61 13.07 0.061 200.505
11.62 13.05 0.062 200.78
11.63 13.09 0.062 200.916
11.64 13.22 0.062 201.251
11.65 13.4 0.062 201.691
11.66 13.98 0.06 202.421
11.67 14.31 0.059 202.867
11.68 14.65 0.057 203.019
11.69 15.29 0.057 204.321
11.7 15.56 0.058 205.182
11.71 15.83 0.058 205.74
11.72 16.06 0.06 206.799
11.73 16.31 0.062 207.875
11.74 16.32 0.064 208.493
11.75 16.31 0.066 209.058
11.76 16.18 0.067 209.129
11.77 15.79 0.071 209.452
11.78 15.56 0.074 209.781
11.79 15.35 0.076 209.885
11.8 15.18 0.077 209.826
11.81 15.2 0.076 209.687
11.82 15.23 0.075 209.565
11.83 15.35 0.074 209.617
11.84 15.79 0.072 210.042
11.85 16.06 0.072 210.605
11.86 16.31 0.072 211.124
11.87 16.75 0.072 211.984
11.88 16.78 0.074 212.572
11.89 16.69 0.075 212.695
11.9 16.57 0.076 212.758
11.91 16.45 0.076 212.585
11.92 16.4 0.078 213.001
11.93 16.38 0.079 213.239
11.94 16.37 0.081 213.715
11.95 16.2 0.04 201.274
11.96 16.07 0.061 208.273
11.97 15.87 0.069 210.089
11.98 15.34 0.077 211.03
11.99 15.05 0.077 210.499
12 14.74 0.078 210.144
12.01 14.4 0.078 209.487
12.02 14.12 0.078 208.944
12.03 13.45 0.078 207.534
12.04 13.21 0.078 207.045
12.05 12.96 0.078 206.524
12.06 12.88 0.076 205.942
12.07 12.65 0.076 205.455
12.08 12.53 0.073 204.534
12.09 12.41 0.072 204.064
12.1 12.32 0.071 203.66
12.11 12.18 0.071 203.371
12.12 12.05 0.07 202.864
12.13 11.86 0.069 202.205
12.14 11.76 0.068 201.76
12.15 11.69 0.067 201.384
12.16 11.64 0.066 201.054
12.17 11.58 0.064 200.436
12.18 11.5 0.064 200.282
12.19 11.4 0.064 200.076
12.2 11.33 0.064 199.944
12.21 11.26 0.063 199.55
12.22 11.16 0.063 199.339
12.23 10.99 0.063 198.944
12.24 10.91 0.063 198.78
12.25 10.81 0.062 198.298
12.26 10.72 0.062 198.104
12.27 10.62 0.062 197.882
12.28 10.46 0.061 197.227
12.29 10.39 0.061 197.081
12.3 10.37 0.061 197.071
12.31 10.32 0.06 196.708
12.32 10.31 0.059 196.45
12.33 10.31 0.059 196.494
12.34 10.34 0.059 196.621
12.35 10.36 0.058 196.44
12.36 10.36 0.057 196.2
12.37 10.35 0.057 196.217
12.38 10.16 0.057 195.738
12.39 10.08 0.057 195.559
12.4 10.01 0.057 195.407
12.41 9.96 0.057 195.31
12.42 9.89 0.057 195.155
12.43 9.85 0.035 187.328
12.44 9.82 0.043 190.523
12.45 9.8 0.046 191.581
12.46 9.72 0.047 191.741
12.47 9.7 0.048 192.063
12.48 9.67 0.048 192.02
12.49 9.66 0.049 192.364
12.5 9.65 0.053 193.638
12.51 9.41 0.057 194.152
12.52 9.33 0.065 196.087
12.53 9.25 0.072 197.562
12.54 9.23 0.079 199.075
12.55 9.13 0.086 200.216
12.56 8.99 0.087 200.008
12.57 8.78 0.085 198.987
12.58 8.6 0.082 197.845
12.59 8.16 0.07 193.83
12.6 8.04 0.066 192.515
12.61 7.85 0.065 191.652
12.62 7.76 0.065 191.376
12.63 7.96 0.064 191.873
12.64 8.16 0.06 191.571
12.65 8.49 0.058 192.167
12.66 8.79 0.056 192.61
12.67 8.92 0.055 192.77
12.68 8.96 0.053 192.343
12.69 8.85 0.053 192.044
12.7 8.85 0.053 192.086
12.71 8.62 0.053 191.401
12.72 8.49 0.053 191.024
12.73 8.34 0.053 190.576
12.74 8.2 0.052 189.852
12.75 7.92 0.051 188.641
12.76 7.77 0.05 187.853
12.77 7.64 0.049 187.124
12.78 7.52 0.048 186.418
12.79 7.27 0.047 185.228
12.8 7.16 0.046 184.532
12.81 7.07 0.045 183.899
12.82 6.87 0.044 182.839
12.83 6.78 0.043 182.182
12.84 6.78 0.043 182.222
12.85 6.79 0.042 181.943
12.86 6.85 0.04 181.475
12.87 6.94 0.038 181.082
12.88 7.04 0.037 181.092
12.89 7.32 0.036 181.736
12.9 7.5 0.036 182.413
12.91 7.7 0.036 183.145
12.92 8.04 0.036 184.327
12.93 8.17 0.036 184.793
12.94 8.27 0.036 185.157
12.95 8.35 0.037 185.877
12.96 8.57 0.018 175.756
12.97 8.67 0.027 182.129
12.98 8.75 0.035 186.391
12.99 8.91 0.036 187.356
13 8.97 0.038 188.423
13.01 9.03 0.04 189.451
13.02 9.1 0.041 190.093
13.03 9.25 0.042 190.964
13.04 9.15 0.042 190.706
13.05 9.29 0.043 191.539
13.06 9.43 0.045 192.72
13.07 9.58 0.045 193.2
13.08 9.7 0.046 193.942
13.09 9.79 0.047 194.589
13.1 9.86 0.048 195.172
13.11 9.91 0.05 196.02
13.12 9.93 0.051 196.442
13.13 9.95 0.052 196.858
13.14 9.94 0.053 197.184
13.15 9.94 0.053 197.225
13.16 9.94 0.054 197.574
13.17 9.94 0.055 197.918
13.18 9.95 0.056 198.285
13.19 9.96 0.057 198.648
13.2 10 0.057 198.804
13.21 10.03 0.057 198.932
13.22 10.07 0.057 199.088
13.23 10.16 0.057 199.385
13.24 10.43 0.057 200.182
13.25 10.54 0.057 200.526
13.26 10.54 0.056 200.273
13.27 10.61 0.056 200.506
13.28 10.66 0.057 200.98
13.29 10.76 0.057 201.292
13.3 10.86 0.058 201.895
13.31 10.96 0.059 202.492
13.32 11.14 0.06 203.294
13.33 11.23 0.06 203.572
13.34 11.28 0.06 203.744
13.35 11.32 0.06 203.891
13.36 11.32 0.061 204.214
13.37 11.32 0.062 204.533
13.38 11.33 0.063 204.874
13.39 11.35 0.063 204.969
13.4 11.39 0.063 205.115
13.41 11.44 0.063 205.287
13.42 11.64 0.063 205.843
13.43 11.75 0.063 206.164
13.44 11.83 0.062 206.134
13.45 11.92 0.062 206.402
13.46 11.91 0.062 206.419
13.47 11.91 0.062 206.462
13.48 11.94 0.063 206.855
13.49 12.03 0.063 207.121
13.5 12.1 0.063 207.337
13.51 12.21 0.064 207.922
13.52 12.37 0.064 208.355
13.53 12.7 0.064 209.19
13.54 12.85 0.065 209.857
13.55 12.93 0.066 210.355
13.56 12.98 0.067 210.779
13.57 12.99 0.068 211.105
13.58 13.02 0.068 211.219
13.59 13.03 0.069 211.542
13.6 13.07 0.069 211.679
13.61 13.1 0.07 212.046
13.62 13.11 0.071 212.363
13.63 13.21 0.071 212.639
13.64 13.23 0.07 212.478
13.65 13.3 0.07 212.682
13.66 13.39 0.069 212.678
13.67 13.51 0.067 212.474
13.68 13.54 0.067 212.585
13.69 13.56 0.066 212.407
13.7 13.69 0.067 213.009
13.71 13.76 0.067 213.209
13.72 13.85 0.067 213.452
13.73 13.89 0.067 213.584
13.74 13.87 0.067 213.583
13.75 13.84 0.067 213.56
13.76 13.79 0.067 213.491
13.77 13.75 0.068 213.708
13.78 13.62 0.07 213.975
13.79 13.54 0.071 214.089
13.8 13.43 0.072 214.13
13.81 13.15 0.072 213.524
13.82 12.98 0.072 213.167
13.83 12.81 0.072 212.806
13.84 12.6 0.072 212.343
13.85 12.1 0.071 210.905
13.86 11.83 0.07 210.015
13.87 11.53 0.069 209.031
13.88 10.99 0.068 207.382
13.89 10.75 0.066 206.252
13.9 10.56 0.064 205.238
13.91 10.36 0.063 204.447
13.92 10.07 0.06 202.828
13.93 9.96 0.059 202.265
13.94 9.91 0.058 201.871
13.95 9.89 0.053 200.345
13.96 9.88 0.049 199.051
13.97 9.89 0.048 198.779
13.98 9.89 0.047 198.47
13.99 9.93 0.047 198.625
14 9.97 0.048 199.128
14.01 10.07 0.048 199.454
14.02 10.17 0.048 199.778
14.03 10.26 0.048 200.071
14.04 10.54 0.049 201.233
14.05 10.97 0.051 203.11
14.06 11.16 0.052 203.982
14.07 11.33 0.053 204.792
14.08 11.59 0.054 205.822
14.09 11.66 0.056 206.666
14.1 11.71 0.057 207.139
14.11 11.73 0.059 207.826
14.12 11.68 0.06 208.03
14.13 11.62 0.061 208.203
14.14 11.54 0.062 208.318
14.15 11.46 0.063 208.428
14.16 11.38 0.063 208.259
14.17 11.3 0.063 208.088
14.18 11.24 0.063 207.969
14.19 11.17 0.063 207.823
14.2 11.11 0.062 207.426
14.21 10.96 0.061 206.781
14.22 10.85 0.061 206.521
14.23 10.77 0.06 206.058
14.24 10.69 0.059 205.59
14.25 10.62 0.058 205.143
14.26 10.61 0.058 205.156
14.27 10.65 0.057 205.01
14.28 10.68 0.057 205.133
14.29 10.77 0.056 205.119
14.3 10.89 0.056 205.486
14.31 11.14 0.056 206.199
14.32 11.21 0.055 206.116
14.33 11.28 0.055 206.341
14.34 11.28 0.055 206.381
14.35 11.3 0.056 206.783
14.36 11.3 0.057 207.128
14.37 11.23 0.058 207.283
14.38 11.1 0.059 207.27
14.39 10.95 0.059 206.904
14.4 10.57 0.059 205.894
14.41 10.37 0.06 205.656
14.42 10.17 0.061 205.402
14.43 10.05 0.031 193.859
14.44 9.95 0.044 199.342
14.45 9.9 0.049 201.028
14.46 9.88 0.05 201.346
14.47 9.86 0.05 201.326
14.48 9.87 0.05 201.394
14.49 9.86 0.049 201.065
14.5 9.84 0.049 201.045
14.51 9.66 0.049 200.55
14.52 9.75 0.05 201.194
14.53 9.83 0.051 201.802
14.54 9.96 0.052 202.55
14.55 10.09 0.053 203.289
14.56 10.24 0.053 203.76
14.57 10.44 0.053 204.368
14.58 10.91 0.053 205.707
14.59 11.16 0.053 206.418
14.6 11.42 0.057 208.401
14.61 11.69 0.059 209.745
14.62 11.97 0.06 210.795
14.63 12.53 0.061 212.52
14.64 12.72 0.064 213.874
14.65 12.85 0.065 214.505
14.66 12.92 0.067 215.256
14.67 13.02 0.068 215.801
14.68 13.05 0.069 216.176
14.69 13.1 0.071 216.851
14.7 13.09 0.072 217.121
14.71 13.14 0.072 217.281
14.72 13.19 0.073 217.691
14.73 13.23 0.073 217.827
14.74 13.3 0.072 217.783
14.75 13.49 0.072 218.27
14.76 13.6 0.072 218.566
14.77 13.71 0.072 218.861
14.78 13.84 0.072 219.2
14.79 14.15 0.072 219.942
14.8 14.34 0.073 220.659
14.81 14.5 0.074 221.304
14.82 14.58 0.076 222.013
14.83 14.49 0.077 222.098
14.84 14.32 0.077 221.763
14.85 14.17 0.078 221.706
14.86 14 0.078 221.362
14.87 13.86 0.078 221.084
14.88 13.72 0.078 220.802
14.89 13.54 0.077 220.187
14.9 13.56 0.076 220.035
14.91 13.58 0.075 219.881
14.92 13.69 0.075 220.177
14.93 14.02 0.074 220.728
14.94 14.22 0.072 220.717
14.95 14.44 0.071 220.989
14.96 14.73 0.071 221.664
14.97 14.85 0.071 221.964
14.98 14.91 0.067 221.065
14.99 14.92 0.063 219.998
15 14.98 0.063 220.166
15.01 15.02 0.063 220.291
15.02 15.08 0.064 220.748
15.03 15.14 0.065 221.2
15.04 15.26 0.067 222.052
15.05 15.3 0.068 222.45
15.06 15.19 0.068 222.26
15.07 15.21 0.068 222.344
15.08 15.22 0.069 222.676
15.09 15.29 0.069 222.864
15.1 15.27 0.07 223.13
15.11 15.32 0.07 223.276
15.12 15.37 0.07 223.422
15.13 15.45 0.07 223.63
15.14 15.53 0.071 224.102
15.15 15.69 0.072 224.736
15.16 15.7 0.072 224.798
15.17 15.66 0.072 224.756
15.18 15.5 0.073 224.723
15.19 15.31 0.073 224.365
15.2 15.12 0.073 224.003
15.21 14.93 0.073 223.637
15.22 14.61 0.073 222.981
15.23 14.54 0.073 222.867
15.24 14.49 0.073 222.797
15.25 14.51 0.072 222.627
15.26 14.53 0.072 222.711
15.27 14.62 0.069 222.162
15.28 14.81 0.068 222.346
15.29 15.22 0.066 222.709
15.3 15.4 0.065 222.843
15.31 15.56 0.065 223.216
15.32 15.78 0.065 223.708
15.33 16.23 0.066 224.942
15.34 16.41 0.068 225.901
15.35 16.77 0.069 226.924
15.36 17.9 0.071 229.652
15.37 18.23 0.071 230.299
15.38 18.76 0.072 231.562
15.39 19.16 0.073 232.575
15.4 20.19 0.076 235.165
15.41 20.1 0.077 235.312
15.42 20.18 0.08 236.239
15.43 20.27 0.083 237.158
15.44 20.24 0.085 237.62
15.45 20.37 0.089 238.794
15.46 20.32 0.091 239.195
15.47 20.31 0.096 240.288
15.48 20.08 0.098 240.349
15.49 19.69 0.099 239.917
15.5 19.4 0.098 239.245
15.51 18.54 0.098 237.731
15.52 18.06 0.097 236.675
15.53 17.02 0.097 234.704
15.54 16.67 0.096 233.843
15.55 16.28 0.094 232.681
15.56 15.57 0.092 230.82
15.57 15.31 0.092 230.302
15.58 14.83 0.093 229.495
15.59 14.68 0.093 229.2
15.6 14.61 0.093 229.084
15.61 14.64 0.09 228.568
15.62 14.67 0.09 228.676
15.63 14.9 0.089 229.016
15.64 15.2 0.088 229.5
15.65 16.19 0.087 231.415
15.66 16.71 0.081 231.134
15.67 17.94 0.078 232.82
15.68 18.71 0.074 233.251
15.69 19.96 0.072 234.938
15.7 20.67 0.069 235.331
15.71 21.75 0.064 235.626
15.72 22.09 0.066 236.8
15.73 22.49 0.064 236.848
15.74 22.73 0.065 237.558
15.75 23.19 0.066 238.589
15.76 23.29 0.067 239.078
15.77 23.76 0.07 240.685
15.78 23.88 0.072 241.467
15.79 23.93 0.073 241.86
15.8 23.92 0.074 242.162
15.81 23.84 0.074 242.088
15.82 23.3 0.076 241.869
15.83 22.98 0.079 242.209
15.84 22.32 0.082 241.986
15.85 21.92 0.081 241.153
15.86 21.21 0.084 240.782
15.87 20.92 0.082 239.866
15.88 20.42 0.083 239.315
15.89 19.78 0.085 238.734
15.9 19.54 0.086 238.589
15.91 19.14 0.086 237.921
15.92 18.96 0.085 237.407
15.93 19 0.084 237.287
15.94 19 0.078 235.87
15.95 19.01 0.069 233.534
15.96 19.01 0.059 230.552
15.97 19.12 0.06 231.107
15.98 19.06 0.061 231.361
15.99 19.15 0.063 232.18
16 19.42 0.063 232.689
16.01 19.72 0.067 234.442
16.02 19.67 0.069 234.971
16.03 19.94 0.071 236.034
16.04 20.21 0.073 237.08
16.05 20.38 0.075 237.942
16.06 20.57 0.076 238.564
16.07 21.12 0.079 240.286
16.08 21.18 0.079 240.426
16.09 21.47 0.082 241.687
16.1 21.7 0.09 243.982
16.11 21.94 0.094 245.297
16.12 22.42 0.096 246.537
16.13 22.67 0.096 246.973
16.14 23.01 0.098 247.971
16.15 23.35 0.098 248.538
16.16 23.97 0.1 249.941
16.17 24.29 0.1 250.461
16.18 24.56 0.101 251.111
16.19 24.99 0.102 251.989
16.2 25.22 0.107 253.372
16.21 25.49 0.108 254.001
16.22 25.56 0.114 255.291
16.23 25.62 0.114 255.421
16.24 25.99 0.106 254.448
16.25 26.36 0.098 253.35
16.26 26.38 0.095 252.766
16.27 26.31 0.104 254.623
16.28 26.24 0.105 254.772
16.29 26.06 0.104 254.36
16.3 26.23 0.104 254.642
16.31 25.99 0.102 253.938
16.32 25.68 0.1 253.125
16.33 25.64 0.101 253.321
16.34 25.11 0.099 252.184
16.35 23.68 0.099 250.106
16.36 23.33 0.099 249.612
16.37 22.93 0.099 249.034
16.38 22.15 0.099 247.838
16.39 21.89 0.099 247.459
16.4 21.56 0.099 246.96
16.41 21.31 0.095 245.743
16.42 20.83 0.093 244.546
16.43 20.54 0.094 244.311
16.44 20.26 0.093 243.653
16.45 19.82 0.092 242.707
16.46 19.61 0.087 241.252
16.47 19.35 0.087 240.829
16.48 19.02 0.088 240.502
16.49 18.85 0.088 240.232
16.5 18.72 0.088 240.033
16.51 18.4 0.088 239.478
16.52 17.99 0.088 238.743
16.53 17.59 0.089 238.235
16.54 17.67 0.089 238.431
16.55 17.57 0.09 238.497
16.56 17.5 0.09 238.4
16.57 17.42 0.09 238.283
16.58 17.39 0.09 238.264
16.59 17.44 0.09 238.402
16.6 17.49 0.09 238.541
16.61 17.83 0.09 239.243
16.62 18.01 0.09 239.629
16.63 18.17 0.09 239.975
16.64 18.3 0.091 240.483
16.65 18.39 0.092 240.912
16.66 18.55 0.093 241.47
16.67 18.62 0.094 241.856
16.68 18.71 0.095 242.278
16.69 18.79 0.095 242.467
16.7 18.85 0.096 242.83
16.71 18.91 0.097 243.191
16.72 18.93 0.097 243.269
16.73 18.91 0.098 243.48
16.74 18.89 0.099 243.689
16.75 18.87 0.105 244.888
16.76 18.76 0.108 245.297
16.77 18.57 0.109 245.166
16.78 18.46 0.11 245.183
16.79 18.36 0.11 245.032
16.8 18.28 0.11 244.919
16.81 18.08 0.11 244.572
16.82 17.37 0.109 243.02
16.83 17.15 0.109 242.615
16.84 16.94 0.109 242.225
16.85 16.77 0.109 241.913
16.86 16.8 0.106 241.454
16.87 16.82 0.105 241.345
16.88 16.86 0.104 241.275
16.89 16.97 0.103 241.347
16.9 17.06 0.102 241.374
16.91 17 0.1 240.894
16.92 16.75 0.099 240.219
16.93 16.58 0.099 239.906
16.94 16.3 0.099 239.358
16.95 16.07 0.099 238.908
16.96 15.83 0.098 238.228
16.97 15.87 0.098 238.354
16.98 15.92 0.091 237.035
16.99 16.09 0.086 236.323
17 16.2 0.086 236.594
17.01 16.24 0.086 236.716
17.02 16.19 0.086 236.65
17.03 16.13 0.087 236.79
17.04 16.07 0.087 236.701
17.05 15.71 0.087 235.969
17.06 15.56 0.087 235.681
17.07 15.49 0.086 235.34
17.08 15.46 0.085 235.084
17.09 15.45 0.084 234.869
17.1 15.48 0.083 234.739
17.11 15.5 0.083 234.821
17.12 15.69 0.083 235.271
17.13 15.78 0.082 235.266
17.14 15.88 0.083 235.756
17.15 15.96 0.083 235.965
17.16 16.09 0.084 236.514
17.17 16.2 0.085 237.018
17.18 16.39 0.086 237.686
17.19 16.49 0.086 237.933
17.2 16.63 0.086 238.261
17.21 16.78 0.087 238.838
17.22 16.92 0.088 239.39
17.23 17.16 0.09 240.364
17.24 17.32 0.091 240.945
17.25 17.66 0.091 241.66
17.26 17.82 0.092 242.233
17.27 18 0.093 242.841
17.28 18.26 0.095 243.813
17.29 18.47 0.097 244.678
17.3 18.92 0.099 245.985
17.31 19.31 0.1 246.955
17.32 19.74 0.101 247.984
17.33 20.2 0.102 249.052
17.34 20.64 0.104 250.27
17.35 20.99 0.105 251.117
17.36 21.47 0.109 252.761
17.37 21.6 0.112 253.594
17.38 21.69 0.113 253.974
17.39 21.67 0.116 254.535
17.4 21.7 0.119 255.168
17.41 21.48 0.121 255.188
17.42 21.22 0.125 255.472
17.43 20.79 0.125 254.761
17.44 20.3 0.125 253.928
17.45 19.85 0.126 253.318
17.46 19.47 0.129 253.149
17.47 18.88 0.129 252.07
17.48 18.55 0.129 251.47
17.49 18.2 0.128 250.659
17.5 17.84 0.126 249.651
17.51 17.47 0.124 248.608
17.52 16.95 0.121 247.063
17.53 16.38 0.119 245.548
17.54 15.79 0.119 244.293
17.55 14.91 0.118 242.152
17.56 14.44 0.115 240.56
17.57 14 0.108 238.28
17.58 13.63 0.103 236.466
17.59 13.33 0.097 234.572
17.6 13.66 0.092 234.403
17.61 13.99 0.077 231.789
17.62 14.21 0.07 230.512
17.63 14.02 0.064 228.393
17.64 13.92 0.055 225.334
17.65 13.79 0.05 223.287
17.66 13.76 0.047 222.106
17.67 13.66 0.044 220.694
17.68 13.68 0.043 220.353
17.69 13.49 0.042 219.514
17.7 13.23 0.04 218.047
17.71 13.19 0.036 216.084
17.72 13.11 0.042 218.716
17.73 12.88 0.041 217.756
17.74 12.9 0.041 217.839
17.75 12.91 0.039 216.993
17.76 12.95 0.039 217.123
17.77 13.18 0.038 217.238
17.78 13.44 0.038 217.885
17.79 13.34 0.037 217.202
17.8 12.02 0.035 213.014
17.81 11.35 0.037 212.274
17.82 10.57 0.039 211.064
17.83 9.99 0.038 208.936
17.84 9.48 0.041 208.713
17.85 8.74 0.045 207.921
17.86 8.06 0.048 206.649
17.87 6.88 0.047 201.669
17.88 5.95 0.048 197.873
17.89 5.14 0.049 194.109
17.9 4.43 0.048 189.702
17.91 3.81 0.048 185.657
17.92 3.35 0.042 180.263
17.93 2.57 0.039 172.473
17.94 2.27 0.034 167.52
17.95 2.06 0.031 163.955
17.96 1.96 0.028 161.437
17.97 1.85 0.025 158.622
17.98 1.77 0.022 155.972
17.99 1.59 0.021 153.012
18 1.57 0.016 149.34
18.01 1.53 0.011 144.241
18.02 1.52 0.009 141.741
18.03 1.5 0.008 140.113
18.04 1.47 0.007 138.184
18.05 1.44 0.007 137.795
18.06 1.45 0.007 137.954
18.07 1.48 0.005 134.563
18.08 1.51 0.005 134.973
18.09 1.48 0.005 134.604
18.1 1.43 0.005 133.96
18.11 1.34 0.005 132.732
18.12 1.27 0.004 129.308
18.13 1.23 0.004 128.733
18.14 1.13 0.004 127.19
18.15 1.09 0.004 126.551
18.16 1.04 0.004 125.718
18.17 1.06 0.004 126.082
18.18 1.02 0.004 125.405
18.19 1 0.004 125.067
18.2 1 0.003 122.128
18.21 0.99 0.003 121.97
18.22 0.99 0.003 121.988
18.23 0.99 0.003 122.007
18.24 0.99 0.004 124.981
18.25 0.99 0.004 125.001
18.26 1 0.004 125.201
18.27 1.03 0.004 125.754
18.28 1.04 0.004 125.948
18.29 1.06 0.004 126.313
18.3 1.08 0.004 126.673
18.31 1.09 0.004 126.86
18.32 1.08 0.004 126.711
18.33 1.08 0.004 126.731
18.34 1.08 0.004 126.75
18.35 1.09 0.004 126.937
18.36 1.09 0.004 126.957
18.37 1.07 0.003 123.643
18.38 1.05 0.003 123.326
18.39 1.04 0.003 123.175
18.4 0.97 0.003 121.963
18.41 0.96 0.003 121.8
18.42 0.95 0.003 121.635
18.43 0.94 0.003 121.468
18.44 0.94 0.003 121.486
18.45 0.94 0.003 121.504
18.46 0.96 0.004 124.844
18.47 0.97 0.004 125.05
18.48 0.99 0.003 122.47
18.49 1 0.003 122.666
18.5 0.99 0.004 125.474
18.51 0.99 0.004 125.493
18.52 1.03 0.005 128.595
18.53 1.07 0.005 129.322
18.54 1.15 0.005 130.691
18.55 1.24 0.006 134.157
18.56 1.33 0.006 135.537
18.57 1.48 0.007 139.437
18.58 1.52 0.007 139.994
18.59 1.57 0.007 140.669
18.6 1.68 0.007 142.069
18.61 1.85 0.005 140.099
18.62 2.48 0.004 143.471
18.63 2.95 0.003 143.644
18.64 3.43 0.004 150.375
18.65 3.88 0.005 155.96
18.66 3.85 0.013 168.701
18.67 3.65 0.018 172.03
18.68 3.17 0.025 173.269
18.69 2.7 0.027 170.424
18.7 2.5 0.029 169.576
18.71 2.2 0.03 166.978
18.72 2.06 0.031 165.881
18.73 1.86 0.032 163.916
18.74 1.74 0.033 162.79
18.75 1.56 0.033 160.274
18.76 1.48 0.033 159.087
18.77 1.33 0.032 156.28
18.78 1.21 0.03 153.364
18.79 1.17 0.025 150.348
18.8 1.09 0.015 142.651
18.81 1.04 0.012 139.104
18.82 1 0.009 135.069
18.83 1 0.007 132.293
18.84 1.01 0.005 128.845
18.85 1.01 0.005 128.864
18.86 0.99 0.005 128.512
18.87 0.98 0.005 128.343
18.88 0.96 0.004 125.628
18.89 0.96 0.004 125.646
18.9 0.97 0.005 128.211
18.91 1.03 0.005 129.342
18.92 1.01 0.005 128.997
18.93 1.03 0.005 129.38
18.94 1.05 0.005 129.758
18.95 1.08 0.005 130.305
18.96 1.05 0.005 129.796
18.97 1.03 0.005 129.456
18.98 1.01 0.005 129.11
18.99 0.94 0.006 129.754
19 0.91 0.006 129.168
19.01 0.88 0.006 128.565
19.02 0.88 0.006 128.584
19.03 0.87 0.006 128.391
19.04 0.88 0.006 128.621
19.05 0.89 0.005 126.91
19.06 0.89 0.005 126.928
19.07 0.9 0.005 127.151
19.08 0.9 0.005 127.17
19.09 0.9 0.005 127.188
19.1 0.91 0.005 127.409
19.11 0.9 0.005 127.225
19.12 0.88 0.005 126.833
19.13 0.88 0.005 126.851
19.14 0.89 0.005 127.076
19.15 0.91 0.005 127.502
19.16 0.93 0.005 127.92
19.17 0.94 0.005 128.136
19.18 0.96 0.005 128.544
19.19 0.97 0.004 126.386
19.2 0.94 0.005 128.192
19.21 0.93 0.005 128.013
19.22 0.95 0.007 132.07
19.23 0.96 0.01 136.273
19.24 1.05 0.013 141.11
19.25 1.18 0.018 147.462
19.26 1.31 0.018 149.719
19.27 1.36 0.023 153.653
19.28 1.45 0.024 155.65
19.29 1.87 0.027 163.07
19.3 2.76 0.03 174.016
19.31 4.48 0.034 188.568
19.32 9.87 0.041 214.631
19.33 14.16 0.05 229.878
19.34 17.28 0.059 239.88
19.35 19.42 0.068 246.881
19.36 20.71 0.075 251.254
19.37 21.97 0.083 255.582
19.38 22.63 0.091 258.684
19.39 23.44 0.1 262.083
19.4 24 0.107 264.498
19.41 24.18 0.114 266.22
19.42 24.42 0.119 267.591
19.43 24.59 0.122 268.453
19.44 24.76 0.125 269.301
19.45 24.94 0.128 270.153
19.46 25.09 0.131 270.947
19.47 25.24 0.133 271.561
19.48 25.48 0.136 272.475
19.49 25.58 0.138 272.999
19.5 25.69 0.141 273.696
19.51 25.69 0 0
19.52 25.75 0 0
19.53 25.6 0 0
19.54 25.54 0 0
19.55 25.33 0 0
19.56 25.2 0 0
19.57 24.86 0 0
