0.02 0 0 0
0.03 0 0 0
0.04 0 0 0
0.05 0 0 0
0.06 0 0 0
0.07 0 0 0
0.0800001 0 0 0
0.0900001 0 0 0
0.1 0 0 0
0.11 0.02 0 0
0.12 0.05 0 0
0.13 0.18 0 0
0.14 0.34 0 0
0.15 0.39 0 0
0.16 0.52 0 0
0.17 0.730001 0 0
0.18 0.960001 0 0
0.19 1.19 0 0
0.2 1.46 0 0
0.21 1.79 0 0
0.22 2.21 0 0
0.23 2.71 0 0
0.24 3.91 0 0
0.25 4.53 0.001 42.0652
0.26 4.96 0.002 45.6431
0.27 5.45 0 0
0.28 5.95 0 0
0.29 6.4 0.001 46.0738
0.3 6.95 0.003 51.5703
0.31 7.24 0.003 52.3498
0.32 6.97 0.003 52.5257
0.33 6.7 0.005 54.9634
0.34 6.43 0.018 61.2901
0.35 6.37 0.035 65.2126
0.36 6.34 0.034 65.5224
0.37 6.27 0.034 65.9179
0.38 6.22 0.035 66.4921
0.39 6.17 0.036 67.0532
0.4 6.12 0.037 67.6016
0.41 6.09 0.037 68.0191
0.42 6.09 0.039 68.7769
0.43 6.17 0.043 69.9243
0.44 6.28 0.04 70.1286
0.45 6.49 0.024 67.9529
0.46 6.65 0.0233 68.4408
0.47 6.85 0.0227 68.9957
0.48 7.11 0.022 69.5924
0.49 7.45 0.02 69.9083
0.5 7.98 0.02 71.0012
0.51 8.13 0.02 71.5849
0.52 8.46 0.02 72.3859
0.53 8.53 0.02 72.8566
0.54 8.74 0.02 73.4931
0.55 8.75 0.019 73.5665
0.56 8.78 0.019 73.9724
0.57 8.77 0.019 74.3251
0.58 8.78 0.021 75.3222
0.59 8.78 0.023 76.256
0.6 8.75 0.023 76.5753
0.61 8.68 0.023 76.8391
0.62 8.57 0.023 77.0456
0.63 8.42 0.022 76.9076
0.640001 8.33 0.023 77.4114
0.650001 8.27 0.024 77.9403
0.660001 8.22 0.024 78.2035
0.670001 8.17 0.025 78.7291
0.680001 8.13 0.026 79.2564
0.690001 8.07 0.027 79.7439
0.700001 8.03 0.028 80.2487
0.710001 8 0.028 80.5223
0.720001 7.97 0.029 81.0285
0.730001 7.96 0.032 81.9939
0.740001 7.94 0.037 83.2747
0.75 7.94 0.039 83.9529
0.760001 7.95 0.041 84.6293
0.770001 7.95 0.043 85.2746
0.780001 7.97 0.044 85.7759
0.790001 7.98 0.047 86.5696
0.800001 7.99 0.047 86.8885
0.810001 8 0.048 87.3577
0.820001 8.01 0.048 87.6719
0.830001 8.03 0.048 87.9995
0.840001 8.06 0.05 88.6409
0.850001 8.12 0.054 89.5999
0.860001 8.18 0.056 90.2598
0.870001 8.24 0.057 90.7793
0.880001 8.31 0.059 91.4411
0.890001 8.39 0.061 92.1106
0.900001 8.45 0.062 92.6172
0.910001 8.5 0.062 92.9811
0.920001 8.53 0.061 93.1852
0.930001 8.53 0.061 93.4657
0.940001 8.5 0.06 93.5677
0.950001 8.46 0.06 93.7797
0.960001 8.41 0.059 93.8415
0.970001 8.34 0.06 94.1305
0.980001 8.17 0.06 94.1198
0.990001 8.01 0.061 94.2469
1 7.84 0.062 94.3466
1.01 7.68 0.063 94.4531
1.02 7.56 0.063 94.4977
1.03 7.49 0.064 94.7515
1.04 7.46 0.065 95.0741
1.05 7.46 0.065 95.3273
1.06 7.46 0.065 95.5788
1.07 7.46 0.065 95.8287
1.08 7.44 0.066 96.1617
1.09 7.42 0.066 96.3711
1.1 7.43 0.066 96.6348
1.11 7.48 0.065 96.8487
1.12 7.56 0.064 97.114
1.13 7.68 0.063 97.4475
1.14 7.86 0.063 98.0129
1.15 7.92 0.062 98.228
1.16 7.95 0.062 98.5183
1.17 7.96 0.062 98.7716
1.18 7.97 0.062 99.0235
1.19 7.95 0.062 99.2201
1.2 7.94 0.062 99.4332
1.21 7.96 0.062 99.699
1.22 8.02 0.062 100.035
1.23 8.09 0.062 100.388
1.24 8.15 0.062 100.722
1.25 8.18 0.063 101.135
1.26 8.18 0.063 101.359
1.27 8.18 0.064 101.715
1.28 8.18 0.064 101.937
1.29 8.21 0.064 102.212
1.3 8.24 0.064 102.485
1.31 8.25 0.064 102.722
1.32 7.67 0.057 100.887
1.33 7.69 0.05 100.041
1.34 7.51 0.049 99.74
1.35 7.29 0.048 99.3488
1.36 7.09 0.047 98.9814
1.37 6.9 0.048 98.9691
1.38 6.74 0.048 98.835
1.39 6.56 0.049 98.8177
1.4 6.5 0.05 99.0502
1.41 6.47 0.05 99.1803
1.42 6.49 0.05 99.4195
1.43 6.51 0.05 99.6578
1.44 6.52 0.05 99.8731
1.45 6.49 0.049 99.8311
1.46 6.45 0.049 99.933
1.47 6.42 0.048 99.8841
1.48 6.41 0.048 100.05
1.49 6.41 0.047 100.062
1.5 6.42 0.047 100.271
1.51 6.42 0.046 100.277
1.52 6.41 0.046 100.438
1.53 6.38 0.046 100.554
1.54 6.36 0.045 100.506
1.55 6.35 0.045 100.665
1.56 6.35 0.045 100.845
1.57 6.35 0.045 101.024
1.58 6.38 0.045 101.271
1.59 6.39 0.045 101.472
1.6 6.44 0.045 101.763
1.61 6.5 0.045 102.076
1.62 6.58 0.044 102.24
1.63 6.61 0.044 102.483
1.64 6.71 0.044 102.879
1.65 6.8 0.045 103.444
1.66 6.87 0.045 103.771
1.67 7.05 0.044 104.138
1.68 7.28 0.044 104.794
1.69 7.53 0.043 105.277
1.7 7.82 0.043 106.025
1.71 7.91 0.043 106.373
1.72 7.94 0.043 106.604
1.73 7.94 0.044 106.98
1.74 7.92 0.044 107.113
1.75 7.86 0.045 107.367
1.76 7.76 0.045 107.339
1.77 7.61 0.046 107.403
1.78 7.42 0.047 107.372
1.79 7.11 0.047 106.881
1.8 6.93 0.048 106.839
1.81 6.77 0.048 106.644
1.82 6.66 0.049 106.739
1.83 6.58 0.049 106.716
1.84 6.53 0.049 106.76
1.85 6.51 0.049 106.874
1.86 6.51 0.049 107.034
1.87 6.53 0.048 107.057
1.88 6.56 0.048 107.287
1.89 6.62 0.048 107.586
1.9 6.68 0.047 107.696
1.91 6.75 0.047 108.015
1.92 6.83 0.046 108.162
1.93 6.92 0.046 108.522
1.94 7.03 0.045 108.727
1.95 7.15 0.045 109.148
1.96 7.28 0.045 109.587
1.97 7.4 0.045 110.001
1.98 7.5 0.045 110.369
1.99 7.57 0.046 110.874
2 7.63 0.046 111.155
2.01 7.66 0.046 111.372
2.02 7.66 0.046 111.526
2.03 7.64 0.047 111.837
2.04 7.62 0.047 111.948
2.05 7.6 0.048 112.254
2.06 7.59 0.048 112.385
2.07 7.58 0.048 112.515
2.08 7.59 0.049 112.88
2.09 7.62 0.049 113.095
2.1 7.66 0.049 113.331
2.11 7.71 0.049 113.587
2.12 7.77 0.049 113.863
2.13 7.82 0.049 114.118
2.14 7.86 0.049 114.351
2.15 7.86 0.049 114.499
2.16 7.83 0.048 114.387
2.17 7.78 0.048 114.428
2.18 7.7 0.048 114.404
2.19 7.62 0.048 114.378
2.2 7.55 0.048 114.371
2.21 7.49 0.048 114.384
2.22 7.42 0.049 114.569
2.23 7.37 0.049 114.6
2.24 7.33 0.049 114.653
2.25 7.3 0.049 114.727
2.26 7.28 0.049 114.824
2.27 7.27 0.049 114.942
2.28 7.27 0.049 115.082
2.29 7.28 0.049 115.245
2.3 7.29 0.049 115.408
2.31 7.2933 0.0427 114.239
2.32 7.2967 0.0363 112.849
2.33 7.3 0.0345 112.514
2.34 7.37 0.0328 112.33
2.35 7.44 0.0325 112.53
2.36 7.49 0.0323 112.714
2.37 7.54 0.032 112.867
2.38 7.58 0.033 113.375
2.39 7.63 0.034 113.898
2.4 7.68 0.035 114.413
2.41 7.74 0.036 114.943
2.42 7.78 0.037 115.423
2.43 7.84 0.038 115.941
2.44 7.89 0.038 116.179
2.45 7.95 0.039 116.691
2.46 8.02 0.039 116.97
2.47 8.1 0.039 117.27
2.48 8.17 0.04 117.795
2.49 8.25 0.04 118.092
2.5 8.33 0.04 118.388
2.51 8.42 0.04 118.704
2.52 8.5 0.04 118.997
2.53 8.6 0.041 119.574
2.54 8.69 0.041 119.885
2.55 8.78 0.041 120.194
2.56 8.86 0.042 120.724
2.57 8.93 0.042 120.992
2.58 8.98 0.043 121.458
2.59 9 0.043 121.627
2.6 9.01 0.043 121.777
2.61 9.01 0.044 122.14
2.62 8.99 0.044 122.231
2.63 8.95 0.045 122.511
2.64 8.91 0.046 122.786
2.65 8.89 0.046 122.875
2.66 8.89 0.047 123.224
2.67 8.91 0.048 123.609
2.68 8.95 0.05 124.239
2.69 8.98 0.05 124.427
2.7 9.01 0.051 124.821
2.71 9.04 0.051 125.009
2.72 9.07 0.051 125.197
2.73 9.09 0.051 125.364
2.74 9.1 0.051 125.512
2.75 9.11 0.051 125.659
2.76 9.13 0.051 125.825
2.77 9.14 0.051 125.972
2.78 9.14 0.051 126.098
2.79 9.14 0.051 126.224
2.8 9.13 0.051 126.33
2.81 9.12 0.051 126.435
2.82 9.12 0.052 126.765
2.83 9.16 0.052 126.969
2.84 9.18 0.051 126.929
2.85 9.21 0.051 127.112
2.86 9.23 0.051 127.276
2.87 9.25 0.051 127.439
2.88 9.25 0.051 127.563
2.89 9.24 0.051 127.666
2.9 9.24 0.052 127.995
2.91 9.23 0.052 128.098
2.92 9.21 0.052 128.18
2.93 9.22 0.052 128.322
2.94 9.24 0.052 128.483
2.95 9.27 0.052 128.665
2.96 9.31 0.052 128.866
2.97 9.35 0.052 129.066
2.98 9.36 0.053 129.412
2.99 9.35 0.053 129.512
3 9.32 0.052 129.367
3.01 9.26 0.052 129.367
3.02 9.21 0.051 129.176
3.03 9.15 0.051 129.174
3.04 9.1 0.05 128.977
3.05 9.05 0.05 128.993
3.06 9.01 0.051 129.241
3.07 8.95 0.051 129.233
3.08 8.87 0.051 129.183
3.09 8.77 0.052 129.297
3.1 8.64 0.053 129.34
3.11 8.51 0.054 129.375
3.12 8.39 0.055 129.423
3.13 8.29 0.056 129.509
3.14 8.19 0.055 129.204
3.15 8.1 0.055 129.113
3.16 8.02 0.055 129.042
3.17 7.94 0.055 128.969
3.18 7.85 0.054 128.673
3.19 7.76 0.054 128.572
3.2 7.66 0.053 128.244
3.21 7.53 0.053 128.04
3.22 7.38 0.052 127.577
3.23 7.22 0.052 127.285
3.24 7.04 0.052 126.932
3.25 6.83 0.052 126.488
3.26 6.58 0.052 125.918
3.27 6.29 0.052 125.21
3.28 5.97 0.052 124.378
3.29 5.6 0.052 123.341
3.3 5.18 0.051 121.87
3.31 4.05 0.0447 116.442
3.32 4.03 0.0383 114.969
3.33 3.74 0.0379 113.735
3.34 3.42 0.0374 112.249
3.35 3.1 0.037 110.665
3.36 2.78 0.039 109.511
3.37 2.48 0.041 108.264
3.38 2.22 0.042 106.853
3.39 2 0.044 105.754
3.4 1.83 0.046 104.883
3.41 1.72 0.048 104.404
3.42 1.63 0.049 103.862
3.43 1.55 0.052 103.707
3.44 1.47 0.055 103.484
3.45 1.38 0.057 102.935
3.46 1.31 0.058 102.397
3.47 1.25 0.06 102.077
3.48 1.21 0.063 102.095
3.49 1.17 0.066 102.077
3.5 1.12 0.069 101.894
3.51 1.07 0.071 101.548
3.52 1.01 0.072 100.904
3.53 0.970001 0.074 100.627
3.54 0.920001 0.075 100.053
3.55 0.890001 0.075 99.6549
3.56 0.890001 0.073 99.5088
3.57 0.920001 0.072 99.9483
3.58 1 0.071 101.117
3.59 1.2 0.071 103.887
3.6 1.55 0.07 107.743
3.61 2.09 0.069 112.434
3.62 2.77 0.068 117.036
3.63 3.38 0.064 119.925
3.64 3.84 0.059 121.418
3.65 4.17 0.057 122.609
3.66 4.4 0.056 123.473
3.67 4.61 0.054 124.023
3.68 4.77 0.051 124.137
3.69 4.91 0.045 123.457
3.7 5.01 0.037 121.907
3.71 5.11 0.032 120.877
3.72 5.21 0.028 119.966
3.73 5.3 0.026 119.612
3.74 5.4 0.023 118.806
3.75 5.49 0.02 117.799
3.76 5.57 0.018 117.101
3.77 5.64 0.018 117.399
3.78 5.7 0.018 117.664
3.79 5.73 0.018 117.84
3.8 5.75 0.019 118.517
3.81 5.73 0.019 118.545
3.82 5.69 0.019 118.511
3.83 5.62 0.02 118.893
3.84 5.5 0.02 118.61
3.85 5.34 0.021 118.673
3.86 5.15 0.022 118.598
3.87 4.92 0.023 118.342
3.88 4.57 0.024 117.591
3.89 4.34 0.025 117.201
3.9 4.12 0.027 117.157
3.91 3.94 0.029 117.183
3.92 3.87 0.03 117.295
3.93 3.81 0.032 117.745
3.94 3.94 0.036 119.564
3.95 4.15 0.038 121.09
3.96 4.47 0.04 123.002
3.97 4.79 0.043 125.07
3.98 4.92 0.045 126.118
3.99 4.9 0.042 125.41
4 4.82 0.038 124.162
4.01 4.65 0.037 123.333
4.02 4.49 0.037 122.798
4.03 4.31 0.037 122.161
4.04 4.1 0.036 121.092
4.05 3.97 0.033 119.745
4.06 4.07 0.033 120.257
4.07 4.47 0.033 121.975
4.08 5.02 0.033 124.115
4.09 5.91 0.036 128.077
4.1 6.11 0.036 128.779
4.11 6.16 0.03 127.076
4.12 6.08 0.024 124.588
4.13 5.95 0.024 124.284
4.14 5.79 0.024 123.881
4.15 5.58 0.026 124.13
4.16 5.33 0.028 124.159
4.17 5.05 0.027 122.908
4.18 4.88 0.0267 122.271
4.19 4.82 0.0263 121.981
4.2 4.98 0.026 122.52
4.21 5.33 0.029 124.936
4.22 5.81 0.029 126.581
4.23 6.3 0.027 127.39
4.24 6.73 0.024 127.436
4.25 7.09 0.0237 128.346
4.26 7.5 0.0233 129.29
4.27 7.83 0.023 130.039
4.28 8.02 0.023 130.574
4.29 8.13 0.023 130.915
4.3 8.12 0.023 130.977
4.31 8.0367 0.016 126.975
4.32 7.9533 0.015 126.186
4.33 7.87 0.015 126.076
4.34 7.76 0.015 125.902
4.35 7.59 0.017 126.895
4.36 7.36 0.018 127.018
4.37 7.07 0.02 127.478
4.38 6.69 0.021 127.063
4.39 6.17 0.023 126.625
4.4 5.56 0.026 126.1
4.41 4.94 0.03 125.535
4.42 4.46 0.033 124.764
4.43 4.09 0.037 124.475
4.44 3.84 0.041 124.485
4.45 3.69 0.045 124.813
4.46 3.62 0.05 125.644
4.47 3.58 0.054 126.327
4.48 3.57 0.058 127.109
4.49 3.62 0.06 127.802
4.5 3.73 0.059 128.254
4.51 3.88 0.056 128.505
4.52 3.98 0.054 128.666
4.53 3.98 0.048 127.49
4.54 3.87 0.045 126.374
4.55 3.72 0.043 125.259
4.56 3.57 0.037 123.046
4.57 3.4 0.032 120.791
4.58 3.24 0.026 117.973
4.59 3.14 0.023 116.32
4.6 3.14 0.021 115.513
4.61 3.24 0.02 115.635
4.62 3.36 0.021 116.786
4.63 3.47 0.021 117.399
4.64 3.62 0.022 118.646
4.65 3.73 0.024 120.096
4.66 3.79 0.025 120.854
4.67 3.81 0.027 121.795
4.68 3.82 0.028 122.283
4.69 3.87 0.028 122.585
4.7 3.96 0.027 122.693
4.71 4.04 0.025 122.333
4.72 4.14 0.0247 122.714
4.73 4.23 0.0243 123
4.74 4.32 0.024 123.318
4.75 4.44 0.026 124.706
4.76 4.56 0.027 125.653
4.77 4.66 0.028 126.502
4.78 4.76 0.028 126.963
4.79 4.87 0.028 127.456
4.8 4.97 0.025 126.703
4.81 5.18 0.022 126.185
4.82 5.34 0.022 126.812
4.83 5.47 0.022 127.325
4.84 5.58 0.021 127.271
4.85 5.74 0.021 127.863
4.86 5.95 0.022 129.099
4.87 6.23 0.023 130.513
4.88 6.58 0.026 132.969
4.89 6.95 0.029 135.32
4.9 7.43 0.028 136.307
4.91 7.57 0.027 136.338
4.92 7.81 0.027 137.03
4.93 8.07 0.027 137.755
4.94 8.41 0.027 138.655
4.95 8.5 0.028 139.366
4.96 8.65 0.03 140.601
4.97 8.64 0.026 138.992
4.98 8.61 0.024 138.077
4.99 8.58 0.021 136.559
5 8.71 0.02 136.377
5.01 8.78 0.02 136.61
5.02 8.99 0.022 138.243
5.03 9.04 0.023 138.943
5.04 9.02 0.023 138.976
5.05 9 0.024 139.501
5.06 8.91 0.025 139.85
5.07 8.71 0.029 141.203
5.08 8.54 0.031 141.664
5.09 8.36 0.033 142.044
5.1 8.16 0.036 142.656
5.11 7.94 0.037 142.498
5.12 7.72 0.038 142.315
5.13 7.52 0.039 142.162
5.14 7.38 0.04 142.153
5.15 7.28 0.041 142.243
5.16 7.18 0.041 142.037
5.17 7.03 0.041 141.682
5.18 6.8 0.041 141.08
5.19 6.32 0.042 139.956
5.2 5.97 0.041 138.609
5.21 5.62 0.04 137.199
5.22 5.32 0.04 136.192
5.23 5.07 0.04 135.324
5.24 4.87 0.04 134.613
5.25 4.74 0.039 133.878
5.26 4.67 0.038 133.374
5.27 4.65 0.038 133.362
5.28 4.67 0.038 133.515
5.29 4.72 0.039 134.08
5.3 4.79 0.039 134.435
5.31 4.58 0.031 131.111
5.32 5.05 0.031 133.038
5.33 5.24 0.03 133.453
5.34 5.45 0.029 133.902
5.35 5.65 0.027 133.87
5.36 5.82 0.025 133.654
5.37 5.9 0.024 133.533
5.38 5.93 0.023 133.227
5.39 5.97 0.021 132.418
5.4 6.03 0.02 132.14
5.41 6.11 0.02 132.459
5.42 6.2 0.019 132.241
5.43 6.3 0.019 132.614
5.44 6.41 0.019 133.013
5.45 6.5 0.019 133.348
5.46 6.55 0.02 134.135
5.47 6.56 0.022 135.301
5.48 6.58 0.023 135.931
5.49 6.58 0.024 136.483
5.5 6.61 0.025 137.106
5.51 6.72 0.025 137.502
5.52 6.88 0.026 138.489
5.53 7.1 0.027 139.626
5.54 7.34 0.027 140.366
5.55 7.56 0.027 141.035
5.56 7.77 0.026 141.22
5.57 7.94 0.026 141.731
5.58 8.08 0.027 142.606
5.59 8.22 0.027 143.031
5.6 8.32 0.028 143.786
5.61 8.48 0.028 144.252
5.62 8.61 0.029 145.063
5.63 8.72 0.028 144.976
5.64 8.84 0.028 145.334
5.65 9.05 0.029 146.324
5.66 9.29 0.03 147.364
5.67 9.57 0.03 148.068
5.68 9.85 0.03 148.757
5.69 10.18 0.0297 149.413
5.7 10.46 0.0293 149.902
5.71 10.77 0.029 150.478
5.72 11.16 0.029 151.324
5.73 11.53 0.029 152.111
5.74 11.78 0.028 152.21
5.75 11.72 0.027 151.712
5.76 11.82 0.033 154.53
5.77 11.88 0.033 154.717
5.78 11.9 0.032 154.433
5.79 11.92 0.031 154.137
5.8 11.91 0.03 153.773
5.81 11.83 0.031 154.117
5.82 11.78 0.031 154.097
5.83 11.74 0.031 154.095
5.84 11.71 0.032 154.519
5.85 11.75 0.033 155.065
5.86 11.83 0.036 156.418
5.87 11.9 0.037 156.983
5.88 11.93 0.039 157.804
5.89 12.02 0.041 158.708
5.9 12.06 0.036 157.15
5.91 12.1 0.035 156.93
5.92 12.14 0.036 157.447
5.93 12.15 0.036 157.54
5.94 12.13 0.035 157.207
5.95 12.13 0.036 157.65
5.96 12.15 0.037 158.121
5.97 12.15 0.038 158.546
5.98 12.11 0.039 158.888
5.99 11.99 0.04 159.068
6 11.84 0.041 159.181
6.01 11.68 0.044 159.879
6.02 11.53 0.045 159.955
6.03 11.35 0.048 160.526
6.04 11.17 0.053 161.557
6.05 11.04 0.056 162.1
6.06 10.96 0.056 162.005
6.07 10.94 0.055 161.794
6.08 10.91 0.051 160.79
6.09 10.81 0.043 158.386
6.1 10.7 0.04 157.276
6.11 10.38 0.0407 156.887
6.12 10.19 0.0413 156.732
6.13 9.87 0.042 156.303
6.14 9.37 0.041 154.897
6.15 9.1 0.042 154.626
6.16 8.9 0.04 153.577
6.17 8.77 0.039 152.998
6.18 8.53 0.038 152.127
6.19 8.36 0.039 152.084
6.2 8.16 0.042 152.56
6.21 7.94 0.045 152.904
6.22 7.64 0.046 152.405
6.23 7.24 0.048 151.833
6.24 6.81 0.049 150.826
6.25 6.45 0.051 150.217
6.26 6.2 0.055 150.372
6.27 6.01 0.06 150.855
6.28 5.93 0.062 151.042
6.29 6.14 0.062 151.868
6.3 6.78 0.0617 154.058
6.31 7.49 0.0613 156.267
6.32 8.67 0.061 159.599
6.33 9.26 0.065 162.045
6.34 9.54 0.064 162.603
6.35 9.72 0.065 163.323
6.36 9.78 0.067 163.952
6.37 9.92 0.07 164.96
6.38 9.95 0.07 165.104
6.39 9.89 0.072 165.419
6.4 9.76 0.071 164.984
6.41 9.65 0.065 163.58
6.42 9.59 0.059 162.192
6.43 9.56 0.055 161.244
6.44 9.53 0.05 159.968
6.45 9.53 0.042 157.732
6.46 9.59 0.036 155.93
6.47 9.69 0.035 155.864
6.48 9.84 0.035 156.276
6.49 10 0.039 158.124
6.5 10.23 0.043 160.005
6.51 10.53 0.045 161.351
6.52 11.03 0.045 162.501
6.53 11.43 0.042 162.471
6.54 11.93 0.039 162.54
6.55 12.42 0.038 163.202
6.56 12.75 0.036 163.153
6.57 12.97 0.035 163.242
6.58 13.08 0.032 162.295
6.59 13.09 0.035 163.596
6.6 13.06 0.0347 163.494
6.61 12.96 0.0343 163.225
6.62 12.78 0.034 162.846
6.63 12.6 0.033 162.178
6.64 12.42 0.034 162.313
6.65 12.21 0.037 163.126
6.66 12.02 0.04 163.886
6.67 11.82 0.042 164.224
6.68 11.67 0.044 164.626
6.69 11.51 0.047 165.272
6.7 11.33 0.049 165.539
6.71 11.14 0.052 166.024
6.72 10.9 0.054 166.093
6.73 10.68 0.055 165.928
6.74 10.49 0.056 165.816
6.75 10.41 0.058 166.186
6.76 10.38 0.056 165.701
6.77 10.46 0.053 165.194
6.78 10.59 0.05 164.755
6.79 10.65 0.049 164.68
6.8 10.71 0.046 164.016
6.81 10.83 0.043 163.427
6.82 10.93 0.04 162.728
6.83 10.97 0.038 162.186
6.84 10.93 0.0377 162.06
6.85 10.96 0.0373 162.046
6.86 10.99 0.037 162.067
6.87 11.05 0.039 162.972
6.88 11.13 0.041 163.888
6.89 11.26 0.043 164.88
6.9 11.38 0.042 164.876
6.91 11.44 0.042 165.067
6.92 11.54 0.043 165.665
6.93 11.62 0.042 165.572
6.94 11.61 0.047 167.175
6.95 11.48 0.042 165.415
6.96 11.37 0.038 163.882
6.97 11.38 0.038 163.968
6.98 11.37 0.034 162.502
6.99 11.37 0.0327 162.04
7 11 0.0313 160.748
7.01 10.9 0.03 160.034
7.02 10.86 0.0293 159.699
7.03 10.73 0.0287 159.211
7.04 10.63 0.028 158.733
7.05 10.37 0.027 157.752
7.06 10.3 0.027 157.661
7.07 10.2 0.026 157.008
7.08 10.08 0.028 157.772
7.09 9.97 0.027 157.108
7.1 9.96 0.028 157.623
7.11 10.02 0.028 157.822
7.12 10.18 0.03 159.155
7.13 10.3 0.03 159.486
7.14 10.47 0.033 161.198
7.15 10.63 0.032 161.2
7.16 10.91 0.031 161.44
7.17 11.27 0.031 162.26
7.18 11.86 0.031 163.52
7.19 12.61 0.033 165.894
7.2 12.87 0.032 166.021
7.21 13.77 0.027 165.356
7.22 14.48 0.026 166.099
7.23 14.86 0.025 166.241
7.24 15.84 0.028 169.431
7.25 17.23 0.047 179.116
7.26 18.56 0.0950001 192.035
7.27 19.06 0.111 195.359
7.28 19.99 0.107 196.179
7.29 21.07 0.091 195.099
7.3 20.78 0.094 195.311
7.31 20.33 0.096 195.112
7.32 19.88 0.098 194.892
7.33 19.43 0.1 194.651
7.34 19.5 0.126 198.608
7.35 18.74 0.12 196.749
7.36 18.72 0.122 197.064
7.37 18.32 0.1 193.301
7.38 17.6 0.087 190.046
7.39 17.24 0.079 188.038
7.4 17.09 0.069 185.768
7.41 17.4 0.072 186.981
7.42 17.86 0.062 185.433
7.43 17.91 0.059 184.813
7.44 17.76 0.048 181.516
7.45 17.65 0.035 176.716
7.46 18.16 0.034 177.081
7.47 18.18 0.033 176.735
7.48 18.09 0.0353 177.668
7.49 18.16 0.0377 178.809
7.5 18.09 0.04 179.658
7.51 18.06 0.042 180.413
7.52 18.25 0.055 184.853
7.53 17.99 0.071 188.502
7.54 17.81 0.094 192.747
7.55 17.6 0.108 194.725
7.56 17.69 0.107 194.789
7.57 17.69 0.109 195.161
7.58 17.88 0.108 195.383
7.59 17.98 0.103 194.842
7.6 17.84 0.098 193.89
7.61 17.73 0.093 192.946
7.62 17.74 0.084 191.404
7.63 17.61 0.0817 190.83
7.64 17.45 0.0793 190.176
7.65 17.23 0.077 189.434
7.66 17.24 0.077 189.518
7.67 17.22 0.076 189.349
7.68 17.21 0.066 187.192
7.69 17.22 0.055 184.456
7.7 17.29 0.052 183.771
7.71 17.26 0.052 183.791
7.72 17.27 0.046 182.007
7.73 17.29 0.0473 182.525
7.74 17.2 0.0487 182.897
7.75 17.13 0.05 183.256
7.76 17.03 0.055 184.626
7.77 16.67 0.064 186.461
7.78 16.52 0.068 187.227
7.79 16.68 0.059 185.352
7.8 16.68 0.048 182.262
7.81 16.58 0.038 178.662
7.82 16.59 0.037 178.345
7.83 16.73 0.0393 179.523
7.84 16.67 0.0417 180.381
7.85 16.4 0.044 180.827
7.86 16.28 0.044 180.7
7.87 16.17 0.057 184.519
7.88 16.27 0.045 181.15
7.89 16.22 0.043 180.45
7.9 16.47 0.037 178.664
7.91 16.27 0.033 176.722
7.92 16.3 0.032 176.379
7.93 16.23 0.0337 177.093
7.94 16.2 0.0353 177.792
7.95 16.11 0.037 178.409
7.96 15.92 0.038 178.562
7.97 15.65 0.034 176.544
7.98 15.19 0.032 174.964
7.99 14.74 0.031 173.808
8 14.2 0.031 172.937
8.01 13.74 0.034 173.507
8.02 13.2 0.037 173.786
8.03 12.85 0.042 175.011
8.04 12.44 0.048 176.203
8.05 12.23 0.049 176.134
8.06 12.15 0.045 174.785
8.07 12.12 0.034 170.755
8.08 12.08 0.034 170.732
8.09 12.26 0.034 171.155
8.1 12.62 0.034 171.929
8.11 13.45 0.032 172.699
8.12 14.11 0.031 173.495
8.13 14.69 0.028 173.092
8.14 15.12 0.025 172.241
8.15 15.28 0.024 171.976
8.16 15.29 0.0237 171.871
8.17 15.26 0.0233 171.637
8.18 15.15 0.023 171.332
8.19 15.04 0.025 172.402
8.2 14.96 0.027 173.435
8.21 14.92 0.028 173.953
8.22 14.91 0.03 174.997
8.23 14.88 0.031 175.483
8.24 14.84 0.033 176.389
8.25 14.8 0.036 177.662
8.26 14.75 0.043 180.281
8.27 14.73 0.048 181.964
8.28 14.73 0.053 183.532
8.29 14.76 0.057 184.762
8.3 14.81 0.061 185.961
8.31 14.93 0.064 186.985
8.32 14.9733 0.0587 185.784
8.33 15.0167 0.0533 184.437
8.34 15.06 0.0539 184.747
8.35 15.16 0.0544 185.127
8.36 15.18 0.055 185.393
8.37 15.16 0.055 185.419
8.38 15.13 0.055 185.428
8.39 15.07 0.055 185.383
8.4 15 0.055 185.32
8.41 14.98 0.055 185.346
8.42 14.95 0.055 185.354
8.43 14.96 0.055 185.433
8.44 14.99 0.055 185.547
8.45 15.04 0.056 185.976
8.46 15.06 0.053 185.222
8.47 15.06 0.052 184.99
8.48 15.05 0.052 185.033
8.49 15.05 0.052 185.093
8.5 15.05 0.051 184.855
8.51 15.05 0.051 184.916
8.52 15.03 0.051 184.941
8.53 14.98 0.051 184.912
8.54 14.87 0.05 184.472
8.55 14.71 0.049 183.935
8.56 14.37 0.049 183.377
8.57 14.1 0.05 183.243
8.58 13.78 0.051 182.999
8.59 13.46 0.051 182.44
8.6 13.17 0.052 182.222
8.61 12.9 0.052 181.738
8.62 12.67 0.053 181.614
8.63 12.42 0.053 181.152
8.64 12.36 0.053 181.084
8.65 12.25 0.054 181.19
8.66 12.17 0.054 181.078
8.67 12.12 0.054 181.028
8.68 12.08 0.053 180.719
8.69 12.01 0.051 180.048
8.7 11.99 0.05 179.766
8.71 11.91 0.049 179.349
8.72 11.74 0.047 178.415
8.73 11.67 0.046 178
8.74 11.48 0.045 177.312
8.75 11.36 0.044 176.769
8.76 11.25 0.043 176.24
8.77 11.2 0.043 176.183
8.78 11.1 0.042 175.667
8.79 11.17 0.041 175.53
8.8 11.38 0.041 176.057
8.81 11.72 0.038 175.746
8.82 12.19 0.038 176.799
8.83 12.46 0.038 177.414
8.84 12.79 0.039 178.524
8.85 13.18 0.04 179.733
8.86 13.65 0.041 181.07
8.87 14.15 0.044 183.141
8.88 14.62 0.045 184.407
8.89 15.05 0.045 185.236
8.9 15.46 0.045 186.012
8.91 15.9 0.046 187.166
8.92 16.28 0.051 189.482
8.93 16.58 0.055 191.237
8.94 16.87 0.058 192.625
8.95 17.14 0.06 193.671
8.96 17.36 0.061 194.354
8.97 17.53 0.063 195.211
8.98 17.69 0.064 195.783
8.99 17.84 0.063 195.825
9 17.93 0.063 196.028
9.01 17.93 0.063 196.088
9.02 17.82 0.066 196.735
9.03 17.69 0.071 197.786
9.04 17.48 0.076 198.629
9.05 17.22 0.079 198.901
9.06 16.98 0.079 198.561
9.07 16.74 0.078 198.005
9.08 16.59 0.079 198.019
9.09 16.46 0.079 197.855
9.1 16.36 0.079 197.742
9.11 16.25 0.079 197.61
9.12 16.14 0.0800001 197.684
9.13 16.05 0.082 197.991
9.14 15.94 0.084 198.253
9.15 15.87 0.0850001 198.383
9.16 15.84 0.086 198.582
9.17 15.81 0.086 198.588
9.18 15.79 0.087 198.803
9.19 15.76 0.086 198.618
9.2 15.74 0.0850001 198.448
9.21 15.71 0.0850001 198.454
9.22 15.69 0.0850001 198.477
9.23 15.65 0.084 198.269
9.24 15.59 0.083 198.021
9.25 15.51 0.082 197.735
9.26 15.44 0.082 197.665
9.27 15.39 0.081 197.431
9.28 15.35 0.0800001 197.212
9.29 15.35 0.079 197.065
9.3 15.37 0.079 197.16
9.31 15.4 0.079 197.275
9.32 15.35 0.0727 195.882
9.33 15.3 0.0663 194.353
9.34 15.25 0.0655 194.123
9.35 15.26 0.0648 194.025
9.36 15.25 0.064 193.864
9.37 15.2 0.064 193.83
9.38 15.17 0.065 194.083
9.39 15.09 0.066 194.239
9.4 14.99 0.067 194.353
9.41 14.92 0.067 194.28
9.42 14.83 0.067 194.168
9.43 14.76 0.068 194.332
9.44 14.69 0.068 194.257
9.45 14.62 0.068 194.18
9.46 14.53 0.069 194.301
9.47 14.45 0.07 194.436
9.48 14.39 0.071 194.606
9.49 14.33 0.071 194.546
9.5 14.29 0.072 194.751
9.51 14.29 0.072 194.808
9.52 14.32 0.073 195.148
9.53 14.44 0.075 195.879
9.54 14.65 0.077 196.775
9.55 14.95 0.077 197.407
9.56 15.23 0.075 197.56
9.57 15.45 0.071 197.125
9.58 15.58 0.069 196.952
9.59 15.64 0.068 196.879
9.6 15.71 0.067 196.819
9.61 15.89 0.067 197.2
9.62 16.04 0.067 197.524
9.63 16.1 0.067 197.687
9.64 16.11 0.067 197.762
9.65 16.09 0.068 198.027
9.66 16.06 0.068 198.031
9.67 16.03 0.069 198.276
9.68 15.98 0.069 198.243
9.69 15.9 0.069 198.157
9.7 15.85 0.069 198.124
9.71 15.78 0.069 198.054
9.72 15.67 0.068 197.671
9.73 15.5 0.068 197.418
9.74 15.25 0.068 197.012
9.75 14.96 0.067 196.282
9.76 14.53 0.066 195.271
9.77 14.41 0.065 194.846
9.78 14.23 0.064 194.298
9.79 14.03 0.063 193.703
9.8 13.97 0.062 193.381
9.81 13.88 0.062 193.256
9.82 13.83 0.062 193.21
9.83 13.79 0.062 193.184
9.84 13.79 0.061 192.978
9.85 13.81 0.06 192.807
9.86 13.89 0.06 193.022
9.87 13.96 0.061 193.482
9.88 14.04 0.062 193.958
9.89 14.18 0.064 194.804
9.9 14.25 0.064 194.997
9.91 14.35 0.063 194.993
9.92 14.47 0.062 195.022
9.93 14.63 0.061 195.121
9.94 14.83 0.061 195.558
9.95 15.03 0.062 196.255
9.96 15.23 0.062 196.684
9.97 15.46 0.062 197.164
9.98 15.73 0.061 197.444
9.99 16.02 0.06 197.747
10 16.32 0.058 197.773
10.01 16.59 0.057 198.009
10.02 16.86 0.056 198.233
10.03 17.12 0.056 198.725
10.04 17.37 0.055 198.897
10.05 17.61 0.055 199.346
10.06 17.8 0.057 200.304
10.07 17.88 0.058 200.779
10.08 17.84 0.056 200.184
10.09 17.71 0.056 200.029
10.1 17.48 0.058 200.291
10.11 17.29 0.062 201.145
10.12 17.13 0.068 202.481
10.13 16.94 0.072 203.175
10.14 16.84 0.075 203.749
10.15 16.71 0.076 203.802
10.16 16.61 0.077 203.903
10.17 16.59 0.077 203.923
10.18 16.6 0.077 203.997
10.19 16.5 0.076 203.653
10.2 16.32 0.077 203.609
10.21 16.03 0.078 203.357
10.22 15.69 0.079 203.001
10.23 15.32 0.079 202.359
10.24 15 0.079 201.8
10.25 14.71 0.0800001 201.499
10.26 14.47 0.082 201.49
10.27 14.28 0.083 201.364
10.28 14.16 0.083 201.174
10.29 14.06 0.082 200.821
10.3 13.95 0.082 200.648
10.31 13.82 0.081 200.227
10.32 13.67 0.0800001 199.76
10.33 13.5067 0.069 197.029
10.34 13.3433 0.069 196.736
10.35 13.18 0.067 195.961
10.36 13.24 0.066 195.896
10.37 13.32 0.067 196.364
10.38 13.43 0.069 197.132
10.39 13.52 0.07 197.61
10.4 13.56 0.069 197.511
10.41 13.55 0.068 197.303
10.42 13.51 0.065 196.532
10.43 13.47 0.061 195.465
10.44 13.43 0.058 194.615
10.45 13.38 0.057 194.281
10.46 13.26 0.056 193.795
10.47 13.09 0.056 193.487
10.48 12.87 0.056 193.067
10.49 12.54 0.058 192.959
10.5 12.34 0.058 192.564
10.51 12.17 0.059 192.504
10.52 12.03 0.059 192.235
10.53 11.9 0.059 191.985
10.54 11.77 0.059 191.732
10.55 11.66 0.058 191.251
10.56 11.51 0.058 190.945
10.57 11.29 0.058 190.465
10.58 11 0.057 189.528
10.59 10.67 0.056 188.471
10.6 10.34 0.056 187.669
10.61 10.05 0.055 186.671
10.62 9.77 0.054 185.678
10.63 9.51 0.051 184.129
10.64 9.15 0.048 182.235
10.65 8.87 0.048 181.469
10.66 8.62 0.048 180.77
10.67 8.4 0.051 181.056
10.68 8.3 0.054 181.653
10.69 8.42 0.056 182.628
10.7 8.84 0.059 184.761
10.71 10.5 0.058 189.177
10.72 11.55 0.063 193.165
10.73 12.13 0.069 196.062
10.74 12.48 0.07 197.153
10.75 12.95 0.072 198.722
10.76 13.59 0.075 200.84
10.77 14.16 0.075 202.084
10.78 14.7 0.075 203.229
10.79 15.1 0.074 203.841
10.8 15.33 0.068 202.905
10.81 15.48 0.061 201.413
10.82 15.56 0.051 198.633
10.83 15.62 0.046 197.095
10.84 15.62 0.043 196.043
10.85 15.59 0.042 195.655
10.86 15.56 0.041 195.259
10.87 15.52 0.04 194.836
10.88 15.5 0.04 194.85
10.89 15.48 0.04 194.863
10.9 15.52 0.041 195.387
10.91 15.59 0.042 195.955
10.92 15.68 0.047 198.012
10.93 15.76 0.058 201.706
10.94 15.9 0.07 205.2
10.95 16.02 0.075 206.658
10.96 16.13 0.079 207.81
10.97 16.19 0.082 208.62
10.98 16.26 0.0850001 209.428
10.99 16.27 0.087 209.905
11 16.24 0.088 210.102
11.01 16.2 0.089 210.278
11.02 15.97 0.0900001 210.094
11.03 15.9 0.091 210.207
11.04 15.6 0.093 210.064
11.05 15.45 0.094 210.011
11.06 15.36 0.094 209.887
11.07 15.32 0.094 209.861
11.08 15.24 0.0950001 209.941
11.09 15.08 0.0950001 209.674
11.1 14.91 0.0950001 209.385
11.11 14.72 0.0950001 209.051
11.12 14.51 0.0950001 208.671
11.13 14.31 0.0950001 208.306
11.14 14.11 0.094 207.753
11.15 13.93 0.0950001 207.604
11.16 13.78 0.096 207.513
11.17 13.67 0.097 207.504
11.18 13.62 0.103 208.485
11.19 13.62 0.109 209.521
11.2 13.71 0.115 210.709
11.21 13.83 0.114 210.873
11.22 14.11 0.112 211.224
11.23 14.38 0.105 210.719
11.24 14.67 0.098 210.168
11.25 14.99 0.093 209.958
11.26 15.35 0.088 209.762
11.27 15.8 0.086 210.286
11.28 16.24 0.0850001 210.966
11.29 16.63 0.086 211.946
11.3 16.88 0.0900001 213.26
11.31 17.01 0.092 213.939
11.32 16.8733 0.0837 212.068
11.33 16.7367 0.0753 210.016
11.34 16.6 0.0732 209.326
11.35 16.61 0.0711 208.889
11.36 16.67 0.069 208.528
11.37 16.81 0.07 209.08
11.38 17.06 0.071 209.824
11.39 17.39 0.073 210.942
11.4 17.71 0.074 211.788
11.41 17.98 0.074 212.302
11.42 18.19 0.074 212.709
11.43 18.35 0.074 213.029
11.44 18.47 0.075 213.519
11.45 18.64 0.077 214.322
11.46 18.74 0.0800001 215.222
11.47 18.88 0.084 216.382
11.48 19.05 0.087 217.348
11.49 19.24 0.0900001 218.326
11.5 19.44 0.093 219.302
11.51 19.6 0.096 220.195
11.52 19.64 0.1 221.062
11.53 19.62 0.104 221.806
11.54 19.58 0.107 222.319
11.55 19.54 0.109 222.65
11.56 19.55 0.112 223.224
11.57 19.56 0.113 223.459
11.58 19.58 0.116 224.033
11.59 19.63 0.117 224.33
11.6 19.66 0.118 224.592
11.61 19.65 0.118 224.629
11.62 19.59 0.118 224.584
11.63 19.54 0.119 224.713
11.64 19.54 0.121 225.078
11.65 19.58 0.126 225.958
11.66 19.65 0.127 226.277
11.67 19.79 0.125 226.264
11.68 19.94 0.117 225.32
11.69 20.09 0.112 224.799
11.7 20.2 0.109 224.522
11.71 20.25 0.108 224.483
11.72 20.28 0.108 224.584
11.73 20.28 0.108 224.637
11.74 20.29 0.109 224.879
11.75 20.32 0.111 225.32
11.76 20.37 0.114 225.954
11.77 20.42 0.117 226.577
11.78 20.46 0.12 227.172
11.79 20.47 0.121 227.398
11.8 20.51 0.123 227.827
11.81 20.57 0.124 228.13
11.82 20.62 0.124 228.263
11.83 20.6 0.125 228.438
11.84 20.57 0.126 228.595
11.85 20.52 0.128 228.868
11.86 20.45 0.128 228.809
11.87 20.39 0.129 228.914
11.88 20.38 0.13 229.099
11.89 20.37 0.131 229.282
11.9 20.36 0.132 229.465
11.91 20.35 0.133 229.646
11.92 20.35 0.134 229.843
11.93 20.35 0.135 230.039
11.94 20.41 0.135 230.19
11.95 20.49 0.136 230.515
11.96 20.53 0.135 230.492
11.97 20.54 0.134 230.419
11.98 20.49 0.134 230.391
11.99 20.44 0.133 230.22
12 20.31 0.133 230.062
12.01 20.25 0.133 230.017
12.02 20.26 0.132 229.942
12.03 20.36 0.132 230.159
12.04 20.51 0.133 230.6
12.05 20.76 0.137 231.627
12.06 20.93 0.139 232.232
12.07 21.09 0.141 232.817
12.08 21.16 0.142 233.119
12.09 21.19 0.143 233.356
12.1 21.12 0.143 233.299
12.11 21.07 0.143 233.273
12.12 20.95 0.143 233.134
12.13 20.89 0.144 233.227
12.14 20.79 0.144 233.119
12.15 20.69 0.146 233.278
12.16 20.69 0.146 233.331
12.17 20.71 0.148 233.682
12.18 20.8 0.149 234.012
12.19 20.83 0.149 234.114
12.2 20.89 0.148 234.133
12.21 20.82 0.147 233.941
12.22 20.66 0.147 233.735
12.23 20.48 0.149 233.756
12.24 20.26 0.149 233.446
12.25 20.05 0.149 233.149
12.26 19.91 0.149 232.967
12.27 19.86 0.149 232.935
12.28 19.91 0.149 233.072
12.29 20 0.151 233.535
12.3 20.14 0.152 233.951
12.31 20.24 0.153 234.299
12.32 20.0833 0.144 232.912
12.33 19.9267 0.135 231.456
12.34 19.77 0.126 229.921
12.35 19.89 0.123 229.713
12.36 19.87 0.121 229.418
12.37 19.75 0.121 229.269
12.38 19.7 0.121 229.237
12.39 19.61 0.12 228.979
12.4 19.49 0.12 228.828
12.41 19.31 0.12 228.574
12.42 19.09 0.121 228.406
12.43 18.91 0.122 228.302
12.44 18.72 0.126 228.634
12.45 18.5 0.129 228.744
12.46 18.27 0.13 228.53
12.47 18.06 0.13 228.2
12.48 17.92 0.13 227.996
12.49 17.8 0.129 227.679
12.5 17.73 0.128 227.454
12.51 17.69 0.128 227.43
12.52 17.7 0.128 227.499
12.53 17.76 0.129 227.808
12.54 17.83 0.129 227.988
12.55 17.9 0.128 228.019
12.56 17.96 0.126 227.881
12.57 18.01 0.125 227.872
12.58 18.01 0.125 227.922
12.59 17.95 0.124 227.711
12.6 17.83 0.125 227.693
12.61 17.73 0.125 227.559
12.62 17.66 0.125 227.479
12.63 17.59 0.125 227.399
12.64 17.51 0.125 227.3
12.65 17.39 0.125 227.125
12.66 17.25 0.124 226.759
12.67 17.12 0.124 226.562
12.68 16.99 0.124 226.363
12.69 16.9 0.124 226.24
12.7 16.86 0.124 226.212
12.71 16.87 0.124 226.281
12.72 16.92 0.123 226.274
12.73 16.97 0.123 226.42
12.74 17.04 0.123 226.604
12.75 17.15 0.122 226.709
12.76 17.28 0.122 227.005
12.77 17.58 0.123 227.773
12.78 17.87 0.121 228.048
12.79 18.21 0.119 228.401
12.8 18.53 0.117 228.702
12.81 18.72 0.116 228.924
12.82 18.81 0.116 229.132
12.83 18.83 0.115 229.052
12.84 18.81 0.115 229.066
12.85 18.8 0.116 229.263
12.86 18.8 0.118 229.639
12.87 18.82 0.121 230.204
12.88 18.89 0.124 230.847
12.89 19.02 0.125 231.28
12.9 19.21 0.125 231.661
12.91 19.36 0.124 231.816
12.92 19.43 0.123 231.83
12.93 19.41 0.122 231.688
12.94 19.34 0.121 231.459
12.95 19.3 0.121 231.439
12.96 19.24 0.12 231.225
12.97 19.18 0.119 231.01
12.98 19.1 0.12 231.081
12.99 18.96 0.12 230.886
13 18.8 0.122 230.971
13.01 18.6 0.124 230.977
13.02 18.44 0.128 231.35
13.03 18.35 0.131 231.682
13.04 18.3 0.132 231.787
13.05 18.31 0.132 231.855
13.06 18.32 0.131 231.776
13.07 18.32 0.131 231.825
13.08 18.34 0.131 231.911
13.09 18.33 0.13 231.794
13.1 18.39 0.13 231.953
13.11 18.52 0.129 232.088
13.12 18.69 0.128 232.292
13.13 18.82 0.128 232.574
13.14 18.82 0.128 232.623
13.15 18.74 0.127 232.378
13.16 18.48 0.127 231.96
13.17 18.32 0.126 231.566
13.18 18.18 0.126 231.359
13.19 18.11 0.127 231.432
13.2 18.07 0.128 231.558
13.21 18 0.128 231.477
13.22 17.86 0.127 231.115
13.23 17.61 0.127 230.695
13.24 17.37 0.126 230.136
13.25 17.11 0.126 229.685
13.26 16.89 0.126 229.306
13.27 16.74 0.127 229.21
13.28 16.63 0.126 228.89
13.29 16.61 0.126 228.898
13.3 16.64 0.125 228.854
13.31 16.66 0.125 228.941
13.32 16.8 0.124 229.112
13.33 16.7733 0.1177 228.115
13.34 16.7467 0.1113 227.052
13.35 16.72 0.105 225.949
13.36 17.21 0.101 226.206
13.37 17.41 0.098 226.062
13.38 17.59 0.097 226.251
13.39 17.67 0.096 226.251
13.4 17.72 0.0950001 226.193
13.41 17.72 0.0950001 226.24
13.42 17.7 0.0950001 226.25
13.43 17.68 0.096 226.457
13.44 17.69 0.097 226.718
13.45 17.7 0.099 227.168
13.46 17.7 0.1 227.405
13.47 17.69 0.101 227.622
13.48 17.62 0.102 227.726
13.49 17.55 0.104 228.01
13.5 17.48 0.106 228.287
13.51 17.42 0.109 228.752
13.52 17.41 0.11 228.954
13.53 17.45 0.111 229.249
13.54 17.56 0.112 229.675
13.55 17.69 0.112 229.967
13.56 17.85 0.111 230.14
13.57 17.87 0.111 230.225
13.58 17.99 0.111 230.494
13.59 18.06 0.112 230.842
13.6 18.13 0.113 231.189
13.61 18.19 0.113 231.346
13.62 18.42 0.113 231.813
13.63 18.61 0.114 232.373
13.64 18.83 0.115 232.983
13.65 19.02 0.115 233.368
13.66 19.2 0.115 233.732
13.67 19.33 0.114 233.837
13.68 19.45 0.113 233.922
13.69 19.47 0.112 233.831
13.7 19.46 0.112 233.861
13.71 19.45 0.113 234.064
13.72 19.46 0.114 234.301
13.73 19.46 0.114 234.348
13.74 19.46 0.115 234.566
13.75 19.43 0.116 234.73
13.76 19.36 0.117 234.823
13.77 19.29 0.118 234.915
13.78 19.29 0.118 234.962
13.79 19.33 0.118 235.08
13.8 19.37 0.118 235.197
13.81 19.34 0.119 235.357
13.82 19.26 0.119 235.264
13.83 19.13 0.119 235.082
13.84 18.98 0.118 234.698
13.85 18.83 0.119 234.642
13.86 18.63 0.119 234.328
13.87 18.49 0.119 234.121
13.88 18.33 0.119 233.875
13.89 18.13 0.118 233.388
13.9 17.91 0.118 233.025
13.91 17.67 0.117 232.455
13.92 17.43 0.117 232.044
13.93 17.17 0.117 231.588
13.94 16.86 0.116 230.862
13.95 16.53 0.117 230.417
13.96 16.18 0.118 229.916
13.97 15.86 0.119 229.462
13.98 15.6 0.119 228.963
13.99 15.36 0.119 228.497
14 15.17 0.118 227.973
14.01 15 0.118 227.649
14.02 14.87 0.118 227.409
14.03 14.75 0.117 227.028
14.04 14.65 0.117 226.85
14.05 14.57 0.117 226.717
14.06 14.55 0.117 226.717
14.07 14.57 0.116 226.644
14.08 14.6 0.114 226.428
14.09 14.66 0.112 226.273
14.1 14.76 0.111 226.371
14.11 14.87 0.11 226.487
14.12 14.99 0.109 226.622
14.13 15.11 0.108 226.753
14.14 15.2 0.107 226.816
14.15 15.26 0.107 226.989
14.16 15.25 0.106 226.835
14.17 15.17 0.106 226.708
14.18 15.05 0.105 226.314
14.19 14.93 0.105 226.098
14.2 14.81 0.104 225.7
14.21 14.69 0.105 225.659
14.22 14.53 0.107 225.702
14.23 14.44 0.108 225.719
14.24 14.38 0.109 225.8
14.25 14.35 0.11 225.948
14.26 14.37 0.109 225.866
14.27 14.41 0.109 226
14.28 14.48 0.109 226.202
14.29 14.55 0.109 226.403
14.3 14.63 0.109 226.626
14.31 14.7 0.108 226.652
14.32 14.77 0.107 226.676
14.33 14.83 0.106 226.675
14.34 14.8667 0.0967 225.074
14.35 14.9033 0.0873 223.289
14.36 14.94 0.078 221.328
14.37 15.07 0.077 221.409
14.38 15.16 0.077 221.642
14.39 15.2 0.077 221.769
14.4 15.16 0.078 221.966
14.41 15.06 0.079 222.032
14.42 14.93 0.0800001 222.03
14.43 14.75 0.081 221.915
14.44 14.53 0.083 221.928
14.45 14.23 0.084 221.525
14.46 13.92 0.086 221.299
14.47 13.63 0.087 220.884
14.48 13.45 0.088 220.713
14.49 13.33 0.089 220.678
14.5 13.27 0.091 220.986
14.51 13.25 0.092 221.181
14.52 13.25 0.092 221.223
14.53 13.26 0.092 221.29
14.54 13.31 0.091 221.251
14.55 13.42 0.0900001 221.352
14.56 13.54 0.089 221.472
14.57 13.65 0.088 221.564
14.58 13.75 0.086 221.416
14.59 13.79 0.0850001 221.335
14.6 13.81 0.084 221.206
14.61 13.79 0.0850001 221.419
14.62 13.79 0.086 221.677
14.63 13.78 0.0850001 221.48
14.64 13.74 0.084 221.212
14.65 13.73 0.084 221.231
14.66 13.73 0.084 221.273
14.67 13.76 0.0850001 221.602
14.68 13.8 0.0850001 221.737
14.69 13.88 0.084 221.745
14.7 14.08 0.084 222.244
14.71 14.16 0.084 222.468
14.72 14.31 0.0850001 223.067
14.73 14.5 0.086 223.751
14.74 14.55 0.087 224.12
14.75 14.74 0.088 224.795
14.76 14.93 0.088 225.252
14.77 15.03 0.088 225.512
14.78 15.31 0.089 226.367
14.79 15.45 0.0900001 226.917
14.8 15.51 0.0900001 227.087
14.81 15.65 0.091 227.633
14.82 15.8 0.091 227.988
14.83 15.89 0.092 228.425
14.84 16.02 0.092 228.736
14.85 16.2 0.091 228.939
14.86 16.41 0.091 229.407
14.87 16.64 0.0900001 229.699
14.88 16.85 0.091 230.369
14.89 17.05 0.092 231.014
14.9 17.17 0.093 231.499
14.91 17.22 0.093 231.639
14.92 17.25 0.094 231.946
14.93 17.33 0.096 232.551
14.94 17.45 0.097 233.027
14.95 17.64 0.098 233.633
14.96 17.79 0.099 234.159
14.97 17.9 0.099 234.411
14.98 17.96 0.1 234.763
14.99 17.91 0.101 234.907
15 17.84 0.102 235.011
15.01 17.83 0.104 235.415
15.02 17.83 0.106 235.832
15.03 17.81 0.108 236.205
15.04 17.77 0.108 236.172
15.05 17.64 0.11 236.327
15.06 17.48 0.11 236.06
15.07 17.27 0.11 235.693
15.08 17.02 0.111 235.42
15.09 16.92 0.112 235.439
15.1 16.76 0.113 235.334
15.11 16.69 0.115 235.579
15.12 16.69 0.116 235.792
15.13 16.71 0.116 235.876
15.14 16.76 0.116 236.021
15.15 16.87 0.115 236.117
15.16 16.98 0.114 236.21
15.17 17.08 0.113 236.28
15.18 17.21 0.112 236.406
15.19 17.31 0.112 236.647
15.2 17.44 0.111 236.769
15.21 17.62 0.11 236.984
15.22 17.8 0.109 237.194
15.23 17.97 0.108 237.38
15.24 18.1 0.107 237.486
15.25 18.2 0.107 237.718
15.26 18.28 0.108 238.096
15.27 18.33 0.109 238.415
15.28 18.37 0.11 238.715
15.29 18.43 0.11 238.871
15.3 18.48 0.111 239.187
15.31 18.56 0.112 239.558
15.32 18.7 0.113 240.039
15.33 18.87 0.112 240.218
15.34 19.03 0.1057 239.397
15.35 19.19 0.0993 238.487
15.36 19.35 0.0982 238.594
15.37 19.72 0.0971 239.065
15.38 20.06 0.096 239.471
15.39 20.32 0.097 240.166
15.4 20.49 0.099 240.906
15.41 20.52 0.101 241.402
15.42 20.45 0.104 241.915
15.43 20.36 0.106 242.188
15.44 20.42 0.109 242.898
15.45 20.52 0.109 243.113
15.46 20.63 0.111 243.712
15.47 20.74 0.112 244.125
15.48 20.79 0.113 244.434
15.49 20.77 0.113 244.444
15.5 20.67 0.116 244.851
15.51 20.49 0.12 245.278
15.52 20.27 0.122 245.278
15.53 20.03 0.123 245.068
15.54 19.79 0.123 244.686
15.55 19.56 0.123 244.318
15.56 19.31 0.124 244.074
15.57 19.11 0.124 243.752
15.58 18.89 0.124 243.389
15.59 18.7 0.124 243.079
15.6 18.54 0.125 242.984
15.61 18.39 0.126 242.904
15.62 18.28 0.126 242.737
15.63 18.19 0.126 242.608
15.64 18.09 0.126 242.459
15.65 17.96 0.125 242.089
15.66 17.84 0.124 241.737
15.67 17.68 0.122 241.14
15.68 17.53 0.121 240.722
15.69 17.38 0.119 240.134
15.7 17.25 0.118 239.749
15.71 17.13 0.117 239.381
15.72 17.03 0.116 239.05
15.73 16.93 0.116 238.89
15.74 16.84 0.115 238.577
15.75 16.73 0.113 238.046
15.76 16.64 0.112 237.728
15.77 16.57 0.112 237.625
15.78 16.49 0.112 237.502
15.79 16.37 0.111 237.117
15.8 16.29 0.111 236.991
15.81 16.2 0.11 236.666
15.82 16.11 0.11 236.517
15.83 16.04 0.11 236.411
15.84 16 0.11 236.367
15.85 15.98 0.11 236.366
15.86 15.98 0.11 236.407
15.87 16.05 0.109 236.418
15.88 16.13 0.109 236.629
15.89 16.35 0.109 237.132
15.9 16.47 0.108 237.242
15.91 16.62 0.108 237.593
15.92 16.81 0.108 238.024
15.93 17.01 0.107 238.287
15.94 17.21 0.107 238.73
15.95 17.41 0.107 239.169
15.96 17.58 0.106 239.359
15.97 17.73 0.106 239.693
15.98 17.83 0.107 240.117
15.99 17.94 0.108 240.558
16 18.08 0.109 241.054
16.01 18.24 0.109 241.402
16.02 18.37 0.109 241.691
16.03 18.48 0.109 241.94
16.04 18.56 0.109 242.133
16.05 18.63 0.109 242.306
16.06 18.72 0.11 242.701
16.07 18.81 0.11 242.91
16.08 18.88 0.111 243.266
16.09 18.92 0.111 243.382
16.1 18.9 0.11 243.204
16.11 18.82 0.111 243.28
16.12 18.73 0.111 243.154
16.13 18.65 0.113 243.408
16.14 18.59 0.113 243.337
16.15 18.61 0.113 243.416
16.16 18.64 0.114 243.693
16.17 18.7 0.116 244.201
16.18 18.71 0.116 244.262
16.19 18.69 0.117 244.441
16.2 18.68 0.119 244.809
16.21 18.66 0.12 244.983
16.22 18.69 0.12 245.082
16.23 18.74 0.12 245.218
16.24 18.8 0.119 245.203
16.25 18.86 0.117 245.011
16.26 18.91 0.116 244.972
16.27 18.97 0.116 245.125
16.28 19.04 0.116 245.297
16.29 19.08 0.116 245.413
16.3 19.08 0.116 245.455
16.31 19 0.116 245.349
16.32 18.89 0.116 245.185
16.33 18.75 0.116 244.964
16.34 18.59 0.116 244.704
16.35 18.3833 0.1127 243.766
16.36 18.1767 0.1093 242.791
16.37 17.97 0.106 241.815
16.38 17.89 0.106 241.701
16.39 17.79 0.107 241.736
16.4 17.66 0.108 241.709
16.41 17.53 0.109 241.678
16.42 17.39 0.11 241.623
16.43 17.29 0.112 241.826
16.44 17.19 0.113 241.844
16.45 17.14 0.113 241.783
16.46 17.13 0.112 241.625
16.47 17.17 0.112 241.747
16.48 17.25 0.111 241.769
16.49 17.3 0.11 241.728
16.5 17.32 0.11 241.809
16.51 17.32 0.109 241.666
16.52 17.28 0.108 241.441
16.53 17.27 0.108 241.462
16.54 17.23 0.108 241.422
16.55 17.15 0.108 241.301
16.56 17.06 0.108 241.158
16.57 16.98 0.109 241.221
16.58 16.92 0.109 241.138
16.59 16.88 0.109 241.096
16.6 16.86 0.11 241.279
16.61 16.87 0.11 241.34
16.62 16.84 0.109 241.135
16.63 16.81 0.109 241.114
16.64 16.77 0.108 240.886
16.65 16.71 0.107 240.616
16.66 16.65 0.107 240.532
16.67 16.55 0.106 240.175
16.68 16.45 0.106 240.006
16.69 16.34 0.106 239.814
16.7 16.18 0.106 239.514
16.71 15.97 0.105 238.915
16.72 15.74 0.105 238.457
16.73 15.42 0.104 237.603
16.74 15.03 0.104 236.767
16.75 14.55 0.104 235.702
16.76 13.99 0.102 234.034
16.77 13.5 0.103 233.063
16.78 13.32 0.105 233.025
16.79 13.48 0.109 234.192
16.8 14.16 0.113 236.605
16.81 16.02 0.122 242.428
16.82 17.29 0.131 246.602
16.83 18.66 0.14 250.749
16.84 20.61 0.144 255.002
16.85 22.02 0.131 255.467
16.86 22.32 0.129 255.68
16.87 23.06 0.13 257.092
16.88 23.23 0.131 257.57
16.89 23.52 0.133 258.399
16.9 23.83 0.13 258.438
16.91 24.27 0.125 258.318
16.92 24.37 0.123 258.167
16.93 24.48 0.119 257.667
16.94 24.46 0.119 257.679
16.95 24.35 0.12 257.734
16.96 24.31 0.121 257.893
16.97 24.16 0.116 256.802
16.98 24.07 0.115 256.521
16.99 24.02 0.114 256.3
17 23.68 0.113 255.629
17.01 23.4 0.117 255.973
17.02 23.11 0.12 256.094
17.03 22.83 0.122 256.039
17.04 22.61 0.124 256.07
17.05 22.39 0.128 256.428
17.06 22.17 0.132 256.762
17.07 21.94 0.135 256.898
17.08 21.72 0.137 256.881
17.09 21.47 0.139 256.805
17.1 21.2 0.14 256.532
17.11 20.94 0.141 256.27
17.12 20.69 0.142 256.019
17.13 20.43 0.141 255.444
17.14 20.15 0.139 254.676
17.15 19.85 0.137 253.861
17.16 19.58 0.136 253.248
17.17 19.4 0.134 252.64
17.18 19.27 0.133 252.279
17.19 19.26 0.135 252.615
17.2 19.3 0.135 252.731
17.21 19.34 0.132 252.375
17.22 19.32 0.127 251.569
17.23 19.28 0.127 251.534
17.24 19.3 0.129 251.94
17.25 19.45 0.128 252.098
17.26 19.89 0.125 252.454
17.27 20.25 0.123 252.808
17.28 20.63 0.121 253.181
17.29 20.98 0.119 253.484
17.3 21.28 0.117 253.686
17.31 21.52 0.115 253.772
17.32 21.67 0.113 253.696
17.33 21.78 0.112 253.734
17.34 21.81 0.112 253.825
17.35 21.64 0.107 252.618
17.36 21.47 0.102 251.369
17.37 21.3 0.097 250.074
17.38 21.29 0.097 250.097
17.39 21.18 0.097 249.95
17.4 21.07 0.098 250.016
17.41 20.99 0.101 250.547
17.42 20.91 0.105 251.26
17.43 20.84 0.109 251.961
17.44 20.78 0.112 252.467
17.45 20.71 0.116 253.122
17.46 20.65 0.118 253.417
17.47 20.58 0.117 253.154
17.48 20.46 0.116 252.8
17.49 20.27 0.114 252.136
17.5 20.02 0.114 251.726
17.51 19.74 0.115 251.438
17.52 19.39 0.118 251.369
17.53 19.03 0.119 250.908
17.54 18.7 0.117 249.963
17.55 18.49 0.115 249.239
17.56 18.27 0.116 249.028
17.57 18.1 0.116 248.733
17.58 17.98 0.115 248.355
17.59 17.88 0.113 247.833
17.6 17.79 0.111 247.324
17.61 17.73 0.109 246.869
17.62 17.72 0.108 246.699
17.63 17.72 0.106 246.354
17.64 17.71 0.104 245.983
17.65 17.72 0.103 245.844
17.66 17.77 0.102 245.783
17.67 17.85 0.102 245.981
17.68 17.93 0.1 245.773
17.69 17.99 0.098 245.517
17.7 18.09 0.096 245.33
17.71 18.18 0.094 245.114
17.72 18.27 0.093 245.109
17.73 18.37 0.094 245.558
17.74 18.48 0.094 245.808
17.75 18.65 0.093 245.952
17.76 18.82 0.093 246.312
17.77 18.99 0.093 246.67
17.78 19.2 0.0950001 247.537
17.79 19.34 0.0950001 247.835
17.8 19.43 0.0950001 248.04
17.81 19.48 0.096 248.387
17.82 19.49 0.096 248.444
17.83 19.47 0.096 248.446
17.84 19.5 0.097 248.754
17.85 19.53 0.098 249.06
17.86 19.65 0.1 249.738
17.87 19.82 0.103 250.703
17.88 20.07 0.104 251.397
17.89 20.34 0.104 251.92
17.9 20.53 0.103 252.094
17.91 20.6 0.104 252.46
17.92 20.58 0.105 252.665
17.93 20.54 0.106 252.833
17.94 20.45 0.106 252.712
17.95 20.36 0.106 252.591
17.96 20.27 0.106 252.469
17.97 20.16 0.107 252.507
17.98 20.05 0.108 252.543
17.99 19.93 0.108 252.363
18 19.81 0.108 252.183
18.01 19.7 0.108 252.02
18.02 19.6 0.107 251.679
18.03 19.51 0.106 251.355
18.04 19.47 0.106 251.319
18.05 19.46 0.105 251.141
18.06 19.46 0.103 250.778
18.07 19.42 0.101 250.334
18.08 19.36 0.1 250.054
18.09 19.33 0.1 250.036
18.1 19.23 0.101 250.095
18.11 19.18 0.101 250.04
18.12 19.11 0.1 249.74
18.13 19.05 0.1 249.665
18.14 19.01 0.1 249.628
18.15 18.96 0.099 249.363
18.16 18.9 0.098 249.076
18.17 18.86 0.097 248.826
18.18 18.79 0.0950001 248.3
18.19 18.7 0.0950001 248.167
18.2 18.59 0.094 247.775
18.21 18.38 0.093 247.188
18.22 18.25 0.093 246.973
18.23 18.09 0.094 246.918
18.24 17.96 0.094 246.699
18.25 17.86 0.094 246.538
18.26 17.76 0.094 246.376
18.27 17.72 0.094 246.334
18.28 17.7 0.0950001 246.548
18.29 17.7 0.0950001 246.586
18.3 17.7 0.094 246.406
18.31 17.74 0.093 246.305
18.32 17.81 0.091 246.036
18.33 17.96 0.0900001 246.145
18.34 18.14 0.0900001 246.536
18.35 18.32 0.091 247.151
18.36 18.43 0.092 247.627
18.37 18.3633 0.0863 246.221
18.38 18.2967 0.0807 244.759
18.39 18.23 0.0798 244.44
18.4 18.22 0.0789 244.227
18.41 18.12 0.078 243.837
18.42 18.08 0.079 244.055
18.43 17.94 0.081 244.326
18.44 17.86 0.082 244.455
18.45 17.81 0.083 244.64
18.46 17.76 0.084 244.822
18.47 17.72 0.0850001 245.02
18.48 17.68 0.086 245.216
18.49 17.67 0.087 245.469
18.5 17.69 0.088 245.779
18.51 17.77 0.089 246.207
18.52 17.89 0.0900001 246.712
18.53 18.08 0.0900001 247.125
18.54 18.34 0.091 247.899
18.55 18.62 0.093 248.927
18.56 18.94 0.096 250.236
18.57 19.27 0.098 251.328
18.58 19.55 0.1 252.312
18.59 19.85 0.102 253.321
18.6 20.11 0.102 253.834
18.61 20.26 0.102 254.144
18.62 20.32 0.103 254.496
18.63 20.3 0.103 254.498
18.64 20.24 0.104 254.632
18.65 20.05 0.103 254.12
18.66 19.82 0.101 253.323
18.67 19.62 0.099 252.57
18.68 19.51 0.098 252.19
18.69 19.41 0.096 251.609
18.7 19.32 0.0950001 251.259
18.71 19.21 0.094 250.869
18.72 19.15 0.094 250.793
18.73 19.12 0.0950001 250.995
18.74 19.11 0.096 251.232
18.75 19.21 0.097 251.675
18.76 19.28 0.097 251.844
18.77 19.33 0.096 251.758
18.78 19.43 0.096 251.982
18.79 19.6 0.097 252.554
18.8 19.83 0.097 253.016
18.81 19.99 0.097 253.346
18.82 20.08 0.098 253.764
18.83 20.09 0.098 253.82
18.84 20.11 0.098 253.894
18.85 20.11 0.099 254.146
18.86 20.13 0.099 254.219
18.87 20.16 0.101 254.735
18.88 20.22 0.101 254.882
18.89 20.28 0.102 255.237
18.9 20.32 0.102 255.347
18.91 20.41 0.102 255.547
18.92 20.48 0.102 255.711
18.93 20.48 0.102 255.748
18.94 20.41 0.103 255.867
18.95 20.32 0.106 256.354
18.96 20.34 0.107 256.628
18.97 20.41 0.108 256.992
18.98 20.56 0.11 257.694
18.99 20.75 0.111 258.267
19 20.9 0.111 258.573
19.01 21.03 0.111 258.842
19.02 21.11 0.109 258.63
19.03 21.15 0.108 258.54
19.04 21.11 0.108 258.507
19.05 21.01 0.108 258.368
19.06 20.9 0.108 258.211
19.07 20.75 0.108 257.98
19.08 20.63 0.108 257.803
19.09 20.55 0.108 257.696
19.1 20.47 0.108 257.589
19.11 20.36 0.107 257.227
19.12 20.24 0.106 256.845
19.13 20.07 0.106 256.571
19.14 19.94 0.106 256.368
19.15 19.81 0.108 256.562
19.16 19.7 0.11 256.786
19.17 19.66 0.112 257.133
19.18 19.67 0.113 257.379
19.19 19.71 0.112 257.302
19.2 19.73 0.111 257.185
19.21 19.75 0.11 257.066
19.22 19.77 0.108 256.748
19.23 19.8 0.106 256.442
19.24 19.86 0.105 256.389
19.25 19.97 0.105 256.63
19.26 20.17 0.106 257.238
19.27 20.22 0.105 257.164
19.28 20.25 0.104 257.051
19.29 20.19 0.104 256.979
19.3 20.02 0.104 256.703
19.31 19.92 0.105 256.759
19.32 19.86 0.105 256.685
19.33 19.72 0.108 257.062
19.34 19.67 0.108 257.005
19.35 19.4 0.107 256.332
19.36 19.17 0.106 255.729
19.37 18.9033 0.1047 254.989
19.38 18.6367 0.1033 254.219
19.39 18.37 0.102 253.461
19.4 18.48 0.102 253.716
19.41 18.44 0.102 253.673
19.42 18.36 0.102 253.55
19.43 18.27 0.102 253.407
19.44 18.02 0.102 252.941
19.45 17.81 0.1 252.135
19.46 17.65 0.097 251.206
19.47 17.48 0.097 250.892
19.48 17.35 0.098 250.872
19.49 17.24 0.097 250.465
19.5 17.15 0.097 250.312
19.51 17.07 0.096 249.963
19.52 16.97 0.096 249.787
19.53 16.85 0.0950001 249.35
19.54 16.73 0.0950001 249.129
19.55 16.55 0.094 248.558
19.56 16.51 0.094 248.507
19.57 16.47 0.094 248.455
19.58 16.5 0.0950001 248.775
19.59 16.58 0.096 249.2
19.6 16.73 0.097 249.774
19.61 16.78 0.097 249.917
19.62 16.88 0.097 250.167
19.63 16.88 0.097 250.202
19.64 16.83 0.097 250.131
19.65 16.72 0.098 250.143
19.66 16.58 0.099 250.087
19.67 16.47 0.1 250.092
19.68 16.37 0.101 250.115
19.69 16.29 0.1 249.767
19.7 16.21 0.099 249.416
19.71 16.14 0.102 249.916
19.72 16.09 0.104 250.244
19.73 16.1 0.104 250.301
19.74 16.09 0.105 250.514
19.75 16.09 0.105 250.549
19.76 16.13 0.104 250.474
19.77 16.19 0.105 250.843
19.78 16.26 0.104 250.835
19.79 16.39 0.104 251.158
19.8 16.54 0.102 251.117
19.81 16.73 0.1 251.151
19.82 16.94 0.098 251.215
19.83 17.15 0.097 251.482
19.84 17.33 0.097 251.896
19.85 17.47 0.096 252.006
19.86 17.66 0.0950001 252.214
19.87 17.86 0.094 252.436
19.88 18.08 0.094 252.917
19.89 18.3 0.094 253.394
19.9 18.47 0.0950001 253.99
19.91 18.63 0.096 254.563
19.92 18.77 0.096 254.873
19.93 18.89 0.096 255.143
19.94 19.02 0.096 255.431
19.95 19.12 0.097 255.88
19.96 19.2 0.098 256.288
19.97 19.29 0.098 256.496
19.98 19.33 0.098 256.608
19.99 19.42 0.099 257.033
20 11.39 0.016 204.563
