0.02 1.4483 0 0
0.03 1.7817 0.0012 20.7093
0.04 1.9587 0.0024 24.0917
0.05 2.1357 0.0047 27.4476
0.06 2.2797 0.007 30.1294
0.07 2.3703 0.0081 32.012
0.0800001 2.3661 0.0084 33.3148
0.0900001 2.3579 0.0083 34.3723
0.1 2.2797 0.0083 35.2225
0.11 2.1974 0.0078 35.7917
0.12 2.1521 0.0076 36.4793
0.13 2.1192 0.0075 37.1765
0.14 2.0081 0.0074 37.6151
0.15 1.971 0.0073 38.1975
0.16 1.9628 0.0073 38.8656
0.17 1.9793 0.0055 38.6526
0.18 1.9422 0.0055 39.1648
0.19 1.9422 0.0054 39.6973
0.2 1.934 0.0054 40.2429
0.21 1.932 0.0054 40.7864
0.22 1.9299 0.0054 41.3108
0.23 1.9504 0.0056 42.0151
0.24 1.934 0.0057 42.5261
0.25 1.9257 0.0062 43.2865
0.26 1.9227 0.0075 44.4497
0.27 1.9242 0.0076 44.9731
0.28 1.9258 0.0077 45.485
0.29 1.9422 0.0078 46.0364
0.3 1.9751 0.0078 46.5848
0.31 2.0122 0.0079 47.1876
0.32 2.0204 0.0079 47.6338
0.33 2.0945 0.0082 48.4429
0.34 2.1398 0.0089 49.3324
0.35 2.2056 0.009 49.9954
0.36 2.2509 0.0089 50.4892
0.37 2.2674 0.0088 50.8809
0.38 2.2962 0.0086 51.2547
0.39 2.2962 0.0067 50.5648
0.4 2.3003 0.0057 50.2547
0.41 2.2879 0.0055 50.4114
0.42 2.2756 0.0056 50.787
0.43 2.2427 0.0056 51.0132
0.44 2.2015 0.0057 51.2788
0.45 2.1562 0.0061 51.737
0.46 2.0472 0.0068 52.1358
0.47 1.9381 0.0071 52.2237
0.48 1.934 0.0075 52.7543
0.49 1.934 0.0085 53.613
0.5 1.8434 0.009 53.7989
0.51 1.7858 0.0098 54.2321
0.52 1.6706 0.0102 54.1846
0.53 1.613 0.011 54.5393
0.54 1.5306 0.0114 54.573
0.55 1.4977 0.0122 54.9902
0.56 1.4755 0.0124 55.2222
0.57 1.4649 0.0125 55.4741
0.58 1.4607 0.0126 55.7569
0.59 1.4936 0.0128 56.2761
0.6 1.5265 0.0132 56.8628
0.61 1.5718 0.0138 57.5783
0.62 1.6335 0.0144 58.367
0.63 1.7158 0.0146 59.1115
0.640001 1.8229 0.0154 60.1572
0.650001 1.9669 0.0156 61.1477
0.660001 2.0575 0.0161 61.9698
0.670001 2.2139 0.0167 63.0811
0.680001 2.3126 0.017 63.8351
0.690001 2.362 0.0163 64.0655
0.700001 2.3908 0.0156 64.1998
0.710001 2.4073 0.0108 62.5733
0.720001 2.4526 0.0082 61.5591
0.730001 2.5719 0.0062 60.789
0.740001 2.8929 0.0076 63.1219
0.75 4.9302 0.009 69.3826
0.760001 2.9382 0.0125 66.4279
0.770001 5.1031 0.0198 75.002
0.780001 4.992 0.0225 75.8356
0.790001 6.025 0.0322 80.5612
0.800001 6.8152 0.0419 84.1136
0.810001 6.7412 0.0409 84.1028
0.820001 6.6959 0.0424 84.5613
0.830001 5.5394 0.043 82.658
0.840001 5.0722 0.0445 82.122
0.850001 4.8397 0.0457 82.0191
0.860001 4.7245 0.0474 82.2509
0.870001 4.6998 0.0482 82.5683
0.880001 4.6977 0.0482 82.8257
0.890001 4.6956 0.0481 83.0666
0.900001 4.691 0.0477 83.2554
0.910001 4.6902 0.0391 82.1395
0.920001 4.6929 0.0283 80.2097
0.930001 4.6956 0.0174 77.2669
0.940001 4.745 0.0164 77.2326
0.950001 4.7656 0.0164 77.5084
0.960001 4.8109 0.0163 77.8008
0.970001 4.8438 0.0163 78.1018
0.980001 4.8932 0.0164 78.4793
0.990001 4.851 0.0164 78.603
1 4.8735 0.0164 78.8755
1.01 4.896 0.0165 79.1865
1.02 4.9467 0.0166 79.5615
1.03 4.992 0.0168 79.962
1.04 5.0043 0.0171 80.3237
1.05 5.029 0.0171 80.5948
1.06 5.0372 0.0172 80.8657
1.07 5.0661 0.0176 81.2992
1.08 5.0949 0.0178 81.653
1.09 5.1113 0.018 81.9766
1.1 5.1196 0.0187 82.4655
1.11 5.1525 0.019 82.8592
1.12 5.169 0.0194 83.2484
1.13 5.1813 0.0197 83.5896
1.14 5.1895 0.0199 83.8842
1.15 5.1936 0.0201 84.1677
1.16 5.1915 0.0202 84.4004
1.17 5.1967 0.0204 84.6836
1.18 5.2019 0.0205 84.931
1.19 5.2348 0.0206 85.2423
1.2 5.2554 0.0207 85.5237
1.21 5.3212 0.0208 85.9094
1.22 5.3624 0.021 86.2705
1.23 5.4694 0.021 86.7129
1.24 5.5188 0.0208 86.9516
1.25 5.6423 0.0207 87.3891
1.26 5.704 0.0199 87.433
1.27 5.8234 0.0197 87.8133
1.28 5.881 0.0197 88.1298
1.29 5.988 0.0197 88.5503
1.3 6.0291 0.0199 88.9027
1.31 6.095 0.0201 89.3062
1.32 6.1115 0.0204 89.6404
1.33 6.0086 0.0205 89.6458
1.34 5.8645 0.0207 89.5916
1.35 5.8416 0.0209 89.7982
1.36 5.8377 0.0199 89.6077
1.37 5.8367 0.0189 89.4038
1.38 5.8357 0.0165 88.5761
1.39 5.8398 0.014 87.5579
1.4 5.8234 0.0138 87.5921
1.41 5.7822 0.014 87.7809
1.42 5.7616 0.0143 88.0636
1.43 5.7205 0.0167 89.2898
1.44 5.706 0.0177 89.864
1.45 5.6916 0.0183 90.2543
1.46 5.6958 0.0192 90.7985
1.47 5.318 0.02 90.3828
1.48 5.2023 0.0205 90.4525
1.49 5.3358 0.0213 91.2434
1.5 5.4694 0.0216 91.8462
1.51 5.5229 0.022 92.2859
1.52 5.5723 0.0221 92.6089
1.53 5.6114 0.0224 92.9756
1.54 5.6505 0.0226 93.3063
1.55 5.7081 0.0226 93.611
1.56 5.741 0.023 93.9932
1.57 5.7822 0.0232 94.3253
1.58 5.8933 0.0235 94.8526
1.59 5.9468 0.0237 95.2099
1.6 6.0291 0.0241 95.6981
1.61 6.0662 0.0243 96.0148
1.62 6.0662 0.0245 96.2458
1.63 6.0497 0.0249 96.5027
1.64 6.0415 0.0252 96.7444
1.65 6.025 0.0256 96.9969
1.66 6.0168 0.0257 97.1724
1.67 5.988 0.0259 97.3303
1.68 5.9633 0.0259 97.434
1.69 5.8604 0.0259 97.3506
1.7 5.811 0.0259 97.3916
1.71 5.7246 0.026 97.3715
1.72 5.7213 0.026 97.5214
1.73 5.7261 0.026 97.6905
1.74 5.7309 0.026 97.8589
1.75 5.741 0.026 98.0398
1.76 5.7863 0.0259 98.2749
1.77 5.811 0.0259 98.4902
1.78 5.8439 0.0259 98.7248
1.79 5.8604 0.0259 98.9189
1.8 5.8892 0.0259 99.1421
1.81 5.9016 0.0259 99.325
1.82 5.918 0.0259 99.517
1.83 5.9386 0.0259 99.7186
1.84 6.0086 0.026 100.071
1.85 6.0497 0.0261 100.352
1.86 6.132 0.0262 100.73
1.87 6.1773 0.0262 100.987
1.88 6.2267 0.0262 101.253
1.89 6.3049 0.0263 101.617
1.9 6.3419 0.0261 101.788
1.91 6.379 0.0259 101.957
1.92 6.4572 0.0252 102.051
1.93 6.4983 0.0237 101.771
1.94 6.5971 0.0231 101.922
1.95 6.6465 0.0231 102.177
1.96 6.6877 0.0232 102.45
1.97 6.7659 0.0232 102.767
1.98 6.7823 0.0236 103.094
1.99 6.7947 0.0243 103.518
2 6.7947 0.0247 103.803
2.01 6.7962 0.0253 104.158
2.02 6.7978 0.0257 104.441
2.03 6.8441 0.0259 104.755
2.04 6.8976 0.0263 105.15
2.05 6.9223 0.0266 105.446
2.06 6.9223 0.0273 105.818
2.07 6.9058 0.0273 105.924
2.08 6.8976 0.0278 106.208
2.09 6.8811 0.028 106.376
2.1 6.8687 0.0281 106.521
2.11 6.8235 0.0281 106.561
2.12 6.7906 0.0281 106.627
2.13 6.6918 0.0281 106.541
2.14 6.6177 0.0281 106.509
2.15 6.4736 0.0278 106.215
2.16 6.416 0.0278 106.215
2.17 6.3337 0.0275 106.058
2.18 6.3301 0.0273 106.121
2.19 6.3317 0.0271 106.195
2.2 6.3333 0.027 106.301
2.21 6.3378 0.0267 106.347
2.22 6.3502 0.0264 106.41
2.23 6.3666 0.0263 106.549
2.24 6.3749 0.0263 106.702
2.25 6.4078 0.0263 106.913
2.26 6.4325 0.0263 107.104
2.27 6.4983 0.0264 107.427
2.28 6.6012 0.0267 107.903
2.29 6.6712 0.0278 108.563
2.3 6.7412 0.0282 108.988
2.31 6.8811 0.0286 109.571
2.32 6.9511 0.0296 110.177
2.33 7.0828 0.03 110.731
2.34 7.1527 0.0306 111.203
2.35 7.2268 0.031 111.621
2.36 7.3585 0.0316 112.222
2.37 7.4038 0.0323 112.659
2.38 7.4491 0.0306 112.383
2.39 7.4655 0.029 112.048
2.4 7.4614 0.0272 111.573
2.41 7.4326 0.0265 111.398
2.42 7.4038 0.0271 111.672
2.43 7.3132 0.0278 111.839
2.44 7.2639 0.0275 111.757
2.45 7.198 0.0281 111.938
2.46 7.0498 0.0289 111.991
2.47 6.9634 0.0293 112.046
2.48 6.807 0.0297 111.932
2.49 6.521 0.0301 111.491
2.5 6.4397 0.0301 111.414
2.51 6.3584 0.0301 111.334
2.52 6.3049 0.0301 111.321
2.53 6.2555 0.03 111.287
2.54 6.1938 0.0297 111.157
2.55 6.1403 0.0293 111.014
2.56 6.1073 0.029 110.954
2.57 6.1024 0.0287 110.965
2.58 6.1002 0.0285 111.015
2.59 6.0996 0.0283 111.068
2.6 6.1035 0.0283 111.197
2.61 6.1073 0.0282 111.293
2.62 6.1115 0.0282 111.422
2.63 6.1361 0.0282 111.605
2.64 6.1691 0.0282 111.809
2.65 6.1897 0.0283 112.013
2.66 6.1938 0.0283 112.141
2.67 6.204 0.0283 112.285
2.68 6.2143 0.0284 112.462
2.69 6.2308 0.0284 112.621
2.7 6.2514 0.0285 112.824
2.71 6.2555 0.0285 112.951
2.72 6.272 0.0285 113.109
2.73 6.2802 0.0285 113.246
2.74 6.3172 0.0285 113.457
2.75 6.3502 0.0287 113.723
2.76 6.3707 0.0288 113.924
2.77 6.379 0.0288 114.06
2.78 6.4366 0.0288 114.322
2.79 6.4531 0.0288 114.479
2.8 6.4983 0.0289 114.741
2.81 6.5395 0.0291 115.025
2.82 6.5601 0.029 115.158
2.83 6.5806 0.0293 115.422
2.84 6.6259 0.0296 115.747
2.85 6.6671 0.03 116.094
2.86 6.7082 0.0299 116.277
2.87 6.7288 0.0301 116.506
2.88 6.77 0.0302 116.754
2.89 6.8235 0.0303 117.031
2.9 6.914 0.0306 117.462
2.91 6.9634 0.0309 117.791
2.92 7.021 0.0308 118.011
2.93 7.1033 0.0307 118.29
2.94 7.2392 0.0302 118.563
2.95 7.3256 0.0288 118.41
2.96 7.4038 0.0273 118.175
2.97 7.4779 0.0273 118.456
2.98 7.5478 0.0273 118.726
2.99 7.6343 0.0273 119.032
3 7.7907 0.0279 119.707
3.01 7.873 0.0285 120.212
3.02 7.943 0.0301 121.025
3.03 7.9594 0.0309 121.437
3.04 7.9759 0.0324 122.065
3.05 8.05 0.0332 122.588
3.06 8.0952 0.034 123.042
3.07 8.0994 0.0352 123.518
3.08 8.0705 0.0357 123.712
3.09 8.0335 0.0367 124.026
3.1 7.9718 0.0373 124.167
3.11 7.8195 0.0384 124.234
3.12 7.7331 0.0388 124.253
3.13 7.6302 0.039 124.177
3.14 7.4573 0.0395 124.009
3.15 7.3626 0.0396 123.916
3.16 7.1857 0.0396 123.592
3.17 7.0869 0.0396 123.454
3.18 6.8687 0.0395 122.981
3.19 6.663 0.0394 122.525
3.2 6.5436 0.039 122.209
3.21 6.2967 0.0387 121.562
3.22 6.1814 0.0384 121.265
3.23 5.9345 0.0381 120.58
3.24 5.8151 0.0378 120.252
3.25 5.5435 0.0371 119.343
3.26 5.2595 0.0367 118.437
3.27 5.1072 0.0359 117.821
3.28 4.7615 0.0356 116.656
3.29 4.5722 0.0349 115.883
3.3 4.1853 0.0347 114.459
3.31 3.996 0.0348 113.821
3.32 3.6214 0.0348 112.313
3.33 3.4403 0.0349 111.607
3.34 3.107 0.0352 110.151
3.35 2.9629 0.0358 109.645
3.36 2.7036 0.0371 108.621
3.37 2.5925 0.0377 108.2
3.38 2.3826 0.0391 107.305
3.39 2.1974 0.0412 106.612
3.4 2.1192 0.0424 106.398
3.41 1.9628 0.0439 105.621
3.42 1.9093 0.0469 105.868
3.43 1.7899 0.0484 105.249
3.44 1.6829 0.0509 104.841
3.45 1.6253 0.0515 104.503
3.46 1.4648 0.0524 103.181
3.47 1.3866 0.0533 102.597
3.48 1.3495 0.0537 102.342
3.49 1.2384 0.0544 101.274
3.5 1.1273 0.0551 100.098
3.51 1.0656 0.0556 99.4437
3.52 0.9668 0.0556 98.1376
3.53 0.8721 0.0562 96.8543
3.54 0.8227 0.0571 96.2471
3.55 0.7692 0.0588 95.6276
3.56 0.7623 0.0595 95.6725
3.57 0.766 0.0603 95.9204
3.58 0.7698 0.0612 96.1819
3.59 0.777501 0.0624 96.5505
3.6 0.7857 0.0625 96.7841
3.61 0.7898 0.0629 96.9829
3.62 0.8104 0.0637 97.5205
3.63 0.7898 0.0646 97.3477
3.64 0.7795 0.0656 97.3626
3.65 0.7803 0.0662 97.5251
3.66 0.781 0.0671 97.7216
3.67 0.7838 0.0681 97.9667
3.68 0.7898 0.0681 98.1486
3.69 0.8104 0.0681 98.5875
3.7 0.8145 0.0682 98.7455
3.71 0.8186 0.0684 98.9152
3.72 0.8268 0.0688 99.1795
3.73 0.8557 0.0694 99.8179
3.74 0.9215 0.0694 100.964
3.75 0.9215 0.0707 101.195
3.76 0.9339 0.0708 101.477
3.77 0.9627 0.0709 102.009
3.78 0.9503 0.0709 101.893
3.79 0.9195 0.0709 101.486
3.8 0.8886 0.0709 101.061
3.81 0.8968 0.0709 101.269
3.82 0.868 0.0708 100.856
3.83 0.8557 0.0704 100.675
3.84 0.8351 0.0704 100.395
3.85 0.8186 0.0677 99.8535
3.86 0.7898 0.0658 99.1763
3.87 0.7692 0.0652 98.7954
3.88 0.7569 0.0649 98.5992
3.89 0.7281 0.0637 97.9679
3.9 0.7157 0.0617 97.5364
3.91 0.6993 0.061 97.1883
3.92 0.6993 0.0608 97.2308
3.93 0.691 0.0607 97.1192
3.94 0.6885 0.0607 97.1371
3.95 0.6899 0.0611 97.2872
3.96 0.6914 0.0614 97.4258
3.97 0.6952 0.0618 97.6238
3.98 0.707501 0.0619 97.9523
3.99 0.7198 0.0618 98.251
4 0.7322 0.0617 98.5482
4.01 0.7486 0.0608 98.8109
4.02 0.7692 0.0597 99.1159
4.03 0.7651 0.0584 98.9267
4.04 0.8762 0.0585 100.961
4.05 0.9709 0.0582 102.491
4.06 1.1808 0.0578 105.432
4.07 1.189 0.0555 105.253
4.08 1.152 0.0508 104.078
4.09 1.0326 0.0491 102.231
4.1 0.9133 0.0454 99.8544
4.11 0.7939 0.0446 97.7815
4.12 0.7793 0.0435 97.3839
4.13 0.7898 0.0408 97.1184
4.14 0.8004 0.0387 96.9433
4.15 0.8762 0.0353 97.5315
4.16 1.1396 0.03 99.9988
4.17 2.0286 0.0255 107.269
4.18 2.5719 0.0229 110.083
4.19 3.1317 0.0203 112.194
4.2 4.2018 0.019 116.479
4.21 4.6257 0.0189 118.129
4.22 4.9837 0.0189 119.482
4.23 5.6011 0.0189 121.589
4.24 5.8645 0.0208 123.456
4.25 6.1197 0.0217 124.736
4.26 6.6053 0.0235 127.037
4.27 6.9758 0.0256 129.039
4.28 7.1898 0.0263 129.977
4.29 7.5437 0.0268 131.17
4.3 7.7125 0.0281 132.194
4.31 8.0253 0.029 133.388
4.32 8.2804 0.0307 134.714
4.33 8.3833 0.0313 135.258
4.34 8.6097 0.0322 136.186
4.35 8.7332 0.0345 137.339
4.36 8.9925 0.0354 138.303
4.37 9.1365 0.0369 139.188
4.38 9.2847 0.0375 139.787
4.39 9.581 0.038 140.664
4.4 9.7127 0.0395 141.485
4.41 9.8527 0.0404 142.133
4.42 10.108 0.0423 143.294
4.43 10.211 0.0431 143.818
4.44 10.363 0.0436 144.353
4.45 10.417 0.044 144.661
4.46 10.462 0.0447 145.032
4.47 10.528 0.0449 145.308
4.48 10.565 0.046 145.765
4.49 10.729 0.0466 146.336
4.5 10.795 0.0471 146.687
4.51 10.849 0.0479 147.089
4.52 10.894 0.0456 146.665
4.53 10.886 0.0433 146.109
4.54 10.869 0.038 144.587
4.55 10.799 0.0377 144.445
4.56 10.742 0.0376 144.392
4.57 10.663 0.038 144.453
4.58 10.631 0.0383 144.573
4.59 10.54 0.0391 144.73
4.6 10.486 0.0412 145.342
4.61 10.433 0.0422 145.614
4.62 10.31 0.044 145.96
4.63 9.8632 0.0447 145.309
4.64 9.8325 0.0457 145.599
4.65 9.8018 0.0462 145.753
4.66 9.8197 0.0468 146.035
4.67 9.7539 0.0473 146.109
4.68 9.6963 0.0479 146.225
4.69 9.4987 0.0482 145.954
4.7 9.3464 0.0497 146.073
4.71 8.9719 0.0507 145.542
4.72 8.7414 0.0523 145.459
4.73 8.2393 0.0531 144.493
4.74 7.9677 0.0544 144.171
4.75 7.3379 0.0552 142.728
4.76 6.9675 0.0561 141.942
4.77 6.1897 0.0568 139.768
4.78 5.811 0.0576 138.745
4.79 5.0743 0.0596 136.529
4.8 4.6998 0.0603 135.24
4.81 3.9877 0.062 132.46
4.82 3.6338 0.063 130.949
4.83 2.9958 0.0638 127.566
4.84 2.7324 0.064 125.992
4.85 2.5308 0.064 124.68
4.86 2.2221 0.0636 122.373
4.87 2.1439 0.0631 121.733
4.88 2.121 0.062 121.436
4.89 2.1134 0.0604 121.178
4.9 2.1214 0.059 121.077
4.91 2.1295 0.0539 120.304
4.92 2.185 0.0504 120.145
4.93 2.2427 0.0442 119.355
4.94 2.2838 0.0412 119.037
4.95 2.2591 0.0361 117.617
4.96 2.1809 0.0348 116.731
4.97 2.0163 0.033 114.974
4.98 1.9716 0.0304 113.888
4.99 1.9639 0.0279 113.077
5 1.9634 0.0218 110.837
5.01 2.1154 0.0191 110.869
5.02 2.2674 0.0146 109.568
5.03 2.4526 0.0132 109.949
5.04 2.7119 0.0133 111.684
5.05 2.7448 0.0135 112.078
5.06 2.7489 0.014 112.504
5.07 2.7489 0.0151 113.277
5.08 2.753 0.0162 114.028
5.09 2.8106 0.0165 114.606
5.1 2.9176 0.0165 115.287
5.11 3.2798 0.0165 117.31
5.12 3.5103 0.0165 118.528
5.13 3.7573 0.0164 119.698
5.14 4.3005 0.016 121.864
5.15 4.5804 0.0158 122.913
5.16 4.8191 0.016 124.012
5.17 5.0043 0.0162 124.884
5.18 5.1895 0.0173 126.295
5.19 5.2348 0.0187 127.342
5.2 5.1772 0.0211 128.492
5.21 5.0866 0.0226 128.969
5.22 5.0019 0.0237 129.236
5.23 4.9632 0.025 129.736
5.24 4.9529 0.0252 129.852
5.25 4.9807 0.0254 130.111
5.26 5.0084 0.0255 130.327
5.27 5.1525 0.0261 131.183
5.28 5.243 0.0263 131.665
5.29 5.276 0.0264 131.895
5.3 5.2636 0.0275 132.368
5.31 5.2677 0.0279 132.612
5.32 5.2718 0.028 132.735
5.33 5.2801 0.028 132.835
5.34 5.3583 0.0279 133.146
5.35 5.4159 0.0279 133.421
5.36 5.5147 0.0272 133.555
5.37 5.8851 0.0261 134.419
5.38 6.1938 0.0252 135.087
5.39 6.5971 0.0252 136.39
5.4 7.0128 0.0253 137.712
5.41 7.4161 0.0256 139.033
5.42 8.0911 0.0263 141.177
5.43 8.3792 0.0278 142.619
5.44 8.6385 0.0292 143.907
5.45 9.0748 0.0316 145.962
5.46 9.2765 0.0324 146.804
5.47 9.4699 0.0334 147.689
5.48 9.6551 0.0349 148.719
5.49 9.9473 0.0358 149.752
5.5 10.083 0.0367 150.43
5.51 10.219 0.0395 151.722
5.52 10.421 0.0408 152.638
5.53 10.499 0.0418 153.187
5.54 10.647 0.0438 154.172
5.55 10.709 0.0446 154.611
5.56 10.775 0.0451 154.969
5.57 10.828 0.0462 155.467
5.58 10.886 0.047 155.887
5.59 10.873 0.0477 156.13
5.6 10.857 0.0478 156.201
5.61 10.824 0.0478 156.21
5.62 10.803 0.0471 156.052
5.63 10.758 0.0464 155.841
5.64 10.705 0.0439 155.091
5.65 10.684 0.0434 154.976
5.66 10.663 0.0435 155.038
5.67 10.635 0.0436 155.085
5.68 10.598 0.0441 155.23
5.69 10.536 0.0458 155.664
5.7 10.1922 0.0465 155.194
5.71 10.1026 0.0472 155.265
5.72 10.013 0.0486 155.519
5.73 9.9556 0.0494 155.677
5.74 9.902 0.0503 155.865
5.75 9.6428 0.0512 155.576
5.76 9.4575 0.0518 155.367
5.77 9.26 0.0524 155.119
5.78 8.7538 0.0526 153.991
5.79 8.4368 0.0527 153.273
5.8 8.1364 0.0527 152.548
5.81 7.7948 0.0531 151.777
5.82 7.1569 0.0536 150.111
5.83 6.8152 0.0561 149.695
5.84 6.5148 0.0576 149.125
5.85 5.9592 0.0594 147.67
5.86 5.704 0.0593 146.792
5.87 5.4776 0.0592 145.987
5.88 5.3377 0.0589 145.451
5.89 5.2842 0.0575 145.018
5.9 5.206 0.0549 144.219
5.91 5.1566 0.0503 143.044
5.92 5.1708 0.0466 142.261
5.93 5.185 0.0454 142.075
5.94 5.233 0.0454 142.33
5.95 5.3336 0.0439 142.389
5.96 5.5353 0.0426 142.862
5.97 5.8069 0.0409 143.431
5.98 6.0991 0.0396 144.128
5.99 6.8687 0.0394 146.622
6 7.4038 0.0391 148.188
6.01 8.0212 0.0381 149.654
6.02 8.655 0.037 151.003
6.03 9.902 0.0333 152.685
6.04 10.417 0.0332 153.837
6.05 10.816 0.0332 154.743
6.06 11.161 0.0333 155.554
6.07 11.478 0.0346 156.753
6.08 11.841 0.0366 158.268
6.09 12.725 0.0394 160.975
6.1 13.133 0.0427 162.868
6.11 13.499 0.0444 164.121
6.12 13.878 0.0456 165.217
6.13 14.508 0.046 166.473
6.14 14.746 0.0462 167
6.15 14.931 0.0462 167.376
6.16 15.055 0.0462 167.651
6.17 15.141 0.0462 167.864
6.18 15.191 0.0462 168.019
6.19 15.178 0.0463 168.104
6.2 15.158 0.0487 168.856
6.21 15.063 0.0505 169.29
6.22 14.96 0.0523 169.692
6.23 14.5035 0.0536 169.357
6.24 14.3308 0.0557 169.683
6.25 14.3312 0.0564 169.935
6.26 14.3316 0.0577 170.334
6.27 14.3346 0.0589 170.707
6.28 14.351 0.06 171.074
6.29 14.405 0.0602 171.29
6.3 14.425 0.0607 171.518
6.31 14.438 0.0612 171.733
6.32 14.483 0.0612 171.885
6.33 14.512 0.0616 172.104
6.3401 14.545 0.0616 172.236
6.3501 14.586 0.0617 172.405
6.3601 14.664 0.0619 172.659
6.3701 14.787 0.0619 172.943
6.3801 14.816 0.0619 173.067
6.3901 14.882 0.0619 173.253
6.4001 14.94 0.0619 173.425
6.4101 14.956 0.0619 173.528
6.4201 14.973 0.0617 173.584
6.4301 15.03 0.0617 173.755
6.4401 15.026 0.0616 173.8
6.4501 14.936 0.0616 173.724
6.4601 14.857 0.0615 173.643
6.4701 14.759 0.0614 173.529
6.4801 14.549 0.0612 173.198
6.4901 14.446 0.0611 173.072
6.5001 14.347 0.0611 172.974
6.5101 14.24 0.0606 172.744
6.5201 14.018 0.0599 172.26
6.5301 13.886 0.0587 171.81
6.5401 13.804 0.0584 171.663
6.5501 13.775 0.0585 171.708
6.5601 13.7699 0.058 171.649
6.5701 13.7708 0.058 171.724
6.5801 13.7717 0.058 171.798
6.5901 13.775 0.0576 171.777
6.6001 13.783 0.0573 171.79
6.6101 13.791 0.0573 171.876
6.6201 13.8035 0.0573 171.971
6.6301 13.816 0.0579 172.215
6.6401 13.808 -0.0161 -nan
6.6501 13.804 -0.0159 -nan
6.6601 13.754 -0.0157 -nan
6.6701 13.396 -0.0153 -nan
6.6801 11.408 -0.0151 -nan
6.6901 11.363 -0.0149 -nan
6.7001 11.31 -0.0145 -nan
