0.01 0.265 0 0
0.02 0.402 0 0
0.03 0.43 0 0
0.04 0.344 0 0
0.05 0.054 0 0
0.06 0.065 0 0
0.07 0.081 0.008 19.6659
0.08 0.038 0.01 18.6451
0.09 0.026 0.009 18.082
0.1 0.03 0.003 17.3468
0.11 0.073 0.002 19.5744
0.12 0.073 0.001 18.9299
0.13 0.124 0.001 20.8904
0.14 0.124 0.001 21.3253
0.15 0.093 0.001 20.8561
0.16 0.085 0 0
0.17 0.061 0 0
0.18 0.046 0.001 19.8253
0.19 0.01 0.001 16.1552
0.2 0 0.001 0
0.21 0.003 0 0
0.22 0.01 0.009 20.2025
0.23 0.022 0.02 24.4868
0.24 0.038 0.011 25.5064
0.25 0.057 0.018 28.4925
0.26 0.085 0.022 31.0246
0.27 0.14 0.051 36.1284
0.28 0.461 0.021 40.2448
0.29 1.132 0.059 50.4026
0.3 2.598 0.117 60.707
0.31 4.036 0.127 65.7219
0.32 5.659 0.149 70.5429
0.33 8.352 0.114 73.5931
0.34 9.36 0.126 76.0648
0.35 7.69 0.104 73.36
0.36 7.004 0.105 73.0067
0.37 7.122 0.113 74.194
0.38 7.537 0.149 77.1122
0.39 8.309 0.154 78.9861
0.4 8.455 0.197 81.3944
0.41 8.098 0.172 80.533
0.42 8.901 0.164 81.8607
0.43 9.156 0.136 81.4551
0.44 9.25 0.134 81.9969
0.45 8.345 0.13 81.0917
0.46 8.364 0.121 81.1297
0.47 8.059 0.113 80.7201
0.48 8.521 0.103 81.2197
0.49 8.302 0.107 81.6393
0.5 8.858 0.066 79.6038
0.51 9.015 0 0
0.52 8.698 0.087 82.1318
0.53 8.795 0.056 79.7234
0.54 8.835 0.07 81.6938
0.55 9.184 0.085 83.9156
0.56 10.124 0.123 88.1993
0.57 10.14 0.119 88.4109
0.58 11.399 0.129 90.958
0.59 11.845 0.133 92.1315
0.6 12.688 0.146 94.2121
0.61 12.092 0.173 95.3289
0.62 11.869 0.167 95.2244
0.63 8.58 0.153 90.6198
0.64 8.498 0.122 89.1954
0.65 8.035 0.125 89.0407
0.66 7.612 0.109 87.7204
0.67 7.165 0.114 87.6501
0.68 5.828 0.117 85.6176
0.69 5.836 0.086 83.8086
0.7 5.875 0.087 84.3063
0.71 4.679 0.099 82.7955
0.72 4.213 0.082 80.5985
0.73 4.08 0.089 81.086
0.74 3.88 0.082 80.2574
0.75 3.688 0.073 79.2011
0.76 3.641 0.079 79.8698
0.77 3.28 0.081 79.1287
0.78 3.072 0.086 79.0604
0.79 2.97 0.078 78.3172
0.8 2.586 0.079 77.1219
0.81 2.606 0.084 77.8712
0.82 2.511 0.074 76.9053
0.83 2.304 0.067 75.5872
0.84 2.5 0.062 76.2426
0.85 2.135 0.06 74.5713
0.86 2.088 0.053 73.809
0.87 1.923 0.053 73.174
0.88 1.798 0.05 72.3482
0.89 1.743 0.049 72.1306
0.9 1.68 0.041 70.9129
0.91 1.68 0.039 70.8357
0.92 1.661 0.04 71.0846
0.93 1.496 0.035 69.4565
0.94 1.453 0.038 69.8476
0.95 1.426 0.033 69.0492
0.96 1.394 0.033 69.0245
0.97 1.375 0.034 69.2588
0.98 1.355 0.035 69.4775
0.99 1.355 0.033 69.3336
1 1.324 0.032 69.1191
1.01 1.249 0.031 68.5497
1.02 1.281 0.03 68.8006
1.03 1.383 0.03 69.7528
1.04 1.516 0.029 70.6717
1.05 1.633 0.03 71.8249
1.06 1.81 0.028 72.6712
1.07 1.802 0.028 72.8146
1.08 1.782 0.028 72.886
1.09 1.712 0.029 72.8649
1.1 1.661 0.029 72.7327
1.11 1.504 0.028 71.6712
1.12 1.445 0.026 70.9982
1.13 1.378 0.028 71.1261
1.14 1.296 0.026 70.239
1.15 1.132 0.025 68.8263
1.16 1.045 0.021 67.22
1.17 0.943 0.024 67.1331
1.18 0.9 0.025 67.0688
1.19 0.932 0.022 66.8506
1.2 1.014 0.022 67.8249
1.21 1.12 0.013 66.0085
1.22 1.222 0.024 70.5014
1.23 1.359 0.023 71.4975
1.24 1.386 0 0
1.25 1.386 0.023 72.0225
1.26 1.351 0.023 71.9169
1.27 1.304 0.024 71.9629
1.28 1.398 0.026 73.3333
1.29 1.433 0.023 73.0057
1.3 1.222 0.022 71.2397
1.31 1.241 0.024 72.0702
1.32 1.261 0.023 72.1334
1.33 1.269 0.023 72.3507
1.34 1.265 0.023 72.4686
1.35 1.21 0.021 71.6111
1.36 1.198 0.021 71.6553
1.37 1.241 0.023 72.7152
1.38 1.253 0.019 71.8127
1.39 1.288 0.023 73.4006
1.4 1.328 0 0
1.41 1.339 0.021 73.5471
1.42 1.304 0.02 73.1138
1.43 1.218 0.013 69.9865
1.44 1.132 0.014 69.8159
1.45 1.034 0.022 71.69
1.46 1.555 0.022 76.174
1.47 2.319 0.022 80.8397
1.48 1.398 0.022 75.2997
1.49 1.414 0.022 75.5645
1.5 1.245 0.022 74.3302
1.51 0.869 0.021 70.437
1.52 0.524 0.02 65.3431
1.53 0.473 0.019 64.2295
1.54 0.438 0.015 62.3981
1.55 0.418 0.017 62.7412
1.56 0.402 0.017 62.5012
1.57 0.383 0.018 62.4737
1.58 0.379 0.016 61.8801
1.59 0.387 0.016 62.1755
1.6 0.395 0.016 62.4678
1.61 0.453 0.016 63.8229
1.62 0.496 0.017 65.1007
1.63 0.536 0.02 66.8423
1.64 0.579 0.022 68.2432
1.65 0.642 0.023 69.6401
1.66 0.665 0.023 70.1116
1.67 0.72 0.033 73.2031
1.68 0.826 0.037 75.5046
1.69 0.979 0.039 77.843
1.7 1.39 0.04 82.1804
1.71 1.579 0.042 84.1806
1.72 1.735 0.043 85.6364
1.73 1.821 0.041 86.0326
1.74 2.025 0.04 87.3187
1.75 2.174 0.039 88.1707
1.76 2.3 0.037 88.6408
1.77 2.366 0.033 88.2984
1.78 2.355 0.032 88.1515
1.79 2.292 0.028 86.9732
1.8 2.237 0.024 85.6977
1.81 2.178 0.019 83.8543
1.82 2.151 0.01 79.4727
1.83 2.143 0.011 80.1845
1.84 2.19 0.01 79.921
1.85 2.245 0.009 79.6269
1.86 2.3 0.008 79.2444
1.87 2.362 0.008 79.6671
1.88 2.429 0.008 80.1073
1.89 2.57 0.009 81.6766
1.9 2.633 0.009 82.0822
1.91 2.688 0.009 82.4472
1.92 2.731 0.009 82.7559
1.93 2.758 0.009 82.993
1.94 2.778 0.009 83.1988
1.95 2.794 0.009 83.3867
1.96 2.821 0.009 83.6211
1.97 2.841 0.009 83.8248
1.98 2.864 0.009 84.0403
1.99 2.888 0.009 84.2593
2 2.915 0.009 84.49
2.01 2.947 0.009 84.7403
2.02 3.021 0.009 85.1609
2.03 3.064 0.009 85.4516
2.04 3.111 0.009 85.7562
2.05 3.147 0.009 86.0153
2.06 3.174 0.012 88.3267
2.07 3.186 0.01 87.1616
2.08 3.174 0.01 87.231
2.09 3.147 0.011 87.9345
2.1 3.115 0.011 87.9218
2.11 3.084 0.012 88.55
2.12 3.045 0.012 88.5042
2.13 2.962 0.012 88.268
2.14 2.923 0.012 88.2145
2.15 2.888 0.012 88.1758
2.16 2.856 0.012 88.1481
2.17 2.837 0.009 86.0911
2.18 2.817 0.009 86.1135
2.19 2.821 0.009 86.2407
2.2 2.837 0.009 86.4204
2.21 2.856 0.009 86.6126
2.22 2.884 0.009 86.8433
2.23 2.919 0.009 87.103
2.24 3.013 0.009 87.6104
2.25 3.045 0.013 90.5819
2.26 3.06 0.01 88.7981
2.27 3.064 0.01 88.9239
2.28 3.053 0.009 88.2099
2.29 3.029 0.01 88.9937
2.3 3.005 0.01 88.9995
2.31 2.962 0.01 88.9222
2.32 2.86 0.011 89.2861
2.33 2.806 0.011 89.1479
2.34 2.747 0.011 88.9814
2.35 2.688 0.011 88.8089
2.36 2.621 0.011 88.5912
2.37 2.559 0.01 87.692
2.38 2.496 0.01 87.4801
2.39 2.394 0.01 87.0575
2.4 2.351 0.01 86.9315
2.41 2.312 0.009 86.0648
2.42 2.272 0.009 85.9477
2.43 2.237 0.008 85.0169
2.44 2.202 0.008 84.921
2.45 2.19 0.008 84.9507
2.46 2.186 0.008 85.0246
2.47 2.182 0.009 85.9361
2.48 2.186 0.009 86.0554
2.49 2.186 0.002 76.018
2.5 2.194 0.008 85.4516
2.51 2.202 0.007 84.6457
2.52 2.214 0.007 84.8057
2.53 2.237 0.007 85.0255
2.54 2.268 0.006 84.2008
2.55 2.312 0.006 84.5264
2.56 2.468 0.006 85.4178
2.57 2.559 0.006 85.9575
2.58 2.649 0.007 87.596
2.59 2.711 0.008 88.9658
2.6 2.758 0.008 89.2818
2.61 2.802 0.009 90.4633
2.62 2.802 0.009 90.5595
2.63 2.79 0.009 90.5994
2.64 2.766 0.01 91.3798
2.65 2.735 0.01 91.3276
2.66 2.704 0.01 91.2733
2.67 2.68 0.01 91.2514
2.68 2.657 0.011 91.9593
2.69 2.657 0.011 92.0545
2.7 2.66 0.011 92.1645
2.71 2.672 0.004 84.8671
2.72 2.696 0.011 92.5328
2.73 2.751 0.011 92.897
2.74 2.794 0.011 93.1994
2.75 2.849 0.011 93.5561
2.76 2.915 0 0
2.77 2.998 0.011 94.4354
2.78 3.197 0.01 94.6554
2.79 3.319 0.01 95.2623
2.8 3.468 0.01 95.962
2.81 3.656 0.004 89.6855
2.82 3.864 0.012 99.1536
2.83 4.287 0.013 101.42
2.84 4.476 0.013 102.152
2.85 4.628 0.013 102.745
2.86 4.758 0.014 103.895
2.87 4.864 0.015 104.927
2.88 5.071 0.016 106.23
2.89 5.193 0.017 107.236
2.9 5.326 0.018 108.244
2.91 5.475 0.018 108.779
2.92 5.604 0.019 109.741
2.93 5.706 0.02 110.602
2.94 5.785 0.021 111.378
2.95 5.914 0.021 111.838
2.96 5.961 0.022 112.505
2.97 5.997 0.022 112.708
2.98 6.024 0.022 112.887
2.99 6.04 0.021 112.598
3 6.028 0.024 113.929
3.01 6.02 0.024 114.013
3.02 6.024 0.024 114.129
3.03 6.02 0.023 113.819
3.04 6.016 0.026 115.081
3.05 6.048 0.022 113.683
3.06 6.091 0.023 114.324
3.07 6.142 0.022 114.143
3.08 6.177 0.022 114.34
3.09 6.189 0.028 116.795
3.1 6.177 0.023 114.97
3.11 6.106 0.024 115.289
3.12 6.055 0.024 115.253
3.13 5.985 0.024 115.162
3.14 5.91 0.025 115.447
3.15 5.82 0.025 115.294
3.16 5.632 0.025 114.851
3.17 5.538 0.023 113.881
3.18 5.463 0.022 113.337
3.19 5.393 0.022 113.226
3.2 5.318 0.022 113.096
3.21 5.228 0.023 113.335
3.22 5.083 0.023 112.974
3.23 4.769 0.023 112.038
3.24 4.82 0.023 112.306
3.25 4.762 0.024 112.605
3.26 4.711 0.024 112.526
3.27 4.664 0.024 112.46
3.28 4.64 0.014 107.539
3.29 4.64 0.022 111.755
3.3 4.707 0.022 112.08
3.31 4.785 0.021 112.006
3.32 4.883 0.021 112.428
3.33 4.993 0.019 111.947
3.34 5.138 0.021 113.444
3.35 5.416 0.021 114.403
3.36 5.514 0.022 115.239
3.37 5.593 0.022 115.571
3.38 5.655 0.023 116.279
3.39 5.71 0.022 116.107
3.4 5.773 0.022 116.386
3.41 5.797 0.023 116.982
3.42 5.804 0.024 117.513
3.43 5.808 0.024 117.62
3.44 5.797 0.025 118.084
3.45 5.769 0.025 118.097
3.46 5.71 0.026 118.403
3.47 5.675 0.026 118.393
3.48 5.624 0.026 118.334
3.49 5.557 0.026 118.224
3.5 5.495 0.025 117.742
3.51 5.35 0.025 117.383
3.52 5.295 0.025 117.301
3.53 5.248 0.025 117.243
3.54 5.205 0.025 117.196
3.55 5.138 0.024 116.673
3.56 5.13 0.023 116.325
3.57 5.126 0.024 116.816
3.58 5.118 0.02 115.121
3.59 5.122 0.023 116.571
3.6 5.107 0.023 116.612
3.61 5.099 0.023 116.675
3.62 5.087 0.022 116.294
3.63 5.087 0.012 110.66
3.64 5.087 0.021 116.023
3.65 5.158 0.021 116.343
3.66 5.228 0.02 116.185
3.67 5.346 0.02 116.648
3.68 5.483 0.019 116.663
3.69 5.632 0.019 117.203
3.7 5.93 0.019 118.165
3.71 6.106 0.02 119.261
3.72 6.287 0.021 120.341
3.73 6.483 0.022 121.433
3.74 6.632 0.024 122.808
3.75 6.816 0.025 123.804
3.76 6.843 0.026 124.372
3.77 6.859 0.028 125.275
3.78 6.851 0.023 123.312
3.79 6.843 0.029 125.784
3.8 6.828 0.029 125.837
3.81 6.808 0.029 125.876
3.82 6.796 0.025 124.39
3.83 6.8 0.027 125.29
3.84 6.867 0.027 125.558
3.85 6.945 0.028 126.235
3.86 7.031 0.028 126.55
3.87 7.114 0.026 126.076
3.88 7.196 0.028 127.156
3.89 7.306 0.028 127.526
3.9 7.321 0.028 127.654
3.91 7.321 0.029 128.119
3.92 7.321 0.03 128.572
3.93 7.326 0.029 128.313
3.94 7.361 0.029 128.492
3.95 7.369 0.03 128.966
3.96 7.384 0.031 129.447
3.97 7.408 0.031 129.598
3.98 7.427 0.031 129.737
3.99 7.447 0.03 129.524
4 7.486 0.029 129.346
4.01 7.514 0.028 129.128
4.02 7.541 0.027 128.894
4.03 7.592 0.027 129.108
4.04 7.682 0.028 129.809
4.05 7.929 0.027 130.097
4.06 8.039 0.028 130.84
4.07 8.137 0.026 130.352
4.08 8.211 0.03 132.175
4.09 8.325 0.03 132.528
4.1 8.368 0.03 132.717
4.11 8.384 0.028 132.083
4.12 8.396 0.031 133.324
4.13 8.407 0.031 133.439
4.14 8.462 0.031 133.654
4.15 8.517 0.032 134.222
4.16 8.592 0.184 155.549
4.17 8.666 0.031 134.383
4.18 8.772 0.03 134.341
4.19 8.792 0.032 135.198
4.2 8.76 0.032 135.217
4.21 8.709 0.032 135.192
4.22 8.623 0.033 135.435
4.23 4.867 0.033 124.809
4.24 8.137 0.033 134.485
4.25 8.153 0.034 134.946
4.26 8.133 0.035 135.312
4.27 8.125 0.035 135.381
4.28 8.113 0.028 132.949
4.29 8.102 0.033 134.84
4.3 8.086 0.033 134.889
4.31 8.09 0.033 134.986
4.32 8.117 0.033 135.137
4.33 8.172 0.032 135.01
4.34 8.231 0.031 134.88
4.35 8.403 0.032 135.727
4.36 8.505 0.031 135.691
4.37 8.615 0.032 136.388
4.38 8.737 0.032 136.752
4.39 8.858 0.033 137.461
4.4 8.976 0.033 137.81
4.41 9.144 0.034 138.61
4.42 9.203 0.036 139.488
4.43 9.27 0.035 139.394
4.44 9.325 0.035 139.6
4.45 9.47 0.035 139.998
4.46 9.525 0.035 140.203
4.47 9.58 0.04 141.975
4.48 9.67 0.037 141.335
4.49 9.764 0.038 141.934
4.5 9.952 0.038 142.412
4.51 9.991 0.039 142.889
4.52 10.007 0.043 144.177
4.53 9.999 0.043 144.249
4.54 9.921 0.043 144.174
4.55 9.858 0.044 144.406
4.56 9.768 0.045 144.574
4.57 9.674 0.043 143.915
4.58 9.599 0.045 144.386
4.59 9.486 0.045 144.228
4.6 9.446 0.044 143.958
4.61 9.431 0.043 143.737
4.62 9.431 0.042 143.542
4.63 9.434 0.042 143.635
4.64 9.47 0.042 143.8
4.65 9.489 0.042 143.928
4.66 9.497 0.042 144.031
4.67 9.493 0.042 144.108
4.68 9.47 0.042 144.143
4.69 9.376 0.042 144.022
4.7 9.329 0.041 143.715
4.71 9.27 0.043 144.239
4.72 9.207 0.043 144.182
4.73 9.062 0.043 143.938
4.74 8.991 0.042 143.578
4.75 8.913 0.043 143.763
4.76 8.843 0.047 144.751
4.77 8.756 0.042 143.282
4.78 8.588 0.042 142.966
4.79 8.505 0.042 142.849
4.8 8.443 0.044 143.335
4.81 8.376 0.039 141.823
4.82 8.313 0.039 141.751
4.83 8.196 0.039 141.544
4.84 8.137 0.039 141.478
4.85 8.07 0.04 141.689
4.86 7.996 0.039 141.284
4.87 7.878 0.039 141.062
4.88 7.839 0.039 141.042
4.89 7.792 0.039 141
4.9 7.757 0.039 140.989
4.91 7.729 0.039 140.995
4.92 7.702 0.038 140.7
4.93 7.694 0.038 140.758
4.94 7.694 0.037 140.525
4.95 7.698 0.037 140.615
4.96 7.721 0.037 140.754
4.97 7.772 0.036 140.646
4.98 7.89 0.036 141.03
4.99 7.968 0.035 140.978
5 8.051 0.034 140.927
5.01 8.133 0.034 141.211
5.02 8.211 0.034 141.483
5.03 8.388 0.034 141.997
5.04 8.474 0.034 142.284
5.05 8.568 0.032 141.872
5.06 8.674 0.034 142.92
5.07 8.874 0.035 143.815
5.08 8.964 0.034 143.756
5.09 9.031 0.033 143.632
5.1 9.09 0.035 144.551
5.11 9.129 0.036 145.059
5.12 9.199 0.036 145.297
5.13 9.211 0.035 145.063
5.14 9.231 0.038 146.184
5.15 9.278 0.038 146.37
5.16 9.313 0.039 146.845
5.17 9.313 0.031 144.145
5.18 9.333 0.035 145.731
5.19 9.372 0.035 145.896
5.2 9.438 0.037 146.799
5.21 9.462 0.036 146.597
5.22 9.486 0.038 147.39
5.23 9.505 0.038 147.511
5.24 9.399 0.039 147.67
5.25 9.411 0.039 147.775
5.26 9.423 0.039 147.881
5.27 9.423 0.04 148.271
5.28 9.442 0.039 148.08
5.29 9.446 0.039 148.167
5.3 9.446 0.04 148.557
5.31 9.427 0.041 148.898
5.32 9.391 0.042 149.192
5.33 9.34 0.043 149.445
5.34 9.18 0.043 149.152
5.35 9.078 0.044 149.275
5.36 8.964 0.043 148.796
5.37 8.835 0.044 148.847
5.38 8.709 0.041 147.746
5.39 8.529 0.041 147.378
5.4 8.462 0.04 146.984
5.41 8.423 0.043 147.849
5.42 8.4 0.04 146.98
5.43 8.4 0.038 146.429
5.44 8.372 0.038 146.433
5.45 8.341 0.038 146.43
5.46 8.302 0.037 146.081
5.47 8.259 0.038 146.371
5.48 8.184 0.039 146.569
5.49 8.149 0.038 146.237
5.5 8.137 0.037 145.955
5.51 8.125 0.036 145.666
5.52 8.117 0.035 145.377
5.53 8.145 0.035 145.523
5.54 8.215 0.036 146.117
5.55 8.27 0.036 146.331
5.56 8.309 0.036 146.504
5.57 8.298 0.037 146.883
5.58 8.231 0.037 146.785
5.59 7.988 0.037 146.226
5.6 7.863 0.038 146.291
5.61 7.765 0.038 146.099
5.62 7.706 0.036 145.356
5.63 7.667 0.035 144.981
5.64 7.596 0.034 144.51
5.65 7.584 0.034 144.548
5.66 7.572 0.044 147.721
5.67 7.596 0.043 147.578
5.68 7.62 0.036 145.55
5.69 7.58 0.036 145.511
5.7 7.459 0.036 145.245
5.71 7.282 0.042 146.683
5.72 7.094 0.036 144.34
5.73 6.788 0.035 143.16
5.74 6.679 0.035 142.896
5.75 6.6 0.034 142.377
5.76 6.53 0.042 144.75
5.77 6.436 0.033 141.646
5.78 6.267 0.032 140.812
5.79 6.189 0.032 140.626
5.8 6.11 0.032 140.433
5.81 6.02 0.031 139.831
5.82 5.914 0.031 139.54
5.83 5.667 0.031 138.752
5.84 5.55 0.03 138.024
5.85 5.456 0.029 137.363
5.86 5.381 0.029 137.154
5.87 5.338 0.029 137.061
5.88 5.303 0.029 136.996
5.89 5.279 0.028 136.572
5.9 5.279 0.028 136.636
5.91 5.291 0.028 136.745
5.92 5.318 0.029 137.31
5.93 5.35 0.028 137.092
5.94 5.495 0.029 138.088
5.95 5.597 0.027 137.698
5.96 5.734 0 0
5.97 5.895 0.025 137.974
5.98 6.338 0.025 139.486
5.99 6.671 0.025 140.584
6 7.09 0.01 131.473
6.01 7.588 0.026 143.817
6.02 8.102 0.028 146.146
6.03 8.968 0.029 148.801
6.04 9.305 0.024 147.324
6.05 9.595 0.033 152.02
6.06 9.866 0.035 153.45
6.07 10.328 0.037 155.252
6.08 10.544 0.038 156.133
6.09 10.744 0.039 156.966
6.1 10.909 0.041 158.039
6.11 11.144 0.043 159.227
6.12 11.214 0.043 159.443
6.13 11.269 0.044 159.933
6.14 11.297 0.045 160.362
6.15 11.308 0.045 160.457
6.16 11.324 0 0
6.17 11.293 0.041 159.333
6.18 11.25 0.041 159.317
6.19 11.23 0.041 159.348
6.2 11.199 0.044 160.295
6.21 11.061 0.041 159.143
6.22 11.003 0.041 159.094
6.23 10.172 0.04 157.052
6.24 10.658 0.041 158.507
6.25 10.701 0.041 158.669
6.26 10.658 0.04 158.322
6.27 10.56 0.04 158.182
6.28 10.489 0.04 158.098
6.29 10.422 0.04 158.023
6.3 10.364 0.041 158.29
6.31 10.297 0.041 158.212
6.32 10.25 0.04 157.853
6.33 10.113 0.04 157.617
6.34 10.042 0.042 158.167
6.35 9.964 0.041 157.742
6.36 9.885 0.048 159.711
6.37 9.799 0.042 157.817
6.38 9.568 0.042 157.344
6.39 9.438 0.041 156.788
6.4 9.313 0.048 158.622
6.41 9.188 0.048 158.383
6.42 9.094 0.04 155.835
6.43 8.905 0.041 155.751
6.44 8.835 0.041 155.642
6.45 8.756 0.05 158.096
6.46 8.658 0.041 155.322
6.47 8.447 0.041 154.838
6.48 8.333 0.041 154.602
6.49 8.196 0.04 153.983
6.5 8.047 0.04 153.642
6.51 7.902 0.039 152.983
6.52 7.631 0.039 152.281
6.53 7.537 0.038 151.746
6.54 7.49 0.038 151.674
6.55 7.494 0.037 151.414
6.56 7.557 0.036 151.316
6.57 7.674 0.035 151.36
6.58 8.015 0.034 152.008
6.59 8.18 0.034 152.519
6.6 8.341 0.034 153.012
6.61 8.474 0.034 153.426
6.62 8.615 0.035 154.227
6.63 8.835 0.035 154.853
6.64 8.921 0.036 155.498
6.65 9.007 0.036 155.778
6.66 9.078 0.038 156.723
6.67 9.199 0.04 157.759
6.68 9.25 0.041 158.276
6.69 9.282 0.041 158.42
6.7 9.317 0.042 158.89
6.71 9.325 0.043 159.287
6.72 9.36 0.043 159.439
6.73 9.36 0.043 159.505
6.74 9.364 0.042 159.269
6.75 9.36 0.043 159.637
6.76 9.364 0.043 159.712
6.77 9.368 0.043 159.788
6.78 9.368 0.043 159.853
6.79 9.38 0.042 159.635
6.8 9.387 0.043 160.031
6.81 9.399 0.043 160.126
6.82 9.415 0.043 160.23
6.83 9.411 0.043 160.286
6.84 9.407 0.043 160.341
6.85 9.399 0.043 160.387
6.86 9.372 0.041 159.751
6.87 9.34 0.042 160.058
6.88 9.317 0.042 160.065
6.89 9.293 0.042 160.071
6.9 9.25 0.042 160.028
6.91 9.172 0.041 159.577
6.92 9.133 0.041 159.544
6.93 9.101 0.041 159.527
6.94 9.054 0.044 160.412
6.95 9.003 0.04 159.079
6.96 8.882 0.039 158.499
6.97 8.827 0.038 158.078
6.98 8.768 0.042 159.309
6.99 8.721 0.038 157.929
7 8.666 0.037 157.498
7.01 8.549 0.037 157.253
7.02 8.486 0.036 156.79
7.03 8.431 0.039 157.752
7.04 8.372 0.036 156.608
7.05 8.255 0.036 156.353
7.06 8.196 0.036 156.253
7.07 8.141 0.036 156.163
7.08 8.074 0.036 156.039
7.09 8.031 0.035 155.615
7.1 7.933 0.035 155.401
7.11 7.89 0.035 155.34
7.12 7.859 0.035 155.313
7.13 7.831 0.035 155.293
7.14 7.792 0.034 154.868
7.15 7.776 0.035 155.257
7.16 7.718 0.033 154.392
7.17 7.686 0.035 155.117
7.18 7.651 0.034 154.702
7.19 7.604 0.034 154.624
7.2 7.517 0.035 154.801
7.21 7.271 0.034 153.749
7.22 7.271 0.034 153.808
7.23 7.243 0.034 153.782
7.24 7.2 0.033 153.328
7.25 7.176 0.033 153.313
7.26 7.169 0.033 153.35
7.27 7.165 0.032 153.004
7.28 7.196 0.032 153.158
7.29 7.239 0.032 153.348
7.3 7.321 0.032 153.656
7.31 7.541 0.032 154.371
7.32 7.678 0.033 155.227
7.33 7.815 0.033 155.682
7.34 7.941 0.03 154.867
7.35 8.082 0.035 157.324
7.36 8.286 0.036 158.32
7.37 8.388 0.037 159.021
7.38 8.49 0.042 161.048
7.39 8.584 0.043 161.68
7.4 8.69 0.043 162.027
7.41 8.847 0.044 162.818
7.42 8.901 0.044 163.021
7.43 8.909 0.043 162.792
7.44 8.905 0.043 162.842
7.45 8.835 0.043 162.718
7.46 8.811 0.043 162.715
7.47 8.784 0.043 162.704
7.48 8.764 0.042 162.392
7.49 8.752 0.043 162.739
7.5 8.752 0.042 162.481
7.51 8.764 0.041 162.248
7.52 8.788 0.04 162.038
7.53 8.807 0.041 162.482
7.54 8.839 0.041 162.627
7.55 8.913 0.04 162.548
7.56 8.948 0.041 163.034
7.57 8.999 0.042 163.555
7.58 9.062 0.042 163.78
7.59 9.207 0.042 164.215
7.6 9.274 0.043 164.769
7.61 9.344 0.039 163.673
7.62 9.415 0.042 164.925
7.63 9.474 0.042 165.133
7.64 9.599 0.043 165.83
7.65 9.666 0.042 165.732
7.66 9.729 0.044 166.591
7.67 9.772 0.044 166.757
7.68 9.854 0.045 167.331
7.69 9.893 0.045 167.487
7.7 9.944 0.046 167.978
7.71 9.976 0.046 168.116
7.72 10.046 0.046 168.346
7.73 10.07 0.047 168.767
7.74 10.089 0.046 168.571
7.75 10.089 0.047 168.934
7.76 10.089 0.046 168.692
7.77 10.074 0.046 168.716
7.78 10.07 0.046 168.767
7.79 10.062 0.047 169.11
7.8 10.05 0.045 168.531
7.81 10.042 0.045 168.572
7.82 9.999 0.046 168.836
7.83 9.995 0.046 168.886
7.84 9.968 0.046 168.88
7.85 9.944 0.046 168.881
7.86 9.893 0.046 168.816
7.87 9.874 0.046 168.829
7.88 9.85 0.048 169.428
7.89 9.803 0.047 169.075
7.9 9.78 0.047 169.077
7.91 9.693 0.046 168.617
7.92 9.658 0.046 168.589
7.93 9.619 0.045 168.242
7.94 9.587 0.046 168.528
7.95 9.544 0.046 168.478
7.96 9.529 0.046 168.498
7.97 9.529 0.043 167.614
7.98 9.529 0.045 168.308
7.99 9.533 0.045 168.377
8 9.576 0.045 168.545
8.01 9.595 0.045 168.651
8.02 9.638 0.043 168.181
8.03 9.678 0.043 168.34
8.04 9.772 0.043 168.632
8.05 9.826 0.043 168.825
8.06 9.874 0.042 168.671
8.07 9.909 0.043 169.146
8.08 9.948 0.043 169.3
8.09 9.991 0.043 169.463
8.1 10.003 0.044 169.875
8.11 9.999 0.046 170.554
8.12 9.983 0.045 170.261
8.13 9.964 0.045 170.273
8.14 9.834 0.046 170.32
8.15 9.748 0.043 169.211
8.16 9.642 0.04 167.988
8.17 9.521 0.04 167.74
8.18 9.301 0.04 167.233
8.19 9.219 0.04 167.077
8.2 9.133 0.041 167.252
8.21 9.054 0.041 167.099
8.22 8.721 0.041 166.256
8.23 8.831 0.041 166.613
8.24 8.85 0.04 166.378
8.25 8.878 0.035 164.671
8.26 8.913 0.039 166.31
8.27 8.952 0.039 166.471
8.28 9.062 0.039 166.82
8.29 9.125 0.039 167.042
8.3 9.195 0.041 167.98
8.31 9.262 0.04 167.866
8.32 9.384 0.04 168.239
8.33 9.434 0.041 168.771
8.34 9.478 0.05 171.753
8.35 9.501 0.042 169.395
8.36 9.501 0.042 169.451
8.37 9.474 0.043 169.77
8.38 9.419 0.043 169.684
8.39 9.36 0.044 169.911
8.4 9.25 0.044 169.679
8.41 9.011 0.044 169.096
8.42 8.878 0.044 168.79
8.43 8.748 0.044 168.488
8.44 8.639 0.043 167.918
8.45 8.545 0.042 167.381
8.46 8.388 0.042 166.989
8.47 8.349 0.04 166.256
8.48 8.349 0.04 166.31
8.49 8.38 0.04 166.453
8.5 8.435 0.039 166.314
8.51 8.564 0.038 166.373
8.52 8.619 0.035 165.444
8.53 8.67 0.035 165.639
8.54 8.725 0.037 166.613
8.55 8.815 0.038 167.284
8.56 8.87 0.038 167.488
8.57 8.925 0.033 165.735
8.58 8.98 0.04 168.613
8.59 9.062 0.04 168.888
8.6 9.105 0.04 169.058
8.61 9.144 0.034 166.944
8.62 9.191 0.04 169.397
8.63 9.242 0.04 169.586
8.64 9.399 0.04 170.053
8.65 9.497 0.04 170.362
8.66 9.619 0.041 171.081
8.67 9.725 0.042 171.75
8.68 9.929 0.042 172.32
8.69 10.054 0.042 172.686
8.7 10.168 0.043 173.361
8.71 10.277 0.043 173.683
8.72 10.375 0.044 174.309
8.73 10.587 0.045 175.2
8.74 10.669 0.045 175.451
8.75 10.763 0.046 176.05
8.76 10.846 0.047 176.617
8.77 10.995 0.047 177.02
8.78 11.069 0.047 177.247
8.79 11.14 0.046 177.149
8.8 11.203 0.047 177.667
8.81 11.344 0.049 178.662
8.82 11.402 0.049 178.849
8.83 11.457 0.05 179.331
8.84 11.512 0.05 179.511
8.85 11.583 0.049 179.425
8.86 11.665 0.049 179.664
8.87 11.712 0.057 182.101
8.88 11.716 0.06 182.946
8.89 11.728 0.05 180.275
8.9 11.716 0.051 180.602
8.91 11.689 0.051 180.598
8.92 11.634 0.051 180.532
8.93 11.567 0.052 180.73
8.94 11.328 0.054 180.81
8.95 11.159 0.054 180.475
8.96 10.975 0.054 180.1
8.97 10.783 0.054 179.698
8.98 10.607 0.053 179.05
8.99 10.462 0.052 178.467
9 10.172 0.052 177.801
9.01 10.081 0.051 177.34
9.02 10.026 0.049 176.666
9.03 9.976 0.048 176.29
9.04 9.874 0.048 176.084
9.05 9.815 0.047 175.678
9.06 9.764 0.047 175.6
9.07 9.713 0.046 175.208
9.08 9.666 0.045 174.819
9.09 9.591 0.046 174.996
9.1 9.568 0.044 174.343
9.11 9.552 0.045 174.681
9.12 9.544 0.039 172.645
9.13 9.54 0.04 173.051
9.14 9.56 0.039 172.792
9.15 9.583 0.039 172.904
9.16 9.591 0.04 173.342
9.17 9.623 0.04 173.478
9.18 9.666 0.036 172.127
9.19 9.881 0.043 175.297
9.2 9.944 0.043 175.511
9.21 10.058 0.042 175.508
9.22 10.085 0.04 174.918
9.23 10.089 0.041 175.34
9.24 10.124 0.04 175.12
9.25 10.242 0.04 175.466
9.26 10.348 0.04 175.779
9.27 10.446 0.046 178.13
9.28 10.552 0.043 177.444
9.29 10.638 0.043 177.705
9.3 10.622 0.044 178.059
9.31 10.575 0.045 178.332
9.32 10.481 0.047 178.802
9.33 10.379 0.048 178.917
9.34 10.207 0.047 178.227
9.35 10.156 0.048 178.464
9.36 10.128 0.048 178.446
9.37 10.097 0.047 178.108
9.38 10.046 0.046 177.713
9.39 10.054 0.044 177.13
9.4 10.124 0.044 177.359
9.41 10.266 0.043 177.428
9.42 10.403 0.042 177.472
9.43 10.709 0.042 178.267
9.44 10.869 0.037 176.826
9.45 11.03 0.042 179.132
9.46 11.21 0.043 179.955
9.47 11.52 0.043 180.716
9.48 11.677 0.044 181.469
9.49 11.814 0.039 180.011
9.5 11.936 0.046 182.824
9.51 12.12 0.046 183.281
9.52 12.198 0.047 183.833
9.53 12.245 0.05 184.938
9.54 12.324 0.05 185.163
9.55 12.414 0.051 185.717
9.56 12.594 0.052 186.458
9.57 12.626 0.054 187.167
9.58 12.61 0.056 187.754
9.59 12.567 0.057 187.993
9.6 12.48 0.057 187.859
9.61 12.406 0.057 187.753
9.62 12.253 0.056 187.196
9.63 12.088 0.055 186.605
9.64 11.904 0.055 186.247
9.65 11.653 0.055 185.73
9.66 11.606 0.052 184.811
9.67 11.653 0.052 184.972
9.68 11.767 0.052 185.284
9.69 12.053 0.051 185.679
9.7 12.163 0.05 185.669
9.71 12.261 0.05 185.937
9.72 12.347 0.05 186.178
9.73 12.528 0.049 186.308
9.74 12.614 0.055 188.347
9.75 12.688 0.05 187.07
9.76 12.743 0.05 187.24
9.77 12.763 0.051 187.644
9.78 12.743 0.065 191.481
9.79 12.731 0.051 187.683
9.8 12.716 0.052 188.008
9.81 12.563 0.051 187.431
9.82 12.453 0.052 187.549
9.83 12.304 0.051 186.975
9.84 12.132 0.05 186.342
9.85 11.712 0.05 185.451
9.86 11.485 0.051 185.287
9.87 11.246 0.05 184.474
9.88 11.054 0.048 183.445
9.89 10.889 0.048 183.1
9.9 10.681 0.047 182.324
9.91 10.618 0.045 181.561
9.92 10.552 0.045 181.449
9.93 10.493 0.045 181.354
9.94 10.489 0.045 181.395
9.95 10.43 0.045 181.298
9.96 10.348 0.055 184.192
9.97 10.222 0.046 181.205
9.98 10.109 0.046 180.965
9.99 9.819 0.047 180.581
10 9.678 0.058 183.438
10.01 9.513 0.048 180.175
10.02 9.364 0.048 179.816
10.03 9.062 0.048 179.019
10.04 8.913 0.054 180.401
10.05 8.78 0.046 177.674
10.06 8.631 0.046 177.286
10.07 8.321 0.044 175.752
10.08 8.164 0.044 175.319
10.09 8.012 0.042 174.218
10.1 7.882 0.126 190.496
10.11 7.674 0.038 171.799
10.12 7.592 0.035 170.41
10.13 7.529 0.033 169.421
10.14 7.482 0.034 169.736
10.15 7.443 0.034 169.655
10.16 7.451 0.035 170.137
10.17 4.57 0.035 158.616
10.18 7.365 0.035 169.946
10.19 7.506 0.034 170.047
10.2 7.604 0.035 170.823
10.21 7.631 0.036 171.357
10.22 7.623 0.036 171.378
10.23 7.592 0.037 171.715
10.24 7.565 0.037 171.674
10.25 7.517 0.037 171.563
10.26 7.51 0.037 171.587
10.27 7.51 0.037 171.633
10.28 7.545 0.036 171.403
10.29 7.667 0.037 172.238
10.3 7.729 0.036 172.092
10.31 7.812 0.03 169.808
10.32 7.866 0.031 170.487
10.33 7.902 0.036 172.781
10.34 7.933 0.036 172.925
10.35 7.96 0.036 173.056
10.36 8.008 0.034 172.431
10.37 8.078 0.036 173.516
10.38 8.251 0.037 174.491
10.39 8.337 0.037 174.798
10.4 8.443 0.035 174.355
10.41 8.521 0.039 176.212
10.42 8.607 0.04 176.887
10.43 8.674 0.04 177.132
10.44 8.682 0.041 177.567
10.45 8.682 0.042 177.97
10.46 8.69 0.044 178.732
10.47 8.756 0.045 179.309
10.48 8.819 0.044 179.207
10.49 8.894 0.044 179.473
10.5 8.984 0.045 180.117
10.51 9.117 0.045 180.547
10.52 9.285 0.046 181.401
10.53 9.748 0.045 182.391
10.54 10.038 0.044 182.869
10.55 10.368 0.041 182.695
10.56 10.689 0.041 183.547
10.57 11.301 0.041 185.073
10.58 11.638 0.026 178.993
10.59 11.963 0.043 187.436
10.6 12.339 0.044 188.683
10.61 12.841 0.046 190.523
10.62 13.119 0.047 191.503
10.63 13.359 0.038 188.688
10.64 13.547 0.052 194.117
10.65 14.041 0.052 195.172
10.66 14.303 0.052 195.743
10.67 14.531 0.051 195.924
10.68 14.719 0.059 198.733
10.69 14.817 0.062 199.798
10.7 15.068 0.064 200.863
10.71 15.205 0.068 202.195
10.72 15.378 0.07 203.066
10.73 15.515 0.071 203.619
10.74 15.675 0.071 203.972
10.75 15.726 0.072 204.358
10.76 15.742 0.075 205.137
10.77 15.762 0.075 205.227
10.78 15.742 0.077 205.693
10.79 15.856 0.077 205.959
10.8 15.954 0.077 206.195
10.81 16.079 0.078 206.702
10.82 16.209 0.077 206.773
10.83 16.491 0.079 207.783
10.84 16.679 0.068 205.595
10.85 16.918 0.078 208.436
10.86 17.153 0.078 208.904
10.87 17.643 0.081 210.466
10.88 17.812 0.08 210.591
10.89 17.988 0.083 211.591
10.9 18.094 0.085 212.244
10.91 18.376 0.085 212.771
10.92 18.51 0.08 211.976
10.93 18.572 0.087 213.618
10.94 18.58 0.088 213.889
10.95 18.561 0.088 213.912
10.96 18.576 0.087 213.787
10.97 18.647 0.09 214.564
10.98 18.765 0.092 215.206
10.99 18.961 0.092 215.583
11 19.094 0.092 215.855
11.01 19.211 0.091 215.903
11.02 19.309 0.091 216.116
11.03 19.407 0.093 216.719
11.04 19.47 0.092 216.68
11.05 19.415 0.092 216.646
11.06 19.376 0.094 217.026
11.07 19.372 0.093 216.881
11.08 19.404 0.091 216.595
11.09 19.333 0.092 216.732
11.1 19.337 0.095 217.372
11.11 19.321 0.091 216.624
11.12 19.255 0.082 214.703
11.13 19.18 0.085 215.279
11.14 19.098 0.088 215.822
11.15 18.972 0.087 215.465
11.16 18.839 0.091 216.107
11.17 17.859 0.091 214.504
11.18 17.953 0.09 214.523
11.19 17.796 0.09 214.305
11.2 17.483 0.091 214.008
11.21 17.224 0.088 213.006
11.22 17.02 0.086 212.287
11.23 16.632 0.084 211.222
11.24 16.503 0.088 211.856
11.25 16.487 0.082 210.638
11.26 16.409 0.084 210.968
11.27 16.397 0.081 210.361
11.28 16.534 0.081 210.665
11.29 16.605 0.077 209.96
11.3 16.675 0.081 211.027
11.31 16.73 0.078 210.516
11.32 16.859 0.081 211.464
11.33 16.997 0.081 211.765
11.34 17.067 0.076 210.821
11.35 17.083 0.083 212.453
11.36 17.165 0.083 212.652
11.37 17.177 0.082 212.511
11.38 17.279 0.078 211.861
11.39 17.353 0.085 213.564
11.4 17.443 0.087 214.19
11.41 17.518 0.086 214.168
11.42 17.545 0.085 214.06
11.43 17.663 0.087 214.734
11.44 17.792 0.086 214.804
11.45 17.922 0.085 214.873
11.46 17.937 0.087 215.367
11.47 18.063 0.09 216.246
11.48 18.122 0.09 216.4
11.49 18.2 0.091 216.785
11.5 18.31 0.089 216.625
11.51 18.29 0.091 217.044
11.52 18.208 0.087 216.146
11.53 18.067 0.089 216.365
11.54 17.871 0.09 216.279
11.55 17.914 0.093 216.997
11.56 17.992 0.091 216.792
11.57 18.075 0.089 216.587
11.58 18.122 0.094 217.708
11.59 18.251 0.092 217.593
11.6 18.318 0.098 218.908
11.61 18.384 0.093 218.121
11.62 18.439 0.092 218.071
11.63 18.51 0.089 217.643
11.64 18.459 0.105 220.622
11.65 18.341 0.091 217.862
11.66 18.204 0.092 217.877
11.67 17.973 0.093 217.724
11.68 17.949 0.095 218.12
11.69 17.961 0.093 217.807
11.7 17.933 0.093 217.81
11.71 17.581 0.092 217.045
11.72 17.392 0.09 216.363
11.73 17.22 0.09 216.105
11.74 17.044 0.089 215.636
11.75 16.942 0.086 214.887
11.76 16.914 0.087 215.093
11.77 16.926 0.086 214.959
11.78 16.914 0.084 214.567
11.79 16.918 0.084 214.625
11.8 16.863 0.084 214.575
11.81 16.769 0.086 214.873
11.82 16.718 0.084 214.41
11.83 16.605 0.093 216.073
11.84 16.491 0.087 214.714
11.85 16.201 0.086 214.011
11.86 16.017 0.086 213.709
11.87 15.824 0.079 211.885
11.88 15.664 0.084 212.708
11.89 15.511 0.084 212.457
11.9 15.264 0.084 212.016
11.91 15.217 0.074 209.747
11.92 15.276 0.082 211.714
11.93 15.303 0.081 211.601
11.94 15.491 0.079 211.582
11.95 15.546 0.078 211.515
11.96 15.585 0.079 211.865
11.97 15.715 0.08 212.39
11.98 15.95 0.079 212.671
11.99 16.064 0.081 213.382
12 16.169 0.083 214.066
12.01 16.291 0.083 214.348
12.02 16.318 0.083 214.448
12.03 16.252 0.083 214.373
12.04 16.209 0.08 213.685
12.05 16.256 0.077 213.145
12.06 16.24 0.084 214.712
12.07 16.342 0.081 214.306
12.08 16.608 0.111 220.561
12.09 16.793 0.068 212.137
12.1 16.969 0.075 214.244
12.11 17.079 0.075 214.492
12.12 17.2 0.076 214.996
12.13 17.216 0.085 217.087
12.14 17.244 0.077 215.408
12.15 7.098 0.081 190.406
12.16 16.895 0.08 215.558
12.17 16.816 0.082 215.905
12.18 16.714 0.083 215.983
12.19 16.597 0.085 216.241
12.2 16.326 0.083 215.351
12.21 16.103 0.083 214.974
12.22 15.903 0.082 214.42
12.23 15.73 0.08 213.692
12.24 15.613 0.08 213.511
12.25 15.523 0.078 212.933
12.26 15.652 0.075 212.54
12.27 15.82 0.073 212.437
12.28 15.973 0.077 213.727
12.29 16.216 0.076 214.007
12.3 16.436 0.074 213.996
12.31 16.812 0.076 215.22
12.32 16.906 0.076 215.441
12.33 16.957 0.077 215.818
12.34 16.899 0.079 216.221
12.35 16.836 0.081 216.604
12.36 16.789 0.082 216.786
12.37 16.757 0.072 214.443
12.38 16.746 0.081 216.582
12.39 16.734 0.08 216.385
12.4 16.738 0.08 216.441
12.41 16.753 0.088 218.241
12.42 16.777 0.085 217.706
12.43 16.879 0.079 216.621
12.44 17.196 0.079 217.251
12.45 17.338 0.078 217.327
12.46 17.377 0.079 217.676
12.47 17.349 0.078 217.444
12.48 17.142 0.08 217.574
12.49 17.059 0.083 218.138
12.5 16.985 0.082 217.83
12.51 16.902 0.083 217.944
12.52 16.801 0.086 218.449
12.53 16.675 0.085 218.049
12.54 16.361 0.085 217.501
12.55 16.22 0.08 216.185
12.56 16.064 0.085 217.024
12.57 15.981 0.083 216.481
12.58 15.911 0.082 216.174
12.59 15.958 0.083 216.532
12.6 15.969 0.073 214.3
12.61 15.985 0.079 215.791
12.62 15.981 0.079 215.831
12.63 15.966 0.078 215.621
12.64 15.969 0.081 216.352
12.65 16.056 0.078 215.89
12.66 16.095 0.079 216.242
12.67 16.424 0.081 217.373
12.68 16.542 0.078 216.962
12.69 16.585 0.081 217.774
12.7 16.557 0.081 217.768
12.71 16.491 0.08 217.466
12.72 16.405 0.08 217.35
12.73 16.389 0.078 216.909
12.74 16.354 0.08 217.347
12.75 16.369 0.079 217.196
12.76 16.409 0.082 217.994
12.77 16.475 0.081 217.945
12.78 16.542 0.078 217.436
12.79 16.612 0.08 218.075
12.8 16.722 0.08 218.33
12.81 16.699 0.082 218.783
12.82 16.652 0.081 218.518
12.83 16.55 0.082 218.595
12.84 16.397 0.082 218.351
12.85 16.373 0.083 218.572
12.86 16.295 0.085 218.902
12.87 16.232 0.082 218.174
12.88 16.103 0.083 218.191
12.89 16.024 0.083 218.083
12.9 16.001 0.083 218.085
12.91 16.036 0.076 216.607
12.92 16.06 0.08 217.627
12.93 16.044 0.08 217.643
12.94 16.001 0.079 217.378
12.95 15.95 0.077 216.861
12.96 15.911 0.078 217.064
12.97 15.907 0.078 217.103
12.98 16.017 0.08 217.824
12.99 16.091 0.081 218.24
13 16.107 0.083 218.762
13.01 16.134 0.079 217.964
13.02 16.205 0.08 218.377
13.03 16.138 0.08 218.293
13.04 16.075 0.082 218.665
13.05 15.981 0.081 218.304
13.06 15.911 0.08 217.987
13.07 15.797 0.079 217.58
13.08 15.77 0.051 209.794
13.09 15.719 0.079 217.518
13.1 15.726 0.078 217.347
13.11 15.903 0.076 217.274
13.12 15.993 0.076 217.497
13.13 16.087 0.075 217.487
13.14 16.083 0.078 218.236
13.15 4.715 0.076 182.534
13.16 15.766 0.077 217.47
13.17 15.895 0.08 218.465
13.18 15.977 0.083 219.344
13.19 16.071 0.077 218.209
13.2 16.087 0.076 218.049
13.21 16.067 0.076 218.056
13.22 16.083 0.09 221.223
13.23 16.048 0.08 219.043
13.24 15.93 0.081 219.083
13.25 15.813 0.082 219.12
13.26 15.73 0.082 219
13.27 15.656 0.073 216.79
13.28 15.526 0.08 218.231
13.29 15.162 0.079 217.305
13.3 15.017 0.079 217.05
13.31 14.942 0.078 216.709
13.32 14.927 0.076 216.255
13.33 15.025 0.074 216.024
13.34 15.264 0.074 216.561
13.35 15.425 0.076 217.415
13.36 15.605 0.073 217.095
13.37 15.754 0.072 217.188
13.38 15.918 0.072 217.558
13.39 16.091 0.072 217.942
13.4 16.095 0.073 218.245
13.41 16.107 0.073 218.314
13.42 16.146 0.075 218.927
13.43 16.248 0.077 219.651
13.44 16.495 0.077 220.175
13.45 16.557 0.076 220.1
13.46 16.585 0.078 220.675
13.47 16.546 0.079 220.88
13.48 16.518 0.079 220.872
13.49 16.522 0.08 221.156
13.5 16.55 0.075 220.071
13.51 16.53 0.077 220.56
13.52 16.483 0.078 220.752
13.53 16.416 0.077 220.431
13.54 16.475 0.088 223.055
13.55 16.589 0.077 220.855
13.56 16.699 0.079 221.583
13.57 16.863 0.08 222.173
13.58 16.848 0.08 222.19
13.59 16.71 0.078 221.505
13.6 16.565 0.08 221.739
13.61 16.248 0.081 221.397
13.62 16.095 0.08 220.912
13.63 15.911 0.08 220.592
13.64 15.84 0.082 220.948
13.65 15.781 0.082 220.874
13.66 15.734 0.08 220.371
13.67 15.452 0.08 219.843
13.68 15.311 0.08 219.597
13.69 15.189 0.076 218.455
13.7 15.091 0.078 218.768
13.71 14.884 0.077 218.143
13.72 14.833 0.077 218.08
13.73 14.813 0.078 218.316
13.74 14.75 0.077 217.992
13.75 14.727 0.076 217.75
13.76 14.797 0.076 217.943
13.77 14.844 0.076 218.086
13.78 14.915 0.074 217.797
13.79 14.935 0.077 218.604
13.8 14.931 0.076 218.402
13.81 14.942 0.077 218.707
13.82 14.95 0.076 218.53
13.83 14.938 0.076 218.549
13.84 14.919 0.076 218.553
13.85 14.985 0.078 219.209
13.86 15.06 0.078 219.41
13.87 15.087 0.078 219.511
13.88 15.127 0.077 219.403
13.89 15.142 0.076 219.24
13.9 15.162 0.076 219.325
13.91 15.213 0.076 219.475
13.92 15.268 0.076 219.633
13.93 15.342 0.078 220.306
13.94 15.468 0.078 220.609
13.95 15.621 0.078 220.966
13.96 15.675 0.078 221.12
13.97 15.672 0.078 221.158
13.98 15.644 0.08 221.611
13.99 15.621 0.08 221.608
14 15.621 0.081 221.882
14.01 15.648 0.069 219.039
14.02 15.652 0.08 221.804
14.03 15.628 0.08 221.799
14.04 15.664 0.08 221.916
14.05 15.719 0.085 223.195
14.06 15.82 0.162 235.763
14.07 15.969 0.079 222.432
14.08 16.346 0.076 222.507
14.09 16.495 0.075 222.597
14.1 16.518 0.074 222.437
14.11 16.491 0.075 222.677
14.12 16.33 0.075 222.406
14.13 10.152 0.073 207.267
14.14 15.781 0.077 221.886
14.15 15.891 0.077 222.152
14.16 15.915 0.078 222.482
14.17 16.028 0.077 222.514
14.18 16.075 0.076 222.409
14.19 16.103 0.075 222.264
14.2 16.158 0.074 222.168
14.21 16.228 0.075 222.599
14.22 16.354 0.074 222.641
14.23 16.314 0.074 222.606
14.24 16.303 0.075 222.877
14.25 16.209 0.076 222.981
14.26 16.15 0.078 223.389
14.27 16.118 0.078 223.369
14.28 16.13 0.076 222.954
14.29 16.107 0.077 223.194
14.3 16.071 0.078 223.405
14.31 16.04 0.077 223.147
14.32 15.985 0.077 223.08
14.33 15.962 0.076 222.835
14.34 15.977 0.078 223.39
14.35 15.985 0.077 223.21
14.36 16.013 0.077 223.309
14.37 15.981 0.077 223.288
14.38 15.938 0.076 223.002
14.39 15.868 0.076 222.904
14.4 15.848 0.076 222.906
14.41 15.848 0.076 222.949
14.42 15.887 0.075 222.826
14.43 16.071 0.076 223.485
14.44 16.173 0.077 223.975
14.45 16.236 0.078 224.384
14.46 16.193 0.078 224.342
14.47 16.158 0.076 223.831
14.48 16.154 0.079 224.588
14.49 16.185 0.082 225.391
14.5 16.232 0.082 225.528
14.51 16.236 0.08 225.117
14.52 16.216 0.073 223.411
14.53 16.193 0.078 224.643
14.54 16.213 0.078 224.726
14.55 16.311 0.077 224.723
14.56 16.432 0.078 225.247
14.57 16.561 0.079 225.783
14.58 16.695 0.077 225.606
14.59 16.957 0.077 226.156
14.6 17.055 0.079 226.87
14.61 17.13 0.08 227.294
14.62 17.165 0.079 227.167
14.63 17.2 0.081 227.75
14.64 17.208 0.084 228.499
14.65 17.208 0.083 228.314
14.66 17.098 0.085 228.599
14.67 16.993 0.083 227.988
14.68 16.844 0.084 227.969
14.69 16.695 0.083 227.494
14.7 16.444 0.08 226.347
14.71 16.381 0.08 226.264
14.72 16.358 0.08 226.261
14.73 16.358 0.081 226.538
14.74 16.436 0.08 226.502
14.75 16.561 0.077 226.072
14.76 16.605 0.077 226.201
14.77 16.601 0.077 226.236
14.78 16.608 0.077 226.292
14.79 16.542 0.076 225.959
14.8 16.507 0.077 226.178
14.81 16.483 0.076 225.927
14.82 16.53 0.077 226.309
14.83 16.569 0.076 226.182
14.84 16.648 0.076 226.379
14.85 16.695 0.076 226.513
14.86 16.718 0.075 226.351
14.87 16.706 0.075 226.37
14.88 16.683 0.076 226.617
14.89 16.718 0.076 226.728
14.9 16.781 0.075 226.643
14.91 16.855 0.077 227.326
14.92 16.918 0.076 227.244
14.93 16.981 0.077 227.655
14.94 16.942 0.075 227.124
14.95 16.84 0.077 227.466
14.96 16.644 0.076 226.879
14.97 16.522 0.073 225.922
14.98 16.405 0.076 226.491
14.99 16.338 0.075 226.15
15 16.146 0.073 225.3
15.01 16.095 0.074 225.494
15.02 16.036 0.077 226.163
15.03 16.087 0.075 225.814
15.04 16.079 0.074 225.587
15.05 15.985 0.066 223.303
15.06 15.922 0.069 224.044
15.07 15.907 0.068 223.783
15.08 15.887 0.115 233.783
15.09 15.879 0.064 222.683
15.1 15.915 0.06 221.603
15.11 15.93 0.062 222.279
15.12 16.177 0.062 222.814
15.13 16.197 0.062 222.894
15.14 16.115 0.064 223.361
15.15 7.686 0.063 200.548
15.16 15.276 0.062 221.145
15.17 15.17 0.062 220.964
15.18 14.927 0.062 220.491
15.19 14.758 0.064 220.752
15.2 14.531 0.078 223.956
15.21 14.386 0.064 220.023
15.22 14.068 0.065 219.639
15.23 13.821 0.067 219.672
15.24 13.543 0.07 219.87
15.25 13.268 0.07 219.262
15.26 12.986 0.086 222.401
15.27 12.535 0.072 218.065
15.28 12.292 0.07 216.981
15.29 12.061 0.069 216.17
15.3 11.798 0.071 216.037
15.31 11.559 0.071 215.44
15.32 11.336 0.07 214.622
15.33 10.877 0.069 213.132
15.34 10.658 0.067 212.027
15.35 10.473 0.067 211.532
15.36 10.285 0.066 210.755
15.37 10.085 0.065 209.931
15.38 9.897 0.065 209.401
15.39 9.748 0.064 208.712
15.4 9.509 0.063 207.733
15.41 9.466 0.061 207.078
15.42 9.438 0.06 206.743
15.43 9.438 0.057 205.899
15.44 9.478 0.05 203.828
15.45 9.685 0.057 206.741
15.46 9.838 0.056 206.941
15.47 10.023 0.055 207.223
15.48 10.191 0.054 207.44
15.49 10.336 0.058 209.14
15.5 10.579 0.051 207.644
15.51 10.689 0.049 207.3
15.52 10.767 0.05 207.903
15.53 10.861 0.049 207.851
15.54 10.924 0.047 207.342
15.55 10.963 0.075 215.712
15.56 10.912 0.048 207.747
15.57 10.767 0.048 207.384
15.58 10.509 0.051 207.743
15.59 10.191 0.053 207.526
15.6 9.858 0.051 205.912
15.61 9.552 0.052 205.347
15.62 8.807 0.051 202.668
15.63 8.431 0.054 202.395
15.64 8.051 0.057 201.998
15.65 7.67 0.06 201.486
15.66 7.333 0.061 200.498
15.67 7.028 0.06 199.037
15.68 6.765 0.053 195.949
15.69 6.53 0.05 194.045
15.7 6.522 0.048 193.387
15.71 6.679 0.046 193.399
15.72 6.988 0.044 193.979
15.73 7.376 0.041 194.383
15.74 7.765 0.061 202.444
15.75 7.87 0.027 189.571
15.76 7.667 0.026 188.3
15.77 7.392 0.029 189.055
15.78 6.981 0.033 189.564
15.79 6.534 0.038 190.017
15.8 6.126 0.053 193.579
15.81 5.373 0.049 188.754
15.82 4.911 0.056 188.441
15.83 4.378 0.06 186.449
15.84 3.868 0.064 184.171
15.85 3.456 0.065 181.474
15.86 3.154 0.066 179.359
15.87 2.813 0.067 176.68
15.88 2.751 0.074 177.607
15.89 2.719 0.072 176.936
15.9 2.645 0.063 174.317
15.91 2.566 0.051 170.563
15.92 2.445 0.047 168.263
15.93 2.421 0.041 166.155
15.94 2.566 0.037 166.156
15.95 3.433 0.034 172.084
15.96 4.221 0.032 176.421
15.97 5.146 0.034 182.477
15.98 5.738 0.036 186.276
15.99 6.161 0.044 191.396
16 6.969 0.048 196.272
16.01 7.408 0.051 199.042
16.02 7.615 0.052 200.192
16.03 7.737 0.053 201.003
16.04 7.968 0.025 189.656
16.05 8.196 0.06 204.852
16.06 8.866 0.06 207.219
16.07 9.282 0.058 208.04
16.08 9.78 0.055 208.724
16.09 10.301 0.043 206.063
16.1 10.807 0.04 206.282
16.11 11.74 0.038 207.903
16.12 12.218 0.04 210.032
16.13 12.665 0.036 209.315
16.14 13.033 0.037 210.696
16.15 13.268 0.041 213.087
16.16 13.523 0.043 214.557
16.17 13.617 0.047 216.404
16.18 13.672 0.047 216.567
16.19 13.382 0.057 219.43
16.2 13.696 0.06 221.144
16.21 13.715 0.066 222.987
16.22 13.735 0.067 223.351
16.23 13.719 0.069 223.899
16.24 13.708 0.06 221.323
16.25 13.766 0.071 224.62
16.26 13.856 0.072 225.131
16.27 13.954 0.074 225.912
16.28 14.021 0.076 226.609
16.29 14.147 0.077 227.187
16.3 14.284 0.078 227.786
16.31 14.609 0.08 229.046
16.32 14.766 0.08 229.438
16.33 14.88 0.082 230.204
16.34 14.942 0.082 230.381
16.35 14.974 0.082 230.491
16.36 15.036 0.084 231.13
16.37 15.08 0.086 231.72
16.38 15.056 0.087 231.929
16.39 15.029 0.088 232.129
16.4 14.993 0.086 231.645
16.41 14.97 0.087 231.856
16.42 14.895 0.087 231.727
16.43 14.848 0.085 231.213
16.44 14.844 0.085 231.243
16.45 14.844 0.085 231.283
16.46 14.86 0.082 230.667
16.47 14.946 0.083 231.131
16.48 15.138 0.082 231.362
16.49 15.283 0.083 231.952
16.5 15.381 0.082 231.971
16.51 15.476 0.082 232.216
16.52 15.507 0.089 233.911
16.53 15.523 0.085 233.091
16.54 15.55 0.086 233.416
16.55 15.609 0.086 233.582
16.56 15.624 0.09 234.539
16.57 15.617 0.09 234.564
16.58 15.55 0.091 234.673
16.59 15.338 0.093 234.673
16.6 15.209 0.091 234.004
16.61 15.111 0.093 234.248
16.62 14.966 0.094 234.171
16.63 14.801 0.093 233.628
16.64 14.68 0.093 233.391
16.65 14.468 0.094 233.149
16.66 14.358 0.095 233.137
16.67 14.225 0.096 233.067
16.68 14.056 0.097 232.906
16.69 13.864 0.097 232.483
16.7 13.641 0.072 226.298
16.71 13.335 0.098 231.459
16.72 13.327 0.099 231.673
16.73 13.441 0.097 231.603
16.74 13.684 0.094 231.633
16.75 13.97 0.082 229.737
16.76 14.641 0.09 233.132
16.77 15.029 0.088 233.613
16.78 15.381 0.087 234.209
16.79 15.672 0.091 235.761
16.8 15.871 0.089 235.793
16.81 16.064 0.084 235.109
16.82 16.346 0.092 237.529
16.83 16.471 0.093 238.043
16.84 16.557 0.092 238.046
16.85 16.585 0.092 238.144
16.86 16.746 0.092 238.514
16.87 16.95 0.093 239.185
16.88 17.118 0.094 239.778
16.89 17.181 0.096 240.365
16.9 17.169 0.097 240.587
16.91 17.181 0.095 240.234
16.92 17.161 0.095 240.234
16.93 17.153 0.095 240.257
16.94 17.169 0.094 240.117
16.95 17.298 0.094 240.416
16.96 17.373 0.095 240.817
16.97 17.518 0.097 241.563
16.98 17.651 0.099 242.277
16.99 17.718 0.098 242.244
17 17.694 0.109 244.39
17.01 17.463 0.101 242.425
17.02 17.263 0.101 242.063
17.03 17.048 0.1 241.466
17.04 16.859 0.101 241.318
17.05 16.706 0.1 240.841
17.06 16.569 0.121 244.441
17.07 16.283 0.1 240.032
17.08 16.067 0.099 239.409
17.09 15.832 0 0
17.1 15.601 0.096 237.865
17.11 15.381 0.093 236.791
17.12 15.131 0.09 235.627
17.13 14.57 0.109 238.152
17.14 14.284 0.085 232.648
17.15 13.982 0.082 231.278
17.16 12.496 0.081 227.371
17.17 12.841 0.081 228.301
17.18 12.786 0.079 227.723
17.19 12.622 0.078 227.096
17.2 12.077 0.072 224.196
17.21 11.751 0.072 223.35
17.22 11.395 0.07 221.878
17.23 11.018 0.069 220.577
17.24 10.611 0.069 219.42
17.25 10.234 0.07 218.577
17.26 9.803 0.073 218.021
17.27 8.803 0.074 214.947
17.28 8.16 0.077 213.351
17.29 7.517 0.078 211.105
17.3 6.812 0.051 200.935
17.31 6.106 0.081 205.589
17.32 4.856 0.076 197.898
17.33 4.315 0.077 194.804
17.34 3.899 0.073 191.161
17.35 3.629 0.098 193.92
17.36 3.519 0.065 186.608
17.37 4.056 0.063 190
17.38 4.542 0.06 192.37
17.39 4.907 0.057 193.726
17.4 4.534 0.066 193.914
17.41 4.162 0.064 191.079
17.42 3.194 0.05 180.222
17.43 2.79 0.052 177.352
17.44 2.437 0.055 174.773
17.45 2.178 0.056 172.253
17.46 1.986 0.056 170.006
17.47 1.661 0.048 163.602
17.48 1.504 0.042 159.523
17.49 1.378 0.04 156.912
17.5 1.284 0.04 155.349
17.51 1.194 0.039 153.432
17.52 1.104 0.036 150.727
17.53 1.018 0.03 146.758
17.54 0.881 0.026 142.056
17.55 0.83 0.021 138.383
17.56 0.814 0.019 136.873
17.57 1.038 0.016 139.759
17.58 1.473 0.022 150.954
17.59 1.939 0.021 156.467
17.6 2.178 0.02 158.488
17.61 1.927 0.022 156.983
17.62 1.657 0.025 155.274
17.63 1.426 0.026 152.474
17.64 1.222 0.029 150.506
17.65 0.928 0.028 144.259
17.66 0.826 0.026 141.011
17.67 0.704 0.025 137.375
17.68 0.614 0.024 134.26
17.69 0.547 0.023 131.599
17.7 0.516 0.022 130.037
17.71 0.453 0.018 125.528
17.72 0.446 0.017 124.672
17.73 0.438 0.014 122.374
17.74 0.414 0.011 118.992
17.75 0.406 0.009 116.712
17.76 0.406 0.008 115.592
17.77 0.406 0.014 121.12
17.78 0.41 0.016 122.666
17.79 0.418 0.015 122.368
17.8 0.43 0.01 118.81
17.81 0.422 0.007 115.043
17.82 0.418 0.01 118.364
17.83 0.489 0.014 124.525
17.84 1.48 0.011 143.175
17.85 2.704 0.011 156.18
17.86 4.162 0.009 163.461
17.87 5.361 0.008 167.902
17.88 6.2 0.008 171.482
17.89 7.078 0.006 170.676
17.9 7.298 0.017 186.976
17.91 7.357 0.02 189.771
17.92 7.286 0.021 190.306
17.93 7.271 0.025 193.06
17.94 7.22 0.018 187.693
17.95 7.196 0.019 188.478
17.96 7.271 0.034 198.154
17.97 7.369 0.035 199.047
17.98 7.514 0.037 200.562
17.99 7.674 0.036 200.745
18 7.812 0.038 202.199
18.01 8.098 0.04 204.15
18.02 8.247 0.04 204.718
18.03 8.364 0.04 205.165
18.04 8.494 0.041 206.076
18.05 8.603 0.042 206.901
18.06 8.733 0.045 208.574
18.07 8.823 0.047 209.672
18.08 9.058 0.05 211.586
18.09 9.188 0.053 213.083
18.1 9.29 0.053 213.455
18.11 9.321 0.052 213.252
18.12 9.333 0.052 213.324
18.13 9.329 0.054 214.015
18.14 9.536 0.056 215.376
18.15 9.732 0.055 215.717
18.16 10.524 0.056 218.522
18.17 10.944 0.056 219.791
18.18 11.324 0.057 221.233
18.19 11.606 0.044 217.321
18.2 11.822 0.046 218.739
18.21 12.237 0.061 225.086
18.22 12.477 0.063 226.358
18.23 12.747 0.065 227.683
18.24 13.006 0.069 229.515
18.25 13.225 0.071 230.651
18.26 13.641 0.073 232.253
18.27 13.829 0.076 233.528
18.28 13.998 0.076 233.972
18.29 14.115 0.077 234.543
18.3 14.174 0.081 235.711
18.31 14.19 0.082 236.026
18.32 14.115 0.083 236.12
18.33 14.005 0.084 236.125
18.34 13.919 0.084 235.951
18.35 13.9 0.086 236.403
18.36 13.923 0.087 236.723
18.37 14.009 0.088 237.194
18.38 14.064 0.085 236.68
18.39 14.08 0.086 236.985
18.4 14.072 0.085 236.771
18.41 14.088 0.084 236.612
18.42 14.06 0.084 236.58
18.43 14.056 0.085 236.839
18.44 14.1 0.085 236.982
18.45 14.178 0.083 236.736
18.46 14.264 0.085 237.448
18.47 14.307 0.085 237.587
18.48 14.527 0.085 238.145
18.49 14.617 0.085 238.393
18.5 14.66 0.087 238.992
18.51 14.742 0.086 238.99
18.52 14.758 0.086 239.063
18.53 14.789 0.088 239.629
18.54 14.778 0.087 239.411
18.55 14.727 0.087 239.328
18.56 14.719 0.089 239.798
18.57 14.68 0.096 241.258
18.58 14.707 0.096 241.358
18.59 14.731 0.091 240.378
18.6 14.699 0.092 240.558
18.61 14.699 0.09 240.154
18.62 14.644 0.09 240.06
18.63 14.562 0.092 240.341
18.64 14.405 0.088 239.116
18.65 14.299 0.089 239.122
18.66 14.233 0.087 238.547
18.67 14.217 0.088 238.771
18.68 14.292 0.088 238.987
18.69 14.366 0.087 238.973
18.7 14.48 0.09 239.957
18.71 14.825 0.089 240.584
18.72 14.938 0.089 240.883
18.73 14.997 0.09 241.28
18.74 15.013 0.088 240.902
18.75 15.025 0.09 241.416
18.76 15.08 0.083 239.957
18.77 15.091 0.084 240.257
18.78 15.138 0.089 241.56
18.79 15.201 0.091 242.187
18.8 15.268 0.092 242.597
18.81 15.401 0.093 243.155
18.82 15.523 0.093 243.467
18.83 15.789 0.086 242.516
18.84 15.868 0.092 244.091
18.85 15.899 0.093 244.416
18.86 15.868 0.094 244.601
18.87 15.946 0.095 245.025
18.88 16.064 0.096 245.535
18.89 16.162 0.1 246.623
18.9 16.389 0.099 246.949
18.91 16.503 0.101 247.643
18.92 16.655 0.102 248.21
18.93 16.695 0.102 248.333
18.94 16.671 0.102 248.318
18.95 16.534 0.103 248.261
18.96 16.369 0.103 247.939
18.97 16.26 0.105 248.133
18.98 16.087 0.106 247.983
18.99 16.087 0.105 247.824
19 16.091 0.107 248.258
19.01 16.15 0.106 248.232
19.02 16.197 0.106 248.372
19.03 16.232 0.105 248.289
19.04 16.177 0.087 244.351
19.05 16.122 0.101 247.318
19.06 15.973 0.101 247.024
19.07 15.899 0.105 247.694
19.08 15.868 0.097 246.033
19.09 15.907 0.098 246.366
19.1 15.985 0.097 246.365
19.11 16.409 0.098 247.543
19.12 16.659 0.098 248.118
19.13 16.848 0.099 248.768
19.14 16.534 0.1 248.339
19.15 16.761 0.095 247.803
19.16 16.722 0.103 249.428
19.17 16.624 0.103 249.253
19.18 16.405 0.105 249.212
19.19 16.354 0.099 247.92
19.2 16.279 0.105 249.008
19.21 16.279 0.106 249.24
19.22 16.385 0.106 249.509
19.23 16.51 0.09 246.441
19.24 16.667 0.103 249.599
19.25 16.761 0.101 249.43
19.26 16.934 0.102 250.04
19.27 17.177 0.101 250.384
19.28 17.404 0.101 250.894
19.29 17.69 0.103 251.931
19.3 18.157 0.105 253.319
19.31 18.322 0.104 253.484
19.32 18.49 0.093 251.504
19.33 18.557 0.109 255.017
19.34 18.659 0.108 255.059
19.35 18.804 0.108 255.381
19.36 19.066 0.11 256.318
19.37 19.121 0.112 256.846
19.38 19.227 0.116 257.839
19.39 19.153 0.118 258.099
19.4 19.372 0.118 258.559
19.41 19.439 0.118 258.725
19.42 19.392 0.118 258.672
19.43 19.486 0.114 258.147
19.44 19.529 0.145 263.487
19.45 19.611 0.118 259.202
19.46 19.651 0.117 259.131
19.47 19.741 0.119 259.705
19.48 19.807 0.116 259.315
19.49 19.882 0.117 259.679
19.5 19.984 0.118 260.092
19.51 19.349 0.12 259.284
19.52 20.05 0.114 259.544
19.53 20.019 0.117 260.084
19.54 20.066 0.119 260.576
19.55 20.164 0.121 261.158
19.56 20.168 0.121 261.203
19.57 20.184 0.121 261.27
19.58 20.176 0.123 261.648
19.59 20.384 0.121 261.715
19.6 20.384 0.121 261.752
19.61 20.446 0.118 261.357
19.62 20.474 0.123 262.35
19.63 20.47 0.121 262.022
19.64 20.462 0.117 261.313
19.65 20.411 0.119 261.625
19.66 20.423 0.118 261.5
19.67 20.45 0.117 261.402
19.68 20.505 0.118 261.725
19.69 20.391 0.126 262.983
19.7 20.431 0.118 261.663
19.71 20.317 0.117 261.304
19.72 20.254 0.118 261.409
19.73 20.117 0.119 261.374
19.74 19.929 0.127 262.474
19.75 19.799 0.125 261.918
19.76 19.486 0.118 260.104
19.77 19.337 0.118 259.853
19.78 19.176 0.117 259.393
19.79 19.047 0.118 259.361
19.8 18.914 0.118 259.136
19.81 18.694 0.115 258.183
19.82 18.58 0.115 257.991
19.83 18.533 0.115 257.934
19.84 18.471 0.114 257.658
19.85 18.427 0.113 257.417
19.86 18.369 0.113 257.336
19.87 18.267 0.111 256.784
19.88 18.208 0.109 256.312
19.89 18.227 0.11 256.581
19.9 18.22 0.112 256.988
19.91 18.275 0.109 256.555
19.92 18.341 0.108 256.528
19.93 18.435 0.111 257.338
19.94 18.604 0.113 258.096
19.95 18.604 0.111 257.748
19.96 18.616 0.113 258.192
19.97 18.623 0.114 258.431
19.98 18.659 0.129 261.212
19.99 18.604 0 0
20 18.529 0 0
20.01 18.506 0 0
20.02 18.463 0 0
20.03 18.4 0 0
20.04 18.345 0 0
20.05 18.043 0 0
