0.42 13.907 0.058 80.0616
0.44 12.776 0.078 82.1185
0.46 12.46 0.096 84.2838
0.48 12.196 0.11 85.9928
0.5 11.93 0.12 87.3284
0.52 11.719 0.115 87.748
0.54 11.552 0.102 87.6116
0.56 11.445 0.091 87.5482
0.58 11.402 0.0850001 87.8585
0.6 11.391 0.081 88.3232
0.62 11.289 0.079 88.8317
0.640001 11.26 0.078 89.4911
0.660001 11.227 0.076 90.027
0.680001 11.195 0.074 90.5389
0.700001 11.119 0.073 91.0788
0.720001 10.832 0.072 91.3449
0.740001 10.452 0.07 91.3569
0.760001 9.762 0.069 91.0269
0.780001 9.285 0.069 91.0276
0.800001 9.003 0.075 91.8996
0.820001 8.831 0.0800001 92.7728
0.840001 8.696 0.077 92.8936
0.860001 8.527 0.075 93.0354
0.880001 8.32 0.071 92.8767
0.900001 8.119 0.065 92.4485
0.920001 7.975 0.061 92.2868
0.940001 7.863 0.058 92.2634
0.960001 7.806 0.056 92.4375
0.980001 7.656 0.055 92.5706
1 7.482 0.046 91.4151
1.02 7.547 0.042 91.3403
1.04 7.643 0.041 91.8178
1.06 7.71 0.04 92.2317
1.08 7.769 0.04 92.814
1.1 7.859 0.04 93.4435
1.12 8.077 0.04 94.2835
1.14 8.217 0.041 95.1787
1.16 8.282 0.041 95.7486
1.18 8.301 0.042 96.4296
1.2 8.288 0.043 97.0491
1.22 8.24 0.044 97.6011
1.24 8.179 0.045 98.1217
1.26 8.114 0.045 98.446
1.28 8.078 0.045 98.8147
1.3 8.063 0.045 99.2149
1.32 8.058 0.046 99.8104
1.34 8.059 0.046 100.23
1.36 8.051 0.046 100.63
1.38 8.033 0.047 101.187
1.4 7.991 0.047 101.516
1.42 7.889 0.048 101.907
1.44 7.773 0.048 102.086
1.46 7.646 0.048 102.236
1.48 7.502 0.048 102.342
1.5 3.869 0.024 88.1493
1.52 5.359 0.03 94.4615
1.54 6.09 0.034 97.5782
1.56 6.449 0.036 99.2105
1.58 6.654 0.037 100.24
1.6 6.821 0.038 101.176
1.62 6.992 0.037 101.662
1.64 7.254 0.036 102.318
1.66 7.496 0.035 102.908
1.68 7.749 0.034 103.496
1.7 8.056 0.034 104.42
1.72 8.415 0.034 105.42
1.74 8.765 0.034 106.381
1.76 9.141 0.035 107.627
1.78 9.391 0.036 108.64
1.8 9.547 0.037 109.486
1.82 9.65 0.039 110.476
1.84 9.728 0.042 111.626
1.86 9.78 0.043 112.268
1.88 9.824 0.045 113.102
1.9 9.853 0.046 113.691
1.92 9.851 0.048 114.424
1.94 9.826 0.049 114.909
1.96 9.786 0.049 115.169
1.98 9.726 0.05 115.587
2 9.653 0.05 115.784
2.02 9.533 0.051 116.087
2.04 9.417 0.051 116.201
2.06 9.318 0.051 116.339
2.08 9.238 0.05 116.315
2.1 9.151 0.05 116.466
2.12 9.047 0.049 116.386
2.14 8.767 0.049 116.163
2.16 8.45 0.049 115.848
2.18 8.108 0.049 115.456
2.2 7.839 0.049 115.189
2.22 7.711 0.048 115.008
2.24 7.747 0.047 115.17
2.26 7.994 0.046 115.771
2.28 8.195 0.042 115.592
2.3 8.323 0.038 115.169
2.32 8.407 0.033 114.265
2.34 4.486 0.016 98.5168
2.36 6.406 0.02 105.897
2.38 7.423 0.023 109.69
2.4 8.055 0.026 112.387
2.42 8.456 0.029 114.473
2.44 8.752 0.033 116.551
2.46 9 0.036 118.139
2.48 9.23 0.038 119.372
2.5 9.428 0.04 120.518
2.52 9.61 0.041 121.368
2.54 9.859 0.042 122.329
2.56 10.108 0.043 123.278
2.58 10.251 0.044 124.032
2.6 10.363 0.046 124.954
2.62 10.479 0.047 125.646
2.64 10.568 0.049 126.504
2.66 10.676 0.05 127.169
2.68 10.865 0.052 128.174
2.7 10.917 0.053 128.731
2.72 10.98 0.054 129.303
2.74 11.065 0.055 129.909
2.76 11.108 0.056 130.44
2.78 11.136 0.057 130.942
2.8 11.074 0.058 131.288
2.82 10.847 0.059 131.343
2.84 10.667 0.06 131.468
2.86 10.502 0.061 131.61
2.88 10.313 0.061 131.521
2.9 10.14 0.06 131.273
2.92 9.938 0.06 131.144
2.94 9.828 0.059 130.999
2.96 9.79 0.058 130.987
2.98 9.809 0.057 131.079
3 9.873 0.054 130.856
3.02 9.954 0.053 131.048
3.04 10.036 0.026 123.882
3.06 9.85 0.033 126.254
3.08 9.9 0.036 127.494
3.1 9.977 0.038 128.443
3.12 10.055 0.04 129.368
3.14 10.112 0.042 130.231
3.16 10.081 0.044 130.909
3.18 10.015 0.045 131.26
3.2 10.003 0.047 131.943
3.22 10.004 0.047 132.174
3.24 10.005 0.048 132.636
3.26 9.947 0.048 132.751
3.28 9.864 0.047 132.585
3.3 9.735 0.047 132.557
3.32 9.522 0.047 132.358
3.34 8.905 0.047 131.306
3.36 8.183 0.048 130.16
3.38 7.323 0.048 128.307
3.4 6.339 0.049 126.091
3.42 5.274 0.052 123.605
3.44 4.22 0.055 120.455
3.46 3.354 0.06 117.572
3.48 2.608 0.064 114.182
3.5 2.097 0.068 111.389
3.52 1.737 0.069 108.713
3.54 1.458 0.06 104.946
3.56 1.24 0.054 101.791
3.58 1.128 0.049 99.7595
3.6 1.148 0.047 99.8206
3.62 1.314 0.048 102.116
3.64 1.847 0.047 107.224
3.66 2.774 0.039 112.111
3.68 3.721 0.034 115.802
3.7 4.512 0.031 118.328
3.72 5.355 0.029 120.793
3.74 5.879 0.026 121.502
3.76 6.181 0.022 120.871
3.78 6.314 0.02 120.462
3.8 6.317 0.019 120.133
3.82 6.193 0.018 119.427
3.84 5.796 0.016 117.31
3.86 5.783 0.017 118.035
3.88 6.041 0.019 120.056
3.9 6.344 0.021 122.091
3.92 6.605 0.026 125.181
3.94 6.781 0.028 126.612
3.96 6.891 0.029 127.456
3.98 6.673 0.028 126.675
4 6.366 0.027 125.614
4.02 5.949 0.027 124.567
4.04 5.407 0.029 123.768
4.06 4.771 0.032 122.726
4.08 4.07 0.039 122.107
4.1 3.279 0.049 120.799
4.12 2.927 0.06 121.023
4.14 3.198 0.069 124.176
4.16 4.247 0.068 129.37
4.18 5.81 0.063 134.664
4.2 7.845 0.055 139.22
4.22 9.184 0.051 141.71
4.24 10.522 0.047 143.723
4.26 10.926 0.041 143.059
4.28 11.32 0.039 143.38
4.3 11.793 0.039 144.415
4.32 12.61 0.04 146.311
4.34 12.925 0.044 148.191
4.36 13.236 0.049 150.229
4.38 13.492 0.054 152.06
4.4 13.675 0.058 153.458
4.42 13.896 0.062 154.863
4.44 13.99 0.066 156.018
4.46 14.123 0.07 157.194
4.48 14.228 0.072 157.927
4.5 14.369 0.074 158.709
4.52 14.506 0.074 159.122
4.54 14.97 0.074 160.041
4.56 15.146 0.074 160.507
4.58 15.184 0.082 162.139
4.6 15.121 0.074 160.859
4.62 14.469 0.069 159.105
4.64 14.603 0.07 159.699
4.66 14.503 0.073 160.29
4.68 14.327 0.076 160.737
4.7 13.928 0.078 160.621
4.72 13.769 0.081 161.05
4.74 13.69 0.083 161.434
4.76 13.539 0.084 161.526
4.78 13.344 0.0850001 161.535
4.8 13.027 0.0850001 161.164
4.82 12.539 0.084 160.308
4.84 12.314 0.083 159.915
4.86 12.214 0.081 159.587
4.88 12.138 0.0800001 159.46
4.9 12.103 0.078 159.24
4.92 12.554 0.075 159.74
4.94 12.799 0.072 159.822
4.96 12.921 0.07 159.846
4.98 12.938 0.068 159.669
5 12.916 0.067 159.611
5.02 12.917 0.066 159.59
5.04 13.035 0.066 159.976
5.06 13.049 0.066 160.177
5.08 13.045 0.066 160.346
5.1 13.024 0.066 160.484
5.12 12.991 0.066 160.6
5.14 12.916 0.065 160.436
5.16 12.816 0.064 160.223
5.18 12.804 0.064 160.374
5.2 12.834 0.063 160.39
5.22 12.802 0.063 160.503
5.24 12.696 0.063 160.482
5.26 12.49 0.064 160.484
5.28 11.867 0.065 159.68
5.3 11.488 0.067 159.504
5.32 11.155 0.068 159.192
5.34 10.926 0.068 158.883
5.36 10.729 0.068 158.632
5.38 10.571 0.068 158.458
5.4 10.692 0.066 158.487
5.42 10.843 0.064 158.564
5.44 10.873 0.032 149.892
5.46 10.652 0.042 153.025
5.48 10.432 0.047 154.157
5.5 10.492 0.051 155.493
5.52 10.677 0.053 156.543
5.54 10.818 0.055 157.481
5.56 10.87 0.055 157.748
5.58 10.797 0.057 158.222
5.6 10.636 0.058 158.266
5.62 10.485 0.058 158.097
5.64 10.504 0.058 158.294
5.66 10.681 0.058 158.832
5.68 10.818 0.057 159.05
5.7 10.959 0.056 159.268
5.72 11.024 0.056 159.559
5.74 10.984 0.056 159.63
5.76 10.97 0.056 159.755
5.78 11.1 0.057 160.417
5.8 11.314 0.058 161.246
5.82 11.595 0.058 161.972
5.84 11.901 0.059 162.967
5.86 12.042 0.06 163.627
5.88 11.913 0.06 163.529
5.9 11.797 0.063 164.118
5.92 11.661 0.064 164.213
5.94 11.572 0.065 164.398
5.96 11.436 0.065 164.272
5.98 10.449 0.065 162.301
6 9.63 0.064 160.347
6.02 8.565 0.064 157.809
6.04 7.322 0.063 154.226
6.06 6.069 0.063 150.252
6.08 4.854 0.064 145.82
6.1 3.388 0.065 138.767
6.12 2.689 0.061 133.64
6.14 2.14 0.06 129.256
6.16 1.74 0.062 125.918
6.18 1.456 0.067 123.634
6.2 1.325 0.065 121.769
6.22 1.501 0.055 122.374
6.24 1.84 0.046 124.267
6.26 1.958 0.041 124.3
6.28 1.835 0.037 122.205
6.3 1.587 0.028 117.036
6.32 1.327 0.024 112.705
6.34 1.058 0.031 111.534
6.36 0.853 0.038 110.071
6.38 0.727 0.038 107.661
6.4 0.671 0.033 105.275
6.42 0.638 0.03 103.778
6.44 0.807 0.027 106.504
6.46 1.021 0.024 109.193
6.48 1.166 0.019 109.253
6.5 1.217 0.017 109.009
6.52 1.248 0.018 110.02
6.54 1.223 0.016 108.723
6.56 1.237 0.014 107.789
6.58 1.429 0.013 109.469
6.6 1.658 0.015 113.272
6.62 1.724 0.015 114.006
6.64 1.872 0.013 114.097
6.66 2.144 0.012 115.672
6.68 2.139 0.012 115.729
6.7 1.923 0.015 116.201
6.72 1.674 0.017 115.192
6.74 1.421 0.023 115.466
6.76 1.267 0.031 116.526
6.78 1.221 0.038 117.984
6.8 1.293 0.038 119.059
6.82 1.468 0.036 120.81
6.84 1.645 0.034 122.324
6.86 1.499 0.032 120.188
6.88 1.254 0.028 115.938
6.9 1.011 0.019 108.917
6.92 0.811 0.016 104.1
6.94 0.639 0.02 102.554
6.96 0.538 0.022 100.922
6.98 0.492 0.024 100.435
7 0.487 0.024 100.367
7.02 0.501 0.022 100.13
7.04 0.513 0.019 99.3327
7.06 0.492 0.015 96.8901
7.08 0.472 0.012 94.6156
7.1 0.46 0.009 92.1081
7.12 0.47 0.007 90.5527
7.14 0.54 0.006 91.2752
7.16 0.770001 0.005 94.6875
7.18 0.968 0.005 97.9357
7.2 1.736 0.008 110.864
7.22 3.588 0.01 125.484
7.24 5.694 0.01 134.216
7.26 7.569 0.012 142.078
7.28 9.69 0.014 149.238
7.3 11.811 0.017 156.172
7.32 12.461 0.022 160.917
7.34 12.831 0.031 166.4
7.36 13.133 0.039 170.306
7.38 13.491 0.046 173.462
7.4 14.34 0.052 176.921
7.42 14.737 0.057 179.114
7.44 15.261 0.063 181.659
7.46 15.875 0.068 183.995
7.48 16.42 0.072 185.912
7.5 16.885 0.076 187.641
7.52 17.641 0.079 189.578
7.54 17.881 0.083 190.871
7.56 18.084 0.088 192.255
7.58 18.185 0.093 193.438
7.6 18.309 0.097 194.45
7.62 18.35 0.1 195.148
7.64 18.226 0.102 195.422
7.66 17.985 0.104 195.505
7.68 16.097 0.098 191.597
7.7 17.034 0.096 192.973
7.72 16.793 0.0950001 192.549
7.74 16.243 0.096 191.933
7.76 14.586 0.097 189.28
7.78 13.864 0.098 188.197
7.8 13.524 0.099 187.818
7.82 13.482 0.098 187.709
7.84 13.598 0.096 187.751
7.86 14.289 0.092 188.561
7.88 14.643 0.087 188.482
7.9 14.986 0.0800001 187.929
7.92 15.35 0.075 187.702
7.94 15.705 0.074 188.242
7.96 16.135 0.073 188.894
7.98 16.924 0.074 190.546
8 17.26 0.075 191.433
8.02 17.603 0.077 192.53
8.04 17.866 0.079 193.488
8.06 17.992 0.081 194.221
8.08 17.813 0.082 194.274
8.1 17.644 0.084 194.53
8.12 17.124 0.087 194.393
8.14 16.225 0.097 194.777
8.16 15.65 0.103 194.87
8.18 15.146 0.102 193.929
8.2 15.444 0.1 194.285
8.22 15.829 0.098 194.78
8.24 15.959 0.096 194.806
8.26 16.026 0.087 193.464
8.28 16.054 0.077 191.686
8.3 15.99 0.07 190.19
8.32 15.791 0.066 189.047
8.34 15.117 0.065 187.75
8.36 14.918 0.064 187.275
8.38 14.962 0.067 188.195
8.4 15.101 0.069 189.033
8.42 15.152 0.071 189.7
8.44 14.911 0.073 189.825
8.46 14.175 0.074 188.784
8.48 13.717 0.075 188.227
8.5 13.228 0.069 186.073
8.52 11.967 0.065 182.618
8.54 12.537 0.062 183.244
8.56 12.222 0.059 181.94
8.58 12.182 0.052 180.07
8.6 12.184 0.046 178.363
8.62 12.176 0.042 177.115
8.64 12.142 0.04 176.44
8.66 12.181 0.039 176.264
8.68 12.659 0.039 177.357
8.7 12.665 0.042 178.58
8.72 12.856 0.043 179.431
8.74 13.055 0.045 180.625
8.76 13.085 0.046 181.13
8.78 13.174 0.048 182.066
8.8 13.245 0.05 182.942
8.82 13.389 0.051 183.645
8.84 13.634 0.052 184.539
8.86 14.059 0.054 186.057
8.88 14.525 0.058 188.165
8.9 15.721 0.061 191.241
8.92 16.542 0.065 193.79
8.94 17.208 0.067 195.508
8.96 17.576 0.069 196.707
8.98 17.773 0.073 198.072
9 17.735 0.078 199.228
9.02 17.272 0.082 199.421
9.04 17.023 0.088 200.301
9.06 16.396 0.092 200.082
9.08 15.769 0.0950001 199.616
9.1 15.166 0.1 199.47
9.12 14.518 0.104 198.989
9.14 13.909 0.106 198.199
9.16 13.498 0.106 197.465
9.18 13.228 0.105 196.855
9.2 13.005 0.099 195.533
9.22 12.576 0.094 193.87
9.24 12.148 0.092 192.677
9.26 11.993 0.089 191.907
9.28 11.907 0.086 191.277
9.3 11.845 0.084 190.873
9.32 11.773 0.082 190.438
9.34 11.797 0.0800001 190.216
9.36 11.745 0.079 190.009
9.38 11.691 0.077 189.591
9.4 11.748 0.076 189.63
9.42 11.828 0.075 189.718
9.44 11.695 0.074 189.309
9.46 11.416 0.074 188.763
9.48 10.778 0.074 187.317
9.5 10.501 0.075 186.934
9.52 10.352 0.076 186.864
9.54 10.502 0.074 186.946
9.56 10.936 0.071 187.502
9.58 11.387 0.067 187.798
9.6 11.872 0.065 188.562
9.62 11.879 0.063 188.198
9.64 11.9 0.061 187.849
9.66 11.977 0.061 188.132
9.68 12.035 0.062 188.626
9.7 12.102 0.064 189.385
9.72 12.319 0.067 190.705
9.74 12.625 0.068 191.725
9.76 12.96 0.068 192.559
9.78 13.352 0.068 193.498
9.8 13.799 0.07 194.997
9.82 14.299 0.071 196.342
9.84 14.626 0.073 197.55
9.86 14.413 0.077 198.122
9.88 14.045 0.082 198.533
9.9 13.708 0.092 199.855
9.92 13.435 0.098 200.44
9.94 13.246 0.103 200.974
9.96 13.019 0.051 189.192
9.98 12.57 0.081 195.734
10 12.12 0.111 199.992
