0.02 0.02 0 0
0.03 0.02 0 0
0.04 0.02 0 0
0.05 0.03 0 0
0.06 0.02 0 0
0.07 0.03 0 0
0.08 0.01 0 0
0.09 0.02 0 0
0.1 0.02 0 0
0.11 0.02 0 0
0.12 0.03 0 0
0.13 0.02 0 0
0.14 0.03 0 0
0.15 0.07 0 0
0.16 0.09 0 0
0.17 0.06 0 0
0.18 0.05 0 0
0.19 0.02 0 0
0.2 0.04 0 0
0.21 0.07 0 0
0.22 0.06 0 0
0.23 0.13 0 0
0.24 0.15 0 0
0.25 0.22 0.001 27.2116
0.26 0.08 0 0
0.27 0.06 0 0
0.28 0.04 0 0
0.29 0.04 -0.001 -nan
0.3 0.05 -0.001 -nan
0.31 0.05 0 0
0.32 0.05 0 0
0.33 0.45 0 0
0.34 1.09 0.005 42.669
0.35 1.13 0.02 48.5241
0.36 3.37 0.072 63.6764
0.37 4.04 0.088 66.9696
0.38 6.9 0.0967 73.4479
0.39 8.99 0.1053 77.4
0.4 10.99 0.114 80.766
0.41 11.51 0.104 81.2426
0.42 11.95 0.102 82.099
0.43 11.87 0.103 82.6249
0.44 11.58 0.094 82.2311
0.45 11.65 0.096 82.9634
0.46 11.63 0.098 83.5946
0.47 11.57 0.1 84.1746
0.48 11.12 0.108 84.7272
0.49 9.51 0.111 83.5067
0.5 8.15 0.127 83.0567
0.51 6.99 0.143 82.4994
0.52 6.55 0.159 82.9014
0.53 5.89 0.172 82.615
0.54 5.53 0.187 82.8692
0.55 5.11 0.207 83.0501
0.56 4.79 0.221 83.1449
0.57 4.56 0.229 83.2109
0.58 4.18 0.226 82.4825
0.59 3.94 0.217 81.8954
0.6 3.65 0.214 81.2839
0.61 3.49 0.208 80.9411
0.62 3.4 0.2 80.7386
0.63 3.26 0.189 80.2305
0.64 3.13 0.186 80.0051
0.65 2.99 0.152 78.4935
0.66 2.94 0.147 78.4177
0.67 2.97 0.146 78.8166
0.68 2.98 0.141 78.951
0.69 3.02 0.134 79.0886
0.7 3.05 0.126 79.1125
0.71 3.1 0.12 79.2888
0.72 3.17 0.114 79.5139
0.73 3.32 0.113 80.2937
0.74 3.41 0.11 80.7281
0.75 3.47 0.106 80.9837
0.76 3.52 0.097 80.851
0.77 3.56 0.088 80.6217
0.78 3.57 0.08 80.3048
0.79 3.56 0.067 79.3773
0.8 3.56 0.062 79.143
0.81 3.54 0.056 78.6833
0.82 3.52 0.053 78.5272
0.83 3.49 0.049 78.1831
0.84 3.47 0.043 77.5317
0.85 3.43 0.038 76.8629
0.86 3.38 0.033 76.0524
0.87 3.33 0.03 75.5323
0.88 3.28 0.026 74.7129
0.89 3.22 0.023 73.9904
0.9 3.18 0.022 73.8136
0.91 3.14 0.021 73.6203
0.92 3.11 0.021 73.7424
0.93 3.08 0.02 73.5619
0.94 3.04 0.019 73.3286
0.95 3 0.019 73.4045
0.96 2.97 0.019 73.512
0.97 2.96 0.019 73.6883
0.98 2.93 0.019 73.7904
0.99 2.92 0.019 73.9625
1 2.9 0.02 74.413
1.01 2.89 0.021 74.8854
1.02 2.9 0.022 75.4195
1.03 2.91 0.022 75.6618
1.04 2.92 0.023 76.184
1.05 2.94 0.023 76.4621
1.06 2.95 0.023 76.7013
1.07 2.96 0.023 76.9393
1.08 2.97 0.022 76.8911
1.09 3 0.022 77.2
1.1 3.1 0.022 77.7626
1.11 3.19 0.021 77.978
1.12 3.28 0.021 78.4865
1.13 3.39 0.02 78.735
1.14 3.49 0.02 79.2592
1.15 3.63 0.019 79.5629
1.16 3.72 0.019 80.0364
1.17 3.81 0.018 80.143
1.18 3.9 0.018 80.6033
1.19 3.9533 0.015 79.732
1.2 4.0067 0.015 80.0723
1.21 4.06 0.014 79.9499
1.22 4.13 0.013 79.8367
1.23 4.17 0.013 80.1293
1.24 4.19 0.013 80.3652
1.25 4.19 0.013 80.5448
1.26 4.19 0.013 80.7235
1.27 4.17 0.013 80.8453
1.28 4.14 0.013 80.9376
1.29 4.08 0.014 81.4432
1.3 4.04 0.014 81.5025
1.31 4.01 0.014 81.5887
1.32 3.99 0.014 81.7025
1.33 3.99 0.014 81.8741
1.34 4.05 0.014 82.2213
1.35 4.12 0.015 83.0705
1.36 4.22 0.016 83.9788
1.37 4.33 0.017 84.8895
1.38 4.42 0.018 85.7203
1.39 4.44 0.019 86.3359
1.4 4.38 0.019 86.3388
1.41 4.28 0.018 85.8356
1.42 4.17 0.017 85.276
1.43 4.06 0.017 85.1143
1.44 3.97 0.017 85.0045
1.45 3.86 0.017 84.8243
1.46 3.8 0.018 85.1992
1.47 3.76 0.018 85.231
1.48 3.72 0.019 85.6448
1.49 3.69 0.02 86.0718
1.5 3.68 0.021 86.549
1.51 3.68 0.021 86.709
1.52 3.69 0.021 86.9022
1.53 3.7 0.02 86.7419
1.54 3.72 0.02 86.9666
1.55 3.72 0.018 86.3628
1.56 3.73 0.017 86.1402
1.57 3.73 0.016 85.8592
1.58 3.71 0.015 85.4841
1.59 3.71 0.015 85.6341
1.6 3.69 0.015 85.7168
1.61 3.67 0.015 85.7982
1.62 3.65 0.016 86.3408
1.63 3.63 0.016 86.4202
1.64 3.61 0.016 86.4984
1.65 3.59 0.016 86.5754
1.66 3.56 0.016 86.6163
1.67 3.53 0.015 86.1913
1.68 3.52 0.015 86.2992
1.69 3.52 0.015 86.4417
1.7 3.52 0.015 86.5836
1.71 3.54 0.015 86.7957
1.72 3.56 0.014 86.509
1.73 3.59 0.014 86.7533
1.74 3.61 0.014 86.962
1.75 3.62 0.014 87.1353
1.76 3.65 0.014 87.3772
1.77 3.69 0.014 87.6524
1.78 3.75 0.014 87.994
1.79 3.79 0.015 88.774
1.8 3.83 0.015 89.0461
1.81 3.85 0.016 89.7308
1.82 3.91 0.016 90.0687
1.83 3.93 0.015 89.7889
1.84 3.93 0.015 89.925
1.85 3.93 0.015 90.0606
1.86 3.93 0.015 90.1957
1.87 3.94 0.015 90.3633
1.88 3.95 0.015 90.5304
1.89 3.97 0.015 90.73
1.9 3.98 0.016 91.3855
1.91 3.98 0.016 91.519
1.92 3.98 0.016 91.6519
1.93 3.97 0.016 91.7511
1.94 3.95 0.016 91.8162
1.95 3.92 0.016 91.8467
1.96 3.89 0.016 91.8757
1.97 3.86 0.016 91.9032
1.98 3.8 0.016 91.8253
1.99 3.77 0.016 91.8491
2 3.66 0.016 91.5858
2.01 3.57 0.016 91.3847
2.02 3.42 0.017 91.4068
2.03 3.3 0.019 91.9094
2.04 3.18 0.02 91.937
2.05 3.06 0.021 91.9259
2.06 2.86 0.021 91.1587
2.07 2.74 0.021 90.7198
2.08 2.61 0.021 90.2078
2.09 2.48 0.021 89.6661
2.1 2.36 0.021 89.1462
2.11 2.25 0.022 88.9963
2.12 2.09 0.021 87.8312
2.13 2.02 0.021 87.5158
2.14 1.96 0.02 86.8967
2.15 1.92 0.019 86.382
2.16 1.87 0.019 86.1655
2.17 1.77 0.0227 86.8727
2.18 1.69 0.0263 87.4711
2.19 1.57 0.03 87.6128
2.2 1.55 0.029 87.3154
2.21 1.49 0.03 87.1754
2.22 1.43 0.03 86.7698
2.23 1.36 0.032 86.7171
2.24 1.34 0.033 86.8621
2.25 1.37 0.037 88.0819
2.26 1.43 0.041 89.4977
2.27 1.5 0.044 90.7581
2.28 1.57 0.048 92.1324
2.29 1.62 0.054 93.5745
2.3 1.66 0.061 94.9758
2.31 1.7 0.065 95.9226
2.32 1.72 0.067 96.4426
2.33 1.71 0.065 96.234
2.34 1.67 0.064 95.897
2.35 1.62 0.066 95.8365
2.36 1.56 0.068 95.667
2.37 1.6667 0.07 96.9298
2.38 1.7733 0.075 98.4773
2.39 1.88 0.076 99.5348
2.4 2.05 0.071 100.331
2.41 2.12 0.071 100.934
2.42 2.09 0.07 100.724
2.43 1.94 0.069 99.6442
2.44 1.71 0.079 99.0709
2.45 1.47 0.085 97.6399
2.46 1.31 0.083 95.9516
2.47 1.2867 0.081 95.6177
2.48 1.2633 0.073 94.65
2.49 1.24 0.054 92.1614
2.5 1.35 0.042 91.4677
2.51 1.46 0.035 91.2138
2.52 1.53 0.034 91.7111
2.53 1.51 0.034 91.6383
2.54 1.51 0.036 92.1762
2.55 1.6 0.038 93.4689
2.56 1.62 0.039 93.941
2.57 1.59 0.037 93.3802
2.58 1.54 0.034 92.3996
2.59 1.49 0.033 91.8321
2.6 1.41 0.032 90.9696
2.61 1.36 0.026 89.0429
2.62 1.38 0.021 87.752
2.63 1.49 0.019 88.0839
2.64 1.62 0.019 89.2455
2.65 1.71 0.019 90.0376
2.66 1.69 0.018 89.5755
2.67 1.63 0.016 88.3336
2.68 1.56 0.014 86.8975
2.69 1.46 0.011 84.45
2.7 1.36 0.007 80.5895
2.71 1.25 0.005 77.4984
2.72 1.1 0.004 74.7618
2.73 1 0.004 73.818
2.74 0.92 0.005 74.3793
2.75 0.85 0.005 73.611
2.76 0.78 0.005 72.7791
2.77 0.72 0.005 72.0174
2.78 0.71 0.006 73.0442
2.79 0.71 0.005 72.0164
2.8 0.73 0.005 72.377
2.81 0.79 0.005 73.2775
2.82 0.92 0.006 76.1228
2.83 1.01 0.007 78.2256
2.84 1.07 0.008 79.8378
2.85 1.06 0.008 79.8079
2.86 1.01 0.008 79.3317
2.87 0.94 0.007 77.7234
2.88 0.9 0.007 77.3129
2.89 0.88 0.0077 77.7515
2.9 0.89 0.0083 78.4411
2.91 0.9 0.009 79.1743
2.92 0.88 0.01 79.6893
2.93 0.82 0.01 78.958
2.94 0.76 0.009 77.4905
2.95 0.72 0.009 76.9622
2.96 0.69 0.008 75.8173
2.97 0.69 0.008 75.8884
2.98 0.76 0.007 76.1727
2.99 0.85 0.007 77.4824
3 0.94 0.007 78.6865
3.01 1.05 0.008 80.9185
3.02 1.18 0.008 82.366
3.03 1.4 0.009 85.3285
3.04 1.56 0.009 86.748
3.05 1.71 0.01 88.7574
3.06 1.79 0.01 89.4251
3.07 1.82 0.01 89.7207
3.08 1.74 0.01 89.2224
3.09 1.71 0.01 89.0795
3.1 1.62 0.01 88.4681
3.11 1.6 0.009 87.6176
3.12 1.58 0.009 87.5371
3.13 1.65 0.009 88.1637
3.14 1.69 0.009 88.5468
3.15 1.86 0.009 89.8568
3.16 1.94 0.009 90.4831
3.17 2.15 0.0097 92.4875
3.18 2.4 0.0103 94.5172
3.19 2.51 0.011 95.7345
3.2 2.53 0.01 95.1697
3.21 2.5 0.008 93.3398
3.22 2.49 0.0077 93.0702
3.23 2.51 0.0085 94.0279
3.24 2.53 0.0092 94.8388
3.25 2.46 0.01 95.1954
3.26 2.32 0.012 95.9203
3.27 2.2 0.013 95.9072
3.28 2.06 0.012 94.4529
3.29 1.93 0.011 92.9742
3.3 1.81 0.009 90.67
3.31 1.69 0.0093 90.0997
3.32 1.65 0.0097 90.1802
3.33 1.65 0.01 90.4847
3.34 1.71 0.011 91.7518
3.35 1.8 0.012 93.181
3.36 2.06 0.014 96.3152
3.37 2.33 0.016 99.2158
3.38 2.59 0.017 101.332
3.39 2.72 0.017 102.133
3.4 2.67 0.016 101.431
3.41 2.52 0.015 100.133
3.42 2.24 0.014 97.9649
3.43 2.05 0.011 94.8781
3.44 1.86 0.009 92.0839
3.45 1.67 0.006 87.7293
3.46 1.5 0.005 85.1515
3.47 1.29 0.005 83.389
3.48 1.19 0.005 82.4916
3.49 1.1 0.006 82.8755
3.5 1.1033 0.006 82.9772
3.51 1.1067 0.007 84.1522
3.52 1.11 0.009 86.0352
3.53 1.24 0.012 89.6066
3.54 1.34 0.014 91.8548
3.55 1.36 0.017 93.6234
3.56 1.36 0.018 94.1433
3.57 1.35 0.017 93.6701
3.58 1.36 0.014 92.3389
3.59 1.37 0.013 91.9395
3.6 1.38 0.013 92.107
3.61 1.74 0.012 94.6742
3.62 2.36 0.0123 99.2015
3.63 3.17 0.0127 103.863
3.64 4.28 0.013 108.746
3.65 4.95 0.013 111.132
3.66 5.55 0.0127 112.844
3.67 6 0.0123 113.901
3.68 6.32 0.012 114.608
3.69 6.51 0.014 116.671
3.7 6.83 0.017 119.483
3.71 7.07 0.021 122.301
3.72 7.34 0.023 123.989
3.73 7.69 0.025 125.787
3.74 8.13 0.027 127.708
3.75 8.64 0.029 129.696
3.76 9.37 0.031 132.048
3.77 9.78 0.031 132.963
3.78 10.13 0.032 134.09
3.79 10.46 0.033 135.155
3.8 10.76 0.034 136.144
3.81 11.03 0.035 137.06
3.82 11.07 0.034 136.901
3.83 11.09 0.035 137.367
3.84 11.05 0.037 138.032
3.85 10.95 0.04 138.849
3.86 10.84 0.043 139.585
3.87 10.71 0.048 140.725
3.88 10.69 0.051 141.5
3.89 10.7 0.054 142.295
3.9 10.78 0.056 142.982
3.91 10.88 0.058 143.693
3.92 11.02 0.06 144.467
3.93 11.26 0.062 145.414
3.94 11.5 0.065 146.535
3.95 11.82 0.067 147.59
3.96 12.27 0.067 148.491
3.97 12.77 0.065 149.076
3.98 13.64 0.061 149.809
3.99 14.2 0.059 150.367
4 14.68 0.056 150.539
4.01 15.18 0.054 150.914
4.02 15.6 0.054 151.613
4.03 16 0.058 153.18
4.04 16.3 0.064 154.961
4.05 16.65 0.071 156.891
4.06 16.83 0.074 157.784
4.07 17.02 0.076 158.499
4.08 17.17 0.079 159.32
4.09 17.29 0.082 160.084
4.1 17.43 0.085 160.859
4.11 17.55 0.09 161.895
4.12 17.63 0.092 162.408
4.13 17.66 0.093 162.703
4.14 17.66 0.094 162.958
4.15 17.61 0.094 163
4.16 17.49 0.093 162.804
4.17 17.26 0.092 162.456
4.18 16.31 0.075 158.527
4.19 16.45 0.072 158.289
4.2 16.29 0.071 157.987
4.21 15.98 0.075 158.376
4.22 15.78 0.079 158.878
4.23 15.58 0.083 159.345
4.24 15.35 0.086 159.579
4.25 15.13 0.088 159.657
4.26 14.91 0.091 159.87
4.27 14.71 0.092 159.809
4.28 14.47 0.094 159.82
4.29 14.4 0.092 159.526
4.3 14.48 0.09 159.465
4.31 14.71 0.091 160.078
4.32 15.02 0.091 160.663
4.33 15.52 0.088 161.076
4.34 15.86 0.085 161.217
4.35 16.16 0.081 161.109
4.36 16.42 0.079 161.247
4.37 16.63 0.076 161.125
4.38 16.81 0.073 160.938
4.39 17.05 0.07 160.806
4.4 17.29 0.068 160.844
4.41 17.61 0.066 160.971
4.42 17.89 0.064 161.026
4.43 18.14 0.063 161.238
4.44 18.44 0.064 161.933
4.45 18.61 0.066 162.664
4.46 18.73 0.068 163.321
4.47 18.86 0.07 163.981
4.48 19 0.071 164.452
4.49 19.13 0.072 164.907
4.5 19.12 0.073 165.186
4.51 19.07 0.075 165.598
4.52 19.02 0.079 166.355
4.53 18.98 0.084 167.258
4.54 18.98 0.088 168.01
4.55 19.03 0.09 168.491
4.56 19.19 0.092 169.106
4.57 19.32 0.092 169.374
4.58 19.44 0.091 169.474
4.59 19.54 0.09 169.546
4.6 19.61 0.09 169.736
4.61 19.68 0.089 169.768
4.62 19.63 0.087 169.487
4.63 19.53 0.086 169.301
4.64 19.38 0.086 169.215
4.65 19.24 0.082 168.471
4.66 19.11 0.082 168.407
4.67 18.95 0.082 168.303
4.68 18.74 0.082 168.134
4.69 18.65 0.084 168.454
4.7 18.66 0.086 168.897
4.71 18.71 0.088 169.386
4.72 18.86 0.088 169.681
4.73 19.09 0.088 170.077
4.74 19.53 0.087 170.574
4.75 19.83 0.086 170.885
4.76 20.13 0.083 170.849
4.77 20.38 0.082 171.081
4.78 20.58 0.08 171.069
4.79 20.71 0.078 170.963
4.8 20.75 0.075 170.553
4.81 20.71 0.074 170.414
4.82 20.72 0.074 170.524
4.83 20.68 0.075 170.765
4.84 20.65 0.075 170.828
4.85 20.61 0.075 170.878
4.86 20.56 0.076 171.105
4.87 20.42 0.08 171.766
4.88 20.27 0.083 172.208
4.89 20.1 0.084 172.269
4.9 19.89 0.085 172.275
4.91 19.64 0.086 172.227
4.92 19.37 0.086 171.981
4.93 18.84 0.086 171.392
4.94 18.48 0.086 171.013
4.95 18.09 0.086 170.584
4.96 17.69 0.086 170.132
4.97 17.23 0.087 169.745
4.98 16.77 0.087 169.18
4.99 16.29 0.088 168.728
5 15.61 0.089 167.946
5.01 15.17 0.089 167.349
5.02 14.76 0.089 166.783
5.03 14.37 0.088 166.077
5.04 14.03 0.088 165.596
5.05 13.76 0.086 164.909
5.06 13.36 0.084 163.979
5.07 13.08 0.086 163.89
5.08 12.79 0.084 163.131
5.09 12.5 0.08 162.023
5.1 12.22 0.075 160.718
5.11 11.88 0.069 159.047
5.12 11.42 0.065 157.447
5.13 10.51 0.065 155.66
5.14 9.82 0.064 154.029
5.15 9.12 0.065 152.677
5.16 8.44 0.068 151.633
5.17 7.85 0.07 150.502
5.18 6.76 0.069 147.199
5.19 6.53 0.066 146.005
5.2 6.38 0.066 145.595
5.21 5.96 0.066 144.251
5.22 5.66 0.067 143.438
5.23 5.39 0.069 142.857
5.24 5.12 0.07 142.049
5.25 4.78 0.07 140.725
5.26 4.59 0.068 139.643
5.27 4.43 0.066 138.659
5.28 4.22 0.064 137.413
5.29 4.1 0.062 136.555
5.3 4.02 0.059 135.678
5.31 4 0.058 135.459
5.32 3.96 0.056 134.939
5.33 3.91 0.052 133.935
5.34 3.9 0.049 133.294
5.35 3.88 0.047 132.804
5.36 3.88 0.047 132.873
5.37 3.88 0.047 132.942
5.38 3.93 0.048 133.489
5.39 3.95 0.048 133.656
5.4 4.05 0.05 134.664
5.41 4.21 0.052 135.93
5.42 4.47 0.057 138.23
5.43 4.77 0.064 140.953
5.44 4.79 0.067 141.649
5.45 4.71 0.065 141.022
5.46 4.6 0.0647 140.56
5.47 4.56 0.0643 140.382
5.48 4.57 0.064 140.443
5.49 4.76 0.067 141.881
5.5 5.18 0.066 143.512
5.51 5.79 0.068 146.268
5.52 6.45 0.075 149.851
5.53 7.29 0.073 152.25
5.54 7.91 0.067 153.031
5.55 8.65 0.061 153.887
5.56 9.44 0.059 155.482
5.57 10.92 0.055 157.931
5.58 12.03 0.052 159.482
5.59 14.39 0.043 161.162
5.6 17.01 0.037 163.121
5.61 21.49 0.026 163.907
5.62 24.43 0.024 165.935
5.63 25.25 0.022 165.605
5.64 27.82 0.02 166.689
5.65 29.68 0.013 162.406
5.66 32.1 0.011 162.062
5.67 32.39 0.006 154.367
