0.42 1.843 0.007 50.1914
0.44 2.3 0.015 55.929
0.46 2.376 0.027 59.7415
0.48 2.41 0.036 62.0437
0.5 2.306 0.05 64.0822
0.52 2.294 0.06 65.7256
0.54 2.188 0.07 66.8194
0.56 2.106 0.074 67.4392
0.58 2.064 0.075 67.9789
0.6 2.019 0.074 68.3288
0.62 1.978 0.073 68.6733
0.640001 1.93 0.073 69.0374
0.660001 1.902 0.072 69.4045
0.680001 1.882 0.072 69.8764
0.700001 1.856 0.071 70.2191
0.720001 1.891 0.07 70.8781
0.740001 2.006 0.071 72.1148
0.760001 2.184 0.073 73.7165
0.780001 2.499 0.073 75.7054
0.800001 2.653 0.074 76.9866
0.820001 2.703 0.075 77.8125
0.840001 2.681 0.078 78.4991
0.860001 2.633 0.086 79.4518
0.880001 2.585 0.093 80.2706
0.900001 2.54 0.1 81.0575
0.920001 2.509 0.105 81.7414
0.940001 2.597 0.111 83.0237
0.960001 2.716 0.115 84.2996
0.980001 2.806 0.119 85.4258
1 2.818 0.123 86.1965
1.02 2.769 0.13 86.8527
1.04 2.692 0.134 87.1885
1.06 2.585 0.139 87.407
1.08 2.463 0.143 87.459
1.1 2.386 0.146 87.6564
1.12 2.135 0.138 86.2922
1.14 2.294 0.137 87.5665
1.16 2.423 0.134 88.5236
1.18 2.539 0.133 89.4905
1.2 2.614 0.133 90.2873
1.22 2.686 0.135 91.1719
1.24 2.77 0.14 92.2708
1.26 2.913 0.146 93.6828
1.28 3.012 0.153 94.9169
1.3 3.049 0.159 95.8008
1.32 3.042 0.164 96.4245
1.34 3.01 0.17 96.9706
1.36 2.907 0.174 97.0715
1.38 2.785 0.177 97.0042
1.4 2.676 0.178 96.8801
1.42 2.593 0.178 96.8226
1.44 2.537 0.178 96.8946
1.46 2.467 0.177 96.8304
1.48 2.4 0.171 96.5354
1.5 2.31 0.161 95.8825
1.52 2.249 0.152 95.4083
1.54 1.232 0.076 82.8858
1.56 1.704 0.101 89.2478
1.58 1.932 0.113 92.0547
1.6 2.037 0.118 93.4197
1.62 2.056 0.125 94.3195
1.64 2.009 0.131 94.6958
1.66 1.935 0.133 94.6225
1.68 1.74 0.133 93.497
1.7 1.589 0.128 92.2921
1.72 1.518 0.121 91.5558
1.74 1.498 0.114 91.2218
1.76 1.46 0.105 90.5525
1.78 1.573 0.097 91.2143
1.8 1.903 0.091 93.5438
1.82 2.492 0.083 96.8028
1.84 3.11 0.074 99.2921
1.86 3.762 0.063 100.997
1.88 4.363 0.052 101.844
1.9 4.99 0.042 102.304
1.92 5.801 0.036 103.515
1.94 6.741 0.031 104.772
1.96 8.07 0.026 106.263
1.98 8.956 0.023 107.076
2 9.473 0.022 107.847
2.02 9.64 0.023 108.82
2.04 9.595 0.027 110.509
2.06 9.517 0.032 112.255
2.08 9.471 0.036 113.586
2.1 9.823 0.04 115.497
2.12 10.175 0.042 116.863
2.14 10.457 0.042 117.631
2.16 10.719 0.041 118.12
2.18 11.142 0.038 118.334
2.2 11.231 0.036 118.238
2.22 11.166 0.035 118.159
2.24 10.892 0.034 117.747
2.26 10.832 0.034 117.944
2.28 11.204 0.04 120.427
2.3 12.011 0.038 121.416
2.32 12.869 0.037 122.651
2.34 13.269 0.039 124.03
2.36 13.275 0.036 123.506
2.38 12.271 0.038 122.954
2.4 12.393 0.042 124.448
2.42 12.092 0.043 124.538
2.44 11.681 0.045 124.674
2.46 10.885 0.045 123.694
2.48 10.613 0.046 123.748
2.5 10.482 0.043 123.11
2.52 10.339 0.042 122.898
2.54 10.22 0.043 123.205
2.56 10.061 0.043 123.195
2.58 9.494 0.044 122.669
2.6 8.866 0.044 121.727
2.62 8.176 0.044 120.572
2.64 7.497 0.046 119.77
2.66 6.709 0.049 118.74
2.68 6.184 0.05 117.798
2.7 5.875 0.051 117.366
2.72 5.752 0.047 116.456
2.74 5.84 0.043 116.086
2.76 6.174 0.042 117.027
2.78 6.93 0.044 119.691
2.8 7.647 0.043 121.41
2.82 8.766 0.046 124.765
2.84 9.229 0.04 124.484
2.86 9.795 0.038 125.265
2.88 10.36 0.039 126.799
2.9 11.083 0.05 130.963
2.92 11.545 0.054 132.836
2.94 10.793 0.056 132.203
2.96 13.367 0.064 138.121
2.98 14.199 0.0800001 142.204
3 12.219 0.091 140.923
3.02 11.579 0.102 141.431
3.04 12.044 0.108 143.175
3.06 12.157 0.105 143.293
3.08 12.187 0.088 141.509
3.1 11.655 0.089 140.988
3.12 12.122 0.078 140.491
3.14 12.479 0.053 136.859
3.16 12.404 0.039 133.53
3.18 12.118 0.033 131.476
3.2 12.138 0.029 130.328
3.22 13.235 0.036 134.591
3.24 13.846 0.033 134.723
3.26 14.932 0.035 137.098
3.28 14.669 0.037 137.615
3.3 15.742 0.042 140.733
3.32 17.828 0.054 146.551
3.34 21.469 0.053 150.543
3.36 23.691 0.054 153.185
3.38 25.957 0.063 157.476
3.4 27.661 0.061 158.759
3.42 30.16 0.061 161.011
3.44 33.834 0.042 158.951
3.46 36.173 0.039 159.759
3.48 38.614 0.05 164.901
3.5 39.392 0.064 169.076
3.52 37.935 0.096 174.206
3.54 32.061 0.096 170.305
3.56 34.093 0.125 175.909
3.58 31.847 0.127 174.693
3.6 32.899 0.113 174.085
3.62 33.214 0.142 177.942
3.64 34.139 0.207 184.621
3.66 35.639 0.25 188.996
3.68 36.622 0.129 179.847
3.7 34.597 0.151 181.005
3.72 32.571 0.138 178.367
3.74 33.902 0.124 178.074
3.76 34.615 0.102 175.991
3.78 35.532 0.088 174.755
3.8 36.593 0.079 174.185
3.82 36.408 0.075 173.56
3.84 36.786 0.068 172.657
3.86 36.48 0.061 171.145
3.88 35.92 0.053 169.021
3.9 34.218 0.046 166.115
3.92 31.912 0.045 164.387
3.94 31.676 0.04 162.841
3.96 29.422 0.034 159.179
3.98 28.904 0.037 160.117
4 30.023 0.039 161.927
4.02 31.645 0.062 169.81
4.04 30.629 0.086 173.918
4.06 29.236 0.087 173.16
4.08 29.925 0.0800001 172.77
4.1 29.473 0.073 171.316
4.12 29.732 0.068 170.753
4.14 30.316 0.075 172.866
4.16 31.312 0.087 176.066
4.18 34.001 0.061 173.212
4.2 35.129 0.047 170.52
4.22 35.08 0.045 170.095
4.24 34.634 0.023 160.772
4.26 31.997 0.026 160.789
4.28 29.361 0.027 159.517
4.3 30.76 0.026 160.294
4.32 31.132 0.033 164
4.34 30.002 0.051 169.363
4.36 30.275 0.047 168.651
4.38 31.163 0.042 167.991
4.4 31.141 0.042 168.187
4.42 30.093 0.039 166.541
4.44 29.363 0.044 167.837
4.46 28.501 0.054 170.203
4.48 27.664 0.061 171.415
4.5 25.637 0.064 170.436
4.52 24.277 0.064 169.312
4.54 23.693 0.066 169.36
4.56 23.178 0.072 170.259
4.58 22.664 0.077 170.869
4.6 22.477 0.082 171.769
4.62 22.08 0.081 171.36
4.64 22.026 0.081 171.506
4.66 22.156 0.0850001 172.547
4.68 21.258 0.081 171.039
4.7 21.824 0.078 171.352
4.72 22.102 0.077 171.683
4.74 22.665 0.075 172.132
4.76 23.101 0.078 173.372
4.78 23.47 0.089 175.89
4.8 23.004 0.0900001 175.75
4.82 23.317 0.091 176.458
4.84 23.107 0.093 176.751
4.86 22.728 0.094 176.69
4.88 22.291 0.099 177.16
4.9 21.966 0.101 177.282
4.92 22.084 0.099 177.324
4.94 22.769 0.093 177.382
4.96 23.81 0.0850001 177.396
4.98 24.758 0.077 177.133
5 25.264 0.073 177.06
5.02 24.61 0.07 175.973
5.04 24.29 0.064 174.53
5.06 24.182 0.061 173.914
5.08 23.878 0.064 174.483
5.1 23.718 0.064 174.505
5.12 23.726 0.071 176.219
5.14 23.214 0.0800001 177.611
5.16 22.646 0.086 178.239
5.18 22.178 0.093 179.057
5.2 23.33 0.0950001 180.881
5.22 24.539 0.091 181.745
5.24 25.122 0.082 180.979
5.26 24.814 0.072 178.903
5.28 23.979 0.065 176.702
5.3 22.708 0.058 173.85
5.32 22.498 0.056 173.292
5.34 22.531 0.057 173.766
5.36 22.446 0.06 174.595
5.38 22.201 0.065 175.666
5.4 21.93 0.075 177.639
5.42 19.805 0.075 175.231
5.44 20.195 0.076 176.098
5.46 21.045 0.078 177.711
5.48 20.822 0.0850001 178.893
5.5 20.52 0.0900001 179.55
5.52 20.2 0.097 180.446
5.54 19.478 0.103 180.583
5.56 19.516 0.106 181.247
5.58 19.846 0.106 181.866
5.6 20.055 0.106 182.322
5.62 20.103 0.106 182.566
5.64 19.969 0.106 182.57
5.66 19.92 0.105 182.541
5.68 19.871 0.106 182.8
5.7 19.82 0.108 183.196
5.72 19.535 0.109 183.132
5.74 19.504 0.11 183.408
5.76 19.617 0.111 183.876
5.78 19.667 0.113 184.395
5.8 19.449 0.115 184.545
5.82 19.023 0.114 184
5.84 18.894 0.113 183.86
5.86 18.774 0.112 183.73
5.88 18.697 0.112 183.796
5.9 18.48 0.112 183.66
5.92 18.444 0.111 183.644
5.94 18.571 0.109 183.72
5.96 18.726 0.108 183.971
5.98 18.727 0.107 184.001
6 18.753 0.107 184.209
6.02 18.659 0.107 184.246
6.04 18.416 0.108 184.211
6.06 18.06 0.108 183.863
6.08 17.663 0.108 183.443
6.1 16.942 0.109 182.652
6.12 16.686 0.11 182.557
6.14 16.476 0.11 182.389
6.16 16.386 0.117 183.349
6.18 16.51 0.109 182.634
6.2 15.898 0.105 181.242
6.22 16.595 0.102 182.089
6.24 17.152 0.1 182.819
6.26 17.351 0.098 182.978
6.28 17.667 0.0950001 183.142
6.3 18.098 0.094 183.78
6.32 18.173 0.096 184.374
6.34 17.304 0.098 183.553
6.36 16.854 0.101 183.478
6.38 16.457 0.105 183.601
6.4 16.026 0.108 183.49
6.42 15.571 0.109 183.029
6.44 15.229 0.11 182.741
6.46 15.176 0.108 182.528
6.48 14.927 0.104 181.679
6.5 14.718 0.102 181.173
6.52 14.293 0.099 180.116
6.54 13.29 0.099 178.391
6.56 13.313 0.1 178.736
6.58 13.359 0.104 179.562
6.6 13.318 0.103 179.489
6.62 13.24 0.1 179.048
6.64 13.692 0.094 179.141
6.66 13.98 0.087 178.675
6.68 14.309 0.079 177.99
6.7 14.932 0.077 178.853
6.72 15.604 0.076 179.944
6.74 16.16 0.075 180.803
6.76 16.236 0.081 182.238
6.78 16.309 0.086 183.417
6.8 16.341 0.089 184.144
6.82 16.391 0.045 174.205
6.84 16.005 0.065 179.148
6.86 15.62 0.078 181.396
6.88 16.152 0.0850001 183.73
6.9 16.235 0.091 185.061
6.92 16.089 0.096 185.794
6.94 15.748 0.1 186.001
6.96 14.971 0.102 185.104
6.98 14.611 0.104 184.902
7 14.349 0.105 184.714
7.02 14.076 0.106 184.496
7.04 13.882 0.105 184.128
7.06 13.511 0.102 183.113
7.08 13.231 0.099 182.252
7.1 13.058 0.097 181.741
7.12 12.969 0.094 181.23
7.14 13.218 0.091 181.379
7.16 13.577 0.087 181.541
7.18 14.064 0.083 181.893
7.2 14.594 0.0800001 182.446
7.22 15.049 0.079 183.204
7.24 15.669 0.079 184.414
7.26 15.848 0.079 184.858
7.28 15.875 0.0800001 185.238
7.3 15.993 0.082 185.959
7.32 16.284 0.083 186.772
7.34 16.587 0.0850001 187.783
7.36 16.794 0.0850001 188.261
7.38 16.729 0.086 188.481
7.4 16.145 0.087 187.841
7.42 15.739 0.089 187.648
7.44 15.178 0.093 187.494
7.46 14.582 0.096 187.048
7.48 14.06 0.097 186.368
7.5 13.523 0.099 185.779
7.52 13.13 0.101 185.437
7.54 12.837 0.102 185.123
7.56 13.204 0.101 185.861
7.58 14.797 0.097 188.439
7.6 14.987 0.0900001 187.75
7.62 15.05 0.0850001 187.109
7.64 15.004 0.077 185.63
7.66 14.651 0.069 183.447
7.68 14.197 0.066 182.075
7.7 13.91 0.068 182.124
7.72 13.729 0.034 171.718
7.74 13.491 0.05 176.998
7.76 13.252 0.059 179.12
7.78 13.458 0.069 182.002
7.8 13.568 0.075 183.615
7.82 13.622 0.079 184.647
7.84 13.667 0.079 184.866
7.86 13.672 0.0800001 185.201
7.88 13.556 0.082 185.485
7.9 13.564 0.083 185.819
7.92 13.563 0.083 185.947
7.94 13.616 0.083 186.182
7.96 13.606 0.082 186.105
7.98 13.674 0.082 186.369
8 13.775 0.082 186.696
8.02 13.915 0.083 187.287
8.04 14.349 0.083 188.247
8.06 14.627 0.083 188.899
8.08 14.892 0.084 189.707
8.1 15.163 0.087 190.888
8.12 15.443 0.089 191.885
8.14 15.752 0.0900001 192.744
8.16 16.202 0.092 194.014
8.18 16.711 0.093 195.188
8.2 17.456 0.094 196.726
8.22 17.737 0.094 197.313
8.24 17.865 0.0950001 197.825
8.26 17.942 0.096 198.253
8.28 17.962 0.097 198.59
8.3 18.029 0.096 198.658
8.32 18.09 0.0950001 198.715
8.34 18.009 0.094 198.544
8.36 17.768 0.092 197.937
8.38 17.875 0.091 198.059
8.4 18.035 0.088 197.892
8.42 18.257 0.087 198.184
8.44 18.495 0.0850001 198.301
8.46 18.859 0.083 198.595
8.48 19.151 0.082 198.965
8.5 19.341 0.0800001 198.969
8.52 19.042 0.077 198.023
8.54 18.742 0.0800001 198.329
8.56 18.79 0.082 198.939
8.58 19.374 0.082 199.948
8.6 19.645 0.083 200.68
8.62 19.621 0.087 201.562
8.64 19.545 0.089 201.961
8.66 19.801 0.093 203.212
8.68 20.124 0.0950001 204.177
8.7 20.533 0.099 205.605
8.72 20.164 0.103 205.877
8.74 20.051 0.106 206.334
8.76 19.879 0.111 207.002
8.78 19.441 0.118 207.523
8.8 19.042 0.122 207.61
8.82 18.686 0.124 207.458
8.84 18.289 0.126 207.223
8.86 17.843 0.126 206.617
8.88 16.89 0.124 204.846
8.9 16.515 0.12 203.756
8.92 15.873 0.119 202.581
8.94 15.41 0.112 200.83
8.96 14.974 0.107 199.367
8.98 14.732 0.101 198.07
9 14.85 0.094 197.238
9.02 15.066 0.089 196.873
9.04 16.181 0.0850001 198.27
9.06 16.627 0.081 198.373
9.08 17.104 0.078 198.68
9.1 17.71 0.077 199.586
9.12 18.067 0.076 200.065
9.14 18.087 0.078 200.652
9.16 17.928 0.0800001 200.942
9.18 17.87 0.082 201.383
9.2 17.902 0.084 201.962
9.22 17.696 0.086 202.142
9.24 17.445 0.088 202.235
9.26 17.431 0.044 190.995
9.28 17.187 0.062 196.242
9.3 16.943 0.07 197.944
9.32 17.197 0.076 199.85
9.34 17.261 0.081 201.14
9.36 17.259 0.088 202.649
9.38 17.278 0.092 203.552
9.4 17.259 0.097 204.539
9.42 17.163 0.102 205.353
9.44 17.071 0.105 205.811
9.46 17.018 0.106 206.002
9.48 17.178 0.107 206.562
9.5 17.457 0.106 207.002
9.52 17.789 0.105 207.522
9.54 18.2 0.103 207.994
9.56 18.6 0.101 208.427
9.58 19.003 0.1 209.02
9.6 19.341 0.1 209.673
9.62 19.574 0.101 210.33
9.64 20.041 0.103 211.512
9.66 20.176 0.105 212.178
9.68 20.272 0.106 212.613
9.7 20.332 0.108 213.157
9.72 20.392 0.11 213.695
9.74 20.407 0.111 214.001
9.76 20.386 0.111 214.092
9.78 20.351 0.111 214.16
9.8 20.345 0.11 214.112
9.82 20.554 0.106 213.888
9.84 20.519 0.102 213.273
9.86 20.727 0.099 213.174
9.88 20.965 0.0950001 212.913
9.9 21.076 0.088 211.841
9.92 21.366 0.0850001 211.766
9.94 21.554 0.0850001 212.152
9.96 21.803 0.086 212.829
9.98 21.882 0.094 214.641
10 22.081 0.102 216.507
