0.0002 0.81188 0.00154736 4.69078
0.0003 1.14841 0.00358335 5.91873
0.0004 1.19048 0.00260608 6.27631
0.0005 1.19889 0.00268751 6.7019
0.0006 1.45129 0.00337975 7.38652
0.0007 1.56487 0.00301328 7.71997
0.0008 1.56487 0.00301328 8.01194
0.0009 2.0907 0.00403127 8.84284
0.001 2.10331 0.00427559 9.1583
0.0011 2.24213 0.00427559 9.49116
0.0012 2.39357 0.00435703 9.83091
0.0013 2.51136 0.00712599 10.5448
0.0014 2.41881 0.00643375 10.6156
0.0015 2.32627 0.00639303 10.7549
0.0016 2.33047 0.00916198 11.2853
0.0017 2.42302 0.00842902 11.4618
0.0018 2.38516 0.00944702 11.7298
0.0019 2.37254 0.00993566 11.9484
0.002 2.37254 0.00993566 12.12
0.0021 2.44826 0.0108315 12.4301
0.0022 2.49874 0.011198 12.664
0.0023 2.54501 0.0116866 12.9012
0.0024 2.58287 0.0121753 13.1272
0.0025 2.62073 0.0126232 13.3449
0.0026 2.65859 0.0130304 13.5548
0.0027 2.65859 0.0130304 13.6978
0.0028 2.75534 0.0139669 13.989
0.0029 2.78058 0.0144556 14.1852
0.003 2.80582 0.0145777 14.3482
0.0031 2.83527 0.0150257 14.5379
0.0032 2.86051 0.0154736 14.7215
0.0033 2.88575 0.0157179 14.8861
0.0034 2.88575 0.0157179 15.0102
0.0035 2.94464 0.0166137 15.2459
0.0036 2.96147 0.0168988 15.4001
0.0037 2.97829 0.0172653 15.5583
0.0038 2.98671 0.017591 15.7048
0.0039 2.99933 0.0179168 15.8525
0.004 3.01615 0.0182832 16.0042
0.0041 3.01615 0.0182832 16.1145
0.0042 3.04981 0.0193012 16.3221
0.0043 3.06663 0.0196677 16.468
0.0044 3.07505 0.0200342 16.6056
0.0045 3.09187 0.0204007 16.7481
0.0046 3.10449 0.0207672 16.8856
0.0047 3.11711 0.0211336 17.0216
0.0048 3.12973 0.0215816 17.1614
0.0049 3.12973 0.0215816 17.26
0.005 3.15918 0.0229253 17.4682
0.0051 3.1718 0.0234547 17.6081
0.0052 3.176 0.023984 17.7397
0.0053 3.18863 0.0245541 17.879
0.0054 3.20545 0.0251649 18.0226
0.0055 3.21807 0.0258572 18.166
0.0056 3.21807 0.0258572 18.2572
0.0057 3.26435 0.0279339 18.5036
0.0058 3.27696 0.0286668 18.6437
0.0059 3.29379 0.0294812 18.7901
0.006 3.30641 0.0302142 18.9271
0.0061 3.32324 0.0309471 19.0662
0.0062 3.32324 0.0309471 19.1526
0.0063 3.32324 0.0309471 19.238
0.0064 3.29379 0.0272009 19.0916
0.0065 3.33165 0.028504 19.2805
0.0066 3.33165 0.028504 19.3625
0.0067 3.40737 0.0316801 19.6789
0.0068 3.43261 0.0324538 19.8209
0.0069 3.45364 0.0331867 19.956
0.007 3.48309 0.0337975 20.091
0.0071 3.50833 0.0343269 20.2175
0.0072 3.53357 0.0347341 20.3371
0.0073 3.53357 0.0347341 20.4153
0.0074 3.61349 0.0358743 20.6141
0.0075 3.63032 0.0364443 20.7322
0.0076 3.65556 0.0371366 20.862
0.0077 3.6808 0.0376659 20.9834
0.0078 3.71025 0.0381546 21.1057
0.0079 3.73969 0.0385618 21.2234
0.008 3.73969 0.0385618 21.2977
0.0081 3.83645 0.0394983 21.493
0.0082 3.8701 0.0397834 21.6065
0.0083 3.89955 0.039987 21.7124
0.0084 3.9332 0.0403127 21.8265
0.0085 3.96265 0.0405163 21.9311
0.0086 3.99209 0.0408014 22.0389
0.0087 3.99209 0.0408014 22.1098
0.0088 4.08464 0.0414936 22.2847
0.0089 4.11408 0.0418194 22.3925
0.009 4.13512 0.0421044 22.4914
0.0091 4.15194 0.0424709 22.59
0.0092 4.17298 0.0427966 22.6897
0.0093 4.18139 0.0431224 22.7789
0.0094 4.18139 0.0431224 22.8468
0.0095 4.21925 0.0441404 22.9884
0.0096 4.22766 0.0445476 23.0797
0.0097 4.23608 0.0449548 23.1704
0.0098 4.24449 0.0452806 23.2572
0.0099 4.2529 0.0456063 23.3435
0.01 4.26132 0.0459321 23.4293
0.0101 4.26132 0.0459321 23.4942
0.0102 4.30759 0.0467058 23.6282
0.0103 4.32021 0.0469094 23.7109
0.0104 4.33704 0.0470722 23.7948
0.0105 4.35386 0.0472351 23.8784
0.0106 4.37069 0.0474794 23.965
0.0107 4.39172 0.0476423 24.0511
0.0108 4.39172 0.0476423 24.1134
0.0109 4.46323 0.0479274 24.2436
0.011 4.48427 0.0480495 24.3268
0.0111 4.50951 0.0481717 24.413
0.0112 4.52633 0.0483346 24.4939
0.0113 4.54316 0.0484567 24.5728
0.0114 4.55999 0.0486603 24.6548
0.0115 4.57681 0.0488232 24.7347
0.0116 4.57681 0.0488232 24.7943
0.0117 4.62309 0.0493526 24.9119
0.0118 4.63571 0.0495562 24.9893
0.0119 4.64412 0.0497598 25.0631
0.012 4.65253 0.0499634 25.1365
0.0121 4.66515 0.0501262 25.2112
0.0122 4.66515 0.0501262 25.269
0.0123 4.69881 0.0506149 25.3731
0.0124 4.70722 0.0508185 25.4453
0.0125 4.72825 0.0510221 25.5271
0.0126 4.73667 0.0512257 25.5987
0.0127 4.74929 0.05147 25.675
0.0128 4.7619 0.051755 25.7527
0.0129 4.77873 0.0520401 25.8334
0.013 4.77873 0.0520401 25.8889
0.0131 4.825 0.0525287 26.0004
0.0132 4.82921 0.0526916 26.0654
0.0133 4.83342 0.0528545 26.1301
0.0134 4.84183 0.0530173 26.1979
0.0135 4.84183 0.0531802 26.2588
0.0136 4.85445 0.0533838 26.3309
0.0137 4.85445 0.0533838 26.3846
0.0138 4.87969 0.053791 26.4745
0.0139 4.8839 0.0538725 26.5343
0.014 4.8881 0.0540761 26.5989
0.0141 4.8881 0.0542797 26.6599
0.0142 4.87548 0.054524 26.7124
0.0143 4.86707 0.0546869 26.7645
0.0144 4.86707 0.0546869 26.8164
0.0145 4.41275 0.0496783 26.2807
0.0146 4.46323 0.0503298 26.4028
0.0147 4.50109 0.0511849 26.5223
0.0148 4.53054 0.0518772 26.627
0.0149 4.55578 0.0526509 26.7311
0.015 4.55578 0.0526509 26.7809
0.0151 4.66936 0.053791 26.9738
0.0152 4.70722 0.0541168 27.0683
0.0153 4.75349 0.0543611 27.1661
0.0154 4.78714 0.0544833 27.2481
0.0155 4.79976 0.0544833 27.3076
0.0156 4.79556 0.0543204 27.3462
0.0157 4.79556 0.0543204 27.3948
0.0158 4.69039 0.0542797 27.354
0.0159 4.63991 0.054524 27.3696
0.016 4.58523 0.054809 27.3824
0.0161 4.53054 0.0551755 27.3977
0.0162 4.47585 0.0555013 27.4104
0.0163 4.42537 0.0557456 27.4225
0.0164 4.42537 0.0557456 27.4692
0.0165 4.29918 0.0568043 27.4442
0.0166 4.27394 0.0572115 27.4834
0.0167 4.26132 0.057578 27.5322
0.0168 4.25711 0.0577816 27.5821
0.0169 4.24449 0.0576594 27.611
0.017 4.22766 0.0576187 27.6388
0.0171 4.22766 0.0576187 27.684
0.0172 4.08464 0.0567636 27.5575
0.0173 4.02995 0.0564378 27.5352
0.0174 3.97947 0.0561121 27.5161
0.0175 3.9332 0.0557049 27.4969
0.0176 3.87851 0.0552977 27.4683
0.0177 3.87851 0.0552977 27.5116
0.0178 3.67239 0.0542389 27.2949
0.0179 3.55881 0.0541982 27.2124
0.018 3.44102 0.0540761 27.1177
0.0181 3.31482 0.0540761 27.0137
0.0182 3.18863 0.0540761 26.9044
0.0183 3.05822 0.0540353 26.7822
0.0184 3.05822 0.0540353 26.8228
0.0185 2.67542 0.0533838 26.3243
0.0186 2.56184 0.0531802 26.1913
0.0187 2.46088 0.0531395 26.0772
0.0188 2.36833 0.0531802 25.9738
0.0189 2.28841 0.0531802 25.8839
0.019 2.21269 0.0530581 25.7916
0.0191 2.21269 0.0530581 25.8293
0.0192 2.01498 0.0523251 25.491
0.0193 1.9687 0.0515921 25.4127
0.0194 1.93926 0.0507778 25.3605
0.0195 1.92664 0.050167 25.3474
0.0196 1.93926 0.0495562 25.3815
0.0197 1.9687 0.0488232 25.4411
0.0198 1.9687 0.0488232 25.4769
0.0199 2.20848 0.0458914 25.805
0.02 2.30944 0.0447919 25.9555
0.0201 2.39357 0.0434074 26.0576
0.0202 2.44826 0.0417786 26.0954
0.0203 2.4735 0.0402313 26.0879
0.0204 2.46088 0.0386839 26.0192
0.0205 2.46088 0.0386839 26.0546
0.0206 2.23793 0.0346119 25.4985
0.0207 2.12855 0.0335939 25.2864
0.0208 2.0318 0.0327795 25.0999
0.0209 1.92664 0.0323723 24.9159
0.021 1.83409 0.0320466 24.7519
0.0211 1.72893 0.0321687 24.5825
0.0212 1.72893 0.0321687 24.6149
0.0213 1.43867 0.0340826 24.1191
0.0214 1.35874 0.0348563 23.9973
0.0215 1.28723 0.0357114 23.8902
0.0216 1.22834 0.0367701 23.8181
0.0217 1.17786 0.0381953 23.7801
0.0218 1.14 0.0397834 23.7792
0.0219 1.14 0.0397834 23.8095
0.022 1.06007 0.0451177 23.8397
0.0221 1.03062 0.0466243 23.8382
0.0222 1.0138 0.0472758 23.8392
0.0223 1.00959 0.0479274 23.8819
0.0224 1.00118 0.0489046 23.9229
0.0225 0.996971 0.0499226 23.9791
0.0226 0.996971 0.0499226 24.0087
0.0227 0.921252 0.0534245 23.9008
0.0228 0.912839 0.0546869 23.9449
0.0229 0.917045 0.0563971 24.0514
0.023 0.917045 0.0574558 24.1179
0.0231 0.921252 0.0592882 24.2261
0.0232 0.921252 0.0592882 24.2552
0.0233 0.950698 0.0638488 24.5454
0.0234 0.933872 0.0654369 24.5617
0.0235 0.917045 0.0674729 24.5891
0.0236 0.904425 0.068776 24.6082
0.0237 0.904425 0.0698754 24.6697
0.0238 0.904425 0.0698754 24.6986
0.0239 0.845533 0.0745175 24.6202
0.024 0.828706 0.0750061 24.5909
0.0241 0.820293 0.0759427 24.6086
0.0242 0.803466 0.0768792 24.5886
0.0243 0.778226 0.0777343 24.5264
0.0244 0.778226 0.0777343 24.5545
0.0245 0.778226 0.0777343 24.5824
0.0246 0.832913 0.0900725 25.1586
0.0247 0.828706 0.0884844 25.1314
0.0248 0.824499 0.0870999 25.1082
0.0249 0.795053 0.0850639 24.9559
0.025 0.795053 0.0850639 24.9837
0.0251 0.778226 0.0777343 24.7483
0.0252 0.778226 0.0749654 24.701
0.0253 0.765607 0.0720336 24.5883
0.0254 0.731954 0.0699976 24.3982
0.0255 0.694094 0.0678801 24.1769
0.0256 0.660441 0.0653148 23.9538
0.0257 0.660441 0.0653148 23.9797
0.0258 0.572102 0.0568043 23.2428
0.0259 0.555275 0.0537503 23.0617
0.026 0.538449 0.0509406 22.8819
0.0261 0.521622 0.0477645 22.6801
0.0262 0.517415 0.0446698 22.5517
0.0263 0.517415 0.041575 22.4412
0.0264 0.517415 0.041575 22.4648
0.0265 0.551068 0.0326167 22.2399
0.0266 0.588928 0.030092 22.327
0.0267 0.673061 0.0277303 22.6298
0.0268 0.874979 0.0265494 23.4406
0.0269 1.2031 0.0256943 24.4991
0.027 1.2031 0.0256943 24.5244
0.0271 2.62914 0.0247577 27.3901
0.0272 3.15077 0.0246356 28.1305
0.0273 3.60929 0.024432 28.6958
0.0274 4.01312 0.0236176 29.0849
0.0275 4.45061 0.0230068 29.487
0.0276 4.9512 0.0227624 29.9467
0.0277 5.93135 0.0232511 30.8212
0.0278 6.32677 0.0237397 31.1941
0.0279 6.62965 0.024432 31.5115
0.028 6.85681 0.0258979 31.8503
0.0281 7.02507 0.0271602 32.1203
0.0282 7.1092 0.0286668 32.3522
0.0283 7.1092 0.0286668 32.384
0.0284 7.14706 0.0365665 33.1042
0.0285 7.08817 0.0390504 33.2786
0.0286 7.01666 0.0416972 33.4444
0.0287 6.93673 0.0444254 33.5984
0.0288 6.86101 0.0471944 33.7471
0.0289 6.86101 0.0471944 33.7796
0.029 6.61703 0.054809 34.0575
0.0291 6.54131 0.0570893 34.1492
0.0292 6.4698 0.0592475 34.2333
0.0293 6.39828 0.0613242 34.3092
0.0294 6.33939 0.0632788 34.3857
0.0295 6.33939 0.0632788 34.4182
0.0296 6.22161 0.0675544 34.5451
0.0297 6.20478 0.0684502 34.6019
0.0298 6.19637 0.0692239 34.6599
0.0299 6.20478 0.0699976 34.731
0.03 6.22161 0.0705676 34.8003
0.0301 6.25105 0.0712192 34.8829
0.0302 6.25105 0.0712192 34.9151
0.0303 6.36884 0.0724815 35.0925
0.0304 6.43614 0.0727258 35.1877
0.0305 6.49083 0.0730516 35.2759
0.0306 6.58338 0.0732959 35.3899
0.0307 6.58338 0.0732959 35.422
0.0308 6.9157 0.074151 35.7409
0.0309 7.07976 0.0743546 35.9023
0.031 7.25644 0.0743953 36.0639
0.0311 7.46256 0.0746803 36.2537
0.0312 7.46256 0.0746803 36.286
0.0313 8.07252 0.0745582 36.7265
0.0314 8.1188 0.0739474 36.7642
0.0315 8.08514 0.0730108 36.7358
0.0316 7.91267 0.0719928 36.6114
0.0317 7.60138 0.0702419 36.3578
0.0318 7.07555 0.068043 35.9208
0.0319 7.07555 0.068043 35.9521
0.032 6.32256 0.0661699 35.323
0.0321 6.27208 0.0672286 35.3595
0.0322 6.29732 0.069794 35.5211
0.0323 6.28891 0.0725629 35.6601
0.0324 6.23843 0.0737031 35.6956
0.0325 6.23843 0.0737031 35.7262
0.0326 6.20057 0.0775307 35.8762
0.0327 6.23423 0.0799332 36.0261
0.0328 6.29732 0.080544 36.1319
0.0329 6.33939 0.0806662 36.2018
0.033 6.38987 0.0809919 36.2859
0.0331 6.38987 0.0809919 36.3164
0.0332 6.74743 0.0831094 36.7117
0.0333 6.93673 0.0853897 36.9723
0.0334 7.15127 0.0880365 37.2603
0.0335 7.40787 0.0913348 37.596
0.0336 7.40787 0.0913348 37.6271
0.0337 8.25761 0.095081 38.3799
0.0338 8.39643 0.0957733 38.5271
0.0339 8.51422 0.0946331 38.5977
0.034 8.59414 0.0933708 38.6381
0.0341 8.58152 0.0906426 38.5662
0.0342 8.58152 0.0906426 38.5976
0.0343 8.15245 0.0767978 37.8195
0.0344 8.15245 0.0767978 37.8501
0.0345 8.15245 0.0767978 37.8807
0.0346 7.14706 0.0333903 34.7089
0.0347 6.8526 0.0330239 34.4952
0.0348 6.6002 0.0336754 34.3926
0.0349 6.54972 0.0408014 34.9355
0.035 6.91149 0.0453213 35.5444
0.0351 6.91149 0.0453213 35.5726
0.0352 7.56352 0.0490675 36.305
0.0353 8.1188 0.0522029 36.8959
0.0354 8.57732 0.0544425 37.3485
0.0355 8.93909 0.0577409 37.7853
0.0356 8.93909 0.0577409 37.8149
0.0357 9.24617 0.0603877 38.171
0.0358 9.24617 0.0587589 38.1138
0.0359 9.15363 0.0556234 37.9148
0.036 9.00639 0.0521622 37.6538
0.0361 8.86758 0.0492304 37.4182
0.0362 8.754 0.047683 37.2783
0.0363 8.754 0.047683 37.3069
0.0364 8.95591 0.0510221 37.6698
0.0365 9.08211 0.0539539 37.9506
0.0366 9.15783 0.0572522 38.2131
0.0367 9.17466 0.059899 38.3963
0.0368 9.15783 0.0613242 38.4904
0.0369 9.15783 0.0613242 38.5195
0.037 9.17045 0.0664142 38.8127
0.0371 9.21673 0.0686131 38.9755
0.0372 9.263 0.070364 39.1148
0.0373 9.29665 0.0706491 39.1776
0.0374 9.30507 0.0698754 39.1759
0.0375 9.30507 0.0698754 39.205
0.0376 9.29245 0.0666585 39.0729
0.0377 9.38499 0.0662513 39.1376
0.0378 9.55326 0.0655184 39.2305
0.0379 9.79724 0.0653148 39.3919
0.038 10.1127 0.0640932 39.539
0.0381 10.1127 0.0640932 39.5679
0.0382 10.7984 0.0594104 39.721
0.0383 10.9835 0.0599397 39.8767
0.0384 11.1434 0.0624237 40.1241
0.0385 11.2864 0.0647854 40.3514
0.0386 11.3621 0.0660884 40.4864
0.0387 11.3621 0.0660884 40.5156
0.0388 11.3747 0.0653148 40.5114
0.0389 11.3495 0.0640524 40.4617
0.039 11.3158 0.062953 40.415
0.0391 11.2317 0.062668 40.3851
0.0392 11.0971 0.0624644 40.3328
0.0393 11.0971 0.0624644 40.3613
0.0394 10.6217 0.0637674 40.205
0.0395 10.4114 0.0653148 40.1978
0.0396 10.2095 0.0672693 40.2113
0.0397 9.95709 0.0695496 40.2061
0.0398 9.69208 0.0723186 40.2086
0.0399 9.39761 0.0745582 40.1601
0.04 9.05687 0.0771643 40.0893
0.0401 9.05687 0.0771643 40.1171
0.0402 8.06411 0.0853897 39.8134
0.0403 7.7402 0.0882401 39.7148
0.0404 7.41208 0.0904797 39.5775
0.0405 7.10079 0.0919456 39.4134
0.0406 6.80212 0.0936151 39.2559
0.0407 6.52869 0.0943481 39.0767
0.0408 6.25946 0.0948774 38.8851
0.0409 6.25946 0.0948774 38.9115
0.041 5.88928 0.0934522 38.5491
0.0411 5.83039 0.0926378 38.4913
0.0412 5.80936 0.0915384 38.4591
0.0413 5.78832 0.0908869 38.4421
0.0414 5.78412 0.0906018 38.4539
0.0415 5.82198 0.0906018 38.5158
0.0416 5.85563 0.0897874 38.5446
0.0417 5.85563 0.0897874 38.5704
0.0418 5.85563 0.0849418 38.4183
0.0419 5.76729 0.0824986 38.2668
0.042 5.63688 0.0802183 38.0773
0.0421 5.51068 0.0772864 37.861
0.0422 5.41814 0.0748025 37.6911
0.0423 5.34663 0.0716264 37.5082
0.0424 5.34663 0.0716264 37.5328
0.0425 5.75467 0.0603062 37.4179
0.0426 6.16692 0.0595733 37.7788
0.0427 6.57917 0.0582702 38.0872
0.0428 6.94515 0.0574965 38.3675
0.0429 7.27747 0.0577409 38.6653
0.043 7.57614 0.0569265 38.8691
0.0431 7.86219 0.0552569 39.0056
0.0432 7.86219 0.0552569 39.0308
0.0433 8.43429 0.0488639 39.0514
0.0434 8.44691 0.048131 39.0357
0.0435 8.44271 0.048131 39.0579
0.0436 8.36699 0.0489046 39.084
0.0437 8.28706 0.0500855 39.1325
0.0438 8.24499 0.0518772 39.2433
0.0439 8.20713 0.0539946 39.373
0.044 8.20713 0.0539946 39.3979
0.0441 7.96736 0.0592475 39.5592
0.0442 7.8075 0.0600212 39.5114
0.0443 7.8075 0.0600212 39.5362
0.0444 7.8075 0.0600212 39.561
0.0445 7.11762 0.0544018 38.7437
0.0446 6.92832 0.0577409 38.8096
0.0447 6.92832 0.0577409 38.8337
0.0448 6.16271 0.069061 38.7815
0.0449 5.96079 0.0738252 38.8348
0.045 5.77991 0.0775715 38.8464
0.0451 5.67895 0.081562 38.934
0.0452 5.66633 0.0851047 39.0835
0.0453 5.79674 0.0878329 39.339
0.0454 6.05755 0.0898282 39.6875
0.0455 6.05755 0.0898282 39.7118
0.0456 7.1681 0.0903168 40.7294
0.0457 7.58876 0.088403 41.0171
0.0458 7.98839 0.0871406 41.297
0.0459 8.25341 0.0833537 41.3636
0.046 8.5016 0.0799739 41.4227
0.0461 8.67828 0.077205 41.4489
0.0462 8.67828 0.077205 41.4739
0.0463 9.03163 0.0667807 41.2373
0.0464 9.10735 0.0628308 41.1027
0.0465 9.20411 0.0592068 40.9868
0.0466 9.27141 0.0552569 40.8192
0.0467 9.30927 0.0528545 40.7167
0.0468 9.33872 0.0495154 40.5387
0.0469 9.39761 0.0486196 40.5379
0.047 9.39761 0.0486196 40.5619
0.0471 9.772 0.048131 40.7805
0.0472 9.88558 0.0496376 40.9775
0.0473 9.98654 0.0524065 41.2475
0.0474 10.0328 0.0559492 41.5246
0.0475 10.0959 0.0596547 41.8089
0.0476 10.159 0.0634416 42.0859
0.0477 10.2095 0.0675951 42.3635
0.0478 10.2095 0.0675951 42.3881
0.0479 10.3904 0.0773271 42.9987
0.048 10.4661 0.0799332 43.1876
0.0481 10.546 0.0825393 43.3756
0.0482 10.6091 0.0850232 43.5452
0.0483 10.668 0.0871406 43.6944
0.0484 10.7101 0.0890952 43.8251
0.0485 10.7101 0.0890952 43.8502
0.0486 10.7648 0.093493 44.0839
0.0487 10.7521 0.0949182 44.1572
0.0488 10.7521 0.0961805 44.231
0.0489 10.7774 0.0978907 44.3361
0.049 10.7816 0.0997231 44.4323
0.0491 10.8195 0.100985 44.5265
0.0492 10.8195 0.100985 44.5517
0.0493 11.0045 0.103714 44.7851
0.0494 11.0676 0.104162 44.8633
0.0495 11.1265 0.104691 44.9418
0.0496 11.1476 0.10522 44.9981
0.0497 11.1518 0.105587 45.0388
0.0498 11.1181 0.106442 45.0746
0.0499 11.0845 0.107297 45.1101
0.05 11.0845 0.107297 45.1352
0.0501 10.8363 0.109618 45.0935
0.0502 10.7437 0.110188 45.0822
0.0503 10.6091 0.110595 45.0392
0.0504 10.4787 0.110962 44.9962
0.0505 10.3778 0.111858 44.9884
0.0506 10.2558 0.112631 44.9624
0.0507 10.2558 0.112631 44.987
0.0508 10.0286 0.115278 44.9535
0.0509 9.99075 0.115604 44.9642
0.051 9.95709 0.116174 44.9853
0.0511 9.92765 0.116744 45.0089
0.0512 9.87296 0.116785 44.9989
0.0513 9.87296 0.116785 45.0233
0.0514 9.63739 0.11764 44.9186
0.0515 9.5827 0.117925 44.9151
0.0516 9.56588 0.118332 44.9408
0.0517 9.55746 0.118739 44.9722
0.0518 9.55746 0.119309 45.0143
0.0519 9.54905 0.119024 45.0237
0.052 9.54905 0.118495 45.0311
0.0521 9.54905 0.118495 45.0552
0.0522 9.49436 0.115889 44.9587
0.0523 9.46912 0.114952 44.935
0.0524 9.43126 0.113934 44.8997
0.0525 9.37658 0.112672 44.8443
0.0526 9.30927 0.110921 44.7632
0.0527 9.22514 0.109577 44.683
0.0528 9.22514 0.109577 44.7065
0.0529 9.02322 0.106605 44.4858
0.053 8.95591 0.105994 44.44
0.0531 8.89702 0.105017 44.3868
0.0532 8.8171 0.103958 44.315
0.0533 8.74138 0.102981 44.2483
0.0534 8.67828 0.102248 44.1989
0.0535 8.58994 0.101515 44.1304
0.0536 8.58994 0.101515 44.1533
0.0537 8.32492 0.0997638 43.9137
0.0538 8.24079 0.0992345 43.8528
0.0539 8.14824 0.0987865 43.7876
0.054 8.06832 0.0982572 43.7285
0.0541 7.9926 0.0977685 43.6735
0.0542 7.9295 0.0972392 43.6264
0.0543 7.9295 0.0972392 43.6488
0.0544 7.9295 0.0972392 43.6711
0.0545 7.62241 0.0805033 42.7682
0.0546 7.62241 0.0805033 42.79
0.0547 7.55931 0.0810327 42.7839
0.0548 7.53828 0.0813177 42.801
0.0549 7.50883 0.0813584 42.8003
0.055 7.43311 0.0806662 42.7291
0.0551 7.32795 0.080544 42.6577
0.0552 7.15127 0.0805847 42.5313
0.0553 6.96618 0.0810327 42.4118
0.0554 6.96618 0.0810327 42.4332
0.0555 6.31836 0.084331 42.0011
0.0556 6.16692 0.0857969 41.9356
0.0557 5.99024 0.0867742 41.8207
0.0558 5.88507 0.0886473 41.8092
0.0559 5.92714 0.0887287 41.8762
0.056 5.92714 0.0887287 41.897
0.0561 6.97039 0.0886473 42.9046
0.0562 7.57193 0.0906833 43.5228
0.0563 8.09356 0.0920678 44.0195
0.0564 8.58994 0.0925564 44.4399
0.0565 9.04425 0.0926786 44.7979
0.0566 9.49436 0.0914977 45.0864
0.0567 9.93606 0.0891359 45.3061
0.0568 9.93606 0.0891359 45.3283
0.0569 10.8826 0.0771235 45.3986
0.057 11.0761 0.0749247 45.4267
0.0571 11.2401 0.073418 45.4683
0.0572 11.3958 0.0725629 45.5362
0.0573 11.5556 0.0724408 45.6434
0.0574 11.7197 0.0716671 45.7174
0.0575 11.7197 0.0716671 45.7396
0.0576 11.9637 0.0671879 45.6518
0.0577 12.0183 0.0658441 45.6271
0.0578 12.0646 0.0650704 45.6294
0.0579 12.1319 0.0643782 45.6473
0.058 12.2034 0.0644596 45.7127
0.0581 12.2834 0.0653148 45.8278
0.0582 12.2834 0.0653148 45.8498
0.0583 12.4642 0.0740288 46.4498
0.0584 12.4642 0.0780194 46.6754
0.0585 12.4474 0.0829058 46.9251
0.0586 12.4727 0.087385 47.1671
0.0587 12.5273 0.0922714 47.4334
0.0588 12.5273 0.0922714 47.4559
0.0589 12.5568 0.10351 47.9507
0.059 12.5147 0.10632 48.0571
0.0591 12.5189 0.109129 48.1865
0.0592 12.5526 0.111695 48.3211
0.0593 12.6073 0.112998 48.4208
0.0594 12.6241 0.115237 48.532
0.0595 12.6704 0.116093 48.6101
0.0596 12.6704 0.116093 48.6328
0.0597 12.7587 0.115482 48.6828
0.0598 12.704 0.1154 48.6725
0.0599 12.683 0.11483 48.6635
0.06 12.6409 0.114952 48.6671
0.0601 12.6325 0.115075 48.6892
0.0602 12.6325 0.115075 48.7117
0.0603 12.5778 0.115807 48.7295
0.0604 12.5315 0.116378 48.746
0.0605 12.5358 0.116663 48.7807
0.0606 12.5442 0.116825 48.8135
0.0607 12.5778 0.116744 48.8519
0.0608 12.5904 0.116337 48.8671
0.0609 12.5778 0.116663 48.8937
0.061 12.5778 0.116663 48.9161
0.0611 12.5904 0.118902 49.0229
0.0612 12.5694 0.11878 49.0292
0.0613 12.5694 0.118943 49.057
0.0614 12.5189 0.11935 49.0648
0.0615 12.4727 0.119757 49.0747
0.0616 12.4727 0.119757 49.0969
0.0617 12.4054 0.120531 49.1071
0.0618 12.338 0.12159 49.1265
0.0619 12.3254 0.122852 49.1836
0.062 12.2792 0.123666 49.206
0.0621 12.2623 0.124033 49.2305
0.0622 12.2665 0.124277 49.263
0.0623 12.2665 0.124277 49.285
0.0624 12.2876 0.124888 49.3393
0.0625 12.2792 0.124847 49.355
0.0626 12.296 0.124562 49.3773
0.0627 12.2749 0.124114 49.3723
0.0628 12.296 0.124277 49.4117
0.0629 12.3044 0.124644 49.4506
0.063 12.3044 0.124644 49.4724
0.0631 12.3044 0.125499 49.5224
0.0632 12.2792 0.125621 49.5335
0.0633 12.2834 0.125377 49.5497
0.0634 12.2581 0.125254 49.5528
0.0635 12.2076 0.125295 49.5464
0.0636 12.1445 0.124766 49.5137
0.0637 12.1445 0.124766 49.5353
0.0638 11.8459 0.125987 49.4196
0.0639 11.7323 0.127128 49.4096
0.064 11.6187 0.12839 49.4024
0.0641 11.5051 0.129815 49.3994
0.0642 11.3705 0.130996 49.3743
0.0643 11.3705 0.130996 49.3957
0.0644 11.3705 0.130996 49.417
0.0645 10.9499 0.114504 48.6233
0.0646 10.9961 0.116459 48.7424
0.0647 11.1896 0.120979 49.0411
0.0648 11.3032 0.121753 49.1596
0.0649 11.3032 0.121753 49.1807
0.065 11.4462 0.12216 49.3046
0.0651 11.6566 0.122526 49.4675
0.0652 11.8164 0.12216 49.5734
0.0653 12.0478 0.121508 49.7111
0.0654 12.2707 0.120775 49.8387
0.0655 12.2707 0.120775 49.8598
0.0656 12.7587 0.116866 50.0248
0.0657 12.8807 0.115645 50.0708
0.0658 12.9438 0.114708 50.0933
0.0659 12.9985 0.113771 50.1107
0.066 13.0406 0.113039 50.1282
0.0661 13.0742 0.112468 50.1468
0.0662 13.0742 0.112468 50.1679
0.0663 12.927 0.114179 50.1701
0.0664 12.7839 0.115482 50.1581
0.0665 12.6872 0.116581 50.1638
0.0666 12.5736 0.118373 50.1834
0.0667 12.4937 0.120124 50.2196
0.0668 12.439 0.121468 50.2553
0.0669 12.439 0.121468 50.2762
0.067 12.3465 0.12558 50.3824
0.0671 12.3338 0.126558 50.4284
0.0672 12.3044 0.128146 50.4843
0.0673 12.3086 0.12896 50.5343
0.0674 12.3128 0.129286 50.5682
0.0675 12.2371 0.129856 50.5627
0.0676 12.2371 0.129856 50.5835
0.0677 12.2581 0.131037 50.6549
0.0678 12.3044 0.130915 50.6993
0.0679 12.3885 0.13063 50.7606
0.068 12.4642 0.130711 50.8286
0.0681 12.5904 0.131648 50.9535
0.0682 12.7503 0.129978 51.0128
0.0683 12.7503 0.129978 51.0335
0.0684 13.356 0.126313 51.2745
0.0685 13.5117 0.125947 51.3686
0.0686 13.6042 0.125051 51.4094
0.0687 13.6547 0.124155 51.4269
0.0688 13.7262 0.123992 51.4808
0.0689 13.7136 0.123219 51.468
0.069 13.7136 0.123219 51.4887
0.0691 13.7515 0.124033 51.5581
0.0692 13.7473 0.124522 51.5935
0.0693 13.7809 0.125336 51.6604
0.0694 13.7515 0.125947 51.6861
0.0695 13.7515 0.126639 51.7304
0.0696 13.7262 0.127698 51.7732
0.0697 13.7262 0.127698 51.7939
0.0698 13.6 0.132014 51.889
0.0699 13.579 0.132869 51.9259
0.07 13.5706 0.133724 51.9697
0.0701 13.579 0.134579 52.0225
0.0702 13.7136 0.135679 52.1524
0.0703 13.7389 0.136249 52.2051
0.0704 13.7389 0.136249 52.2257
0.0705 13.7809 0.136127 52.2654
0.0706 13.7767 0.135923 52.2772
0.0707 13.7557 0.136086 52.2915
0.0708 13.7641 0.136045 52.3154
0.0709 13.7641 0.136045 52.3359
0.071 13.7557 0.135312 52.3283
0.0711 13.7136 0.134824 52.3099
0.0712 13.7052 0.134416 52.3126
0.0713 13.6673 0.134661 52.32
0.0714 13.6084 0.134661 52.3079
0.0715 13.5916 0.134905 52.3268
0.0716 13.558 0.135068 52.3337
0.0717 13.558 0.135068 52.354
0.0718 13.4444 0.135353 52.3201
0.0719 13.436 0.136249 52.3644
0.072 13.3603 0.136167 52.3394
0.0721 13.314 0.136127 52.3321
0.0722 13.2677 0.135597 52.3091
0.0723 13.2677 0.135597 52.3292
0.0724 13.0826 0.135801 52.25
0.0725 13.0069 0.135597 52.2199
0.0726 12.9438 0.134864 52.1798
0.0727 12.8723 0.134702 52.1529
0.0728 12.8134 0.134294 52.1253
0.0729 12.7377 0.134131 52.0954
0.073 12.7377 0.134131 52.1153
0.0731 12.5105 0.132747 51.9553
0.0732 12.4054 0.131973 51.8867
0.0733 12.3044 0.130792 51.8066
0.0734 12.2161 0.130589 51.7658
0.0735 12.1151 0.130792 51.7302
0.0736 12.0099 0.131159 51.6969
0.0737 12.0099 0.131159 51.7164
0.0738 11.7659 0.130874 51.5739
0.0739 11.6944 0.130426 51.5333
0.074 11.5598 0.130182 51.4588
0.0741 11.4673 0.129815 51.4065
0.0742 11.3705 0.129652 51.3577
0.0743 11.3705 0.129652 51.377
0.0744 11.156 0.129367 51.246
0.0745 11.156 0.129367 51.2651
0.0746 10.5502 0.116459 50.4306
0.0747 10.3189 0.116255 50.2813
0.0748 10.3189 0.116255 50.3
0.0749 9.55746 0.118006 49.8282
0.075 9.35975 0.120083 49.7691
0.0751 9.22514 0.121223 49.7229
0.0752 9.14521 0.122241 49.7136
0.0753 9.18307 0.1233 49.7972
0.0754 9.25879 0.124033 49.8992
0.0755 9.25879 0.124033 49.9175
0.0756 9.68366 0.123015 50.2251
0.0757 9.91923 0.121508 50.3661
0.0758 10.2389 0.120735 50.5884
0.0759 10.6007 0.120083 50.8377
0.076 10.9583 0.118902 51.0579
0.0761 10.9583 0.118902 51.0765
0.0762 12.0562 0.112753 51.5742
0.0763 12.3002 0.110962 51.6732
0.0764 12.561 0.110107 51.8151
0.0765 12.8428 0.109577 51.979
0.0766 13.0868 0.108681 52.1034
0.0767 13.3308 0.108478 52.2529
0.0768 13.5748 0.108478 52.4086
0.0769 13.5748 0.108478 52.4275
0.077 14.0543 0.109862 52.765
0.0771 14.1217 0.110636 52.8512
0.0772 14.1343 0.111573 52.9141
0.0773 14.109 0.112509 52.9564
0.0774 14.0375 0.113486 52.9748
0.0775 13.9366 0.116133 53.0404
0.0776 13.8903 0.119472 53.1592
0.0777 13.8903 0.119472 53.1782
0.0778 13.4023 0.129408 53.2769
0.0779 13.1415 0.132706 53.2568
0.078 12.8681 0.136452 53.2379
0.0781 12.6115 0.139669 53.2056
0.0782 12.4222 0.143782 53.2372
0.0783 12.2707 0.148343 53.3004
0.0784 12.2581 0.152496 53.434
0.0785 12.2455 0.154695 53.5087
0.0786 12.2455 0.154695 53.5277
0.0787 12.4727 0.155184 53.7026
0.0788 12.439 0.153555 53.6535
0.0789 12.4096 0.151071 53.5814
0.079 12.2918 0.149686 53.4857
0.0791 12.1614 0.149605 53.42
0.0792 11.9594 0.148221 53.2689
0.0793 11.7659 0.146714 53.1174
0.0794 11.5556 0.146225 52.9834
0.0795 11.5556 0.146225 53.002
0.0796 10.9667 0.141624 52.4828
0.0797 10.8026 0.140036 52.3382
0.0798 10.668 0.13914 52.2341
0.0799 10.546 0.137918 52.1275
0.08 10.4282 0.13629 52.01
0.0801 10.403 0.134742 51.9605
0.0802 10.4366 0.133724 51.9699
0.0803 10.5376 0.132421 52.0176
0.0804 10.5376 0.132421 52.0356
0.0805 11.1686 0.125987 52.2743
0.0806 11.4462 0.124684 52.4322
0.0807 11.7071 0.123137 52.5661
0.0808 11.9384 0.121834 52.6859
0.0809 12.1698 0.121305 52.8308
0.081 12.3759 0.120816 52.9591
0.0811 12.5904 0.120205 53.0861
0.0812 12.5904 0.120205 53.1043
0.0813 13.0195 0.119106 53.3387
0.0814 13.1289 0.119717 53.444
0.0815 13.213 0.120327 53.5341
0.0816 13.2845 0.121549 53.639
0.0817 13.356 0.123137 53.7568
0.0818 13.4612 0.124562 53.8874
0.0819 13.5243 0.126272 54.0033
0.082 13.5664 0.127087 54.0747
0.0821 13.6463 0.128064 54.1733
0.0822 13.6463 0.128064 54.1916
0.0823 13.8356 0.130141 54.3904
0.0824 13.8945 0.130996 54.4717
0.0825 13.9282 0.131688 54.533
0.0826 13.945 0.132625 54.593
0.0827 13.9955 0.133969 54.6856
0.0828 14.0375 0.135516 54.78
0.0829 14.1385 0.136778 54.8973
0.083 14.1385 0.136778 54.9157
0.0831 14.2647 0.14138 55.156
0.0832 14.2983 0.142194 55.2196
0.0833 14.2731 0.14366 55.2711
0.0834 14.2394 0.145329 55.3239
0.0835 14.2184 0.14708 55.3857
0.0836 14.1805 0.149442 55.4563
0.0837 14.2815 0.1516 55.5977
0.0838 14.2815 0.1516 55.6162
0.0839 14.9672 0.153433 56.0676
0.084 15.2238 0.153188 56.2162
0.0841 15.5477 0.152903 56.3968
0.0842 15.8506 0.152659 56.5649
0.0843 16.1324 0.1527 56.7286
0.0844 16.4016 0.151397 56.8422
0.0845 16.4016 0.151397 56.8609
0.0846 16.4016 0.151397 56.8796
0.0847 16.776 0.132055 56.438
0.0848 16.6961 0.133113 56.4552
0.0849 16.4647 0.134824 56.4202
0.085 16.4647 0.134824 56.4387
0.0851 15.7033 0.139873 56.2453
0.0852 15.3163 0.144963 56.2288
0.0853 14.8326 0.150134 56.1513
0.0854 14.3825 0.155998 56.0995
0.0855 14.0543 0.162147 56.1117
0.0856 13.7557 0.166341 56.0756
0.0857 13.7178 0.169965 56.1722
0.0858 13.7473 0.173019 56.2911
0.0859 13.7473 0.173019 56.3093
0.086 14.1427 0.176236 56.6448
0.0861 14.4708 0.17534 56.8265
0.0862 14.6012 0.17534 56.9183
0.0863 14.5928 0.175747 56.9429
0.0864 14.6307 0.17367 56.9262
0.0865 14.6811 0.173019 56.9549
0.0866 14.6938 0.173019 56.9802
0.0867 14.6938 0.173019 56.9985
0.0868 14.5507 0.16174 56.6181
0.0869 14.5844 0.158075 56.5471
0.087 14.618 0.155387 56.5033
0.0871 14.6896 0.154043 56.5202
0.0872 14.8157 0.1516 56.5327
0.0873 14.9167 0.149401 56.5373
0.0874 14.9546 0.147406 56.5127
0.0875 14.9419 0.145614 56.4663
0.0876 14.9419 0.145614 56.4842
0.0877 14.3362 0.139221 55.957
0.0878 14.2016 0.137959 55.8564
0.0879 14.0838 0.134661 55.6949
0.088 14.0501 0.132218 55.6085
0.0881 14.088 0.129897 55.5657
0.0882 14.1848 0.128879 55.6016
0.0883 14.2226 0.12896 55.6434
0.0884 14.3067 0.129489 55.7272
0.0885 14.3067 0.129489 55.7447
0.0886 14.5465 0.136086 56.1274
0.0887 14.6096 0.13857 56.2646
0.0888 14.6433 0.140565 56.3679
0.0889 14.6938 0.142153 56.4663
0.089 14.8073 0.144067 56.6095
0.0891 14.9504 0.143293 56.6802
0.0892 15.1523 0.144311 56.841
0.0893 15.3205 0.1459 57.0011
0.0894 15.3205 0.1459 57.0188
0.0895 15.758 0.152293 57.473
0.0896 15.8926 0.154899 57.6426
0.0897 16.0104 0.156446 57.7696
0.0898 16.1619 0.157993 57.9133
0.0899 16.3638 0.159256 58.0733
0.09 16.4479 0.160111 58.1601
0.0901 16.5363 0.160233 58.2266
0.0902 16.5363 0.160233 58.2446
0.0903 16.0399 0.164264 58.1274
0.0904 15.981 0.167563 58.2107
0.0905 15.8506 0.171024 58.259
0.0906 15.7917 0.17477 58.3507
0.0907 15.7664 0.179046 58.4727
0.0908 15.8506 0.182914 58.6396
0.0909 15.9053 0.184868 58.7386
0.091 15.9053 0.184868 58.7565
0.0911 16.2839 0.193257 59.1921
0.0912 16.511 0.196066 59.3996
0.0913 16.7003 0.197207 59.5441
0.0914 16.8686 0.197573 59.6575
0.0915 17.0663 0.198835 59.8075
0.0916 17.2977 0.199202 59.951
0.0917 17.4281 0.197736 59.9972
0.0918 17.4281 0.197736 60.0153
0.0919 17.3902 0.196962 59.9951
0.092 17.1757 0.198265 59.939
0.0921 17.0158 0.198958 59.8938
0.0922 16.8139 0.200749 59.8536
0.0923 16.7424 0.201604 59.856
0.0924 16.7003 0.202012 59.8624
0.0925 16.7802 0.2025 59.9337
0.0926 16.7802 0.2025 59.9517
0.0927 17.5753 0.202378 60.3677
0.0928 17.996 0.202419 60.5929
0.0929 18.2988 0.200179 60.7006
0.093 18.4755 0.199772 60.7926
0.0931 18.5849 0.200627 60.8841
0.0932 18.5849 0.200627 60.9022
0.0933 18.6312 0.201849 60.973
0.0934 18.6059 0.200342 60.9413
0.0935 18.5807 0.199446 60.9248
0.0936 18.5681 0.198469 60.912
0.0937 18.6059 0.197736 60.9292
0.0938 18.6143 0.197858 60.9544
0.0939 18.5681 0.197695 60.9464
0.094 18.5681 0.197695 60.9644
0.0941 18.2021 0.198591 60.8308
0.0942 17.9623 0.201686 60.8109
0.0943 17.6594 0.202297 60.6953
0.0944 17.6594 0.202297 60.7132
0.0945 17.6594 0.202297 60.731
0.0946 16.3932 0.180349 59.53
0.0947 16.3932 0.180349 59.5475
0.0948 15.7791 0.183891 59.3343
0.0949 15.6024 0.185968 59.3109
0.095 15.4341 0.189429 59.3267
0.0951 15.2154 0.191872 59.2853
0.0952 15.0681 0.193338 59.2572
0.0953 15.0471 0.194926 59.3029
0.0954 14.984 0.194723 59.2792
0.0955 14.984 0.194723 59.2964
0.0956 15.0219 0.18837 59.1718
0.0957 15.1607 0.188167 59.2621
0.0958 15.3079 0.186375 59.3146
0.0959 15.4972 0.184502 59.387
0.096 15.7033 0.18267 59.4679
0.0961 15.8548 0.180837 59.5175
0.0962 15.8548 0.180837 59.5347
0.0963 16.0609 0.172897 59.4403
0.0964 16.1198 0.171024 59.4349
0.0965 16.1366 0.16968 59.4219
0.0966 16.1661 0.167848 59.401
0.0967 16.2418 0.16744 59.446
0.0968 16.3428 0.166748 59.4957
0.0969 16.4816 0.165241 59.5403
0.097 16.4816 0.165241 59.5574
0.0971 16.9569 0.161658 59.7099
0.0972 17.0705 0.162025 59.7957
0.0973 17.163 0.16174 59.8506
0.0974 17.2346 0.160681 59.8708
0.0975 17.2808 0.161455 59.935
0.0976 17.3187 0.162554 60.0048
0.0977 17.1967 0.164101 60.0081
0.0978 17.121 0.165079 60.0167
0.0979 17.121 0.165079 60.0337
0.098 16.9653 0.167074 60.0318
0.0981 16.8181 0.169313 60.04
0.0982 16.6667 0.172449 60.0705
0.0983 16.5236 0.174607 60.0751
0.0984 16.4059 0.178435 60.1386
0.0985 16.2628 0.181896 60.1759
0.0986 16.2628 0.181896 60.1929
0.0987 16.0357 0.189918 60.3041
0.0988 16.0651 0.19118 60.3703
0.0989 16.0357 0.191547 60.381
0.099 16.0651 0.191058 60.4011
0.0991 16.0693 0.190976 60.4182
0.0992 16.1114 0.189999 60.4321
0.0993 16.1619 0.188778 60.4438
0.0994 16.1619 0.188778 60.4607
0.0995 16.3554 0.183973 60.4515
0.0996 16.389 0.183565 60.4752
0.0997 16.5489 0.182873 60.5576
0.0998 16.6583 0.182873 60.632
0.0999 16.7676 0.183077 60.7116
0.1 17.0074 0.18385 60.8742
0.1001 17.0074 0.18385 60.8911
0.1002 17.3692 0.189063 61.2352
0.1003 17.4575 0.192361 61.3852
0.1004 17.5416 0.194275 61.4953
0.1005 17.529 0.196677 61.5689
0.1006 17.4954 0.19912 61.6322
0.1007 17.3523 0.202052 61.6513
0.1008 17.3523 0.202052 61.6683
0.1009 16.9317 0.209626 61.6562
0.101 16.8139 0.212069 61.6706
0.1011 16.7887 0.21325 61.7028
0.1012 16.7508 0.213169 61.6977
0.1013 16.7802 0.212843 61.7224
0.1014 16.7929 0.212314 61.7332
0.1015 16.7929 0.212314 61.7501
0.1016 16.5994 0.21097 61.6315
0.1017 16.4521 0.20983 61.5415
0.1018 16.1955 0.210278 61.4301
0.1019 15.981 0.212151 61.3742
0.102 15.7622 0.212151 61.2692
0.1021 15.5982 0.212273 61.1966
0.1022 15.4215 0.210889 61.0797
0.1023 15.4215 0.210889 61.0963
0.1024 15.1312 0.208282 60.8829
0.1025 15.0177 0.206735 60.7956
0.1026 14.8242 0.204903 60.6537
0.1027 14.597 0.203763 60.5073
0.1028 14.311 0.201197 60.2878
0.1029 13.9744 0.197207 59.9977
0.103 13.9744 0.197207 60.0139
0.1031 12.6956 0.183443 58.8509
0.1032 12.2118 0.177132 58.3681
0.1033 11.6902 0.170657 57.8385
0.1034 11.1349 0.165445 57.302
0.1035 10.5292 0.161129 56.7326
0.1036 9.96971 0.157057 56.1837
0.1037 9.32189 0.154043 55.568
0.1038 9.32189 0.154043 55.5829
0.1039 7.84957 0.146958 54.0263
0.104 7.47518 0.145859 53.6283
0.1041 7.18913 0.145207 53.3222
0.1042 6.9788 0.146388 53.1447
0.1043 6.9788 0.146388 53.1588
0.1044 6.9788 0.146388 53.173
0.1045 6.4109 0.138285 52.2927
0.1046 6.38987 0.140077 52.3379
0.1047 6.41511 0.140321 52.3891
0.1048 6.4698 0.140565 52.4747
0.1049 6.64647 0.140117 52.6787
0.105 6.64647 0.140117 52.6926
0.1051 7.55931 0.130792 53.3856
0.1052 7.92108 0.127983 53.6634
0.1053 8.27865 0.125254 53.9232
0.1054 8.60676 0.122486 54.1394
0.1055 8.84234 0.121101 54.3132
0.1056 8.99798 0.119187 54.3921
0.1057 9.12839 0.115726 54.3857
0.1058 9.12839 0.115726 54.4
0.1059 9.22093 0.104121 54.0164
0.106 9.12839 0.101189 53.8241
0.1061 9.01481 0.0987458 53.632
0.1062 8.87599 0.0980536 53.495
0.1063 8.66566 0.0991123 53.3722
0.1064 8.40064 0.101596 53.2575
0.1065 8.40064 0.101596 53.2714
0.1066 7.48359 0.107338 52.6459
0.1067 7.21858 0.109292 52.4657
0.1068 6.95356 0.110229 52.2345
0.1069 6.76005 0.11198 52.1045
0.107 6.6002 0.113934 52.0135
0.1071 6.46138 0.115807 51.9385
0.1072 6.38987 0.117884 51.9455
0.1073 6.38987 0.117884 51.959
0.1074 6.46559 0.12444 52.2956
0.1075 6.55814 0.125662 52.4589
0.1076 6.69275 0.126476 52.6545
0.1077 6.81053 0.126028 52.785
0.1078 6.9788 0.124359 52.9258
0.1079 7.15968 0.12216 53.0561
0.108 7.15968 0.12216 53.0697
0.1081 7.51725 0.110514 53.0135
0.1082 7.62241 0.105383 52.9235
0.1083 7.68131 0.100985 52.8082
0.1084 7.76123 0.0965469 52.7031
0.1085 7.84957 0.093045 52.6405
0.1086 7.97998 0.0903575 52.6506
0.1087 7.97998 0.0903575 52.664
0.1088 8.32913 0.0831908 52.6402
0.1089 8.48057 0.0806662 52.6552
0.109 8.59835 0.0794039 52.7042
0.1091 8.71193 0.078508 52.7675
0.1092 8.86337 0.0787931 52.928
0.1093 9.02322 0.0802997 53.1617
0.1094 9.16204 0.0820099 53.3857
0.1095 9.36396 0.0837609 53.6614
0.1096 9.36396 0.0837609 53.675
0.1097 9.93606 0.0864891 54.2937
0.1098 10.1169 0.0862041 54.4338
0.1099 10.2978 0.0855526 54.5522
0.11 10.4366 0.0857562 54.6821
0.1101 10.5166 0.0868149 54.812
0.1102 10.5965 0.0887287 54.9853
0.1103 10.5965 0.0887287 54.9992
0.1104 10.6512 0.0934522 55.2919
0.1105 10.668 0.0959362 55.4393
0.1106 10.6638 0.0980943 55.5528
0.1107 10.6428 0.100823 55.6779
0.1108 10.5965 0.103266 55.7679
0.1109 10.6386 0.105139 55.8973
0.111 10.6386 0.105139 55.9113
0.1111 10.5082 0.110636 56.0633
0.1112 10.3693 0.112468 56.0465
0.1113 10.2389 0.113934 56.0188
0.1114 10.1001 0.113894 55.9211
0.1115 9.94868 0.113446 55.7952
0.1116 9.75517 0.113486 55.6531
0.1117 9.75517 0.113486 55.667
0.1118 9.30086 0.112143 55.245
0.1119 9.15363 0.112061 55.1286
0.112 9.01481 0.111858 55.0127
0.1121 8.91385 0.111695 54.9305
0.1122 8.89702 0.112265 54.9525
0.1123 8.82551 0.112713 54.9204
0.1124 8.79606 0.112713 54.9076
0.1125 8.79606 0.112713 54.9212
0.1126 8.76241 0.113405 54.9324
0.1127 8.77924 0.113039 54.9464
0.1128 8.80027 0.112998 54.9772
0.1129 8.8802 0.113364 55.0772
0.113 8.92647 0.113364 55.132
0.1131 8.97695 0.11426 55.2265
0.1132 8.97695 0.11426 55.2401
0.1133 9.18307 0.11084 55.2946
0.1134 9.24197 0.108437 55.2583
0.1135 9.263 0.105465 55.1622
0.1136 9.25459 0.104039 55.106
0.1137 9.30927 0.100823 55.0223
0.1138 9.33872 0.0983386 54.9467
0.1139 9.33872 0.0983386 54.9601
0.114 9.3934 0.0904797 54.6398
0.1141 9.37237 0.0877922 54.4986
0.1142 9.41023 0.0856747 54.4328
0.1143 9.41023 0.0856747 54.4461
0.1144 9.41023 0.0856747 54.4593
0.1145 9.27983 0.0792817 54.0135
0.1146 9.19569 0.0792817 53.9558
0.1147 9.12839 0.0801775 53.9623
0.1148 9.09894 0.0826615 54.0874
0.1149 9.09894 0.0849418 54.2231
0.115 9.11997 0.0868963 54.357
0.1151 9.11997 0.0868963 54.3702
0.1152 9.40182 0.0935337 54.9577
0.1153 9.55746 0.0969949 55.2679
0.1154 9.69208 0.0993159 55.5018
0.1155 9.84772 0.100985 55.7199
0.1156 9.96971 0.101026 55.8341
0.1157 10.0749 0.101678 55.9619
0.1158 10.0749 0.101678 55.9753
0.1159 10.1885 0.102329 56.109
0.116 10.1338 0.102003 56.0641
0.1161 10.0749 0.101963 56.0286
0.1162 9.99075 0.101637 55.9595
0.1163 9.85613 0.102573 55.9063
0.1164 9.76359 0.104039 55.9097
0.1165 9.76359 0.104039 55.9231
0.1166 9.27983 0.107419 55.6765
0.1167 9.21252 0.108559 55.6803
0.1168 9.11156 0.109699 55.6536
0.1169 9.04846 0.112468 55.7266
0.117 9.06108 0.114667 55.8409
0.1171 9.00639 0.116825 55.8922
0.1172 9.04425 0.119147 56.0309
0.1173 9.04425 0.119147 56.0442
0.1174 9.55326 0.124399 56.7043
0.1175 9.80145 0.126272 56.9984
0.1176 10.0076 0.127657 57.2349
0.1177 10.2726 0.12953 57.534
0.1178 10.5586 0.129164 57.7621
0.1179 10.8321 0.128186 57.9521
0.118 10.8321 0.128186 57.9658
0.1181 11.5093 0.123381 58.3024
0.1182 11.6482 0.119961 58.2804
0.1183 11.7912 0.114708 58.1795
0.1184 11.9216 0.111288 58.1388
0.1185 12.031 0.106483 58.0155
0.1186 12.1109 0.100863 57.8231
0.1187 12.1109 0.100863 57.8366
0.1188 12.2371 0.0860005 57.1733
0.1189 12.4138 0.0890545 57.4714
0.119 12.582 0.0926786 57.7879
0.1191 12.805 0.0989494 58.2643
0.1192 13.0237 0.104202 58.6721
0.1193 13.2256 0.110025 59.0827
0.1194 13.2256 0.110025 59.0964
0.1195 13.6758 0.127616 60.1332
0.1196 13.7473 0.13405 60.4392
0.1197 13.7893 0.140117 60.703
0.1198 13.7893 0.145981 60.9246
0.1199 13.7935 0.15213 61.1509
0.12 13.7094 0.157953 61.3025
0.1201 13.7094 0.157953 61.3167
0.1202 13.4234 0.166341 61.4088
0.1203 13.2972 0.16801 61.3905
0.1204 13.1583 0.169476 61.3563
0.1205 12.9775 0.170861 61.2897
0.1206 12.8555 0.172734 61.2761
0.1207 12.7671 0.174974 61.295
0.1208 12.7671 0.174974 61.3091
0.1209 12.683 0.180186 61.4147
0.121 12.6998 0.181122 61.467
0.1211 12.7755 0.182425 61.5705
0.1212 12.8849 0.182995 61.6763
0.1213 12.9817 0.183199 61.7626
0.1214 13.1289 0.183565 61.8875
0.1215 13.1289 0.183565 61.9017
0.1216 13.7641 0.181489 62.2795
0.1217 14.0249 0.180715 62.4402
0.1218 14.3025 0.17876 62.5743
0.1219 14.6517 0.177987 62.7837
0.122 15.0303 0.174526 62.9262
0.1221 15.0303 0.174526 62.9406
0.1222 16.3049 0.167929 63.4933
0.1223 16.7845 0.167196 63.7502
0.1224 17.2177 0.164997 63.9287
0.1225 17.5879 0.164427 64.1209
0.1226 17.9497 0.164142 64.3145
0.1227 18.2315 0.165608 64.5212
0.1228 18.2315 0.165608 64.5359
0.1229 18.6816 0.175869 65.1024
0.123 18.7868 0.179697 65.2866
0.1231 18.8836 0.185316 65.5173
0.1232 19.0266 0.189511 65.7256
0.1233 19.0687 0.195619 65.9351
0.1234 19.0687 0.195619 65.95
0.1235 18.383 0.209626 65.9966
0.1236 16.9822 0.208038 65.221
0.1237 16.6498 0.206817 65.0184
0.1238 16.6498 0.206817 65.033
