0.82 1.96 0.036 69.892
0.83 2.01 0.037 70.5434
0.84 2.05 0.037 70.9797
0.85 2.06 0.038 71.4219
0.86 2.07 0.039 71.8596
0.87 2.06 0.041 72.341
0.88 2.03 0.049 73.5001
0.89 2.02 0.059 74.8262
0.9 1.97 0.066 75.4895
0.91 1.95 0.066 75.6105
0.92 1.93 0.064 75.5345
0.93 1.93 0.062 75.562
0.94 1.96 0.061 75.8528
0.95 2.02 0.061 76.4073
0.96 2.2 0.061 77.5778
0.97 2.35 0.06 78.4362
0.98 2.44 0.058 78.8642
0.99 2.48 0.056 79.0414
1 2.5 0.054 79.1145
1.01 2.47 0.053 79.0728
1.02 2.38 0.052 78.7421
1.03 2.32 0.053 78.791
1.04 2.29 0.055 79.0984
1.05 2.24 0.057 79.2927
1.06 2.2 0.061 79.7446
1.07 2.17 0.063 80.0096
1.08 2.22 0.065 80.6898
1.09 2.25 0.066 81.1564
1.1 2.24 0.068 81.5127
1.11 2.2 0.0633 81.0221
1.12 2.16 0.0587 80.5031
1.13 2.12 0.0581 80.4166
1.14 2.04 0.0576 80.1108
1.15 1.99 0.057 79.9494
1.16 1.94 0.059 80.0784
1.17 1.89 0.059 79.9685
1.18 1.82 0.06 79.835
1.19 1.7167 0.06 79.352
1.2 1.6133 0.058 78.6065
1.21 1.51 0.055 77.6968
1.22 1.41 0.053 76.8729
1.23 1.32 0.053 76.3192
1.24 1.22 0.053 75.6283
1.25 1.12 0.05 74.5076
1.26 1.03 0.045 73.1336
1.27 0.94 0.04 71.6303
1.28 0.89 0.037 70.7634
1.29 0.87 0.033 70.0153
1.3 0.89 0.03 69.8398
1.31 0.92 0.028 69.9211
1.32 0.97 0.027 70.3918
1.33 1.03 0.026 70.9289
1.34 1.12 0.025 71.7049
1.35 1.18 0.024 72.1498
1.36 1.3 0.023 73.0542
1.37 1.49 0.021 74.0924
1.38 1.76 0.02 75.7362
1.39 2.09 0.018 77.1109
1.4 2.44 0.0193 79.4665
1.41 2.54 0.0207 80.5537
1.42 2.59 0.022 81.3502
1.43 2.62 0.025 82.5173
1.44 2.63 0.027 83.2541
1.45 2.62 0.03 84.1027
1.46 2.6 0.032 84.6238
1.47 2.56 0.034 85.0232
1.48 2.53 0.036 85.4445
1.49 2.53 0.037 85.8
1.5 2.54 0.037 86.0086
1.51 2.55 0.034 85.6119
1.52 2.57 0.031 85.2083
1.53 2.62 0.027 84.6227
1.54 2.67 0.024 84.1782
1.55 2.78 0.022 84.2097
1.56 2.89 0.019 83.8046
1.57 2.98 0.017 83.5485
1.58 3.03 0.015 83.0277
1.59 3.07 0.014 82.8537
1.6 3.08 0.014 83.0371
1.61 3.08 0.014 83.1811
1.62 3.07 0.014 83.2854
1.63 3.06 0.015 83.8688
1.64 3.04 0.016 84.3842
1.65 3.02 0.017 84.8736
1.66 2.98 0.02 86.0084
1.67 2.95 0.021 86.3766
1.68 2.91 0.022 86.685
1.69 2.86 0.023 86.9326
1.7 2.83 0.023 86.9432
1.71 2.82 0.023 87.0407
1.72 2.82 0.022 86.8601
1.73 2.81 0.012 82.6792
1.74 2.83 0.008 80.1466
1.75 2.82 0.0063 78.6545
1.76 2.83 0.0062 78.7145
1.77 2.83 0.0061 78.732
1.78 2.86 0.006 78.8667
1.79 2.95 0.012 84.053
1.8 2.99 0.014 85.4354
1.81 3.16 0.016 87.2148
1.82 3.26 0.023 90.4309
1.83 3.58 0.027 93.031
1.84 3.56 0.022 91.5241
1.85 3.44 0.016 88.8257
1.86 3.07 0.013 86.0143
1.87 2.94 0.015 86.6328
1.88 2.97 0.017 87.7979
1.89 3.06 0.019 89.1272
1.9 3.09 0.032 93.3456
1.91 3.11 0.037 94.7059
1.92 3.1 0.034 94.1349
1.93 3.06 0.026 92.0179
1.94 3.03 0.0257 91.9308
1.95 2.99 0.0253 91.7664
1.96 2.96 0.025 91.6726
1.97 2.93 0.027 92.2567
1.98 2.89 0.028 92.4834
1.99 2.88 0.03 93.0996
2 2.86 0.03 93.136
2.01 2.86 0.031 93.52
2.02 2.84 0.031 93.5545
2.03 2.84 0.032 93.9308
2.04 2.84 0.032 94.0592
2.05 2.84 0.031 93.9387
2.06 2.85 0.03 93.8571
2.07 2.88 0.029 93.8602
2.08 2.94 0.028 93.9907
2.09 3.03 0.026 93.9446
2.1 3.14 0.022 93.2486
2.11 3.3 0.0217 93.9351
2.12 3.4 0.0213 94.3177
2.13 3.48 0.021 94.6462
2.14 3.56 0.022 95.449
2.15 3.65 0.023 96.2724
2.16 3.7 0.025 97.2581
2.17 3.7 0.025 97.383
2.18 3.54 0.025 96.8889
2.19 3.68 0.023 96.8811
2.2 3.69 0.022 96.6836
2.21 3.65 0.021 96.2804
2.22 3.59 0.021 96.1715
2.23 3.53 0.021 96.0583
2.24 3.49 0.022 96.3925
2.25 3.45 0.021 95.9796
2.26 3.42 0.021 95.9773
2.27 3.4 0.019 95.2178
2.28 3.41 0.019 95.3746
2.29 3.43 0.019 95.5711
2.3 3.43 0.019 95.687
2.31 3.43 0.018 95.3725
2.32 3.45 0.018 95.567
2.33 3.47 0.018 95.761
2.34 3.51 0.019 96.4665
2.35 3.55 0.02 97.1523
2.36 3.56 0.023 98.4446
2.37 3.55 0.025 99.2063
2.38 3.55 0.027 99.9605
2.39 3.56 0.029 100.715
2.4 3.58 0.029 100.913
2.41 3.62 0.029 101.192
2.42 3.68 0.028 101.252
2.43 3.73 0.026 100.941
2.44 3.76 0.026 101.173
2.45 3.74 0.025 100.881
2.46 3.71 0.023 100.181
2.47 3.66 0.022 99.7283
2.48 3.6 0.021 99.2183
2.49 3.52 0.019 98.1874
2.5 3.42 0.019 97.8897
2.51 3.24 0.0193 97.3652
2.52 3.11 0.0197 97.0654
2.53 2.97 0.02 96.6514
2.54 2.83 0.021 96.4778
2.55 2.66 0.023 96.4528
2.56 2.52 0.026 96.7912
2.57 2.33 0.029 96.683
2.58 2.22 0.034 97.3962
2.59 2.13 0.037 97.6059
2.6 2.05 0.037 97.1734
2.61 2 0.037 96.9319
2.62 1.98 0.035 96.4477
2.63 2.02 0.034 96.5951
2.64 2.15 0.032 97.0786
2.65 2.32 0.03 97.7253
2.66 2.51 0.028 98.3765
2.67 2.64 0.026 98.5881
2.68 2.75 0.024 98.6136
2.69 2.74 0.021 97.5739
2.7 2.73 0.02 97.2277
2.71 2.7 0.018 96.3248
2.72 2.66 0.017 95.76
2.73 2.63 0.0167 95.5597
2.74 2.59 0.0163 95.2537
2.75 2.57 0.016 95.0967
2.76 2.55 0.019 96.455
2.77 2.54 0.022 97.6816
2.78 2.54 0.022 97.7795
2.79 2.6 0.021 97.8274
2.8 2.71 0.02 98.1118
2.81 2.88 0.02 99.0732
2.82 3.08 0.02 100.135
2.83 3.32 0.021 101.734
2.84 3.82 0.022 104.315
2.85 4.34 0.023 106.748
2.86 4.5 0.025 108.158
2.87 4.93 0.028 110.734
2.88 5.05 0.029 111.551
2.89 5.23 0.029 112.223
2.9 5.38 0.029 112.789
2.91 5.41 0.029 112.988
2.92 5.49 0.03 113.655
2.93 5.53 0.031 114.193
2.94 5.55 0.033 114.957
2.95 5.55 0.034 115.352
2.96 5.52 0.035 115.649
2.97 5.46 0.036 115.847
2.98 5.34 0.037 115.848
2.99 5.26 0.037 115.705
3 5.17 0.038 115.781
3.01 5.09 0.038 115.628
3.02 4.98 0.039 115.621
3.03 4.86 0.04 115.565
3.04 4.73 0.043 115.915
3.05 4.58 0.044 115.705
3.06 4.52 0.043 115.37
3.07 4.5 0.041 114.945
3.08 4.53 0.038 114.433
3.09 4.59 0.034 113.696
3.1 4.68 0.028 112.289
3.11 4.75 0.024 111.194
3.12 4.81 0.023 111.101
3.13 4.78 0.0227 110.978
3.14 4.73 0.0223 110.745
3.15 4.68 0.022 110.549
3.16 4.65 0.023 110.953
3.17 4.66 0.026 112.224
3.18 4.7 0.026 112.461
3.19 4.8067 0.026 112.923
3.2 4.9133 0.026 113.379
3.21 5.02 0.026 113.829
3.22 5.08 0.024 113.365
3.23 5.14 0.021 112.399
3.24 5.17 0.02 112.134
3.25 5.26 0.02 112.509
3.26 5.33 0.02 112.82
3.27 5.37 0.02 113.038
3.28 5.39 0.022 114.096
3.29 5.35 0.024 114.899
3.3 5.29 0.025 115.2
3.31 5.23 0.026 115.484
3.32 5.13 0.027 115.622
3.33 5.01 0.03 116.34
3.34 4.86 0.034 117.142
3.35 4.71 0.036 117.268
3.36 4.48 0.037 116.788
3.37 4.36 0.036 116.163
3.38 4.26 0.034 115.322
3.39 4.17 0.0343 115.146
3.4 4.08 0.0347 114.99
3.41 3.97 0.035 114.714
3.42 3.85 0.035 114.301
3.43 3.72 0.035 113.829
3.44 3.55 0.033 112.604
3.45 3.47 0.033 112.326
3.46 3.36 0.033 111.896
3.47 3.25 0.033 111.45
3.48 3.11 0.037 111.894
3.49 2.94 0.045 112.905
3.5 2.76 0.05 112.957
3.51 2.6 0.053 112.624
3.52 2.44 0.053 111.686
3.53 2.39 0.05 110.903
3.54 2.36 0.045 109.821
3.55 2.37 0.041 109.126
3.56 2.42 0.037 108.609
3.57 2.56 0.032 108.262
3.58 2.7 0.029 108.289
3.59 2.89 0.023 107.349
3.6 3.09 0.024 108.857
3.61 3.26 0.025 110.158
3.62 3.4 0.026 111.275
3.63 3.41 0.031 113.05
3.64 3.37 0.035 114.09
3.65 3.3 0.036 114.1
3.66 3.2 0.037 113.941
3.67 3.1 0.036 113.249
3.68 3.06 0.032 112.02
3.69 3.17 0.032 112.676
3.7 3.35 0.032 113.661
3.71 3.53 0.032 114.607
3.72 3.69 0.034 116.011
3.73 3.97 0.034 117.327
3.74 4.19 0.034 118.33
3.75 4.43 0.033 119.075
3.76 4.72 0.033 120.256
3.77 5 0.035 121.944
3.78 5.26 0.036 123.216
3.79 5.63 0.036 124.519
3.8 5.79 0.035 124.822
3.81 5.89 0.035 125.221
3.82 5.95 0.035 125.496
3.83 5.96 0.035 125.617
3.84 5.96 0.035 125.708
3.85 5.93 0.035 125.708
3.86 5.96 0.039 127.028
3.87 6 0.039 127.242
3.88 6.04 0.038 127.18
3.89 6.09 0.039 127.698
3.9 6.14 0.04 128.21
3.91 6.24 0.041 128.864
3.92 6.36 0.038 128.495
3.93 6.49 0.0427 130.219
3.94 6.75 0.0473 132.17
3.95 6.87 0.052 133.649
3.96 7.28 0.052 134.864
3.97 7.58 0.048 134.844
3.98 7.47 0.047 134.419
3.99 7.94 0.044 134.958
4 7.92 0.043 134.745
4.01 7.31 0.044 133.546
4.02 6.84 0.047 133.094
4.03 6.5933 0.047 132.484
4.04 6.3467 0.048 132.08
4.05 6.1 0.05 131.866
4.06 6.25 0.052 132.851
4.07 6.47 0.049 132.947
4.08 6.74 0.033 129.494
4.09 7.06 0.0283 128.793
4.1 7.68 0.0237 128.541
4.11 8.12 0.0231 129.388
4.12 8.52 0.0226 130.138
4.13 8.84 0.022 130.626
4.14 9.07 0.028 133.858
4.15 9.2 0.035 136.737
4.16 9.31 0.04 138.594
4.17 9.37 0.045 140.182
4.18 9.39 0.046 140.576
4.19 9.3533 0.048 141.088
4.2 9.3167 0.05 141.582
4.21 9.28 0.051 141.829
4.22 9.24 0.054 142.51
4.23 9.18 0.054 142.471
4.24 9.11 0.054 142.407
4.25 9.01 0.056 142.705
4.26 8.93 0.057 142.825
4.27 8.89 0.057 142.826
4.28 8.88 0.057 142.896
4.29 8.92 0.055 142.657
4.3 9.09 0.054 142.919
4.31 9.27 0.054 143.416
4.32 9.63 0.053 144.074
4.33 9.85 0.051 144.174
4.34 10.1 0.047 143.807
4.35 10.32 0.047 144.346
4.36 10.42 0.047 144.639
4.37 10.61 0.048 145.363
4.38 11.01 0.048 146.233
4.39 11.38 0.048 147.023
4.4 11.96 0.043 146.823
4.41 12.15 0.042 146.962
4.42 12.71 0.041 147.715
4.43 13.09 0.0417 148.646
4.44 13.47 0.0423 149.531
4.45 13.86 0.043 150.446
4.46 14.27 0.06 155.422
4.47 14.82 0.066 157.613
4.48 15.95 0.105 165.666
4.49 17.06 0.059 159.545
4.5 18.69 0.024 150.092
4.51 21.06 0.053 163.199
4.52 24.37 -9999 -nan
4.53 27.25 -9999 -nan
4.54 31.48 -9999 -nan
4.55 36.37 -9999 -nan
4.56 41.96 -9999 -nan
4.57 42.803 -9999 -nan
4.58 43.647 -9999 -nan
