0.04 0.812 0.0046 22.4031
0.06 1.165 0.0079 27.6298
0.0800001 1.179 0.0114 30.9107
0.1 1.141 0.0162 33.7053
0.12 1.221 0.0202 36.4689
0.14 1.611 0.0235 40.1177
0.16 1.472 0.0255 41.3777
0.18 1.192 0.0255 41.4755
0.2 1.071 0.0281 42.3961
0.22 0.857 0.0297 42.354
0.24 0.857 0.0312 43.5692
0.26 0.904 0.0309 44.8573
0.28 0.904 0.0332 46.0654
0.3 0.794 0.0387 46.6798
0.32 0.676 0.0424 46.7906
0.34 0.680001 0.0424 47.6263
0.36 0.543 0.043 46.9014
0.38 0.521 0.0409 47.1322
0.4 0.469 0.0309 46.0049
0.42 0.485 0.0251 46.0554
0.44 0.553 0.0251 47.5448
0.46 0.62 0.0195 47.9181
0.48 0.725001 0.0179 49.2412
0.5 0.771 0.0169 50.0066
0.52 0.811 0.0179 51.1686
0.54 0.821 0.0196 52.1921
0.56 0.821 0.0217 53.1708
0.58 0.839 0.0245 54.4065
0.6 0.849 0.0261 55.3059
0.62 0.834 0.0272 55.8608
0.640001 0.828 0.028 56.4334
0.660001 0.799 0.028 56.6267
0.680001 0.762 0.0294 56.9408
0.700001 0.738 0.0294 57.1376
0.720001 0.714 0.0297 57.3617
0.740001 0.703 0.0289 57.5404
0.760001 0.717 0.0259 57.6057
0.780001 0.777 0.0243 58.388
0.800001 0.909 0.0219 59.6259
0.820001 0.909 0.021 59.8274
0.840001 1.118 0.0202 61.8512
0.860001 1.29 0.0211 63.7843
0.880001 1.395 0.0241 65.6427
0.900001 1.386 0.0264 66.495
0.920001 1.446 0.0347 68.8606
0.940001 1.56 0.0424 71.2122
0.960001 1.788 0.0494 73.9858
0.980001 1.922 0.0494 75.1895
1 2.162 0.0556 77.6653
1.02 2.279 0.0556 78.689
1.04 2.541 0.0589 80.7509
1.06 2.971 0.0653 83.7436
1.08 2.971 0.0729 84.9545
1.1 3.364 0.0773 87.3552
1.12 3.653 0.0794 89.0404
1.14 4.04 0.0802 90.8623
1.16 4.168 0.0816 91.8458
1.18 4.254 0.0788 92.2867
1.2 4.295 0.0766 92.6285
1.22 3.296 0.0625 88.0711
1.24 3.775 0.059 89.7842
1.26 3.392 0.0607 89.016
1.28 2.791 0.0673 87.6804
1.3 2.507 0.0757 87.5615
1.32 2.227 0.0757 86.447
1.34 2.147 0.0848 87.1725
1.36 2.041 0.0861 87.0064
1.38 1.948 0.0811 86.3447
1.4 1.799 0.0722 84.8782
1.42 1.909 0.0623 84.8968
1.44 1.909 0.0466 83.1933
1.46 2.114 0.0312 81.9666
1.48 2.15 0.0256 81.1311
1.5 2.164 0.0218 80.4281
1.52 2.164 0.0218 80.7248
1.54 2.025 0.0197 79.5744
1.56 1.789 0.0199 78.514
1.58 1.675 0.0211 78.4302
1.6 1.797 0.0211 79.5057
1.62 2.104 0.0227 82.1113
1.64 2.202 0.0227 82.9338
1.66 2.249 0.0118 79.0451
1.68 2.265 0.0118 79.3897
1.7 2.285 0.0067 76.0837
1.72 2.285 0.0054 74.9738
1.74 2.257 0.0055 75.1964
1.76 2.257 0.0075 77.4077
1.78 2.457 0.0105 80.8381
1.8 2.457 0.015 83.532
1.82 2.675 0.0166 85.5392
1.84 2.951 0.015 86.2906
1.86 3.032 0.0128 85.7495
1.88 2.975 0.0083 82.7339
1.9 2.979 0.0072 82.0177
1.92 3.158 0.0075 83.2331
1.94 3.537 0.0112 87.7254
1.96 4.02 0.0112 89.6125
1.98 4.56 0.0121 92.1021
2 5.368 0.0109 93.737
2.02 5.859 0.0106 94.9681
2.04 6.367 0.0093 95.3322
2.06 6.624 0.0093 96.1373
2.08 6.624 0.01 96.9797
2.1 6.808 0.0147 100.802
2.12 6.934 0.0181 103.105
2.14 7.029 0.023 105.663
2.16 7.066 0.0265 107.273
2.18 7.033 0.0323 109.26
2.2 6.974 0.0368 110.599
2.22 6.974 0.0368 110.878
2.24 6.53 0.0317 108.748
2.26 6.53 0.0352 109.971
2.28 6.16 0.0382 110.065
2.3 5.874 0.0406 110.137
2.32 5.729 0.0426 110.447
2.34 5.803 0.0432 111.045
2.36 5.952 0.0427 111.607
2.38 6.496 0.0399 112.649
2.4 7.25 0.0377 114.171
2.42 7.492 0.0377 114.977
2.44 7.462 0.0389 115.475
2.46 7.324 0.0389 115.426
2.48 6.902 0.0361 113.991
2.5 6.73 0.0361 113.832
2.52 6.888 0.0381 114.981
2.54 6.888 0.0414 116.033
2.56 7.335 0.0422 117.531
2.58 7.335 0.0422 117.786
2.6 7.415 0.0431 118.431
2.62 7.415 0.0421 118.452
2.64 7.485 0.0415 118.721
2.66 7.395 0.042 118.882
2.68 7.335 0.0422 119.037
2.7 7.473 0.042 119.557
2.72 7.664 0.0415 120.119
2.74 7.798 0.0433 121.092
2.76 7.747 0.044 121.384
2.78 7.634 0.044 121.371
2.8 7.572 0.0438 121.424
2.82 7.478 0.0441 121.515
2.84 7.37 0.0451 121.726
2.86 7.13 0.0457 121.517
2.88 6.794 0.0457 120.909
2.9 6.794 0.0468 121.382
2.92 6.433 0.0487 121.062
2.94 6.127 0.0485 120.403
2.96 5.633 0.0478 119.034
2.98 5.293 0.0472 118.069
3 4.852 0.0455 116.46
3.02 4.597 0.0432 115.273
3.04 4.257 0.0412 113.765
3.06 4.048 0.0412 113.149
3.08 3.841 0.0354 111.089
3.1 3.833 0.0354 111.256
3.12 3.967 0.0295 110.322
3.14 4.056 0.0295 110.871
3.16 3.889 0.0258 109.173
3.18 3.889 0.0212 107.592
3.2 3.231 0.019 103.989
3.22 3.231 0.0192 104.26
3.24 2.617 0.0185 101.005
3.26 2.647 0.0164 100.333
3.28 2.588 0.0168 100.379
3.3 2.501 0.0181 100.677
3.32 2.474 0.0177 100.502
3.34 2.42 0.0184 100.675
3.36 2.354 0.0158 99.1765
3.38 2.262 0.0144 98.012
3.4 2.219 0.0144 97.902
3.42 2.194 0.0145 97.9583
3.44 2.284 0.0145 98.6868
3.46 2.42 0.0159 100.44
3.48 2.751 0.0159 102.475
3.5 3.17 0.0174 105.544
3.52 3.17 0.0204 107.12
3.54 4.348 0.0201 112.145
3.56 4.348 0.0192 111.894
3.58 4.616 0.0197 113.279
3.6 4.616 0.0212 114.15
3.62 4.718 0.0219 114.997
3.64 4.901 0.0216 115.673
3.66 5.037 0.0217 116.351
3.68 5.293 0.023 117.932
3.7 5.466 0.0231 118.701
3.72 5.758 0.0219 119.243
3.74 6.063 0.0224 120.538
3.76 6.595 0.0224 122.188
3.78 7.206 0.0234 124.391
3.8 8.065 0.0239 126.833
3.82 8.465 0.0246 128.214
3.84 8.889 0.0252 129.567
3.86 9.123 0.0281 131.426
3.88 9.123 0.0303 132.443
3.9 9.177 0.034 134.024
3.92 9.17 0.0364 134.963
3.94 9.133 0.0391 135.882
3.96 9.066 0.0403 136.272
3.98 8.942 0.0422 136.716
4 8.939 0.0424 136.953
4.02 9.061 0.0428 137.519
4.04 9.202 0.0428 138.015
4.06 9.402 0.042 138.416
4.08 9.531 0.042 138.877
4.1 9.704 0.0421 139.455
4.12 9.828 0.0421 139.899
4.14 9.828 0.0418 140.004
4.16 9.89 0.043 140.65
4.18 9.931 0.0446 141.35
4.2 9.973 0.0473 142.318
4.22 10.047 0.0487 143.005
4.24 9.137 0.0412 139.297
4.26 10.037 0.0456 142.577
4.28 10.012 0.0484 143.421
4.3 9.858 0.0511 143.936
4.32 9.803 0.0533 144.511
4.34 9.731 0.0556 145.052
4.36 9.757 0.056 145.38
4.38 9.86 0.056 145.786
4.4 9.95 0.0561 146.183
4.42 10.037 0.0555 146.42
4.44 10.014 0.0548 146.401
4.46 10.01 0.0548 146.576
4.48 10.081 0.0549 146.93
4.5 10.081 0.0551 147.156
4.52 10.196 0.0554 147.646
4.54 10.067 0.0554 147.556
4.56 10.346 0.0554 148.319
4.58 10.304 0.0554 148.413
4.6 10.235 0.0567 148.736
4.62 10.192 0.0579 149.085
4.64 10.222 0.0585 149.455
4.66 10.286 0.0585 149.768
4.68 10.419 0.0592 150.373
4.7 10.535 0.0592 150.792
4.72 10.714 0.0587 151.23
4.74 10.82 0.0587 151.623
4.76 10.795 0.0587 151.75
4.78 10.795 0.0594 152.076
4.8 10.838 0.0595 152.362
4.82 11.018 0.0603 153.07
4.84 11.216 0.0605 153.682
4.86 11.61 0.0602 154.561
4.88 11.941 0.0602 155.366
4.9 12.18 0.0607 156.094
4.92 12.342 0.0607 156.569
4.94 12.54 0.063 157.592
4.96 12.62 0.063 157.914
4.98 12.738 0.0663 158.976
5 12.777 0.0663 159.224
5.02 12.809 0.0689 159.969
5.04 12.809 0.0709 160.528
5.06 12.816 0.0723 160.979
5.08 12.816 0.0737 161.413
5.1 12.719 0.0748 161.611
5.12 12.719 0.076 162.002
5.14 12.754 0.0768 162.383
5.16 12.883 0.0769 162.812
5.18 12.995 0.0767 163.155
5.2 13.186 0.0761 163.566
5.22 13.223 0.0757 163.735
5.24 12.942 0.0725 162.817
5.26 13.113 0.0685 162.529
5.28 13.348 0.07 163.411
5.3 13.483 0.0723 164.262
5.32 13.451 0.0724 164.396
5.34 13.17 0.0737 164.312
5.36 13.17 0.0753 164.777
5.38 13.037 0.0775 165.101
5.4 13.074 0.0785 165.516
5.42 12.894 0.0801 165.633
5.44 12.689 0.0802 165.438
5.46 12.468 0.0807 165.274
5.48 12.302 0.0806 165.106
5.5 12.217 0.0795 164.92
5.52 12.174 0.0795 165.002
5.54 12.054 0.0769 164.477
5.56 11.916 0.0769 164.369
5.58 11.612 0.0744 163.472
5.6 11.197 0.0744 162.779
5.62 10.647 0.0745 161.781
5.64 10.647 0.074 161.851
5.66 9.943 0.0736 160.35
5.68 9.943 0.0725 160.306
5.7 9.63 0.0713 159.504
5.72 9.63 0.0688 159.186
5.74 9.545 0.0646 158.305
5.76 9.704 0.0595 157.752
5.78 9.828 0.0568 157.583
5.8 9.929 0.0552 157.592
5.82 9.922 0.0547 157.608
5.84 9.789 0.0548 157.476
5.86 9.418 0.0563 157.103
5.88 8.705 0.0563 155.48
5.9 8.09 0.0586 154.507
5.92 7.165 0.0606 152.397
5.94 6.665 0.0632 151.488
5.96 6.354 0.0631 150.57
5.98 6.583 0.0602 150.889
6 6.583 0.0574 150.431
6.02 7.282 0.0544 152.094
6.04 7.947 0.0506 153.236
6.06 8.242 0.0435 152.257
6.08 8.362 0.0433 152.655
6.1 8.516 0.0419 152.778
6.12 8.504 0.0324 149.65
6.14 8.283 0.0307 148.552
6.16 8.24 0.0307 148.575
6.18 8.327 0.0355 150.745
6.2 8.371 0.0355 150.995
6.22 8.474 0.0431 153.86
6.24 8.187 0.0362 151.027
6.26 8.631 0.0383 153.031
6.28 9.084 0.0419 155.457
6.3 9.345 0.0442 156.927
6.32 9.805 0.0465 158.825
6.34 10.162 0.0475 160.068
6.36 10.433 0.0475 160.817
6.38 10.627 0.0526 162.76
6.4 11.048 0.0553 164.499
6.42 11.6 0.0552 165.777
6.44 12.51 0.0542 167.48
6.46 13.117 0.0543 168.798
6.48 13.117 0.0553 169.199
6.5 13.564 0.0563 170.417
6.52 13.748 0.0575 171.194
6.54 13.957 0.0601 172.346
6.56 14.114 0.0618 173.172
6.58 14.264 0.0641 174.111
6.6 14.404 0.0655 174.817
6.62 14.521 0.0655 175.168
6.64 14.584 0.0669 175.733
6.66 14.607 0.0674 176.029
6.68 14.632 0.0683 176.414
6.7 14.655 0.0693 176.814
6.72 14.643 0.0699 177.067
6.74 14.643 0.0714 177.527
6.76 14.515 0.0722 177.613
6.78 14.418 0.0726 177.669
6.8 14.185 0.0734 177.56
6.82 14.063 0.0743 177.664
6.84 13.964 0.0738 177.528
6.86 13.858 0.0733 177.377
6.88 13.799 0.0717 177.086
6.9 13.803 0.0717 177.237
6.92 13.748 0.0693 176.776
6.94 13.656 0.0693 176.747
6.96 13.532 0.0679 176.356
6.98 13.38 0.0679 176.21
7 13.216 0.0672 175.886
7.02 13.216 0.0666 175.894
7.04 12.871 0.0664 175.32
7.06 12.871 0.0654 175.237
7.08 12.756 0.0647 174.992
7.1 12.491 0.0629 174.191
7.12 12.254 0.0619 173.615
7.14 12.208 0.0605 173.326
7.16 12.217 0.0605 173.48
7.18 12.33 0.055 172.472
7.2 12.342 0.055 172.629
7.22 12.183 0.051 171.36
7.24 11.085 0.0459 167.699
7.26 11.633 0.0451 168.751
7.28 11.755 0.044 168.787
7.3 11.812 0.0436 168.905
7.32 12.137 0.0442 169.888
7.34 12.507 0.046 171.322
7.36 12.171 0.0494 171.797
7.38 11.637 0.0494 170.819
7.4 10.882 0.052 170.029
7.42 10.604 0.0561 170.597
7.44 10.967 0.0586 172.178
7.46 12.019 0.0604 175.034
7.48 12.019 0.0605 175.189
7.5 12.542 0.0582 175.829
7.52 12.632 0.0551 175.341
7.54 12.526 0.0509 174.105
7.56 12.457 0.048 173.247
7.58 12.321 0.0454 172.3
7.6 12.27 0.0443 171.972
7.62 12.365 0.0425 171.696
7.64 12.514 0.0425 172.117
7.66 12.668 0.0428 172.647
7.68 12.738 0.0453 173.728
7.7 12.839 0.047 174.586
7.72 12.896 0.051 176.015
7.74 12.896 0.0543 177.063
7.76 12.952 0.0575 178.148
7.78 12.956 0.0594 178.766
7.8 12.88 0.0619 179.356
7.82 12.811 0.0633 179.679
7.84 12.747 0.0649 180.051
7.86 12.687 0.0656 180.217
7.88 12.645 0.0655 180.235
7.9 12.634 0.0655 180.34
7.92 12.553 0.0653 180.254
7.94 12.498 0.0647 180.128
7.96 12.353 0.0643 179.858
7.98 12.167 0.0637 179.451
8 12.167 0.0643 179.716
8.02 11.656 0.0678 179.523
8.04 11.218 0.0712 179.388
8.06 10.521 0.0752 178.672
8.08 10.127 0.0745 177.677
8.1 9.706 0.0729 176.396
8.12 8.939 0.0739 174.635
8.14 8.343 0.0739 173.027
8.16 7.929 0.0742 171.938
8.18 7.395 0.0781 171.064
8.2 7.243 0.0831 171.553
8.22 7.335 0.0786 171.186
8.24 7.16 0.0706 169.19
8.26 7.16 0.0603 167.097
8.28 6.863 0.0551 164.95
8.3 6.799 0.0551 164.838
8.32 7.149 0.0406 161.977
8.34 7.77 0.0406 164.041
8.36 8.357 0.0358 164.153
8.38 8.357 0.0298 161.774
8.4 7.418 0.0268 157.728
8.42 7.418 0.0244 156.605
8.44 5.678 0.0215 149.212
8.46 5.678 0.0211 149.077
8.48 4.835 0.0205 145.413
8.5 4.444 0.0222 144.708
8.52 4.499 0.0248 146.402
8.54 4.869 0.0294 150.287
8.56 5.237 0.0325 153.244
8.58 5.421 0.0348 154.987
8.6 5.797 0.0337 156.174
8.62 7.05 0.0337 160.741
8.64 8.187 0.0328 163.976
8.66 10.162 0.031 168.474
8.68 11.504 0.0254 168.799
8.7 12.968 0.0246 171.389
8.72 14.01 0.0245 173.359
8.74 14.01 0.0234 172.808
8.76 14.963 0.0304 178.407
8.78 15.44 0.0358 181.785
8.8 16.156 0.0472 187.351
8.82 16.644 0.0542 190.453
8.84 17.229 0.0687 195.339
8.86 17.684 0.0797 198.636
8.88 17.956 0.0919 201.572
8.9 18.149 0.0919 202.009
8.92 18.471 0.11 205.702
8.94 18.66 0.11 206.132
8.96 19.065 0.1205 208.474
8.98 19.277 0.1205 208.936
9 19.231 0.1261 209.784
9.02 19.231 0.1314 210.634
9.04 19.157 0.1356 211.199
9.06 19.157 0.1409 212.004
9.08 19.286 0.1425 212.539
9.1 19.286 0.1448 212.952
9.12 19.434 0.1446 213.292
9.14 19.581 0.1441 213.592
9.16 19.424 0.1448 213.561
9.18 19.079 0.1475 213.467
9.2 18.913 0.1483 213.424
9.22 18.688 0.1495 213.328
9.24 18.564 0.1495 213.252
9.26 17.505 0.1496 211.595
9.28 17.938 0.1375 210.982
9.3 18.31 0.1388 211.9
9.32 18.333 0.1399 212.204
9.34 18.26 0.1399 212.208
9.36 18.163 0.1412 212.335
9.38 18.029 0.1411 212.222
9.4 17.956 0.1412 212.236
9.42 17.758 0.1439 212.357
9.44 17.5 0.1457 212.255
9.46 17.5 0.1451 212.307
9.48 17.27 0.1454 212.064
9.5 17.118 0.145 211.869
9.52 16.902 0.1433 211.398
9.54 16.805 0.1415 211.124
9.56 16.593 0.1384 210.473
9.58 16.266 0.1379 209.93
9.6 15.84 0.1375 209.2
9.62 15.504 0.1375 208.675
9.64 15.009 0.1357 207.595
9.66 14.722 0.1357 207.138
9.68 14.436 0.1321 206.21
9.7 14.137 0.1321 205.708
9.72 14.137 0.1296 205.499
9.74 13.748 0.1251 204.191
9.76 13.47 0.1225 203.351
9.78 13.034 0.117 201.733
9.8 12.703 0.1147 200.769
9.82 12.072 0.1089 198.555
9.84 10.988 0.1033 195.135
9.86 9.28 0.1002 190.071
9.88 7.519 0.1002 184.501
9.9 5.05 0.1042 174.89
9.92 3.781 0.1042 167.846
9.94 2.479 0.122 160.122
9.96 2.15 0.122 156.96
9.98 1.649 0.1347 152.412
10 1.649 0.1361 152.628
10.02 2.913 0.1227 164.33
10.04 2.913 0.0888 160.056
10.06 5.126 0.0673 169.761
10.08 5.126 0.052 166.249
10.1 5.851 0.0424 166.685
10.12 5.913 0.0273 161.023
10.14 5.011 0.0208 153.797
10.16 3.44 0.0142 141.211
10.18 2.793 0.0142 137.112
10.2 2.303 0.0325 142.945
10.22 2.844 0.0325 147.435
10.24 5.145 0.057 168.349
10.26 7.489 0.0711 181.096
10.28 13.03 0.0707 196.144
10.3 13.03 0.0767 197.585
10.32 15.062 0.063 198.583
10.34 16.119 0.0587 199.463
10.36 16.28 0.0568 199.31
10.38 16.303 0.0478 196.615
10.4 16.524 0.0478 197.102
10.42 17.215 0.0556 200.884
10.44 17.689 0.0556 201.779
10.46 18.448 0.0725 207.646
10.48 18.448 0.0882 211.173
10.5 19.346 0.0962 214.278
10.52 19.346 0.1041 215.804
10.54 19.332 0.1106 216.986
10.56 19.332 0.1244 219.235
10.58 18.895 0.1373 220.431
10.6 18.6 0.1479 221.414
10.62 18.448 0.1479 221.268
10.64 17.993 0.1598 222.014
10.66 17.818 0.1598 221.817
10.68 17.739 0.1605 221.872
10.7 17.933 0.1605 222.335
10.72 18.002 0.1581 222.295
10.74 18.002 0.1541 221.936
10.76 18.117 0.1514 221.928
10.78 18.255 0.1491 222.003
10.8 18.2 0.1471 221.771
10.82 18.117 0.1463 221.639
10.84 17.983 0.1466 221.553
10.86 17.666 0.1478 221.25
10.88 17.463 0.1478 220.995
10.9 17.159 0.1498 220.796
10.92 17.017 0.1498 220.645
10.94 16.741 0.1519 220.493
10.96 16.395 0.1519 219.943
10.98 16.395 0.1526 220.138
11 16.059 0.1531 219.654
11.02 15.877 0.154 219.511
11.04 15.702 0.1532 219.177
11.06 15.562 0.1517 218.825
11.08 15.345 0.1504 218.336
11.1 15.118 0.1481 217.698
11.12 14.959 0.1448 217.069
11.14 14.927 0.1448 217.11
11.16 14.922 0.1386 216.418
11.18 14.814 0.1386 216.3
11.2 14.305 0.1353 214.889
11.22 13.559 0.1353 213.344
11.24 12.756 0.1359 211.659
11.26 12.756 0.1362 211.803
11.28 10.854 0.1298 206.21
11.3 11.34 0.1272 207.268
11.32 10.988 0.1265 206.335
11.34 10.967 0.1204 205.533
11.36 10.931 0.1204 205.536
11.38 10.668 0.1069 202.899
11.4 10.304 0.1069 201.986
11.42 9.671 0.0976 198.737
11.44 8.253 0.0976 194.346
11.46 4.82 0.1021 180.626
11.48 4.82 0.0981 180.114
11.5 3.14 0.096 169.112
11.52 3.14 0.0865 167.733
11.54 2.544 0.0787 161.529
11.56 2.544 0.0721 160.433
11.58 2.076 0.0623 153.997
11.6 2.058 0.043 149.203
11.62 2.397 0.0378 150.961
11.64 3.637 0.0356 159.581
11.66 5.731 0.0337 169.685
11.68 8.217 0.0302 177.183
11.7 9.909 0.0305 182.262
11.72 10.834 0.0305 184.707
11.74 11.377 0.0348 188.154
11.76 12.088 0.0388 191.62
11.78 12.705 0.0479 196.505
11.8 13.778 0.053 200.587
11.82 14.745 0.0583 204.265
11.84 14.745 0.0676 206.893
11.86 15.682 0.0766 211.018
11.88 16.234 0.0832 213.635
11.9 16.814 0.0947 217.145
11.92 16.985 0.1022 218.947
11.94 17.031 0.1176 221.708
11.96 17.031 0.1288 223.497
11.98 17.035 0.1288 223.608
12 17.136 0.1382 225.218
12.02 17.233 0.1435 226.213
12.04 17.307 0.1473 226.95
12.06 17.463 0.1487 227.527
12.08 17.795 0.151 228.542
12.1 17.795 0.1524 228.823
12.12 18.112 0.1527 229.548
12.14 18.338 0.1524 230.026
12.16 18.499 0.1535 230.559
12.18 18.61 0.1546 231.001
12.2 18.582 0.1584 231.523
12.22 18.614 0.1624 232.167
12.24 18.591 0.1664 232.702
12.26 13.359 0.1585 221.092
12.28 17.776 0.158 230.42
12.3 17.776 0.1604 230.813
12.32 17.408 0.1621 230.425
12.34 16.851 0.1644 229.721
12.36 16.276 0.1642 228.655
12.38 15.272 0.1625 226.474
12.4 14.39 0.1632 224.723
12.42 12.721 0.158 220.274
12.44 9.826 0.1612 212.683
12.46 7.749 0.1612 205.625
12.48 6.37 0.1539 199.223
12.5 4.613 0.1532 190.189
12.52 3.871 0.1575 185.957
12.54 3.032 0.1582 179.675
12.56 2.328 0.1709 174.159
12.58 2.328 0.1649 173.719
12.6 1.878 0.144 166.613
12.62 1.763 0.13 163.777
12.64 2.217 0.1056 166.442
12.66 3.121 0.082 171.278
12.68 9.264 0.0544 193.689
12.7 16.179 0.0589 211.367
12.72 19.25 0.0571 216.26
12.74 20.622 0.0571 218.51
12.76 22.003 0.0643 222.846
12.78 22.854 0.0643 224.165
12.8 24.235 0.107 235.954
12.82 25.354 0.1205 239.956
12.84 25.764 0.1205 240.615
12.86 25.925 0.1406 244.048
12.88 26.141 0.1594 247.011
12.9 26.183 0.1803 249.721
12.92 26.201 0.1944 251.424
12.94 26.717 0.2155 254.411
12.96 26.717 0.2278 255.698
12.98 27.274 0.2306 256.83
13 27.495 0.2337 257.525
13.02 27.458 0.2392 258.084
13.04 27.283 0.2395 257.983
13.06 27.343 0.2408 258.291
13.08 27.389 0.2447 258.809
13.1 27.085 0.2476 258.757
13.12 27.044 0.2476 258.81
13.14 27.145 0.2466 258.972
13.16 27.113 0.2466 259.037
13.18 26.652 0.2497 258.776
13.2 26.721 0.2497 258.982
13.22 27.048 0.2487 259.459
13.24 27.048 0.2455 259.288
13.26 26.998 0.2239 257.348
13.28 27.145 0.2239 257.658
13.3 27.071 0.2238 257.654
13.32 27.094 0.2268 258.079
13.34 27.136 0.2294 258.49
13.36 26.777 0.2347 258.593
13.38 26.777 0.2407 259.244
13.4 26.777 0.2434 259.593
13.42 26.68 0.2437 259.591
13.44 26.606 0.2452 259.728
13.46 26.551 0.2448 259.722
13.48 26.252 0.2448 259.406
13.5 26.454 0.2426 259.605
13.52 26.45 0.2416 259.617
13.54 26.441 0.2416 259.711
13.56 26.123 0.2449 259.658
13.58 25.989 0.2449 259.572
13.6 25.801 0.2478 259.661
13.62 25.442 0.2478 259.243
13.64 25.442 0.2497 259.514
13.66 25.138 0.2523 259.394
13.68 25.055 0.2525 259.393
13.7 25.018 0.2489 259.134
13.72 25.046 0.2462 259.045
13.74 25.299 0.2404 259.011
13.76 25.004 0.2354 258.227
13.78 24.631 0.2311 257.378
13.8 24.396 0.2311 257.126
13.82 23.794 0.2208 255.335
13.84 23.269 0.2208 254.619
13.86 22.537 0.2227 253.732
13.88 21.952 0.2227 252.874
13.9 21.395 0.2194 251.728
13.92 21.395 0.215 251.405
13.94 21.201 0.213 250.98
13.96 21.201 0.2076 250.544
13.98 20.783 0.2056 249.725
14 20.783 0.2016 249.416
14.02 20.691 0.1966 248.836
14.04 20.898 0.1932 248.93
14.06 20.948 0.192 248.985
14.08 20.98 0.1896 248.878
14.1 21.11 0.1896 249.197
14.12 21.326 0.182 248.813
14.14 21.519 0.182 249.234
14.16 21.441 0.1808 249.064
14.18 21.441 0.1827 249.379
14.2 21.201 0.1852 249.354
14.22 21.201 0.1879 249.753
14.24 20.097 0.1746 246.424
14.26 20.308 0.1748 246.915
14.28 20.101 0.1813 247.397
14.3 20.014 0.1882 248.109
14.32 20.041 0.192 248.666
14.34 20.345 0.1916 249.26
14.36 20.345 0.1922 249.421
14.38 20.912 0.1906 250.333
14.4 21.45 0.1889 251.16
14.42 22.431 0.185 252.442
14.44 23.075 0.1839 253.445
14.46 23.536 0.1865 254.563
14.48 23.724 0.1934 255.724
14.5 24.282 0.2017 257.579
14.52 24.645 0.2017 258.229
14.54 24.719 0.2223 260.539
14.56 24.834 0.2223 260.813
14.58 24.47 0.2378 261.822
14.6 23.471 0.2378 260.355
14.62 22.141 0.2459 258.996
14.64 22.141 0.2576 260.098
14.66 21.349 0.2617 259.176
14.68 20.681 0.2613 258.057
14.7 20.898 0.2574 258.22
14.72 22.15 0.2442 259.353
14.74 23.37 0.2342 260.553
14.76 24.143 0.2169 260.209
14.78 24.143 0.2169 260.307
14.8 23.918 0.2015 258.466
14.82 23.734 0.2015 258.275
14.84 23.522 0.196 257.445
14.86 23.075 0.196 256.831
14.88 23.365 0.1944 257.214
14.9 23.365 0.1912 256.955
14.92 23.011 0.1901 256.363
14.94 23.011 0.1949 256.991
14.96 22.633 0.1964 256.638
14.98 22.633 0.196 256.69
15 22.642 0.1951 256.701
15.02 22.712 0.1968 257.096
15.04 22.638 0.1968 257.071
15.06 22.468 0.1999 257.221
15.08 22.385 0.1999 257.179
15.1 22.265 0.2046 257.572
15.12 22.431 0.2046 257.942
15.14 22.564 0.2083 258.642
15.16 22.564 0.2083 258.737
15.18 23.052 0.2108 259.889
15.2 23.052 0.2106 259.963
15.22 23.78 0.2097 261.132
15.24 23.78 0.2098 261.238
15.26 23.812 0.2116 261.57
15.28 23.121 0.199 259.23
15.3 22.946 0.2069 259.881
15.32 22.329 0.2161 259.896
15.34 21.91 0.2161 259.282
15.36 21.828 0.2221 259.828
15.38 21.887 0.2256 260.361
15.4 22.007 0.2263 260.728
15.42 22.012 0.2284 261.031
15.44 21.864 0.2247 260.517
15.46 21.864 0.2222 260.368
15.48 21.63 0.221 259.942
15.5 21.639 0.2193 259.883
15.52 21.915 0.2199 260.511
15.54 22.159 0.2185 260.881
15.56 22.412 0.2159 261.141
15.58 22.624 0.215 261.498
15.6 22.417 0.215 261.245
15.62 22.385 0.2168 261.466
15.64 22.352 0.2181 261.634
15.66 22.398 0.2195 261.943
15.68 22.647 0.2201 262.513
15.7 22.84 0.2205 262.967
15.72 22.84 0.2198 262.991
15.74 22.979 0.218 263.134
15.76 22.882 0.2173 262.996
15.78 22.592 0.2212 262.995
15.8 22.205 0.2261 262.913
15.82 21.759 0.2301 262.621
15.84 21.57 0.231 262.468
15.86 21.377 0.231 262.221
15.88 21.335 0.2319 262.323
15.9 21.551 0.2297 262.588
15.92 21.671 0.2256 262.496
15.94 21.528 0.2229 262.075
15.96 21.008 0.22 260.96
15.98 21.008 0.2192 260.972
16 20.465 0.2188 260.04
16.02 20.322 0.2206 260.045
16.04 19.894 0.2211 259.388
16.06 19.724 0.2193 258.982
16.08 20.115 0.2139 259.266
16.1 21.478 0.2044 260.828
16.12 22.868 0.1973 262.512
16.14 23.683 0.1973 263.93
16.16 24.788 0.1884 264.742
16.18 25.409 0.1884 265.778
16.2 25.976 0.1802 265.73
16.22 25.603 0.1802 265.268
16.24 25.603 0.1863 266.095
16.26 23.471 0.1831 262.495
16.28 23.536 0.1871 263.162
16.3 23.43 0.1996 264.501
16.32 23.729 0.2115 266.355
16.34 24.567 0.2115 267.78
16.36 24.963 0.2148 268.835
16.38 25.488 0.2151 269.765
16.4 25.695 0.2139 270.045
16.42 25.897 0.2146 270.515
16.44 26.155 0.2158 271.119
16.46 26.155 0.2208 271.728
16.48 26.395 0.2263 272.735
16.5 26.671 0.2292 273.526
16.52 26.915 0.2298 274.036
16.54 26.809 0.2307 274.062
16.56 26.335 0.2379 274.151
16.58 25.63 0.2423 273.59
16.6 24.71 0.2446 272.459
16.62 23.849 0.2446 271.162
16.64 22.596 0.2546 270.051
16.66 21.74 0.2546 268.644
16.68 20.511 0.257 266.699
16.7 19.567 0.2549 264.803
16.72 19.567 0.2518 264.621
16.74 18.913 0.2434 262.674
16.76 18.564 0.2372 261.496
16.78 18.195 0.2268 259.856
16.8 18.181 0.2197 259.226
16.82 18.752 0.2122 259.718
16.84 20.272 0.207 262.194
16.86 22.914 0.197 265.851
16.88 24.77 0.197 268.938
16.9 27.242 0.1813 270.859
16.92 28.328 0.1813 272.478
16.94 29.014 0.1902 274.601
16.96 29.373 0.1902 275.178
16.98 29.709 0.2105 278.055
17 29.709 0.2344 280.646
17.02 30.055 0.2496 282.68
17.04 30.055 0.268 284.451
17.06 30.253 0.2763 285.536
17.08 30.253 0.2862 286.467
17.1 30.276 0.2941 287.242
17.12 30.409 0.2976 287.8
17.14 30.437 0.2967 287.859
17.16 30.234 0.2954 287.57
17.18 30.032 0.2978 287.579
17.2 29.617 0.2988 287.176
17.22 29.783 0.2982 287.452
17.24 29.981 0.2982 287.819
17.26 29.221 0.2698 284.471
17.28 29.557 0.268 284.873
17.3 29.603 0.2689 285.108
17.32 29.18 0.272 284.88
17.34 28.521 0.2751 284.304
17.36 28.011 0.2751 283.657
17.38 27.417 0.2906 284.166
17.4 27.094 0.2906 283.773
17.42 26.547 0.2931 283.233
17.44 26.109 0.2931 282.645
17.46 25.911 0.2896 282.143
17.48 25.911 0.2827 281.667
17.5 25.225 0.2802 280.463
17.52 25.225 0.2748 280.098
17.54 25.064 0.2722 279.707
17.56 24.958 0.2672 279.194
17.58 24.903 0.2607 278.623
17.6 24.783 0.2568 278.168
17.62 24.484 0.2568 277.77
17.64 24.199 0.2511 276.872
17.66 24.254 0.2511 277.049
17.68 24.553 0.2492 277.451
17.7 24.848 0.2492 278.016
17.72 25.502 0.2497 279.192
17.74 25.502 0.2523 279.52
17.76 26.91 0.245 281.092
17.78 26.91 0.2284 279.544
17.8 27.338 0.23 280.43
17.82 27.338 0.2351 281.03
17.84 26.929 0.2464 281.606
17.86 26.312 0.2591 281.931
17.88 25.847 0.2665 281.956
17.9 25.179 0.2749 281.708
17.92 24.94 0.279 281.756
17.94 24.903 0.2799 281.859
17.96 25.092 0.2743 281.779
17.98 24.954 0.2743 281.642
18 24.871 0.272 281.397
18.02 24.903 0.2692 281.294
18.04 25.05 0.2664 281.374
18.06 25.294 0.2633 281.58
18.08 25.294 0.2583 281.217
18.1 25.58 0.2556 281.514
18.12 25.897 0.2559 282.127
18.14 26.008 0.2557 282.369
18.16 26.339 0.2574 283.127
18.18 26.395 0.2607 283.601
18.2 26.694 0.2614 284.211
18.22 26.97 0.2647 285.017
18.24 27.38 0.2647 285.724
18.26 27.504 0.2672 286.221
18.28 27.177 0.254 284.613
18.3 26.827 0.2567 284.419
18.32 26.827 0.2615 284.944
18.34 26.141 0.2678 284.532
18.36 25.488 0.2747 284.184
18.38 25.009 0.2747 283.495
18.4 24.797 0.2836 283.985
18.42 24.765 0.2836 284.018
18.44 24.834 0.2758 283.559
18.46 24.926 0.2758 283.796
18.48 25.244 0.2699 283.889
18.5 25.244 0.2622 283.291
18.52 26.155 0.259 284.536
18.54 26.155 0.2521 283.982
18.56 26.547 0.2462 284.116
18.58 26.547 0.2438 283.97
18.6 26.215 0.2458 283.733
18.62 25.469 0.2508 283.114
18.64 24.875 0.2553 282.656
18.66 24.263 0.2611 282.255
18.68 23.867 0.2611 281.671
18.7 23.121 0.2617 280.523
18.72 22.214 0.2617 278.994
18.74 21.119 0.2594 276.849
18.76 21.119 0.2525 276.311
18.78 19.355 0.25 272.717
18.8 19.355 0.2473 272.551
18.82 16.671 0.2485 266.941
18.84 16.671 0.2492 267.083
18.86 17.491 0.239 268.081
18.88 19.65 0.241 272.882
18.9 20.783 0.241 275.174
18.92 22.141 0.2114 274.763
18.94 22.693 0.2114 275.821
18.96 23.061 0.1688 271.412
18.98 22.578 0.1688 270.665
19 22.228 0.1577 268.611
19.02 22.228 0.1717 270.598
19.04 24.028 0.1701 273.516
19.06 24.028 0.1731 273.994
19.08 25.271 0.1822 277.251
19.1 25.271 0.1981 279.27
19.12 25.534 0.2106 281.196
19.14 25.405 0.2184 281.924
19.16 25.359 0.2184 281.932
19.18 25.202 0.2405 284.031
19.2 25.059 0.2405 283.88
19.22 24.622 0.252 284.347
19.24 23.95 0.252 283.298
19.26 21.63 0.2566 279.673
19.28 22.863 0.2474 281.141
19.3 23.485 0.252 282.744
19.32 24.493 0.252 284.542
19.34 25.363 0.2484 285.716
19.36 27.122 0.2434 288.083
19.38 28.149 0.2343 288.795
19.4 29.723 0.2307 290.775
19.42 31.463 0.2372 293.93
19.44 31.463 0.2428 294.585
19.46 32.822 0.2536 297.545
19.48 33.116 0.2663 299.226
19.5 33.162 0.2853 301.093
19.52 32.973 0.2986 302.074
19.54 32.237 0.3183 302.785
19.56 31.62 0.3338 303.226
19.58 31.265 0.3323 302.706
19.6 31.219 0.3323 302.728
19.62 31.385 0.3135 301.58
19.64 31.666 0.3135 302.053
19.66 32.228 0.2831 300.345
19.68 31.74 0.2831 299.771
19.7 32.085 0.2613 298.327
19.72 32.085 0.255 297.806
19.74 33.563 0.2461 298.943
19.76 33.563 0.2349 297.871
19.78 35.869 0.2404 301.399
19.8 35.869 0.2391 301.348
19.82 36.283 0.2587 303.917
19.84 36.385 0.275 305.675
19.86 36.32 0.278 305.958
19.88 36.081 0.2911 306.926
19.9 35.86 0.3065 308.059
19.92 34.737 0.3183 307.702
19.94 33.558 0.3178 306.221
19.96 32.384 0.3178 304.74
19.98 32.384 0.3165 304.721
20 32.384 0.3169 304.838
