0.02 1.749 0 0
0.04 1.741 0 0
0.06 1.732 0 0
0.08 1.724 0 0
0.1 1.673 0 0
0.12 1.659 0 0
0.14 1.65 0 0
0.16 1.644 0 0
0.18 1.639 0 0
0.2 1.638 0 0
0.22 1.638 0 0
0.24 1.639 0 0
0.26 1.637 0 0
0.28 1.634 0 0
0.3 1.63 0 0
0.32 1.626 0 0
0.34 1.621 0 0
0.36 1.619 0 0
0.38 1.622 0 0
0.4 1.627 0 0
0.42 1.636 0 0
0.44 1.646 0 0
0.46 1.659 0 0
0.48 1.673 0 0
0.5 1.692 0 0
0.52 1.746 0 0
0.54 1.767 0 0
0.56 1.79 0 0
0.58 1.816 0 0
0.6 1.843 0 0
0.62 1.872 0 0
0.64 1.897 0 0
0.66 1.918 0 0
0.68 1.937 0 0
0.7 1.951 0 0
0.72 1.96 0 0
0.74 1.961 0 0
0.76 1.962 0 0
0.78 1.967 0 0
0.8 1.976 0 0
0.82 1.988 0 0
0.84 2.005 0 0
0.86 2.022 0 0
0.88 2.04 0 0
0.9 2.059 0 0
0.92 2.078 0 0
0.94 2.098 0 0
0.96 2.118 0 0
0.98 2.137 0 0
1 2.156 0 0
1.02 2.176 0 0
1.04 2.195 0 0
1.06 2.214 0 0
1.08 2.232 0 0
1.1 2.276 0 0
1.12 2.298 0 0
1.14 2.314 0 0
1.16 2.329 0 0
1.18 2.341 0 0
1.2 2.352 0 0
1.22 2.363 0 0
1.24 2.376 0 0
1.26 2.392 0 0
1.28 2.409 0 0
1.3 2.426 0 0
1.32 2.445 0 0
1.34 2.463 0 0
1.36 2.482 0 0
1.38 2.494 0 0
1.4 2.5 0 0
1.42 2.502 0 0
1.44 2.5 0 0
1.46 2.491 0 0
1.48 2.476 0 0
1.5 2.453 0 0
1.52 2.427 0 0
1.54 2.406 0 0
1.56 2.389 0 0
1.58 2.376 0 0
1.6 2.367 0 0
1.62 2.358 0 0
1.64 2.347 0 0
1.66 2.332 0 0
1.68 2.313 0 0
1.7 2.288 0 0
1.72 2.262 0 0
1.74 2.234 0 0
1.76 2.203 0 0
1.78 2.0429 0.017 81.9377
1.8 2.134 0 0
1.82 2.103 0 0
1.84 2.075 0 0
1.86 2.049 0 0
1.88 2.027 0 0
1.9 2.007 0 0
1.92 1.991 0 0
1.94 1.979 0 0
1.96 1.973 0 0
1.98 1.968 0 0
2 1.962 0 0
2.02 1.956 0 0
2.04 1.948 0 0
2.06 1.939 0 0
2.08 1.929 0 0
2.1 1.919 0 0
2.12 1.909 0 0
2.14 1.901 0 0
2.16 1.893 0 0
2.18 1.886 0 0
2.2 1.879 0 0
2.22 1.869 0 0
2.24 1.859 0 0
2.26 1.847 0 0
2.28 1.836 0 0
2.3 1.824 0 0
2.32 1.813 0 0
2.34 1.801 0 0
2.36 1.786 0 0
2.38 1.774 0 0
2.4 1.764 0 0
2.42 1.754 0 0
2.44 1.743 0 0
2.46 1.734 0 0
2.48 1.728 0 0
2.5 1.72 0 0
2.52 1.714 0 0
2.54 1.709 0 0
2.56 1.703 0 0
2.58 1.698 0 0
2.6 1.696 0 0
2.62 1.701 0 0
2.64 1.725 0 0
2.66 1.76 0 0
2.68 1.802 0 0
2.7 1.857 0 0
2.72 1.92 0 0
2.74 1.992 0 0
2.76 2.094 0 0
2.78 2.203 0 0
2.8 2.314 0 0
2.82 2.425 0 0
2.84 2.531 0 0
2.86 2.63 0 0
2.88 2.717 0 0
2.9 2.8 0 0
2.92 2.878 0 0
2.94 2.951 0 0
2.96 3.017 0 0
2.98 3.077 0 0
3 3.132 0 0
3.02 1.0304 0.017 86.0015
3.04 1.0519 0.017 86.416
3.06 1.0972 0.017 87.1009
3.08 1.2643 0.017 89.0584
3.1 3.453 0 0
3.12 3.521 0 0
3.14 3.579 0 0
3.16 3.63 0 0
3.18 3.673 0 0
3.2 3.71 0 0
3.22 3.743 0 0
3.24 3.764 0 0
3.26 3.778 0 0
3.28 3.786 0 0
3.3 3.792 0 0
3.32 3.797 0 0
3.34 3.805 0 0
3.36 3.819 0 0
3.38 3.855 0 0
3.4 3.903 0 0
3.42 3.951 0 0
3.44 3.992 0 0
3.46 4.031 0 0
3.48 4.062 0 0
3.5 4.091 0 0
3.52 4.117 0 0
3.54 4.135 0 0
3.56 4.143 0 0
3.58 4.142 0 0
3.6 4.134 0 0
3.62 4.122 0 0
3.64 4.098 0 0
3.66 4.068 0 0
3.68 4.034 0 0
3.7 3.994 0 0
3.72 3.957 0 0
3.74 3.916 0 0
3.76 3.85 0 0
3.78 3.776 0 0
3.8 3.692 0 0
3.82 3.596 0 0
3.84 3.5 0 0
3.86 3.408 0 0
3.88 3.325 0 0
3.9 3.243 0 0
3.92 3.153 0 0
3.94 3.062 0 0
3.96 2.972 0 0
3.98 2.887 0 0
4 2.816 0 0
4.02 2.744 0 0
4.04 2.671 0 0
4.06 2.595 0 0
4.08 2.522 0 0
4.1 2.451 0 0
4.12 2.386 0 0
4.14 2.33 0 0
4.16 2.282 0 0
4.18 2.243 0 0
4.2 2.22 0 0
4.22 2.203 0 0
4.24 2.198 0 0
4.26 2.194 0 0
4.28 2.194 0 0
4.3 2.195 0 0
4.32 2.198 0 0
4.34 2.197 0 0
4.36 2.188 0 0
4.38 2.154 0 0
4.4 2.102 0 0
4.42 2.051 0 0
4.44 2.01 0 0
4.46 1.994 0 0
4.48 1.996 0 0
4.5 2.01 0 0
4.52 2.034 0 0
4.54 2.061 0 0
4.56 2.091 0 0
4.58 2.121 0 0
4.6 2.152 0 0
4.62 2.181 0 0
4.64 2.207 0 0
4.66 2.232 0 0
4.68 2.259 0 0
4.7 2.285 0 0
4.72 2.301 0 0
4.74 2.313 0 0
4.76 2.319 0 0
4.78 2.318 0 0
4.8 2.318 0 0
4.82 2.323 0 0
4.84 2.327 0 0
4.86 2.323 0 0
4.88 2.315 0 0
4.9 2.305 0 0
4.92 2.301 0 0
4.94 2.3 0 0
4.96 2.303 0 0
4.98 2.307 0 0
5 2.306 0 0
5.02 2.304 0 0
5.04 2.297 0 0
5.06 2.29 0 0
5.08 2.281 0 0
5.1 2.267 0 0
5.12 2.246 0 0
5.14 2.224 0 0
5.16 2.199 0 0
5.18 2.172 0 0
5.2 2.136 0 0
5.22 2.097 0 0
5.24 2.059 0 0
5.26 2.025 0 0
5.28 1.994 0 0
5.3 1.964 0 0
5.32 1.934 0 0
5.34 1.904 0 0
5.36 1.877 0 0
5.38 1.854 0 0
5.4 1.836 0 0
5.42 1.0537 0.017 101.511
5.44 1.0352 0.017 101.356
5.46 1.2207 0.017 103.897
5.48 1.717 0 0
5.5 1.664 0 0
5.52 1.602 0 0
5.54 1.541 0 0
5.56 1.48 0 0
5.58 1.42 0 0
5.6 1.362 0 0
5.62 1.305 0 0
5.64 1.247 0 0
5.66 1.19 0 0
5.68 1.134 0 0
5.7 1.08 0 0
5.72 1.025 0 0
5.74 0.972 0 0
5.76 0.921 0 0
5.78 0.877 0 0
5.8 0.837 0 0
5.82 0.801 0 0
5.84 0.767 0 0
5.86 0.742 0 0
5.88 0.723 0 0
5.9 0.707 0 0
5.92 0.694 0 0
5.94 0.681 0 0
5.96 0.672 0 0
5.98 0.664 0 0
6 0.659 0 0
6.02 0.658 0 0
6.04 0.666 0 0
6.06 0.691 0 0
6.08 0.725 0 0
6.1 0.77 0 0
6.12 0.821 0 0
6.14 0.858 0 0
6.16 0.894 0 0
6.18 0.924 0 0
6.2 0.949 0 0
6.22 0.97 0 0
6.24 0.986 0 0
6.26 1 0 0
6.28 1.014 0 0
6.3 1.028 0 0
6.32 1.041 0 0
6.34 1.053 0 0
6.36 1.066 0 0
6.38 1.081 0 0
6.4 1.099 0 0
6.42 1.12 0 0
6.44 1.142 0 0
6.46 1.163 0 0
6.48 1.185 0 0
6.5 1.208 0 0
6.52 1.233 0 0
6.54 1.255 0 0
6.56 1.276 0 0
6.58 1.294 0 0
6.6 1.31 0 0
6.62 1.324 0 0
6.64 1.336 0 0
6.66 1.346 0 0
6.68 1.356 0 0
6.7 1.366 0 0
6.72 1.376 0 0
6.74 1.386 0 0
6.76 1.398 0 0
6.78 1.412 0 0
6.8 1.432 0 0
6.82 1.458 0 0
6.84 1.484 0 0
6.86 1.51 0 0
6.88 1.534 0 0
6.9 1.552 0 0
6.92 1.566 0 0
6.94 1.576 0 0
6.96 1.581 0 0
6.98 1.59 0 0
7 1.599 0 0
7.02 1.603 0 0
7.04 1.602 0 0
7.06 1.585 0 0
7.08 1.56 0 0
7.1 1.526 0 0
7.12 1.486 0 0
7.14 1.459 0 0
7.16 1.435 0 0
7.18 1.416 0 0
7.2 1.402 0 0
7.22 1.392 0 0
7.24 1.385 0 0
7.26 1.38 0 0
7.28 1.377 0 0
7.3 1.377 0 0
7.32 1.379 0 0
7.34 1.382 0 0
7.36 1.401 0 0
7.38 1.423 0 0
7.4 1.444 0 0
7.42 1.456 0 0
7.44 1.46 0 0
7.46 1.454 0 0
7.48 1.449 0 0
7.5 1.452 0 0
7.52 1.493 0 0
7.54 1.55 0 0
7.56 1.614 0 0
7.58 1.68 0 0
7.6 1.744 0 0
7.62 1.799 0 0
7.64 1.851 0 0
7.66 1.892 0 0
7.68 1.93 0 0
7.7 1.966 0 0
7.72 1.999 0 0
7.74 2.028 0 0
7.76 2.051 0 0
7.78 2.065 0 0
7.8 2.071 0 0
7.82 2.071 0 0
7.84 2.067 0 0
7.86 2.061 0 0
7.88 2.054 0 0
7.9 2.053 0 0
7.92 2.059 0 0
7.94 2.073 0 0
7.96 2.098 0 0
7.98 2.14 0 0
8 2.19 0 0
8.02 2.254 0 0
8.04 2.326 0 0
8.06 2.408 0 0
8.08 2.493 0 0
8.1 2.586 0 0
8.12 2.686 0 0
8.14 2.791 0 0
8.16 2.9 0 0
8.18 3.011 0 0
8.2 3.126 0 0
8.22 3.246 0 0
8.24 3.384 0 0
8.26 3.643 0 0
8.28 4.026 0 0
8.3 4.429 0 0
8.32 4.858 0 0
8.34 5.365 0 0
8.36 5.934 0 0
8.38 6.598 0 0
8.4 7.353 0 0
8.42 8.176 0 0
8.44 9.005 0 0
8.46 9.162 0 0
8.48 9.324 0 0
8.5 9.482 0 0
8.52 9.605 0 0
8.54 9.718 0 0
8.56 9.83 0 0
8.58 9.949 0 0
8.6 10.078 0 0
8.62 10.227 0 0
8.64 10.39 0 0
8.66 10.577 0 0
8.68 10.778 0 0
8.7 10.994 0 0
8.72 11.227 0 0
8.74 11.478 0 0
8.76 11.749 0 0
8.78 12.048 0 0
8.8 12.367 0 0
8.82 12.709 0 0
8.84 13.08 0 0
8.86 13.48 0 0
8.88 13.913 0 0
8.9 14.38 0 0
8.92 14.878 0 0
