0.02 0.446 0.0015 15.4404
0.03 0.802 0.0017 19.0034
0.04 1.063 0.0025 22.1371
0.05 1.54 0.0078 27.3122
0.06 2.571 0.0039 29.1995
0.07 3.729 0.0039 32.1544
0.0800001 3.729 0.0137 37.0477
0.0900001 6.258 0.0095 40.0065
0.1 10.45 0.0079 43.677
0.11 13.739 0.0079 46.6523
0.12 15.56 0.012 50.3811
0.13 15.56 0.0189 53.4989
0.14 17.82 0.0213 56.2462
0.15 19.738 0.0246 58.8872
0.16 20.509 0.0246 60.285
0.17 19.709 0.0441 63.9929
0.18 19.709 0.0361 63.944
0.19 19.107 0.0361 64.6231
0.2 18.846 0.0443 66.5452
0.21 18.846 0.0458 67.6411
0.22 18.437 0.0366 67.0428
0.23 18.437 0.0366 67.8765
0.24 18.437 0.0366 68.6843
0.25 18.437 0.0366 69.4682
0.26 5.976 0.0167 55.9389
0.27 14.006 0.026 66.3028
0.28 13.597 0.0375 68.7548
0.29 11.243 0.0105 60.7651
0.3 13.238 0.0655 73.1326
0.31 12.561 0.0786 74.3661
0.32 12.481 0.0652 73.7998
0.33 12.103 0.0551 73.0744
0.34 11.363 0.0551 73.017
0.35 10.85 0.057 73.3263
0.36 10.53 0.0684 74.7096
0.37 10.385 0.0685 75.1398
0.38 10.385 0.0518 73.9593
0.39 10.429 0.0502 74.3463
0.4 10.361 0.0502 74.8009
0.41 10.361 0.045 74.634
0.42 10.243 0.0438 74.8434
0.43 10.038 0.0438 75.1156
0.44 9.665 0.0445 75.2853
0.45 9.665 0.0474 76.1561
0.46 9.087 0.0496 76.2327
0.47 8.333 0.0496 75.7392
0.48 7.559 0.0533 75.5728
0.49 7.559 0.0559 76.309
0.5 6.933 0.0591 76.1413
0.51 6.49 0.0591 75.8371
0.52 6.49 0.0651 76.8635
0.53 6.157 0.074 77.5097
0.54 5.965 0.074 77.5589
0.55 5.801 0.0828 78.3724
0.56 5.801 0.0926 79.5025
0.57 5.471 0.1036 79.967
0.58 5.122 0.1036 79.5954
0.59 4.824 0.1106 79.7197
0.6 4.824 0.12 80.6385
0.61 4.415 0.12 79.983
0.62 4.05 0.1252 79.6337
0.63 4.05 0.139 80.6876
0.640001 3.707 0.1473 80.4025
0.650001 3.452 0.1473 79.9253
0.660001 3.452 0.1594 80.7942
0.670001 3.136 0.1615 80.106
0.680001 2.822 0.1615 79.2238
0.690001 2.67 0.1594 78.8284
0.700001 2.67 0.161 79.2101
0.710001 2.583 0.161 79.1447
0.720001 2.423 0.1581 78.6058
0.730001 2.423 0.1571 78.8661
0.740001 2.395 0.1571 79.0326
0.75 2.51 0.1553 79.7891
0.760001 2.51 0.1494 79.8258
0.770001 2.776 0.1462 81.1406
0.780001 3.022 0.1462 82.434
0.790001 3.171 0.1392 82.9624
0.800001 3.171 0.1321 82.8912
0.810001 3.179 0.1306 83.1291
0.820001 3.241 0.1306 83.6455
0.830001 3.241 0.1338 84.097
0.840001 3.281 0.1371 84.6982
0.850001 3.346 0.1371 85.2177
0.860001 3.543 0.1399 86.3475
0.870001 3.543 0.1416 86.7126
0.880001 3.773 0.1479 88.0985
0.890001 4.046 0.1479 89.2692
0.900001 4.046 0.1546 89.8776
0.910001 4.085 0.1546 90.2787
0.920001 4.085 0.1631 90.9576
0.930001 4.108 0.1631 91.3051
0.940001 4.108 0.1685 91.8255
0.950001 4.15 0.1685 92.231
0.960001 4.15 0.17 92.5682
0.970001 4.112 0.17 92.7123
0.980001 3.952 0.1718 92.5282
0.990001 3.952 0.1777 93.0508
1 3.734 0.1777 92.5518
1.01 3.734 0.1781 92.8256
1.02 3.365 0.1781 91.6959
1.03 3.365 0.1776 91.9234
1.04 2.917 0.1776 90.2937
1.05 2.589 0.1703 88.6822
1.06 2.589 0.1622 88.5564
1.07 2.319 0.1622 87.3909
1.08 2.319 0.1567 87.3661
1.09 2.135 0.1567 86.5537
1.1 2.135 0.1492 86.4203
1.11 2.2 0.1492 87.013
1.12 2.523 0.1418 88.5923
1.13 2.523 0.1384 88.6323
1.14 2.922 0.1384 90.7482
1.15 2.922 0.1344 90.7471
1.16 3.174 0.1344 92.0558
1.17 3.174 0.1338 92.2414
1.18 3.426 0.1338 93.4828
1.19 3.594 0.1319 94.2383
1.2 3.594 0.1359 94.6929
1.21 3.61 0.1359 94.9723
1.22 3.61 0.1406 95.4595
1.23 3.493 0.1406 95.2236
1.24 3.493 0.1439 95.6226
1.25 3.358 0.1472 95.4738
1.26 3.157 0.1472 94.8389
1.27 3.157 0.1474 95.0583
1.28 3.017 0.1474 94.6455
1.29 3.017 0.1459 94.7698
1.3 2.99 0.1459 94.8506
1.31 3.067 0.1415 95.1588
1.32 3.067 0.1389 95.2132
1.33 3.124 0.1389 95.6665
1.34 3.124 0.1326 95.4964
1.35 3.053 0.1326 95.3777
1.36 2.993 0.127 94.9593
1.37 2.993 0.1254 95.0526
1.38 3.114 0.1254 95.7901
1.39 3.114 0.1262 96.0333
1.4 3.293 0.1262 97.0025
1.41 3.293 0.1299 97.4286
1.42 3.543 0.129 98.5972
1.43 4.026 0.129 100.625
1.44 4.026 0.1307 100.93
1.45 4.312 0.1307 102.128
1.46 4.312 0.1314 102.369
1.47 3.543 0.1215 99.0554
1.48 3.543 0.1215 99.2423
1.49 4.308 0.1157 101.852
1.5 4.05 0.1157 101.138
1.51 3.848 0.1113 100.257
1.52 3.848 0.1112 100.434
1.53 3.847 0.1112 100.613
1.54 3.914 0.107 100.723
1.55 3.914 0.107 100.905
1.56 3.914 0.107 101.085
1.57 3.914 0.107 101.265
1.58 3.914 0.107 101.444
1.59 3.741 0.0848 99.0282
1.6 3.854 0.078 98.9366
1.61 3.926 0.0689 98.3522
1.62 4.046 0.0638 98.3186
1.63 4.091 0.0604 98.1955
1.64 4.056 0.0561 97.6392
1.65 4.036 0.0527 97.2277
1.66 4.194 0.0515 97.7437
1.67 4.34 0.0515 98.3907
1.68 4.364 0.0512 98.5845
1.69 4.364 0.0524 98.9378
1.7 4.62 0.0564 100.53
1.71 4.965 0.0564 101.744
1.72 4.965 0.0577 102.103
1.73 4.949 0.0577 102.22
1.74 5.007 0.0589 102.731
1.75 5.007 0.0597 103.011
1.76 5.256 0.0597 103.898
1.77 5.256 0.0562 103.54
1.78 5.497 0.0562 104.374
1.79 5.497 0.0481 103.191
1.8 5.543 0.0383 101.532
1.81 5.692 0.0383 102.078
1.82 5.692 0.0354 101.567
1.83 5.875 0.0354 102.186
1.84 5.875 0.0341 102.023
1.85 5.931 0.0341 102.317
1.86 5.859 0.037 102.987
1.87 5.859 0.0408 103.983
1.88 5.695 0.0408 103.713
1.89 5.695 0.0446 104.638
1.9 5.642 0.0446 104.651
1.91 5.572 0.0482 105.293
1.92 5.572 0.0476 105.336
1.93 5.695 0.0476 105.821
1.94 5.526 0.0523 106.344
1.95 5.502 0.0523 106.429
1.96 5.42 0.0586 107.362
1.97 5.42 0.0657 108.542
1.98 5.273 0.0657 108.265
1.99 5.273 0.0709 109.106
2 5.1 0.075 109.244
2.01 4.955 0.075 108.943
2.02 4.955 0.0776 109.403
2.03 4.864 0.0776 109.261
2.04 4.864 0.0699 108.463
2.05 4.78 0.0521 105.722
2.06 4.59 0.0521 105.248
2.07 4.59 0.0377 102.591
2.08 4.438 0.0377 102.232
2.09 4.438 0.0292 100.215
2.1 4.405 0.0235 98.4455
2.11 4.437 0.0235 98.6784
2.12 4.437 0.0212 97.9651
2.13 4.577 0.0212 98.5331
2.14 4.577 0.0218 98.8909
2.15 4.682 0.025 100.482
2.16 4.682 0.025 100.611
2.17 4.776 0.0267 101.584
2.18 4.776 0.0267 101.714
2.19 4.776 0.0292 102.605
2.2 4.889 0.0317 103.788
2.21 4.957 0.0317 104.126
2.22 4.957 0.0326 104.5
2.23 4.989 0.0326 104.727
2.24 4.989 0.0325 104.831
2.25 5.033 0.036 105.992
2.26 4.996 0.036 106.01
2.27 4.996 0.0396 106.985
2.28 4.928 0.0396 106.905
2.29 4.914 0.0449 108.115
2.3 4.914 0.0537 109.87
2.31 4.878 0.0537 109.886
2.32 4.878 0.0599 111.023
2.33 4.847 0.0599 111.054
2.34 4.825 0.0647 111.828
2.35 4.825 0.0694 112.616
2.36 4.896 0.0694 112.986
2.37 5.008 0.073 113.967
2.38 5.008 0.0722 113.996
2.39 4.98 0.0722 114.036
2.4 4.98 0.0663 113.362
2.41 4.814 0.0597 111.959
2.42 4.625 0.0597 111.444
2.43 4.625 0.0562 111.012
2.44 4.437 0.0562 110.477
2.45 4.264 0.0537 109.555
2.46 4.264 0.0492 108.884
2.47 4.099 0.0492 108.389
2.48 3.941 0.0442 106.94
2.49 3.941 0.0413 106.457
2.5 3.854 0.0395 105.841
2.51 4.099 0.0395 106.903
2.52 3.729 0.034 104.264
2.53 3.729 0.0323 103.935
2.54 3.819 0.0323 104.407
2.55 3.961 0.0338 105.469
2.56 3.961 0.0338 105.584
2.57 3.961 0.0338 105.699
2.58 3.961 0.0338 105.813
2.59 3.961 0.0338 105.927
2.6 4.024 0.0309 105.491
2.61 4.241 0.0297 106.055
2.62 4.395 0.0293 106.595
2.63 4.613 0.0307 107.872
2.64 4.977 0.0307 109.173
2.65 5.439 0.0338 111.584
2.66 5.439 0.0368 112.494
2.67 6.003 0.0368 114.222
2.68 6.003 0.0394 114.993
2.69 6.282 0.0394 115.867
2.7 6.282 0.0419 116.582
2.71 6.335 0.0419 116.843
2.72 6.335 0.0387 116.192
2.73 6.588 0.0387 116.969
2.74 6.588 0.0363 116.466
2.75 7.27 0.037 118.437
2.76 8.595 0.037 121.45
2.77 8.595 0.0415 122.738
2.78 10.019 0.0415 125.604
2.79 10.019 0.0442 126.39
2.8 10.737 0.0442 127.783
2.81 10.737 0.0455 128.219
2.82 11.031 0.0455 128.846
2.83 11.031 0.0453 128.925
2.84 11.069 0.0453 129.116
2.85 11.009 0.0393 127.623
2.86 11.009 0.0398 127.882
2.87 11.043 0.0398 128.063
2.88 11.043 0.0443 129.334
2.89 11.094 0.0443 129.545
2.9 11.094 0.049 130.762
2.91 11.106 0.049 130.908
2.92 11.106 0.0527 131.828
2.93 11.183 0.0527 132.085
2.94 11.183 0.056 132.88
2.95 11.219 0.056 133.067
2.96 11.219 0.0595 133.866
2.97 11.175 0.0628 134.519
2.98 11.164 0.0628 134.625
2.99 11.164 0.0656 135.241
3 11.18 0.0656 135.394
3.01 11.18 0.0673 135.808
3.02 11.178 0.0673 135.93
3.03 11.178 0.0683 136.222
3.04 11.13 0.0683 136.262
3.05 11.13 0.0694 136.568
3.06 10.98 0.0694 136.426
3.07 10.973 0.0712 136.828
3.08 10.973 0.0733 137.284
3.09 11.036 0.0733 137.521
3.1 11.036 0.0742 137.784
3.11 11.139 0.0742 138.092
3.12 11.139 0.0756 138.43
3.13 11.168 0.0756 138.606
3.14 11.202 0.0769 138.986
3.15 11.202 0.0774 139.184
3.16 11.38 0.0774 139.624
3.17 11.38 0.0771 139.701
3.18 11.677 0.0771 140.343
3.19 11.677 0.0775 140.526
3.2 11.903 0.0787 141.218
3.21 11.896 0.0787 141.328
3.22 11.896 0.0787 141.451
3.23 11.845 0.0787 141.485
3.24 11.845 0.0806 141.888
3.25 11.855 0.0806 142.027
3.26 11.855 0.083 142.496
3.27 11.751 0.0847 142.677
3.28 11.616 0.0847 142.56
3.29 11.616 0.0876 143.081
3.3 11.532 0.0876 143.052
3.31 11.532 0.0895 143.429
3.32 11.392 0.0909 143.482
3.33 11.207 0.0909 143.264
3.34 11.207 0.0911 143.409
3.35 11.014 0.0911 143.17
3.36 11.038 0.0902 143.215
3.37 11.038 0.0895 143.241
3.38 11.139 0.0895 143.547
3.39 11.139 0.0882 143.49
3.4 11.27 0.0864 143.603
3.41 11.151 0.0864 143.501
3.42 11.151 0.0845 143.352
3.43 11.082 0.0845 143.341
3.44 11.342 0.0829 143.708
3.45 11.342 0.0802 143.428
3.46 11.913 0.0802 144.562
3.47 11.913 0.0771 144.205
3.48 12.397 0.0746 144.753
3.49 12.852 0.0746 145.622
3.5 12.852 0.0771 146.138
3.51 13.132 0.0808 147.282
3.52 13.315 0.0808 147.693
3.53 13.315 0.0829 148.125
3.54 13.305 0.076 147.158
3.55 12.872 0.076 146.573
3.56 12.872 0.0646 144.718
3.57 12.872 0.0646 144.831
3.58 12.872 0.0646 144.943
3.59 12.872 0.0646 145.056
3.6 12.872 0.0646 145.168
3.61 10.58 0.0644 141.199
3.62 11.183 0.062 141.99
3.63 11.233 0.0616 142.114
3.64 11.151 0.0611 141.976
3.65 11.151 0.062 142.258
3.66 11.096 0.0625 142.36
3.67 10.959 0.0655 142.769
3.68 10.816 0.0655 142.607
3.69 10.585 0.0687 142.837
3.7 10.585 0.0696 143.1
3.71 10.299 0.0696 142.643
3.72 10.299 0.0705 142.903
3.73 10.009 0.0706 142.439
3.74 9.795 0.0706 142.102
3.75 9.795 0.0716 142.374
3.76 9.735 0.0716 142.354
3.77 9.735 0.0727 142.64
3.78 9.812 0.0727 142.907
3.79 10.014 0.0712 143.184
3.8 10.014 0.0689 142.898
3.81 10.585 0.0689 144.149
3.82 10.585 0.065 143.556
3.83 11.371 0.065 145.15
3.84 11.371 0.0625 144.782
3.85 12.378 0.0625 146.668
3.86 13.206 0.0602 147.687
3.87 13.206 0.0594 147.629
3.88 13.601 0.0594 148.363
3.89 13.601 0.0596 148.511
3.9 13.722 0.0596 148.807
3.91 13.722 0.0551 147.943
3.92 13.753 0.051 147.147
3.93 13.621 0.051 147.047
3.94 13.621 0.0482 146.461
3.95 13.375 0.0482 146.18
3.96 13.375 0.0488 146.433
3.97 13.158 0.0488 146.191
3.98 12.773 0.0506 146.109
3.99 12.773 0.0557 147.384
4 12.243 0.0557 146.589
4.01 12.243 0.0597 147.54
4.02 11.609 0.0597 146.516
4.03 11.111 0.0631 146.367
4.04 11.111 0.0662 147.054
4.05 10.86 0.0662 146.671
4.06 10.86 0.0684 147.172
4.07 10.754 0.0684 147.065
4.08 10.609 0.0691 147.002
4.09 10.609 0.0675 146.816
4.1 10.407 0.0675 146.509
4.11 10.407 0.0626 145.692
4.12 10.154 0.0582 144.396
4.13 9.875 0.0582 143.915
4.14 9.875 0.0547 143.271
4.15 9.634 0.0547 142.858
4.16 9.369 0.0521 141.805
4.17 9.369 0.0501 141.438
4.18 8.74 0.0501 140.123
4.19 8.74 0.0504 140.286
4.2 7.653 0.0504 137.719
4.21 7.273 0.0523 137.225
4.22 7.273 0.052 137.25
4.23 6.714 0.052 135.768
4.24 6.714 0.0543 136.347
4.25 6.229 0.0602 136.135
4.26 5.897 0.0602 135.153
4.27 5.897 0.067 136.451
4.28 5.846 0.067 136.369
4.29 5.846 0.0626 135.689
4.3 6.454 0.0523 135.68
4.31 7.155 0.0523 137.799
4.32 7.155 0.0471 136.692
4.33 7.304 0.0471 137.186
4.34 6.646 0.0414 133.975
4.35 6.646 0.0386 133.282
4.36 6.032 0.0386 131.518
4.37 6.032 0.0384 131.545
4.38 5.324 0.0384 129.283
4.39 4.76 0.0395 127.595
4.4 4.76 0.0418 128.279
4.41 4.76 0.0418 128.36
4.42 4.027 0.043 125.68
4.43 4.027 0.0472 126.738
4.44 4.236 0.0472 127.745
4.45 4.236 0.0451 127.342
4.46 4.716 0.0451 129.406
4.47 4.926 0.0404 129.114
4.48 4.926 0.0439 130.09
4.49 5.002 0.0439 130.458
4.5 5.002 0.0442 130.613
4.51 4.697 0.0442 129.515
4.52 4.177 0.0442 127.424
4.53 3.784 0.0441 125.677
4.54 3.435 0.0431 123.777
4.55 3.163 0.0437 122.531
4.56 3.163 0.0448 122.86
4.57 3.163 0.0448 122.935
4.58 3.163 0.0448 123.01
4.59 3.163 0.0448 123.084
4.6 3.163 0.0448 123.159
4.61 2.224 0.0331 114.226
4.62 0.496 0.04 93.5468
4.63 4.087 0.044 127.828
4.64 4.506 0.0468 130.383
4.65 4.848 0.0345 128.54
4.66 4.956 0.0345 129.025
4.67 4.971 0.0344 129.127
4.68 4.85 0.0367 129.441
4.69 4.85 0.0391 130.203
4.7 4.679 0.0391 129.608
4.71 4.542 0.0387 129.021
4.72 4.542 0.0312 126.803
4.73 4.65 0.0261 125.432
4.74 5.013 0.0261 126.871
4.75 5.013 0.0272 127.382
4.76 5.762 0.0279 130.314
4.77 6.911 0.0279 133.849
4.78 6.911 0.0275 133.766
4.79 8.065 0.0307 138.112
4.8 9.022 0.0307 140.442
4.81 10.012 0.0309 142.723
4.82 10.012 0.0311 142.882
4.83 11.002 0.0311 144.919
4.84 11.889 0.0312 146.669
4.85 11.889 0.0335 147.625
4.86 12.573 0.0368 150.072
4.87 13.124 0.0368 151.088
4.88 13.671 0.0403 153.22
4.89 13.671 0.0438 154.373
4.9 14.177 0.0438 155.271
4.91 14.177 0.0479 156.52
4.92 14.678 0.0524 158.574
4.93 15.175 0.0524 159.426
4.94 15.175 0.0575 160.754
4.95 15.633 0.0575 161.534
4.96 15.633 0.0622 162.685
4.97 16.061 0.0622 163.41
4.98 16.061 0.065 164.102
4.99 16.427 0.0656 164.853
5 16.827 0.0656 165.517
5.01 16.827 0.0679 166.085
5.02 17.203 0.0679 166.706
5.03 17.203 0.0708 167.38
5.04 17.584 0.0708 168.002
5.05 17.584 0.0736 168.637
5.06 17.912 0.0736 169.18
5.07 18.364 0.0771 170.539
5.08 18.364 0.0801 171.175
5.09 18.919 0.0801 172.005
5.1 18.919 0.083 172.609
5.11 19.294 0.083 173.192
5.12 19.294 0.0851 173.646
5.13 19.622 0.0851 174.163
5.14 19.622 0.0871 174.594
5.15 19.95 0.0871 175.106
5.16 19.95 0.0899 175.663
5.17 20.186 0.0899 176.055
5.18 20.263 0.0923 176.633
5.19 20.263 0.0964 177.368
5.2 20.378 0.0964 177.608
5.21 20.378 0.099 178.096
5.22 20.566 0.099 178.427
5.23 20.566 0.1008 178.79
5.24 20.59 0.1008 178.915
5.25 20.59 0.1021 179.201
5.26 20.475 0.1021 179.151
5.27 20.475 0.1049 179.65
5.28 20.34 0.1049 179.573
5.29 20.34 0.1055 179.753
5.3 20.181 0.1059 179.701
5.31 19.988 0.1059 179.546
5.32 19.988 0.1048 179.484
5.33 19.646 0.1048 179.132
5.34 19.646 0.1045 179.183
5.35 19.237 0.1045 178.734
5.36 19.237 0.1058 179.011
5.37 18.976 0.1058 178.751
5.38 18.976 0.1051 178.745
5.39 18.726 0.1043 178.383
5.4 18.528 0.1043 178.202
5.41 18.528 0.1033 178.151
5.42 18.249 0.1033 177.853
5.43 18.249 0.1015 177.684
5.44 17.931 0.1015 177.326
5.45 17.931 0.0993 177.093
5.46 17.753 0.0993 176.929
5.47 17.55 0.097 176.382
5.48 17.55 0.0946 176.104
5.49 17.314 0.0946 175.85
5.5 17.314 0.0931 175.705
5.51 17.02 0.0931 175.361
5.52 16.64 0.0913 174.596
5.53 16.64 0.0912 174.668
5.54 16.249 0.0912 174.158
5.55 16.249 0.0898 174.022
5.56 15.878 0.0894 173.466
5.57 15.878 0.0894 173.553
5.58 15.878 0.0894 173.639
5.59 15.878 0.0894 173.726
5.6 15.878 0.0894 173.812
5.61 13.65 0.0981 171.473
5.62 14.259 0.0821 170.101
5.63 14.416 0.0800001 170.087
5.64 14.286 0.0791 169.789
5.65 14.141 0.0786 169.534
5.66 14.141 0.078 169.509
5.67 14.023 0.0774 169.279
5.68 13.973 0.0767 169.147
5.69 14.035 0.0767 169.337
5.7 14.25 0.0756 169.587
5.71 14.556 0.0725 169.598
5.72 14.556 0.07 169.186
5.73 14.787 0.07 169.652
5.74 14.789 0.0684 169.412
5.75 14.789 0.0684 169.494
5.76 14.563 0.0684 169.2
5.77 14.105 0.0687 168.566
5.78 14.105 0.0687 168.647
5.79 12.876 0.0763 167.988
5.8 12.59 0.079 168.011
5.81 12.443 0.079 167.807
5.82 12.411 0.0831 168.533
5.83 12.52 0.0868 169.439
5.84 12.52 0.0908 170.156
5.85 12.819 0.0900001 170.691
5.86 13.175 0.0900001 171.447
5.87 13.51 0.0866 171.599
5.88 13.51 0.0806 170.658
5.89 13.732 0.0806 171.14
5.9 13.732 0.0793 170.989
5.91 13.667 0.0756 170.274
5.92 13.305 0.0756 169.697
5.93 13.305 0.0725 169.186
5.94 12.785 0.0725 168.297
5.95 12.11 0.0731 167.18
5.96 12.11 0.0786 168.271
5.97 11.482 0.0786 167.063
5.98 11.482 0.0796 167.317
5.99 10.802 0.0797 165.947
6 10.214 0.0797 164.691
6.01 10.214 0.0792 164.681
6.02 9.66 0.0792 163.439
6.03 9.108 0.0756 161.509
6.04 9.108 0.0722 160.966
6.05 8.48 0.0722 159.392
6.06 8.48 0.0683 158.73
6.07 7.877 0.0642 156.317
6.08 7.405 0.0642 155.004
6.09 7.405 0.0578 153.725
6.1 6.984 0.0578 152.505
6.11 6.984 0.053 151.478
6.12 6.61 0.0509 149.845
6.13 6.386 0.0509 149.171
6.14 6.386 0.0507 149.19
6.15 6.201 0.0507 148.627
6.16 6.015 0.0502 147.921
6.17 6.015 0.049 147.69
6.18 5.825 0.049 147.075
6.19 5.825 0.0484 146.991
6.2 5.697 0.0484 146.587
6.21 5.618 0.0483 146.333
6.22 5.618 0.0492 146.623
6.23 5.62 0.0492 146.696
6.24 5.62 0.0493 146.787
6.25 5.834 0.0493 147.644
6.26 6.34 0.0484 149.261
6.27 6.34 0.0474 149.068
6.28 7.128 0.0474 151.671
6.29 7.128 0.0503 152.49
6.3 7.863 0.0503 154.728
6.31 8.383 0.0514 156.512
6.32 8.383 0.0507 156.402
6.33 8.901 0.0507 157.828
6.34 8.901 0.0474 157.016
6.35 9.034 0.0596 160.449
6.36 9.265 0.0596 161.104
6.37 9.265 0.0528 159.558
6.38 9.655 0.0528 160.578
6.39 9.983 0.0506 160.852
6.4 9.983 0.05 160.762
6.41 10.395 0.05 161.771
6.42 10.395 0.0488 161.515
6.43 10.785 0.0488 162.444
6.44 11.108 0.0472 162.754
6.45 11.108 0.0483 163.137
6.46 11.462 0.0483 163.946
6.47 11.462 0.0496 164.379
6.48 11.877 0.0466 164.438
6.49 12.233 0.0466 165.21
6.5 12.233 0.0479 165.66
6.51 12.476 0.0501 166.823
6.52 12.592 0.0501 167.116
6.53 12.592 0.0524 167.813
6.54 12.643 0.0524 167.982
6.55 12.645 0.0547 168.659
6.56 12.645 0.0547 168.731
6.57 12.645 0.0547 168.802
6.58 12.645 0.0547 168.874
6.59 12.645 0.0547 168.945
6.6 11.544 0.0534 166.48
6.61 11.992 0.0501 166.579
6.62 12.281 0.05 167.194
6.63 12.558 0.05 167.802
6.64 12.655 0.052 168.608
6.65 12.655 0.0548 169.416
6.66 12.648 0.0575 170.153
6.67 12.633 0.0575 170.195
6.68 12.636 0.0595 170.757
6.69 12.636 0.0614 171.275
6.7 12.602 0.0625 171.533
6.71 12.541 0.0625 171.484
6.72 12.541 0.0642 171.939
6.73 12.457 0.0642 171.843
6.74 12.457 0.0667 172.462
6.75 12.269 0.069 172.641
6.76 11.987 0.069 172.135
6.77 11.987 0.0715 172.717
6.78 11.621 0.0715 172.018
6.79 11.621 0.0732 172.425
6.8 11.166 0.0756 171.967
6.81 10.747 0.0756 171.093
6.82 10.747 0.0775 171.516
6.83 10.498 0.0775 171.008
6.84 10.498 0.0783 171.224
6.85 10.361 0.0781 170.933
6.86 10.287 0.0781 170.826
6.87 10.287 0.0768 170.657
6.88 10.277 0.0768 170.702
6.89 10.277 0.0751 170.453
6.9 10.284 0.0726 170.059
6.91 10.313 0.0726 170.196
6.92 10.313 0.07 169.749
6.93 10.354 0.07 169.914
6.94 10.354 0.0679 169.552
6.95 10.388 0.0668 169.47
6.96 10.402 0.0668 169.57
6.97 10.402 0.0668 169.638
6.98 10.407 0.0668 169.717
6.99 10.407 0.0672 169.869
7 10.409 0.0671 169.92
7.01 10.47 0.0671 170.131
7.02 10.47 0.0669 170.156
7.03 10.52 0.0669 170.34
7.04 10.636 0.067 170.698
7.05 10.636 0.0675 170.871
7.06 10.752 0.0675 171.206
7.07 10.785 0.0682 171.496
7.08 10.785 0.0696 171.854
7.09 10.749 0.0696 171.838
7.1 10.792 0.0703 172.148
7.11 10.792 0.0704 172.235
7.12 10.983 0.0704 172.739
7.13 11.294 0.07 173.42
7.14 11.294 0.0706 173.611
7.15 11.677 0.0706 174.514
7.16 12.086 0.0713 175.594
7.17 12.086 0.0714 175.683
7.18 12.505 0.0714 176.615
7.19 12.922 0.0706 177.354
7.2 12.922 0.0689 177.063
7.21 13.281 0.0689 177.832
7.22 13.568 0.0684 178.341
7.23 13.568 0.0676 178.235
7.24 13.705 0.0676 178.561
7.25 13.773 0.0683 178.91
7.26 13.773 0.07 179.346
7.27 13.794 0.07 179.454
7.28 13.751 0.0723 179.925
7.29 13.751 0.075 180.543
7.3 13.703 0.0782 181.15
7.31 13.676 0.0782 181.167
7.32 13.676 0.082 181.953
7.33 13.683 0.0853 182.634
7.34 13.729 0.0853 182.792
7.35 13.729 0.0868 183.126
7.36 13.765 0.0881 183.491
7.37 13.828 0.0881 183.681
7.38 13.828 0.0896 184.009
7.39 13.833 0.0903 184.207
7.4 13.739 0.0903 184.095
7.41 13.739 0.0908 184.249
7.42 13.529 0.0912 183.977
7.43 13.235 0.0912 183.465
7.44 13.235 0.0912 183.533
7.45 12.917 0.0923 183.143
7.46 12.611 0.0923 182.579
7.47 12.399 0.093 182.317
7.48 12.399 0.0943 182.595
7.49 12.298 0.0943 182.448
7.5 12.274 0.0946 182.513
7.51 12.274 0.0941 182.5
7.52 12.289 0.0919 182.24
7.53 12.296 0.0919 182.323
7.54 12.296 0.0900001 182.073
7.55 12.296 0.088 181.8
7.56 12.298 0.0957 183.145
7.57 12.298 0.0957 183.212
7.58 12.298 0.0957 183.28
7.59 12.298 0.0957 183.347
7.6 10.932 0.1033 181.481
7.61 11.597 0.0814 179.503
7.62 11.886 0.079 179.758
7.63 12.069 0.0777 179.971
7.64 12.166 0.0772 180.148
7.65 12.211 0.0772 180.309
7.66 12.211 0.0775 180.433
7.67 12.262 0.0777 180.645
7.68 12.277 0.0777 180.743
7.69 12.289 0.0789 181.064
7.7 12.289 0.0785 181.053
7.71 12.291 0.0785 181.123
7.72 12.291 0.079 181.284
7.73 12.257 0.0794 181.353
7.74 12.245 0.0794 181.392
7.75 12.274 0.0806 181.746
7.76 12.274 0.0811 181.905
7.77 12.337 0.0811 182.104
7.78 12.481 0.0811 182.474
7.79 12.481 0.081 182.52
7.8 12.662 0.0803 182.832
7.81 12.799 0.0803 183.181
7.82 12.799 0.0789 182.978
7.83 12.857 0.0784 183.066
7.84 12.869 0.0784 183.155
7.85 12.869 0.078 183.142
7.86 12.821 0.0782 183.147
7.87 12.766 0.0782 183.099
7.88 12.713 0.0789 183.19
7.89 12.713 0.0798 183.427
7.9 12.705 0.0798 183.475
7.91 12.722 0.0806 183.727
7.92 12.722 0.0809 183.849
7.93 12.785 0.0821 184.27
7.94 12.874 0.0821 184.519
7.95 12.874 0.0822 184.602
7.96 12.997 0.0819 184.863
7.97 13.076 0.0819 185.089
7.98 13.173 0.081 185.18
7.99 13.173 0.0811 185.264
8 13.276 0.0811 185.536
8.01 13.346 0.0814 185.799
8.02 13.346 0.0817 185.92
8.03 13.394 0.0817 186.08
8.04 13.394 0.0827 186.333
8.05 13.375 0.0835 186.509
8.06 13.293 0.0835 186.408
8.07 13.293 0.0853 186.804
8.08 13.293 0.0864 187.067
8.09 13.37 0.0864 187.287
8.1 13.37 0.087 187.46
8.11 13.455 0.087 187.695
8.12 13.505 0.0881 188.056
8.13 13.505 0.0889 188.262
8.14 13.577 0.0889 188.471
8.15 13.577 0.0891 188.57
8.16 13.683 0.0888 188.793
8.17 13.729 0.0888 188.949
8.18 13.729 0.0892 189.084
8.19 13.794 0.0891 189.259
8.2 13.823 0.0891 189.38
8.21 13.823 0.0887 189.373
8.22 13.826 0.0887 189.444
8.23 13.763 0.0888 189.401
8.24 13.763 0.0891 189.518
8.25 13.664 0.0891 189.385
8.26 13.664 0.0904 189.677
8.27 13.587 0.0914 189.76
8.28 13.553 0.0914 189.755
8.29 13.553 0.0923 189.974
8.3 13.575 0.0929 190.184
8.31 13.575 0.0929 190.248
8.32 13.575 0.0927 190.278
8.33 13.616 0.0927 190.424
8.34 13.57 0.0924 190.343
8.35 13.57 0.0927 190.458
8.36 13.483 0.0927 190.345
8.37 13.349 0.0928 190.152
8.38 13.349 0.0929 190.232
8.39 13.211 0.0929 190.01
8.4 13.088 0.0932 189.868
8.41 13.088 0.0923 189.778
8.42 13.009 0.0923 189.675
8.43 13.088 0.0912 189.714
8.44 12.985 0.091 189.526
8.45 12.946 0.091 189.506
8.46 12.886 0.0899 189.25
8.47 12.886 0.0894 189.225
8.48 12.794 0.0885 188.932
8.49 12.705 0.0885 188.804
8.5 12.705 0.088 188.777
8.51 12.626 0.0866 188.418
8.52 12.602 0.0866 188.428
8.53 12.602 0.086 188.38
8.54 12.602 0.0854 188.332
8.55 12.64 0.0854 188.475
8.56 12.64 0.0854 188.536
8.57 12.64 0.0854 188.597
8.58 12.64 0.0854 188.658
8.59 12.64 0.0854 188.72
8.6 10.125 0.1076 186.394
8.61 12.199 0.0833 187.49
8.62 12.392 0.0803 187.402
8.63 12.484 0.0800001 187.603
8.64 12.541 0.0801 187.807
8.65 12.587 0.0796 187.868
8.66 12.619 0.0792 187.918
8.67 12.655 0.0789 187.997
8.68 12.742 0.0783 188.123
8.69 12.742 0.0793 188.382
8.7 12.833 0.0809 188.949
8.71 12.927 0.0809 189.208
8.72 12.927 0.0817 189.424
8.73 12.898 0.0817 189.423
8.74 12.782 0.0825001 189.39
8.75 12.782 0.0839 189.716
8.76 12.662 0.0855 189.816
8.77 12.607 0.0855 189.758
8.78 12.607 0.0866 190.02
8.79 12.71 0.0876 190.485
8.8 12.91 0.0876 190.974
8.81 13.105 0.0883 191.574
8.82 13.105 0.0875001 191.489
8.83 13.284 0.087 191.833
8.84 13.423 0.087 192.181
8.85 13.423 0.0863 192.112
8.86 13.553 0.0873 192.624
8.87 13.681 0.0873 192.945
8.88 13.782 0.0861 192.988
8.89 13.782 0.0845 192.747
8.9 13.838 0.0848 192.977
8.91 13.804 0.0848 192.969
8.92 13.804 0.0863 193.311
8.93 13.746 0.0873 193.439
8.94 13.698 0.0873 193.402
8.95 13.698 0.0885 193.682
8.96 13.691 0.0891 193.837
8.97 13.802 0.0891 194.122
8.98 13.802 0.0898 194.309
8.99 14.103 0.0891 194.847
9 14.365 0.0891 195.425
9.01 14.365 0.0891 195.485
9.02 14.474 0.0891 195.758
9.03 14.474 0.0897 195.928
9.04 14.512 0.0877 195.695
9.05 14.276 0.0877 195.293
9.06 14.276 0.0845 194.75
9.07 13.939 0.0845 194.141
9.08 13.939 0.081 193.518
9.09 13.643 0.081 192.98
9.1 13.25 0.0798 191.989
9.11 13.25 0.0824 192.561
9.12 12.862 0.0824 191.797
9.13 12.862 0.0849 192.333
9.14 12.549 0.0849 191.71
9.15 12.549 0.0862 192.011
9.16 12.262 0.0862 191.431
9.17 12.12 0.0878 191.461
9.18 12.12 0.0923 192.317
9.19 12.269 0.0923 192.714
9.2 12.269 0.0956 193.336
9.21 12.667 0.0956 194.286
9.22 12.667 0.0964 194.479
9.23 12.982 0.094 194.818
9.24 13.216 0.094 195.379
9.25 13.216 0.0902 194.768
9.26 13.38 0.0902 195.173
9.27 13.38 0.0858 194.42
9.28 13.402 0.0858 194.525
9.29 13.459 0.0825001 194.068
9.3 13.459 0.0816 193.949
9.31 13.5 0.0816 194.092
9.32 13.5 0.0813 194.09
9.33 13.563 0.0813 194.278
9.34 13.609 0.0801 194.19
9.35 13.609 0.0786 193.943
9.36 13.645 0.0786 194.074
9.37 13.645 0.0766 193.716
9.38 13.645 0.0766 193.773
9.39 13.638 0.0758 193.647
9.4 13.638 0.077 193.958
9.41 13.671 0.077 194.083
9.42 13.671 0.0769 194.119
9.43 13.715 0.0769 194.266
9.44 13.758 0.0759 194.2
9.45 13.758 0.0741 193.869
9.46 13.818 0.0741 194.048
9.47 13.818 0.0744 194.17
9.48 13.871 0.0756 194.593
9.49 13.919 0.0756 194.747
9.5 13.919 0.0763 194.953
9.51 13.963 0.0781 195.478
9.52 14.025 0.0781 195.66
9.53 14.025 0.0800001 196.109
9.54 14.018 0.0800001 196.152
9.55 13.977 0.0824 196.609
9.56 13.977 0.0851 197.195
9.57 13.977 0.0851 197.252
9.58 13.977 0.0851 197.309
9.59 13.977 0.0851 197.366
9.6 4.579 -0.0016 -nan
9.61 13.098 0.0826 195.157
9.62 13.45 0.0812 195.682
9.63 13.744 0.0818 196.47
9.64 13.871 0.0818 196.787
9.65 13.871 0.0835 197.181
9.66 14.042 0.0852 197.917
9.67 14.172 0.0852 198.237
9.68 14.172 0.0861 198.468
9.69 14.356 0.0875001 199.161
9.7 14.527 0.0875001 199.558
9.71 14.527 0.0875001 199.615
9.72 14.649 0.0875001 199.913
9.73 14.753 0.0872 200.117
9.74 14.753 0.0882 200.364
9.75 14.777 0.0882 200.468
9.76 14.777 0.0897 200.806
9.77 14.736 0.0925001 201.297
9.78 14.852 0.0925001 201.582
9.79 14.852 0.0942 201.945
9.8 15.04 0.0942 202.369
9.81 15.228 0.096 203.108
9.82 15.228 0.0972 203.376
9.83 15.483 0.0972 203.92
9.84 15.739 0.0977 204.548
9.85 15.739 0.0994 204.899
9.86 15.941 0.0994 205.334
9.87 15.941 0.1008 205.631
9.88 16.124 0.1013 206.112
9.89 16.191 0.1013 206.293
9.9 16.191 0.1016 206.402
9.91 16.187 0.1016 206.452
9.92 16.138 0.1029 206.639
9.93 16.138 0.1045 206.962
9.94 15.989 0.1045 206.744
9.95 15.782 0.1066 206.756
9.96 15.782 0.1087 207.149
9.97 15.483 0.1087 206.637
9.98 15.483 0.1105 206.977
9.99 15.194 0.1125 206.783
10 14.927 0.1125 206.313
10.01 14.927 0.1145 206.673
10.02 14.678 0.1159 206.439
10.03 14.481 0.1159 206.094
10.04 14.481 0.1163 206.211
10.05 14.327 0.1163 205.95
10.06 14.223 0.1159 205.732
10.07 14.223 0.1137 205.461
10.08 14.182 0.1137 205.433
10.09 14.197 0.1105 205.033
10.1 14.197 0.1083 204.747
10.11 14.182 0.1083 204.772
10.12 14.252 0.1053 204.495
10.13 14.312 0.1045 204.545
10.14 14.329 0.1045 204.636
10.15 14.329 0.1035 204.528
10.16 14.375 0.1028 204.563
10.17 14.394 0.1028 204.658
10.18 14.394 0.1016 204.514
10.19 14.375 0.1016 204.531
10.2 14.341 0.1027 204.7
10.21 14.341 0.1038 204.938
10.22 14.281 0.1038 204.87
10.23 14.228 0.1048 204.979
10.24 14.228 0.1061 205.245
10.25 14.158 0.1061 205.155
10.26 14.129 0.1079 205.438
10.27 14.129 0.1079 205.493
10.28 14.132 0.1079 205.555
10.29 14.136 0.1084 205.698
10.3 14.136 0.1073 205.579
10.31 14.115 0.1073 205.591
10.32 14.144 0.1069 205.643
10.33 14.144 0.1057 205.505
10.34 14.168 0.1057 205.611
10.35 14.213 0.1045 205.565
10.36 14.213 0.1032 205.406
10.37 14.23 0.1032 205.496
10.38 14.189 0.1024 205.333
10.39 14.189 0.1028 205.455
10.4 14.175 0.1029 205.497
10.41 14.139 0.1029 205.477
10.42 14.139 0.1042 205.746
10.43 14.117 0.1043 205.771
10.44 14.144 0.1043 205.883
10.45 14.144 0.1044 205.954
10.46 14.189 0.1048 206.169
10.47 14.269 0.1048 206.391
10.48 14.356 0.1047 206.61
10.49 14.356 0.1041 206.566
10.5 14.445 0.1041 206.804
10.51 14.548 0.1029 206.871
10.52 14.548 0.1028 206.909
10.53 14.616 0.1023 207.019
10.54 14.746 0.1022 207.321
10.55 14.854 0.1022 207.594
10.56 14.893 0.1024 207.76
10.57 14.893 0.1024 207.815
10.58 14.893 0.1024 207.87
10.59 3.202 -0.0015 -nan
10.6 13.474 0.1096 206.164
10.61 14.122 0.103 206.547
10.62 14.394 0.1019 206.985
10.63 14.356 0.1021 206.994
10.64 14.344 0.1032 207.208
10.65 14.278 0.1049 207.406
10.66 14.247 0.1045 207.329
10.67 14.269 0.1045 207.43
10.68 14.269 0.1068 207.86
10.69 14.245 0.1077 208.009
10.7 14.213 0.1077 207.995
10.71 14.213 0.1079 208.082
10.72 14.184 0.1079 208.074
10.73 14.184 0.1089 208.288
10.74 13.985 0.1103 208.14
10.75 14.184 0.1103 208.617
10.76 14.184 0.1103 208.671
10.77 13.5 0.1105 207.276
10.78 13.245 0.1105 206.761
10.79 13.245 0.1099 206.721
10.8 13.004 0.1095 206.166
10.81 12.806 0.1095 205.763
10.82 12.806 0.1081 205.596
10.83 12.64 0.1074 205.152
10.84 12.462 0.1074 204.786
10.85 12.462 0.1073 204.823
10.86 12.272 0.1066 204.311
10.87 12.127 0.1066 204.014
10.88 12.127 0.1046 203.745
10.89 12.05 0.1025 203.267
10.9 12.016 0.1025 203.236
10.91 12.016 0.1004 202.938
10.92 11.937 0.0973 202.268
10.93 11.918 0.0973 202.273
10.94 11.918 0.0951 201.94
10.95 11.843 0.0931 201.451
10.96 11.809 0.0931 201.419
10.97 11.809 0.0908 201.051
10.98 11.732 0.0885 200.484
10.99 11.643 0.0885 200.315
11 11.643 0.0868 200.043
11.01 11.534 0.0862 199.707
11.02 11.392 0.0862 199.402
11.03 11.392 0.0853 199.278
11.04 11.27 0.0853 199.019
11.05 11.166 0.0844 198.629
11.06 11.166 0.0839 198.58
11.07 11.06 0.0839 198.358
11.08 11.06 0.0832 198.269
11.09 10.963 0.0824 197.908
11.1 10.93 0.0824 197.872
11.11 10.911 0.0814 197.671
11.12 10.911 0.0809 197.619
11.13 10.978 0.0809 197.843
11.14 11.226 0.0781 197.949
11.15 11.226 0.0756 197.463
11.16 11.64 0.0756 198.545
11.17 12.024 0.0741 199.192
11.18 12.024 0.0723 198.835
11.19 12.248 0.0723 199.413
11.2 12.378 0.0715 199.582
11.21 12.378 0.072 199.747
11.22 12.544 0.072 200.18
11.23 12.544 0.0731 200.482
11.24 12.71 0.0739 201.094
11.25 12.956 0.0739 201.7
11.26 12.956 0.0742 201.818
11.27 13.303 0.0745 202.705
11.28 13.667 0.0745 203.545
11.29 13.667 0.0751 203.731
11.3 13.828 0.0756 204.238
11.31 13.835 0.0756 204.303
11.32 13.835 0.0751 204.24
11.33 13.821 0.0751 204.261
11.34 13.821 0.0746 204.197
11.35 13.804 0.0747 204.234
11.36 13.804 0.0747 204.284
11.37 13.804 0.0745 204.288
11.38 13.775 0.0745 204.276
11.39 13.775 0.0746 204.349
11.4 13.895 0.0746 204.654
11.41 13.895 0.0749 204.773
11.42 14.25 0.0748 205.545
11.43 14.604 0.0748 206.323
11.44 14.604 0.0756 206.556
11.45 14.823 0.0756 207.049
11.46 14.823 0.0761 207.213
11.47 14.922 0.0761 207.462
11.48 14.943 0.077 207.758
11.49 14.943 0.0788 208.208
11.5 14.915 0.0788 208.202
11.51 14.915 0.0803 208.579
11.52 14.792 0.0803 208.381
11.53 14.777 0.0819 208.743
11.54 14.777 0.0835 209.13
11.55 14.678 0.0835 208.978
11.56 14.678 0.0835 209.028
11.57 14.678 0.0835 209.078
11.58 14.678 0.0835 209.129
11.59 5.919 0.041 172.99
11.6 13.606 0.0834 206.936
11.61 14.1 0.0805 207.439
11.62 14.233 0.0805 207.77
11.63 14.204 0.0803 207.715
11.64 14.204 0.0815 208.022
11.65 14.107 0.0815 207.866
11.66 13.973 0.0829 207.924
11.67 13.973 0.0839 208.182
11.68 13.813 0.0839 207.886
11.69 13.748 0.0836 207.732
11.7 13.748 0.0821 207.469
11.71 13.732 0.0821 207.484
11.72 13.797 0.081 207.441
11.73 13.797 0.0811 207.512
11.74 13.852 0.0811 207.68
11.75 13.852 0.0811 207.729
11.76 13.741 0.0814 207.601
11.77 13.527 0.0814 207.181
11.78 13.527 0.0822 207.399
11.79 13.377 0.0828 207.24
11.8 13.339 0.0828 207.204
11.81 13.339 0.0822 207.128
11.82 13.368 0.0824 207.283
11.83 13.37 0.0824 207.337
11.84 13.37 0.0823 207.364
11.85 13.262 0.0832 207.358
11.86 13.002 0.0832 206.817
11.87 12.628 0.0845 206.263
11.88 12.628 0.0851 206.433
11.89 12.127 0.0851 205.281
11.9 11.549 0.0862 204.108
11.91 11.549 0.0879 204.488
11.92 12.127 0.0879 205.979
11.93 12.127 0.0894 206.317
11.94 10.342 0.0906 201.912
11.95 9.903 0.0906 200.701
11.96 9.585 0.0909 199.861
11.97 9.585 0.0900001 199.742
11.98 9.301 0.0900001 198.925
11.99 8.978 0.0892 197.814
12 8.978 0.0881 197.656
12.01 8.725 0.0879 196.853
12.02 8.448 0.0879 195.985
12.03 8.448 0.0809 194.682
12.04 8.26 0.0718 192.179
12.05 8.14 0.0718 191.819
12.06 8.14 0.0641 190.061
12.07 7.991 0.06 188.56
12.08 7.897 0.06 188.282
12.09 7.897 0.0595 188.194
12.1 7.913 0.0607 188.606
12.11 7.95 0.0607 188.776
12.12 7.918 0.0639 189.518
12.13 7.918 0.0677 190.474
12.14 7.786 0.0677 190.057
12.15 7.607 0.0756 191.213
12.16 7.607 0.0785 191.857
12.17 7.518 0.0785 191.576
12.18 7.543 0.0757 191.133
12.19 7.543 0.0754 191.113
12.2 7.624 0.0754 191.451
12.21 7.689 0.0783 192.332
12.22 7.689 0.0792 192.559
12.23 7.634 0.0792 192.403
12.24 7.586 0.0773 191.884
12.25 7.586 0.0776 191.99
12.26 7.492 0.0776 191.689
12.27 7.432 0.0722 190.365
12.28 7.432 0.065 188.751
12.29 7.434 0.065 188.801
12.3 7.603 0.0619 188.687
12.31 7.603 0.0656 189.643
12.32 7.779 0.0656 190.312
12.33 7.858 0.0657 190.657
12.34 7.858 0.0654 190.627
12.35 7.81 0.0634 190.01
12.36 7.624 0.0634 189.394
12.37 7.624 0.0631 189.362
12.38 7.306 0.0631 188.246
12.39 6.976 0.0647 187.43
12.4 6.976 0.0655 187.663
12.41 6.825 0.0655 187.115
12.42 7.097 0.0632 187.654
12.43 7.097 0.0684 188.935
12.44 7.528 0.0684 190.588
12.45 7.641 0.0684 191.04
12.46 7.641 0.0743 192.403
12.47 7.755 0.0743 192.857
12.48 7.904 0.0752 193.623
12.49 7.904 0.0752 193.666
12.5 7.952 0.0752 193.878
12.51 7.952 0.078 194.512
12.52 7.798 0.0737 193.095
12.53 7.723 0.0737 192.869
12.54 7.723 0.0729 192.737
12.55 7.547 0.0702 191.538
12.56 7.451 0.0702 191.228
12.57 7.451 0.0702 191.27
12.58 7.451 0.0702 191.312
12.59 7.451 0.0702 191.355
12.6 7.451 0.0702 191.397
12.61 5.487 0.0516 178.556
12.62 7.574 0.0428 184.192
12.63 8.085 0.0444 186.542
12.64 8.287 0.0472 188.202
12.65 8.496 0.0561 191.655
12.66 8.66 0.0638 194.293
12.67 8.68 0.0638 194.401
12.68 8.957 0.0722 197.345
12.69 8.957 0.0806 199.204
12.7 10.426 0.0877 205.089
12.71 12.857 0.0877 211.419
12.72 12.857 0.0929 212.481
12.73 14.474 0.0915 215.911
12.74 15.396 0.0915 217.887
12.75 16.076 0.0926 219.514
12.76 16.485 0.0965 221.115
12.77 16.485 0.1051 222.739
12.78 16.76 0.1063 223.53
12.79 17.256 0.1063 224.52
12.8 17.863 0.1016 224.842
12.81 18.34 0.0855 222.529
12.82 18.34 0.0698 218.851
12.83 18.972 0.0637 218.302
12.84 19.598 0.0637 219.372
12.85 20.234 0.0617 219.847
12.86 20.234 0.0682 221.735
12.87 20.701 0.0682 222.512
12.88 20.701 0.0792 225.347
12.89 20.234 0.0792 224.656
12.9 20.923 0.0873 227.627
12.91 20.836 0.0969 229.523
12.92 20.836 0.0969 229.573
12.93 20.836 0.0998 230.186
12.94 20.764 0.1055 231.187
12.95 20.648 0.1055 231.05
12.96 20.648 0.1109 232.061
12.97 20.446 0.1109 231.783
12.98 20.446 0.1168 232.834
12.99 20.248 0.1209 233.227
13 20.248 0.1209 233.276
13.01 19.294 0.1228 232.011
13.02 19.294 0.1228 232.061
13.03 18.899 0.1243 231.654
13.04 18.899 0.1241 231.672
13.05 19.005 0.1241 231.908
13.06 19.005 0.1277 232.51
13.07 19.372 0.131 233.697
13.08 19.526 0.131 234.013
13.09 19.526 0.1296 233.854
13.1 19.637 0.1296 234.094
13.11 19.637 0.1248 233.41
13.12 19.617 0.1218 232.953
13.13 19.569 0.1218 232.92
13.14 19.569 0.1193 232.568
13.15 19.506 0.1193 232.509
13.16 19.506 0.119 232.51
13.17 19.492 0.123 233.175
13.18 19.434 0.123 233.124
13.19 19.434 0.1262 233.672
13.2 19.521 0.1262 233.872
13.21 19.588 0.1295 234.54
13.22 19.588 0.1313 234.859
13.23 19.646 0.1313 235.008
13.24 19.646 0.13 234.863
13.25 19.67 0.13 234.953
13.26 19.8 0.1304 235.286
13.27 19.8 0.1287 235.078
13.28 19.926 0.1287 235.343
13.29 19.926 0.1299 235.574
13.3 20.171 0.1295 235.977
13.31 20.403 0.1295 236.416
13.32 20.403 0.1311 236.707
13.33 20.595 0.1311 237.076
13.34 20.595 0.1337 237.513
13.35 20.581 0.1373 238.065
13.36 20.374 0.1373 237.768
13.37 20.374 0.1389 238.047
13.38 20.061 0.1389 237.566
13.39 19.8 0.1398 237.295
13.4 19.8 0.1412 237.541
13.41 19.555 0.1412 237.165
13.42 19.555 0.1411 237.2
13.43 19.246 0.1422 236.859
13.44 18.784 0.1422 236.08
13.45 18.784 0.143 236.239
13.46 18.119 0.143 235.065
13.47 18.119 0.1436 235.195
13.48 17.367 0.1426 233.676
13.49 16.625 0.1426 232.26
13.5 16.625 0.1425 232.294
13.51 16.172 0.1375 230.733
13.52 15.931 0.1375 230.282
13.53 15.931 0.1336 229.778
13.54 15.796 0.129 228.876
13.55 15.676 0.129 228.671
13.56 15.676 0.1247 228.074
13.57 15.676 0.1247 228.121
13.58 15.676 0.1247 228.168
13.59 15.676 0.1247 228.214
13.6 15.676 0.1247 228.261
13.61 13.194 0.1387 224.691
13.62 14.958 0.1265 227.088
13.63 15.122 0.1201 226.511
13.64 15.628 0.1179 227.284
13.65 15.902 0.1122 226.962
13.66 15.902 0.1093 226.514
13.67 16.201 0.108 226.943
13.68 16.302 0.108 227.192
13.69 16.302 0.1079 227.221
13.7 16.418 0.1085 227.604
13.71 16.548 0.1085 227.909
13.72 16.548 0.1101 228.233
13.73 16.644 0.1101 228.469
13.74 16.75 0.1117 228.999
13.75 16.75 0.114 229.434
13.76 16.818 0.114 229.615
13.77 16.866 0.1145 229.839
13.78 16.866 0.1138 229.768
13.79 17.015 0.1138 230.106
13.8 17.165 0.1135 230.393
13.81 17.165 0.1123 230.235
13.82 17.41 0.1123 230.752
13.83 17.622 0.1097 230.751
13.84 17.622 0.108 230.498
13.85 17.753 0.1063 230.486
13.86 17.892 0.1063 230.791
13.87 17.892 0.1069 230.945
13.88 17.83 0.1085 231.162
13.89 17.786 0.1085 231.126
13.9 17.786 0.1114 231.68
13.91 17.921 0.1113 231.961
13.92 18.215 0.1113 232.552
13.93 18.215 0.1133 232.943
13.94 18.885 0.1133 234.205
13.95 19.617 0.1183 236.386
13.96 19.617 0.1159 236.03
13.97 20.21 0.1159 237.091
13.98 20.21 0.1126 236.569
13.99 20.663 0.1126 237.373
14 20.663 0.1109 237.12
14.01 20.783 0.1091 237.042
14.02 20.933 0.1091 237.334
14.03 20.933 0.1088 237.327
14.04 21.077 0.1088 237.608
14.05 21.077 0.1104 237.944
14.06 21.328 0.1106 238.433
14.07 21.67 0.1106 239.027
14.08 21.67 0.1137 239.625
14.09 21.858 0.1137 239.971
14.1 21.858 0.1156 240.349
14.11 21.94 0.1155 240.509
14.12 21.896 0.1155 240.487
14.13 21.896 0.1134 240.167
14.14 21.805 0.1134 240.07
14.15 21.752 0.1136 240.069
14.16 21.752 0.1128 239.975
14.17 21.631 0.1128 239.829
14.18 21.631 0.1121 239.752
14.19 21.694 0.1121 239.899
14.2 21.848 0.1119 240.155
14.21 21.848 0.1096 239.788
14.22 22.046 0.1096 240.146
14.23 22.046 0.1091 240.102
14.24 22.354 0.1091 240.629
14.25 22.354 0.1068 240.25
14.26 22.735 0.1084 241.18
14.27 23 0.1084 241.63
14.28 23 0.108 241.603
14.29 22.918 0.108 241.526
14.3 22.918 0.1081 241.591
14.31 22.86 0.1081 241.55
14.32 22.903 0.1081 241.662
14.33 22.903 0.1068 241.466
14.34 23.212 0.1068 241.979
14.35 23.212 0.1096 242.548
14.36 23.539 0.1109 243.323
14.37 23.78 0.1109 243.727
14.38 23.78 0.1134 244.227
14.39 24.055 0.1134 244.679
14.4 24.055 0.1144 244.905
14.41 24.161 0.1168 245.531
14.42 24.267 0.1168 245.733
14.43 24.267 0.116 245.64
14.44 24.272 0.116 245.695
14.45 24.339 0.1174 246.085
14.46 24.339 0.1176 246.167
14.47 24.171 0.1176 245.969
14.48 24.171 0.1162 245.771
14.49 24.079 0.1136 245.221
14.5 23.857 0.1136 244.941
14.51 23.857 0.1124 244.772
14.52 23.578 0.1124 244.405
14.53 23.159 0.1096 243.31
14.54 23.159 0.1058 242.643
14.55 22.739 0.1058 242.051
14.56 22.739 0.1021 241.381
14.57 22.739 0.1021 241.427
14.58 22.739 0.1021 241.473
14.59 22.739 0.1021 241.519
14.6 3.978 -0.0019 -nan
14.61 20.085 0.1278 241.806
14.62 20.899 0.1063 239.54
14.63 21.135 0.1021 239.17
14.64 21.207 0.1021 239.333
14.65 21.067 0.0989 238.517
14.66 20.884 0.0968 237.838
14.67 20.884 0.0981 238.147
14.68 20.677 0.0985 237.931
14.69 20.523 0.0969 237.397
14.7 20.273 0.0969 237.023
14.71 19.873 0.0957 236.144
14.72 19.873 0.0927 235.563
14.73 19.449 0.0927 234.877
14.74 19.449 0.0879 233.884
14.75 18.972 0.0856 232.58
14.76 18.393 0.0856 231.588
14.77 18.393 0.0858 231.676
14.78 17.796 0.0858 230.622
14.79 17.097 0.0873 229.669
14.8 17.097 0.0877 229.799
14.81 16.423 0.0877 228.515
14.82 16.423 0.0894 228.923
14.83 15.97 0.0894 228.046
14.84 15.517 0.0901 227.293
14.85 15.517 0.0916 227.648
14.86 15.204 0.0916 227.023
14.87 15.204 0.0912 226.983
14.88 15.334 0.0912 227.304
14.89 16.095 0.0901 228.707
14.9 16.095 0.0921 229.168
14.91 17.15 0.0921 231.316
14.92 17.15 0.0953 232.017
14.93 17.979 0.0953 233.643
14.94 17.979 0.096 233.829
14.95 18.562 0.0938 234.497
14.96 18.827 0.0938 235.02
14.97 18.827 0.0891 234.06
14.98 18.962 0.0891 234.345
14.99 18.972 0.0852 233.535
15 18.972 0.0844 233.395
15.01 18.697 0.0844 232.948
15.02 18.697 0.0850001 233.128
15.03 18.167 0.0850001 232.208
15.04 17.887 0.0862 232.002
15.05 17.887 0.0898 232.836
15.06 18.35 0.0898 233.738
15.07 18.35 0.0924 234.337
15.08 19.217 0.0955 236.592
15.09 20.041 0.0955 238.071
15.1 20.041 0.1023 239.481
15.11 20.875 0.1081 242.044
15.12 21.525 0.1081 243.16
15.13 21.525 0.1053 242.674
15.14 21.877 0.1053 243.286
15.15 22.012 0.1018 242.862
15.16 22.012 0.0967 241.87
15.17 22.253 0.0967 242.294
15.18 22.706 0.0932 242.299
15.19 22.706 0.0908 241.818
15.2 23.139 0.0908 242.521
15.21 23.525 0.0865 242.164
15.22 23.525 0.0851 241.88
15.23 23.91 0.0851 242.49
15.24 23.91 0.0796 241.19
15.25 24.44 0.0803 242.173
15.26 25.115 0.0803 243.169
15.27 25.115 0.0873 244.911
15.28 25.587 0.0917 246.62
15.29 25.997 0.0917 247.23
15.3 25.997 0.0938 247.741
15.31 26.267 0.0954 248.505
15.32 26.604 0.0954 249.006
15.33 26.604 0.0945 248.855
15.34 26.956 0.0945 249.372
15.35 27.312 0.0971 250.454
15.36 27.312 0.0994 250.988
15.37 27.702 0.0994 251.546
15.38 27.967 0.0966 251.338
15.39 27.967 0.0948 250.991
15.4 27.861 0.0948 250.899
15.41 27.861 0.0968 251.38
15.42 27.943 0.0968 251.532
15.43 28.016 0.0968 251.672
15.44 28.016 0.0942 251.148
15.45 28.102 0.0942 251.304
15.46 28.117 0.0952 251.589
15.47 28.117 0.0986 252.37
15.48 27.987 0.0986 252.247
15.49 27.712 0.0936 250.846
15.5 27.712 0.0936 250.891
15.51 27.514 0.0936 250.677
15.52 27.355 0.0923 250.221
15.53 27.355 0.0933 250.49
15.54 27.129 0.0933 250.236
15.55 27.129 0.0925001 250.102
15.56 26.792 0.0929 249.786
15.57 26.792 0.0929 249.831
15.58 26.792 0.0929 249.875
15.59 26.792 0.0929 249.92
15.6 14.435 0.0211 202.136
15.61 24.199 0.118 251.322
15.62 24.479 0.1134 250.952
15.63 24.383 0.1113 250.465
15.64 24.383 0.109 250.075
15.65 24.72 0.1116 251.106
15.66 24.855 0.1131 251.627
15.67 24.816 0.1127 251.541
15.68 24.816 0.1122 251.492
15.69 24.864 0.1144 252.014
15.7 24.893 0.1142 252.064
15.71 24.739 0.113 251.662
15.72 24.527 0.113 251.395
15.73 24.175 0.1113 250.6
15.74 24.175 0.107 249.824
15.75 23.64 0.1059 248.85
15.76 23.009 0.1059 247.927
15.77 23.009 0.1015 247.096
15.78 22.335 0.1023 246.245
15.79 21.747 0.1023 245.344
15.8 21.212 0.0998 244.006
15.81 21.212 0.0998 244.049
15.82 20.918 0.0998 243.601
15.83 20.99 0.1004 243.886
15.84 20.99 0.1023 244.31
15.85 21.304 0.1023 244.876
15.86 21.858 0.1045 246.262
15.87 21.858 0.1077 246.924
15.88 22.672 0.1077 248.271
15.89 22.672 0.1115 249.031
15.9 23.573 0.1124 250.644
15.91 23.877 0.1124 251.151
15.92 23.877 0.1105 250.839
15.93 24.262 0.1105 251.461
15.94 24.262 0.1035 250.139
15.95 24.546 0.1035 250.603
15.96 24.546 0.1017 250.281
15.97 24.397 0.1017 250.105
15.98 24.397 0.1062 251.051
15.99 24.036 0.1062 250.556
16 24.036 0.1077 250.893
16.01 23.53 0.1077 250.168
16.02 23.53 0.1096 250.576
16.03 23.375 0.1096 250.381
16.04 23.375 0.113 251.062
16.05 23.241 0.113 250.898
16.06 23.241 0.1174 251.74
16.07 22.846 0.1174 251.163
16.08 22.846 0.1192 251.524
16.09 22.754 0.1192 251.422
16.1 22.754 0.1191 251.448
16.11 22.754 0.1191 251.491
16.12 22.913 0.116 251.235
16.13 23.009 0.116 251.43
16.14 23.009 0.116 251.473
16.15 23.009 0.1101 250.426
16.16 23.221 0.1101 250.8
16.17 23.221 0.106 250.053
16.18 23.424 0.106 250.409
16.19 23.424 0.0995 249.137
16.2 23.573 0.0995 249.408
16.21 23.573 0.0938 248.229
16.22 23.694 0.0938 248.455
16.23 23.694 0.0979 249.383
16.24 23.718 0.0979 249.462
16.25 23.718 0.1036 250.683
16.26 24.199 0.1036 251.451
16.27 24.199 0.1074 252.249
16.28 24.787 0.1074 253.166
16.29 24.787 0.1124 254.17
16.3 25.057 0.1124 254.61
16.31 25.057 0.1146 255.064
16.32 25.235 0.1146 255.368
16.33 25.235 0.1146 255.412
16.34 25.101 0.1146 255.259
16.35 25.101 0.1166 255.67
16.36 24.961 0.1166 255.508
16.37 24.961 0.1168 255.588
16.38 24.744 0.1168 255.31
16.39 24.744 0.1179 255.553
16.4 24.619 0.1179 255.41
16.41 24.619 0.1183 255.525
16.42 24.416 0.1183 255.264
16.43 24.416 0.1172 255.109
16.44 24.209 0.1172 254.839
16.45 24.209 0.1152 254.517
16.46 24.093 0.1152 254.384
16.47 24.093 0.1188 255.08
16.48 24.31 0.1202 255.701
16.49 24.199 0.1202 255.576
16.5 24.199 0.1202 255.619
16.51 23.896 0.1202 255.199
16.52 23.896 0.1197 255.153
16.53 23.241 0.1197 254.177
16.54 23.241 0.1192 254.131
16.55 22.624 0.1192 253.191
16.56 22.624 0.1192 253.233
16.57 22.624 0.1192 253.276
16.58 9.133 -0.0016 -nan
16.59 19.627 0.1395 251.498
16.6 20.928 0.1339 253.012
16.61 20.769 0.1331 252.65
16.62 20.889 0.129 252.245
16.63 20.711 0.1276 251.748
16.64 20.494 0.1276 251.408
16.65 20.311 0.1246 250.629
16.66 20.311 0.1232 250.435
16.67 20.22 0.1232 250.315
16.68 20.113 0.1236 250.233
16.69 20.113 0.1241 250.359
16.7 20.311 0.126 251.071
16.71 20.364 0.126 251.207
16.72 20.364 0.1245 250.999
16.73 20.205 0.1245 250.757
16.74 20.205 0.1248 250.849
16.75 19.993 0.1196 249.625
16.76 19.637 0.1196 249.021
16.77 19.637 0.1164 248.501
16.78 19.285 0.1133 247.34
16.79 18.87 0.1133 246.607
16.8 18.87 0.1122 246.448
16.81 18.533 0.1115 245.721
16.82 18.234 0.1115 245.187
16.83 18.234 0.1117 245.264
16.84 18.133 0.1137 245.471
16.85 18.104 0.1137 245.455
16.86 18.104 0.113 245.369
16.87 18.152 0.1126 245.431
16.88 18.263 0.1126 245.687
16.89 18.364 0.1124 245.886
16.9 18.364 0.1122 245.89
16.91 18.523 0.1122 246.236
16.92 18.735 0.1094 246.162
16.93 18.735 0.1065 245.653
16.94 19.29 0.1065 246.728
16.95 19.964 0.1049 247.68
16.96 19.964 0.1026 247.264
16.97 20.538 0.1026 248.316
16.98 21.058 0.1001 248.742
16.99 21.058 0.1012 249.009
17 21.535 0.1012 249.854
17.01 21.756 0.1019 250.406
17.02 21.756 0.1021 250.488
17.03 21.684 0.1024 250.471
17.04 21.627 0.1024 250.416
17.05 21.627 0.1052 251.02
17.06 21.853 0.1076 251.909
17.07 21.853 0.1076 251.95
17.08 22.686 0.1105 253.914
17.09 22.686 0.1135 254.522
17.1 22.932 0.1135 254.959
17.11 22.98 0.1145 255.263
17.12 22.98 0.1151 255.416
17.13 22.807 0.1168 255.491
17.14 22.446 0.1168 254.946
17.15 22.446 0.1195 255.473
17.16 22.089 0.1208 255.154
17.17 21.877 0.1208 254.842
17.18 21.887 0.12 254.759
17.19 21.887 0.1218 255.116
17.2 22.065 0.1222 255.524
17.21 22.422 0.1222 256.157
17.22 22.422 0.1215 256.076
17.23 22.735 0.1193 256.239
17.24 23.077 0.1193 256.832
17.25 23.342 0.1155 256.604
17.26 23.342 0.1129 256.16
17.27 23.592 0.1129 256.595
17.28 23.747 0.1114 256.592
17.29 23.747 0.1097 256.305
17.3 23.949 0.1097 256.659
17.31 24.021 0.1093 256.734
17.32 24.021 0.11 256.911
17.33 23.93 0.11 256.812
17.34 23.669 0.1103 256.506
17.35 23.669 0.1104 256.567
17.36 23.226 0.1104 255.91
17.37 23.226 0.113 256.448
17.38 22.658 0.113 255.576
17.39 22.296 0.1178 255.909
17.4 22.296 0.1228 256.836
17.41 22.34 0.1228 256.95
17.42 22.34 0.1281 257.896
17.43 22.527 0.1322 258.925
17.44 22.894 0.1322 259.57
17.45 22.894 0.1309 259.398
17.46 23.212 0.1309 259.955
17.47 23.212 0.1348 260.632
17.48 23.385 0.1389 261.604
17.49 23.125 0.1389 261.225
17.5 23.125 0.1427 261.853
17.51 22.397 0.1427 260.691
17.52 21.453 0.152 260.486
17.53 21.453 0.1614 261.831
17.54 20.687 0.1614 260.505
17.55 20.687 0.1718 261.903
17.56 20.195 0.1803 262.09
17.57 19.815 0.1803 261.415
17.58 19.815 0.1803 261.456
17.59 19.815 0.1803 261.498
17.6 19.815 0.1803 261.539
17.61 11 0.187 241.055
17.62 18.181 0.1897 259.494
17.63 18.769 0.1809 259.699
17.64 18.943 0.1769 259.602
17.65 18.827 0.1753 259.217
17.66 18.533 0.1753 258.671
17.67 18.268 0.1687 257.353
17.68 17.916 0.1587 255.372
17.69 17.916 0.1493 254.118
17.7 17.82 0.1513 254.242
17.71 18.249 0.1386 253.3
17.72 18.774 0.1386 254.377
17.73 18.774 0.1506 256.181
17.74 19.839 0.1506 258.265
17.75 20.788 0.1383 258.212
17.76 20.788 0.1309 257.074
17.77 21.8 0.1309 258.88
17.78 22.513 0.1298 259.94
17.79 22.513 0.1358 260.96
17.8 22.966 0.1348 261.59
17.81 23.173 0.1348 261.969
17.82 23.173 0.1373 262.411
17.83 23.27 0.1376 262.657
17.84 23.284 0.1376 262.721
17.85 23.284 0.1496 264.596
17.86 23.115 0.1496 264.36
17.87 22.59 0.1553 264.349
17.88 22.59 0.1682 266.151
17.89 21.68 0.1682 264.621
17.9 20.677 0.1775 264.043
17.91 20.677 0.1847 264.959
17.92 19.535 0.1847 262.841
17.93 19.535 0.1871 263.164
17.94 18.499 0.1891 261.379
17.95 17.541 0.1891 259.425
17.96 17.541 0.1884 259.385
17.97 16.876 0.1884 257.986
17.98 16.818 0.1874 257.784
17.99 16.818 0.1817 257.162
18 17.478 0.1817 258.631
18.01 18.384 0.1763 259.907
18.02 18.384 0.1732 259.564
18.03 19.029 0.1738 260.971
18.04 19.526 0.1738 261.982
18.05 19.526 0.1742 262.073
18.06 20.451 0.1791 264.476
18.07 21.598 0.1791 266.603
18.08 21.598 0.1792 266.657
18.09 22.571 0.1682 266.984
18.1 23.371 0.1682 268.368
18.11 23.371 0.1464 265.327
18.12 23.563 0.1447 265.423
18.13 23.472 0.1447 265.316
18.14 23.472 0.152 266.445
18.15 23.197 0.1465 265.219
18.16 22.778 0.1465 264.565
18.17 22.778 0.122 260.607
18.18 22.118 0.122 259.546
18.19 21.52 0.118 257.846
18.2 21.52 0.1303 260.022
18.21 22.118 0.1303 261.09
18.22 22.118 0.1387 262.491
18.23 20.205 0.1428 259.762
18.24 19.29 0.1428 258.074
18.25 19.29 0.1542 259.768
18.26 18.389 0.1542 258.024
18.27 18.389 0.1645 259.455
18.28 17.391 0.1645 257.418
18.29 16.62 0.1668 256.077
18.3 16.62 0.1687 256.358
18.31 15.902 0.1687 254.771
18.32 15.902 0.168 254.722
18.33 15.059 0.168 252.77
18.34 14.115 0.1667 250.301
18.35 14.115 0.1641 250.011
18.36 13.226 0.1641 247.718
18.37 13.226 0.1591 247.118
18.38 12.476 0.1545 244.489
18.39 11.838 0.1545 242.685
18.4 11.838 0.1481 241.869
18.41 11.031 0.1481 239.458
18.42 11.031 0.1445 239.004
18.43 10.238 0.1424 236.198
18.44 8.937 0.1424 231.656
18.45 8.937 0.1288 229.764
18.46 7.557 0.1288 224.315
18.47 6.22 0.1137 215.894
18.48 6.22 0.0922 212.194
18.49 5.516 0.0922 208.586
18.5 5.516 0.0819 206.572
18.51 4.826 0.0819 202.665
18.52 3.987 0.0852 197.846
18.53 3.987 0.094 199.501
18.54 3.679 0.094 197.234
18.55 3.679 0.0864 195.885
18.56 3.796 0.0836 196.261
18.57 4.542 0.0836 201.427
18.58 4.091 0.0606 193.205
18.59 4.091 0.051 190.481
18.6 5.591 0.0479 198.237
18.61 5.709 0.0472 198.62
18.62 5.914 0.0638 204.731
18.63 6.458 0.0747 210.112
18.64 8.031 0.0819 218.511
18.65 8.031 0.0819 218.544
18.66 9.923 0.0849 226.013
18.67 10.424 0.0879 228.314
18.68 10.677 0.0868 228.898
18.69 10.845 0.0793 227.729
18.7 10.874 0.0697 225.417
18.71 10.727 0.0614 222.648
18.72 10.566 0.0532 219.562
18.73 10.233 0.0465 216.15
18.74 9.706 0.044 213.558
18.75 9.089 0.0451 212.015
18.76 8.465 0.0469 210.57
18.77 8.465 0.051 212.075
18.78 7.629 0.0527 209.525
18.79 7.205 0.0527 207.837
18.8 7.205 0.0597 210.036
18.81 7.468 0.0715 214.347
18.82 8.485 0.0715 218.357
18.83 9.932 0.0904 227.799
18.84 9.932 0.112 231.931
18.85 11.838 0.112 237.904
18.86 13.534 0.1216 244.236
18.87 13.534 0.1211 244.189
18.88 14.351 0.1211 246.295
18.89 14.351 0.123 246.65
18.9 14.442 0.0992 242.533
18.91 14.678 0.0992 243.135
18.92 14.678 0.0913 241.498
18.93 15.057 0.0806 239.92
18.94 15.013 0.0806 239.854
18.95 15.013 0.0785 239.363
18.96 14.698 0.0785 238.669
18.97 14.31 0.0752 236.938
18.98 14.31 0.076 237.181
18.99 13.659 0.076 235.631
19 13.659 0.0755 235.536
19.01 13.009 0.078 234.557
19.02 12.048 0.078 232.013
19.03 12.048 0.0781 232.072
19.04 11.188 0.0781 229.644
19.05 11.188 0.0857 231.458
19.06 10.677 0.0863 230.073
19.07 10.144 0.0863 228.416
19.08 10.144 0.0725 225.161
19.09 9.617 0.0725 223.47
19.1 9.617 0.0714 223.219
19.11 10.072 0.0924 229.615
19.12 12.77 0.0924 237.633
19.13 12.77 0.1195 242.808
19.14 15.845 0.1195 250.507
19.15 17.863 0.1468 259.307
19.16 17.863 0.1449 259.063
19.17 19.742 0.1449 262.86
19.18 19.742 0.1521 263.961
19.19 22.157 0.1513 268.305
19.2 22.157 0.1513 268.344
19.21 22.157 0.1296 264.948
19.22 22.157 0.1296 264.986
19.23 29.972 0.1248 275.941
19.24 29.972 0.1374 278.198
19.25 32 0.1374 280.874
19.26 33.108 0.1601 285.909
19.27 33.108 0.1722 287.689
19.28 33.894 0.1722 288.704
19.29 34.597 0.1738 289.824
19.3 34.597 0.1669 288.89
19.31 34.752 0.1586 287.893
19.32 34.491 0.1586 287.622
19.33 34.491 0.1369 284.164
19.34 34.303 0.1181 280.512
19.35 34.145 0.1181 280.366
19.36 34.145 0.109 278.542
19.37 33.976 0.1062 277.781
19.38 33.923 0.1062 277.758
19.39 34.053 0.1098 278.723
19.4 34.053 0.1183 280.498
19.41 34.217 0.1256 282.134
19.42 34.781 0.1256 282.84
19.43 34.781 0.1223 282.254
19.44 37.358 0.121 284.962
19.45 41.666 0.126 290.494
19.46 46.619 0.126 295.273
