0.02 0.1899 0 0
0.03 0.3757 0.0008 16.0019
0.04 0.4282 0.0015 18.6122
0.05 0.4565 0.003 21.1733
0.06 0.4888 0.0061 23.8626
0.07 0.5535 0.0122 26.8627
0.0800001 0.5898 0.0121 28.1155
0.0900001 0.6464 0.0121 29.4373
0.1 0.6464 0.0121 30.3122
0.11 0.7555 0.0121 31.8331
0.12 0.7837 0.0122 32.8075
0.13 0.8241 0.0122 33.7894
0.14 0.8928 0.0121 34.8689
0.15 0.9413 0.012 35.7912
0.16 0.9413 0.0116 36.3365
0.17 1.0504 0.0112 37.4328
0.18 1.0706 0.0112 38.1369
0.19 1.0706 0.0106 38.5375
0.2 1.1352 0.0105 39.3911
0.21 1.1877 0.0102 40.093
0.22 1.2847 0.0098 40.9401
0.23 1.3453 0.0094 41.5808
0.24 1.4099 0.0088 42.129
0.25 1.4099 0.0077 42.139
0.26 1.5271 0.0077 43.0937
0.27 1.5796 0.0065 43.1482
0.28 1.6604 0.006 43.6094
0.29 1.717 0.0054 43.8638
0.3 1.7452 0.0048 43.9504
0.31 1.7695 0.0045 44.2032
0.32 1.8382 0.0045 44.8404
0.33 1.8382 0.0043 45.0549
0.34 1.8907 0.0043 45.615
0.35 1.919 0.0043 46.0825
0.36 1.9513 0.0044 46.6457
0.37 2.0119 0.0045 47.2982
0.38 2.0402 0.0045 47.7461
0.39 2.0402 0.0055 48.9018
0.4 2.0886 0.0055 49.4138
0.41 2.129 0.0054 49.8155
0.42 2.222 0.0052 50.3018
0.43 2.2745 0.0049 50.552
0.44 2.331 0.0047 50.8794
0.45 2.331 0.0047 51.1983
0.46 2.4441 0.0052 52.3028
0.47 2.4926 0.0057 53.1701
0.48 2.5249 0.0078 54.9982
0.49 2.5532 0.0084 55.7459
0.5 2.531 0.0099 56.76
0.51 2.5885 0.0118 58.1008
0.52 2.6461 0.0152 59.8483
0.53 2.7027 0.0152 60.3497
0.54 2.7673 0.0277 63.9873
0.55 2.937 0.0277 64.8681
0.56 3.0582 0.039 67.468
0.57 3.1592 0.0432 68.7009
0.58 3.1915 0.0423 69.0141
0.59 3.2643 0.0432 69.6904
0.6 3.2643 0.0481 70.6454
0.61 3.7612 0.0502 72.6918
0.62 3.7612 0.0512 73.141
0.63 4.1773 0.0514 74.6098
0.640001 4.7752 0.051 76.345
0.650001 5.1145 0.0506 77.3857
0.660001 5.2276 0.0506 77.96
0.670001 5.1671 0.0466 77.6218
0.680001 4.355 0.0355 74.3445
0.690001 4.2863 0.0339 74.1909
0.700001 4.2136 0.0327 74.0825
0.710001 4.0884 0.031 73.7247
0.720001 3.9753 0.0269 72.8486
0.730001 3.9753 0.0259 72.8983
0.740001 3.6521 0.0243 71.904
0.75 3.5996 0.0186 70.4383
0.760001 3.5753 0.017 70.1027
0.770001 3.5717 0.0152 69.6957
0.780001 3.5729 0.0143 69.5952
0.790001 3.5741 0.0143 69.8455
0.800001 3.5915 0.0135 69.804
0.810001 3.7248 0.0132 70.2825
0.820001 3.7975 0.0131 70.6745
0.830001 3.9066 0.0131 71.2029
0.840001 4.0884 0.0131 71.9098
0.850001 4.1813 0.0132 72.4264
0.860001 4.1813 0.0135 72.7983
0.870001 4.3833 0.0136 73.5756
0.880001 4.6217 0.0142 74.6425
0.890001 4.6863 0.0144 75.1145
0.900001 4.7429 0.0144 75.4785
0.910001 4.8398 0.0148 76.1048
0.920001 5.1105 0.0158 77.3567
0.930001 5.264 0.0158 77.9209
0.940001 5.3852 0.0157 78.3681
0.950001 5.6114 0.0156 79.0241
0.960001 5.7407 0.0146 79.0778
0.970001 5.7407 0.0144 79.2149
0.980001 5.8902 0.0145 79.7817
0.990001 5.9993 0.0145 80.2189
1 6.0154 0.0148 80.6116
1.01 6.0518 0.0148 80.9052
1.02 6.1285 0.0165 82.0129
1.03 6.1811 0.0172 82.6221
1.04 6.1554 0.0187 83.3726
1.05 6.1455 0.0195 83.8671
1.06 6.1552 0.0198 84.2144
1.07 6.1649 0.0213 84.9683
1.08 6.1649 0.022 85.4178
1.09 6.2417 0.0224 85.9185
1.1 6.2053 0.0231 86.285
1.11 6.3184 0.0232 86.7588
1.12 6.3831 0.0234 87.1653
1.13 6.3629 0.0235 87.3721
1.14 6.4315 0.0235 87.7217
1.15 6.375 0.0235 87.8233
1.16 6.379 0.0235 88.0429
1.17 6.4396 0.0235 88.3735
1.18 6.4679 0.0235 88.6388
1.19 6.4538 0.0235 88.8191
1.2 6.5053 0.0235 89.1279
1.21 6.5568 0.0235 89.4352
1.22 6.6053 0.0235 89.7353
1.23 6.6982 0.0236 90.1521
1.24 6.8396 0.0241 90.7857
1.25 6.9729 0.0244 91.3358
1.26 7.1991 0.0253 92.2377
1.27 7.1991 0.0257 92.5614
1.28 7.292 0.0257 92.9349
1.29 7.4294 0.0265 93.6253
1.3 7.591 0.0265 94.1177
1.31 7.7001 0.0269 94.6303
1.32 7.8213 0.0273 95.1609
1.33 7.9869 0.0278 95.7934
1.34 8.1162 0.0279 96.2441
1.35 8.1162 0.0284 96.5859
1.36 8.3828 0.0284 97.2357
1.37 8.6535 0.0298 98.2736
1.38 8.7222 0.0306 98.8022
1.39 8.9726 0.0308 99.4589
1.4 9.1787 0.0313 100.118
1.41 9.3564 0.0322 100.831
1.42 9.51 0.0326 101.371
1.43 9.51 0.0338 101.874
1.44 9.8412 0.0344 102.727
1.45 10.1 0.0353 103.532
1.46 10.1 0.0364 103.995
1.47 10.181 0.0367 104.384
1.48 10.463 0.0365 104.946
1.49 10.488 0.0364 105.154
1.5 10.766 0.0347 105.328
1.51 10.766 0.0346 105.497
1.52 10.855 0.0346 105.816
1.53 11.134 0.0347 106.423
1.54 11.037 0.0352 106.608
1.55 11.146 0.0368 107.348
1.56 11.146 0.0397 108.221
1.57 11.275 0.0397 108.593
1.58 11.1479 0.042 109.118
1.59 11.0924 0.0426 109.36
1.6 11.0717 0.0446 109.94
1.61 11.051 0.0455 110.284
1.62 11.065 0.0458 110.554
1.63 11.049 0.0465 110.86
1.64 11.049 0.0465 111.049
1.65 11.021 0.0465 111.196
1.66 10.9472 0.0472 111.414
1.67 10.9372 0.0472 111.585
1.68 10.9368 0.0476 111.849
1.69 10.9365 0.0476 112.033
1.7 10.985 0.0482 112.405
1.71 10.888 0.048 112.406
1.72 10.8655 0.0482 112.594
1.73 10.8878 0.0483 112.828
1.74 10.9101 0.0484 113.062
1.75 10.956 0.0484 113.311
1.76 10.962 0.0488 113.577
1.77 10.968 0.049 113.804
1.78 10.952 0.0491 113.978
1.79 10.936 0.0491 114.131
1.8 10.823 0.0491 114.137
1.81 10.815 0.0491 114.301
1.82 10.815 0.0487 114.398
1.83 10.795 0.0483 114.464
1.84 10.728 0.0481 114.495
1.85 10.6955 0.0478 114.558
1.86 10.6983 0.046 114.368
1.87 10.7011 0.0455 114.439
1.88 10.7075 0.0455 114.619
1.89 10.75 0.0452 114.79
1.9 10.754 0.0445 114.816
1.91 10.758 0.0444 114.968
1.92 10.944 0.0445 115.441
1.93 10.8875 0.0445 115.522
1.94 10.9016 0.0447 115.753
1.95 10.9156 0.0455 116.111
1.96 10.972 0.0458 116.426
1.97 10.875 0.046 116.484
1.98 10.629 0.0461 116.286
1.99 10.5785 0.0461 116.369
2 10.528 0.0461 116.451
2.01 10.516 0.046 116.572
2.02 10.532 0.0458 116.716
2.03 10.4655 0.0453 116.663
2.04 10.399 0.0376 114.92
2.05 10.399 0.0366 114.819
2.06 10.3625 0.0364 114.864
2.07 10.326 0.0366 115.013
2.08 10.33 0.0368 115.225
2.09 10.278 0.0372 115.399
2.1 10.37 0.0385 116.032
2.11 10.1278 0.0394 116.013
2.12 10.0451 0.0408 116.366
2.13 10.042 0.0415 116.679
2.14 10.039 0.0416 116.849
2.15 10.047 0.0422 117.153
2.16 10.055 0.0424 117.364
2.17 10.084 0.0426 117.61
2.18 10.0455 0.0428 117.741
2.19 10.007 0.044 118.097
2.2 9.9543 0.0439 118.135
2.21 9.8433 0.044 118.115
2.22 9.7322 0.0444 118.159
2.23 9.7847 0.0444 118.399
2.24 9.6554 0.0445 118.342
2.25 9.413 0.0447 118.099
2.26 9.5908 0.0449 118.608
2.27 9.2635 0.0449 118.161
2.28 9.2191 0.0449 118.224
2.29 9.114 0.0449 118.173
2.3 8.9161 0.0446 117.877
2.31 8.8191 0.0447 117.855
2.32 8.5687 0.0441 117.376
2.33 8.5687 0.044 117.495
2.34 8.4111 0.044 117.321
2.35 8.0354 0.0434 116.556
2.36 7.9142 0.0433 116.416
2.37 7.6516 0.0432 115.966
2.38 7.5587 0.0424 115.718
2.39 7.0375 0.0425 114.689
2.4 6.8719 0.0424 114.407
2.41 6.3184 0.0423 113.14
2.42 5.9508 0.0422 112.275
2.43 5.5751 0.0421 111.331
2.44 5.3973 0.0412 110.74
2.45 5.1145 0.0412 110.01
2.46 4.8035 0.0391 108.67
2.47 4.6742 0.0377 108.038
2.48 4.5651 0.0348 107.077
2.49 4.3995 0.0332 106.211
2.5 4.3833 0.0308 105.612
2.51 4.3591 0.0296 105.296
2.52 4.3591 0.0284 105.05
2.53 4.3308 0.0284 105.067
2.54 4.2863 0.0252 103.987
2.55 4.2338 0.0237 103.387
2.56 4.2083 0.0224 102.925
2.57 4.1963 0.0181 101.184
2.58 4.1949 0.0137 98.9681
2.59 4.2872 0.0132 99.0786
2.6 4.3796 0.0126 99.1055
2.61 4.5651 0.0123 99.6059
2.62 4.6499 0.0123 99.9764
2.63 4.7833 0.0125 100.626
2.64 4.8802 0.0127 101.157
2.65 4.9772 0.0129 101.683
2.66 5.0378 0.0136 102.416
2.67 5.3892 0.0145 104.077
2.68 5.4498 0.0152 104.763
2.69 5.5953 0.0156 105.498
2.7 5.6155 0.0169 106.368
2.71 5.87 0.0174 107.419
2.72 5.9064 0.0174 107.625
2.73 5.9346 0.0192 108.695
2.74 6.1205 0.0205 109.887
2.75 6.2093 0.0213 110.579
2.76 6.1972 0.0218 110.873
2.77 6.274 0.0227 111.557
2.78 6.1973 0.0233 111.713
2.79 6.1205 0.0237 111.782
2.8 6.1487 0.0245 112.277
2.81 5.9548 0.0245 111.871
2.82 5.9629 0.0246 112.041
2.83 5.8902 0.0247 111.992
2.84 5.6963 0.0246 111.525
2.85 5.6478 0.0246 111.496
2.86 5.6114 0.0246 111.501
2.87 5.5185 0.0246 111.342
2.88 5.4902 0.0246 111.367
2.89 5.3812 0.0247 111.19
2.9 5.3771 0.0247 111.285
2.91 5.3125 0.0247 111.198
2.92 5.3125 0.0247 111.304
2.93 5.1994 0.0245 110.99
2.94 5.1792 0.0242 110.919
2.95 5.1728 0.0237 110.811
2.96 5.1779 0.0237 110.931
2.97 5.1829 0.0237 111.051
2.98 5.2276 0.0237 111.292
2.99 5.4862 0.0248 112.597
3 5.4862 0.025 112.777
3.01 6.1851 0.0251 114.886
3.02 6.8679 0.0256 116.931
3.03 7.2355 0.0267 118.334
3.04 7.4658 0.0267 118.978
3.05 7.5748 0.0291 120.193
3.06 7.7001 0.0295 120.724
3.07 7.6637 0.0295 120.751
3.08 7.692 0.0285 120.578
3.09 7.7486 0.0275 120.456
3.1 7.6799 0.0234 118.803
3.11 7.6799 0.0222 118.389
3.12 7.6486 0.0219 118.292
3.13 7.6497 0.0218 118.354
3.14 7.6508 0.0218 118.462
3.15 7.6637 0.0218 118.595
3.16 7.6799 0.0219 118.781
3.17 7.4395 0.0219 118.342
3.18 7.4382 0.0225 118.71
3.19 7.4379 0.0228 118.944
3.2 7.4437 0.0233 119.275
3.21 7.4496 0.0239 119.645
3.22 7.4617 0.0241 119.86
3.23 7.5183 0.0245 120.259
3.24 7.5183 0.0248 120.484
3.25 7.5748 0.0249 120.758
3.26 7.6274 0.0256 121.261
3.27 7.696 0.0261 121.716
3.28 7.8092 0.0261 122.076
3.29 7.8496 0.0269 122.578
3.3 7.8294 0.0276 122.898
3.31 7.8092 0.0279 123.066
3.32 7.8067 0.0283 123.31
3.33 7.8059 0.0287 123.556
3.34 7.8142 0.029 123.785
3.35 7.8225 0.0296 124.118
3.36 7.8394 0.0296 124.259
3.37 7.8738 0.03 124.579
3.38 7.8496 0.0303 124.73
3.39 7.8657 0.0305 124.938
3.4 7.8778 0.0306 125.102
3.41 7.8859 0.0307 125.256
3.42 7.894 0.0308 125.411
3.43 7.894 0.031 125.58
3.44 7.9304 0.031 125.765
3.45 7.995 0.0313 126.115
3.46 8.096 0.0314 126.478
3.47 8.1364 0.0315 126.704
3.48 8.2293 0.0317 127.08
3.49 8.302 0.0317 127.343
3.5 8.3343 0.0317 127.515
3.51 8.3343 0.0317 127.616
3.52 8.3626 0.0317 127.78
3.53 8.3909 0.0317 127.943
3.54 8.5081 0.0318 128.333
3.55 8.5283 0.0318 128.478
3.56 8.499 0.0318 128.514
3.57 8.4894 0.0318 128.594
3.58 8.4798 0.0318 128.673
3.59 8.4798 0.031 128.5
3.6 8.4111 0.0302 128.17
3.61 8.3768 0.0286 127.614
3.62 8.3424 0.027 127.026
3.63 8.3424 0.0267 127.006
3.64 8.2535 0.0266 126.867
3.65 8.2859 0.0267 127.076
3.66 8.2414 0.0268 127.113
3.67 8.2414 0.0276 127.521
3.68 8.2206 0.0277 127.61
3.69 8.2128 0.0287 128.066
3.7 8.2756 0.0287 128.303
3.71 8.3383 0.0295 128.833
3.72 8.4677 0.0302 129.468
3.73 8.4353 0.0308 129.706
3.74 8.6333 0.0309 130.272
3.75 8.5444 0.0318 130.486
3.76 8.7343 0.0323 131.166
3.77 8.7343 0.034 131.825
3.78 8.7707 0.034 132.001
3.79 8.9282 0.0349 132.725
3.8 9.114 0.035 133.248
3.81 8.9888 0.0361 133.424
3.82 9.1504 0.036 133.833
3.83 9.1504 0.0369 134.206
3.84 9.211 0.0371 134.491
3.85 9.211 0.0375 134.709
3.86 9.212 0.0376 134.838
3.87 9.2131 0.0376 134.937
3.88 9.2474 0.0376 135.106
3.89 9.2615 0.0376 135.233
3.9 9.2756 0.0374 135.299
3.91 9.2918 0.0371 135.338
3.92 9.308 0.0371 135.469
3.93 9.5382 0.0375 136.164
3.94 9.6352 0.0379 136.579
3.95 9.8857 0.0387 137.42
3.96 9.817 0.0396 137.642
3.97 9.9947 0.0403 138.296
3.98 10.31 0.0411 139.241
3.99 10.314 0.0419 139.569
4 10.3535 0.0437 140.233
4.01 10.393 0.0448 140.698
4.02 10.492 0.0453 141.118
4.03 10.467 0.0453 141.167
4.04 10.403 0.046 141.32
4.05 10.16 0.0461 140.962
4.06 10.148 0.0461 141.035
4.07 10.136 0.0461 141.107
4.08 10.16 0.0461 141.252
4.09 10.124 0.0447 140.914
4.1 10.124 0.0441 140.851
4.11 9.813 0.0441 140.315
4.12 9.7907 0.0429 140.042
4.13 9.7685 0.0426 140.008
4.14 9.7322 0.0379 138.672
4.15 9.7402 0.0358 138.125
4.16 9.5746 0.0348 137.552
4.17 9.5428 0.0346 137.512
4.18 9.5284 0.0346 137.574
4.19 9.514 0.0348 137.701
4.2 9.5504 0.035 137.934
4.21 9.2535 0.036 137.721
4.22 9.2299 0.0366 137.951
4.23 9.2264 0.0365 138.003
4.24 9.2571 0.0366 138.191
4.25 9.2878 0.0368 138.41
4.26 9.2292 0.037 138.437
4.27 9.2363 0.0372 138.605
4.28 9.2433 0.0372 138.71
4.29 9.2635 0.038 139.09
4.3 9.2534 0.0386 139.339
4.31 9.2433 0.0388 139.467
4.32 9.1585 0.0389 139.402
4.33 9.1625 0.0389 139.5
4.34 8.9969 0.0389 139.224
4.35 8.9969 0.0389 139.313
4.36 8.9941 0.0388 139.366
4.37 8.9975 0.0384 139.342
4.38 9.0009 0.0381 139.347
4.39 8.9975 0.0381 139.428
4.4 8.9962 0.0376 139.36
4.41 9.0107 0.0374 139.418
4.42 9.0252 0.0374 139.538
4.43 9.1181 0.0374 139.832
4.44 9.2312 0.0374 140.168
4.45 9.3524 0.0381 140.737
4.46 9.5261 0.0387 141.382
4.47 9.5261 0.0402 141.918
4.48 9.413 0.0417 142.195
4.49 9.2878 0.0429 142.345
4.5 8.9767 0.0429 141.736
4.51 8.9323 0.043 141.75
4.52 8.9323 0.043 141.837
4.53 8.6616 0.0429 141.269
4.54 8.6495 0.0428 141.3
4.55 8.5202 0.0419 140.831
4.56 8.4717 0.041 140.547
4.57 8.4414 0.0396 140.154
4.58 8.4408 0.039 140.06
4.59 8.4431 0.039 140.151
4.6 8.4454 0.0385 140.09
4.61 8.5242 0.0382 140.271
4.62 8.6252 0.0382 140.594
4.63 8.7747 0.0381 140.996
4.64 9.0454 0.0376 141.544
4.65 9.1787 0.0371 141.769
4.66 9.1787 0.0356 141.368
4.67 9.1908 0.0321 140.266
4.68 9.2352 0.0321 140.447
4.69 9.114 0.0321 140.263
4.7 9.0777 0.0321 140.265
4.71 9.0252 0.0327 140.447
4.72 8.9807 0.0326 140.395
4.73 8.9755 0.0331 140.643
4.74 8.9878 0.0337 140.964
4.75 9.0001 0.0339 141.144
4.76 9.0615 0.0348 141.674
4.77 9.114 0.0348 141.874
4.78 9.2999 0.0362 142.838
4.79 9.1868 0.0366 142.8
4.8 9.207 0.0365 142.896
4.81 9.3484 0.0377 143.679
4.82 9.3221 0.0388 144.048
4.83 9.2958 0.039 144.134
4.84 9.2544 0.04 144.428
4.85 9.2368 0.04 144.471
4.86 9.2319 0.04 144.543
4.87 9.2335 0.0401 144.659
4.88 9.235 0.0402 144.775
4.89 9.2595 0.0403 144.942
4.9 9.2372 0.0405 145.034
4.91 9.2585 0.0406 145.194
4.92 9.2797 0.0407 145.354
4.93 9.2766 0.0407 145.429
4.94 9.2842 0.0413 145.706
4.95 9.2918 0.0419 145.98
4.96 9.3484 0.0421 146.247
4.97 9.3928 0.0424 146.516
4.98 9.5625 0.0429 147.12
4.99 9.5544 0.0433 147.297
5 9.5382 0.0434 147.372
5.01 9.3726 0.0434 147.082
5.02 9.4049 0.0434 147.237
5.03 9.3655 0.0434 147.229
5.04 9.3662 0.0434 147.312
5.05 9.3668 0.0434 147.394
5.06 9.3807 0.0428 147.336
5.07 9.4817 0.0428 147.645
5.08 9.518 0.0421 147.604
5.09 9.5145 0.0415 147.501
5.1 9.5294 0.0411 147.496
5.11 9.5443 0.0411 147.609
5.12 9.615 0.0411 147.847
5.13 9.7928 0.0411 148.318
5.14 9.9705 0.0389 148.103
5.15 10.023 0.0367 147.579
5.16 10.205 0.0344 147.247
5.17 10.366 0.0335 147.333
5.18 10.572 0.0343 148.121
5.19 10.702 0.0352 148.782
5.2 10.787 0.0354 149.101
5.21 11.219 0.0357 150.132
5.22 11.324 0.037 150.862
5.23 11.417 0.0381 151.489
5.24 11.356 0.0389 151.715
5.25 11.3206 0.0396 151.952
5.26 11.3039 0.0396 152.001
5.27 11.3865 0.0427 153.198
5.28 11.469 0.0427 153.438
5.29 11.586 0.0449 154.387
5.3 11.548 0.0462 154.763
5.31 11.5451 0.0465 154.921
5.32 11.5457 0.0467 155.059
5.33 11.5463 0.0476 155.388
5.34 11.619 0.0476 155.609
5.35 11.619 0.048 155.799
5.36 11.562 0.0484 155.877
5.37 11.405 0.0482 155.597
5.38 11.243 0.0487 155.491
5.39 11.15 0.0493 155.544
5.4 11.1387 0.0494 155.627
5.41 11.1275 0.0494 155.685
5.42 11.174 0.0494 155.858
5.43 11.098 0.0494 155.785
5.44 11.146 0.0494 155.962
5.45 11.037 0.0494 155.821
5.46 11.094 0.0494 156.016
5.47 11.017 0.0492 155.886
5.48 10.96 0.0487 155.716
5.49 10.803 0.0489 155.525
5.5 10.791 0.0482 155.392
5.51 10.688 0.0482 155.256
5.52 10.6744 0.0478 155.198
5.53 10.6861 0.0473 155.165
5.54 10.6978 0.0469 155.158
5.55 10.726 0.0466 155.212
5.56 10.758 0.0466 155.356
5.57 10.936 0.0466 155.801
5.58 10.936 0.0465 155.851
5.59 10.912 0.0464 155.851
5.6 10.9184 0.0464 155.942
5.61 10.9248 0.0464 156.033
5.62 10.9599 0.0465 156.21
5.63 11.033 0.0465 156.437
5.64 11.215 0.0467 156.939
5.65 11.368 0.0475 157.546
5.66 11.384 0.0484 157.902
5.67 11.3917 0.0494 158.264
5.68 11.3995 0.0498 158.463
5.69 11.433 0.0499 158.634
5.7 11.582 0.046 157.935
5.71 11.7 0.0421 157.08
5.72 11.635 0.0404 156.493
5.73 11.5065 0.0404 156.319
5.74 11.5729 0.0405 156.557
5.75 11.6392 0.0408 156.858
5.76 11.7887 0.0431 157.941
5.77 12.096 0.0432 158.634
5.78 11.9705 0.0439 158.685
5.79 11.9988 0.0446 159.024
5.8 12.027 0.0446 159.154
5.81 12.197 0.0452 159.73
5.82 12.197 0.0458 159.982
5.83 12.479 0.0473 161.017
5.84 12.524 0.0474 161.206
5.85 12.518 0.0476 161.328
5.86 12.5955 0.0476 161.548
5.87 12.673 0.0481 161.908
5.88 12.613 0.0484 161.958
5.89 12.74 0.0484 162.268
5.9 12.867 0.0484 162.577
5.91 12.827 0.0484 162.58
5.92 12.742 0.0495 162.805
5.93 12.7354 0.0523 163.617
5.94 12.7289 0.0523 163.682
5.95 12.738 0.0549 164.437
5.96 12.7274 0.056 164.766
5.97 12.7301 0.056 164.848
5.98 12.7327 0.0573 165.245
5.99 12.7865 0.0578 165.542
6 12.916 0.0586 166.049
6.01 12.916 0.059 166.22
6.02 12.653 0.0599 166.014
6.03 12.6521 0.0613 166.408
6.04 12.6513 0.0623 166.707
6.05 12.718 0.0623 166.91
6.06 12.645 0.0627 166.938
6.07 12.5794 0.0634 167.043
6.08 12.5745 0.0654 167.543
6.09 12.5697 0.0658 167.695
6.1 12.588 0.0663 167.913
6.11 12.564 0.0665 167.985
6.12 12.564 0.0665 168.061
6.13 12.4399 0.0665 167.898
6.14 12.3827 0.0666 167.883
6.15 12.3844 0.0666 167.962
6.16 12.3862 0.0668 168.084
6.17 12.398 0.0671 168.245
6.18 12.407 0.0675 168.422
6.19 12.4164 0.0676 168.537
6.2 12.4258 0.0675 168.61
6.21 12.475 0.0675 168.782
6.22 12.568 0.0674 169.017
6.23 12.568 0.0669 168.988
6.24 12.815 0.0605 168.125
6.25 12.867 0.0604 168.275
6.26 12.948 0.0604 168.502
6.27 12.94 0.0605 168.585
6.28 12.867 0.0606 168.545
6.29 12.71 0.0616 168.552
6.3 12.435 0.0631 168.433
6.31 12.3139 0.063 168.247
6.32 12.2863 0.0639 168.466
6.33 12.2741 0.065 168.755
6.3401 12.3004 0.065 168.882
6.3501 12.3267 0.0674 169.519
6.3601 12.475 0.0679 169.99
6.3701 12.592 0.0679 170.293
6.3801 12.588 0.0686 170.504
6.3901 12.5696 0.0708 170.991
6.4001 12.5795 0.072 171.324
6.4101 12.5895 0.073 171.615
6.4201 12.617 0.0735 171.841
6.4301 12.657 0.0737 172.033
6.4401 12.7155 0.0738 172.241
6.4501 12.774 0.0727 172.214
6.4601 12.859 0.0715 172.214
6.4701 13.291 0.0703 172.866
6.4801 13.546 0.0691 173.166
6.4901 14.394 0.069 174.741
6.5001 14.79 0.069 175.5
6.5101 15.089 0.0699 176.272
6.5201 15.089 0.0708 176.535
6.5301 15.824 0.0755 178.777
6.5401 16.164 0.0788 180.041
6.5501 16.677 0.0809 181.326
6.5601 16.677 0.0835 181.881
6.5701 16.899 0.0846 182.504
6.5801 16.947 0.0873 183.134
6.5901 17.133 0.0929 184.451
6.6001 16.976 0.0934 184.367
6.6101 16.653 0.0938 184
6.6201 16.531 0.0937 183.866
6.6301 16.486 0.0945 184.001
6.6401 16.471 0.0949 184.119
6.6501 16.483 0.0950001 184.232
6.6601 16.495 0.0949 184.312
6.6701 16.552 0.0949 184.48
6.6801 16.552 0.0942 184.443
6.6901 16.5597 0.0936 184.434
6.7001 16.5673 0.0934 184.49
6.7101 16.5967 0.0933 184.597
6.7201 16.745 0.0934 184.927
6.7301 16.782 0.0934 185.062
6.7401 17.153 0.0938 185.789
6.7501 17.574 0.0941 186.565
6.7601 17.772 0.0938 186.893
6.7701 17.961 0.0934 187.189
6.7801 18.329 0.0926 187.679
6.7901 18.325 0.0923 187.699
6.8001 18.499 0.0923 188.032
6.8101 18.151 0.0923 187.595
6.8201 18.151 0.0923 187.671
6.8301 17.99 0.0952 187.99
6.8401 17.3535 0.0964 187.289
6.8501 17.2824 0.0981 187.527
6.8601 17.2845 0.0982 187.622
6.8701 17.2866 0.0982 187.701
6.8801 17.313 0.0982 187.819
6.8901 17.388 0.0982 188.011
6.9001 17.412 0.0982 188.125
6.9101 17.275 0.098 187.954
6.9201 17.149 0.0978 187.8
6.9301 16.923 0.0976 187.485
6.9401 16.745 0.0976 187.275
6.9501 16.37 0.0976 186.74
6.9601 16.37 0.0976 186.814
6.9701 16.212 0.0977 186.644
6.9801 16.156 0.098 186.673
6.9901 15.711 0.0983 186.045
7.0001 15.578 0.0983 185.891
7.0101 15.578 0.0986 186.012
7.0201 15.315 0.0987 185.646
7.0301 15.129 0.0986 185.377
7.0401 14.548 0.0985 184.392
7.0501 14.382 0.0982 184.114
7.0601 14.265 0.0978 183.907
7.0701 13.966 0.097 183.294
7.0801 13.683 0.0961 182.684
7.0901 13.6547 0.0962 182.717
7.1001 13.6721 0.0954 182.696
7.1101 13.6894 0.0946 182.672
7.1201 13.726 0.0912 182.258
7.1301 13.8 0.0885 182.015
7.1401 14.079 0.0869 182.334
7.1501 14.624 0.0855 183.158
7.1601 15.19 0.0850001 184.144
7.1701 15.344 0.0848 184.447
7.1801 15.893 0.0848 185.455
7.1901 16.584 0.0849 186.685
7.2001 16.79 0.0850001 187.108
7.2101 17.073 0.0858 187.778
7.2201 17.477 0.0877 188.828
7.2301 17.937 0.09 190.017
7.2401 18.2 0.0907 190.612
7.2501 18.2 0.0924 190.98
7.2601 18.349 0.0935 191.466
7.2701 18.2905 0.094 191.536
7.2801 18.232 0.0939 191.504
7.2901 18.277 0.0937 191.611
7.3001 18.2 0.0915 191.189
7.3101 18.066 0.0871 190.277
7.3201 17.901 0.0864 189.97
7.3301 17.549 0.0855 189.335
7.3401 17.343 0.0846 188.918
7.3501 17.311 0.0837 188.772
7.3601 17.125 0.0837 188.549
7.3701 16.4465 0.0828 187.357
7.3801 16.1332 0.0828 186.909
7.3901 16.0416 0.0805 186.389
7.4001 16.0038 0.0800001 186.299
7.4101 15.9929 0.0776 185.879
7.4201 15.982 0.0774 185.891
7.4301 15.982 0.0771 185.9
7.4401 15.804 0.0771 185.67
7.4501 15.699 0.0762 185.38
7.4601 15.517 0.0754 184.976
7.4701 15.489 0.0754 184.996
7.4801 15.202 0.0754 184.567
7.4901 15.194 0.0754 184.622
7.5001 15.174 0.0756 184.696
7.5101 15.174 0.0758 184.805
7.5201 14.968 0.077 184.751
7.5301 14.988 0.0779 185.034
7.5401 14.584 0.0778 184.356
7.5501 14.657 0.078 184.596
7.5601 14.402 0.0781 184.217
7.5701 13.748 0.0782 183.075
7.5801 13.695 0.0782 183.041
7.5901 13.542 0.0782 182.812
7.6001 13.404 0.0752 182.016
7.6101 13.2265 0.0741 181.51
7.6201 13.1438 0.072 180.979
7.6301 13.1024 0.0679 180.082
7.6401 13.0964 0.0667 179.869
7.6501 13.0978 0.0646 179.459
7.6601 13.0993 0.064 179.388
7.6701 13.105 0.0625 179.11
7.6801 13.376 0.0611 179.366
7.6901 13.291 0.0609 179.217
7.7001 13.562 0.0609 179.804
7.7101 13.695 0.061 180.146
7.7201 13.643 0.0612 180.161
7.7301 14.002 0.0624 181.194
7.7401 13.837 0.0634 181.19
7.7501 13.877 0.0645 181.59
7.7601 14.043 0.0672 182.588
7.7701 14.043 0.0682 182.878
7.7801 13.808 0.0682 182.499
7.7901 13.522 0.0713 182.69
7.8001 13.227 0.072 182.323
7.8101 13.154 0.0712 182.074
7.8201 12.895 0.0705 181.468
7.8301 12.504 0.0688 180.363
7.8401 12.209 0.0673 179.478
7.8501 12.209 0.0673 179.542
7.8601 11.74 0.0658 178.261
7.8701 11.473 0.0653 177.621
7.8801 10.815 0.0649 176.089
7.8901 10.0756 0.0649 174.364
7.9001 9.3362 0.0645 172.433
7.9101 9.2676 0.0645 172.31
7.9201 9.2676 0.0633 172.102
7.9301 9.0696 0.0629 171.537
7.9401 8.8353 0.0631 170.997
7.9501 8.4919 0.0616 169.743
7.9601 8.4677 0.0599 169.338
7.9701 8.3788 0.0587 168.855
7.9801 8.3788 0.058 168.745
7.9901 8.3719 0.0571 168.565
8.0001 8.3746 0.0551 168.131
8.0101 8.3773 0.0542 167.967
8.0201 8.4071 0.0542 168.112
8.0301 8.4273 0.0539 168.15
8.0401 8.4475 0.0539 168.266
8.0501 8.4879 0.0539 168.44
8.0601 8.6171 0.054 168.891
8.0701 8.601 0.0543 168.982
8.0801 8.4353 0.0543 168.567
8.0901 8.4353 0.058 169.553
8.1001 7.995 0.062 169.243
8.1101 7.595 0.0705 169.861
8.1201 7.0375 0.0705 168.064
8.1301 6.6578 0.0704 166.764
8.1401 6.2336 0.0704 165.247
8.1501 6.2336 0.0683 164.887
8.1601 5.3044 0.0663 160.756
8.1701 5.2501 0.0563 158.403
8.1801 5.4982 0.0529 158.689
8.1901 5.7463 0.0529 159.755
8.2001 6.2578 0.0508 161.24
8.2101 7.4456 0.044 163.416
8.2201 8.3424 0.0408 165.13
8.2301 8.8636 0.0382 165.723
8.2401 9.5342 0.0379 167.42
8.2501 9.7887 0.0379 168.113
8.2601 9.7887 0.0379 168.169
8.2701 10.185 0.0379 169.19
8.2801 10.37 0.0379 169.686
8.2901 10.225 0.0387 169.694
8.3001 10.2283 0.0391 169.904
8.3101 10.2315 0.0392 170.005
8.3201 10.2402 0.0392 170.082
8.3301 10.318 0.0392 170.325
8.3401 10.552 0.0335 168.713
8.3501 10.742 0.0317 168.427
8.3601 10.77 0.0316 168.502
8.3701 10.706 0.0316 168.414
8.3801 10.682 0.0315 168.371
8.3901 10.601 0.0316 168.286
8.4001 10.5609 0.0316 168.25
8.4101 10.618 0.0317 168.481
8.4201 10.6751 0.0321 168.843
8.4301 10.795 0.0328 169.474
8.4401 10.754 0.033 169.523
8.4501 11.207 0.0332 170.675
8.4601 11.538 0.0341 171.83
8.4701 11.793 0.0355 173.007
8.4801 11.635 0.0368 173.246
8.4901 11.716 0.0376 173.786
8.5001 11.797 0.0395 174.731
8.5101 11.776 0.0395 174.743
8.5201 11.55 0.0407 174.748
8.5301 11.389 0.0406 174.416
8.5401 11.36 0.044 175.58
8.5501 11.326 0.0468 176.464
8.5601 11.292 0.0478 176.756
8.5701 11.292 0.0497 177.388
8.5801 11.263 0.0511 177.79
8.5901 11.2525 0.0519 178.054
8.6001 11.2594 0.0527 178.354
8.6101 11.2664 0.0527 178.428
8.6201 11.283 0.0549 179.131
8.6301 11.288 0.0566 179.656
8.6401 11.308 0.0574 179.97
8.6501 11.356 0.0586 180.448
8.6601 11.405 0.0592 180.771
8.6701 11.3765 0.06 180.966
8.6801 11.4857 0.0602 181.323
8.6901 11.595 0.0602 181.629
8.7001 11.627 0.0607 181.884
8.7101 11.853 0.061 182.522
8.7201 11.865 0.061 182.607
8.7301 11.889 0.0615 182.842
8.7401 11.9255 0.0613 182.932
8.7501 11.962 0.0618 183.194
8.7601 11.962 0.0625 183.424
8.7701 12.253 0.0621 184.02
8.7801 12.354 0.0627 184.444
8.7901 12.354 0.0631 184.6
8.8001 12.495 0.0631 184.96
8.8101 12.56 0.0645 185.495
8.8201 12.556 0.0657 185.83
8.8301 12.562 0.066 185.972
8.8401 12.568 0.0661 186.066
8.8501 12.629 0.0657 186.161
8.8601 12.847 0.0653 186.584
8.8701 12.847 0.0631 186.111
8.8801 13.093 0.0583 185.454
8.8901 13.279 0.0583 185.889
8.9001 13.425 0.0584 186.267
8.9101 13.574 0.0586 186.674
8.9201 13.922 0.06 187.783
8.9301 14.212 0.0621 188.94
8.9401 14.398 0.0645 189.951
8.9501 14.362 0.0668 190.496
8.9601 14.582 0.0682 191.303
8.9701 14.802 0.0737 193.017
8.9801 15.02 0.0774 194.274
8.9901 15.138 0.0791 194.905
9.0001 15.206 0.0835 195.972
9.0101 15.162 0.0857 196.375
9.0201 15.101 0.0857 196.321
9.0301 15.024 0.0898 197.002
9.0401 14.839 0.0916 197.036
9.0501 14.709 0.0926 197.025
9.0601 14.637 0.0928 196.982
9.0701 14.35 0.0929 196.499
9.0801 14.144 0.0916 195.92
9.0901 14.144 0.0904 195.765
9.1001 13.808 0.0895 194.986
9.1101 13.7752 0.0888 194.851
9.1201 13.7751 0.0886 194.874
9.1301 13.7815 0.0886 194.946
9.1401 13.788 0.0885 195.001
9.1501 13.837 0.0885 195.16
9.1601 14.079 0.0877 195.559
9.1701 14.148 0.0877 195.756
9.1801 14.281 0.0878 196.098
9.1901 14.334 0.088 196.299
9.2001 14.398 0.088 196.485
9.2101 14.394 0.0883 196.592
9.2201 14.4232 0.0895 196.93
9.2301 14.4525 0.0909 197.301
9.2401 14.511 0.092 197.673
9.2501 14.56 0.0914 197.721
9.2601 14.653 0.0929 198.23
9.2701 14.5985 0.0931 198.219
9.2801 14.6682 0.0931 198.414
9.2901 14.738 0.0931 198.609
9.3001 14.73 0.0929 198.618
9.3101 14.7191 0.0924 198.566
9.3201 14.7081 0.0922 198.569
9.3301 14.717 0.0921 198.627
9.3401 14.689 0.0918 198.578
9.3501 14.661 0.0919 198.6
9.3601 14.661 0.0917 198.623
9.3701 14.6628 0.0914 198.632
9.3801 14.6646 0.0852 197.536
9.3901 14.6808 0.0848 197.549
9.4001 14.717 0.0844 197.6
9.4101 14.75 0.0846 197.761
9.4201 14.649 0.0842 197.546
9.4301 14.786 0.0835 197.732
9.4401 14.624 0.0832 197.417
9.4501 14.2445 0.0831 196.709
9.4601 14.1053 0.0833 196.529
9.4701 14.127 0.0834 196.649
9.4801 14.1487 0.0847 197.004
9.4901 14.2113 0.0852 197.284
9.5001 14.338 0.0858 197.709
9.5101 14.313 0.0852 197.602
9.5201 14.3138 0.086 197.815
9.5301 14.3146 0.0865 197.97
9.5401 14.3162 0.0881 198.333
9.5501 14.3355 0.0888 198.56
9.5601 14.378 0.0888 198.702
9.5701 14.366 0.0897 198.903
9.5801 14.184 0.0899 198.633
9.5901 14.156 0.0899 198.634
9.6001 14.047 0.0899 198.47
9.6101 13.691 0.0899 197.795
9.6201 13.615 0.0899 197.694
9.6301 13.615 0.0899 197.751
9.6401 13.077 0.0897 196.626
9.6501 13.077 0.0886 196.481
9.6601 12.726 0.0881 195.677
9.6701 12.596 0.0877 195.37
9.6801 12.596 0.086 195.109
9.6901 11.999 0.086 193.805
9.7001 12.031 0.0833 193.421
9.7101 11.906 0.0821 192.952
9.7201 11.736 0.0801 192.213
9.7301 11.477 0.0793 191.491
9.7401 11.283 0.0787 190.956
9.7501 11.065 0.0783 190.394
9.7601 11.065 0.0776 190.306
9.7701 10.706 0.0776 189.458
9.7801 10.524 0.0767 188.861
9.7901 9.9382 0.0757 187.159
9.8001 9.6433 0.073 185.839
9.8101 9.518 0.0723 185.393
9.8201 9.4494 0.072 185.189
9.8301 9.4429 0.0702 184.833
9.8401 9.4597 0.0691 184.69
9.8501 9.4765 0.0663 184.154
9.8601 9.5786 0.064 183.949
9.8701 9.6756 0.0636 184.172
9.8801 9.813 0.0636 184.599
9.8901 10.213 0.0627 185.496
9.9001 10.387 0.0618 185.776
9.9101 10.536 0.062 186.26
9.9201 11.077 0.0595 187.019
9.9301 11.308 0.0592 187.549
9.9401 11.595 0.0594 188.333
9.9501 11.595 0.0595 188.412
9.9601 12.112 0.06 189.784
9.9701 12.112 0.0614 190.202
9.9801 12.1174 0.0624 190.523
9.9901 12.1229 0.0624 190.589
10 12.14 0.0647 191.255
10.01 12.205 0.0666 191.917
10.02 12.087 0.0701 192.52
10.03 12.12 0.0704 192.718
10.04 12.051 0.071 192.749
10.05 11.982 0.0712 192.688
10.06 11.982 0.0719 192.898
10.07 11.849 0.0721 192.686
10.08 11.72 0.0722 192.458
10.09 11.518 0.0722 192.03
10.1 11.376 0.0722 191.74
10.11 11.215 0.0721 191.377
10.12 11.122 0.0718 191.134
10.13 11.0955 0.0718 191.121
10.14 11.0922 0.0715 191.098
10.15 11.0924 0.0714 191.129
10.16 11.0926 0.0712 191.137
10.17 11.102 0.0711 191.191
10.18 11.09 0.0712 191.235
10.19 11.0551 0.07 190.931
10.2 11.0382 0.0692 190.758
10.21 11.0376 0.0688 190.717
10.22 11.0553 0.0688 190.812
10.23 11.073 0.0686 190.862
10.24 11.247 0.0687 191.366
10.25 11.38 0.0688 191.766
10.26 11.639 0.0691 192.51
10.27 11.647 0.0697 192.72
10.28 11.776 0.0701 193.17
10.29 11.776 0.0702 193.245
10.3 11.821 0.0705 193.472
10.31 11.809 0.0705 193.496
10.32 11.861 0.0718 193.965
10.33 11.833 0.0726 194.13
10.34 11.91 0.073 194.453
10.35 11.877 0.0731 194.45
10.36 12.003 0.0732 194.82
10.37 12.063 0.0731 194.99
10.38 12.063 0.073 195.02
10.39 12.265 0.0725 195.427
10.4 12.285 0.0713 195.254
10.41 12.403 0.0685 194.925
10.42 12.564 0.0672 195.028
10.43 12.669 0.0668 195.217
10.44 12.916 0.0669 195.837
10.45 13.065 0.067 196.237
10.46 13.174 0.0685 196.887
10.47 13.0779 0.0705 197.203
10.48 13.0955 0.0721 197.662
10.49 13.113 0.073 197.957
10.5 13.17 0.0742 198.402
10.51 13.142 0.0744 198.438
10.52 13.2165 0.0751 198.807
10.53 13.291 0.0766 199.349
10.54 13.457 0.0778 200.016
10.55 13.716 0.0796 201.001
10.56 13.821 0.0793 201.212
10.57 13.893 0.0817 201.916
10.58 13.909 0.0817 202.002
10.59 14.027 0.0842 202.809
10.6 14.285 0.0848 203.516
10.61 14.309 0.0848 203.618
10.62 14.2938 0.0871 204.095
10.63 14.287 0.0875 204.212
10.64 14.2933 0.0879 204.356
10.65 14.2995 0.0885 204.538
10.66 14.354 0.0891 204.818
10.67 14.3055 0.0896 204.867
10.68 14.4527 0.0897 205.242
10.69 14.6 0.0897 205.595
10.7 14.6 0.0901 205.725
10.71 14.653 0.0905 205.961
10.72 14.633 0.0905 205.974
10.73 14.766 0.091 206.391
10.74 14.766 0.0915 206.539
10.75 14.786 0.0924 206.801
10.76 14.786 0.0931 206.984
10.77 14.681 0.0934 206.881
10.78 14.713 0.0937 207.054
10.79 14.576 0.0937 206.829
10.8 14.5429 0.094 206.869
10.81 14.5381 0.0939 206.894
10.82 14.539 0.0937 206.913
10.83 14.54 0.0934 206.913
10.84 14.608 0.093 207.031
10.85 14.6645 0.0928 207.162
10.86 14.721 0.0927 207.311
10.87 14.6507 0.0926 207.203
10.88 14.6159 0.0927 207.203
10.89 14.6252 0.0926 207.257
10.9 14.6345 0.0925001 207.31
10.91 14.661 0.0925001 207.417
10.92 14.972 0.0915 207.91
10.93 14.972 0.0905 207.772
10.94 14.972 0.0883 207.4
10.95 14.871 0.0881 207.212
10.96 14.932 0.088 207.367
10.97 14.847 0.088 207.249
10.98 14.701 0.0881 207.026
10.99 14.79 0.0882 207.278
11 14.4105 0.0883 206.575
11.01 14.3989 0.0883 206.604
11.02 14.403 0.0883 206.664
11.03 14.4072 0.0883 206.725
11.04 14.584 0.0883 207.141
11.05 14.717 0.0884 207.483
11.06 14.669 0.0884 207.438
11.07 14.677 0.0889 207.604
11.08 14.576 0.0888 207.43
11.09 14.362 0.0889 207.06
11.1 14.313 0.089 207.029
11.11 14.313 0.0889 207.062
11.12 14.309 0.0889 207.105
11.13 14.305 0.0887 207.11
11.14 14.269 0.0885 207.048
11.15 14.241 0.0885 207.041
11.16 14.156 0.0884 206.894
11.17 13.926 0.0884 206.458
11.18 13.918 0.0884 206.493
11.19 13.53 0.0884 205.705
11.2 13.202 0.0883 205.011
11.21 13.134 0.0882 204.89
11.22 13.134 0.0879 204.883
11.23 12.94 0.0873 204.378
11.24 12.964 0.0854 204.109
11.25 12.766 0.0852 203.668
11.26 12.807 0.0848 203.733
11.27 12.621 0.0843 203.254
11.28 12.693 0.0834 203.289
11.29 12.467 0.0831 202.753
11.3 12.504 0.0828 202.828
11.31 12.346 0.0828 202.507
11.32 12.31 0.0819 202.288
11.33 12.3277 0.0812 202.235
11.34 12.3453 0.0799 202.054
11.35 12.3826 0.079 202.001
11.36 12.4593 0.0787 202.167
11.37 12.637 0.0786 202.607
11.38 12.637 0.0786 202.657
11.39 12.798 0.0786 203.076
11.4 12.685 0.0786 202.867
11.41 12.843 0.0788 203.321
11.42 12.665 0.0791 203.026
11.43 12.643 0.0802 203.258
11.44 12.621 0.0804 203.299
11.45 12.5905 0.0798 203.151
11.46 12.56 0.0793 203.023
11.47 12.56 0.0782 202.836
11.48 12.556 0.0778 202.79
11.49 12.568 0.0761 202.494
11.5 12.471 0.0752 202.117
11.51 12.269 0.0744 201.512
11.52 12.079 0.0748 201.198
11.53 11.9772 0.0741 200.844
11.54 12.0065 0.0746 201.075
11.55 12.0358 0.0741 201.082
11.56 12.112 0.0736 201.2
11.57 12.184 0.0731 201.306
11.58 12.184 0.0731 201.354
11.59 12.201 0.0731 201.443
11.6 12.374 0.0731 201.9
11.61 12.556 0.0733 202.42
11.62 12.629 0.0733 202.637
11.63 12.661 0.0735 202.805
11.64 12.798 0.0763 203.801
11.65 12.952 0.0766 204.268
11.66 12.952 0.0781 204.647
11.67 13.033 0.0789 205.053
11.68 12.988 0.0793 205.086
11.69 12.988 0.0792 205.114
11.7 12.811 0.0809 205.119
11.71 12.613 0.0808 204.687
11.72 12.5785 0.0808 204.655
11.73 12.544 0.0807 204.602
11.74 12.5383 0.0802 204.531
11.75 12.5382 0.0794 204.409
11.76 12.5956 0.0794 204.592
11.77 12.653 0.0782 204.515
11.78 12.641 0.0778 204.448
11.79 12.661 0.0777 204.521
11.8 12.661 0.0776 204.547
11.81 12.811 0.0776 204.942
11.82 12.774 0.0776 204.905
11.83 12.891 0.0776 205.223
11.84 12.8365 0.0776 205.146
11.85 12.782 0.0775 205.046
11.86 12.823 0.0765 204.967
11.87 12.752 0.076 204.74
11.88 12.723 0.0758 204.676
11.89 12.715 0.0757 204.683
11.9 12.738 0.0759 204.829
11.91 12.761 0.076 204.952
11.92 12.891 0.0763 205.367
11.93 13.118 0.0766 205.999
11.94 13.485 0.0767 206.89
11.95 13.703 0.0768 207.439
11.96 13.849 0.0768 207.804
11.97 13.877 0.0796 208.533
11.98 14.095 0.0804 209.224
11.99 14.18 0.0811 209.605
12 14.1315 0.0812 209.572
12.01 14.083 0.0813 209.538
12.02 14.083 0.0817 209.672
12.03 13.869 0.082 209.322
12.04 13.764 0.0831 209.374
12.05 13.2225 0.0831 208.215
12.06 13.1604 0.0838 208.267
12.07 13.1409 0.0842 208.353
12.08 13.1213 0.0842 208.357
12.09 13.223 0.0842 208.636
12.1 13.049 0.0842 208.287
12.11 12.895 0.0842 207.979
12.12 12.895 0.0831 207.799
12.13 12.592 0.082 206.907
12.14 12.467 0.0812 206.488
12.15 12.4371 0.0805 206.316
12.16 12.4631 0.0805 206.425
12.17 12.489 0.0794 206.297
12.18 12.552 0.0792 206.451
12.19 12.641 0.0788 206.621
12.2 12.56 0.0787 206.455
12.21 12.548 0.0786 206.452
12.22 12.528 0.0786 206.451
12.23 12.528 0.0786 206.498
12.24 12.4735 0.0786 206.416
12.25 12.4517 0.0788 206.454
12.26 12.4463 0.0789 206.51
12.27 12.4547 0.0789 206.577
12.28 12.463 0.0791 206.687
12.29 12.681 0.0791 207.251
12.3 12.928 0.0793 207.918
12.31 12.928 0.0799 208.095
12.32 13.162 0.0798 208.659
12.33 13.146 0.0809 208.907
12.34 13.2895 0.0805 209.195
12.35 13.433 0.0825001 209.994
12.36 13.433 0.0835 210.252
12.37 13.627 0.0847 210.984
12.38 13.857 0.0862 211.85
12.39 13.913 0.088 212.386
12.4 14.168 0.088 212.99
12.41 14.241 0.0886 213.316
12.42 14.33 0.0882 213.475
12.43 14.321 0.0904 213.941
12.44 14.39 0.092 214.45
12.45 14.245 0.0926 214.301
12.46 14.229 0.0928 214.353
12.47 14.229 0.0939 214.611
12.48 14.107 0.0939 214.393
12.49 14.087 0.0939 214.397
12.5 13.962 0.0939 214.169
12.51 13.76 0.0937 213.73
12.52 13.736 0.0933 213.648
12.53 13.522 0.0897 212.515
12.54 13.497 0.0881 212.188
12.55 13.352 0.0866 211.603
12.56 13.441 0.0867 211.872
12.57 13.299 0.0865 211.555
12.58 13.1057 0.0863 211.115
12.59 13.0658 0.0852 210.844
12.6 13.0494 0.0852 210.852
12.61 13.0422 0.0850001 210.841
12.62 13.0396 0.0848 210.84
12.63 13.042 0.0844 210.809
12.64 13.0445 0.0841 210.799
12.65 13.0519 0.0841 210.862
12.66 13.069 0.084 210.928
12.67 13.069 0.0839 210.953
12.68 13.0778 0.0839 211.02
12.69 13.0865 0.0839 211.086
12.7 13.126 0.0838 211.203
12.71 13.154 0.0838 211.314
12.72 13.142 0.0838 211.333
12.73 13.404 0.0839 212.002
12.74 13.518 0.084 212.328
12.75 13.57 0.0845 212.596
12.76 13.744 0.0856 213.263
12.77 13.659 0.0865 213.304
12.78 13.74 0.0871 213.655
12.79 13.821 0.0877 214.005
12.8 13.845 0.088 214.165
12.81 13.845 0.0886 214.333
12.82 13.808 0.089 214.377
12.83 13.699 0.089 214.179
12.84 13.663 0.0891 214.164
12.85 13.526 0.0891 213.9
12.86 13.509 0.0891 213.908
12.87 13.328 0.0888 213.479
12.88 13.324 0.0885 213.456
12.89 13.174 0.088 213.053
12.9 13.004 0.0878 212.661
12.91 12.899 0.0876 212.418
12.92 12.899 0.0875 212.444
12.93 12.787 0.0852 211.753
12.94 12.7675 0.0850001 211.711
12.95 12.8129 0.0849 211.844
12.96 12.8584 0.0848 211.976
12.97 12.956 0.0848 212.253
12.98 13.049 0.0848 212.517
12.99 13.114 0.0849 212.736
13 13.037 0.0847 212.559
13.01 12.697 0.0844 211.735
13.02 12.499 0.0836 211.134
13.03 12.499 0.083 211.052
13.04 12.205 0.0825001 210.269
13.05 12.035 0.0817 209.719
13.06 12.035 0.0809 209.592
13.07 11.91 0.0756 208.145
13.08 11.797 0.0746 207.674
13.09 11.7645 0.0728 207.214
13.1 11.732 0.0715 206.865
13.11 11.7229 0.0693 206.349
13.12 11.759 0.0692 206.459
13.13 11.7951 0.0692 206.594
13.14 12.007 0.0692 207.168
13.15 12.245 0.0693 207.823
13.16 12.524 0.0707 208.89
13.17 12.746 0.0716 209.684
13.18 13.34 0.0716 211.108
13.19 13.566 0.0739 212.222
13.2 13.566 0.0749 212.504
13.21 13.53 0.0775 213.072
13.22 13.586 0.0808 213.984
13.23 13.429 0.0831 214.171
13.24 13.352 0.0834 214.103
13.25 13.352 0.0845 214.381
13.26 13.283 0.0847 214.309
13.27 13.4 0.0847 214.624
13.28 13.275 0.0846 214.359
13.29 13.198 0.0845 214.203
13.3 13.077 0.0839 213.837
13.31 12.811 0.0837 213.207
13.32 12.633 0.0833 212.738
13.33 12.633 0.0835 212.825
13.34 12.6 0.0823 212.533
13.35 12.516 0.0825001 212.415
13.36 12.483 0.0811 212.077
13.37 12.469 0.0808 212.021
13.38 12.455 0.0808 212.031
13.39 12.459 0.0808 212.085
13.4 12.4629 0.0808 212.138
13.41 12.4725 0.0808 212.206
13.42 12.516 0.0808 212.356
13.43 12.4735 0.0805 212.23
13.44 12.4762 0.0801 212.193
13.45 12.479 0.0802 212.266
13.46 12.485 0.0803 212.346
13.47 12.491 0.0805 212.449
13.48 12.653 0.081 212.997
13.49 12.673 0.0821 213.329
13.5 12.891 0.0821 213.897
13.51 12.855 0.0831 214.071
13.52 12.992 0.0832 214.463
13.53 12.92 0.0846 214.634
13.54 12.964 0.0852 214.909
13.55 13.029 0.0855 215.171
13.56 13.037 0.0855 215.234
13.57 13.037 0.0854 215.257
13.58 13.154 0.0844 215.367
13.59 13.097 0.0823 214.826
13.6 13.11 0.0818 214.792
13.61 13.122 0.0818 214.864
13.62 13.134 0.0818 214.936
13.63 13.057 0.082 214.842
13.64 13.0268 0.0831 215.052
13.65 13.0588 0.0828 215.107
13.66 13.0907 0.0833 215.334
13.67 13.166 0.0831 215.513
13.68 13.122 0.0834 215.518
13.69 13.279 0.0831 215.866
13.7 13.417 0.0841 216.447
13.71 13.324 0.0842 216.296
13.72 13.338 0.0842 216.372
13.73 13.352 0.087 217.039
13.74 13.388 0.0868 217.125
13.75 13.398 0.087 217.234
13.76 13.408 0.0871 217.322
13.77 13.651 0.0873 217.97
13.78 13.667 0.0874 218.072
13.79 13.667 0.0874 218.116
13.8 13.865 0.088 218.737
13.81 14.055 0.0885 219.313
13.82 14.027 0.0912 219.844
13.83 14.168 0.0912 220.205
13.84 14.12 0.092 220.301
13.85 14.233 0.0921 220.619
13.86 14.168 0.0928 220.656
13.87 14.168 0.093 220.74
13.88 13.954 0.093 220.301
13.89 13.873 0.093 220.161
13.9 13.873 0.093 220.205
13.91 13.683 0.093 219.812
13.92 13.615 0.093 219.698
13.93 13.501 0.0926 219.397
13.94 13.4722 0.0926 219.373
13.95 13.4582 0.0923 219.325
13.96 13.4576 0.0923 219.367
13.97 13.457 0.0896 218.868
13.98 13.5275 0.0894 219.036
13.99 13.598 0.0888 219.121
14 13.505 0.0884 218.866
14.01 13.505 0.0884 218.909
14.02 13.501 0.0884 218.943
14.03 13.501 0.0884 218.987
14.04 13.4 0.0883 218.773
14.05 13.174 0.0882 218.26
14.06 13.164 0.088 218.238
14.07 13.154 0.088 218.257
14.08 13.1534 0.0868 218.05
14.09 13.1537 0.0862 217.968
14.1 13.154 0.0831 217.348
14.11 13.174 0.0816 217.109
14.12 13.404 0.0809 217.538
14.13 13.465 0.0808 217.701
14.14 13.465 0.0808 217.744
14.15 13.78 0.0809 218.535
14.16 13.885 0.081 218.84
14.17 13.5415 0.082 218.317
14.18 13.5223 0.0847 218.905
14.19 13.5227 0.0847 218.949
14.2 13.5231 0.0859 219.249
14.21 13.576 0.0884 219.939
14.22 13.695 0.0891 220.404
14.23 13.695 0.0885 220.323
14.24 13.72 0.0893 220.589
14.25 13.711 0.0899 220.734
14.26 13.7395 0.0908 221.026
14.27 13.768 0.0906 221.095
14.28 13.918 0.0912 221.605
14.29 14.192 0.0915 222.332
14.3 14.33 0.0923 222.846
14.31 14.515 0.0934 223.522
14.32 14.637 0.0934 223.835
14.33 14.746 0.0951 224.454
14.34 14.802 0.0956 224.718
14.35 14.772 0.0956 224.696
14.36 14.742 0.0969 224.927
14.37 14.6955 0.0978 225.041
14.38 14.703 0.0986 225.254
14.39 14.7104 0.0993 225.446
14.4 14.7348 0.1 225.675
14.41 14.786 0.1 225.832
14.42 14.786 0.1 225.875
14.43 15.045 0.1 226.485
14.44 14.996 0.1 226.422
14.45 15.129 0.1 226.753
14.46 15.012 0.1001 226.562
14.47 15.004 0.1002 226.607
14.48 14.9605 0.1002 226.556
14.49 14.9635 0.1004 226.644
14.5 14.9665 0.1004 226.694
14.51 14.9735 0.1004 226.753
14.52 15.02 0.1004 226.897
14.53 14.996 0.0995 226.719
14.54 15.178 0.0986 226.985
14.55 15.178 0.0986 227.028
14.56 15.1963 0.0986 227.111
14.57 15.2145 0.0985 227.174
14.58 15.271 0.0985 227.339
14.59 15.416 0.0985 227.692
14.6 15.772 0.098 228.388
14.61 15.861 0.0974 228.5
14.62 15.925 0.0961 228.421
14.63 16.119 0.0959 228.823
14.64 16.067 0.0967 228.918
14.65 16.073 0.0975001 229.131
14.66 16.079 0.0991 229.497
14.67 16.059 0.0983 229.345
14.68 16.059 0.1002 229.754
14.69 15.576 0.1028 229.278
14.7 15.371 0.1017 228.679
14.71 15.2816 0.1046 229.065
14.72 15.2893 0.1042 229.052
14.73 15.297 0.1046 229.185
14.74 15.344 0.105 229.403
14.75 15.505 0.105 229.791
14.76 15.558 0.1051 229.965
14.77 15.594 0.105 230.067
14.78 15.562 0.105 230.042
14.79 15.5519 0.1049 230.046
14.8 15.552 0.1051 230.126
14.81 15.5521 0.1053 230.206
14.82 15.582 0.1052 230.294
14.83 15.671 0.1052 230.526
14.84 15.776 0.1051 230.773
14.85 15.776 0.1049 230.78
14.86 15.55 0.1048 230.326
14.87 15.614 0.1048 230.505
14.88 15.477 0.1048 230.256
14.89 15.473 0.1048 230.29
14.9 15.4729 0.1049 230.351
14.91 15.473 0.1057 230.54
14.92 15.473 0.1058 230.601
14.93 15.57 0.1059 230.87
14.94 15.513 0.1053 230.682
14.95 15.493 0.1047 230.572
14.96 15.473 0.1047 230.572
14.97 15.4466 0.104 230.43
14.98 15.4445 0.1026 230.208
14.99 15.4467 0.1023 230.2
15 15.449 0.1019 230.172
15.01 15.449 0.1018 230.196
15.02 15.594 0.1017 230.53
15.03 15.594 0.1016 230.554
15.04 15.845 0.1015 231.108
15.05 15.954 0.1015 231.379
15.06 16.03 0.1015 231.58
15.07 16.119 0.1015 231.808
15.08 16.047 0.1019 231.777
15.09 16.079 0.1021 231.924
15.1 16.051 0.1044 232.339
15.11 16.071 0.1046 232.46
15.12 15.962 0.1046 232.275
15.13 15.958 0.1044 232.273
15.14 15.836 0.1041 232.003
15.15 15.853 0.1029 231.858
15.16 15.723 0.1 231.075
15.17 15.554 0.0989 230.546
15.18 15.408 0.0950001 229.506
15.19 15.408 0.0945 229.447
15.2 15.138 0.0943 228.865
15.21 14.968 0.0941 228.495
15.22 14.584 0.0941 227.683
15.23 14.5577 0.0937 227.584
15.24 14.5315 0.0932 227.466
15.25 14.564 0.0926 227.458
15.26 14.5215 0.0924 227.363
15.27 14.5098 0.0923 227.357
15.28 14.5136 0.0922 227.387
15.29 14.5174 0.0922 227.437
15.3 14.5677 0.0921 227.571
15.31 14.693 0.0921 227.893
15.32 14.802 0.0921 228.177
15.33 14.806 0.0921 228.228
15.34 14.948 0.0927 228.706
15.35 14.964 0.0941 229.069
15.36 15.008 0.0946 229.308
15.37 15.065 0.0951 229.575
15.38 15.113 0.0957 229.842
15.39 15.198 0.0957 230.07
15.4 15.404 0.0978 230.975
15.41 15.404 0.0976 230.977
15.42 15.824 0.0991 232.21
15.43 15.885 0.1007 232.69
15.44 15.836 0.1004 232.571
15.45 15.76 0.1017 232.7
15.46 15.76 0.1031 233.007
15.47 15.586 0.1041 232.864
15.48 15.626 0.1046 233.084
15.49 15.408 0.1047 232.674
15.5 15.279 0.1047 232.434
15.51 15.154 0.1044 232.145
15.52 15.129 0.1042 232.095
15.53 14.996 0.1028 231.58
15.54 14.919 0.1015 231.205
15.55 14.895 0.102 231.288
15.56 14.81 0.1009 230.93
15.57 14.7746 0.1005 230.815
15.58 14.7808 0.0992 230.621
15.59 14.787 0.0989 230.617
15.6 14.81 0.0949 229.919
15.61 15.024 0.0936 230.171
15.62 15.105 0.0934 230.35
15.63 15.283 0.0929 230.677
15.64 15.489 0.0929 231.163
15.65 15.691 0.092 231.448
15.66 15.873 0.0891 231.257
15.67 16.01 0.0888 231.519
15.68 16.075 0.0884 231.609
15.69 16.18 0.0873 231.626
15.7 16.115 0.0872 231.51
15.71 16.115 0.0874 231.595
15.72 16.014 0.0876 231.471
15.73 15.8273 0.0888 231.383
15.74 15.7419 0.0927 232.072
15.75 15.7184 0.0950001 232.537
15.76 15.7857 0.0950001 232.721
15.77 15.853 0.0963 233.168
15.78 15.877 0.0963 233.26
15.79 15.768 0.0966 233.13
15.8 15.7655 0.0977 233.385
15.81 15.7698 0.0987 233.634
15.82 15.774 0.1003 233.996
15.83 15.802 0.0996 233.961
15.84 15.861 0.1005 234.303
15.85 15.861 0.1008 234.402
15.86 15.857 0.101 234.473
15.87 15.756 0.1012 234.337
15.88 15.808 0.1011 234.47
15.89 15.643 0.1016 234.253
15.9 15.372 0.1031 233.991
15.91 15.263 0.1039 233.942
15.92 15.158 0.1043 233.825
15.93 15.101 0.1043 233.739
15.94 15.024 0.1044 233.627
15.95 14.927 0.104 233.375
15.96 14.887 0.1037 233.27
15.97 14.818 0.1037 233.154
15.98 14.81 0.1032 233.083
15.99 14.81 0.103 233.086
16 14.7255 0.1028 232.897
16.01 14.727 0.1029 232.959
16.02 14.7284 0.1025 232.927
16.03 14.734 0.1022 232.924
16.04 14.798 0.1021 233.091
16.05 14.883 0.102 233.304
16.06 14.956 0.102 233.509
16.07 15.113 0.1019 233.882
16.08 15.162 0.102 234.051
16.09 15.23 0.102 234.242
16.1 15.416 0.1025 234.788
16.11 15.639 0.103 235.41
16.12 15.788 0.1032 235.81
16.13 15.788 0.1034 235.889
16.14 16.123 0.1036 236.682
16.15 16.305 0.1043 237.239
16.16 16.442 0.1052 237.735
16.17 16.483 0.1054 237.899
16.18 16.543 0.105 237.989
16.19 16.636 0.1047 238.166
16.2 16.673 0.1039 238.131
16.21 16.661 0.1032 238.013
16.22 16.612 0.1032 237.953
16.23 16.568 0.1032 237.903
16.24 16.483 0.1036 237.844
16.25 15.966 0.1042 236.909
16.26 15.9074 0.1042 236.824
16.27 15.8488 0.1051 236.908
16.28 15.889 0.1053 237.073
16.29 15.784 0.1054 236.906
16.3 15.784 0.1054 236.946
16.31 15.74 0.1053 236.873
16.32 15.538 0.1047 236.36
16.33 15.538 0.1045 236.363
16.34 15.178 0.1033 235.38
16.35 15.049 0.1034 235.15
16.36 14.657 0.1031 234.241
16.37 14.6 0.103 234.131
16.38 14.439 0.103 233.797
16.39 14.447 0.1009 233.455
16.4 14.366 0.1005 233.228
16.41 14.293 0.0979 232.589
16.42 14.2559 0.097 232.363
16.43 14.2395 0.0973 232.423
16.44 14.2471 0.0952 232.059
16.45 14.2548 0.0950001 232.075
16.46 14.33 0.0948 232.25
16.47 14.427 0.0947 232.494
16.48 14.427 0.0943 232.452
16.49 14.463 0.0943 232.574
16.5 14.431 0.0942 232.519
16.51 14.439 0.0941 232.556
16.52 14.4055 0.0941 232.517
16.53 14.4078 0.094 232.541
16.54 14.4101 0.0941 232.606
16.55 14.4225 0.0942 232.695
16.56 14.455 0.0946 232.891
16.57 14.528 0.0946 233.099
16.58 14.556 0.0947 233.224
16.59 14.556 0.0946 233.242
16.6 14.721 0.0948 233.701
16.61 14.875 0.0951 234.153
16.62 14.875 0.0953 234.233
16.63 14.96 0.0953 234.464
16.64 14.948 0.0954 234.497
16.65 14.996 0.096 234.767
16.66 14.992 0.096 234.797
16.67 15.016 0.0959 234.87
16.68 14.984 0.0958 234.816
16.69 14.96 0.0950001 234.638
16.7 14.972 0.0931 234.31
16.71 14.9727 0.0896 233.604
16.72 14.9734 0.088 233.295
16.73 14.9929 0.0881 233.399
16.74 15.0497 0.0878 233.499
16.75 15.174 0.0877 233.792
16.76 15.174 0.0877 233.831
16.77 15.004 0.0878 233.513
16.78 14.665 0.088 232.828
16.79 14.5161 0.0878 232.481
16.8 14.4623 0.0882 232.483
16.81 14.4085 0.0885 232.462
16.82 14.568 0.0887 232.913
16.83 14.386 0.0889 232.574
16.84 14.342 0.0889 232.51
16.85 14.3338 0.091 232.981
16.86 14.3415 0.0921 233.271
16.87 14.3493 0.0925001 233.412
16.88 14.366 0.0924 233.468
16.89 14.4125 0.0923 233.594
16.9 14.459 0.092 233.678
16.91 14.459 0.0915 233.61
16.92 14.584 0.0914 233.917
16.93 14.624 0.0914 234.048
16.94 14.624 0.0915 234.108
16.95 14.693 0.0916 234.326
16.96 14.721 0.0924 234.598
16.97 14.887 0.0928 235.101
16.98 14.903 0.0932 235.26
16.99 14.915 0.0934 235.367
17 14.9395 0.0935 235.482
17.01 14.964 0.0935 235.577
17.02 14.895 0.0944 235.646
17.03 14.814 0.0947 235.562
17.04 14.705 0.0955 235.515
17.05 14.705 0.0957 235.594
17.06 14.37 0.0958 234.872
17.07 14.338 0.0957 234.815
17.08 14.338 0.0956 234.832
17.09 14.3307 0.0956 234.853
17.1 14.3389 0.0955 234.89
17.11 14.3471 0.0955 234.948
17.12 14.402 0.0943 234.868
17.13 14.487 0.094 235.043
17.14 14.629 0.0936 235.328
17.15 14.665 0.0936 235.45
17.16 14.673 0.0936 235.506
17.17 14.802 0.0936 235.842
17.18 14.972 0.0937 236.289
17.19 15.061 0.0939 236.571
17.2 15.21 0.0938 236.924
17.21 15.279 0.0938 237.117
17.22 15.279 0.0932 237.028
17.23 15.372 0.0927 237.168
17.24 15.356 0.0928 237.192
17.25 15.542 0.0924 237.556
17.26 15.703 0.0924 237.947
17.27 15.784 0.0924 238.162
17.28 15.933 0.0924 238.523
17.29 15.974 0.0945 239.096
17.3 15.8617 0.0965 239.308
17.31 15.8843 0.097 239.499
17.32 15.9069 0.0983 239.852
17.33 15.978 0.0981 240.004
17.34 16.095 0.0996 240.598
17.35 16.244 0.101 241.236
17.36 16.467 0.1011 241.769
17.37 16.62 0.1012 242.15
17.38 16.798 0.1012 242.56
17.39 16.863 0.1012 242.734
17.4 16.935 0.1012 242.922
17.41 17.052 0.1008 243.122
17.42 17.137 0.0981 242.785
17.43 17.416 0.0962 242.994
17.44 17.691 0.0957 243.476
17.45 17.691 0.0952 243.409
17.46 18.273 0.0953 244.606
17.47 18.446 0.0947 244.849
17.48 18.446 0.0942 244.78
17.49 18.394 0.093 244.458
17.5 18.232 0.0846 242.27
17.51 17.618 0.0832 240.782
17.52 17.392 0.0818 240.033
17.53 17.17 0.0817 239.603
17.54 16.903 0.0817 239.101
17.55 16.669 0.0817 238.66
17.56 16.455 0.0837 238.733
17.57 16.297 0.0859 238.955
17.58 16.01 0.0859 238.382
17.59 15.8 0.091 239.112
17.6 15.606 0.0946 239.496
17.61 15.574 0.0979 240.147
17.62 15.574 0.0984 240.287
17.63 15.505 0.0994 240.373
17.64 15.5048 0.1003 240.591
17.65 15.5049 0.1007 240.709
17.66 15.505 0.1008 240.767
17.67 15.61 0.1009 241.059
17.68 15.744 0.101 241.414
17.69 15.836 0.1011 241.674
17.7 15.966 0.1013 242.037
17.71 15.97 0.1013 242.084
17.72 15.946 0.1013 242.069
17.73 15.897 0.1012 241.98
17.74 15.78 0.101 241.721
17.75 15.695 0.1005 241.471
17.76 15.695 0.0976 240.921
17.77 15.626 0.0947 240.202
17.78 15.618 0.0945 240.18
17.79 15.618 0.0944 240.196
17.8 15.356 0.0944 239.649
17.81 14.667 0.0944 238.108
17.82 14.579 0.0943 237.918
17.83 14.491 0.0942 237.726
17.84 14.241 0.0936 237.042
17.85 14.156 0.0934 236.833
17.86 13.974 0.0927 236.281
17.87 13.893 0.0917 235.907
17.88 13.8906 0.0908 235.744
17.89 13.9193 0.0901 235.699
17.9 13.9479 0.0894 235.652
17.91 14.006 0.0894 235.83
17.92 14.099 0.0895 236.113
17.93 14.188 0.0896 236.386
17.94 14.261 0.0897 236.619
17.95 14.41 0.0898 237.033
17.96 14.467 0.0898 237.204
17.97 14.576 0.0911 237.782
17.98 14.697 0.0912 238.123
17.99 14.629 0.0918 238.131
18 14.637 0.0926 238.359
18.01 14.552 0.0926 238.195
18.02 14.495 0.0931 238.204
18.03 14.495 0.0935 238.326
18.04 14.485 0.0939 238.424
18.05 14.475 0.0949 238.647
18.06 14.455 0.0950001 238.657
18.07 14.4385 0.0950001 238.655
18.08 14.4311 0.0950001 238.674
18.09 14.4344 0.0951 238.739
18.1 14.4377 0.0952 238.805
18.11 14.447 0.0954 238.905
18.12 14.568 0.0959 239.333
18.13 14.475 0.096 239.17
18.14 14.475 0.0963 239.269
18.15 14.461 0.0963 239.272
18.16 14.4567 0.0964 239.319
18.17 14.4678 0.0963 239.361
18.18 14.479 0.0962 239.404
18.19 14.572 0.0961 239.641
18.2 14.826 0.0957 240.191
18.21 14.936 0.0957 240.484
18.22 14.936 0.0958 240.541
18.23 15.186 0.096 241.196
18.24 15.315 0.0961 241.547
18.25 15.4 0.0961 241.777
18.26 15.57 0.0956 242.091
18.27 15.748 0.0952 242.44
18.28 15.772 0.0948 242.445
18.29 15.768 0.0947 242.452
18.3 15.804 0.0946 242.547
18.31 15.8225 0.0947 242.646
18.32 15.841 0.0947 242.724
18.33 15.8488 0.0947 242.778
18.34 15.8566 0.097 243.317
18.35 15.9198 0.0973 243.556
18.36 16.059 0.098 244.044
18.37 16.269 0.099 244.745
18.38 16.127 0.0991 244.493
18.39 16.087 0.1002 244.667
18.4 16.0733 0.1001 244.654
18.41 16.0938 0.1004 244.797
18.42 16.1143 0.101 245
18.43 16.156 0.1016 245.249
18.44 16.216 0.1016 245.417
18.45 16.273 0.1021 245.679
18.46 16.37 0.1026 246.026
18.47 16.402 0.1026 246.132
18.48 16.467 0.1027 246.329
18.49 16.495 0.103 246.486
18.5 16.442 0.1043 246.667
18.51 16.442 0.1043 246.704
18.52 16.345 0.1043 246.531
18.53 16.341 0.1043 246.559
18.54 16.341 0.1041 246.556
18.55 16.261 0.1024 246.082
18.56 16.289 0.1023 246.16
18.57 16.188 0.1025 246.016
18.58 16.051 0.1027 245.792
18.59 15.966 0.1032 245.74
18.6 15.836 0.1035 245.547
18.61 15.74 0.1039 245.447
18.62 15.517 0.1042 245.039
18.63 15.441 0.1046 244.98
18.64 15.21 0.1048 244.525
18.65 15.02 0.1048 244.119
18.66 14.79 0.1048 243.613
18.67 14.564 0.1054 243.225
18.68 14.564 0.106 243.376
18.69 13.893 0.1063 241.822
18.7 13.635 0.1063 241.206
18.71 12.932 0.1062 239.391
18.72 12.592 0.106 238.472
18.73 12.592 0.1036 238.054
18.74 12.192 0.1018 236.639
18.75 12.039 0.0957 235.033
18.76 11.9135 0.0945 234.467
18.77 11.8917 0.0945 234.44
18.78 11.8864 0.0912 233.767
18.79 11.9042 0.0925001 234.128
18.8 11.922 0.0821 231.9
18.81 11.986 0.0826 232.231
18.82 12.221 0.0814 232.632
18.83 12.362 0.0812 233.003
18.84 12.362 0.0811 233.014
18.85 12.568 0.0817 233.747
18.86 12.457 0.0823 233.625
18.87 12.5452 0.0835 234.179
18.88 12.6335 0.0839 234.543
18.89 12.831 0.0863 235.655
18.9 12.964 0.0878 236.378
18.91 13.13 0.0878 236.847
18.92 13.186 0.0889 237.272
18.93 13.186 0.0896 237.462
18.94 13.384 0.0907 238.249
18.95 13.372 0.0917 238.47
18.96 13.388 0.093 238.826
18.97 13.461 0.0941 239.282
18.98 13.461 0.096 239.716
18.99 13.703 0.0967 240.512
19 13.776 0.0967 240.731
19.01 13.869 0.098 241.268
19.02 13.926 0.099 241.65
19.03 13.962 0.0994 241.856
19.04 13.897 0.0998 241.81
19.05 13.804 0.0998 241.611
19.06 13.7935 0.1009 241.84
19.07 13.7935 0.1002 241.736
19.08 13.7988 0.1012 241.984
19.09 13.804 0.1014 242.072
19.1 14.006 0.1017 242.674
19.11 14.067 0.1017 242.861
19.12 14.067 0.1021 242.976
19.13 14.366 0.1025 243.828
19.14 14.483 0.1028 244.208
19.15 14.503 0.1036 244.449
19.16 14.427 0.1046 244.495
19.17 14.4045 0.1049 244.534
19.18 14.4026 0.1053 244.642
19.19 14.4043 0.1053 244.682
19.2 14.406 0.1078 245.2
19.21 14.507 0.108 245.52
19.22 14.673 0.108 245.958
19.23 14.746 0.1082 246.207
19.24 14.794 0.1085 246.415
19.25 14.77 0.1088 246.449
19.26 14.796 0.109 246.585
19.27 14.822 0.1091 246.702
19.28 15.012 0.1094 247.247
19.29 15.012 0.1097 247.339
19.3 15.772 0.1122 249.608
19.31 16.135 0.1126 250.537
19.32 16.382 0.1127 251.141
19.33 16.604 0.1129 251.701
19.34 16.762 0.1129 252.081
19.35 16.846 0.113 252.317
19.36 16.947 0.1143 252.811
19.37 16.96 0.1163 253.241
19.38 16.5035 0.1163 252.284
19.39 16.5069 0.119 252.81
19.4 16.5103 0.1207 253.152
19.41 16.5869 0.1219 253.566
19.42 16.77 0.1231 254.21
19.43 16.814 0.1231 254.343
19.44 16.834 0.1232 254.44
19.45 16.834 0.1236 254.545
19.46 17.028 0.1233 254.95
19.47 17.194 0.1243 255.515
19.48 17.465 0.1244 256.144
19.49 17.626 0.1273 257.012
19.5 17.626 0.1279 257.149
19.51 17.921 0.1307 258.266
19.52 17.99 0.1328 258.789
19.53 18.151 0.1329 259.174
19.54 18.204 0.1328 259.304
19.55 18.285 0.1326 259.474
19.56 18.147 0.1322 259.163
19.57 18.1458 0.1318 259.132
19.58 18.1464 0.1319 259.186
19.59 18.147 0.1314 259.142
19.6 18.317 0.131 259.462
19.61 18.491 0.1299 259.67
19.62 18.713 0.128 259.834
19.63 18.85 0.128 260.144
19.64 19.109 0.1235 259.918
19.65 19.198 0.1231 260.058
19.66 19.121 0.1232 259.962
19.67 19.121 0.1234 260.034
19.68 18.749 0.1238 259.406
19.69 18.487 0.1255 259.211
19.7 18.487 0.1286 259.775
19.71 17.751 0.1302 258.562
19.72 17.751 0.1303 258.615
19.73 17.275 0.1303 257.641
19.74 17.081 0.1302 257.242
19.75 16.907 0.1301 256.883
19.76 16.798 0.13 256.663
19.77 16.701 0.1299 256.469
19.78 16.519 0.1297 256.068
19.79 16.479 0.1296 255.998
19.8 16.41 0.1296 255.879
19.81 16.374 0.1295 255.818
19.82 16.152 0.1294 255.335
19.83 16.095 0.129 255.175
19.84 16.014 0.1264 254.594
19.85 15.958 0.1238 254.061
19.86 15.921 0.1224 253.772
19.87 15.796 0.1223 253.502
19.88 15.719 0.1223 253.359
19.89 15.719 0.1223 253.395
19.9 15.59 0.1215 252.991
19.91 15.293 0.1215 252.327
19.92 15.205 0.1201 251.909
19.93 15.117 0.1207 251.838
19.94 15.138 0.1201 251.819
19.95 15.105 0.1193 251.636
19.96 15.081 0.1181 251.401
19.97 15.057 0.1176 251.29
19.98 15.057 0.1175 251.307
19.99 14.948 0.1175 251.079
20 14.8902 0.1173 250.939
20.01 14.8325 0.117 250.78
20.02 14.839 0.1162 250.687
20.03 14.79 0.1139 250.186
20.04 14.855 0.1139 250.379
20.05 14.717 0.1115 249.635
20.06 14.717 0.1109 249.557
20.07 14.673 0.1109 249.484
20.08 14.633 0.1109 249.421
20.09 14.588 0.1101 249.194
20.1 14.37 0.1092 248.519
20.11 14.37 0.1091 248.535
20.12 14.237 0.1086 248.142
20.13 14.2501 0.1077 248.037
20.14 14.2631 0.0958 245.699
20.15 14.3117 0.097 246.108
20.16 14.418 0.1034 247.717
20.17 14.447 0.1066 248.453
20.18 14.649 0.11 249.635
20.19 14.725 0.1138 250.563
20.2 15.016 0.1179 252.046
