0.01 0 0 0
0.02 0 0 0
0.03 0.01 0 0
0.04 0.01 0 0
0.05 0.01 0 0
0.06 0.01 0 0
0.07 0.01 0 0
0.0800001 0.01 0 0
0.0900001 0.01 0 0
0.1 0.02 0 0
0.11 0.02 0 0
0.12 0.02 0 0
0.13 0.02 0 0
0.14 0.03 0 0
0.15 0.04 0 0
0.16 0.04 0 0
0.17 0.05 0 0
0.18 0.07 0 0
0.19 0.13 0 0
0.2 0.15 0 0
0.21 0.2 0 0
0.22 0.23 0 0
0.23 0.27 0 0
0.24 0.29 0 0
0.25 0.29 0 0
0.26 0.31 0 0
0.27 0.28 0 0
0.28 0.27 0 0
0.29 0.25 0 0
0.3 0.23 0 0
0.31 0.18 0 0
0.32 0.16 0 0
0.33 0.12 0 0
0.34 0.12 0 0
0.35 0.12 0 0
0.36 0.1 0 0
0.37 0.0800001 0 0
0.38 0.0900001 0 0
0.39 0.07 0 0
0.4 0.06 0 0
0.41 0.06 0 0
0.42 0.05 0 0
0.43 0.04 0 0
0.44 0.02 0 0
0.45 0.02 0 0
0.46 0.02 0 0
0.47 0.01 0 0
0.48 0.01 0 0
0.49 0.01 0 0
0.5 0.01 0 0
0.51 0.01 0 0
0.52 0.01 0 0
0.53 0.01 0 0
0.54 0.01 0 0
0.55 0.01 0 0
0.56 0.01 0 0
0.57 0.02 0 0
0.58 0.02 0 0
0.59 0.03 0 0
0.6 0.03 0 0
0.61 0.03 0 0
0.62 0.03 0 0
0.63 0.04 0 0
0.640001 0.04 0 0
0.650001 0.04 0 0
0.660001 0.04 0 0
0.670001 0.04 0 0
0.680001 0.04 0 0
0.690001 0.04 0 0
0.700001 0.04 0 0
0.710001 0.04 0 0
0.720001 0.05 0 0
0.730001 0.05 0 0
0.740001 0.05 0 0
0.75 0.06 0 0
0.760001 0.06 0 0
0.770001 0.06 0 0
0.780001 0.07 0 0
0.790001 0.07 0 0
0.800001 0.0800001 0 0
0.810001 0.0800001 0 0
0.820001 0.0800001 0 0
0.830001 0.0900001 0 0
0.840001 0.0900001 0 0
0.850001 0.0900001 0 0
0.860001 0.0900001 0 0
0.870001 0.1 0 0
0.880001 0.1 0 0
0.890001 0.11 0 0
0.900001 0.11 0 0
0.910001 0.11 0 0
0.920001 0.12 0 0
0.930001 0.12 0 0
0.940001 0.12 0 0
0.950001 0.12 0 0
0.960001 0.12 0 0
0.970001 0.13 0 0
0.980001 0.13 0 0
0.990001 0.13 0 0
1 0.13 0 0
1.01 0.14 0 0
1.02 0.14 0 0
1.03 0.14 0 0
1.04 0.14 0 0
1.05 0.14 0 0
1.06 0.14 0 0
1.07 0.15 0 0
1.08 0.15 0 0
1.09 0.15 0 0
1.1 0.15 0 0
1.11 0.16 0 0
1.12 0.16 0 0
1.13 0.16 0 0
1.14 0.16 0 0
1.15 0.17 0 0
1.16 0.18 0 0
1.17 0.18 0 0
1.18 0.19 0 0
1.19 0.19 0 0
1.2 0.2 0 0
1.21 0.21 0 0
1.22 0.23 0 0
1.23 0.24 0 0
1.24 0.24 0 0
1.25 0.25 0 0
1.26 0.27 0 0
1.27 0.29 0 0
1.28 0.3 0 0
1.29 0.32 0 0
1.3 0.35 0 0
1.31 0.44 0 0
1.32 0.48 0 0
1.33 0.54 0.001 49.2848
1.34 0.63 0.001 50.4961
1.35 0.670001 0.001 51.0512
1.36 0.75 0.001 51.9937
1.37 0.840001 0.001 52.9569
1.38 0.920001 0.002 56.9555
1.39 1.02 0.002 57.9242
1.4 1.21 0.002 59.4851
1.41 1.34 0.003 62.5605
1.42 1.62 0.003 64.42
1.43 1.77 0.004 66.9578
1.44 1.93 0.005 69.2018
1.45 2.25 0.005 70.8838
1.46 2.34 0.006 72.5132
1.47 2.69 0.007 75.0808
1.48 3.18 0.01 79.378
1.49 3.4 0.011 80.9358
1.5 3.63 0.013 83
1.51 4 0.015 85.3338
1.52 4.16 0.016 86.4376
1.53 4.32 0.017 87.5075
1.54 4.65 0.019 89.424
1.55 4.81 0.02 90.4076
1.56 4.97 0.022 91.7216
1.57 5.32 0.022 92.7895
1.58 5.51 0.024 94.1031
1.59 5.72 0.025 95.0999
1.6 5.9 0.026 96.0045
1.61 6.05 0.026 96.5193
1.62 6.29 0.027 97.5345
1.63 6.39 0.027 97.9237
1.64 6.46 0.027 98.2443
1.65 6.64 0.027 98.8007
1.66 6.79 0.028 99.5866
1.67 7.21 0.03 101.198
1.68 7.44 0.031 102.104
1.69 7.62 0.032 102.896
1.7 7.77 0.033 103.62
1.71 7.86 0.034 104.22
1.72 7.92 0.035 104.756
1.73 7.96 0.036 105.247
1.74 7.99 0.037 105.714
1.75 8 0.037 105.901
1.76 8.02 0.038 106.343
1.77 8.09 0.038 106.644
1.78 8.19 0.038 107
1.79 8.33 0.039 107.662
1.8 8.66 0.039 108.433
1.81 8.82 0.04 109.117
1.82 8.97 0.041 109.775
1.83 9.11 0.042 110.409
1.84 9.21 0.042 110.75
1.85 9.3 0.043 111.29
1.86 9.35 0.043 111.543
1.87 9.39 0.044 111.993
1.88 9.39 0.044 112.159
1.89 9.4 0.044 112.341
1.9 9.41 0.045 112.734
1.91 9.45 0.044 112.757
1.92 9.49 0.044 112.989
1.93 9.55 0.044 113.255
1.94 9.62 0.044 113.537
1.95 9.72 0.045 114.082
1.96 9.77 0.044 114.116
1.97 9.81 0.044 114.344
1.98 9.83 0.044 114.539
1.99 9.83 0.044 114.7
2 9.83 0.044 114.86
2.01 9.83 0.044 115.019
2.02 9.84 0.045 115.41
2.03 9.88 0.045 115.636
2.04 9.95 0.045 115.912
2.05 10.03 0.045 116.204
2.06 10.13 0.045 116.527
2.07 10.21 0.045 116.817
2.08 10.3 0.045 117.121
2.09 10.4 0.045 117.441
2.1 10.52 0.046 118.007
2.11 10.65 0.046 118.372
2.12 10.8 0.046 118.766
2.13 10.94 0.047 119.356
2.14 11.23 0.047 119.963
2.15 11.36 0.047 120.318
2.16 11.5 0.047 120.685
2.17 11.65 0.048 121.279
2.18 11.8 0.049 121.866
2.19 11.93 0.05 122.42
2.2 12.07 0.052 123.182
2.21 12.18 0.054 123.887
2.22 12.3 0.055 124.408
2.23 12.36 0.057 125.022
2.24 12.39 0.058 125.403
2.25 12.33 0.06 125.825
2.26 12.26 0.061 126.05
2.27 12.15 0.063 126.38
2.28 12 0.064 126.474
2.29 11.84 0.064 126.383
2.3 11.66 0.064 126.257
2.31 11.5 0.064 126.159
2.32 11.36 0.063 125.922
2.33 11.25 0.063 125.897
2.34 11.16 0.063 125.901
2.35 11.14 0.063 126.018
2.36 11.13 0.063 126.15
2.37 11.15 0.062 126.163
2.38 11.04 0.062 126.131
2.39 11.01 0.062 126.228
2.4 10.82 0.062 126.059
2.41 10.6 0.062 125.832
2.42 10.37 0.062 125.579
2.43 10.17 0.061 125.202
2.44 9.99 0.061 125.023
2.45 9.87 0.06 124.776
2.46 9.8 0.059 124.615
2.47 9.73 0.058 124.449
2.48 9.69 0.043 121.454
2.49 9.65 0.043 121.517
2.5 9.58 0.043 121.525
2.51 9.53 0.043 121.569
2.52 9.49 0.044 121.862
2.53 9.45 0.045 122.15
2.54 9.42 0.045 122.228
2.55 9.23 0.045 122.004
2.56 9.21 0.046 122.322
2.57 9.21 0.045 122.231
2.58 9.23 0.045 122.401
2.59 9.26 0.045 122.59
2.6 9.37 0.045 122.93
2.61 9.44 0.044 122.963
2.62 9.62 0.043 123.193
2.63 9.75 0.043 123.563
2.64 9.89 0.042 123.705
2.65 10.08 0.043 124.418
2.66 10.62 0.043 125.488
2.67 10.94 0.044 126.398
2.68 11.25 0.045 127.278
2.69 11.51 0.047 128.293
2.7 11.73 0.049 129.223
2.71 11.99 0.051 130.198
2.72 12.08 0.052 130.682
2.73 12.18 0.054 131.383
2.74 12.23 0.057 132.188
2.75 12.3 0.058 132.622
2.76 12.34 0.059 133.007
2.77 12.37 0.06 133.374
2.78 12.43 0.061 133.784
2.79 12.47 0.061 133.98
2.8 12.43 0.062 134.233
2.81 12.56 0.062 134.567
2.82 12.57 0.062 134.716
2.83 12.6 0.062 134.895
2.84 12.66 0.062 135.119
2.85 12.7 0.062 135.313
2.86 12.73 0.062 135.491
2.87 12.74 0.062 135.638
2.88 12.77 0.062 135.815
2.89 12.83 0.062 136.038
2.9 12.91 0.062 136.29
2.91 12.99 0.063 136.724
2.92 13.04 0.064 137.11
2.93 13.1 0.065 137.508
2.94 13.17 0.065 137.744
2.95 13.2 0.066 138.095
2.96 13.2 0.067 138.398
2.97 13.18 0.067 138.497
2.98 13.15 0.067 138.581
2.99 13.11 0.067 138.65
3 13.09 0.067 138.748
3.01 13.1 0.067 138.892
3.02 13.11 0.067 139.035
3.03 13.15 0.068 139.396
3.04 13.2 0.068 139.6
3.05 13.22 0.068 139.758
3.06 13.21 0.068 139.87
3.07 13.22 0.069 140.182
3.08 13.2 0.069 140.278
3.09 13.2 0.069 140.405
3.1 13.21 0.069 140.546
3.11 13.21 0.07 140.84
3.12 13.22 0.07 140.982
3.13 13.23 0.07 141.122
3.14 13.22 0.07 141.232
3.15 13.21 0.07 141.342
3.16 13.21 0.07 141.466
3.17 13.19 0.069 141.39
3.18 13.14 0.069 141.437
3.19 13.12 0.069 141.529
3.2 13.11 0.069 141.637
3.21 13.06 0.068 141.51
3.22 13.01 0.067 141.38
3.23 13 0.067 141.486
3.24 12.97 0.067 141.561
3.25 12.95 0.066 141.473
3.26 12.92 0.066 141.547
3.27 12.87 0.065 141.409
3.28 12.82 0.065 141.449
3.29 12.79 0.064 141.339
3.3 12.77 0.063 141.241
3.31 12.77 0.063 141.36
3.32 12.76 0.063 141.463
3.33 12.77 0.063 141.597
3.34 12.78 0.062 141.543
3.35 12.8 0.062 141.692
3.36 12.8 0.062 141.81
3.37 12.77 0.061 141.687
3.38 12.74 0.061 141.756
3.39 12.75 0.06 141.693
3.4 12.76 0.06 141.825
3.41 12.79 0.06 141.989
3.42 12.83 0.061 142.364
3.43 12.83 0.061 142.48
3.44 12.85 0.061 142.627
3.45 12.87 0.061 142.774
3.46 12.89 0.057 142.117
3.47 12.87 0.054 141.561
3.48 12.86 0.05 140.754
3.49 12.85 0.049 140.614
3.5 12.83 0.05 140.931
3.51 12.82 0.05 141.027
3.52 12.78 0.052 141.537
3.53 12.75 0.054 142.046
3.54 12.73 0.055 142.342
3.55 12.4 0.057 142.339
3.56 12.34 0.058 142.557
3.57 12.33 0.059 142.854
3.58 12.31 0.06 143.132
3.59 12.3 0.06 143.226
3.6 12.28 0.06 143.304
3.61 12.24 0.06 143.347
3.62 12.23 0.06 143.44
3.63 12.2 0.061 143.697
3.64 12.19 0.061 143.79
3.65 12.17 0.061 143.865
3.66 12.15 0.061 143.941
3.67 12.13 0.061 144.016
3.68 12.12 0.061 144.108
3.69 12.13 0.061 144.234
3.7 12.13 0.061 144.342
3.71 12.16 0.061 144.502
3.72 12.2 0.062 144.874
3.73 12.2 0.063 145.176
3.74 12.2 0.063 145.284
3.75 12.16 0.064 145.513
3.76 12.07 0.065 145.653
3.77 11.99 0.065 145.621
3.78 11.76 0.065 145.323
3.79 11.66 0.065 145.251
3.8 11.57 0.065 145.195
3.81 11.51 0.064 145.005
3.82 11.38 0.063 144.684
3.83 11.37 0.062 144.578
3.84 11.38 0.061 144.506
3.85 11.38 0.06 144.412
3.86 11.63 0.06 144.969
3.87 11.8 0.06 145.377
3.88 11.93 0.06 145.711
3.89 12.04 0.06 146.008
3.9 12.09 0.06 146.199
3.91 12.14 0.06 146.39
3.92 12.15 0.06 146.512
3.93 12.13 0.061 146.783
3.94 12.11 0.061 146.851
3.95 12.09 0.061 146.92
3.96 12.09 0.062 147.222
3.97 12.09 0.062 147.326
3.98 12.1 0.062 147.446
3.99 12.16 0.062 147.654
4 12.23 0.063 148.076
4.01 12.24 0.063 148.196
4.02 12.22 0.063 148.264
4.03 12.17 0.064 148.473
4.04 12.08 0.064 148.417
4.05 12.03 0.064 148.43
4.06 11.98 0.064 148.443
4.07 11.94 0.065 148.665
4.08 11.84 0.065 148.586
4.09 11.78 0.065 148.579
4.1 11.74 0.064 148.415
4.11 11.71 0.064 148.461
4.12 11.69 0.064 148.525
4.13 11.62 0.063 148.302
4.14 11.55 0.063 148.273
4.15 11.49 0.062 148.064
4.16 11.42 0.061 147.832
4.17 11.32 0.061 147.744
4.18 11.3 0.061 147.805
4.19 11.26 0.06 147.624
4.2 11.24 0.059 147.478
4.21 11.22 0.058 147.328
4.22 11.22 0.058 147.425
4.23 11.22 0.057 147.309
4.24 11.23 0.057 147.424
4.25 11.27 0.057 147.596
4.26 11.34 0.057 147.825
4.27 11.38 0.057 147.996
4.28 11.39 0.057 148.111
4.29 11.38 0.057 148.188
4.3 11.38 0.057 148.284
4.31 11.36 0.057 148.343
4.32 11.34 0.057 148.401
4.33 11.35 0.057 148.515
4.34 11.36 0.057 148.629
4.35 11.42 0.057 148.837
4.36 11.57 0.057 149.212
4.37 11.69 0.058 149.746
4.38 11.8 0.059 150.257
4.39 11.9 0.059 150.535
4.4 11.88 0.06 150.804
4.41 11.86 0.061 151.07
4.42 11.8 0.062 151.26
4.43 11.59 0.062 150.964
4.44 11.44 0.062 150.775
4.45 11.29 0.062 150.583
4.46 11.14 0.061 150.184
4.47 11.08 0.061 150.161
4.48 11.07 0.061 150.235
4.49 11.07 0.061 150.328
4.5 11.08 0.047 147.212
4.51 11.12 0.048 147.638
4.52 11.13 0.048 147.748
4.53 11.11 0.049 148.054
4.54 11.07 0.049 148.068
4.55 11.03 0.051 148.575
4.56 10.95 0.053 148.986
4.57 10.49 0.054 148.389
4.58 10.04 0.055 147.77
4.59 9.91 0.055 147.582
4.6 9.75 0.054 147.101
4.61 9.61 0.054 146.884
4.62 9.53 0.052 146.335
4.63 9.53 0.051 146.187
4.64 9.54 0.048 145.561
4.65 9.57 0.047 145.459
4.66 9.7 0.045 145.302
4.67 9.88 0.044 145.502
4.68 10.38 0.044 146.627
4.69 10.65 0.044 147.258
4.7 10.89 0.044 147.818
4.71 11.21 0.045 148.802
4.72 11.3 0.045 149.061
4.73 11.4 0.047 149.879
4.74 11.46 0.048 150.344
4.75 11.49 0.049 150.747
4.76 11.52 0.05 151.146
4.77 11.51 0.05 151.215
4.78 11.52 0.051 151.572
4.79 11.61 0.051 151.83
4.8 11.65 0.052 152.239
4.81 11.7 0.052 152.421
4.82 11.78 0.052 152.659
4.83 11.82 0.052 152.821
4.84 11.92 0.053 153.338
4.85 11.97 0.053 153.518
4.86 12.03 0.053 153.717
4.87 12.11 0.054 154.191
4.88 12.16 0.054 154.37
4.89 12.26 0.054 154.641
4.9 12.32 0.055 155.074
4.91 12.37 0.055 155.252
4.92 12.48 0.052 154.814
4.93 12.53 0.048 153.962
4.94 12.64 0.041 152.233
4.95 12.72 0.041 152.457
4.96 12.78 0.042 152.953
4.97 12.87 0.042 153.193
4.98 12.93 0.044 153.976
4.99 12.96 0.045 154.402
5 12.96 0.048 155.319
5.01 12.66 0.049 155.149
5.02 12.56 0.05 155.318
5.03 12.45 0.051 155.463
5.04 12.47 0.053 156.084
5.05 12.44 0.054 156.359
5.06 12.43 0.054 156.427
5.07 12.42 0.054 156.494
5.08 12.4 0.055 156.783
5.09 12.41 0.055 156.887
5.1 12.39 0.055 156.936
5.11 12.41 0.055 157.058
5.12 12.4 0.055 157.125
5.13 12.4 0.055 157.21
5.14 12.4 0.054 157.056
5.15 12.4 0.052 156.648
5.16 12.41 0.052 156.751
5.17 12.41 0.051 156.582
5.18 12.45 0.051 156.739
5.19 12.46 0.051 156.841
5.2 12.49 0.051 156.979
5.21 12.55 0.052 157.425
5.22 12.69 0.052 157.761
5.23 12.78 0.053 158.257
5.24 12.82 0.053 158.412
5.25 12.85 0.054 158.796
5.26 12.72 0.054 158.648
5.27 12.72 0.054 158.731
5.28 12.74 0.055 159.094
5.29 12.76 0.055 159.213
5.3 12.78 0.056 159.572
5.31 12.79 0.057 159.909
5.32 12.75 0.058 160.152
5.33 12.63 0.057 159.786
5.34 12.55 0.057 159.723
5.35 12.44 0.057 159.604
5.36 12.33 0.057 159.483
5.37 12.26 0.056 159.2
5.38 12.12 0.056 159.019
5.39 12.13 0.056 159.12
5.4 12.14 0.056 159.221
5.41 12.17 0.056 159.359
5.42 12.19 0.058 159.945
5.43 12.19 0.058 160.027
5.44 12.2 0.059 160.356
5.45 12.2 0.059 160.438
5.46 12.22 0.06 160.782
5.47 12.24 0.06 160.902
5.48 12.3 0.06 161.097
5.49 12.37 0.061 161.532
5.5 12.39 0.062 161.871
5.51 12.41 0.063 162.206
5.52 12.42 0.064 162.519
5.53 12.5 0.065 162.961
5.54 12.57 0.066 163.382
5.55 12.63 0.058 161.827
5.56 12.81 0.054 161.276
5.57 12.88 0.054 161.484
5.58 12.94 0.054 161.672
5.59 12.98 0.054 161.825
5.6 12.97 0.058 162.853
5.61 12.93 0.06 163.321
5.62 12.88 0.061 163.535
5.63 12.82 0.066 164.582
5.64 12.41 0.068 164.301
5.65 12.25 0.07 164.472
5.66 12.1 0.071 164.455
5.67 12.07 0.072 164.668
5.68 12.02 0.072 164.651
5.69 11.94 0.073 164.762
5.7 11.76 0.073 164.482
5.71 11.69 0.073 164.421
5.72 11.58 0.073 164.277
5.73 11.6 0.073 164.398
5.74 11.62 0.073 164.518
5.75 11.69 0.072 164.551
5.76 11.85 0.071 164.761
5.77 12 0.071 165.14
5.78 12.13 0.07 165.281
5.79 12.26 0.069 165.416
5.8 12.57 0.069 166.092
5.81 12.76 0.069 166.53
5.82 12.93 0.07 167.128
5.83 13.12 0.071 167.757
5.84 13.36 0.071 168.276
5.85 13.82 0.072 169.375
5.86 14 0.072 169.772
5.87 14.14 0.072 170.096
5.88 14.26 0.072 170.384
5.89 14.34 0.073 170.798
5.9 14.49 0.075 171.52
5.91 14.69 0.078 172.501
5.92 14.94 0.081 173.546
5.93 15.36 0.082 174.501
5.94 15.4 0.082 174.648
5.95 15.34 0.083 174.807
5.96 15.19 0.084 174.816
5.97 15.03 0.0850001 174.803
5.98 14.84 0.086 174.734
5.99 14.75 0.086 174.662
6 14.71 0.086 174.675
6.01 14.72 0.086 174.773
6.02 14.72 0.086 174.854
6.03 14.79 0.086 175.054
6.04 14.84 0.086 175.22
6.05 14.84 0.086 175.3
6.06 14.75 0.088 175.563
6.07 14.59 0.089 175.533
6.08 14.35 0.0900001 175.357
6.09 14.07 0.091 175.101
6.1 13.8 0.091 174.693
6.11 13.54 0.091 174.294
6.12 13.27 0.091 173.868
6.13 12.75 0.091 172.949
6.14 12.51 0.091 172.554
6.15 12.25 0.089 171.793
6.16 11.98 0.087 170.996
6.17 11.71 0.086 170.349
6.18 11.44 0.0850001 169.689
6.19 11.21 0.083 168.935
6.2 11 0.082 168.381
6.21 11.06 0.081 168.416
6.22 11.12 0.081 168.623
6.23 11.27 0.081 169.024
6.24 11.84 0.079 169.951
6.25 12.56 0.078 171.297
6.26 13.38 0.078 172.941
6.27 14.22 0.0800001 174.909
6.28 15 0.081 176.52
6.29 16.03 0.083 178.657
6.3 16.37 0.083 179.277
6.31 16.64 0.086 180.311
6.32 16.83 0.086 180.686
6.33 17.01 0.086 181.042
6.34 17.12 0.087 181.464
6.35 17.26 0.086 181.582
6.36 17.6 0.087 182.348
6.37 17.66 0.088 182.691
6.38 17.67 0.093 183.628
6.39 17.65 0.0950001 184.003
6.4 17.58 0.0950001 183.978
6.41 17.52 0.0950001 183.967
6.42 17.44 0.094 183.764
6.43 17.3 0.094 183.63
6.44 17.26 0.094 183.648
6.45 17.21 0.094 183.651
6.46 17.23 0.094 183.76
6.47 17.19 0.094 183.778
6.48 17.19 0.094 183.857
6.49 17.16 0.094 183.889
6.5 17.14 0.094 183.937
6.51 17.09 0.083 182.044
6.52 17.08 0.073 180.171
6.53 17.02 0.073 180.157
6.54 17 0.074 180.407
6.55 17 0.074 180.484
6.56 17 0.076 180.961
6.57 17.05 0.078 181.506
6.58 16.9 0.0800001 181.735
6.59 16.84 0.081 181.906
6.6 16.9 0.086 182.986
6.61 16.96 0.087 183.332
6.62 17.2 0.088 183.956
6.63 17.27 0.089 184.314
6.64 17.29 0.0900001 184.593
6.65 17.12 0.091 184.578
6.66 16.99 0.092 184.62
6.67 16.89 0.093 184.706
6.68 16.81 0.096 185.145
6.69 16.8 0.097 185.366
6.7 16.68 0.097 185.252
6.71 16.56 0.097 185.136
6.72 16.43 0.096 184.843
6.73 16.24 0.0950001 184.449
6.74 15.92 0.0950001 183.997
6.75 15.77 0.0950001 183.823
6.76 15.61 0.0950001 183.628
6.77 15.43 0.093 183.073
6.78 15.25 0.093 182.839
6.79 15.06 0.092 182.42
6.8 14.73 0.092 181.913
6.81 14.56 0.091 181.518
6.82 14.42 0.089 181.005
6.83 14.24 0.088 180.582
6.84 14 0.087 180.042
6.85 13.87 0.087 179.873
6.86 13.78 0.086 179.605
6.87 13.69 0.084 179.157
6.88 13.61 0.083 178.9
6.89 13.4 0.083 178.572
6.9 13.25 0.082 178.175
6.91 13.1 0.082 177.955
6.92 12.92 0.0800001 177.307
6.93 12.63 0.079 176.615
6.94 12.5 0.079 176.422
6.95 12.37 0.078 176.041
6.96 12.25 0.075 175.291
6.97 12.22 0.074 175.104
6.98 12.22 0.073 174.975
6.99 12.27 0.071 174.743
7 12.33 0.07 174.729
7.01 12.5 0.07 175.144
7.02 12.89 0.07 175.99
7.03 13.09 0.07 176.451
7.04 13.28 0.071 177.096
7.05 13.49 0.071 177.566
7.06 13.7 0.072 178.239
7.07 13.84 0.073 178.776
7.08 13.98 0.074 179.308
7.09 13.98 0.075 179.579
7.1 13.99 0.075 179.668
7.11 14.04 0.076 180.029
7.12 14.12 0.076 180.247
7.13 14.19 0.076 180.445
7.14 14.27 0.077 180.859
7.15 14.34 0.077 181.057
7.16 14.44 0.077 181.308
7.17 14.63 0.077 181.72
7.18 14.75 0.077 182.005
7.19 14.85 0.076 182.054
7.2 14.96 0.076 182.318
7.21 15.2 0.076 182.807
7.22 15.28 0.074 182.61
7.23 15.38 0.074 182.852
7.24 15.53 0.075 183.383
7.25 15.74 0.075 183.809
7.26 16.4 0.075 184.97
7.27 16.83 0.077 186.139
7.28 17.3 0.078 187.151
7.29 17.77 0.081 188.537
7.3 18.13 0.083 189.539
7.31 18.42 0.086 190.607
7.32 18.62 0.087 191.16
7.33 18.61 0.089 191.58
7.34 18.61 0.092 192.182
7.35 18.6 0.094 192.584
7.36 18.54 0.094 192.567
7.37 18.55 0.094 192.655
7.38 18.55 0.0950001 192.897
7.39 18.58 0.096 193.183
7.4 18.64 0.097 193.512
7.41 18.85 0.098 194.063
7.42 18.93 0.098 194.254
7.43 18.96 0.098 194.371
7.44 18.95 0.098 194.429
7.45 18.93 0.098 194.472
7.46 18.93 0.097 194.379
7.47 18.92 0.097 194.436
7.48 18.93 0.096 194.356
7.49 18.94 0.094 194.102
7.5 19.02 0.094 194.292
7.51 19.15 0.082 192.357
7.52 19.32 0.079 192.076
7.53 19.52 0.079 192.433
7.54 19.84 0.0800001 193.157
7.55 19.85 0.081 193.442
7.56 19.74 0.083 193.751
7.57 19.63 0.0850001 194.051
7.58 19.17 0.089 194.202
7.59 18.97 0.0900001 194.16
7.6 18.77 0.093 194.465
7.61 18.78 0.096 195.065
7.62 18.63 0.097 195.079
7.63 18.49 0.097 194.939
7.64 18.36 0.097 194.812
7.65 18.03 0.096 194.207
7.66 17.82 0.0950001 193.781
7.67 17.58 0.0950001 193.473
7.68 17.1 0.094 192.603
7.69 16.9 0.093 192.176
7.7 16.71 0.093 191.933
7.71 16.49 0.092 191.463
7.72 16.06 0.091 190.632
7.73 15.85 0.088 189.809
7.74 15.63 0.087 189.315
7.75 15.24 0.086 188.514
7.76 15.05 0.084 187.873
7.77 14.87 0.084 187.615
7.78 14.68 0.083 187.148
7.79 14.29 0.082 186.303
7.8 14.06 0.0800001 185.553
7.81 13.84 0.0800001 185.198
7.82 13.58 0.0800001 184.758
7.83 13.01 0.079 183.494
7.84 12.71 0.078 182.75
7.85 12.42 0.078 182.208
7.86 12.11 0.077 181.415
7.87 11.52 0.075 179.785
7.88 11.21 0.074 178.943
7.89 10.9 0.074 178.285
7.9 10.29 0.072 176.472
7.91 9.99 0.071 175.579
7.92 9.68 0.071 174.845
7.93 9.38 0.071 174.116
7.94 8.72 0.071 172.356
7.95 8.36 0.071 171.373
7.96 7.93 0.073 170.528
7.97 7.06 0.076 168.32
7.98 6.65 0.079 167.473
7.99 6.18 0.078 165.596
8 5.69 0.078 163.695
8.01 5.15 0.077 161.244
8.02 4.35 0.054 152.847
8.03 4.1 0.048 150.124
8.04 4.18 0.046 150.062
8.05 4.26 0.046 150.524
8.06 4.43 0.046 151.427
8.07 5.75 0.046 157.276
8.08 6.5 0.042 158.925
8.09 6.33 0.041 158.057
8.1 6.35 0.041 158.183
8.11 6.38 0.041 158.345
8.12 6.33 0.041 158.22
8.13 6.19 0.043 158.391
8.14 5.64 0.046 157.216
8.15 5.25 0.047 155.934
8.16 4.81 0.053 155.581
8.17 4.32 0.056 153.948
8.18 3.33 0.059 148.981
8.19 2.9 0.06 146.298
8.2 2.51 0.058 142.932
8.21 2.2 0.057 140.089
8.22 2.14 0.053 138.737
8.23 2.12 0.05 137.926
8.24 2.25 0.045 137.945
8.25 2.38 0.044 138.853
8.26 3.11 0.042 143.797
8.27 3.46 0.04 145.48
8.28 3.68 0.039 146.517
8.29 3.85 0.039 147.523
8.3 4 0.039 148.387
8.31 3.95 0.038 147.848
8.32 3.87 0.036 146.8
8.33 3.76 0.036 146.241
8.34 3.75 0.036 146.234
8.35 3.75 0.036 146.282
8.36 3.75 0.036 146.331
8.37 3.79 0.035 146.26
8.38 3.88 0.032 145.714
8.39 3.89 0.031 145.431
8.4 3.85 0.03 144.867
8.41 3.74 0.029 143.905
8.42 2.68 0.028 136.807
8.43 2.05 0.026 130.863
8.44 2.1 0.026 131.361
8.45 2.14 0.026 131.762
8.46 2.23 0.025 132.157
8.47 2.55 0.025 134.778
8.48 2.97 0.025 137.815
8.49 4.23 0.025 145.063
8.5 4.96 0.025 148.475
8.51 5.57 0.025 151.025
8.52 6.72 0.025 155.214
8.53 7.11 0.026 157.042
8.54 7.42 0.026 158.062
8.55 7.63 0.027 159.249
8.56 7.83 0.028 160.38
8.57 7.87 0.03 161.474
8.58 7.92 0.033 162.961
8.59 7.94 0.037 164.633
8.6 8 0.039 165.588
8.61 8.07 0.041 166.541
8.62 8.14 0.043 167.465
8.63 8.35 0.045 168.771
8.64 8.57 0.046 169.769
8.65 8.83 0.049 171.455
8.66 9.25 0.054 174.063
8.67 9.43 0.056 175.132
8.68 9.66 0.058 176.311
8.69 9.88 0.058 176.941
8.7 10.34 0.058 178.161
8.71 10.62 0.061 179.657
8.72 10.93 0.062 180.705
8.73 11.61 0.062 182.34
8.74 11.88 0.063 183.247
8.75 12.12 0.063 183.834
8.76 12.25 0.063 184.175
8.77 12.3 0.063 184.342
8.78 12.21 0.063 184.205
8.79 12.05 0.062 183.669
8.8 11.98 0.061 183.325
8.81 11.76 0.061 182.894
8.82 11.72 0.061 182.862
8.83 11.71 0.061 182.897
8.84 11.75 0.061 183.044
8.85 11.78 0.062 183.417
8.86 11.84 0.063 183.854
8.87 11.82 0.063 183.867
8.88 11.83 0.064 184.188
8.89 11.81 0.065 184.438
8.9 11.71 0.067 184.735
8.91 11.69 0.067 184.748
8.92 11.57 0.067 184.531
8.93 11.56 0.068 184.793
8.94 11.52 0.069 184.983
8.95 11.48 0.069 184.948
8.96 11.43 0.069 184.889
8.97 11.3 0.069 184.642
8.98 11.23 0.069 184.534
8.99 11.2 0.068 184.296
9 11.17 0.066 183.824
9.01 11.2 0.065 183.719
9.02 11.23 0.065 183.846
9.03 11.28 0.064 183.783
9.04 11.38 0.064 184.074
9.05 11.48 0.064 184.362
9.06 11.69 0.064 184.901
9.07 11.77 0.065 185.378
9.08 11.8 0.065 185.503
9.09 11.8 0.065 185.56
9.1 11.74 0.065 185.48
9.11 11.72 0.065 185.492
9.12 11.71 0.065 185.525
9.13 11.73 0.065 185.627
9.14 11.76 0.065 185.752
9.15 11.77 0.066 186.068
9.16 11.74 0.066 186.056
9.17 11.69 0.066 185.998
9.18 11.62 0.067 186.126
9.19 11.59 0.067 186.113
9.2 11.5 0.068 186.19
9.21 11.38 0.069 186.191
9.22 11.14 0.069 185.676
9.23 11.03 0.069 185.467
9.24 10.93 0.068 185.055
9.25 10.84 0.068 184.89
9.26 10.86 0.068 184.995
9.27 10.87 0.068 185.075
9.28 10.91 0.068 185.228
9.29 11.22 0.068 186.033
9.3 11.43 0.068 186.586
9.31 11.63 0.068 187.109
9.32 11.81 0.068 187.579
9.33 11.97 0.069 188.227
9.34 12.16 0.069 188.711
9.35 12.52 0.071 190.013
9.36 12.62 0.072 190.509
9.37 12.63 0.075 191.236
9.38 12.58 0.077 191.602
9.39 12.51 0.078 191.711
9.4 12.48 0.079 191.904
9.41 12.46 0.0800001 192.118
9.42 12.48 0.081 192.418
9.43 12.5 0.082 192.715
9.44 12.55 0.083 193.078
9.45 12.64 0.083 193.333
9.46 12.76 0.083 193.654
9.47 12.94 0.084 194.295
9.48 13.1 0.084 194.696
9.49 13.29 0.0850001 195.35
9.5 13.47 0.0850001 195.786
9.51 13.81 0.087 196.928
9.52 13.98 0.086 197.143
9.53 14.14 0.086 197.524
9.54 14.26 0.083 197.239
9.55 14.36 0.077 196.266
9.56 14.48 0.077 196.559
9.57 14.76 0.077 197.159
9.58 14.86 0.078 197.62
9.59 14.97 0.0800001 198.304
9.6 15.06 0.082 198.942
9.61 15.02 0.083 199.124
9.62 15.03 0.086 199.79
9.63 15.05 0.088 200.268
9.64 15.12 0.089 200.649
9.65 15.12 0.0900001 200.893
9.66 15.2 0.091 201.289
9.67 15.23 0.092 201.587
9.68 15.27 0.092 201.721
9.69 15.32 0.094 202.236
9.7 15.36 0.0950001 202.548
9.71 15.42 0.096 202.896
9.72 15.51 0.097 203.3
9.73 15.56 0.097 203.452
9.74 15.7 0.097 203.773
9.75 15.78 0.097 203.98
9.76 15.83 0.097 204.131
9.77 15.87 0.098 204.438
9.78 15.93 0.098 204.607
9.79 16.03 0.097 204.675
9.8 16.16 0.097 204.972
9.81 16.27 0.097 205.23
9.82 16.32 0.097 205.379
9.83 16.45 0.097 205.672
9.84 16.49 0.098 205.978
9.85 16.56 0.098 206.162
9.86 16.52 0.099 206.322
9.87 16.37 0.099 206.109
9.88 16.14 0.1 205.92
9.89 15.92 0.1 205.571
9.9 15.7 0.1 205.217
9.91 15.56 0.1 205.01
9.92 15.42 0.1 204.801
9.93 15.33 0.099 204.515
9.94 15.26 0 0
9.95 15.24 0 0
9.96 15.21 0 0
9.97 15.19 0 0
9.98 15.19 0 0
9.99 15.18 0 0
10 15.17 0 0
