0.01 0 0 0
0.02 0.01 0 0
0.03 0.07 0 0
0.04 0.13 0 0
0.05 0.21 0 0
0.06 0.27 0 0
0.07 0.33 0 0
0.08 0.35 0 0
0.09 0.39 0 0
0.1 0.46 0 0
0.11 0.5 0 0
0.12 0.51 0 0
0.13 0.53 0 0
0.14 0.59 0 0
0.15 0.63 0 0
0.16 0.7 0 0
0.17 0.7 0 0
0.18 0.74 0.001 29.5769
0.19 0.72 0.001 29.9066
0.2 0.73 0.001 30.3964
0.21 0.74 0.001 30.872
0.22 0.72 0.001 31.1507
0.23 0.73 0.001 31.6007
0.24 0.71 0.001 31.8491
0.25 0.7 0.001 32.1469
0.26 0.69 0.001 32.4321
0.27 0.68 0.001 32.7053
0.28 0.64 0.001 32.7505
0.29 0.58 0.001 32.606
0.3 0.52 0.001 32.4013
0.31 0.51 0.001 32.6067
0.32 0.46 0.001 32.4106
0.33 0.45 0.001 32.5857
0.34 0.43 0.001 32.6429
0.35 0.43 0.001 32.907
0.36 0.42 0.001 33.0535
0.37 0.41 0.001 33.1909
0.38 0.4 0.001 33.3192
0.39 0.41 0.001 33.6802
0.4 0.34 0.001 33.0159
0.41 0.31 0.001 32.8041
0.42 0.3 0.001 32.869
0.43 0.3 0.001 33.0847
0.44 0.28 0.001 32.9677
0.45 0.28 0.001 33.1743
0.46 0.27 0.001 33.2033
0.47 0.26 0.001 33.2213
0.48 0.26 0.001 33.4164
0.49 0.26 0.001 33.6085
0.5 0.25 0.001 33.6074
0.51 0.25 0.001 33.7929
0.52 0.25 0.001 33.9758
0.53 0.25 0.001 34.1562
0.54 0.28 0.001 34.8991
0.55 0.31 0.001 35.5955
0.56 0.33 0.001 36.0977
0.57 0.37 0.001 36.8784
0.58 0.43 0.001 37.8678
0.59 0.36 0.001 37.087
0.6 0.21 0 0
0.61 0.19 0 0
0.62 0.19 0 0
0.63 0.19 0 0
0.64 0.18 0 0
0.65 0.18 0 0
0.66 0.18 0 0
0.67 0.19 0 0
0.68 0.18 0 0
0.69 0.17 0 0
0.7 0.16 0 0
0.71 0.16 0 0
0.72 0.17 0 0
0.73 0.18 0 0
0.74 0.18 0 0
0.75 0.19 0 0
0.76 0.18 0 0
0.77 0.2 0.001 36.6953
0.78 0.2 0.001 36.8272
0.79 0.2 0.001 36.9578
0.8 0.21 0.001 37.3488
0.81 0.21 0.001 37.478
0.82 0.21 0.001 37.606
0.83 0.22 0.001 37.9866
0.84 0.24 0.001 38.5938
0.85 0.26 0.001 39.1699
0.86 0.3 0.001 40.1157
0.87 0.31 0.001 40.4353
0.88 0.36 0.001 41.4469
0.89 0.48 0.001 43.3358
0.9 0.55 0.002 46.9629
0.91 0.82 0.002 49.8961
0.92 1.33 0.003 55.4986
0.93 1.53 0.004 58.1759
0.94 2.64 0.013 69.6207
0.95 3.02 0.016 72.4317
0.96 3.25 0.019 74.472
0.97 3.48 0.019 75.4258
0.98 3.8 0.034 80.4056
0.99 4.41 0.024 80.0271
1 4.74 0.014 77.5332
1.01 7.4 0.011 81.2517
1.02 7.17 0.014 82.7487
1.03 9.95 0.018 88.8202
1.04 11.44 0.027 93.9844
1.05 12.23 0.031 96.2452
1.06 13.38 0.045 100.835
1.07 12.61 0.045 100.239
1.08 13.68 0.044 101.494
1.09 14.22 0.05 103.418
1.1 15.02 0.044 103.395
1.11 15.48 0.039 103.067
1.12 15.78 0.026 100.174
1.13 15.18 0.02 97.7063
1.14 12.92 0.018 94.8632
1.15 6.99 0.02 87.8096
1.16 6.22 0.021 86.9064
1.17 6.54 0.017 86.2164
1.18 6.86 0.013 85.0965
1.19 7.65 0.023 90.8579
1.2 5.71 0.018 85.5509
1.21 5.79 0.013 83.6254
1.22 5.87 0.019 86.6766
1.23 6.09 0.024 89.0492
1.24 5.3 0.021 86.5154
1.25 5.12 0.018 85.179
1.26 4.18 0.008 77.501
1.27 4.71 0.008 79.0182
1.28 5.25 0.003 74.1347
1.29 4.79 0.002 70.8885
1.3 3.95 0.003 71.4662
1.31 3.88 0.003 71.4344
1.32 3.21 0.003 69.6579
1.33 2.71 0.004 69.773
1.34 2.15 0.004 67.6263
1.35 1.86 0.008 70.3068
1.36 1.65 0.009 69.9282
1.37 1.6 0.011 70.9354
1.38 1.65 0.01 70.8308
1.39 1.69 0.01 71.2183
1.4 2.01 0.008 71.8189
1.41 2.04 0.01 73.4662
1.42 2.08 0.012 74.9451
1.43 2.17 0.014 76.526
1.44 2.43 0.012 76.941
1.45 3.1 0.013 80.3738
1.46 3.77 0.015 83.8208
1.47 4.74 0.017 87.7036
1.48 5.91 0.019 91.5486
1.49 6.87 0.03 97.3603
1.5 9.12 0.042 104.488
1.51 10.52 0.112 115.941
1.52 11.13 0.096 115.609
1.53 11.61 0.081 114.89
1.54 11.42 0.027 104.795
1.55 13.19 0.029 107.824
1.56 14.04 0.032 109.889
1.57 13.5 0.039 111.281
1.58 13.54 0.047 113.27
1.59 13.59 0.041 112.247
1.6 13.95 0.061 116.66
1.61 12.73 0.06 115.174
1.62 12.65 0.059 115.106
1.63 12.02 0.031 108.491
1.64 11.4 0.019 103.545
1.65 11.16 0.034 108.533
1.66 10.99 0.033 108.206
1.67 11.87 0.036 110.392
1.68 12.76 0.039 112.479
1.69 12.7 0.033 111.035
1.7 12.79 0.03 110.451
1.71 11.64 0.033 110.009
1.72 11.16 0.036 110.317
1.73 10.68 0.033 109.006
1.74 10.35 0.031 108.124
1.75 10.76 0.054 114.051
1.76 11.18 0.076 118.176
1.77 12.12 0.061 117.576
1.78 11.97 0.046 114.821
1.79 11.89 0.04 113.561
1.8 12.33 0.031 111.934
1.81 12.41 0.033 112.797
1.82 12.48 0.033 113.061
1.83 12.74 0.034 113.853
1.84 12.57 0.034 113.805
1.85 12.61 0.035 114.304
1.86 12.66 0.036 114.809
1.87 12.37 0.036 114.598
1.88 12.09 0.033 113.565
1.89 12.34 0.029 112.848
1.9 11.56 0.033 113.166
1.91 11.92 0.033 113.833
1.92 12.28 0.03 113.584
1.93 11.7 0.026 111.621
1.94 9.11 0.025 107.475
1.95 9.68 0.026 108.928
1.96 9.01 0.027 108.302
1.97 8.96 0.029 109.014
1.98 10.03 0.034 112.434
1.99 7.99 0.025 106.212
2 7.51 0.016 101.573
2.01 6.65 0.03 105.315
2.02 6.81 0.022 103.126
2.03 6.98 0.014 99.8102
2.04 6.93 0.015 100.418
2.05 7.15 0.011 98.435
2.06 7.36 0.013 100.365
2.07 7.41 0.011 99.21
2.08 5.92 0.014 98.1322
2.09 5.34 0.013 96.2198
2.1 4.6 0.014 94.8833
2.11 3.86 0.015 93.1725
2.12 4.16 0.022 97.3595
2.13 3.45 0.019 93.7445
2.14 3.01 0.026 94.474
2.15 2.82 0.027 94.0072
2.16 2.63 0.026 92.8956
2.17 2.67 0.026 93.2174
2.18 2.53 0.028 93.1884
2.19 2.46 0.028 92.9308
2.2 2.47 0.028 93.1029
2.21 2.57 0.028 93.7546
2.22 2.67 0.028 94.3898
2.23 2.84 0.028 95.3516
2.24 2.89 0.028 95.7105
2.25 2.89 0.028 95.8291
2.26 2.77 0.029 95.642
2.27 2.65 0.029 95.1507
2.28 2.4 0.029 93.9173
2.29 2.15 0.03 92.8153
2.3 1.87 0.029 90.8228
2.31 1.62 0.028 88.8128
2.32 1.6 0.025 87.9276
2.33 1.76 0.018 86.8431
2.34 1.92 0.017 87.6251
2.35 2.22 0.013 87.6051
2.36 2.43 0.015 89.9219
2.37 3.01 0.014 92.3144
2.38 2.93 0.014 92.0647
2.39 3.16 0.014 93.1805
2.4 3.4 0.013 93.6978
2.41 3.32 0.014 94.0633
2.42 3.58 0.015 95.7477
2.43 3.89 0.015 97.0108
2.44 4.44 0.016 99.5218
2.45 5.28 0.016 102.152
2.46 5.79 0.018 104.656
2.47 7.72 0.019 109.698
2.48 7.83 0.02 110.515
2.49 10.2 0.026 117.47
2.5 12.08 0.034 123.22
2.51 11.93 0.034 123.135
2.52 13.86 0.034 125.962
2.53 14.36 0.035 127.052
2.54 14.88 0.037 128.437
2.55 16.74 0.038 131.067
2.56 17.4 0.037 131.65
2.57 17.48 0.035 131.272
2.58 19.03 0.033 132.382
2.59 20.88 0.057 140.555
2.6 23.95 0.067 145.455
2.61 24.2 0.077 147.526
2.62 25.45 0.069 147.407
2.63 24.11 0.084 148.834
2.64 28 0.075 150.806
2.65 25.46 0.066 147.336
2.66 25.59 0.089 151.317
2.67 25.72 0.112 154.512
2.68 25.45 0.109 154.089
2.69 25.32 0.106 153.778
2.7 25.2 0.09 151.751
2.71 24.78 0.105 153.496
2.72 25.63 0.106 154.523
2.73 24.4 0.081 150.19
2.74 24.74 0.056 146.087
2.75 25.08 0.066 148.539
2.76 26.68 0.082 152.753
2.77 27.33 0.097 155.598
2.78 28.71 0.148 162.474
2.79 29.11 0 0
2.8 28.4 0 0
2.81 28.29 0 0
2.82 28.75 0 0
2.83 29.21 0 0
2.84 28.94 0 0
2.85 30.11 0 0
