0.82 0.2376 0.0515 53.1376
0.84 1.6077 0.0591 71.2618
0.86 1.7121 0.0478 71.1156
0.88 1.7061 0.05 71.8037
0.9 1.5772 0.055 72.0097
0.92 1.5877 0.0706 74.0427
0.94 1.5868 0.0661 74.0736
0.96 1.6904 0.0685 75.4135
0.98 1.7174 0.0607 75.2595
1 1.9341 0.0507 75.8451
1.02 1.827 0.0505 75.6159
1.04 1.666 0.0487 74.7957
1.06 1.4728 0.0527 74.3567
1.08 1.4084 0.0463 73.4687
1.1 1.5659 0.0423 74.4188
1.12 1.6373 0.0361 74.2881
1.14 1.7226 0.0332 74.6804
1.16 1.7652 0.0333 75.3256
1.18 1.5972 0.0393 75.6377
1.2 1.5215 0.0437 76.1317
1.22 1.4676 0.05 76.9435
1.24 1.4719 0.054 77.8213
1.26 1.4815 0.0599 78.9194
1.28 1.5128 0.0575 79.2346
1.3 1.5233 0.0597 79.9054
1.32 1.5668 0.0658 81.2261
1.34 1.7731 0.0736 83.8098
1.36 1.9419 0.0782 85.6961
1.38 2.1857 0.0804 87.7248
1.4 2.2875 0.0643 87.0227
1.42 2.1622 0.0657 86.8161
1.44 1.9393 0.0646 85.6791
1.46 1.794 0.0647 85.06
1.48 1.7574 0.0667 85.3452
1.5 1.8018 0.0642 85.6998
1.52 1.8053 0.0611 85.6864
1.54 1.7766 0.0596 85.6229
1.56 1.7818 0.0564 85.573
1.58 1.7826 0.0513 85.2075
1.6 1.8566 0.0471 85.3992
1.62 1.9237 0.0437 85.5986
1.64 1.9872 0.0424 86.0772
1.66 2.0934 0.0438 87.2532
1.68 2.15 0.0461 88.2561
1.7 2.1865 0.0485 89.1375
1.72 2.0159 0.051 88.7581
1.74 1.8915 0.0563 88.9596
1.76 1.8627 0.059 89.3935
1.78 2.002 0.0566 90.2983
1.8 2.19 0.0579 91.9311
1.82 2.3806 0.057 93.2072
1.84 2.6009 0.0572 94.7175
1.86 2.694 0.06 95.8654
1.88 2.7271 0.0636 96.7882
1.9 2.6392 0.0714 97.5508
1.92 2.5121 0.0773 97.7862
1.94 2.3432 0.0826 97.6275
1.96 2.3293 0.0875 98.2925
1.98 2.3615 0.0884 98.8495
2 2.3885 0.0861 99.071
2.02 2.3302 0.085 98.8867
2.04 2.1822 0.0815 97.8823
2.06 2.0342 0.0783 96.8373
2.08 1.9393 0.0768 96.277
2.1 1.9463 0.0766 96.5626
2.12 2.1247 0.0719 97.5326
2.14 2.2736 0.0665 98.1066
2.16 2.425 0.0636 98.9104
2.18 2.5721 0.0625 99.8636
2.2 2.6392 0.0643 100.727
2.22 2.5756 0.0666 100.921
2.24 2.4581 0.0715 101.091
2.26 2.3476 0.0804 101.659
2.28 2.3145 0.0814 101.805
2.3 2.3136 0.0839 102.304
2.32 2.3023 0.0839 102.478
2.34 2.2309 0.0835 102.218
2.36 2.1326 0.0817 101.613
2.38 2.0708 0.0758 100.79
2.4 2.002 0.0717 100.071
2.42 1.9698 0.068 99.6277
2.44 1.9028 0.0646 98.9364
2.46 1.8262 0.0624 98.2924
2.48 1.8027 0.0556 97.3909
2.5 1.7739 0.0531 97.0105
2.52 1.9184 0.0527 98.2664
2.54 2.0159 0.0541 99.4048
2.56 2.1526 0.0538 100.521
2.58 2.2492 0.0526 101.187
2.6 2.2283 0.0547 101.599
2.62 2.2945 0.0536 102.073
2.64 2.7297 0.055 105.105
2.66 2.8219 0.0599 106.585
2.68 2.8594 0.0593 106.921
2.7 2.7793 0.0565 106.276
2.72 2.6801 0.0639 107.028
2.74 2.5234 0.0743 107.663
2.76 2.311 0.0784 107
2.78 2.1587 0.0853 106.916
2.8 2.2457 0.0855 107.761
2.82 2.3554 0.0779 107.88
2.84 2.3528 0.071 107.244
2.86 2.459 0.0611 106.796
2.88 2.7062 0.0574 107.927
2.9 2.6775 0.0538 107.389
2.92 3.1336 0.0476 108.944
2.94 3.2946 0.0519 110.735
2.96 3.198 0.0476 109.677
2.98 2.667 0.0447 106.489
3 2.2144 0.0466 104.228
3.02 1.6878 0.0485 100.751
3.04 1.4989 0.0495 99.3938
3.06 1.3918 0.0491 98.4513
3.08 1.2752 0.0426 96.251
3.1 1.3178 0.0347 95.2424
3.12 1.5964 0.0265 95.909
3.14 2.6435 0.0265 103.317
3.16 6.5317 0.0351 120.688
3.18 7.4004 0.0399 124.413
3.2 7.5797 0.0423 125.67
3.22 7.7651 0.0468 127.394
3.24 7.9122 0.0474 128.094
3.26 7.9958 0.0455 128.071
3.28 8.5973 0.0425 128.902
3.3 9.3458 0.0526 133.021
3.32 9.8977 0.0523 134.286
3.34 10.0927 0.0575 135.957
3.36 10.0431 0.0627 137.07
3.38 10.2372 0.0647 138.035
3.4 10.8648 0.0466 135.696
3.42 11.5193 0.0413 135.697
3.44 12.2139 0.0417 137.178
3.46 13.3934 0.045 140.12
3.48 14.3212 0.0592 144.976
3.5 15.5738 0.08 150.699
3.52 16.9186 0.0872 153.848
3.54 19.6161 0.0918 158.083
3.56 27.5719 0.0875 165.624
3.58 32.2757 0.0733 167.206
3.6 35.5146 0.0798 170.992
3.62 37.4582 0.0585 168.173
3.64 41.578 0.0776 175.048
3.66 34.571 0.0899 172.82
3.68 34.215 0.1367 178.956
3.7 39.4463 0.2028 189.039
3.72 34.5762 0.1745 183.455
3.74 35.3727 0.2369 189.081
3.76 39.5473 0.2894 195.66
3.78 38.7926 0.4325 202.048
3.8 37.735 0.4728 203.04
3.82 36.4773 0.3846 198.9
3.84 37.1318 0.291 195.12
3.86 37.903 0.2782 195.249
3.88 42.4023 0.3555 202.809
3.9 32.9755 0.325 194.42
3.92 34.1454 0.3157 195.205
3.94 34.0357 0.3694 197.961
3.96 35.102 0.3336 197.441
3.98 36.5121 0.4319 203.161
4 37.5644 0.5599 208.738
4.02 41.3343 0.4503 208.119
4.04 44.7507 0.6184 216.442
4.06 40.8521 0.3537 204.197
4.08 41.5989 0.3627 205.439
4.1 43.029 0.3171 204.424
4.12 41.6973 0.3574 205.815
4.14 38.5672 0.2224 195.903
4.16 3.5871 0.0008 87.2461
4.18 32.2679 0.2091 190.468
4.2 30.5609 0.1966 188.266
4.22 30.903 0.1364 183.16
4.24 31.9023 0.1843 188.916
4.26 34.3543 0.1979 192.327
4.28 38.7247 0.1196 187.887
4.3 42.149 0.1035 188.163
4.32 39.2061 0.1 185.92
4.34 36.6087 0.0975 183.942
4.36 37.9675 0.0966 185.004
4.38 39.045 0.1821 196.061
4.4 36.6139 0.1315 189.303
4.42 40.2271 0.34 207.929
4.44 43.1518 0.2475 204.822
4.46 37.0578 0.2682 201.976
4.48 38.4854 0.219 199.931
4.5 35.942 0.1959 196.388
4.52 25.515 0.0699 171.785
4.54 34.7286 0.153 191.913
4.56 34.9053 0.3387 205.431
4.58 34.8261 0.2984 203.459
4.6 37.9396 0.2591 203.824
4.62 43.3076 0.2784 209.243
4.64 48.9802 0.225 209.495
4.66 45.4915 0.234 208.204
4.68 49.1543 0.4395 222.139
4.7 49.4659 0.363 219.091
4.72 47.3264 0.3016 214.624
4.74 48.5824 0.2492 212.29
4.76 50.298 0.2037 210.051
4.78 49.3475 0.1832 207.876
4.8 50.2432 0.1569 205.984
4.82 46.2766 0.2735 213.438
4.84 47.268 0.2183 210.354
4.86 46.9312 0.1974 208.625
4.88 50.0177 0.149 205.912
4.9 54.0087 0.1353 206.772
4.92 52.3096 0.1222 204.317
4.94 56.1212 0.1268 207.266
4.96 57.4634 0.1349 209.282
4.98 62.6042 0.1653 215.734
5 62.6042 0.3622 230.54
