0.01 -0.0036622 0 -nan
0.02 0 0 0
0.03 0.036622 0 0
0.04 0.073244 0 0
0.05 0.14283 0 0
0.06 0.19043 0 0
0.07 0.26002 0.0019 20.6399
0.08 0.32594 0.0023 22.4835
0.09 0.4065 0.0026 24.2286
0.1 0.50538 -0.0095 -nan
0.11 0.65553 0.0031 27.8481
0.12 0.90823 0.0031 29.9014
0.13 1.0694 0.0038 31.8367
0.14 1.2012 0.0044 33.4535
0.15 1.3257 0.005 34.9589
0.16 1.4612 0.0062 36.7459
0.17 1.8311 0.0066 38.806
0.18 1.9739 0.007 40.0518
0.19 2.0618 0.0082 41.4565
0.2 2.1204 0.0082 42.2219
0.21 2.1607 0.0082 42.9147
0.22 2.1937 0.009 43.907
0.23 2.2303 0.0093 44.6807
0.24 2.2706 0.0095 45.4096
0.25 2.2999 0.0098 46.1319
0.26 2.2742 0.0104 46.793
0.27 2.2742 0.0104 47.2865
0.28 2.2632 0.0105 47.7717
0.29 2.2413 0.0151 49.6509
0.3 2.2193 0.0113 48.8572
0.31 2.2083 0.0111 49.1962
0.32 2.1717 0.0109 49.4382
0.33 2.1424 0.0115 49.9878
0.34 2.1021 0.0152 51.447
0.35 2.0508 0.011 50.3071
0.36 1.9153 0.0116 50.4284
0.37 1.8934 0.0112 50.582
0.38 1.8641 0.0138 51.7348
0.39 1.8201 0.0108 50.8825
0.4 1.7835 0.0113 51.285
0.41 1.6846 0.0109 51.0624
0.42 1.6407 0.0115 51.4393
0.43 1.5821 0.0092 50.559
0.44 1.5418 0.0093 50.7401
0.45 1.4502 0.0089 50.425
0.46 1.4063 0.0083 50.2175
0.47 1.3697 0.0087 50.5246
0.48 1.333 0.0104 51.3802
0.49 1.2561 0.0079 50.0765
0.5 1.0584 0.0109 50.4655
0.51 1.0254 0.0072 48.8001
0.52 0.96316 0.0072 48.6239
0.53 0.9302 0.0067 48.3472
0.54 0.84963 0.009 49.1615
0.55 0.7947 0.0076 48.256
0.56 0.7654 0.0053 46.8116
0.57 0.67018 0.0051 46.0037
0.58 0.62257 0.0054 45.9567
0.59 0.62257 0.0049 45.8039
0.6 0.61159 0.0049 45.9006
0.61 0.54567 0.0045 45.0407
0.62 0.52736 0.005 45.4193
0.63 0.4944 0.0052 45.3475
0.64 0.46876 0.0022 42.0768
0.65 0.44679 0.0043 44.3739
0.66 0.43214 0.0043 44.3492
0.67 0.42115 0.0041 44.1946
0.68 0.38087 0.0043 43.9129
0.69 0.37721 0.005 44.5862
0.7 0.38819 0.0056 45.3761
0.71 0.38453 0.0033 43.5349
0.72 0.26368 0.0037 41.7894
0.73 0.23438 0.0022 39.4984
0.74 0.22339 0.0048 42.0154
0.75 0.24171 0.0054 43.0739
0.76 0.27466 0.0035 42.4754
0.77 0.31495 0.0025 42.2783
0.78 0.26002 0.0023 40.9899
0.79 0.18677 0.0016 38.0548
0.8 0.20875 0.0016 38.8048
0.81 0.24537 0.0018 40.2485
0.82 0.29298 0.002 41.7954
0.83 0.29664 0.0022 42.346
0.84 0.1941 0.0027 40.6567
0.85 0.1648 0.0033 40.5115
0.86 0.1648 0.0035 40.8429
0.87 0.16846 0.0037 41.2947
0.88 0.17945 0.0044 42.4118
0.89 0.19043 0.0046 43.0697
0.9 0.21241 0.0046 43.8886
0.91 0.24171 0.0025 42.6319
0.92 0.27833 0.003 44.3061
0.93 0.31495 0.0033 45.5977
0.94 0.32227 0.003 45.5226
0.95 0.32594 0.0033 46.0954
0.96 0.3296 0.003 45.9384
0.97 0.34425 0.0028 46.095
0.98 0.18677 0.0028 42.3302
0.99 0.17212 0.0031 42.3102
1 0.16846 0.0028 41.9408
1.01 0.16846 0.0026 41.7985
1.02 0.17212 0.0026 42.043
1.03 0.16846 0.0026 42.027
1.04 0.15381 0.0026 41.5915
1.05 0.14649 0.0011 38.5504
1.06 0.1355 0.0032 41.7715
1.07 0.1355 0.0034 42.0925
1.08 0.13916 0.0031 42.0394
1.09 0.14649 0.0035 42.8909
1.1 0.15381 0.0025 42.1075
1.11 0.1648 0.0039 44.2421
1.12 0.19776 0.0046 46.1621
1.13 0.22339 0.0052 47.5784
1.14 0.24903 0.0053 48.5241
1.15 0.25635 0.004 47.715
1.16 0.28199 0.0053 49.6399
1.17 0.33692 0.0065 51.9244
1.18 0.35157 0.0057 51.7983
1.19 0.37354 0.0066 53.0179
1.2 0.42482 0.0069 54.3355
1.21 0.49073 0.0075 55.991
1.22 0.53102 0.0077 56.885
1.23 0.46876 0.0086 56.5169
1.24 0.60426 0.0093 59.1375
1.25 0.53834 0.009 58.1332
1.26 0.56764 0.0101 59.2744
1.27 0.62624 0.0115 60.9054
1.28 0.72512 0.0125 62.7746
1.29 0.96682 0.0137 66.0734
1.3 1.0034 0.0143 66.8083
1.31 1.1646 0.0142 68.3627
1.32 1.3147 -0.0064 -nan
1.33 1.4759 0.0141 70.9917
1.34 1.886 0.0143 73.7828
1.35 2.1241 0.015 75.5118
1.36 2.4024 0.0152 77.1053
1.37 2.7247 0.0003 56.7556
1.38 3.0579 0.0182 81.366
1.39 3.6805 0.0198 84.3236
1.4 3.9955 0.0209 85.8823
1.41 4.2921 0.0225 87.4796
1.42 4.5668 0.0247 89.1272
1.43 4.8341 0.024 89.8207
1.44 5.3139 0.0252 91.6007
1.45 5.5226 0.0277 93.0167
1.46 5.724 0.0287 93.9534
1.47 5.9071 0.0305 95.0394
1.48 6.0719 0.0316 95.879
1.49 6.2917 0.0329 96.8762
1.5 6.5297 0.034 97.8441
1.51 6.6506 0.0356 98.6611
1.52 6.8483 0.0361 99.3754
1.53 6.9399 0.038 100.174
1.54 7.1157 0.0329 99.5173
1.55 7.1962 0.0399 101.474
1.56 7.3647 0.0344 100.744
1.57 7.4453 0.0418 102.733
1.58 7.6027 0.0355 101.832
1.59 7.6906 0.0437 103.962
1.6 7.8554 0.044 104.521
1.61 8.0166 0.0451 105.225
1.62 8.1044 0.0457 105.688
1.63 8.2729 0.0473 106.487
1.64 8.3645 0.0474 106.856
1.65 8.5549 0.0486 107.608
1.66 8.6501 0.0491 108.053
1.67 8.7417 0.0505 108.652
1.68 8.9248 0.0515 109.336
1.69 8.9944 0.0524 109.797
1.7 9.1445 0.0529 110.327
1.71 9.2141 0.0535 110.731
1.72 9.3569 0.0487 110.291
1.73 9.4338 0.0549 111.707
1.74 9.595 0.055 112.177
1.75 9.6719 0.0552 112.519
1.76 9.8513 0.053 112.614
1.77 9.9465 0.0573 113.683
1.78 10.034 0.0581 114.137
1.79 10.21 0.0586 114.683
1.8 10.294 0.0578 114.865
1.81 10.371 0.0603 115.572
1.82 10.43 0.0608 115.923
1.83 10.543 0.0622 116.501
1.84 10.58 0.0624 116.768
1.85 10.613 0.0636 117.182
1.86 10.635 0.0643 117.499
1.87 10.697 0.0653 117.925
1.88 10.727 0.0656 118.192
1.89 10.749 0.0678 118.727
1.9 10.76 0.0681 118.963
1.91 10.778 0.0686 119.237
1.92 10.771 0.0694 119.515
1.93 10.749 0.0702 119.766
1.94 10.727 0.0707 119.974
1.95 10.705 0.0712 120.181
1.96 10.642 0.0709 120.207
1.97 10.62 0.0714 120.412
1.98 10.587 0.0719 120.597
1.99 10.551 0.0711 120.595
2 10.532 0.0721 120.872
2.01 10.503 0.0721 120.992
2.02 10.5 0.0711 121.013
2.03 10.503 0.0728 121.423
2.04 10.511 0.0733 121.671
2.05 10.511 0.0705 121.443
2.06 10.521 0.0703 121.595
2.07 10.532 0.0704 121.792
2.08 10.536 0.072 122.19
2.09 10.547 0.073 122.512
2.1 10.521 0.0705 122.276
2.11 10.5 0.0708 122.445
2.12 10.478 0.0706 122.541
2.13 10.437 0.0709 122.675
2.14 10.39 0.0707 122.726
2.15 10.313 0.071 122.797
2.16 10.269 0.071 122.88
2.17 10.232 0.071 122.974
2.18 10.203 0.071 123.081
2.19 10.181 0.0712 123.228
2.2 10.148 0.0713 123.341
2.21 10.108 0.0714 123.441
2.22 10.1 0.0709 123.509
2.23 10.089 0.0698 123.484
2.24 10.082 0.0691 123.521
2.25 10.075 0.0692 123.677
2.26 10.078 0.0689 123.79
2.27 10.067 0.0685 123.863
2.28 9.9758 0.0683 123.821
2.29 9.9978 0.0686 124.057
2.3 9.9722 0.0683 124.116
2.31 9.9392 0.0678 124.131
2.32 9.8953 0.066 123.923
2.33 9.811 0.0667 124.027
2.34 9.7744 0.0671 124.17
2.35 9.7488 0.0659 124.084
2.36 9.7231 0.0654 124.104
2.37 9.7305 0.0642 124.073
2.38 9.7488 0.064 124.219
2.39 9.8 0.0638 124.426
2.4 9.8367 0.0633 124.556
2.41 9.8623 0.0625 124.615
2.42 9.8916 0.0484 122.184
2.43 9.9136 0.05 122.695
2.44 9.9172 0.0504 122.923
2.45 9.9026 0.0523 123.416
2.46 9.8806 0.0537 123.789
2.47 9.8623 0.0556 124.254
2.48 9.7598 0.0573 124.518
2.49 9.2873 0.0592 124.106
2.5 9.3606 0.0607 124.645
2.51 9.3752 0.0608 124.828
2.52 9.3826 0.061 125.015
2.53 9.3899 0.063 125.503
2.54 9.3972 0.063 125.655
2.55 9.3826 0.0639 125.912
2.56 9.3642 0.0641 126.047
2.57 9.3313 0.0643 126.152
2.58 9.3056 0.0639 126.173
2.59 9.291 0.0644 126.362
2.6 9.2727 0.0642 126.429
2.61 9.2617 0.0637 126.46
2.62 9.2727 0.064 126.665
2.63 9.2837 0.0634 126.722
2.64 9.2947 0.063 126.81
2.65 9.2873 0.0626 126.862
2.66 9.2763 0.0623 126.922
2.67 9.269 0.0628 127.125
2.68 9.2544 0.0629 127.245
2.69 9.2251 0.0772 129.507
2.7 9.1628 0.0629 127.326
2.71 9.1042 0.0849 130.557
2.72 8.9504 0.0655 127.586
2.73 8.8369 0.0668 127.691
2.74 8.5586 0.0687 127.53
2.75 8.3938 0.0699 127.486
2.76 7.9946 0.0708 126.857
2.77 7.7529 0.0705 126.38
2.78 7.1193 0.0719 125.168
2.79 6.83 0.0719 124.547
2.8 6.5077 0.0714 123.734
2.81 5.8559 0.0708 121.903
2.82 5.6032 0.0698 121.107
2.83 5.3285 0.0694 120.295
2.84 4.607 0.0676 117.659
2.85 4.369 0.0662 116.674
2.86 3.9332 0.0653 114.903
2.87 3.7281 0.0625 113.716
2.88 3.5304 0.0611 112.723
2.89 3.1641 0.067 111.921
2.9 2.9957 0.0581 109.84
2.91 2.6844 0.0571 108.065
2.92 2.5342 0.0565 107.181
2.93 2.3731 0.0556 106.131
2.94 2.0838 0.0587 104.733
2.95 1.952 0.0543 103.179
2.96 1.7102 0.0544 101.344
2.97 1.604 0.0566 100.839
2.98 1.5088 0.0567 100.062
2.99 1.344 0.0581 98.7014
3 1.2744 0.0596 98.2476
3.01 1.1463 0.0623 97.2075
3.02 1.0987 0.0616 96.6139
3.03 1.062 0.0584 95.8046
3.04 1.0108 0.054 94.594
3.05 0.97781 0.0525 94.0085
3.06 0.94851 0.0507 93.4112
3.07 0.91555 0.0454 92.1704
3.08 0.85695 0.0423 90.8431
3.09 0.8716 0.0406 90.8367
3.1 0.9302 0.0391 91.4872
3.11 1.1133 0.0394 94.0292
3.12 1.1939 0.0392 95.0249
3.13 1.2561 0.0302 93.7508
3.14 1.4063 0.0371 97.0196
3.15 1.4429 0.0345 96.8779
3.16 1.4685 0.0317 96.527
3.17 1.5967 0.0325 97.9863
3.18 1.7029 0.025 96.8484
3.19 1.8274 0.0237 97.4888
3.2 2.0838 0.0228 99.1163
3.21 2.2046 0.0301 102.349
3.22 2.3145 0.021 100.113
3.23 2.3145 0.02 99.7938
3.24 2.2339 0.0186 98.7729
3.25 2.19 0.0166 97.6469
3.26 2.1424 0.0155 96.8674
3.27 2.0728 0.0149 96.1735
3.28 1.8677 0.0142 94.4429
3.29 1.7542 0.0142 93.6734
3.3 1.6809 0.0149 93.5517
3.31 1.637 0.015 93.3262
3.32 1.5638 0.0148 92.6877
3.33 1.5345 0.0143 92.2488
3.34 1.4978 0.0138 91.7324
3.35 1.4539 0.0122 90.4837
3.36 1.3477 0.0103 88.3221
3.37 1.3184 0.0104 88.1867
3.38 1.2928 0.0132 89.7737
3.39 1.2561 0.0153 90.5814
3.4 1.1682 0.0207 91.9984
3.41 1.1646 0.0226 92.7075
3.42 1.1463 0.0245 93.1954
3.43 1.128 0.0262 93.5761
3.44 1.1023 0.028 93.859
3.45 1.1096 0.0275 93.8832
3.46 1.1426 0.027 94.2122
3.47 1.472 0.0256 97.3585
3.48 1.8018 0.0235 99.6028
3.49 1.941 0.0214 99.9745
3.5 2.0728 0.0174 99.2811
3.51 2.2303 0.0169 100.17
3.52 2.2632 0.0165 100.261
3.53 2.2742 0.0171 100.709
3.54 2.2669 0.0186 101.449
3.55 2.2523 0.0195 101.833
3.56 2.2303 0.0205 102.193
3.57 2.2046 0.0205 102.103
3.58 2.1863 0.0205 102.059
3.59 2.19 0.0207 102.246
3.6 2.2523 0.021 102.862
3.61 2.2925 0.0211 103.245
3.62 2.3365 0.0214 103.73
3.63 2.4207 0.0193 103.447
3.64 2.4463 0.0177 102.939
3.65 2.4573 0.0175 102.987
3.66 2.4427 0.0162 102.318
3.67 2.4171 0.0164 102.344
3.68 2.3914 0.0165 102.316
3.69 2.3585 0.0177 102.788
3.7 2.3072 0.0192 103.236
3.71 2.2962 0.0212 104.098
3.72 2.2889 0.024 105.208
3.73 2.3108 0.0248 105.719
3.74 2.3438 0.0253 106.19
3.75 2.3987 0.0269 107.169
3.76 2.5379 0.0278 108.42
3.77 2.6368 0.028 109.164
3.78 2.7283 0.0273 109.551
3.79 2.8931 0.0265 110.288
3.8 2.981 0.0261 110.706
3.81 3.0836 0.0226 110.002
3.82 3.2191 0.0237 111.205
3.83 3.3875 0.0244 112.378
3.84 3.545 0.0242 113.12
3.85 3.6952 0.0225 113.192
3.86 3.8307 0.0209 113.166
3.87 3.9295 0.0186 112.567
3.88 4.0394 0.0174 112.47
3.89 4.076 0.0166 112.256
3.9 4.098 0.0173 112.811
3.91 4.0943 0.0193 113.908
3.92 4.0687 0.0202 114.319
3.93 4.0467 0.0217 114.994
3.94 4.0321 0.0221 115.19
3.95 4.0284 0.0231 115.681
3.96 4.0467 0.024 116.207
3.97 4.0797 0.0251 116.86
3.98 4.1456 0.026 117.556
3.99 4.1639 0.0274 118.227
4 4.1639 0.029 118.869
4.01 4.1676 0.0308 119.565
4.02 4.1603 0.032 119.998
4.03 4.1712 0.034 120.734
4.04 4.2189 0.0347 121.22
4.05 4.2482 0.0345 121.366
4.06 4.2774 0.0334 121.242
4.07 4.3177 0.0328 121.306
4.08 4.3434 0.032 121.243
4.09 4.3763 0.0376 123.098
4.1 4.4203 0.0299 121.03
4.11 4.4313 0.0292 120.917
4.12 4.4056 0.0304 121.303
4.13 4.369 0.0309 121.404
4.14 4.2994 0.0316 121.431
4.15 4.2189 0.0426 124.231
4.16 4.0394 0.0436 123.777
4.17 3.9369 0.0339 120.846
4.18 3.8087 0.0349 120.642
4.19 3.6659 0.0354 120.202
4.2 3.5267 0.0354 119.613
4.21 3.3839 0.0359 119.121
4.22 3.0726 0.0376 118.008
4.23 2.9224 0.04 117.842
4.24 2.765 0.0404 117.079
4.25 2.6075 0.0413 116.384
4.26 2.4756 0.041 115.523
4.27 2.3255 0.0416 114.7
4.28 2.1937 0.0458 114.729
4.29 2.0472 0.0473 113.972
4.3 1.7872 0.0465 111.678
4.31 1.6846 0.046 110.703
4.32 1.5857 0.0472 110.049
4.33 1.4869 -0.0072 -nan
4.34 1.4063 0.0429 107.444
4.35 1.4685 0.0395 107.445
4.36 1.8311 0.0382 110.676
4.37 2.4024 0.0199 109.081
4.38 3.1715 0.0322 118.245
4.39 4.1017 0.029 121.72
4.4 5.9254 0.0238 126.328
4.41 6.581 0.0238 128.333
4.42 7.1633 0.0246 130.349
4.43 7.5844 0.0265 132.325
4.44 8.1447 0.0289 134.742
4.45 8.3095 0.0306 135.86
4.46 8.3608 0.0334 137.06
4.47 8.207 0.0372 138.011
4.48 8.445 0.0391 139.243
4.49 8.5293 0.04 139.793
4.5 8.6941 0.043 141.112
4.51 8.8222 0.0439 141.741
4.52 8.8955 0.0476 142.956
4.53 8.9614 0.0494 143.639
4.54 9.2031 0.0526 145.035
4.55 9.3423 0.0548 145.934
4.56 9.4961 0.0548 146.367
4.57 9.6536 0.049 145.443
4.58 9.7195 0.0572 147.562
4.59 9.7561 0.057 147.688
4.6 9.822 0.0555 147.593
4.61 9.9905 0.0533 147.547
4.62 10.097 0.0462 146.113
4.63 10.207 0.0453 146.19
4.64 10.408 0.0429 146.026
4.65 10.5 0.0436 146.496
4.66 10.58 0.0428 146.518
4.67 10.635 0.0433 146.857
4.68 10.661 0.0442 147.248
4.69 10.635 0.0449 147.476
4.7 10.613 0.0444 147.382
4.71 10.62 0.0451 147.675
4.72 10.628 0.0456 147.914
4.73 10.668 0.048 148.714
4.74 10.672 0.0535 150.159
4.75 10.686 0.0576 151.201
4.76 10.697 0.0598 151.785
4.77 10.723 0.0625 152.486
4.78 10.723 0.0657 153.21
4.79 10.723 0.0671 153.568
4.8 10.712 0.0691 154.01
4.81 10.672 0.07 154.182
4.82 10.635 0.0679 153.804
4.83 10.609 0.0726 154.697
4.84 10.565 0.0734 154.835
4.85 10.503 0.0722 154.58
4.86 10.496 0.0694 154.146
4.87 10.485 0.0728 154.825
4.88 10.496 0.0723 154.848
4.89 10.602 0.0731 155.303
4.9 10.653 0.0668 154.337
4.91 10.69 0.0731 155.664
4.92 10.741 0.0728 155.806
4.93 10.833 0.0726 156.05
4.94 10.891 0.0725 156.24
4.95 10.95 0.0714 156.25
4.96 11.031 0.0726 156.721
4.97 11.192 0.0713 156.901
4.98 11.287 0.0725 157.398
4.99 11.415 0.0723 157.705
5 11.554 0.0723 158.068
5.01 11.708 0.0724 158.476
5.02 12.056 0.0738 159.488
5.03 12.202 0.0739 159.871
5.04 12.367 0.075 160.467
5.05 12.499 0.0747 160.747
5.06 12.752 0.0746 161.282
5.07 12.869 0.0762 161.869
5.08 12.946 0.0776 162.342
5.09 13.001 0.0804 163.01
5.1 13.158 0.0812 163.516
5.11 13.213 0.0824 163.903
5.12 13.286 0.086 164.708
5.13 13.341 0.0847 164.686
5.14 13.349 0.0848 164.806
5.15 13.371 0.0875 165.365
5.16 13.382 0.0924 166.225
5.17 13.374 0.0881 165.643
5.18 13.36 0.0884 165.753
5.19 13.301 0.0888 165.799
5.2 13.275 0.0911 166.194
5.21 13.221 0.0918 166.291
5.22 13.173 0.0935 166.547
5.23 13.045 0.0955 166.695
5.24 12.935 0.0969 166.782
5.25 12.803 0.0974 166.695
5.26 12.671 0.0967 166.435
5.27 12.488 0.0958 166.045
5.28 12.213 0.097 165.772
5.29 12.078 0.0956 165.394
5.3 11.997 0.0951 165.249
5.31 11.917 0.094 165.016
5.32 11.891 0.0933 164.948
5.33 11.895 0.0927 164.953
5.34 11.866 0.0949 165.304
5.35 11.855 0.0894 164.548
5.36 11.836 0.0888 164.503
5.37 11.829 0.0973 165.831
5.38 11.785 0.0734 161.984
5.39 11.77 0.0732 162.001
5.4 11.737 0.0755 162.437
5.41 11.671 0.0764 162.549
5.42 11.591 0.078 162.752
5.43 11.518 0.0787 162.808
5.44 11.265 0.08 162.593
5.45 10.822 0.0763 161.103
5.46 10.822 0.0751 160.972
5.47 10.847 0.0744 160.982
5.48 10.895 0.0743 161.148
5.49 11.064 0.0733 161.406
5.5 11.181 0.0739 161.842
5.51 11.328 0.0729 162.045
5.52 11.474 0.06 159.815
5.53 12.265 0.0711 163.734
5.54 12.638 0.0716 164.621
5.55 13.243 0.0624 163.929
5.56 13.499 0.0734 166.701
5.57 13.942 0.0729 167.466
5.58 14.154 0.0726 167.857
5.59 14.546 0.0728 168.641
5.6 14.726 0.0714 168.751
5.61 14.861 0.0771 170.14
5.62 15.176 0.0781 170.923
5.63 15.308 0.0792 171.42
5.64 15.411 0.0799 171.796
5.65 15.586 0.0801 172.196
5.66 15.634 0.0804 172.411
5.67 15.714 0.0796 172.479
5.68 15.762 0.0804 172.783
5.69 15.839 0.0811 173.113
5.7 15.879 0.0814 173.314
5.71 15.89 0.0824 173.592
5.72 15.894 0.0833 173.84
5.73 15.868 0.0818 173.621
5.74 15.821 0.0814 173.56
5.75 15.773 0.0821 173.691
5.76 15.736 0.0823 173.752
5.77 15.7 0.0911 175.253
5.78 15.557 0.0817 173.527
5.79 15.465 0.0816 173.445
5.8 15.389 0.0828 173.616
5.81 15.209 0.0955 175.476
5.82 15.088 0.0841 173.513
5.83 14.975 0.0831 173.236
5.84 14.718 0.0959 174.96
5.85 14.616 0.089 173.785
5.86 14.458 0.0894 173.66
5.87 14.312 0.0896 173.521
5.88 13.96 0.0917 173.315
5.89 13.737 0.0883 172.453
5.9 13.492 0.0869 171.859
5.91 13.107 0.0863 171.126
5.92 12.993 0.0843 170.658
5.93 12.895 0.0832 170.366
5.94 12.788 0.0832 170.241
5.95 12.679 0.0818 169.871
5.96 12.686 0.081 169.825
5.97 12.693 0.081 169.917
5.98 12.763 0.0793 169.831
5.99 12.931 0.0775 169.905
6 13.052 0.0756 169.861
6.01 13.177 0.0755 170.155
6.02 13.272 0.075 170.315
6.03 13.327 0.0743 170.362
6.04 13.327 0.0741 170.403
6.05 13.327 0.0748 170.614
6.06 13.297 0.0761 170.882
6.07 13.279 0.0771 171.113
6.08 13.246 0.0771 171.13
6.09 13.206 0.0763 170.985
6.1 13.107 0.0795 171.463
6.11 13.085 0.0792 171.446
6.12 13.056 0.0789 171.415
6.13 13.015 0.0747 170.637
6.14 13.015 0.0781 171.347
6.15 13.012 0.0779 171.383
6.16 13.059 0.0765 171.29
6.17 13.1 0.0744 171.048
6.18 13.136 0.0755 171.402
6.19 13.191 0.0744 171.373
6.2 13.275 0.0743 171.588
6.21 13.371 0.0729 171.571
6.22 13.47 0.0738 172.006
6.23 13.579 0.0729 172.107
6.24 13.799 0.0728 172.563
6.25 13.865 0.0729 172.778
6.26 13.968 0.0738 173.216
6.27 14.034 0.0746 173.566
6.28 14.132 0.0755 173.99
6.29 14.147 0.0763 174.247
6.3 14.154 0.0776 174.581
6.31 14.173 0.0832 175.708
6.32 14.154 0.08 175.179
6.33 14.143 0.0799 175.218
6.3401 14.092 0.0854 176.177
6.3501 14.026 0.0826 175.648
6.3601 13.957 0.0557 169.936
6.3701 13.883 0.066 172.296
6.3801 13.711 0.0676 172.405
6.3901 13.634 0.0688 172.593
6.4001 13.554 0.071 172.974
6.4101 13.396 0.0711 172.777
6.4201 13.356 0.0626 170.957
6.4301 13.151 0.0753 173.293
6.4401 13.217 0.074 173.242
6.4501 13.239 0.0738 173.319
6.4601 13.264 0.0736 173.402
6.4701 13.323 0.0735 173.568
6.4801 13.396 0.0734 173.759
6.4901 13.627 0.0722 174.023
6.5001 13.744 0.0727 174.412
6.5101 13.909 0.0741 175.065
6.5201 14.012 0.0749 175.482
6.5301 14.114 0.0757 175.896
6.5401 14.18 0.0767 176.281
6.5501 14.242 0.0763 176.39
6.5601 14.272 0.0778 176.805
6.5701 14.257 0.0775 176.796
6.5801 14.235 0.0793 177.17
6.5901 14.202 0.0807 177.443
6.6001 14.169 0.0805 177.422
6.6101 14.107 0.0809 177.458
6.6201 14.063 0.0827 177.778
6.6301 13.887 0.0815 177.315
6.6401 13.806 0.0811 177.167
6.6501 13.722 0.081 177.067
6.6601 13.642 0.081 176.992
6.6701 13.579 0.0805 176.857
6.6801 13.532 0.082 177.114
6.6901 13.462 0.0812 176.911
6.7001 13.426 0.0807 176.825
6.7101 13.378 0.0803 176.734
6.7201 13.356 0.0798 176.674
6.7301 13.352 0.0783 176.46
6.7401 13.334 0.0778 176.405
6.7501 13.275 0.0774 176.289
6.7601 13.232 0.0757 175.954
6.7701 13.224 0.0753 175.934
6.7801 13.21 0.0754 175.998
6.7901 13.184 0.0738 175.707
6.8001 13.14 0.0737 175.674
6.8101 13.103 0.0729 175.515
6.8201 13.078 0.0738 175.718
6.8301 12.975 0.0748 175.786
6.8401 12.928 0.0748 175.766
6.8501 12.876 0.0754 175.852
6.8601 12.836 0.0734 175.452
6.8701 12.785 0.0729 175.322
6.8801 12.704 0.0697 174.58
6.8901 12.594 0.0715 174.802
6.9001 12.543 0.0707 174.607
6.9101 12.532 0.0694 174.386
6.9201 12.51 0.0686 174.243
6.9301 12.528 0.0683 174.286
6.9401 12.55 0.0651 173.705
6.9501 12.627 0.0662 174.17
6.9601 12.675 0.0661 174.313
6.9701 12.744 0.0666 174.629
6.9801 12.799 0.0655 174.565
6.9901 12.843 0.0666 174.963
7.0001 12.854 0.0672 175.184
7.0101 12.906 0.0679 175.507
7.0201 12.964 0.0666 175.408
7.0301 13.012 0.0656 175.35
7.0401 13.023 0.067 175.749
7.0501 13.078 0.0692 176.399
7.0601 13.133 0.0687 176.468
7.0701 13.188 0.0683 176.558
7.0801 13.213 0.0724 177.535
7.0901 13.279 0.0725 177.752
7.1001 13.334 0.0746 178.351
7.1101 13.334 0.0749 178.48
7.1201 13.308 0.0777 179.046
7.1301 13.305 0.0798 179.508
7.1401 13.264 0.0833 180.14
7.1501 13.111 0.0894 180.97
7.1601 13.037 0.0834 179.851
7.1701 12.942 0.0834 179.731
7.1801 12.887 0.085 179.975
7.1901 12.777 0.0868 180.136
7.2001 12.69 0.0878 180.2
7.2101 12.459 0.0881 179.844
7.2201 12.367 0.0859 179.344
7.2301 12.25 0.0863 179.237
7.2401 12.144 0.086 179.03
7.2501 12.03 0.0852 178.716
7.2601 11.968 0.0837 178.388
7.2701 11.92 0.0822 178.085
7.2801 11.895 0.0781 177.343
7.2901 11.928 0.0645 174.678
7.3001 11.975 0.0643 174.799
7.3101 12.034 0.0638 174.875
7.3201 12.063 0.0488 171.143
7.3301 12.107 0.0665 175.766
7.3401 12.126 0.0677 176.134
7.3501 12.199 0.0675 176.31
7.3601 12.235 0.0554 173.575
7.3701 12.477 0.0689 177.319
7.3801 12.722 0.0695 178.012
7.3901 13.169 0.0643 177.812
7.4001 13.36 0.0735 180.242
7.4101 13.598 0.0748 181.033
7.4201 13.839 0.0745 181.499
7.4301 14.22 0.0792 183.209
7.4401 14.385 0.0815 184.02
7.4501 14.565 0.0837 184.827
7.4601 14.784 0.0857 185.659
7.4701 14.854 0.0892 186.474
7.4801 14.912 0.0959 187.776
7.4901 14.927 0.0996 188.466
7.5001 14.85 0.1021 188.784
7.5101 14.77 0.1028 188.815
7.5201 14.704 0.1045 189.021
7.5301 14.638 0.1045 188.968
7.5401 14.55 0.105 188.949
7.5501 14.425 0.1057 188.888
7.5601 14.436 0.1084 189.375
7.5701 14.418 0.1078 189.323
7.5801 14.389 0.108 189.367
7.5901 14.392 0.1035 188.773
7.6001 14.381 0.1065 189.27
7.6101 14.385 0.1052 189.154
7.6201 14.4 0.1044 189.131
7.6301 14.433 0.0998 188.554
7.6401 14.51 0.1022 189.141
7.6501 14.557 0.1008 189.081
7.6601 14.685 0.1031 189.744
7.6701 14.737 0.1024 189.802
7.6801 14.81 0.1029 190.083
7.6901 14.85 0.1025 190.164
7.7001 14.997 0.1029 190.564
7.7101 15.107 0.1038 190.972
7.7201 15.132 0.1041 191.132
7.7301 15.147 0.1055 191.441
7.7401 15.143 0.1059 191.563
7.7501 15.151 0.1069 191.796
7.7601 15.074 0.1071 191.754
7.7701 15.004 0.1069 191.664
7.7801 14.912 0.1081 191.741
7.7901 14.887 0.1086 191.837
7.8001 14.901 0.1086 191.931
7.8101 14.938 0.108 191.98
7.8201 15.015 0.1103 192.528
7.8301 15.048 0.1109 192.744
7.8401 15.033 0.1112 192.828
7.8501 15.008 0.1105 192.749
7.8601 14.891 0.1066 192.025
7.8701 14.858 0.1084 192.299
7.8801 14.792 0.1088 192.303
7.8901 14.726 0.108 192.129
7.9001 14.638 0.1068 191.852
7.9101 14.612 0.1081 192.064
7.9201 14.59 0.1086 192.163
7.9301 14.693 0.1081 192.351
7.9401 14.711 0.1107 192.834
7.9501 14.762 0.1079 192.586
7.9601 14.788 0.1067 192.523
7.9701 14.795 0.1056 192.438
7.9801 14.77 0.1064 192.579
7.9901 14.744 0.1037 192.186
8.0001 14.729 0.1045 192.347
8.0101 14.641 0.1023 191.908
8.0201 14.594 0.1007 191.634
8.0301 14.594 0.1005 191.669
8.0401 14.579 0.1011 191.802
8.0501 14.627 0.1018 192.069
8.0601 14.718 0.1016 192.276
8.0701 14.77 0.1008 192.313
8.0801 14.836 0.0994 192.279
8.0901 14.799 0.0997 192.324
8.1001 14.751 0.105 193.131
8.1101 14.707 0.0967 191.795
8.1201 14.674 0.0973 191.898
8.1301 14.663 0.0968 191.86
8.1401 14.616 0.1021 192.69
8.1501 14.598 0.0967 191.852
8.1601 14.535 0.0971 191.864
8.1701 14.37 0.0982 191.794
8.1801 14.242 0.1019 192.202
8.1901 14.147 0.0959 191.115
8.2001 14.048 0.0958 190.97
8.2101 13.88 0.1001 191.402
8.2201 13.821 0.0906 189.769
8.2301 13.722 0.092 189.878
8.2401 13.66 0.0923 189.87
8.2501 13.579 0.0921 189.737
8.2601 13.51 0.0931 189.833
8.2701 13.422 0.0936 189.802
8.2801 13.268 0.0941 189.635
8.2901 13.166 0.0946 189.571
8.3001 13.048 0.0934 189.188
8.3101 12.997 0.0915 188.822
8.3201 12.946 0.0906 188.623
8.3301 12.836 0.0904 188.419
8.3401 12.785 0.0745 185.367
8.3501 12.759 0.0785 186.183
8.3601 12.744 0.0803 186.564
8.3701 12.653 0.0775 185.884
8.3801 12.642 0.0838 187.136
8.3901 12.613 0.084 187.173
8.4001 12.488 0.0797 186.151
8.4101 12.18 0.0851 186.559
8.4201 12.221 0.0856 186.802
8.4301 12.294 0.086 187.096
8.4401 12.386 -0.5787 -nan
8.4501 12.451 0.082 186.82
8.4601 12.594 0.0797 186.747
8.4701 12.719 0.0793 186.996
8.4801 12.759 0.0746 186.193
8.4901 12.785 0.0837 188.101
8.5001 12.796 0.0849 188.409
8.5101 12.597 0.0854 188.138
8.5201 12.397 0.0881 188.253
8.5301 12.499 0.0892 188.731
8.5401 12.55 0.0899 189.026
8.5501 12.668 0.0778 187.079
8.5601 12.752 0.0906 189.707
8.5701 12.862 0.0918 190.212
8.5801 12.993 0.0912 190.447
8.5901 13.239 0.0919 191.146
8.6001 13.378 0.0921 191.53
8.6101 13.521 0.094 192.212
8.6201 13.887 0.0936 192.946
8.6301 14.059 0.0974 193.992
8.6401 14.206 0.0973 194.329
8.6501 14.389 0.1002 195.226
8.6601 14.671 0.1014 196.03
8.6701 14.795 0.1016 196.363
8.6801 14.92 0.1025 196.808
8.6901 15.008 0.1044 197.339
8.7001 15.033 0.1035 197.307
8.7101 15.063 0.1202 199.899
8.7201 15.059 0.1099 198.471
8.7301 15.019 0.1121 198.785
8.7401 14.953 0.1168 199.403
8.7501 14.726 0.1202 199.503
8.7601 14.554 0.1213 199.38
8.7701 14.396 0.1055 196.831
8.7801 13.964 0.1254 198.871
8.7901 13.755 0.1246 198.396
8.8001 13.594 0.1248 198.149
8.8101 13.492 0.1217 197.583
8.8201 13.598 0.1228 198.016
8.8301 13.755 0.1241 198.58
8.8401 14.242 0.1234 199.547
8.8501 14.524 0.1197 199.667
8.8601 14.847 0.1189 200.252
8.8701 15.129 0.1172 200.618
8.8801 15.616 0.1165 201.498
8.8901 15.66 0.1154 201.483
8.9001 15.725 0.1155 201.681
8.9101 15.766 0.1165 201.965
8.9201 15.843 0.1159 202.083
8.9301 15.883 0.1164 202.291
8.9401 15.879 0.1192 202.748
8.9501 15.894 0.1188 202.781
8.9601 15.832 0.1206 202.984
8.9701 15.784 0.124 203.428
8.9801 15.645 0.1256 203.449
8.9901 15.55 0.1232 203.008
9.0001 15.422 0.1234 202.856
9.0101 15.077 0.1279 202.862
9.0201 14.88 0.1237 201.979
9.0301 14.678 0.1237 201.644
9.0401 14.495 0.1196 200.778
9.0501 14.151 0.1215 200.409
9.0601 14.03 0.1211 200.168
9.0701 13.935 0.1206 199.965
9.0801 13.777 0.1174 199.252
9.0901 13.766 0.1181 199.388
9.1001 13.755 0.1173 199.313
9.1101 13.803 0.115 199.146
9.1201 13.81 0.1116 198.724
9.1301 13.865 0.109 198.509
9.1401 13.898 0.1092 198.668
9.1501 13.96 0.1083 198.719
9.1601 13.975 0.1101 199.083
9.1701 13.99 0.1104 199.219
9.1801 13.971 0.1113 199.375
9.1901 13.891 0.1121 199.389
9.2001 13.854 0.1121 199.373
9.2101 13.748 0.1138 199.462
9.2201 13.587 0.1127 199.023
9.2301 13.535 0.1137 199.12
9.2401 13.466 0.1129 198.916
9.2501 13.393 0.1129 198.82
9.2601 13.33 0.1179 199.463
9.2701 13.316 0.1136 198.877
9.2801 13.334 0.1123 198.785
9.2901 13.389 0.1191 199.938
9.3001 13.385 0.1119 198.954
9.3101 13.415 0.1116 199.033
9.3201 13.448 0.0935 196.252
9.3301 13.389 0.0939 196.256
9.3401 13.319 0.0946 196.288
9.3501 13.246 0.0949 196.243
9.3601 13.008 0.0951 195.823
9.3701 12.917 0.0952 195.701
9.3801 12.84 0.0984 196.129
9.3901 12.587 0.1026 196.307
9.4001 12.635 0.1038 196.663
9.4101 12.66 0.1042 196.84
9.4201 12.719 0.1048 197.124
9.4301 12.785 0.1048 197.33
9.4401 12.847 0.1039 197.384
9.4501 12.895 0.0996 196.854
9.4601 13.195 0.1029 198.102
9.4701 13.462 0.1039 198.893
9.4801 13.785 0.1076 200.213
9.4901 14.114 0.1092 201.2
9.5001 14.462 0.1094 201.997
9.5101 14.832 0.101 201.449
9.5201 15.374 0.0959 201.681
9.5301 15.509 0.09 200.93
9.5401 15.652 0.0856 200.416
9.5501 15.704 0.0854 200.532
9.5601 15.74 0.0793 199.423
9.5701 15.736 0.0806 199.743
9.5801 15.674 0.0829 200.156
9.5901 15.568 0.0924 201.832
9.6001 15.454 0.0935 201.876
9.6101 15.352 0.095 202.009
9.6201 15.205 0.0964 202.033
9.6301 15.158 0.0991 202.466
9.6401 15.099 0.1016 202.831
9.6501 15.022 0.1081 203.789
9.6601 14.876 0.1112 204.041
9.6701 14.792 0.1124 204.115
9.6801 14.649 0.114 204.128
9.6901 14.506 0.1174 204.398
9.7001 14.341 0.1181 204.221
9.7101 14.173 0.1186 204.005
9.7201 13.85 0.1204 203.642
9.7301 13.704 0.1226 203.696
9.7401 13.587 0.1215 203.35
9.7501 13.473 0.1194 202.867
9.7601 13.411 0.1185 202.663
9.7701 13.29 0.1172 202.27
9.7801 13.268 0.1158 202.077
9.7901 13.232 0.1196 202.599
9.8001 13.169 0.1124 201.474
9.8101 13.125 0.111 201.224
9.8201 13.111 0.1102 201.129
9.8301 13.081 0.1182 202.296
9.8401 13.041 0.1182 202.264
9.8501 13.012 0.1109 201.186
9.8601 12.851 0.111 200.898
9.8701 12.785 0.1108 200.775
9.8801 12.748 0.1176 201.745
9.8901 12.679 0.1128 200.946
9.9001 12.462 0.1119 200.37
9.9101 12.349 0.1117 200.134
9.9201 12.195 0.1118 199.843
9.9301 12.089 0.1113 199.574
9.9401 11.979 0.1118 199.441
9.9501 11.737 0 0
9.9601 11.66 0 0
9.9701 11.602 0 0
9.9801 11.576 0 0
9.9901 11.562 0 0
10 11.562 0 0
10.01 11.565 0 0
