0.02 1.218 0.031 22.9572
0.04 1.552 0.023 28.1174
0.06 1.801 0.018 31.5048
0.08 1.95 0.013 33.5987
0.1 2.122 0.011 35.6872
0.12 2.267 0.01 37.6024
0.14 2.375 0.009 39.1679
0.16 2.451 0.01 41.1935
0.18 2.506 0.01 42.7009
0.2 2.546 0.011 44.4213
0.22 2.544 0.012 45.9403
0.24 2.5 0.013 47.2607
0.26 2.466 0.014 48.5272
0.28 2.465 0.015 49.8196
0.3 2.461 0.015 50.7725
0.32 2.437 0.015 51.6188
0.34 2.398 0.015 52.3743
0.36 2.356 0.015 53.0779
0.38 2.322 0.016 54.0586
0.4 2.305 0.016 54.777
0.42 2.301 0.016 55.5111
0.44 2.297 0.016 56.2196
0.46 2.276 0.016 56.8434
0.48 2.228 0.016 57.3437
0.5 2.154 0.017 58.0086
0.52 2.046 0.017 58.2117
0.54 1.947 0.017 58.4071
0.56 1.879 0.017 58.6993
0.58 1.885 0.017 59.302
0.6 1.955 0.018 60.4655
0.62 2.019 0.019 61.5793
0.64 2.232 0.02 63.2985
0.66 2.438 0.022 65.1739
0.68 2.642 0.024 66.9649
0.7 2.836 0.025 68.4311
0.72 3.023 0.025 69.6062
0.74 3.208 0.025 70.7409
0.76 3.38 0.023 71.3089
0.78 3.424 0.019 70.8248
0.8 3.652 0.017 71.3271
0.82 3.827 0.017 72.3041
0.84 3.968 0.017 73.1704
0.86 4.09 0.018 74.3251
0.88 4.204 0.019 75.4369
0.9 4.323 0.02 76.5413
0.92 4.45 0.021 77.6468
0.94 4.575 0.022 78.7287
0.96 4.7 0.023 79.7934
0.98 4.827 0.024 80.8466
1 4.957 0.025 81.8913
1.02 5.095 0.025 82.6696
1.04 5.228 0.026 83.6988
1.06 5.352 0.027 84.6932
1.08 5.464 0.028 85.6475
1.1 5.548 0.029 86.5271
1.12 5.602 0.03 87.329
1.14 5.629 0.031 88.0604
1.16 5.64 0.032 88.7462
1.18 5.644 0.033 89.4067
1.2 5.656 0.033 89.8529
1.22 5.678 0.034 90.5418
1.24 5.703 0.035 91.2293
1.26 5.735 0.035 91.7099
1.28 5.783 0.035 92.2229
1.3 5.861 0.036 93.0179
1.32 5.971 0.036 93.664
1.34 6.113 0.037 94.5906
1.36 3.122 0.018 81.2042
1.38 4.226 0.023 86.9228
1.4 5.366 0.026 91.2508
1.42 6.075 0.027 93.5565
1.44 6.615 0.029 95.6468
1.46 6.958 0.03 96.9889
1.48 7.194 0.03 97.8252
1.5 7.368 0.032 99.0599
1.52 7.505 0.033 99.945
1.54 7.626 0.035 101.034
1.56 7.739 0.037 102.083
1.58 7.857 0.04 103.336
1.6 7.989 0.042 104.37
1.62 8.141 0.044 105.423
1.64 8.338 0.046 106.541
1.66 8.583 0.047 107.54
1.68 9.027 0.047 108.685
1.7 9.328 0.046 109.364
1.72 9.464 0.046 109.949
1.74 9.498 0.048 110.751
1.76 9.539 0.049 111.364
1.78 9.62 0.051 112.223
1.8 9.703 0.053 113.073
1.82 9.776 0.054 113.72
1.84 9.851 0.055 114.366
1.86 9.916 0.055 114.819
1.88 9.967 0.054 115.07
1.9 10.018 0.054 115.494
1.92 10.007 0.054 115.812
1.94 9.843 0.055 116.047
1.96 9.729 0.056 116.358
1.98 9.731 0.057 116.862
2 9.81 0.057 117.326
2.02 9.879 0.058 117.94
2.04 9.952 0.058 118.389
2.06 10.026 0.058 118.837
2.08 10.228 0.058 119.5
2.1 10.41 0.057 119.949
2.12 10.577 0.057 120.541
2.14 10.582 0.057 120.865
2.16 10.507 0.062 121.903
2.18 10.398 0.031 115.194
2.2 10.046 0.04 117.379
2.22 9.76 0.046 118.557
2.24 9.538 0.051 119.481
2.26 9.396 0.054 120.088
2.28 9.341 0.057 120.823
2.3 9.369 0.058 121.344
2.32 9.501 0.058 121.882
2.34 9.767 0.057 122.483
2.36 10.033 0.056 123.067
2.38 10.518 0.054 123.823
2.4 10.951 0.053 124.64
2.42 11.519 0.053 125.841
2.44 11.67 0.053 126.366
2.46 11.839 0.054 127.113
2.48 12.038 0.056 128.093
2.5 12.174 0.058 128.963
2.52 12.289 0.062 130.144
2.54 12.522 0.064 131.13
2.56 12.757 0.065 131.938
2.58 12.89 0.065 132.422
2.6 12.868 0.066 132.842
2.62 12.787 0.067 133.171
2.64 12.772 0.069 133.757
2.66 12.854 0.07 134.322
2.68 12.926 0.071 134.87
2.7 12.681 0.072 134.934
2.72 12.384 0.072 134.75
2.74 12.242 0.073 134.956
2.76 12.19 0.073 135.146
2.78 12.167 0.074 135.534
2.8 12.181 0.074 135.827
2.82 12.204 0.074 136.133
2.84 12.287 0.073 136.379
2.86 12.466 0.073 136.931
2.88 12.653 0.073 137.491
2.9 12.803 0.073 137.989
2.92 12.927 0.081 139.648
2.94 13.01 0.07 138.352
2.96 12.056 0.066 136.432
2.98 12.73 0.066 137.763
3 12.745 0.067 138.215
3.02 12.67 0.069 138.692
3.04 12.657 0.07 139.093
3.06 12.664 0.071 139.522
3.08 12.66 0.073 140.092
3.1 12.66 0.075 140.66
3.12 12.615 0.076 140.995
3.14 12.509 0.076 141.074
3.16 12.381 0.077 141.268
3.18 12.187 0.077 141.194
3.2 11.998 0.077 141.123
3.22 11.844 0.078 141.256
3.24 11.71 0.08 141.566
3.26 11.639 0.081 141.831
3.28 11.637 0.08 141.922
3.3 11.799 0.079 142.296
3.32 11.894 0.078 142.549
3.34 12.015 0.077 142.842
3.36 12.099 0.076 143.067
3.38 12.125 0.076 143.348
3.4 12.139 0.075 143.449
3.42 12.142 0.075 143.688
3.44 12.182 0.075 143.989
3.46 12.255 0.075 144.345
3.48 12.4 0.075 144.822
3.5 12.508 0.075 145.234
3.52 12.631 0.075 145.67
3.54 12.808 0.075 146.192
3.56 12.988 0.074 146.552
3.58 13.153 0.074 147.047
3.6 13.399 0.075 147.834
3.62 13.574 0.076 148.502
3.64 13.654 0.077 149.018
3.66 13.665 0.073 148.601
3.68 13.502 0.072 148.399
3.7 13.339 0.073 148.533
3.72 13.478 0.074 149.147
3.74 13.564 0.074 149.506
3.76 13.697 0.074 149.939
3.78 13.695 0.074 150.157
3.8 13.601 0.074 150.228
3.82 13.506 0.076 150.63
3.84 13.452 0.079 151.248
3.86 13.49 0.083 152.152
3.88 13.476 0.085 152.65
3.9 13.304 0.088 153.027
3.92 13.139 0.09 153.256
3.94 13.07 0.091 153.498
3.96 13.045 0.091 153.671
3.98 13.023 0.09 153.708
4 12.967 0.089 153.684
4.02 12.822 0.088 153.504
4.04 12.651 0.087 153.273
4.06 12.512 0.086 153.092
4.08 12.362 0.086 153.036
4.1 12.143 0.087 152.997
4.12 11.774 0.087 152.525
4.14 11.385 0.087 151.993
4.16 11.17 0.087 151.78
4.18 11.059 0.086 151.618
4.2 11.054 0.085 151.662
4.22 11.069 0.083 151.591
4.24 11.052 0.082 151.604
4.26 10.521 0.081 150.576
4.28 10.116 0.08 149.767
4.3 9.302 0.08 148.161
4.32 8.451 0.081 146.468
4.34 7.624 0.082 144.645
4.36 6.825 0.083 142.683
4.38 6.067 0.082 140.322
4.4 5.366 0.081 137.897
4.42 4.733 0.079 135.315
4.44 4.139 0.076 132.467
4.46 3.542 0.074 129.403
4.48 2.969 0.074 126.313
4.5 2.425 0.072 122.557
4.52 2.02 0.069 119.099
4.54 1.79 0.07 117.328
4.56 1.654 0.072 116.415
4.58 1.586 0.076 116.377
4.6 1.555 0.07 115.395
4.62 1.536 0.065 114.621
4.64 1.469 0.06 113.267
4.66 1.399 0.056 111.963
4.68 1.472 0.057 113.087
4.7 2.89 0.061 125.479
4.72 4.374 0.065 134.059
4.74 5.46 0.068 139.093
4.76 6.19 0.074 142.796
4.78 6.796 0.074 144.898
4.8 7.236 0.066 144.996
4.82 7.575 0.054 143.705
4.84 7.821 0.045 142.358
4.86 7.98 0.042 142.117
4.88 8.128 0.04 142.078
4.9 8.322 0.039 142.424
4.92 8.547 0.04 143.436
4.94 8.903 0.044 145.594
4.96 9.296 0.048 147.732
4.98 9.687 0.052 149.772
5 10.078 0.054 151.27
5.02 10.333 0.056 152.444
5.04 10.544 0.058 153.505
5.06 10.757 0.061 154.766
5.08 10.931 0.065 156.117
5.1 11.06 0.068 157.14
5.12 11.19 0.072 158.328
5.14 11.317 0.074 159.119
5.16 11.384 0.076 159.781
5.18 11.429 0.078 160.39
5.2 11.423 0.079 160.72
5.22 11.224 0.081 160.819
5.24 11.112 0.083 161.084
5.26 10.972 0.084 161.121
5.28 10.799 0.081 160.437
5.3 10.301 0.079 159.186
5.32 9.739 0.079 158.07
5.34 8.996 0.079 156.437
5.36 8.044 0.08 154.259
5.38 6.914 0.081 151.245
5.4 5.688 0.083 147.504
5.42 4.57 0.089 143.909
5.44 3.738 0.094 140.585
5.46 3.199 0.1 138.318
5.48 2.789 0.105 136.303
5.5 2.523 0.106 134.592
5.52 2.233 0.102 131.957
5.54 2.008 0.092 128.973
5.56 1.842 0.084 126.547
5.58 1.752 0.077 124.855
5.6 1.864 0.069 124.954
5.62 2.476 0.059 128.611
5.64 3.79 0.048 134.548
5.66 5.147 0.043 139.466
5.68 5.876 0.038 140.836
5.7 6.162 0.033 140.285
5.72 6.03 0.031 139.258
5.74 5.446 0.035 138.758
5.76 5.153 0.044 140.439
5.78 5.375 0.056 144.297
5.8 5.722 0.07 148.474
5.82 5.479 0.082 149.647
5.84 4.94 0.088 148.442
5.86 4.272 0.084 144.945
5.88 3.749 0.064 139.195
5.9 3.56 0.057 136.966
5.92 3.578 0.053 136.366
5.94 3.646 0.05 136.203
5.96 3.681 0.047 135.817
5.98 3.737 0.048 136.478
6 3.971 0.038 135.152
6.02 4.17 0.046 138.416
6.04 4.201 0.05 139.657
6.06 4.163 0.05 139.603
6.08 4.118 0.05 139.512
6.1 4.091 0.046 138.543
6.12 4.303 0.045 139.426
6.14 4.569 0.042 139.958
6.16 4.888 0.041 141.169
6.18 5.096 0.04 141.855
6.2 5.16 0.04 142.238
6.22 5.128 0.042 142.817
6.24 5.02 0.048 144.099
6.26 4.915 0.054 145.204
6.28 4.907 0.058 146.166
6.3 4.918 0.059 146.55
6.32 4.963 0.057 146.451
6.34 4.904 0.059 146.748
6.36 4.785 0.062 146.963
6.38 4.644 0.066 147.223
6.4 4.454 0.072 147.532
6.42 4.273 0.076 147.442
6.44 4.111 0.075 146.589
6.46 4.029 0.068 145.103
6.48 4.04 0.066 144.924
6.5 4.166 0.066 145.691
6.52 4.422 0.067 147.257
6.54 4.714 0.07 149.289
6.56 4.979 0.07 150.597
6.58 5.03 0.07 150.946
6.6 4.937 0.07 150.668
6.62 4.752 0.07 149.968
6.64 4.624 0.068 149.145
6.66 4.698 0.069 149.793
6.68 4.931 0.075 152.017
6.7 5.099 0.082 154.019
6.72 5.19 0.09 155.741
6.74 5.321 0.076 154.245
6.76 5.409 0.07 153.682
6.78 5.441 0.071 154.121
6.8 5.419 0.072 154.337
6.82 5.273 0.07 153.496
6.84 5.062 0.068 152.353
6.86 4.839 0.068 151.491
6.88 4.745 0.07 151.551
6.9 4.838 0.077 153.308
6.92 4.961 0.085 155.259
6.94 5.063 0.093 157.01
6.96 5.154 0.099 158.361
6.98 5.282 0.103 159.573
7 5.478 0.104 160.67
7.02 5.755 0.104 161.943
7.04 6.226 0.101 163.519
7.06 6.803 0.091 164.319
7.08 7.304 0.078 164.022
7.1 7.983 0.066 163.97
7.12 8.788 0.058 164.606
7.14 9.609 0.05 164.818
7.16 10.43 0.046 165.752
7.18 10.441 0.046 165.905
7.2 10.068 0.045 164.865
7.22 9.651 0.036 160.973
7.24 8.977 0.031 157.455
7.26 8.353 0.032 156.362
7.28 8.018 0.035 156.726
7.3 8.042 0.037 157.641
7.32 8.301 0.043 160.476
7.34 8.103 0.05 162.062
7.36 7.8 0.057 163.065
7.38 7.475 0.059 162.657
7.4 7.245 0.05 159.832
7.42 7.396 0.046 159.319
7.44 8.158 0.05 162.831
7.46 9.232 0.056 167.452
7.48 10.306 0.063 171.93
7.5 10.892 0.071 175.167
7.52 11.421 0.079 178.073
7.54 12.527 0.06 176.506
7.56 14.359 0.048 176.828
7.58 15.427 0.044 177.506
7.6 16.267 0.047 179.983
7.62 17.231 0.053 183.438
7.64 17.705 0.055 184.859
7.66 17.677 0.055 184.952
7.68 17.296 0.054 184.225
7.7 17.012 0.054 183.919
7.72 16.832 0.06 185.388
7.74 16.659 0.068 187.185
7.76 16.132 0.077 188.392
7.78 15.717 0.085 189.372
7.8 15.306 0.092 190.032
7.82 14.871 0.098 190.378
7.84 14.524 0.104 190.807
7.86 14.302 0.107 190.971
7.88 14.224 0.108 191.103
7.9 14.409 0.107 191.446
7.92 14.825 0.105 192.066
7.94 15.326 0.102 192.657
7.96 15.569 0.1 192.911
7.98 15.792 0.098 193.117
8 16.018 0.096 193.315
8.02 16.269 0.092 193.197
8.04 16.975 0.088 193.799
8.06 17.321 0.085 193.937
8.08 17.758 0.083 194.383
8.1 18.013 0.079 194.117
8.12 17.98 0.079 194.199
8.14 17.906 0.083 195.016
8.16 17.563 0.092 196.28
8.18 16.999 0.099 196.689
8.2 16.332 0.103 196.338
8.22 15.688 0.105 195.649
8.24 15.047 0.106 194.762
8.26 14.523 0.106 193.901
8.28 13.928 0.104 192.561
8.3 13.213 0.107 191.686
8.32 10.994 0.097 185.284
8.34 12.064 0.089 186.563
8.36 12.213 0.083 185.935
8.38 12.613 0.077 185.761
8.4 13.056 0.073 185.983
8.42 13.306 0.07 185.964
8.44 13.319 0.068 185.665
8.46 13.263 0.067 185.446
8.48 13.438 0.066 185.686
8.5 13.751 0.066 186.424
8.52 13.906 0.067 187.081
8.54 13.983 0.067 187.352
8.56 14.341 0.069 188.619
8.58 14.611 0.07 189.476
8.6 14.911 0.072 190.6
8.62 15.118 0.075 191.753
8.64 15.148 0.078 192.558
8.66 15.111 0.079 192.818
8.68 15.299 0.079 193.286
8.7 15.689 0.078 193.906
8.72 16.304 0.078 195.108
8.74 17.177 0.078 196.704
8.76 17.267 0.079 197.186
8.78 17.471 0.089 199.615
8.8 17.596 0.088 199.758
8.82 17.027 0.087 198.751
8.84 16.484 0.086 197.76
8.86 15.79 0.088 197.039
8.88 14.857 0.084 194.686
8.9 14.217 0.077 192.18
8.92 13.861 0.067 189.394
8.94 13.606 0.061 187.537
8.96 13.149 0.057 185.682
8.98 13.013 0.053 184.399
9 13.03 0.05 183.655
9.02 13.173 0.047 183.113
9.04 13.677 0.046 183.889
9.06 14.565 0.045 185.338
9.08 16.12 0.023 177.96
9.1 16.095 0.03 182.008
9.12 16.071 0.036 184.863
9.14 16.416 0.041 187.561
9.16 16.757 0.045 189.695
9.18 17.245 0.049 191.952
9.2 17.224 0.052 192.986
9.22 17.365 0.054 193.937
9.24 17.343 0.055 194.315
9.26 17.325 0.057 194.982
9.28 17.365 0.06 195.998
9.3 17.421 0.063 197.004
9.32 17.56 0.063 197.348
9.34 17.692 0.067 198.693
9.36 17.759 0.071 199.882
9.38 17.86 0.074 200.854
9.4 17.899 0.077 201.702
9.42 18.078 0.079 202.543
9.44 18.131 0.082 203.377
9.46 17.923 0.085 203.767
9.48 17.773 0.086 203.839
9.5 17.338 0.088 203.621
9.52 17.277 0.087 203.443
9.54 17.082 0.086 203.034
9.56 16.93 0.087 203.086
9.58 16.502 0.086 202.261
9.6 16.327 0.084 201.673
9.62 16.17 0.083 201.308
9.64 16.034 0.081 200.772
9.66 15.929 0.082 200.903
9.68 15.817 0.083 201.017
9.7 15.787 0.082 200.875
9.72 15.762 0.083 201.146
9.74 15.776 0.084 201.488
9.76 15.745 0.091 202.892
9.78 15.669 0.087 202.109
9.8 14.708 0.085 200.002
9.82 15.81 0.085 202.208
9.84 15.944 0.086 202.766
9.86 16.006 0.088 203.382
9.88 15.998 0.09 203.863
9.9 15.912 0.092 204.193
9.92 15.813 0.094 204.489
9.94 15.879 0.096 205.085
9.96 16.055 0.097 205.703
9.98 16.333 0.098 206.504
10 16.57 0.098 207.048
10.02 16.768 0.098 207.517
10.04 16.975 0.098 208
10.06 17.022 0.098 208.198
10.08 16.891 0.098 208.081
10.1 16.542 0.097 207.394
10.12 16.148 0.097 206.789
10.14 15.738 0.096 205.96
10.16 15.48 0.096 205.583
10.18 15.427 0.091 204.681
10.2 15.389 0.087 203.955
10.22 15.427 0.081 202.929
10.24 15.577 0.075 202.024
10.26 15.577 0.072 201.449
10.28 15.712 0.071 201.574
10.3 15.777 0.071 201.803
10.32 15.915 0.073 202.633
10.34 16.068 0.076 203.703
10.36 16.122 0.079 204.568
10.38 16.171 0.083 205.611
10.4 16.16 0.086 206.309
10.42 15.901 0.089 206.528
10.44 15.548 0.092 206.54
10.46 15.314 0.093 206.385
10.48 15.242 0.094 206.538
10.5 15.319 0.094 206.798
10.52 15.653 0.093 207.366
10.54 16.217 0.093 208.536
10.56 16.427 0.091 208.655
10.58 16.639 0.089 208.764
10.6 16.619 0.088 208.642
10.62 16.515 0.088 208.562
10.64 16.415 0.084 207.684
10.66 15.154 0.083 205.21
10.68 15.884 0.085 207.122
10.7 15.839 0.086 207.347
10.72 15.73 0.088 207.645
10.74 15.499 0.09 207.699
10.76 14.769 0.091 206.557
10.78 14.507 0.092 206.319
10.8 14.399 0.092 206.204
10.82 14.407 0.091 206.139
10.84 14.319 0.09 205.873
10.86 14.195 0.088 205.337
10.88 14.139 0.086 204.933
10.9 14.123 0.085 204.805
10.92 14.066 0.084 204.588
10.94 14.066 0.083 204.488
10.96 14.138 0.083 204.743
10.98 14.276 0.083 205.133
11 14.472 0.082 205.433
11.02 14.637 0.081 205.663
11.04 14.763 0.08 205.808
11.06 16.04 0.078 207.947
11.08 17.471 0.075 209.942
11.1 18.815 0.072 211.581
11.12 19.748 0.071 212.919
11.14 20.376 0.074 214.726
11.16 20.783 0.082 217.294
11.18 21.091 0.091 219.759
11.2 21.182 0.098 221.365
11.22 21.188 0.106 222.935
11.24 20.858 0.112 223.564
11.26 20.522 0.117 223.964
11.28 20.257 0.125 224.89
11.3 20.103 0.132 225.775
11.32 19.791 0.148 227.533
11.34 17.649 0.142 223.151
11.36 19.246 0.137 225.389
11.38 19.23 0.134 225.058
11.4 19.071 0.132 224.617
11.42 18.956 0.13 224.246
11.44 18.867 0.131 224.346
11.46 18.492 0.133 224.089
11.48 17.913 0.137 223.724
11.5 17.244 0.14 223.011
11.52 15.85 0.141 220.557
11.54 15.401 0.141 219.752
11.56 14.839 0.139 218.424
11.58 14.14 0.134 216.356
11.6 13.546 0.13 214.584
11.62 13.089 0.125 212.933
11.64 12.621 0.122 211.493
11.66 12.105 0.121 210.182
11.68 11.625 0.121 209.06
11.7 11.003 0.119 207.222
11.72 10.644 0.116 205.895
11.74 10.512 0.113 205.175
11.76 10.738 0.112 205.75
11.78 11.205 0.11 206.802
11.8 11.4 0.108 207.098
11.82 11.599 0.102 206.727
11.84 12.133 0.098 207.478
11.86 13.047 0.093 208.845
11.88 13.74 0.089 209.738
11.9 14.202 0.087 210.439
11.92 14.66 0.087 211.502
11.94 15.073 0.091 213.245
11.96 15.456 0.097 215.257
11.98 15.935 0.1 216.854
12 16.497 0.102 218.4
12.02 17.426 0.104 220.588
12.04 17.519 0.105 221.035
12.06 17.583 0.107 221.6
12.08 17.677 0.109 222.215
12.1 17.647 0.114 223.094
12.12 17.578 0.119 223.868
12.14 17.504 0.123 224.451
12.16 17.551 0.062 212.195
12.18 17.193 0.089 218.126
12.2 16.836 0.104 220.405
12.22 16.087 0.114 220.745
12.24 14.921 0.12 219.4
12.26 13.776 0.124 217.583
12.28 13.292 0.134 217.965
12.3 13.541 0.14 219.446
12.32 13.623 0.143 220.124
12.34 13.646 0.142 220.148
12.36 14.123 0.138 220.814
12.38 14.422 0.126 219.91
12.4 14.459 0.112 217.943
12.42 14.541 0.1 216.171
12.44 14.724 0.083 213.325
12.46 14.991 0.078 212.87
12.48 15.432 0.08 214.307
12.5 16.163 0.083 216.498
12.52 17.054 0.086 218.92
12.54 18.115 0.09 221.766
12.56 18.304 0.094 223.002
12.58 18.251 0.098 223.782
12.6 17.898 0.103 224.178
12.62 17.497 0.111 224.942
12.64 17.122 0.118 225.484
12.66 16.791 0.124 225.88
12.68 16.387 0.129 225.93
12.7 15.678 0.133 225.165
12.72 14.804 0.137 223.962
12.74 13.04 0.139 220.269
12.76 12.126 0.141 218.331
12.78 11.212 0.142 216.102
12.8 10.431 0.142 213.959
12.82 10.241 0.135 212.59
12.84 10.051 0.13 211.445
12.86 11.293 0.127 214.698
12.88 12.5 0.124 217.521
12.9 13.045 0.12 218.36
12.92 13.262 0.114 218.041
12.94 14.511 0.104 219.299
12.96 15.142 0.093 218.699
12.98 15.7 0.075 216.034
13 15.29 0.064 212.482
13.02 16.502 0.06 213.77
13.04 17.252 0.064 216.393
13.06 17.762 0.07 219.023
13.08 18.372 0.076 221.696
13.1 18.187 0.082 222.871
13.12 17.914 0.089 224.002
13.14 17.818 0.103 226.662
13.16 17.682 0.111 227.922
13.18 17.343 0.118 228.543
13.2 16.763 0.123 228.31
13.22 16.14 0.127 227.769
13.24 15.727 0.132 227.746
13.26 15.567 0.135 227.932
13.28 15.744 0.137 228.679
13.3 16.134 0.137 229.582
13.32 16.511 0.133 229.876
13.34 16.704 0.132 230.213
13.36 16.65 0.131 230.056
13.38 16.283 0.133 229.703
13.4 15.734 0.135 228.95
13.42 15.132 0.137 228.041
13.44 14.326 0.139 226.618
13.46 14.014 0.14 226.128
13.48 13.532 0.141 225.218
13.5 12.912 0.141 223.794
13.52 12.146 0.14 221.792
13.54 11.241 0.141 219.553
13.56 10.064 0.141 216.172
13.58 8.823 0.139 211.949
13.6 6.941 0.136 204.464
13.62 5.432 0.13 196.713
13.64 4.225 0.125 189.181
13.66 3.283 0.12 181.888
13.68 2.677 0.117 176.321
13.7 2.46 0.108 173.102
13.72 1.559 0.054 153.076
13.74 2.164 0.061 162.179
13.76 3.5 0.052 171.582
13.78 5.746 0.046 182.482
13.8 7.955 0.04 189.098
13.82 10.164 0.04 195.969
13.84 11.755 0.041 200.609
13.86 13.061 0.043 204.566
13.88 14.732 0.046 209.398
13.9 15.461 0.05 212.413
13.92 15.989 0.053 214.565
13.94 16.298 0.062 218.071
13.96 16.502 0.071 221.027
13.98 16.639 0.08 223.588
14 16.668 0.09 225.936
14.02 16.701 0.1 228.081
14.04 16.515 0.109 229.443
14.06 16.417 0.118 230.856
14.08 16.4 0.125 232.022
14.1 16.503 0.131 233.231
14.12 16.726 0.139 234.93
14.14 16.99 0.145 236.383
14.16 17.076 0.149 237.184
14.18 17.139 0.151 237.667
14.2 17.452 0.154 238.771
14.22 17.9 0.156 239.995
14.24 18.325 0.158 241.157
14.26 18.581 0.158 241.734
14.28 18.831 0.159 242.421
14.3 18.806 0.159 242.469
14.32 18.471 0.162 242.313
14.34 17.937 0.163 241.509
14.36 17.448 0.164 240.765
14.38 17.079 0.164 240.118
14.4 16.784 0.082 226.181
14.42 14.187 0.041 208.481
14.44 15.284 0.1 227.043
14.46 16.381 0.128 234.169
14.48 16.438 0.141 236.27
14.5 16.5 0.144 236.904
14.52 16.585 0.144 237.17
14.54 16.747 0.144 237.593
14.56 16.908 0.144 238.011
14.58 17.094 0.144 238.478
14.6 17.71 0.144 239.788
14.62 18.138 0.144 240.705
14.64 18.669 0.143 241.659
14.66 19.164 0.144 242.805
14.68 19.701 0.145 244.006
14.7 20.101 0.147 245.085
14.72 20.417 0.15 246.142
14.74 20.037 0.156 246.372
14.76 19.495 0.166 246.766
14.78 18.973 0.174 246.861
14.8 18.52 0.181 246.905
14.82 18.367 0.184 247.04
14.84 18.327 0.187 247.388
14.86 18.025 0.186 246.779
14.88 17.865 0.184 246.333
14.9 17.719 0.183 246.022
14.92 17.567 0.181 245.584
14.94 17.436 0.18 245.298
14.96 17.417 0.179 245.237
14.98 17.487 0.18 245.584
15 17.702 0.181 246.221
15.02 18.059 0.181 247.022
15.04 18.644 0.18 248.136
15.06 20.849 0.178 252.021
15.08 21.601 0.179 253.522
15.1 21.996 0.179 254.278
15.12 22.335 0.178 254.813
15.14 22.707 0.18 255.752
15.16 22.64 0.183 256.089
15.18 22.25 0.187 256.002
15.2 21.563 0.192 255.502
15.22 20.844 0.195 254.679
15.24 20.301 0.198 254.128
15.26 20.214 0.201 254.382
15.28 20.272 0.1 240.213
15.3 20.178 0.145 247.68
15.32 20.083 0.166 250.403
15.34 20.226 0.175 251.854
15.36 20.2 0.178 252.255
15.38 20.162 0.178 252.278
15.4 20.163 0.177 252.253
15.42 20.305 0.177 252.599
15.44 20.858 0.179 253.907
15.46 22.327 0.177 256.26
15.48 23.159 0.176 257.585
15.5 23.969 0.175 258.833
15.52 24.641 0.172 259.586
15.54 25.038 0.173 260.402
15.56 25.166 0.177 261.183
15.58 25.191 0.183 262.04
15.6 25.013 0.191 262.799
15.62 24.356 0.198 262.673
15.64 23.522 0.203 261.994
15.66 23.567 0.205 262.373
15.68 23.757 0.205 262.77
15.7 24.088 0.203 263.173
15.72 25.103 0.2 264.507
15.74 25.405 0.197 264.724
15.76 25.361 0.198 264.863
15.78 25.05 0.2 264.707
15.8 24.764 0.203 264.691
15.82 24.506 0.207 264.814
15.84 24.196 0.209 264.634
15.86 23.853 0.211 264.392
15.88 23.526 0.21 263.855
15.9 23.407 0.21 263.755
15.92 23.291 0.209 263.554
15.94 23.083 0.209 263.305
15.96 22.653 0.221 263.908
15.98 22.17 0.111 248.527
16 21.74 0.153 254.621
16.02 21.309 0.175 256.831
16.04 21.215 0.184 257.83
16.06 20.756 0.188 257.569
16.08 19.759 0.19 256.064
16.1 19.473 0.189 255.503
16.12 19.431 0.188 255.399
16.14 19.768 0.185 255.777
16.16 20.347 0.183 256.699
16.18 20.986 0.181 257.698
16.2 21.404 0.18 258.4
16.22 21.395 0.181 258.592
16.24 21.021 0.184 258.378
16.26 20.564 0.187 257.997
16.28 20.113 0.191 257.715
16.3 19.618 0.193 257.103
16.32 19.063 0.196 256.459
16.34 18.559 0.196 255.558
16.36 18.174 0.196 254.874
16.38 17.935 0.196 254.475
16.4 17.284 0.195 253.102
16.42 16.767 0.196 252.191
16.44 16.348 0.195 251.251
16.46 16.177 0.192 250.632
16.48 16.24 0.19 250.639
16.5 16.465 0.188 251
16.52 16.783 0.185 251.44
16.54 17.188 0.178 251.581
16.56 19.284 0.172 255.141
16.58 20.251 0.167 256.402
16.6 20.901 0.163 257.138
16.62 21.349 0.161 257.746
16.64 21.629 0.161 258.316
16.66 21.518 0.166 258.869
16.68 21.339 0.17 259.157
16.7 21.172 0.174 259.452
16.72 21.111 0.178 259.921
16.74 21.226 0.179 260.332
16.76 21.475 0.18 260.977
16.78 21.677 0.179 261.295
16.8 21.637 0.178 261.19
16.82 21.298 0.181 261.046
16.84 20.854 0.196 262.072
16.86 20.407 0.131 252.726
16.88 19.967 0.155 255.569
16.9 19.528 0.167 256.422
16.92 19.358 0.177 257.426
16.94 19.184 0.182 257.773
16.96 19.114 0.183 257.839
16.98 19.093 0.182 257.765
17 18.959 0.182 257.588
17.02 18.514 0.182 256.793
17.04 18.259 0.181 256.246
17.06 18.098 0.181 256.003
17.08 18.054 0.18 255.879
17.1 18.031 0.179 255.797
17.12 18.044 0.179 255.906
17.14 18.037 0.179 255.975
17.16 18.069 0.178 256.004
17.18 18.069 0.177 255.967
17.2 17.606 0.178 255.214
17.22 16.99 0.179 254.109
17.24 16.39 0.181 253.112
17.26 15.881 0.183 252.277
17.28 15.602 0.182 251.6
17.3 15.433 0.179 250.939
17.32 15.414 0.176 250.623
17.34 15.468 0.171 250.229
17.36 15.622 0.167 250.173
17.38 16.189 0.162 250.906
17.4 16.444 0.159 251.161
17.42 16.674 0.156 251.345
17.44 16.885 0.143 250.064
17.46 12.349 0.135 237.982
17.48 17.156 0.131 248.976
17.5 17.381 0.13 249.364
17.52 17.564 0.13 249.819
17.54 17.716 0.132 250.527
17.56 17.769 0.135 251.183
17.58 17.57 0.138 251.315
17.6 17.443 0.141 251.582
17.62 17.456 0.144 252.129
17.64 17.65 0.147 253.044
17.66 17.952 0.148 253.886
17.68 18.241 0.149 254.694
17.7 18.386 0.149 255.064
17.72 18.507 0.15 255.528
17.74 18.814 0.15 256.214
17.76 19.26 0.151 257.303
17.78 19.93 0.154 259.077
17.8 19.951 0.157 259.614
17.82 19.985 0.16 260.168
17.84 19.976 0.166 261.031
17.86 20.149 0.172 262.21
17.88 20.234 0.177 263.077
17.9 20.55 0.18 264.116
17.92 20.912 0.183 265.228
17.94 20.808 0.185 265.359
17.96 20.721 0.187 265.519
17.98 20.853 0.188 265.962
18 21.124 0.187 266.421
18.02 21.531 0.188 267.355
18.04 21.941 0.189 268.284
18.06 21.942 0.19 268.486
18.08 21.696 0.192 268.367
18.1 21.135 0.194 267.669
18.12 21.147 0.195 267.888
18.14 21.095 0.196 267.989
18.16 20.815 0.199 267.894
18.18 20.58 0.202 267.871
18.2 20.57 0.203 268.045
18.22 20.638 0.203 268.254
18.24 20.706 0.202 268.353
18.26 21.246 0.199 269.096
18.28 21.642 0.196 269.554
18.3 22.127 0.191 269.917
18.32 22.38 0.189 270.204
18.34 22.318 0.188 270.059
18.36 22.08 0.189 269.843
18.38 22.113 0.211 272.468
18.4 22.107 0.197 270.987
18.42 22.1 0.19 270.242
18.44 22.581 0.189 271.044
18.46 22.672 0.189 271.283
18.48 22.498 0.188 270.944
18.5 22.358 0.187 270.662
18.52 22.146 0.187 270.372
18.54 21.903 0.188 270.144
18.56 21.871 0.187 270.048
18.58 22.016 0.186 270.265
18.6 22.096 0.186 270.487
18.62 22.048 0.184 270.24
18.64 22.143 0.182 270.243
18.66 22.168 0.18 270.119
18.68 22 0.179 269.778
18.7 21.667 0.18 269.391
18.72 21.044 0.181 268.465
18.74 20.35 0.183 267.496
18.76 19.369 0.185 265.919
18.78 18.987 0.187 265.473
18.8 18.784 0.187 265.141
18.82 18.63 0.184 264.549
18.84 18.64 0.181 264.286
18.86 18.716 0.179 264.274
18.88 18.85 0.176 264.252
18.9 19.157 0.175 264.82
18.92 19.385 0.175 265.349
18.94 19.281 0.174 265.095
18.96 19.132 0.174 264.877
18.98 19.063 0.173 264.69
19 18.976 0.174 264.72
19.02 18.972 0.174 264.789
19.04 19.109 0.173 265.014
19.06 19.479 0.17 265.438
19.08 19.841 0.167 265.826
19.1 20.577 0.163 266.763
19.12 20.633 0.161 266.671
19.14 20.442 0.166 267.071
19.16 20.139 0.152 264.627
19.18 19.836 0.147 263.393
19.2 19.795 0.144 262.939
19.22 19.831 0.147 263.536
19.24 19.97 0.15 264.321
19.26 20.02 0.153 264.929
19.28 20.181 0.156 265.74
19.3 20.622 0.161 267.346
19.32 20.956 0.163 268.318
19.34 21.339 0.166 269.505
19.36 21.866 0.171 271.2
19.38 22.541 0.174 272.863
19.4 23.381 0.175 274.514
19.42 24.419 0.175 276.315
19.44 25.342 0.176 278.007
19.46 26.323 0.177 279.743
19.48 26.532 0.178 280.273
19.5 26.675 0.178 280.57
19.52 26.862 0.183 281.581
19.54 26.785 0.187 282.052
19.56 26.644 0.192 282.537
19.58 26.665 0.195 283.014
19.6 26.4 0.198 283.047
19.62 25.936 0.202 282.876
19.64 24.769 0.204 281.316
19.66 24.179 0.204 280.421
19.68 23.629 0.208 280.024
19.7 23.145 0.21 279.492
19.72 22.964 0.211 279.366
19.74 23.164 0.209 279.572
19.76 23.491 0.207 279.992
19.78 24.101 0.205 280.879
19.8 24.946 0.202 282.01
19.82 26.32 0.201 284.158
19.84 26.509 0.201 284.531
19.86 26.432 0.204 284.842
19.88 26.454 0.21 285.644
19.9 26.522 0.215 286.39
19.92 26.676 0.218 287.039
19.94 26.822 0.224 287.995
19.96 27.198 0.217 287.892
19.98 17.84 0.213 270.586
20 28.116 0.209 288.529
