0.02 1.3353 0 0
0.03 1.5977 0 0
0.04 1.6139 0 0
0.05 1.6159 0 0
0.06 1.6179 0 0
0.07 1.7027 0 0
0.0800001 1.8198 0 0
0.0900001 1.9086 0 0
0.1 1.9813 0 0
0.11 2.0257 0 0
0.12 2.0661 0 0
0.13 2.1186 0.0253 41.1325
0.14 2.1428 0.0507 44.5615
0.15 2.1428 0.0502 45.387
0.16 2.159 0.0551 46.6186
0.17 2.159 0.0599 47.7416
0.18 2.1691 0.0634 48.7688
0.19 2.1792 0.0669 49.7624
0.2 2.1873 0.0708 50.7427
0.21 2.1772 0.0741 51.5966
0.22 2.1923 0.077 52.4876
0.23 2.2074 0.0794 53.3288
0.24 2.268 0.0797 54.1914
0.25 2.2922 0.0797 54.8937
0.26 2.3003 0.0798 55.5295
0.27 2.3124 0.0797 56.1518
0.28 2.3286 0.0797 56.7794
0.29 2.3447 0.0782 57.3023
0.3 2.3972 0.0752 57.8411
0.31 2.4578 0.0721 58.3761
0.32 2.4901 0.0681 58.725
0.33 2.5386 0.0646 59.1341
0.34 2.583 0.0606 59.4589
0.35 2.5951 0.0569 59.6667
0.36 2.6153 0.0536 59.9045
0.37 2.6395 0.0505 60.1438
0.38 2.7001 0.0481 60.544
0.39 2.7607 0.0481 61.178
0.4 2.8737 0.0423 61.3081
0.41 2.9625 0.0423 62.0015
0.42 3.0595 0.0396 62.3653
0.43 3.12 0.0373 62.6393
0.44 3.1523 0.0351 62.8159
0.45 3.1523 0.0354 63.2544
0.46 3.1786 0.0302 62.8815
0.47 3.2048 0.0299 63.2808
0.48 3.1846 0.0295 63.5232
0.49 3.1806 0.0294 63.8587
0.5 3.1523 0.0296 64.172
0.51 3.0958 0.0298 64.3945
0.52 3.0312 0.0306 64.6891
0.53 2.9706 0.0318 65.0516
0.54 2.9464 0.0337 65.6297
0.55 2.8939 0.0352 66.0335
0.56 2.8616 0.0371 66.5484
0.57 2.793 0.0389 66.9066
0.58 2.7526 0.0411 67.3978
0.59 2.7041 0.0428 67.7738
0.6 2.6597 0.0453 68.2507
0.61 2.6234 0.0474 68.688
0.62 2.583 0.0492 69.059
0.63 2.5749 0.051 69.5431
0.640001 2.585 0.0531 70.1226
0.650001 2.5951 0.0554 70.7141
0.660001 2.6314 0.0576 71.388
0.670001 2.6637 0.0594 71.9972
0.680001 2.692 0.0607 72.535
0.690001 2.7082 0.062 73.0215
0.700001 2.7082 0.0631 73.4216
0.710001 2.7082 0.0639 73.789
0.720001 2.696 0.0649 74.124
0.730001 2.6759 0.0651 74.3477
0.740001 2.6435 0.0652 74.5081
0.75 2.6314 0.0649 74.7086
0.760001 2.5991 0.0646 74.8221
0.770001 2.583 0.0648 75.0466
0.780001 2.5386 0.0643 75.0801
0.790001 2.5022 0.0641 75.1705
0.800001 2.4457 0.0636 75.1371
0.810001 2.373 0.0634 75.0505
0.820001 2.3286 0.0637 75.1319
0.830001 2.2922 0.064 75.244
0.840001 2.2478 0.0642 75.3022
0.850001 2.1832 0.0643 75.2435
0.860001 2.0903 0.0644 75.027
0.870001 2.0338 0.0648 75.0108
0.880001 1.9652 0.0652 74.9169
0.890001 1.8965 0.0652 74.7685
0.900001 1.844 0.0653 74.7081
0.910001 1.8218 0.0652 74.7978
0.920001 1.8188 0.065 74.9884
0.930001 1.8415 0.0647 75.3196
0.940001 1.8642 0.0639 75.599
0.950001 1.9086 0.0617 75.8577
0.960001 1.9531 0.0597 76.1228
0.970001 1.9894 0.0573 76.2843
0.980001 2.0177 0.0548 76.3738
0.990001 2.0621 0.0527 76.5808
1 2.0702 0.0496 76.4518
1.01 2.0661 0.0459 76.1489
1.02 2.0379 0.0421 75.6609
1.03 2.0177 0.0381 75.131
1.04 1.9894 0.0342 74.5075
1.05 1.9732 0.0306 73.9308
1.06 1.9288 0.0271 73.1404
1.07 1.9127 0.0235 72.3797
1.08 1.8763 0.0208 71.6355
1.09 1.8743 0.0192 71.3316
1.1 1.8733 0.0181 71.1573
1.11 1.8889 0.0176 71.2555
1.12 1.9046 0.017 71.3125
1.13 1.9208 0.0162 71.2897
1.14 1.9409 0.0159 71.4605
1.15 2.0056 0.0159 71.9733
1.16 2.0459 0.0159 72.3537
1.17 2.1267 0.0159 72.9322
1.18 2.1267 0.0158 73.0666
1.19 2.159 0.0157 73.3586
1.2 2.1994 0.0154 73.6078
1.21 2.3084 0.0153 74.2532
1.22 2.3084 0.0154 74.4637
1.23 2.373 0.0151 74.8075
1.24 2.5103 0.0146 75.3744
1.25 2.5386 0.0142 75.4902
1.26 2.5386 0.0134 75.2935
1.27 2.5305 0.0132 75.3301
1.28 2.4336 0.0133 75.1185
1.29 2.3488 0.0134 74.9443
1.3 2.3488 0.0141 75.4243
1.31 2.1873 0.0151 75.2414
1.32 2.0903 0.0166 75.5024
1.33 2.0257 0.0204 76.6226
1.34 1.9813 0.0204 76.5377
1.35 1.9409 0.0237 77.4287
1.36 1.9006 0.0298 78.8418
1.37 1.9006 0.0298 79.0026
1.38 1.8279 0.0327 79.3297
1.39 1.8198 0.0369 80.2409
1.4 1.7794 0.0454 81.5357
1.41 1.7592 0.0454 81.563
1.42 1.7572 0.0493 82.2722
1.43 1.7552 0.0521 82.799
1.44 1.7552 0.0549 83.3217
1.45 1.5755 0.0551 82.2186
1.46 1.7138 0.0535 83.1759
1.47 1.8521 0.053 84.2046
1.48 1.8642 0.0534 84.4954
1.49 1.8662 0.0538 84.7194
1.5 1.8683 0.0549 85.0339
1.51 1.8965 0.0551 85.4009
1.52 1.8925 0.0562 85.6726
1.53 1.8986 0.057 85.9697
1.54 1.9046 0.0586 86.3634
1.55 1.9127 0.0604 86.79
1.56 1.9046 0.0614 87.0109
1.57 1.8804 0.062 87.0757
1.58 1.8804 0.0632 87.3688
1.59 1.8158 0.0669 87.4959
1.6 1.7512 0.0686 87.3747
1.61 1.7189 0.0708 87.5214
1.62 1.6866 0.0711 87.4638
1.63 1.6341 0.0707 87.1746
1.64 1.5735 0.0704 86.8183
1.65 1.5533 0.0703 86.7932
1.66 1.5412 0.0695 86.7587
1.67 1.5291 0.0695 86.8051
1.68 1.5311 0.0677 86.776
1.69 1.5331 0.0667 86.828
1.7 1.5331 0.0644 86.717
1.71 1.525 0.0626 86.5878
1.72 1.5412 0.0616 86.744
1.73 1.5129 0.0597 86.4268
1.74 1.4645 0.0564 85.7544
1.75 1.412 0.0536 85.0795
1.76 1.3191 0.0512 84.0624
1.77 1.2222 0.0499 83.0969
1.78 1.1253 0.0486 82.0626
1.79 1.0364 0.0481 81.1524
1.8 0.9638 0.0471 80.2922
1.81 0.9153 0.0472 79.8343
1.82 0.887 0.0463 79.4685
1.83 0.887 0.0431 79.1168
1.84 0.8628 0.0396 78.3676
1.85 0.8588 0.0375 78.0785
1.86 0.8507 0.0343 77.5116
1.87 0.8507 0.0313 77.0383
1.88 0.8709 0.029 76.9238
1.89 0.8911 0.0266 76.7386
1.9 0.9355 0.0234 76.5703
1.91 0.9759 0.019 75.8249
1.92 0.9799 0.0164 75.0552
1.93 0.9274 0.0146 73.8522
1.94 0.8507 0.0136 72.6148
1.95 0.8144 0.0126 71.8057
1.96 0.8305 0.0118 71.7184
1.97 0.8224 0.0116 71.6167
1.98 0.8204 0.0118 71.7945
1.99 0.8184 0.012 71.9704
2 0.8184 0.013 72.5523
2.01 0.8123 0.013 72.5748
2.02 0.8093 0.0131 72.6826
2.03 0.8441 0.0127 73.0363
2.04 0.879 0.0123 73.3685
2.05 0.9557 0.0118 74.1024
2.06 0.9557 0.0114 73.9901
2.07 1.2787 0.0115 77.3183
2.08 1.4443 0.0115 78.7917
2.09 1.4443 0.0132 79.807
2.1 1.5896 0.0147 81.7525
2.11 1.8037 0.0154 83.687
2.12 1.9208 0.015 84.3746
2.13 1.9208 0.0158 84.851
2.14 2.1267 0.0173 86.8696
2.15 2.2478 0.02 88.7431
2.16 2.2478 0.0216 89.4284
2.17 2.3124 0.0235 90.5423
2.18 2.2721 0.0257 91.1047
2.19 2.1913 0.0284 91.5037
2.2 2.1913 0.0306 92.1901
2.21 1.9409 0.0337 91.4387
2.22 1.9167 0.0351 91.6983
2.23 1.9167 0.0378 92.3808
2.24 1.7996 0.0415 92.3748
2.25 1.4362 0.0458 90.2708
2.26 1.4362 0.0502 91.0746
2.27 1.311 0.0529 90.3898
2.28 1.101 0.0555 88.6066
2.29 1.101 0.0561 88.7939
2.3 1.0364 0.056 88.1177
2.31 0.9678 0.0558 87.3323
2.32 0.9436 0.0519 86.5954
2.33 0.8992 0.0489 85.6739
2.34 0.8345 0.0454 84.3359
2.35 0.782 0.0397 82.721
2.36 0.7376 0.0342 81.1119
2.37 0.7296 0.0292 80.0206
2.38 0.7174 0.0247 78.8149
2.39 0.7336 0.02 77.7829
2.4 0.7498 0.0168 76.9936
2.41 0.778 0.0142 76.417
2.42 0.7861 0.0135 76.2976
2.43 0.8507 0.0134 77.211
2.44 0.883 0.0134 77.7152
2.45 0.883 0.0133 77.7551
2.46 0.9234 0.0135 78.4436
2.47 1.1818 0.0137 81.4721
2.48 1.2303 0.0148 82.5663
2.49 1.3272 0.0159 84.066
2.5 1.4685 0.0173 85.9964
2.51 1.6098 0.0181 87.5671
2.52 1.6866 0.0181 88.2543
2.53 1.6825 0.0199 89.02
2.54 1.7027 0.02 89.3082
2.55 1.6946 0.0181 88.6055
2.56 1.6946 0.0163 87.9323
2.57 1.6866 0.0144 87.0652
2.58 1.6623 0.0144 86.9773
2.59 1.6582 0.0134 86.5203
2.6 1.6562 0.0118 85.6867
2.61 1.6653 0.0118 85.8459
2.62 1.6744 0.011 85.5038
2.63 1.7067 0.0086 84.0904
2.64 1.7067 0.0086 84.1792
2.65 1.7592 0.0082 84.3014
2.66 1.7835 0.0083 84.6419
2.67 1.7835 0.0085 84.8983
2.68 1.8037 0.0089 85.4508
2.69 1.8279 0.0089 85.7037
2.7 1.8279 0.0086 85.5477
2.71 1.8481 0.0083 85.5183
2.72 1.836 0.0076 84.9003
2.73 1.842 0.0068 84.2437
2.74 1.8481 0.0068 84.3696
2.75 1.8279 0.0065 84.0055
2.76 1.7875 0.0061 83.3784
2.77 1.7875 0.0056 82.8705
2.78 1.7512 0.0054 82.459
2.79 1.7229 0.0052 82.0897
2.8 1.7229 0.0052 82.1714
2.81 1.7209 0.0053 82.3696
2.82 1.7239 0.0054 82.6
2.83 1.7269 0.0061 83.545
2.84 1.7633 0.0075 85.3329
2.85 1.7875 0.0084 86.3949
2.86 1.7875 0.0093 87.2145
2.87 1.7431 0.01 87.5104
2.88 1.6744 0.0103 87.3037
2.89 1.6018 0.0107 87.1076
2.9 1.4887 0.0116 86.8584
2.91 1.4079 0.0132 87.1779
2.92 1.3029 0.0148 87.1179
2.93 1.2141 0.0161 86.9256
2.94 1.1858 0.0171 87.1488
2.95 1.1879 0.0183 87.7471
2.96 1.1899 0.0194 88.2786
2.97 1.2141 0.0195 88.6559
2.98 1.2182 0.0191 88.6289
2.99 1.1657 0.0186 87.9562
3 1.1091 0.0183 87.291
3.01 1.1111 0.0191 87.7061
3.02 1.1132 0.0194 87.9248
3.03 1.1374 0.0187 88.0091
3.04 1.1576 0.018 88.0335
3.05 1.1737 0.0181 88.33
3.06 1.1858 0.0183 88.6221
3.07 1.1414 0.0181 88.1358
3.08 1.1253 0.018 87.9947
3.09 1.1414 0.0184 88.4159
3.1 1.1172 0.0188 88.3807
3.11 1.0728 0.0212 88.8283
3.12 1.0041 0.0239 88.947
3.13 0.9355 0.0242 88.2151
3.14 0.9193 0.0243 88.1018
3.15 0.9254 0.0251 88.5019
3.16 0.9315 0.0278 89.4206
3.17 1.0284 0.0336 92.2264
3.18 1.206 0.0376 95.3372
3.19 1.3797 0.0383 97.4368
3.2 1.3918 0.0368 97.3202
3.21 1.2424 0.0353 95.4937
3.22 1.1051 0.0323 93.2862
3.23 0.992 0.0299 91.3376
3.24 0.887 0.0268 89.1397
3.25 0.7861 0.0221 86.2827
3.26 0.7215 0.0184 84.0062
3.27 0.7114 0.0156 82.7627
3.28 0.7265 0.014 82.3392
3.29 0.7417 0.0128 82.041
3.3 0.8547 0.0121 83.413
3.31 0.9315 0.0122 84.5819
3.32 1.0082 0.0123 85.6811
3.33 1.0809 0.0145 87.8109
3.34 1.097 0.0168 89.1569
3.35 1.0768 0.0197 90.1794
3.36 1.0647 0.0208 90.5157
3.37 1.0687 0.0219 91.0289
3.38 1.0607 0.0241 91.7331
3.39 1.0808 0.0278 93.1574
3.4 1.101 0.0284 93.6489
3.41 1.1818 0.0281 94.6024
3.42 1.2141 0.028 95.0196
3.43 1.2484 0.0283 95.5638
3.44 1.2828 0.0286 96.1005
3.45 1.2182 0.0324 96.4612
3.46 1.1535 0.036 96.6264
3.47 1.0687 0.0369 95.8432
3.48 1.0122 0.0368 95.1511
3.49 0.9193 0.0367 93.8948
3.5 0.8345 0.0369 92.7109
3.51 0.7699 0.0371 91.7554
3.52 0.7457 0.0366 91.3035
3.53 0.772 0.0361 91.7278
3.54 0.7982 0.0324 91.416
3.55 0.9436 0.0296 93.017
3.56 1.2101 0.0291 96.3481
3.57 1.6058 0.0292 100.461
3.58 2.0217 0.0291 103.9
3.59 2.3488 0.0278 105.847
3.6 2.5911 0.0264 106.977
3.61 2.7889 0.0245 107.529
3.62 2.9383 0.0211 107.084
3.63 3.0958 0.0168 105.947
3.64 3.2169 0.0123 103.886
3.65 3.3139 0.0101 102.713
3.66 3.3906 0.0087 101.858
3.67 3.4794 0.0078 101.39
3.68 3.5682 0.0067 100.555
3.69 3.6692 0.0061 100.251
3.7 3.7984 0.0052 99.4975
3.71 3.9478 0.0054 100.442
3.72 4.2951 0.0055 101.9
3.73 4.4808 0.0065 104.036
3.74 4.6989 0.009 107.705
3.75 4.9371 0.0108 110.215
3.76 5.1955 0.0127 112.618
3.77 5.4338 0.0139 114.286
3.78 5.668 0.0154 116.053
3.79 5.882 0.0164 117.372
3.8 6.0637 0.0176 118.669
3.81 6.2333 0.0185 119.725
3.82 6.4069 0.0201 121.12
3.83 6.5402 0.0213 122.156
3.84 6.6331 0.0221 122.869
3.85 6.6411 0.0226 123.208
3.86 6.5806 0.0229 123.27
3.87 6.5119 0.0234 123.394
3.88 6.31 0.024 123.183
3.89 6.2333 0.0252 123.555
3.9 6.1404 0.0268 124.01
3.91 6.0516 0.0277 124.179
3.92 5.9426 0.0285 124.236
3.93 5.8214 0.0294 124.277
3.94 5.7124 0.0303 124.338
3.95 5.567 0.0313 124.3
3.96 5.3692 0.0327 124.192
3.97 5.1269 0.0349 124.126
3.98 4.8927 0.0381 124.283
3.99 4.6746 0.0419 124.537
4 4.4647 0.0454 124.631
4.01 4.2345 0.0502 124.81
4.02 3.9276 0.0546 124.417
4.03 3.645 0.0584 123.863
4.04 2.9101 0.0565 119.664
4.05 2.9101 0.0547 119.425
4.06 2.6193 0.0512 117.063
4.07 2.3367 0.0506 115.12
4.08 2.2034 0.0567 115.315
4.09 2.1186 0.0628 115.723
4.1 2.0702 0.0669 116.025
4.11 1.9813 0.0732 116.24
4.12 1.945 0.0739 116.101
4.13 1.9369 0.0746 116.2
4.14 1.9248 0.0748 116.199
4.15 1.8925 0.075 116.02
4.16 1.844 0.0781 116.055
4.17 1.7592 0.0781 115.348
4.18 1.739 0.0743 114.756
4.19 1.7734 0.0705 114.654
4.2 1.8077 0.0621 113.839
4.21 1.9409 0.0542 113.791
4.22 2.1267 0.0475 114.116
4.23 2.696 0.0426 117.093
4.24 2.9949 0.0412 118.627
4.25 3.2331 0.0419 120.189
4.26 3.4431 0.0426 121.529
4.27 3.6167 0.0458 123.213
4.28 3.7338 0.0488 124.516
4.29 3.8267 0.0515 125.6
4.3 3.8994 0.0581 127.293
4.31 3.964 0.0664 129.104
4.32 4.0972 0.0727 130.786
4.33 4.2507 0.0789 132.464
4.34 4.287 0.093 134.539
4.35 4.2184 0.0987 134.979
4.36 4.0447 0.1057 135.017
4.37 3.8832 0.1114 134.901
4.38 3.7742 0.1164 134.927
4.39 3.6975 0.1197 134.927
4.4 3.6005 0.1248 134.964
4.41 3.5238 0.1327 135.321
4.42 3.3865 0.1174 133.268
4.43 3.5016 0.1195 134.193
4.44 3.6167 0.1201 134.96
4.45 3.754 0.1208 135.837
4.46 4.0286 0.1216 137.386
4.47 4.9533 0.1372 143.053
4.48 5.5186 0.149 146.388
4.49 6.1606 0.1555 149.348
4.5 7.1943 0.1547 152.751
4.51 11.37 0.174 164.863
4.52 26.334 0.1833 186.98
