0.01 0.0800001 0 0
0.02 0.0800001 0 0
0.03 0.1 0 0
0.04 0.11 0 0
0.05 0.21 0.028 22.8
0.06 0.3 0.057 26.7879
0.07 21.81 0.113 54.8703
0.0800001 32.47 0.176 62.5687
0.0900001 33.48 0.191 65.3805
0.1 40.05 0.208 69.5754
0.11 45.73 0.207 72.7919
0.12 47.23 0.22 75.3021
0.13 38.64 0.232 75.1339
0.14 27.12 0.244 73.1924
0.15 26.52 0.369 76.9737
0.16 25.92 0.378 78.2662
0.17 26.62 0.381 79.955
0.18 25.71 0.447 81.9113
0.19 24.8 0.514 83.6883
0.2 25.02 0.488 84.6319
0.21 23.62 0.463 84.7078
0.22 20.59 0.404 83.1819
0.23 16.98 0.367 81.2586
0.24 15 0.343 80.3175
0.25 12.18 0.342 78.8151
0.26 10.88 0.323 78.0227
0.27 10.56 0.3 78.0263
0.28 9.85 0.251 76.8839
0.29 8.62 0.209 75.0091
0.3 8.44 0.211 75.5494
0.31 8.04 0.164 74.1393
0.32 7.65 0.14 73.2917
0.33 7.4 0.138 73.4805
0.34 7.25 0.126 73.3177
0.35 7.21 0.121 73.6036
0.36 7.16 0.115 73.7951
0.37 7.01 0.112 73.9701
0.38 6.74 0.105 73.7034
0.39 6.45 0.098 73.3467
0.4 6.21 0.091 73.011
0.41 5.96 0.0850001 72.6666
0.42 5.76 0.076 72.1217
0.43 5.55 0.068 71.5427
0.44 5.39 0.062 71.1498
0.45 5.27 0.052 70.3272
0.46 5.15 0.05 70.2942
0.47 5.06 0.038 68.944
0.48 4.99 0.026 67.0587
0.49 4.93 0.025 67.1075
0.5 4.88 0.024 67.158
0.51 4.82 0.024 67.4085
0.52 4.77 0.022 67.1836
0.53 4.75 0.02 66.9663
0.54 4.72 0.02 67.2538
0.55 4.69 0.02 67.5357
0.56 4.7 0.02 67.8956
0.57 4.65 0.021 68.4026
0.58 4.6 0.022 68.8934
0.59 4.47 0.024 69.4373
0.6 4.34 0.023 69.2211
0.61 4.32 0.022 69.2371
0.62 4.29 0.022 69.481
0.63 4.23 0.021 69.3803
0.640001 4.08 0.022 69.5922
0.650001 3.96 0.022 69.593
0.660001 3.76 0.023 69.6264
0.670001 3.78 0.027 70.9112
0.680001 3.7 0.029 71.4082
0.690001 3.68 0.028 71.4338
0.700001 3.66 0.028 71.6638
0.710001 3.66 0.027 71.7296
0.720001 3.64 0.024 71.2506
0.730001 3.53 0.023 70.9573
0.740001 3.48 0.023 71.08
0.75 3.38 0.023 71.0468
0.760001 3.33 0.023 71.1561
0.770001 3.31 0.023 71.3532
0.780001 3.27 0.024 71.7379
0.790001 3.15 0.024 71.6059
0.800001 3.11 0.024 71.7246
0.810001 3.07 0.025 72.0831
0.820001 3.02 0.025 72.1586
0.830001 2.93 0.026 72.323
0.840001 2.88 0.026 72.3846
0.850001 2.82 0.026 72.4033
0.860001 2.77 0.026 72.4522
0.870001 2.72 0.026 72.495
0.880001 2.64 0.026 72.4137
0.890001 2.62 0.026 72.5621
0.900001 2.62 0.026 72.7878
0.910001 2.62 0.027 73.2413
0.920001 2.61 0.027 73.4238
0.930001 2.61 0.028 73.8679
0.940001 2.61 0.028 74.0879
0.950001 2.62 0.031 74.9794
0.960001 2.63 0.032 75.4382
0.970001 2.67 0.034 76.2039
0.980001 2.72 0.036 76.9912
0.990001 2.77 0.041 78.2538
1 2.81 0.042 78.7927
1.01 2.84 0.043 79.2869
1.02 2.89 0.043 79.7045
1.03 2.88 0.046 80.3305
1.04 2.85 0.047 80.5693
1.05 2.81 0.048 80.761
1.06 2.75 0.049 80.8614
1.07 2.7 0.05 80.9948
1.08 2.68 0.051 81.2514
1.09 2.65 0.051 81.3279
1.1 2.58 0.05 81.0873
1.11 2.55 0.05 81.1547
1.12 2.51 0.049 81.036
1.13 2.46 0.048 80.8626
1.14 2.47 0.047 80.9663
1.15 2.47 0.046 81.018
1.16 2.48 0.046 81.2605
1.17 2.55 0.046 81.7818
1.18 2.56 0.045 81.8719
1.19 2.58 0.044 82.0028
1.2 2.58 0.044 82.1938
1.21 2.59 0.044 82.4295
1.22 2.61 0.038 81.7072
1.23 2.62 0.037 81.7563
1.24 2.61 0.037 81.8955
1.25 2.6 0.037 82.0332
1.26 2.6 0.038 82.3977
1.27 2.64 0.041 83.2856
1.28 2.69 0.043 84.0255
1.29 2.78 0.045 84.9282
1.3 2.74 0.048 85.3905
1.31 2.7 0.049 85.5382
1.32 2.62 0.05 85.4924
1.33 2.59 0.052 85.8095
1.34 2.52 0.053 85.7856
1.35 2.48 0.053 85.7653
1.36 2.43 0.052 85.554
1.37 2.32 0.052 85.1585
1.38 2.27 0.052 85.0636
1.39 2.15 0.052 84.5705
1.4 2.1 0.052 84.4525
1.41 2.02 0.052 84.1478
1.42 2.03 0.052 84.3733
1.43 2.03 0.052 84.5381
1.44 2.04 0.053 84.8964
1.45 2.04 0.055 85.3224
1.46 1.98 0.055 85.1189
1.47 1.96 0.056 85.2838
1.48 1.95 0.057 85.5076
1.49 1.94 0.058 85.7283
1.5 1.94 0.059 86.0101
1.51 1.93 0.059 86.1051
1.52 1.92 0.059 86.1987
1.53 1.92 0.059 86.356
1.54 1.92 0.059 86.5125
1.55 1.92 0.059 86.6683
1.56 1.91 0.058 86.6348
1.57 1.92 0.056 86.601
1.58 1.93 0.053 86.4221
1.59 1.95 0.052 86.5651
1.6 1.99 0.052 86.97
1.61 2.04 0.052 87.4327
1.62 2.16 0.052 88.3072
1.63 2.15 0.056 88.946
1.64 2.13 0.058 89.2377
1.65 2.1 0.059 89.3332
1.66 2.1 0.061 89.7319
1.67 2.09 0.063 90.0615
1.68 2.08 0.067 90.6117
1.69 2.07 0.067 90.6984
1.7 2.06 0.067 90.7839
1.71 2.06 0.066 90.8184
1.72 2.06 0.066 90.9657
1.73 2.01 0.064 90.5585
1.74 1.97 0.063 90.3231
1.75 1.87 0.062 89.6715
1.76 1.83 0.061 89.4135
1.77 1.78 0.06 89.0753
1.78 1.69 0.059 88.4271
1.79 1.64 0.056 87.8007
1.8 1.57 0.055 87.2552
1.81 1.54 0.054 87.0143
1.82 1.5 0.051 86.4062
1.83 1.4 0.05 85.5414
1.84 1.37 0.047 84.9657
1.85 1.37 0.044 84.6281
1.86 1.38 0.041 84.3468
1.87 1.39 0.035 83.4546
1.88 1.46 0.033 83.7608
1.89 1.5 0.028 83.0682
1.9 1.54 0.027 83.2538
1.91 1.6 0.025 83.3004
1.92 1.62 0.022 82.6867
1.93 1.68 0.021 82.9194
1.94 1.72 0.019 82.6295
1.95 1.78 0.018 82.7841
1.96 1.89 0.018 83.6208
1.97 1.95 0.015 82.8505
1.98 2 0.014 82.7936
1.99 2.04 0.013 82.6354
2 2.04 0.013 82.7506
2.01 2 0.012 82.081
2.02 1.98 0.012 82.0755
2.03 1.96 0.012 82.0681
2.04 1.92 0.012 81.9367
2.05 1.89 0.012 81.8623
2.06 1.84 0.012 81.6572
2.07 1.76 0.012 81.2455
2.08 1.72 0.012 81.0856
2.09 1.68 0.012 80.9191
2.1 1.67 0.012 80.9569
2.11 1.67 0.012 81.0639
2.12 1.66 0.012 81.1004
2.13 1.67 0.011 80.6905
2.14 1.67 0.01 80.1575
2.15 1.68 0.009 79.6294
2.16 1.69 0.009 79.8003
2.17 1.72 0.009 80.1056
2.18 1.73 0.009 80.275
2.19 1.75 0.01 81.2192
2.2 1.76 0.011 82.0369
2.21 1.76 0.014 83.8051
2.22 1.74 0.014 83.7724
2.23 1.73 0.014 83.8076
2.24 1.71 0.015 84.2537
2.25 1.63 0.016 84.2291
2.26 1.57 0.017 84.303
2.27 1.49 0.017 83.7732
2.28 1.32 0.018 82.8181
2.29 1.28 0.018 82.5523
2.3 1.17 0.018 81.5898
2.31 1.11 0.019 81.4368
2.32 0.990001 0.019 80.2024
2.33 0.940001 0.019 79.7013
2.34 0.880001 0.02 79.38
2.35 0.860001 0.02 79.2115
2.36 0.830001 0.02 78.9006
2.37 0.820001 0.02 78.8557
2.38 0.810001 0.019 78.473
2.39 0.810001 0.019 78.5646
2.4 0.810001 0.019 78.6558
2.41 0.790001 0.019 78.4638
2.42 0.770001 0.019 78.2646
2.43 0.760001 0.019 78.207
2.44 0.75 0.018 77.7964
2.45 0.720001 0.018 77.4285
2.46 0.700001 0.017 76.8361
2.47 0.650001 0.015 75.3179
2.48 0.63 0.015 75.0639
2.49 0.58 0.014 73.8334
2.5 0.57 0.013 73.2776
2.51 0.54 0.013 72.79
2.52 0.53 0.013 72.6747
2.53 0.53 0.011 71.7505
2.54 0.52 0.011 71.6325
2.55 0.52 0.01 71.1444
2.56 0.52 0.009 70.6002
2.57 0.53 0.009 70.8709
2.58 0.54 0.009 71.1387
2.59 0.55 0.009 71.4037
2.6 0.57 0.01 72.4814
2.61 0.6 0.011 73.6787
2.62 0.720001 0.012 76.2693
2.63 0.840001 0.012 78.0638
2.64 1.15 0.012 81.7621
2.65 1.34 0.012 83.6703
2.66 1.55 0.012 85.5324
2.67 1.95 0.011 87.8612
2.68 2.11 0.01 88.2544
2.69 2.34 0.01 89.6719
2.7 2.41 0.009 89.3595
2.71 2.51 0.008 89.0991
2.72 2.53 0.007 88.3059
2.73 2.52 0.008 89.3326
2.74 2.5 0.008 89.3209
2.75 2.45 0.008 89.1516
2.76 2.42 0.01 90.7528
2.77 2.39 0.011 91.403
2.78 2.37 0.012 92.0479
2.79 2.37 0.013 92.7555
2.8 2.39 0.013 92.9602
2.81 2.42 0.012 92.601
2.82 2.6 0.012 93.6551
2.83 2.71 0.011 93.6281
2.84 2.92 0.009 93.1641
2.85 2.99 0.009 93.5738
2.86 3.01 0.008 92.8407
2.87 3.01 0.008 92.9308
2.88 2.96 0.008 92.7966
2.89 2.82 0.008 92.2403
2.9 2.74 0.008 91.947
2.91 2.59 0.008 91.292
2.92 2.54 0.009 92.0203
2.93 2.54 0.01 92.9187
2.94 2.54 0.012 94.4284
2.95 2.56 0.012 94.6244
2.96 2.74 0.012 95.6447
2.97 2.87 0.012 96.3756
2.98 3.17 0.012 97.8567
2.99 3.32 0.011 97.8909
3 3.48 0.011 98.6481
3.01 3.74 0.011 99.7693
3.02 3.85 0.011 100.279
3.03 3.91 0.011 100.595
3.04 3.87 0.011 100.538
3.05 3.82 0.012 101.172
3.06 3.74 0.015 102.847
3.07 3.53 0.015 102.088
3.08 3.42 0.015 101.715
3.09 3.3 0.016 101.83
3.1 3.07 0.016 100.867
3.11 2.95 0.016 100.379
3.12 2.84 0.017 100.426
3.13 2.72 0.018 100.368
3.14 2.72 0.018 100.457
3.15 2.55 0.018 99.6159
3.16 2.48 0.018 99.3049
3.17 2.46 0.017 98.8053
3.18 2.52 0.017 99.2356
3.19 2.59 0.015 98.682
3.2 2.7 0.014 98.7925
3.21 2.69 0.013 98.2179
3.22 2.59 0.013 97.7681
3.23 2.59 0.013 97.8524
3.24 2.44 0.013 97.0988
3.25 2.27 0.013 96.1766
3.26 2.12 0.013 95.3158
3.27 1.98 0.013 94.4631
3.28 1.95 0.013 94.3357
3.29 1.9 0.012 93.4387
3.3 1.89 0.012 93.4465
3.31 1.85 0.012 93.2375
3.32 1.83 0.011 92.4978
3.33 1.79 0.011 92.281
3.34 1.69 0.011 91.5965
3.35 1.64 0.011 91.2771
3.36 1.54 0.011 90.5289
3.37 1.49 0.011 90.1741
3.38 1.46 0.011 89.9845
3.39 1.41 0.01 88.8999
3.4 1.4 0.01 88.8815
3.41 1.39 0.009 88.0868
3.42 1.38 0.009 88.0669
3.43 1.36 0.009 87.9533
3.44 1.3 0.009 87.4545
3.45 1.26 0.009 87.1321
3.46 1.21 0.01 87.4585
3.47 1.1 0.011 87.023
3.48 1.04 0.011 86.392
3.49 0.980001 0.011 85.7243
3.5 0.890001 0.012 85.2254
3.51 0.850001 0.012 84.7301
3.52 0.820001 0.012 84.3595
3.53 0.810001 0.012 84.277
3.54 0.810001 0.012 84.3433
3.55 0.860001 0.01 83.8589
3.56 0.910001 0.01 84.6103
3.57 0.940001 0.009 84.3302
3.58 0.940001 0.009 84.3958
3.59 0.880001 0.009 83.6629
3.6 0.830001 0.01 83.7563
3.61 0.790001 0.01 83.2268
3.62 0.780001 0.01 83.1382
3.63 0.770001 0.01 83.0475
3.64 0.850001 0.009 83.5667
3.65 0.920001 0.009 84.589
3.66 1.02 0.009 85.9206
3.67 1.13 0.009 87.2632
3.68 1.25 0.009 88.6077
3.69 1.27 0.009 88.8775
3.7 1.3 0.009 89.244
3.71 1.39 0.009 90.176
3.72 1.44 0.009 90.7039
3.73 1.47 0.008 90.1537
3.74 1.5 0.008 90.4837
3.75 1.5 0.008 90.5509
3.76 1.48 0.008 90.443
3.77 1.44 0.009 91.0412
3.78 1.4 0.009 90.7394
3.79 1.36 0.009 90.4279
3.8 1.29 0.009 89.8081
3.81 1.27 0.009 89.6718
3.82 1.24 0.009 89.4288
3.83 1.21 0.009 89.1787
3.84 1.21 0.009 89.2434
3.85 1.2 0.009 89.2013
3.86 1.18 0.009 89.0498
3.87 1.13 0.009 88.56
3.88 1.09 0.009 88.1649
3.89 1.06 0.009 87.8741
3.9 1.02 0.009 87.4511
3.91 1 0.01 88.0325
3.92 0.980001 0.01 87.8391
3.93 0.970001 0.01 87.7716
3.94 0.980001 0.01 87.9635
3.95 0.990001 0.01 88.1543
3.96 1 0.01 88.344
3.97 1.02 0.01 88.6585
3.98 1.04 0.009 88.1924
3.99 1.02 0.009 88.0075
4 1 0.009 87.818
4.01 0.950001 0.009 87.2323
4.02 0.920001 0.009 86.8903
4.03 0.890001 0.01 87.2981
4.04 0.810001 0.01 86.1815
4.05 0.780001 0.01 85.7733
4.06 0.75 0.01 85.3487
4.07 0.690001 0.011 85.0596
4.08 0.670001 0.011 84.7579
4.09 0.640001 0.011 84.2579
4.1 0.62 0.011 83.9305
4.11 0.59 0.011 83.3897
4.12 0.57 0.011 83.0327
4.13 0.55 0.011 82.6624
4.14 0.52 0.011 82.0526
4.15 0.51 0.011 81.8784
4.16 0.51 0.011 81.9332
4.17 0.5 0.011 81.7544
4.18 0.49 0.011 81.5712
4.19 0.49 0.011 81.6254
4.2 0.48 0.01 80.7942
4.21 0.47 0.01 80.6029
4.22 0.46 0.01 80.4066
4.23 0.45 0.01 80.2053
4.24 0.43 0.01 79.7343
4.25 0.42 0.01 79.5166
4.26 0.42 0.01 79.5686
4.27 0.42 0.01 79.6205
4.28 0.43 0.01 79.9427
4.29 0.47 0.01 81.0258
4.3 0.49 0.01 81.5662
4.31 0.54 0.01 82.7689
4.32 0.57 0.01 83.4696
4.33 0.59 0.01 83.9391
4.34 0.59 0.01 83.9929
4.35 0.58 0.01 83.84
4.36 0.59 0.01 84.1004
4.37 0.61 0.01 84.5589
4.38 0.640001 0.01 85.1996
4.39 0.680001 0.01 86.0012
4.4 0.780001 0.01 87.7727
4.41 0.860001 0.009 88.2943
4.42 0.950001 0.009 89.6253
4.43 1.15 0.009 92.1832
4.44 1.23 0.009 93.1386
4.45 1.34 0.008 93.4334
4.46 1.35 0.008 93.5919
4.47 1.34 0.009 94.4712
4.48 1.31 0.009 94.2222
4.49 1.23 0.009 93.429
4.5 1.16 0.01 93.5175
4.51 1.09 0.011 93.4786
4.52 0.940001 0.012 92.2284
4.53 0.890001 0.012 91.5616
4.54 0.790001 0.013 90.6604
4.55 0.760001 0.013 90.2116
4.56 0.800001 0.013 90.9359
4.57 0.850001 0.013 91.7891
4.58 0.950001 0.013 93.3278
4.59 1.09 0.013 95.2514
4.6 1.21 0.013 96.7533
4.61 1.24 0.013 97.1537
4.62 1.21 0.013 96.8701
4.63 1.06 0.013 95.0985
4.64 0.980001 0.013 94.0863
4.65 0.900001 0.013 92.9953
4.66 0.770001 0.013 90.9838
4.67 0.710001 0.013 89.9807
4.68 0.6 0.013 87.878
4.69 0.55 0.013 86.8353
4.7 0.53 0.013 86.4245
4.71 0.54 0.013 86.7087
4.72 0.54 0.012 86.1839
4.73 0.56 0.012 86.6874
4.74 0.59 0.012 87.3926
4.75 0.59 0.011 86.8131
4.76 0.59 0.011 86.8639
4.77 0.56 0.011 86.2639
4.78 0.56 0.011 86.3141
4.79 0.56 0.011 86.3643
4.8 0.57 0.011 86.6349
4.81 0.56 0.011 86.4644
4.82 0.54 0.011 86.0624
4.83 0.54 0.01 85.4319
4.84 0.53 0.01 85.2512
4.85 0.54 0.01 85.5301
4.86 0.55 0.01 85.8055
4.87 0.57 0.009 85.5441
4.88 0.6 0.009 86.2274
4.89 0.62 0.009 86.6848
4.9 0.62 0.009 86.7341
4.91 0.650001 0.009 87.3758
4.92 0.660001 0.009 87.6176
4.93 0.660001 0.009 87.6671
4.94 0.680001 0.009 88.0944
4.95 0.770001 0.009 89.7358
4.96 0.820001 0.009 90.6033
4.97 0.790001 0.009 90.1688
4.98 0.820001 0.01 91.5033
4.99 0.830001 0.01 91.7143
5 0.790001 0.011 91.8404
5.01 0.700001 0.011 90.3048
5.02 0.690001 0.012 90.823
5.03 0.690001 0.012 90.8732
5.04 0.700001 0.014 92.2881
5.05 0.710001 0.014 92.5277
5.06 0.740001 0.014 93.132
5.07 1 0.014 97.3123
5.08 1.23 0.013 99.6952
5.09 1.81 0.012 104.756
5.1 2.1 0.011 106.308
5.11 2.33 0.01 107.117
5.12 2.57 0.01 108.699
5.13 2.59 0.01 108.879
5.14 2.58 0.01 108.878
5.15 2.59 0.01 108.997
5.16 2.6 0.011 109.985
5.17 2.62 0.014 112.399
5.18 2.7 0.015 113.598
5.19 2.83 0.015 114.431
5.2 3.2 0.015 116.536
5.21 3.47 0.015 117.966
5.22 3.76 0.013 117.988
5.23 4.41 0.013 120.793
5.24 4.69 0.012 121.124
5.25 4.93 0.012 122.062
5.26 5.19 0.013 123.856
5.27 5.2 0.013 123.956
5.28 5.2 0.013 124.021
5.29 5.1 0.014 124.505
5.3 5 0.016 125.603
5.31 4.93 0.016 125.414
5.32 4.89 0.016 125.333
5.33 4.87 0.016 125.324
5.34 4.85 0.017 125.949
5.35 4.84 0.017 125.977
5.36 4.84 0.017 126.042
5.37 4.79 0.017 125.919
5.38 4.73 0.017 125.756
5.39 4.53 0.017 125.041
5.4 4.47 0.018 125.46
5.41 4.44 0.018 125.403
5.42 4.41 0.019 125.91
5.43 4.36 0.019 125.768
5.44 4.27 0.019 125.455
5.45 4.23 0.019 125.349
5.46 4.14 0.019 125.025
5.47 4.07 0.019 124.782
5.48 4 0.019 124.534
5.49 3.91 0.019 124.189
5.5 3.87 0.019 124.068
5.51 3.82 0.019 123.899
5.52 3.82 0.019 123.961
5.53 3.83 0.019 124.07
5.54 3.83 0.018 123.576
5.55 3.91 0.017 123.418
5.56 3.98 0.016 123.173
5.57 4.08 0.015 123.013
5.58 4.15 0.014 122.67
5.59 4.2 0.013 122.187
5.6 4.22 0.013 122.332
5.61 4.2 0.013 122.309
5.62 4.2 0.013 122.369
5.63 4.2 0.014 123.187
5.64 4.2 0.015 123.957
5.65 4.33 0.015 124.564
5.66 4.42 0.015 124.995
5.67 4.55 0.015 125.579
5.68 4.71 0.015 126.268
5.69 4.86 0.015 126.901
5.7 5.05 0.015 127.666
5.71 5.09 0.015 127.874
5.72 5.09 0.015 127.936
5.73 5.11 0.017 129.411
5.74 5.13 0.018 130.164
5.75 5.17 0.018 130.373
5.76 5.26 0.018 130.76
5.77 5.37 0.018 131.214
5.78 5.5 0.018 131.73
5.79 5.8 0.018 132.805
5.8 5.91 0.018 133.229
5.81 5.99 0.018 133.551
5.82 6.04 0.018 133.775
5.83 6.05 0.018 133.871
5.84 5.98 0.018 133.71
5.85 5.7 0.017 132.223
5.86 5.56 0.017 131.813
5.87 5.42 0.018 132.018
5.88 5.26 0.018 131.512
5.89 5.15 0.019 131.766
5.9 4.93 0.02 131.562
5.91 4.84 0.021 131.809
5.92 4.8 0.022 132.224
5.93 4.84 0.022 132.445
5.94 4.88 0.022 132.664
5.95 4.97 0.022 133.076
5.96 5.04 0.02 132.352
5.97 5.08 0.019 132
5.98 5.08 0.018 131.469
5.99 5.05 0.017 130.795
6 4.96 0.016 129.86
6.01 4.93 0.016 129.807
6.02 4.87 0.016 129.638
6.03 4.8 0.016 129.428
6.04 4.63 0.017 129.468
6.05 4.55 0.017 129.203
6.06 4.55 0.017 129.262
6.07 4.55 0.017 129.322
6.08 4.55 0.017 129.381
6.09 4.62 0.017 129.725
6.1 4.66 0.017 129.945
6.11 4.71 0.016 129.549
6.12 4.76 0.015 129.11
6.13 4.82 0.014 128.661
6.14 4.83 0.014 128.758
6.15 4.74 0.014 128.468
6.16 4.63 0.014 128.092
6.17 4.5 0.015 128.36
6.18 4.38 0.015 127.919
6.19 4.25 0.017 128.757
6.2 4.1 0.017 128.15
6.21 4.08 0.017 128.117
6.22 4.07 0.016 127.484
6.23 4.07 0.017 128.186
6.24 4.04 0.017 128.107
6.25 3.98 0.018 128.497
6.26 3.97 0.02 129.639
6.27 3.98 0.022 130.777
6.28 4 0.026 132.762
6.29 4.17 0.029 134.839
6.3 4.28 0.032 136.518
6.31 4.42 0.032 137.213
6.32 4.73 0.033 138.975
6.33 4.81 0.037 140.706
6.34 4.9 0.039 141.763
6.35 4.8 0.043 142.558
6.36 4.4 0.046 141.637
6.37 4.16 0.049 141.3
6.38 3.92 0.052 140.852
6.39 3.42 0.052 138.171
6.4 3.11 0.05 135.909
6.41 2.53 0.049 131.764
6.42 2.32 0.048 129.964
6.43 2.12 0.048 128.343
6.44 1.94 0.047 126.547
6.45 1.67 0.045 123.451
6.46 1.68 0.043 123.144
6.47 1.69 0.041 122.814
6.48 1.72 0.033 120.974
6.49 1.78 0.03 120.664
6.5 1.81 0.027 119.951
6.51 1.79 0.024 118.642
6.52 1.69 0.024 117.714
6.53 1.62 0.021 115.756
6.54 1.55 0.021 115.071
6.55 1.43 0.021 113.792
6.56 1.34 0.02 112.322
6.57 1.18 0.02 110.331
6.58 1.16 0.021 110.554
6.59 1.14 0.021 110.324
6.6 1.11 0.022 110.374
6.61 1.11 0.023 110.83
6.62 1.12 0.023 111.02
6.63 1.13 0.023 111.208
6.64 1.17 0.023 111.814
6.65 1.21 0.023 112.403
6.66 1.26 0.023 113.108
6.67 1.28 0.022 112.993
6.68 1.24 0.022 112.525
6.69 1.19 0.02 111.022
6.7 1.13 0.02 110.244
6.71 1 0.02 108.366
6.72 0.960001 0.02 107.775
6.73 0.940001 0.019 107.036
6.74 0.930001 0.019 106.915
6.75 0.930001 0.018 106.479
6.76 0.940001 0.017 106.181
6.77 0.940001 0.016 105.69
6.78 0.940001 0.016 105.734
6.79 0.950001 0.015 105.371
6.8 0.960001 0.015 105.573
6.81 0.960001 0.015 105.616
6.82 0.940001 0.015 105.339
6.83 0.940001 0.015 105.382
6.84 0.940001 0.015 105.425
6.85 0.950001 0.016 106.198
6.86 0.960001 0.017 106.939
6.87 0.970001 0.017 107.142
6.88 0.970001 0.018 107.696
6.89 0.940001 0.019 107.737
6.9 0.920001 0.018 106.965
6.91 0.930001 0.019 107.658
6.92 0.920001 0.02 107.994
6.93 0.920001 0.023 109.301
6.94 0.920001 0.024 109.732
6.95 0.930001 0.024 109.947
6.96 0.930001 0.024 109.991
6.97 0.970001 0.023 110.313
6.98 0.980001 0.023 110.52
6.99 0.990001 0.022 110.317
7 1.01 0.021 110.252
7.01 1.01 0.02 109.849
7.02 1 0.02 109.735
7.03 0.990001 0.02 109.62
7.04 0.960001 0.02 109.178
7.05 0.900001 0.019 107.75
7.06 0.890001 0.018 107.136
7.07 0.840001 0.017 105.785
7.08 0.820001 0.016 104.93
7.09 0.810001 0.015 104.225
7.1 0.75 0.015 103.116
7.11 0.710001 0.014 101.76
7.12 0.680001 0.014 101.169
7.13 0.63 0.014 100.101
7.14 0.62 0.013 99.2957
7.15 0.61 0.013 99.102
7.16 0.59 0.013 98.6658
7.17 0.58 0.013 98.4614
7.18 0.58 0.013 98.4995
7.19 0.58 0.012 97.8836
7.2 0.58 0.012 97.9215
7.21 0.62 0.012 98.9045
7.22 0.640001 0.012 99.396
7.23 0.660001 0.012 99.8759
7.24 0.670001 0.012 100.131
7.25 0.670001 0.011 99.4467
7.26 0.680001 0.011 99.6973
7.27 0.700001 0.011 100.153
7.28 0.730001 0.011 100.798
7.29 0.760001 0.011 101.423
7.3 0.890001 0.011 103.795
7.31 0.990001 0.011 105.439
7.32 1.27 0.011 109.331
7.33 1.43 0.01 110.379
7.34 1.83 0.01 114.413
7.35 2.09 0.01 116.667
7.36 2.34 0.01 118.625
7.37 2.81 0.01 121.839
7.38 3.01 0.01 123.098
7.39 3.38 0.009 124.125
7.4 3.51 0.009 124.848
7.41 3.61 0.009 125.401
7.42 3.71 0.009 125.943
7.43 3.72 0.01 127.148
7.44 3.74 0.012 129.24
7.45 3.75 0.013 130.202
7.46 3.74 0.013 130.201
7.47 3.71 0.016 132.365
7.48 3.6 0.021 134.859
7.49 3.57 0.021 134.746
7.5 3.57 0.021 134.796
7.51 3.62 0.021 135.117
7.52 3.66 0.021 135.381
7.53 3.98 0.021 137.075
7.54 4.16 0.021 138.002
7.55 4.52 0.019 138.554
7.56 4.63 0.016 137.111
7.57 4.72 0.017 138.238
7.58 4.91 0.017 139.077
7.59 5.03 0.017 139.612
7.6 5.36 0.019 142.258
7.61 5.52 0.021 144.109
7.62 5.78 0.022 145.683
7.63 5.87 0.023 146.602
7.64 5.91 0.024 147.319
7.65 5.95 0.026 148.502
7.66 5.93 0.026 148.484
7.67 5.92 0.026 148.502
7.68 5.85 0.026 148.301
7.69 5.8 0.024 147.188
7.7 5.63 0.023 146.094
7.71 5.58 0.02 144.271
7.72 5.49 0.02 143.986
7.73 5.44 0.018 142.593
7.74 5.39 0.018 142.454
7.75 5.29 0.018 142.122
7.76 5.22 0.019 142.54
7.77 5.1 0.019 142.114
7.78 5.02 0.02 142.448
7.79 4.96 0.02 142.253
7.8 4.81 0.021 142.252
7.81 4.71 0.021 141.873
7.82 4.51 0.021 141.039
7.83 4.41 0.023 141.703
7.84 4.24 0.024 141.453
7.85 4.15 0.028 142.887
7.86 4.06 0.028 142.487
7.87 3.87 0.028 141.557
7.88 3.77 0.028 141.075
7.89 3.71 0.026 139.933
7.9 3.58 0.025 138.812
7.91 3.5 0.024 137.94
7.92 3.32 0.025 137.409
7.93 3.21 0.025 136.792
7.94 3.08 0.025 136.028
7.95 2.86 0.024 134.175
7.96 2.78 0.024 133.674
7.97 2.59 0.024 132.365
7.98 2.51 0.024 131.814
7.99 2.38 0.024 130.854
8 2.32 0.024 130.419
8.01 2.26 0.025 130.415
8.02 2.09 0.026 129.421
8.03 2.01 0.026 128.74
8.04 1.9 0.026 127.745
8.05 1.89 0.026 127.693
8.06 1.87 0.026 127.541
8.07 1.9 0.026 127.878
8.08 1.87 0.026 127.629
8.09 1.71 0.025 125.628
8.1 1.6 0.025 124.474
8.11 1.5 0.025 123.365
8.12 1.34 0.026 121.816
8.13 1.28 0.026 121.056
8.14 1.26 0.027 121.203
8.15 1.27 0.028 121.751
8.16 1.28 0.028 121.93
8.17 1.3 0.028 122.244
8.18 1.31 0.028 122.42
8.19 1.34 0.029 123.221
8.2 1.32 0.029 122.996
8.21 1.28 0.029 122.494
8.22 1.22 0.029 121.691
8.23 1.19 0.028 120.943
8.24 1.16 0.028 120.54
8.25 1.15 0.027 120.067
8.26 1.18 0.026 120.175
8.27 1.2 0.027 120.886
8.28 1.21 0.027 121.071
8.29 1.21 0.027 121.112
8.3 1.21 0.027 121.152
8.31 1.2 0.027 121.048
8.32 1.19 0.026 120.564
8.33 1.19 0.026 120.604
8.34 1.19 0.026 120.644
8.35 1.16 0.026 120.242
8.36 1.15 0.025 119.74
8.37 1.11 0.022 117.91
8.38 1.1 0.021 117.341
8.39 1.1 0.02 116.904
8.4 1.07 0.02 116.478
8.41 1.04 0.018 115.028
8.42 0.950001 0.017 113.037
8.43 0.920001 0.017 112.553
8.44 0.870001 0.017 111.688
8.45 0.880001 0.017 111.908
8.46 0.880001 0.017 111.945
8.47 0.900001 0.017 112.345
8.48 0.970001 0.017 113.601
8.49 0.980001 0.017 113.806
8.5 0.980001 0.017 113.843
8.51 0.970001 0.017 113.712
8.52 0.940001 0.017 113.236
8.53 0.890001 0.017 112.385
8.54 0.880001 0.017 112.239
8.55 0.880001 0.018 112.81
8.56 0.900001 0.019 113.723
8.57 0.930001 0.021 115.254
8.58 0.980001 0.023 117.047
8.59 1.14 0.023 119.662
8.6 1.25 0.024 121.73
8.61 1.41 0.023 123.462
8.62 1.89 0.023 128.824
8.63 2.27 0.022 131.821
8.64 3.25 0.02 137.761
8.65 3.8 0.02 140.943
8.66 4.86 0.02 146.073
8.67 5.29 0.02 147.914
8.68 5.92 0.02 150.379
8.69 6.1 0.02 151.077
8.7 6.21 0.02 151.515
8.71 6.37 0.022 153.331
8.72 6.46 0.022 153.69
8.73 6.62 0.022 154.281
8.74 6.69 0.022 154.564
8.75 6.81 0.023 155.584
8.76 6.82 0.023 155.666
8.77 6.79 0.023 155.617
8.78 6.74 0.023 155.501
8.79 6.68 0.023 155.35
8.8 6.51 0.025 155.901
8.81 6.42 0.026 156.146
8.82 6.31 0.027 156.297
8.83 6.28 0.027 156.239
8.84 6.27 0.027 156.253
8.85 6.28 0.027 156.338
8.86 6.26 0.027 156.315
8.87 6.27 0.028 156.874
8.88 6.28 0.028 156.959
8.89 6.31 0.028 157.116
8.9 6.38 0.027 156.939
8.91 6.44 0.026 156.707
8.92 6.47 0.025 156.35
8.93 6.4 0.025 156.154
8.94 6.1 0.025 155.126
8.95 5.9 0.025 154.432
8.96 5.57 0.025 153.204
8.97 5.44 0.025 152.732
8.98 5.41 0.025 152.657
8.99 5.4 0.025 152.664
9 5.46 0.025 152.954
9.01 5.52 0.025 153.243
9.02 5.55 0.024 152.889
9.03 5.65 0.023 152.788
9.04 5.68 0.023 152.952
9.05 5.72 0.023 153.154
9.06 5.69 0.023 153.085
9.07 5.63 0.023 152.898
9.08 5.49 0.023 152.391
9.09 5.45 0.023 152.277
9.1 5.42 0.023 152.203
9.11 5.41 0.022 151.647
9.12 5.48 0.022 151.974
9.13 5.54 0.022 152.259
9.14 5.62 0.022 152.62
9.15 5.78 0.021 152.693
9.16 5.85 0.021 153.004
9.17 5.89 0.021 153.201
9.18 5.89 0.021 153.248
9.19 5.86 0.021 153.181
9.2 5.82 0.02 152.456
9.21 5.77 0.021 152.933
9.22 5.57 0.021 152.204
9.23 5.48 0.022 152.482
9.24 5.28 0.024 152.816
9.25 5.19 0.024 152.484
9.26 5.13 0.025 152.792
9.27 4.96 0.026 152.595
9.28 4.8 0.028 152.862
9.29 4.5 0.03 152.365
9.3 4.35 0.035 153.626
9.31 4.11 0.035 152.421
9.32 4.02 0.035 151.981
9.33 3.88 0.034 150.888
9.34 3.86 0.032 150.062
9.35 3.86 0.031 149.711
9.36 3.92 0.03 149.679
9.37 3.99 0.03 150.106
9.38 4.08 0.025 148.366
9.39 4.38 0.022 148.348
9.4 4.52 0.02 147.888
9.41 4.73 0.019 148.268
9.42 4.79 0.019 148.581
9.43 4.79 0.019 148.625
9.44 4.74 0.02 149.08
9.45 4.51 0.023 149.791
9.46 4.36 0.027 151.109
9.47 4.17 0.029 151.083
9.48 3.82 0.03 149.653
9.49 3.64 0.03 148.66
9.5 3.3 0.032 147.407
9.51 3.26 0.032 147.192
9.52 3.21 0.031 146.52
9.53 3.13 0.031 146.031
9.54 2.98 0.029 144.242
9.55 2.98 0.028 143.863
9.56 3.02 0.027 143.746
9.57 3.06 0.024 142.656
9.58 3.95 0.022 146.973
9.59 4.35 0.019 147.265
9.6 4.58 0.018 147.738
9.61 4.64 0.018 148.058
9.62 4.41 0.018 147.021
9.63 4.22 0.018 146.133
9.64 3.98 0.019 145.602
9.65 3.73 0.019 144.29
9.66 3.46 0.021 143.972
9.67 2.93 0.022 141.151
9.68 2.71 0.022 139.614
9.69 2.5 0.022 138.041
9.7 2.13 0.022 134.933
9.71 1.99 0.019 132.036
9.72 1.99 0.015 129.501
9.73 1.99 0.015 129.539
9.74 2.08 0.015 130.403
9.75 2.18 0.015 131.326
9.76 2.23 0.015 131.793
9.77 2.23 0.015 131.83
9.78 2.17 0.016 132.058
9.79 2.15 0.017 132.587
9.8 2.13 0.017 132.446
9.81 2.14 0.017 132.573
9.82 2.14 0.017 132.61
9.83 2.17 0.018 133.548
9.84 2.31 0.018 134.794
9.85 2.49 0.02 137.496
9.86 2.73 0.021 139.937
9.87 2.77 0.022 140.814
9.88 2.85 0.022 141.432
9.89 2.95 0.021 141.627
9.9 3.34 0.02 143.638
9.91 3.67 0.016 142.962
9.92 4.11 0.015 144.575
9.93 4.61 0.014 146.184
9.94 5.05 0.013 147.247
9.95 4.91 0 0
9.96 4.65 0 0
9.97 4.31 0 0
9.98 3.68 0 0
9.99 3.34 0 0
10 3.03 0 0
10.01 2.77 0 0
