0.02 0.5778 0 0
0.03 0.6829 0.0019 18.7412
0.04 0.7435 0.0038 21.7717
0.05 0.796 0.0075 24.7553
0.06 0.9495 0.015 28.2979
0.07 1.099 0.0222 31.1656
0.08 1.2929 0.0258 33.5266
0.09 1.3616 0.0263 34.9575
0.1 1.4141 0.0265 36.216
0.11 1.4626 0.0265 37.3695
0.12 1.4787 0.0265 38.3448
0.13 1.4868 0.0263 39.2138
0.14 1.4787 0.0259 39.9476
0.15 1.4141 0.0254 40.3945
0.16 1.4141 0.025 41.0715
0.17 1.3414 0.0252 41.4808
0.18 1.3171 0.0231 41.7312
0.19 1.2888 0.022 42.0598
0.2 1.2686 0.0215 42.4856
0.21 1.2525 0.0211 42.9195
0.22 1.2363 0.0206 43.3103
0.23 1.2323 0.0205 43.8106
0.24 1.2161 0.0204 44.2296
0.25 1.1838 0.0204 44.5614
0.26 1.1636 0.0204 44.9384
0.27 1.1596 0.0204 45.3898
0.28 1.1515 0.0205 45.8234
0.29 1.1353 0.0214 46.3437
0.3 1.0949 0.0227 46.768
0.31 1.0747 0.0243 47.3374
0.32 1.0505 0.0271 48.0345
0.33 1.006 0.0271 48.1462
0.34 1.0141 0.0303 49.057
0.35 0.9939 0.0313 49.4442
0.36 0.9778 0.0344 50.1081
0.37 0.9616 0.0346 50.3942
0.38 0.9495 0.0348 50.701
0.39 0.9212 0.0348 50.8464
0.4 0.9212 0.0349 51.2178
0.41 0.9192 0.0356 51.6397
0.42 0.9172 0.0362 52.0428
0.43 0.9172 0.0372 52.5032
0.44 0.9131 0.0383 52.934
0.45 0.8586 0.0383 52.7957
0.46 0.804 0.0435 53.1794
0.47 0.7982 0.0445 53.5437
0.48 0.7956 0.0466 54.0397
0.49 0.7968 0.0477 54.4677
0.5 0.798 0.0498 54.9831
0.51 0.8121 0.05 55.4447
0.52 0.8121 0.051 55.8368
0.53 0.9091 0.051 57.0527
0.54 0.9252 0.0546 57.8223
0.55 0.9697 0.0571 58.7309
0.56 0.9697 0.0579 59.0942
0.57 0.9727 0.0585 59.4631
0.58 0.9757 0.0584 59.7693
0.59 0.9818 0.0585 60.1165
0.6 0.9818 0.0583 60.3808
0.61 0.9818 0.0581 60.6415
0.62 0.9576 0.0577 60.6629
0.63 0.9454 0.0553 60.6063
0.64 0.9091 0.0553 60.53
0.65 0.8727 0.054 60.3153
0.66 0.804 0.0537 59.8331
0.67 0.7879 0.0529 59.8343
0.68 0.7556 0.0513 59.5677
0.69 0.7192 0.0497 59.2299
0.7 0.6424 0.0497 58.5081
0.71 0.6424 0.0424 57.968
0.72 0.5859 0.0401 57.1616
0.73 0.5616 0.0372 56.6772
0.74 0.5091 0.0339 55.6617
0.75 0.499 0.0271 54.6807
0.76 0.494 0.0245 54.345
0.77 0.492 0.0217 53.9633
0.78 0.4915 0.0217 54.1493
0.79 0.4922 0.0156 52.8804
0.8 0.493 0.0141 52.6334
0.81 0.5172 0.0127 52.7206
0.82 0.5697 0.0116 53.2395
0.83 0.594 0.0115 53.7028
0.84 0.6344 0.0116 54.4341
0.85 0.6344 0.0116 54.6134
0.86 0.7152 0.0122 55.9798
0.87 0.7677 0.0151 57.7514
0.88 0.8323 0.0187 59.6653
0.89 0.9333 0.0187 60.8483
0.9 1.0666 0.0287 64.48
0.91 1.4424 0.0294 67.6871
0.92 1.6484 0.0302 69.3656
0.93 1.8342 0.0324 71.0673
0.94 2.1615 0.0367 73.745
0.95 2.2625 0.0409 75.1244
0.96 2.2625 0.0513 76.7771
0.97 2.3917 0.0577 78.3798
0.98 2.4604 0.0645 79.6597
0.99 2.7634 0.0766 82.4025
1 3.0098 0.0811 84.0539
1.01 3.1512 0.0811 84.8458
1.02 3.3128 0.0878 86.2612
1.03 3.434 0.0944 87.4701
1.04 3.4623 0.0981 88.0904
1.05 3.4785 0.0991 88.459
1.06 3.535 0.1 88.9654
1.07 3.5754 0.1019 89.484
1.08 3.5754 0.1028 89.7814
1.09 3.5795 0.1025 90.0047
1.1 3.4744 0.1023 89.8325
1.11 3.4461 0.1018 89.9161
1.12 3.43 0.1011 90.0281
1.13 3.3977 0.0997 90.0235
1.14 3.2199 0.0981 89.428
1.15 3.127 0.0953 89.0535
1.16 3.127 0.0953 89.2681
1.17 2.8402 0.0926 88.0395
1.18 2.723 0.09 87.5066
1.19 2.622 0.0889 87.1468
1.2 2.5574 0.0882 86.9794
1.21 2.5259 0.087 86.9257
1.22 2.5131 0.087 87.0611
1.23 2.513 0.0857 87.1492
1.24 2.5332 0.0844 87.3352
1.25 2.5533 0.0846 87.6473
1.26 2.5937 0.0839 87.9797
1.27 2.6301 0.0829 88.2623
1.28 2.6624 0.082 88.5301
1.29 2.6624 0.0821 88.7308
1.3 2.6826 0.0819 89.0003
1.31 2.6099 0.0818 88.8289
1.32 2.5614 0.0813 88.7315
1.33 2.4887 0.0813 88.5499
1.34 2.4281 0.0805 88.3474
1.35 2.2948 0.0805 87.8133
1.36 2.2382 0.0784 87.4851
1.37 2.1493 0.0755 86.8805
1.38 2.113 0.0713 86.4305
1.39 2.0605 0.0692 86.0765
1.4 2.0605 0.0669 86.006
1.41 2.0546 0.0619 85.5859
1.42 2.0556 0.0595 85.4785
1.43 2.0566 0.057 85.3461
1.44 2.0766 0.0515 84.911
1.45 2.0645 0.0462 84.2383
1.46 2.0079 0.0437 83.6741
1.47 1.9595 0.0431 83.4429
1.48 1.8827 0.0429 83.0882
1.49 1.8302 0.0437 83.0331
1.5 1.7817 0.0444 82.9762
1.51 1.6565 0.0464 82.5641
1.52 1.6262 0.0489 82.8571
1.53 1.5959 0.0505 83.0058
1.54 1.5927 0.0511 83.214
1.55 1.5913 0.0511 83.3533
1.56 1.6077 0.0511 83.6259
1.57 1.6241 0.0511 83.8971
1.58 1.6807 0.0498 84.28
1.59 1.713 0.0447 83.9021
1.6 1.7373 0.0447 84.2191
1.61 1.7413 0.0379 83.2423
1.62 1.7494 0.0359 83.0659
1.63 1.7211 0.0329 82.4124
1.64 1.7069 0.0308 82.003
1.65 1.7108 0.0282 81.568
1.66 1.7146 0.0239 80.6139
1.67 1.7234 0.0224 80.3736
1.68 1.7413 0.0224 80.627
1.69 1.7413 0.0224 80.7601
1.7 1.7251 0.0224 80.7838
1.71 1.6928 0.0232 80.9317
1.72 1.6443 0.024 80.9524
1.73 1.5191 0.0239 80.1357
1.74 1.4747 0.0238 79.8942
1.75 1.4747 0.0236 79.9654
1.76 1.3454 0.0231 78.9001
1.77 1.309 0.0231 78.713
1.78 1.2767 0.0232 78.5814
1.79 1.2727 0.0233 78.6965
1.8 1.2646 0.024 78.9402
1.81 1.2565 0.0259 79.4911
1.82 1.2582 0.0277 80.0748
1.83 1.2599 0.0336 81.5115
1.84 1.2636 0.0336 81.6696
1.85 1.2808 0.0379 82.7774
1.86 1.3252 0.0385 83.4183
1.87 1.3333 0.044 84.5502
1.88 1.3454 0.0463 85.1461
1.89 1.3656 0.047 85.5617
1.9 1.3898 0.0468 85.8738
1.91 1.3898 0.0467 85.984
1.92 1.3373 0.0466 85.6174
1.93 1.305 0.0466 85.4398
1.94 1.2323 0.0466 84.8593
1.95 1.2121 0.0467 84.7938
1.96 1.1838 0.0465 84.5959
1.97 1.1459 0.0464 84.3045
1.98 1.1315 0.0461 84.2242
1.99 1.1375 0.0455 84.3146
2 1.1434 0.045 84.4174
2.01 1.204 0.045 85.1655
2.02 1.2646 0.045 85.8883
2.03 1.2282 0.0451 85.6612
2.04 1.1878 0.0454 85.4132
2.05 1.1878 0.0456 85.5607
2.06 1.0747 0.0456 84.4509
2.07 1.0744 0.0456 84.5612
2.08 1.0746 0.0457 84.6923
2.09 1.0747 0.0457 84.8064
2.1 1.0747 0.0458 84.9345
2.11 1.1313 0.0458 85.6777
2.12 1.1636 0.0455 86.0917
2.13 1.1232 0.0453 85.7355
2.14 1.1207 0.0447 85.7245
2.15 1.1221 0.0445 85.8191
2.16 1.1236 0.0446 85.9624
2.17 1.1272 0.0446 86.1125
2.18 1.1474 0.0446 86.4435
2.19 1.1515 0.0446 86.598
2.2 1.1515 0.0446 86.7078
2.21 1.1272 0.0435 86.3713
2.22 1.0707 0.0434 85.8253
2.23 1.0704 0.0432 85.8961
2.24 1.0705 0.0431 85.9876
2.25 1.0707 0.0412 85.7741
2.26 1.0868 0.0399 85.8354
2.27 1.103 0.0387 85.9056
2.28 1.1232 0.0385 86.1985
2.29 1.1111 0.0374 85.9614
2.3 1.0666 0.0359 85.2696
2.31 1.0384 0.0337 84.5975
2.32 1.0222 0.0328 84.3174
2.33 0.9899 0.0323 83.9216
2.34 0.9576 0.0319 83.5345
2.35 0.9374 0.0319 83.3772
2.36 0.8889 0.0319 82.8395
2.37 0.8869 0.0296 82.3955
2.38 0.889 0.0284 82.2364
2.39 0.8912 0.0279 82.24
2.4 0.8965 0.0278 82.3812
2.41 0.9081 0.0277 82.6046
2.42 0.9333 0.0277 83.0263
2.43 0.9495 0.0261 82.9163
2.44 0.9737 0.0248 82.9591
2.45 0.9778 0.0242 82.9345
2.46 0.9616 0.0225 82.3286
2.47 0.9616 0.0219 82.2363
2.48 0.897 0.0216 81.4149
2.49 0.8768 0.0213 81.1447
2.5 0.8202 0.0213 80.4583
2.51 0.7838 0.0212 79.9915
2.52 0.7435 0.0198 79.0231
2.53 0.7091 0.018 77.9518
2.54 0.6748 0.0171 77.1522
2.55 0.6733 0.0164 76.9437
2.56 0.6717 0.0158 76.7627
2.57 0.6748 0.015 76.5652
2.58 0.6707 0.0133 75.8181
2.59 0.6505 0.0129 75.3744
2.6 0.6263 0.0129 75.0444
2.61 0.624 0.0124 74.8382
2.62 0.6274 0.0124 74.9764
2.63 0.6308 0.0122 75.0127
2.64 0.6384 0.0121 75.17
2.65 0.6384 0.0122 75.3006
2.66 0.6505 0.0122 75.5836
2.67 0.6505 0.0125 75.8156
2.68 0.6626 0.0141 76.8625
2.69 0.6707 0.0151 77.5175
2.7 0.6869 0.0158 78.1588
2.71 0.699 0.0169 78.8766
2.72 0.7192 0.0181 79.7358
2.73 0.7192 0.02 80.4828
2.74 0.7354 0.0218 81.4051
2.75 0.7838 0.0229 82.5764
2.76 0.8081 0.0245 83.4919
2.77 0.8485 0.026 84.5822
2.78 0.8889 0.0279 85.7376
2.79 0.9535 0.0287 86.8988
2.8 0.9899 0.0294 87.6313
2.81 1.0303 0.03 88.3734
2.82 1.0707 0.0305 89.0744
2.83 1.1192 0.0309 89.8301
2.84 1.1636 0.0305 90.3254
2.85 1.1636 0.0325 90.8927
2.86 1.1313 0.0347 91.1084
2.87 1.0747 0.0385 91.3113
2.88 1.0489 0.0385 91.0804
2.89 1.0533 0.0384 91.2035
2.9 1.0577 0.0382 91.3062
2.91 1.0747 0.0376 91.4831
2.92 1.1798 0.0373 92.7472
2.93 1.2888 0.0375 94.0661
2.94 1.41 0.0377 95.424
2.95 1.4383 0.0382 95.8929
2.96 1.4383 0.0371 95.7501
2.97 1.3292 0.0359 94.4985
2.98 1.304 0.0328 93.6204
2.99 1.3018 0.0329 93.7086
3 1.3034 0.0331 93.8595
3.01 1.305 0.0336 94.0803
3.02 1.3535 0.0362 95.252
3.03 1.4181 0.0357 95.8709
3.04 1.511 0.0372 97.1717
3.05 1.6928 0.0419 99.8483
3.06 1.7696 0.048 101.724
3.07 1.7858 0.0482 101.985
3.08 1.8019 0.0483 102.227
3.09 1.911 0.048 103.135
3.1 1.8948 0.0478 103.066
3.11 1.915 0.0459 102.968
3.12 1.9352 0.0421 102.476
3.13 1.9837 0.0387 102.215
3.14 1.8948 0.0357 100.952
3.15 1.7615 0.0298 98.4941
3.16 1.612 0.0296 97.2754
3.17 1.4747 0.0296 96.1207
3.18 1.3656 0.0222 92.8957
3.19 1.1798 0.0222 91.0392
3.2 1.1111 0.0223 90.3685
3.21 1.0626 0.0225 89.9342
3.22 0.9374 0.0231 88.5955
3.23 0.9252 0.0246 88.9692
3.24 0.9336 0.0261 89.6019
3.25 0.9419 0.0261 89.793
3.26 0.9616 0.0262 90.1667
3.27 1.0545 0.0262 91.45
3.28 1.1353 0.0261 92.4765
3.29 1.1596 0.026 92.8078
3.3 1.1838 0.0239 92.5123
3.31 1.2363 0.0229 92.8398
3.32 1.2363 0.0223 92.7127
3.33 1.2929 0.0223 93.3903
3.34 1.2646 0.0223 93.1707
3.35 1.2242 0.0224 92.8478
3.36 1.1878 0.0248 93.3086
3.37 1.1656 0.0261 93.5291
3.38 1.1545 0.0263 93.5366
3.39 1.1547 0.0266 93.7042
3.4 1.1548 0.0268 93.8406
3.41 1.1555 0.0267 93.8962
3.42 1.1717 0.0265 94.1024
3.43 1.1919 0.0261 94.2915
3.44 1.2161 0.0256 94.4892
3.45 1.2202 0.0254 94.5496
3.46 1.1919 0.0253 94.2756
3.47 1.1838 0.0253 94.2586
3.48 1.1636 0.0251 94.0384
3.49 1.1636 0.025 94.0822
3.5 1.1515 0.0243 93.7936
3.51 1.1474 0.0245 93.8838
3.52 1.1353 0.0248 93.9098
3.53 1.1232 0.0254 94.0258
3.54 1.1151 0.0268 94.4223
3.55 1.0666 0.0268 93.8932
3.56 1.0626 0.028 94.2588
3.57 1.0598 0.0293 94.6532
3.58 1.0589 0.03 94.9015
3.59 1.0607 0.0306 95.155
3.6 1.0626 0.0305 95.2272
3.61 1.0626 0.031 95.4297
3.62 1.0646 0.0314 95.6309
3.63 1.0666 0.0322 95.9307
3.64 1.1272 0.0321 96.7461
3.65 1.1555 0.0328 97.3408
3.66 1.1676 0.0341 97.8771
3.67 1.1636 0.0341 97.903
3.68 1.1482 0.0339 97.7414
3.69 1.1413 0.0336 97.6581
3.7 1.1476 0.033 97.6626
3.71 1.154 0.0326 97.715
3.72 1.1676 0.0323 97.8779
3.73 1.2121 0.0323 98.48
3.74 1.2 0.0303 97.8891
3.75 1.2 0.0288 97.5488
3.76 1.1394 0.028 96.6685
3.77 1.0747 0.028 95.9289
3.78 1.0101 0.0263 94.6519
3.79 1.0101 0.0253 94.4164
3.8 0.8848 0.0242 92.3585
3.81 0.7758 0.023 90.3098
3.82 0.7515 0.0219 89.5963
3.83 0.7313 0.0219 89.3104
3.84 0.7031 0.02 88.2019
3.85 0.6546 0.0196 87.2152
3.86 0.6424 0.0183 86.5464
3.87 0.6344 0.018 86.3337
3.88 0.6303 0.0179 86.2751
3.89 0.6182 0.0179 86.0962
3.9 0.6182 0.0179 86.1576
3.91 0.6061 0.018 86.0138
3.92 0.6 0.0184 86.1069
3.93 0.6012 0.0193 86.5358
3.94 0.6023 0.02 86.8769
3.95 0.6076 0.0204 87.1915
3.96 0.6212 0.021 87.7427
3.97 0.6505 0.0217 88.6304
3.98 0.6748 0.0224 89.3979
3.99 0.699 0.0224 89.9153
4 0.7031 0.0224 90.0537
4.01 0.7111 0.0224 90.2632
4.02 0.6748 0.0222 89.5799
4.03 0.6546 0.0222 89.2503
4.04 0.602 0.0221 88.2078
4.05 0.5414 0.0221 86.9301
4.06 0.5172 0.0221 86.4188
4.07 0.5172 0.0219 86.4126
4.08 0.4849 0.0213 85.4745
4.09 0.4817 0.0204 85.1448
4.1 0.481 0.0193 84.7928
4.11 0.4885 0.0193 85.0395
4.12 0.496 0.0193 85.2839
4.13 0.5293 0.0192 86.1064
4.14 0.5414 0.0191 86.4077
4.15 0.5495 0.0191 86.6508
4.16 0.5293 0.0191 86.2424
4.17 0.5212 0.0191 86.1085
4.18 0.5212 0.0195 86.3146
4.19 0.5211 0.0195 86.3696
4.2 0.5212 0.0197 86.5026
4.21 0.5212 0.02 86.6688
4.22 0.5212 0.02 86.7259
4.23 0.5374 0.02 87.1664
4.24 0.5414 0.02 87.3168
4.25 0.5495 0.02 87.5611
4.26 0.5495 0.02 87.6183
4.27 0.5526 0.0196 87.5991
4.28 0.5556 0.0194 87.6496
4.29 0.5657 0.0184 87.548
4.3 0.5738 0.0178 87.5424
4.31 0.5657 0.0178 87.4198
4.32 0.5657 0.0163 86.8378
4.33 0.5414 0.0159 86.1677
4.34 0.5212 0.0152 85.4315
4.35 0.4728 0.0151 84.2485
4.36 0.4566 0.0149 83.7871
4.37 0.4526 0.0149 83.7344
4.38 0.4525 0.0148 83.738
4.39 0.4525 0.0144 83.6003
4.4 0.4526 0.0139 83.4102
4.41 0.4526 0.0133 83.1571
4.42 0.4526 0.0129 82.9983
4.43 0.4526 0.0119 82.4948
4.44 0.4526 0.0112 82.1312
4.45 0.4485 0.0107 81.7637
4.46 0.4485 0.0102 81.4896
4.47 0.4404 0.01 81.1928
4.48 0.4364 0.0099 81.0687
4.49 0.4362 0.0099 81.1136
4.5 0.4363 0.0102 81.3683
4.51 0.4364 0.0104 81.5529
4.52 0.4445 0.0106 81.9493
4.53 0.4687 0.0107 82.6926
4.54 0.4889 0.0105 83.117
4.55 0.5091 0.0104 83.5876
4.56 0.5576 0.0104 84.7418
4.57 0.5859 0.0102 85.2622
4.58 0.594 0.01 85.3422
4.59 0.598 0.0101 85.5473
4.6 0.598 0.0097 85.3118
4.61 0.599 0.0091 84.9314
4.62 0.6 0.009 84.9249
4.63 0.602 0.0094 85.3248
4.64 0.6505 0.0098 86.6338
4.65 0.6505 0.0106 87.2535
4.66 0.6626 0.0107 87.606
4.67 0.6727 0.0108 87.9174
4.68 0.6829 0.0113 88.4932
4.69 0.7273 0.0115 89.483
4.7 0.7879 0.013 91.5025
4.71 0.7879 0.0134 91.7877
4.72 0.8727 0.0136 93.3187
4.73 0.8364 0.0136 92.8041
4.74 0.8525 0.0136 93.1139
4.75 0.8687 0.0135 93.364
4.76 0.9939 0.0135 95.2475
4.77 1.204 0.0134 97.911
4.78 1.2 0.0134 97.921
4.79 1.1515 0.0128 97.0271
4.8 1.0868 0.0124 96.0243
4.81 1.0222 0.0124 95.2357
4.82 0.9414 0.0118 93.7797
4.83 0.7233 0.0117 90.2755
4.84 0.6788 0.0117 89.5053
4.85 0.6546 0.0117 89.0897
4.86 0.6397 0.0118 88.9086
4.87 0.6378 0.0117 88.8584
4.88 0.6381 0.0117 88.9151
4.89 0.6384 0.0116 88.9082
4.9 0.6546 0.0087 87.1688
4.91 0.6626 0.0085 87.202
4.92 0.6586 0.0076 86.3673
4.93 0.6505 0.0076 86.2622
4.94 0.6505 0.007 85.7223
4.95 0.6101 0.0068 84.7775
4.96 0.602 0.0068 84.662
4.97 0.5738 0.0068 84.1262
4.98 0.5657 0.0068 84.0011
4.99 0.5629 0.0072 84.3882
5 0.5646 0.0073 84.5689
5.01 0.5663 0.0072 84.5554
5.02 0.5697 0.0072 84.6753
5.03 0.5818 0.0066 84.3659
5.04 0.5859 0.0062 84.0596
5.05 0.5859 0.006 83.8767
5.06 0.5576 0.006 83.3267
5.07 0.5293 0.0059 82.6339
5.08 0.5051 0.006 82.2387
5.09 0.5051 0.0061 82.397
5.1 0.4889 0.0066 82.5954
5.11 0.4829 0.0072 83.093
5.12 0.4798 0.0075 83.3437
5.13 0.4801 0.0076 83.4884
5.14 0.4803 0.0077 83.6295
5.15 0.4839 0.0074 83.4882
5.16 0.4909 0.0072 83.5156
5.17 0.5051 0.0071 83.8068
5.18 0.5091 0.0071 83.9471
5.19 0.5293 0.0071 84.4641
5.2 0.5212 0.0071 84.3218
5.21 0.5132 0.0071 84.1792
5.22 0.5051 0.007 83.9322
5.23 0.5031 0.007 83.9289
5.24 0.501 0.0069 83.8225
5.25 0.501 0.0067 83.662
5.26 0.493 0.0067 83.5125
5.27 0.501 0.0066 83.6457
5.28 0.4889 0.0064 83.1825
5.29 0.4889 0.0062 83.0067
5.3 0.4808 0.0062 82.8507
5.31 0.4808 0.0061 82.7821
5.32 0.4647 0.0061 82.4202
5.33 0.4566 0.0061 82.2547
5.34 0.4485 0.0061 82.0857
5.35 0.4485 0.0061 82.1284
5.36 0.448 0.0061 82.1579
5.37 0.448 0.0066 82.741
5.38 0.4483 0.0066 82.7918
5.39 0.4485 0.0067 82.9436
5.4 0.4526 0.0067 83.0951
5.41 0.4526 0.0068 83.2404
5.42 0.4525 0.0068 83.2805
5.43 0.4526 0.0075 84.0079
5.44 0.4526 0.0088 85.1762
5.45 0.4526 0.0096 85.8389
5.46 0.4647 0.0098 86.3575
5.47 0.4647 0.0097 86.3278
5.48 0.4808 0.0095 86.646
5.49 0.4808 0.0092 86.4588
5.5 0.5132 0.0087 86.9136
5.51 0.5334 0.0084 87.1874
5.52 0.5374 0.0082 87.1503
5.53 0.5212 0.0082 86.8107
5.54 0.5172 0.0082 86.758
5.55 0.5172 0.0082 86.8015
5.56 0.497 0.0083 86.4353
5.57 0.496 0.0088 86.8752
5.58 0.496 0.0096 87.5501
5.59 0.4965 0.0104 88.1917
5.6 0.497 0.0135 90.1848
5.61 0.497 0.0166 91.7947
5.62 0.5293 0.0177 93.1728
5.63 0.5778 0.0206 95.6024
5.64 0.594 0.0215 96.3735
5.65 0.6101 0.0224 97.1238
5.66 0.6101 0.0232 97.4557
5.67 0.6098 0.0232 97.4966
5.68 0.611 0.0241 97.8815
5.69 0.6121 0.0241 97.9547
5.7 0.6344 0.0241 98.5088
5.71 0.6142 0.0239 98.0307
5.72 0.602 0.0237 97.7271
5.73 0.5899 0.0233 97.3511
5.74 0.5899 0.0223 97.0435
5.75 0.5738 0.0213 96.3359
5.76 0.5697 0.0204 95.9378
5.77 0.5695 0.0187 95.2869
5.78 0.5696 0.0174 94.7653
5.79 0.5697 0.0167 94.4899
5.8 0.5697 0.0161 94.2479
5.81 0.5818 0.0163 94.6761
5.82 0.594 0.0156 94.6585
5.83 0.5786 0.0154 94.2449
5.84 0.5716 0.0154 94.1247
5.85 0.5707 0.0154 94.1481
5.86 0.5697 0.0153 94.118
5.87 0.5697 0.0152 94.1113
5.88 0.5647 0.0151 93.9847
5.89 0.5632 0.0144 93.6227
5.9 0.5616 0.0137 93.2411
5.91 0.5616 0.013 92.8788
5.92 0.5414 0.0125 92.1325
5.93 0.5374 0.0118 91.6369
5.94 0.5334 0.0112 91.1845
5.95 0.5329 0.0107 90.8689
5.96 0.5331 0.0107 90.9162
5.97 0.5334 0.0101 90.5303
5.98 0.5374 0.0098 90.4427
5.99 0.5414 0.0095 90.3474
6 0.5455 0.0094 90.4079
6.01 0.5447 0.0094 90.4307
6.02 0.5456 0.0095 90.5737
6.03 0.5465 0.0096 90.716
6.04 0.5536 0.0117 92.4356
6.05 0.5697 0.0127 93.4965
6.06 0.594 0.0145 95.1473
6.07 0.6142 0.0156 96.2341
6.08 0.7031 0.0171 98.9233
6.09 0.7031 0.0187 99.7078
6.1 0.7111 0.019 100.048
6.11 0.7071 0.0205 100.647
6.12 0.6909 0.0213 100.677
6.13 0.6748 0.0221 100.69
6.14 0.6546 0.0237 100.881
6.15 0.6424 0.0252 101.169
6.16 0.6546 0.0256 101.622
6.17 0.6303 0.0256 101.115
6.18 0.5818 0.0256 100.001
6.19 0.5657 0.0255 99.6103
6.2 0.5574 0.0237 98.8393
6.21 0.5609 0.0211 98.0205
6.22 0.5644 0.0178 96.7732
6.23 0.5738 0.0171 96.7236
6.24 0.5899 0.0169 97.058
6.25 0.4526 0.016 93.0418
6.26 0.4525 0.0152 92.6838
6.27 0.4526 0.015 92.6258
6.28 0.4526 0.0148 92.5634
6.29 0.4647 0.0142 92.6373
6.3 0.4526 0.0122 91.168
6.31 0.4485 0.0119 90.9003
6.32 0.4484 0.0104 89.9237
6.33 0.4485 0.0103 89.8938
6.3401 0.4485 0.0103 89.9337
6.3501 0.4526 0.0103 90.0911
6.3601 0.4526 0.0104 90.203
6.3701 0.4647 0.0106 90.7296
6.3801 0.4647 0.0111 91.1179
6.3901 0.4768 0.0112 91.5639
6.4001 0.4889 0.0114 92.0704
6.4101 0.5253 0.0114 93.0678
6.4201 0.5253 0.0114 93.1081
6.4301 0.5495 0.0114 93.7545
6.4401 0.5697 0.0119 94.6212
6.4501 0.5778 0.0122 95.0514
6.4601 0.5738 0.0127 95.3152
6.4701 0.5743 0.0132 95.6751
6.4801 0.5748 0.0141 96.2549
6.4901 0.5778 0.0141 96.3684
6.5001 0.5859 0.0157 97.4709
6.5101 0.598 0.0157 97.8
6.5201 0.602 0.0158 97.9875
6.5301 0.602 0.0159 98.0807
6.5401 0.6142 0.0162 98.5595
6.5501 0.6465 0.0162 99.3318
6.5601 0.6465 0.0177 100.109
6.5701 0.6546 0.0181 100.518
6.5801 0.6546 0.0183 100.652
6.5901 0.6626 0.0184 100.917
6.6001 0.6586 0.0184 100.871
6.6101 0.6344 0.018 100.188
6.6201 0.6344 0.0177 100.09
6.6301 0.6245 0.0177 99.9053
6.6401 0.6199 0.0167 99.3589
6.6501 0.6202 0.0166 99.3577
6.6601 0.6206 0.0163 99.2577
6.6701 0.6222 0.0154 98.8677
6.6801 0.6222 0.0123 97.0764
6.6901 0.6424 0.0116 97.0901
6.7001 0.6424 0.0113 96.9189
6.7101 0.6465 0.0113 97.048
6.7201 0.6505 0.0113 97.1744
6.7301 0.6546 0.0119 97.7223
6.7401 0.6626 0.012 98.002
6.7501 0.6648 0.0121 98.157
6.7601 0.6669 0.012 98.1742
6.7701 0.6797 0.012 98.4838
6.7801 0.7071 0.0119 99.0176
6.7901 0.7111 0.0118 99.0691
6.8001 0.7233 0.0119 99.4224
6.8101 0.7273 0.0119 99.5421
6.8201 0.7313 0.0123 99.9359
6.8301 0.7475 0.013 100.755
6.8401 0.7475 0.0135 101.113
6.8501 0.7879 0.0133 101.798
6.8601 0.8727 0.0138 103.667
6.8701 0.9414 0.0143 105.158
6.8801 1.0303 0.0144 106.638
6.8901 1.1192 0.0145 108.022
6.9001 1.2202 0.0145 109.419
6.9101 1.2727 0.015 110.44
6.9201 1.2727 0.015 110.484
6.9301 1.2727 0.0155 110.831
6.9401 1.2606 0.0155 110.723
6.9501 1.2577 0.0167 111.419
6.9601 1.2604 0.0175 111.933
6.9701 1.2631 0.018 112.275
6.9801 1.2848 0.0194 113.3
6.9901 1.4626 0.0205 116.011
7.0001 1.6161 0.0215 118.205
7.0101 1.6161 0.0215 118.252
7.0201 1.6888 0.0215 119.051
7.0301 1.7453 0.0208 119.334
7.0401 1.8342 0.0201 119.897
7.0501 1.8867 0.0197 120.231
7.0601 1.8948 0.0197 120.353
7.0701 1.9433 0.0197 120.839
7.0801 1.9877 0.0199 121.382
7.0901 1.9877 0.022 122.448
7.1001 1.9918 0.0222 122.625
7.1101 1.9837 0.0238 123.312
7.1201 1.9231 0.025 123.314
7.1301 1.915 0.026 123.691
7.1401 1.9069 0.0258 123.584
7.1501 1.9069 0.0272 124.177
7.1601 1.713 0.0272 122.321
7.1701 1.6767 0.0293 122.749
7.1801 1.6661 0.0292 122.65
7.1901 1.6653 0.0319 123.595
7.2001 1.6892 0.0333 124.34
7.2101 1.713 0.0346 125.037
7.2201 1.8221 0.0365 126.765
7.2301 1.8221 0.0367 126.871
7.2401 2.0079 0.0367 128.707
7.2501 2.1332 0.0367 129.884
7.2601 2.2099 0.0367 130.596
7.2701 2.2119 0.0367 130.663
7.2801 2.214 0.0369 130.79
7.2901 2.2342 0.0374 131.158
7.3001 2.4039 0.0382 132.832
7.3101 2.4119 0.0397 133.373
7.3201 2.4624 0.039 133.624
7.3301 2.5129 0.0405 134.488
7.3401 2.5048 0.0443 135.484
7.3501 2.5493 0.0481 136.813
7.3601 2.626 0.0497 137.825
7.3701 2.6422 0.0497 137.999
7.3801 2.6907 0.055 139.585
7.3901 2.7594 0.0583 140.826
7.4001 2.7149 0.0592 140.729
7.4101 2.6382 0.06 140.359
7.4201 2.525 0.0602 139.566
7.4301 2.4039 0.0605 138.691
7.4401 2.4039 0.0607 138.781
7.4501 2.319 0.0608 138.135
7.4601 2.2019 0.0621 137.401
7.4701 2.1963 0.0635 137.657
7.4801 2.2405 0.0644 138.265
7.4901 2.2847 0.0676 139.267
7.5001 2.4806 0.0726 141.818
7.5101 3.5835 0.0726 149.588
7.5201 3.5835 0.0803 150.904
7.5301 4.6137 0.0803 156.554
7.5401 4.9813 0.086 159.256
7.5501 5.6439 0.0876 162.455
7.5601 6.0277 0.0895 164.355
7.5701 6.3347 0.0913 165.87
7.5801 6.3347 0.0924 166.096
7.5901 6.9447 0.0995 169.412
7.6001 6.9447 0.1024 169.879
7.6101 7.1709 0.1024 170.728
7.6201 7.2396 0.1066 171.598
7.6301 7.2477 0.1093 172.045
7.6401 7.3204 0.1098 172.421
7.6501 7.3689 0.1115 172.869
7.6601 7.3426 0.112 172.907
7.6701 7.3164 0.1119 172.868
7.6801 7.3164 0.1119 172.93
7.6901 7.2477 0.1116 172.72
7.7001 7.1063 0.1109 172.202
7.7101 7.0376 0.1094 171.829
7.7201 7.0174 0.1066 171.449
7.7301 7.0215 0.1037 171.132
7.7401 6.973 0.0535 161.86
7.7501 6.9286 0.0412 158.292
7.7601 6.9286 0.0355 156.399
7.7701 6.8599 0.0333 155.401
7.7801 6.8558 0.0332 155.404
7.7901 6.7589 0.0309 154.217
7.8001 6.5932 0.0307 153.639
7.8101 5.0258 0.0307 147.802
7.8201 4.9005 0.0307 147.318
7.8301 4.444 0.0313 145.544
7.8401 4.2905 0.0326 145.352
7.8501 4.3268 0.0448 149.482
7.8601 4.0239 0.0514 149.682
7.8701 3.4461 0.0514 146.429
7.8801 3.1755 0.0514 144.766
7.8901 2.9614 0.0506 143.182
7.9001 2.9614 0.0489 142.826
7.9101 2.7957 0.0489 141.696
7.9201 2.727 0.0429 139.709
7.9301 2.7801 0.0397 139.246
7.9401 2.8331 0.0368 138.795
7.9501 2.9412 0.034 138.678
7.9601 3.434 0.0305 140.58
7.9701 3.6481 0.0276 140.684
7.9801 3.6481 0.0263 140.17
7.9901 3.7774 0.0258 140.699
8.0001 3.6481 0.0262 140.223
8.0101 3.531 0.0264 139.702
8.0201 3.3977 0.0264 138.979
8.0301 3.3411 0.0256 138.336
8.0401 3.3067 0.0249 137.86
8.0501 3.3017 0.0217 136.308
8.0601 3.2967 0.0204 135.627
8.0701 3.2926 0.0191 134.908
8.0801 3.1916 0.0192 134.409
8.0901 3.1916 0.019 134.338
8.1001 3.0745 0.0189 133.604
8.1101 3.0583 0.019 133.607
8.1201 2.921 0.019 132.771
8.1301 2.8806 0.0192 132.666
8.1401 2.7876 0.0194 132.2
8.1501 2.7876 0.0195 132.302
8.1601 2.781 0.0196 132.358
8.1701 2.7921 0.0191 132.194
8.1801 2.8031 0.0187 132.081
8.1901 2.828 0.0177 131.691
8.2001 2.8927 0.0141 129.689
8.2101 3.0583 0.0141 130.777
8.2201 3.1512 0.0131 130.584
8.2301 3.2522 0.0127 130.885
8.2401 3.2644 0.0127 131
8.2501 3.2805 0.0127 131.137
8.2601 3.2765 0.0127 131.158
8.2701 3.2522 0.0237 138.044
8.2801 3.2522 0.0219 137.186
8.2901 3.2521 0.0242 138.377
8.3001 3.2522 0.0265 139.473
8.3101 3.2522 0.0276 139.993
8.3201 3.2684 0.0278 140.224
8.3301 3.2684 0.028 140.355
8.3401 3.3088 0.0278 140.566
8.3501 3.5189 0.028 141.95
8.3601 3.6805 0.028 142.918
8.3701 3.7774 0.028 143.501
8.3801 3.8017 0.028 143.682
8.3901 3.8865 0.0279 144.144
8.4001 3.8017 0.0263 143.03
8.4101 3.7047 0.026 142.409
8.4201 3.7249 0.0258 142.477
8.4301 3.7007 0.0259 142.436
8.4401 3.7007 0.0261 142.574
8.4501 3.6992 0.0262 142.658
8.4601 3.7005 0.0263 142.757
8.4701 3.7018 0.0262 142.766
8.4801 3.7047 0.0262 142.829
8.4901 3.737 0.0261 143.009
8.5001 3.7451 0.0258 142.963
8.5101 3.6926 0.025 142.346
8.5201 3.535 0.0225 140.266
8.5301 3.4017 0.0213 138.902
8.5401 3.228 0.0209 137.685
8.5501 3.03 0.0211 136.588
8.5601 2.6462 0.0213 134.099
8.5701 2.4927 0.0217 133.199
8.5801 2.3635 0.0232 132.963
8.5901 2.2584 0.0236 132.325
8.6001 2.2528 0.0236 132.321
8.6101 2.2561 0.0258 133.377
8.6201 2.2595 0.0261 133.577
8.6301 2.2867 0.0268 134.146
8.6401 2.4079 0.0269 135.233
8.6501 2.4321 0.027 135.513
8.6601 2.4725 0.0272 135.962
8.6701 2.4725 0.0274 136.088
8.6801 2.5412 0.0279 136.876
8.6901 2.5816 0.029 137.673
8.7001 2.6422 0.0291 138.218
8.7101 2.6826 0.0291 138.565
8.7201 2.7432 0.0291 139.055
8.7301 2.8402 0.0291 139.797
8.7401 2.8886 0.0291 140.183
8.7501 2.8886 0.0291 140.227
8.7601 2.8906 0.0292 140.326
8.7701 2.8927 0.0293 140.425
8.7801 2.921 0.0299 140.904
8.7901 2.9331 0.0309 141.419
8.8001 2.929 0.0391 144.232
8.8101 2.9795 0.04 144.907
8.8201 3.03 0.0402 145.365
8.8301 3.0624 0.0403 145.663
8.8401 3.1028 0.0403 145.985
8.8501 3.1512 0.0404 146.386
8.8601 3.228 0.0405 146.971
8.8701 3.4885 0.0432 149.47
8.8801 3.7491 0.0451 151.618
8.8901 3.9188 0.0452 152.664
8.9001 4.0602 0.045 153.436
8.9101 3.9188 0.0449 152.674
8.9201 3.7734 0.0443 151.723
8.9301 3.7289 0.0434 151.253
8.9401 3.7303 0.0419 150.866
8.9501 3.7317 0.0401 150.37
8.9601 3.735 0.0386 149.96
8.9701 3.7572 0.038 149.939
8.9801 3.8017 0.0374 150.041
8.9901 3.8461 0.0373 150.305
9.0001 3.8744 0.0372 150.477
9.0101 3.9269 0.0372 150.815
9.0201 4.04 0.0372 151.48
9.0301 4.1572 0.0355 151.561
9.0401 4.2541 0.0336 151.417
9.0501 4.5086 0.033 152.507
9.0601 4.6177 0.0336 153.31
9.0701 4.6177 0.0342 153.583
9.0801 4.9652 0.0355 155.726
9.0901 5.0258 0.038 156.932
9.1001 4.953 0.0411 157.676
9.1101 4.8359 0.0509 160.003
9.1201 4.6662 0.0553 160.333
9.1301 4.5167 0.0592 160.539
9.1401 4.2097 0.0592 158.969
9.1501 4.2097 0.0635 159.947
9.1601 3.9431 0.0637 158.537
9.1701 3.8703 0.0636 158.14
9.1801 3.8138 0.0635 157.832
9.1901 3.8023 0.0631 157.728
9.2001 3.7982 0.0527 155.405
9.2101 3.806 0.0459 153.721
9.2201 3.8138 0.0459 153.813
9.2301 3.9552 0.0329 150.442
9.2401 4.0441 0.0287 149.264
9.2501 4.1531 0.0272 149.214
9.2601 4.2461 0.0266 149.458
9.2701 4.4521 0.0272 150.805
9.2801 4.6218 0.0278 151.941
9.2901 4.6218 0.0315 153.575
9.3001 4.9207 0.0338 155.925
9.3101 5.0298 0.0371 157.682
9.3201 5.3611 0.041 160.514
9.3301 5.5025 0.0479 163.264
9.3401 5.5671 0.0623 167.204
9.3501 5.5671 0.0671 168.29
9.3601 5.5954 0.0687 168.794
9.3701 5.6358 0.0687 169.019
9.3801 5.6035 0.0687 168.929
9.3901 5.5959 0.0687 168.946
9.4001 5.5936 0.0688 169.007
9.4101 5.6268 0.069 169.242
9.4201 5.66 0.0742 170.462
9.4301 6.0357 0.0845 173.969
9.4401 6.2054 0.0931 176.131
9.4501 6.2337 0.0955 176.672
9.4601 6.1973 0.0955 176.575
9.4701 6.1973 0.0979 176.992
9.4801 5.4944 0.099 174.164
9.4901 5.2479 0.0993 173.11
9.5001 4.8399 0.0995 171.183
9.5101 4.6379 0.0983 170.014
9.5201 4.5854 0.0971 169.611
9.5301 4.5854 0.09 168.592
9.5401 4.4036 0.09 167.662
9.5501 4.3228 0.0765 165.018
9.5601 4.1208 0.0694 162.609
9.5701 4.0117 0.0606 160.211
9.5801 3.8582 0.0586 158.916
9.5901 3.6926 0.0566 157.505
9.6001 3.3936 0.0566 155.647
9.6101 3.3936 0.0534 154.94
9.6201 3.1957 0.0455 151.616
9.6301 3.1391 0.0422 150.326
9.6401 3.0815 0.0398 149.24
9.6501 3.0721 0.0353 147.735
9.6601 3.0717 0.0299 145.747
9.6701 3.0872 0.0268 144.573
9.6801 3.1028 0.0268 144.719
9.6901 3.1593 0.0222 142.881
9.7001 3.1512 0.0206 141.983
9.7101 3.1527 0.0192 141.204
9.7201 3.1543 0.0174 140.103
9.7301 3.1613 0.0166 139.639
9.7401 3.1795 0.0162 139.511
9.7501 3.1795 0.016 139.407
9.7601 3.1432 0.0164 139.503
9.7701 3.1028 0.0167 139.493
9.7801 3.022 0.0174 139.479
9.7901 3.0139 0.0187 140.303
9.8001 2.9977 0.0195 140.724
9.8101 2.9695 0.0196 140.632
9.8201 2.9412 0.0196 140.478
9.8301 2.9412 0.0195 140.458
9.8401 2.929 0.0204 140.942
9.8501 2.8886 0.0213 141.206
9.8601 2.8442 0.0232 141.937
9.8701 2.7796 0.0273 143.437
9.8801 2.7836 0.0314 145.188
9.8901 2.7311 0.0332 145.504
9.9001 2.626 0.0327 144.542
9.9101 2.629 0.0322 144.421
9.9201 2.6321 0.0311 144.069
9.9301 2.6543 0.0289 143.406
9.9401 2.7149 0.0261 142.698
9.9501 2.9048 0.0215 141.828
9.9601 3.1553 0.0215 143.567
9.9701 3.2118 0.0169 141.12
9.9801 3.1472 0.0149 139.28
9.9901 2.925 0.0123 135.675
10 2.6947 0.0108 132.676
10.01 2.5089 0.0097 130.186
10.02 2.2019 0.0097 127.797
10.03 2.2019 0.0077 125.4
10.04 1.9514 0.0062 121.07
10.05 1.8544 0.0042 116.385
10.06 1.6807 0.004 114.315
10.07 1.5878 0.0035 112.161
10.08 1.511 0.0035 111.394
10.09 1.511 0.0025 108.348
10.1 1.3696 0.0017 103.481
10.11 1.3131 0.0013 100.613
10.12 1.1878 0.0009 96.2086
10.13 1.1394 0.0007 93.6808
10.14 1.0788 0.0006 91.7872
10.15 1.0788 0.0004 88.7667
10.16 0.9414 0 0
10.17 0.905 -0.0001 -nan
10.18 0.8768 -0.0001 -nan
10.19 0.8727 -0.0001 -nan
10.2 0.8687 0.0002 81.3302
10.21 0.8626 0.0008 91.2054
10.22 0.8566 0.0022 99.1413
10.23 0.8485 0.0032 102.169
10.24 0.8407 0.0033 102.322
10.25 0.837 0.0033 102.285
10.26 0.8437 0.0159 116.747
10.27 0.8505 0.0212 119.745
10.28 0.8929 0.0277 123.334
10.29 2.4766 0.036 146.039
10.3 3.5027 0.0459 156.691
10.31 4.4521 0.0715 168.335
10.32 4.4521 0.0824 170.38
10.33 4.4723 0.0831 170.657
10.34 3.7047 0.0833 166.17
10.35 3.4138 0.0828 164.187
10.36 3.1836 0.0823 162.506
10.37 3.026 0.0777 160.595
10.38 2.8028 0.0756 158.514
10.39 2.7947 0.0663 156.769
10.4 2.7952 0.0605 155.625
10.41 2.7957 0.0487 152.885
10.42 2.9775 0.0439 152.993
10.43 3.0745 0.039 152.236
10.44 3.2846 0.039 153.733
10.45 3.3492 0.039 154.206
10.46 3.5593 0.0388 155.537
10.47 3.7451 0.0386 156.656
10.48 4.4904 0.0385 160.812
10.49 5.2358 0.0365 163.723
10.5 5.6035 0.0358 165.109
10.51 5.6035 0.0366 165.456
10.52 5.9024 0.0375 167.08
10.53 5.959 0.0393 168.009
10.54 5.9469 0.0466 170.402
10.55 5.8661 0.0555 172.603
10.56 5.8318 0.0711 176.095
10.57 5.8315 0.0749 176.905
10.58 5.8346 0.0749 176.965
10.59 5.8378 0.0781 177.643
10.6 5.9024 0.0789 178.122
10.61 6.0398 0.0846 179.801
10.62 6.1933 0.0882 181.126
10.63 6.464 0.0916 182.867
10.64 6.5528 0.0931 183.523
10.65 6.5528 0.0925 183.472
10.66 6.5771 0.0941 183.88
10.67 6.573 0.1002 184.875
10.68 6.5367 0.1022 185.08
10.69 6.5044 0.1042 185.294
10.7 6.4922 0.1028 185.084
10.71 6.4902 0.1047 185.406
10.72 6.5218 0.1061 185.789
10.73 6.5534 0.1075 186.17
10.74 6.6175 0.1073 186.45
10.75 6.8154 0.1084 187.45
10.76 6.9447 0.1095 188.165
10.77 7.0457 0.1107 188.777
10.78 7.0498 0.1114 188.94
10.79 7.179 0.1121 189.582
10.8 7.0942 0.1144 189.627
10.81 6.9407 0.1165 189.366
10.82 6.9407 0.1168 189.455
10.83 6.5124 0.1168 187.774
10.84 6.4478 0.1167 187.539
10.85 6.06 0.1166 185.906
10.86 5.8337 0.1163 184.897
10.87 5.6317 0.1159 183.956
10.88 5.4338 0.1152 182.965
10.89 5.1591 0.1132 181.385
10.9 4.8722 0.108 179.24
10.91 4.3026 0.1058 175.804
10.92 4.0481 0.1058 174.311
10.93 3.8017 0.1019 172.247
10.94 3.5714 0.093 169.454
10.95 3.3371 0.093 167.849
10.96 2.9088 0.0802 162.588
10.97 2.7149 0.0686 158.942
10.98 2.517 0.0638 156.312
10.99 2.517 0.059 155.338
11 2.0201 0.0552 149.702
11.01 1.9958 0.0552 149.479
11.02 1.9958 0.044 146.722
11.03 1.8665 0.044 145.351
11.04 1.6686 0.0374 141.138
11.05 1.612 0.0353 139.8
11.06 1.5474 0.0315 137.703
11.07 1.4989 0.0289 136.128
11.08 1.4989 0.0253 134.664
11.09 1.3979 0.0253 133.351
11.1 1.3979 0.0237 132.662
11.11 1.3292 0.0191 129.391
11.12 1.2929 0.0187 128.682
11.13 1.2525 0.0179 127.662
11.14 1.2472 0.017 127.069
11.15 1.247 0.017 127.098
11.16 1.2477 0.0164 126.76
11.17 1.2484 0.016 126.542
11.18 1.2484 0.0153 126.103
11.19 1.2929 0.0149 126.493
11.2 1.2808 0.0149 126.353
11.21 1.3 0.0149 126.656
11.22 1.3191 0.0151 127.094
11.23 1.3575 0.0154 127.861
11.24 1.3616 0.0167 128.814
11.25 1.3757 0.0171 129.292
11.26 1.3898 0.0175 129.763
11.27 1.4504 0.018 130.902
11.28 1.5837 0.0217 134.681
11.29 1.6928 0.0245 137.393
11.3 1.7494 0.0262 138.852
11.31 1.7898 0.027 139.693
11.32 1.8261 0.027 140.132
11.33 1.8867 0.0286 141.503
11.34 1.9473 0.0289 142.307
11.35 1.9675 0.0292 142.676
11.36 2.0605 0.0301 144.026
11.37 2.117 0.0305 144.783
11.38 2.1695 0.0309 145.488
11.39 2.1695 0.0308 145.484
11.4 2.3675 0.0316 147.676
11.41 2.4968 0.0324 149.157
11.42 2.4766 0.0331 149.284
11.43 2.4442 0.0343 149.48
11.44 2.3352 0.0355 148.963
11.45 2.3352 0.038 149.845
11.46 2.1857 0.0429 149.966
11.47 2.1728 0.0503 151.872
11.48 2.1858 0.0515 152.338
11.49 2.1988 0.0542 153.155
11.5 2.3412 0.0542 154.582
11.51 2.6826 0.0567 158.273
11.52 2.7715 0.0587 159.516
11.53 2.9573 0.0577 160.822
11.54 2.6139 0.0596 158.453
11.55 2.5089 0.0609 157.842
11.56 2.5091 0.0649 158.719
11.57 2.5092 0.0697 159.704
11.58 2.5155 0.0697 159.8
11.59 2.5574 0.0799 162.05
11.6 2.9654 0.085 166.435
11.61 3.2038 0.0918 169.42
11.62 3.4987 0.1178 175.221
11.63 3.7815 0.1085 176.027
11.64 4.4198 0.1197 181.547
11.65 4.4198 0.1284 182.653
11.66 5.1066 0.1288 186.585
11.67 5.4257 0.1308 188.507
11.68 5.7085 0.1379 190.773
11.69 6.2539 0.1427 193.894
11.7 6.464 0.1459 195.225
11.71 6.6377 0.1478 196.229
11.72 6.8033 0.1485 197.051
11.73 6.872 0.1491 197.449
11.74 6.973 0.1497 197.978
11.75 7.0942 0.1513 198.692
11.76 7.1629 0.1549 199.405
11.77 7.2517 0.1562 199.945
11.78 7.3406 0.158 200.535
11.79 7.5022 0.158 201.212
11.8 7.6436 0.1635 202.377
11.81 8.799 0.1731 207.553
11.82 9.0495 0.1988 210.857
11.83 9.0495 0.2075 211.659
11.84 8.9566 0.2156 212.069
11.85 8.7384 0.2237 212.017
11.86 8.7384 0.2279 212.395
11.87 8.0315 0.2314 210.146
11.88 7.5951 0.2328 208.616
11.89 6.7508 0.2335 205.205
11.9 6.4801 0.2337 204.061
11.91 6.3784 0.2297 203.352
11.92 6.3287 0.2256 202.866
11.93 6.3971 0.1883 200.195
11.94 6.4655 0.1646 198.316
11.95 6.6134 0.1506 197.543
11.96 6.775 0.1402 197.1
11.97 6.775 0.135 196.527
11.98 7.0942 0.134 197.758
11.99 7.2033 0.1335 198.177
12 7.4255 0.1338 199.13
12.01 7.5467 0.1341 199.678
12.02 7.6679 0.1395 200.841
12.03 8.5768 0.1486 205.231
12.04 9.8858 0.1486 209.52
12.05 10.427 0.1531 211.708
12.06 11.094 0.1633 214.806
12.07 11.36 0.1837 217.711
12.08 11.465 0.1995 219.552
12.09 11.595 0.2101 220.909
12.1 11.667 0.2147 221.556
12.11 11.667 0.2142 221.563
12.12 11.069 0.2137 219.899
12.13 10.52 0.2114 218.147
12.14 9.603 0.183 212.781
12.15 9.2798 0.183 211.783
12.16 9.1384 0.1595 208.961
12.17 8.892 0.1483 206.93
12.18 8.6455 0.1483 206.141
12.19 8.3708 0.1297 202.956
12.2 8.1001 0.1116 199.533
12.21 7.5749 0.1084 197.183
12.22 7.5749 0.1078 197.137
12.23 7.1265 0.1075 195.411
12.24 6.872 0.1074 194.42
12.25 6.872 0.1074 194.464
12.26 6.5488 0.1074 193.163
12.27 6.4801 0.1076 192.944
12.28 6.4478 0.108 192.908
12.29 6.4477 0.1088 193.07
12.3 6.4545 0.1092 193.202
12.31 6.4614 0.1113 193.582
12.32 6.4963 0.1224 195.315
12.33 6.6054 0.1274 196.481
12.34 6.8882 0.1315 198.237
12.35 7.1346 0.1315 199.288
12.36 7.4416 0.14 201.594
12.37 7.7365 0.1429 203.117
12.38 8.1122 0.1436 204.638
12.39 8.9485 0.1459 207.871
12.4 9.3161 0.1504 209.655
12.41 9.6272 0.1512 210.79
12.42 9.6272 0.1561 211.397
12.43 10.189 0.1646 214.121
12.44 10.403 0.2096 219.174
12.45 10.714 0.227 221.62
12.46 10.819 0.2304 222.256
12.47 10.904 0.2338 222.828
12.48 10.888 0.2368 223.067
12.49 10.9292 0.245 223.871
12.5 10.9705 0.2584 225.037
12.51 11.114 0.2727 226.522
12.52 11.744 0.2771 228.682
12.53 12.443 0.2759 230.562
12.54 12.782 0.2746 231.417
12.55 12.031 0.2716 229.249
12.56 11.3 0.2608 226.473
12.57 10.552 0.2509 223.579
12.58 10.019 0.2509 221.966
12.59 8.7344 0.2114 214.591
12.6 8.1324 0.2114 212.442
12.61 7.6355 0.1848 208.226
12.62 7.1911 0.173 205.351
12.63 6.8195 0.16 202.512
12.64 6.4842 0.1512 200.147
12.65 6.4842 0.1429 199.253
12.66 5.6237 0.1239 192.948
12.67 5.6237 0.1139 191.644
12.68 5.1833 0.1038 187.991
12.69 4.9813 0.1038 186.958
12.7 4.8197 0.0855 183.134
12.71 4.6541 0.0787 181.002
12.72 4.545 0.0688 178.418
12.73 4.2743 0.0658 176.231
12.74 4.1855 0.064 175.332
12.75 4.1249 0.064 175.002
12.76 4.1249 0.0589 173.835
12.77 4.0521 0.0572 173.006
12.78 4.0117 0.0572 172.794
12.79 3.9633 0.0546 171.863
12.8 3.9584 0.0541 171.738
12.81 3.9561 0.054 171.735
12.82 3.9557 0.0541 171.796
12.83 3.9857 0.0542 172.047
12.84 4.0158 0.0542 172.27
12.85 4.0158 0.0567 172.955
12.86 4.2582 0.059 175.037
12.87 4.347 0.061 176.084
12.88 4.4238 0.0629 177.018
12.89 4.5288 0.0647 178.073
12.9 4.6541 0.0663 179.176
12.91 4.6541 0.0682 179.636
12.92 4.9207 0.0688 181.254
12.93 5.046 0.0694 182.082
12.94 5.2439 0.0773 184.783
12.95 5.2762 0.0852 186.49
12.96 5.2722 0.0861 186.673
12.97 5.2601 0.0881 187.008
12.98 5.3295 0.0908 187.873
12.99 5.3989 0.1009 189.923
13 5.554 0.1145 192.757
13.01 5.9004 0.1219 195.501
13.02 6.6862 0.1219 199.095
13.03 7.0215 0.1276 201.31
13.04 7.1548 0.128 201.951
13.05 7.1507 0.1279 201.965
13.06 6.7993 0.1278 200.534
13.07 6.5205 0.1275 199.332
13.08 5.9913 0.1246 196.583
13.09 5.9913 0.1222 196.306
13.1 5.5509 0.1217 194.135
13.11 5.3974 0.1196 193.114
13.12 5.1874 0.1196 192.054
13.13 4.9732 0.1109 189.736
13.14 4.8399 0.1049 188.162
13.15 4.6945 0.0985 186.398
13.16 4.5733 0.0936 184.95
13.17 4.44 0.0882 183.294
13.18 4.3228 0.0863 182.297
13.19 4.3228 0.0844 181.998
13.2 4.1895 0.0822 180.82
13.21 4.0804 0.08 179.766
13.22 3.9713 0.08 179.103
13.23 3.7936 0.0713 176.267
13.24 3.6037 0.0599 172.487
13.25 3.4461 0.0497 168.774
13.26 3.3007 0.0458 166.628
13.27 3.1836 0.0458 165.798
13.28 3.131 0.0418 164.183
13.29 3.131 0.0384 163.062
13.3 3.0391 0.0376 162.114
13.31 3.0211 0.0381 162.187
13.32 3.0154 0.0376 161.999
13.33 3.0234 0.0375 162.058
13.34 3.0314 0.0376 162.19
13.35 3.0502 0.0376 162.368
13.36 3.2159 0.0393 164.247
13.37 3.3169 0.0413 165.697
13.38 3.4098 0.0413 166.392
13.39 3.5067 0.0445 168.14
13.4 3.5997 0.0461 169.307
13.41 3.7532 0.0462 170.394
13.42 3.8905 0.0463 171.344
13.43 4.1087 0.0463 172.732
13.44 4.2137 0.0465 173.459
13.45 4.2137 0.0467 173.557
13.46 4.2319 0.0473 173.885
13.47 4.2501 0.0499 174.805
13.48 4.3834 0.0685 180.311
13.49 4.4763 0.0876 184.633
13.5 4.5894 0.0926 186.194
13.51 4.6783 0.1006 188.039
13.52 5.0055 0.1044 190.505
13.53 5.3328 0.1071 192.699
13.54 6.7872 0.1108 200.114
13.55 7.1507 0.1155 202.362
13.56 7.074 0.1218 202.985
13.57 7.0457 0.1241 203.225
13.58 7.0315 0.1263 203.505
13.59 7.0349 0.1262 203.548
13.6 7.0382 0.1265 203.643
13.61 7.05 0.1268 203.774
13.62 7.074 0.1277 204.036
13.63 7.0689 0.1325 204.683
13.64 7.0735 0.1452 206.309
13.65 7.078 0.1499 206.918
13.66 7.3366 0.1541 208.511
13.67 7.4941 0.1583 209.661
13.68 7.4941 0.1722 211.177
13.69 7.8012 0.1822 213.445
13.7 7.9466 0.1915 214.946
13.71 8.2254 0.2033 217.137
13.72 8.4233 0.2142 218.875
13.73 8.5405 0.2353 221.077
13.74 8.6011 0.2426 221.91
13.75 8.7021 0.2527 223.084
13.76 8.6334 0.2595 223.368
13.77 8.5607 0.2629 223.383
13.78 8.5405 0.2677 223.688
13.79 8.4354 0.2685 223.39
13.8 8.2536 0.266 222.562
13.81 8.243 0.2635 222.391
13.82 8.2483 0.2584 222.095
13.83 8.2535 0.2494 221.505
13.84 8.2658 0.2358 220.566
13.85 8.4354 0.2296 220.766
13.86 8.5001 0.2198 220.253
13.87 8.5364 0.2198 220.432
13.88 8.4354 0.2159 219.771
13.89 8.1688 0.2096 218.263
13.9 7.9668 0.1888 215.637
13.91 7.482 0.1828 213.166
13.92 7.2073 0.1819 211.976
13.93 6.8599 0.1836 210.678
13.94 6.8599 0.1853 210.882
13.95 6.2539 0.2009 209.538
13.96 5.9792 0.2031 208.417
13.97 5.2843 0.2004 204.555
13.98 4.9975 0.1977 202.73
13.99 4.852 0.1915 201.374
14 4.7505 0.1828 200.027
14.01 4.7959 0.1721 199.338
14.02 4.8413 0.1646 198.909
14.03 4.9652 0.1482 197.938
14.04 5.0015 0.1397 197.214
14.05 5.1066 0.1299 196.651
14.06 4.646 0.1299 194.03
14.07 4.2339 0.1116 189.086
14.08 3.8582 0.1017 185.173
14.09 3.5916 0.0846 180.524
14.1 3.2644 0.0773 176.76
14.11 3.0745 0.0711 174.061
14.12 2.8967 0.0666 171.672
14.13 2.8967 0.0609 170.432
14.14 2.5856 0.0556 166.434
14.15 2.4483 0.0464 162.697
14.16 2.2827 0.043 160.079
14.17 2.2261 0.043 159.533
14.18 2.1655 0.0378 157.236
14.19 2.113 0.0359 156.041
14.2 2.0605 0.0308 153.537
14.21 2.016 0.0302 152.835
14.22 1.9312 0.0271 150.559
14.23 1.8948 0.0271 150.176
14.24 1.8948 0.0246 149.001
14.25 1.8665 0.0248 148.807
14.26 1.8524 0.0208 146.514
14.27 1.8453 0.0202 146.106
14.28 1.8418 0.0196 145.728
14.29 1.8419 0.0193 145.571
14.3 1.8419 0.0192 145.536
14.31 1.8423 0.0193 145.632
14.32 1.8463 0.0193 145.705
14.33 1.8706 0.0194 146.071
14.34 1.8585 0.0194 145.963
14.35 1.8627 0.0201 146.47
14.36 1.8668 0.0204 146.726
14.37 1.8772 0.0203 146.811
14.38 1.8989 0.0202 147.023
14.39 1.9191 0.02 147.153
14.4 1.9231 0.0194 146.853
14.41 1.9231 0.0189 146.563
14.42 1.8625 0.0185 145.657
14.43 1.8504 0.0179 145.15
14.44 1.8428 0.0179 145.092
14.45 1.8395 0.0179 145.083
14.46 1.8409 0.018 145.194
14.47 1.8423 0.0181 145.304
14.48 1.8463 0.0187 145.773
14.49 1.8423 0.0187 145.755
14.5 1.8456 0.0235 148.619
14.51 1.8489 0.0248 149.353
14.52 1.8837 0.0258 150.277
14.53 1.9777 0.0258 151.364
14.54 2.2059 0.0257 153.742
14.55 2.1938 0.0257 153.65
14.56 2.1938 0.0256 153.63
14.57 2.0645 0.0252 152.121
14.58 1.9352 0.0244 150.336
14.59 1.6443 0.0235 146.42
14.6 1.5716 0.0224 144.918
14.61 1.5029 0.0221 143.854
14.62 1.4424 0.0209 142.37
14.63 1.3939 0.0188 140.454
14.64 1.3737 0.0182 139.808
14.65 1.3292 0.017 138.386
14.66 1.3211 0.017 138.29
14.67 1.3131 0.0152 136.915
14.68 1.309 0.0147 136.498
14.69 1.309 0.0131 135.222
14.7 1.301 0.0125 134.602
14.71 1.2929 0.0122 134.235
14.72 1.2888 0.0121 134.107
14.73 1.2888 0.012 134.039
14.74 1.2363 0.0119 133.172
14.75 1.2202 0.0119 132.945
14.76 1.1919 0.0117 132.335
14.77 1.1676 0.0114 131.683
14.78 1.1555 0.0108 130.92
14.79 1.1535 0.0099 129.968
14.8 1.1515 0.0094 129.401
14.81 1.1515 0.0093 129.31
14.82 1.1434 0.0092 129.087
14.83 1.1419 0.0092 129.086
14.84 1.1432 0.0093 129.248
14.85 1.1445 0.0094 129.408
14.86 1.1474 0.0097 129.819
14.87 1.1555 0.0098 130.086
14.88 1.1636 0.0097 130.13
14.89 1.1313 0.0097 129.628
14.9 1.1313 0.0096 129.54
14.91 1.0949 0.0085 127.656
14.92 1.0949 0.0082 127.299
14.93 1.0707 0.0083 127.042
14.94 1.0714 0.0084 127.204
14.95 1.0721 0.0087 127.612
14.96 1.0737 0.0092 128.258
14.97 1.0828 0.0098 129.114
14.98 1.1111 0.0108 130.671
14.99 1.1313 0.0119 132.097
15 1.1757 0.0121 133.04
15.01 1.1757 0.0123 133.246
15.02 1.208 0.013 134.409
15.03 1.2282 0.013 134.756
15.04 1.2929 0.0178 139.378
15.05 1.3292 0.0225 142.716
15.06 1.4545 0.0255 146.119
15.07 2.214 0.0266 155.808
15.08 2.4523 0.0267 158.197
15.09 2.5412 0.0266 158.99
15.1 2.5412 0.0269 159.168
15.11 2.4402 0.0268 158.221
15.12 2.3756 0.0267 157.591
15.13 2.2261 0.0265 156.054
15.14 2.1413 0.0265 155.212
15.15 2.1049 0.0227 152.876
15.16 2.0807 0.0217 152.078
15.17 1.9312 0.0206 149.832
15.18 1.9312 0.0196 149.24
15.19 1.7494 0.0191 146.842
15.2 1.7171 0.0187 146.217
15.21 1.7171 0.0178 145.645
15.22 1.6241 0.0178 144.508
15.23 1.5959 0.0148 141.973
15.24 1.5757 0.0147 141.659
15.25 1.5514 0.0138 140.627
15.26 1.5191 0.0134 139.884
15.27 1.4855 0.0135 139.546
15.28 1.4924 0.0136 139.751
15.29 1.4993 0.0138 140.039
15.3 1.5191 0.0149 141.228
15.31 1.5312 0.0153 141.727
15.32 1.5595 0.0154 142.204
15.33 1.5716 0.0155 142.465
15.34 1.6241 0.0156 143.243
15.35 1.6241 0.0156 143.269
15.36 1.6201 0.0158 143.396
15.37 1.5716 0.0159 142.871
15.38 1.5029 0.0165 142.418
15.39 1.4545 0.0171 142.196
15.4 1.4545 0.0171 142.221
15.41 1.4186 0.0171 141.736
15.42 1.4012 0.017 141.441
15.43 1.3935 0.0168 141.215
15.44 1.3858 0.0168 141.128
15.45 1.3939 0.0168 141.272
15.46 1.3788 0.0168 141.076
15.47 1.3779 0.017 141.227
15.48 1.3798 0.0176 141.688
15.49 1.3818 0.0171 141.404
15.5 1.3858 0.0166 141.139
15.51 1.3858 0.0148 139.823
15.52 1.4504 0.0147 140.689
15.53 1.4827 0.0147 141.161
15.54 1.5151 0.0152 142.022
15.55 1.5635 0.0158 143.152
15.56 1.5837 0.0166 144.033
15.57 1.6039 0.0177 145.095
15.58 1.612 0.0206 147.071
15.59 1.612 0.0232 148.559
15.6 1.7454 0.0266 152.016
15.61 1.8787 0.0273 153.996
15.62 1.8665 0.0272 153.832
15.63 1.8716 0.0275 154.06
15.64 1.8766 0.0275 154.146
15.65 1.8948 0.0277 154.481
15.66 1.8665 0.0277 154.174
15.67 1.814 0.0282 153.798
15.68 1.81 0.0282 153.777
15.69 1.7898 0.0283 153.601
15.7 1.7959 0.0282 153.658
15.71 1.8019 0.0282 153.759
15.72 1.8181 0.0282 153.985
15.73 1.8181 0.0275 153.69
15.74 1.9191 0.0263 154.345
15.75 1.9473 0.0264 154.745
15.76 1.9312 0.0262 154.49
15.77 1.9514 0.0262 154.749
15.78 1.9716 0.0262 155.006
15.79 1.9958 0.0262 155.306
15.8 2.0281 0.0275 156.321
15.81 2.0564 0.0291 157.4
15.82 2.0726 0.0291 157.605
15.83 2.0807 0.0291 157.722
15.84 2.0807 0.0291 157.749
15.85 2.0362 0.029 157.242
15.86 2.0201 0.029 157.09
15.87 2.0039 0.0287 156.799
15.88 2.004 0.0281 156.552
15.89 2.0042 0.0278 156.442
15.9 2.006 0.0278 156.49
15.91 2.0201 0.0278 156.675
15.92 2.0362 0.0278 156.882
15.93 2.0443 0.0288 157.461
15.94 2.0766 0.0308 158.729
15.95 2.1817 0.0308 159.889
15.96 2.2221 0.0317 160.725
15.97 2.2221 0.0321 160.921
15.98 2.3675 0.0325 162.592
15.99 2.4402 0.0324 163.288
16 2.5574 0.0335 164.881
16.01 2.5978 0.0346 165.727
16.02 2.5978 0.0363 166.418
16.03 2.6786 0.0376 167.673
16.04 2.727 0.0377 168.172
16.05 2.8078 0.0377 168.91
16.06 2.8523 0.0515 173.774
16.07 2.9533 0.0653 178.162
16.08 2.9856 0.0802 181.55
16.09 2.9695 0.0841 182.159
16.1 2.9856 0.0899 183.347
16.11 3.0018 0.0931 184.056
16.12 3.022 0.0943 184.462
16.13 3.8623 0.0952 191.28
16.14 4.7026 0.0953 196.83
16.15 4.6056 0.0952 196.257
16.16 4.4278 0.0952 195.181
16.17 4.0925 0.095 192.98
16.18 3.9269 0.0943 191.75
16.19 3.8219 0.0928 190.782
16.2 3.7895 0.0853 189.249
16.21 3.6199 0.0807 187.172
16.22 3.4825 0.0807 186.164
16.23 3.3452 0.0719 183.351
16.24 3.1836 0.0619 179.825
16.25 3.0381 0.0545 176.766
16.26 2.9452 0.0493 174.545
16.27 2.727 0.0455 171.502
16.28 2.6382 0.0416 169.447
16.29 2.6382 0.0336 166.491
16.3 2.4968 0.0336 165.204
16.31 2.2988 0.033 163.033
16.32 2.2059 0.0325 161.89
16.33 2.1493 0.0325 161.312
16.34 2.0766 0.0313 160.041
16.35 2.012 0.0314 159.383
16.36 1.9393 0.0293 157.657
16.37 1.9393 0.0272 156.711
16.38 1.8665 0.0242 154.368
16.39 1.8342 0.0233 153.522
16.4 1.8342 0.0213 152.406
16.41 1.7292 0.0213 151.143
16.42 1.7271 0.0208 150.844
16.43 1.7251 0.0204 150.601
16.44 1.7251 0.0205 150.688
16.45 1.7211 0.0201 150.416
16.46 1.7176 0.0198 150.209
16.47 1.7181 0.0188 149.594
16.48 1.7187 0.02 150.4
16.49 1.7211 0.0211 151.127
16.5 1.7373 0.0303 155.983
16.51 1.9231 0.0317 158.904
16.52 1.9999 0.0345 160.959
16.53 2.0766 0.0353 162.17
16.54 2.1332 0.0352 162.788
16.55 2.3256 0.0379 165.87
16.56 2.518 0.0401 168.597
16.57 3.0502 0.0454 175.146
16.58 3.2199 0.0484 177.489
16.59 3.3048 0.0507 178.875
16.6 3.4179 0.053 180.438
16.61 3.4946 0.0558 181.823
16.62 3.636 0.0637 184.922
16.63 3.7249 0.0665 186.262
16.64 3.7653 0.0672 186.746
16.65 3.7855 0.0672 186.921
16.66 3.8219 0.0725 188.396
16.67 3.8461 0.0737 188.857
16.68 3.8865 0.0744 189.321
16.69 4.0602 0.0752 190.719
16.7 4.1612 0.0752 191.426
16.71 4.2339 0.0797 192.867
16.72 4.2339 0.0812 193.198
16.73 4.3713 0.0829 194.456
16.74 4.4157 0.0829 194.772
16.75 4.4642 0.0829 195.111
16.76 4.5329 0.0829 195.573
16.77 4.5329 0.0808 195.188
16.78 4.5046 0.079 194.679
16.79 4.4278 0.0758 193.563
16.8 4.2339 0.0737 191.901
16.81 4.1612 0.0709 190.839
16.82 4.1571 0.0685 190.297
16.83 4.1531 0.0686 190.326
16.84 4.1774 0.0687 190.54
16.85 3.9835 0.069 189.34
16.86 3.9821 0.0701 189.611
16.87 3.9911 0.0705 189.794
16.88 4.0001 0.0704 189.864
16.89 4.0441 0.0703 190.173
16.9 4.1249 0.07 190.679
16.91 4.1733 0.0681 190.594
16.92 4.2541 0.0637 190.093
16.93 4.2703 0.0606 189.44
16.94 4.2865 0.0606 189.575
16.95 4.2622 0.0553 188.013
16.96 4.2622 0.0516 186.964
16.97 4.2299 0.0505 186.455
16.98 4.137 0.0502 185.798
16.99 3.9188 0.051 184.627
17 3.8501 0.0517 184.397
17.01 3.8501 0.0561 185.684
17.02 3.7007 0.0593 185.514
17.03 3.6704 0.0618 185.962
17.04 3.6762 0.0629 186.308
17.05 3.682 0.0636 186.552
17.06 3.7239 0.0639 186.96
17.07 3.8178 0.0638 187.638
17.08 4.0158 0.0637 189.015
17.09 4.04 0.0635 189.16
17.1 4.0198 0.0618 188.628
17.11 4.0158 0.0611 188.453
17.12 4.0239 0.0611 188.538
17.13 3.8946 0.057 186.603
17.14 3.8946 0.0535 185.652
17.15 3.6481 0.0535 183.942
17.16 3.5189 0.0504 182.112
17.17 3.3694 0.0489 180.552
17.18 3.3532 0.0461 179.573
17.19 3.3532 0.0436 178.771
17.2 3.3209 0.0436 178.55
17.21 3.3128 0.0383 176.602
17.22 3.3128 0.0356 175.559
17.23 3.3044 0.0357 175.564
17.24 3.3004 0.0357 175.562
17.25 3.3006 0.036 175.714
17.26 3.3007 0.0379 176.497
17.27 3.3007 0.041 177.684
17.28 3.3573 0.0471 180.216
17.29 3.4219 0.0513 182.029
17.3 3.6239 0.0548 184.579
17.31 3.7572 0.0572 186.235
17.32 3.7572 0.0606 187.161
17.33 4.0723 0.0644 190.336
17.34 4.238 0.0644 191.463
17.35 4.642 0.087 198.937
17.36 4.8642 0.0967 202.083
17.37 5.1025 0.104 204.748
17.38 5.4095 0.1086 207.256
17.39 5.6964 0.1137 209.636
17.4 5.9873 0.1174 211.743
17.41 5.9873 0.1252 212.913
17.42 7.1629 0.1252 218.516
17.43 7.583 0.1292 220.929
17.44 7.9466 0.1318 222.829
17.45 8.2779 0.1318 224.179
17.46 8.5688 0.1343 225.685
17.47 8.7546 0.1351 226.531
17.48 9.0172 0.1314 227.008
17.49 9.0172 0.1276 226.491
17.5 9.2717 0.1146 225.412
17.51 9.4616 0.0844 220.426
17.52 9.4616 0.0213 196.599
17.53 9.8898 0.0296 203.38
17.54 10.112 0.038 208.35
17.55 10.609 0.0552 216.448
17.56 10.827 0.0899 226.109
17.57 11.013 0.1199 232.197
17.58 11.166 0.1263 233.705
17.59 4.7308 0.1271 206.66
17.6 5.1058 0.1279 209.085
17.61 5.4808 0.1278 211.25
17.62 6.2549 0.1506 218.302
17.63 7.8234 0.157 226.268
17.64 11.021 0.1634 238.543
17.65 11.259 0.1634 239.316
17.66 10.912 0.1781 239.991
17.67 10.439 0.1825 238.987
17.68 10.007 0.1849 237.832
17.69 9.5141 0.186 236.262
17.7 9.2111 0.1862 235.222
17.71 8.9081 0.1835 233.844
17.72 8.9081 0.1807 233.582
17.73 7.781 0.1667 227.579
17.74 7.2477 0.1583 224.333
17.75 6.3347 0.1466 218.658
17.76 6.0963 0.1338 215.841
17.77 5.7206 0.1208 212.095
17.78 5.2278 0.1066 207.227
17.79 4.8642 0.1066 205.119
17.8 4.448 0.0788 197.497
17.81 4.2743 0.065 193.278
17.82 4.1127 0.0482 187.514
17.83 3.9673 0.0435 184.988
17.84 3.8057 0.0408 182.934
17.85 3.6885 0.0393 181.574
17.86 3.6885 0.0371 180.734
17.87 3.5108 0.0348 178.528
17.88 3.4219 0.0342 177.64
17.89 3.3007 0.0336 176.488
17.9 3.2966 0.0336 176.483
17.91 3.2946 0.0334 176.408
17.92 3.2949 0.0331 176.305
17.93 3.2952 0.0331 176.335
17.94 3.2967 0.0331 176.374
17.95 3.325 0.033 176.574
17.96 3.3532 0.033 176.816
17.97 3.3532 0.0331 176.888
17.98 3.3936 0.0331 177.221
17.99 3.4138 0.0334 177.533
18 3.4138 0.0336 177.648
18.01 3.4461 0.0342 178.179
18.02 3.4825 0.0354 178.989
18.03 3.5552 0.0363 179.926
18.04 3.6077 0.0377 180.902
18.05 3.6077 0.0761 191.819
18.06 3.7249 0.0947 196.272
18.07 3.8017 0.1019 198.084
18.08 3.8784 0.1095 199.878
18.09 3.9552 0.1133 201.043
18.1 4.04 0.1424 205.562
18.11 4.1935 0.1575 208.441
18.12 6.8841 0.17 225.325
18.13 7.9547 0.17 230.099
18.14 8.3506 0.1776 232.595
18.15 8.5082 0.1813 233.658
18.16 8.6415 0.183 234.4
18.17 7.6679 0.1838 230.518
18.18 7.3164 0.1806 228.667
18.19 7.1063 0.1773 227.395
18.2 7.1063 0.1741 227.085
18.21 6.666 0.1664 224.192
18.22 6.4882 0.1593 222.546
18.23 6.4882 0.1528 221.81
18.24 6.1044 0.1454 218.998
18.25 6.1044 0.1418 218.575
18.26 6.0317 0.1403 218.039
18.27 5.9973 0.1413 218.021
18.28 6.0294 0.1422 218.337
18.29 6.0615 0.1464 219.067
18.3 6.1287 0.1483 219.684
18.31 6.6579 0.1525 222.871
18.32 7.0498 0.1759 227.434
18.33 7.4457 0.1874 230.476
18.34 7.7891 0.1977 233.048
18.35 8.1001 0.1977 234.401
18.36 8.3304 0.2224 237.702
18.37 8.3991 0.2319 238.849
18.38 8.4031 0.2319 238.901
18.39 8.2658 0.2553 240.285
18.4 8.0678 0.2619 239.993
18.41 7.9466 0.269 240.04
18.42 7.9466 0.2763 240.612
18.43 7.8375 0.2763 240.17
18.44 7.8431 0.2794 240.454
18.45 7.8487 0.2767 240.321
18.46 7.8901 0.2843 241.082
18.47 8.0638 0.2897 242.254
18.48 8.5849 0.3655 249.259
18.49 8.892 0.3987 252.381
18.5 8.892 0.3997 252.471
18.51 9.3767 0.399 254.409
18.52 9.506 0.3982 254.907
18.53 9.9423 0.3915 256.236
18.54 10.249 0.3712 256.261
18.55 12.718 0.3663 264.098
18.56 13.582 0.3668 266.68
18.57 14.168 0.3672 268.371
18.58 14.447 0.3682 269.227
18.59 14.621 0.3718 269.95
18.6 14.738 0.3764 270.577
18.61 14.217 0.3896 269.992
18.62 13.514 0.388 267.976
18.63 13.271 0.3864 267.225
18.64 13.053 0.3822 266.386
18.65 12.92 0.3733 265.512
18.66 12.887 0.3461 263.788
18.67 12.762 0.3244 262.042
18.68 12.483 0.299 259.481
18.69 12.184 0.2848 257.571
18.7 11.789 0.2817 256.156
18.71 11.457 0.2794 254.969
18.72 10.888 0.2773 252.984
18.73 9.9423 0.2773 249.732
18.74 9.3969 0.2736 247.472
18.75 8.8718 0.2661 244.9
18.76 8.488 0.2661 243.382
18.77 8.193 0.2438 240.424
18.78 7.9911 0.2322 238.627
18.79 7.8356 0.2252 237.383
18.8 7.7739 0.2237 237.016
18.81 7.7436 0.225 237.032
18.82 7.729 0.2263 237.116
18.83 7.7226 0.2292 237.374
18.84 7.7397 0.2344 237.929
18.85 7.7567 0.2367 238.233
18.86 7.9103 0.2366 238.933
18.87 8.0153 0.2366 239.422
18.88 8.084 0.2364 239.735
18.89 8.189 0.2343 240.038
18.9 8.2779 0.2342 240.439
18.91 8.3021 0.2341 240.567
18.92 8.29 0.2335 240.5
18.93 8.2617 0.2329 240.366
18.94 8.1769 0.2313 239.906
18.95 8.193 0.2269 239.626
18.96 8.0234 0.2244 238.72
18.97 7.983 0.2244 238.582
18.98 7.8901 0.2177 237.615
18.99 7.8901 0.2148 237.385
19 7.6881 0.1672 231.655
19.01 7.579 0.1722 231.781
19.02 7.2315 0.1772 230.802
19.03 7.0821 0.2048 232.931
19.04 7.0821 0.277 238.893
19.05 6.7266 0.2886 237.973
19.06 6.5811 0.2893 237.307
19.07 5.661 0.2873 232.116
19.08 5.5112 0.2854 231.128
19.09 5.4947 0.2735 230.244
19.1 6.7368 0.2642 236.454
19.11 7.9789 0.2564 241.719
19.12 8.2254 0.2485 242.184
19.13 7.9587 0.2396 240.342
19.14 7.7648 0.2222 238.027
19.15 7.7648 0.2141 237.327
19.16 7.5224 0.2063 235.551
19.17 6.771 0.1991 231.357
19.18 6.4842 0.1936 229.418
19.19 6.2943 0.1935 228.461
19.2 6.1367 0.1934 227.652
19.21 6.1052 0.1933 227.506
19.22 6.0923 0.1933 227.47
19.23 6.0923 0.1933 227.503
19.24 6.1509 0.1929 227.81
19.25 6.2094 0.1912 227.986
19.26 6.363 0.1912 228.823
19.27 6.8154 0.1912 231.131
19.28 7.0942 0.1912 232.502
19.29 7.4012 0.1915 233.989
19.3 7.7446 0.1917 235.577
19.31 8.0678 0.1935 237.186
19.32 8.3587 0.2027 239.357
19.33 8.8839 0.2078 242.001
19.34 9.2071 0.2078 243.285
19.35 9.4495 0.2156 244.982
19.36 9.5787 0.2202 245.928
19.37 9.7121 0.2267 247.051
19.38 9.7201 0.2309 247.493
19.39 9.8333 0.2379 248.559
19.4 9.7605 0.2491 249.281
19.41 9.7757 0.2593 250.206
19.42 9.7908 0.2698 251.126
19.43 9.8211 0.2787 251.953
19.44 10.027 0.2826 253.036
19.45 10.197 0.2868 253.997
19.46 10.496 0.3106 256.79
19.47 10.839 0.3141 258.259
19.48 11.166 0.3125 259.294
19.49 11.684 0.311 260.925
19.5 11.966 0.3073 261.6
19.51 12.205 0.3034 262.105
19.52 12.415 0.3029 262.751
19.53 13.506 0.3031 266.009
19.54 14.124 0.3033 267.781
19.55 14.507 0.3043 268.927
19.56 14.6 0.3036 269.161
19.57 14.859 0.3029 269.83
19.58 14.726 0.3013 269.401
19.59 14.726 0.3013 269.439
19.6 14.726 0.2633 266.471
19.61 14.726 0.2433 264.763
19.62 14.625 0.2383 264.082
19.63 14.447 0.2361 263.451
19.64 14.015 0.2373 262.449
19.65 13.602 0.2385 261.468
19.66 13.602 0.2383 261.487
19.67 12.641 0.238 258.752
19.68 12.096 0.2346 256.843
19.69 10.993 0.2251 252.497
19.7 10.451 0.205 248.757
19.71 10.451 0.2041 248.701
19.72 9.5505 0.205 245.62
19.73 8.6213 0.2058 242.139
19.74 8.1567 0.2091 240.567
19.75 7.7083 0.2104 238.773
19.76 7.512 0.2099 237.874
19.77 7.4419 0.21 237.596
19.78 7.5223 0.2102 238.016
19.79 7.6027 0.2111 238.499
19.8 8.1244 0.2133 241.031
19.81 8.9 0.2199 244.871
19.82 10.306 0.2243 250.546
19.83 10.847 0.2271 252.694
19.84 10.847 0.2271 252.73
19.85 11.639 0.227 255.334
19.86 11.938 0.2258 256.191
19.87 12.399 0.2006 255.105
19.88 12.58 0.1939 254.952
19.89 12.71 0.1939 255.365
19.9 12.6433 0.1812 253.773
19.91 12.7127 0.1739 253.141
19.92 12.7821 0.1586 251.441
19.93 12.94 0.156 251.575
19.94 12.887 0.1533 251.096
19.95 12.77 0.1537 250.856
19.96 12.77 0.1514 250.577
19.97 12.625 0.1492 249.895
19.98 12.492 0.1434 248.727
19.99 12.132 0.1434 247.716
20 11.934 0.1338 245.744
20.01 11.574 0.1338 244.696
20.02 11.239 0.132 243.423
20.03 10.185 0.1316 239.968
20.04 9.5707 -0.0675 -nan
20.05 8.8192 -0.0683 -nan
20.06 8.8192 -0.0683 -nan
20.07 7.0215 -0.0692 -nan
20.08 7.0215 -0.0692 -nan
20.09 5.9549 -0.0698 -nan
20.1 4.9975 -0.0684 -nan
