0.01 0.38 0 0
0.02 0.670001 0 0
0.03 0.830001 0 0
0.04 0.910001 0 0
0.05 0.970001 0 0
0.06 1.03 0.001 22.8556
0.07 1.12 0.01 29.2444
0.0800001 1.18 0.014 31.4475
0.0900001 1.25 0.017 33.2986
0.1 1.32 0.02 35.0289
0.11 1.34 0.023 36.469
0.12 1.47 0.029 38.6007
0.13 1.53 0.033 40.1264
0.14 1.62 0.04 41.9665
0.15 1.73 0.044 43.5297
0.16 1.85 0.052 45.374
0.17 1.92 0.059 46.8827
0.18 2 0.062 48.1126
0.19 2.07 0.065 49.2771
0.2 2.13 0.069 50.4409
0.21 2.26 0.07 51.6296
0.22 2.3 0.076 52.7939
0.23 2.29 0.077 53.475
0.24 2.28 0.078 54.1354
0.25 2.28 0.0800001 54.8687
0.26 2.29 0.0800001 55.5052
0.27 2.31 0.081 56.219
0.28 2.33 0.083 56.9763
0.29 3.16 0.088 60.4088
0.3 2.24 0.0850001 57.8657
0.31 2.34 0.082 58.5886
0.32 2.07 0.079 57.8938
0.33 1.8633 0.114 59.2953
0.34 1.6567 0.093 57.7987
0.35 1.45 0.0850001 56.7327
0.36 1.5 0.0803 57.1873
0.37 1.55 0.0757 57.6138
0.38 1.6 0.071 57.9984
0.39 1.83 0.058 58.5658
0.4 1.79 0.05 58.0705
0.41 1.74 0.046 57.8299
0.42 1.7533 0.048 58.4892
0.43 1.7667 0.045 58.622
0.44 1.78 0.036 57.9753
0.45 2.15 0.029 58.8781
0.46 2.24 0.022 58.2358
0.47 2.05 0.017 56.6144
0.48 1.9933 0.0183 57.066
0.49 1.9367 0.0197 57.5081
0.5 1.88 0.021 57.892
0.51 1.94 0.022 58.7023
0.52 2 0.029 60.6578
0.53 2.06 0.033 61.9019
0.54 2.15 0.038 63.3479
0.55 2.24 0.0377 64.0068
0.56 2.34 0.0373 64.6766
0.57 2.42 0.037 65.2672
0.58 2.53 0.039 66.2944
0.59 2.58 0.041 67.0767
0.6 2.65 0.042 67.7869
0.61 2.77 0.042 68.5348
0.62 2.85 0.042 69.1281
0.63 2.92 0.042 69.6793
0.640001 2.98 0.036 69.2959
0.650001 3.02 0.035 69.5657
0.660001 3.08 0.0347 70.0097
0.670001 3.09 0.0343 70.2679
0.680001 3.08 0.034 70.4735
0.690001 3.06 0.035 70.8644
0.700001 3.02 0.036 71.1804
0.710001 2.92 0.038 71.4366
0.720001 2.87 0.037 71.3782
0.730001 2.79 0.037 71.3614
0.740001 2.72 0.036 71.2077
0.75 2.56 0.0363 70.9015
0.760001 2.49 0.0367 70.9442
0.770001 2.42 0.037 70.9588
0.780001 2.35 0.038 71.0709
0.790001 2.29 0.038 71.0579
0.800001 2.22 0.038 70.9888
0.810001 2.17 0.039 71.1547
0.820001 2.14 0.039 71.2548
0.830001 2.12 0.039 71.3987
0.840001 2.12 0.039 71.6369
0.850001 2.12 0.038 71.7178
0.860001 2.12 0.037 71.7919
0.870001 2.14 0.036 71.9562
0.880001 2.15 0.034 71.891
0.890001 2.17 0.034 72.2134
0.900001 2.24 0.033 72.5894
0.910001 2.29 0.033 73.0446
0.920001 2.35 0.032 73.3522
0.930001 2.4 0.031 73.6017
0.940001 2.44 0.031 73.9968
0.950001 2.45 0.029 73.8476
0.960001 2.43 0.029 73.9755
0.970001 2.38 0.029 73.9672
0.980001 2.28 0.031 74.1315
0.990001 2.2 0.035 74.7102
1 2.06 0.041 75.1966
1.01 1.98 0.044 75.4179
1.02 1.9 0.046 75.4555
1.03 1.82 0.049 75.5895
1.04 1.73 0.053 75.7341
1.05 1.62 0.058 75.7872
1.06 1.6 0.064 76.4752
1.07 1.6 0.067 76.9678
1.08 1.6 0.068 77.2623
1.09 1.58 0.07 77.5071
1.1 1.56 0.073 77.8329
1.11 1.55 0.075 78.1323
1.12 1.53 0.077 78.3524
1.13 1.51 0.079 78.565
1.14 1.48 0.081 78.6939
1.15 1.47 0.081 78.8082
1.16 1.46 0.081 78.9205
1.17 1.45 0.0800001 78.9492
1.18 1.43 0.0800001 78.9781
1.19 1.41 0.078 78.837
1.2 1.55 0.0767 79.9932
1.21 1.53 0.0753 79.9056
1.22 1.54 0.074 80.0477
1.23 1.56 0.074 80.3788
1.24 1.59 0.073 80.6898
1.25 1.72 0.075 81.9747
1.26 1.87 0.076 83.2434
1.27 2.03 0.076 84.4187
1.28 2.18 0.077 85.5689
1.29 2.33 0.075 86.3906
1.3 2.36 0.073 86.541
1.31 2.37 0.07 86.4759
1.32 2.4 0.067 86.5002
1.33 2.47 0.064 86.7104
1.34 2.56 0.062 87.1097
1.35 2.71 0.059 87.6462
1.36 2.76 0.058 87.9326
1.37 2.75 0.057 87.9385
1.38 2.71 0.053 87.4001
1.39 2.64 0.05 86.8243
1.4 2.57 0.048 86.3677
1.41 2.46 0.046 85.6913
1.42 2.37 0.044 85.085
1.43 2.29 0.043 84.6686
1.44 2.12 0.043 83.8957
1.45 2.07 0.044 83.9292
1.46 2.05 0.045 84.1294
1.47 2.08 0.045 84.4657
1.48 2.12 0.045 84.8575
1.49 2.17 0.045 85.3024
1.5 2.17 0.044 85.3015
1.51 2.14 0.044 85.2881
1.52 2.1 0.044 85.2129
1.53 2.07 0.045 85.3511
1.54 2.03 0.045 85.2659
1.55 1.98 0.043 84.7919
1.56 1.95 0.041 84.4219
1.57 1.93 0.04 84.2732
1.58 1.9 0.038 83.8732
1.59 1.81 0.038 83.4353
1.6 1.76 0.038 83.2444
1.61 1.72 0.038 83.1131
1.62 1.69 0.039 83.2253
1.63 1.69 0.04 83.5436
1.64 1.7 0.039 83.5807
1.65 1.81 0.036 83.9206
1.66 1.98 0.035 84.956
1.67 2.23 0.035 86.5676
1.68 2.54 0.036 88.5593
1.69 2.91 0.038 90.8676
1.7 3.53 0.039 93.7862
1.71 4.02 0.038 95.5075
1.72 4.59 0.038 97.5066
1.73 5.12 0.039 99.4274
1.74 5.99 0.046 103.272
1.75 6.59 0.0473 105.112
1.76 7.42 0.0487 107.352
1.77 8.86 0.05 110.545
1.78 9.46 0.048 111.389
1.79 10.05 0.061 114.805
1.8 10.58 0.068 116.889
1.81 11.61 0.064 118.049
1.82 12.26 0.06 118.523
1.83 12.87 0.055 118.674
1.84 12.88 0.039 115.516
1.85 13.33 0.049 118.493
1.86 12.34 0.059 119.186
1.87 11.8567 0.069 120.236
1.88 11.3733 0.098 123.24
1.89 10.89 0.079 120.473
1.9 11.63 0.0850001 122.541
1.91 12.15 0.0883 123.888
1.92 11.94 0.0917 124.146
1.93 11.73 0.0950001 124.374
1.94 11.52 0.105 125.268
1.95 11.73 0.0903 124.205
1.96 12.01 0.0757 122.987
1.97 12.29 0.0758 123.584
1.98 12.57 0.0759 124.174
1.99 14.01 0.076 126.319
2 14.59 0.0947 129.587
2.01 13.52 0.1133 130.28
2.02 13.32 0.132 131.846
2.03 13.12 0.128 131.403
2.04 12.92 0.1193 130.525
2.05 13.79 0.1202 132.017
2.06 13.17 0.1211 131.405
2.07 13.18 0.122 131.677
2.08 13.55 0.127 132.824
2.09 13.7 0.1487 134.972
2.1 13.39 0.1703 136.235
2.11 14.23 0.192 138.995
2.12 14.9 0.186 139.734
2.13 16.86 0.174 141.641
2.14 18.99 0.128 140.637
2.15 18.08 0.126 139.644
2.16 13.66 0.1203 133.776
2.17 8.09 0.1147 123.724
2.18 8.1067 0.109 123.395
2.19 8.1233 0.182 128.974
2.2 8.14 0.13 125.609
2.21 8.81 0.119 126.276
2.22 8.9867 0.105 125.483
2.23 9.1633 0.119 127.311
2.24 9.34 0.1183 127.758
2.25 11.29 0.1177 131.402
2.26 8.57 0.117 126.381
2.27 8.49 0.136 127.958
2.28 8.41 0.172 130.464
2.29 8.33 0.1 124.688
2.3 8.1667 0.114 125.848
2.31 8.0033 0.06 119.101
2.32 7.84 0.077 121.384
2.33 7.65 0.0763 121.009
2.34 7.78 0.0757 121.367
2.35 8.24 0.075 122.426
2.36 7.95 0.045 116.866
2.37 7.93 0.017 107.862
2.38 9.18 0.0173 110.449
2.39 10.8 0.0177 113.411
2.4 10.96 0.018 113.943
2.41 8.81 0.078 124.887
2.42 8.4867 0.116 128.535
2.43 8.1633 0.141 130.059
2.44 7.84 0.143 129.604
2.45 8.46 0.139 130.872
2.46 8.2467 0.138 130.461
2.47 8.0333 0.123 128.876
2.48 7.82 0.108 127.139
2.49 7.84 0.093 125.754
2.5 7.45 0.077 123.025
2.51 7.3967 0.076 122.9
2.52 7.3433 0.0833 123.849
2.53 7.29 0.0907 124.736
2.54 7.7 0.098 126.674
2.55 7.44 0.084 124.578
2.56 7.27 0.0900001 125.015
2.57 7.29 0.057 120.532
2.58 6.9567 0.04 116.371
2.59 6.6233 0.0387 115.358
2.6 6.29 0.0373 114.275
2.61 6.16 0.036 113.718
2.62 5.87 0.031 111.653
2.63 5.7833 0.0353 112.744
2.64 5.6967 0.0397 113.724
2.65 5.61 0.044 114.569
2.66 5.29 0.051 115.128
2.67 5.72 0.048 115.966
2.68 5.5667 0.03 111.199
2.69 5.4133 0.017 105.75
2.7 5.26 0.017 105.422
2.71 5.84 0.0303 112.409
2.72 6.54 0.0437 117.912
2.73 6.04 0.057 119.297
2.74 5.73 0.067 120.12
2.75 5.42 0.053 116.979
2.76 5.11 0.062 117.633
2.77 5.36 0.047 115.863
2.78 5.3467 0.047 115.938
2.79 5.3333 0.047 116.012
2.8 5.32 0.047 116.085
2.81 5.3 0.065 119.313
2.82 4.99 0.077 120.08
2.83 3.63 0.056 111.813
2.84 3.8 0.041 109.777
2.85 3.97 0.05 112.42
2.86 4.14 0.0577 114.569
2.87 4.15 0.0653 115.907
2.88 4.32 0.073 117.779
2.89 4.19 0.075 117.639
2.9 4.47 0.081 119.618
2.91 4.77 0.081 120.857
2.92 4.11 0.074 117.519
2.93 4.34 0.078 119.077
2.94 4.3067 0.06 116.487
2.95 4.2733 0.047 114.124
2.96 4.24 0.038 112.103
2.97 4.1 0.043 112.821
2.98 3.96 0.015 102.936
2.99 3.82 0.008 97.2767
3 4.48 0.004 94.0444
3.01 4.44 0.006 97.2355
3.02 4.4 0.003 91.7516
3.03 4.36 0.007 98.4141
3.04 4.0833 0.007 97.5786
3.05 4.0389 0.009 99.5745
3.06 3.9944 0.013 102.598
3.07 3.95 0.017 104.84
3.08 5.16 0.021 110.985
3.09 5.74 0.054 122.024
3.1 6.95 0.064 127.332
3.11 6.76 0.063 126.772
3.12 6.5967 0.071 127.703
3.13 6.4333 0.088 129.651
3.14 6.27 0.105 131.2
3.15 7.32 0.122 135.964
3.16 6.57 0.118 133.611
3.17 4.47 0.096 124.36
3.18 4.8667 0.074 123.303
3.19 5.2633 0.052 121.2
3.2 5.66 0.057 123.522
3.21 6.01 0.051 123.553
3.22 5.8 0.049 122.62
3.23 7.67 0.049 127.765
3.24 7.89 0.045 127.49
3.25 8.11 0.049 129.016
3.26 8.33 0.053 130.474
3.27 8.67 0.057 132.137
3.28 9.01 0.057 132.984
3.29 9.35 0.117 142.059
3.3 8.81 0.129 142.116
3.31 8.77 0.1723 145.607
3.32 8.86 0.2157 148.697
3.33 8.95 0.259 151.324
3.34 9.04 0.25 151.222
3.35 9.99 0.189 150.01
3.36 9.73 0.153 146.959
3.37 11.14 0.14 148.87
3.38 10.97 0.133 148.03
3.39 11.85 0.115 148.006
3.4 12.39 0.079 144.495
3.41 12.4 0.096 146.995
3.42 13.15 0.088 147.293
3.43 12.74 0.0800001 145.583
3.44 12.51 0.072 144.051
3.45 13.86 0.079 147.444
3.46 15.23 0.046 142.998
3.47 14.84 0.0723 148.046
3.48 14.45 0.0987 151.469
3.49 14.06 0.125 153.991
3.5 15.24 0.232 164.145
3.51 16.26 0.192 163.224
3.52 18.05 0.203 166.599
3.53 16.5 0.159 161.277
3.54 8.85 0.1413 146.114
3.55 9.3733 0.1365 147.02
3.56 9.8967 0.1318 147.859
3.57 10.42 0.127 148.617
3.58 12.68 0.125 152.795
3.59 16.01 0.159 161.333
3.6 14.53 0.1807 160.922
3.61 14.87 0.2023 163.108
3.62 14.12 0.224 163.401
3.63 14.71 0.26 166.546
3.64 14.6667 0.204 163.274
3.65 14.6233 0.149 159.115
3.66 14.58 0.141 158.439
3.67 14.37 0.104 154.272
3.68 14.7 0.118 156.53
3.69 15.65 0.097 155.511
3.7 16.08 0.108 157.639
3.71 16.1 0.119 159.064
3.72 16.2433 0.13 160.563
3.73 16.3867 0.161 163.775
3.74 16.53 0.186 166.085
3.75 16.08 0.171 164.395
3.76 15.7533 0.154 162.609
3.77 15.4267 0.152 162.062
3.78 15.1 0.109 157.27
3.79 14.97 0.083 153.666
3.8 14.57 0.082 153.026
3.81 15.25 0.0877 155.011
3.82 15.48 0.0933 156.262
3.83 15.6267 0.099 157.362
3.84 15.7733 0.114 159.55
3.85 15.92 0.143 162.922
3.86 16.73 0.159 165.664
3.87 17.94 0.155 167.104
3.88 19.29 0.136 167.152
3.89 18.88 0.1337 166.518
3.9 18.39 0.1313 165.758
3.91 17.23 0.129 164.085
3.92 14.37 0.1353 160.601
3.93 13.9133 0.1417 160.586
3.94 13.4567 0.148 160.509
3.95 13 0.205 164.217
3.96 13.97 0.243 168.41
3.97 14.2 0.186 165.209
3.98 15.34 0.181 166.795
3.99 15.5267 0.154 164.97
4 15.7133 0.124 162.415
4.01 15.9 0.1323 163.684
4.02 17.01 0.1407 166.246
4.03 15.94 0.149 165.6
4.04 15.49 0.242 171.828
4.05 15.04 0.259 172.187
4.06 14.59 0.233 170.05
4.07 14.68 0.243 170.913
4.08 14.67 0.156 164.822
4.09 14.73 0.108 160.059
4.1 14.79 0.1067 160.1
4.11 14.85 0.1053 160.126
4.12 15.13 0.104 160.499
4.13 15.1 0.116 162.027
4.14 14.99 0.1147 161.814
4.15 14.35 0.1133 160.744
4.16 13.8 0.112 159.795
4.17 13.4133 0.0893 156.276
4.18 13.0267 0.0839 154.917
4.19 12.64 0.0784 153.48
4.2 12.01 0.073 151.553
4.21 11.93 0.073 151.507
4.22 12.32 0.073 152.311
4.23 11.54 0.073 150.982
4.24 10.72 0.074 149.656
4.25 10.7467 0.075 149.975
4.26 10.7733 0.076 150.292
4.27 10.8 0.081 151.243
4.28 11.06 0.072 150.38
4.29 11.56 0.0717 151.386
4.3 10.02 0.0713 148.328
4.31 9.8467 0.071 148
4.32 9.6733 0.106 152.725
4.33 9.5 0.0953 151.083
4.34 10.11 0.0847 151.051
4.35 9.73 0.074 148.637
4.36 8.51 0.069 145.043
4.37 8.5567 0.058 143.166
4.38 8.6033 0.0563 143.015
4.39 8.65 0.0547 142.874
4.4 8.3367 0.053 141.834
4.41 8.0233 0.065 143.56
4.42 7.71 0.046 138.779
4.43 7.58 0.0427 137.671
4.44 7.74 0.0393 137.222
4.45 7.93 0.0422 138.606
4.46 8.12 0.0451 139.938
4.47 8.31 0.048 141.223
4.48 7.8933 0.0433 139.07
4.49 7.4767 0.0387 136.79
4.5 7.06 0.034 134.294
4.51 6.74 0.029 131.728
4.52 6.6433 0.022 128.546
4.53 6.5467 0.023 128.83
4.54 6.45 0.024 129.089
4.55 6.54 0.025 129.866
4.56 6.35 0.023 128.501
4.57 7.85 0.024 133.036
4.58 8.78 0.025 135.741
4.59 9.29 0.026 137.379
4.6 9.4133 0.0273 138.284
4.61 9.5367 0.0287 139.205
4.62 9.66 0.03 140.062
4.63 9.89 0.027 139.395
4.64 9.84 0.024 138.018
4.65 10.43 0.0277 140.934
4.66 12.1 0.0313 145.539
4.67 12.82 0.035 148.214
4.68 11.19 0.064 152.916
4.69 10.04 0.0677 151.342
4.7 10.09 0.0713 152.194
4.71 10.8233 0.075 154.479
4.72 11.5567 0.094 158.996
4.73 12.29 0.12 163.8
4.74 8.74 0.136 157.678
4.75 9.36 0.152 160.817
4.76 9.98 0.168 163.762
4.77 10.6 0.136 162.405
4.78 11.48 0.1217 162.865
4.79 11.89 0.1073 162.078
4.8 11.9967 0.093 160.46
4.81 12.1033 0.0977 161.418
4.82 12.21 0.1023 162.336
4.83 11.47 0.107 161.576
4.84 11.12 0.113 161.681
4.85 11.11 0.1143 161.907
4.86 12.06 0.1157 164.092
4.87 11.54 0.117 163.298
4.88 10 0.142 162.656
4.89 9.8867 0.118 159.998
4.9 9.7733 0.032 143.379
4.91 9.66 0.0343 144.049
4.92 9.87 0.0367 145.394
4.93 10.0667 0.039 146.63
4.94 10.2633 0.0433 148.407
4.95 10.46 0.0477 150.101
4.96 8.26 0.052 146.21
4.97 7.77 0.14 157.465
4.98 6.92 0.149 155.751
4.99 6.12 0.07 143.779
5 6.06 0.0657 142.899
5.01 6 0.0671 143.024
5.02 5.94 0.0686 143.16
5.03 6.85 0.07 146.455
5.04 7.19 0.087 150.256
5.05 7.39 0.086 150.788
5.06 7.49 0.0933 152.192
5.07 7.43 0.1007 153.068
5.08 6.12 0.108 149.803
5.09 5.91 0.151 153.35
5.1 5.43 0.1523 151.682
5.11 5.24 0.1537 151.103
5.12 5.15 0.155 150.914
5.13 5.01 0.155 150.398
5.14 4.96 0.129 147.984
5.15 4.92 0.117 146.695
5.16 5.05 0.104 145.89
5.17 4.6 0.1043 144.054
5.18 4.53 0.1047 143.86
5.19 4.31 0.105 142.943
5.2 4.24 0.1 142.104
5.21 4.44 0.082 140.783
5.22 4.75 0.071 140.54
5.23 5.07 0.067 141.258
5.24 5.63 0.0667 143.428
5.25 6.97 0.0663 147.91
5.26 7.57 0.066 149.702
5.27 8.45 0.077 154.136
5.28 9.01 0.084 156.78
5.29 9.25 0.092 158.654
5.3 9.78 0.058 153.99
5.31 9.47 0.0577 153.292
5.32 10.57 0.0573 155.728
5.33 11.5 0.057 157.644
5.34 10.75 0.062 157.298
5.35 10.47 0.043 152.082
5.36 10.6 0.041 151.829
5.37 10.73 0.0447 153.272
5.38 10.62 0.0483 154.114
5.39 10.81 0.052 155.54
5.4 10.63 0.05 154.739
5.41 11.2833 0.048 155.624
5.42 11.9367 0.0547 158.687
5.43 12.59 0.0613 161.515
5.44 13.63 0.068 164.872
5.45 14.17 0.12 173.909
5.46 14.71 0.116 174.444
5.47 15.25 0.124 176.418
5.48 15.78 0.132 178.303
5.49 16.31 0.14 180.123
5.5 16.84 0.109 177.315
5.51 18.02 0.1083 179.047
5.52 18.36 0.1077 179.537
5.53 18.7 0.107 180.005
5.54 18.15 0.1063 179.225
5.55 19.2 0.1057 180.688
5.56 19.73 0.105 181.389
5.57 19.51 0.1083 181.654
5.58 20.11 0.1117 183.009
5.59 21.28 0.115 185.045
5.6 21.39 0.11 184.59
5.61 22.16 0.096 183.534
5.62 21.98 0.0967 183.52
5.63 22.82 0.0973 184.7
5.64 22.7 0.098 184.761
5.65 22.58 0.149 191.264
5.66 22.46 0.19 195.118
5.67 23.59 0.186 196.25
5.68 25.73 0.186 198.817
5.69 27.55 0.193 201.5
5.7 27.8833 0.197 202.293
5.71 28.2167 0.216 204.297
5.72 28.55 0.194 202.921
5.73 28.58 0.123 195.496
5.74 27.47 0.0850001 188.59
5.75 28.76 0.104 193.147
5.76 24.94 0.1193 191.49
5.77 24.94 0.1347 193.527
5.78 24.94 0.15 195.361
5.79 24.94 0.139 194.22
5.8 26.17 0.126 194.073
5.81 26.93 0.1323 195.761
5.82 27.22 0.1387 196.93
5.83 27.01 0.145 197.533
5.84 28.06 0.197 203.847
5.85 29.33 0.209 206.261
5.86 31.11 0.214 208.527
5.87 32.26 0.261 213.212
5.88 32.68 0.283 215.154
5.89 34.36 0.256 215.014
5.9 33.74 0.205 210.623
5.91 32.97 0.213 210.693
5.92 34.06 0.181 208.932
5.93 34.92 0.171 208.793
5.94 37.7 0.161 210.151
5.95 37.75 0.1643 210.645
5.96 36.86 0.1677 210.379
5.97 39.74 0.171 213.114
5.98 43.22 0.159 214.504
