0.01 4.63 0 0
0.02 10.91 0 0
0.03 15.55 0 0
0.04 11.8 0 0
0.05 14.83 0 0
0.06 16.26 0.019 43.4448
0.07 19.32 0.038 49.2468
0.0800001 18.17 0.035 50.3142
0.0900001 19.2 0.063 55.0298
0.1 19.14 0.067 56.9308
0.11 21.55 0.07 59.6834
0.12 25.12 0.074 62.7991
0.13 25.08 0.078 64.4792
0.14 26.37 0.123 68.8591
0.15 26.86 0.116 70.0367
0.16 27.59 0.109 71.2107
0.17 27.01 0.109 72.1998
0.18 27.53 0.109 73.558
0.19 28.78 0.11 75.2081
0.2 31.18 0.167 79.901
0.21 31.79 0.195 82.2727
0.22 29.46 0.222 83.3293
0.23 29.58 0.214 84.1574
0.24 29.7 0.215 85.2418
0.25 29 0.216 85.9522
0.26 29.61 0.227 87.5163
0.27 30.23 0.237 89.0224
0.28 29.66 0.225 89.294
0.29 27.55 0.223 89.1499
0.3 27.17 0.223 89.8143
0.31 27.2 0.223 90.6512
0.32 26.92 0.264 92.61
0.33 28.52 0.251 93.7906
0.34 26.4 0.239 93.1457
0.35 25.67 0.216 92.7369
0.36 22.18 0.2 90.9357
0.37 19.28 0.203 89.9119
0.38 18.36 0.195 89.6451
0.39 17.96 0.188 89.7354
0.4 17.53 0.171 89.3471
0.41 17.44 0.162 89.4924
0.42 16.5 0.177 90.0389
0.43 16.27 0.157 89.549
0.44 14.87 0.15 88.626
0.45 14.52 0.143 88.5234
0.46 14.01 0.135 88.1852
0.47 13.63 0.127 87.9154
0.48 12.51 0.126 87.2889
0.49 12.13 0.125 87.3436
0.5 11.47 0.122 86.9548
0.51 11.01 0.118 86.6803
0.52 10.86 0.11 86.471
0.53 10.37 0.089 84.8453
0.54 9.92 0.069 82.9685
0.55 9.63 0.071 83.2349
0.56 9.33 0.073 83.4652
0.57 9.22 0.072 83.6378
0.58 9.08 0.071 83.7606
0.59 9.01 0.062 83.1232
0.6 8.71 0.058 82.6464
0.61 8.8 0.054 82.6571
0.62 8.89 0.052 82.8927
0.63 9.24 0.051 83.5913
0.640001 9.4 0.051 84.1659
0.650001 9.59 0.052 84.9105
0.660001 9.79 0.052 85.5254
0.670001 9.86 0.051 85.8331
0.680001 9.97 0.05 86.183
0.690001 9.99 0.049 86.4131
0.700001 10.01 0.048 86.6357
0.710001 10.03 0.048 87.003
0.720001 9.97 0.045 86.7992
0.730001 9.95 0.045 87.1075
0.740001 9.9 0.043 87.0443
0.75 9.88 0.042 87.1734
0.760001 9.88 0.043 87.6665
0.770001 9.89 0.043 87.9985
0.780001 9.9 0.046 88.8246
0.790001 9.99 0.049 89.7264
0.800001 10.04 0.054 90.8368
0.810001 10.2 0.054 91.3588
0.820001 10.22 0.053 91.5543
0.830001 10.21 0.049 91.2527
0.840001 10.31 0.048 91.5285
0.850001 10.4 0.048 91.9451
0.860001 10.48 0.048 92.3464
0.870001 10.56 0.048 92.7451
0.880001 10.65 0.051 93.6251
0.890001 10.73 0.052 94.173
0.900001 10.73 0.052 94.4659
0.910001 10.69 0.052 94.7056
0.920001 10.69 0.053 95.1445
0.930001 10.72 0.053 95.4694
0.940001 10.75 0.053 95.7922
0.950001 10.77 0.052 95.9479
0.960001 10.8 0.053 96.4189
0.970001 10.82 0.051 96.4138
0.980001 10.84 0.051 96.7148
0.990001 10.95 0.05 96.9694
1 11.04 0.05 97.3553
1.01 11.06 0.05 97.6505
1.02 11.15 0.05 98.0326
1.03 11.22 0.05 98.3875
1.04 11.25 0.052 99.0126
1.05 11.28 0.053 99.472
1.06 11.29 0.053 99.7472
1.07 11.27 0.054 100.138
1.08 11.27 0.055 100.551
1.09 11.23 0.055 100.757
1.1 11.18 0.055 100.948
1.11 11.1 0.056 101.25
1.12 11.1 0.056 101.502
1.13 11.12 0.055 101.627
1.14 11.13 0.055 101.89
1.15 11.16 0.055 102.177
1.16 11.38 0.055 102.712
1.17 11.51 0.055 103.126
1.18 11.62 0.055 103.512
1.19 11.74 0.055 103.908
1.2 11.85 0.055 104.29
1.21 11.96 0.055 104.67
1.22 12.21 0.055 105.223
1.23 12.33 0.056 105.769
1.24 12.45 0.056 106.156
1.25 12.54 0.056 106.503
1.26 12.65 0.057 107.031
1.27 12.78 0.057 107.425
1.28 12.85 0.057 107.744
1.29 12.9 0.057 108.038
1.3 12.94 0.058 108.475
1.31 12.98 0.058 108.755
1.32 13.06 0.059 109.237
1.33 13.07 0.059 109.478
1.34 13.11 0.059 109.755
1.35 13.11 0.06 110.136
1.36 13.14 0.06 110.398
1.37 13.19 0.061 110.836
1.38 13.21 0.061 111.085
1.39 13.27 0.061 111.38
1.4 13.29 0.061 111.627
1.41 13.32 0.06 111.73
1.42 13.36 0.06 111.999
1.43 13.38 0.06 112.241
1.44 13.43 0.06 112.52
1.45 13.47 0.06 112.784
1.46 13.48 0.06 113.012
1.47 13.48 0.059 113.069
1.48 13.48 0.058 113.121
1.49 13.45 0.058 113.297
1.5 13.4 0.058 113.447
1.51 13.38 0.058 113.632
1.52 13.32 0.058 113.767
1.53 13.26 0.056 113.568
1.54 13.17 0.054 113.319
1.55 12.95 0.048 112.144
1.56 12.81 0.048 112.169
1.57 12.66 0.048 112.178
1.58 12.52 0.048 112.196
1.59 12.38 0.048 112.212
1.6 12.18 0.049 112.336
1.61 11.77 0.049 111.978
1.62 11.66 0.05 112.208
1.63 11.61 0.051 112.515
1.64 11.59 0.052 112.861
1.65 11.6 0.052 113.066
1.66 11.61 0.053 113.45
1.67 11.63 0.053 113.668
1.68 11.65 0.054 114.062
1.69 11.68 0.055 114.467
1.7 11.76 0.055 114.768
1.71 11.8 0.056 115.184
1.72 11.85 0.057 115.611
1.73 11.9 0.057 115.868
1.74 11.96 0.057 116.138
1.75 12.01 0.058 116.561
1.76 12.13 0.058 116.913
1.77 12.2 0.058 117.195
1.78 12.27 0.058 117.475
1.79 12.34 0.058 117.755
1.8 12.43 0.058 118.061
1.81 12.51 0.059 118.52
1.82 12.62 0.059 118.852
1.83 12.84 0.06 119.496
1.84 12.96 0.064 120.483
1.85 13.05 0.065 120.941
1.86 13.09 0.066 121.33
1.87 13.14 0.067 121.73
1.88 13.16 0.068 122.088
1.89 13.13 0.069 122.376
1.9 13 0.07 122.527
1.91 13.01 0.073 123.149
1.92 13.01 0.075 123.605
1.93 13.15 0.078 124.38
1.94 13.38 0.082 125.391
1.95 13.71 0.087 126.634
1.96 14.12 0.087 127.353
1.97 14.59 0.083 127.635
1.98 15.7 0.078 128.506
1.99 16.4 0.076 129.217
2 17.27 0.079 130.785
2.01 18.49 0.081 132.535
2.02 19.99 0.092 135.647
2.03 21.41 0.092 137.182
2.04 23.29 0.091 138.918
2.05 24.62 0.088 139.834
2.06 26.84 0.101 143.409
2.07 28.36 0.101 144.746
2.08 29.02 0.102 145.54
2.09 30.73 0.103 147.06
2.1 30.39 0.118 148.692
2.11 32.07 0.14 152.196
2.12 32.97 0.14 153.005
2.13 33.62 0.126 152.296
2.14 34.59 0.123 152.814
2.15 35.34 0.123 153.485
2.16 36.2 0.122 154.112
2.17 36.39 0.128 155.044
2.18 36.68 0.134 156.013
2.19 37.29 0.14 157.155
2.2 37.89 0.146 158.268
2.21 37.67 0.153 158.953
2.22 39.03 0.143 159.07
2.23 39.89 0.134 158.908
2.24 41.86 0.126 159.396
2.25 43.06 0.118 159.372
2.26 41.2 0.178 164.074
2.27 41.51 0.2 166.055
2.28 41.81 0.21 167.108
2.29 41.85 0.22 167.983
2.3 41.78 0.222 168.273
2.31 41.52 0.223 168.388
2.32 41.42 0.217 168.149
2.33 41.86 0.187 166.533
2.34 42.31 0.19 167.209
2.35 44.89 0.192 168.988
2.36 43.52 0.228 170.859
2.37 44.2 0.225 171.254
2.38 44.56 0.233 172.155
2.39 46.78 0.269 175.653
2.4 47.45 0.33 179.24
2.41 46 0.32 178.19
2.42 44.54 0.319 177.523
2.43 44.57 0.319 177.744
2.44 44.6 0.311 177.588
2.45 45.56 0.306 178.096
2.46 46.51 0.301 178.583
2.47 47.03 0.282 178.103
2.48 45.07 0.237 174.668
2.49 44.31 0.208 172.552
2.5 45.18 0.179 171.078
2.51 46.04 0.182 171.972
2.52 45.44 0.151 169.188
2.53 45.26 0.123 166.413
2.54 45.09 0.128 167.059
2.55 45.5 0.133 167.994
2.56 44.64 0.118 166.054
2.57 43.15 0.104 163.694
2.58 41.66 0.098 162.24
2.59 43.5 0.088 161.972
2.6 43.09 0.088 161.924
2.61 42.68 0.089 162.026
2.62 42.45 0.0900001 162.223
2.63 42.17 0.098 163.394
2.64 41.45 0.099 163.299
2.65 42.73 0.111 165.759
2.66 41.41 0.111 165.184
2.67 41.87 0.132 168.025
2.68 42.32 0.142 169.485
2.69 44.42 0.111 167.383
2.7 44.81 0.116 168.383
2.71 41.6 0.12 167.233
2.72 40.77 0.123 167.262
2.73 40.75 0.125 167.646
2.74 40.74 0.152 170.563
2.75 42.16 0.167 172.929
2.76 40.54 0.168 172.215
2.77 37.64 0.174 171.055
2.78 36.76 0.179 171.046
2.79 35.89 0.184 171.019
2.8 36.65 0.188 172.014
2.81 36.47 0.193 172.439
2.82 36.3 0.207 173.501
2.83 36.04 0.213 173.905
2.84 34.78 0.215 173.321
2.85 32.6 0.212 171.68
2.86 31.51 0.208 170.737
2.87 30.58 0.216 170.702
2.88 30.31 0.225 171.23
2.89 29.29 0.266 172.944
2.9 28.42 0.307 174.428
2.91 29.09 0.278 173.742
2.92 29.76 0.25 172.944
2.93 30.93 0.227 172.68
2.94 26.8 0.203 167.747
2.95 23.59 0.217 165.766
2.96 23.91 0.205 165.459
2.97 24.23 0.202 165.728
2.98 25.33 0.2 166.809
2.99 27.15 0.217 169.79
3 28.77 0.221 171.632
3.01 31.37 0.162 169.508
3.02 33.12 0.103 164.672
3.03 32 0.091 162.328
3.04 34.64 0.089 164.038
3.05 33.47 0.089 163.378
3.06 32.3 0.0950001 163.576
3.07 32.05 0.101 164.377
3.08 32.45 0.13 168.318
3.09 31.79 0.117 166.506
3.1 31.12 0.104 164.525
3.11 30.59 0.1 163.73
3.12 31.11 0.0850001 162.068
3.13 30.25 0.097 163.344
3.14 30.52 0.109 165.295
3.15 30.09 0.116 165.96
3.16 29.57 0.112 165.207
3.17 27.99 0.109 163.68
3.18 27.77 0.091 161.198
3.19 26.43 0.088 159.748
3.2 25.47 0.091 159.481
3.21 25.04 0.093 159.517
3.22 23.78 0.094 158.614
3.23 22.34 0.091 156.905
3.24 22.33 0.091 157.03
3.25 22.05 0.091 156.879
3.26 21.59 0.094 156.96
3.27 21.39 0.098 157.428
3.28 21.16 0.0950001 156.91
3.29 20.69 0.092 156.119
3.3 20.67 0.087 155.504
3.31 20.65 0.0800001 154.531
3.32 20.88 0.0800001 154.908
3.33 21.1 0.079 155.109
3.34 21.01 0.078 154.978
3.35 21.21 0.074 154.64
3.36 21.64 0.0800001 156.226
3.37 22.28 0.0850001 157.807
3.38 22.8 0.086 158.617
3.39 24.23 0.086 160.144
3.4 25.25 0.0950001 162.57
3.41 26.07 0.104 164.689
3.42 28.07 0.093 165.045
3.43 28.55 0.084 164.186
3.44 28.75 0.101 167.026
3.45 28.49 0.103 167.215
3.46 28.23 0.105 167.397
3.47 28.39 0.11 168.317
3.48 28.55 0.116 169.335
3.49 28.39 0.122 170.045
3.5 29.11 0.145 173.267
3.51 28.2 0.155 173.574
3.52 28.42 0.149 173.336
3.53 28.65 0.144 173.181
3.54 28.99 0.123 171.35
3.55 28.73 0.103 168.752
3.56 28.69 0.078 164.99
3.57 28.13 0.063 161.75
3.58 28.21 0.076 164.49
3.59 27.92 0.078 164.728
3.6 27.25 0.0800001 164.627
3.61 26.88 0.087 165.581
3.62 26.1 0.0950001 166.219
3.63 25.23 0.096 165.681
3.64 22.42 0.088 161.837
3.65 22.03 0.0800001 160.275
3.66 21.65 0.078 159.659
3.67 21.83 0.068 158.155
3.68 21.55 0.07 158.362
3.69 20.31 0.068 156.757
3.7 20.09 0.06 155.006
3.71 19.66 0.059 154.424
3.72 19.42 0.062 154.904
3.73 18.96 0.064 154.894
3.74 18.19 0.062 153.681
3.75 17.18 0.069 153.898
3.76 17.12 0.072 154.481
3.77 16.93 0.073 154.524
3.78 16.3 0.073 153.796
3.79 15.64 0.073 152.995
3.8 15.6 0.071 152.698
3.81 15.66 0.072 153.072
3.82 15.18 0.072 152.498
3.83 14.87 0.072 152.156
3.84 14.79 0.071 151.971
3.85 14.74 0.069 151.646
3.86 14.6 0.067 151.177
3.87 14.59 0.067 151.271
3.88 14.6 0.067 151.394
3.89 14.6 0.068 151.689
3.9 14.66 0.067 151.7
3.91 14.67 0.067 151.823
3.92 14.75 0.068 152.238
3.93 14.78 0.068 152.39
3.94 14.82 0.068 152.557
3.95 14.89 0.068 152.768
3.96 14.94 0.068 152.95
3.97 14.95 0.071 153.622
3.98 15.08 0.075 154.625
3.99 15.25 0.081 155.979
4 15.71 0.0800001 156.595
4.01 15.93 0.079 156.853
4.02 16.13 0.079 157.244
4.03 16.37 0.078 157.521
4.04 16.61 0.077 157.791
4.05 16.92 0.0800001 158.824
4.06 17.14 0.083 159.718
4.07 17.42 0.084 160.36
4.08 17.71 0.091 161.926
4.09 18.36 0.092 163.028
4.1 18.93 0.0900001 163.559
4.11 19.62 0.089 164.363
4.12 20.28 0.094 166.013
4.13 20.61 0.096 166.803
4.14 21.17 0.097 167.705
4.15 23.17 0.0950001 169.719
4.16 24.53 0.094 171.083
4.17 25.38 0.072 168.265
4.18 25.93 0.065 167.466
4.19 28.08 0.064 169.292
4.2 28.62 0.063 169.647
4.21 28.81 0.068 171.004
4.22 29.66 0.073 172.853
4.23 29.86 0.076 173.715
4.24 30.15 0.066 172.04
4.25 30.38 0.079 174.938
4.26 30.75 0.083 176.08
4.27 30.74 0.087 176.878
4.28 31.57 0.0950001 178.979
4.29 30.65 0.103 179.537
4.3 30.44 0.104 179.62
4.31 30.25 0.105 179.717
4.32 30.57 0.104 179.963
4.33 29.13 0.102 178.543
4.34 30.25 0.098 179.034
4.35 28.88 0.094 177.341
4.36 28.71 0.093 177.145
4.37 28.83 0.097 177.987
4.38 28.95 0.102 178.954
4.39 29.61 0.113 181.187
4.4 30.88 0.131 184.658
4.41 31.56 0.139 186.272
4.42 34.5 0.147 189.676
4.43 34.99 0.144 189.855
4.44 35.06 0.179 193.5
4.45 37.06 0.173 194.621
4.46 37.99 0.168 194.963
4.47 37.12 0.169 194.53
4.48 37.25 0.167 194.556
4.49 38.19 0.167 195.377
4.5 37.49 0.163 194.585
4.51 36.8 0.157 193.58
4.52 37.04 0.152 193.359
4.53 37.24 0.151 193.522
4.54 37.44 0.151 193.79
4.55 37.99 0.149 194.1
4.56 38.9 0.147 194.663
4.57 39.16 0.141 194.294
4.58 39.28 0.134 193.675
4.59 39.81 0.134 194.167
4.6 39.91 0.133 194.234
4.61 38.24 0.125 192.164
4.62 36.57 0.116 189.863
4.63 36.8 0.109 189.167
4.64 37.02 0.117 190.563
4.65 38.38 0.124 192.599
4.66 39.73 0.13 194.439
4.67 40.93 0.135 196.004
4.68 39.64 0.139 195.693
4.69 41.52 0.134 196.521
4.7 40.47 0.129 195.294
4.71 40.49 0.129 195.424
4.72 40.5 0.13 195.671
4.73 39.67 0.13 195.204
4.74 38.92 0.131 194.906
4.75 38.57 0.141 195.963
4.76 38.21 0.151 196.932
4.77 38.43 0.163 198.469
4.78 38.02 0.171 199.07
4.79 38.69 0.185 200.999
4.8 39.37 0.199 202.848
4.81 39.5 0.2 203.147
4.82 40.22 0.195 203.365
4.83 40.06 0.191 203.015
4.84 38.41 0.195 202.253
4.85 38.66 0.198 202.816
4.86 38.9 0.2 203.283
4.87 40.3 0.17 201.692
4.88 39.22 0.164 200.419
4.89 38.91 0.171 201.002
4.9 38.6 0.178 201.556
4.91 38.68 0.182 202.104
4.92 37.93 0.183 201.741
4.93 36.47 0.176 200.067
4.94 37.53 0.175 200.912
4.95 35.38 0.192 200.868
4.96 34.98 0.208 201.992
4.97 34.13 0.204 201.066
4.98 32.57 0.217 200.857
4.99 32.32 0.219 200.899
5 32.93 0.203 200.285
5.01 33.54 0.187 199.559
5.02 33.68 0.2 200.91
5.03 32.86 0.213 201.361
5.04 33.06 0.223 202.419
5.05 33.26 0.205 201.293
5.06 33.5 0.201 201.282
5.07 33.95 0.212 202.676
5.08 33.33 0.216 202.564
5.09 32.27 0.205 200.859
5.1 32.04 0.193 199.756
5.11 32.25 0.191 199.88
5.12 30.7 0.188 198.314
5.13 30.37 0.165 195.974
5.14 30.4 0.162 195.808
5.15 30.66 0.144 194.242
5.16 30.92 0.121 191.786
5.17 30.81 0.113 190.702
5.18 31.67 0.12 192.523
5.19 31.25 0.119 192.123
5.2 30.83 0.118 191.717
5.21 30.7 0.106 189.999
5.22 30.63 0.094 188.148
5.23 30.8 0.081 186.08
5.24 29.86 0.086 186.275
5.25 29.66 0.0850001 186.013
5.26 29.78 0.084 186.036
5.27 29.89 0.083 186.048
5.28 30.58 0.083 186.759
5.29 30.55 0.081 186.452
5.3 30.88 0.079 186.45
5.31 31.22 0.084 187.799
5.32 31.88 0.0900001 189.549
5.33 32.28 0.097 191.176
5.34 32.79 0.122 195.401
5.35 32.96 0.171 201.222
5.36 33.06 0.149 199.12
5.37 33.16 0.168 201.31
5.38 33.25 0.169 201.592
5.39 34.81 0.168 202.932
5.4 35.36 0.168 203.496
5.41 36.68 0.155 203.311
5.42 36.95 0.129 200.543
5.43 39.72 0.131 203.005
5.44 36.51 0.136 201.285
5.45 35.06 0.132 199.72
5.46 34.97 0.129 199.366
5.47 35.76 0.13 200.239
5.48 36.54 0.121 199.768
5.49 35.58 0.109 197.382
5.5 33.99 0.092 193.437
5.51 33.65 0.102 194.921
5.52 33.87 0.096 194.221
5.53 34.09 0.1 195.161
5.54 33.72 0.101 195.114
5.55 33.45 0.091 193.302
5.56 33.18 0.089 192.817
5.57 32.53 0.094 193.241
5.58 32.72 0.099 194.336
5.59 32.9 0.1 194.749
5.6 32.94 0.099 194.717
5.61 33.45 0.098 195.08
5.62 34.22 0.094 195.14
5.63 34.02 0.0900001 194.367
5.64 34.86 0.081 193.444
5.65 34.79 0.082 193.681
5.66 34.91 0.083 194.068
5.67 35.03 0.127 201.256
5.68 35.07 0.139 202.907
5.69 35.69 0.134 202.9
5.7 37.57 0.128 203.727
5.71 38.11 0.137 205.403
5.72 37.88 0.146 206.414
5.73 38.09 0.168 209.106
5.74 38.31 0.176 210.193
5.75 38.59 0.156 208.413
5.76 38.38 0.137 206.111
5.77 38.17 0.109 202.165
5.78 38.68 0.105 202.02
5.79 37.9 0.11 202.307
5.8 36.82 0.115 202.31
5.81 36.25 0.142 205.527
5.82 36.9 0.133 205.033
5.83 33.98 0.124 201.531
5.84 32.87 0.113 199.121
5.85 33.25 0.113 199.545
5.86 33.63 0.114 200.114
5.87 34.29 0.115 200.916
5.88 31.97 0.128 200.774
5.89 31.51 0.127 200.319
5.9 31.79 0.126 200.537
5.91 32.08 0.125 200.761
5.92 32.47 0.122 200.799
5.93 31.9 0.119 199.967
5.94 31.97 0.124 200.81
5.95 32.04 0.13 201.759
5.96 32.57 0.131 202.46
5.97 33.1 0.133 203.282
5.98 33.26 0.135 203.771
5.99 33.71 0.131 203.75
6 34.16 0.127 203.707
6.01 33.9 0.0800001 195.898
6.02 34.4 0.082 196.807
6.03 33.74 0.1 199.618
6.04 34.11 0.105 200.837
6.05 34.48 0.102 200.757
6.06 33.89 0.099 199.854
6.07 34.33 0.082 197.202
6.08 33.66 0.075 195.278
6.09 34.44 0.06 192.407
6.1 35.22 0.062 193.644
6.11 33.88 0.065 193.412
6.12 33.9 0.076 196.05
6.13 33.91 0.0800001 196.986
6.14 34.27 0.078 196.96
6.15 33.76 0.094 199.701
6.16 32.86 0.091 198.479
6.17 32.58 0.087 197.583
6.18 32.78 0.071 194.529
6.19 32.97 0.077 196.098
6.2 33.54 0.077 196.671
6.21 31.3 0.077 194.81
6.22 30.92 0.075 194.129
6.23 30.43 0.073 193.335
6.24 30.6 0.091 197.158
6.25 30.77 0.096 198.284
6.26 31.93 0.0950001 199.259
6.27 31.78 0.094 199.037
6.28 31.03 0.14 205.128
6.29 31.78 0.137 205.555
6.3 32.52 0.135 206.076
6.31 32.72 0.128 205.437
6.32 33.61 0.131 206.722
6.33 34.24 0.123 206.282
6.34 35.29 0.129 208.095
6.35 34.75 0.136 208.64
6.36 35.44 0.138 209.577
6.37 35.57 0.147 210.885
6.38 36.45 0.155 212.656
6.39 35.98 0.183 215.306
6.4 36.48 0.184 215.926
6.41 37.68 0.179 216.532
6.42 39.15 0.175 217.414
6.43 39.8 0.172 217.711
6.44 38.61 0.171 216.75
6.45 37.04 0.17 215.446
6.46 35.97 0.156 213.101
6.47 35.6 0.142 211.217
6.48 35.59 0.129 209.618
6.49 35.58 0.133 210.233
6.5 35.24 0.136 210.422
6.51 35.83 0.123 209.259
6.52 36.38 0 0
6.53 36.94 0 0
6.54 36.28 0 0
6.55 36.21 0 0
6.56 36.67 0 0
6.57 36.03 0 0
6.58 37.98 0 0
