0.02 1.637 0 0
0.04 1.639 0 0
0.06 1.637 0 0
0.08 1.639 0 0
0.1 1.642 0 0
0.12 1.642 0 0
0.14 1.64 0 0
0.16 1.637 0 0
0.18 1.635 0 0
0.2 1.635 0 0
0.22 1.637 0 0
0.24 1.639 0 0
0.26 1.642 0 0
0.28 1.646 0 0
0.3 1.65 0 0
0.32 1.653 0 0
0.34 1.655 0 0
0.36 1.657 0 0
0.38 1.657 0 0
0.4 1.656 0 0
0.42 1.655 0 0
0.44 1.653 0 0
0.46 1.651 0 0
0.48 1.649 0 0
0.5 1.647 0 0
0.52 1.676 0 0
0.54 1.686 0 0
0.56 1.694 0.017 57.8297
0.58 1.699 0.017 58.4214
0.6 1.7 0.017 58.9796
0.62 1.697 0.017 59.5046
0.64 1.69 0 0
0.66 1.676 0 0
0.68 1.662 0 0
0.7 1.647 0 0
0.72 1.632 0 0
0.74 1.621 0 0
0.76 1.612 0 0
0.78 1.609 0 0
0.8 1.608 0 0
0.82 1.609 0 0
0.84 1.611 0 0
0.86 1.613 0 0
0.88 1.614 0 0
0.9 1.609 0 0
0.92 1.601 0 0
0.94 1.593 0 0
0.96 1.586 0 0
0.98 1.581 0 0
1 1.577 0 0
1.02 1.578 0 0
1.04 1.582 0 0
1.06 1.598 0 0
1.08 1.618 0 0
1.1 1.641 0 0
1.12 1.667 0 0
1.14 1.695 0 0
1.16 1.718 0 0
1.18 1.74 0 0
1.2 1.758 0 0
1.22 1.773 0 0
1.24 1.788 0 0
1.26 1.802 0 0
1.28 1.814 0 0
1.3 1.824 0 0
1.32 1.835 0 0
1.34 1.84 0 0
1.36 1.843 0 0
1.38 1.844 0 0
1.4 1.847 0 0
1.42 1.85 0 0
1.44 1.854 0 0
1.46 1.858 0 0
1.48 1.865 0 0
1.5 1.883 0 0
1.52 1.91 0 0
1.54 1.945 0 0
1.56 1.983 0 0
1.58 2.018 0 0
1.6 2.052 0 0
1.62 2.082 0 0
1.64 2.108 0 0
1.66 2.13 0 0
1.68 2.151 0 0
1.7 2.171 0 0
1.72 2.19 0 0
1.74 2.207 0 0
1.76 2.221 0 0
1.78 1.667 0 0
1.8 2.228 0.017 83.2256
1.82 2.227 0.017 83.4762
1.84 2.228 0.017 83.7356
1.86 2.229 0 0
1.88 2.229 0 0
1.9 2.232 0 0
1.92 2.235 0 0
1.94 2.236 0 0
1.96 2.233 0 0
1.98 2.228 0 0
2 2.222 0 0
2.02 2.238 0 0
2.04 2.27 0 0
2.06 2.3 0 0
2.08 2.326 0 0
2.1 2.346 0 0
2.12 2.364 0 0
2.14 2.379 0 0
2.16 2.398 0 0
2.18 2.418 0 0
2.2 2.441 0 0
2.22 2.466 0 0
2.24 2.488 0 0
2.26 2.509 0 0
2.28 2.536 0 0
2.3 2.565 0 0
2.32 2.598 0 0
2.34 2.638 0 0
2.36 2.68 0 0
2.38 2.721 0 0
2.4 2.759 0 0
2.42 2.787 0 0
2.44 2.813 0 0
2.46 2.84 0 0
2.48 2.867 0 0
2.5 2.886 0 0
2.52 2.9 0 0
2.54 2.911 0 0
2.56 2.918 0 0
2.58 2.929 0 0
2.6 2.942 0 0
2.62 2.954 0 0
2.64 2.963 0 0
2.66 2.971 0 0
2.68 2.976 0 0
2.7 2.981 0 0
2.72 2.985 0 0
2.74 2.989 0 0
2.76 2.995 0 0
2.78 3 0 0
2.8 3.005 0 0
2.82 3.009 0 0
2.84 3.034 0 0
2.86 3.071 0 0
2.88 3.112 0 0
2.9 3.151 0 0
2.92 3.19 0 0
2.94 3.234 0 0
2.96 3.283 0 0
2.98 3.331 0 0
3 3.38 0 0
3.02 3.423 0 0
3.04 3.47 0.017 102.621
3.06 3.541 0.017 103.109
3.08 3.633 0.017 103.678
3.1 3.736 0.017 104.284
3.12 3.844 0 0
3.14 3.955 0 0
3.16 4.062 0 0
3.18 4.158 0 0
3.2 4.229 0 0
3.22 4.284 0 0
3.24 4.327 0 0
3.26 4.342 0 0
3.28 4.338 0 0
3.3 4.322 0 0
3.32 4.297 0 0
3.34 4.265 0 0
3.36 4.236 0 0
3.38 4.234 0 0
3.4 4.27 0 0
3.42 4.382 0 0
3.44 4.531 0 0
3.46 4.76 0 0
3.48 5.071 0 0
3.5 5.406 0 0
3.52 5.78 0 0
3.54 6.147 0 0
3.56 6.586 0 0
3.58 7.024 0 0
3.6 7.501 0 0
3.62 8.019 0 0
3.64 8.582 0 0
3.66 9.016 0 0
3.68 9.5 0 0
3.7 9.943 0 0
3.72 10.371 0 0
3.74 10.796 0 0
3.76 11.191 0 0
3.78 11.594 0 0
3.8 11.973 0 0
3.82 12.332 0 0
3.84 12.667 0 0
3.86 12.985 0 0
3.88 13.308 0 0
3.9 13.664 0 0
3.92 14.043 0 0
3.94 14.451 0 0
3.96 14.86 0 0
3.98 15.271 0 0
4 15.672 0 0
4.02 16.051 0 0
4.04 16.406 0 0
4.06 16.726 0 0
4.08 23.3851 0.002 122.674
4.1 23.3851 0.002 122.841
4.12 17.572 0.017 141.054
4.14 17.839 0.017 141.552
4.16 18.098 0.017 142.036
4.18 18.36 0.017 142.52
4.2 18.65 0 0
4.22 18.96 0 0
4.24 19.293 0.017 144.111
4.26 19.665 0.017 144.697
4.28 20.05 0.017 145.29
4.3 20.452 0.017 145.895
4.32 20.857 0 0
4.34 21.27 0 0
4.36 21.685 0 0
4.38 22.074 0 0
4.4 22.435 0 0
4.42 22.742 0 0
4.44 23.026 0 0
4.46 23.229 0 0
4.48 23.385 0 0
4.5 23.494 0 0
4.52 23.566 0 0
4.54 23.62 0 0
4.56 23.606 0 0
4.58 23.575 0 0
4.6 23.487 0 0
4.62 23.354 0 0
4.64 23.171 0 0
4.66 23.093 0 0
4.68 22.978 0 0
4.7 22.925 0 0
4.72 22.911 0 0
4.74 22.889 0 0
4.76 22.947 0 0
4.78 23.034 0 0
4.8 23.155 0 0
4.82 23.3 0 0
4.84 23.455 0 0
4.86 23.619 0 0
4.88 23.751 0 0
4.9 23.876 0 0
4.92 23.981 0 0
4.94 24.03 0 0
4.96 24.097 0 0
4.98 24.151 0 0
5 24.186 0 0
5.02 24.228 0 0
5.04 24.285 0 0
5.06 24.357 0 0
5.08 24.48 0 0
5.1 24.607 0 0
5.12 24.701 0 0
5.14 24.806 0 0
5.16 24.9 0 0
5.18 24.96 0 0
5.2 24.991 0 0
5.22 24.957 0 0
5.24 24.878 0 0
5.26 24.777 0 0
5.28 25.1703 0.002 133.194
5.3 23.8911 0.017 158.127
5.32 24.8218 0.017 159.166
5.34 24.256 0 0
5.36 24.118 0 0
5.38 23.981 0 0
5.4 23.833 0 0
5.42 23.67 0 0
5.44 23.493 0 0
5.46 23.311 0 0
5.48 23.091 0 0
5.5 22.891 0 0
5.52 22.683 0 0
5.54 22.497 0 0
5.56 22.31 0 0
5.58 22.139 0 0
5.6 21.985 0 0
5.62 21.837 0 0
5.64 21.7 0 0
5.66 21.59 0 0
5.68 21.474 0 0
5.7 21.343 0 0
5.72 21.19 0 0
5.74 21.046 0 0
5.76 20.85 0 0
5.78 20.617 0 0
5.8 20.375 0 0
5.82 20.123 0 0
5.84 19.857 0 0
5.86 19.583 0 0
5.88 19.331 0 0
5.9 19.047 0 0
5.92 18.755 0 0
5.94 18.479 0 0
5.96 18.178 0 0
5.98 17.888 0 0
6 17.631 0 0
6.02 17.371 0 0
6.04 17.096 0 0
6.06 16.81 0 0
6.08 16.475 0 0
6.1 16.142 0 0
6.12 15.856 0 0
6.14 15.562 0 0
6.16 15.287 0 0
6.18 15.056 0 0
6.2 14.85 0 0
6.22 14.7 0 0
6.24 14.583 0 0
6.26 14.476 0 0
6.28 14.392 0 0
6.3 14.308 0 0
6.32 14.223 0 0
6.34 14.136 0 0
6.36 14.049 0 0
6.38 13.962 0 0
6.4 13.876 0 0
6.42 13.792 0 0
6.44 13.709 0 0
6.46 13.622 0 0
6.48 13.532 0 0
6.5 13.44 0 0
6.52 13.344 0 0
6.54 13.244 0 0
6.56 13.141 0 0
6.58 13.037 0 0
6.6 12.926 0 0
6.62 12.813 0 0
6.64 12.696 0.017 153.703
6.66 12.575 0.017 153.619
6.68 12.451 0.017 153.528
6.7 12.324 0.017 153.429
6.72 12.2 0 0
6.74 12.082 0 0
6.76 11.971 0 0
6.78 11.867 0 0
6.8 11.772 0 0
6.82 11.686 0 0
6.84 11.61 0 0
6.86 11.54 0 0
6.88 11.477 0 0
6.9 11.424 0 0
6.92 11.382 0 0
6.94 11.349 0 0
6.96 11.322 0 0
6.98 11.303 0 0
7 11.291 0 0
7.02 11.306 0 0
7.04 11.331 0 0
7.06 11.36 0 0
7.08 11.395 0 0
7.1 11.432 0 0
7.12 11.462 0 0
7.14 11.489 0 0
7.16 11.523 0 0
7.18 11.554 0 0
7.2 11.592 0 0
7.22 11.634 0 0
7.24 11.681 0 0
7.26 11.731 0 0
7.28 11.78 0 0
7.3 11.83 0 0
7.32 11.879 0 0
7.34 11.928 0 0
7.36 11.965 0 0
7.38 12.003 0 0
7.4 12.036 0 0
7.42 12.068 0 0
7.44 12.102 0 0
7.46 12.147 0 0
7.48 12.2 0 0
7.5 12.26 0 0
7.52 12.334 0 0
7.54 12.42 0 0
7.56 12.514 0 0
7.58 12.629 0 0
7.6 12.749 0 0
7.62 12.868 0 0
7.64 12.994 0 0
7.66 13.128 0 0
7.68 13.273 0 0
7.7 13.406 0 0
7.72 13.573 0 0
7.74 13.751 0 0
7.76 13.96 0 0
7.78 14.173 0 0
7.8 14.384 0 0
7.82 14.594 0 0
7.84 14.8 0 0
7.86 15.002 0 0
7.88 15.187 0 0
7.9 15.354 0 0
7.92 15.489 0 0
7.94 15.601 0 0
7.96 15.688 0 0
7.98 15.791 0 0
8 15.837 0 0
8.02 15.851 0 0
8.04 15.852 0 0
8.06 15.846 0 0
8.08 15.831 0 0
8.1 15.807 0 0
8.12 15.777 0 0
8.14 15.743 0 0
8.16 15.703 0 0
8.18 15.652 0 0
8.2 15.597 0 0
8.22 15.543 0 0
8.24 15.494 0 0
8.26 15.454 0 0
8.28 15.421 0 0
8.3 15.393 0 0
8.32 15.369 0 0
8.34 15.353 0 0
8.36 15.35 0 0
8.38 15.348 0 0
8.4 15.346 0 0
8.42 15.343 0 0
8.44 15.338 0 0
8.46 15.326 0 0
8.48 15.312 0 0
8.5 15.297 0 0
8.52 15.276 0 0
8.54 15.248 0 0
8.56 15.221 0 0
8.58 15.171 0 0
8.6 15.131 0 0
8.62 15.1 0 0
8.64 15.072 0 0
8.66 15.049 0 0
8.68 15.031 0 0
8.7 15.049 0 0
8.72 15.062 0 0
8.74 15.06 0 0
8.76 15.058 0 0
8.78 15.078 0 0
8.8 15.095 0 0
8.82 15.116 0 0
8.84 15.14 0 0
8.86 15.187 0 0
8.88 15.233 0 0
8.9 15.307 0 0
8.92 15.405 0 0
8.94 15.526 0 0
8.96 15.669 0 0
8.98 15.798 0 0
9 15.971 0 0
9.02 16.146 0 0
9.04 16.318 0 0
9.06 16.49 0 0
9.08 16.642 0 0
9.1 16.789 0 0
9.12 16.934 0 0
9.14 17.077 0 0
9.16 17.217 0 0
9.18 17.361 0 0
9.2 17.502 0 0
9.22 17.646 0 0
9.24 17.802 0 0
9.26 17.978 0 0
9.28 18.149 0 0
9.3 18.344 0 0
9.32 18.546 0 0
9.34 18.704 0 0
9.36 18.873 0 0
9.38 19.053 0 0
9.4 19.239 0 0
9.42 19.462 0 0
9.44 19.658 0 0
9.46 19.856 0 0
9.48 20.053 0 0
9.5 20.248 0 0
9.52 20.357 0 0
9.54 20.538 0 0
9.56 20.466 0 0
9.58 20.409 0 0
9.6 20.342 0 0
9.62 20.206 0 0
9.64 19.953 0 0
9.66 19.753 0 0
9.68 19.549 0 0
9.7 19.247 0 0
9.72 19.078 0 0
9.74 18.939 0 0
9.76 18.776 0 0
9.78 18.57 0 0
9.8 18.371 0 0
9.82 18.167 0 0
9.84 17.964 0 0
9.86 17.746 0 0
9.88 17.546 0 0
9.9 17.338 0 0
9.92 17.138 0 0
9.94 16.941 0 0
9.96 16.749 0 0
9.98 16.556 0 0
10 16.381 0 0
10.02 16.226 0.017 178.527
10.04 16.108 0.017 178.438
10.06 16.004 0.017 178.37
10.08 15.94 0.017 178.366
10.1 15.891 0 0
10.12 15.845 0 0
10.14 15.803 0 0
10.16 15.777 0 0
10.18 15.765 0 0
10.2 15.773 0 0
10.22 15.782 0 0
10.24 15.784 0 0
10.26 15.764 0 0
10.28 15.751 0 0
10.3 15.71 0 0
10.32 15.66 0 0
10.34 15.649 0 0
10.36 15.621 0 0
10.38 15.575 0 0
10.4 15.505 0 0
10.42 15.391 0 0
10.44 15.296 0 0
10.46 15.196 0 0
10.48 15.085 0 0
10.5 14.97 0 0
10.52 14.931 0 0
10.54 14.819 0 0
10.56 14.956 0 0
10.58 15.09 0 0
10.6 15.237 0 0
10.62 15.462 0 0
10.64 15.818 0 0
10.66 16.121 0 0
10.68 16.43 0 0
10.7 16.817 0 0
10.72 17.043 0 0
10.74 17.249 0 0
10.76 17.45 0 0
10.78 17.671 0 0
10.8 17.887 0 0
10.82 18.107 0 0
10.84 18.334 0 0
10.86 18.56 0 0
10.88 18.794 0 0
10.9 19.03 0 0
10.92 19.265 0 0
10.94 19.489 0 0
10.96 19.706 0 0
10.98 19.912 0 0
11 20.094 0 0
11.02 20.237 0 0
11.04 20.359 0 0
11.06 20.47 0 0
11.08 20.56 0 0
11.1 20.644 0 0
11.12 20.727 0 0
11.14 20.8 0 0
11.16 20.855 0 0
11.18 20.885 0 0
11.2 20.897 0 0
11.22 20.906 0 0
11.24 20.902 0 0
11.26 20.889 0 0
11.28 20.867 0 0
11.3 20.843 0 0
11.32 20.818 0 0
11.34 20.799 0 0
11.36 20.794 0 0
11.38 20.812 0 0
11.4 20.865 0 0
11.42 20.942 0 0
11.44 21.034 0 0
11.46 21.15 0 0
11.48 21.281 0 0
11.5 21.42 0.017 193.065
11.52 21.581 0.017 193.367
11.54 21.739 0.017 193.663
11.56 21.899 0.017 193.961
11.58 22.057 0 0
11.6 22.207 0 0
11.62 22.357 0 0
11.64 22.489 0 0
11.66 22.609 0 0
11.68 22.712 0 0
11.7 22.809 0 0
11.72 22.9 0 0
11.74 22.981 0 0
11.76 23.05 0 0
11.78 23.11 0 0
11.8 23.167 0 0
11.82 23.209 0 0
11.84 23.239 0 0
11.86 23.261 0 0
11.88 23.273 0 0
11.9 23.278 0 0
11.92 23.285 0 0
11.94 23.306 0 0
11.96 23.328 0 0
11.98 23.356 0 0
12 23.38 0 0
12.02 23.424 0 0
12.04 23.456 0 0
12.06 23.485 0 0
12.08 23.516 0 0
12.1 23.548 0 0
12.12 23.585 0 0
12.14 23.634 0 0
12.16 23.695 0 0
12.18 23.773 0 0
12.2 23.858 0 0
12.22 23.935 0 0
12.24 24.023 0 0
12.26 24.124 0 0
12.28 24.222 0 0
12.3 24.319 0 0
12.32 24.411 0 0
12.34 24.487 0 0
12.36 24.551 0 0
12.38 24.602 0 0
12.4 24.644 0 0
12.42 24.678 0 0
12.44 24.71 0 0
12.46 24.736 0 0
12.48 24.761 0 0
12.5 24.794 0 0
12.52 24.818 0 0
12.54 24.85 0 0
12.56 24.877 0 0
12.58 24.903 0 0
12.6 24.921 0 0
12.62 24.928 0 0
12.64 24.93 0 0
12.66 24.935 0 0
12.68 24.94 0 0
12.7 24.945 0 0
12.72 24.953 0 0
12.74 24.97 0 0
12.76 25.007 0 0
12.78 25.063 0 0
12.8 25.14 0 0
12.82 25.229 0 0
12.84 25.323 0 0
12.86 25.409 0 0
12.88 25.491 0 0
12.9 25.562 0 0
12.92 25.609 0 0
12.94 25.647 0 0
12.96 25.692 0 0
12.98 25.75 0 0
13 25.824 0 0
13.02 25.912 0 0
13.04 26.009 0 0
13.06 26.104 0 0
13.08 26.189 0 0
13.1 26.264 0 0
13.12 26.324 0 0
13.14 26.383 0 0
13.16 26.446 0 0
13.18 26.511 0 0
13.2 26.587 0 0
13.22 26.677 0 0
13.24 26.761 0 0
13.26 26.846 0 0
13.28 26.945 0 0
13.3 27.058 0 0
13.32 27.202 0 0
13.34 27.369 0 0
13.36 27.532 0 0
13.38 27.704 0 0
13.4 27.885 0 0
13.42 28.068 0 0
13.44 28.237 0 0
13.46 28.385 0 0
13.48 28.518 0 0
13.5 28.927 0.017 210.791
13.52 28.716 0 0
13.54 28.798 0 0
13.56 28.901 0 0
13.58 29.016 0 0
13.6 29.141 0 0
13.62 29.271 0 0
13.64 29.395 0 0
13.66 29.51 0 0
13.68 29.62 0 0
13.7 29.722 0 0
13.72 29.815 0 0
13.74 29.891 0 0
13.76 29.94 0 0
13.78 29.964 0 0
13.8 29.958 0 0
13.82 29.945 0 0
13.84 29.931 0.017 213.299
13.86 29.926 0 0
13.88 29.922 0 0
13.9 29.923 0 0
13.92 30.0197 0 0
13.94 29.958 0 0
13.96 29.976 0 0
13.98 29.993 0 0
14 30.688 0.017 214.753
14.02 30.021 0 0
14.04 30.026 0 0
14.06 30.03 0 0
14.08 30.037 0 0
14.1 30.053 0 0
14.12 30.086 0 0
14.14 30.116 0 0
14.16 30.136 0 0
14.18 30.148 0 0
14.2 30.14 0 0
14.22 30.122 0 0
14.24 30.091 0 0
14.26 30.045 0 0
14.28 29.984 0 0
14.3 29.913 0 0
14.32 29.817 0 0
14.34 29.715 0 0
14.36 29.635 0 0
14.38 29.547 0 0
14.4 29.452 0 0
14.42 29.355 0 0
14.44 29.269 0 0
14.46 29.184 0 0
14.48 29.104 0 0
14.5 29.585 0.017 215.718
14.52 29.008 0 0
14.54 28.982 0 0
14.56 28.938 0 0
14.58 28.889 0 0
14.6 28.836 0 0
14.62 28.776 0 0
14.64 28.719 0 0
14.66 28.662 0 0
14.68 28.612 0 0
14.7 28.558 0 0
14.72 28.511 0 0
14.74 28.47 0 0
14.76 28.442 0 0
14.78 28.421 0 0
14.8 28.411 0 0
14.82 28.405 0 0
14.84 28.4 0 0
14.86 28.395 0 0
14.88 28.395 0 0
14.9 28.401 0 0
14.92 28.418 0 0
14.94 28.434 0 0
14.96 28.441 0 0
14.98 28.434 0 0
15 28.869 0.017 216.993
15.02 28.377 0 0
15.04 28.343 0 0
15.06 28.315 0 0
15.08 28.295 0 0
15.1 28.281 0 0
15.12 28.268 0 0
15.14 28.26 0 0
15.16 28.264 0 0
