0.02 0.663 0 0
0.04 0.803 0 0
0.06 0.866 0 0
0.08 0.89 0 0
0.1 0.901 0 0
0.12 0.886 0 0
0.14 0.85 0 0
0.16 0.812 0 0
0.18 0.775 0 0
0.2 0.703 0 0
0.22 0.703 0 0
0.24 0.545 0 0
0.26 0.495 0 0
0.28 0.445 0 0
0.3 0.401 0 0
0.32 0.368 0 0
0.34 0.338 0 0
0.36 0.276 -0 0
0.38 0.241 -0 0
0.4 0.211 0 0
0.42 0.193 -0 0
0.44 0.179 -0 0
0.46 0.177 -0 0
0.48 0.168 -0 0
0.5 0.164 -0 0
0.52 0.173 -0 0
0.54 0.166 -0 0
0.56 0.157 -0 0
0.58 0.151 -0 0
0.6 0.137 -0 0
0.62 0.061 -0 0
0.64 0.141 -0 0
0.66 0.143 -0 0
0.68 0.134 -0 0
0.7 0.131 -0 0
0.72 0.128 -0 0
0.74 0.135 -0 0
0.76 0.161 -0 0
0.78 0.183 -0 0
0.8 0.21 -0 0
0.82 0.263 0 0
0.84 0.277 -0 0
0.86 0.292 -0 0
0.88 0.314 -0 0
0.9 0.448 -0 0
0.92 0.581 0 0
0.94 0.806 -0 0
0.96 1.541 -0 0
0.98 1.737 -0 0
1 1.802 0 0
1.02 2.141 0 0
1.04 2.429 0 0
1.06 2.704 0.001 58.3528
1.08 3.013 0.001 59.5779
1.1 2.492 0.001 58.2677
1.12 2.492 0.001 58.5603
1.14 2.198 0.005 66.076
1.16 1.831 0.007 66.5084
1.18 1.584 0.007 65.4452
1.2 1.12 0.005 60.8236
1.22 0.965 0.002 55.4171
1.24 0.805 0.002 54.2337
1.26 0.879 0.001 52.0781
1.28 0.998 0.002 56.4342
1.3 0.965 0.003 58.3395
1.32 0.816 0.002 55.2925
1.34 0.665 0.002 53.9119
1.36 0.539 0.001 49.5782
1.38 0.458 0 0
1.4 0.411 0 0
1.42 0.447 0 0
1.44 0.495 0.001 49.7583
1.46 0.52 0.001 50.3051
1.48 0.518 0.001 50.4678
1.5 0.474 0.001 50.013
1.52 0.425 0.001 49.4149
1.54 0.41 0 0
1.56 0.387 0 0
1.58 0.423 0 0
1.6 0.44 0 0
1.62 0.203 0 0
1.64 0.653 0 0
1.66 1.04 0 0
1.68 0.674 0.007 63.84
1.7 0.534 0.012 64.7793
1.72 0.482 0.014 64.8651
1.74 0.484 0.016 65.8402
1.76 0.646 0.018 69.5316
1.78 0.484 0.02 67.4991
1.8 0.458 0.02 67.1729
1.82 0.447 0.018 66.5581
1.84 0.446 0.014 65.3581
1.86 0.446 0.01 63.7451
1.88 0.457 0.009 63.5996
1.9 0.458 0.005 60.7617
1.92 0.479 0.005 61.3336
1.94 0.515 0.004 61.0124
1.96 0.563 0.004 61.9769
1.98 0.546 0.004 61.8782
2 0.512 0.006 63.5889
2.02 0.494 0.007 64.2561
2.04 0.484 0.008 64.9606
2.06 0.478 0.008 65.0201
2.08 0.518 0.008 65.9538
2.1 0.625 0.008 67.942
2.12 0.702 0.007 68.5053
2.14 0.645 0.008 68.6099
2.16 0.592 0.007 67.1928
2.18 0.536 0.007 66.408
2.2 0.52 0.005 64.457
2.22 0.573 0.005 65.5288
2.24 0.75 0.005 68.2889
2.26 0.814 0.005 69.2698
2.28 0.784 0.007 71.026
2.3 0.76 0.009 72.3783
2.32 0.829 0.014 76.2172
2.34 0.841 0.016 77.4129
2.36 0.697 0.016 75.5259
2.38 0.549 0.017 73.5153
2.4 0.6 0.022 76.2535
2.42 0.697 0.022 78.0969
2.44 0.841 0.02 79.7863
2.46 0.681 0.018 76.897
2.48 0.559 0.015 73.7825
2.5 0.467 0.013 71.2044
2.52 0.513 0.01 70.7724
2.54 0.528 0.008 69.913
2.56 0.511 0.009 70.4229
2.58 0.485 0.01 70.6635
2.6 0.425 0.008 68.2033
2.62 0.422 0.004 64.4528
2.64 0.422 0.004 64.5892
2.66 0.431 0.003 63.3864
2.68 0.459 0.002 61.9706
2.7 0.495 0.001 59.2598
2.72 0.635 0.001 61.5499
2.74 0.88 0 0
2.76 1.373 0 0
2.78 1.951 0.002 77.109
2.8 2.603 0.002 80.5382
2.82 3.363 0.004 88.7007
2.84 3.532 0.005 91.1821
2.86 3.389 0.006 92.2062
2.88 3.341 0.011 96.9641
2.9 3.288 0.017 100.502
2.92 3.664 0.026 105.957
2.94 3.773 0.033 108.743
2.96 3.698 0.037 109.673
2.98 3.51 0.035 108.553
3 2.784 0.027 102.939
3.02 2.41 0.01 92.9973
3.04 2.149 0.004 84.9161
3.06 1.98 0.004 84.0736
3.08 1.765 0.006 85.6857
3.1 1.58 0.007 85.5727
3.12 1.364 0.012 87.7797
3.14 1.164 0.011 85.3307
3.16 0.761 0.009 79.0757
3.18 0.652 0.007 75.8676
3.2 0.591 0.005 72.8639
3.22 0.576 0.004 71.3829
3.24 0.577 0.005 72.864
3.26 0.588 0.005 73.1875
3.28 0.591 0.003 70.313
3.3 0.636 0.002 68.819
3.32 0.705 0.002 69.9647
3.34 0.791 0.003 73.6976
3.36 0.879 0.004 76.7655
3.38 1.037 0.006 81.4462
3.4 1.121 0.009 85.3307
3.42 1.314 0.017 92.1994
3.44 1.561 0.023 97.0793
3.46 1.561 0.023 97.2359
3.48 2.26 0.032 105.584
3.5 2.471 0.04 109.127
3.52 2.415 0.042 109.383
3.54 1.62 0.041 103.227
3.56 1.296 0.042 100.321
3.58 1.113 0.037 97.2673
3.6 0.963 0.027 92.9398
3.62 1.029 0.019 91.2681
3.64 2.034 0.026 103.498
3.66 2.5 0.031 108.355
3.68 2.711 0.032 110.084
3.7 2.907 0.037 112.717
3.72 3.331 0.045 117.011
3.74 3.349 0.051 118.504
3.76 2.905 0.062 118.179
3.78 2.616 0.068 117.48
3.8 1.99 0.071 113.516
3.82 1.55 0.077 110.407
3.84 1.439 0.079 109.624
3.86 1.41 0.076 109.109
3.88 1.477 0.072 109.505
3.9 1.517 0.059 108.276
3.92 2.025 0.063 113.653
3.94 2.928 0.06 119.535
3.96 3.015 0.056 119.521
3.98 2.766 0.055 118.035
4 2 0.059 113.468
4.02 1.461 0.061 108.903
4.04 1.203 0.061 106.045
4.06 1.103 0.064 105.291
4.08 1.089 0.061 104.822
4.1 1.31 0.058 107.344
4.12 1.353 0.051 106.841
4.14 1.316 0.04 104.426
4.16 1.249 0.033 102.134
4.18 1.249 0.033 102.27
4.2 1.362 0.034 103.949
4.22 1.379 0.037 105.009
4.24 1.101 0.034 101.079
4.26 0.912 0.035 98.7414
4.28 0.74 0.034 95.7079
4.3 0.672 0.03 93.5319
4.32 0.635 0.025 91.4935
4.34 0.702 0.026 93.2477
4.36 0.731 0.022 92.6166
4.38 0.723 0.017 90.6227
4.4 0.706 0.015 89.4904
4.42 0.702 0.014 89.0175
4.44 0.669 0.013 87.9694
4.46 0.657 0.011 86.6376
4.48 0.678 0.011 87.1393
4.5 0.897 0.011 90.8358
4.52 1.061 0.013 94.4777
4.54 1.189 0.015 97.3097
4.56 1.165 0.016 97.6661
4.58 1.114 0.015 96.6364
4.6 1.068 0.016 96.6855
4.62 1.08 0.016 96.9581
4.64 1.124 0 0
4.66 1.279 0.019 101.021
4.68 1.734 0.018 105.198
4.7 2.674 0.023 114.411
4.72 3.137 0.023 117.211
4.74 3.062 0.021 116.059
4.76 3.192 0.02 116.419
4.78 3.535 0.025 120.497
4.8 3.881 0.027 123.055
4.82 3.916 0.029 124.093
4.84 3.309 0.028 120.905
4.86 2.624 0.023 115.167
4.88 2.133 0.018 109.651
4.9 1.915 0.013 105.197
4.92 1.883 0.014 105.711
4.94 1.825 0.022 109.392
4.96 1.713 0.022 108.521
4.98 1.667 0.024 109.003
5 1.89 0.027 112.21
5.02 2.02 0.031 114.727
5.04 1.976 0.03 114.178
5.06 1.776 0.028 111.917
5.08 1.746 0.018 107.731
5.1 1.655 0.017 106.513
5.12 1.395 0.018 104.533
5.14 1.367 0.016 103.323
5.16 1.779 0.019 108.981
5.18 1.913 0.023 112.012
5.2 1.61 0.023 109.382
5.22 1.286 0.014 101.723
5.24 1.146 0.015 100.731
5.26 0.969 0.017 99.4617
5.28 0.937 0.017 99.0864
5.3 1.02 0.018 100.889
5.32 1.063 0.019 102.055
5.34 0.983 0.017 100.086
5.36 1.058 0.016 100.748
5.38 1.179 0.014 101.305
5.4 1.833 0.018 110.346
5.42 2.551 0.021 117.34
5.44 2.802 0.023 119.962
5.46 2.798 0.022 119.617
5.48 2.552 0.023 118.6
5.5 2.335 0.026 118.413
5.52 2.185 0.029 118.476
5.54 2.14 0.038 120.929
5.56 2.256 0.046 123.928
5.58 2.46 0.048 126.054
5.6 2.454 0.048 126.135
5.62 2.301 0.044 124.193
5.64 2.069 0.032 119.226
5.66 1.881 0.034 118.313
5.68 1.586 0.032 114.974
5.7 1.379 0.027 111.208
5.72 1.41 0.023 110.194
5.74 1.901 0.031 118.046
5.76 2.561 0.034 124.293
5.78 3.126 0.027 125.603
5.8 3.616 0.024 127.136
5.82 3.918 0.022 127.808
5.84 3.918 0.018 125.812
5.86 3.715 0.012 120.825
5.88 3.524 0.01 118.216
5.9 3.362 0.012 119.325
5.92 3.289 0.014 120.598
5.94 3.3 0.018 123.32
5.96 3.322 0.023 126.1
5.98 3.263 0.027 127.582
6 3.345 0.029 128.922
6.02 3.709 0.027 130.199
6.04 4.004 0.025 130.922
6.06 3.941 0.025 130.744
6.08 3.934 0.026 131.258
6.1 4.068 0.022 130.191
6.12 4.148 0.021 130.17
6.14 4.216 0.024 132.053
6.16 4.293 0.028 134.228
6.18 4.353 0.023 132.432
6.2 4.342 0.02 130.971
6.22 4.369 0.022 132.25
6.24 4.439 0.023 133.163
6.26 4.439 0.023 133.282
6.28 4.479 0.029 136.173
6.3 4.481 0.033 137.776
6.32 4.56 0.034 138.588
6.34 4.613 0.034 138.941
6.36 4.662 0.035 139.611
6.38 4.616 0.036 139.861
6.4 4.611 0.033 138.951
6.42 4.57 0.033 138.893
6.44 4.537 0.034 139.214
6.46 4.486 0.033 138.762
6.48 4.477 0.031 138.121
6.5 4.567 0.03 138.258
6.52 4.662 0.032 139.534
6.54 4.752 0.034 140.747
6.56 4.797 0.036 141.73
6.58 4.682 0.034 140.684
6.6 4.371 0.032 138.715
6.62 4.161 0.026 135.49
6.64 4.071 0.031 137.17
6.66 4.24 0.031 138.091
6.68 4.205 0.033 138.761
6.7 4.252 0.031 138.377
6.72 4.481 0.027 137.948
6.74 4.834 0.027 139.577
6.76 5.088 0.024 139.354
6.78 5.823 0.02 140.064
6.8 6.275 0.015 138.345
6.82 6.677 0.016 140.453
6.84 6.801 0.02 143.582
6.86 7.279 0.023 146.808
6.88 7.655 0.03 151.305
6.9 8.569 0.035 155.893
6.92 8.935 0.042 159.36
6.94 9.443 0.044 161.386
6.96 9.577 0.043 161.534
6.98 9.432 0.05 163.345
7 9.155 0.056 164.317
7.02 9.109 0.062 165.726
7.04 9.027 0.069 167.122
7.06 8.873 0.075 168.001
7.08 8.483 0.082 168.294
7.1 8.359 0.088 169.059
7.12 8.295 0.094 169.934
7.14 8.377 0.095 170.458
7.16 9.213 0.095 172.943
7.18 9.917 0.09 174.137
7.2 10.707 0.086 175.541
7.22 11.694 0.083 177.397
7.24 11.903 0.081 177.626
7.26 11.906 0.082 177.95
7.28 11.826 0.092 179.625
7.3 11.936 0.096 180.64
7.32 12.06 0.101 181.813
7.34 12.181 0.106 182.947
7.36 12.239 0.111 183.915
7.38 12.206 0.12 185.179
7.4 12.133 0.124 185.664
7.42 12.053 0.127 185.996
7.44 11.987 0.132 186.587
7.46 11.917 0.134 186.802
7.48 11.932 0.134 186.975
7.5 11.961 0.135 187.295
7.52 11.965 0.134 187.327
7.54 12.035 0.134 187.623
7.56 12.067 0.134 187.833
7.58 12.071 0.133 187.863
7.6 12.184 0.133 188.253
7.62 12.203 0.133 188.433
7.64 10.021 0.134 183.41
7.66 11.943 0.131 187.886
7.68 12.031 0.132 188.34
7.7 12.338 0.135 189.516
7.72 12.828 0.135 190.719
7.74 13.128 0.136 191.61
7.76 13.567 0.136 192.658
7.78 13.918 0.136 193.507
7.8 14.207 0.135 194.099
7.82 14.412 0.137 194.877
7.84 14.58 0.138 195.459
7.86 14.759 0.141 196.293
7.88 14.88 0.144 197.007
7.9 15.03 0.145 197.545
7.92 15.322 0.145 198.232
7.94 15.34 0.146 198.518
7.96 15.128 0.147 198.372
7.98 14.861 0.147 198.002
8 14.759 0.148 198.055
8.02 14.785 0.147 198.131
8.04 14.686 0.144 197.737
8.06 14.496 0.14 197.041
8.08 13.647 0.139 195.354
8.1 13.11 0.14 194.477
8.12 12.576 0.144 193.903
8.14 11.545 0.145 191.771
8.16 11.033 0.148 190.977
8.18 10.18 0.147 188.799
8.2 9.491 0.146 186.924
8.22 9.169 0.14 185.475
8.24 8.619 0.138 183.734
8.26 8.485 0.135 183.108
8.28 8.408 0.131 182.534
8.3 8.804 0.128 183.517
8.32 9.398 0.116 183.862
8.34 11.343 0.107 187.771
8.36 12.287 0.095 188.199
8.38 13.538 0.091 190.29
8.4 14.529 0.086 191.461
8.42 15.015 0.086 192.497
8.44 15.549 0.088 193.967
8.46 15.531 0.094 195.13
8.48 15.479 0.102 196.494
8.5 15.746 0.104 197.427
8.52 16.006 0.106 198.336
8.54 16.368 0.108 199.416
8.56 16.273 0.112 199.982
8.58 15.9 0.112 199.445
8.6 15.644 0.115 199.547
8.62 15.187 0.12 199.53
8.64 14.759 0.138 201.164
8.66 13.962 0.13 198.701
8.68 13.369 0.13 197.59
8.7 13.088 0.132 197.363
8.72 13.124 0.133 197.691
8.74 13.314 0.13 197.851
8.76 13.278 0.13 197.9
8.78 12.931 0.129 197.145
8.8 12.653 0.127 196.398
8.82 12.199 0.127 195.49
8.84 11.848 0.13 195.172
8.86 11.49 0.133 194.803
8.88 11.1 0.136 194.318
8.9 10.976 0.137 194.244
8.92 10.936 0.138 194.381
8.94 10.979 0.137 194.494
8.96 11.17 0.134 194.74
8.98 11.468 0.127 194.729
9 11.716 0.121 194.666
9.02 11.588 0.117 193.935
9.04 11.391 0.115 193.298
9.06 11.162 0.114 192.712
9.08 10.943 0.114 192.281
9.1 10.696 0.114 191.767
9.12 10.577 0.113 191.435
9.14 10.506 0.109 190.793
9.16 10.498 0.104 190.143
9.18 10.55 0.1 189.774
9.2 10.769 0.093 189.305
9.22 11.102 0.087 189.199
9.24 11.424 0.083 189.351
9.26 11.574 0.079 189.043
9.28 11.64 0.077 188.908
9.3 11.632 0.076 188.797
9.32 11.449 0.076 188.478
9.34 10.937 0.077 187.556
9.36 10.535 0.08 187.253
9.38 10.354 0.081 187.091
9.4 10.636 0.081 187.927
9.42 11.204 0.08 189.256
9.44 11.168 0.079 189.082
9.46 10.813 0.082 188.901
9.48 10.778 0.08 188.535
9.5 10.802 0.076 187.903
9.52 10.76 0.077 188.112
9.54 10.623 0.082 188.861
9.56 10.82 0.08 189.082
9.58 11.504 0.078 190.468
9.6 12.309 0.07 190.719
9.62 12.616 0.064 190.085
9.64 13.124 0.063 191.028
9.66 13.198 0.056 189.428
9.68 13.432 0.052 188.849
9.7 13.629 0.054 189.95
9.72 13.739 0.057 191.136
9.74 13.804 0.06 192.194
9.76 13.896 0.066 194.02
9.78 13.995 0.07 195.283
9.8 14.09 0.073 196.268
9.82 14.2 0.075 197.042
9.84 14.28 0.076 197.531
9.86 14.379 0.078 198.267
9.88 14.587 0.078 198.79
9.9 14.763 0.079 199.456
9.92 14.938 0.08 200.117
9.94 15.095 0.08 200.53
9.96 15.216 0.081 201.081
9.98 15.381 0.083 201.915
10 15.523 0.084 202.497
10.02 15.604 0.086 203.159
10.04 15.673 0.087 203.596
10.06 15.714 0.087 203.786
10.08 15.681 0.091 204.6
10.1 15.582 0.091 204.526
10.12 15.439 0.093 204.737
10.14 15.289 0.093 204.562
10.16 15.242 0.094 204.765
10.18 15.15 0.096 205.058
10.2 15.044 0.095 204.784
10.22 15.008 0.098 205.355
10.24 14.975 0.097 205.227
10.26 15.008 0.098 205.578
10.28 14.982 0.099 205.812
10.3 14.825 0.101 205.954
10.32 14.722 0.1 205.688
10.34 14.7 0.102 206.093
10.36 14.532 0.104 206.196
10.38 14.152 0.106 205.847
10.4 13.998 0.107 205.793
10.42 14.05 0.105 205.69
10.44 14.258 0.104 206.072
10.46 14.426 0.104 206.529
10.48 14.426 0.106 206.967
10.5 14.393 0.106 207.008
10.52 14.401 0.108 207.457
10.54 14.364 0.109 207.649
10.56 14.335 0.111 208.012
10.58 14.324 0.115 208.712
10.6 14.302 0.115 208.776
10.62 14.346 0.115 208.978
10.64 14.298 0.115 208.986
10.66 14.419 0.111 208.733
10.68 14.664 0.109 209.033
10.7 14.715 0.109 209.246
10.72 14.949 0.108 209.67
10.74 15.052 0.109 210.148
10.76 15.07 0.11 210.452
10.78 14.851 0.113 210.589
10.8 14.69 0.118 211.126
10.82 14.368 0.122 211.146
10.84 13.943 0.125 210.769
10.86 13.783 0.131 211.349
10.88 13.611 0.133 211.342
10.9 13.497 0.133 211.194
10.92 13.479 0.13 210.86
10.94 13.413 0.128 210.547
10.96 13.358 0.126 210.253
10.98 13.333 0.124 210.023
11 13.282 0.123 209.872
11.02 13.289 0.122 209.852
11.04 13.483 0.123 210.539
11.06 13.673 0.123 211.07
11.08 13.746 0.124 211.48
11.1 13.834 0.128 212.341
11.12 13.724 0.125 211.785
11.14 13.464 0.122 210.881
11.16 13.666 0.119 211.002
11.18 14.046 0.117 211.644
11.2 14.437 0.112 211.817
11.22 14.094 0.109 210.713
11.24 13.406 0.105 208.653
11.26 13.157 0.106 208.358
11.28 12.627 0.108 207.552
11.3 12.294 0.11 207.173
11.32 11.683 0.11 205.759
11.34 11.449 0.109 205.105
11.36 11.102 0.109 204.298
11.38 10.892 0.111 204.145
11.4 10.806 0.115 204.614
11.42 10.729 0.109 203.593
11.44 10.851 0.106 203.551
11.46 10.994 0.104 203.711
11.48 11.166 0.103 204.102
11.5 11.687 0.101 205.211
11.52 11.687 0.099 204.969
11.54 12.013 0.096 205.355
11.56 12.155 0.094 205.442
11.58 12.086 0.093 205.19
11.6 12.104 0.096 205.875
11.62 12.005 0.094 205.37
11.64 11.859 0.095 205.287
11.66 11.925 0.089 204.437
11.68 12.144 0.088 204.878
11.7 12.382 0.088 205.549
11.72 12.568 0.085 205.495
11.74 12.788 0.085 206.107
11.76 13.165 0.086 207.271
11.78 13.501 0.086 208.123
11.8 13.585 0.089 209.002
11.82 13.592 0.091 209.503
11.84 13.571 0.094 210.121
11.86 13.369 0.096 210.134
11.88 13.238 0.102 210.996
11.9 13.037 0.103 210.801
11.92 12.086 0.118 210.985
11.94 12.938 0.114 212.554
11.96 12.905 0.114 212.574
11.98 11.354 0.115 208.939
12 11.954 0.104 208.838
12.02 12.547 0.106 210.73
12.04 11.427 0.105 207.844
12.06 11.658 0.094 206.629
12.08 13.355 0.093 210.622
12.1 13.823 0.097 212.509
12.12 13.728 0.091 211.271
12.14 13.808 0.089 211.154
12.16 13.911 0.09 211.673
12.18 14.258 0.089 212.325
12.2 14.309 0.095 213.688
12.22 14.291 0.095 213.747
12.24 13.9 0.096 213.177
12.26 13.713 0.094 212.486
12.28 13.399 0.096 212.245
12.3 13.095 0.096 211.641
12.32 12.85 0.103 212.402
12.34 12.967 0.102 212.602
12.36 13.084 0.102 212.973
12.38 13.117 0.106 213.83
12.4 13.165 0.107 214.205
12.42 13.172 0.109 214.648
12.44 13.172 0.109 214.744
12.46 13.026 0.11 214.659
12.48 12.543 0.118 214.84
12.5 12.269 0.118 214.253
12.52 11.607 0.118 212.643
12.54 10.06 0.115 207.955
12.56 8.869 0.123 205.452
12.58 8.46 0.114 202.864
12.6 7.322 0.114 198.775
12.62 4.993 0.11 187.638
12.64 4.759 0.112 186.707
12.66 5.816 0.096 189.813
12.68 5.655 0.09 188.117
12.7 4.17 0.086 179.442
12.72 3.481 0.077 173.311
12.74 3.097 0.077 170.493
12.76 3.46 0.091 175.737
12.78 5.505 0.088 187.449
12.8 7.43 0.066 191.175
12.82 8.357 0.051 190.395
12.84 8.085 0.045 187.608
12.86 7.589 0.038 183.388
12.88 7.001 0.039 181.741
12.9 6.05 0.037 177.259
12.92 5.501 0.033 173.266
12.94 4.717 0.031 168.665
12.96 4.048 0.044 169.942
12.98 2.762 0.054 163.674
13 2.263 0.056 159.594
13.02 2.284 0.063 161.45
13.04 3.562 0.068 173.29
13.06 5.689 0.06 183.534
13.08 8.118 0.053 191.274
13.1 8.171 0.047 189.629
13.12 8.105 0.045 188.804
13.14 7.875 0.038 185.475
13.16 7.01 0.03 178.917
13.18 6.417 0.029 176.231
13.2 5.993 0.048 182.053
13.22 5.591 0.056 182.645
13.24 5.777 0.075 188.102
13.26 7.145 0.073 193.593
13.28 8.264 0.068 196.611
13.3 10.431 0.068 203.401
13.32 11.504 0.059 203.952
13.34 13.135 0.055 206.758
13.36 12.309 0.058 205.827
13.38 13.366 0.044 203.635
13.4 13.322 0.037 200.708
13.42 14.328 0.056 210.026
13.44 12.02 0.055 204.558
13.46 11.954 0.07 208.625
13.48 12.057 0.074 209.938
13.5 12.993 0.079 213.455
13.52 12.455 0.104 217.158
13.54 11.545 0.114 216.534
13.56 11.215 0.121 216.793
13.58 10.868 0.12 215.753
13.6 10.323 0.132 215.954
13.62 10.007 0.133 215.212
13.64 10.619 0.133 217.148
