0.02 0.1841 0 0
0.03 0.2481 0.002 16.2678
0.04 0.4202 0.0039 20.0976
0.05 0.4442 0.0078 22.8352
0.06 0.3402 0.0156 24.4896
0.07 0.3202 0.0312 26.8441
0.0800001 0.3002 0.0321 27.6672
0.0900001 0.2601 0.0332 28.0825
0.1 0.2121 0.0337 28.115
0.11 0.2114 0.0331 28.8131
0.12 0.2119 0.0324 29.4761
0.13 0.2124 0.0312 30.0551
0.14 0.2161 0.0265 30.3421
0.15 0.2241 0.0255 30.9927
0.16 0.2401 0.0251 31.8268
0.17 0.2521 0.025 32.585
0.18 0.2601 0.0257 33.3327
0.19 0.2802 0.0264 34.2787
0.2 0.3002 0.0276 35.248
0.21 0.3202 0.0283 36.138
0.22 0.3362 0.0314 37.1866
0.23 0.3682 0.0335 38.3511
0.24 0.4122 0.036 39.6804
0.25 0.4482 0.0378 40.7854
0.26 0.5043 0.0386 42.0118
0.27 0.5523 0.0402 43.16
0.28 0.5563 0.041 43.7155
0.29 0.5603 0.0414 44.2254
0.3 0.5643 0.0416 44.7078
0.31 0.5443 0.0416 44.8834
0.32 0.5243 0.0416 45.0379
0.33 0.5003 0.0416 45.1193
0.34 0.4882 0.0407 45.2528
0.35 0.4842 0.0408 45.5742
0.36 0.4807 0.0406 45.8658
0.37 0.4795 0.0405 46.1904
0.38 0.4799 0.0405 46.5397
0.39 0.4802 0.0405 46.8812
0.4 0.5043 0.0436 47.8391
0.41 0.5683 0.0471 49.3204
0.42 0.7484 0.0532 52.1858
0.43 1.0205 0.0553 55.1044
0.44 1.3047 0.0598 57.83
0.45 1.4448 0.0649 59.4569
0.46 1.5848 0.0697 60.9843
0.47 1.7649 0.0719 62.4696
0.48 1.829 0.0742 63.3256
0.49 1.853 0.0762 63.9507
0.5 1.869 0.0782 64.5295
0.51 1.857 0.0842 65.2255
0.52 1.845 0.0905 65.9119
0.53 1.849 0.0944 66.5155
0.54 1.8209 0.0956 66.785
0.55 1.7989 0.0967 67.0729
0.56 1.7769 0.0967 67.2904
0.57 1.7969 0.0966 67.7256
0.58 1.7769 0.0964 67.9325
0.59 1.7744 0.096 68.2187
0.6 1.7788 0.0946 68.4788
0.61 1.7833 0.0944 68.8071
0.62 1.7929 0.093 69.0864
0.63 1.8049 0.0938 69.5106
0.640001 1.829 0.0915 69.8048
0.650001 1.837 0.0913 70.1376
0.660001 1.837 0.0911 70.423
0.670001 1.8249 0.091 70.6443
0.680001 1.7809 0.0909 70.6806
0.690001 1.7489 0.0906 70.7635
0.700001 1.6969 0.0905 70.7325
0.710001 1.6409 0.0905 70.6696
0.720001 1.6153 0.0905 70.7845
0.730001 1.6121 0.0906 71.0427
0.740001 1.6125 0.0916 71.3796
0.75 1.6128 0.0925001 71.7067
0.760001 1.6849 0.0931 72.4648
0.770001 1.7609 0.0945 73.2831
0.780001 1.8209 0.0964 74.0247
0.790001 1.881 0.098 74.7378
0.800001 1.929 0.0989 75.3295
0.810001 1.925 0.1009 75.6935
0.820001 1.957 0.1024 76.2262
0.830001 1.993 0.1064 76.9294
0.840001 2.013 0.111 77.5697
0.850001 2.013 0.1125 77.9123
0.860001 1.993 0.1138 78.1283
0.870001 1.993 0.1146 78.4255
0.880001 1.973 0.1151 78.5894
0.890001 1.929 0.1152 78.5867
0.900001 1.877 0.1166 78.6005
0.910001 1.8249 0.1166 78.5234
0.920001 1.8209 0.1166 78.7375
0.930001 1.849 0.1165 79.1432
0.940001 1.8169 0.115 79.0936
0.950001 1.8069 0.1105 79.0008
0.960001 1.8019 0.1069 78.9815
0.970001 1.7969 0.0991 78.6802
0.980001 1.7969 0.0975001 78.798
0.990001 1.7529 0.0958 78.624
1 1.6889 0.0933 78.2505
1.01 1.6649 0.092 78.2143
1.02 1.6644 0.0902 78.2966
1.03 1.6646 0.0901 78.5034
1.04 1.6649 0.0902 78.7238
1.05 1.6689 0.0903 78.9681
1.06 1.6709 0.0908 79.2265
1.07 1.6729 0.0927 79.5843
1.08 1.6809 0.0965 80.1125
1.09 1.7169 0.0992 80.7487
1.1 1.7809 0.1049 81.7609
1.11 1.8209 0.1089 82.4859
1.12 1.905 0.1116 83.401
1.13 1.973 0.1127 84.0992
1.14 2.009 0.1171 84.795
1.15 2.0931 0.1198 85.6669
1.16 2.1211 0.1236 86.2617
1.17 2.1531 0.1285 86.9352
1.18 2.1731 0.1298 87.3303
1.19 2.1571 0.1332 87.6306
1.2 2.1651 0.1343 87.9417
1.21 2.1581 0.1347 88.1256
1.22 2.1556 0.1349 88.3236
1.23 2.1531 0.1348 88.504
1.24 2.1531 0.1347 88.698
1.25 2.1411 0.1336 88.7642
1.26 2.1251 0.1316 88.7535
1.27 2.0531 0.1304 88.441
1.28 2.0491 0.1276 88.4493
1.29 2.0291 0.1223 88.2038
1.3 2.013 0.1199 88.1466
1.31 1.949 0.1154 87.6451
1.32 1.881 0.1114 87.1265
1.33 1.853 0.1083 86.9168
1.34 1.7529 0.1016 85.9464
1.35 1.7049 0.0961 85.3843
1.36 1.6208 0.0935 84.745
1.37 1.5968 0.0896 84.4357
1.38 1.5816 0.0882 84.3796
1.39 1.5881 0.0879 84.5751
1.4 1.5947 0.0874 84.7542
1.41 1.6088 0.0874 85.0297
1.42 1.7409 0.0875001 86.1788
1.43 1.8129 0.0878 86.8772
1.44 1.933 0.0951 88.4392
1.45 2.0651 0.1034 90.082
1.46 2.1411 0.1077 91.0333
1.47 2.3052 0.1129 92.5436
1.48 2.3812 0.1144 93.2546
1.49 2.5053 0.1284 95.0237
1.5 2.5773 0.1419 96.3882
1.51 2.6174 0.1533 97.4056
1.52 2.6734 0.158 98.1287
1.53 2.6694 0.1681 98.7945
1.54 2.6934 0.1763 99.4948
1.55 2.7174 0.1803 99.9878
1.56 2.6734 0.1885 100.302
1.57 2.6094 0.1895 100.174
1.58 2.5093 0.19 99.8096
1.59 2.4693 0.19 99.7538
1.6 2.4053 0.19 99.5506
1.61 2.3172 0.1869 99.0531
1.62 2.2932 0.18 98.7655
1.63 2.2772 0.1765 98.6736
1.64 2.2612 0.1702 98.4431
1.65 2.2051 0.167 98.0984
1.66 2.1771 0.1575 97.6059
1.67 2.1574 0.1541 97.464
1.68 2.1554 0.1501 97.3995
1.69 2.1562 0.1483 97.4677
1.7 2.1571 0.1453 97.4677
1.71 2.2292 0.145 98.0732
1.72 2.2612 0.1456 98.4679
1.73 2.3252 0.1462 99.0578
1.74 2.3252 0.1474 99.2841
1.75 2.3116 0.1486 99.4255
1.76 2.3053 0.1523 99.7479
1.77 2.3032 0.1534 99.9519
1.78 2.3012 0.1539 100.123
1.79 2.3052 0.1562 100.428
1.8 2.2652 0.1573 100.389
1.81 2.1971 0.158 100.14
1.82 2.1817 0.1597 100.281
1.83 2.1745 0.1642 100.619
1.84 2.1738 0.1655 100.833
1.85 2.1735 0.1658 100.998
1.86 2.1913 0.166 101.278
1.87 2.2091 0.1661 101.553
1.88 2.2612 0.1662 102.05
1.89 2.3012 0.1666 102.48
1.9 2.3652 0.1678 103.098
1.91 2.3852 0.17 103.486
1.92 2.4533 0.1744 104.279
1.93 2.4533 0.1772 104.568
1.94 2.4753 0.1768 104.833
1.95 2.4973 0.1788 105.216
1.96 2.6294 0.1813 106.273
1.97 2.7334 0.1827 107.088
1.98 2.8255 0.1912 108.16
1.99 2.8575 0.1963 108.726
2 2.9455 0.1987 109.464
2.01 3.0056 0.201 110.041
2.02 3.0336 0.2011 110.345
2.03 3.0856 0.2011 110.767
2.04 3.0456 0.2035 110.82
2.05 2.9495 0.2045 110.504
2.06 2.9015 0.2075 110.527
2.07 2.8445 0.2075 110.36
2.08 2.7875 0.2075 110.186
2.09 2.7895 0.2074 110.34
2.1 2.7654 0.206 110.286
2.11 2.6894 0.2052 109.954
2.12 2.6414 0.2026 109.697
2.13 2.5053 0.1996 108.872
2.14 2.3812 0.1906 107.805
2.15 2.3452 0.1799 107.191
2.16 2.2412 0.177 106.487
2.17 2.1811 0.1689 105.794
2.18 1.997 0.159 104.069
2.19 1.897 0.1482 102.829
2.2 1.7169 0.1424 101.155
2.21 1.6369 0.1312 99.9057
2.22 1.4888 0.1259 98.3365
2.23 1.4247 0.1155 97.1381
2.24 1.3287 0.1025 95.335
2.25 1.2847 0.0973 94.5808
2.26 1.1726 0.084 92.3246
2.27 1.1206 0.0764 91.1145
2.28 1.0646 0.0671 89.5822
2.29 1.0245 0.0647 88.9269
2.3 0.999 0.0629 88.5041
2.31 1.0003 0.0621 88.5332
2.32 1.0016 0.0623 88.6798
2.33 1.0125 0.0625 88.9482
2.34 1.0846 0.063 90.0003
2.35 1.3047 0.0663 92.9305
2.36 1.4207 0.0688 94.479
2.37 1.6208 0.0731 96.8895
2.38 1.7569 0.0748 98.3238
2.39 1.8129 0.0752 98.9281
2.4 1.941 0.0757 100.077
2.41 1.965 0.0779 100.609
2.42 1.833 0.077 99.6254
2.43 1.7569 0.0801 99.4586
2.44 1.5648 0.0811 98.0268
2.45 1.5128 0.0811 97.6619
2.46 1.4688 0.0809 97.3379
2.47 1.4407 0.0807 97.157
2.48 1.3327 0.0799 96.1012
2.49 1.3167 0.0738 95.4091
2.5 1.2406 0.0694 94.217
2.51 1.2046 0.0653 93.4479
2.52 1.0606 0.0598 91.1818
2.53 1.0425 0.0544 90.3421
2.54 1.0375 0.0532 90.2111
2.55 1.0325 0.0511 89.945
2.56 1.0245 0.0501 89.7943
2.57 1.019 0.0487 89.6105
2.58 1.0228 0.0477 89.6006
2.59 1.0266 0.0471 89.6504
2.6 1.0365 0.0468 89.8229
2.61 1.0245 0.047 89.8
2.62 0.992501 0.0471 89.5015
2.63 0.9605 0.0471 89.1745
2.64 0.9205 0.0471 88.7235
2.65 0.8644 0.0467 87.9538
2.66 0.8404 0.0459 87.5636
2.67 0.7924 0.0451 86.7888
2.68 0.7884 0.0433 86.522
2.69 0.7764 0.0412 86.0639
2.7 0.7644 0.0399 85.7307
2.71 0.7404 0.039 85.2635
2.72 0.6924 0.037 84.1616
2.73 0.6704 0.0344 83.3499
2.74 0.6613 0.0324 82.8566
2.75 0.6608 0.0319 82.8243
2.76 0.6603 0.0297 82.4075
2.77 0.6523 0.0274 81.7953
2.78 0.6523 0.0266 81.6757
2.79 0.6323 0.0242 80.7537
2.8 0.6043 0.0224 79.7937
2.81 0.5723 0.022 79.1308
2.82 0.5483 0.0207 78.3239
2.83 0.5403 0.0201 78.0441
2.84 0.5163 0.02 77.579
2.85 0.5155 0.0202 77.7018
2.86 0.5154 0.0203 77.8073
2.87 0.5198 0.0207 78.1049
2.88 0.5243 0.0233 79.0519
2.89 0.5443 0.0247 79.943
2.9 0.5963 0.0274 81.781
2.91 0.6363 0.0287 82.9475
2.92 0.7004 0.0305 84.6093
2.93 0.8684 0.0306 87.3765
2.94 0.9885 0.0306 89.106
2.95 1.2967 0.0324 93.1869
2.96 1.4327 0.0352 95.2787
2.97 1.6409 0.036 97.4317
2.98 1.7129 0.0361 98.1504
2.99 1.7689 0.036 98.6752
3 1.8089 0.036 99.0854
3.01 2.0691 0.0324 100.233
3.02 2.3332 0.0286 101.022
3.03 2.9495 0.0268 104.022
3.04 3.1977 0.0259 105.036
3.05 3.3577 0.0256 105.772
3.06 3.4778 0.0258 106.474
3.07 3.4778 0.026 106.639
3.08 3.4138 0.0274 106.916
3.09 3.2817 0.0285 106.755
3.1 3.1496 0.0292 106.435
3.11 3.0976 0.0318 107.032
3.12 2.9976 0.0349 107.451
3.13 2.9556 0.0366 107.754
3.14 2.9603 0.0386 108.353
3.15 2.9651 0.0389 108.544
3.16 2.9856 0.0393 108.84
3.17 3.2177 0.0393 110.117
3.18 3.3377 0.0394 110.819
3.19 3.5779 0.0396 112.079
3.2 3.6819 0.0399 112.711
3.21 3.826 0.0412 113.737
3.22 3.93 0.0415 114.345
3.23 3.9541 0.0415 114.544
3.24 3.9901 0.0414 114.769
3.25 4.0141 0.0412 114.921
3.26 4.0061 0.0407 114.869
3.27 4.0101 0.0388 114.527
3.28 3.9941 0.0385 114.484
3.29 3.9701 0.0384 114.457
3.3 3.9581 0.0383 114.479
3.31 3.894 0.0382 114.281
3.32 3.834 0.0381 114.097
3.33 3.754 0.0378 113.771
3.34 3.7522 0.0362 113.449
3.35 3.7536 0.0324 112.507
3.36 3.755 0.0306 112.072
3.37 3.766 0.0298 111.965
3.38 3.826 0.0306 112.56
3.39 3.814 0.0313 112.814
3.4 3.8208 0.0328 113.376
3.41 3.8275 0.0375 114.769
3.42 3.842 0.0383 115.127
3.43 4.0061 0.0393 116.165
3.44 4.2342 0.0394 117.215
3.45 4.5824 0.0395 118.677
3.46 4.8585 0.0396 119.802
3.47 5.5789 0.0397 122.335
3.48 5.9591 0.0401 123.704
3.49 6.5194 0.0426 126.048
3.5 6.6995 0.043 126.743
3.51 6.9396 0.0433 127.562
3.52 6.9756 0.0435 127.807
3.53 6.9796 0.0436 127.943
3.54 6.9236 0.0443 128.065
3.55 6.8556 0.0483 128.907
3.56 6.7315 0.0494 128.91
3.57 6.6435 0.0505 129.003
3.58 6.5754 0.0546 129.752
3.59 6.4353 0.0554 129.607
3.6 6.4285 0.0565 129.9
3.61 6.4288 0.0571 130.115
3.62 6.4291 0.0571 130.216
3.63 6.4474 0.057 130.35
3.64 6.4434 0.057 130.438
3.65 6.3753 0.0567 130.281
3.66 6.2833 0.0567 130.108
3.67 6.1472 0.0567 129.796
3.68 6.0792 0.0569 129.725
3.69 5.9831 0.0576 129.657
3.7 5.9111 0.0577 129.547
3.71 5.863 0.0576 129.473
3.72 5.815 0.0576 129.417
3.73 5.843 0.057 129.49
3.74 5.763 0.0572 129.367
3.75 5.707 0.0573 129.3
3.76 5.691 0.0577 129.419
3.77 5.695 0.0582 129.62
3.78 5.6669 0.0602 129.988
3.79 5.5949 0.061 129.987
3.8 5.5589 0.0626 130.242
3.81 5.5629 0.0628 130.385
3.82 5.5384 0.0628 130.397
3.83 5.5433 0.0627 130.492
3.84 5.5483 0.0624 130.551
3.85 5.5629 0.0623 130.677
3.86 5.5989 0.0623 130.893
3.87 5.735 0.0618 131.353
3.88 5.835 0.0608 131.596
3.89 6.0952 0.0593 132.245
3.9 6.2793 0.0583 132.72
3.91 6.6955 0.0577 133.932
3.92 6.9716 0.0576 134.79
3.93 6.9996 0.0575 134.944
3.94 6.9876 0.0579 135.084
3.95 6.9836 0.0582 135.226
3.96 6.9699 0.0598 135.589
3.97 6.9634 0.06 135.703
3.98 6.9615 0.0602 135.83
3.99 6.9885 0.06 135.963
4 7.0156 0.0563 135.415
4.01 7.1277 0.0526 135.053
4.02 7.1877 0.0504 134.829
4.03 7.3078 0.0509 135.356
4.04 7.3438 0.0515 135.677
4.05 7.3958 0.0587 137.396
4.06 7.3958 0.0607 137.874
4.07 7.3718 0.0621 138.166
4.08 7.2918 0.0629 138.19
4.09 7.2077 0.0637 138.199
4.1 7.0757 0.0658 138.298
4.11 6.9396 0.0677 138.332
4.12 6.9116 0.0689 138.547
4.13 6.9016 0.069 138.629
4.14 6.9186 0.069 138.771
4.15 6.9356 0.069 138.913
4.16 7.0517 0.0685 139.255
4.17 7.3678 0.0666 139.902
4.18 7.8481 0.0652 141.025
4.19 8.4204 0.0648 142.483
4.2 8.7445 0.0649 143.374
4.21 9.3609 0.0649 144.883
4.22 9.8891 0.0651 146.166
4.23 10.245 0.0688 147.687
4.24 10.361 0.0719 148.567
4.25 10.541 0.0733 149.273
4.26 10.578 0.0753 149.781
4.27 10.573 0.0769 150.131
4.28 10.505 0.0782 150.299
4.29 10.461 0.0804 150.653
4.3 10.4612 0.0818 150.967
4.31 10.4613 0.0826 151.187
4.32 10.4715 0.0843 151.563
4.33 10.541 0.0851 151.924
4.34 10.806 0.0861 152.714
4.35 10.914 0.0862 153.046
4.36 11.134 0.0867 153.658
4.37 11.326 0.0873 154.224
4.38 11.434 0.0883 154.679
4.39 11.698 0.0898 155.505
4.4 11.862 0.0912 156.116
4.41 12.186 0.0928 157.049
4.42 12.442 0.093 157.648
4.43 12.539 0.0934 157.98
4.44 12.695 0.0931 158.318
4.45 12.759 0.0935 158.588
4.46 12.875 0.0949 159.091
4.47 12.895 0.0956 159.323
4.48 12.919 0.096 159.52
4.49 12.911 0.096 159.605
4.5 12.903 0.0961 159.703
4.51 12.883 0.0958 159.724
4.52 12.847 0.0955 159.717
4.53 12.803 0.0954 159.722
4.54 12.743 0.0896 158.88
4.55 12.695 0.0869 158.487
4.56 12.619 0.0865 158.386
4.57 12.507 0.0864 158.264
4.58 12.466 0.0864 158.286
4.59 12.354 0.0865 158.191
4.6 12.294 0.0866 158.191
4.61 12.132 0.0866 157.985
4.62 11.97 0.0866 157.774
4.63 11.926 0.0865 157.77
4.64 11.85 0.0864 157.704
4.65 11.734 0.0859 157.499
4.66 11.654 0.0855 157.377
4.67 11.522 0.0854 157.197
4.68 11.442 0.0855 157.148
4.69 11.362 0.0856 157.098
4.7 11.314 0.0858 157.126
4.71 11.17 0.0862 156.99
4.72 11.098 0.0863 156.951
4.73 10.926 0.087 156.796
4.74 10.838 0.0869 156.691
4.75 10.622 0.0874 156.403
4.76 10.409 0.088 156.128
4.77 10.249 0.0896 156.105
4.78 9.9812 0.0901 155.673
4.79 9.8411 0.0912 155.604
4.8 9.617 0.0922 155.32
4.81 9.5009 0.0935 155.319
4.82 9.3048 0.0938 154.984
4.83 9.2128 0.0939 154.865
4.84 9.0487 0.094 154.567
4.85 8.9807 0.0939 154.474
4.86 8.8686 0.0944 154.352
4.87 8.8246 0.0950001 154.411
4.88 8.7325 0.0981 154.678
4.89 8.7343 0.0987 154.849
4.9 8.736 0.0987 154.942
4.91 8.7425 0.0987 155.046
4.92 8.7966 0.0987 155.272
4.93 8.8966 0.0983 155.56
4.94 9.0687 0.0983 156.078
4.95 9.1888 0.0983 156.462
4.96 9.2608 0.0985 156.752
4.97 9.3689 0.0986 157.115
4.98 9.4329 0.0991 157.424
4.99 9.541 0.1004 157.941
5 9.597 0.1003 158.149
5.01 9.7251 0.1002 158.526
5.02 9.7691 0.0997 158.651
5.03 9.8851 0.0982 158.809
5.04 9.9372 0.0976 158.936
5.05 10.057 0.0974 159.271
5.06 10.121 0.098 159.586
5.07 10.189 0.0986 159.909
5.08 10.301 0.1001 160.45
5.09 10.329 0.1037 161.073
5.1 10.223 0.1075 161.404
5.11 10.214 0.1088 161.633
5.12 10.205 0.1119 162.079
5.13 10.121 0.1126 162.058
5.14 10.009 0.1149 162.159
5.15 9.7531 0.1151 161.666
5.16 9.609 0.1151 161.407
5.17 9.3929 0.1149 160.942
5.18 9.3986 0.1146 161.008
5.19 9.4044 0.1092 160.463
5.2 9.4189 0.1068 160.288
5.21 9.521 0.1019 159.996
5.22 9.617 0.0995 159.995
5.23 9.8731 0.0950001 160.07
5.24 10.005 0.0939 160.306
5.25 10.153 0.0921 160.472
5.26 10.233 0.0916 160.665
5.27 10.257 0.0915 160.79
5.28 10.333 0.0914 161.031
5.29 10.329 0.0913 161.092
5.3 10.269 0.091 160.997
5.31 10.129 0.0911 160.778
5.32 10.021 0.0911 160.614
5.33 9.7771 0.0914 160.173
5.34 9.637 0.0918 159.982
5.35 9.4089 0.0919 159.528
5.36 9.3662 0.0919 159.507
5.37 9.3503 0.0914 159.478
5.38 9.3596 0.091 159.525
5.39 9.3689 0.0852 158.758
5.4 9.4929 0.0811 158.489
5.41 9.7211 0.0732 157.763
5.42 9.8371 0.0692 157.376
5.43 10.001 0.0669 157.389
5.44 10.029 0.0659 157.336
5.45 9.9772 0.0656 157.239
5.46 9.7331 0.0655 156.739
5.47 9.577 0.0654 156.434
5.48 9.1608 0.0654 155.515
5.49 8.9286 0.0654 155.02
5.5 8.5524 0.066 154.257
5.51 8.2043 0.0675 153.702
5.52 8.0762 0.0676 153.45
5.53 7.8041 0.0676 152.771
5.54 7.7 0.0676 152.553
5.55 7.5319 0.0672 152.07
5.56 7.3918 0.0671 151.716
5.57 7.3682 0.0671 151.722
5.58 7.3569 0.0658 151.517
5.59 7.3456 0.0653 151.463
5.6 7.3478 0.0651 151.506
5.61 7.3438 0.0651 151.57
5.62 7.3098 0.065 151.524
5.63 7.2758 0.065 151.497
5.64 7.2798 0.0649 151.564
5.65 7.2478 0.0646 151.485
5.66 7.2077 0.0632 151.162
5.67 7.0717 0.0628 150.742
5.68 7.0197 0.0624 150.576
5.69 6.9036 0.0625 150.308
5.7 6.8155 0.0626 150.124
5.71 6.7355 0.0629 150.002
5.72 6.6795 0.0631 149.934
5.73 6.6766 0.0631 149.997
5.74 6.7092 0.063 150.155
5.75 6.7418 0.0629 150.313
5.76 6.8075 0.0621 150.436
5.77 6.8316 0.0597 150.092
5.78 6.8516 0.0564 149.518
5.79 6.8876 0.0552 149.435
5.8 6.9356 0.054 149.383
5.81 6.9996 0.0539 149.63
5.82 7.0597 0.0538 149.862
5.83 7.1317 0.0524 149.824
5.84 7.1437 0.0517 149.764
5.85 7.1637 0.0522 150.016
5.86 7.2678 0.0526 150.495
5.87 7.4399 0.0536 151.311
5.88 7.6 0.0543 152.012
5.89 7.732 0.0549 152.601
5.9 7.9601 0.0557 153.498
5.91 8.0082 0.0577 154.155
5.92 8.0042 0.0589 154.481
5.93 7.9761 0.0645 155.647
5.94 7.9001 0.0673 156.056
5.95 7.8441 0.0678 156.065
5.96 7.8464 0.0678 156.145
5.97 7.8487 0.0677 156.205
5.98 7.8614 0.0677 156.314
5.99 7.9046 0.0677 156.51
6 7.9962 0.0676 156.823
6.01 8.1442 0.0675 157.292
6.02 8.4604 0.067 158.132
6.03 8.6605 0.066 158.54
6.04 9.1768 0.0667 160.081
6.05 9.4649 0.0646 160.442
6.06 9.7891 0.0636 161.087
6.07 9.8731 0.0631 161.253
6.08 9.7931 0.0634 161.202
6.09 9.8031 0.0638 161.383
6.1 9.8131 0.0671 162.16
6.11 9.8113 0.0675 162.31
6.12 9.8422 0.0679 162.537
6.13 9.8731 0.0681 162.724
6.14 9.9011 0.0682 162.884
6.15 9.8091 0.0683 162.758
6.16 9.561 0.0683 162.232
6.17 9.462 0.0688 162.161
6.18 9.4623 0.0718 162.812
6.19 9.4627 0.0726 163.036
6.2 9.4729 0.0723 163.078
6.21 9.7571 0.0719 163.772
6.22 9.8611 0.0711 163.943
6.23 10.037 0.064 163.001
6.24 9.9972 0.063 162.767
6.25 10.001 0.0627 162.784
6.26 10.065 0.0631 163.092
6.27 10.097 0.0636 163.346
6.28 10.073 0.0648 163.617
6.29 10.121 0.0671 164.278
6.3 10.001 0.0686 164.37
6.31 9.8331 0.0695 164.22
6.32 9.7531 0.0711 164.41
6.33 9.561 0.0734 164.447
6.3401 9.4289 0.0773 164.9
6.3501 9.2808 0.0813 165.289
6.3601 9.2048 0.0824 165.35
6.3701 9.0727 0.0849 165.489
6.3801 8.9006 0.0869 165.426
6.3901 8.7566 0.0876 165.22
6.4001 8.6325 0.0899 165.308
6.4101 8.5484 0.0906 165.254
6.4201 8.4364 0.0917 165.177
6.4301 8.3283 0.0918 164.957
6.4401 8.2883 0.0918 164.914
6.4501 8.2483 0.0917 164.855
6.4601 8.2123 0.0917 164.822
6.4701 8.1482 0.091 164.602
6.4801 8.1282 0.0907 164.57
6.4901 8.0522 0.0893 164.205
6.5001 8.0322 0.0888 164.14
6.5101 7.9441 0.0878 163.795
6.5201 7.9041 0.0872 163.652
6.5301 7.8681 0.0866 163.521
6.5401 7.8688 0.0866 163.592
6.5501 7.8696 0.0861 163.585
6.5601 7.8721 0.0809 162.816
6.5701 7.9161 0.0803 162.915
6.5801 8.0562 0.0803 163.396
6.5901 8.1402 0.0803 163.709
6.6001 8.1843 0.0803 163.906
6.6101 8.2203 0.0803 164.079
6.6201 8.2243 0.0806 164.21
6.6301 8.2258 0.0813 164.401
6.6401 8.2273 0.0817 164.542
6.6501 8.2643 0.0833 164.983
6.6601 8.4044 0.0838 165.534
6.6701 8.4604 0.0851 165.974
6.6801 8.6205 0.0854 166.541
6.6901 8.7085 0.0861 166.968
6.7001 8.8526 0.0877 167.689
6.7101 8.8966 0.0883 167.973
6.7201 8.9687 0.0904 168.568
6.7301 8.9607 0.0916 168.801
6.7401 8.9447 0.0927 168.995
6.7501 8.8486 0.0949 169.132
6.7601 8.8046 0.0959 169.227
6.7701 8.7634 0.0963 169.241
6.7801 8.7436 0.0971 169.372
6.7901 8.736 0.0974 169.464
6.8001 8.7743 0.0975001 169.654
6.8101 8.8126 0.0975001 169.83
6.8201 8.8726 0.0976 170.08
6.8301 8.9206 0.0982 170.368
6.8401 8.9527 0.0989 170.627
6.8501 8.9847 0.099 170.798
6.8601 9.0087 0.1007 171.175
6.8701 9.0007 0.1015 171.335
6.8801 9.0207 0.1025 171.599
6.8901 9.0407 0.103 171.793
6.9001 9.0447 0.1041 172.025
6.9101 9.1768 0.1046 172.523
6.9201 9.2888 0.1057 173.045
6.9301 9.569 0.1076 174.115
6.9401 9.7411 0.1081 174.699
6.9501 10.021 0.1087 175.565
6.9601 10.117 0.109 175.916
6.9701 10.265 0.1092 176.382
6.9801 10.337 0.1095 176.67
6.9901 10.377 0.1095 176.839
7.0001 10.377 0.1095 176.909
7.0101 10.393 0.1094 177.005
7.0201 10.493 0.1084 177.184
7.0301 10.606 0.1062 177.225
7.0401 10.902 0.1052 177.86
7.0501 11.086 0.1042 178.217
7.0601 11.422 0.0984 178.205
7.0701 11.558 0.0926 177.679
7.0801 11.77 0.0913 178.005
7.0901 11.846 0.0909 178.175
7.1001 12.006 0.0909 178.589
7.1101 12.066 0.0909 178.787
7.1201 12.15 0.0906 178.987
7.1301 12.11 0.0904 178.939
7.1401 12.118 0.0902 178.993
7.1501 12.126 0.0902 179.079
7.1601 12.214 0.0903 179.352
7.1701 12.242 0.091 179.596
7.1801 12.29 0.0926 180.028
7.1901 12.366 0.0948 180.61
7.2001 12.41 0.0989 181.41
7.2101 12.47 0.1006 181.864
7.2201 12.507 0.1026 182.31
7.2301 12.563 0.1028 182.527
7.2401 12.583 0.104 182.815
7.2501 12.611 0.105 183.09
7.2601 12.615 0.1066 183.399
7.2701 12.683 0.1075 183.74
7.2801 12.723 0.1092 184.134
7.2901 12.851 0.1102 184.61
7.3001 12.915 0.112 185.061
7.3101 12.983 0.1124 185.327
7.3201 13.055 0.1138 185.736
7.3301 13.087 0.1138 185.872
7.3401 13.115 0.1139 186.013
7.3501 13.163 0.1142 186.223
7.3601 13.251 0.1154 186.634
7.3701 13.303 0.1183 187.196
7.3801 13.375 0.1205 187.7
7.3901 13.459 0.1212 188.03
7.4001 13.467 0.122 188.22
7.4101 13.475 0.122 188.307
7.4201 13.467 0.122 188.361
7.4301 13.4589 0.122 188.416
7.4401 13.4567 0.1229 188.597
7.4501 13.4598 0.1242 188.839
7.4601 13.463 0.125 189.017
7.4701 13.567 0.1257 189.385
7.4801 13.843 0.1269 190.156
7.4901 14.003 0.1274 190.604
7.5001 14.283 0.1302 191.565
7.5101 14.464 0.1321 192.215
7.5201 14.56 0.1324 192.506
7.5301 14.64 0.1329 192.79
7.5401 14.656 0.1338 192.999
7.5501 14.68 0.1352 193.283
7.5601 14.684 0.1372 193.598
7.5701 14.6758 0.1384 193.794
7.5801 14.7148 0.1382 193.916
7.5901 14.7539 0.1379 194.026
7.6001 14.836 0.1373 194.182
7.6101 14.924 0.1365 194.324
7.6201 15.072 0.1361 194.624
7.6301 15.056 0.1362 194.677
7.6401 14.968 0.1363 194.596
7.6501 14.82 0.1367 194.435
7.6601 14.728 0.1374 194.414
7.6701 14.4755 0.1397 194.269
7.6801 14.4533 0.1409 194.435
7.6901 14.451 0.1431 194.752
7.7001 14.4486 0.144 194.919
7.7101 14.452 0.1442 195.019
7.7201 14.444 0.1444 195.096
7.7301 14.251 0.1446 194.811
7.7401 14.119 0.1449 194.653
7.7501 14.007 0.1486 194.909
7.7601 13.691 0.1504 194.534
7.7701 13.523 0.1518 194.407
7.7801 13.207 0.1518 193.816
7.7901 12.963 0.1517 193.355
7.8001 12.639 0.1515 192.699
7.8101 11.798 0.1509 190.802
7.8201 11.33 0.1493 189.593
7.8301 10.662 0.1458 187.637
7.8401 10.401 0.144 186.842
7.8501 10.3902 0.1418 186.641
7.8601 10.4471 0.1366 186.274
7.8701 10.504 0.1324 186.002
7.8801 10.794 0.1219 185.519
7.8901 11.342 0.116 186.142
7.9001 12.571 0.1106 188.239
7.9101 13.127 0.1006 187.994
7.9201 13.583 0.0948 188.056
7.9301 14.239 0.0935 189.186
7.9401 14.448 0.093 189.566
7.9501 14.904 0.0934 190.55
7.9601 15.16 0.0939 191.17
7.9701 15.676 0.0964 192.581
7.9801 15.868 0.1028 194.021
7.9901 16.004 0.1072 195.006
8.0001 15.988 0.1155 196.26
8.0101 15.956 0.1203 196.937
8.0201 15.944 0.1265 197.81
8.0301 15.94 0.1385 199.369
8.0401 15.848 0.1443 199.953
8.0501 15.784 0.1544 201.034
8.0601 15.7 0.1581 201.345
8.0701 15.428 0.1654 201.664
8.0801 15.268 0.168 201.693
8.0901 15.108 0.168 201.456
8.1001 14.708 0.1678 200.728
8.1101 14.532 0.1676 200.429
8.1201 14.235 0.1639 199.532
8.1301 14.083 0.1623 199.129
8.1401 13.823 0.1608 198.51
8.1501 13.767 0.1613 198.513
8.1601 13.691 0.1584 198.123
8.1701 13.4568 0.157 197.553
8.1801 13.3899 0.156 197.373
8.1901 13.3933 0.1555 197.395
8.2001 13.3967 0.1553 197.448
8.2101 13.415 0.155 197.522
8.2201 13.423 0.1542 197.521
8.2301 13.407 0.1528 197.404
8.2401 13.367 0.1518 197.278
8.2501 13.215 0.151 196.933
8.2601 13.1869 0.1502 196.852
8.2701 13.1747 0.1493 196.793
8.2801 13.1748 0.1489 196.816
8.2901 13.175 0.1487 196.86
8.3001 13.523 0.1487 197.667
8.3101 14.027 0.1487 198.778
8.3201 14.464 0.1487 199.725
8.3301 15.536 0.1488 201.87
8.3401 16.148 0.1508 203.29
8.3501 17.381 0.1508 205.524
8.3601 17.901 0.1518 206.58
8.3701 18.502 0.1599 208.534
8.3801 18.762 0.1609 209.131
8.3901 18.902 0.1653 209.895
8.4001 18.898 0.1697 210.418
8.4101 18.874 0.1728 210.766
8.4201 18.73 0.1736 210.684
8.4301 18.626 0.1735 210.575
8.4401 18.414 0.1734 210.287
8.4501 18.221 0.1727 209.967
8.4601 18.149 0.1716 209.805
8.4701 18.0852 0.1698 209.583
8.4801 18.0536 0.1686 209.475
8.4901 18.022 0.1661 209.231
8.5001 18.041 0.1637 209.078
8.5101 18.021 0.1636 209.102
8.5201 18.025 0.1636 209.177
8.5301 17.993 0.1637 209.202
8.5401 17.941 0.1638 209.194
8.5501 17.929 0.1642 209.284
8.5601 17.857 0.1651 209.326
8.5701 17.829 0.1654 209.379
8.5801 17.841 0.1664 209.572
8.5901 17.805 0.1657 209.505
8.6001 17.793 0.1651 209.489
8.6101 17.749 0.1633 209.292
8.6201 17.677 0.1598 208.86
8.6301 17.577 0.1526 207.957
8.6401 17.529 0.1499 207.634
8.6501 17.373 0.1487 207.295
8.6601 17.173 0.1484 206.981
8.6701 17.105 0.148 206.883
8.6801 17.005 0.1479 206.763
8.6901 16.7362 0.1477 206.332
8.7001 16.752 0.1476 206.414
8.7101 16.7678 0.1476 206.508
8.7201 16.805 0.1475 206.628
8.7301 16.949 0.1473 206.925
8.7401 17.021 0.1463 207
8.7501 17.177 0.1461 207.314
8.7601 17.309 0.1453 207.514
8.7701 17.657 0.1453 208.176
8.7801 17.833 0.1452 208.527
8.7901 18.161 0.1455 209.177
8.8001 18.318 0.1458 209.539
8.8101 18.378 0.1466 209.799
8.8201 18.31 0.1487 210.002
8.8301 18.169 0.1502 210.009
8.8401 18.101 0.1527 210.251
8.8501 17.885 0.1545 210.158
8.8601 17.777 0.1549 210.086
8.8701 17.497 0.155 209.684
8.8801 17.357 0.155 209.507
8.8901 16.981 0.155 208.912
8.9001 16.833 0.155 208.714
8.9101 16.457 0.155 208.102
8.9201 16.26 0.1548 207.783
8.9301 15.908 0.1546 207.172
8.9401 15.816 0.154 206.996
8.9501 15.632 0.1512 206.397
8.9601 15.56 0.1503 206.221
8.9701 15.5887 0.1484 206.122
8.9801 15.6173 0.1474 206.124
8.9901 15.6821 0.1461 206.159
9.0001 15.812 0.1445 206.278
9.0101 16.004 0.1439 206.629
9.0201 16.565 0.1431 207.625
9.0301 16.865 0.1426 208.166
9.0401 17.381 0.1424 209.111
9.0501 17.529 0.1426 209.455
9.0601 17.797 0.1428 210.002
9.0701 17.881 0.1434 210.283
9.0801 17.949 0.1448 210.632
9.0901 18.061 0.1502 211.529
9.1001 18.133 0.1417 210.691
9.1101 18.129 0.1331 209.654
9.1201 18.137 0.1146 207.136
9.1301 18.282 0.0761 200.49
9.1401 18.314 0.0366 188.749
9.1501 18.394 0.0322 186.922
9.1601 18.402 0.0355 188.515
9.1701 18.47 0.0388 190.073
9.1801 18.526 0.0705 199.903
9.1901 18.518 0.1055 206.771
9.2001 18.466 0.1406 211.749
9.2101 12.6788 0.1414 200.745
9.2201 11.39 0.1444 198.075
9.2301 10.9036 0.1464 197.119
9.2401 11.6998 0.1485 199.426
9.2501 12.496 0.1487 201.409
9.2601 17.377 0.1497 211.384
9.2701 17.825 0.1497 212.224
9.2801 17.753 0.1507 212.281
9.2901 17.693 0.152 212.393
9.3001 17.601 0.153 212.413
9.3101 17.581 0.1539 212.545
9.3201 17.593 0.1547 212.721
9.3301 17.489 0.1547 212.603
9.3401 17.413 0.1547 212.533
9.3501 17.265 0.1547 212.335
9.3601 17.173 0.1548 212.247
9.3701 17.037 0.1548 212.067
9.3801 16.985 0.1559 212.161
9.3901 16.925 0.1565 212.184
9.4001 16.865 0.1612 212.661
9.4101 16.877 0.1615 212.778
9.4201 16.845 0.1615 212.783
9.4301 16.761 0.1628 212.835
9.4401 16.709 0.1641 212.943
9.4501 16.521 0.164 212.648
9.4601 16.397 0.1644 212.523
9.4701 16.22 0.1646 212.275
9.4801 16.124 0.1645 212.145
9.4901 16.1088 0.1644 212.168
9.5001 16.1193 0.1641 212.217
9.5101 16.1299 0.1638 212.267
9.5201 16.152 0.1636 212.35
9.5301 16.256 0.1627 212.51
9.5401 16.557 0.1614 212.993
9.5501 16.773 0.1575 213.019
9.5601 17.149 0.1575 213.762
9.5701 17.285 0.157 214.011
9.5801 17.377 0.1569 214.225
9.5901 17.385 0.1567 214.279
9.6001 17.369 0.1567 214.313
9.6101 17.353 0.1567 214.346
9.6201 17.365 0.1373 212.085
9.6301 17.341 0.1374 212.116
9.6401 17.293 0.1375 212.106
9.6501 17.221 0.143 212.733
9.6601 17.029 0.144 212.574
9.6701 16.905 0.1467 212.74
9.6801 16.501 0.1508 212.548
9.6901 14.8777 0.152 209.6
9.7001 14.3163 0.1529 208.605
9.7101 14.9582 0.1538 210.089
9.7201 15.6 0.156 211.674
9.7301 15.344 0.1562 211.253
9.7401 15.024 0.1554 210.583
9.7501 14.175 0.1546 208.797
9.7601 13.767 0.153 207.8
9.7701 13.119 0.1511 206.206
9.7801 12.787 0.1492 205.289
9.7901 12.238 0.1493 204.065
9.8001 12.1284 0.1469 203.584
9.8101 12.0759 0.1445 203.236
9.8201 12.059 0.1402 202.742
9.8301 12.2605 0.1319 202.255
9.8401 12.462 0.1272 202.176
9.8501 12.655 0.1258 202.495
9.8601 12.971 0.1258 203.272
9.8701 13.131 0.1253 203.621
9.8801 13.355 0.124 203.998
9.8901 13.475 0.1234 204.236
9.9001 13.459 0.1228 204.176
9.9101 13.363 0.1228 204.023
9.9201 13.271 0.1201 203.5
9.9301 13.2735 0.1155 202.903
9.9401 13.276 0.1145 202.818
9.9501 13.301 0.1146 202.945
9.9601 13.355 0.1146 203.12
9.9701 13.315 0.1149 203.133
9.9801 13.083 0.1156 202.778
9.9901 12.907 0.1165 202.57
10 12.563 0.1195 202.267
10.01 12.254 0.1195 201.599
10.02 12.126 0.1193 201.322
10.03 12.1258 0.1191 201.349
10.04 12.1299 0.118 201.259
10.05 12.134 0.1138 200.719
10.06 12.338 0.1116 200.93
10.07 13.139 0.1088 202.386
10.08 13.675 0.1086 203.58
10.09 14.82 0.1086 206.007
10.1 15.336 0.1086 207.082
10.11 16.16 0.0979 206.913
10.12 16.469 0.0956 207.125
10.13 16.745 0.1008 208.595
10.14 17.177 0.1061 210.314
10.15 17.317 0.1066 210.7
10.16 17.529 0.1084 211.422
10.17 17.561 0.1115 212.032
10.18 17.565 0.1174 213.009
10.19 17.489 0.1188 213.144
10.2 16.955 0.122 212.722
10.21 16.938 0.1234 212.951
10.22 16.921 0.1247 213.164
10.23 16.857 0.1263 213.332
10.24 16.697 0.1262 213.083
10.25 16.581 0.1264 212.955
10.26 16.497 0.1265 212.871
10.27 16.4853 0.1265 212.907
10.28 16.5152 0.127 213.09
10.29 16.5451 0.1275 213.273
10.3 16.609 0.1284 213.574
10.31 16.721 0.1293 213.963
10.32 16.905 0.1295 214.386
10.33 16.973 0.1312 214.8
10.34 16.957 0.1317 214.897
10.35 16.9564 0.1333 215.17
10.36 16.9567 0.1354 215.508
10.37 16.957 0.1359 215.633
10.38 16.977 0.1378 215.976
10.39 17.037 0.1392 216.326
10.4 17.145 0.1404 216.735
10.41 17.213 0.1417 217.083
10.42 17.209 0.1433 217.337
10.43 17.181 0.1459 217.669
10.44 17.137 0.1468 217.758
10.45 16.917 0.1495 217.741
10.46 16.805 0.1514 217.82
10.47 16.613 0.1541 217.838
10.48 16.224 0.1543 217.177
10.49 16.008 0.1551 216.909
10.5 15.744 0.1549 216.424
10.51 15.304 0.1546 215.565
10.52 15.148 0.1539 215.223
10.53 14.98 0.1526 214.782
10.54 14.8744 0.1508 214.408
10.55 14.8241 0.1487 214.11
10.56 14.804 0.1481 214.053
10.57 14.858 0.1471 214.101
10.58 14.912 0.1448 213.988
10.59 15.136 0.1443 214.443
10.6 15.748 0.1442 215.714
10.61 16.024 0.1442 216.312
10.62 16.373 0.1442 217.041
10.63 16.437 0.126 214.795
10.64 16.437 0.1183 213.727
10.65 16.4022 0.1158 213.338
10.66 16.4018 0.1179 213.712
10.67 16.4074 0.12 214.092
10.68 16.413 0.1344 216.188
10.69 16.473 0.1352 216.464
10.7 16.561 0.136 216.793
10.71 16.597 0.1361 216.931
10.72 16.609 0.1372 217.155
10.73 16.3871 0.1378 216.87
10.74 16.2996 0.138 216.785
10.75 16.2938 0.1402 217.115
10.76 16.288 0.1406 217.212
10.77 16.26 0.1408 217.24
10.78 16.188 0.1408 217.157
10.79 15.952 0.1398 216.625
10.8 15.788 0.1393 216.295
10.81 15.472 0.139 215.683
10.82 15.336 0.139 215.464
10.83 15.072 0.139 214.981
10.84 14.948 0.1397 214.87
10.85 14.78 0.1405 214.678
10.86 14.636 0.1406 214.443
10.87 14.568 0.1407 214.367
10.88 14.5038 0.1409 214.311
10.89 14.4756 0.1415 214.381
10.9 14.4718 0.1418 214.465
10.91 14.5979 0.1418 214.788
10.92 14.724 0.1412 215.033
10.93 15.028 0.1407 215.658
10.94 15.2 0.1387 215.81
10.95 15.628 0.1383 216.677
10.96 15.86 0.1384 217.206
10.97 16.28 0.1386 218.106
10.98 16.397 0.1385 218.374
10.99 16.545 0.1386 218.725
11 16.597 0.1386 218.879
11.01 16.577 0.1386 218.896
11.02 16.497 0.1389 218.838
11.03 16.316 0.1394 218.611
11.04 16.2 0.1394 218.442
11.05 16.148 0.1393 218.383
11.06 16.146 0.1387 218.355
11.07 16.144 0.1372 218.209
11.08 16.14 0.1367 218.19
11.09 16.108 0.1357 218.049
11.1 16.012 0.135 217.822
11.11 15.964 0.135 217.782
11.12 15.938 0.1351 217.799
11.13 15.9411 0.1351 217.86
11.14 15.9442 0.1397 218.528
11.15 15.9625 0.1408 218.761
11.16 16.004 0.141 218.924
11.17 16.128 0.141 219.222
11.18 16.481 0.1388 219.673
11.19 16.653 0.1367 219.778
11.2 17.061 0.1323 220
11.21 17.305 0.1322 220.491
11.22 17.797 0.1322 221.438
11.23 18.041 0.1322 221.928
11.24 18.546 0.1344 223.173
11.25 18.774 0.1378 224.087
11.26 18.782 0.1415 224.65
11.27 18.79 0.1425 224.851
11.28 19.05 0.1455 225.743
11.29 19.342 0.1475 226.551
11.3 19.418 0.1526 227.377
11.31 19.49 0.1551 227.862
11.32 19.542 0.1603 228.632
11.33 19.502 0.1623 228.857
11.34 19.418 0.163 228.853
11.35 19.226 0.1635 228.64
11.36 19.138 0.1689 229.163
11.37 18.978 0.1691 228.965
11.38 18.862 0.1694 228.853
11.39 18.47 0.1694 228.217
11.4 18.229 0.1694 227.842
11.41 17.785 0.1697 227.123
11.42 17.625 0.1695 226.86
11.43 17.317 0.1693 226.318
11.44 17.225 0.1688 226.144
11.45 17.177 0.1674 225.951
11.46 16.965 0.1665 225.501
11.47 16.853 0.1641 225.069
11.48 16.481 0.1628 224.252
11.49 16.208 0.1599 223.433
11.5 15.908 0.1585 222.724
11.51 15.292 0.1578 221.433
11.52 14.992 0.1579 220.867
11.53 14.52 0.1576 219.87
11.54 14.351 0.1541 219.143
11.55 14.298 0.1521 218.841
11.56 14.3032 0.1483 218.445
11.57 14.3084 0.1463 218.262
11.58 14.319 0.1444 218.1
11.59 14.484 0.1422 218.234
11.6 14.52 0.1419 218.326
11.61 14.572 0.1418 218.478
11.62 14.532 0.1417 218.431
11.63 14.327 0.1423 218.113
11.64 14.175 0.1428 217.894
11.65 14.023 0.1435 217.697
11.66 13.723 0.1437 217.097
11.67 13.543 0.143 216.648
11.68 13.247 0.1422 215.91
11.69 13.135 0.1387 215.251
11.7 12.887 0.1361 214.374
11.71 12.775 0.134 213.879
11.72 12.687 0.1324 213.503
11.73 12.6764 0.1316 213.421
11.74 12.6814 0.1309 213.389
11.75 12.6865 0.1297 213.288
11.76 12.77 0.1295 213.513
11.77 12.939 0.1278 213.733
11.78 13.119 0.1268 214.069
11.79 13.407 0.1235 214.319
11.8 13.555 0.1234 214.694
11.81 13.711 0.1233 215.085
11.82 13.979 0.1234 215.75
11.83 14.099 0.1235 216.081
11.84 14.367 0.1241 216.806
11.85 14.512 0.1248 217.273
11.86 14.796 0.1274 218.305
11.87 14.992 0.1285 218.927
11.88 15.364 0.1313 220.147
11.89 15.592 0.1325 220.833
11.9 16.024 0.135 222.101
11.91 16.228 0.1364 222.749
11.92 16.569 0.1374 223.605
11.93 16.793 0.1394 224.36
11.94 17.025 0.1398 224.91
11.95 17.725 0.1417 226.525
11.96 18.093 0.1422 227.316
11.97 18.83 0.1447 229.012
11.98 19.198 0.147 230.006
11.99 19.522 0.1521 231.269
12 20.07 0.1536 232.437
12.01 20.327 0.1568 233.317
12.02 20.667 0.1627 234.649
12.03 20.783 0.1661 235.297
12.04 21.023 0.1681 235.976
12.05 21.091 0.1699 236.349
12.06 21.059 0.172 236.594
12.07 21.047 0.1737 236.823
12.08 20.815 0.175 236.646
12.09 20.703 0.1761 236.64
12.1 20.583 0.1764 236.53
12.11 20.399 0.1788 236.544
12.12 20.315 0.1787 236.447
12.13 20.211 0.1786 236.316
12.14 20.134 0.1783 236.207
12.15 20.002 0.1756 235.738
12.16 19.966 0.1753 235.697
12.17 19.83 0.175 235.485
12.18 19.73 0.157 233.252
12.19 19.634 0.1521 232.527
12.2 19.45 0.1589 233.112
12.21 19.4495 0.1658 233.99
12.22 19.4498 0.1719 234.748
12.23 19.45 0.1723 234.847
12.24 19.486 0.1723 234.963
12.25 19.59 0.174 235.389
12.26 19.674 0.1779 236.023
12.27 19.609 0.1783 236.008
12.28 19.6115 0.1787 236.109
12.29 19.614 0.1784 236.134
12.3 20.082 0.1804 237.211
12.31 20.235 0.1815 237.644
12.32 20.479 0.1859 238.583
12.33 20.547 0.1891 239.09
12.34 20.723 0.1912 239.658
12.35 20.843 0.192 239.995
12.36 20.843 0.1941 240.266
12.37 20.803 0.1968 240.53
12.38 20.743 0.1974 240.545
12.39 20.487 0.1976 240.19
12.4 20.09 0.1974 239.547
12.41 19.926 0.1971 239.288
12.42 19.546 0.1964 238.608
12.43 19.386 0.1924 237.972
12.44 19.078 0.1904 237.27
12.45 18.898 0.1882 236.77
12.46 18.566 0.1837 235.744
12.47 18.314 0.1809 235.033
12.48 17.965 0.1782 234.142
12.49 17.741 0.1752 233.441
12.5 17.353 0.1737 232.584
12.51 17.149 0.1703 231.858
12.52 16.885 0.1681 231.142
12.53 16.453 0.166 230.092
12.54 16.22 0.1625 229.264
12.55 15.744 0.1609 228.145
12.56 15.488 0.1589 227.421
12.57 15.304 0.1586 227.044
12.58 14.78 0.1577 225.851
12.59 14.52 0.1559 225.109
12.6 14.067 0.1544 223.953
12.61 13.883 0.15 223.041
12.62 13.743 0.1458 222.239
12.63 13.567 0.1417 221.35
12.64 13.5201 0.135 220.398
12.65 13.4998 0.1308 219.82
12.66 13.5059 0.1272 219.373
12.67 13.512 0.1208 218.495
12.68 13.579 0.1181 218.288
12.69 13.663 0.1165 218.282
12.7 13.815 0.1159 218.584
12.71 14.111 0.1161 219.331
12.72 14.211 0.1155 219.508
12.73 14.275 0.1115 219.055
12.74 14.219 0.1107 218.847
12.75 14.139 0.1108 218.734
12.76 13.983 0.1109 218.449
12.77 13.895 0.1119 218.461
12.78 13.851 0.1143 218.794
12.79 13.847 0.1171 219.274
12.8 13.5774 0.1195 219.071
12.81 13.5562 0.1212 219.327
12.82 13.535 0.1219 219.43
12.83 13.535 0.1219 219.478
12.84 13.487 0.1219 219.413
12.85 13.4722 0.1218 219.411
12.86 13.4651 0.1211 219.336
12.87 13.504 0.1212 219.49
12.88 13.543 0.1213 219.644
12.89 13.855 0.1214 220.428
12.9 14.043 0.1225 221.07
12.91 14.363 0.1229 221.896
12.92 14.536 0.1238 222.462
12.93 14.584 0.1238 222.615
12.94 14.508 0.1246 222.615
12.95 14.323 0.1254 222.37
12.96 14.195 0.1268 222.336
12.97 13.831 0.129 221.87
12.98 13.323 0.1292 220.754
12.99 13.035 0.1291 220.093
13 12.446 0.1289 218.651
13.01 12.146 0.1286 217.888
13.02 11.646 0.128 216.535
13.03 11.402 0.1258 215.611
13.04 10.998 0.1249 214.412
13.05 10.834 0.123 213.721
13.06 10.533 0.1215 212.684
13.07 10.389 0.1162 211.521
13.08 10.105 0.1136 210.327
13.09 9.9852 0.1111 209.623
13.1 9.8753 0.1101 209.176
13.11 9.8226 0.1089 208.868
13.12 9.8216 0.1076 208.701
13.13 9.8734 0.106 208.643
13.14 9.9252 0.1048 208.647
13.15 10.073 0.102 208.665
13.16 10.353 0.1009 209.346
13.17 10.457 0.0986 209.29
13.18 10.662 0.0975001 209.724
13.19 10.778 0.0967 209.951
13.2 11.07 0.0958 210.642
13.21 11.19 0.0959 211.032
13.22 11.502 0.0746 207.531
13.23 11.662 0.0738 207.802
13.24 11.962 0.0765 209.232
13.25 12.086 0.0792 210.192
13.26 12.322 0.0924 213.544
13.27 12.442 0.0921 213.829
13.28 12.635 0.0931 214.541
13.29 12.691 0.0948 215.046
13.3 12.835 0.0954 215.554
13.31 12.7962 0.0959 215.599
13.32 12.8156 0.0959 215.691
13.33 12.835 0.0967 215.932
13.34 12.971 0.097 216.361
13.35 13.171 0.0974 216.958
13.36 13.323 0.0977 217.417
13.37 13.411 0.0977 217.669
13.38 13.567 0.0978 218.095
13.39 13.639 0.0979 218.326
13.4 13.831 0.0983 218.885
13.41 13.927 0.0991 219.297
13.42 14.147 0.1008 220.149
13.43 14.243 0.1017 220.572
13.44 14.448 0.1024 221.198
13.45 14.544 0.1025 221.473
13.46 14.76 0.1026 222.008
13.47 14.892 0.1031 222.429
13.48 15.196 0.1044 223.355
13.49 15.34 0.1067 224.111
13.5 15.48 0.1076 224.608
13.51 15.732 0.1092 225.454
13.52 15.824 0.1099 225.809
13.53 15.844 0.1129 226.404
13.54 15.784 0.1142 226.542
13.55 15.7 0.1158 226.677
13.56 15.512 0.1177 226.637
13.57 15.4 0.1192 226.686
13.58 15.26 0.1203 226.607
13.59 15.184 0.1205 226.522
13.6 15.052 0.1206 226.299
13.61 14.98 0.1205 226.174
13.62 14.88 0.1204 225.986
13.63 14.672 0.1202 225.543
13.64 14.596 0.12 225.39
13.65 14.5854 0.1186 225.192
13.66 14.5944 0.1176 225.099
13.67 14.6035 0.1166 225.005
13.68 14.664 0.1146 224.861
13.69 14.812 0.1136 225.068
13.7 15.224 0.1116 225.671
13.71 15.488 0.1101 226.022
13.72 16.132 0.1101 227.398
13.73 16.537 0.11 228.24
13.74 16.937 0.1035 227.915
13.75 17.785 0.1038 229.626
13.76 18.185 0.1042 230.483
13.77 18.862 0.1065 232.168
13.78 19.126 0.1073 232.825
13.79 19.514 0.111 234.206
13.8 19.574 0.1156 235.15
13.81 19.65 0.1179 235.714
13.82 19.3502 0.1196 235.521
13.83 19.3321 0.1252 236.435
13.84 19.314 0.1256 236.513
13.85 19.35 0.1286 237.089
13.86 19.278 0.1299 237.208
13.87 19.054 0.1306 236.963
13.88 18.898 0.1309 236.775
13.89 18.454 0.1308 235.998
13.9 18.237 0.1306 235.613
13.91 17.601 0.1302 234.399
13.92 17.249 0.1297 233.69
13.93 16.833 0.1282 232.691
13.94 15.912 0.1272 230.709
13.95 15.476 0.124 229.347
13.96 14.668 0.122 227.32
13.97 14.271 0.1197 226.111
13.98 13.487 0.1161 223.754
13.99 13.119 0.1143 222.619
14 12.394 0.1093 220.028
14.01 12.022 0.1067 218.669
14.02 11.366 0.1022 216.176
14.03 11.058 0.0999 214.958
14.04 10.505 0.096 212.712
14.05 10.281 0.0937 211.667
14.06 10.033 0.0902 210.299
14.07 9.653 0.0879 208.725
14.08 9.5089 0.0846 207.653
14.09 9.2848 0.0829 206.632
14.1 9.2856 0.0794 205.935
14.11 9.2863 0.0781 205.695
14.12 9.2888 0.0745 204.938
14.13 9.4649 0.0728 205.139
14.14 9.589 0.0699 204.87
14.15 9.8131 0.0691 205.396
14.16 9.8851 0.0674 205.227
14.17 9.9612 0.0667 205.316
14.18 9.9572 0.0661 205.19
14.19 9.9332 0.0645 204.741
14.2 9.9252 0.064 204.625
14.21 9.8691 0.063 204.23
14.22 9.8411 0.0623 203.997
14.23 9.7891 0.0612 203.579
14.24 9.7491 0.0611 203.471
14.25 9.705 0.0576 202.382
14.26 9.661 0.0562 201.876
14.27 9.577 0.0567 201.81
14.28 9.541 0.0572 201.887
14.29 9.4489 0.0569 201.557
14.3 9.4289 0.0578 201.798
14.31 9.4369 0.058 201.92
14.32 9.4239 0.0592 202.263
14.33 9.4364 0.0596 202.454
14.34 9.4489 0.0603 202.729
14.35 9.593 0.0611 203.434
14.36 9.9132 0.0614 204.521
14.37 10.281 0.0616 205.692
14.38 10.489 0.0616 206.326
14.39 10.838 0.0616 207.341
14.4 10.958 0.0618 207.766
14.41 11.138 0.0619 208.322
14.42 11.218 0.0622 208.661
14.43 11.222 0.0629 208.906
14.44 11.15 0.0648 209.271
14.45 11.078 0.0688 210.16
14.46 10.9675 0.0705 210.324
14.47 10.9198 0.0706 210.258
14.48 10.9129 0.0708 210.328
14.49 11.0214 0.0709 210.693
14.5 11.13 0.0708 211.007
14.51 11.754 0.0707 212.686
14.52 12.13 0.067 212.74
14.53 12.843 0.0643 213.805
14.54 13.091 0.0616 213.672
14.55 13.263 0.0616 214.115
14.56 13.231 0.0608 213.849
14.57 12.975 0.0606 213.23
14.58 12.803 0.0604 212.803
14.59 12.563 0.0603 212.235
14.6 12.478 0.0608 212.214
14.61 12.286 0.0613 211.925
14.62 12.022 0.0624 211.616
14.63 11.374 0.0645 210.554
14.64 10.738 0.0667 209.439
14.65 10.433 0.0695 209.327
14.66 10.3568 0.0696 209.171
14.67 10.32 0.0697 209.128
14.68 10.3325 0.0694 209.129
14.69 10.345 0.0692 209.155
14.7 10.886 0.0662 209.96
14.71 11.274 0.0609 209.601
14.72 11.886 0.0617 211.472
14.73 12.026 0.058 210.782
14.74 11.914 0.0518 208.567
14.75 11.558 0.0515 207.596
14.76 11.366 0.0512 207.034
14.77 10.802 0.0487 204.707
14.78 10.469 0.0463 202.969
14.79 10.037 0.0448 201.227
14.8 9.1648 0.045 198.721
14.81 8.3283 0.0452 196.11
14.82 7.8681 0.0461 194.867
14.83 6.9236 0.048 191.992
14.84 6.5634 0.051 191.519
14.85 6.2032 0.0568 191.715
14.86 5.823 0.0598 190.828
14.87 5.2747 0.0639 189.206
14.88 4.9586 0.0722 189.48
14.89 4.6464 0.0724 187.792
14.9 4.0301 0.0724 184.018
14.91 3.754 0.0724 182.181
14.92 3.2737 0.0715 178.472
14.93 3.0736 0.0712 176.829
14.94 2.7534 0.071 174.042
14.95 2.5693 0.0702 172.186
14.96 2.3902 0.0693 170.252
14.97 2.3563 0.0679 169.645
14.98 2.3488 0.0666 169.327
14.99 2.433 0.0665 170.198
15 2.5173 0.0667 171.109
15.01 2.9655 0.067 175.292
15.02 3.3497 0.0697 179.015
15.03 3.886 0.0706 183.114
15.04 5.1867 0.0705 190.9
15.05 5.847 0.0704 194.236
15.06 7.2118 0.0671 199.432
15.07 8.1202 0.0644 202.214
15.08 9.7691 0.0608 206.716
15.09 10.405 0.0558 207.155
15.1 11.554 0.0554 210.217
15.11 12.222 0.056 212.154
15.12 12.751 0.0566 213.681
15.13 13.439 0.0598 216.331
15.14 13.655 0.0631 217.84
15.15 13.971 0.0662 219.473
15.16 14.127 0.0731 221.686
15.17 14.436 0.0762 223.188
15.18 14.588 0.0838 225.341
15.19 14.744 0.0871 226.455
15.2 15.06 0.0922 228.267
15.21 15.196 0.094 228.972
15.22 15.436 0.0955 229.834
15.23 15.492 0.0994 230.763
15.24 15.556 0.1011 231.268
15.25 15.732 0.1029 232.026
15.26 15.792 0.1041 232.42
15.27 15.924 0.1045 232.815
15.28 15.96 0.1047 232.97
15.29 16.044 0.1045 233.152
15.3 16.22 0.1042 233.505
15.31 16.272 0.1041 233.636
15.32 16.344 0.1042 233.846
15.33 16.373 0.1043 233.967
15.34 16.373 0.105 234.14
15.35 16.336 0.1056 234.217
15.36 16.276 0.1062 234.245
15.37 16.176 0.1066 234.153
15.38 16.1273 0.107 234.167
15.39 16.1043 0.107 234.161
15.4 16.0964 0.107 234.187
15.41 16.1002 0.107 234.237
15.42 16.104 0.1069 234.269
15.43 16.132 0.107 234.388
15.44 16.14 0.107 234.447
15.45 16.128 0.107 234.464
15.46 16.088 0.1072 234.459
15.47 15.964 0.1076 234.312
15.48 15.808 0.1084 234.168
15.49 15.476 0.1089 233.584
15.5 15.28 0.1099 233.375
15.51 15.032 0.1102 232.921
15.52 14.504 0.1108 231.871
15.53 14.219 0.111 231.285
15.54 13.975 0.111 230.751
15.55 13.801 0.111 230.376
15.56 13.715 0.1093 229.914
15.57 13.673 0.1084 229.696
15.58 13.654 0.1067 229.389
15.59 13.7065 0.1062 229.467
15.6 13.759 0.106 229.598
15.61 13.815 0.106 229.773
15.62 14.059 0.106 230.395
15.63 14.211 0.1059 230.774
15.64 14.339 0.1058 231.096
15.65 14.608 0.1055 231.701
15.66 14.732 0.1058 232.08
15.67 14.828 0.105 232.191
15.68 14.868 0.1042 232.175
15.69 14.94 0.1042 232.378
15.7 15.16 0.1042 232.908
15.71 15.272 0.1046 233.271
15.72 15.24 0.105 233.316
15.73 15.168 0.1072 233.601
15.74 15.008 0.1084 233.502
15.75 14.904 0.1091 233.434
15.76 14.8 0.1068 232.827
15.77 14.664 0.1044 232.119
15.78 14.251 0.0996 230.304
15.79 13.959 0.0996 229.658
15.8 13.211 0.0995 227.865
15.81 12.887 0.0993 227.054
15.82 12.579 0.0991 226.266
15.83 12.154 0.0977 224.922
15.84 11.986 0.0988 224.721
15.85 11.67 0.0961 223.381
15.86 11.194 0.0937 221.618
15.87 10.974 0.0943 221.141
15.88 10.754 0.089 219.477
15.89 10.614 0.0877 218.834
15.9 10.481 0.0841 217.714
15.91 10.449 0.0837 217.57
15.92 10.501 0.081 217.171
15.93 10.265 0.0734 214.731
15.94 10.165 0.0716 214.024
15.95 9.8051 0.0714 212.903
15.96 9.625 0.0713 212.348
15.97 9.4129 0.0723 211.95
15.98 8.9166 0.0733 210.58
15.99 8.6485 0.0777 210.712
16 8.1763 0.0796 209.473
16.01 7.9161 0.0795 208.514
16.02 7.4319 0.0803 206.835
16.03 7.2077 0.081 206.11
16.04 6.7835 0.0843 205.033
16.05 6.5954 0.0888 205.125
16.06 6.4033 0.089 204.327
16.07 6.3901 0.0891 204.321
16.08 6.4042 0.0864 203.899
16.09 6.4183 0.0837 203.46
16.1 6.5034 0.0771 202.493
16.11 7.0317 0.0659 202.161
16.12 7.3358 0.0618 202.349
16.13 7.9561 0.061 204.541
16.14 8.2443 0.061 205.627
16.15 8.7686 0.061 207.497
16.16 9.0127 0.0614 208.468
16.17 9.2568 0.0665 210.702
16.18 9.3088 0.0693 211.633
16.19 9.3929 0.0711 212.396
16.2 9.4489 0.0752 213.609
16.21 9.4969 0.0787 214.612
16.22 9.617 0.0853 216.483
16.23 9.637 0.0884 217.23
16.24 9.633 0.0927 218.114
16.25 9.617 0.0951 218.563
16.26 9.581 0.0991 219.233
16.27 9.521 0.1016 219.527
16.28 9.4769 0.1054 220.089
16.29 9.3609 0.106 219.84
16.3 9.3369 0.1066 219.9
16.31 9.2833 0.1065 219.738
16.32 9.2571 0.1073 219.823
16.33 9.2965 0.1071 219.96
16.34 9.3359 0.1068 220.081
16.35 9.4209 0.106 220.268
16.36 9.533 0.0992 219.467
16.37 9.7691 0.0905 218.603
16.38 9.8051 0.0885 218.349
16.39 10.013 0.0882 218.985
16.4 10.213 0.0882 219.647
16.41 10.277 0.0882 219.882
16.42 10.357 0.088 220.123
16.43 10.413 0.088 220.332
16.44 10.501 0.088 220.636
16.45 10.569 0.088 220.879
16.46 10.742 0.0941 222.671
16.47 10.874 0.0975001 223.761
16.48 10.914 0.1021 224.777
16.49 10.97 0.1097 226.329
16.5 10.962 0.1132 226.936
16.51 10.898 0.1181 227.583
16.52 10.866 0.12 227.828
16.53 10.718 0.1226 227.822
16.54 10.618 0.1278 228.341
16.55 10.493 0.1293 228.212
16.56 10.177 0.1344 227.98
16.57 10.005 0.1398 228.206
16.58 9.8407 0.1406 227.809
16.59 9.7602 0.1408 227.605
16.6 9.7286 0.1409 227.55
16.61 9.8149 0.1408 227.864
16.62 9.9011 0.1408 228.189
16.63 10.557 0.1373 229.863
16.64 11.026 0.1279 229.984
16.65 11.494 0.1199 230.164
16.66 12.222 0.1136 231.206
16.67 12.531 0.1032 230.231
16.68 13.115 0.1016 231.484
16.69 13.459 0.1013 232.33
16.7 13.715 0.1012 232.981
16.71 14.039 0.1039 234.317
16.72 14.075 0.1067 234.962
16.73 13.927 0.1092 235.096
16.74 13.839 0.1142 235.797
16.75 13.8351 0.1177 236.42
16.76 13.8427 0.1207 236.974
16.77 13.8502 0.1279 238.177
16.78 13.899 0.1296 238.599
16.79 14.103 0.1376 240.334
16.8 14.199 0.1418 241.212
16.81 14.267 0.1458 241.977
16.82 14.255 0.1505 242.627
16.83 14.199 0.1558 243.229
16.84 14.075 0.1587 243.336
16.85 13.987 0.1616 243.523
16.86 13.667 0.1627 242.889
16.87 13.419 0.1631 242.339
16.88 13.139 0.1635 241.694
16.89 12.555 0.1641 240.229
16.9 12.214 0.1647 239.39
16.91 11.778 0.1648 238.192
16.92 11.342 0.1675 237.261
16.93 11.062 0.1678 236.483
16.94 10.646 0.1691 235.371
16.95 9.697 0.1704 232.413
16.96 9.0847 0.1727 230.535
16.97 7.708 0.1748 225.408
16.98 6.9596 0.1772 222.405
16.99 6.1352 0.1789 218.613
17 4.8065 0.1797 211.176
17.01 4.2342 0.1799 207.409
17.02 3.3898 0.1779 200.717
17.03 3.1376 0.176 198.35
17.04 2.9535 0.1639 195.501
17.05 2.7734 0.1567 193.046
17.06 2.3852 0.1363 186.75
17.07 2.2492 0.1233 183.67
17.08 2.0811 0.1115 180.143
17.09 1.985 0.0934 176.332
17.1 1.901 0.0846 173.829
17.11 1.7809 0.0756 170.627
17.12 1.6969 0.0603 166.312
17.13 1.5368 0.0527 162.155
17.14 1.4928 0.0408 158.102
17.15 1.4648 0.037 156.419
17.16 1.4525 0.0349 155.497
17.17 1.4472 0.0339 155.065
17.18 1.448 0.0335 154.949
17.19 1.4488 0.0338 155.101
17.2 1.5048 0.0342 156.129
17.21 1.7169 0.0349 159.416
17.22 1.861 0.0367 161.979
17.23 2.1211 0.0366 165.049
17.24 2.2292 0.0365 166.223
17.25 2.3092 0.0361 166.943
17.26 2.4133 0.0353 167.72
17.27 2.4613 0.0331 167.326
17.28 2.5173 0.0322 167.511
17.29 2.6174 0.0314 168.129
17.3 2.6574 0.0309 168.299
17.31 2.6814 0.0296 167.942
17.32 2.6734 0.0284 167.32
17.33 2.6774 0.0271 166.731
17.34 2.6374 0.0274 166.55
17.35 2.6014 0.0277 166.398
17.36 2.5533 0.0284 166.323
17.37 2.5293 0.0309 167.293
17.38 2.5173 0.031 167.251
17.39 2.4733 0.0309 166.808
17.4 2.4917 0.0309 167.013
17.41 2.5102 0.0306 167.082
17.42 2.5591 0.0301 167.344
17.43 2.6694 0.0299 168.298
17.44 2.6974 0.0298 168.531
17.45 2.6734 0.0298 168.341
17.46 2.6414 0.0296 167.982
17.47 2.6274 0.0309 168.481
17.48 2.6134 0.0321 168.913
17.49 2.6134 0.0347 170.038
17.5 2.5733 0.0347 169.687
17.51 2.5533 0.0348 169.564
17.52 2.5613 0.0355 169.949
17.53 2.5573 0.0359 170.096
17.54 2.5733 0.041 172.168
17.55 2.5894 0.0414 172.489
17.56 2.6654 0.0417 173.341
17.57 2.8655 0.0416 175.15
17.58 3.0496 0.042 176.896
17.59 3.2337 0.0421 178.459
17.6 3.2457 0.0422 178.618
17.61 3.2417 0.0422 178.614
17.62 3.2977 0.0422 179.084
17.63 3.3658 0.0422 179.64
17.64 3.5418 0.0421 180.956
17.65 3.5659 0.0419 181.09
17.66 3.5699 0.0409 180.784
17.67 3.6979 0.034 178.959
17.68 3.77 0.032 178.583
17.69 3.818 0.0311 178.512
17.7 3.782 0.0313 178.392
17.71 3.7219 0.0315 178.103
17.72 3.6019 0.0322 177.617
17.73 3.3818 0.0353 177.391
17.74 3.3788 0.0382 178.565
17.75 3.3923 0.0445 180.98
17.76 3.4058 0.0455 181.447
17.77 3.4698 0.0469 182.422
17.78 3.6379 0.048 184.052
17.79 3.9661 0.0474 186.19
17.8 4.0741 0.0482 187.201
17.81 4.1301 0.0545 189.526
17.82 4.1982 0.0615 191.922
17.83 4.2462 0.0649 193.13
17.84 4.3062 0.0684 194.398
17.85 4.4143 0.0669 194.764
17.86 4.4983 0.0706 196.201
17.87 4.5944 0.0742 197.646
17.88 4.7505 0.0765 199.135
17.89 4.8105 0.0764 199.504
17.9 4.8825 0.0762 199.919
17.91 5.0786 0.0752 200.866
17.92 5.2867 0.0749 201.995
17.93 5.2927 0.0749 202.06
17.94 5.2988 0.075 202.147
17.95 6.2633 0.0752 207.152
17.96 6.4914 0.0756 208.346
17.97 6.6555 0.0767 209.38
17.98 6.9876 0.0791 211.427
17.99 7.1757 0.0825001 213.015
18 7.64 0.0843 215.366
18.01 7.8601 0.0871 216.871
18.02 8.2803 0.0859 218.285
18.03 8.5204 0.088 219.66
18.04 8.7686 0.0882 220.646
18.05 9.3449 0.0881 222.691
18.06 9.701 0.0881 223.928
18.07 10.097 0.0881 225.257
18.08 10.806 0.0882 227.525
18.09 11.062 0.0883 228.35
18.1 11.322 0.0888 229.258
18.11 11.362 0.089 229.453
18.12 11.398 0.091 230.018
18.13 11.478 0.0917 230.432
18.14 11.47 0.0950001 231.123
18.15 11.394 0.0958 231.098
18.16 11.342 0.0969 231.201
18.17 11.23 0.0965 230.827
18.18 11.142 0.0973 230.759
18.19 11.018 0.1007 231.082
18.2 10.762 0.1018 230.545
18.21 10.638 0.1063 231.025
18.22 10.481 0.1082 230.906
18.23 10.117 0.1083 229.787
18.24 9.9692 0.1077 229.229
18.25 9.549 0.1071 227.741
18.26 9.4009 0.106 227.069
18.27 9.2128 0.1056 226.372
18.28 8.9246 0.1046 225.194
18.29 8.8046 0.1027 224.447
18.3 8.5605 0.1017 223.392
18.31 8.4604 0.1001 222.754
18.32 8.3643 0.0986 222.142
18.33 8.0922 0.0981 221.027
18.34 7.9721 0.0957 220.131
18.35 7.8361 0.0916 218.821
18.36 7.62 0.0893 217.514
18.37 7.4799 0.0871 216.516
18.38 7.1557 0.0862 214.986
18.39 6.9756 0.0866 214.313
18.4 6.7395 0.0869 213.347
18.41 6.2232 0.0903 211.619
18.42 5.8711 0.0902 209.864
18.43 5.1627 0.0972 207.33
18.44 4.8185 0.0975001 205.364
18.45 4.6509 0.0979 204.42
18.46 4.4833 0.0983 203.442
18.47 4.7745 0.0976 205.203
18.48 4.2982 0.0969 202.03
18.49 4.0461 0.0954 200.05
18.5 3.5058 0.0891 194.882
18.51 3.2697 0.0858 192.359
18.52 2.8895 0.0836 188.585
18.53 2.7694 0.0801 186.798
18.54 2.5373 0.0795 184.371
18.55 2.4133 0.0744 182.066
18.56 2.2932 0.0695 179.738
18.57 2.0291 0.0645 175.531
18.58 1.913 0.0566 172.192
18.59 1.8249 0.0523 169.932
18.6 1.7209 0.05 167.898
18.61 1.6929 0.046 166.369
18.62 1.6569 0.0391 163.652
18.63 1.6489 0.038 163.174
18.64 1.6328 0.0361 162.274
18.65 1.5688 0.0324 159.921
18.66 1.5328 0.0315 159.038
18.67 1.5088 0.0312 158.574
18.68 1.4928 0.0311 158.312
18.69 1.4959 0.031 158.341
18.7 1.499 0.0313 158.538
18.71 1.5097 0.0315 158.809
18.72 1.5328 0.0356 160.809
18.73 1.5768 0.0372 162.081
18.74 1.6409 0.0381 163.363
18.75 1.8089 0.0403 166.472
18.76 1.893 0.0407 167.728
18.77 1.973 0.0418 169.13
18.78 2.0331 0.0461 171.277
18.79 2.013 0.047 171.333
18.8 2.024 0.047 171.493
18.81 2.035 0.0502 172.596
18.82 2.0651 0.0557 174.489
18.83 2.1491 0.0578 176.061
18.84 2.2532 0.0582 177.392
18.85 2.5933 0.0536 179.811
18.86 2.7774 0.0489 180.241
18.87 3.0256 0.0391 179.138
18.88 4.0741 0.0342 184.936
18.89 4.8225 0.0318 188.366
18.9 5.5829 0.0332 193.099
18.91 6.9036 0.0347 199.857
18.92 7.3918 0.0387 203.704
18.93 7.78 0.0472 208.66
18.94 5.771 0.0543 202.248
18.95 5.763 0.0614 204.316
18.96 5.759 0.0635 204.898
18.97 5.9048 0.0655 206.198
18.98 6.0507 0.0668 207.293
18.99 6.3543 0.0669 208.817
19 6.9656 0.0706 212.578
19.01 8.2123 0.0708 217.761
19.02 8.6965 0.0713 219.726
19.03 9.1007 0.0718 221.329
19.04 9.1688 0.0731 221.93
19.05 9.2368 0.074 222.425
19.06 9.3008 0.0848 225.217
19.07 9.2248 0.0929 226.698
19.08 9.0327 0.0975001 226.956
19.09 8.8606 0.0986 226.572
19.1 8.8741 0.0982 226.579
19.11 8.8876 0.0977 226.565
19.12 8.9201 0.0966 226.503
19.13 9.0727 0.0952 226.815
19.14 9.2968 0.0908 226.752
19.15 9.529 0.0868 226.74
19.16 9.9011 0.0856 227.763
19.17 10.077 0.0841 228.039
19.18 10.373 0.0826 228.682
19.19 10.513 0.0825001 229.134
19.2 10.573 0.0825001 229.356
19.21 10.63 0.0826 229.59
19.22 10.65 0.0827 229.708
19.23 10.565 0.0828 229.499
19.24 10.457 0.0835 229.354
19.25 10.341 0.0849 229.336
19.26 10.213 0.0863 229.27
19.27 9.8971 0.0863 228.268
19.28 9.7371 0.0884 228.221
19.29 9.2848 0.0895 226.93
19.3 9.0647 0.0918 226.658
19.31 8.8126 0.0985 227.098
19.32 8.4124 0.1029 226.438
19.33 8.1722 0.1034 225.619
19.34 8.0242 0.1025 224.895
19.35 7.628 0.1017 223.147
19.36 7.4319 0.0944 220.97
19.37 7.3661 0.094 220.641
19.38 7.3514 0.0936 220.531
19.39 7.3456 0.093 220.42
19.4 7.3527 0.0924 220.363
19.41 7.3598 0.086 219.113
19.42 7.3918 0.0817 218.347
19.43 7.5919 0.0800001 218.837
19.44 7.5514 0.0795 218.586
19.45 7.6157 0.0787 218.7
19.46 7.68 0.0768 218.551
19.47 7.8281 0.0761 219.018
19.48 7.9681 0.0755 219.464
19.49 8.2643 0.0752 220.579
19.5 8.3804 0.0759 221.225
19.51 8.6205 0.0765 222.304
19.52 8.6565 0.0778 222.781
19.53 8.6765 0.0811 223.658
19.54 8.6285 0.086 224.605
19.55 8.6045 0.0884 225.062
19.56 8.603 0.0892 225.257
19.57 8.6099 0.0915 225.793
19.58 8.6169 0.0926 226.076
19.59 8.6525 0.0950001 226.725
19.6 8.7966 0.0954 227.376
19.61 9.0687 0.0959 228.507
19.62 9.2648 0.0963 229.324
19.63 9.669 0.0997 231.439
19.64 9.8411 0.1004 232.195
19.65 10.265 0.1008 233.72
19.66 10.453 0.1048 235.125
19.67 10.65 0.1061 236.033
19.68 10.922 0.1062 236.944
19.69 11.11 0.1064 237.598
19.7 11.238 0.1078 238.283
19.71 11.654 0.1119 240.312
19.72 11.878 0.1135 241.291
19.73 12.23 0.1153 242.659
19.74 12.41 0.1178 243.639
19.75 12.486 0.119 244.093
19.76 12.723 0.1205 245.045
19.77 12.799 0.123 245.709
19.78 13.015 0.1259 246.815
19.79 13.043 0.1279 247.25
19.8 13.055 0.1305 247.732
19.81 12.971 0.1326 247.865
19.82 12.939 0.1339 248.013
19.83 12.859 0.135 247.995
19.84 12.787 0.1365 248.057
19.85 12.715 0.1365 247.891
19.86 12.539 0.1365 247.428
19.87 12.378 0.1361 246.942
19.88 12.314 0.1362 246.808
19.89 12.232 0.1361 246.59
19.9 12.2264 0.1359 246.578
19.91 12.2275 0.1356 246.57
19.92 12.2287 0.1342 246.395
19.93 12.254 0.1291 245.71
19.94 12.382 0.1283 245.985
19.95 12.486 0.1282 246.299
19.96 12.519 0.1283 246.443
19.97 12.3931 0.1284 246.135
19.98 12.2672 0.1304 246.124
19.99 12.314 0.1318 246.512
20 12.218 0.0535 228.471
20.01 12.066 0.0496 226.659
20.02 11.706 0.0479 225.05
20.03 11.51 0.0393 220.868
20.04 11.31 0.0391 220.249
20.05 10.938 0.0388 219.08
20.06 10.73 0.0406 219.332
