0.01 0.1832 0 0
0.02 0.1094 0 0
0.03 0.0357 0.0005 10.9647
0.04 0.0396 0.0009 12.6605
0.05 0.0202 0.0018 12.9521
0.06 0.02 0.0037 14.4466
0.07 0.0206 0.0045 15.3921
0.0800001 0.0211 0.0053 16.2493
0.0900001 0.0318 0.0053 17.8118
0.1 0.1094 0.0053 21.9127
0.11 0.1094 0.0054 22.5361
0.12 0.2142 0.0061 25.6926
0.13 0.9399 0.0071 32.9187
0.14 0.9399 0.0078 33.8678
0.15 1.4676 0.0086 37.1119
0.16 1.7354 0.0086 38.7068
0.17 1.9061 0.0091 40.0881
0.18 2.0186 0.0093 41.1423
0.19 2.1273 0.0094 42.1195
0.2 2.2243 0.01 43.2215
0.21 2.2083 0.0105 43.9443
0.22 2.2687 0.0106 44.7248
0.23 2.3291 0.011 45.5929
0.24 2.4494 0.0112 46.541
0.25 2.5347 0.0113 47.3398
0.26 2.6434 0.0114 48.1844
0.27 2.787 0.0115 49.1006
0.28 2.9538 0.0115 50.0164
0.29 3.1284 0.0123 51.2119
0.3 3.3341 0.0127 52.3122
0.31 3.5475 0.0131 53.4026
0.32 3.7299 0.0136 54.4358
0.33 3.8851 0.0144 55.49
0.34 3.9938 0.0157 56.5806
0.35 4.2111 0.0163 57.6548
0.36 4.2965 0.0174 58.5939
0.37 4.2965 0.0184 59.317
0.38 4.3896 0.0191 60.1297
0.39 4.5332 0.0202 61.131
0.4 4.5914 0.0206 61.7767
0.41 4.6185 0.0217 62.525
0.42 4.6263 0.0224 63.1271
0.43 4.6263 0.0232 63.7271
0.44 4.6069 0.0236 64.1882
0.45 4.572 0.0227 64.3114
0.46 4.5642 0.0219 64.4968
0.47 4.5409 0.0195 64.2126
0.48 4.5371 0.0174 63.9724
0.49 4.506 0.0167 64.0573
0.5 4.4789 0.0168 64.3941
0.51 4.4323 0.017 64.7158
0.52 4.409 0.0173 65.1114
0.53 4.3702 0.0187 65.7985
0.54 4.3236 0.0199 66.3819
0.55 4.2499 0.0209 66.8284
0.56 3.8715 0.0241 67.0583
0.57 3.4932 0.0259 66.7977
0.58 3.4699 0.0276 67.4124
0.59 3.338 0.0292 67.6732
0.6 3.0935 0.0302 67.4381
0.61 2.9616 0.0313 67.5256
0.62 2.6123 0.032 66.7394
0.63 2.4028 0.0322 66.2692
0.640001 2.2359 0.0335 66.0908
0.650001 2.0574 0.0345 65.7464
0.660001 2.0508 0.0346 66.0114
0.670001 2.0686 0.0348 66.4024
0.680001 2.0863 0.0348 66.7583
0.690001 2.1855 0.0348 67.4796
0.700001 2.4688 0.035 68.9826
0.710001 2.7908 0.0352 70.5221
0.720001 3.0935 0.0363 72.0386
0.730001 3.3768 0.0368 73.3171
0.740001 3.4078 0.0371 73.7416
0.75 3.3613 0.0372 73.8875
0.760001 3.1634 0.0367 73.4322
0.770001 3.0081 0.0363 73.1006
0.780001 2.818 0.0353 72.5081
0.790001 2.624 0.0339 71.7797
0.800001 2.4532 0.0333 71.2305
0.810001 2.0147 0.0326 69.3558
0.820001 1.7936 0.0319 68.3141
0.830001 1.5957 0.0318 67.3827
0.840001 1.4055 0.0316 66.3482
0.850001 1.0873 0.0315 64.1343
0.860001 0.9437 0.0316 63.0607
0.870001 0.8467 0.0308 62.1505
0.880001 0.7652 0.0304 61.3794
0.890001 0.6411 0.03 59.9573
0.900001 0.5945 0.0299 59.4773
0.910001 0.5634 0.0294 59.1174
0.920001 0.5014 0.028 58.0739
0.930001 0.4781 0.0267 57.6226
0.940001 0.416 0.0253 56.3945
0.950001 0.3927 0.0238 55.8086
0.960001 0.3733 0.021 54.9888
0.970001 0.3732 0.0194 54.7829
0.980001 0.3732 0.0183 54.6732
0.990001 0.3733 0.017 54.4947
1 0.3888 0.0159 54.6631
1.01 0.4199 0.0148 55.0957
1.02 0.4276 0.0142 55.2012
1.03 0.4393 0.0135 55.3335
1.04 0.4625 0.0131 55.7553
1.05 0.4975 0.0131 56.4942
1.06 0.5324 0.0131 57.199
1.07 0.5634 0.0133 57.8907
1.08 0.5945 0.0138 58.6713
1.09 0.6488 0.0162 60.3668
1.1 0.6993 0.017 61.4228
1.11 0.870001 0.0167 63.451
1.12 0.982501 0.0171 64.8607
1.13 1.1455 0.0184 66.8808
1.14 1.3163 0.0195 68.7314
1.15 1.6345 0.0206 71.4057
1.16 1.7586 0.0221 72.7603
1.17 1.8168 0.0246 73.9332
1.18 1.813 0.0264 74.5226
1.19 1.8193 0.0271 74.8978
1.2 1.8256 0.0269 75.0634
1.21 1.8401 0.0266 75.2523
1.22 1.9527 0.026 75.9282
1.23 2.0458 0.0249 76.3378
1.24 2.2864 0.0241 77.5338
1.25 2.3679 0.0229 77.7688
1.26 2.4106 0.0203 77.3625
1.27 2.4494 0.019 77.2845
1.28 2.3718 0.0177 76.6417
1.29 2.267 0.0169 76.0164
1.3 2.1273 0.0155 74.944
1.31 1.9992 0.0157 74.5146
1.32 1.6927 0.0159 72.9809
1.33 1.5374 0.017 72.5303
1.34 1.3783 0.0191 72.2438
1.35 1.2231 0.0206 71.6076
1.36 1.2118 0.0213 71.8583
1.37 1.2121 0.0201 71.6608
1.38 1.2124 0.0188 71.41
1.39 1.3473 0.0162 71.7547
1.4 1.7315 0.0147 73.9427
1.41 2.3912 0.0146 77.5703
1.42 2.5192 0.0145 78.2639
1.43 2.6162 0.0142 78.7075
1.44 2.6705 0.0138 78.906
1.45 2.6628 0.0133 78.7828
1.46 2.617 0.0125 78.3312
1.47 2.5967 0.0122 78.2337
1.48 2.5765 0.0121 78.2396
1.49 2.5891 0.0121 78.4413
1.5 2.5619 0.0135 79.1859
1.51 2.5231 0.0148 79.766
1.52 2.461 0.0152 79.8031
1.53 2.4609 0.0156 80.1212
1.54 2.4609 0.0154 80.1803
1.55 2.461 0.0157 80.4543
1.56 2.4843 0.0159 80.7927
1.57 2.4688 0.0159 80.8634
1.58 2.4804 0.0163 81.2287
1.59 2.4804 0.017 81.6565
1.6 2.461 0.0172 81.7861
1.61 2.4067 0.0179 81.9365
1.62 2.3213 0.018 81.6897
1.63 2.3174 0.0181 81.8474
1.64 2.3135 0.0181 81.9668
1.65 2.2903 0.0182 82.024
1.66 2.2747 0.0186 82.2297
1.67 2.2515 0.0189 82.3551
1.68 2.2127 0.0189 82.2857
1.69 2.1971 0.0189 82.3376
1.7 2.1777 0.0189 82.3675
1.71 2.1583 0.0188 82.3593
1.72 2.1389 0.0186 82.3125
1.73 2.1273 0.0186 82.3807
1.74 2.0885 0.0185 82.2575
1.75 2.073 0.0184 82.2632
1.76 2.0652 0.0182 82.2741
1.77 2.0458 0.0181 82.2541
1.78 2.0303 0.018 82.2549
1.79 2.0341 0.0172 82.0942
1.8 2.0186 0.0168 81.9703
1.81 1.9915 0.0164 81.7729
1.82 1.9953 0.0164 81.9208
1.83 1.9837 0.0164 81.9768
1.84 1.9721 0.0165 82.0733
1.85 1.9825 0.0165 82.2593
1.86 1.9929 0.0166 82.4862
1.87 2.0215 0.0166 82.7789
1.88 2.0807 0.0163 83.1208
1.89 2.17 0.016 83.6194
1.9 2.2786 0.0154 84.0654
1.91 2.4649 0.0154 85.1463
1.92 2.5658 0.0154 85.7641
1.93 2.6744 0.0154 86.4023
1.94 2.915 0.0156 87.7006
1.95 3.0353 0.017 88.9729
1.96 3.0896 0.0175 89.543
1.97 3.1556 0.0191 90.6002
1.98 3.1867 0.0197 91.0902
1.99 3.272 0.0202 91.7566
2 3.369 0.0209 92.5338
2.01 3.5165 0.0213 93.3829
2.02 4.118 0.0215 95.7369
2.03 4.5215 0.0217 97.2424
2.04 5.3248 0.0228 100.107
2.05 5.6314 0.0235 101.309
2.06 6.0543 0.0253 103.141
2.07 6.1901 0.026 103.846
2.08 6.4269 0.0272 104.942
2.09 6.5239 0.0282 105.625
2.1 6.6519 0.0302 106.668
2.11 6.7024 0.0313 107.244
2.12 6.7761 0.0334 108.137
2.13 6.811 0.0339 108.493
2.14 6.8304 0.0356 109.122
2.15 6.8227 0.0363 109.423
2.16 6.8421 0.037 109.784
2.17 6.8188 0.0375 109.994
2.18 6.8173 0.038 110.252
2.19 6.8186 0.0386 110.54
2.2 6.8199 0.0388 110.73
2.21 6.8227 0.0389 110.9
2.22 6.8615 0.0392 111.201
2.23 7.0012 0.0391 111.64
2.24 7.1059 0.0394 112.09
2.25 7.3737 0.0401 112.993
2.26 7.5134 0.0401 113.439
2.27 7.7113 0.0403 114.051
2.28 7.7773 0.0404 114.355
2.29 7.8665 0.0405 114.706
2.3 7.8976 0.0406 114.934
2.31 8.0256 0.0411 115.457
2.32 8.0955 0.0418 115.902
2.33 8.2196 0.043 116.57
2.34 8.2662 0.044 117.027
2.35 8.3438 0.0441 117.346
2.36 8.3671 0.0452 117.773
2.37 8.3943 0.0459 118.118
2.38 8.3865 0.0462 118.304
2.39 8.3943 0.0468 118.585
2.4 8.3671 0.0471 118.731
2.41 8.3166 0.0477 118.89
2.42 8.2507 0.045 118.315
2.43 8.1304 0.0422 117.571
2.44 8.0877 0.0365 116.204
2.45 8.0714 0.0363 116.249
2.46 8.0757 0.0363 116.39
2.47 8.08 0.0363 116.53
2.48 8.0916 0.0364 116.712
2.49 8.239 0.0368 117.253
2.5 8.3205 0.0373 117.683
2.51 8.534 0.0377 118.349
2.52 8.6542 0.0388 119.003
2.53 8.5378 0.0394 119.054
2.54 8.6659 0.0407 119.764
2.55 8.7939 0.0414 120.319
2.56 9.0462 0.0417 121.014
2.57 9.3295 0.0428 121.948
2.58 9.4381 0.0433 122.402
2.59 9.7291 0.0437 123.165
2.6 9.8572 0.0447 123.762
2.61 10.129 0.0455 124.564
2.62 10.249 0.0465 125.134
2.63 10.416 0.0484 125.978
2.64 10.505 0.0496 126.523
2.65 10.567 0.0518 127.222
2.66 10.61 0.0526 127.592
2.67 10.622 0.0536 127.946
2.68 10.61 0.0547 128.275
2.69 10.54 0.0548 128.305
2.7 10.497 0.0556 128.517
2.71 10.435 0.0557 128.559
2.72 10.292 0.0559 128.473
2.73 10.199 0.056 128.455
2.74 10.02 0.0562 128.297
2.75 9.9542 0.0564 128.343
2.76 9.8688 0.0564 128.313
2.77 9.7408 0.0564 128.201
2.78 9.6709 0.0564 128.196
2.79 9.6321 0.0563 128.231
2.8 9.5002 0.0563 128.104
2.81 9.4265 0.0561 128.05
2.82 9.3721 0.0561 128.069
2.83 9.3488 0.0561 128.15
2.84 9.3483 0.0561 128.274
2.85 9.3486 0.0563 128.438
2.86 9.3489 0.0564 128.583
2.87 9.3644 0.0563 128.72
2.88 9.4226 0.0566 129.016
2.89 9.4148 0.0565 129.106
2.9 9.3954 0.0569 129.268
2.91 9.4032 0.0574 129.501
2.92 9.3644 0.0578 129.622
2.93 9.2945 0.058 129.643
2.94 9.279 0.058 129.735
2.95 9.2557 0.058 129.81
2.96 9.1859 0.058 129.791
2.97 9.1432 0.058 129.825
2.98 9.1199 0.058 129.899
2.99 9.1102 0.0577 129.944
3 9.1073 0.0571 129.946
3.01 9.1058 0.0567 129.987
3.02 9.1044 0.0562 130.008
3.03 9.1044 0.0556 130.011
3.04 9.0772 0.0552 129.996
3.05 9.0462 0.055 130.012
3.06 9.0151 0.0549 130.046
3.07 8.8948 0.0547 129.873
3.08 8.8211 0.0545 129.795
3.09 8.7241 0.0537 129.546
3.1 8.5456 0.0529 129.116
3.11 8.4602 0.0513 128.715
3.12 8.4403 0.0505 128.618
3.13 8.4322 0.0496 128.522
3.14 8.4384 0.0493 128.585
3.15 8.4447 0.049 128.647
3.16 8.4951 0.0486 128.783
3.17 8.5456 0.0484 128.962
3.18 8.565 0.0484 129.117
3.19 8.5689 0.0484 129.239
3.2 8.5922 0.0485 129.424
3.21 8.5728 0.0486 129.516
3.22 8.6542 0.049 129.893
3.23 8.7086 0.049 130.123
3.24 8.7745 0.049 130.376
3.25 8.8638 0.049 130.678
3.26 8.8638 0.049 130.79
3.27 8.8638 0.049 130.901
3.28 8.8618 0.0492 131.053
3.29 8.8612 0.0495 131.229
3.3 8.8625 0.0499 131.43
3.31 8.8638 0.0502 131.609
3.32 8.8754 0.0504 131.788
3.33 8.8172 0.0504 131.773
3.34 8.7474 0.0504 131.732
3.35 8.7047 0.0504 131.749
3.36 8.6689 0.0504 131.78
3.37 8.6521 0.0503 131.83
3.38 8.6474 0.0502 131.907
3.39 8.6508 0.0502 132.023
3.4 8.6542 0.0496 132.006
3.41 8.7008 0.0496 132.216
3.42 8.7319 0.0493 132.325
3.43 8.728 0.0491 132.379
3.44 8.7745 0.049 132.565
3.45 8.7707 0.049 132.664
3.46 8.7823 0.0465 132.219
3.47 8.7745 0.0441 131.726
3.48 8.7823 0.0418 131.262
3.49 8.8172 0.0407 131.15
3.5 8.8289 0.0406 131.253
3.51 8.8522 0.0405 131.38
3.52 8.856 0.0409 131.6
3.53 8.8638 0.0414 131.853
3.54 8.8577 0.043 132.361
3.55 8.8621 0.0442 132.778
3.56 8.8664 0.045 133.09
3.57 8.9026 0.0465 133.636
3.58 8.9608 0.0473 134.055
3.59 8.9841 0.0481 134.397
3.6 8.9686 0.0491 134.698
3.61 8.9724 0.0495 134.901
3.62 8.9763 0.0502 135.171
3.63 8.9957 0.0509 135.473
3.64 9.0423 0.0511 135.722
3.65 9.0772 0.0513 135.945
3.66 9.1083 0.0515 136.159
3.67 9.1548 0.0515 136.362
3.68 9.182 0.0517 136.568
3.69 9.1936 0.0523 136.827
3.7 9.2324 0.0524 137.035
3.71 9.2712 0.0526 137.264
3.72 9.3139 0.0528 137.501
3.73 9.3644 0.0528 137.711
3.74 9.3838 0.0528 137.855
3.75 9.4497 0.0528 138.096
3.76 9.5545 0.0528 138.418
3.77 9.6554 0.0529 138.752
3.78 9.7679 0.0533 139.173
3.79 9.9969 0.0543 139.957
3.8 10.117 0.0546 140.365
3.81 10.187 0.0552 140.735
3.82 10.272 0.0555 141.07
3.83 10.276 0.0557 141.223
3.84 10.2741 0.056 141.385
3.85 10.2733 0.0569 141.673
3.86 10.2768 0.0571 141.824
3.87 10.2804 0.0572 141.954
3.88 10.3 0.0574 142.136
3.89 10.354 0.0575 142.365
3.9 10.366 0.0574 142.47
3.91 10.342 0.0574 142.524
3.92 10.28 0.057 142.419
3.93 10.214 0.0569 142.367
3.94 10.168 0.0569 142.375
3.95 10.117 0.0569 142.372
3.96 10.096 0.0569 142.43
3.97 10.075 0.0569 142.487
3.98 10.061 0.0572 142.62
3.99 10.0606 0.0574 142.76
4 10.0608 0.0579 142.963
4.01 10.061 0.0578 143.042
4.02 10.075 0.0581 143.232
4.03 10.071 0.0584 143.384
4.04 10.102 0.059 143.668
4.05 10.121 0.0594 143.887
4.06 10.133 0.0597 144.071
4.07 10.164 0.06 144.293
4.08 10.179 0.0605 144.522
4.09 10.222 0.0609 144.787
4.1 10.331 0.061 145.127
4.11 10.408 0.0612 145.42
4.12 10.486 0.0614 145.714
4.13 10.649 0.0622 146.294
4.14 10.761 0.0629 146.75
4.15 10.878 0.0634 147.174
4.16 11.091 0.0636 147.723
4.17 11.184 0.0639 148.058
4.18 11.277 0.0645 148.449
4.19 11.475 0.0662 149.243
4.2 11.607 0.0673 149.793
4.21 11.747 0.0684 150.354
4.22 11.991 0.069 151.009
4.23 12.1 0.0697 151.432
4.24 12.193 0.0702 151.789
4.25 12.387 0.0703 152.252
4.26 12.469 0.0708 152.587
4.27 12.589 0.0718 153.075
4.28 12.768 0.0731 153.716
4.29 12.876 0.0732 154.02
4.3 12.981 0.0741 154.457
4.31 13.074 0.0753 154.923
4.32 13.284 0.0758 155.464
4.33 13.377 0.0773 155.975
4.34 13.586 0.0779 156.524
4.35 13.664 0.0784 156.837
4.36 13.703 0.0809 157.412
4.37 13.8 0.082 157.85
4.38 13.792 0.0829 158.08
4.39 13.78 0.0851 158.506
4.4 13.687 0.0858 158.559
4.41 13.6827 0.0861 158.698
4.42 13.6858 0.0871 158.956
4.43 13.6889 0.0869 159.031
4.44 13.714 0.0868 159.157
4.45 13.753 0.0850001 159.045
4.46 13.761 0.0813 158.569
4.47 13.784 0.0775 158.075
4.48 13.792 0.0757 157.877
4.49 13.881 0.075 158
4.5 13.873 0.0751 158.102
4.51 13.839 0.0752 158.161
4.52 13.811 0.0755 158.265
4.53 13.757 0.0763 158.411
4.54 13.4835 0.0773 158.222
4.55 13.3857 0.0787 158.39
4.56 13.288 0.0793 158.419
4.57 13.268 0.0803 158.647
4.58 13.26 0.0806 158.779
4.59 13.179 0.0809 158.784
4.6 13.109 0.081 158.774
4.61 13.028 0.0812 158.761
4.62 12.915 0.0811 158.641
4.63 12.834 0.0813 158.626
4.64 12.787 0.0813 158.637
4.65 12.725 0.0813 158.621
4.66 12.663 0.0813 158.604
4.67 12.601 0.0813 158.586
4.68 12.438 0.0798 158.138
4.69 12.352 0.0792 157.975
4.7 12.259 0.0791 157.88
4.71 12.166 0.0785 157.7
4.72 12.073 0.0779 157.518
4.73 12.003 0.077 157.327
4.74 11.828 0.076 156.916
4.75 11.716 0.0758 156.759
4.76 11.646 0.0754 156.646
4.77 11.545 0.0752 156.506
4.78 11.429 0.0752 156.37
4.79 11.343 0.075 156.256
4.8 11.18 0.0737 155.794
4.81 11.087 0.0731 155.591
4.82 11.037 0.0725 155.473
4.83 10.944 0.0714 155.176
4.84 10.858 0.0703 154.889
4.85 10.792 0.0696 154.713
4.86 10.626 0.068 154.158
4.87 10.602 0.0671 154.025
4.88 10.571 0.066 153.836
4.89 10.556 0.0654 153.775
4.9 10.5538 0.0645 153.68
4.91 10.5716 0.0634 153.585
4.92 10.5894 0.0617 153.362
4.93 10.626 0.0614 153.462
4.94 10.754 0.0614 153.814
4.95 10.8 0.0614 153.995
4.96 10.808 0.0615 154.119
4.97 10.777 0.0616 154.162
4.98 10.684 0.0622 154.18
4.99 10.649 0.0624 154.235
5 10.6437 0.0624 154.309
5.01 10.6419 0.0624 154.391
5.02 10.6454 0.0623 154.464
5.03 10.649 0.062 154.495
5.04 10.73 0.062 154.749
5.05 10.765 0.062 154.907
5.06 10.82 0.062 155.106
5.07 10.882 0.0621 155.339
5.08 10.967 0.0622 155.619
5.09 11.045 0.0628 155.988
5.1 11.2 0.0633 156.49
5.11 11.231 0.0639 156.761
5.12 11.246 0.0644 156.978
5.13 11.246 0.0652 157.224
5.14 11.2285 0.0661 157.454
5.15 11.211 0.0665 157.582
5.16 11.2091 0.0676 157.879
5.17 11.2091 0.0677 157.983
5.18 11.2101 0.0675 158.031
5.19 11.211 0.0674 158.099
5.2 11.215 0.0671 158.133
5.21 11.235 0.0665 158.139
5.22 11.219 0.0662 158.132
5.23 11.2325 0.0654 158.083
5.24 11.246 0.065 158.114
5.25 11.243 0.0645 158.09
5.26 11.2485 0.0641 158.103
5.27 11.254 0.0638 158.136
5.28 11.289 0.0633 158.186
5.29 11.336 0.0629 158.281
5.3 11.386 0.0627 158.422
5.31 11.425 0.0628 158.605
5.32 11.452 0.0628 158.742
5.33 11.468 0.063 158.898
5.34 11.468 0.0632 159.023
5.35 11.437 0.0633 159.065
5.36 11.246 0.0636 158.824
5.37 11.149 0.0636 158.709
5.38 11.041 0.0638 158.61
5.39 10.983 0.0641 158.633
5.4 10.959 0.0643 158.706
5.41 10.9554 0.0644 158.801
5.42 10.9542 0.0646 158.921
5.43 10.9566 0.061 158.25
5.44 10.959 0.0574 157.537
5.45 10.971 0.0495 155.712
5.46 10.986 0.0485 155.558
5.47 11.025 0.0495 155.981
5.48 11.052 0.0506 156.401
5.49 11.118 0.0528 157.17
5.5 11.184 0.0531 157.458
5.51 11.246 0.0543 157.956
5.52 11.277 0.0558 158.458
5.53 11.336 0.0564 158.798
5.54 11.3148 0.0574 159.067
5.55 11.3154 0.0589 159.49
5.56 11.316 0.0601 159.839
5.57 11.425 0.0616 160.469
5.58 11.51 0.0628 160.978
5.59 11.588 0.0638 161.427
5.6 11.603 0.0646 161.705
5.61 11.576 0.0652 161.855
5.62 11.398 0.0662 161.779
5.63 11.27 0.0673 161.818
5.64 11.138 0.0676 161.683
5.65 11.021 0.0676 161.517
5.66 10.909 0.0676 161.359
5.67 10.769 0.0675 161.118
5.68 10.645 0.0673 160.889
5.69 10.439 0.0659 160.235
5.7 10.362 0.0654 160.041
5.71 10.284 0.0648 159.822
5.72 10.195 0.0644 159.618
5.73 10.129 0.064 159.463
5.74 10.032 0.0632 159.153
5.75 9.9154 0.0625 158.815
5.76 9.83 0.0622 158.63
5.77 9.7912 0.0611 158.381
5.78 9.702 0.0601 158.032
5.79 9.6244 0.0589 157.66
5.8 9.5041 0.0589 157.45
5.81 9.3644 0.0589 157.19
5.82 9.2053 0.0589 156.878
5.83 8.8444 0.0599 156.27
5.84 8.6737 0.0619 156.333
5.85 8.5146 0.0634 156.302
5.86 8.3166 0.065 156.171
5.87 8.1187 0.0665 156
5.88 7.8704 0.0676 155.589
5.89 7.5444 0.068 154.793
5.9 7.1913 0.0683 153.858
5.91 6.4463 0.0687 151.598
5.92 6.1009 0.0691 150.544
5.93 5.8215 0.0692 149.62
5.94 5.789 0.0692 149.569
5.95 5.8072 0.0693 149.725
5.96 5.8255 0.0693 149.863
5.97 5.8719 0.0694 150.122
5.98 6.8149 0.0694 153.448
5.99 7.1991 0.0694 154.736
6 7.428 0.0693 155.489
6.01 7.5328 0.0682 155.667
6.02 7.5483 0.0668 155.517
6.03 7.5095 0.0644 155.001
6.04 7.4125 0.0254 143.253
6.05 7.265 0.0258 143.09
6.06 7.2614 0.0261 143.284
6.07 7.2603 0.0272 143.839
6.08 7.2859 0.0296 144.995
6.09 7.3116 0.0319 146.041
6.1 7.4629 0.0335 147.137
