0.01 0.1 0 0
0.02 0.15 0 0
0.03 0.18 0 0
0.04 0.22 0 0
0.05 0.23 0 0
0.06 0.24 0 0
0.07 0.25 0 0
0.08 0.25 0 0
0.09 0.25 0 0
0.1 0.24 0 0
0.11 0.24 0 0
0.12 0.24 0 0
0.13 0.24 0 0
0.14 0.25 0 0
0.15 0.25 0 0
0.16 0.27 0 0
0.17 0.28 0 0
0.18 0.3 0 0
0.19 0.33 0.001 26.7287
0.2 0.34 0.001 27.2293
0.21 0.32 0.001 27.3613
0.22 0.32 0.001 27.7174
0.23 0.33 0.001 28.1867
0.24 0.33 0.001 28.5222
0.25 0.35 0.001 29.0932
0.26 0.34 0.001 29.2896
0.27 0.41 0.001 30.4073
0.28 0.48 0.001 31.4215
0.29 0.49 0.001 31.8238
0.3 0.49 0.001 32.1252
0.31 0.69 0.001 34.0573
0.32 0.66 0.001 34.14
0.33 0.62 0.001 34.1247
0.34 0.61 0.001 34.3286
0.35 0.61 0.001 34.6064
0.36 0.62 0.001 34.9602
0.37 0.64 0.001 35.389
0.38 0.64 0.001 35.6523
0.39 0.46 0.001 34.2429
0.4 0.44 0.001 34.2648
0.41 0.42 0.001 34.2704
0.42 0.41 0.001 34.3813
0.43 0.4 0.001 34.4841
0.44 0.39 0.001 34.5789
0.45 0.35 0 0
0.46 0.35 0 0
0.47 0.34 0 0
0.48 0.34 0 0
0.49 0.34 0 0
0.5 0.34 0 0
0.51 0.35 0 0
0.52 0.35 0 0
0.53 0.37 0 0
0.54 0.35 0 0
0.55 0.37 0 0
0.56 0.33 0 0
0.57 0.32 0 0
0.58 0.32 0 0
0.59 0.32 0 0
0.6 0.32 0 0
0.61 0.33 0 0
0.62 0.33 0 0
0.63 0.34 0 0
0.64 0.33 0 0
0.65 0.3 0 0
0.66 0.28 0 0
0.67 0.27 0 0
0.68 0.27 0 0
0.69 0.27 0 0
0.7 0.27 0 0
0.71 0.29 0 0
0.72 0.27 0 0
0.73 0.27 0 0
0.74 0.27 0 0
0.75 0.27 0 0
0.76 0.27 0 0
0.77 0.29 0 0
0.78 0.29 0 0
0.79 0.3 0 0
0.8 0.31 0 0
0.81 0.35 0 0
0.82 0.38 0 0
0.83 0.41 0 0
0.84 0.42 0 0
0.85 0.4 0 0
0.86 0.39 0 0
0.87 0.39 0 0
0.88 0.4 0 0
0.89 0.4 0 0
0.9 0.4 0 0
0.91 0.42 0 0
0.92 0.45 0 0
0.93 0.47 0 0
0.94 0.53 0 0
0.95 0.64 0 0
0.96 0.73 0 0
0.97 0.86 0 0
0.98 0.88 0 0
0.99 0.99 0 0
1 1.08 0 0
1.01 1.21 0.001 51.2791
1.02 1.31 0.001 52.0111
1.03 1.36 0.002 55.5472
1.04 1.43 0.003 58.0254
1.05 1.51 0.003 58.6378
1.06 1.57 0.004 60.5555
1.07 1.67 0.004 61.2561
1.08 1.74 0.005 62.9366
1.09 1.84 0.005 63.6078
1.1 1.94 0.006 65.2395
1.11 2 0.007 66.5393
1.12 2.07 0.008 67.7856
1.13 2.12 0.008 68.1872
1.14 2.18 0.008 68.6297
1.15 2.21 0.008 68.9321
1.16 2.23 0.008 69.1879
1.17 2.25 0.008 69.4424
1.18 2.25 0.008 69.6069
1.19 2.31 0.008 70.0353
1.2 2.32 0.008 70.2421
1.21 2.32 0.008 70.4044
1.22 2.34 0.008 70.6529
1.23 2.34 0.008 70.8134
1.24 2.34 0.008 70.973
1.25 2.34 0.008 71.1317
1.26 2.33 0.008 71.2455
1.27 2.31 0.008 71.3136
1.28 2.3 0.008 71.4246
1.29 2.29 0.008 71.5344
1.3 2.29 0.008 71.6882
1.31 2.29 0.008 71.841
1.32 2.29 0.008 71.9931
1.33 2.29 0.008 72.1443
1.34 2.3 0.008 72.3401
1.35 2.31 0.008 72.535
1.36 2.3 0.009 73.3539
1.37 2.32 0.009 73.5952
1.38 2.34 0.009 73.8353
1.39 2.36 0.009 74.0744
1.4 2.39 0.009 74.3573
1.41 2.41 0.009 74.594
1.42 2.45 0.009 74.9181
1.43 2.49 0.009 75.2397
1.44 2.52 0.009 75.5157
1.45 2.56 0.009 75.8329
1.46 2.58 0.009 76.0631
1.47 2.59 0.01 76.9214
1.48 2.61 0.01 77.1519
1.49 2.64 0.01 77.4238
1.5 2.65 0.011 78.228
1.51 2.66 0.011 78.4152
1.52 2.66 0.011 78.5592
1.53 2.66 0.012 79.2744
1.54 2.67 0.012 79.461
1.55 2.67 0.012 79.6041
1.56 2.67 0.012 79.7466
1.57 2.68 0.012 79.9314
1.58 2.7 0.012 80.1583
1.59 2.72 0.012 80.3844
1.6 2.76 0.011 80.1121
1.61 2.76 0.011 80.251
1.62 2.82 0.01 80.0016
1.63 2.85 0.01 80.2608
1.64 2.93 0.01 80.7185
1.65 3.01 0.009 80.4609
1.66 3.06 0.008 79.9998
1.67 3.19 0.008 80.615
1.68 3.27 0.007 80.1421
1.69 3.31 0.007 80.4151
1.7 3.28 0.007 80.4416
1.71 3.26 0.007 80.5019
1.72 3.2 0.007 80.4171
1.73 3.12 0.007 80.2537
1.74 3.08 0.008 81.1295
1.75 3.02 0.008 81.029
1.76 2.95 0.008 80.8838
1.77 2.9 0.008 80.8122
1.78 2.74 0.009 81.0706
1.79 2.65 0.013 83.3179
1.8 2.54 0.015 83.9326
1.81 2.38 0.016 83.7264
1.82 2.32 0.016 83.547
1.83 2.27 0.016 83.4122
1.84 2.25 0.015 82.9855
1.85 2.24 0.015 83.0574
1.86 2.18 0.014 82.3831
1.87 2.17 0.014 82.4514
1.88 2.17 0.014 82.5737
1.89 2.16 0.014 82.6406
1.9 2.14 0.014 82.6511
1.91 2.12 0.014 82.66
1.92 2.05 0.014 82.3808
1.93 1.99 0.014 82.1477
1.94 1.84 0.015 81.8109
1.95 1.74 0.017 82.1221
1.96 1.65 0.018 82.0014
1.97 1.51 0.019 81.4412
1.98 1.46 0.019 81.1615
1.99 1.42 0.02 81.2969
2 1.37 0.021 81.3206
2.01 1.34 0.025 82.3603
2.02 1.33 0.026 82.6544
2.03 1.33 0.026 82.7679
2.04 1.33 0.026 82.8811
2.05 1.33 0.027 83.2548
2.06 1.35 0.03 84.2825
2.07 1.34 0.031 84.5361
2.08 1.35 0.031 84.7401
2.09 1.39 0.031 85.2107
2.1 1.45 0.034 86.5069
2.11 1.64 0.037 88.7933
2.12 1.72 0.041 90.2898
2.13 1.81 0.044 91.6111
2.14 1.83 0.044 91.8758
2.15 1.86 0.049 93.04
2.16 1.88 0.052 93.7662
2.17 1.86 0.056 94.3219
2.18 1.8 0.063 94.9234
2.19 1.78 0.065 95.1385
2.2 1.78 0.067 95.4995
2.21 1.77 0.068 95.6603
2.22 1.78 0.069 95.9747
2.23 1.78 0.069 96.0947
2.24 1.87 0.069 96.9001
2.25 1.91 0.069 97.3163
2.26 1.96 0.069 97.7996
2.27 2.09 0.069 98.8294
2.28 2.15 0.07 99.4734
2.29 2.19 0.072 100.094
2.3 2.14 0.074 100.11
2.31 2.11 0.077 100.359
2.32 2.07 0.078 100.31
2.33 2.02 0.079 100.183
2.34 1.99 0.079 100.087
2.35 1.92 0.079 99.6902
2.36 1.87 0.079 99.4295
2.37 1.82 0.079 99.1587
2.38 1.72 0.078 98.3659
2.39 1.71 0.076 98.1855
2.4 1.71 0.074 98.0817
2.41 1.71 0.071 97.8576
2.42 1.72 0.068 97.7011
2.43 1.72 0.065 97.4466
2.44 1.79 0.063 97.8652
2.45 1.82 0.058 97.5379
2.46 1.95 0.058 98.6234
2.47 1.97 0.058 98.8799
2.48 1.97 0.057 98.8479
2.49 1.93 0.056 98.5214
2.5 1.87 0.056 98.1837
2.51 1.81 0.056 97.8323
2.52 1.72 0.056 97.2238
2.53 1.67 0.055 96.7731
2.54 1.56 0.054 95.787
2.55 1.49 0.053 95.1118
2.56 1.43 0.048 93.8763
2.57 1.38 0.044 92.8233
2.58 1.35 0.041 92.0873
2.59 1.36 0.032 90.401
2.6 1.36 0.03 90.0133
2.61 1.37 0.029 89.9504
2.62 1.39 0.028 89.9711
2.63 1.46 0.028 90.706
2.64 1.48 0.028 90.9798
2.65 1.52 0.028 91.4259
2.66 1.75 0.028 93.3976
2.67 1.85 0.029 94.5218
2.68 1.92 0.032 95.9098
2.69 2 0.034 97.0636
2.7 2.21 0.036 99.0407
2.71 2.3 0.041 100.799
2.72 2.29 0.043 101.239
2.73 2.24 0.045 101.404
2.74 2.21 0.047 101.677
2.75 2.13 0.052 102.096
2.76 1.9 0.055 101.002
2.77 1.75 0.059 100.498
2.78 1.62 0.063 100.032
2.79 1.52 0.066 99.6018
2.8 1.46 0.067 99.2485
2.81 1.41 0.067 98.8497
2.82 1.38 0.067 98.6414
2.83 1.39 0.064 98.4652
2.84 1.4 0.058 97.8588
2.85 1.44 0.051 97.3058
2.86 1.5 0.039 95.8123
2.87 1.6 0.033 95.4647
2.88 1.72 0.028 95.2464
2.89 1.85 0.023 94.7798
2.9 1.99 0.018 93.9373
2.91 2.05 0.011 90.6393
2.92 2.12 0.01 90.4454
2.93 2.22 0.01 91.1343
2.94 2.27 0.009 90.715
2.95 2.31 0.009 91.0294
2.96 2.32 0.009 91.1717
2.97 2.31 0.009 91.2005
2.98 2.28 0.013 93.9448
2.99 2.23 0.015 94.8552
3 2.15 0.017 95.4338
3.01 2.11 0.018 95.7182
3.02 2.09 0.018 95.6752
3.03 2.1 0.018 95.829
3.04 2.1 0.018 95.9169
3.05 2.12 0.017 95.6795
3.06 2.15 0.017 95.9606
3.07 2.24 0.016 96.1304
3.08 2.46 0.016 97.5242
3.09 2.62 0.016 98.5019
3.1 2.78 0.015 98.903
3.11 2.95 0.015 99.8413
3.12 3.33 0.016 102.237
3.13 3.48 0.016 102.979
3.14 3.6 0.016 103.575
3.15 3.64 0.017 104.357
3.16 3.61 0.019 105.294
3.17 3.52 0.023 106.687
3.18 3.42 0.026 107.428
3.19 3.3 0.027 107.307
3.2 3.03 0.028 106.41
3.21 2.91 0.032 107.067
3.22 2.78 0.032 106.457
3.23 2.58 0.032 105.409
3.24 2.48 0.033 105.17
3.25 2.45 0.035 105.591
3.26 2.43 0.036 105.804
3.27 2.43 0.037 106.136
3.28 2.44 0.037 106.289
3.29 2.45 0.037 106.442
3.3 2.51 0.037 106.904
3.31 2.74 0.037 108.353
3.32 2.87 0.031 107.575
3.33 2.99 0.027 107.064
3.34 3.12 0.023 106.383
3.35 3.22 0.02 105.72
3.36 3.2 0.014 102.622
3.37 3.15 0.012 101.168
3.38 3.13 0.01 99.6357
3.39 3 0.009 98.2453
3.4 2.93 0.008 97.0365
3.41 2.9 0.008 96.9719
3.42 2.83 0.008 96.71
3.43 2.79 0.007 95.5232
3.44 2.76 0.007 95.4518
3.45 2.73 0.007 95.3786
3.46 2.73 0.007 95.4554
3.47 2.73 0.007 95.532
3.48 2.73 0.007 95.6085
3.49 2.73 0.007 95.6848
3.5 2.77 0.007 95.9617
3.51 2.81 0.007 96.2363
3.52 2.78 0.007 96.1637
3.53 2.73 0.009 98.0166
3.54 2.67 0.01 98.6412
3.55 2.67 0.013 100.897
3.56 2.67 0.014 101.601
3.57 2.67 0.015 102.265
3.58 2.72 0.015 102.619
3.59 2.73 0.015 102.752
3.6 2.74 0.015 102.886
3.61 2.71 0.014 102.214
3.62 2.66 0.014 102.019
3.63 2.63 0.014 101.93
3.64 2.6 0.014 101.84
3.65 2.59 0.014 101.861
3.66 2.58 0.015 102.468
3.67 2.58 0.015 102.546
3.68 2.61 0.015 102.795
3.69 2.63 0.015 102.985
3.7 2.71 0.015 103.509
3.71 2.74 0.015 103.751
3.72 2.78 0.015 104.045
3.73 2.76 0.015 104.015
3.74 2.73 0.015 103.928
3.75 2.69 0.016 104.344
3.76 2.67 0.016 104.309
3.77 2.71 0.016 104.609
3.78 2.74 0.016 104.853
3.79 2.82 0.015 104.801
3.8 2.94 0.015 105.509
3.81 3.08 0.015 106.296
3.82 3.44 0.015 108.08
3.83 3.71 0.014 108.716
3.84 4.02 0.014 110.06
3.85 4.73 0.014 112.749
3.86 5.1 0.014 114.061
3.87 5.44 0.014 115.209
3.88 5.78 0.014 116.302
3.89 6.13 0.014 117.375
3.9 6.76 0.016 120.456
3.91 6.99 0.017 121.737
3.92 7.17 0.018 122.853
3.93 7.44 0.019 124.153
3.94 7.58 0.021 125.617
3.95 7.73 0.022 126.549
3.96 7.94 0.022 127.128
3.97 8.46 0.023 128.86
3.98 8.72 0.023 129.514
3.99 8.96 0.024 130.573
4 9.12 0.024 130.998
4.01 9.55 0.024 131.961
4.02 9.72 0.024 132.388
4.03 9.93 0.024 132.888
4.04 10.13 0.024 133.362
4.05 10.5 0.024 134.145
4.06 10.66 0.024 134.53
4.07 10.8 0.025 135.334
4.08 10.88 0.026 136.013
4.09 10.93 0.026 136.196
4.1 10.76 0.026 135.981
4.11 10.61 0.027 136.225
4.12 10.44 0.028 136.413
4.13 10.28 0.028 136.202
4.14 10.13 0.029 136.403
4.15 10.02 0.03 136.665
4.16 9.9 0.03 136.519
4.17 9.83 0.03 136.471
4.18 9.66 0.03 136.219
4.19 9.23 0.03 135.419
4.2 9.07 0.03 135.168
4.21 8.88 0.03 134.845
4.22 8.78 0.03 134.715
4.23 8.78 0.031 135.171
4.24 8.78 0.032 135.618
4.25 8.78 0.032 135.707
4.26 8.8 0.034 136.527
4.27 8.93 0.034 136.905
4.28 9.05 0.034 137.257
4.29 9.15 0.034 137.564
4.3 9.18 0.034 137.718
4.31 9.04 0.032 136.81
4.32 8.85 0.03 135.75
4.33 8.67 0.026 133.833
4.34 8.31 0.023 131.752
4.35 7.94 0.02 129.461
4.36 7.59 0.018 127.582
4.37 7.28 0.018 126.899
4.38 6.99 0.018 126.238
4.39 6.71 0.017 124.981
4.4 6.37 0.016 123.503
4.41 6.01 0.014 121.196
4.42 5.64 0.014 120.168
4.43 5.25 0.014 119.009
4.44 4.59 0.014 116.802
4.45 4.28 0.014 115.704
4.46 4.02 0.015 115.396
4.47 4.02 0.015 115.468
4.48 3.75 0.015 114.389
4.49 3.3 0.015 112.372
4.5 3.13 0.015 111.589
4.51 2.81 0.015 109.937
4.52 2.63 0.016 109.548
4.53 2.49 0.016 108.755
4.54 2.22 0.016 107.038
4.55 2.17 0.017 107.292
4.56 2.15 0.017 107.215
4.57 2.17 0.017 107.423
4.58 2.2 0.017 107.701
4.59 2.25 0.017 108.116
4.6 2.34 0.016 108.247
4.61 2.45 0.016 109.031
4.62 2.81 0.014 110.042
4.63 3.3 0.013 111.994
4.64 3.37 0.01 109.974
4.65 3.26 0.008 107.5
4.66 3.11 0.008 106.837
4.67 3.05 0.008 106.602
4.68 2.9 0.008 105.893
4.69 2.84 0.008 105.638
4.7 2.78 0.008 105.376
4.71 2.64 0.008 104.656
4.72 2.51 0.008 103.959
4.73 2.41 0.009 104.432
4.74 2.26 0.01 104.442
4.75 2.18 0.011 104.79
4.76 1.98 0.013 104.856
4.77 1.87 0.013 104.057
4.78 1.68 0.013 102.523
4.79 1.61 0.013 101.956
4.8 1.5 0.013 100.981
4.81 1.43 0.012 99.6805
4.82 1.33 0.012 98.7023
4.83 1.27 0.011 97.3973
4.84 1.13 0.011 95.8279
4.85 1.08 0.011 95.2601
4.86 0.98 0.011 93.9903
4.87 0.93 0.01 92.6003
4.88 0.84 0.009 90.5082
4.89 0.8 0.009 89.9257
4.9 0.75 0.008 88.2751
4.91 0.74 0.008 88.1546
4.92 0.74 0.008 88.2045
4.93 0.73 0.009 88.9489
4.94 0.73 0.009 88.9991
4.95 0.73 0.009 89.0491
4.96 0.73 0.01 89.8836
4.97 0.74 0.01 90.1103
4.98 0.76 0.01 90.5075
4.99 0.88 0.011 93.2265
5 0.85 0.011 92.8136
5.01 0.83 0.012 93.2197
5.02 0.83 0.012 93.2714
5.03 0.82 0.013 93.7828
5.04 0.83 0.013 93.9985
5.05 0.83 0.014 94.632
5.06 0.84 0.014 94.8475
5.07 0.85 0.014 95.0614
5.08 0.87 0.015 95.9819
5.09 0.88 0.015 96.1926
5.1 0.89 0.016 96.9209
5.11 0.93 0.017 98.083
5.12 0.95 0.02 99.7775
5.13 0.98 0.022 101.078
5.14 1.04 0.023 102.38
5.15 1.06 0.024 103.081
5.16 1.1 0.025 104.041
5.17 1.12 0.026 104.708
5.18 1.14 0.028 105.682
5.19 1.16 0.029 106.313
5.2 1.17 0.031 107.094
5.21 1.19 0.031 107.413
5.22 1.2 0.031 107.6
5.23 1.22 0.031 107.914
5.24 1.24 0.031 108.225
5.25 1.3 0.029 108.418
5.26 1.36 0.025 107.843
5.27 1.52 0.024 109.27
5.28 1.63 0.022 109.636
5.29 1.85 0.022 111.712
5.3 1.9 0.022 112.201
5.31 1.88 0.022 112.089
5.32 1.83 0.023 112.127
5.33 1.68 0.025 111.584
5.34 1.61 0.026 111.323
5.35 1.58 0.029 112.093
5.36 1.59 0.03 112.57
5.37 1.6 0.031 113.038
5.38 1.62 0.031 113.299
5.39 1.88 0.031 115.814
5.4 2.17 0.031 118.292
5.41 2.31 0.031 119.423
5.42 2.6 0.03 121.205
5.43 2.75 0.026 120.804
5.44 2.96 0.023 120.914
5.45 2.99 0.021 120.238
5.46 2.93 0.019 118.954
5.47 2.64 0.017 116.162
5.48 2.46 0.016 114.466
5.49 2.28 0.015 112.671
5.5 1.91 0.014 109.261
5.51 1.75 0.014 107.948
5.52 1.6 0.014 106.617
5.53 1.36 0.014 104.204
5.54 1.27 0.014 103.233
5.55 1.19 0.014 102.322
5.56 1.05 0.014 100.544
5.57 0.99 0.018 101.853
5.58 0.98 0.02 102.651
5.59 0.98 0.021 103.12
5.6 0.98 0.023 103.955
5.61 0.98 0.024 104.376
5.62 1.04 0.028 106.684
5.63 1.13 0.03 108.642
5.64 1.28 0.031 110.967
5.65 1.33 0.032 111.931
5.66 1.38 0.033 112.871
5.67 1.39 0.033 113.044
5.68 1.4 0.032 112.927
5.69 1.48 0.032 113.89
5.7 1.55 0.031 114.404
5.71 1.6 0.031 114.984
5.72 1.64 0.028 114.476
5.73 1.74 0.026 114.802
5.74 1.76 0.024 114.283
5.75 1.74 0.024 114.151
5.76 1.7 0.024 113.824
5.77 1.65 0.024 113.39
5.78 1.65 0.024 113.445
5.79 1.65 0.024 113.499
5.8 1.65 0.024 113.554
5.81 1.7 0.024 114.098
5.82 1.84 0.024 115.461
5.83 2.04 0.025 117.644
5.84 2.76 0.025 122.936
5.85 3.27 0.025 126.035
5.86 3.86 0.025 129.143
5.87 4.49 0.023 131.135
5.88 5.42 0.022 134.304
5.89 6.02 0.021 135.888
5.9 6.24 0.021 136.656
5.91 6.58 0.021 137.769
5.92 6.84 0.021 138.605
5.93 6.96 0.021 139.018
5.94 7.1 0.021 139.483
5.95 7.14 0.021 139.661
5.96 7.14 0.021 139.726
5.97 7.14 0.022 140.333
5.98 7.09 0.023 140.776
5.99 7.02 0.023 140.641
6 6.74 0.023 139.884
6.01 6.54 0.023 139.343
6.02 6.33 0.024 139.246
6.03 6.09 0.025 139.008
6.04 5.5 0.025 137.046
6.05 5.17 0.026 136.337
6.06 4.88 0.031 137.265
6.07 4.58 0.034 137.129
6.08 4.26 0.039 137.327
6.09 3.69 0.044 135.934
6.1 3.47 0.044 134.798
6.11 3.24 0.044 133.534
6.12 3.08 0.044 132.624
6.13 2.81 0.044 130.943
6.14 2.72 0.041 129.625
6.15 2.61 0.035 127.229
6.16 2.47 0.033 125.664
6.17 2.18 0.032 123.164
6.18 2.03 0.027 120.249
6.19 1.9 0.025 118.401
6.2 1.78 0.025 117.347
6.21 1.5 0.025 114.542
6.22 1.38 0.025 113.225
6.23 1.28 0.025 112.055
6.24 1.18 0.024 110.424
6.25 1.14 0.024 109.926
6.26 1.12 0.024 109.695
6.27 1.11 0.023 109.215
6.28 1.11 0.023 109.263
6.29 1.11 0.022 108.908
6.3 1.11 0.022 108.956
6.31 1.1 0.021 108.441
6.32 1.06 0.021 107.912
6.33 1.06 0.021 107.959
6.34 1.06 0.021 108.007
6.35 1.06 0.021 108.054
6.36 1.06 0.021 108.101
6.37 1.07 0.022 108.715
6.38 1.09 0.022 109.053
6.39 1.11 0.022 109.386
6.4 1.11 0.022 109.434
6.41 1.13 0.021 109.339
6.42 1.16 0.02 109.355
6.43 1.2 0.02 109.938
6.44 1.21 0.02 110.117
6.45 1.2 0.019 109.564
6.46 1.19 0.018 108.988
6.47 1.17 0.017 108.253
6.48 1.11 0.016 106.941
6.49 1.07 0.016 106.423
6.5 1.04 0.016 106.034
6.51 1.02 0.016 105.783
6.52 1.02 0.016 105.828
6.53 1.02 0.018 106.916
6.54 1.02 0.018 106.961
6.55 1.03 0.019 107.64
6.56 1.13 0.019 109.132
6.57 1.15 0.02 109.923
6.58 1.17 0.021 110.691
6.59 1.15 0.022 110.891
6.6 1.14 0.023 111.209
6.61 1.13 0.024 111.509
6.62 1.11 0.026 112.013
6.63 1.1 0.026 111.914
6.64 1.09 0.026 111.814
6.65 1.09 0.026 111.861
6.66 1.08 0.026 111.759
6.67 1.07 0.025 111.292
6.68 1.06 0.024 110.811
6.69 1.06 0.023 110.465
6.7 1.06 0.023 110.511
6.71 1.06 0.022 110.149
6.72 1.06 0.021 109.769
6.73 1.06 0.02 109.369
6.74 1.07 0.02 109.563
6.75 1.1 0.019 109.576
6.76 1.13 0.019 110.047
6.77 1.15 0.019 110.371
6.78 1.17 0.019 110.691
6.79 1.16 0.019 110.599
6.8 1.16 0.019 110.644
6.81 1.16 0.019 110.69
6.82 1.16 0.018 110.238
6.83 1.14 0.017 109.485
6.84 1.13 0.016 108.84
6.85 1.11 0.016 108.605
6.86 1.1 0.016 108.507
6.87 1.1 0.016 108.551
6.88 1.1 0.016 108.595
6.89 1.11 0.016 108.781
6.9 1.11 0.017 109.375
6.91 1.14 0.017 109.84
6.92 1.17 0.017 110.296
6.93 1.23 0.018 111.667
6.94 1.26 0.018 112.101
6.95 1.28 0.019 112.907
6.96 1.3 0.021 114.151
6.97 1.35 0.022 115.264
6.98 1.38 0.024 116.516
6.99 1.41 0.026 117.705
7 1.45 0.027 118.599
7.01 1.5 0.028 119.588
7.02 1.53 0.029 120.328
7.03 1.56 0.032 121.705
7.04 1.6 0.037 123.683
7.05 1.64 0.037 124.173
7.06 1.68 0.038 124.93
7.07 1.76 0.041 126.618
7.08 1.86 0.05 129.805
7.09 1.97 0.054 131.776
7.1 2.23 0.057 134.807
7.11 2.34 0.059 136.188
7.12 2.44 0.059 137.065
7.13 2.53 0.059 137.835
7.14 2.63 0.062 139.234
7.15 2.87 0.066 141.787
7.16 2.94 0.071 143.202
7.17 2.98 0.075 144.193
7.18 3.05 0.077 145.049
7.19 3.18 0.077 145.98
7.2 3.3 0.078 146.975
7.21 3.52 0.078 148.405
7.22 3.87 0.078 150.503
7.23 4.35 0.079 153.279
7.24 5.23 0.079 157.461
7.25 5.51 0.085 159.678
7.26 5.55 0.093 161.107
7.27 5.4 0.096 160.959
7.28 5.12 0.098 160.065
7.29 4.55 0.099 157.56
7.3 4.31 0.098 156.263
7.31 4.09 0.097 155.015
7.32 3.87 0.09 152.889
7.33 3.4 0.084 149.262
7.34 3.13 0.078 146.643
7.35 2.89 0.073 144.226
7.36 2.66 0.072 142.404
7.37 2.42 0.072 140.531
7.38 2.07 0.072 137.457
7.39 1.94 0.072 136.231
7.4 1.88 0.071 135.509
7.41 1.87 0.068 134.97
7.42 1.87 0.068 135.021
7.43 1.88 0.067 135.008
7.44 2.02 0.067 136.463
7.45 2.29 0.067 139.003
7.46 2.62 0.067 141.776
7.47 3 0.067 144.622
7.48 3.85 0.067 149.968
7.49 4.26 0.067 152.226
7.5 4.82 0.067 155.015
7.51 5.51 0.066 157.891
7.52 6.34 0.064 160.761
7.53 7.89 0.057 164.375
7.54 8.36 0.05 164.013
7.55 8.59 0.045 163.279
7.56 8.77 0.041 162.563
7.57 8.93 0.03 158.864
7.58 8.92 0.029 158.449
7.59 8.86 0.028 157.892
7.6 8.74 0.028 157.64
7.61 8.73 0.029 158.132
7.62 8.73 0.031 159.07
7.63 8.74 0.034 160.382
7.64 8.74 0.036 161.205
7.65 8.79 0.038 162.124
7.66 8.91 0.044 164.494
7.67 8.95 0.048 165.857
7.68 8.93 0.051 166.702
7.69 8.84 0.055 167.569
7.7 8.54 0.055 166.798
7.71 8.38 0.055 166.404
7.72 8.27 0.054 165.894
7.73 8.03 0.054 165.252
7.74 7.89 0.046 162.708
7.75 7.74 0.036 159.04
7.76 7.36 0.03 155.57
7.77 7.17 0.024 152.189
7.78 6.97 0.021 149.949
7.79 6.8 0.021 149.47
7.8 6.4 0.021 148.224
7.81 6.19 0.021 147.566
7.82 5.95 0.022 147.35
7.83 5.46 0.025 147.146
7.84 5.22 0.028 147.634
7.85 5 0.032 148.413
7.86 4.58 0.036 148.045
7.87 4.38 0.038 147.812
7.88 4.19 0.038 146.923
7.89 3.99 0.038 145.943
7.9 3.53 0.037 143.124
7.91 3.29 0.036 141.407
7.92 3.04 0.036 139.856
7.93 2.59 0.036 136.715
7.94 2.35 0.036 134.861
7.95 2.15 0.036 133.191
7.96 2 0.036 131.857
7.97 1.76 0.036 129.498
7.98 1.71 0.037 129.301
7.99 1.69 0.038 129.413
8 1.7 0.039 129.849
8.01 1.7 0.039 129.894
8.02 1.77 0.039 130.696
8.03 2.27 0.04 135.796
8.04 2.75 0.044 140.76
8.05 3.45 0.048 146.539
8.06 4.9 0.052 155.217
8.07 5.39 0.061 159.521
8.08 5.67 0.063 161.176
8.09 5.79 0.064 161.93
8.1 5.98 0.064 162.741
8.11 6.13 0.063 163.164
8.12 6.4 0.062 164.018
8.13 7.41 0.058 166.646
8.14 8.06 0.046 165.51
8.15 8.66 0.044 166.67
8.16 9.34 0.042 167.9
8.17 9.56 0.042 168.522
8.18 9.75 0.043 169.389
8.19 10.01 0.043 170.09
8.2 10.42 0.045 171.782
8.21 10.5 0.046 172.345
8.22 10.44 0.045 171.946
8.23 10.23 0.045 171.502
8.24 9.42 0.046 169.844
8.25 8.94 0.046 168.627
8.26 8.45 0.046 167.32
8.27 7.88 0.046 165.701
8.28 6.71 0.048 162.539
8.29 6.24 0.057 163.219
8.3 5.8 0.065 163.339
8.31 5.13 0.072 161.903
8.32 5.02 0.072 161.452
8.33 5 0.072 161.413
8.34 4.99 0.072 161.42
8.35 5.06 0.071 161.61
8.36 5.13 0.06 159.731
8.37 5.63 0.054 160.525
8.38 6.73 0.048 163.152
8.39 7.14 0.037 161.076
8.4 7.43 0.032 160.11
8.41 7.6 0.032 160.686
8.42 7.82 0.032 161.4
8.43 7.85 0.032 161.543
8.44 7.87 0.032 161.655
8.45 7.93 0.032 161.885
8.46 7.99 0.031 161.687
8.47 8.07 0.027 160.121
8.48 8.15 0.024 158.837
8.49 8.17 0.023 158.383
8.5 8.09 0.023 158.211
8.51 7.95 0.023 157.865
8.52 7.75 0.023 157.339
8.53 7.38 0.025 157.373
8.54 7.35 0.027 158.343
8.55 7.34 0.029 159.307
8.56 7.33 0.03 159.778
8.57 7.41 0.031 160.517
8.58 7.48 0.031 160.787
8.59 7.64 0.032 161.757
8.6 8.04 0.033 163.42
8.61 8.22 0.033 163.995
8.62 8.38 0.033 164.504
8.63 8.54 0.032 164.584
8.64 8.8 0.032 165.349
8.65 9.23 0.032 166.543
8.66 9.6 0.032 167.542
8.67 9.96 0.031 168.042
8.68 10.09 0.03 167.951
8.69 10.15 0.03 168.148
8.7 10.04 0.03 167.939
8.71 9.65 0.03 167.036
8.72 9.46 0.031 167.067
8.73 9.25 0.037 169.051
8.74 8.74 0.036 167.348
8.75 8.56 0.036 166.9
8.76 8.32 0.036 166.271
8.77 7.81 0.034 164.033
8.78 7.54 0.031 162.006
8.79 7.28 0.029 160.349
8.8 6.65 0.027 157.384
8.81 6.34 0.026 155.865
8.82 6.09 0.026 155.013
8.83 5.88 0.025 153.778
8.84 5.51 0.024 151.877
8.85 5.36 0.022 150.23
8.86 5.22 0.021 149.127
8.87 5.11 0.02 148.115
8.88 4.99 0.02 147.655
8.89 4.98 0.02 147.659
8.9 4.95 0.02 147.576
8.91 4.78 0.021 147.479
8.92 4.64 0.023 148.011
8.93 4.59 0.025 148.855
8.94 4.57 0.025 148.808
8.95 4.56 0.026 149.294
8.96 4.6 0.026 149.528
8.97 4.63 0.025 149.227
8.98 4.82 0.024 149.631
8.99 4.89 0.023 149.458
9 4.68 0.024 149.089
9.01 4.37 0.024 147.671
9.02 3.99 0.025 146.29
9.03 3.4 0.029 144.778
9.04 3.15 0.034 145.147
9.05 2.91 0.039 145.192
9.06 2.7 0.043 144.851
9.07 2.36 0.043 142.114
9.08 2.24 0.043 141.093
9.09 2.23 0.043 141.045
9.1 2.23 0.042 140.813
9.11 2.23 0.041 140.573
9.12 2.24 0.034 138.532
9.13 2.32 0.029 137.445
9.14 2.35 0.029 137.742
9.15 2.31 0.029 137.444
9.16 2.23 0.03 137.176
9.17 2.18 0.031 137.144
9.18 2.16 0.031 137.003
9.19 2.16 0.031 137.045
9.2 2.33 0.031 138.59
9.21 2.49 0.03 139.583
9.22 3.2 0.028 143.932
9.23 4.04 0.028 148.89
9.24 4.76 0.028 152.494
9.25 5.31 0.028 154.961
9.26 6.1 0.028 158.135
9.27 6.45 0.028 159.458
9.28 6.79 0.028 160.69
9.29 7.15 0.028 161.938
9.3 7.73 0.028 163.816
9.31 7.87 0.026 163.28
9.32 7.95 0.026 163.566
9.33 7.91 0.026 163.496
9.34 7.81 0.026 163.246
9.35 7.71 0.027 163.504
9.36 7.58 0.028 163.647
9.37 7.17 0.03 163.325
9.38 6.9 0.034 164.174
9.39 6.65 0.04 165.576
9.4 6.41 0.04 164.75
9.41 6.03 0.04 163.355
9.42 6.01 0.041 163.661
9.43 6.02 0.041 163.749
9.44 6.02 0.041 163.797
9.45 6.03 0.041 163.884
9.46 6.04 0.041 163.972
9.47 6.07 0.041 164.137
9.48 6.06 0.041 164.146
9.49 6.11 0.04 164.051
9.5 6.15 0.034 162.047
9.51 6.24 0.033 162.031
9.52 6.3 0.033 162.302
9.53 6.34 0.032 162.082
9.54 6.35 0.031 161.738
9.55 6.37 0.031 161.859
9.56 6.43 0.031 162.125
9.57 6.6 0.031 162.782
9.58 6.7 0.031 163.182
9.59 6.82 0.036 165.696
9.6 6.91 0.042 168.201
9.61 6.97 0.044 169.112
9.62 6.94 0.047 169.987
9.63 6.98 0.048 170.475
9.64 7.02 0.048 170.664
9.65 7.16 0.048 171.2
9.66 7.2 0.048 171.387
9.67 7.48 0.047 172.079
9.68 7.62 0.039 169.93
9.69 7.77 0.039 170.456
9.7 7.8 0.039 170.6
9.71 7.7 0.039 170.332
9.72 7.68 0.04 170.676
9.73 7.65 0.041 170.98
9.74 7.56 0.044 171.743
9.75 7.45 0.055 174.642
9.76 7.35 0.056 174.614
9.77 7.34 0.057 174.887
9.78 7.35 0.057 174.971
9.79 7.35 0.057 175.021
9.8 7.37 0.057 175.139
9.81 7.5 0.057 175.63
9.82 8.19 0.057 177.921
9.83 8.66 0.056 179.143
9.84 9.1 0.045 177.223
9.85 9.39 0.04 176.339
9.86 9.35 0.039 175.909
9.87 8.78 0.042 175.451
9.88 8.39 0.044 175.032
9.89 8.01 0.049 175.481
9.9 7.63 0.057 176.513
9.91 7.24 0.059 175.737
9.92 6.59 0.06 173.664
9.93 6.36 0.06 172.826
9.94 6.35 0.059 172.594
9.95 6.35 0.058 172.397
9.96 6.41 0.052 171.117
9.97 6.47 0.045 169.345
9.98 6.57 0.043 169.126
9.99 6.6 0.042 168.953
10 6.57 0.041 168.551
10.01 6.57 0.041 168.598
10.02 6.54 0.04 168.187
10.03 6.39 0.04 167.673
10.04 6.17 0.04 166.875
10.05 5.87 0.04 165.728
10.06 5.55 0.042 165.11
10.07 5.19 0.045 164.51
10.08 4.46 0.048 161.869
10.09 4.11 0.048 160.019
10.1 3.81 0.048 158.326
10.11 3.62 0.047 156.932
10.12 3.52 0.046 156.064
10.13 3.42 0.044 154.886
10.14 3.43 0.041 154.086
10.15 3.43 0.039 153.488
10.16 3.45 0.039 153.659
10.17 3.53 0.039 154.209
10.18 4.09 0.039 157.557
10.19 4.4 0.052 163.124
10.2 4.59 0.084 170.848
10.21 4.61 0.088 171.665
10.22 4.69 0.108 175.095
10.23 4.77 0 0
10.24 5.75 0 0
10.25 7.73 0 0
10.26 10.98 0 0
10.27 18.98 0 0
10.28 23.58 0 0
10.29 27.87 0 0
