0.02 0 0 0
0.03 0 0 0
0.04 0 0 0
0.05 0 0 0
0.06 0 0 0
0.07 0 0 0
0.08 0 0 0
0.09 0 0 0
0.1 0 0 0
0.11 0 0 0
0.12 0 0 0
0.13 0 0 0
0.14 0 0 0
0.15 0 0 0
0.16 0 0 0
0.17 0 0 0
0.18 0 0 0
0.19 0 0 0
0.2 0.01 0 0
0.21 0.01 0 0
0.22 0.01 0 0
0.23 0.01 0 0
0.24 0 0 0
0.25 0 0 0
0.26 0 0 0
0.27 0 0 0
0.28 0 0 0
0.29 0 0 0
0.3 0 0 0
0.31 0 0 0
0.32 0 0 0
0.33 0 0 0
0.34 0 0 0
0.35 0 0 0
0.36 0 0 0
0.37 0.01 0 0
0.38 0 0 0
0.39 0 0 0
0.4 0 0 0
0.41 0 0 0
0.42 0 0 0
0.43 0 0 0
0.44 0 0 0
0.45 0 0 0
0.46 0 0 0
0.47 0 0 0
0.48 0 0 0
0.49 0 0 0
0.5 0 0 0
0.51 0 0 0
0.52 0 0 0
0.53 0 0 0
0.54 0 0 0
0.55 0 0 0
0.56 0 0 0
0.57 0 0 0
0.58 0 0 0
0.59 0 0 0
0.6 0 0 0
0.61 0 0 0
0.62 0 0 0
0.63 0 0 0
0.64 0 0 0
0.65 0 0 0
0.66 0 0 0
0.67 0 0 0
0.68 0 0 0
0.69 0 0 0
0.7 0 0 0
0.71 0 0 0
0.72 0 0 0
0.73 0 0 0
0.74 0 0 0
0.75 0.01 0 0
0.76 0.01 0 0
0.77 0.01 0 0
0.78 0.01 0 0
0.79 0 0 0
0.8 0 0 0
0.81 0 0 0
0.82 0 0 0
0.83 0 0 0
0.84 0 0 0
0.85 0 0 0
0.86 0 0 0
0.87 0 0 0
0.88 0 0 0
0.89 0 0 0
0.9 0 0 0
0.91 0 0 0
0.92 0.01 0 0
0.93 0.01 0 0
0.94 0.01 0 0
0.95 0.01 0 0
0.96 0.01 0 0
0.97 0.01 0 0
0.98 0.01 0 0
0.99 0.01 0 0
1 0.01 0 0
1.01 0.01 0 0
1.02 0.01 0 0
1.03 0.01 0 0
1.04 0.02 0 0
1.05 0.02 0 0
1.06 0.02 0 0
1.07 0.02 0 0
1.08 0.02 0 0
1.09 0.02 0 0
1.1 0.02 0 0
1.11 0.02 0 0
1.12 0.02 0 0
1.13 0.02 0 0
1.14 0.02 0 0
1.15 0.02 0 0
1.16 0.02 0 0
1.17 0.02 0 0
1.18 0.03 0 0
1.19 0.03 0 0
1.2 0.03 0 0
1.21 0.03 0 0
1.22 0.03 0 0
1.23 0.03 0 0
1.24 0.03 0 0
1.25 0.03 0 0
1.26 0.03 0 0
1.27 0.03 0 0
1.28 0.03 0 0
1.29 0.02 0 0
1.3 0.02 0 0
1.31 0.02 0 0
1.32 0.02 0 0
1.33 0.03 0 0
1.34 0.03 0 0
1.35 0.02 0 0
1.36 0.02 0 0
1.37 0.02 0 0
1.38 0.02 0 0
1.39 0.03 0 0
1.4 0.03 0 0
1.41 0.03 0 0
1.42 0.03 0 0
1.43 0.03 0 0
1.44 0.03 0 0
1.45 0.03 0 0
1.46 0.03 0 0
1.47 0.03 0 0
1.48 0.03 0 0
1.49 0.03 0 0
1.5 0.01 0.001 28.6927
1.51 0.01 0.001 28.7457
1.52 0 0.001 0
1.53 0 0.001 0
1.54 0 0.002 0
1.55 0 0.002 0
1.56 0 0.002 0
1.57 0 0.002 0
1.58 0.02 0.001 32.1657
1.59 0.02 0.001 32.2222
1.6 0.02 0 0
1.61 0.02 0 0
1.62 0.02 0 0
1.63 0.02 0 0
1.64 0.01 0 0
1.65 0.01 0 0
1.66 0.01 0 0
1.67 0 0 0
1.68 0 0 0
1.69 -0.01 0 -nan
1.7 -0.01 0 -nan
1.71 -0.01 0 -nan
1.72 -0.01 0 -nan
1.73 0 0 0
1.74 0 0 0
1.75 0 0 0
1.76 0 0 0
1.77 0 0 0
1.78 0 0 0
1.79 0 0 0
1.8 0 0 0
1.81 0.01 0 0
1.82 0.01 0 0
1.83 0 0 0
1.84 0 0 0
1.85 0 0 0
1.86 0 0 0
1.87 0 0 0
1.88 0 0 0
1.89 0 0 0
1.9 0 0 0
1.91 0 0 0
1.92 0 0 0
1.93 0 0 0
1.94 0 0 0
1.95 0 0 0
1.96 0 0 0
1.97 0 0 0
1.98 0 0 0
1.99 0 0 0
2 0.01 0 0
2.01 0.01 0 0
2.02 0.01 0 0
2.03 0.01 0 0
2.04 0.01 0 0
2.05 0.01 0 0
2.06 0 0 0
2.07 0 0 0
2.08 0 0 0
2.09 0 0 0
2.1 0 0 0
2.11 0 0 0
2.12 0 0 0
2.13 0 0 0
2.14 0 0 0
2.15 0 0 0
2.16 0 0 0
2.17 0 0 0
2.18 0 0 0
2.19 0 0 0
2.2 0 0 0
2.21 0 0 0
2.22 0 0 0
2.23 0 0 0
2.24 0 0 0
2.25 0 0 0
2.26 0 0 0
2.27 -0.01 0 -nan
2.28 -0.01 0 -nan
2.29 0 0 0
2.3 0 0 0
2.31 0 0 0
2.32 0 0 0
2.33 0 0 0
2.34 0 0 0
2.35 0 0 0
2.36 0 0 0
2.37 0 0 0
2.38 0 0 0
2.39 0 0 0
2.4 0 0 0
2.41 0 0 0
2.42 0 0 0
2.43 0 0 0
2.44 0 0 0
2.45 0 0 0
2.46 0 0 0
2.47 0 0 0
2.48 0 0 0
2.49 0 0 0
2.5 0 0 0
2.51 0 0 0
2.52 0 0 0
2.53 0 0 0
2.54 -0.01 0 -nan
2.55 -0.01 0 -nan
2.56 0 0 0
2.57 0 0 0
2.58 0 0 0
2.59 0 0 0
2.6 0 0 0
2.61 0 0 0
2.62 0 0 0
2.63 0 0 0
2.64 0 0 0
2.65 0 0 0
2.66 0 0 0
2.67 0 0 0
2.68 0 0 0
2.69 0 0 0
2.7 0 0 0
2.71 0 0 0
2.72 0 0 0
2.73 0.01 0 0
2.74 0.01 0 0
2.75 0.01 0 0
2.76 0.01 0 0
2.77 0 0 0
2.78 0 0 0
2.79 0 0 0
2.8 0 0 0
2.81 0 0 0
2.82 0 0 0
2.83 0 0 0
2.84 0 0 0
2.85 0 0 0
2.86 0 0 0
2.87 0 0 0
2.88 0 0 0
2.89 0 0 0
2.9 0 0 0
2.91 0 0 0
2.92 0 0 0
2.93 0 0 0
2.94 0 0 0
2.95 0.01 0 0
2.96 0.01 0 0
2.97 0 0 0
2.98 -0.01 0 -nan
2.99 -0.01 0 -nan
3 -0.02 0 -nan
3.01 -0.02 0 -nan
3.02 -0.02 0 -nan
3.03 -0.02 0 -nan
3.04 -0.02 0 -nan
3.05 -0.02 0 -nan
3.06 -0.02 0 -nan
3.07 -0.02 0 -nan
3.08 -0.02 0 -nan
3.09 -0.02 0 -nan
3.1 -0.02 0 -nan
3.11 -0.01 0 -nan
3.12 -0.01 0 -nan
3.13 -0.02 0 -nan
3.14 -0.02 0 -nan
3.15 -0.01 0 -nan
3.16 -0.01 0 -nan
3.17 -0.01 0 -nan
3.18 -0.01 0 -nan
3.19 -0.02 0 -nan
3.2 -0.02 0 -nan
3.21 -0.01 0 -nan
3.22 -0.01 0 -nan
3.23 -0.01 0 -nan
3.24 -0.01 0 -nan
3.25 -0.01 0 -nan
3.26 -0.01 0 -nan
3.27 -0.01 0 -nan
3.28 -0.01 0 -nan
3.29 -0.01 0 -nan
3.3 -0.01 0 -nan
3.31 -0.01 0 -nan
3.32 -0.01 0 -nan
3.33 -0.01 0 -nan
3.34 -0.01 0 -nan
3.35 -0.01 0 -nan
3.36 -0.01 0 -nan
3.37 -0.01 0 -nan
3.38 -0.01 0 -nan
3.39 -0.01 0 -nan
3.4 -0.01 0 -nan
3.41 -0.01 0 -nan
3.42 -0.01 0 -nan
3.43 -0.01 0 -nan
3.44 -0.01 0 -nan
3.45 -0.01 0 -nan
3.46 -0.01 0 -nan
3.47 -0.01 0 -nan
3.48 -0.01 0 -nan
3.49 -0.01 0 -nan
3.5 0 0 0
3.51 0 0 0
3.52 0 0 0
3.53 0 0 0
3.54 0 0 0
3.55 0 0 0
3.56 0 0 0
3.57 0 0 0
3.58 0 0 0
3.59 0 0 0
3.6 -0.01 0 -nan
3.61 -0.01 0 -nan
3.62 -0.01 0 -nan
3.63 -0.01 0 -nan
3.64 -0.01 0 -nan
3.65 -0.01 0 -nan
3.66 -0.01 0 -nan
3.67 -0.01 0 -nan
3.68 -0.01 0 -nan
3.69 0 0 0
3.7 0 0 0
3.71 0 0 0
3.72 0 0 0
3.73 0 0 0
3.74 0 0 0
3.75 0 0 0
3.76 0 0 0
3.77 0 0 0
3.78 0 0 0
3.79 0 0 0
3.8 0 0 0
3.81 0 0 0
3.82 0 0 0
3.83 0 0 0
3.84 0 0 0
3.85 0 0 0
3.86 0 0 0
3.87 0 0 0
3.88 0 0 0
3.89 0 0 0
3.9 0 0 0
3.91 0 0 0
3.92 0.01 0 0
3.93 0.01 0 0
3.94 0.01 0 0
3.95 0.01 0 0
3.96 0.01 0 0
3.97 0.01 0 0
3.98 -0.01 0 -nan
3.99 -0.01 0 -nan
4 -0.01 0 -nan
4.01 -0.01 0 -nan
4.02 -0.01 0 -nan
4.03 -0.01 0 -nan
4.04 -0.01 0 -nan
4.05 -0.01 0 -nan
4.06 -0.01 0 -nan
4.07 -0.01 0 -nan
4.08 -0.01 0 -nan
4.09 -0.01 0 -nan
4.1 -0.01 0 -nan
4.11 -0.01 0 -nan
4.12 -0.01 0 -nan
4.13 0 0 0
4.14 0 0 0
4.15 0 0 0
4.16 0 0 0
4.17 0 0 0
4.18 0 0 0
4.19 -0.01 0 -nan
4.2 -0.01 0 -nan
4.21 0 0 0
4.22 0 0 0
4.23 0 0 0
4.24 0 0 0
4.25 0 0 0
4.26 0 0 0
4.27 0 0 0
4.28 0 0 0
4.29 0 0 0
4.3 0 0 0
4.31 0 0 0
4.32 0 0 0
4.33 0 0 0
4.34 0 0 0
4.35 0 0 0
4.36 0 0 0
4.37 0 0 0
4.38 0 0 0
4.39 0 0 0
4.4 0 0 0
4.41 0 0 0
4.42 0 0 0
4.43 0 0 0
4.44 0 0 0
4.45 0 0 0
4.46 0 0 0
4.47 0 0 0
4.48 0 0 0
4.49 0 0 0
4.5 0 0 0
4.51 0 0 0
4.52 0 0 0
4.53 0.01 0 0
4.54 0.01 0 0
4.55 0.01 0 0
4.56 0.01 0 0
4.57 0.02 0 0
4.58 0.02 0 0
4.59 0.02 0 0
4.6 0.02 0 0
4.61 0.02 0 0
4.62 0.02 0 0
4.63 0.01 0 0
4.64 0.01 0 0
4.65 0.01 0 0
4.66 0.01 0 0
4.67 0.02 0 0
4.68 0.02 0 0
4.69 0.02 0 0
4.7 0.02 0 0
4.71 0.02 0 0
4.72 0.02 0 0
4.73 0.02 0 0
4.74 0.02 0 0
4.75 0.02 0 0
4.76 0.02 0 0
4.77 0.02 0 0
4.78 0.02 0 0
4.79 0.02 0 0
4.8 0.02 0 0
4.81 0.02 0 0
4.82 0.02 0 0
4.83 0.02 0 0
4.84 0.02 0 0
4.85 0.02 0 0
4.86 0.02 0 0
4.87 0.02 0 0
4.88 0.02 0 0
4.89 0.02 0 0
4.9 0.02 0 0
4.91 0.02 0 0
4.92 0.02 0 0
4.93 0.02 0 0
4.94 0.02 0 0
4.95 0.02 0 0
4.96 0.02 0 0
4.97 0.02 0 0
4.98 0.02 0 0
4.99 0.02 0 0
5 0.02 0 0
5.01 0.02 0 0
5.02 0.02 0 0
5.03 0.02 0 0
5.04 0.02 0 0
5.05 0.02 0 0
5.06 0.02 0 0
5.07 0.02 0 0
5.08 0.02 0 0
5.09 0.02 0 0
5.1 0.02 0 0
5.11 0.02 0 0
5.12 0.02 0 0
5.13 0.02 0 0
5.14 0.02 0 0
5.15 0.02 0 0
5.16 0.02 0 0
5.17 0.02 0 0
5.18 0.02 0 0
5.19 0.02 0 0
5.2 0.02 0 0
5.21 0.02 0 0
5.22 0.02 0 0
5.23 0.02 0 0
5.24 0.02 0 0
5.25 0.02 0 0
5.26 0.02 0 0
5.27 0.02 0 0
5.28 0.02 0 0
5.29 0.02 0 0
5.3 0.02 0 0
5.31 0.02 0 0
5.32 0.02 0 0
5.33 0.02 0 0
5.34 0.02 0 0
5.35 0.02 0 0
5.36 0.02 0 0
5.37 0.02 0 0
5.38 0.02 0 0
5.39 0.02 0 0
5.4 0.02 0 0
5.41 0.02 0 0
5.42 0.02 0 0
5.43 0.02 0 0
5.44 0.02 0 0
5.45 0.02 0 0
5.46 0.02 0 0
5.47 0.02 0 0
5.48 0.02 0 0
5.49 0.02 0 0
5.5 0.02 0 0
5.51 0.02 0 0
5.52 0.02 0 0
5.53 0.02 0 0
5.54 0.02 0 0
5.55 0.02 0 0
5.56 0.02 0 0
5.57 0.02 0 0
5.58 0.02 0 0
5.59 0.02 0 0
5.6 0.02 0 0
5.61 0.02 0 0
5.62 0.02 0 0
5.63 0.02 0 0
5.64 0.02 0 0
5.65 0.02 0 0
5.66 0.02 0 0
5.67 0.02 0 0
5.68 0.02 0 0
5.69 0.02 0 0
5.7 0.02 0 0
5.71 0.02 0 0
5.72 0.02 0 0
5.73 0.02 0 0
5.74 0.02 0 0
5.75 0.02 0 0
5.76 0.02 0 0
5.77 0.02 0 0
5.78 0.02 0 0
5.79 0.02 0 0
5.8 0.02 0 0
5.81 0.02 0 0
5.82 0.02 0 0
5.83 0.02 0 0
5.84 0.02 0 0
5.85 0.02 0 0
5.86 0.02 0 0
5.87 0.02 0 0
5.88 0.02 0 0
5.89 0.02 0 0
5.9 0.02 0 0
5.91 0.02 0 0
5.92 0.02 0 0
5.93 0.02 0 0
5.94 0.01 0.001 42.0659
5.95 0.01 0.001 42.0856
5.96 0.01 0.001 42.1053
5.97 0.01 0.001 42.1249
5.98 0.01 0.001 42.1445
5.99 0.01 0.001 42.1641
6 0.01 0.001 42.1836
6.01 0.01 0.001 42.2032
6.02 0.01 0.001 42.2227
6.03 0 0.001 0
6.04 0 0.001 0
6.05 0 0.001 0
6.06 0 0.001 0
6.07 0 0.001 0
6.08 0 0.001 0
6.09 0.01 0.001 42.3586
6.1 0.01 0.001 42.3779
6.11 0.01 0.001 42.3972
6.12 0.01 0.001 42.4165
6.13 0.01 0.001 42.4357
6.14 0.01 0.001 42.455
6.15 0 0.001 0
6.16 0 0.001 0
6.17 0 0.001 0
6.18 0 0.001 0
6.19 0 0.001 0
6.2 0 0.001 0
6.21 0.01 0.001 42.589
6.22 0.01 0.001 42.608
6.23 0.01 0.001 42.6271
6.24 0.01 0.001 42.6461
6.25 0.01 0.001 42.6651
6.26 0.01 0.001 42.684
6.27 0.01 0.001 42.703
6.28 0.01 0.001 42.7219
6.29 0.01 0.001 42.7408
6.3 0.01 0.001 42.7597
6.31 0.01 0.001 42.7785
6.32 0.01 0.001 42.7974
6.33 0.01 0.001 42.8162
6.34 0.01 0.001 42.835
6.35 0.01 0.001 42.8538
6.36 0.01 0.001 42.8725
6.37 0.01 0.001 42.8912
6.38 0.01 0.001 42.9099
6.39 0.01 0.001 42.9286
6.4 0.01 0.001 42.9473
6.41 0.01 0.001 42.9659
6.42 0.02 0.001 47.4964
6.43 0.02 0.001 47.517
6.44 0.01 0.001 43.0218
6.45 0.01 0.001 43.0403
6.46 0.01 0.001 43.0589
6.47 0.01 0.001 43.0774
6.48 0.01 0.001 43.0959
6.49 0.01 0.001 43.1144
6.5 0.01 0.001 43.1328
6.51 0.01 0.001 43.1512
6.52 0.01 0.001 43.1697
6.53 0.01 0.001 43.1881
6.54 0.01 0.001 43.2064
6.55 0.01 0.001 43.2248
6.56 0.01 0.001 43.2431
6.57 0.01 0.001 43.2614
6.58 0.01 0.001 43.2797
6.59 0.01 0.001 43.298
6.6 0.01 0.001 43.3163
6.61 0.01 0.001 43.3345
6.62 0.01 0.001 43.3527
6.63 0.01 0.001 43.3709
6.64 0.01 0.001 43.3891
6.65 0.01 0.001 43.4072
6.66 0.01 0.001 43.4254
6.67 0.01 0.001 43.4435
6.68 0.01 0.001 43.4616
6.69 0.01 0.001 43.4797
6.7 0.01 0.001 43.4977
6.71 0.01 0.001 43.5158
6.72 0.01 0.001 43.5338
6.73 0.01 0.001 43.5518
6.74 0.01 0.001 43.5698
6.75 0.01 0.001 43.5877
6.76 0.01 0.001 43.6057
6.77 0.01 0.001 43.6236
6.78 0.01 0.001 43.6415
6.79 0.01 0.001 43.6594
6.8 0.01 0.001 43.6773
6.81 0.01 0.001 43.6951
6.82 0.01 0.001 43.7129
6.83 0.01 0.001 43.7307
6.84 0.01 0.001 43.7485
6.85 0.01 0.001 43.7663
6.86 0.01 0.001 43.784
6.87 0.01 0.001 43.8018
6.88 0.01 0.001 43.8195
6.89 0.01 0.001 43.8372
6.9 0.01 0.001 43.8549
6.91 0.01 0.001 43.8725
6.92 0.01 0.001 43.8902
6.93 0.02 0.001 48.5166
6.94 0.02 0.001 48.536
6.95 0.02 0.001 48.5554
6.96 0.02 0.001 48.5749
6.97 0.02 0.001 48.5942
6.98 0.02 0.001 48.6136
6.99 0.02 0.001 48.633
7 0.02 0.001 48.6523
7.01 0.02 0.001 48.6716
7.02 0.02 0.001 48.6909
7.03 0.02 0.001 48.7102
7.04 0.02 0.001 48.7294
7.05 0.02 0.001 48.7487
7.06 0.02 0.001 48.7679
7.07 0.02 0.001 48.7871
7.08 0.02 0.001 48.8062
7.09 0.03 0.001 51.761
7.1 0.03 0.001 51.7813
7.11 0.03 0.001 51.8016
7.12 0.03 0.001 51.8218
7.13 0.02 0.001 48.9018
7.14 0.02 0.001 48.9209
7.15 0.03 0.001 51.8824
7.16 0.03 0.001 51.9026
7.17 0.03 0.001 51.9227
7.18 0.03 0.001 51.9429
7.19 0.03 0.001 51.963
7.2 0.03 0.001 51.983
7.21 0.03 0.001 52.0031
7.22 0.03 0.001 52.0231
7.23 0.03 0.001 52.0432
7.24 0.03 0.001 52.0632
7.25 0.03 0.001 52.0832
7.26 0.03 0.001 52.1031
7.27 0.03 0.001 52.1231
7.28 0.03 0.001 52.143
7.29 0.03 0.001 52.1629
7.3 0.03 0.001 52.1828
7.31 0.03 0.001 52.2026
7.32 0.03 0.001 52.2225
7.33 0.03 0.001 52.2423
7.34 0.03 0.001 52.2621
7.35 0.03 0.001 52.2819
7.36 0.03 0.001 52.3016
7.37 0.03 0.001 52.3214
7.38 0.03 0.001 52.3411
7.39 0.03 0.001 52.3608
7.4 0.03 0.001 52.3805
7.41 0.03 0.001 52.4002
7.42 0.03 0.001 52.4198
7.43 0.03 0.001 52.4395
7.44 0.03 0.001 52.4591
7.45 0.03 0.001 52.4787
7.46 0.03 0.001 52.4982
7.47 0.03 0.001 52.5178
7.48 0.03 0.001 52.5373
7.49 0.03 0.001 52.5568
7.5 0.03 0.001 52.5763
7.51 0.03 0.001 52.5958
7.52 0.03 0.001 52.6153
7.53 0.03 0.001 52.6347
7.54 0.03 0.001 52.6541
7.55 0.03 0.001 52.6735
7.56 0.03 0.001 52.6929
7.57 0.03 0.001 52.7123
7.58 0.03 0.001 52.7316
7.59 0.03 0.001 52.751
7.6 0.03 0.001 52.7703
7.61 0.03 0.001 52.7896
7.62 0.03 0.001 52.8089
7.63 0.03 0.001 52.8281
7.64 0.03 0.001 52.8474
7.65 0.03 0.001 52.8666
7.66 0.03 0.001 52.8858
7.67 0.03 0.001 52.905
7.68 0.03 0.001 52.9241
7.69 0.03 0.001 52.9433
7.7 0.03 0.001 52.9624
7.71 0.03 0.001 52.9815
7.72 0.03 0.001 53.0006
7.73 0.04 0.001 55.2622
7.74 0.04 0.001 55.2821
7.75 0.04 0.001 55.3019
7.76 0.03 0.001 53.0768
7.77 0.03 0.001 53.0958
7.78 0.03 0.001 53.1148
7.79 0.03 0.001 53.1338
7.8 0.04 0.001 55.4009
7.81 0.04 0.001 55.4206
7.82 0.04 0.001 55.4403
7.83 0.04 0.001 55.46
7.84 0.04 0.001 55.4797
7.85 0.04 0.001 55.4994
7.86 0.04 0.001 55.519
7.87 0.04 0.001 55.5387
7.88 0.04 0.001 55.5583
7.89 0.04 0.001 55.5779
7.9 0.04 0.001 55.5974
7.91 0.04 0.001 55.617
7.92 0.04 0.001 55.6365
7.93 0.05 0.001 57.4735
7.94 0.05 0.001 57.4936
7.95 0.05 0.001 57.5137
7.96 0.05 0.001 57.5338
7.97 0.05 0.001 57.5539
7.98 0.05 0.001 57.574
7.99 0.05 0.001 57.594
8 0.05 0.001 57.6141
8.01 0.05 0.001 57.6341
8.02 0.05 0.001 57.6541
8.03 0.05 0.001 57.674
8.04 0.05 0.001 57.694
8.05 0.05 0.001 57.7139
8.06 0.05 0.001 57.7339
8.07 0.05 0.001 57.7538
8.08 0.05 0.001 57.7737
8.09 0.05 0.001 57.7935
8.1 0.05 0.001 57.8134
8.11 0.05 0.001 57.8332
8.12 0.05 0.001 57.853
8.13 0.05 0.001 57.8728
8.14 0.05 0.001 57.8926
8.15 0.05 0.001 57.9124
8.16 0.05 0.001 57.9321
8.17 0.05 0.001 57.9518
8.18 0.05 0.001 57.9716
8.19 0.05 0.001 57.9912
8.2 0.05 0.001 58.0109
8.21 0.05 0.001 58.0306
8.22 0.05 0.001 58.0502
8.23 0.05 0.001 58.0698
8.24 0.05 0.001 58.0895
8.25 0.05 0.001 58.109
8.26 0.05 0.001 58.1286
8.27 0.05 0.001 58.1482
8.28 0.06 0.001 59.7151
8.29 0.06 0.001 59.7351
8.3 0.06 0.001 59.7551
8.31 0.06 0.001 59.7752
8.32 0.06 0.001 59.7951
8.33 0.05 0.001 58.2651
8.34 0.05 0.001 58.2846
8.35 0.06 0.001 59.855
8.36 0.06 0.001 59.8749
8.37 0.05 0.001 58.3428
8.38 0.05 0.001 58.3622
8.39 0.06 0.001 59.9346
8.4 0.06 0.001 59.9544
8.41 0.06 0.001 59.9743
8.42 0.06 0.001 59.9941
8.43 0.06 0.001 60.0139
8.44 0.06 0.001 60.0337
8.45 0.06 0.001 60.0534
8.46 0.06 0.001 60.0732
8.47 0.06 0.001 60.0929
8.48 0.06 0.001 60.1126
8.49 0.06 0.001 60.1323
8.5 0.06 0.001 60.152
8.51 0.06 0.001 60.1717
8.52 0.06 0.001 60.1913
8.53 0.05 0.001 58.6507
8.54 0.05 0.001 58.6698
8.55 0.06 0.001 60.2502
8.56 0.06 0.001 60.2697
8.57 0.06 0.001 60.2893
8.58 0.06 0.001 60.3089
8.59 0.06 0.001 60.3284
8.6 0.06 0.001 60.3479
8.61 0.06 0.001 60.3674
8.62 0.06 0.001 60.3869
8.63 0.06 0.001 60.4064
8.64 0.06 0.001 60.4258
8.65 0.06 0.001 60.4452
8.66 0.06 0.001 60.4647
8.67 0.06 0.001 60.4841
8.68 0.05 0.001 58.9356
8.69 0.05 0.001 58.9545
8.7 0.06 0.001 60.5422
8.71 0.06 0.001 60.5615
8.72 0.06 0.001 60.5808
8.73 0.06 0.001 60.6001
8.74 0.06 0.001 60.6194
8.75 0.06 0.001 60.6387
8.76 0.06 0.001 60.658
8.77 0.06 0.001 60.6772
8.78 0.06 0.001 60.6964
8.79 0.06 0.001 60.7156
8.8 0.06 0.001 60.7348
8.81 0.06 0.001 60.754
8.82 0.06 0.001 60.7732
8.83 0.06 0.001 60.7923
8.84 0.06 0.001 60.8114
8.85 0.06 0.001 60.8306
8.86 0.06 0.001 60.8497
8.87 0.06 0.001 60.8687
8.88 0.06 0.001 60.8878
8.89 0.06 0.001 60.9069
8.9 0.06 0.001 60.9259
8.91 0.07 0.001 62.3129
8.92 0.07 0.001 62.3323
8.93 0.07 0.001 62.3517
8.94 0.06 0.001 61.0019
8.95 0.06 0.001 61.0209
8.96 0.06 0.001 61.0398
8.97 0.06 0.001 61.0587
8.98 0.06 0.001 61.0777
8.99 0.06 0.001 61.0966
9 0.06 0.001 61.1155
9.01 0.07 0.001 62.5065
9.02 0.07 0.001 62.5258
9.03 0.07 0.001 62.5451
9.04 0.07 0.001 62.5643
9.05 0.08 0.001 63.7986
9.06 0.08 0.001 63.8182
9.07 0.08 0.001 63.8378
9.08 0.08 0.001 63.8573
9.09 0.08 0.001 63.8769
9.1 0.08 0.001 63.8964
9.11 0.09 0.001 65.0092
9.12 0.08 0.001 63.9354
9.13 0.09 0.001 65.0488
9.14 0.09 0.001 65.0686
9.15 0.09 0.001 65.0884
9.16 0.09 0.001 65.1082
9.17 0.09 0.001 65.128
9.18 0.09 0.001 65.1477
9.19 0.09 0.001 65.1674
9.2 0.09 0.001 65.1871
9.21 0.1 0.001 66.2037
9.22 0.13 0.001 68.7735
9.23 0.12 0.001 68.0058
9.24 0.12 0.001 68.0263
9.25 0.12 0.001 68.0467
9.26 0.12 0.001 68.0672
9.27 0.12 0.001 68.0876
9.28 0.12 0.001 68.108
9.29 0.15 0.001 70.3531
9.3 0.3 0.001 77.7609
9.31 0.71 0.001 88.0576
9.32 17.43 0.001 139.657
9.33 42.36 0.001 158.755
9.34 53.92 0.001 164.417
9.35 65.34 0.021 217.82
9.36 67.82 0.117 252.709
9.37 72.89 0.215 268.686
