0.0002 2.16404 0.00966345 6.29137
0.0003 2.16404 0.00966345 7.04204
0.0004 1.28985 0.0204099 7.53506
0.0005 1.04988 0.0250333 7.91648
0.0006 0.929894 0.029865 8.30485
0.0007 0.85276 0.0331556 8.63584
0.0008 0.85276 0.0331556 8.96244
0.0009 0.741344 0.0434022 9.28156
0.001 0.732773 0.0470676 9.60603
0.0011 0.732773 0.0503999 9.92025
0.0012 0.732773 0.053149 10.2081
0.0013 0.737059 0.0556898 10.4873
0.0014 0.749914 0.0573142 10.758
0.0015 0.779911 0.0578974 11.0377
0.0016 0.818478 0.0598134 11.3466
0.0017 0.882756 0.0596884 11.6637
0.0018 0.989887 0.0579807 12.0186
0.0019 1.14416 0.0554399 12.4114
0.002 1.31128 0.0542736 12.8165
0.0021 1.49983 0.0536071 13.2317
0.0022 1.67552 0.0523992 13.5937
0.0023 1.79979 0.0513995 13.883
0.0024 1.89407 0.0495668 14.1092
0.0025 1.95406 0.0484005 14.3061
0.0026 1.99263 0.0477757 14.488
0.0027 2.02263 0.0479424 14.6766
0.0028 2.05691 0.0488587 14.8851
0.0029 2.09976 0.0501916 15.1095
0.003 2.15547 0.0521076 15.358
0.0031 2.22832 0.0545651 15.6328
0.0032 2.30545 0.0571893 15.9109
0.0033 2.37401 0.0600633 16.1813
0.0034 2.43401 0.0617711 16.4132
0.0035 2.47686 0.0628124 16.6107
0.0036 2.494 0.0636455 16.7763
0.0037 2.494 0.0636455 16.9046
0.0038 2.50686 0.0674359 17.1252
0.0039 2.51971 0.068977 17.2945
0.004 2.54114 0.0704349 17.4683
0.0041 2.55828 0.071851 17.6348
0.0042 2.57971 0.0727258 17.7926
0.0043 2.60113 0.0731839 17.9401
0.0044 2.61827 0.073892 18.0867
0.0045 2.63541 0.0748501 18.2367
0.0046 2.64398 0.0758914 18.3781
0.0047 2.65255 0.0765995 18.5113
0.0048 2.65684 0.0775158 18.6427
0.0049 2.64827 0.0778074 18.747
0.005 2.6397 0.0783905 18.8555
0.0051 2.63113 0.0789737 18.9624
0.0052 2.63113 0.0795568 19.0767
0.0053 2.63541 0.0801816 19.195
0.0054 2.62256 0.0797651 19.2731
0.0055 2.62256 0.0792652 19.3615
0.0056 2.62684 0.0786821 19.4513
0.0057 2.64827 0.0781406 19.5589
0.0058 2.67398 0.0777657 19.6732
0.0059 2.69541 0.0776408 19.787
0.006 2.72112 0.0768077 19.889
0.0061 2.72112 0.0768077 19.9806
0.0062 2.70398 0.0765162 20.0465
0.0063 2.70398 0.0765162 20.1359
0.0064 2.70398 0.0765162 20.2243
0.0065 2.57542 0.0764329 20.1678
0.0066 2.51543 0.0762246 20.1804
0.0067 2.45115 0.0758081 20.1803
0.0068 2.45115 0.0758081 20.2636
0.0069 2.45115 0.0758081 20.346
0.007 2.14261 0.05998 19.649
0.0071 2.07405 0.0605631 19.6503
0.0072 2.00549 0.0605215 19.6305
0.0073 2.00549 0.0605215 19.7059
0.0074 1.83408 0.059855 19.5097
0.0075 1.80408 0.0588137 19.5077
0.0076 1.78265 0.0575641 19.5111
0.0077 1.7698 0.056023 19.5176
0.0078 1.77837 0.0546068 19.5597
0.0079 1.77837 0.0528157 19.5747
0.008 1.79551 0.050983 19.6127
0.0081 1.81693 0.0488587 19.6445
0.0082 1.84265 0.0468594 19.683
0.0083 1.86836 0.0436105 19.671
0.0084 1.89835 0.0400283 19.6413
0.0085 1.92407 0.0366961 19.602
0.0086 1.94121 0.0337388 19.5538
0.0087 1.96263 0.0312396 19.5224
0.0088 1.98834 0.0294069 19.5228
0.0089 2.01406 0.0276991 19.5231
0.009 2.05262 0.0259497 19.531
0.0091 2.07833 0.0242419 19.5154
0.0092 2.10405 0.022909 19.5175
0.0093 2.12547 0.0222426 19.5567
0.0094 2.15118 0.0222009 19.6459
0.0095 2.17261 0.0226591 19.7654
0.0096 2.19403 0.0232839 19.8961
0.0097 2.21546 0.0240753 20.0371
0.0098 2.24117 0.0248667 20.1819
0.0099 2.24117 0.0248667 20.239
0.01 2.32259 0.0270327 20.5424
0.0101 2.33973 0.0277408 20.6655
0.0102 2.36116 0.0285738 20.8006
0.0103 2.3783 0.0294069 20.9288
0.0104 2.38259 0.0300733 21.0297
0.0105 2.3783 0.0304065 21.0996
0.0106 2.36973 0.0302816 21.137
0.0107 2.33973 0.0298234 21.1266
0.0108 2.30117 0.0292819 21.0985
0.0109 2.27974 0.0288237 21.0964
0.011 2.23689 0.0279074 21.0357
0.0111 2.18975 0.0271993 20.9792
0.0112 2.12119 0.0262829 20.8759
0.0113 2.04834 0.0257831 20.7892
0.0114 1.97549 0.0254915 20.7122
0.0115 1.91978 0.0252832 20.6631
0.0116 1.86836 0.0251999 20.6264
0.0117 1.81693 0.0251999 20.5928
0.0118 1.74837 0.0249084 20.5077
0.0119 1.67552 0.0242836 20.3871
0.012 1.59839 0.0236588 20.2524
0.0121 1.52554 0.0231589 20.1275
0.0122 1.45698 0.0227841 20.0133
0.0123 1.38841 0.0225758 19.9048
0.0124 1.33271 0.0222842 19.8109
0.0125 1.27271 0.0218261 19.6899
0.0126 1.20843 0.0214928 19.5618
0.0127 1.1613 0.0203266 19.4025
0.0128 1.1613 0.0203266 19.4449
0.0129 1.10559 0.0189937 19.2406
0.013 1.11844 0.0201599 19.4101
0.0131 1.1313 0.0216594 19.6002
0.0132 1.14416 0.0227424 19.7537
0.0133 1.14416 0.0234089 19.8428
0.0134 1.1313 0.0241586 19.904
0.0135 1.10559 0.0242003 19.8821
0.0136 1.07559 0.0236588 19.8068
0.0137 1.03702 0.0231173 19.7051
0.0138 1.00703 0.0227424 19.635
0.0139 0.989887 0.0229923 19.6437
0.014 0.981316 0.0236588 19.7051
0.0141 0.95132 0.0238254 19.6675
0.0142 0.921323 0.0237004 19.6069
0.0143 0.887041 0.0232006 19.5036
0.0144 0.865615 0.0226175 19.4315
0.0145 0.848474 0.0222842 19.389
0.0146 0.839904 0.021951 19.3734
0.0147 0.86133 0.0222009 19.4991
0.0148 0.891327 0.0231589 19.7016
0.0149 0.917038 0.0240753 19.8836
0.015 0.942749 0.0245751 20.0343
0.0151 0.955605 0.0248667 20.1302
0.0152 0.955605 0.0248667 20.1672
0.0153 0.95989 0.0229923 20.0856
0.0154 0.977031 0.0229923 20.1734
0.0155 1.00274 0.0234089 20.3158
0.0156 1.0156 0.0240753 20.4372
0.0157 1.00274 0.0245335 20.4681
0.0158 0.968461 0.0245751 20.4047
0.0159 0.925609 0.0241586 20.2789
0.016 0.878471 0.0235338 20.118
0.0161 0.848474 0.022909 20.0075
0.0162 0.835619 0.0232423 20.022
0.0163 0.827048 0.023867 20.0707
0.0164 0.814193 0.0244085 20.0971
0.0165 0.758485 0.0247418 19.9491
0.0166 0.758485 0.0247418 19.9827
0.0167 0.758485 0.0247418 20.0161
0.0168 0.449949 0.0182856 18.135
0.0169 0.398526 0.0162446 17.6753
0.017 0.355674 0.0143286 17.2357
0.0171 0.321392 0.0127874 16.8534
0.0172 0.29568 0.0116628 16.552
0.0173 0.282825 0.0107464 16.3612
0.0174 0.282825 0.0101216 16.3059
0.0175 0.28711 0.00949683 16.2808
0.0176 0.28711 0.00887204 16.2145
0.0177 0.28711 0.0082056 16.1349
0.0178 0.28711 0.0082056 16.1602
0.0179 0.917038 0.0145785 20.0685
0.018 0.668495 0.0155365 19.3072
0.0181 0.505656 0.0216594 19.0956
0.0182 0.471375 0.0233672 19.0524
0.0183 0.655639 0.025075 20.1278
0.0184 0.989887 0.0266994 21.5024
0.0185 0.844189 0.0247418 20.9138
0.0186 0.921323 0.0343219 21.796
0.0187 1.22129 0.0375292 22.9023
0.0188 1.35842 0.0369877 23.2623
0.0189 1.4784 0.0371959 23.5933
0.019 1.55982 0.0379873 23.8528
0.0191 1.54697 0.0394452 23.9341
0.0192 1.35413 0.0396951 23.5261
0.0193 0.925609 0.0445685 22.52
0.0194 0.621358 0.0545651 21.6561
0.0195 0.561364 0.0575225 21.4663
0.0196 0.557079 0.059147 21.523
0.0197 0.535653 0.0609797 21.4865
0.0198 0.514227 0.0626041 21.4375
0.0199 0.492801 0.064062 21.3773
0.02 0.471375 0.0603549 21.1653
0.0201 0.432808 0.0557731 20.7987
0.0202 0.407096 0.0541486 20.5938
0.0203 0.407096 0.0541486 20.6221
0.0204 0.407096 0.0541486 20.6503
0.0205 0.407096 0.0541486 20.6784
0.0206 0.355674 0.0480673 20.1073
0.0207 0.338533 0.0434855 19.8258
0.0208 0.329962 0.0383206 19.5722
0.0209 0.325677 0.0364462 19.48
0.021 0.325677 0.03503 19.4417
0.0211 0.317107 0.0330307 19.2982
0.0212 0.304251 0.0313229 19.1241
0.0213 0.29568 0.0304065 19.0234
0.0214 0.282825 0.0293236 18.8696
0.0215 0.274254 0.0280323 18.7402
0.0216 0.261399 0.0267411 18.5622
0.0217 0.261399 0.0254499 18.5097
0.0218 0.252828 0.024117 18.3622
0.0219 0.248543 0.0225758 18.2399
0.022 0.248543 0.021118 18.1619
0.0221 0.248543 0.0196601 18.0769
0.0222 0.248543 0.0184522 18.0043
0.0223 0.248543 0.0173692 17.9364
0.0224 0.257113 0.0163695 17.9578
0.0225 0.265684 0.0157031 18.0028
0.0226 0.265684 0.0150367 17.9601
0.0227 0.269969 0.0142869 17.947
0.0228 0.265684 0.0132456 17.8151
0.0229 0.265684 0.0132456 17.8368
0.023 0.274254 0.0100383 17.5311
0.0231 0.312821 0.00920527 17.7596
0.0232 0.394241 0.0109547 18.6512
0.0233 0.737059 0.0171193 21.2075
0.0234 0.899897 0.0172859 21.8695
0.0235 0.891327 0.0183272 21.972
0.0236 0.865615 0.0192852 21.9985
0.0237 0.621358 0.0226175 21.2779
0.0238 0.509942 0.0296984 21.1797
0.0239 0.467089 0.0303649 20.9768
0.024 0.424237 0.0300733 20.6955
0.0241 0.398526 0.0324475 20.664
0.0242 0.394241 0.0332389 20.6971
0.0243 0.398526 0.0333639 20.7596
0.0244 0.407096 0.0333222 20.8449
0.0245 0.424237 0.0331973 20.9864
0.0246 0.428522 0.0330723 21.034
0.0247 0.415667 0.0336138 20.9939
0.0248 0.394241 0.0328224 20.8166
0.0249 0.368529 0.0316978 20.5787
0.025 0.368529 0.0316978 20.6017
0.0251 0.29568 0.0297401 19.875
0.0252 0.29568 0.0297401 19.897
0.0253 0.29568 0.0297401 19.9189
0.0254 0.274254 0.0258664 19.4982
0.0255 0.27854 0.0245751 19.48
0.0256 0.317107 0.0242836 19.8491
0.0257 0.539938 0.0204099 21.1454
0.0258 1.07988 0.0181606 23.164
0.0259 1.66267 0.0199517 24.8696
0.026 2.12119 0.0190353 25.6843
0.0261 2.12119 0.0185771 25.6596
0.0262 1.64553 0.0198684 24.9035
0.0263 0.779911 0.0349883 23.4679
0.0264 0.3771 0.0439853 21.5654
0.0265 0.3771 0.0439853 21.588
0.0266 0.3771 0.0439853 21.6107
0.0267 0.3771 0.0356548 21.2586
0.0268 0.359959 0.0348217 21.097
0.0269 0.338533 0.0342802 20.9058
0.027 0.321392 0.0342802 20.7714
0.0271 0.304251 0.0345302 20.6418
0.0272 0.28711 0.0347384 20.5013
0.0273 0.269969 0.0344885 20.3289
0.0274 0.265684 0.0334472 20.2511
0.0275 0.269969 0.0299484 20.1324
0.0276 0.291395 0.0261579 20.1475
0.0277 0.308536 0.0229923 20.1174
0.0278 0.317107 0.0170776 19.723
0.0279 0.317107 0.0170776 19.7427
0.028 0.338533 0.0106631 19.1827
0.0281 0.338533 0.0106631 19.2017
0.0282 0.338533 0.0106631 19.2207
0.0283 0.364244 0.0114129 19.5538
0.0284 0.389955 0.0125791 19.9268
0.0285 0.394241 0.0138287 20.1357
0.0286 0.415667 0.0155781 20.5118
0.0287 0.462804 0.0162446 20.9246
0.0288 0.531368 0.0169943 21.446
0.0289 0.595646 0.0187438 22.0013
0.029 0.655639 0.0201183 22.4607
0.0291 0.711347 0.0207847 22.8095
0.0292 0.741344 0.0215761 23.039
0.0293 0.77134 0.0222009 23.2482
0.0294 0.784196 0.0232006 23.4113
0.0295 0.784196 0.0249084 23.5723
0.0296 0.809907 0.0261163 23.7979
0.0297 0.831334 0.0283655 24.0749
0.0298 0.835619 0.0315312 24.3284
0.0299 0.85276 0.0330307 24.517
0.03 0.899897 0.0337804 24.7769
0.0301 0.938464 0.0349883 25.0231
0.0302 0.972746 0.0362379 25.2496
0.0303 0.998457 0.0383206 25.4861
0.0304 1.00274 0.0409447 25.6663
0.0305 1.00274 0.0409447 25.6897
0.0306 0.977031 0.046068 25.8696
0.0307 0.968461 0.0461096 25.8622
0.0308 0.964176 0.0464845 25.8865
0.0309 0.925609 0.0470676 25.7847
0.031 0.899897 0.0476091 25.7279
0.0311 0.874186 0.0479424 25.6585
0.0312 0.85276 0.0478174 25.5843
0.0313 0.844189 0.047984 25.5772
0.0314 0.848474 0.0480673 25.6223
0.0315 0.857045 0.0480673 25.6821
0.0316 0.887041 0.048109 25.8343
0.0317 0.929894 0.0477757 26.0182
0.0318 0.972746 0.0475258 26.199
0.0319 0.998457 0.0476091 26.3244
0.032 1.00274 0.0484422 26.4017
0.0321 1.01988 0.0486088 26.4967
0.0322 1.0456 0.047984 26.5863
0.0323 1.03274 0.0478174 26.5541
0.0324 0.998457 0.048109 26.4615
0.0325 0.942749 0.0484422 26.2812
0.0326 0.899897 0.0486088 26.1355
0.0327 0.865615 0.0489004 26.0248
0.0328 0.865615 0.0489004 26.0469
0.0329 0.724203 0.0498584 25.449
0.033 0.685636 0.0499833 25.2758
0.0331 0.668495 0.0486921 25.1502
0.0332 0.659925 0.0476091 25.0776
0.0333 0.668495 0.0466928 25.1046
0.0334 0.677065 0.045943 25.1378
0.0335 0.698492 0.04486 25.2217
0.0336 0.728488 0.0435688 25.3343
0.0337 0.7542 0.0420277 25.4059
0.0338 0.805622 0.0406531 25.5986
0.0339 0.835619 0.0403615 25.7394
0.034 0.831334 0.041028 25.7766
0.0341 0.831334 0.0412779 25.8106
0.0342 0.874186 0.0404032 25.973
0.0343 0.955605 0.0400283 26.3091
0.0344 1.04988 0.0407781 26.7308
0.0345 1.13559 0.0414862 27.0952
0.0346 1.22557 0.0421526 27.4528
0.0347 1.27271 0.0434022 27.6918
0.0348 1.25557 0.0427358 27.6243
0.0349 1.18701 0.0416111 27.3629
0.035 1.1313 0.0407364 27.1478
0.0351 1.1313 0.0407364 27.1693
0.0352 1.17415 0.0456514 27.5971
0.0353 1.22557 0.0467344 27.8441
0.0354 1.277 0.0450267 27.9448
0.0355 1.33699 0.0416944 27.9727
0.0356 1.4227 0.0390287 28.0913
0.0357 1.49983 0.0378624 28.2564
0.0358 1.55554 0.0374042 28.3985
0.0359 1.64553 0.038029 28.6911
0.036 1.82979 0.0395701 29.2521
0.0361 2.0012 0.0389037 29.6127
0.0362 2.18118 0.0390703 30.0159
0.0363 2.42972 0.0398201 30.5577
0.0364 2.69541 0.0407364 31.1003
0.0365 2.87539 0.0392369 31.3172
0.0366 2.87539 0.0392369 31.341
0.0367 2.87539 0.0392369 31.3648
0.0368 2.87539 0.0392369 31.3885
0.0369 3.68101 0.0387787 32.5178
0.037 3.79671 0.0409447 32.8358
0.0371 3.92098 0.0425275 33.1175
0.0372 4.03668 0.0432356 33.3272
0.0373 4.10525 0.0426524 33.3953
0.0374 4.13524 0.0404032 33.3047
0.0375 4.13096 0.0381539 33.1661
0.0376 4.10953 0.0357797 32.989
0.0377 4.03668 0.0338637 32.778
0.0378 3.95955 0.0329057 32.6331
0.0379 3.8867 0.0331556 32.5904
0.038 3.78385 0.0331973 32.492
0.0381 3.63387 0.0302816 32.0806
0.0382 3.4796 0.0282822 31.7232
0.0383 3.29534 0.0271993 31.3964
0.0384 3.1025 0.0253249 30.963
0.0385 2.91395 0.0237837 30.547
0.0386 2.72112 0.022909 30.1749
0.0387 2.53685 0.0227008 29.8705
0.0388 2.4083 0.0234505 29.7492
0.0389 2.4083 0.0234505 29.7705
0.039 2.04834 0.026033 29.3594
0.0391 1.92835 0.026991 29.2137
0.0392 1.81693 0.0272826 29.0109
0.0393 1.73123 0.0276574 28.863
0.0394 1.67981 0.0281156 28.7976
0.0395 1.64124 0.0276574 28.6824
0.0396 1.60696 0.0276574 28.6154
0.0397 1.61124 0.0289903 28.7589
0.0398 1.66267 0.031073 29.0769
0.0399 1.75266 0.0348217 29.598
0.04 1.82122 0.036946 29.9298
0.0401 1.83408 0.0370293 29.9866
0.0402 1.7698 0.0356964 29.7627
0.0403 1.65838 0.0341553 29.3975
0.0404 1.54697 0.0309897 28.8899
0.0405 1.45269 0.028074 28.4146
0.0406 1.3627 0.0264079 28.0304
0.0407 1.28985 0.0251166 27.7128
0.0408 1.26843 0.0255748 27.7065
0.0409 1.32842 0.0270743 28.0431
0.041 1.49126 0.0293236 28.7234
0.0411 1.49126 0.0293236 28.7429
0.0412 2.07405 0.0379457 30.8154
0.0413 2.24974 0.0391536 31.2808
0.0414 2.36973 0.0391536 31.5369
0.0415 2.48115 0.0386954 31.7365
0.0416 2.56685 0.0374459 31.8263
0.0417 2.63541 0.036113 31.8724
0.0418 2.66969 0.0341553 31.8053
0.0419 2.69969 0.0328224 31.7722
0.042 2.69541 0.0324892 31.7591
0.0421 2.74254 0.0312396 31.7557
0.0422 2.81111 0.0302816 31.8073
0.0423 2.85396 0.031073 31.9662
0.0424 2.86681 0.0324892 32.1268
0.0425 2.80682 0.0334055 32.1244
0.0426 2.81539 0.0334888 32.1661
0.0427 2.84967 0.0331973 32.2198
0.0428 2.86681 0.0336554 32.3054
0.0429 2.9868 0.0345302 32.5873
0.043 2.9868 0.0345302 32.6084
0.0431 3.12393 0.0422776 33.3989
0.0432 3.07679 0.043902 33.4521
0.0433 2.96109 0.0454848 33.3876
0.0434 2.84967 0.0465262 33.2876
0.0435 2.73397 0.0464845 33.1083
0.0436 2.66541 0.0434022 32.8206
0.0437 2.68684 0.0398201 32.6446
0.0438 2.70398 0.0386121 32.6116
0.0439 2.68684 0.0371126 32.4951
0.044 2.65255 0.0362796 32.3943
0.0441 2.59685 0.0359047 32.288
0.0442 2.53257 0.0357797 32.1826
0.0443 2.42544 0.0350716 31.9498
0.0444 2.28403 0.0337804 31.5957
0.0445 2.0869 0.0318227 31.0526
0.0446 1.91121 0.0307398 30.5927
0.0447 1.72694 0.0297817 30.0887
0.0448 1.58125 0.0281156 29.5857
0.0449 1.58125 0.0281156 29.604
0.045 1.37127 0.0259913 28.8317
0.0451 1.29414 0.0278241 28.7727
0.0452 1.22557 0.0292819 28.6872
0.0453 1.16987 0.0301566 28.5831
0.0454 1.12701 0.0309897 28.5119
0.0455 1.07988 0.0311979 28.3702
0.0456 1.02417 0.0310313 28.1593
0.0457 0.938464 0.0307814 27.8053
0.0458 0.874186 0.0308231 27.5425
0.0459 0.835619 0.0308231 27.3808
0.046 0.797052 0.0308647 27.2146
0.0461 0.741344 0.0314895 26.9934
0.0462 0.715632 0.0317394 26.8904
0.0463 0.749914 0.029865 26.9516
0.0464 0.86133 0.0277824 27.3461
0.0465 0.86133 0.0277824 27.3625
0.0466 0.86133 0.0277824 27.3788
0.0467 0.86133 0.0277824 27.3952
0.0468 1.25129 0.0322809 29.2894
0.0469 1.25986 0.0334888 29.4254
0.047 1.31128 0.0336971 29.6282
0.0471 1.35842 0.0349467 29.8872
0.0472 1.40127 0.0364462 30.1441
0.0473 1.41412 0.0369044 30.2329
0.0474 1.46126 0.035863 30.3216
0.0475 1.49126 0.036113 30.4458
0.0476 1.49983 0.0363629 30.5063
0.0477 1.5384 0.037071 30.6851
0.0478 1.60696 0.0375708 30.9308
0.0479 1.68838 0.0383622 31.2239
0.048 1.72694 0.0388204 31.3748
0.0481 1.71837 0.0386954 31.362
0.0482 1.70981 0.0380706 31.3151
0.0483 1.68409 0.0371543 31.2016
0.0484 1.64124 0.0368627 31.0835
0.0485 1.56839 0.036946 30.9045
0.0486 1.49126 0.0365295 30.6695
0.0487 1.41841 0.0363629 30.4549
0.0488 1.41841 0.0363629 30.4723
0.0489 1.15701 0.0334055 29.4
0.049 1.13987 0.0326141 29.2951
0.0491 1.13987 0.0311979 29.2036
0.0492 1.12701 0.0320726 29.2397
0.0493 1.08416 0.0331973 29.1769
0.0494 1.02845 0.0314895 28.8454
0.0495 0.998457 0.0294902 28.5824
0.0496 0.985602 0.0292819 28.5283
0.0497 0.989887 0.02999 28.6189
0.0498 1.02845 0.0309897 28.8716
0.0499 1.11844 0.0319477 29.313
0.05 1.20415 0.0329057 29.7157
0.0501 1.25557 0.0337388 29.9741
0.0502 1.31985 0.0351133 30.3076
0.0503 1.40127 0.0358214 30.6378
0.0504 1.49126 0.0364462 30.9752
0.0505 1.52982 0.0386954 31.2618
0.0506 1.52126 0.0403199 31.3609
0.0507 1.52126 0.0403199 31.3781
0.0508 1.30271 0.0333222 30.2188
0.0509 1.22557 0.031073 29.797
0.051 1.14844 0.0298234 29.4348
0.0511 1.07559 0.02999 29.1877
0.0512 1.04131 0.0305731 29.1143
0.0513 1.0456 0.0313645 29.2094
0.0514 1.01988 0.0325308 29.2092
0.0515 0.955605 0.0327807 28.9708
0.0516 0.899897 0.0320726 28.6846
0.0517 0.869901 0.0312812 28.501
0.0518 0.831334 0.030948 28.3054
0.0519 0.797052 0.031073 28.1588
0.052 0.76277 0.0307814 27.9742
0.0521 0.758485 0.0302816 27.9283
0.0522 0.77134 0.0297817 27.9722
0.0523 0.809907 0.0294069 28.1547
0.0524 0.86133 0.0290736 28.3935
0.0525 0.929894 0.0291569 28.7305
0.0526 0.989887 0.0297401 29.0535
0.0527 0.989887 0.0297401 29.0688
0.0528 1.23843 0.0324059 30.2529
0.0529 1.28128 0.0322809 30.4077
0.053 1.26843 0.0321976 30.373
0.0531 1.22557 0.0319477 30.2193
0.0532 1.17844 0.0322393 30.0876
0.0533 1.11416 0.0321976 29.8579
0.0534 1.05417 0.032031 29.6235
0.0535 1.00274 0.0318644 29.4135
0.0536 0.977031 0.0320726 29.3348
0.0537 0.964176 0.0324059 29.3193
0.0538 0.95132 0.0328224 29.3089
0.0539 0.95989 0.0325725 29.3433
0.054 0.985602 0.0313645 29.3779
0.0541 1.00703 0.0312812 29.4776
0.0542 1.01988 0.0317811 29.5857
0.0543 1.03274 0.0316978 29.6478
0.0544 1.09702 0.0311979 29.8825
0.0545 1.19129 0.0312812 30.2615
0.0546 1.30699 0.0322809 30.7642
0.0547 1.40555 0.032989 31.1599
0.0548 1.40555 0.032989 31.1758
0.0549 2.35687 0.0330723 33.6089
0.055 3.50531 0.0350716 35.7783
0.0551 5.15084 0.0395285 38.2148
0.0552 6.74494 0.0442353 40.1215
0.0553 7.61056 0.0442353 40.8458
0.0554 8.05194 0.0429857 41.1013
0.0555 8.18906 0.0427358 41.2021
0.0556 8.03908 0.0418194 41.039
0.0557 7.70055 0.0406531 40.71
0.0558 7.3363 0.0379457 40.2158
0.0559 7.00206 0.0379457 39.9666
0.056 6.77923 0.0401949 39.9918
0.0561 6.6421 0.0434022 40.1497
0.0562 6.59925 0.0463179 40.3499
0.0563 6.59925 0.0463179 40.3698
0.0564 6.90778 0.0547318 41.2249
0.0565 6.5264 0.0561063 40.9938
0.0566 6.5264 0.0561063 41.0139
0.0567 6.5264 0.0561063 41.0341
0.0568 6.5264 0.0561063 41.0542
0.0569 6.67209 0.0572726 41.2757
0.057 6.41927 0.0593969 41.1914
0.0571 6.19215 0.0614379 41.1136
0.0572 6.01217 0.0626458 41.0257
0.0573 5.81505 0.061896 40.8081
0.0574 5.60507 0.0580223 40.3945
0.0575 5.40367 0.0527324 39.8832
0.0576 5.19369 0.0492336 39.4494
0.0577 4.96229 0.0473176 39.0809
0.0578 4.73517 0.0439853 38.6016
0.0579 4.5252 0.0424025 38.2519
0.058 4.34093 0.0418194 37.9981
0.0581 4.18666 0.0411529 37.7682
0.0582 4.0324 0.0406948 37.5475
0.0583 3.89098 0.0401949 37.3344
0.0584 3.741 0.0391953 37.0636
0.0585 3.63816 0.0398617 36.9845
0.0586 3.55674 0.0414862 37.0045
0.0587 3.55674 0.0414862 37.022
0.0588 3.62959 0.0465678 37.5067
0.0589 3.82242 0.0495668 38.002
0.059 4.01954 0.0525658 38.4839
0.0591 4.23809 0.0544818 38.9124
0.0592 4.35807 0.0561063 39.1832
0.0593 4.37093 0.0544818 39.1224
0.0594 4.39664 0.0523575 39.0444
0.0595 4.37521 0.0490253 38.8222
0.0596 4.36664 0.0446101 38.5257
0.0597 4.3495 0.0404865 38.2122
0.0598 4.31522 0.0367378 37.879
0.0599 4.30665 0.0345718 37.6947
0.06 4.36664 0.0341136 37.7455
0.0601 4.47806 0.0360297 38.0729
0.0602 4.63661 0.0381123 38.4612
0.0603 4.77374 0.039112 38.7241
0.0604 4.85945 0.0390287 38.8345
0.0605 4.85945 0.0390287 38.8524
0.0606 4.83802 0.0394868 38.8832
0.0607 4.7866 0.0402366 38.9021
0.0608 4.73946 0.0412779 38.9471
0.0609 4.70518 0.0415278 38.9438
0.061 4.67518 0.0404449 38.8402
0.0611 4.62376 0.0375708 38.5589
0.0612 4.55091 0.0337804 38.1492
0.0613 4.51234 0.0315312 37.9019
0.0614 4.54662 0.0321559 38.0224
0.0615 4.57662 0.0332806 38.1847
0.0616 4.59805 0.0337388 38.2712
0.0617 4.59805 0.0340303 38.3159
0.0618 4.59805 0.0339054 38.3214
0.0619 4.55948 0.0332806 38.233
0.062 4.48234 0.0326558 38.0961
0.0621 4.4095 0.0325725 38.0153
0.0622 4.3495 0.0329057 37.9895
0.0623 4.3495 0.0329057 38.0065
0.0624 4.31951 0.032031 37.9005
0.0625 4.48234 0.032989 38.2136
0.0626 4.74803 0.0342802 38.6722
0.0627 5.07799 0.0360297 39.2276
0.0628 5.33082 0.0373625 39.6402
0.0629 5.32225 0.037904 39.696
0.063 5.17655 0.0380706 39.5696
0.0631 4.97515 0.0384455 39.3936
0.0632 4.74374 0.0386954 39.1626
0.0633 4.58519 0.036946 38.8387
0.0634 4.41807 0.0322809 38.217
0.0635 4.2338 0.0291153 37.675
0.0636 4.0881 0.026991 37.2662
0.0637 3.96383 0.0257831 36.976
0.0638 3.86956 0.0256998 36.8542
0.0639 3.84813 0.0265745 36.9435
0.064 3.8567 0.0276158 37.0899
0.0641 3.78385 0.0280323 37.0503
0.0642 3.78385 0.0280323 37.0664
0.0643 3.35962 0.0294069 36.5983
0.0644 3.20963 0.0294069 36.3741
0.0645 3.03394 0.0291153 36.0661
0.0646 2.78968 0.0291569 35.6524
0.0647 2.59256 0.02999 35.3762
0.0648 2.42544 0.030948 35.1452
0.0649 2.29259 0.0316145 34.9381
0.065 2.16832 0.0321143 34.719
0.0651 2.06548 0.0319477 34.4767
0.0652 1.96692 0.0309064 34.1551
0.0653 1.91121 0.0301983 33.963
0.0654 1.8555 0.0291569 33.7344
0.0655 1.81693 0.0281989 33.5534
0.0656 1.79551 0.0272409 33.4142
0.0657 1.79122 0.0267411 33.3654
0.0658 1.81265 0.0267411 33.4367
0.0659 1.81265 0.0267411 33.4508
0.066 1.92407 0.0265745 33.736
0.0661 1.9712 0.0260746 33.8146
0.0662 1.99263 0.0254499 33.8132
0.0663 1.99691 0.0247001 33.7538
0.0664 2.00549 0.024117 33.7217
0.0665 2.00549 0.0237004 33.6869
0.0666 2.00549 0.0237004 33.701
0.0667 2.00549 0.0237004 33.7151
0.0668 2.07405 0.0215761 33.629
0.0669 2.09119 0.0215761 33.6829
0.067 2.10405 0.0217011 33.7429
0.0671 2.12119 0.021951 33.8285
0.0672 2.14261 0.0224092 33.9498
0.0673 2.16832 0.0229507 34.0899
0.0674 2.19403 0.0233256 34.208
0.0675 2.22832 0.0235755 34.329
0.0676 2.22832 0.0235755 34.3432
0.0677 2.31831 0.0235755 34.5537
0.0678 2.33973 0.0236171 34.6188
0.0679 2.36116 0.0235755 34.6734
0.068 2.37401 0.0234922 34.7045
0.0681 2.3783 0.0236588 34.7481
0.0682 2.38687 0.0238254 34.8006
0.0683 2.39544 0.023992 34.853
0.0684 2.41258 0.0242419 34.9331
0.0685 2.43829 0.0245751 35.0404
0.0686 2.45972 0.0247834 35.1235
0.0687 2.50686 0.025075 35.2682
0.0688 2.56256 0.0253665 35.4284
0.0689 2.62684 0.0258664 35.6271
0.069 2.68684 0.0264495 35.824
0.0691 2.77254 0.0270327 36.0662
0.0692 2.85396 0.0277408 36.3094
0.0693 2.94823 0.0284489 36.571
0.0694 2.94823 0.0284489 36.5857
0.0695 3.34247 0.0299484 37.4274
0.0696 3.45389 0.0297401 37.5977
0.0697 3.57816 0.0294069 37.7693
0.0698 3.69815 0.0289487 37.9146
0.0699 3.82671 0.0287821 38.0985
0.07 3.98526 0.0285322 38.3093
0.0701 4.17381 0.0286155 38.5899
0.0702 4.35807 0.0291153 38.9021
0.0703 4.52948 0.0299484 39.2262
0.0704 4.74803 0.0304065 39.5589
0.0705 4.958 0.0308647 39.8714
0.0706 5.22797 0.031906 40.304
0.0707 5.52365 0.0326558 40.7191
0.0708 5.87076 0.0336971 41.2017
0.0709 6.25214 0.0348634 41.711
0.071 6.56068 0.0366544 42.1933
0.0711 6.88207 0.0384872 42.6744
0.0712 6.88207 0.0384872 42.6911
0.0713 7.68341 0.0391536 43.4525
0.0714 8.0048 0.0397784 43.7844
0.0715 8.33905 0.0403199 44.1098
0.0716 8.6433 0.0404032 44.3628
0.0717 8.87041 0.0421943 44.7072
0.0718 9.05039 0.0446101 45.0623
0.0719 9.20038 0.0473176 45.4086
0.072 9.3375 0.0501499 45.7438
0.0721 9.47463 0.0527741 46.0526
0.0722 9.60747 0.0547734 46.3059
0.0723 9.72746 0.0571893 46.5735
0.0724 9.8303 0.059855 46.8392
0.0725 9.89458 0.0630207 47.1027
0.0726 9.89458 0.0630207 47.1208
0.0727 10.0146 0.0709347 47.6878
0.0728 10.036 0.0731839 47.8448
0.0729 10.036 0.0757248 47.9991
0.073 10.0617 0.0781406 48.1608
0.0731 10.0874 0.0809314 48.3378
0.0732 10.0874 0.0838054 48.4967
0.0733 10.0831 0.0867211 48.6504
0.0734 10.0874 0.0898034 48.8135
0.0735 10.0531 0.0922609 48.9178
0.0736 10.0617 0.0954265 49.0798
0.0737 10.0446 0.0980507 49.1972
0.0738 10.066 0.100092 49.3153
0.0739 10.0874 0.101216 49.3949
0.074 10.1046 0.102174 49.4643
0.0741 10.1088 0.103549 49.541
0.0742 10.1174 0.104882 49.6184
0.0743 10.0703 0.10559 49.6313
0.0744 10.0403 0.107214 49.6917
0.0745 9.95029 0.109214 49.7222
0.0746 9.95029 0.109214 49.7407
0.0747 9.65033 0.114087 49.7207
0.0748 9.65033 0.114087 49.7392
0.0749 9.65033 0.114087 49.7576
0.075 9.64175 0.116544 49.8581
0.0751 9.6289 0.116961 49.8818
0.0752 9.63747 0.117794 49.9361
0.0753 9.6589 0.118377 49.9911
0.0754 9.77888 0.118794 50.1131
0.0755 9.94172 0.117836 50.2171
0.0756 10.1046 0.116794 50.3161
0.0757 10.2374 0.115628 50.3873
0.0758 10.4002 0.114337 50.4732
0.0759 10.5759 0.112962 50.5628
0.076 10.7816 0.111296 50.6591
0.0761 10.9745 0.11013 50.7627
0.0762 11.163 0.109297 50.8738
0.0763 11.3044 0.10863 50.9587
0.0764 11.463 0.108131 51.06
0.0765 11.5915 0.107589 51.1393
0.0766 11.6901 0.107214 51.2055
0.0767 11.6901 0.107214 51.224
0.0768 11.6901 0.107214 51.2426
0.0769 11.4501 0.095135 50.6025
0.077 11.3087 0.0961763 50.5761
0.0771 11.1459 0.0986338 50.5948
0.0772 11.0302 0.101175 50.6441
0.0773 10.9787 0.104174 50.7515
0.0774 11.0087 0.107298 50.9147
0.0775 11.2016 0.110172 51.1729
0.0776 11.5015 0.112671 51.4824
0.0777 11.5015 0.112671 51.5009
0.0778 12.4657 0.116253 52.2559
0.0779 12.8728 0.117044 52.5466
0.078 13.3742 0.116461 52.8334
0.0781 13.9913 0.114545 53.1233
0.0782 14.7026 0.113129 53.4677
0.0783 15.4011 0.111921 53.7973
0.0784 16.0439 0.109172 54.0223
0.0785 16.601 0.106964 54.2155
0.0786 17.1195 0.105715 54.4222
0.0787 17.668 0.105506 54.6803
0.0788 18.2079 0.105215 54.9245
0.0789 18.6493 0.10584 55.1609
0.079 19.1292 0.107256 55.4439
0.0791 19.6563 0.10584 55.6194
0.0792 19.8963 0.105465 55.7198
0.0793 20.0677 0.107339 55.8901
0.0794 20.2348 0.110796 56.1243
0.0795 20.432 0.114045 56.3577
0.0796 20.6805 0.117877 56.6312
0.0797 20.9033 0.121376 56.8767
0.0798 21.1904 0.123917 57.1067
0.0799 21.3704 0.127541 57.3336
0.08 21.529 0.131081 57.5455
0.0801 21.529 0.131081 57.5655
0.0802 21.8761 0.140703 58.0594
0.0803 21.9146 0.143369 58.1851
0.0804 21.9918 0.147076 58.3585
0.0805 22.0175 0.154324 58.6226
0.0806 22.0346 0.158156 58.7692
0.0807 22.0989 0.157489 58.7935
0.0808 22.116 0.160155 58.9025
0.0809 22.0903 0.165487 59.0736
0.081 22.0261 0.168152 59.1477
0.0811 21.9961 0.169069 59.1832
0.0812 21.9146 0.170735 59.2201
0.0813 21.8032 0.171318 59.2137
0.0814 21.7604 0.171818 59.2315
0.0815 21.7689 0.172692 59.2802
0.0816 21.7947 0.172984 59.3188
0.0817 21.8246 0.173234 59.3579
0.0818 21.7947 0.171776 59.3246
0.0819 21.6961 0.168819 59.2204
0.082 21.6961 0.168819 59.2405
0.0821 21.4047 0.16532 59.0423
0.0822 21.2461 0.163529 58.9456
0.0823 21.1776 0.160655 58.8512
0.0824 21.0105 0.158364 58.7337
0.0825 20.8648 0.156864 58.6483
0.0826 20.7148 0.154615 58.5367
0.0827 20.5219 0.15374 58.45
0.0828 20.2005 0.154782 58.3697
0.0829 19.8406 0.153366 58.1938
0.083 19.4678 0.152574 58.0295
0.0831 19.1078 0.151491 57.8588
0.0832 18.7264 0.151283 57.7038
0.0833 18.3236 0.15145 57.5478
0.0834 17.938 0.151949 57.4067
0.0835 17.4794 0.154532 57.2924
0.0836 17.0338 0.154032 57.0833
0.0837 16.6138 0.155073 56.9293
0.0838 16.2924 0.159947 56.9346
0.0839 15.9282 0.161613 56.8173
0.084 15.5511 0.164237 56.7163
0.0841 15.3197 0.166778 56.6851
0.0842 15.1526 0.166861 56.6167
0.0843 15.1526 0.166861 56.6354
0.0844 15.0197 0.168652 56.6325
0.0845 15.2211 0.170068 56.7995
0.0846 15.5125 0.169485 56.9572
0.0847 15.911 0.167819 57.1374
0.0848 16.391 0.164862 57.3165
0.0849 16.8452 0.163779 57.5298
0.085 17.0723 0.165195 57.7011
0.0851 17.1966 0.16557 57.7911
0.0852 17.2095 0.165986 57.8283
0.0853 17.2223 0.166986 57.8823
0.0854 17.3037 0.165237 57.8898
0.0855 17.338 0.164612 57.9068
0.0856 17.2995 0.160946 57.7987
0.0857 17.2309 0.156614 57.6534
0.0858 17.1538 0.151949 57.49
0.0859 17.0595 0.146201 57.2789
0.086 16.9438 0.136246 56.9065
0.0861 16.7424 0.126874 56.491
0.0862 16.5581 0.120377 56.173
0.0863 16.4124 0.116961 55.9854
0.0864 16.2539 0.115337 55.8601
0.0865 16.2539 0.115337 55.8781
0.0866 16.0267 0.116295 55.8213
0.0867 16.0267 0.116295 55.8392
0.0868 15.7739 0.118252 55.8068
0.0869 15.8982 0.124209 56.1168
0.087 16.0139 0.130498 56.4248
0.0871 16.1382 0.13508 56.6681
0.0872 16.2753 0.140078 56.9272
0.0873 16.5153 0.14366 57.1855
0.0874 16.7509 0.147034 57.4313
0.0875 16.9438 0.148617 57.5956
0.0876 16.9438 0.148617 57.6139
0.0877 17.4323 0.150783 57.9383
0.0878 17.548 0.152033 58.0517
0.0879 17.6466 0.152366 58.1276
0.088 17.6766 0.150533 58.1016
0.0881 17.6594 0.149867 58.0904
0.0882 17.608 0.148451 58.0385
0.0883 17.5523 0.145743 57.9415
0.0884 17.458 0.144035 57.858
0.0885 17.2609 0.142078 57.7159
0.0886 16.9866 0.142161 57.6038
0.0887 16.7595 0.142203 57.5117
0.0888 16.5581 0.141869 57.4184
0.0889 16.4081 0.141578 57.3514
0.089 16.331 0.139787 57.2697
0.0891 16.391 0.136871 57.2174
0.0892 16.5924 0.133122 57.2037
0.0893 16.7252 0.129623 57.1604
0.0894 16.6824 0.128665 57.1218
0.0895 16.5495 0.130665 57.1471
0.0896 16.5495 0.130665 57.1648
0.0897 16.4938 0.130123 57.1351
0.0898 16.571 0.128041 57.1145
0.0899 16.5238 0.131456 57.2339
0.09 16.4724 0.12954 57.1561
0.0901 16.3696 0.134913 57.3156
0.0902 16.3267 0.13104 57.1729
0.0903 16.3653 0.128082 57.1014
0.0904 16.361 0.125541 57.0217
0.0905 16.4038 0.124209 57.0101
0.0906 16.421 0.121876 56.9463
0.0907 16.451 0.118294 56.8375
0.0908 16.4938 0.11642 56.8007
0.0909 16.511 0.113504 56.7067
0.091 16.5281 0.113212 56.7204
0.0911 16.6395 0.114628 56.8514
0.0912 16.7809 0.118127 57.0807
0.0913 16.9009 0.120127 57.2366
0.0914 16.9009 0.120127 57.254
0.0915 16.9695 0.121376 57.3542
0.0916 16.9224 0.122542 57.3943
0.0917 16.8752 0.124708 57.4723
0.0918 16.8324 0.126916 57.5527
0.0919 16.7767 0.12904 57.6222
0.092 16.7167 0.130915 57.679
0.0921 16.7038 0.132706 57.7553
0.0922 16.5967 0.134955 57.8
0.0923 16.5281 0.137662 57.8785
0.0924 16.4124 0.139204 57.891
0.0925 16.3481 0.14037 57.9159
0.0926 16.2924 0.142036 57.9617
0.0927 16.1596 0.143494 57.96
0.0928 16.0053 0.145118 57.9516
0.0929 15.9367 0.145576 57.9483
0.093 15.8896 0.146868 57.9835
0.0931 15.8896 0.146868 58.0009
0.0932 15.8725 0.147076 58.016
0.0933 15.9068 0.148034 58.0827
0.0934 15.8896 0.148575 58.1086
0.0935 15.8896 0.149992 58.1718
0.0936 15.8425 0.150616 58.1843
0.0937 15.7653 0.151491 58.1887
0.0938 15.6796 0.151658 58.1656
0.0939 15.6282 0.152408 58.1792
0.094 15.5639 0.152949 58.1791
0.0941 15.4739 0.15424 58.1884
0.0942 15.4697 0.155323 58.2371
0.0943 15.4654 0.156031 58.274
0.0944 15.4697 0.156198 58.2987
0.0945 15.5425 0.156073 58.3515
0.0946 15.5854 0.156948 58.4189
0.0947 15.5854 0.156948 58.4361
0.0948 15.8468 0.156614 58.5831
0.0949 15.9367 0.15599 58.6285
0.095 15.9496 0.155365 58.6329
0.0951 15.9196 0.155073 58.625
0.0952 16.0053 0.155115 58.6888
0.0953 16.1639 0.15424 58.7617
0.0954 16.301 0.152241 58.7865
0.0955 16.4638 0.151033 58.8489
0.0956 16.5538 0.149992 58.8783
0.0957 16.6395 0.149367 58.9188
0.0958 16.661 0.149242 58.9427
0.0959 16.7038 0.148617 58.961
0.096 16.6652 0.147992 58.9378
0.0961 16.6095 0.147326 58.9043
0.0962 16.541 0.147493 58.8918
0.0963 16.541 0.147493 58.9088
0.0964 15.5211 0.152699 58.5571
0.0965 15.5211 0.152699 58.5739
0.0966 15.8982 0.132123 58.0899
0.0967 16.0225 0.131789 58.1596
0.0968 16.0225 0.131789 58.1763
0.0969 16.0096 0.139037 58.446
0.097 15.9453 0.140453 58.4782
0.0971 15.9667 0.141619 58.5466
0.0972 16.0053 0.143744 58.6563
0.0973 15.9925 0.144743 58.7001
0.0974 16.091 0.145826 58.8053
0.0975 16.151 0.14591 58.8564
0.0976 16.2367 0.147534 58.9724
0.0977 16.2924 0.148117 59.0376
0.0978 16.4253 0.148076 59.1221
0.0979 16.5538 0.14945 59.2509
0.098 16.6524 0.149908 59.3335
0.0981 16.7467 0.150658 59.4233
0.0982 16.8538 0.151408 59.5193
0.0983 16.9224 0.151949 59.5886
0.0984 16.9224 0.151949 59.6055
0.0985 17.188 0.152657 59.7793
0.0986 17.2695 0.152574 59.8342
0.0987 17.3294 0.152199 59.8687
0.0988 17.4237 0.152449 59.9405
0.0989 17.5523 0.152699 60.0291
0.099 17.6766 0.153324 60.1274
0.0991 17.7451 0.153907 60.1968
0.0992 17.878 0.155698 60.3365
0.0993 17.9465 0.156948 60.4268
0.0994 18.0279 0.157656 60.5058
0.0995 18.1265 0.158572 60.5995
0.0996 18.2508 0.159114 60.6933
0.0997 18.345 0.15953 60.7685
0.0998 18.435 0.160363 60.8546
0.0999 18.5636 0.160488 60.9365
0.1 18.6836 0.161155 61.031
0.1001 18.7479 0.162029 61.1057
0.1002 18.8164 0.163404 61.1978
0.1003 18.8164 0.163404 61.2148
0.1004 18.8464 0.164987 61.2949
0.1005 18.8336 0.164778 61.2994
0.1006 18.7564 0.164445 61.2698
0.1007 18.6879 0.16457 61.2583
0.1008 18.5679 0.164237 61.2081
0.1009 18.435 0.163779 61.1475
0.101 18.2979 0.163112 61.0779
0.1011 18.1179 0.163737 61.0272
0.1012 17.9765 0.16432 60.9932
0.1013 17.7494 0.164862 60.915
0.1014 17.4023 0.171276 60.9519
0.1015 17.3209 0.170735 60.9114
0.1016 17.3337 0.17111 60.9457
0.1017 17.3809 0.171401 60.9949
0.1018 17.4666 0.171276 61.0511
0.1019 17.5351 0.171276 61.1022
0.102 17.5951 0.171818 61.165
0.1021 17.6466 0.172359 61.2234
0.1022 17.698 0.171984 61.2546
0.1023 17.7237 0.172359 61.2952
0.1024 17.7665 0.171984 61.3221
0.1025 17.7365 0.171068 61.2965
0.1026 17.7365 0.171068 61.3131
0.1027 17.7365 0.172609 61.3755
0.1028 17.7151 0.171401 61.3456
0.1029 17.7794 0.171151 61.3867
0.103 17.7965 0.170152 61.3819
0.1031 17.7965 0.16961 61.3822
0.1032 17.8094 0.16861 61.3749
0.1033 17.7494 0.167278 61.3211
0.1034 17.6251 0.166361 61.2476
0.1035 17.5266 0.16532 61.1826
0.1036 17.458 0.164778 61.1478
0.1037 17.2952 0.164612 61.0766
0.1038 17.0595 0.165153 60.9891
0.1039 16.8152 0.164903 60.8712
0.104 16.6095 0.164237 60.7592
0.1041 16.3438 0.164279 60.6357
0.1042 16.1339 0.164737 60.5531
0.1043 15.8682 0.166195 60.4689
0.1044 15.6839 0.166111 60.3809
0.1045 15.5082 0.165903 60.2927
0.1046 15.4011 0.16632 60.2612
0.1047 15.2725 0.165945 60.1932
0.1048 15.1911 0.165528 60.1502
0.1049 15.1054 0.164737 60.0932
0.105 15.1054 0.164737 60.1091
0.1051 15.4697 0.15903 60.155
0.1052 15.8339 0.157198 60.3147
0.1053 16.1639 0.155865 60.4672
0.1054 16.4124 0.154032 60.5566
0.1055 16.6267 0.152283 60.6282
0.1056 16.7767 0.150158 60.6517
0.1057 16.9395 0.148659 60.7014
0.1058 17.1837 0.148534 60.8384
0.1059 17.3423 0.14895 60.9491
0.106 17.518 0.148242 61.0295
0.1061 17.7623 0.1487 61.183
0.1062 18.0065 0.149325 61.3409
0.1063 18.2379 0.150658 61.5153
0.1064 18.4736 0.151283 61.6665
0.1065 18.4736 0.151283 61.6826
0.1066 18.4736 0.151283 61.6987
0.1067 19.2964 0.144119 61.8531
0.1068 19.4506 0.145618 61.9936
0.1069 19.622 0.147493 62.1542
0.107 19.7592 0.150908 62.3514
0.1071 19.9392 0.153865 62.55
0.1072 20.0549 0.156656 62.7121
0.1073 20.192 0.160363 62.9122
0.1074 20.3377 0.162612 63.0667
0.1075 20.432 0.165611 63.2211
0.1076 20.5948 0.168902 63.4135
0.1077 20.6805 0.17061 63.521
0.1078 20.839 0.171485 63.6344
0.1079 20.9547 0.173192 63.7541
0.108 21.1133 0.176316 63.9348
0.1081 21.2247 0.177649 64.0398
0.1082 21.2376 0.17919 64.1079
0.1083 21.2419 0.180815 64.1744
0.1084 21.2419 0.180815 64.1909
0.1085 21.2204 0.183272 64.2702
0.1086 21.2504 0.182106 64.2656
0.1087 21.2676 0.182231 64.2932
0.1088 21.2247 0.183106 64.3165
0.1089 21.2376 0.183439 64.3483
0.109 21.3233 0.183647 64.4082
0.1091 21.4604 0.18423 64.5011
0.1092 21.4518 0.18373 64.4992
0.1093 21.5075 0.180398 64.4415
0.1094 21.8418 0.176858 64.4948
0.1095 22.0003 0.171609 64.4167
0.1096 22.1546 0.165736 64.3113
0.1097 22.3217 0.161196 64.2487
0.1098 22.6346 0.15424 64.158
0.1099 22.8831 0.148617 64.0769
0.11 22.6046 0.138662 63.6122
0.1101 22.6688 0.140536 63.7254
0.1102 23.0331 0.132997 63.5956
0.1103 23.0331 0.132997 63.6116
0.1104 22.6088 0.100883 62.015
0.1105 22.3774 0.0962179 61.6953
0.1106 22.2875 0.0915112 61.4182
0.1107 21.9275 0.0825558 60.7668
0.1108 22.0046 0.073892 60.2545
0.1109 21.6875 0.07006 59.8778
0.111 21.1904 0.067061 59.4763
0.1111 21.0576 0.0611879 58.9858
0.1112 20.7662 0.0645618 59.1459
0.1113 19.9306 0.077974 59.7427
0.1114 19.3821 0.0835555 59.8613
0.1115 18.8721 0.0846385 59.7107
0.1116 18.4565 0.0780157 59.1321
0.1117 18.0451 0.0763912 58.852
0.1118 17.4794 0.0738504 58.4326
0.1119 16.9652 0.0777657 58.4471
0.112 16.9395 0.0763912 58.3622
0.1121 16.511 0.0708514 57.7985
0.1122 16.181 0.0835138 58.439
0.1123 16.241 0.0790153 58.2158
0.1124 16.331 0.0665611 57.4509
0.1125 16.5538 0.0673109 57.631
0.1126 16.5538 0.0673109 57.6453
0.1127 17.9894 0.0641453 58.1207
0.1128 18.4522 0.066936 58.5552
0.1129 18.8164 0.0727674 59.1443
0.113 19.095 0.0748501 59.4236
0.1131 19.5363 0.0786405 59.8797
0.1132 19.9777 0.0795152 60.1427
0.1133 20.1791 0.0806814 60.3175
0.1134 20.2563 0.0830556 60.5113
0.1135 20.4619 0.0845968 60.707
0.1136 20.3291 0.0813895 60.4702
0.1137 19.8149 0.0808897 60.2314
0.1138 19.7977 0.0893869 60.7413
0.1139 19.8449 0.0864712 60.6095
0.114 19.7206 0.0846801 60.4641
0.1141 19.7206 0.0846801 60.4788
0.1142 19.6178 0.0813895 60.249
0.1143 19.3906 0.08493 60.3762
0.1144 19.1807 0.0771826 59.8183
0.1145 19.0093 0.0754332 59.6417
0.1146 18.6322 0.0770576 59.5898
0.1147 18.405 0.0783905 59.5841
0.1148 18.3365 0.0793486 59.6267
0.1149 18.0279 0.0816811 59.6392
0.115 18.1479 0.0844718 59.8777
0.1151 18.3193 0.0843469 59.9659
0.1152 18.5979 0.0865128 60.2378
0.1153 18.7993 0.0921776 60.6652
0.1154 18.855 0.0968011 60.9534
0.1155 18.9278 0.0975508 61.0411
0.1156 19.0093 0.104424 61.4406
0.1157 19.1592 0.102757 61.4426
0.1158 19.2021 0.103007 61.4896
0.1159 19.1421 0.10434 61.5424
0.116 19.1335 0.107048 61.6846
0.1161 19.0607 0.109089 61.7624
0.1162 19.0607 0.109089 61.7772
0.1163 18.8036 0.115753 61.9763
0.1164 18.8036 0.115753 61.9911
0.1165 18.8036 0.115753 62.0059
0.1166 18.1136 0.108672 61.3646
0.1167 18.2165 0.108422 61.4175
0.1168 18.2936 0.109089 61.5009
0.1169 18.4736 0.10584 61.4475
0.117 18.6364 0.10509 61.5035
0.1171 18.7436 0.104174 61.524
0.1172 18.8336 0.103341 61.54
0.1173 19.0135 0.103549 61.6493
0.1174 19.2921 0.102674 61.7495
0.1175 19.4935 0.101924 61.8189
0.1176 19.5449 0.103257 61.9239
0.1177 19.5449 0.103257 61.9385
0.1178 19.2964 0.103382 61.8453
0.1179 19.2964 0.103382 61.8599
0.118 19.2964 0.103382 61.8745
0.1181 19.0264 0.110505 62.1069
0.1182 18.9578 0.112504 62.1819
0.1183 18.915 0.121876 62.5916
0.1184 18.8507 0.120377 62.5112
0.1185 18.7779 0.123251 62.6138
0.1186 18.8378 0.12096 62.5595
0.1187 18.735 0.122792 62.6032
0.1188 18.615 0.124625 62.6371
0.1189 18.645 0.125167 62.6889
0.119 18.5122 0.128041 62.7574
0.1191 18.5679 0.130581 62.902
0.1192 18.5122 0.134455 63.0426
0.1193 18.435 0.136704 63.1064
0.1194 18.3879 0.13887 63.1805
0.1195 18.2293 0.145535 63.363
0.1196 18.1522 0.15045 63.5144
0.1197 17.9679 0.148742 63.3756
0.1198 17.8822 0.1502 63.3981
0.1199 17.8351 0.155365 63.5673
0.12 17.6808 0.156948 63.5561
0.1201 17.5994 0.160696 63.6535
0.1202 17.5094 0.162196 63.6704
0.1203 17.3552 0.164987 63.6944
0.1204 17.218 0.166736 63.6922
0.1205 17.1366 0.166278 63.6489
0.1206 17.1366 0.166861 63.6821
0.1207 17.0766 0.166903 63.666
0.1208 17.0423 0.166111 63.637
0.1209 17.068 0.162404 63.546
0.121 17.0466 0.160738 63.4947
0.1211 17.0209 0.15903 63.439
0.1212 17.0895 0.15599 63.3884
0.1213 17.1109 0.154657 63.3692
0.1214 17.1923 0.155115 63.4426
0.1215 17.2223 0.155865 63.4986
0.1216 17.2695 0.15599 63.5423
0.1217 17.3337 0.157906 63.6555
0.1218 17.4494 0.160405 63.8144
0.1219 17.4494 0.160405 63.8289
0.122 18.2422 0.162279 64.3154
0.1221 18.6836 0.162029 64.5436
0.1222 19.1421 0.161863 64.7785
0.1223 19.4463 0.162862 64.9738
0.1224 19.6049 0.167403 65.2137
0.1225 19.8492 0.168027 65.3651
0.1226 19.982 0.167736 65.4333
0.1227 20.0677 0.165362 65.4109
0.1228 20.0934 0.164487 65.4089
0.1229 20.0634 0.162654 65.3487
0.123 20.0763 0.162113 65.3514
0.1231 20.0291 0.16128 65.316
0.1232 19.952 0.161071 65.2874
0.1233 19.8877 0.162696 65.3263
0.1234 19.7677 0.167611 65.446
0.1235 19.6349 0.172068 65.5402
0.1236 19.6349 0.172068 65.5549
0.1237 19.2621 0.184105 65.7578
0.1238 19.0393 0.183522 65.6451
0.1239 18.8036 0.183814 65.5509
0.124 18.3493 0.183272 65.3191
0.1241 17.8137 0.18548 65.1204
0.1242 17.4152 0.189978 65.0527
0.1243 16.9438 0.194269 64.9312
0.1244 16.5881 0.197809 64.845
0.1245 16.2367 0.200183 64.724
0.1246 16.1724 0.201641 64.7406
0.1247 16.3224 0.201183 64.8289
0.1248 16.3996 0.2011 64.8851
0.1249 16.4296 0.201599 64.9301
0.125 16.3824 0.203849 64.9776
0.1251 16.241 0.206265 64.9746
0.1252 16.1896 0.206973 64.9779
0.1253 16.1896 0.206973 64.9923
0.1254 16.331 0.202141 64.9604
0.1255 16.7981 0.196684 65.0908
0.1256 17.5608 0.190811 65.3579
0.1257 18.3922 0.184397 65.6222
0.1258 19.0393 0.177316 65.7498
0.1259 19.4421 0.16961 65.7195
0.126 19.6392 0.163071 65.6146
0.1261 19.7677 0.154282 65.3886
0.1262 19.8406 0.145452 65.1176
0.1263 19.9306 0.140703 64.9947
0.1264 20.0677 0.133122 64.774
0.1265 20.0677 0.133122 64.7883
0.1266 20.0677 0.133122 64.8025
0.1267 19.5449 0.0882622 62.4004
0.1268 19.6178 0.0838471 62.1814
0.1269 19.622 0.0842636 62.2227
0.127 19.622 0.0842636 62.2363
0.1271 19.1078 0.0926774 62.5053
0.1272 18.9021 0.0948017 62.5394
0.1273 18.7607 0.0965095 62.5784
0.1274 18.5465 0.100633 62.7065
0.1275 18.2765 0.111963 63.1459
0.1276 18.1479 0.119502 63.4385
0.1277 18.0494 0.121418 63.4865
0.1278 18.0194 0.127541 63.7456
0.1279 18.0237 0.130831 63.8969
0.128 17.9894 0.135455 64.0781
0.1281 18.0365 0.140203 64.3003
0.1282 18.1179 0.145576 64.5576
0.1283 18.2165 0.152199 64.8617
0.1284 18.3708 0.158489 65.1738
0.1285 18.4993 0.161363 65.351
0.1286 18.5722 0.16507 65.5259
0.1287 18.645 0.168694 65.6956
0.1288 18.6879 0.173567 65.8875
0.1289 18.7393 0.178857 66.0926
0.129 18.7393 0.176858 66.0451
0.1291 18.7864 0.177108 66.091
0.1292 18.7864 0.177108 66.1052
0.1293 18.9407 0.1739 66.0968
0.1294 19.0778 0.170443 66.0692
0.1295 19.2107 0.168069 66.0723
0.1296 19.2964 0.16582 66.0548
0.1297 19.3135 0.162029 65.9504
0.1298 19.2149 0.156573 65.7283
0.1299 19.1592 0.151908 65.5498
0.13 18.9407 0.147992 65.3135
0.1301 18.7607 0.145202 65.1345
0.1302 18.5036 0.145077 65.0144
0.1303 18.3708 0.146368 65.0087
0.1304 18.3365 0.143036 64.8807
0.1305 18.4565 0.142161 64.9224
0.1306 18.5679 0.140703 64.9368
0.1307 18.615 0.139204 64.9164
0.1308 18.7007 0.135871 64.8423
0.1309 18.6022 0.136246 64.8216
0.131 18.3493 0.134164 64.6249
0.1311 18.2422 0.132248 64.5069
0.1312 18.2336 0.131165 64.4721
0.1313 18.2336 0.131165 64.4857
0.1314 18.2336 0.131165 64.4994
0.1315 18.2336 0.131165 64.513
0.1316 18.2551 0.124917 64.276
0.1317 18.3193 0.117711 64.005
0.1318 18.3279 0.114503 63.8758
0.1319 18.1908 0.109422 63.5796
0.132 18.0451 0.109005 63.4993
0.1321 17.6766 0.112629 63.4967
0.1322 17.6423 0.103674 63.0562
0.1323 17.5309 0.0985505 62.7468
0.1324 17.398 0.0968011 62.5979
0.1325 17.1837 0.098967 62.6146
0.1326 17.0209 0.10409 62.8051
0.1327 16.9224 0.0970093 62.3989
0.1328 16.8324 0.097051 62.3663
0.1329 16.8324 0.0967178 62.3615
0.133 16.7295 0.0976341 62.3685
0.1331 16.6824 0.0996335 62.4614
0.1332 16.7167 0.100841 62.5556
0.1333 16.7724 0.103049 62.7115
0.1334 16.8452 0.102924 62.7574
0.1335 16.9481 0.103549 62.8572
0.1336 17.0509 0.104132 62.9545
0.1337 17.128 0.107006 63.1514
0.1338 17.128 0.107006 63.1645
0.1339 17.6637 0.111713 63.6861
0.134 17.9551 0.11113 63.8218
0.1341 18.2036 0.11088 63.9495
0.1342 18.4607 0.110546 64.0761
0.1343 18.7864 0.109797 64.2146
0.1344 19.035 0.109297 64.3251
0.1345 19.1507 0.108505 64.3557
0.1346 19.2449 0.107089 64.3441
0.1347 19.4121 0.106131 64.3894
0.1348 19.4549 0.105423 64.3873
0.1349 19.4763 0.104174 64.3469
0.135 19.4892 0.105881 64.4534
0.1351 19.4378 0.106131 64.4548
0.1352 19.4463 0.104965 64.4129
0.1353 19.4635 0.103965 64.383
0.1354 19.6349 0.103174 64.4367
0.1355 19.9863 0.101716 64.5383
0.1356 20.2948 0.101591 64.6874
0.1357 20.252 0.104007 64.8076
0.1358 20.252 0.104007 64.8209
0.1359 20.8605 0.106839 65.2568
0.136 20.9547 0.107672 65.3548
0.1361 21.0405 0.109588 65.5026
0.1362 21.0276 0.113629 65.7079
0.1363 20.9719 0.115045 65.7639
0.1364 20.9033 0.115836 65.7838
0.1365 20.7276 0.116919 65.7682
0.1366 20.7276 0.116919 65.7816
0.1367 20.7276 0.116919 65.795
0.1368 20.3034 0.113504 65.451
0.1369 20.0291 0.117877 65.5421
0.137 19.7035 0.123251 65.6438
0.1371 19.4421 0.12425 65.5751
0.1372 19.065 0.124917 65.4327
0.1373 18.7393 0.130207 65.5095
0.1374 18.4736 0.133539 65.5258
0.1375 18.1865 0.143785 65.7948
0.1376 17.9594 0.142536 65.6414
0.1377 17.7065 0.141994 65.5001
0.1378 17.4323 0.142702 65.3932
0.1379 17.1666 0.143619 65.2967
0.138 17.0338 0.145493 65.3073
0.1381 16.9224 0.143286 65.1758
0.1382 16.8366 0.140745 65.0443
0.1383 16.7552 0.137704 64.894
0.1384 16.7552 0.137704 64.907
0.1385 16.481 0.133955 64.6174
0.1386 16.3224 0.133914 64.5388
0.1387 16.061 0.133122 64.3701
0.1388 15.7525 0.130082 64.0801
0.1389 15.5682 0.128332 63.9124
0.139 15.3411 0.126874 63.7294
0.1391 15.1226 0.124625 63.516
0.1392 14.8826 0.125541 63.4212
0.1393 14.6683 0.12375 63.2259
0.1394 14.4755 0.122542 63.0666
0.1395 14.1755 0.122209 62.875
0.1396 13.867 0.122001 62.6797
0.1397 13.6527 0.122751 62.5836
0.1398 13.3613 0.120335 62.2988
0.1399 12.9842 0.11971 62.028
0.14 12.68 0.120668 61.8698
0.1401 12.5386 0.120127 61.7592
0.1402 12.7271 0.120585 61.9239
0.1403 13.0785 0.121918 62.2365
0.1404 13.6699 0.122667 62.6784
0.1405 14.4284 0.11996 63.063
0.1406 15.1226 0.116836 63.3645
0.1407 15.6068 0.116336 63.6426
0.1408 15.9882 0.117294 63.9205
0.1409 16.0696 0.11946 64.0774
0.141 15.7996 0.123376 64.1056
0.1411 15.3711 0.126291 63.9891
0.1412 15.0583 0.12854 63.9063
0.1413 14.7969 0.129665 63.8041
0.1414 14.7969 0.129665 63.8167
0.1415 13.9527 0.130998 63.3454
0.1416 14.1284 0.132164 63.519
0.1417 14.7026 0.130457 63.8278
0.1418 15.4397 0.125625 64.0901
0.1419 16.0353 0.125583 64.4512
0.142 16.4381 0.130623 64.9067
0.1421 16.4853 0.131789 64.9942
0.1422 16.3096 0.130165 64.8398
0.1423 16.0782 0.128957 64.669
0.1424 15.7739 0.126208 64.3883
0.1425 15.5125 0.124667 64.1805
0.1426 15.3882 0.121834 63.9962
0.1427 15.1483 0.122084 63.8749
0.1428 14.7197 0.122376 63.6365
0.1429 14.2698 0.120918 63.3018
0.143 13.8284 0.120002 62.9884
0.1431 13.387 0.11996 62.7053
0.1432 12.9328 0.119044 62.3667
0.1433 12.65 0.116503 62.069
0.1434 12.5214 0.111171 61.7486
0.1435 12.53 0.108006 61.6184
0.1436 12.5728 0.106381 61.5829
0.1437 12.7057 0.105423 61.6417
0.1438 13.1385 0.105673 61.964
0.1439 13.1385 0.105673 61.9759
0.144 15.3625 0.10384 63.3075
0.1441 16.2453 0.0988837 63.5719
0.1442 17.0595 0.0940936 63.7696
0.1443 17.7665 0.0895118 63.89
0.1444 18.3279 0.0860963 63.9818
0.1445 18.6579 0.0853049 64.1095
0.1446 18.7736 0.080973 63.9012
0.1447 18.7607 0.0746834 63.4787
0.1448 18.7221 0.0702682 63.1511
0.1449 18.5336 0.0685188 62.9391
0.145 18.2251 0.0686021 62.8055
0.1451 17.728 0.0676025 62.4915
0.1452 17.2952 0.0715595 62.5769
0.1453 16.8709 0.0726841 62.4464
0.1454 16.3867 0.0782656 62.581
0.1455 15.8596 0.0882206 62.9227
0.1456 15.4182 0.093094 62.9605
0.1457 14.9469 0.0982589 62.9738
0.1458 14.4883 0.107339 63.1667
0.1459 14.0855 0.114962 63.2829
0.146 13.6999 0.123209 63.4069
0.1461 13.6999 0.123209 63.419
0.1462 12.9371 0.152824 64.0475
0.1463 12.8557 0.158031 64.1801
0.1464 12.9499 0.162612 64.4129
0.1465 13.1728 0.162862 64.5918
0.1466 12.8171 0.168361 64.528
0.1467 12.8171 0.168361 64.5402
0.1468 12.8171 0.168361 64.5524
0.1469 15.0154 0.155823 65.6294
0.147 15.4354 0.158114 65.9831
0.1471 15.7868 0.161988 66.3433
0.1472 16.0996 0.162029 66.545
0.1473 16.4038 0.161113 66.7058
0.1474 16.7081 0.158614 66.8082
0.1475 16.9995 0.15624 66.9034
0.1476 17.3123 0.1502 66.8722
0.1477 17.6466 0.139037 66.6397
0.1478 17.9679 0.127707 66.3548
0.1479 18.2251 0.121834 66.2432
0.148 18.3836 0.119668 66.2394
0.1481 18.5679 0.118544 66.295
0.1482 18.7521 0.11946 66.4443
0.1483 19.005 0.122584 66.7282
0.1484 19.2235 0.126041 67.0056
0.1485 19.4463 0.131998 67.3878
0.1486 19.6135 0.138204 67.742
0.1487 19.8063 0.146035 68.1621
0.1488 19.8063 0.146035 68.1748
0.1489 20.3248 0.171568 69.3655
0.149 20.4962 0.17944 69.7222
0.1491 20.6634 0.187896 70.0847
0.1492 20.6933 0.195518 70.3448
0.1493 20.6891 0.202516 70.5619
0.1494 20.6291 0.209847 70.7546
0.1495 20.5177 0.212762 70.7938
0.1496 20.4191 0.217344 70.8834
0.1497 20.192 0.222426 70.9187
0.1498 19.9734 0.225925 70.9129
0.1499 19.772 0.228216 70.8821
0.15 19.592 0.229673 70.8394
0.1501 19.2749 0.229632 70.6852
0.1502 18.9493 0.230965 70.559
0.1503 18.765 0.231256 70.4802
0.1504 18.6193 0.230173 70.3867
0.1505 18.4136 0.22909 70.2596
0.1506 18.2208 0.228965 70.1629
0.1507 17.9337 0.227882 69.9879
0.1508 17.5309 0.225217 69.704
0.1509 17.1238 0.222967 69.4233
0.151 17.1238 0.222967 69.4361
0.1511 15.911 0.215053 68.5119
0.1512 15.5297 0.211388 68.1879
0.1513 15.1483 0.208222 67.8714
0.1514 14.784 0.207639 67.6306
0.1515 14.4498 0.205681 67.3675
0.1516 14.0427 0.201849 66.9982
0.1517 13.5927 0.196934 66.5603
0.1518 13.0999 0.192644 66.0982
0.1519 12.6243 0.186688 65.5876
0.152 12.17 0.18069 65.0773
0.1521 11.7929 0.174234 64.599
0.1522 11.4673 0.167652 64.1449
0.1523 11.1116 0.157697 63.5417
0.1524 10.7645 0.145535 62.8425
0.1525 10.4774 0.131539 62.0853
0.1526 10.1217 0.123167 61.4514
0.1527 9.61176 0.121709 60.9463
0.1528 9.07182 0.116753 60.2433
0.1529 8.5276 0.107589 59.3151
0.153 7.80339 0.106465 58.5213
0.1531 7.09633 0.1008 57.4748
0.1532 6.44069 0.0973842 56.526
0.1533 5.81505 0.0947601 55.584
0.1534 5.29225 0.0897617 54.5982
0.1535 4.86801 0.0862213 53.7747
0.1536 4.50806 0.086013 53.182
0.1537 4.30665 0.0880123 52.9438
0.1538 4.30665 0.0880123 52.9534
0.1539 4.90658 0.0942602 54.2758
0.154 5.01371 0.0896368 54.2274
0.1541 5.01371 0.0896368 54.2371
0.1542 4.87659 0.0873875 53.9166
0.1543 4.67947 0.0852632 53.4972
0.1544 4.40521 0.0840553 52.9806
0.1545 4.07096 0.0802649 52.1907
0.1546 3.75814 0.0751833 51.3225
0.1547 3.44103 0.0708097 50.4321
0.1548 3.23535 0.0667278 49.7491
0.1549 3.29105 0.0626041 49.6165
0.155 3.52245 0.0604798 49.9696
0.1551 3.92955 0.0602299 50.7544
0.1552 4.28522 0.0611879 51.4684
0.1553 4.4095 0.0593136 51.5563
0.1554 4.39236 0.0566061 51.3367
0.1555 4.38807 0.0549817 51.2144
0.1556 4.43521 0.0526908 51.1211
0.1557 4.58948 0.0507331 51.221
0.1558 4.84659 0.0475258 51.3541
0.1559 5.29225 0.0429857 51.5853
0.156 5.78077 0.0400283 51.9457
0.1561 6.30785 0.0373625 52.3111
0.1562 6.82208 0.0372792 52.9043
0.1563 7.25917 0.0371543 53.3741
0.1564 7.70055 0.0370293 53.8242
0.1565 8.13764 0.0378624 54.364
0.1566 8.13764 0.0378624 54.3737
0.1567 8.13764 0.0378624 54.3833
0.1568 9.14038 0.0365711 55.1513
0.1569 9.53034 0.037071 55.5567
0.157 9.90315 0.038029 55.9931
0.1571 10.3102 0.0397784 56.5401
0.1572 10.7645 0.0412363 57.0729
0.1573 11.1759 0.042111 57.4924
0.1574 11.5915 0.0436938 57.9835
0.1575 11.5915 0.0436938 57.9937
0.1576 13.0571 0.0504415 59.7162
0.1577 13.477 0.0533989 60.2847
0.1578 13.9998 0.0553149 60.8048
0.1579 14.4712 0.0561896 61.186
0.158 14.5826 0.0575225 61.384
0.1581 14.604 0.06502 62.037
0.1582 14.5269 0.0688104 62.2935
0.1583 14.3512 0.0723925 62.4586
0.1584 14.2527 0.0805148 62.9622
0.1585 14.1627 0.0832223 63.0892
0.1586 14.167 0.0858464 63.2662
0.1587 14.1927 0.0882206 63.4376
0.1588 14.2912 0.0914279 63.701
0.1589 14.4498 0.0945102 63.9897
0.159 14.7326 0.0975925 64.3514
0.1591 15.0797 0.0999667 64.7081
0.1592 15.5297 0.103715 65.1934
0.1593 16.0267 0.107131 65.6781
0.1594 16.4767 0.110921 66.143
0.1595 16.9523 0.112254 66.4923
0.1596 16.9523 0.112254 66.5039
0.1597 18.3365 0.109922 67.1541
0.1598 18.4522 0.107797 67.1175
0.1599 18.5036 0.10509 67.0141
0.16 18.465 0.102383 66.8603
0.1601 18.525 0.0978424 66.6512
0.1602 18.3065 0.0998001 66.6587
0.1603 18.2336 0.100925 66.6941
0.1604 18.2636 0.103132 66.8417
0.1605 18.1308 0.106589 66.9665
0.1606 17.908 0.108047 66.9346
0.1607 17.9979 0.113171 67.2532
0.1608 18.2979 0.117877 67.6541
0.1609 18.7864 0.121001 68.071
0.161 19.3135 0.124125 68.4997
0.1611 19.8234 0.129249 69.0009
0.1612 20.4534 0.133331 69.504
0.1613 21.079 0.137746 70.0077
0.1614 21.6061 0.140328 70.3779
0.1615 22.1075 0.142994 70.7336
0.1616 22.1075 0.142994 70.7458
0.1617 23.843 0.154823 72.0068
0.1618 24.4643 0.156656 72.3573
0.1619 25.1843 0.159114 72.7668
0.162 25.8228 0.16457 73.2473
0.1621 26.427 0.163029 73.4468
0.1622 26.9412 0.162862 73.6573
0.1623 27.434 0.162404 73.8451
0.1624 27.8111 0.164404 74.0785
0.1625 28.1154 0.16632 74.2789
0.1626 28.4539 0.16886 74.5137
0.1627 28.6981 0.173026 74.7696
0.1628 28.6981 0.173026 74.7824
0.1629 28.9296 0.182106 75.2011
0.163 28.8567 0.185938 75.317
0.1631 28.8181 0.187604 75.3712
0.1632 28.6981 0.190645 75.4397
0.1633 28.5782 0.195227 75.5561
0.1634 28.3425 0.197059 75.5376
0.1635 27.9825 0.197393 75.4222
0.1636 27.644 0.197809 75.3161
0.1637 27.1469 0.197059 75.1086
0.1638 26.6627 0.198101 74.9597
0.1639 26.0756 0.199434 74.7742
0.164 25.6085 0.202766 74.6954
0.1641 25.2271 0.198809 74.4246
0.1642 24.9614 0.194893 74.201
0.1643 24.8414 0.192852 74.0971
0.1644 24.8457 0.192519 74.1008
0.1645 24.9272 0.192769 74.1563
0.1646 24.8886 0.192353 74.1389
0.1647 24.7557 0.188812 73.9799
0.1648 24.5286 0.186979 73.8343
0.1649 24.2972 0.186063 73.7159
0.165 24.1472 0.186438 73.6749
0.1651 24.0615 0.187104 73.6715
0.1652 24.1044 0.185022 73.6342
0.1653 24.2544 0.181689 73.601
0.1654 24.4558 0.17944 73.6247
0.1655 24.5458 0.17944 73.6761
0.1656 24.5586 0.179857 73.7082
0.1657 24.3486 0.178066 73.5682
0.1658 24.023 0.178482 73.4523
0.1659 23.5944 0.180773 73.3522
0.166 23.363 0.183272 73.3442
0.1661 23.2302 0.184272 73.3294
0.1662 23.0888 0.183022 73.2358
0.1663 23.1016 0.183147 73.2581
0.1664 23.4145 0.183064 73.4096
0.1665 23.4145 0.183064 73.4218
0.1666 24.4643 0.182647 73.8854
0.1667 24.4643 0.182647 73.8977
0.1668 25.0771 0.166195 73.5935
0.1669 25.3257 0.17061 73.8714
0.167 25.3085 0.173817 73.991
0.1671 25.2057 0.174359 73.9791
0.1672 25.09 0.174275 73.9395
0.1673 25.0043 0.173234 73.8785
0.1674 24.9571 0.168027 73.6834
0.1675 24.9357 0.168361 73.6986
0.1676 24.9186 0.171734 73.8253
0.1677 24.9657 0.175566 73.9934
0.1678 24.9657 0.181315 74.2043
0.1679 24.8543 0.187021 74.3603
0.168 24.5286 0.194019 74.4587
0.1681 24.2158 0.197393 74.4402
0.1682 23.693 0.198892 74.2656
0.1683 23.693 0.198892 74.2779
0.1684 21.9403 0.2006 73.5248
0.1685 21.4133 0.198975 73.2303
0.1686 21.0704 0.196435 72.9943
0.1687 20.9162 0.194727 72.8762
0.1688 20.8862 0.194269 72.8588
0.1689 20.9205 0.193977 72.8789
0.169 21.0447 0.190686 72.8493
0.1691 21.6661 0.181856 72.8792
0.1692 22.8188 0.175608 73.224
0.1693 24.2415 0.172567 73.7694
0.1694 25.7242 0.167153 74.2178
0.1695 27.0312 0.166445 74.7352
0.1696 28.1068 0.167611 75.2123
0.1697 28.4239 0.169902 75.4314
0.1698 28.3596 0.184272 75.9304
0.1699 28.5525 0.193769 76.3354
0.17 28.5739 0.210347 76.8795
0.1701 28.9338 0.204515 76.8508
0.1702 29.2295 0.199642 76.8217
0.1703 29.3709 0.198476 76.8502
0.1704 29.4652 0.19127 76.662
0.1705 29.4652 0.187812 76.5582
0.1706 29.3067 0.186646 76.4716
0.1707 29.191 0.184397 76.3634
0.1708 29.0624 0.185022 76.3488
0.1709 28.981 0.182564 76.2455
0.171 28.981 0.182564 76.2579
0.1711 31.2093 0.160696 76.2742
0.1712 32.5891 0.15903 76.6968
0.1713 33.2662 0.162904 77.091
0.1714 33.8318 0.179232 77.9076
0.1715 33.6947 0.189187 78.2257
0.1716 33.7847 0.18094 77.9787
0.1717 34.1018 0.179232 78.0348
0.1718 35.2974 0.172276 78.1777
0.1719 35.8545 0.172443 78.3732
0.172 35.9059 0.164903 78.111
0.1721 35.9145 0.154032 77.6842
0.1722 34.8346 0.152241 77.2807
0.1723 33.3348 0.146118 76.543
0.1724 32.1649 0.127624 75.3099
0.1725 31.0079 0.111963 74.114
0.1726 29.9323 0.0993835 73.0224
0.1727 29.0752 0.0947601 72.4415
0.1728 28.1325 0.0933855 72.0225
0.1729 27.074 0.0973426 71.8852
0.173 26.0799 0.101258 71.7454
0.1731 25.4414 0.0985921 71.3428
0.1732 24.4772 0.0914695 70.517
0.1733 23.7873 0.0939687 70.3963
0.1734 22.6688 0.091053 69.7379
0.1735 21.9403 0.0741003 68.2419
0.1736 20.9505 0.0681856 67.333
0.1737 19.8406 0.0756831 67.4004
0.1738 18.7179 0.0673942 66.2061
0.1739 17.6208 0.0665611 65.5754
0.174 17.2566 0.0673525 65.4532
0.1741 17.3509 0.0641036 65.2461
0.1742 18.3108 0.0714345 66.3597
0.1743 18.3108 0.0714345 66.3702
0.1744 18.3108 0.0714345 66.3808
0.1745 18.3108 0.0714345 66.3914
0.1746 19.3564 0.0956348 68.5798
0.1747 19.4506 0.102966 69.0618
0.1748 19.5835 0.106256 69.3217
0.1749 19.6306 0.104965 69.2862
0.175 19.9477 0.103965 69.402
0.1751 20.1491 0.10459 69.5482
0.1752 20.0891 0.102924 69.4365
0.1753 20.0377 0.0982589 69.1545
0.1754 20.0334 0.0948017 68.9576
0.1755 19.952 0.0895951 68.6049
0.1756 19.9477 0.0804315 68.0004
0.1757 19.622 0.0758081 67.5168
0.1758 19.1678 0.0714762 66.9715
0.1759 18.8764 0.062021 66.0501
0.176 18.2851 0.0542736 65.0324
0.1761 17.6551 0.0453182 63.7515
0.1762 16.8024 0.0368211 62.2243
0.1763 15.7568 0.0322809 60.9896
0.1764 14.664 0.0288654 59.812
0.1765 13.6699 0.0265745 58.8137
0.1766 12.4657 0.0265328 58.0395
0.1767 12.4657 0.0265328 58.0486
0.1768 12.4657 0.0265328 58.0577
0.1769 10.4474 0.0251999 56.3663
0.177 9.89458 0.0254499 55.9815
0.1771 8.80185 0.0269494 55.3175
0.1772 7.6577 0.0291569 54.5843
0.1773 6.94206 0.0284072 53.7104
0.1774 6.07216 0.0339054 53.4745
0.1775 5.64364 0.0368211 53.2867
0.1776 5.56651 0.0412363 53.6931
0.1777 5.77648 0.047026 54.5819
0.1778 6.26928 0.054107 55.8862
0.1779 6.90778 0.0590636 57.096
0.178 7.6277 0.0645618 58.3565
0.1781 8.27477 0.0703932 59.4804
0.1782 9.07611 0.0725591 60.439
0.1783 9.86459 0.0757248 61.3957
0.1784 10.6788 0.0772659 62.2147
0.1785 10.6788 0.0772659 62.2244
0.1786 12.2643 0.0795985 63.6445
0.1787 12.6371 0.0820976 64.0941
0.1788 12.6371 0.0820976 64.1041
0.1789 12.6371 0.0820976 64.114
0.179 13.7513 0.0872626 65.2393
0.1791 14.1584 0.0864712 65.4745
0.1792 14.8354 0.0812646 65.5869
0.1793 15.6196 0.0776824 65.838
0.1794 16.5538 0.0731006 66.0663
0.1795 17.3594 0.0688937 66.203
0.1796 17.8822 0.0643119 66.1171
0.1797 18.4993 0.0604798 66.1124
0.1798 19.2492 0.0581056 66.2808
0.1799 20.0506 0.0541486 66.2914
0.18 20.3891 0.0516911 66.2054
0.1801 20.9976 0.0498584 66.2972
0.1802 21.5804 0.0475258 66.3045
0.1803 22.0818 0.0450267 66.236
0.1804 22.4203 0.04511 66.4017
0.1805 22.6303 0.043069 66.2455
0.1806 22.716 0.0413196 66.0634
0.1807 22.7074 0.0401949 65.9185
0.1808 22.5788 0.0384455 65.6313
0.1809 22.5231 0.0379873 65.5527
0.181 22.3217 0.0381123 65.4959
0.1811 22.6945 0.0392369 65.8214
0.1812 23.0331 0.038862 65.9194
0.1813 23.1616 0.0402366 66.1734
0.1814 22.8617 0.0439437 66.5456
0.1815 22.3003 0.0452349 66.478
0.1816 22.0603 0.0459847 66.4755
0.1817 21.9018 0.0474425 66.5893
0.1818 21.8118 0.0466511 66.467
0.1819 21.6318 0.0528574 67.0914
0.182 21.589 0.0563979 67.4454
0.1821 21.8932 0.062979 68.2153
0.1822 22.2703 0.0674359 68.7839
0.1823 22.9602 0.0750583 69.7157
0.1824 23.4188 0.08014 70.3073
0.1825 24.0315 0.0846801 70.9043
0.1826 24.58 0.0890953 71.4475
0.1827 25.0814 0.0879707 71.5907
0.1828 25.5956 0.088054 71.8168
0.1829 25.5956 0.088054 71.8278
0.183 26.3841 0.0852632 71.9601
0.1831 25.9299 0.0803066 71.4345
0.1832 25.7328 0.071143 70.651
0.1833 25.7071 0.0611046 69.7631
0.1834 25.4671 0.0580223 69.3801
0.1835 25.1885 0.0510663 68.5486
0.1836 24.9529 0.0521076 68.5813
0.1837 24.7257 0.0540237 68.7076
0.1838 24.6229 0.0607298 69.3486
0.1839 24.4215 0.068977 70.015
0.184 24.2672 0.0854715 71.2209
0.1841 23.7873 0.0988421 71.8912
0.1842 23.5473 0.105382 72.1808
0.1843 23.3716 0.111671 72.4626
0.1844 23.1231 0.122043 72.8987
0.1845 22.8145 0.132164 73.2528
0.1846 22.5746 0.143036 73.635
0.1847 22.5746 0.143036 73.6461
0.1848 21.7732 0.157031 73.8461
0.1849 21.7004 0.165028 74.1273
0.185 21.4647 0.172484 74.2946
0.1851 21.4647 0.172484 74.3058
0.1852 20.4105 0.194019 74.5057
0.1853 20.0206 0.196476 74.3881
0.1854 19.6006 0.198767 74.244
0.1855 19.1892 0.205182 74.2246
0.1856 18.8464 0.211971 74.244
0.1857 18.4565 0.218969 74.2323
0.1858 18.2122 0.224342 74.2507
0.1859 18.0022 0.227882 74.2345
0.186 17.8951 0.225258 74.1104
0.1861 17.8308 0.225883 74.1002
0.1862 17.8822 0.226425 74.1567
0.1863 17.9894 0.229174 74.3062
0.1864 18.1522 0.229382 74.4194
0.1865 18.4093 0.225966 74.4884
0.1866 18.6707 0.2238 74.5911
0.1867 18.9407 0.221968 74.7054
0.1868 18.345 0.220926 74.3445
0.1869 18.345 0.220926 74.3555
0.187 18.345 0.220926 74.3666
0.1871 19.2278 0.201683 74.3171
0.1872 19.3992 0.203391 74.4754
0.1873 19.5835 0.201808 74.5395
0.1874 19.8192 0.202183 74.6906
0.1875 20.0634 0.20489 74.9164
0.1876 20.3248 0.207056 75.133
0.1877 20.5262 0.210638 75.3584
0.1878 20.7362 0.213845 75.5751
0.1879 20.8733 0.216678 75.7409
0.188 20.9847 0.219344 75.8874
0.1881 21.0276 0.222343 76.0067
0.1882 21.049 0.227091 76.1629
0.1883 21.0105 0.229882 76.2314
0.1884 21.0662 0.23613 76.4421
0.1885 21.0662 0.23613 76.4534
0.1886 21.5075 0.258539 77.274
0.1887 21.5075 0.258539 77.2854
0.1888 21.5075 0.258539 77.2968
0.1889 22.3003 0.2762 78.1406
0.189 22.5403 0.280282 78.3683
0.1891 22.8274 0.283114 78.5885
0.1892 23.1359 0.285322 78.8031
0.1893 23.3802 0.286738 78.9664
0.1894 23.573 0.289778 79.1409
0.1895 23.7573 0.292403 79.3008
0.1896 23.8687 0.294235 79.4072
0.1897 23.8944 0.296526 79.4824
0.1898 23.8858 0.29965 79.5593
0.1899 23.813 0.304773 79.6482
0.19 23.5602 0.308772 79.6238
0.1901 23.4016 0.311938 79.6256
0.1902 23.2473 0.316061 79.6484
0.1903 23.1188 0.319727 79.6729
0.1904 22.9388 0.324434 79.6917
0.1905 22.866 0.328557 79.7506
0.1906 22.7974 0.331931 79.7955
0.1907 22.8574 0.334472 79.8881
0.1908 22.866 0.334389 79.9024
0.1909 23.0931 0.331764 79.9754
0.191 23.3845 0.329224 80.0803
0.1911 23.5987 0.326891 80.1498
0.1912 23.8387 0.324767 80.2348
0.1913 24.0573 0.321601 80.2866
0.1914 24.2329 0.318644 80.3206
0.1915 24.3229 0.317561 80.3524
0.1916 24.3958 0.315478 80.3547
0.1917 24.3915 0.313687 80.3263
0.1918 24.3744 0.31148 80.2826
0.1919 24.3486 0.310605 80.2633
0.192 24.2672 0.307647 80.1723
0.1921 24.2329 0.306481 80.1423
0.1922 24.2329 0.306481 80.1539
0.1923 23.603 0.310605 79.9509
0.1924 23.2216 0.310855 79.7804
0.1925 22.8274 0.314687 79.6766
0.1926 22.3732 0.316894 79.504
0.1927 21.8718 0.318477 79.2893
0.1928 21.379 0.319852 79.0692
0.1929 20.9205 0.320227 78.8418
0.193 20.5348 0.320726 78.6524
0.1931 20.1406 0.321226 78.4546
0.1932 19.7677 0.320227 78.2347
0.1933 19.3692 0.320477 78.0219
0.1934 18.9021 0.32006 77.7509
0.1935 18.3579 0.318102 77.3961
0.1936 17.7194 0.316145 76.9741
0.1937 17.128 0.315187 76.5904
0.1938 16.4038 0.314312 76.1088
0.1939 15.7825 0.30998 75.6102
0.194 15.1654 0.305065 75.0881
0.1941 14.6298 0.301566 74.6393
0.1942 14.1284 0.296984 74.1815
0.1943 13.6999 0.292319 73.7666
0.1944 13.3956 0.287904 73.4459
0.1945 13.1385 0.284863 73.187
0.1946 13.0014 0.28149 73.0145
0.1947 12.9028 0.276741 72.8418
0.1948 12.8857 0.272701 72.7492
0.1949 12.8771 0.267619 72.6388
0.195 12.8128 0.259205 72.4041
0.1951 12.6843 0.248167 72.0481
0.1952 12.5557 0.236005 71.6525
0.1953 12.5343 0.224675 71.3524
0.1954 12.5086 0.211013 70.9701
0.1955 12.5086 0.198226 70.612
0.1956 12.4272 0.184522 70.1363
0.1957 12.4272 0.184522 70.1463
0.1958 11.6815 0.152491 68.4396
0.1959 11.4158 0.146909 68.0116
0.196 11.1887 0.140495 67.5732
0.1961 10.9445 0.133497 67.0826
0.1962 10.7859 0.129832 66.7964
0.1963 10.6445 0.127791 66.5911
0.1964 10.5545 0.125208 66.4063
0.1965 10.5545 0.124792 66.3973
0.1966 10.5931 0.125375 66.4673
0.1967 10.7045 0.127166 66.6556
0.1968 10.893 0.128707 66.8999
0.1969 10.893 0.128707 66.9093
0.197 10.893 0.128707 66.9188
0.1971 11.5615 0.120626 67.1415
0.1972 11.6687 0.121335 67.273
0.1973 11.7158 0.120293 67.2732
0.1974 11.7029 0.120668 67.2895
0.1975 11.6901 0.11946 67.232
0.1976 11.6515 0.115295 67.0113
0.1977 11.5444 0.109672 66.6538
0.1978 11.4244 0.104465 66.2942
0.1979 11.2573 0.0981756 65.822
0.198 11.0902 0.0952183 65.5226
0.1981 10.953 0.0933439 65.3064
0.1982 10.863 0.0948434 65.3246
0.1983 10.8759 0.0970093 65.4677
0.1984 10.9702 0.0986754 65.6513
0.1985 11.1459 0.100716 65.9231
0.1986 11.343 0.102632 66.2027
0.1987 11.643 0.107631 66.7248
0.1988 12.9028 0.11417 68.062
0.1989 13.3099 0.114503 68.3932
0.199 13.3099 0.114503 68.4028
0.1991 13.3099 0.114503 68.4124
0.1992 13.3099 0.114503 68.4219
0.1993 14.1884 0.121293 69.396
0.1994 14.4198 0.12375 69.6837
0.1995 14.5783 0.125833 69.9003
0.1996 14.7755 0.128665 70.1752
0.1997 14.9983 0.129915 70.393
0.1998 15.2083 0.130956 70.5907
0.1999 15.4397 0.133414 70.8638
0.2 15.7225 0.136621 71.1997
0.2001 15.9667 0.142078 71.6008
0.2002 16.2067 0.148409 72.0255
0.2003 16.361 0.153782 72.3476
0.2004 16.4381 0.159447 72.6249
0.2005 16.4424 0.164237 72.8168
0.2006 16.4296 0.167569 72.9405
0.2007 16.3224 0.17111 73.0088
0.2008 16.241 0.173817 73.0617
0.2009 16.1553 0.178565 73.1801
0.201 16.2067 0.182231 73.3476
0.2011 16.2324 0.18498 73.466
0.2012 16.3524 0.189853 73.7134
0.2013 16.4595 0.190603 73.8172
0.2014 16.5795 0.192977 73.9808
0.2015 16.6824 0.194602 74.1086
0.2016 16.7338 0.195601 74.1833
0.2017 16.7938 0.195643 74.2331
0.2018 16.7938 0.195643 74.2433
0.2019 16.8881 0.197726 74.3789
0.202 16.8752 0.197684 74.3797
0.2021 16.8024 0.198809 74.3787
0.2022 16.7167 0.199767 74.3639
0.2023 16.571 0.202099 74.3522
0.2024 16.3738 0.204848 74.3179
0.2025 16.091 0.208264 74.2439
0.2026 15.7911 0.211846 74.1583
0.2027 15.4354 0.217219 74.0798
0.2028 15.1226 0.222009 74.006
0.2029 14.874 0.226383 73.9597
0.203 14.6855 0.228965 73.9037
0.2031 14.6255 0.231756 73.9448
0.2032 14.7326 0.233131 74.0691
0.2033 14.9511 0.233589 74.2486
0.2034 15.2554 0.232839 74.4546
0.2035 15.6154 0.232214 74.6985
0.2036 15.9539 0.230132 74.8837
0.2037 16.1424 0.228257 74.9697
0.2038 16.3096 0.226258 75.0363
0.2039 16.7338 0.223759 75.255
0.204 17.3037 0.219302 75.5026
0.2041 18.0494 0.212304 75.7683
0.2042 18.0494 0.212304 75.7786
0.2043 19.5663 0.199892 76.2915
0.2044 20.0549 0.198684 76.5347
0.2045 20.5048 0.198101 76.7713
0.2046 20.989 0.200225 77.1086
0.2047 21.4475 0.202349 77.4274
0.2048 21.8289 0.205473 77.7337
0.2049 22.1075 0.207098 77.9374
0.205 22.266 0.206431 78.0073
0.2051 22.3903 0.205182 78.041
0.2052 22.5574 0.205182 78.1352
0.2053 22.6731 0.207348 78.2717
0.2054 22.836 0.214095 78.5721
0.2055 22.9645 0.222551 78.9002
0.2056 23.1231 0.233381 79.3019
0.2057 23.1916 0.241919 79.5841
0.2058 23.3202 0.249708 79.8685
0.2059 23.4316 0.255665 80.0911
0.206 23.4316 0.255665 80.1019
0.2061 23.7701 0.27141 80.6785
0.2062 23.7959 0.277408 80.8488
0.2063 23.8258 0.283156 81.0125
0.2064 23.873 0.289404 81.1938
0.2065 23.8773 0.294985 81.336
0.2066 24.0015 0.301483 81.5555
0.2067 24.1472 0.306273 81.7447
0.2068 24.1472 0.306273 81.7557
