0.01 0.25 0 0
0.02 0.32 0 0
0.03 0.39 0 0
0.04 0.46 0 0
0.05 0.53 0 0
0.06 0.52 0 0
0.07 0.22 0 0
0.08 0.02 0 0
0.09 0.01 0 0
0.1 0.01 0 0
0.11 0.02 0 0
0.12 0.03 0 0
0.13 0.03 0 0
0.14 0.04 0 0
0.15 0.04 0 0
0.16 0.04 0 0
0.17 0.04 0 0
0.18 0.06 0 0
0.19 0.04 0 0
0.2 0.03 0 0
0.21 0.04 0 0
0.22 0.03 0 0
0.23 0.02 0 0
0.24 0.03 0 0
0.25 0.02 0 0
0.26 0.02 0 0
0.27 0.01 0 0
0.28 0.02 0 0
0.29 0.01 0 0
0.3 0.01 0 0
0.31 0.01 0 0
0.32 0 0 0
0.33 0 0 0
0.34 0 0 0
0.35 0 0 0
0.36 0 0 0
0.37 0 0 0
0.38 0 0 0
0.39 0 0 0
0.4 -0.01 0 -nan
0.41 -0.01 0 -nan
0.42 0 0 0
0.43 0 0 0
0.44 0.01 0 0
0.45 0 0 0
0.46 0 0 0
0.47 0.01 0 0
0.48 0.01 0 0
0.49 0.02 0 0
0.5 0.02 0 0
0.51 0.01 0 0
0.52 0.01 0 0
0.53 0.01 0 0
0.54 0 0 0
0.55 0 0 0
0.56 0.01 0 0
0.57 0.02 0 0
0.58 0.02 0 0
0.59 0.02 0 0
0.6 0.02 0 0
0.61 0.02 0 0
0.62 0.02 0 0
0.63 0.02 0 0
0.64 0.01 0 0
0.65 0.02 0 0
0.66 0.02 0 0
0.67 0.02 0 0
0.68 0.02 0 0
0.69 0.01 0 0
0.7 0.02 0 0
0.71 0.02 0 0
0.72 0.01 0 0
0.73 0.02 0 0
0.74 0.02 0 0
0.75 0.02 0 0
0.76 0.02 0 0
0.77 0.02 0 0
0.78 0.02 0 0
0.79 0.02 0 0
0.8 0.02 0 0
0.81 0.02 0 0
0.82 0.02 0 0
0.83 0.02 0 0
0.84 0.02 0 0
0.85 0.03 0 0
0.86 0.03 0 0
0.87 0.02 0 0
0.88 0.03 0 0
0.89 0.03 0 0
0.9 0.02 0 0
0.91 0.03 0 0
0.92 0.02 0 0
0.93 0.02 0 0
0.94 0.02 0 0
0.95 0.02 0 0
0.96 0.02 0 0
0.97 0.02 0 0
0.98 0.02 0 0
0.99 0.02 0 0
1 0.02 0 0
1.01 0.02 0 0
1.02 0.02 0 0
1.03 0.01 0 0
1.04 0.01 0 0
1.05 0 0 0
1.06 0.01 0 0
1.07 0.02 0 0
1.08 0.01 0 0
1.09 0 0 0
1.1 0.01 0 0
1.11 -0.01 0 -nan
1.12 -0.02 0 -nan
1.13 -0.02 0 -nan
1.14 -0.01 0 -nan
1.15 0 0 0
1.16 0 0 0
1.17 0.06 0 0
1.18 0.3 0 0
1.19 3.27 0 0
1.2 0.44 0.002 49.2644
1.21 1.3 0.011 66.5095
1.22 8.39 0.099 104.685
1.23 13.87 0.095 112.413
1.24 11.98 0.09 109.82
1.25 11.68 0.044 103.325
1.26 13.96 0.035 104.244
1.27 16.24 0.043 108.619
1.28 14.19 0.051 108.287
1.29 16.64 0.261 127.196
1.3 17.2 0.293 129.316
1.31 17.68 0.247 128.271
1.32 18.17 0.201 126.856
1.33 18.09 0.198 126.883
1.34 18.73 0.188 127.236
1.35 17.73 0.178 125.921
1.36 17.75 0.175 126.022
1.37 17.78 0.171 126.067
1.38 22.31 0.193 131.84
1.39 26.84 0.211 136.679
1.4 26.18 0.199 135.798
1.41 25.87 0.187 135.133
1.42 26.66 0.124 131.417
1.43 27.45 0.107 130.616
1.44 30.02 0.107 132.567
1.45 33.8 0.176 140.821
1.46 28.69 0.168 137.267
1.47 27.69 0.174 137.227
1.48 29.71 0.18 139.28
1.49 31.72 0.224 143.449
1.5 34.65 0.298 149.054
1.51 30.95 0.29 146.589
1.52 27.26 0.281 143.82
1.53 27.71 0.223 141.671
1.54 28.16 0.235 142.879
1.55 29.8 0.247 144.907
1.56 31.45 0.236 145.744
1.57 30.62 0.306 148.619
1.58 31.16 0.299 148.97
1.59 31.7 0.27 148.337
1.6 37.07 0.242 150.604
1.61 35.02 0.177 145.79
1.62 34.93 0.14 143.167
1.63 33 0.29 151.127
1.64 33.29 0.44 156.925
1.65 33.58 0.393 155.915
1.66 35.48 0.346 155.76
1.67 38.65 0.335 157.531
1.68 40.65 0.323 158.462
1.69 30.92 0.301 151.699
1.7 28.97 0.244 147.922
1.71 29.85 0.239 148.548
1.72 30.73 0.255 150.22
1.73 29.66 0.248 149.35
1.74 29.34 0.242 149.052
1.75 29.95 0.219 148.494
1.76 30.57 0.197 147.861
1.77 29.15 0.069 134.789
1.78 30.06 0.07 135.762
1.79 30.98 0.07 136.565
1.8 34.41 0.126 145.82
1.81 36.46 0.265 156.664
1.82 36.09 0.26 156.425
1.83 36.88 0.304 159.211
1.84 28.45 0.3 153.434
1.85 27.87 0.319 153.995
1.86 27.3 0.315 153.606
1.87 26.4 0.311 152.932
1.88 25.85 0.291 151.853
1.89 25.31 0.242 149.308
1.9 25.24 0.221 148.343
1.91 24.46 0.181 145.453
1.92 24.69 0.172 145.243
1.93 24.92 0.164 145.071
1.94 24.66 0.167 145.279
1.95 25.51 0.08 137.515
1.96 26.35 0.095 140.347
1.97 26.47 0.1 141.239
1.98 28.22 0.091 141.633
1.99 30.22 0.083 142.144
2 32.18 0.03 131.975
2.01 30.99 0.092 144.288
2.02 34.55 0.154 153.195
2.03 35.07 0.195 156.785
2.04 39 0.235 161.913
2.05 43.75 0.254 165.908
2.06 42.84 0.258 165.846
2.07 43.14 0.248 165.691
2.08 28.84 0.237 155.976
2.09 29.96 0.262 158.359
2.1 31.08 0.286 160.576
2.11 30.75 0.306 161.447
2.12 29.82 0.285 159.997
2.13 29.77 0.264 159.151
2.14 30.47 0.263 159.842
2.15 31.17 0.286 161.698
2.16 31.88 0.31 163.525
2.17 32.41 0.309 164.08
2.18 35.13 0.309 166.208
2.19 33.53 0.313 165.483
2.2 38.98 0.316 169.46
2.21 41.21 0.446 176.013
2.22 34.18 0 0
2.23 33.96 0 0
2.24 28.74 0 0
2.25 30.18 0 0
2.26 31.62 0 0
2.27 40.59 0 0
2.28 47.68 0 0
