0.02 0.6123 0 0
0.03 1.0245 0.0028 20.5199
0.04 1.0085 0.0055 23.4595
0.05 1.0325 0.0111 26.5523
0.06 1.3447 0.0222 30.7385
0.07 1.3887 0.0444 34.147
0.0800001 1.2847 0.0462 35.1595
0.0900001 1.2006 0.0468 36.016
0.1 1.1206 0.047 36.7331
0.11 1.1046 0.0472 37.6546
0.12 1.1056 0.0472 38.5816
0.13 1.1065 0.0478 39.4959
0.14 1.115 0.0483 40.3974
0.15 1.1326 0.0518 41.5136
0.16 1.1646 0.0523 42.469
0.17 1.2206 0.0537 43.5796
0.18 1.2687 0.0538 44.5316
0.19 1.2727 0.054 45.2405
0.2 1.2847 0.054 45.9523
0.21 1.2839 0.0566 46.7582
0.22 1.2908 0.0569 47.4242
0.23 1.2977 0.0582 48.1412
0.24 1.3287 0.0585 48.901
0.25 1.3767 0.0586 49.7195
0.26 1.4167 0.0586 50.4724
0.27 1.4367 0.0585 51.1005
0.28 1.4928 0.0583 51.8905
0.29 1.5248 0.0571 52.4686
0.3 1.5728 0.0552 53.0528
0.31 1.6088 0.0541 53.6234
0.32 1.6369 0.0528 54.1243
0.33 1.6809 0.052 54.7286
0.34 1.6809 0.0512 55.1135
0.35 1.6649 0.0503 55.4012
0.36 1.6639 0.0497 55.7762
0.37 1.6634 0.0487 56.1053
0.38 1.6629 0.0474 56.3933
0.39 1.6649 0.0465 56.7213
0.4 1.6609 0.0455 56.9989
0.41 1.6369 0.0456 57.2818
0.42 1.6288 0.0452 57.5835
0.43 1.6254 0.0448 57.9011
0.44 1.6244 0.0438 58.1578
0.45 1.6266 0.0397 58.057
0.46 1.6288 0.0394 58.3874
0.47 1.6609 0.0391 58.8653
0.48 1.6889 0.0391 59.3536
0.49 1.7449 0.0391 59.9759
0.5 1.8049 0.0391 60.608
0.51 1.8849 0.0397 61.4021
0.52 1.965 0.0403 62.1831
0.53 2.0251 0.0423 63.0386
0.54 2.0351 0.0434 63.5476
0.55 2.0451 0.0446 64.0629
0.56 2.0371 0.0455 64.4553
0.57 1.989 0.0475 64.7822
0.58 1.917 0.0506 65.0929
0.59 1.885 0.0521 65.4034
0.6 1.8049 0.0535 65.4444
0.61 1.8009 0.0562 65.9946
0.62 1.7769 0.0576 66.3012
0.63 1.7369 0.0596 66.5676
0.640001 1.6649 0.0599 66.481
0.650001 1.5968 0.0611 66.4775
0.660001 1.5648 0.0616 66.6111
0.670001 1.5328 0.0614 66.6733
0.680001 1.4728 0.0626 66.6719
0.690001 1.4488 0.064 66.9079
0.700001 1.4367 0.0642 67.1124
0.710001 1.4352 0.0645 67.3936
0.720001 1.4355 0.0646 67.6669
0.730001 1.4358 0.0646 67.9289
0.740001 1.4367 0.0646 68.1925
0.75 1.4367 0.0641 68.4032
0.760001 1.4407 0.0629 68.5751
0.770001 1.4608 0.0605 68.7394
0.780001 1.4648 0.0589 68.8598
0.790001 1.4648 0.0539 68.596
0.800001 1.4658 0.047 68.0629
0.810001 1.4668 0.0466 68.2565
0.820001 1.4688 0.044 68.1767
0.830001 1.5008 0.0417 68.3136
0.840001 1.5248 0.037 68.0181
0.850001 1.5688 0.0346 68.1411
0.860001 1.6769 0.0304 68.283
0.870001 1.5768 0.0282 67.4753
0.880001 1.7809 0.0236 67.8738
0.890001 1.8049 0.0219 67.7958
0.900001 1.829 0.0201 67.6522
0.910001 1.873 0.0172 67.216
0.920001 1.889 0.0163 67.202
0.930001 1.929 0.0161 67.5386
0.940001 1.941 0.016 67.7651
0.950001 1.965 0.0148 67.6449
0.960001 1.969 0.0142 67.6287
0.970001 1.969 0.0142 67.8238
0.980001 1.969 0.0142 68.0175
0.990001 1.967 0.0146 68.3575
1 1.967 0.0149 68.6649
1.01 1.968 0.0161 69.3054
1.02 1.969 0.0166 69.6776
1.03 1.977 0.0171 70.0804
1.04 2.013 0.0175 70.5874
1.05 2.0411 0.018 71.0833
1.06 2.0531 0.0182 71.3967
1.07 2.0491 0.0181 71.5304
1.08 2.049 0.018 71.682
1.09 2.0491 0.0178 71.7997
1.1 2.0491 0.0178 71.9822
1.11 2.0531 0.0178 72.1838
1.12 2.0811 0.0178 72.5053
1.13 2.0891 0.0179 72.7587
1.14 2.0931 0.0179 72.9573
1.15 2.1211 0.0181 73.3425
1.16 2.1411 0.0182 73.6524
1.17 2.1531 0.0187 74.0546
1.18 2.1491 0.0199 74.5952
1.19 2.1411 0.0204 74.8847
1.2 2.1291 0.0217 75.3848
1.21 2.0731 0.0226 75.5244
1.22 2.0451 0.0228 75.6047
1.23 2.017 0.0228 75.6257
1.24 2.001 0.0227 75.6816
1.25 1.993 0.0226 75.7791
1.26 1.993 0.0209 75.4547
1.27 1.977 0.02 75.2568
1.28 1.961 0.0187 74.9128
1.29 1.913 0.0182 74.6392
1.3 1.901 0.0183 74.7659
1.31 1.869 0.0185 74.81
1.32 1.845 0.0188 74.9292
1.33 1.7809 0.0195 74.9327
1.34 1.7449 0.02 75.0263
1.35 1.6849 0.0205 74.9575
1.36 1.6698 0.0207 75.0748
1.37 1.6651 0.0206 75.167
1.38 1.669 0.0206 75.3445
1.39 1.6729 0.0203 75.4292
1.4 1.901 0.0183 76.3222
1.41 2.0451 0.014 75.5791
1.42 2.1971 0.0123 75.6938
1.43 2.4133 0.0114 76.3892
1.44 2.4853 0.0111 76.6917
1.45 2.4933 0.0111 76.8749
1.46 2.4813 0.0111 76.9684
1.47 2.3572 0.0112 76.6041
1.48 2.2652 0.0118 76.642
1.49 2.1651 0.0134 77.0988
1.5 1.949 0.0144 76.5385
1.51 1.873 0.0165 77.1105
1.52 1.7689 0.0165 76.6186
1.53 1.7512 0.0165 76.6474
1.54 1.7509 0.0164 76.7456
1.55 1.7539 0.0156 76.5834
1.56 1.7569 0.015 76.4893
1.57 1.7809 0.0148 76.6895
1.58 1.8249 0.0147 77.052
1.59 1.849 0.0147 77.3332
1.6 1.945 0.015 78.1661
1.61 2.017 0.0152 78.7993
1.62 2.2132 0.0157 80.213
1.63 2.3412 0.0159 81.0889
1.64 2.6254 0.016 82.6212
1.65 2.7694 0.0161 83.443
1.66 2.9936 0.0162 84.5691
1.67 3.1897 0.0163 85.5317
1.68 3.2777 0.0169 86.2693
1.69 3.4018 0.0182 87.4127
1.7 3.4738 0.0196 88.3638
1.71 3.5939 0.0199 89.0547
1.72 3.6699 0.0202 89.5798
1.73 3.826 0.0206 90.4115
1.74 3.902 0.0209 90.9227
1.75 4.0021 0.0212 91.5088
1.76 4.0341 0.0221 92.077
1.77 4.0261 0.0226 92.3676
1.78 4.0461 0.023 92.7137
1.79 4.0061 0.0236 92.9243
1.8 3.9701 0.0239 93.0452
1.81 3.89 0.0245 93.1073
1.82 3.85 0.025 93.268
1.83 3.8484 0.0259 93.6799
1.84 3.8586 0.0265 94.0367
1.85 3.8688 0.0266 94.2438
1.86 3.922 0.0266 94.5709
1.87 4.0181 0.0266 95.0428
1.88 4.2222 0.0266 95.8653
1.89 4.3423 0.0266 96.3954
1.9 4.5384 0.0268 97.2134
1.91 4.6464 0.0271 97.7762
1.92 4.9106 0.0279 98.9403
1.93 5.0346 0.0274 99.2903
1.94 5.2107 0.0308 100.904
1.95 5.2747 0.0337 101.987
1.96 5.2587 0.0377 103.044
1.97 5.1987 0.0442 104.392
1.98 5.0826 0.0478 104.881
1.99 5.0359 0.1062 112.091
2 5.0238 0.1067 112.253
2.01 5.0582 0.1364 114.841
2.02 5.0926 0.1507 116.071
2.03 5.3468 0.1556 117.361
2.04 5.783 0.1508 118.546
2.05 6.3273 0.1459 119.925
2.06 15.156 0.1337 135.198
2.07 8.5965 0.1276 124.282
2.08 13.255 0.136 133.16
2.09 12.206 0.1443 132.415
2.1 15.012 0.2056 140.684
2.11 16.713 0.2417 145.003
2.12 19.254 0.2561 148.898
2.13 20.495 0.2512 150.199
2.14 20.443 0.2463 150.093
2.15 20.391 0.233 149.541
2.16 17.577 0.2276 146.28
2.17 16.913 0.2222 145.367
2.18 17.029 0.1991 144.372
2.19 15.1822 0.1955 141.97
2.2 14.3051 0.1982 141.098
2.21 14.6876 0.2009 141.974
2.22 15.07 0.1997 142.608
2.23 16.168 0.1985 144.167
2.24 17.0265 0.1957 145.254
2.25 17.885 0.1822 145.6
2.26 20.631 0.1756 148.353
2.27 23.716 0.1733 151.38
2.28 21.498 0.189 150.519
2.29 21.9446 0.2047 152.156
2.3 22.3912 0.2384 154.732
2.31 23.532 0.3148 159.683
2.32 23.284 0.3358 160.491
2.33 23.948 0.3366 161.367
2.34 26.586 0.3357 163.972
2.35 26.942 0.3348 164.444
2.36 25.443 0.3029 161.932
2.37 24.7301 0.2361 158.148
2.38 24.4103 0.2277 157.561
2.39 24.8126 0.2338 158.465
2.4 25.2148 0.202 157.094
2.41 26.07 0.1897 157.209
2.42 26.114 0.1527 154.612
2.43 26.158 0.1503 154.623
2.44 25.861 0.1515 154.648
2.45 25.111 0.1526 154.262
2.46 24.966 0.1585 154.796
2.47 24.9047 0.1558 154.694
2.48 24.8852 0.1531 154.625
2.49 24.9551 0.1297 152.739
2.5 25.025 0.0763 146.365
2.51 25.729 0.0808 147.817
2.52 26.466 0.0852 149.241
2.53 25.037 0.0981 149.964
2.54 24.3756 0.0969 149.398
2.55 24.4056 0.0957 149.433
2.56 24.4355 0.0922 149.159
2.57 24.773 0.079 147.705
2.58 24.757 0.0804 148.067
2.59 24.145 0.0818 147.905
2.6 22.424 0.0907 147.76
2.61 24.221 0.1145 152.497
2.62 19.794 0.1481 151.494
2.63 18.594 0.1817 152.874
2.64 17.163 0.1803 151.183
2.65 16.5855 0.2144 152.784
2.66 16.5364 0.2256 153.528
2.67 16.5619 0.2367 154.338
2.68 16.5875 0.2406 154.743
2.69 16.797 0.2408 155.194
2.7 19.23 0.2169 157.039
2.71 19.254 0.193 155.709
2.72 18.338 0.1874 154.399
2.73 17.841 0.1853 153.802
2.74 16.721 0.181 152.23
2.75 16.6378 0.1447 149.466
2.76 16.6496 0.1262 147.938
2.77 16.6614 0.1116 146.595
2.78 16.965 0.1111 147.069
2.79 18.69 0.1106 149.227
2.8 17.8935 0.0949 146.563
2.81 17.6333 0.0792 144.213
2.82 17.373 0.0751 143.411
2.83 17.3814 0.0657 141.974
2.84 17.3897 0.0715 143.127
2.85 17.453 0.059 141.068
2.86 17.473 0.0566 140.742
2.87 17.3985 0.0559 140.646
2.88 17.4534 0.0567 141.013
2.89 17.5084 0.0575 141.377
2.9 17.641 0.0599 142.15
2.91 17.929 0.0643 143.462
2.92 17.737 0.0645 143.413
2.93 15.657 0.0648 141.048
2.94 14.98 0.0696 141.123
2.95 14.9964 0.0744 142.064
2.96 15.0129 0.0853 143.848
2.97 15.168 0.0933 145.275
2.98 16.3425 0.0974 147.508
2.99 17.517 0.1014 149.629
3 17.9275 0.1017 150.305
3.01 18.338 0.102 150.972
3.02 18.626 0.1085 152.232
3.03 19.038 0.115 153.594
3.04 18.888 0.1159 153.659
3.05 18.738 0.1162 153.656
3.06 18.5712 0.1166 153.642
3.07 18.5006 0.1208 154.151
3.08 19.6578 0.1251 156.097
3.09 20.815 0.134 158.434
3.1 19.215 0.135 156.857
3.11 19.3125 0.1346 157.073
3.12 19.41 0.1341 157.279
3.13 20.094 0.1186 156.597
3.14 21.951 0.1177 158.644
3.15 20.439 0.1168 157.06
3.16 20.855 0.1175 157.734
3.17 22.592 0.1164 159.577
3.18 19.8185 0.1177 156.877
3.19 19.0318 0.119 156.244
3.2 18.245 0.1202 155.562
3.21 17.327 0.1214 154.671
3.22 16.409 0.1218 153.638
3.23 15.9 0.1221 153.106
3.24 15.368 0.1242 152.705
3.25 17.817 0.1288 156.598
3.26 14.852 0.1547 155.023
3.27 14.5857 0.1537 154.667
3.28 14.5196 0.1528 154.622
3.29 15.4238 0.1464 155.55
3.3 16.328 0.1428 156.639
3.31 18.4395 0.1393 159.212
3.32 20.551 0.1386 161.785
3.33 20.383 0.138 161.67
3.34 18.67 0.1227 158.218
3.35 17.5415 0.1204 156.687
3.36 17.3307 0.1181 156.294
3.37 17.2396 0.1195 156.457
3.38 17.2783 0.1209 156.789
3.39 17.317 0.1221 157.097
3.4 17.2663 0.1212 157.063
3.41 17.2542 0.1204 157.089
3.42 17.5096 0.1186 157.352
3.43 17.765 0.1157 157.484
3.44 18.217 0.1127 157.837
3.45 18.221 0.0942 155.631
3.46 18.225 0.0861 154.6
3.47 18.199 0.0858 154.647
3.48 18.173 0.0855 154.694
3.49 18.3432 0.0786 153.944
3.5 18.5134 0.0759 153.824
3.51 19.0607 0.0733 154.145
3.52 20.162 0.0623 153.43
3.53 21.335 0.0614 154.62
3.54 19.826 0.0604 152.906
3.55 18.065 0.0632 151.56
3.56 17.3508 0.0659 151.326
3.57 16.6365 0.0723 151.696
3.58 17.445 0.0859 155.062
3.59 16.9072 0.1148 158.257
3.6 16.9041 0.1155 158.456
3.61 17.4466 0.122 160.028
3.62 17.989 0.1285 161.555
3.63 17.637 0.1428 162.641
3.64 17.879 0.1491 163.672
3.65 18.121 0.1553 164.672
3.66 18.0512 0.1536 164.555
3.67 18.3726 0.156 165.312
3.68 18.694 0.157 165.939
3.69 18.894 0.1573 166.345
3.7 18.662 0.1556 166.024
3.71 18.197 0.1538 165.386
3.72 17.553 0.1519 164.483
3.73 17.731 0.152 164.854
3.74 17.909 0.1522 165.232
3.75 17.2119 0.1499 164.204
3.76 16.8782 0.1477 163.662
3.77 16.5445 0.1421 162.788
3.78 16.765 0.1281 161.817
3.79 16.2905 0.0994 157.899
3.8 16.2692 0.0478 148.649
3.81 16.3517 0.0537 150.315
3.82 16.4342 0.0467 148.794
3.83 16.6205 0.0438 148.351
3.84 17.177 0.0433 149.022
3.85 18.474 0.0462 151.516
3.86 19.346 0.0492 153.437
3.87 18.79 0.0504 153.211
3.88 19.034 0.0503 153.58
3.89 18.6498 0.0503 153.24
3.9 18.2655 0.0496 152.712
3.91 18.37 0.0478 152.477
3.92 17.905 0.045 151.261
3.93 17.272 0.0438 150.247
3.94 17.1754 0.0437 150.204
3.95 17.1402 0.0443 150.436
3.96 17.105 0.0449 150.665
3.97 17.161 0.0462 151.201
3.98 16.0385 0.0711 155.312
3.99 14.916 0.0739 154.3
4 14.908 0.0747 154.534
4.01 14.9 0.0723 154.21
4.02 14.536 0.0699 153.336
4.03 14.023 0.0694 152.559
4.04 14.047 0.0691 152.647
4.05 13.071 0.0691 151.176
4.06 12.9372 0.0691 151.056
4.07 12.9026 0.069 151.083
4.08 12.9918 0.0689 151.318
4.09 13.081 0.0685 151.497
4.1 13.591 0.0674 152.231
4.11 13.127 0.065 151.118
4.12 13.0999 0.0638 150.941
4.13 13.1164 0.0719 152.58
4.14 13.133 0.0799 154.057
4.15 13.627 0.086 155.933
4.16 13.667 0.0885 156.476
4.17 13.707 0.0854 156.183
4.18 13.975 0.0823 156.242
4.19 13.945 0.0693 154.077
4.2 13.986 0.0763 155.485
4.21 14.027 0.0691 154.375
4.22 14.2515 0.0589 152.786
4.23 14.476 0.0595 153.361
4.24 15.14 0.0602 154.606
4.25 15.9285 0.0598 155.756
4.26 16.717 0.0594 156.858
4.27 16.777 0.0586 156.865
4.28 16.3486 0.0557 155.724
4.29 16.1703 0.0527 154.864
4.3 15.992 0.0483 153.599
4.31 15.948 0.0474 153.397
4.32 15.904 0.0469 153.3
4.33 15.6082 0.0472 153.065
4.34 15.5102 0.0475 153.105
4.35 15.5631 0.0486 153.571
4.36 15.616 0.0489 153.822
4.37 16.028 0.0492 154.577
4.38 18.153 0.0781 163.646
4.39 17.829 0.0714 162.111
4.4 16.885 0.0785 162.222
4.41 15.476 0.0857 161.476
4.42 13.239 0.0951 159.359
4.43 13.083 0.0961 159.326
4.44 11.806 0.0932 156.685
4.45 11.656 0.0903 156.084
4.46 11.594 0.0843 155.171
4.47 11.576 0.072 153.21
4.48 11.9072 0.0707 153.696
4.49 12.2384 0.0695 154.18
4.5 13.639 0.0611 155.031
4.51 15.416 0.0606 157.779
4.52 17.441 0.0616 160.926
4.53 15.872 0.0625 159.045
4.54 15.0941 0.0856 162.185
4.55 14.7118 0.1029 164.181
4.56 14.3295 0.1202 165.789
4.57 15.22 0.1241 167.782
4.58 14.111 0.1281 166.503
4.59 14.588 0.1336 167.99
4.6 14.039 0.1392 167.738
4.61 13.9932 0.1385 167.69
4.62 13.9475 0.1394 167.803
4.63 14.504 0.1403 168.942
4.64 13.407 0.1437 167.473
4.65 13.333 0.1416 167.235
4.66 13.259 0.1395 166.993
4.67 12.8475 0.123 164.603
4.68 12.9136 0.1166 164.092
4.69 12.9796 0.1146 164.073
4.7 13.3045 0.1183 165.192
4.71 14.147 0.122 167.185
4.72 12.338 0.1302 164.911
4.73 11.802 0.1334 164.287
4.74 11.266 0.1366 163.61
4.75 11.242 0.1359 163.585
4.76 9.9772 0.1352 160.823
4.77 7.0437 0.1334 152.877
4.78 6.9236 0.1296 152.221
4.79 6.4634 0.1285 150.702
4.8 6.1952 0.1329 150.292
4.81 6.4033 0.1343 151.228
4.82 5.811 0.1342 149.206
4.83 5.5789 0.1341 148.409
4.84 5.5629 0.1217 147.24
4.85 5.5949 0.0907 143.883
4.86 5.3108 0.088 142.53
4.87 4.8305 0.0889 140.797
4.88 4.3903 0.0892 138.991
4.89 4.1824 0.0892 138.102
4.9 4.0888 0.0891 137.718
4.91 4.0654 0.0877 137.501
4.92 4.1608 0.0875001 138.013
4.93 4.2562 0.0885 138.674
4.94 4.4703 0.0895 139.867
4.95 5.1947 0.0913 143.242
4.96 7.3398 0.0932 150.895
4.97 10.457 0.1315 163.491
4.98 10.962 0.1502 166.529
4.99 15.1 0.1592 175.333
5 17.077 0.1574 178.398
5.01 19.874 0.1556 182.264
5.02 20.743 0.1503 182.964
5.03 20.847 0.1485 183.014
5.04 21.5255 0.15 184.115
5.05 22.204 0.1516 185.205
5.06 22.144 0.1636 186.413
5.07 22.948 0.1859 189.479
5.08 24.141 0.2124 193.101
5.09 24.749 0.2185 194.357
5.1 25.729 0.2167 195.419
5.11 28.495 0.215 198.292
5.12 27.65 0.1257 188.914
5.13 28.067 0.1254 189.387
5.14 28.531 0.125 189.887
5.15 30.38 0.1251 191.728
5.16 31.512 0.1251 192.844
5.17 31.024 0.1253 192.541
5.18 32.361 0.1254 193.831
5.19 31.7885 0.1253 193.424
5.2 31.8188 0.1263 193.682
5.21 31.849 0.1273 193.94
5.22 31.608 0.1299 194.157
5.23 32.061 0.1333 195.078
5.24 30.9745 0.1368 194.634
5.25 30.751 0.1389 194.781
5.26 30.6398 0.1411 195.037
5.27 30.6499 0.1551 196.692
5.28 30.66 0.1668 197.999
5.29 31.056 0.1682 198.608
5.3 31.172 0.1681 198.809
5.31 30.746 0.1681 198.519
5.32 30.32 0.1624 197.657
5.33 31.504 0.1567 198.263
5.34 29.924 0.1526 196.469
5.35 29.4045 0.1485 195.632
5.36 28.885 0.1444 194.777
5.37 28.903 0.1404 194.441
5.38 28.703 0.1338 193.57
5.39 28.3654 0.128 192.629
5.4 28.2562 0.1222 191.879
5.41 28.147 0.1258 192.335
5.42 28.299 0.0995 188.862
5.43 26.552 0.0876 185.259
5.44 24.805 0.0905 184.044
5.45 24.621 0.0934 184.424
5.46 25.853 0.1012 187.064
5.47 24.281 0.1331 189.753
5.48 24.189 0.165 193.168
5.49 23.8592 0.1774 194.05
5.5 23.8056 0.1898 195.18
5.51 24.1773 0.2315 198.975
5.52 24.549 0.2898 203.277
5.53 25.013 0.3835 208.738
5.54 29.567 0.3844 213.975
5.55 33.393 0.3849 217.891
5.56 31.865 0.3799 216.299
5.57 32.789 0.3749 217.06
5.58 31.372 0.3714 215.623
5.59 30.2715 0.3679 214.455
5.6 29.171 0.3594 213.006
5.61 28.503 0.3509 211.979
5.62 28.4294 0.3505 211.985
5.63 28.4744 0.3501 212.118
5.64 28.5193 0.3372 211.609
5.65 28.967 0.3242 211.496
5.66 30.044 0.263 209.044
5.67 31.945 0.2019 206.412
5.68 31.568 0.1588 202.083
5.69 31.749 0.144 200.708
5.7 28.975 0.1293 196.412
5.71 27.558 0.2781 207.929
5.72 28.0597 0.0377 176.624
5.73 28.5614 0.0377 177.161
5.74 29.5818 0.0384 178.418
5.75 31.624 0.039 180.461
5.76 33.894 0.0386 182.204
5.77 37.299 0.0388 184.901
5.78 40.065 0.039 186.986
