0.01 1.27 0 0
0.02 1.88 0 0
0.03 2.26 0 0
0.04 2.69 0 0
0.05 3.11 0 0
0.06 3.36 0.022 35.045
0.07 3.6 0.044 39.1379
0.08 3.77 0.047 41.1139
0.09 3.89 0.05 42.8948
0.1 3.94 0.052 44.3957
0.11 3.89 0.055 45.7168
0.12 3.94 0.056 46.9928
0.13 4 0.055 48.0827
0.14 4.18 0.055 49.3957
0.15 4.3 0.055 50.5579
0.16 4.39 0.055 51.6269
0.17 4.59 0.056 52.9216
0.18 4.59 0.058 53.9264
0.19 4.83 0.065 55.6717
0.2 5.11 0.08 57.9234
0.21 5.46 0.108 60.7759
0.22 5.79 0.117 62.5043
0.23 6.17 0.094 62.711
0.24 6.52 0.085 63.4302
0.25 6.64 0.077 63.796
0.26 6.32 0.096 65.2242
0.27 5.31 0.103 64.6575
0.28 3.6 0.102 61.7093
0.29 3.5 0.101 62.0112
0.3 3.35 0.086 61.3782
0.31 2.38 0.065 57.6073
0.32 2.27 0.052 56.6616
0.33 2 0.032 53.8941
0.34 0.95 0.021 47.1379
0.35 0.99 0.02 47.6087
0.36 1.04 0.019 48.1188
0.37 1.24 0.018 49.5073
0.38 1.33 0.016 49.8902
0.39 1.35 0.012 49.1688
0.4 1.6 0.012 50.7425
0.41 1.85 0.013 52.52
0.42 2.06 0.015 54.3411
0.43 2.79 0.007 53.6292
0.44 2.98 0.01 56.1287
0.45 2.92 0.013 57.5581
0.46 3.07 0.014 58.6908
0.47 3.38 0.023 62.3908
0.48 3.67 0.023 63.5054
0.49 3.88 0.023 64.3843
0.5 4.03 0.022 64.8612
0.51 4.11 0.022 65.4041
0.52 4.19 0.036 68.6989
0.53 4.2 0.051 71.1188
0.54 3.99 0.056 71.5176
0.55 4 0.052 71.4672
0.56 4.01 0.048 71.375
0.57 4.28 0.045 72.0155
0.58 4.25 0.044 72.1563
0.59 4.29 0.043 72.4591
0.6 3.89 0.054 73.1529
0.61 4.1 0.055 74.1615
0.62 4.3 0.056 75.1227
0.63 4.55 0.056 76.0742
0.64 4.94 0.057 77.4322
0.65 5.06 0.059 78.2601
0.66 5.39 0.063 79.7453
0.67 5.43 0.068 80.6757
0.68 5.42 0.066 80.7862
0.69 5.63 0.068 81.7628
0.7 5.63 0.073 82.5766
0.71 5.47 0.074 82.6529
0.72 5.42 0.078 83.229
0.73 5.4 0.08 83.6803
0.74 5.4 0.089 84.7458
0.75 5.39 0.094 85.4275
0.76 5.41 0.098 86.0864
0.77 5.43 0.11 87.2805
0.78 5.45 0.123 88.4589
0.79 5.49 0.125 88.9855
0.8 5.48 0.13 89.5656
0.81 5.45 0.132 89.9186
0.82 5.4 0.136 90.3303
0.83 5.3 0.139 90.5558
0.84 5.24 0.143 90.9233
0.85 5.09 0.145 90.9472
0.86 5.01 0.148 91.1908
0.87 4.87 0.15 91.2135
0.88 4.82 0.153 91.5185
0.89 4.68 0.153 91.4176
0.9 4.61 0.154 91.5529
0.91 4.46 0.154 91.3981
0.92 4.32 0.154 91.2562
0.93 4.22 0.157 91.3692
0.94 4.14 0.158 91.4374
0.95 4.01 0.162 91.4765
0.96 3.97 0.164 91.7044
0.97 3.91 0.166 91.8601
0.98 3.9 0.168 92.1802
0.99 3.9 0.169 92.4864
1 3.92 0.167 92.7216
1.01 3.94 0.165 92.9534
1.02 4.04 0.164 93.4981
1.03 4.06 0.164 93.8187
1.04 4.06 0.161 93.9266
1.05 4.08 0.16 94.1947
1.06 4.1 0.159 94.4604
1.07 4.08 0.158 94.591
1.08 4.04 0.158 94.7015
1.09 4 0.158 94.8085
1.1 3.86 0.158 94.5631
1.11 3.83 0.158 94.6949
1.12 3.74 0.155 94.456
1.13 3.6 0.154 94.1202
1.14 3.52 0.154 94.0462
1.15 3.48 0.152 94.0175
1.16 3.29 0.149 93.3303
1.17 3.22 0.145 93.053
1.18 3.15 0.141 92.7626
1.19 3.02 0.138 92.2526
1.2 2.95 0.136 92.0439
1.21 2.87 0.134 91.7788
1.22 2.7 0.134 91.1837
1.23 2.57 0.132 90.6303
1.24 2.44 0.131 90.1011
1.25 2.31 0.129 89.4788
1.26 2.2 0.126 88.8752
1.27 2.11 0.123 88.3593
1.28 2.03 0.12 87.8799
1.29 1.97 0.114 87.3171
1.3 1.89 0.109 86.66
1.31 1.83 0.104 86.1052
1.32 1.78 0.101 85.7349
1.33 1.76 0.099 85.6326
1.34 1.76 0.097 85.6655
1.35 1.76 0.095 85.6941
1.36 1.77 0.092 85.7111
1.37 1.8 0.088 85.7761
1.38 1.85 0.086 86.1246
1.39 1.89 0.083 86.3085
1.4 1.91 0.077 86.0729
1.41 2.07 0.07 86.5591
1.42 2.33 0.066 87.7888
1.43 2.69 0.064 89.5694
1.44 3.14 0.062 91.5224
1.45 3.66 0.06 93.4892
1.46 4.06 0.06 95.0775
1.47 4.3 0.051 94.7592
1.48 4.46 0.049 95.1216
1.49 4.55 0.049 95.5744
1.5 4.62 0.049 95.963
1.51 4.63 0.049 96.1704
1.52 4.59 0.049 96.2267
1.53 4.48 0.049 96.0662
1.54 4.36 0.049 95.8648
1.55 4.34 0.051 96.2938
1.56 4.24 0.052 96.2983
1.57 4.11 0.053 96.1902
1.58 3.95 0.053 95.8107
1.59 3.79 0.053 95.4091
1.6 3.65 0.053 95.059
1.61 3.65 0.053 95.2238
1.62 3.54 0.053 94.9684
1.63 3.44 0.052 94.5893
1.64 3.31 0.051 94.074
1.65 3.18 0.051 93.691
1.66 3.06 0.052 93.481
1.67 2.94 0.052 93.0993
1.68 2.84 0.051 92.6406
1.69 2.77 0.051 92.4607
1.7 2.68 0.047 91.5488
1.71 2.57 0.045 90.8173
1.72 2.45 0.044 90.1716
1.73 2.32 0.043 89.4395
1.74 2.15 0.042 88.4333
1.75 1.83 0.036 85.4397
1.76 1.81 0.033 84.8235
1.77 1.83 0.031 84.6503
1.78 1.86 0.029 84.5115
1.79 2 0.028 85.2831
1.8 2.16 0.027 86.1062
1.81 2.44 0.026 87.4908
1.82 2.53 0.025 87.7962
1.83 2.63 0.025 88.4222
1.84 2.73 0.025 89.0335
1.85 2.82 0.026 89.878
1.86 2.9 0.028 90.935
1.87 3.03 0.027 91.3707
1.88 3.1 0.027 91.8077
1.89 3.16 0.027 92.1974
1.9 3.2 0.026 92.2101
1.91 3.25 0.025 92.2497
1.92 3.29 0.025 92.5466
1.93 3.39 0.025 93.0808
1.94 3.44 0.025 93.4114
1.95 3.46 0.025 93.6231
1.96 3.49 0.025 93.873
1.97 3.52 0.025 94.1218
1.98 3.58 0.024 94.1637
1.99 3.61 0.024 94.409
2 3.62 0.024 94.5784
2.01 3.61 0.024 94.6719
2.02 3.59 0.024 94.7268
2.03 3.56 0.024 94.7423
2.04 3.6 0.022 94.3392
2.05 3.63 0.019 93.4339
2.06 3.77 0.017 93.205
2.07 3.89 0.015 92.7814
2.08 3.95 0.014 92.5779
2.09 3.96 0.014 92.7352
2.1 3.93 0.014 92.7567
2.11 3.87 0.015 93.2072
2.12 3.82 0.016 93.6568
2.13 3.73 0.017 93.9305
2.14 3.66 0.017 93.7967
2.15 3.6 0.017 93.695
2.16 3.5 0.017 93.4362
2.17 3.45 0.016 92.8929
2.18 3.39 0.015 92.2801
2.19 3.32 0.013 91.0301
2.2 3.23 0.012 90.1829
2.21 3.12 0.01 88.4947
2.22 2.84 0.01 87.4142
2.23 2.67 0.01 86.7489
2.24 2.48 0.012 87.2521
2.25 2.28 0.014 87.4229
2.26 2.11 0.015 87.0577
2.27 2.14 0.016 87.8123
2.28 2.17 0.016 88.0961
2.29 2.54 0.016 90.2258
2.3 2.98 0.014 91.4162
2.31 3.44 0.013 92.8638
2.32 3.82 0.013 94.3888
2.33 3.87 0.014 95.2645
2.34 3.92 0.015 96.1045
2.35 3.93 0.019 98.1656
2.36 3.96 0.021 99.212
2.37 4.01 0.021 99.5083
2.38 4.19 0.022 100.646
2.39 4.46 0.022 101.673
2.4 4.77 0.023 103.162
2.41 5.03 0.024 104.443
2.42 5.27 0.026 105.971
2.43 5.46 0.027 106.97
2.44 5.71 0.026 107.447
2.45 5.93 0.026 108.156
2.46 6.14 0.026 108.823
2.47 6.34 0.026 109.45
2.48 6.52 0.026 110.015
2.49 6.69 0.027 110.895
2.5 6.83 0.029 112.014
2.51 6.81 0.03 112.408
2.52 6.82 0.032 113.162
2.53 6.84 0.033 113.625
2.54 6.93 0.035 114.523
2.55 6.93 0.036 114.917
2.56 6.83 0.038 115.32
2.57 6.72 0.039 115.424
2.58 6.59 0.04 115.467
2.59 6.43 0.04 115.183
2.6 6.11 0.041 114.698
2.61 5.94 0.042 114.584
2.62 5.77 0.042 114.227
2.63 5.62 0.042 113.915
2.64 5.46 0.043 113.785
2.65 5.3 0.044 113.635
2.66 5.17 0.044 113.348
2.67 5.06 0.044 113.115
2.68 5.06 0.043 113.016
2.69 5.06 0.042 112.912
2.7 5.05 0.039 112.302
2.71 5.05 0.038 112.175
2.72 5.07 0.036 111.849
2.73 5.09 0.034 111.496
2.74 5.33 0.034 112.352
2.75 5.46 0.033 112.577
2.76 5.61 0.031 112.544
2.77 5.81 0.03 112.918
2.78 6.02 0.026 112.266
2.79 6.19 0.024 112.081
2.8 6.27 0.023 112.003
2.81 6.32 0.023 112.242
2.82 6.32 0.023 112.353
2.83 6.3 0.025 113.195
2.84 6.3 0.027 114.034
2.85 6.17 0.027 113.803
2.86 6.03 0.028 113.882
2.87 5.91 0.029 113.996
2.88 5.88 0.029 114.023
2.89 5.91 0.03 114.539
2.9 5.95 0.032 115.378
2.91 6.12 0.031 115.652
2.92 6.27 0.031 116.167
2.93 6.38 0.029 115.924
2.94 6.52 0.028 116.058
2.95 6.51 0.029 116.481
2.96 6.51 0.029 116.591
2.97 6.5 0.03 117.004
2.98 6.48 0.031 117.381
2.99 6.44 0.032 117.696
3 6.36 0.032 117.594
3.01 6.29 0.032 117.515
3.02 6.24 0.032 117.488
3.03 6.15 0.033 117.651
3.04 6.1 0.035 118.198
3.05 6.04 0.037 118.685
3.06 5.99 0.037 118.651
3.07 5.93 0.037 118.587
3.08 5.84 0.037 118.433
3.09 5.73 0.037 118.216
3.1 5.6 0.038 118.193
3.11 5.47 0.038 117.9
3.12 5.34 0.038 117.597
3.13 5.25 0.038 117.414
3.14 5.18 0.037 117.031
3.15 5.18 0.037 117.135
3.16 5.22 0.037 117.368
3.17 5.26 0.036 117.333
3.18 5.42 0.035 117.667
3.19 5.65 0.034 118.191
3.2 6.28 0.034 120.109
3.21 6.64 0.034 121.182
3.22 6.93 0.034 122.036
3.23 7.17 0.035 123.037
3.24 7.31 0.036 123.776
3.25 7.42 0.037 124.433
3.26 7.46 0.038 124.912
3.27 7.47 0.039 125.313
3.28 7.41 0.04 125.538
3.29 7.36 0.04 125.522
3.3 7.28 0.041 125.688
3.31 7.18 0.043 126.042
3.32 7.09 0.044 126.16
3.33 6.94 0.046 126.344
3.34 6.78 0.05 126.903
3.35 6.6 0.05 126.517
3.36 6.4 0.051 126.27
3.37 6.19 0.053 126.172
3.38 5.99 0.054 125.876
3.39 5.82 0.054 125.458
3.4 5.65 0.054 125.026
3.41 5.36 0.051 123.593
3.42 5.3 0.049 123.083
3.43 5.31 0.047 122.79
3.44 5.32 0.045 122.478
3.45 5.53 0.041 122.312
3.46 5.92 0.037 122.566
3.47 6.41 0.036 123.794
3.48 7.01 0.035 125.206
3.49 7.69 0.033 126.368
3.5 8.21 0.031 127.003
3.51 8.51 0.032 128.101
3.52 8.66 0.032 128.525
3.53 8.81 0.034 129.597
3.54 9.03 0.039 131.655
3.55 9.14 0.041 132.538
3.56 9.19 0.043 133.273
3.57 9.13 0.043 133.251
3.58 9.09 0.044 133.526
3.59 9.08 0.047 134.344
3.6 9.12 0.049 135
3.61 9.15 0.054 136.265
3.62 9.2 0.055 136.685
3.63 9.27 0.056 137.145
3.64 9.47 0.057 137.876
3.65 9.6 0.057 138.252
3.66 9.72 0.058 138.806
3.67 9.89 0.059 139.456
3.68 10.21 0.06 140.399
3.69 10.36 0.061 140.995
3.7 10.55 0.062 141.662
3.71 10.69 0.063 142.227
3.72 10.96 0.064 143.033
3.73 11.04 0.064 143.29
3.74 11.12 0.066 143.913
3.75 11.19 0.067 144.331
3.76 11.28 0.068 144.783
3.77 11.31 0.07 145.295
3.78 11.35 0.074 146.15
3.79 11.34 0.076 146.564
3.8 11.24 0.077 146.644
3.81 11.17 0.08 147.086
3.82 11.04 0.081 147.097
3.83 10.9 0.081 146.934
3.84 10.53 0.082 146.461
3.85 10.3 0.083 146.249
3.86 10.09 0.082 145.774
3.87 9.87 0.082 145.416
3.88 9.48 0.081 144.53
3.89 9.33 0.08 144.153
3.9 9.24 0.08 144.055
3.91 9.35 0.079 144.252
3.92 9.47 0.077 144.312
3.93 9.88 0.076 145.14
3.94 10.48 0.073 145.991
3.95 11.15 0.071 147.063
3.96 12.15 0.066 148.096
3.97 12.47 0.061 147.783
3.98 12.69 0.052 146.304
3.99 12.92 0.049 146.061
4 13.38 0.048 146.649
4.01 13.59 0.047 146.823
4.02 13.8 0.048 147.508
4.03 13.98 0.047 147.626
4.04 14.18 0.044 147.221
4.05 14.19 0.047 148.147
4.06 14.16 0.05 148.969
4.07 14.13 0.053 149.749
4.08 14.16 0.056 150.586
4.09 14.19 0.059 151.39
4.1 14.25 0.063 152.414
4.11 14.3 0.064 152.795
4.12 14.33 0.065 153.142
4.13 14.35 0.066 153.47
4.14 14.32 0.068 153.909
4.15 14.3 0.07 154.353
4.16 14.27 0.071 154.592
4.17 14.17 0.072 154.719
4.18 14.11 0.073 154.905
4.19 14.07 0.074 155.12
4.2 14.04 0.075 155.349
4.21 13.89 0.075 155.211
4.22 13.79 0.075 155.152
4.23 13.68 0.076 155.246
4.24 13.59 0.076 155.2
4.25 13.29 0.076 154.804
4.26 13.13 0.076 154.635
4.27 12.97 0.076 154.463
4.28 12.83 0.077 154.49
4.29 12.54 0.077 154.082
4.3 12.35 0.077 153.843
4.31 12.15 0.077 153.581
4.32 11.93 0.076 153.11
4.33 11.5 0.076 152.4
4.34 11.29 0.075 151.926
4.35 11.13 0.072 151.197
4.36 11.02 0.071 150.902
4.37 10.73 0.07 150.242
4.38 10.66 0.069 150.016
4.39 10.61 0.068 149.827
4.4 10.59 0.065 149.32
4.41 10.58 0.065 149.394
4.42 10.59 0.063 149.12
4.43 10.61 0.062 149.056
4.44 10.66 0.06 148.843
4.45 10.68 0.057 148.342
4.46 10.71 0.053 147.599
4.47 10.82 0.05 147.193
4.48 10.88 0.05 147.402
4.49 10.95 0.05 147.629
4.5 11.05 0.051 148.158
4.51 11.16 0.052 148.701
4.52 11.1 0.053 148.913
4.53 11.09 0.054 149.217
4.54 11.09 0.055 149.537
4.55 11.08 0.055 149.609
4.56 11.07 0.056 149.905
4.57 11.03 0.056 149.918
4.58 10.98 0.056 149.911
4.59 10.9 0.057 150.065
4.6 10.83 0.057 150.017
4.61 10.72 0.057 149.887
4.62 10.27 0.057 149.054
4.63 10.04 0.057 148.658
4.64 9.82 0.056 148.055
4.65 9.6 0.055 147.44
4.66 9.39 0.055 147.059
4.67 9 0.054 146.027
4.68 8.81 0.054 145.666
4.69 8.63 0.054 145.32
4.7 8.48 0.052 144.584
4.71 8.32 0.051 144.041
4.72 8.04 0.05 143.181
4.73 7.92 0.049 142.715
4.74 7.79 0.048 142.215
4.75 7.67 0.046 141.479
4.76 7.45 0.045 140.712
4.77 7.36 0.044 140.285
4.78 7.26 0.043 139.823
4.79 7.17 0.041 139.101
4.8 7.08 0.04 138.643
4.81 6.93 0.039 138.005
4.82 6.86 0.038 137.586
4.83 6.78 0.037 137.128
4.84 6.73 0.036 136.749
4.85 6.63 0.035 136.213
4.86 6.6 0.034 135.874
4.87 6.6 0.033 135.614
4.88 6.6 0.032 135.345
4.89 6.64 0.031 135.182
4.9 6.73 0.031 135.521
4.91 6.78 0.031 135.743
4.92 6.81 0.031 135.906
4.93 6.85 0.031 136.097
4.94 6.88 0.032 136.62
4.95 6.9 0.032 136.754
4.96 6.91 0.032 136.86
4.97 6.92 0.033 137.316
4.98 6.94 0.033 137.45
4.99 6.95 0.032 137.203
5 6.98 0.032 137.365
5.01 7.01 0.032 137.526
5.02 7.07 0.031 137.408
5.03 7.11 0.03 137.221
5.04 7.26 0.03 137.71
5.05 7.39 0.03 138.138
5.06 7.55 0.029 138.251
5.07 7.77 0.029 138.9
5.08 8.28 0.028 139.845
5.09 8.58 0.028 140.641
5.1 8.88 0.029 141.829
5.11 9.17 0.031 143.358
5.12 9.48 0.034 145.236
5.13 10.17 0.048 151.065
5.14 10.51 0.049 152.125
5.15 10.86 0.049 152.927
5.16 11.21 0.054 154.958
5.17 11.9 0.054 156.38
5.18 12.37 0.054 157.34
5.19 12.37 0.054 157.424
5.2 12.43 0.056 158.096
5.21 12.71 0.056 158.688
5.22 12.9 0.057 159.347
5.23 12.8 0.056 159.019
5.24 12.79 0.056 159.085
5.25 12.78 0.056 159.152
5.26 12.73 0.055 158.908
5.27 12.58 0.055 158.721
5.28 12.53 0.056 158.951
5.29 12.46 0.056 158.907
5.3 12.42 0.057 159.151
5.31 12.37 0.057 159.142
5.32 12.36 0.057 159.206
5.33 12.37 0.057 159.308
5.34 12.38 0.058 159.641
5.35 12.46 0.06 160.323
5.36 12.59 0.064 161.512
5.37 12.55 0.062 161.095
5.38 12.43 0.061 160.738
5.39 12.37 0.058 160.036
5.4 12.35 0.057 159.85
5.41 12.46 0.056 159.901
5.42 12.57 0.056 160.185
5.43 12.37 0.056 159.898
5.44 12.34 0.051 158.684
5.45 12.35 0.048 157.985
5.46 12.35 0.055 159.866
5.47 12.47 0.059 161.108
5.48 12.33 0.059 160.928
5.49 12.22 0.059 160.802
5.5 12.1 0.058 160.427
5.51 11.91 0.058 160.142
5.52 11.73 0.057 159.641
5.53 11.35 0.057 158.966
5.54 10.52 0.057 157.316
5.55 10.52 0.057 157.395
5.56 10.05 0.056 156.21
5.57 9.34 0.058 155.1
5.58 9.01 0.058 154.376
5.59 8.81 0.058 153.954
5.6 8.66 0.048 151.25
5.61 8.49 0.046 150.36
5.62 8.38 0.046 150.153
5.63 8.28 0.045 149.693
5.64 8.08 0.045 149.241
5.65 7.92 0.044 148.607
5.66 7.85 0.045 148.768
5.67 7.79 0.045 148.677
5.68 7.76 0.045 148.667
5.69 7.72 0.045 148.629
5.7 7.68 0.045 148.59
5.71 7.65 0.044 148.301
5.72 7.61 0.044 148.262
5.73 7.59 0.044 148.277
5.74 7.59 0.044 148.349
5.75 7.6 0.043 148.166
5.76 7.6 0.043 148.237
5.77 7.61 0.043 148.337
5.78 7.63 0.043 148.464
5.79 7.66 0.043 148.62
5.8 7.69 0.043 148.775
5.81 7.72 0.043 148.929
5.82 7.76 0.043 149.111
5.83 7.81 0.043 149.321
5.84 7.91 0.043 149.666
5.85 7.98 0.043 149.927
5.86 8.04 0.043 150.16
5.87 8.11 0.043 150.419
5.88 8.17 0.043 150.65
5.89 8.23 0.044 151.169
5.9 8.3 0.044 151.425
5.91 8.38 0.044 151.706
5.92 8.42 0.044 151.881
5.93 8.51 0.044 152.185
5.94 8.56 0.045 152.67
5.95 8.63 0.045 152.921
5.96 8.68 0.045 153.119
5.97 8.69 0.045 153.216
5.98 8.69 0.045 153.288
5.99 8.72 0.045 153.435
6 8.75 0.046 153.863
6.01 8.81 0.046 154.086
6.02 8.92 0.046 154.433
6.03 9.16 0.046 155.096
6.04 9.27 0.045 155.15
6.05 9.35 0.045 155.414
6.06 9.39 0.045 155.581
6.07 9.43 0.046 156.033
6.08 9.39 0.046 156.009
6.09 9.4 0.048 156.657
6.1 9.39 0.048 156.705
6.11 9.35 0.048 156.68
6.12 9.32 0.048 156.679
6.13 9.27 0.048 156.628
6.14 9.2 0.048 156.528
6.15 9.11 0.048 156.378
6.16 8.88 0.049 156.141
6.17 8.78 0.049 155.957
6.18 8.78 0.049 156.027
6.19 8.81 0.048 155.906
6.2 8.84 0.047 155.78
6.21 8.91 0.046 155.748
6.22 8.98 0.045 155.708
6.23 9.02 0.045 155.877
6.24 9.04 0.045 155.996
6.25 9.02 0.046 156.302
6.26 9 0.047 156.601
6.27 8.96 0.047 156.57
6.28 8.96 0.048 156.914
6.29 8.99 0.048 157.059
6.3 9.02 0.048 157.204
6.31 9.08 0.048 157.424
6.32 9.16 0.049 157.963
6.33 9.24 0.05 158.496
6.34 9.3 0.051 158.975
6.35 9.37 0.051 159.217
6.36 9.43 0.051 159.433
6.37 9.47 0.052 159.858
6.38 9.47 0.052 159.928
6.39 9.39 0.052 159.802
6.4 9.35 0.053 160.027
6.41 9.31 0.053 159.997
6.42 9.24 0.053 159.893
6.43 9.16 0.052 159.509
6.44 9.08 0.05 158.857
6.45 9 0.047 157.908
6.46 8.94 0.047 157.824
6.47 8.88 0.047 157.739
6.48 8.83 0.047 157.679
6.49 8.75 0.046 157.258
6.5 8.74 0.046 157.299
6.51 8.68 0.045 156.923
6.52 8.7 0.045 157.042
6.53 8.73 0.045 157.187
6.54 8.83 0.045 157.512
6.55 9.04 0.045 158.113
6.56 9.2 0.045 158.581
6.57 9.33 0.046 159.26
6.58 9.46 0.046 159.645
6.59 9.66 0.047 160.481
6.6 9.74 0.048 161.021
6.61 9.8 0.048 161.231
6.62 9.83 0.049 161.647
6.63 9.83 0.05 161.987
6.64 9.82 0.05 162.031
6.65 9.81 0.05 162.075
6.66 9.82 0.05 162.167
6.67 9.84 0.051 162.55
6.68 9.92 0.051 162.807
6.69 10.05 0.052 163.444
6.7 10.18 0.052 163.815
6.71 10.55 0.052 164.728
6.72 10.77 0.053 165.549
6.73 10.97 0.053 166.056
6.74 11.07 0.053 166.342
6.75 11.13 0.054 166.799
6.76 11.1 0.056 167.309
6.77 11.03 0.057 167.472
6.78 10.95 0.058 167.607
6.79 10.84 0.059 167.671
6.8 10.69 0.06 167.637
6.81 10.52 0.064 168.22
6.82 10.07 0.066 167.661
6.83 9.79 0.068 167.465
6.84 9.46 0.071 167.308
6.85 9.1 0.073 166.828
6.86 8.69 0.076 166.348
6.87 7.67 0.079 163.978
6.88 7.09 0.08 162.367
6.89 6.46 0.082 160.6
6.9 5.86 0.081 158.264
6.91 5.35 0.081 156.265
6.92 5 0.076 153.994
6.93 4.97 0.076 153.922
6.94 5.12 0.074 154.302
6.95 5.27 0.073 154.831
6.96 5.74 0.07 156.264
6.97 6.32 0.058 156.048
6.98 6.87 0.051 156.315
6.99 7.49 0.047 157.263
7 7.68 0.046 157.612
7.01 7.87 0.045 157.941
7.02 8.06 0.045 158.547
7.03 8.19 0.044 158.679
7.04 8.49 0.043 159.261
7.05 8.62 0.042 159.361
7.06 8.7 0.041 159.316
7.07 8.74 0.043 160.117
7.08 8.78 0.044 160.593
7.09 8.86 0.045 161.167
7.1 8.87 0.047 161.84
7.11 8.83 0.047 161.798
7.12 8.73 0.047 161.596
7.13 8.58 0.047 161.257
7.14 8.11 0.047 160.016
7.15 7.84 0.046 159.015
7.16 7.59 0.046 158.336
7.17 7.35 0.045 157.378
7.18 7.12 0.046 157.007
7.19 6.91 0.046 156.392
7.2 6.7 0.047 156.038
7.21 6.3 0.047 154.72
7.22 6.09 0.047 154.026
7.23 5.87 0.046 152.997
7.24 5.61 0.046 152.061
7.25 5.27 0.047 151.026
7.26 4.37 0.049 147.575
7.27 3.89 0.052 145.898
7.28 3.54 0.055 144.659
7.29 3.14 0.058 142.867
7.3 2.79 0.059 140.71
7.31 2.24 0.059 136.382
7.32 2.03 0.058 134.322
7.33 1.88 0.055 132.31
7.34 1.78 0.051 130.5
7.35 1.68 0.047 128.59
7.36 1.46 0.046 125.84
7.37 1.36 0.042 123.668
7.38 1.26 0.038 121.347
7.39 1.16 0.036 119.417
7.4 1.13 0.034 118.448
7.41 1.13 0.031 117.585
7.42 1.14 0.026 116.067
7.43 1.17 0.025 116.166
7.44 1.16 0.024 115.673
7.45 1.16 0.023 115.307
7.46 1.1 0.023 114.471
7.47 1.08 0.02 112.891
7.48 1.14 0.02 113.816
7.49 1.19 0.019 114.076
7.5 1.34 0.019 116.086
7.51 1.7 0.018 119.638
7.52 1.72 0.018 119.884
7.53 1.69 0.015 117.824
7.54 1.58 0.014 116.062
7.55 1.46 0.014 114.792
7.56 1.17 0.014 111.23
7.57 1.05 0.014 109.551
7.58 0.99 0.014 108.666
7.59 0.97 0.013 107.721
7.6 0.96 0.013 107.6
7.61 0.95 0.013 107.477
7.62 0.95 0.012 106.802
7.63 0.92 0.011 105.582
7.64 0.88 0.011 104.946
7.65 0.87 0.012 105.573
7.66 0.87 0.013 106.317
7.67 0.9 0.014 107.537
7.68 0.94 0.019 111.038
7.69 1.01 0.02 112.713
7.7 1.08 0.021 114.31
7.71 1.14 0.021 115.245
7.72 1.18 0.021 115.86
7.73 1.22 0.019 115.494
7.74 1.37 0.016 115.813
7.75 1.53 0.015 117.082
7.76 1.71 0.016 119.656
7.77 1.9 0.017 122.143
7.78 2.05 0.018 124.12
7.79 2.1 0.018 124.596
7.8 2.16 0.019 125.711
7.81 2.16 0.019 125.756
7.82 2.22 0.022 127.848
7.83 2.28 0.025 129.758
7.84 2.33 0.025 130.21
7.85 2.26 0.025 129.686
7.86 2.15 0.025 128.803
7.87 1.88 0.024 125.954
7.88 1.91 0.023 125.839
7.89 1.95 0.021 125.308
7.9 2.37 0.02 128.401
7.91 2.7 0.02 130.88
7.92 2.99 0.021 133.404
7.93 2.81 0.025 134.196
7.94 2.57 0.027 133.379
7.95 2.34 0.026 131.224
7.96 2.11 0.025 128.907
7.97 1.89 0.025 126.924
7.98 1.56 0.025 123.507
7.99 1.43 0.025 122.012
8 1.31 0.024 120.115
8.01 1.16 0.024 118.071
8.02 0.97 0.022 114.278
8.03 0.89 0.019 111.541
8.04 0.96 0.016 111.201
8.05 1.04 0.015 111.926
8.06 1.31 0.014 115.086
8.07 1.7 0.013 118.794
8.08 2.1 0.01 119.861
8.09 2.28 0.01 121.331
8.1 2.24 0.01 121.063
8.11 2 0.011 120.093
8.12 1.69 0.011 117.256
8.13 1.46 0.011 114.851
8.14 1.24 0.01 111.333
8.15 0.95 0.01 107.18
8.16 0.85 0.01 105.513
8.17 0.78 0.01 104.25
8.18 0.72 0.011 103.911
8.19 0.65 0.011 102.427
8.2 0.57 0.012 101.273
8.21 0.56 0.012 101.049
8.22 0.56 0.012 101.083
8.23 0.57 0.011 100.644
8.24 0.59 0.011 101.179
8.25 0.63 0.011 102.174
8.26 0.7 0.011 103.771
8.27 1.1 0.011 110.787
8.28 1.9 0.011 119.899
8.29 2.44 0.011 124.338
8.3 2.71 0.011 126.274
8.31 2.92 0.012 128.609
8.32 3.29 0.012 130.881
8.33 3.39 0.012 131.49
8.34 3.46 0.013 132.803
8.35 3.47 0.013 132.903
8.36 3.38 0.013 132.445
8.37 3.25 0.013 131.743
8.38 3.04 0.014 131.332
8.39 2.95 0.015 131.561
8.4 2.86 0.017 132.391
8.41 2.79 0.017 131.963
8.42 2.69 0.018 131.94
8.43 2.57 0.019 131.711
8.44 2.35 0.019 130.067
8.45 2.29 0.018 129.044
8.46 2.26 0.017 128.231
8.47 2.2 0.018 128.386
8.48 2.12 0.019 128.321
8.49 1.98 0.021 128.169
8.5 1.98 0.023 129.185
8.51 1.97 0.025 130.032
8.52 1.97 0.03 132.063
8.53 1.93 0.031 132.076
8.54 1.85 0.036 132.96
8.55 1.85 0.04 134.174
8.56 1.87 0.041 134.702
8.57 1.9 0.042 135.326
8.58 2.12 0.042 137.523
8.59 2.28 0.043 139.288
8.6 2.51 0.044 141.546
8.61 2.93 0.043 144.505
8.62 3.28 0.045 147.476
8.63 3.62 0.049 150.698
8.64 4.01 0.048 152.722
8.65 3.99 0.051 153.433
8.66 3.92 0.052 153.339
8.67 3.78 0.053 152.829
8.68 3.64 0.047 150.537
8.69 3.48 0.042 148.22
8.7 3.11 0.042 145.887
8.71 3.05 0.041 145.233
8.72 3.07 0.04 145.118
8.73 3.1 0.04 145.367
8.74 3.52 0.041 148.403
8.75 4.68 0.039 154.024
8.76 5.05 0.038 155.434
8.77 5.11 0.038 155.748
8.78 4.9 0.038 154.859
8.79 4.64 0.038 153.696
8.8 4.9 0.038 154.957
8.81 5.17 0.039 156.545
8.82 5.65 0.039 158.61
8.83 5.84 0.04 159.753
8.84 5.6 0.043 159.799
8.85 5.22 0.048 159.695
8.86 4.3 0.058 157.812
8.87 3.89 0.061 156.255
8.88 3.51 0.062 154.215
8.89 3.2 0.061 152.017
8.9 2.9 0.06 149.719
8.91 2.67 0.055 146.926
8.92 2.61 0.052 145.81
8.93 2.69 0.05 146.014
8.94 2.77 0.048 146.179
8.95 3.05 0.044 147.197
8.96 3.35 0.04 148.067
8.97 3.53 0.036 147.931
8.98 3.66 0.032 147.299
8.99 3.85 0.026 145.88
9 3.92 0.025 145.827
9.01 3.93 0.024 145.431
9.02 3.83 0.022 143.892
9.03 3.68 0.02 141.98
9.04 3.33 0.021 140.564
9.05 3.22 0.021 139.928
9.06 3.11 0.02 138.708
9.07 2.99 0.019 137.379
9.08 2.84 0.02 136.99
9.09 2.63 0.021 136.076
9.1 2.29 0.023 134.445
9.11 2.15 0.023 133.27
9.12 2.01 0.023 132.024
9.13 1.9 0.023 130.998
9.14 1.76 0.025 130.504
9.15 1.53 0.029 129.527
9.16 1.53 0.033 130.967
9.17 1.53 0.038 132.553
9.18 1.53 0.041 133.434
9.19 1.7 0.042 135.787
9.2 1.97 0.042 138.742
9.21 2.22 0.043 141.469
9.22 2.53 0.043 144.201
9.23 2.8 0.044 146.646
9.24 3.23 0.044 149.739
9.25 3.75 0.044 153.039
9.26 4.3 0.039 154.572
9.27 4.8 0.04 157.419
9.28 6.47 0.041 164.721
9.29 7.51 0.044 169.338
9.3 8.46 0.046 172.957
9.31 9.16 0.047 175.314
9.32 9.6 0.048 176.865
9.33 10.11 0.052 179.432
9.34 10.32 0.059 181.919
9.35 10.48 0.063 183.375
9.36 10.57 0.064 183.897
9.37 10.67 0.065 184.438
9.38 10.8 0.066 185.05
9.39 11.01 0.067 185.851
9.4 11.09 0.072 187.218
9.41 11.24 0.075 188.274
9.42 11.45 0.059 185.1
9.43 11.66 0.062 186.408
9.44 11.81 0.066 187.78
9.45 11.99 0.066 188.245
9.46 12.18 0.067 188.964
9.47 12.58 0.069 190.366
9.48 12.72 0.071 191.18
9.49 12.85 0.073 191.959
9.5 12.8 0.076 192.552
9.51 12.86 0.079 193.359
9.52 12.92 0.082 194.147
9.53 13.02 0.086 195.191
9.54 13.19 0.088 195.988
9.55 13.23 0.091 196.678
9.56 13.12 0.093 196.855
9.57 12.92 0.096 196.996
9.58 12.67 0.098 196.837
9.59 12.33 0.1 196.455
9.6 12.01 0.1 195.769
9.61 11.63 0.101 195.082
9.62 11.22 0.102 194.292
9.63 10.83 0.102 193.361
9.64 10.56 0.101 192.557
9.65 10.51 0.101 192.481
9.66 10.66 0.101 192.929
9.67 10.81 0.101 193.373
9.68 11.44 0.098 194.525
9.69 12.08 0.097 195.944
9.7 12.51 0.097 196.99
9.71 12.79 0.097 197.676
9.72 12.73 0.097 197.599
9.73 12.57 0.097 197.295
9.74 12.34 0.098 196.996
9.75 12.19 0.097 196.537
9.76 11.91 0.097 195.937
9.77 11.79 0.096 195.538
9.78 11.77 0.095 195.376
9.79 11.79 0.093 195.133
9.8 11.8 0.092 195.037
9.81 11.9 0.09 194.973
9.82 12.09 0.089 195.292
9.83 12.43 0.089 196.129
9.84 12.5 0.089 196.343
9.85 12.47 0.089 196.33
9.86 12.37 0.089 196.158
9.87 12.32 0.09 196.281
9.88 12.31 0.093 196.85
9.89 12.34 0.094 197.15
9.9 12.37 0.098 197.959
9.91 12.42 0.09 196.731
9.92 12.71 0.083 196.116
9.93 12.86 0.081 196.104
9.94 12.95 0.08 196.153
9.95 12.97 0.079 196.046
9.96 12.95 0.079 196.057
9.97 13.01 0.08 196.448
9.98 13.07 0.082 197.038
9.99 13.22 0.083 197.616
10 13.56 0.083 198.395
10.01 13.91 0.082 198.979
10.02 14.06 0.08 198.933
10.03 14.16 0.08 199.191
10.04 14.25 0.079 199.219
10.05 14.33 0.079 199.435
10.06 14.29 0.08 199.619
10.07 14.27 0.086 200.839
10.08 14.24 0.088 201.218
10.09 14.23 0.089 201.442
10.1 14.23 0.089 201.498
10.11 14.22 0.091 201.906
10.12 14.08 0.093 202.039
10.13 13.96 0.095 202.203
10.14 13.79 0.098 202.425
10.15 13.61 0.101 202.605
10.16 13.45 0.105 202.971
10.17 13.32 0.107 203.061
10.18 13.22 0.107 202.896
10.19 13.12 0.107 202.73
10.2 13.06 0.108 202.808
10.21 13.01 0.108 202.751
10.22 12.94 0.108 202.649
10.23 12.74 0.108 202.25
10.24 12.61 0.108 202.006
10.25 12.48 0.107 201.604
10.26 12.34 0.107 201.331
10.27 12.15 0.107 200.936
10.28 12.02 0.108 200.835
10.29 11.88 0.109 200.704
10.3 11.79 0.108 200.385
10.31 11.79 0.108 200.439
10.32 11.79 0.104 199.865
10.33 11.94 0.099 199.463
10.34 12.12 0.094 199.087
10.35 12.33 0.093 199.456
10.36 12.63 0.093 200.202
10.37 12.96 0.094 201.179
10.38 13.27 0.094 201.92
10.39 13.71 0.095 203.103
10.4 13.9 0.096 203.738
10.41 14.1 0.095 204.034
10.42 14.34 0.093 204.224
10.43 14.6 0.091 204.437
10.44 14.87 0.091 205.032
10.45 15.17 0.086 204.712
10.46 15.47 0.082 204.533
10.47 16.02 0.082 205.619
10.48 16.24 0.084 206.492
10.49 16.38 0.085 207.006
10.5 16.41 0.088 207.714
10.51 16.36 0.091 208.257
10.52 15.82 0.095 208.051
10.53 15.79 0.099 208.765
10.54 15.76 0.101 209.11
10.55 15.75 0.103 209.488
10.56 15.64 0.104 209.5
10.57 15.51 0.105 209.47
10.58 15.31 0.105 209.134
10.59 15.09 0.105 208.753
10.6 14.98 0.104 208.422
10.61 14.82 0.105 208.32
10.62 14.76 0.105 208.253
10.63 14.75 0.105 208.287
10.64 14.76 0.104 208.196
10.65 14.76 0.104 208.251
10.66 14.79 0.102 208.03
10.67 14.76 0.1 207.681
10.68 14.71 0.098 207.285
10.69 14.68 0.098 207.278
10.7 14.69 0.098 207.352
10.71 14.7 0.099 207.601
10.72 14.74 0.1 207.91
10.73 14.8 0.102 208.429
10.74 14.74 0.104 208.698
10.75 14.61 0.104 208.486
10.76 14.45 0.104 208.209
10.77 14.26 0.105 208.032
10.78 14.02 0.105 207.578
10.79 13.7 0.105 206.942
10.8 13.36 0.105 206.248
10.81 13 0.104 205.327
10.82 12.73 0.103 204.596
10.83 12.53 0.101 203.849
10.84 12.33 0.099 203.091
10.85 12.34 0.096 202.648
10.86 12.36 0.094 202.392
10.87 12.45 0.092 202.293
10.88 12.57 0.09 202.254
10.89 12.7 0.088 202.228
10.9 12.9 0.088 202.735
10.91 13.09 0.087 203.021
10.92 13.54 0.088 204.257
10.93 13.77 0.087 204.611
10.94 13.97 0.087 205.088
10.95 14.21 0.087 205.644
10.96 14.43 0.088 206.348
10.97 14.67 0.089 207.086
10.98 14.89 0.089 207.583
10.99 15.09 0.091 208.42
11 15.41 0.093 209.482
11.01 15.53 0.094 209.956
11.02 15.67 0.095 210.465
11.03 15.78 0.096 210.914
11.04 15.86 0.097 211.303
11.05 15.99 0.098 211.786
11.06 16.02 0.099 212.075
11.07 16.04 0.1 212.344
11.08 16.06 0.101 212.612
11.09 16.09 0.102 212.896
11.1 16.07 0.103 213.085
11.11 15.95 0.104 213.079
11.12 15.8 0.105 213.012
11.13 15.57 0.106 212.784
11.14 15.3 0.106 212.301
11.15 14.98 0.106 211.709
11.16 14.69 0.105 211
11.17 14.43 0.105 210.511
11.18 14.24 0.104 209.994
11.19 14.1 0.102 209.409
11.2 14.06 0.102 209.375
11.21 14.02 0.1 208.997
11.22 14.03 0.098 208.719
11.23 14.04 0.097 208.614
11.24 14.06 0.096 208.529
11.25 14.08 0.094 208.258
11.26 13.94 0.094 208.01
11.27 13.81 0.092 207.409
11.28 13.69 0.092 207.2
11.29 13.52 0.092 206.878
11.3 13.36 0.092 206.575
11.31 13.26 0.091 206.214
11.32 13.15 0.09 205.828
11.33 13.07 0.089 205.507
11.34 12.97 0.087 204.942
11.35 12.95 0.086 204.75
11.36 13.02 0.084 204.558
11.37 13.09 0.084 204.766
11.38 13.41 0.084 205.53
11.39 13.86 0.084 206.56
11.4 14.33 0.084 207.605
11.41 14.78 0.085 208.787
11.42 15.14 0.086 209.767
11.43 15.43 0.088 210.795
11.44 15.63 0.091 211.828
11.45 15.69 0.093 212.38
11.46 15.67 0.096 212.954
11.47 15.49 0.093 212.091
11.48 15.18 0.09 210.949
11.49 14.81 0.09 210.252
11.5 14.39 0.09 209.433
11.51 14.05 0.09 208.764
11.52 13.69 0.089 207.842
11.53 13.35 0.088 206.946
11.54 12.8 0.087 205.55
11.55 12.57 0.085 204.667
11.56 12.52 0.084 204.397
11.57 12.59 0.082 204.201
11.58 12.66 0.081 204.204
11.59 12.82 0.08 204.412
11.6 12.97 0.08 204.804
11.61 13.17 0.08 205.305
11.62 13.15 0.08 205.309
11.63 13.13 0.081 205.525
11.64 12.99 0.082 205.467
11.65 12.66 0.084 205.167
11.66 12.42 0.086 205.052
11.67 12.13 0.086 204.404
11.68 11.87 0.086 203.816
11.69 11.46 0.085 202.638
11.7 11.29 0.083 201.85
11.71 11.12 0.082 201.254
11.72 10.96 0.081 200.677
11.73 10.61 0.08 199.583
11.74 10.43 0.077 198.506
11.75 10.28 0.075 197.706
11.76 10.15 0.074 197.171
11.77 9.93 0.072 196.148
11.78 9.85 0.071 195.738
11.79 9.77 0.07 195.324
11.8 9.7 0.069 194.934
11.81 9.66 0.067 194.388
11.82 9.63 0.065 193.857
11.83 9.64 0.063 193.428
11.84 9.64 0.062 193.216
11.85 9.68 0.061 193.115
11.86 9.71 0.061 193.247
11.87 9.73 0.06 193.084
11.88 9.71 0.06 193.072
11.89 9.7 0.06 193.088
11.9 9.67 0.06 193.047
11.91 9.61 0.059 192.65
11.92 9.56 0.059 192.55
11.93 9.49 0.058 192.118
11.94 9.46 0.058 192.075
11.95 9.39 0.058 191.914
11.96 9.37 0.058 191.9
11.97 9.35 0.058 191.885
11.98 9.36 0.059 192.233
11.99 9.38 0.059 192.336
12 9.39 0.059 192.411
12.01 9.41 0.06 192.784
12.02 9.44 0.062 193.444
12.03 9.45 0.065 194.28
12.04 9.44 0.066 194.542
12.05 9.39 0.066 194.438
12.06 9.34 0.065 194.087
12.07 9.26 0.064 193.642
12.08 9.14 0.063 193.07
12.09 9.01 0.063 192.716
12.1 8.9 0.063 192.42
12.11 8.97 0.062 192.425
12.12 9.04 0.061 192.424
12.13 9.3 0.061 193.256
12.14 9.67 0.059 193.85
12.15 10.13 0.059 195.197
12.16 10.6 0.059 196.521
12.17 10.99 0.059 197.591
12.18 11.44 0.059 198.782
12.19 11.78 0.06 199.947
12.2 12.43 0.061 201.822
12.21 12.52 0.066 203.407
12.22 12.64 0.07 204.733
12.23 12.73 0.076 206.396
12.24 12.82 0.08 207.536
12.25 12.87 0.085 208.75
12.26 12.91 0.087 209.295
12.27 12.9 0.088 209.519
12.28 12.82 0.087 209.179
12.29 12.68 0.087 208.896
12.3 12.49 0.087 208.49
12.31 12.25 0.091 208.734
12.32 11.92 0.093 208.338
12.33 11.85 0.089 207.448
12.34 11.84 0.085 206.678
12.35 11.9 0.084 206.671
12.36 11.95 0.084 206.843
12.37 12.12 0.084 207.31
12.38 12.18 0.083 207.298
12.39 12.36 0.08 207.147
12.4 12.52 0.079 207.361
12.41 12.46 0.075 206.37
12.42 12.35 0.074 205.922
12.43 12.03 0.07 204.245
12.44 11.68 0.066 202.43
12.45 11.37 0.062 200.646
12.46 10.91 0.059 198.68
12.47 10.61 0.06 198.205
12.48 10.37 0.06 197.597
12.49 10.32 0.064 198.567
12.5 10.28 0.075 201.137
12.51 10.13 0.08 201.837
12.52 10.28 0.083 202.93
12.53 10.42 0.085 203.774
12.54 10.65 0.086 204.66
12.55 10.9 0.087 205.588
12.56 11.06 0.089 206.456
12.57 11.1 0.089 206.609
12.58 11.11 0.088 206.487
12.59 11.12 0.087 206.363
12.6 11.18 0.086 206.37
12.61 11.26 0.083 206.018
12.62 11.39 0.082 206.196
12.63 11.67 0.079 206.324
12.64 11.83 0.076 206.109
12.65 12.04 0.076 206.677
12.66 12.24 0.075 206.986
12.67 12.43 0.075 207.491
12.68 12.8 0.075 208.415
12.69 12.94 0.075 208.787
12.7 13.05 0.075 209.088
12.71 13.15 0.076 209.594
12.72 13.28 0.078 210.391
12.73 13.63 0.08 211.673
12.74 13.88 0.082 212.71
12.75 14.16 0.083 213.585
12.76 14.43 0.084 214.427
12.77 14.7 0.086 215.468
12.78 15.2 0.09 217.376
12.79 15.45 0.092 218.334
12.8 15.64 0.093 218.963
12.81 15.79 0.095 219.7
12.82 15.91 0.097 220.369
12.83 15.97 0.099 220.911
12.84 15.97 0.099 220.959
12.85 15.86 0.1 220.972
12.86 15.79 0.1 220.879
12.87 15.76 0.101 221.049
12.88 15.72 0.102 221.197
12.89 15.69 0.102 221.184
12.9 15.59 0.102 221.028
12.91 15.5 0.102 220.891
12.92 15.37 0.102 220.671
12.93 15.19 0.101 220.164
12.94 14.99 0.1 219.609
12.95 14.56 0.098 218.371
12.96 14.37 0.098 218.005
12.97 14.19 0.097 217.47
12.98 14 0.097 217.095
12.99 14 0.098 217.327
13 14.18 0.097 217.588
13.01 14.35 0.097 218.008
13.02 14.57 0.097 218.533
13.03 14.75 0.097 218.967
13.04 14.91 0.097 219.354
13.05 15.05 0.097 219.696
13.06 15.1 0.096 219.658
13.07 15.1 0.097 219.895
13.08 15.07 0.098 220.066
13.09 14.98 0.1 220.293
13.1 14.85 0.101 220.246
13.11 14.77 0.103 220.481
13.12 14.7 0.103 220.376
13.13 14.74 0.102 220.33
13.14 14.79 0.102 220.485
13.15 14.74 0.1 220.061
13.16 14.8 0.1 220.236
13.17 14.83 0.097 219.789
13.18 14.82 0.097 219.814
13.19 14.83 0.097 219.882
13.2 14.81 0.096 219.696
13.21 14.8 0.096 219.721
13.22 14.84 0.096 219.853
13.23 14.88 0.095 219.793
13.24 15.05 0.095 220.199
13.25 15.12 0.095 220.392
13.26 15.12 0.095 220.438
13.27 15.1 0.095 220.442
13.28 15.08 0.095 220.447
13.29 15.07 0.096 220.664
13.3 15.07 0.097 220.9
13.31 15.07 0.099 221.322
13.32 15.04 0.1 221.49
13.33 14.99 0.1 221.43
13.34 14.79 0.1 221.048
13.35 14.63 0.1 220.748
13.36 14.34 0.102 220.521
13.37 14.06 0.103 220.12
13.38 13.7 0.104 219.522
13.39 13.37 0.105 218.972
13.4 13.07 0.106 218.475
13.41 12.78 0.105 217.644
13.42 12.52 0.105 217.046
13.43 12.22 0.104 216.162
13.44 11.96 0.102 215.19
13.45 11.63 0.097 213.474
13.46 11.37 0.092 211.889
13.47 11.15 0.09 210.951
13.48 11.02 0.09 210.639
13.49 11.08 0.089 210.651
13.5 11.14 0.088 210.66
13.51 11.65 0.088 212.066
13.52 11.73 0.088 212.319
13.53 11.8 0.088 212.545
13.54 11.95 0.088 212.976
13.55 12.01 0.088 213.173
13.56 12.07 0.089 213.57
13.57 12.11 0.09 213.915
13.58 12.12 0.09 213.984
13.59 12.12 0.091 214.225
13.6 12.14 0.092 214.514
13.61 12.33 0.092 215.038
13.62 12.49 0.093 215.676
13.63 12.7 0.093 216.239
13.64 12.9 0.093 216.77
13.65 13.07 0.093 217.223
13.66 13.23 0.093 217.648
13.67 13.37 0.093 218.023
13.68 13.61 0.093 218.627
13.69 13.77 0.093 219.039
13.7 13.9 0.094 219.576
13.71 14.07 0.095 220.199
13.72 14.21 0.095 220.558
13.73 14.36 0.096 221.129
13.74 14.5 0.099 222.051
13.75 14.63 0.1 222.567
13.76 14.74 0.101 223.037
13.77 14.78 0.103 223.534
13.78 14.76 0.104 223.715
13.79 14.69 0.106 223.961
13.8 14.58 0.107 223.939
13.81 14.27 0.108 223.465
13.82 14.09 0.108 223.102
13.83 13.86 0.108 222.618
13.84 13.6 0.108 222.057
13.85 13.33 0.108 221.461
13.86 13.01 0.108 220.732
13.87 12.68 0.108 219.961
13.88 12.41 0.106 218.983
13.89 12.18 0.105 218.266
13.9 11.99 0.104 217.642
13.91 11.84 0.102 216.941
13.92 11.54 0.1 215.828
13.93 11.33 0.097 214.756
13.94 11.13 0.095 213.877
13.95 10.96 0.093 213.069
13.96 10.82 0.092 212.526
13.97 10.72 0.09 211.896
13.98 10.7 0.089 211.685
13.99 10.74 0.087 211.44
14 10.77 0.086 211.364
14.01 10.9 0.085 211.565
14.02 11.08 0.084 211.898
14.03 11.29 0.083 212.302
14.04 11.77 0.083 213.622
14.05 12.01 0.084 214.499
14.06 12.16 0.084 214.926
14.07 12.31 0.085 215.56
14.08 12.43 0.087 216.322
14.09 12.5 0.089 216.95
14.1 12.6 0.09 217.444
14.11 12.68 0.091 217.885
14.12 12.73 0.092 218.25
14.13 12.73 0.092 218.293
14.14 12.71 0.093 218.483
14.15 12.7 0.092 218.305
14.16 12.65 0.093 218.42
14.17 12.59 0.093 218.313
14.18 12.52 0.093 218.181
14.19 12.42 0.093 217.972
14.2 12.35 0.093 217.837
14.21 12.29 0.092 217.531
14.22 12.23 0.092 217.42
14.23 12.21 0.092 217.412
14.24 12.21 0.09 217.057
14.25 12.22 0.089 216.923
14.26 12.25 0.089 217.042
14.27 12.31 0.088 217.033
14.28 12.37 0.088 217.227
14.29 12.45 0.089 217.676
14.3 12.59 0.089 218.069
14.31 12.71 0.089 218.41
14.32 12.86 0.089 218.821
14.33 13.01 0.09 219.434
14.34 13.16 0.091 220.041
14.35 13.27 0.092 220.548
14.36 13.32 0.093 220.909
14.37 13.34 0.094 221.196
14.38 13.36 0.096 221.675
14.39 13.36 0.097 221.909
14.4 13.37 0.099 222.353
14.41 13.37 0.1 222.582
14.42 13.43 0.1 222.768
14.43 13.52 0.102 223.393
14.44 13.57 0.104 223.917
14.45 13.62 0.101 223.533
14.46 13.62 0.1 223.391
14.47 13.57 0.099 223.129
14.48 13.48 0.099 222.958
14.49 13.3 0.099 222.57
14.5 13.05 0.1 222.191
14.51 12.74 0.102 221.831
14.52 11.92 0.103 219.936
14.53 11.89 0.103 219.898
14.54 11.7 0.103 219.431
14.55 11.6 0.103 219.202
14.56 11.51 0.102 218.82
14.57 11.38 0.101 218.325
14.58 11.35 0.098 217.737
14.59 11.31 0.096 217.295
14.6 11.21 0.094 216.678
14.61 11.17 0.092 216.221
14.62 11.13 0.091 215.954
14.63 11.1 0.09 215.712
14.64 11.09 0.09 215.725
14.65 11.11 0.089 215.622
14.66 11.14 0.088 215.544
14.67 11.23 0.087 215.629
14.68 11.31 0.086 215.683
14.69 11.38 0.085 215.706
14.7 11.5 0.084 215.86
14.71 11.57 0.083 215.875
14.72 11.65 0.081 215.692
14.73 11.7 0.081 215.865
14.74 11.76 0.081 216.065
14.75 11.79 0.082 216.406
14.76 11.77 0.082 216.394
14.77 11.81 0.082 216.54
14.78 11.83 0.082 216.634
14.79 11.8 0.082 216.595
14.8 11.76 0.082 216.53
14.81 11.68 0.082 216.358
14.82 11.58 0.081 215.91
14.83 11.49 0.08 215.486
14.84 11.29 0.079 214.757
14.85 11.2 0.079 214.55
14.86 11.11 0.078 214.114
14.87 11.03 0.077 213.701
14.88 10.95 0.076 213.285
14.89 10.88 0.075 212.893
14.9 10.81 0.074 212.498
14.91 10.73 0.073 212.07
14.92 10.66 0.073 211.91
14.93 10.59 0.072 211.505
14.94 10.45 0.07 210.646
14.95 10.38 0.07 210.481
14.96 10.31 0.069 210.063
14.97 10.24 0.069 209.896
14.98 10.17 0.068 209.473
14.99 10.13 0.068 209.393
15 10.11 0.068 209.373
15.01 10.08 0.068 209.322
15.02 10.07 0.068 209.331
15.03 10.07 0.067 209.112
15.04 10.05 0.067 209.09
15.05 10.02 0.067 209.039
15.06 9.98 0.068 209.215
15.07 9.93 0.068 209.102
15.08 9.78 0.068 208.683
15.09 9.7 0.069 208.728
15.1 9.59 0.071 208.92
15.11 9.51 0.071 208.707
15.12 9.41 0.072 208.67
15.13 9.34 0.073 208.724
15.14 9.35 0.074 209.031
15.15 9.35 0.075 209.303
15.16 9.57 0.075 210.043
15.17 9.74 0.075 210.615
15.18 9.91 0.075 211.179
15.19 10.1 0.075 211.796
15.2 10.28 0.075 212.375
15.21 10.44 0.075 212.886
15.22 10.59 0.075 213.363
15.23 10.7 0.075 213.72
15.24 10.87 0.076 214.481
15.25 10.94 0.077 214.952
15.26 10.97 0.077 215.076
15.27 10.99 0.076 214.938
15.28 11.02 0.075 214.824
15.29 11.02 0.074 214.624
15.3 11 0.073 214.364
15.31 11.03 0.072 214.241
15.32 11.06 0.07 213.862
15.33 11.12 0.069 213.811
15.34 11.19 0.068 213.783
15.35 11.28 0.067 213.805
15.36 11.38 0.067 214.116
15.37 11.51 0.066 214.237
15.38 11.65 0.066 214.649
15.39 11.87 0.066 215.267
15.4 11.94 0.066 215.488
15.41 11.99 0.067 215.927
15.42 12.01 0.068 216.284
15.43 12.05 0.069 216.69
15.44 12.07 0.069 216.78
15.45 12.08 0.069 216.845
15.46 12.16 0.067 216.56
15.47 12.16 0.067 216.599
15.48 12.23 0.068 217.084
15.49 12.24 0.069 217.413
15.5 12.19 0.07 217.584
15.51 12.09 0.072 217.875
15.52 11.76 0.073 217.297
15.53 11.43 0.075 216.934
15.54 11.49 0.075 217.136
15.55 11.41 0.076 217.196
15.56 11.33 0.077 217.251
15.57 11.29 0.078 217.412
15.58 11.29 0.078 217.451
15.59 11.31 0.078 217.545
15.6 11.33 0.078 217.64
15.61 11.39 0.078 217.844
15.62 11.42 0.078 217.965
15.63 11.48 0.078 218.169
15.64 11.54 0.077 218.137
15.65 11.6 0.077 218.339
15.66 11.63 0.076 218.221
15.67 11.63 0.076 218.26
15.68 11.66 0.076 218.38
15.69 11.83 0.076 218.874
15.7 12.04 0.076 219.468
15.71 12.34 0.074 219.798
15.72 12.73 0.074 220.824
15.73 13.11 0.074 221.801
15.74 13.48 0.074 222.731
15.75 13.76 0.075 223.68
15.76 13.97 0.077 224.7
15.77 14.11 0.079 225.543
15.78 14.12 0.081 226.076
15.79 14.09 0.083 226.505
15.8 14.02 0.085 226.832
15.81 13.95 0.086 226.929
15.82 13.77 0.088 226.978
15.83 13.52 0.091 227.053
15.84 13.25 0.093 226.844
15.85 12.95 0.094 226.338
15.86 12.68 0.097 226.282
15.87 12.6 0.099 226.5
15.88 12.68 0.1 226.936
15.89 12.75 0.101 227.344
15.9 12.88 0.102 227.903
15.91 13.05 0.102 228.373
15.92 13.26 0.103 229.125
15.93 13.35 0.102 229.202
15.94 13.33 0.102 229.193
15.95 13.3 0.102 229.158
15.96 13.25 0.101 228.886
15.97 13.2 0.1 228.612
15.98 13.14 0.101 228.691
15.99 13.04 0.1 228.29
16 12.96 0.098 227.745
16.01 12.87 0.096 227.166
16.02 12.73 0.092 226.046
16.03 12.55 0.091 225.417
16.04 12.31 0.088 224.204
16.05 11.84 0.087 222.777
16.06 11.68 0.086 222.166
16.07 11.56 0.085 221.658
16.08 11.56 0.084 221.478
16.09 11.32 0.082 220.406
16.1 11.19 0.081 219.853
16.11 11.08 0.08 219.352
16.12 10.97 0.079 218.846
16.13 10.85 0.079 218.537
16.14 10.76 0.078 218.081
16.15 10.66 0.078 217.826
16.16 10.54 0.077 217.275
16.17 10.4 0.077 216.894
16.18 10.26 0.077 216.509
16.19 10.16 0.075 215.768
16.2 10.12 0.074 215.441
16.21 10.13 0.072 215.018
16.22 10.13 0.071 214.805
16.23 10.23 0.071 215.146
16.24 10.35 0.071 215.544
16.25 10.71 0.071 216.645
16.26 10.87 0.071 217.146
16.27 11.03 0.071 217.64
16.28 11.2 0.071 218.157
16.29 11.29 0.072 218.701
16.3 11.34 0.072 218.877
16.31 11.33 0.073 219.138
16.32 11.3 0.074 219.34
16.33 11.3 0.074 219.377
16.34 11.36 0.075 219.827
16.35 11.41 0.076 220.246
16.36 11.54 0.077 220.883
16.37 11.73 0.078 221.679
16.38 11.87 0.079 222.331
16.39 12.01 0.082 223.437
16.4 12.11 0.085 224.411
16.41 12.25 0.087 225.257
16.42 12.46 0.087 225.847
16.43 12.67 0.086 226.212
16.44 13.08 0.085 227.069
16.45 13.31 0.076 225.568
16.46 13.59 0.075 226.034
16.47 13.89 0.076 227.034
16.48 14.25 0.076 227.911
16.49 14.7 0.078 229.467
16.5 15.19 0.082 231.554
16.51 15.5 0.088 233.636
16.52 15.36 0.091 234.022
16.53 15.22 0.093 234.176
16.54 14.99 0.094 233.911
16.55 14.67 0.094 233.224
16.56 14.31 0.095 232.635
16.57 13.88 0.098 232.254
16.58 13.42 0.099 231.364
16.59 12.68 0.099 229.52
16.6 12.43 0.099 228.901
16.61 12.29 0.098 228.374
16.62 12.15 0.096 227.645
16.63 11.81 0.096 226.754
16.64 11.62 0.094 225.867
16.65 11.41 0.091 224.705
16.66 11.2 0.089 223.728
16.67 10.98 0.086 222.491
16.68 10.6 0.085 221.187
16.69 10.44 0.084 220.523
16.7 10.36 0.082 219.874
16.71 10.26 0.08 219.153
16.72 10.24 0.078 218.667
16.73 10.24 0.078 218.703
16.74 10.27 0.077 218.597
16.75 10.3 0.077 218.725
16.76 10.38 0.076 218.767
16.77 10.49 0.073 218.403
16.78 10.68 0.073 219.004
16.79 10.71 0.072 218.878
16.8 10.7 0.072 218.885
16.81 10.63 0.072 218.714
16.82 10.37 0.073 218.222
16.83 10.18 0.074 217.924
16.84 9.97 0.077 218.026
16.85 9.71 0.084 218.813
16.86 9.41 0.087 218.499
16.87 8.62 0.089 216.201
16.88 8.1 0.09 214.507
16.89 7.61 0.092 213.013
16.9 6.98 0.099 211.701
16.91 5.66 0.102 205.95
16.92 5.17 0.105 203.807
16.93 4.64 0.105 200.69
16.94 4.43 0.104 199.23
16.95 4.39 0.102 198.681
16.96 4.38 0.098 197.989
16.97 4.5 0.09 197.39
16.98 4.62 0.075 195.188
16.99 5.02 0.066 195.478
17 5.53 0.059 196.413
17.01 6.28 0.056 199.209
17.02 6.72 0.056 201.194
17.03 6.97 0.055 201.985
17.04 7.15 0.051 201.491
17.05 7.26 0.05 201.635
17.06 7.23 0.048 200.864
17.07 7.1 0.047 200.022
17.08 6.98 0.045 198.844
17.09 6.87 0.046 198.785
17.1 6.75 0.046 198.313
17.11 6.6 0.047 198.059
17.12 6.36 0.048 197.383
17.13 6.2 0.049 197.029
17.14 6.07 0.05 196.791
17.15 5.98 0.049 196.071
17.16 5.91 0.047 195.093
17.17 5.83 0.045 194.038
17.18 5.78 0.043 193.097
17.19 5.7 0.042 192.364
17.2 5.61 0.042 191.955
17.21 5.49 0.042 191.389
17.22 5.26 0.041 189.863
17.23 5 0.041 188.513
17.24 4.66 0.04 186.258
17.25 4.33 0.041 184.707
17.26 3.99 0.042 182.94
17.27 3.64 0.041 180.205
17.28 3.29 0.04 177.265
17.29 2.73 0.041 172.948
17.3 2.63 0.042 172.394
17.31 2.48 0.045 171.954
17.32 2.28 0.044 169.595
17.33 2.03 0.042 166.164
17.34 1.84 0.039 162.849
17.35 1.63 0.037 159.357
17.36 1.51 0.034 156.532
17.37 1.37 0.034 154.379
17.38 1.21 0.032 150.904
17.39 1.08 0.029 147.267
17.4 1.01 0.026 144.557
17.41 0.95 0.024 142.359
17.42 0.91 0.021 139.939
17.43 0.89 0.018 137.737
17.44 0.88 0.014 134.689
17.45 0.85 0.013 133.215
17.46 0.86 0.011 131.619
17.47 0.87 0.011 131.859
17.48 0.91 0.011 132.736
17.49 1.04 0.011 135.335
17.5 1.1 0.011 136.454
17.51 1.22 0.012 139.532
17.52 1.35 0.013 142.55
17.53 1.46 0.015 145.917
17.54 1.59 0.017 149.291
17.55 1.8 0.02 154.075
17.56 2.01 0.021 157.204
17.57 2.21 0.022 160.01
17.58 2.21 0.024 161.198
17.59 2.25 0.026 162.72
17.6 2.23 0.028 163.542
17.61 2.2 0.031 164.638
17.62 2.21 0.036 166.834
17.63 2.23 0.04 168.548
17.64 2.31 0.041 169.781
17.65 2.36 0.042 170.674
17.66 2.53 0.042 172.419
17.67 2.67 0.042 173.789
17.68 2.67 0.043 174.157
17.69 2.64 0.044 174.234
17.7 2.64 0.045 174.587
17.71 2.63 0.044 174.193
17.72 2.63 0.043 173.888
17.73 2.55 0.038 171.372
17.74 2.5 0.034 169.336
17.75 2.46 0.032 168.12
17.76 2.32 0.03 165.84
17.77 2.11 0.029 163.155
17.78 1.92 0.028 160.508
17.79 1.82 0.027 158.82
17.8 1.78 0.025 157.327
17.81 1.77 0.025 157.224
17.82 1.78 0.023 156.288
17.83 1.76 0.02 154.254
17.84 1.7 0.02 153.51
17.85 1.63 0.018 151.275
17.86 1.53 0.016 148.463
17.87 1.37 0.014 144.529
17.88 1.26 0.012 140.999
17.89 1.26 0.011 140.004
17.9 1.21 0.011 139.212
17.91 1.12 0.011 137.692
17.92 0.96 0.01 133.627
17.93 0.91 0.01 132.622
17.94 0.87 0.01 131.787
17.95 0.87 0.009 130.657
17.96 0.88 0.008 129.616
17.97 0.89 0.008 129.847
17.98 0.89 0.008 129.867
17.99 0.9 0.008 130.096
18 0.91 0.007 128.884
18.01 0.9 0.007 128.699
18.02 0.88 0.007 128.303
18.03 0.87 0.007 128.111
18.04 0.88 0.006 126.707
18.05 0.88 0.006 126.726
18.06 0.89 0.006 126.952
18.07 0.9 0.006 127.176
18.08 0.91 0.006 127.398
18.09 0.91 0.006 127.418
18.1 0.88 0.006 126.824
18.11 0.86 0.006 126.424
18.12 0.85 0.006 126.231
18.13 0.84 0.006 126.035
18.14 0.84 0.006 126.054
18.15 0.84 0.006 126.074
18.16 0.84 0.006 126.093
18.17 0.84 0.006 126.112
18.18 0.81 0.006 125.473
18.19 0.79 0.006 125.041
18.2 0.77 0.006 124.599
18.21 0.76 0.006 124.384
18.22 0.76 0.007 126.008
18.23 0.77 0.007 126.265
18.24 0.78 0.007 126.519
18.25 0.82 0.008 128.877
18.26 0.87 0.008 130
18.27 0.95 0.008 131.677
18.28 1.04 0.007 131.951
18.29 1.1 0.007 133.041
18.3 1.14 0.007 133.748
18.31 1.07 0.007 132.553
18.32 0.96 0.007 130.518
18.33 0.89 0.007 129.122
18.34 0.88 0.007 128.932
18.35 0.88 0.008 130.392
18.36 0.88 0.008 130.412
18.37 0.89 0.008 130.644
18.38 0.89 0.008 130.664
18.39 0.89 0.009 131.97
18.4 0.87 0.009 131.559
18.41 0.87 0.008 130.296
18.42 0.88 0.008 130.53
18.43 0.88 0.008 130.55
18.44 0.9 0.008 130.993
18.45 0.93 0.008 131.633
18.46 0.96 0.009 133.558
18.47 1.01 0.009 134.558
18.48 1.08 0.01 137.08
18.49 1.09 0.009 136.085
18.5 1.12 0.011 138.939
18.51 1.16 0.014 142.494
18.52 1.2 0.017 145.545
18.53 1.27 0.017 146.76
18.54 1.4 0.022 152.084
18.55 1.57 0.028 157.772
18.56 1.73 0.032 161.804
18.57 1.92 0.035 165.504
18.58 2.3 0.035 169.89
18.59 2.89 0.031 173.831
18.6 3.45 0.028 176.845
18.61 3.77 0.026 178.044
18.62 3.48 0.026 176.029
18.63 3.12 0.027 173.854
18.64 2.74 0.035 174.383
18.65 2.37 0.036 171.204
18.66 1.98 0.038 167.606
18.67 2.04 0.044 170.419
18.68 2.1 0.05 172.987
18.69 3.91 0.05 189.214
18.7 5.01 0.05 196.119
18.71 6.06 0.05 201.597
18.72 7.04 0.052 206.7
18.73 7.96 0.058 212.34
18.74 8.94 0.059 216.26
18.75 10.11 0.057 219.526
18.76 11.29 0.056 222.748
18.77 13.25 0.056 227.976
18.78 13.98 0.057 230.116
18.79 14.66 0.06 232.721
18.8 15.25 0.063 235.033
18.81 15.65 0.067 237.158
18.82 15.79 0.071 238.646
18.83 15.7 0.074 239.307
18.84 15.52 0.076 239.476
18.85 15.35 0.078 239.649
18.86 15.19 0.081 240.076
18.87 14.99 0.085 240.617
18.88 14.77 0.088 240.834
18.89 14.59 0.089 240.671
18.9 14.38 0.089 240.204
18.91 13.98 0.088 239.041
18.92 13.82 0.088 238.68
18.93 13.66 0.087 238.089
18.94 13.35 0.086 237.11
18.95 13.03 0.085 236.087
18.96 12.64 0.085 235.091
18.97 12.24 0.083 233.576
18.98 11.85 0.082 232.289
18.99 11.51 0.082 231.351
19 11.17 0.082 230.388
19.01 10.69 0.081 228.736
19.02 10.43 0.082 228.192
19.03 10.27 0.082 227.718
19.04 10.02 0.082 226.944
19.05 9.7 0.082 225.919
19.06 9.23 0.086 225.233
19.07 8.71 0.103 226.77
19.08 8.15 0.117 227.038
19.09 7.53 0.123 225.435
19.1 6.9 0.127 223.242
19.11 6.26 0.125 219.876
19.12 5.32 0.123 214.527
19.13 5 0.114 211.31
19.14 4.74 0.105 208.292
19.15 4.42 0.102 205.739
19.16 4.11 0.102 203.626
19.17 3.84 0.101 201.507
19.18 3.62 0.102 199.995
19.19 3.46 0.101 198.563
19.2 3.33 0.099 197.172
19.21 3.29 0.098 196.691
19.22 3.25 0.097 196.206
19.23 3.25 0.095 195.894
19.24 3.21 0.094 195.401
19.25 3.14 0.093 194.637
19.26 3.08 0.093 194.125
19.27 2.99 0.091 192.976
19.28 2.88 0.09 191.789
19.29 2.79 0.081 189.275
19.3 2.72 0.076 187.614
19.31 2.67 0.07 185.864
19.32 2.64 0.063 183.969
19.33 2.49 0.056 180.673
19.34 2.39 0.053 178.814
19.35 2.31 0.052 177.683
19.36 2.24 0.049 176.051
19.37 2.11 0.046 173.651
19.38 1.99 0.044 171.582
19.39 1.94 0.043 170.652
19.4 1.9 0.04 169.145
19.41 1.9 0.037 168.075
19.42 1.89 0.032 165.955
19.43 1.85 0.026 162.634
19.44 1.78 0.023 160.115
19.45 1.71 0.021 158.015
19.46 1.65 0.019 155.923
19.47 1.61 0.018 154.697
19.48 1.54 0.016 152.233
19.49 1.47 0.015 150.428
19.5 1.46 0.014 149.442
19.51 1.45 0.014 149.315
19.52 1.42 0.012 146.99
19.53 1.39 0.012 146.56
19.54 1.39 0.011 145.523
19.55 1.23 0.011 143.004
19.56 1.18 0.011 142.172
19.57 1.13 0.01 140.192
19.58 1.12 0.009 138.81
19.59 1.11 0.009 138.651
19.6 1.12 0.009 138.85
19.61 1.13 0.01 140.272
19.62 1.17 0.01 140.996
19.63 1.15 0.01 140.666
19.64 1.16 0.012 143.015
19.65 1.22 0.013 145.04
19.66 1.31 0.017 149.863
19.67 1.47 0.019 153.809
19.68 1.73 0.018 156.774
19.69 2.2 0.017 161.548
19.7 2.96 0.013 164.902
19.71 4 0.014 173.299
19.72 4.98 0.014 178.88
19.73 5.63 0.023 189.772
19.74 5.87 0.023 190.943
19.75 5.84 0.038 198.97
19.76 5.68 0.04 199.051
19.77 5.49 0.04 198.106
19.78 5.58 0.039 198.18
19.79 5.67 0.039 198.665
19.8 6.06 0.041 201.442
19.81 6.06 0.043 202.27
19.82 6.63 0.047 206.457
19.83 6.7 0.052 208.545
19.84 6.69 0.057 210.128
19.85 6.74 0.061 211.574
19.86 6.77 0.066 213.131
19.87 6.85 0.07 214.57
19.88 7.11 0.072 216.26
19.89 7.34 0.073 217.534
19.9 7.55 0.074 218.697
19.91 7.73 0.075 219.716
19.92 7.88 0.076 220.599
19.93 8.21 0.078 222.417
19.94 8.41 0.077 222.981
19.95 8.68 0.075 223.539
19.96 8.97 0.071 223.609
19.97 9.2 0.07 224.192
19.98 9.33 0.073 225.463
19.99 9.39 0.075 226.21
20 9.34 0.077 226.564
20.01 9.2 0.08 226.823
20.02 9.01 0.084 227.094
20.03 8.79 0.088 227.196
20.04 8.63 0.09 227.051
20.05 8.42 0.095 227.299
20.06 8.36 0.097 227.49
20.07 8.3 0.099 227.672
20.08 8.27 0.1 227.775
20.09 8.24 0.1 227.688
20.1 8.26 0.103 228.36
20.11 8.27 0.107 229.156
20.12 8.49 0.108 230.234
20.13 8.64 0.11 231.2
20.14 8.77 0.108 231.376
20.15 8.93 0.105 231.468
20.16 9.09 0.099 230.96
20.17 9.52 0.092 231.12
20.18 9.8 0.089 231.479
20.19 9.92 0.088 231.699
20.2 10 0.089 232.217
20.21 10.06 0.09 232.666
20.22 10.07 0.093 233.367
20.23 9.97 0.094 233.271
20.24 9.95 0.093 233.028
20.25 9.95 0.093 233.06
20.26 9.97 0.092 232.95
20.27 10 0.092 233.083
20.28 10.07 0.092 233.349
20.29 10.12 0.092 233.548
20.3 10.14 0.093 233.856
20.31 10.11 0.093 233.788
20.32 10.01 0.094 233.694
20.33 9.87 0.095 233.458
20.34 9.72 0.098 233.579
20.35 9.64 0.099 233.53
20.36 9.59 0.097 232.991
20.37 9.62 0.096 232.927
20.38 9.65 0.09 231.815
20.39 9.83 0.086 231.587
20.4 10.03 0.083 231.606
20.41 10.15 0.082 231.801
20.42 10.19 0.083 232.198
20.43 10.15 0.092 234.094
20.44 10.04 0.092 233.759
20.45 9.85 0.091 232.937
20.46 9.65 0.088 231.634
20.47 9.43 0.087 230.678
20.48 9.29 0.087 230.213
20.49 9.04 0.088 229.56
20.5 8.88 0.088 229.001
20.51 8.65 0.09 228.595
20.52 8.41 0.09 227.702
20.53 8.34 0.089 227.247
20.54 8.24 0.088 226.671
20.55 8.23 0.084 225.786
20.56 8.04 0.083 224.834
20.57 7.96 0.082 224.315
20.58 7.95 0.081 224.076
20.59 7.93 0.08 223.793
20.6 7.73 0.08 223.002
20.61 7.73 0.08 223.032
20.62 7.55 0.078 221.838
20.63 7.48 0.074 220.603
20.64 7.4 0.07 219.275
20.65 7.31 0.069 218.656
20.66 7.19 0.069 218.165
20.67 7.16 0.068 217.798
20.68 7.08 0.067 217.208
20.69 6.97 0.068 217.015
20.7 6.77 0.068 216.136
20.71 6.4 0.069 214.683
20.72 6.23 0.069 213.881
20.73 6.05 0.071 213.516
20.74 5.92 0.072 213.125
20.75 5.74 0.075 212.93
20.76 5.52 0.078 212.456
20.77 5.44 0.079 212.263
20.78 5.38 0.08 212.174
20.79 5.35 0.079 211.81
20.8 5.36 0.077 211.444
20.81 5.37 0.074 210.831
20.82 5.43 0.07 210.222
20.83 5.52 0.065 209.453
20.84 5.65 0.056 207.594
20.85 5.9 0.053 207.966
20.86 6 0.051 207.831
20.87 6.08 0.05 207.913
20.88 6.13 0.049 207.836
20.89 6.13 0.047 207.145
20.9 6.05 0.047 206.781
20.91 5.94 0.048 206.624
20.92 5.9 0.048 206.45
20.93 5.9 0.05 207.18
20.94 5.91 0.054 208.59
20.95 5.95 0.057 209.762
20.96 6.03 0.059 210.797
20.97 6.06 0.061 211.562
20.98 6.1 0.06 211.5
20.99 6.17 0.059 211.579
21 6.25 0.058 211.699
21.01 6.46 0.056 212.117
21.02 6.58 0.056 212.708
21.03 6.74 0.053 212.498
21.04 6.85 0.042 208.938
21.05 6.91 0.038 207.494
21.06 6.93 0.035 206.192
21.07 6.83 0.033 204.783
21.08 6.7 0.032 203.722
21.09 6.65 0.033 204.051
21.1 6.56 0.033 203.677
21.11 6.5 0.035 204.433
21.12 6.38 0.037 204.857
21.13 6.25 0.038 204.731
21.14 6.12 0.039 204.581
21.15 6.01 0.039 204.074
21.16 5.79 0.04 203.436
21.17 5.69 0.041 203.371
21.18 5.58 0.041 202.826
21.19 5.47 0.042 202.678
21.2 5.36 0.041 201.708
21.21 5.13 0.04 200.053
21.22 5 0.039 198.921
21.23 4.84 0.038 197.59
21.24 4.67 0.037 196.166
21.25 4.55 0.037 195.457
21.26 4.28 0.036 193.327
21.27 4.15 0.035 192.045
21.28 4 0.035 191.054
21.29 3.87 0.033 189.244
21.3 3.6 0.033 187.308
21.31 3.48 0.032 185.943
21.32 3.37 0.032 185.109
21.33 3.26 0.032 184.251
21.34 3.17 0.032 183.533
21.35 3 0.032 182.106
21.36 2.95 0.032 181.689
21.37 2.92 0.032 181.446
21.38 2.89 0.031 180.722
21.39 2.87 0.029 179.566
21.4 2.87 0.028 179.065
21.41 2.87 0.026 177.988
21.42 2.88 0.023 176.293
21.43 2.92 0.021 175.334
21.44 3.08 0.02 175.993
21.45 3.17 0.019 175.995
21.46 3.25 0.018 175.857
21.47 3.34 0.017 175.736
21.48 3.41 0.017 176.284
21.49 3.58 0.017 177.546
21.5 3.69 0.018 179.195
21.51 3.82 0.018 180.114
21.52 3.94 0.019 181.757
21.53 4.09 0.02 183.543
21.54 4.43 0.024 188.528
21.55 4.8 0.027 192.621
21.56 4.98 0.03 195.375
21.57 5.41 0.045 204.529
21.58 5.67 0.046 206.32
21.59 5.99 0.047 208.357
21.6 6.9 0.059 216.733
21.61 7.65 0.071 223.421
21.62 8.75 0.072 228.08
21.63 14.47 0.101 252.25
21.64 17.63 0.103 259.985
21.65 21.15 0.124 271.077
21.66 24.77 0.114 275.417
21.67 27.95 0.13 283.365
21.68 31.43 0.142 290.356
21.69 32.35 0.144 291.941
21.7 34.25 0.145 294.558
21.71 34.89 0.147 295.719
21.72 35.63 0.15 297.151
21.73 35.55 0.148 296.761
21.74 37.06 0 0
21.75 39.22 0 0
21.76 39.25 0 0
21.77 39.93 0 0
21.78 42.33 0 0
21.79 41.34 0 0
21.8 40.91 0 0
