0.02 3.143 0.003 21.668
0.04 4.541 0.003 27.7024
0.06 6.442 0.006 34.545
0.0800001 9.66 0.012 42.0244
0.1 10.406 0.013 45.4974
0.12 11.566 0.012 48.2744
0.14 11.858 0.02 52.7649
0.16 11.876 0.029 56.492
0.18 13.978 0.021 58.175
0.2 14.299 0.051 64.705
0.22 12.237 0.078 67.3068
0.24 23.663 0.104 77.6604
0.26 25.408 0.118 81.0731
0.28 26.153 0.166 85.4996
0.3 29.107 0.159 88.1921
0.32 31.539 0.103 87.6096
0.34 29.576 0.068 85.2804
0.36 36.903 0.033 84.2301
0.38 36.707 0.026 83.7621
0.4 38.831 0.046 89.8201
0.42 39.634 0.072 94.7836
0.44 37.01 0.088 96.6756
0.46 35.047 0.105 98.5501
0.48 10.707 0.341 92.7257
0.5 8.523 0.218 87.4372
0.52 8.259 0.155 85.5342
0.54 7.222 0.155 84.7824
0.56 3.901 0.155 78.3753
0.58 3.682 0.111 76.3375
0.6 3.345 0.081 74.036
0.62 3.11 0.074 73.3805
0.640001 3.024 0.062 72.6552
0.660001 2.919 0.054 72.0742
0.680001 2.81 0.039 70.347
0.700001 2.697 0.031 69.1645
0.720001 2.628 0.025 68.2168
0.740001 2.61 0.022 67.9439
0.760001 2.678 0.021 68.438
0.780001 2.717 0.02 68.7978
0.800001 2.715 0.019 68.9814
0.820001 2.709 0.019 69.4344
0.840001 2.731 0.018 69.6685
0.860001 2.701 0.017 69.6821
0.880001 2.607 0.017 69.7721
0.900001 2.482 0.017 69.7143
0.920001 2.402 0.016 69.4602
0.940001 2.402 0.016 69.8768
0.960001 2.401 0.016 70.2827
0.980001 2.5 0.015 70.7185
1 2.67 0.015 71.7937
1.02 2.851 0.017 73.638
1.04 3.022 0.018 75.0161
1.06 3.001 0.018 75.3387
1.08 2.848 0.018 75.1627
1.1 2.667 0.018 74.8361
1.12 2.51 0.018 74.5576
1.14 2.35 0.018 74.2181
1.16 2.206 0.018 73.9018
1.18 2.206 0.017 73.9016
1.2 2.044 0.017 73.4367
1.22 1.877 0.014 71.7072
1.24 1.519 0.014 69.8701
1.26 1.473 0.014 69.8715
1.28 1.343 0.011 67.8749
1.3 1.255 0.011 67.5061
1.32 1.038 0.01 65.444
1.34 0.913 0.011 65.0286
1.36 0.829 0.01 63.8872
1.38 0.761 0.009 62.8082
1.4 0.535 0.009 59.9401
1.42 0.513 0.009 59.8142
1.44 0.441 0.008 58.1807
1.46 0.371 0.008 56.9685
1.48 0.292 0.008 55.2463
1.5 0.279 0.008 55.0903
1.52 0.281 0.009 55.8955
1.54 0.215 0.014 55.9987
1.56 0.242 0.016 57.8041
1.58 0.24 0.018 58.5105
1.6 0.245 0.022 59.8815
1.62 0.259 0.023 60.7959
1.64 0.383 0.024 64.7677
1.66 0.476 0.025 67.2809
1.68 0.476 0.025 67.5053
1.7 0.476 0.024 67.4981
1.72 0.476 0.033 69.5361
1.74 0.476 0.042 71.1738
1.76 0.476 0.063 73.8501
1.78 0.495 0.053 73.4375
1.8 0.731 0.056 78.2775
1.82 0.745001 0.049 77.8633
1.84 0.735001 0.047 77.6786
1.86 0.718 0.037 76.12
1.88 0.625 0.026 72.6719
1.9 0.618 0.012 68.2341
1.92 0.362 0.015 64.5477
1.94 0.31 0.02 64.8379
1.96 1.087 0.021 78.2151
1.98 1.322 0.021 80.6783
2 0.893 0.022 76.7567
2.02 0.511 0.029 72.6758
2.04 0.486 0.035 73.4915
2.06 0.524 0.035 74.4943
2.08 0.579 0.034 75.5935
2.1 0.579 0.036 76.1561
2.12 0.932 0.039 82.3212
2.14 2.063 0.044 93.4751
2.16 2.835 0.041 97.532
2.18 2.777 0.043 97.8787
2.2 2.093 0.051 95.5591
2.22 1.574 0.048 91.4854
2.24 1.803 0.048 93.5254
2.26 2.371 0.048 97.528
2.28 3.032 0.055 102.445
2.3 3.25 0.054 103.568
2.32 3.43 0.046 103.24
2.34 3.607 0.036 102.135
2.36 4.047 0.025 100.977
2.38 4.289 0.019 99.7603
2.4 4.536 0.02 101.233
2.42 4.536 0.022 102.275
2.44 4.806 0.024 104.117
2.46 5.068 0.026 105.857
2.48 5.31 0.028 107.471
2.5 5.669 0.028 108.731
2.52 6.059 0.03 110.655
2.54 6.482 0.031 112.287
2.56 6.874 0.033 114.079
2.58 7.15 0.035 115.541
2.6 7.418 0.037 116.944
2.62 7.632 0.039 118.19
2.64 7.817 0.041 119.345
2.66 8.036 0.042 120.314
2.68 8.036 0.044 121.032
2.7 8.27 0.045 122.013
2.72 8.578 0.047 123.354
2.74 8.806 0.049 124.504
2.76 9.076 0.051 125.718
2.78 9.35 0.053 126.917
2.8 9.616 0.055 128.079
2.82 9.821 0.056 128.916
2.84 10.165 0.058 130.191
2.86 10.374 0.059 131.014
2.88 10.627 0.061 132.091
2.9 10.865 0.062 132.947
2.92 11.006 0.064 133.802
2.94 11.171 0.066 134.688
2.96 11.354 0.068 135.595
2.98 11.604 0.069 136.441
3 11.838 0.07 137.253
3.02 12.03 0.071 137.988
3.04 12.157 0.073 138.771
3.06 12.311 0.074 139.435
3.08 12.525 0.075 140.191
3.1 12.728 0.076 140.924
3.12 12.947 0.077 141.678
3.14 13.366 0.079 142.886
3.16 14.047 0.079 144.167
3.18 14.725 0.079 145.404
3.2 15.345 0.078 146.37
3.22 15.707 0.078 147.117
3.24 14.683 0.063 143.376
3.26 15.8 0.063 145.146
3.28 15.783 0.066 145.934
3.3 15.627 0.072 147.032
3.32 15.627 0.078 148.264
3.34 15.566 0.083 149.197
3.36 15.399 0.086 149.654
3.38 15.066 0.0900001 149.997
3.4 14.875 0.0900001 149.967
3.42 14.683 0.092 150.205
3.44 14.649 0.093 150.534
3.46 14.605 0.094 150.846
3.48 14.553 0.094 151.01
3.5 14.382 0.093 150.859
3.52 14.283 0.093 150.948
3.54 14.161 0.092 150.864
3.56 14.033 0.092 150.903
3.58 13.942 0.091 150.859
3.6 13.864 0.091 150.971
3.62 13.721 0.089 150.699
3.64 13.545 0.088 150.509
3.66 13.349 0.088 150.422
3.68 13.134 0.087 150.155
3.7 12.951 0.086 149.934
3.72 12.737 0.0850001 149.653
3.74 12.523 0.084 149.364
3.76 12.291 0.084 149.183
3.78 12.034 0.083 148.801
3.8 11.668 0.083 148.359
3.82 11.285 0.082 147.714
3.84 10.879 0.081 147
3.86 10.426 0.079 146.009
3.88 9.518 0.078 144.16
3.9 9.109 0.076 143.147
3.92 8.621 0.074 141.903
3.94 8.132 0.072 140.593
3.96 7.579 0.069 138.878
3.98 7.043 0.066 137.104
4 6.533 0.064 135.469
4.02 6.29 0.061 134.381
4.04 6.219 0.058 133.784
4.06 6.173 0.054 133.032
4.08 5.936 0.053 132.259
4.1 5.338 0.052 130.222
4.12 4.568 0.05 127.091
4.14 3.721 0.048 123.14
4.16 2.971 0.047 119.163
4.18 2.303 0.047 115.025
4.2 1.777 0.046 110.759
4.22 1.405 0.047 107.409
4.24 1.128 0.041 103.025
4.26 1.058 0.041 102.212
4.28 0.994 0.043 101.833
4.3 0.894 0.045 100.8
4.32 0.841 0.048 100.585
4.34 1.005 0.045 102.778
4.36 1.117 0.036 102.565
4.38 1.124 0.034 102.3
4.4 1.061 0.034 101.583
4.42 1.02 0.033 100.884
4.44 1.06 0.032 101.312
4.46 1.165 0.028 101.692
4.48 1.303 0.028 103.473
4.5 1.372 0.03 104.975
4.52 1.345 0.032 105.369
4.54 1.212 0.031 103.654
4.56 1.212 0.032 104.055
4.58 1.233 0.032 104.44
4.6 1.265 0.038 106.464
4.62 1.435 0.039 108.781
4.64 1.75 0.043 112.983
4.66 2.132 0.043 116.38
4.68 2.48 0.047 119.968
4.7 2.843 0.048 122.711
4.72 2.996 0.048 123.787
4.74 2.991 0.052 124.731
4.76 3.04 0.056 125.943
4.78 2.98 0.06 126.453
4.8 2.908 0.058 125.799
4.82 2.901 0.041 122.319
4.84 2.872 0.033 120.095
4.86 2.872 0.028 118.6
4.88 3.024 0.029 119.97
4.9 2.983 0.029 119.871
4.92 2.798 0.034 120.49
4.94 2.763 0.042 122.543
4.96 2.821 0.046 123.983
4.98 3.039 0.047 125.684
5 3.078 0.047 126.055
5.02 3.129 0.046 126.268
5.04 3.247 0.047 127.311
5.06 3.668 0.044 128.999
5.08 4.278 0.049 133.22
5.1 4.383 0.043 132.386
5.12 4.383 0.047 133.515
5.14 4.236 0.034 129.469
5.16 3.811 0.02 122.138
5.18 3.492 0.016 118.519
5.2 3.452 0.019 120.155
5.22 3.526 0.026 123.841
5.24 5.496 0.028 132.973
5.26 6.024 0.028 134.884
5.28 7.097 0.03 139.047
5.3 7.097 0.036 141.321
5.32 8.067 0.032 142.698
5.34 8.667 0.032 144.33
5.36 8.641 0.025 141.481
5.38 8.641 0.02 139.023
5.4 8.134 0.034 144.187
5.42 6.816 0.034 140.707
5.44 6.35 0.048 143.481
5.46 6.35 0.055 145.263
5.48 5.991 0.057 144.626
5.5 5.528 0.056 142.895
5.52 5.219 0.056 141.86
5.54 4.838 0.054 140.036
5.56 4.396 0.053 138.041
5.58 4.161 0.054 137.304
5.6 4.161 0.054 137.44
5.62 4.049 0.052 136.607
5.64 3.863 0.052 135.82
5.66 3.512 0.052 134.101
5.68 3.394 0.052 133.574
5.7 3.394 0.065 136.21
5.72 4.111 0.065 140.158
5.74 4.889 0.074 145.4
5.76 5.111 0.061 144.138
5.78 5.954 0.058 146.867
5.8 7.09 0.051 149.147
5.82 7.844 0.046 150.183
5.84 7.991 0.048 151.264
5.86 8.148 0.038 148.91
5.88 8.134 0.038 149.014
5.9 7.994 0.023 142.695
5.92 7.746 0.025 143.172
5.94 7.746 0.025 143.307
5.96 7.182 0.044 148.721
5.98 7.385 0.048 150.544
6 8.056 0.052 153.602
6.02 8.27 0.061 156.389
6.04 8.438 0.06 156.771
6.06 8.351 0.054 155.314
6.08 7.815 0.048 152.477
6.1 7.034 0.064 153.961
6.12 7.302 0.04 148.992
6.14 7.235 0.04 148.929
6.16 7.356 0.041 149.727
6.18 7.797 0.045 152.299
6.2 8.489 0.049 155.411
6.22 8.531 0.056 157.4
6.24 8.531 0.045 154.7
6.26 8.531 0.038 152.675
6.28 9.187 0.038 154.449
6.3 9.129 0.031 151.851
6.32 9.23 0.027 150.486
6.34 9.551 0.03 152.694
6.36 9.756 0.036 155.639
6.38 9.781 0.042 157.844
6.4 9.741 0.047 159.373
6.42 9.694 0.054 161.252
6.44 9.779 0.06 163.017
6.46 9.939 0.062 163.986
6.48 10.008 0.064 164.725
6.5 9.982 0.065 165.017
6.52 9.846 0.066 165.042
6.54 9.723 0.066 164.884
6.56 9.562 0.066 164.627
6.58 9.348 0.068 164.639
6.6 9.107 0.069 164.359
6.62 8.877 0.07 164.089
6.64 8.618 0.069 163.332
6.66 8.311 0.067 162.22
6.68 8.041 0.064 160.97
6.7 7.84 0.062 160.094
6.72 7.706 0.059 159.171
6.74 7.786 0.056 158.849
6.76 8.09 0.053 159.128
6.78 8.275 0.049 158.739
6.8 8.308 0.047 158.41
6.82 8.261 0.045 157.837
6.84 8.13 0.043 157.008
6.86 7.862 0.041 155.76
6.88 7.541 0.043 155.569
6.9 7.26 0.046 155.716
6.92 7.034 0.045 154.85
6.94 6.807 0.043 153.662
6.96 6.454 0.043 152.61
6.98 5.911 0.043 150.811
7 5.16 0.043 148.007
7.02 4.361 0.046 145.392
7.04 3.907 0.055 145.367
7.06 3.997 0.083 151.044
7.08 4.404 0.087 153.89
7.1 5.874 0.088 160.685
7.12 8.067 0.075 166.104
7.14 10.111 0.072 171.146
7.16 11.499 0.075 175.075
7.18 12.356 0.068 175.596
7.2 12.454 0.055 172.854
7.22 12.348 0.049 171.122
7.24 12.348 0.041 168.733
7.26 12.348 0.038 167.798
7.28 12.563 0.045 170.729
7.3 12.59 0.05 172.417
7.32 12.628 0.06 175.261
7.34 12.61 0.064 176.303
7.36 12.632 0.065 176.708
7.38 12.842 0.067 177.709
7.4 13.121 0.069 178.831
7.42 13.328 0.067 178.931
7.44 13.491 0.067 179.379
7.46 13.42 0.068 179.598
7.48 13.221 0.07 179.778
7.5 12.922 0.072 179.741
7.52 12.643 0.079 180.699
7.54 12.438 0.081 180.783
7.56 12.208 0.082 180.615
7.58 12.15 0.083 180.806
7.6 12.121 0.082 180.694
7.62 12.144 0.076 179.735
7.64 12.264 0.073 179.519
7.66 12.396 0.071 179.511
7.68 12.394 0.071 179.637
7.7 12.304 0.071 179.578
7.72 12.159 0.072 179.61
7.74 12.01 0.073 179.627
7.76 11.916 0.074 179.756
7.78 11.999 0.074 180.064
7.8 12.137 0.072 180.079
7.82 12.237 0.069 179.782
7.84 12.351 0.066 179.485
7.86 12.606 0.064 179.681
7.88 13.286 0.061 180.451
7.9 14.009 0.056 180.672
7.92 14.464 0.055 181.361
7.94 14.707 0.054 181.646
7.96 14.915 0.054 182.141
7.98 15.08 0.054 182.558
8 15.078 0.056 183.235
8.02 14.957 0.063 184.953
8.04 14.77 0.064 184.988
8.06 14.573 0.065 184.997
8.08 14.424 0.069 185.771
8.1 14.263 0.072 186.257
8.12 14.163 0.074 186.621
8.14 14.214 0.078 187.666
8.16 14.442 0.078 188.225
8.18 14.645 0.076 188.324
8.2 14.502 0.074 187.769
8.22 14.607 0.072 187.663
8.24 14.259 0.072 187.139
8.26 13.346 0.072 185.489
8.28 13.639 0.075 186.829
8.3 13.728 0.064 184.676
8.32 13.71 0.066 185.239
8.34 13.5 0.066 184.951
8.36 13.237 0.07 185.456
8.38 12.996 0.071 185.307
8.4 13.244 0.069 185.494
8.42 13.259 0.066 184.962
8.44 13.244 0.064 184.581
8.46 13.29 0.057 183.022
8.48 13.357 0.051 181.587
8.5 13.373 0.042 178.825
8.52 12.746 0.032 173.733
8.54 13.206 0.029 173.311
8.56 12.954 0.023 169.64
8.58 12.588 0.022 168.427
8.6 12.391 0.02 166.825
8.62 12.237 0.023 168.581
8.64 12.407 0.022 168.402
8.66 12.503 0.018 165.904
8.68 12.626 0.018 166.245
8.7 12.659 0.014 162.97
8.72 12.427 0.013 161.641
8.74 12.284 0.015 163.408
8.76 12.061 0.012 160.081
8.78 11.874 0.013 160.891
8.8 11.481 0.015 162.133
8.82 11.532 0.016 163.213
8.84 11.49 0.015 162.356
8.86 11.443 0.014 161.433
8.88 11.184 0.015 161.929
8.9 11.088 0.016 162.701
8.92 11.238 0.015 162.244
8.94 10.979 0.014 160.875
8.96 10.736 0.015 161.381
8.98 10.705 0.015 161.414
9 10.671 0.018 163.907
9.02 10.749 0.015 161.709
9.04 11.046 0.012 159.456
9.06 11.872 0.012 161.22
9.08 12.599 0.012 162.705
9.1 13.197 0.011 162.714
9.12 13.777 0.013 166.117
9.14 13.103 0.02 171.044
9.16 12.675 0.024 172.935
9.18 12.675 0.023 172.428
9.2 12.516 0.021 170.921
9.22 12.322 0.022 171.301
9.24 12.235 0.022 171.23
9.26 11.588 0.02 168.655
9.28 12.05 0.018 168.228
9.3 12.246 0.021 170.898
9.32 12.266 0.021 171.04
9.34 11.858 0.021 170.31
9.36 11.671 0.024 171.921
9.38 11.7 0.022 170.844
9.4 11.7 0.021 170.284
9.42 12.001 0.021 171.009
9.44 12.626 0.021 172.366
9.46 13.357 0.022 174.545
9.48 13.944 0.024 177.009
9.5 13.944 0.017 172.104
9.52 14.631 0.017 173.401
9.54 15.091 0.017 174.277
9.56 14.97 0.017 174.177
9.58 14.97 0.029 182.197
9.6 14.785 0.034 184.401
9.62 14.683 0.034 184.324
9.64 14.832 0.04 187.213
9.66 15.158 0.048 190.78
9.68 15.678 0.063 196.209
9.7 16.635 0.067 199.02
9.72 16.778 0.075 201.26
9.74 17.037 0.082 203.323
9.76 17.309 0.089 205.298
9.78 17.416 0.096 206.897
9.8 17.469 0.111 209.622
9.82 17.528 0.115 210.461
9.84 17.344 0.12 211.007
9.86 17.13 0.124 211.324
9.88 16.845 0.132 212.033
9.9 16.403 0.136 211.867
9.92 16.042 0.137 211.437
9.94 15.885 0.137 211.256
9.96 16.042 0.134 211.284
9.98 16.291 0.128 211.065
10 16.514 0.123 210.896
10.02 16.399 0.12 210.369
10.04 15.836 0.121 209.574
10.06 15.348 0.122 208.89
10.08 15.107 0.122 208.529
10.1 14.975 0.125 208.802
10.12 14.85 0.126 208.803
10.14 14.783 0.125 208.644
10.16 14.872 0.122 208.517
10.18 15.158 0.116 208.328
10.2 15.446 0.111 208.242
10.22 15.615 0.108 208.207
10.24 15.649 0.104 207.733
10.26 15.649 0.104 207.845
10.28 15.04 0.093 204.858
10.3 15.038 0.0950001 205.328
10.32 15.08 0.101 206.571
10.34 15.075 0.103 207.01
10.36 15.051 0.106 207.569
10.38 14.812 0.108 207.525
10.4 14.558 0.11 207.436
10.42 14.266 0.113 207.406
10.44 14.04 0.114 207.192
10.46 13.873 0.113 206.793
10.48 13.764 0.111 206.361
10.5 13.755 0.11 206.296
10.52 13.851 0.108 206.297
10.54 13.987 0.105 206.212
10.56 14.187 0.101 206.076
10.58 14.388 0.101 206.603
10.6 14.564 0.101 207.074
10.62 14.564 0.116 209.583
10.64 14.564 0.123 210.717
10.66 14.564 0.124 210.969
10.68 14.564 0.113 209.454
10.7 14.564 0.099 207.27
10.72 14.703 0.096 207.13
10.74 14.892 0.093 207.071
10.76 15.229 0.092 207.66
10.78 15.334 0.094 208.346
10.8 15.379 0.097 209.087
10.82 15.256 0.104 210.168
10.84 15.174 0.107 210.61
10.86 15.095 0.113 211.518
10.88 15.078 0.117 212.205
10.9 15.151 0.119 212.761
10.92 15.212 0.123 213.579
10.94 15.359 0.122 213.839
10.96 15.283 0.123 213.94
10.98 15.283 0.123 214.048
11 15.428 0.122 214.302
11.02 15.586 0.123 214.871
11.04 15.934 0.124 215.81
11.06 16.1 0.124 216.241
11.08 16.202 0.125 216.691
11.1 16.434 0.126 217.388
11.12 16.555 0.127 217.87
11.14 16.59 0.127 218.045
11.16 16.586 0.131 218.71
11.18 16.733 0.134 219.51
11.2 16.84 0.135 219.957
11.22 17.032 0.135 220.426
11.24 17.086 0.14 221.304
11.26 17.287 0.143 222.178
11.28 17.42 0.144 222.662
11.3 17.385 0.139 222.054
11.32 17.385 0.139 222.163
11.34 17.385 0.139 222.272
11.36 17.385 0.139 222.381
11.38 17.385 0.139 222.489
11.4 17.385 0.139 222.598
11.42 17.385 0.139 222.707
11.44 17.394 0.133 222.015
11.46 17.514 0.135 222.619
11.48 17.608 0.137 223.172
11.5 17.63 0.138 223.455
11.52 17.59 0.142 224.022
11.54 17.518 0.144 224.258
11.56 17.175 0.148 224.239
11.58 17.175 0.14 223.312
11.6 16.318 0.132 220.695
11.62 16.399 0.133 221.097
11.64 16.399 0.133 221.203
11.66 16.925 0.131 222.037
11.68 17.55 0.131 223.306
11.7 18.05 0.125 223.444
11.72 18.05 0.125 223.55
11.74 18.117 0.125 223.776
11.76 17.71 0.129 223.736
11.78 17.518 0.134 224.199
11.8 17.474 0.134 224.223
11.82 17.162 0.138 224.296
11.84 17.327 0.134 224.161
11.86 17.362 0.132 224.051
11.88 17.425 0.13 223.989
11.9 17.465 0.128 223.878
11.92 17.487 0.131 224.456
11.94 17.626 0.13 224.673
11.96 17.826 0.128 224.853
11.98 18.246 0.128 225.713
12 18.371 0.126 225.744
12.02 18.482 0.123 225.592
12.04 18.576 0.124 226.013
12.06 18.764 0.126 226.747
12.08 19.036 0.127 227.472
12.1 19.312 0.127 228.049
12.12 19.683 0.127 228.78
12.14 20.285 0.129 230.179
12.16 20.513 0.131 230.95
12.18 20.647 0.132 231.419
12.2 20.807 0.133 231.928
12.22 20.865 0.139 232.98
12.24 20.772 0.143 233.487
12.26 20.861 0.147 234.274
12.28 20.892 0.153 235.211
12.3 20.847 0.156 235.625
12.32 20.821 0.159 236.063
12.34 20.673 0.162 236.294
12.36 20.432 0.164 236.243
12.38 20.482 0.165 236.552
12.4 20.656 0.166 237.066
12.42 20.642 0.167 237.267
12.44 20.589 0.17 237.637
12.46 20.37 0.169 237.261
12.48 20.316 0.171 237.509
12.5 20.174 0.173 237.604
12.52 20.241 0.174 237.938
12.54 20.731 0.174 238.865
12.56 20.995 0.173 239.291
12.58 21.521 0.153 237.809
12.6 21.477 0.155 238.101
12.62 21.285 0.161 238.651
12.64 21.146 0.166 239.138
12.66 21.004 0.17 239.486
12.68 20.883 0.179 240.421
12.7 20.825 0.179 240.43
12.72 20.856 0.181 240.809
12.74 20.981 0.179 240.899
12.76 21.044 0.179 241.108
12.78 20.941 0.178 240.931
12.8 20.914 0.176 240.764
12.82 20.937 0.172 240.446
12.84 21.062 0.169 240.405
12.86 21.124 0.168 240.492
12.88 21.195 0.167 240.593
12.9 21.276 0.165 240.587
12.92 21.32 0.163 240.518
12.94 21.361 0.164 240.811
12.96 21.271 0.164 240.768
12.98 20.968 0.164 240.374
13 20.597 0.166 240.101
13.02 20.441 0.167 240.061
13.04 20.406 0.169 240.342
13.06 20.339 0.171 240.566
13.08 20.419 0.173 241.038
13.1 20.464 0.172 241.1
13.12 20.357 0.173 241.137
13.14 20.267 0.173 241.085
13.16 20.245 0.172 241.033
13.18 20.2 0.173 241.174
13.2 20.062 0.175 241.268
13.22 19.812 0.175 240.934
13.24 19.348 0.178 240.554
13.26 18.884 0.181 240.149
13.28 18.536 0.183 239.827
13.3 18.326 0.184 239.642
13.32 18.344 0.182 239.558
13.34 18.478 0.178 239.466
13.36 18.674 0.174 239.477
13.38 18.889 0.169 239.391
13.4 19.143 0.163 239.23
13.42 19.469 0.16 239.542
13.44 19.759 0.157 239.774
13.46 19.942 0.156 240.064
13.48 19.986 0.157 240.367
13.5 19.951 0.161 240.909
13.52 19.919 0.165 241.445
13.54 19.763 0.169 241.752
13.56 19.576 0.173 241.991
13.58 18.705 0.16 238.951
13.6 18.893 0.159 239.268
13.62 19.116 0.159 239.771
13.64 19.125 0.155 239.377
13.66 19.125 0.153 239.216
13.68 18.942 0.156 239.369
13.7 18.679 0.16 239.488
13.72 18.353 0.163 239.348
13.74 18.054 0.167 239.362
13.76 17.817 0.17 239.358
13.78 17.733 0.168 239.056
13.8 17.751 0.164 238.708
13.82 17.934 0.158 238.417
13.84 18.259 0.153 238.491
13.86 18.38 0.153 238.814
13.88 18.322 0.15 238.408
13.9 18.317 0.148 238.228
13.92 18.505 0.147 238.539
13.94 18.786 0.146 239.017
13.96 19 0.147 239.639
13.98 19.098 0.149 240.182
14 19.17 0.151 240.674
14.02 19.281 0.152 241.103
14.04 19.469 0.153 241.667
14.06 19.687 0.158 242.8
14.08 19.946 0.161 243.734
14.1 19.995 0.164 244.292
14.12 19.759 0.166 244.217
14.14 19.54 0.17 244.405
14.16 19.428 0.172 244.536
14.18 19.33 0.173 244.572
14.2 19.366 0.174 244.851
14.22 19.446 0.172 244.856
14.24 19.665 0.17 245.109
14.26 19.875 0.166 245.094
14.28 20.071 0.161 244.912
14.3 20.334 0.162 245.594
14.32 20.41 0.163 245.947
14.34 20.464 0.162 246.01
14.36 20.611 0.164 246.611
14.38 20.923 0.166 247.49
14.4 21.392 0.169 248.748
14.42 21.651 0.17 249.398
14.44 21.673 0.169 249.408
14.46 21.427 0.171 249.338
14.48 21.427 0.176 250.033
14.5 21.325 0.178 250.192
14.52 21.535 0.18 250.874
14.54 21.9 0.18 251.578
14.56 22.034 0.181 252.012
14.58 21.2 0.17 249.407
14.6 21.222 0.169 249.417
14.62 20.281 0.172 248.25
14.64 19.772 0.177 248.028
14.66 19.415 0.184 248.272
14.68 19.116 0.184 247.812
14.7 18.871 0.185 247.557
14.72 18.714 0.185 247.353
14.74 18.603 0.182 246.898
14.76 18.527 0.175 246.042
14.78 18.487 0.169 245.345
14.8 18.264 0.163 244.272
14.82 17.951 0.158 243.126
14.84 17.666 0.156 242.4
14.86 17.568 0.156 242.296
14.88 17.367 0.154 241.726
14.9 16.956 0.153 240.853
14.92 16.519 0.154 240.169
14.94 16.225 0.153 239.508
14.96 15.986 0.152 238.955
14.98 15.841 0.15 238.468
15 15.747 0.147 237.952
15.02 15.769 0.145 237.816
15.04 15.928 0.141 237.694
15.06 16.189 0.136 237.625
15.08 16.506 0.132 237.786
15.1 16.863 0.127 237.842
15.12 17.157 0.125 238.208
15.14 17.456 0.124 238.729
15.16 17.746 0.125 239.544
15.18 18.014 0.126 240.309
15.2 18.25 0.129 241.32
15.22 18.25 0.132 241.87
15.24 18.478 0.137 243.143
15.26 18.692 0.141 244.219
15.28 18.786 0.145 245.054
15.3 18.723 0.152 245.988
15.32 18.639 0.158 246.711
15.34 18.83 0.158 247.163
15.36 19.303 0.16 248.398
15.38 19.959 0.162 249.944
15.4 20.464 0.163 251.064
15.42 20.722 0.164 251.737
15.44 20.709 0.164 251.805
15.46 20.495 0.167 251.898
15.48 20.495 0.172 252.608
15.5 20.281 0.179 253.156
15.52 20.004 0.185 253.44
15.54 19.763 0.191 253.762
15.56 19.602 0.19 253.443
15.58 18.822 0.202 253.343
15.6 19.286 0.178 251.661
15.62 19.5 0.175 251.795
15.64 19.585 0.172 251.68
15.66 19.674 0.172 251.934
15.68 19.897 0.171 252.31
15.7 20.031 0.17 252.52
15.72 19.861 0.174 252.789
15.74 19.522 0.18 252.964
15.76 19.161 0.182 252.607
15.78 18.705 0.182 251.821
15.8 18.246 0.183 251.124
15.82 17.817 0.183 250.353
15.84 17.612 0.181 249.796
15.86 17.675 0.177 249.548
15.88 17.626 0.171 248.82
15.9 17.461 0.167 248.081
15.92 17.34 0.164 247.546
15.94 17.291 0.161 247.152
15.96 17.309 0.158 246.888
15.98 17.358 0.156 246.813
16 17.438 0.156 247.062
16.02 17.599 0.153 247.076
16.04 17.813 0.152 247.457
16.06 18.009 0.151 247.797
16.08 18.228 0.15 248.178
16.1 18.505 0.149 248.665
16.12 18.871 0.151 249.73
16.14 19.223 0.153 250.756
16.16 19.553 0.153 251.458
16.18 20.058 0.155 252.743
16.2 19.83 0.159 252.949
16.22 19.424 0.165 253.062
16.24 19.04 0.174 253.54
16.26 18.79 0.178 253.624
16.28 18.581 0.183 253.887
16.3 18.491 0.185 254.025
16.32 18.496 0.186 254.236
16.34 18.478 0.184 254.058
16.36 18.487 0.181 253.815
16.38 18.473 0.175 253.162
16.4 18.442 0.171 252.7
16.42 18.523 0.168 252.573
16.44 18.652 0.167 252.786
16.46 18.799 0.167 253.158
16.48 18.973 0.167 253.579
16.5 19.085 0.168 254.006
16.52 19.339 0.169 254.701
16.54 19.594 0.168 255.142
16.56 19.897 0.168 255.792
16.58 20.223 0.17 256.731
16.6 19.652 0.164 254.996
16.62 20.276 0.161 255.839
16.64 20.276 0.165 256.448
16.66 20.147 0.168 256.682
16.68 20.236 0.176 257.927
16.7 20.339 0.182 258.923
16.72 20.517 0.184 259.57
16.74 20.62 0.188 260.309
16.76 20.58 0.188 260.323
16.78 20.557 0.189 260.482
16.8 20.589 0.19 260.741
16.82 20.611 0.194 261.32
16.84 20.705 0.194 261.578
16.86 20.95 0.194 262.108
16.88 20.95 0.193 262.081
16.9 21.298 0.192 262.677
16.92 21.169 0.192 262.533
16.94 21.021 0.194 262.581
16.96 20.852 0.196 262.586
16.98 20.798 0.197 262.685
17 20.7 0.198 262.703
17.02 20.522 0.2 262.682
17.04 20.174 0.2 262.121
17.06 19.803 0.201 261.615
17.08 19.451 0.201 261.026
17.1 18.705 0.199 259.428
17.12 18.331 0.198 258.65
17.14 18.099 0.195 257.932
17.16 17.951 0.191 257.267
17.18 17.71 0.179 255.467
17.2 17.465 0.174 254.437
17.22 17.26 0.168 253.346
17.24 17.09 0.162 252.303
17.26 16.965 0.16 251.857
17.28 16.849 0.156 251.16
17.3 16.702 0.154 250.654
17.32 16.702 0.154 250.735
17.34 16.479 0.152 250.058
17.36 16.416 0.152 250
17.38 16.358 0.152 249.953
17.4 16.309 0.151 249.788
17.42 16.318 0.151 249.887
17.44 16.278 0.149 249.602
17.46 16.269 0.147 249.381
17.48 16.251 0.148 249.561
17.5 16.309 0.147 249.628
17.52 16.394 0.145 249.609
17.54 16.456 0.144 249.68
17.56 16.55 0.144 249.965
17.58 16.635 0.144 250.228
17.6 16.416 0.136 248.645
17.62 16.599 0.136 249.121
17.64 16.698 0.138 249.716
17.66 16.782 0.141 250.423
17.68 16.876 0.142 250.851
17.7 17.019 0.145 251.672
17.72 17.081 0.15 252.594
17.74 17.331 0.151 253.343
17.76 17.385 0.151 253.536
17.78 17.474 0.154 254.217
17.8 17.536 0.155 254.564
17.82 17.826 0.155 255.245
17.84 18.183 0.155 256.055
17.86 18.545 0.155 256.863
17.88 18.906 0.155 257.657
17.9 19.299 0.155 258.502
17.92 19.696 0.156 259.48
17.94 20.74 0.157 261.637
17.96 21.294 0.16 263.128
17.98 21.695 0.163 264.326
18 21.874 0.172 265.907
18.02 22.208 0.175 266.954
18.04 22.588 0.175 267.689
18.06 23.342 0.178 269.421
18.08 23.739 0.183 270.783
18.1 23.953 0.192 272.302
18.12 24.27 0.197 273.486
18.14 24.832 0.201 274.933
18.16 25.078 0.205 275.86
18.18 25.207 0.218 277.564
18.2 25.207 0.218 277.649
18.22 25.537 0.23 279.498
18.24 25.841 0.238 280.858
18.26 26.341 0.241 282.014
18.28 26.474 0.243 282.498
18.3 26.541 0.251 283.45
18.32 26.68 0.251 283.749
18.34 26.671 0.252 283.915
18.36 26.631 0.255 284.22
18.38 26.318 0.255 283.822
18.4 26.01 0.26 283.886
18.42 25.725 0.258 283.339
18.44 25.533 0.256 282.936
18.46 25.395 0.252 282.43
18.48 25.894 0.247 282.836
18.5 26.028 0.239 282.356
18.52 26.18 0.235 282.282
18.54 26.265 0.227 281.685
18.56 26.483 0.224 281.793
18.58 26.956 0.221 282.28
18.6 26.631 0.217 281.444
18.62 27.028 0.217 282.128
18.64 27.251 0.221 282.976
18.66 27.63 0.229 284.465
18.68 27.996 0.233 285.5
18.7 28.362 0.238 286.626
18.72 28.598 0.249 288.134
18.74 28.719 0.253 288.778
18.76 28.804 0.261 289.736
18.78 28.844 0.266 290.338
18.8 29.121 0.268 291.005
18.82 29.357 0.271 291.699
18.84 29.571 0.273 292.27
18.86 29.728 0.275 292.757
18.88 29.536 0.279 292.922
18.9 29.21 0.287 293.229
18.92 28.96 0.292 293.373
18.94 28.692 0.299 293.645
18.96 28.549 0.301 293.683
18.98 28.134 0.306 293.552
19 27.969 0.306 293.39
19.02 27.978 0.312 293.964
19.04 27.978 0.321 294.746
