0.01 0.304 0 0
0.02 0.51 0 0
0.03 0.736 0 0
0.04 0.957 0 0
0.05 1.25 0 0
0.06 1.432 0 0
0.07 1.464 0.026 32.9093
0.08 1.385 0.03 34.288
0.09 1.258 0.032 35.1301
0.1 1.135 0.031 35.5483
0.11 1.084 0.028 35.9561
0.12 1.052 0.026 36.4524
0.13 1.02 0.022 36.595
0.14 1.025 0.04 39.2895
0.15 1.02 0.036 39.6729
0.16 1.016 0.036 40.3683
0.17 1.04 0.035 41.0962
0.18 1.199 0.035 42.6187
0.19 1.341 0.039 44.3647
0.2 1.523 0.042 46.1177
0.21 1.278 0.049 46.17
0.22 1.191 0.052 46.528
0.23 1.254 0.056 47.751
0.24 1.29 0.058 48.6585
0.25 1.298 0.062 49.5318
0.26 1.305 0.067 50.438
0.27 1.349 0.073 51.5807
0.28 1.404 0.083 52.9683
0.29 1.436 0.083 53.6614
0.3 1.472 0.089 54.6796
0.31 1.535 0.095 55.8165
0.32 1.594 0.1 56.8601
0.33 1.638 0.104 57.7621
0.34 1.666 0.103 58.3389
0.35 1.745 0.106 59.3462
0.36 1.757 0.107 59.9186
0.37 1.8 0.109 60.6808
0.38 1.844 0.11 61.3919
0.39 1.883 0.113 62.1625
0.4 1.923 0.115 62.883
0.41 1.982 0.117 63.6836
0.42 1.974 0.117 64.0743
0.43 1.946 0.117 64.3623
0.44 1.919 0.119 64.736
0.45 1.883 0.119 64.9643
0.46 1.836 0.119 65.125
0.47 1.772 0.114 64.9493
0.48 1.737 0.115 65.1905
0.49 1.697 0.115 65.3456
0.5 1.661 0.113 65.4155
0.51 1.626 0.113 65.5752
0.52 1.614 0.099 65.1391
0.53 1.452 0.093 64.1605
0.54 1.713 0.095 66.1654
0.55 1.78 0.091 66.6333
0.56 1.871 0.088 67.2626
0.57 2.01 0.083 67.9639
0.58 2.164 0.08 68.8121
0.59 2.54 0.071 70.0544
0.6 2.773 0.067 70.9346
0.61 2.967 0.061 71.3991
0.62 3.114 0.055 71.6042
0.63 3.248 0.051 71.908
0.64 3.347 0.046 71.9164
0.65 3.434 0.039 71.5055
0.66 3.581 0.036 71.7649
0.67 3.592 0.036 72.0974
0.68 3.6 0.036 72.4181
0.69 3.6 0.035 72.5424
0.7 3.549 0.034 72.5086
0.71 3.553 0.032 72.4406
0.72 3.585 0.031 72.6246
0.73 3.636 0.029 72.6479
0.74 3.715 0.027 72.7156
0.75 3.846 0.026 73.1227
0.76 3.972 0.025 73.4937
0.77 4.154 0.024 73.9869
0.78 4.661 0.023 75.2275
0.79 4.93 0.023 76.1069
0.8 5.167 0.024 77.1644
0.81 5.393 0.038 80.9465
0.82 5.563 0.027 79.2998
0.83 5.698 0.032 80.9793
0.84 5.678 0.036 82.008
0.85 5.603 0.04 82.8438
0.86 5.476 0.045 83.6555
0.87 5.338 0.056 85.1522
0.88 4.985 0.066 85.7499
0.89 4.859 0.071 86.2255
0.9 4.803 0.078 87.0277
0.91 4.835 0.084 87.9193
0.92 4.827 0.09 88.6734
0.93 4.859 0.091 89.1068
0.94 4.811 0.091 89.2445
0.95 4.78 0.09 89.342
0.96 4.673 0.09 89.3108
0.97 4.594 0.09 89.3488
0.98 4.518 0.088 89.222
0.99 4.384 0.087 89.0024
1 4.328 0.087 89.0864
1.01 4.281 0.084 88.9327
1.02 4.226 0.081 88.7418
1.03 4.17 0.079 88.6275
1.04 4.103 0.072 87.9771
1.05 3.937 0.067 87.1649
1.06 3.865 0.063 86.7177
1.07 3.774 0.058 86.0524
1.08 3.691 0.054 85.4896
1.09 3.608 0.054 85.4287
1.1 3.537 0.051 84.996
1.11 3.399 0.044 83.6888
1.12 3.335 0.042 83.3452
1.13 3.272 0.04 82.9847
1.14 3.209 0.039 82.7811
1.15 3.145 0.038 82.5633
1.16 3.031 0.035 81.7621
1.17 2.979 0.033 81.3542
1.18 2.936 0.032 81.1683
1.19 2.912 0.03 80.8276
1.2 2.888 0.032 81.3551
1.21 2.88 0.028 80.6099
1.22 2.868 0.027 80.502
1.23 2.853 0.026 80.3712
1.24 2.821 0.02 78.6852
1.25 2.777 0.019 78.3477
1.26 2.73 0.019 78.3286
1.27 2.643 0.018 77.785
1.28 2.627 0.018 77.8867
1.29 2.615 0.018 78.0039
1.3 2.603 0.02 78.8076
1.31 2.572 0.021 79.1602
1.32 2.556 0.018 78.2465
1.33 2.564 0.018 78.4461
1.34 2.579 0.018 78.6757
1.35 2.595 0.018 78.9087
1.36 2.599 0.022 80.4199
1.37 2.56 0.023 80.7065
1.38 2.524 0.021 80.0965
1.39 2.465 0.022 80.2947
1.4 2.398 0.023 80.4332
1.41 2.322 0.024 80.5042
1.42 2.255 0.025 80.5964
1.43 2.144 0.026 80.431
1.44 2.093 0.026 80.3081
1.45 2.053 0.027 80.4918
1.46 2.026 0.029 80.9721
1.47 2.006 0.029 81.0101
1.48 2.002 0.029 81.1396
1.49 2.006 0.029 81.315
1.5 1.986 0.029 81.3489
1.51 1.966 0.03 81.6105
1.52 1.942 0.03 81.6159
1.53 1.927 0.033 82.3238
1.54 1.927 0.033 82.473
1.55 1.97 0.03 82.2299
1.56 1.986 0.03 82.473
1.57 1.986 0.03 82.6197
1.58 1.966 0.031 82.8709
1.59 1.942 0.035 83.7106
1.6 1.847 0.032 82.6348
1.61 1.808 0.031 82.3063
1.62 1.796 0.029 81.9133
1.63 1.796 0.027 81.5672
1.64 1.788 0.023 80.5714
1.65 1.741 0.022 80.1019
1.66 1.598 0.02 78.6264
1.67 1.563 0.019 78.1728
1.68 1.551 0.017 77.4953
1.69 1.555 0.015 76.8476
1.7 1.582 0.009 73.9539
1.71 1.638 0.007 72.9061
1.72 1.673 0.006 72.3137
1.73 1.705 0.005 71.5348
1.74 1.737 0.005 71.8416
1.75 1.749 0.004 70.7026
1.76 1.753 0.004 70.838
1.77 1.741 0.004 70.8795
1.78 1.725 0.004 70.8963
1.79 1.705 0.006 73.3198
1.8 1.677 0.007 74.2042
1.81 1.646 0.005 72.073
1.82 1.567 0.005 71.674
1.83 1.519 0.005 71.4624
1.84 1.48 0.008 74.1467
1.85 1.436 0.007 73.1196
1.86 1.373 0.005 70.7492
1.87 1.341 0.005 70.6145
1.88 1.317 0.005 70.5356
1.89 1.286 0.008 73.2052
1.9 1.254 0.005 70.2458
1.91 1.187 0.005 69.7944
1.92 1.159 0.006 70.7206
1.93 1.127 0.006 70.5378
1.94 1.092 0.006 70.319
1.95 1.06 0.006 70.1187
1.96 0.993 0.006 69.5613
1.97 0.953 0.006 69.2486
1.98 0.918 0.007 69.8638
1.99 0.882 0.007 69.5598
2 0.854 0.01 71.4223
2.01 0.842 0.01 71.3758
2.02 0.835 0.009 70.7655
2.03 0.842 0.009 70.9479
2.04 0.862 0.009 71.2855
2.05 0.874 0.009 71.5247
2.06 0.882 0.009 71.7156
2.07 0.878 0.01 72.397
2.08 0.874 0.011 73.0232
2.09 0.85 0.012 73.3572
2.1 0.819 0.013 73.5509
2.11 0.783 0.013 73.1729
2.12 0.732 0.013 72.5619
2.13 0.732 0.013 72.6569
2.14 0.751 0.013 73.0205
2.15 0.771 0.014 73.8464
2.16 0.775 0.013 73.542
2.17 0.755 0.013 73.3598
2.18 0.728 0.013 73.0694
2.19 0.696 0.013 72.6904
2.2 0.656 0.013 72.1648
2.21 0.613 0.014 71.9964
2.22 0.573 0.014 71.3898
2.23 0.554 0.014 71.1328
2.24 0.558 0.013 70.8569
2.25 0.569 0.013 71.1444
2.26 0.585 0.014 71.9595
2.27 0.617 0.014 72.6026
2.28 0.649 0.014 73.2225
2.29 0.712 0.013 73.8396
2.3 0.712 0.013 73.9291
2.31 0.704 0.015 74.7831
2.32 0.688 0.016 75.0272
2.33 0.664 0.016 74.7339
2.34 0.597 0.015 73.291
2.35 0.55 0.014 72.1016
2.36 0.538 0.012 71.0408
2.37 0.558 0.011 70.9834
2.38 0.573 0.011 71.3386
2.39 0.589 0.01 71.1392
2.4 0.605 0.009 70.8732
2.41 0.617 0.007 69.6838
2.42 0.625 0.006 69.0029
2.43 0.613 0.005 67.8524
2.44 0.593 0.004 66.3626
2.45 0.565 0.003 64.4165
2.46 0.534 0.002 61.8457
2.47 0.514 0.001 58.1254
2.48 0.474 0.001 57.5158
2.49 0.463 0 0
2.5 0.455 0 0
2.51 0.455 0 0
2.52 0.459 0 0
2.53 0.474 0 0
2.54 0.463 0 0
2.55 0.451 0 0
2.56 0.443 0 0
2.57 0.435 0 0
2.58 0.427 0 0
2.59 0.423 0 0
2.6 0.419 0 0
2.61 0.415 0 0
2.62 0.415 0 0
2.63 0.431 0 0
2.64 0.431 0 0
2.65 0.427 0 0
2.66 0.415 0 0
2.67 0.407 0 0
2.68 0.423 0 0
2.69 0.443 0 0
2.7 0.467 0 0
2.71 0.486 0 0
2.72 0.502 0 0
2.73 0.51 0 0
2.74 0.514 0 0
2.75 0.518 0 0
2.76 0.522 0 0
2.77 0.542 0 0
2.78 0.554 0 0
2.79 0.565 0 0
2.8 0.581 0.002 64.8955
2.81 0.597 0.002 65.2145
2.82 0.605 0.003 67.6482
2.83 0.601 0.004 69.2889
2.84 0.585 0.005 70.3826
2.85 0.569 0.006 71.2431
2.86 0.573 0.007 72.3059
2.87 0.581 0.009 74.0531
2.88 0.577 0.002 65.3407
2.89 0.585 0.014 77.0505
2.9 0.597 0.015 77.7957
2.91 0.609 0.015 78.0937
2.92 0.652 0.015 78.9399
2.93 0.728 0.015 80.2795
2.94 0.823 0.013 80.8195
2.95 1.056 0.011 82.6951
2.96 1.183 0.009 82.7446
2.97 1.29 0.007 82.1261
2.98 1.341 0.006 81.6097
2.99 1.349 0.007 82.811
3 1.286 0.009 84.0584
3.01 1.23 0.01 84.3346
3.02 1.163 0.014 86.1115
3.03 1.088 0.016 86.321
3.04 1.02 0.014 84.6551
3.05 0.914 0.015 83.8842
3.06 0.945 0 0
3.07 1.056 0.01 82.9564
3.08 1.254 0.009 84.369
3.09 1.958 0.008 89.1629
3.1 2.386 0.007 90.8057
3.11 2.738 0 0
3.12 2.995 0.008 95.0454
3.13 3.454 0.008 97.1034
3.14 3.695 0.008 98.1381
3.15 3.917 0.002 88.2631
3.16 4.103 0.01 101.676
3.17 4.265 0.01 102.334
3.18 4.582 0.012 105.068
3.19 4.724 0.011 104.862
3.2 4.847 0.013 106.816
3.21 4.966 0.013 107.283
3.22 5.175 0.015 109.309
3.23 5.274 0.013 108.404
3.24 5.381 0.013 108.811
3.25 5.476 0.005 100.836
3.26 5.591 0.013 109.6
3.27 5.797 0.013 110.266
3.28 5.907 0.013 110.659
3.29 5.753 0.006 103.458
3.3 6.038 0.014 111.885
3.31 6.2 0.014 112.407
3.32 6.453 0.015 113.802
3.33 6.56 0.014 113.514
3.34 6.667 0.015 114.529
3.35 6.77 0.015 114.878
3.36 6.984 0.016 116.111
3.37 7.079 0.017 117.022
3.38 7.17 0.017 117.334
3.39 7.249 0.018 118.177
3.4 7.324 0.017 117.887
3.41 7.359 0.017 118.064
3.42 7.371 0.016 117.594
3.43 7.371 0.016 117.689
3.44 7.411 0.016 117.876
3.45 7.482 0.016 118.133
3.46 7.589 0.016 118.471
3.47 7.834 0.017 119.712
3.48 7.937 0.017 120.033
3.49 8.028 0.015 119.08
3.5 8.092 0.018 121.134
3.51 8.183 0.018 121.426
3.52 8.218 0.018 121.597
3.53 8.242 0.02 122.816
3.54 8.266 0.019 122.44
3.55 8.293 0.02 123.118
3.56 8.365 0.021 123.87
3.57 8.404 0.022 124.53
3.58 8.432 0.023 125.149
3.59 8.44 0.024 125.707
3.6 8.388 0.023 125.248
3.61 8.349 0.023 125.261
3.62 8.297 0.025 126.117
3.63 8.25 0.028 127.305
3.64 8.206 0.03 128.037
3.65 8.175 0.033 129.084
3.66 8.163 0.034 129.477
3.67 8.135 0.052 134.171
3.68 8.08 0.074 138.137
3.69 8.04 0.075 138.297
3.7 8.028 0.06 135.826
3.71 8.064 0.039 131.227
3.72 8.175 0.041 132.133
3.73 8.396 0.026 127.804
3.74 9.295 0.042 135.07
3.75 9.393 0.031 131.997
3.76 8.325 0.018 124.078
3.77 11.498 0.076 146.641
3.78 12.424 0.023 134.348
3.79 12.705 0.081 149.774
3.8 11.942 0.166 157.692
3.81 13.129 0.109 154.474
3.82 13.196 0.032 139.702
3.83 14.656 0.058 149.132
3.84 17.078 0.047 149.917
3.85 14.328 0.038 143.716
3.86 15.998 0.075 154.625
3.87 18.051 0.142 166.038
3.88 20.406 0.111 165.687
3.89 21.601 0.09 164.279
3.9 21.632 0.111 167.324
3.91 23.219 0.118 170.022
3.92 25.526 0.076 166.28
3.93 25.87 0.057 162.776
3.94 28.264 0.092 171.684
3.95 31.703 0.161 182.995
3.96 32.478 0.119 179.197
3.97 32.811 0.168 184.814
3.98 33.487 0 0
3.99 34.662 0 0
4 36.332 0 0
4.01 37.895 0 0
4.02 39.688 0 0
4.03 41.611 0 0
4.04 35.624 0 0
