0.02 1 0.001 16.7689
0.03 1.08 0.005 21.6983
0.04 1.18 0.008 24.7559
0.05 1.29 0.011 27.3968
0.06 1.46 0.018 30.5668
0.07 1.44 0.021 32.2528
0.08 1.37 0.0217 33.3241
0.09 1.64 0.0223 35.4172
0.1 1.75 0.023 36.9072
0.11 1.9 0.024 38.4857
0.12 1.97 0.025 39.7688
0.13 2.04 0.026 41.0021
0.14 2.06 0.03 42.4165
0.15 2.07 0.032 43.501
0.16 2.06 0.033 44.3711
0.17 2.03 0.036 45.3572
0.18 2.02 0.037 46.156
0.19 1.96 0.037 46.652
0.2 1.93 0.037 47.217
0.21 1.91 0.037 47.7901
0.22 1.87 0.038 48.3721
0.23 1.84 0.037 48.7513
0.24 1.81 0.036 49.1028
0.25 1.78 0.034 49.3088
0.26 1.78 0.031 49.4678
0.27 1.79 0.029 49.753
0.28 1.82 0.028 50.2321
0.29 1.87 0.026 50.6099
0.3 1.93 0.025 51.1548
0.31 2 0.024 51.7128
0.32 2.1 0.022 52.1601
0.33 2.2 0.022 52.9618
0.34 2.32 0.02 53.3882
0.35 2.46 0.019 54.045
0.36 2.6 0.019 54.9058
0.37 2.74 0.019 55.745
0.38 2.88 0.019 56.5643
0.39 3.01 0.019 57.3376
0.4 3.14 0.019 58.0953
0.41 3.29 0.02 59.1417
0.42 3.43 0.021 60.1412
0.43 3.57 0.022 61.1218
0.44 3.71 0.024 62.3047
0.45 3.85 0.025 63.245
0.46 3.98 0.027 64.3483
0.47 4.1 0.03 65.5841
0.48 4.15 0.031 66.2648
0.49 4.25 0.035 67.5533
0.5 4.34 0.037 68.4549
0.51 4.4 0.039 69.2717
0.52 4.45 0.042 70.1916
0.53 4.48 0.044 70.9065
0.54 4.5 0.046 71.5859
0.55 4.49 0.048 72.1841
0.56 4.47 0.049 72.6244
0.57 4.42 0.05 72.9871
0.58 4.37 0.051 73.3415
0.59 4.31 0.052 73.6633
0.6 4.24 0.053 73.951
0.61 4.17 0.054 74.2291
0.62 4.1 0.055 74.4975
0.63 4.03 0.056 74.7563
0.64 3.97 0.056 74.9223
0.65 3.91 0.056 75.0811
0.66 3.85 0.056 75.2327
0.67 3.79 0.056 75.3772
0.68 3.73 0.055 75.4014
0.69 3.68 0.055 75.5611
0.7 3.64 0.054 75.6291
0.71 3.61 0.053 75.7196
0.72 3.6 0.052 75.8639
0.73 3.58 0.051 75.9715
0.74 3.57 0.05 76.1032
0.75 3.56 0.048 76.0979
0.76 3.55 0.047 76.2141
0.77 3.54 0.046 76.3238
0.78 3.54 0.046 76.5981
0.79 3.53 0.045 76.6982
0.8 3.53 0.043 76.6763
0.81 3.54 0.043 76.9729
0.82 3.55 0.042 77.1161
0.83 3.56 0.041 77.2528
0.84 3.58 0.04 77.4137
0.85 3.59 0.038 77.3692
0.86 3.6 0.038 77.6522
0.87 3.59 0.038 77.871
0.88 3.58 0.038 78.0874
0.89 3.57 0.038 78.3016
0.9 3.56 0.037 78.3394
0.91 3.55 0.037 78.5486
0.92 3.54 0.036 78.5763
0.93 3.53 0.036 78.7807
0.94 3.5 0.036 78.9183
0.95 3.47 0.036 79.0527
0.96 3.43 0.036 79.1509
0.97 3.39 0.036 79.2453
0.98 3.34 0.037 79.4827
0.99 3.3 0.039 79.9184
1 3.26 0.04 80.1701
1.01 3.22 0.041 80.4144
1.02 3.17 0.042 80.6149
1.03 3.08 0.044 80.8115
1.04 3.05 0.045 81.0662
1.05 2.87 0.0423 80.1595
1.06 2.79 0.0397 79.6231
1.07 2.69 0.0395 79.3794
1.08 2.61 0.0392 79.1894
1.09 2.55 0.039 79.0935
1.1 2.5 0.041 79.3984
1.11 2.5 0.042 79.7582
1.12 2.55 0.044 80.4966
1.13 2.62 0.044 81.0111
1.14 2.69 0.041 81.0411
1.15 2.76 0.038 81.0253
1.16 2.8 0.036 81.0237
1.17 2.85 0.034 81.0383
1.18 2.87 0.032 80.903
1.19 2.89 0.032 81.1741
1.2 2.89 0.031 81.1486
1.21 2.87 0.03 81.0333
1.22 2.85 0.029 80.9087
1.23 2.82 0.028 80.733
1.24 2.77 0.027 80.4629
1.25 2.69 0.026 80.0514
1.26 2.6 0.024 79.3068
1.27 2.48 0.023 78.6633
1.28 2.35 0.024 78.5036
1.29 2.21 0.025 78.2461
1.3 2.09 0.027 78.2861
1.31 1.99 0.029 78.3656
1.32 1.92 0.031 78.5623
1.33 1.88 0.032 78.6966
1.34 1.83 0.033 78.7565
1.35 1.8 0.034 78.9276
1.36 1.79 0.034 79.0263
1.37 1.78 0.035 79.3146
1.38 1.79 0.037 79.9078
1.39 1.79 0.038 80.2463
1.4 1.8 0.039 80.645
1.41 1.82 0.041 81.2708
1.42 1.83 0.042 81.6585
1.43 1.85 0.043 82.1067
1.44 1.87 0.044 82.5511
1.45 1.88 0.045 82.9286
1.46 1.87 0.045 83.0234
1.47 1.84 0.045 82.9876
1.48 1.78 0.044 82.5936
1.49 1.73 0.043 82.2521
1.5 1.67 0.041 81.6631
1.51 1.65 0.041 81.6723
1.52 1.59 0.04 81.22
1.53 1.55 0.039 80.8996
1.54 1.53 0.038 80.7202
1.55 1.54 0.037 80.7621
1.56 1.55 0.036 80.7976
1.57 1.57 0.035 80.901
1.58 1.58 0.034 80.9227
1.59 1.52 0.032 80.2085
1.6 1.45 0.03 79.3774
1.61 1.37 0.029 78.6456
1.62 1.29 0.028 77.8738
1.63 1.21 0.027 77.0578
1.64 1.13 0.026 76.1927
1.65 1.06 0.024 75.1201
1.66 0.99 0.023 74.2463
1.67 0.94 0.021 73.2609
1.68 0.89 0.02 72.5123
1.69 0.84 0.019 71.7231
1.7 0.8 0.018 71.0176
1.71 0.78 0.017 70.5384
1.72 0.75 0.016 69.9015
1.73 0.74 0.015 69.5048
1.74 0.73 0.014 69.0823
1.75 0.72 0.011 67.6834
1.76 0.71 0.01 67.1199
1.77 0.7 0.008 65.8545
1.78 0.69 0.008 65.8212
1.79 0.68 0.007 65.0586
1.8 0.67 0.006 64.1919
1.81 0.66 0.006 64.1518
1.82 0.65 0.005 63.1439
1.83 0.63 0.004 61.7982
1.84 0.61 0.004 61.605
1.85 0.58 0.003 59.8028
1.86 0.56 0.003 59.5906
1.87 0.54 0.003 59.3678
1.88 0.52 0.003 59.1336
1.89 0.51 0.003 59.0556
1.9 0.5 0.003 58.9739
1.91 0.51 0.003 59.2286
1.92 0.54 0.003 59.8049
1.93 0.58 0.003 60.5108
1.94 0.61 0.003 61.0395
1.95 0.66 0.003 61.8242
1.96 0.72 0.004 64.2114
1.97 0.75 0.004 64.6814
1.98 0.77 0.004 65.0185
1.99 0.75 0.003 63.3292
2 0.73 0.003 63.1712
2.01 0.73 0.003 63.2589
2.02 0.73 0.003 63.3462
2.03 0.73 0.006 67.1989
2.04 0.64 0.005 65.0338
2.05 0.59 0.005 64.3639
2.06 0.55 0.005 63.8028
2.07 0.53 0.005 63.5488
2.08 0.52 0.006 64.4297
2.09 0.53 0.006 64.6929
2.1 0.54 0.006 64.9534
2.11 0.55 0.006 65.2113
2.12 0.54 0.005 64.1443
2.13 0.51 0.004 62.5301
2.14 0.49 0.003 60.7796
2.15 0.45 0.002 58.1225
2.16 0.42 0.002 57.6222
2.17 0.39 0.002 57.0838
2.18 0.36 0.002 56.5018
2.19 0.36 0.001 53.4034
2.2 0.36 0.001 53.4711
2.21 0.37 0.001 53.7502
2.22 0.38 0.001 54.0248
2.23 0.39 0.001 54.295
2.24 0.4 0.001 54.5611
2.25 0.4 0.001 54.6287
2.26 0.41 0.001 54.891
2.27 0.42 0.001 55.1494
2.28 0.44 0.001 55.588
2.29 0.45 0.001 55.8361
2.3 0.49 0.001 56.5935
2.31 0.52 0.001 57.1487
2.32 0.54 0.001 57.5292
2.33 0.56 0.002 61.3377
2.34 0.61 0.002 62.1717
2.35 0.66 0.002 62.9556
2.36 0.71 0.002 63.6963
2.37 0.77 0.002 64.5206
2.38 0.83 0.002 65.2979
2.39 0.87 0.003 68.0769
2.4 0.89 0.004 70.0358
2.41 0.91 0.005 71.6597
2.42 0.92 0.006 72.9535
2.43 0.93 0.008 74.923
2.44 0.94 0.01 76.5319
2.45 0.95 0.012 77.9087
2.46 0.97 0.012 78.2313
2.47 0.97 0.014 79.3306
2.48 0.98 0.016 80.4257
2.49 0.99 0.017 81.0412
2.5 0.99 0.018 81.5183
2.51 0.98 0.02 82.2071
2.52 0.96 0.021 82.3878
2.53 0.94 0.022 82.5478
2.54 0.93 0.022 82.5112
2.55 0.94 0.022 82.7287
2.56 0.97 0.021 82.8729
2.57 1 0.021 83.3274
2.58 1.01 0.021 83.537
2.59 1.01 0.021 83.6269
2.6 1.01 0.022 84.0412
2.61 1.01 0.022 84.1309
2.62 1.02 0.021 84.0142
2.63 1.05 0.02 84.1129
2.64 1.09 0.02 84.6562
2.65 1.16 0.021 85.856
2.66 1.21 0.022 86.8052
2.67 1.23 0.025 88.0325
2.68 1.23 0.027 88.6901
2.69 1.21 0.029 89.1008
2.7 1.19 0.03 89.2303
2.71 1.19 0.031 89.566
2.72 1.16 0.034 90.0179
2.73 1.12 0.037 90.2886
2.74 1.09 0.039 90.4229
2.75 1.09 0.04 90.7054
2.76 1.1 0.04 90.9165
2.77 1.1 0.039 90.8164
2.78 1.1 0.04 91.0991
2.79 1.1 0.04 91.1901
2.8 1.09 0.039 90.9691
2.81 1.07 0.038 90.6207
2.82 1.04 0.037 90.1393
2.83 1 0.037 89.7199
2.84 0.96 0.037 89.2816
2.85 0.93 0.036 88.7586
2.86 0.91 0.035 88.3601
2.87 0.89 0.035 88.1633
2.88 0.88 0.035 88.1051
2.89 0.87 0.035 88.045
2.9 0.86 0.035 87.983
2.91 0.84 0.036 87.9753
2.92 0.83 0.041 88.8638
2.93 0.82 0.043 89.1458
2.94 0.81 0.045 89.4103
2.95 0.96 0.045 91.7113
2.96 1.06 0.045 93.1168
2.97 1.28 0.042 95.2219
2.98 1.48 0.035 95.8593
2.99 1.51 0.034 95.9945
3 1.57 0.032 96.1381
3.01 1.99 0.025 97.5445
3.02 2.34 0.021 98.4998
3.03 2.67 0.018 99.2008
3.04 2.93 0.01 95.8265
3.05 3.05 0.011 97.238
3.06 3.19 0.012 98.6693
3.07 3.43 0.013 100.463
3.08 3.75 0.015 103.073
3.09 4.13 0.015 104.61
3.1 4.56 0.015 106.208
3.11 4.98 0.015 107.661
3.12 5.38 0.015 108.962
3.13 5.76 0.015 110.136
3.14 6.11 0.014 110.538
3.15 6.45 0.014 111.502
3.16 6.82 0.014 112.5
3.17 7.18 0.011 111.183
3.18 7.52 0.009 110.169
3.19 7.84 0.009 110.929
3.2 8.12 0.009 111.588
3.21 8.37 0.011 114.062
3.22 8.6 0.012 115.44
3.23 8.79 0.013 116.678
3.24 8.95 0.014 117.807
3.25 9.04 0.016 119.397
3.26 9.06 0.018 120.714
3.27 9.04 0.021 122.337
3.28 8.97 0.023 123.233
3.29 8.88 0.026 124.422
3.3 8.82 0.027 124.796
3.31 8.67 0.028 124.971
3.32 8.47 0.03 125.374
3.33 8.04 0.032 125.211
3.34 7.68 0.033 124.811
3.35 7.23 0.033 123.833
3.36 6.7 0.034 122.889
3.37 6.05 0.035 121.489
3.38 5.73 0.036 120.925
3.39 4.84 0.036 118.118
3.4 4.27 0.036 116.101
3.41 3.74 0.036 113.999
3.42 3.23 0.036 111.709
3.43 2.72 0.037 109.316
3.44 2.29 0.037 106.726
3.45 1.95 0.038 104.601
3.46 1.67 0.039 102.596
3.47 1.48 0.04 101.12
3.48 1.34 0.041 99.9686
3.49 1.22 0.043 99.0977
3.5 1.12 0.044 98.1502
3.51 1.02 0.044 96.9141
3.52 0.94 0.043 95.6735
3.53 0.86 0.042 94.3455
3.54 0.81 0.039 93.0335
3.55 0.84 0.035 92.7564
3.56 0.87 0.03 92.1103
3.57 0.9 0.027 91.8248
3.58 1.02 0.024 92.6551
3.59 1.18 0.021 93.647
3.6 1.42 0.018 95.0251
3.61 1.82 0.015 97.0747
3.62 2.47 0.011 98.9307
3.63 3.38 0.011 103.581
3.64 4.36 0.011 107.531
3.65 5.19 0.011 110.348
3.66 5.81 0.008 109.306
3.67 6.25 0.006 107.93
3.68 6.56 0.005 107.13
3.69 6.78 0.004 105.74
3.7 6.97 0.004 106.242
3.71 7.17 0.003 104.231
3.72 7.39 0.003 104.764
3.73 7.61 0.003 105.286
3.74 7.8 0.004 108.3
3.75 7.96 0.006 112.427
3.76 8.09 0.009 116.643
3.77 8.19 0.011 118.904
3.78 8.27 0.014 121.574
3.79 8.36 0.016 123.214
3.8 8.47 0.02 125.852
3.81 8.51 0.021 126.542
3.82 8.56 0.024 128.157
3.83 8.6 0.026 129.193
3.84 8.65 0.029 130.576
3.85 8.7 0.031 131.507
3.86 8.76 0.033 132.419
3.87 8.83 0.034 132.996
3.88 8.94 0.036 133.965
3.89 9.06 0.037 134.625
3.9 9.19 0.038 135.297
3.91 9.31 0.039 135.94
3.92 9.41 0.041 136.814
3.93 9.46 0.042 137.291
3.94 9.47 0.042 137.409
3.95 9.48 0.043 137.796
3.96 9.48 0.043 137.893
3.97 9.48 0.043 137.99
3.98 9.45 0.043 138.023
3.99 9.14 0.048 138.722
4 9.08 0.049 138.925
4.01 8.98 0.049 138.8
4.02 8.85 0.05 138.838
4.03 8.73 0.051 138.889
4.04 8.62 0.052 138.956
4.05 8.55 0.052 138.888
4.06 8.49 0.053 139.063
4.07 8.44 0.054 139.256
4.08 8.43 0.055 139.54
4.09 8.47 0.055 139.73
4.1 8.56 0.056 140.248
4.11 8.72 0.057 140.925
4.12 8.91 0.06 142.064
4.13 9.12 0.06 142.637
4.14 9.37 0.06 143.29
4.15 9.72 0.059 143.944
4.16 10.23 0.056 144.476
4.17 10.87 0.053 145.175
4.18 11.57 0.051 146.115
4.19 12.28 0.048 146.729
4.2 12.97 0.045 147.195
4.21 13.63 0.039 146.593
4.22 14.29 0.033 145.653
4.23 14.99 0.029 145.187
4.24 15.7 0.028 145.827
4.25 16.31 0.028 146.726
4.26 16.77 0.029 147.842
4.27 17.25 0.033 150.146
4.28 17.47 0.035 151.257
4.29 17.6 0.038 152.557
4.3 17.63 0.041 153.662
4.31 17.57 0.046 155.164
4.32 17.42 0.051 156.409
4.33 17.2 0.055 157.208
4.34 16.9 0.06 158.051
4.35 16.55 0.066 158.932
4.36 16.21 0.071 159.525
4.37 15.9 0.074 159.732
4.38 15.63 0.077 159.968
4.39 15.4 0.08 160.237
4.4 15.25 0.081 160.278
4.41 15.17 0.083 160.584
4.42 15.09 0.085 160.881
4.43 15.01 0.086 161.015
4.44 14.88 0.086 160.915
4.45 14.7 0.086 160.733
4.46 14.51 0.085 160.376
4.47 14.32 0.084 160.014
4.48 14.12 0.083 159.631
4.49 13.93 0.083 159.418
4.5 13.7 0.082 158.975
4.51 13.48 0.081 158.54
4.52 13.29 0.08 158.151
4.53 13.14 0.077 157.488
4.54 13.05 0.075 157.084
4.55 12.95 0.073 156.654
4.56 12.91 0.072 156.5
4.57 12.88 0.071 156.361
4.58 12.86 0.07 156.236
4.59 12.86 0.069 156.144
4.6 12.83 0.068 155.996
4.61 12.82 0.068 156.073
4.62 12.83 0.068 156.184
4.63 12.9 0.067 156.208
4.64 12.94 0.067 156.372
4.65 13.05 0.066 156.46
4.66 13.09 0.066 156.623
4.67 13.11 0.065 156.551
4.68 13.08 0.065 156.593
4.69 13.04 0.064 156.415
4.7 13.01 0.064 156.456
4.71 12.99 0.064 156.513
4.72 13.01 0.065 156.843
4.73 13.08 0.065 157.056
4.74 13.19 0.065 157.338
4.75 13.4 0.065 157.789
4.76 13.57 0.065 158.168
4.77 13.73 0.065 158.528
4.78 13.85 0.065 158.819
4.79 13.92 0.065 159.027
4.8 13.97 0.065 159.201
4.81 14.01 0.065 159.359
4.82 14.07 0.066 159.752
4.83 14.16 0.066 159.991
4.84 14.29 0.068 160.692
4.85 14.47 0.069 161.27
4.86 14.65 0.07 161.844
4.87 14.86 0.071 162.46
4.88 15.11 0.071 162.944
4.89 15.39 0.072 163.658
4.9 15.86 0.071 164.271
4.91 16.2 0.071 164.867
4.92 16.52 0.071 165.425
4.93 16.81 0.071 165.934
4.94 17.08 0.071 166.409
4.95 17.3 0.071 166.81
4.96 17.48 0.071 167.152
4.97 17.23 0.0707 166.841
4.98 17.49 0.0703 167.215
4.99 17.69 0.07 167.523
5 17.9 0.073 168.489
5.01 17.96 0.074 168.855
5.02 18.13 0.077 169.738
5.03 18.17 0.078 170.068
5.04 18.23 0.08 170.602
5.05 18.2 0.082 171.006
5.06 18.01 0.086 171.52
5.07 17.87 0.089 171.912
5.08 17.78 0.092 172.356
5.09 17.79 0.095 172.925
5.1 18.01 0.098 173.775
5.11 18.2 0.099 174.279
5.12 18.41 0.099 174.662
5.13 18.51 0.099 174.894
5.14 18.8 0.099 175.38
5.15 18.97 0.099 175.703
5.16 19.1 0.098 175.822
5.17 19.17 0.098 176.009
5.18 19.2 0.098 176.144
5.19 19.16 0.097 176.035
5.2 19.12 0.097 176.076
5.21 19.05 0.097 176.077
5.22 18.99 0.098 176.241
5.23 19.01 0.098 176.362
5.24 19.09 0.098 176.562
5.25 19.15 0.097 176.585
5.26 19.24 0.097 176.798
5.27 19.34 0.096 176.871
5.28 19.42 0.097 177.222
5.29 19.57 0.1 177.962
5.3 19.73 0.101 178.412
5.31 19.93 0.101 178.765
5.32 20.19 0.101 179.193
5.33 20.66 0.099 179.582
5.34 20.9 0.1 180.126
5.35 21.15 0.101 180.678
5.36 21.35 0.101 181.017
5.37 21.48 0.102 181.417
5.38 21.63 0.104 181.987
5.39 21.8 0.106 182.576
5.4 21.92 0.108 183.099
5.41 22.02 0.11 183.593
5.42 22.12 0.112 184.083
5.43 22.24 0.113 184.457
5.44 22.29 0.115 184.881
5.45 22.34 0.118 185.432
5.46 22.34 0.12 185.786
5.47 22.33 0.123 186.251
5.48 22.35 0.126 186.744
5.49 22.38 0.127 186.997
5.5 22.44 0.128 187.286
5.51 22.54 0.13 187.743
5.52 22.72 0.131 188.173
5.53 22.87 0.131 188.446
5.54 22.99 0.132 188.802
5.55 23.1 0.131 188.907
5.56 23.18 0.131 189.096
5.57 23.28 0.131 189.308
5.58 23.31 0.131 189.437
5.59 23.31 0.131 189.531
5.6 23.32 0.132 189.757
5.61 23.33 0.132 189.863
5.62 23.38 0.132 190.016
5.63 23.4 0.132 190.133
5.64 23.39 0.133 190.335
5.65 23.38 0.134 190.536
5.66 23.32 0.135 190.677
5.67 23.28 0.136 190.84
5.68 23.21 0.136 190.851
5.69 23.12 0.136 190.837
5.7 23.04 0.137 190.952
5.71 22.94 0.137 190.925
5.72 22.81 0.138 190.977
5.73 22.66 0.138 190.889
5.74 22.51 0.138 190.799
5.75 22.39 0.138 190.744
5.76 22.21 0.139 190.729
5.77 22.1 0.139 190.685
5.78 22.03 0.139 190.689
5.79 21.95 0.139 190.681
5.8 21.86 0.138 190.545
5.81 21.78 0.137 190.421
5.82 21.7 0.136 190.295
5.83 21.61 0.136 190.272
5.84 21.35 0.135 189.914
5.85 21.17 0.135 189.773
5.86 20.99 0.133 189.395
5.87 20.8 0.132 189.118
5.88 20.59 0.13 188.691
5.89 20.23 0.129 188.18
5.9 19.97 0.127 187.675
5.91 19.81 0.127 187.546
5.92 19.04 0.126 186.443
5.93 18.79 0.126 186.176
5.94 18.1 0.127 185.384
5.95 17.77 0.11 182.782
5.96 17.44 0.106 181.813
5.97 17.11 0.103 180.965
5.98 17.12 0.101 180.769
5.99 17.13 0.098 180.415
6 17.14 0.096 180.205
6.01 17.11 0.095 180.086
6.02 16.98 0.094 179.813
6.03 16.9 0.097 180.244
6.04 16.75 0.1 180.553
6.05 16.54 0.103 180.752
6.06 16.23 0.11 181.332
6.07 15.94 0.113 181.35
6.08 15.61 0.112 180.754
6.09 15.21 0.11 179.892
6.1 14.74 0.109 179.026
6.11 13.95 0.108 177.557
6.12 13.41 0.108 176.63
6.13 12.9 0.109 175.861
6.14 12.41 0.109 174.963
6.15 11.96 0.108 173.98
6.16 11.55 0.107 173.052
6.17 11.16 0.105 172.006
6.18 10.79 0.103 170.976
6.19 10.42 0.102 170.058
6.2 10.04 0.101 169.088
6.21 9.63 0.099 167.871
6.22 9.21 0.097 166.588
6.23 8.53 0.095 164.547
6.24 8.1 0.093 163.109
6.25 7.65 0.091 161.552
6.26 7.2 0.088 159.773
6.27 6.77 0.088 158.432
6.28 6.34 0.086 156.712
6.29 5.65 0.083 153.746
6.3 5.41 0.081 152.546
6.31 4.72 0.075 148.689
6.32 4.53 0.074 147.712
6.33 4.21 0.073 146.061
6.34 4.21 0.073 146.125
6.35 4.11 0.07 145.176
6.36 4.05 0.0727 145.389
6.37 3.89 0.0753 145.034
6.38 3.77 0.078 144.868
6.39 3.88 0.083 146.287
6.4 4.1 0.081 147.219
6.41 4.76 0.0793 150.217
6.42 6.69 0.0777 157.564
6.43 8.62 0.076 163.191
6.44 12.08 0.053 166.328
6.45 13.76 0.029 161.253
6.46 15.23 0.016 155.795
6.47 16.36 0.025 163.434
6.48 17.24 0.033 168.592
6.49 18.52 0.041 173.518
6.5 19.92 0.049 178.045
6.51 20.77 0.066 183.692
6.52 21.45 0.08 187.604
6.53 21.89 0.083 188.811
6.54 22.18 0.087 189.992
6.55 22.36 0.087 190.294
6.56 22.38 0.086 190.216
6.57 22.33 0.089 190.779
6.58 22.26 0.091 191.126
6.59 22.24 0.092 191.356
6.6 22.3 0.09 191.161
6.61 22.29 0.071 187.494
6.62 22.41 0.064 186.103
6.63 22.49 0.0637 186.204
6.64 22.66 0.0633 186.387
6.65 22.89 0.063 186.662
6.66 22.99 0.069 188.277
6.67 23.02 0.072 189.059
6.68 23.05 0.077 190.233
6.69 23.1 0.084 191.755
6.7 23.17 0.087 192.479
6.71 23.23 0.091 193.353
6.72 23.31 0.096 194.392
6.73 23.44 0.101 195.452
6.74 23.61 0.104 196.213
6.75 23.8 0.105 196.677
6.76 23.89 0.108 197.327
6.77 23.91 0.113 198.177
6.78 24.01 0.115 198.667
6.79 24.21 0.122 199.967
6.8 24.58 0.131 201.677
6.81 25.04 0.14 203.42
6.82 25.43 0.142 204.197
6.83 25.47 0.138 203.842
6.84 25.08 0.131 202.593
6.85 24.63 0.122 200.954
6.86 24.31 0.116 199.817
6.87 23.86 0.112 198.779
6.88 23.55 0.119 199.489
6.89 23.43 0.115 198.857
6.9 23.3 0.117 199.063
6.91 23.14 0.122 199.639
6.92 23.25 0.129 200.786
6.93 23.82 0.111 199.064
6.94 24.44 0.106 199.117
6.95 25.04 0.108 200.204
6.96 25.65 0.11 201.287
6.97 26.19 0.11 201.972
6.98 26.66 0.113 203.025
6.99 27.3 0.116 204.246
7 27.74 0.12 205.376
7.01 28.16 0.121 206.045
7.02 28.5 0.124 206.904
7.03 28.61 0.121 206.68
7.04 28.51 0.117 206.08
7.05 28.27 0.115 205.615
7.06 27.88 0.112 204.834
7.07 27.29 0.109 203.824
7.08 26.63 0.108 203.031
7.09 26.01 0.106 202.108
7.1 25.45 0.103 201.073
7.11 24.9 0.101 200.193
7.12 24.58 0.096 199.056
7.13 24.17 0.094 198.305
7.14 23.98 0.096 198.504
7.15 23.76 0.095 198.145
7.16 23.65 0.093 197.739
7.17 23.35 0.092 197.275
7.18 23.11 0.098 198.097
7.19 22.91 0.099 198.093
7.2 22.7 0.1 198.072
7.21 22.53 0.1 197.934
7.22 22.18 0.105 198.368
7.23 21.99 0.11 198.968
7.24 21.8 0.115 199.532
7.25 21.63 0.118 199.812
7.26 21.44 0.121 200.052
7.27 21.26 0.126 200.56
7.28 21.13 0.127 200.591
7.29 21 0.128 200.621
7.3 20.66 0.13 200.484
7.31 20.63 0.136 201.273
7.32 20.64 0.136 201.363
7.33 20.7 0.135 201.4
7.34 20.83 0.135 201.658
7.35 21 0.133 201.72
7.36 21.2 0.129 201.56
7.37 21.37 0.123 201.069
7.38 21.36 0.124 201.267
7.39 21.56 0.124 201.613
7.4 21.79 0.12 201.447
7.41 21.99 0.117 201.364
7.42 22.24 0.116 201.623
7.43 22.51 0.115 201.904
7.44 22.8 0.112 201.908
7.45 22.87 0.109 201.616
7.46 22.86 0.109 201.679
7.47 22.75 0.108 201.459
7.48 22.48 0.11 201.495
7.49 22.19 0.111 201.345
7.5 21.88 0.112 201.162
7.51 21.39 0.117 201.312
7.52 21.11 0.12 201.428
7.53 20.84 0.12 201.13
7.54 20.6 0.122 201.145
7.55 20.36 0.125 201.286
7.56 20.11 0.126 201.136
7.57 19.91 0.126 200.92
7.58 19.58 0.129 200.904
7.59 19.39 0.13 200.824
7.6 19.19 0.131 200.726
7.61 19.16 0.132 200.881
7.62 19.35 0.133 201.367
7.63 19.86 0.131 201.942
7.64 20.72 0.13 203.122
7.65 22.75 0.13 205.95
7.66 23.75 0.13 207.305
7.67 24.76 0.13 208.627
7.68 25.71 0.13 209.837
7.69 26.39 0.134 211.236
7.7 26.93 0.14 212.703
7.71 27.43 0.138 213.089
7.72 27.59 0.132 212.557
7.73 27.51 0.127 211.863
7.74 27.28 0.122 210.977
7.75 26.95 0.122 210.683
7.76 26.35 0.121 209.932
7.77 25.98 0.123 209.866
7.78 25.54 0.127 209.984
7.79 25.39 0.126 209.743
7.8 25.29 0.125 209.56
7.81 25.32 0.124 209.53
7.82 25.41 0.13 210.538
7.83 25.58 0.126 210.267
7.84 25.6 0.121 209.658
7.85 25.65 0.127 210.638
7.86 25.76 0.127 210.842
7.87 25.84 0.128 211.149
7.88 25.84 0.132 211.765
7.89 25.92 0.136 212.461
7.9 25.87 0.135 212.346
7.91 24.69 0.133 210.736
7.92 25.26 0.133 211.504
7.93 25.35 0.136 212.08
7.94 25.36 0.139 212.552
7.95 25.24 0.141 212.733
7.96 25.13 0.144 213.047
7.97 25.1 0.149 213.691
7.98 25.12 0.15 213.909
7.99 25.19 0.15 214.069
8 25.24 0.152 214.441
8.01 25.55 0.149 214.536
8.02 25.66 0.147 214.502
8.03 25.82 0.146 214.647
8.04 25.88 0.145 214.67
8.05 25.81 0.144 214.537
8.06 25.73 0.141 214.14
8.07 25.64 0.138 213.723
8.08 25.66 0.137 213.691
8.09 25.71 0.135 213.563
8.1 25.86 0.134 213.683
8.11 25.89 0.131 213.39
8.12 25.98 0.136 214.236
8.13 26.05 0.137 214.523
8.14 26.02 0.138 214.691
8.15 25.99 0.138 214.728
8.16 26.08 0.135 214.516
8.17 26.02 0.138 214.911
8.18 26.1 0.142 215.591
8.19 26.19 0.143 215.897
8.2 26.26 0.146 216.427
8.21 26.47 0.149 217.116
8.22 26.67 0.149 217.425
8.23 26.99 0.151 218.114
8.24 27.12 0.154 218.696
8.25 27.19 0.156 219.086
8.26 27.25 0.159 219.577
8.27 27.32 0.162 220.074
8.28 27.47 0.166 220.769
8.29 27.53 0.17 221.351
8.3 27.55 0.175 221.983
8.31 27.48 0.178 222.29
8.32 27.32 0.18 222.384
8.33 27.12 0.182 222.428
8.34 26.71 0.186 222.416
8.35 26.52 0.188 222.46
8.36 26.27 0.19 222.426
8.37 26.06 0.196 222.819
8.38 25.83 0.2 222.983
8.39 25.5 0.207 223.282
8.4 25.32 0.211 223.484
8.41 25.24 0.213 223.632
8.42 25.18 0.214 223.716
8.43 25.1 0.214 223.687
8.44 25.05 0.214 223.697
8.45 25.04 0.212 223.583
8.46 25 0.211 223.517
8.47 25.03 0.21 223.541
8.48 25.03 0.207 223.346
8.49 25.04 0.206 223.342
8.5 25.08 0.206 223.467
8.51 25.09 0.205 223.462
8.52 25.05 0.205 223.484
8.53 25.05 0.203 223.375
8.54 25.16 0.199 223.218
8.55 25.28 0.196 223.162
8.56 25.42 0.196 223.412
8.57 25.52 0.195 223.516
8.58 25.57 0.194 223.556
8.59 25.47 0.191 223.212
8.6 25.35 0.188 222.839
8.61 25.21 0.186 222.535
8.62 24.88 0.186 222.185
8.63 24.51 0.184 221.578
8.64 24.06 0.182 220.858
8.65 23.83 0.18 220.421
8.66 23.78 0.18 220.425
8.67 23.91 0.181 220.771
8.68 24.04 0.183 221.216
8.69 24.24 0.178 221.041
8.7 24.38 0.179 221.398
8.71 24.47 0.178 221.483
8.72 24.62 0.177 221.645
8.73 24.81 0.173 221.54
8.74 25.06 0.171 221.716
8.75 25.12 0.171 221.863
8.76 25.28 0.168 221.809
8.77 25.38 0.169 222.115
8.78 25.59 0.181 223.723
8.79 25.69 0.181 223.919
8.8 25.82 0.183 224.358
8.81 25.91 0.185 224.745
8.82 26.04 0.185 224.977
8.83 26.12 0.184 225.046
8.84 26.25 0.184 225.278
8.85 26.33 0.184 225.448
8.86 26.47 0.188 226.095
8.87 26.49 0.188 226.19
8.88 26.49 0.19 226.461
8.89 26.58 0.19 226.642
8.9 26.31 0.1853 225.909
8.91 26.38 0.1807 225.593
8.92 26.48 0.176 225.292
8.93 26.54 0.176 225.436
8.94 26.68 0.178 225.889
8.95 26.93 0.18 226.473
8.96 27.27 0.183 227.266
8.97 27.37 0.184 227.559
8.98 27.55 0.186 228.05
8.99 27.83 0.188 228.656
9 27.93 0.185 228.539
9.01 27.93 0.184 228.506
9.02 27.96 0.184 228.612
9.03 28.01 0.186 228.947
9.04 27.99 0.186 228.994
9.05 27.99 0.188 229.269
9.06 27.99 0.189 229.44
9.07 27.98 0.19 229.6
9.08 27.75 0.194 229.795
9.09 27.63 0.194 229.722
9.1 27.55 0.195 229.795
9.11 27.45 0.195 229.744
9.12 27.32 0.194 229.559
9.13 27.3 0.195 229.703
9.14 27.28 0.196 229.847
9.15 27.22 0.198 230.038
9.16 27.17 0.201 230.335
9.17 27.18 0.204 230.701
9.18 27.2 0.205 230.889
9.19 27.15 0.205 230.898
9.2 27.13 0.205 230.943
9.21 27.01 0.203 230.677
9.22 26.89 0.2 230.314
9.23 26.81 0.2 230.284
9.24 26.82 0.202 230.557
9.25 26.87 0.205 230.971
9.26 26.95 0.205 231.139
9.27 27.02 0.205 231.295
9.28 27.03 0.204 231.283
9.29 26.83 0.198 230.531
9.3 26.51 0.195 229.91
9.31 26.14 0.194 229.416
9.32 25.85 0.193 229.017
9.33 25.64 0.194 228.915
9.34 25.4 0.196 228.868
9.35 25.29 0.196 228.794
9.36 25.25 0.2 229.194
9.37 25.3 0.201 229.423
9.38 25.41 0.197 229.251
9.39 25.42 0.195 229.137
9.4 25.33 0.192 228.792
9.41 25.15 0.191 228.526
9.42 24.73 0.185 227.435
9.43 24.46 0.183 226.937
9.44 24.18 0.182 226.525
9.45 24.01 0.183 226.465
9.46 23.89 0.184 226.47
9.47 23.82 0.184 226.441
9.48 23.84 0.184 226.535
9.49 23.88 0.183 226.553
9.5 23.97 0.183 226.743
9.51 24.19 0.179 226.69
9.52 24.34 0.178 226.853
9.53 24.61 0.175 226.959
9.54 24.99 0.172 227.199
9.55 25.58 0.165 227.243
9.56 25.85 0.164 227.538
9.57 25.9 0.161 227.318
9.58 25.57 0.158 226.61
9.59 25.24 0.156 226.012
9.6 24.63 0.15 224.549
9.61 24.16 0.144 223.232
9.62 23.72 0.137 221.785
9.63 23.45 0.132 220.8
9.64 23.03 0.119 218.397
9.65 22.93 0.119 218.323
9.66 22.79 0.112 217.096
9.67 22.95 0.115 217.856
9.68 22.92 0.103 215.889
9.69 22.72 0.103 215.678
9.7 22.74 0.103 215.768
9.71 22.48 0.1 214.943
9.72 22.26 0.107 215.912
9.73 22.09 0.105 215.397
9.74 21.7 0.108 215.411
9.75 21.22 0.116 216.06
9.76 21.02 0.12 216.437
9.77 20.79 0.125 216.891
9.78 20.52 0.134 217.801
9.79 20.38 0.14 218.443
9.8 20.39 0.146 219.285
9.81 20.36 0.148 219.549
9.82 20.36 0.153 220.219
9.83 20.57 0.156 220.964
9.84 20.81 0.156 221.396
9.85 21.14 0.161 222.544
9.86 21.39 0.16 222.869
9.87 21.68 0.16 223.364
9.88 22.22 0.131 220.52
9.89 22.58 0.1313 221.135
9.9 22.57 0.1317 221.239
9.91 22.82 0.132 221.695
9.92 22.96 0.128 221.385
9.93 23.07 0.133 222.307
9.94 23.29 0.136 223.087
9.95 23.43 0.137 223.478
9.96 23.56 0.142 224.387
9.97 23.73 0.14 224.417
9.98 23.88 0.141 224.816
9.99 23.98 0.139 224.747
10 23.9 0.148 225.877
10.01 23.93 0.158 227.214
10.02 23.99 0.16 227.597
10.03 23.99 0.162 227.895
10.04 23.83 0.169 228.542
10.05 23.6 0.175 228.95
10.06 23.53 0.178 229.239
10.07 23.3 0.181 229.297
10.08 23.15 0.185 229.564
10.09 22.97 0.188 229.677
10.1 22.99 0.187 229.667
10.11 23.04 0.189 230.005
10.12 23.12 0.192 230.485
10.13 23.18 0.196 231.03
10.14 23.17 0.198 231.275
10.15 23.11 0.196 231.057
10.16 23.01 0.197 231.073
10.17 22.84 0.198 230.987
10.18 22.68 0.198 230.816
10.19 22.49 0.2 230.793
10.2 22.26 0.2 230.514
10.21 22.2 0.2 230.488
10.22 22.13 0.199 230.349
10.23 22.15 0.197 230.248
10.24 22.24 0.198 230.543
10.25 22.34 0.195 230.461
10.26 22.53 0.193 230.607
10.27 22.61 0.192 230.688
10.28 22.61 0.191 230.65
10.29 22.55 0.19 230.523
10.3 22.48 0.189 230.381
10.31 22.32 0.186 229.9
10.32 22.2 0.186 229.784
10.33 22.05 0.186 229.621
10.34 21.89 0.184 229.236
10.35 21.75 0.182 228.878
10.36 21.73 0.184 229.117
10.37 21.69 0.184 229.118
10.38 21.7 0.183 229.09
10.39 21.74 0.183 229.212
10.4 21.72 0.182 229.139
10.41 21.65 0.184 229.302
10.42 21.64 0.184 229.348
10.43 21.63 0.184 229.394
10.44 21.59 0.183 229.29
10.45 21.53 0.184 229.363
10.46 21.4 0.184 229.224
10.47 21.31 0.183 229.042
10.48 21.29 0.185 229.279
10.49 21.26 0.186 229.396
10.5 21.29 0.187 229.606
10.51 21.26 0.188 229.722
10.52 21.21 0.187 229.603
10.53 21.23 0.187 229.695
10.54 21.27 0.186 229.715
10.55 21.34 0.184 229.678
10.56 21.47 0.182 229.73
10.57 21.62 0.18 229.81
10.58 21.8 0.178 229.931
10.59 21.93 0.177 230.081
10.6 21.96 0.177 230.186
10.61 21.96 0.177 230.247
10.62 21.98 0.176 230.228
10.63 21.97 0.175 230.165
10.64 21.97 0.174 230.115
10.65 21.96 0.176 230.379
10.66 21.96 0.178 230.656
10.67 21.95 0.178 230.701
10.68 21.92 0.179 230.823
10.69 21.89 0.18 230.945
10.7 21.85 0.18 230.944
10.71 21.81 0.181 231.049
10.72 21.78 0.181 231.063
10.73 21.74 0.18 230.956
10.74 21.71 0.179 230.863
10.75 21.68 0.177 230.661
10.76 21.68 0.177 230.72
10.77 21.69 0.176 230.686
10.78 21.68 0.175 230.621
10.79 21.65 0.173 230.414
10.8 21.59 0.172 230.27
10.81 21.55 0.172 230.268
10.82 21.52 0.171 230.169
10.83 21.43 0.171 230.09
10.84 21.32 0.169 229.753
10.85 21.15 0.17 229.66
10.86 20.17 0.162 227.242
10.87 20.28 0.157 226.885
10.88 20.14 0.155 226.475
10.89 19.97 0.154 226.135
10.9 19.9 0.154 226.078
10.91 19.86 0.154 226.07
10.92 19.9 0.154 226.194
10.93 19.87 0.155 226.324
10.94 19.9 0.156 226.552
10.95 20.02 0.156 226.806
10.96 20.08 0.155 226.84
10.97 20.12 0.155 226.962
10.98 20.12 0.155 227.02
10.99 20.09 0.154 226.906
11 20.01 0.156 227.077
11.01 20.03 0.157 227.288
11.02 20.06 0.156 227.273
11.03 20.12 0.156 227.428
11.04 20.19 0.156 227.599
11.05 20.26 0.158 228.012
11.06 20.34 0.158 228.198
11.07 20.38 0.157 228.2
11.08 20.49 0.158 228.555
11.09 20.63 0.157 228.715
11.1 20.81 0.159 229.301
11.11 20.9 0.16 229.62
11.12 20.97 0.16 229.788
11.13 20.97 0.159 229.726
11.14 21.06 0.158 229.804
11.15 21.25 0.156 229.915
11.16 21.42 0.155 230.113
11.17 21.48 0.155 230.264
11.18 21.64 0.162 231.416
11.19 21.86 0.16 231.571
11.2 22.23 0.158 231.947
11.21 22.34 0.156 231.923
11.22 22.5 0.156 232.219
11.23 22.63 0.159 232.838
11.24 22.81 0.16 233.283
11.25 23.26 0.16 233.998
11.26 23.49 0.158 234.143
11.27 23.57 0.158 234.315
11.28 23.85 0.162 235.261
11.29 23.98 0.162 235.503
11.3 24.1 0.169 236.562
11.31 24.09 0.175 237.293
11.32 24.12 0.179 237.841
11.33 24.14 0.181 238.148
11.34 24.27 0.182 238.5
11.35 24.57 0.182 238.981
11.36 24.94 0.184 239.772
11.37 25.19 0.185 240.284
11.38 25.36 0.182 240.249
11.39 25.58 0.183 240.716
11.4 25.74 0.185 241.209
11.41 25.93 0.187 241.74
11.42 26.22 0.185 241.97
11.43 26.43 0.186 242.415
11.44 26.86 0.19 243.469
11.45 27.15 0.188 243.69
11.46 27.33 0.186 243.765
11.47 27.35 0.182 243.409
11.48 27.47 0.178 243.171
11.49 27.73 0.174 243.1
11.5 28.09 0.1843 244.779
11.51 27.27 0.1947 244.912
11.52 26.72 0.205 245.304
11.53 26.23 0.2003 244.238
11.54 26.09 0.1957 243.637
11.55 26.35 0.191 243.551
11.56 26.3 0.189 243.33
11.57 26.08 0.199 244.139
11.58 26.03 0.2 244.232
11.59 26.09 0.186 242.901
11.6 26.24 0.183 242.831
11.61 26.32 0.183 242.996
11.62 26.05 0.192 243.664
11.63 25.99 0.199 244.369
11.64 25.64 0.204 244.455
11.65 25.23 0.208 244.34
11.66 25.14 0.199 243.376
11.67 25.24 0.193 242.953
11.68 25.09 0.195 243.011
11.69 25.19 0.207 244.419
11.7 25.07 0.199 243.51
11.71 24.22 0.195 241.952
11.72 23.75 0.208 242.626
11.73 23.29 0.219 243.041
11.74 23.15 0.219 242.888
11.75 23.09 0.211 242.104
11.76 23 0.207 241.64
11.77 23.04 0.201 241.167
11.78 22.98 0.191 240.111
11.79 22.88 0.191 240.017
11.8 22.82 0.191 239.983
11.81 22.76 0.195 240.363
11.82 22.61 0.198 240.496
11.83 22.47 0.203 240.836
11.84 22.32 0.209 241.245
11.85 21.14 0.172 235.571
11.86 20.86 0.17 234.946
11.87 20.66 0.169 234.56
11.88 20.4 0.169 234.188
11.89 20.19 0.168 233.778
11.9 20.04 0.167 233.466
11.91 19.89 0.167 233.268
11.92 19.81 0.168 233.303
11.93 19.72 0.168 233.204
11.94 19.66 0.17 233.386
11.95 19.56 0.168 233.039
11.96 19.55 0.167 232.96
11.97 19.4 0.166 232.64
11.98 19.38 0.171 233.235
11.99 19.46 0.17 233.313
12 19.55 0.169 233.408
12.01 19.67 0.168 233.552
12.02 19.97 0.166 233.883
12.03 20.16 0.163 233.901
12.04 20.38 0.162 234.201
12.05 20.59 0.16 234.359
12.06 20.75 0.16 234.674
12.07 20.9 0.161 235.094
12.08 20.88 0.159 234.871
12.09 20.81 0.16 234.934
12.1 20.71 0.162 235.068
12.11 20.64 0.164 235.248
12.12 20.58 0.164 235.203
12.13 20.66 0.166 235.626
12.14 20.76 0.167 235.962
12.15 20.94 0.168 236.427
12.16 21.1 0.169 236.857
12.17 21.29 0.17 237.334
12.18 21.4 0.17 237.564
12.19 21.53 0.172 238.057
12.2 21.64 0.173 238.401
12.21 21.72 0.174 238.697
12.22 21.82 0.174 238.909
12.23 21.84 0.173 238.88
12.24 21.82 0.173 238.903
12.25 21.77 0.174 238.993
12.26 21.79 0.176 239.306
12.27 21.86 0.177 239.584
12.28 22.04 0.178 240.034
12.29 22.21 0.179 240.466
12.3 22.4 0.179 240.816
12.31 22.74 0.18 241.505
12.32 22.98 0.179 241.813
12.33 23.22 0.18 242.342
12.34 23.48 0.18 242.785
12.35 23.76 0.18 243.255
12.36 24.2 0.182 244.178
12.37 24.45 0.182 244.595
12.38 24.63 0.183 245.02
12.39 24.7 0.185 245.397
12.4 24.75 0.187 245.743
12.41 24.7 0.189 245.944
12.42 24.68 0.19 246.078
12.43 24.75 0.191 246.342
12.44 24.9 0.193 246.825
12.45 25.13 0.193 247.207
12.46 25.63 0.195 248.178
12.47 25.91 0.198 248.938
12.48 26.14 0.201 249.622
12.49 26.43 0.202 250.178
12.5 26.67 0.205 250.867
12.51 26.97 0.205 251.328
12.52 27.16 0.206 251.74
12.53 27.32 0.21 252.412
12.54 27.38 0.211 252.648
12.55 27.51 0.211 252.876
12.56 27.58 0.212 253.124
12.57 27.79 0.215 253.753
12.58 28.03 0.215 254.124
12.59 28.57 0.219 255.271
12.6 29.02 0.223 256.288
12.61 29.53 0.225 257.179
12.62 30.19 0.224 257.961
12.63 30.39 0.218 257.68
12.64 30.59 0.21 257.179
12.65 30.86 0.209 257.459
12.66 31.34 0.206 257.778
12.67 31.6 0.204 257.932
12.68 31.88 0.211 259.043
12.69 32.32 0.217 260.218
12.7 33.07 0.217 261.136
12.71 33.65 0.214 261.545
12.72 34.25 0.213 262.167
12.73 35.41 0.21 263.174
12.74 36.01 0.211 263.973
12.75 36.69 0.217 265.362
12.76 38.29 0.208 266.116
12.77 39.45 0.205 266.998
