0.02 0.759 0.0003 14.5799
0.03 1.101 0.0013 19.4516
0.04 1.286 0.0043 23.8027
0.05 1.399 0.0085 27.1304
0.06 1.525 0.0115 29.6336
0.07 1.684 0.0159 32.2333
0.0800001 1.807 0.0182 34.1757
0.0900001 1.903 0.0227 36.2375
0.1 1.98 0.0266 38.0266
0.11 1.991 0.0324 39.7254
0.12 2.0085 0.0378 41.2754
0.13 2.026 0.0405 42.5002
0.14 1.99 0.0405 43.273
0.15 1.954 0.0464 44.4958
0.16 1.892 0.0492 45.3118
0.17 1.833 0.0494 45.8877
0.18 1.792 0.0505 46.5563
0.19 1.713 0.0533 47.1668
0.2 1.621 0.0551 47.5967
0.21 1.521 0.0539 47.7188
0.22 1.453 0.0511 47.8099
0.23 1.453 0.0515 48.4358
0.24 1.331 0.05085 48.3461
0.25 1.229 0.0502 48.288
0.26 1.113 0.0502 48.1254
0.27 0.997 0.0483 47.7148
0.28 0.997 0.0435 47.7818
0.29 0.919 0.039 47.2562
0.3 0.899 0.039 47.5527
0.31 0.879 0.0365 47.57
0.32 0.847 0.034 47.4552
0.33 0.847 0.03305 47.7502
0.34 0.830001 0.032575 47.95
0.35 0.8155 0.0323375 48.1861
0.36 0.80825 0.0322187 48.4877
0.37 0.801 0.0321 48.7801
0.38 0.801 0.0321 49.143
0.39 0.799 0.0285 48.9941
0.4 0.831 0.02865 49.6416
0.41 0.863 0.0288 50.2781
0.42 0.918 0.0294 51.1561
0.43 1.059 0.0306 52.7375
0.44 1.258 0.0317 54.5682
0.45 1.364 0.0317 55.5536
0.46 1.515 0.0327 56.8924
0.47 1.515 0.0347 57.517
0.48 1.72 0.0369 59.2237
0.49 1.95 0.0414 61.2339
0.5 2.149 0.0414 62.4465
0.51 2.327 0.0478 64.2791
0.52 2.449 0.0534 65.7072
0.53 2.449 0.0598 66.6811
0.54 2.621 0.0598 67.6868
0.55 2.766 0.0669 69.2055
0.56 2.766 0.0759 70.2873
0.57 2.854 0.0863 71.7154
0.58 2.955 0.0863 72.4248
0.59 3.073 0.0927 73.6181
0.6 3.073 0.0975001 74.2742
0.61 3.064 0.1048 75.0342
0.62 3.032 0.1048 75.2603
0.63 3.032 0.1127 76.0543
0.640001 2.939 0.1179 76.332
0.650001 2.902 0.1179 76.522
0.660001 2.897 0.1224 77.0682
0.670001 2.897 0.1267 77.6137
0.680001 2.8605 0.1267 77.7918
0.690001 2.87275 0.1204 77.8253
0.700001 2.885 0.1204 78.1852
0.710001 2.885 0.1174 78.3295
0.720001 2.985 0.1174 79.0214
0.730001 2.985 0.113 79.0733
0.740001 3.018 0.113 79.4987
0.75 3.018 0.1095 79.5873
0.760001 2.887 0.1095 79.3721
0.770001 2.887 0.1091 79.6368
0.780001 2.604 0.1091 78.7444
0.790001 2.604 0.1083 78.9754
0.800001 2.213 0.1083 77.4168
0.810001 2.213 0.0977 77.0217
0.820001 1.853 0.0977 75.3341
0.830001 1.758 0.0904 74.5345
0.840001 1.758 0.0889 74.6791
0.850001 1.7465 0.089 74.8614
0.860001 1.74075 0.0854 74.8121
0.870001 1.735 0.0854 75.0172
0.880001 1.735 0.0709 74.0998
0.890001 1.603 0.0709 73.4907
0.900001 1.603 0.0574 72.4351
0.910001 1.52 0.0493 71.197
0.920001 1.37 0.0493 70.3532
0.930001 1.37 0.0474 70.3346
0.940001 1.206 0.0474 69.2606
0.950001 1.171 0.0446 68.8211
0.960001 1.2075 0.04 68.7025
0.970001 1.244 0.04 69.1968
0.980001 1.47 0.0365 70.5432
0.990001 1.47 0.0329 70.1341
1 1.597 0.0329 71.1745
1.01 1.597 0.03315 71.4166
1.02 1.624 0.0334 71.8305
1.03 1.559 0.0334 71.6032
1.04 1.559 0.03225 71.5868
1.05 1.512 0.0311 71.2462
1.06 1.449 0.0311 70.9977
1.07 1.449 0.0309 71.1451
1.08 1.387 0.0307 70.8433
1.09 1.29 0.0307 70.2874
1.1 1.29 0.03065 70.4565
1.11 1.19 0.0306 69.8085
1.12 1.083 0.0306 69.0397
1.13 1.083 0.0297 69.0388
1.14 1.032 0.0297 68.7291
1.15 1.0285 0.0286 68.6466
1.16 1.04625 0.0275 68.757
1.17 1.064 0.0275 69.0885
1.18 1.064 0.0251 68.728
1.19 1.15 0.0248 69.5951
1.2 1.202 0.0245 70.1318
1.21 1.202 0.0253 70.482
1.22 1.223 0.0242 70.5584
1.23 1.166 0.0242 70.2343
1.24 1.166 0.0238 70.2951
1.25 1.1275 0.023 69.9132
1.26 1.10825 0.0226 69.7928
1.27 1.089 0.0224 69.7185
1.28 1.12 0.0222 70.1013
1.29 1.082 0.0224 69.957
1.3 1.082 0.0218 69.9492
1.31 1.0785 0.0218 70.0656
1.32 1.08425 0.0216 70.2138
1.33 1.09 0.02105 70.264
1.34 1.15 0.021525 71.0877
1.35 1.15 0.022 71.3643
1.36 1.153 0.0236 71.9567
1.37 1.113 0.0236 71.7378
1.38 1.113 0.0231 71.755
1.39 1.037 0.0231 71.1706
1.4 1.016 0.0223 70.8946
1.41 1.016 0.0221 70.9818
1.42 1.013 0.0221 71.0911
1.43 0.948 0.0219 70.4996
1.44 0.948 0.0206 70.2776
1.45 0.820001 0.0206 68.9575
1.46 0.820001 0.0178 68.2546
1.47 0.752 0.0156 66.7998
1.48 0.7315 0.0156 66.66
1.49 0.74175 0.01485 66.6451
1.5 0.752 0.0141 66.6134
1.51 0.752 0.0141 66.7366
1.52 0.801 0.01365 67.2878
1.53 0.884 0.013475 68.3012
1.54 0.909 0.0138875 68.8729
1.55 0.949 0.0143 69.5954
1.56 0.949 0.0153 70.1131
1.57 0.956 0.0167 70.8262
1.58 0.978 0.0167 71.1842
1.59 0.978 0.018 71.7553
1.6 0.981 0.0195 72.3927
1.61 0.981 0.0195 72.5182
1.62 0.981 0.0195 72.6431
1.63 0.981 0.0195 72.7675
1.64 0.981 0.0195 72.8913
1.65 0.981 0.0195 73.0146
1.66 0.955001 0.0186 72.5691
1.67 0.959 0.01885 72.815
1.68 0.894 0.0191 72.2817
1.69 0.863 0.0206 72.4886
1.7 0.863 0.0234 73.3816
1.71 0.831 0.0255 73.6271
1.72 0.811 0.0255 73.4883
1.73 0.811 0.0284 74.2694
1.74 0.774 0.0276 73.7145
1.75 0.719 0.0276 73.0525
1.76 0.719 0.0276 73.1683
1.77 0.646 0.0276 72.1625
1.78 0.646 0.0253 71.7543
1.79 0.59 0.0225 70.245
1.8 0.564 0.0225 69.8988
1.81 0.564 0.0194 69.1484
1.82 0.561 0.0194 69.2012
1.83 0.561 0.0171 68.5828
1.84 0.561 0.0171 68.6868
1.85 0.561 0.0157 68.3032
1.86 0.562 0.0136 67.6106
1.87 0.563 0.0136 67.7288
1.88 0.563 0.0131 67.6183
1.89 0.571 0.0129 67.769
1.9 0.571 0.01285 67.8465
1.91 0.569 0.0128 67.8893
1.92 0.567 0.0128 67.9534
1.93 0.567 0.0124 67.8721
1.94 0.555 0.0124 67.7607
1.95 0.555 0.012 67.6727
1.96 0.506 0.0114 66.5882
1.97 0.452 0.0114 65.6076
1.98 0.452 0.0108 65.4051
1.99 0.406 0.0108 64.4923
2 0.406 0.0104 64.3797
2.01 0.392 0.0104 64.1441
2.02 0.385 0.009 63.3002
2.03 0.597 0.0085 67.2001
2.04 0.809 0.0088 70.5051
2.05 0.809 0.0091 70.7982
2.06 0.969 0.0091 72.7605
2.07 0.969 0.01245 74.7836
2.08 1.408 0.0158 80.6058
2.09 1.561 0.0158 81.9213
2.1 1.714 0.0167 83.5261
2.11 1.764 0.0167 83.9835
2.12 1.764 0.01645 83.9885
2.13 1.633 0.016575 83.2216
2.14 1.633 0.0167 83.3821
2.15 1.466 0.0168 82.2441
2.16 1.291 0.0168 80.8565
2.17 1.291 0.0182 81.5014
2.18 1.111 0.0182 79.86
2.19 1.111 0.0183 79.9982
2.2 0.902 0.0183 77.7315
2.21 0.902 0.017 77.3539
2.22 0.722 0.013 73.3522
2.23 0.607 0.013 71.6318
2.24 0.607 0.0127 71.5818
2.25 0.559 0.0127 70.8253
2.26 0.559 0.0121 70.6277
2.27 0.552 0.0121 70.5862
2.28 0.546 0.0109 69.9509
2.29 0.551 0.0102 69.7419
2.3 0.556 0.01075 70.2234
2.31 0.556 0.0113 70.6007
2.32 0.585 0.0113 71.2049
2.33 0.585 0.0123 71.7949
2.34 0.608 0.0123 72.2807
2.35 0.649 0.0098 71.6817
2.36 0.649 0.0079 70.4909
2.37 0.756 0.0079 72.1419
2.38 0.756 0.00775 72.1113
2.39 0.930001 0.008525 74.9735
2.4 0.930001 0.0093 75.606
2.41 1.069 0.0124 79.0977
2.42 1.032 0.0124 78.7882
2.43 1.032 0.016 80.5692
2.44 0.901 0.016 79.0998
2.45 0.901 0.0173 79.7061
2.46 0.770001 0.0173 78.0114
2.47 0.671 0.0176 76.6765
2.48 0.671 0.0179 76.8707
2.49 0.646 0.0179 76.5371
2.5 0.646 0.0177 76.5508
2.51 0.613 0.01785 76.1128
2.52 0.56 0.018 75.2636
2.53 0.56 0.018 75.3465
2.54 0.5425 0.018 75.0851
2.55 0.54025 0.016 74.3896
2.56 0.538 0.016 74.4259
2.57 0.525 0.0155 74.0488
2.58 0.525 0.0147 73.8027
2.59 0.517 0.0147 73.7189
2.6 0.517 0.0137 73.3666
2.61 0.5145 0.0132 73.167
2.62 0.51325 0.01295 73.1028
2.63 0.51262 0.012825 73.1083
2.64 0.512 0.0127 73.1131
2.65 0.512 0.0127 73.19
2.66 0.51 0.0114 72.5704
2.67 0.508 0.01115 72.4712
2.68 0.493 0.0109 72.098
2.69 0.489 0.0107 71.9771
2.7 0.489 0.0093 71.2156
2.71 0.481 0.0093 71.1197
2.72 0.465 0.0089 70.588
2.73 0.465 0.0086 70.4587
2.74 0.458 0.0085 70.308
2.75 0.446 0.0085 70.1107
2.76 0.446 0.00855 70.2157
2.77 0.435 0.0086 70.0681
2.78 0.429 0.0086 69.9981
2.79 0.429 0.0085 69.9999
2.8 0.424 0.0079 69.5266
2.81 0.4185 0.0079 69.4648
2.82 0.41925 0.007 68.855
2.83 0.42 0.0065 68.5168
2.84 0.418 0.0065 68.5369
2.85 0.418 0.00635 68.4707
2.86 0.413 0.006325 68.3963
2.87 0.399 0.0063 68.1011
2.88 0.399 0.0062 68.0763
2.89 0.3935 0.0062 68.0059
2.9 0.39075 0.0059 67.7225
2.91 0.39038 0.0056 67.4844
2.92 0.39019 0.0056 67.5441
2.93 0.39559 0.00555 67.6917
2.94 0.401 0.0055 67.8374
2.95 0.441 0.0055 68.8376
2.96 0.441 0.0056 69.0058
2.97 0.544 0.0057 71.295
2.98 0.912 0.0057 76.8738
2.99 0.912 0.0058 77.0568
3 1.643 0.0065 84.7508
3.01 2.179 0.0065 88.3492
3.02 2.179 0.00575 87.5333
3.03 2.177 0.005775 87.6338
3.04 2.002 0.0058 86.6932
3.05 2.002 0.0076 88.7458
3.06 1.8625 0.0076 87.9075
3.07 1.79275 0.0082 88.06
3.08 1.76987 0.0088 88.4952
3.09 1.75844 0.0088 88.4923
3.1 1.89972 0.0099 90.445
3.11 2.041 0.0114 92.5459
3.12 2.428 0.0114 94.9737
3.13 2.428 0.0124 95.7255
3.14 2.943 0.0124 98.5015
3.15 3.343 0.0125 100.482
3.16 3.343 0.0126 100.637
3.17 3.714 0.0126 102.263
3.18 4.405 0.0126 104.899
3.19 4.405 0.0122 104.709
3.2 5.486 0.0122 108.165
3.21 6.411 0.0109 109.683
3.22 6.411 0.01065 109.566
3.23 7.035 0.0104 110.917
3.24 7.035 0.0108 111.362
3.25 7.406 0.0099 111.475
3.26 7.608 0.0099 112.004
3.27 7.608 0.0095 111.715
3.28 7.644 0.0093 111.688
3.29 7.529 0.0104 112.581
3.3 7.529 0.0115 113.623
3.31 7.278 0.0115 113.164
3.32 7.278 0.015 115.791
3.33 7.117 0.015 115.515
3.34 7.107 0.0197 118.239
3.35 7.1935 0.0235 120.296
3.36 7.28 0.0235 120.604
3.37 7.28 0.0281 122.512
3.38 7.663 0.0281 123.521
3.39 8.16 0.0323 126.201
3.4 8.16 0.0349 127.12
3.41 8.432 0.0349 127.826
3.42 8.432 0.035 127.961
3.43 8.478 0.035 128.165
3.44 8.524 0.0343 128.153
3.45 8.524 0.0339 128.132
3.46 8.603 0.0337 128.342
3.47 8.779 0.03445 129.056
3.48 8.779 0.0352 129.391
3.49 9.008 0.0352 129.976
3.5 9.008 0.037 130.62
3.51 9.215 0.0389 131.7
3.52 9.408 0.0389 132.198
3.53 9.408 0.0398 132.554
3.54 9.531 0.0398 132.907
3.55 9.531 0.0415 133.475
3.56 9.523 0.0415 133.563
3.57 9.485 0.0435 134.114
3.58 9.485 0.0449 134.573
3.59 9.369 0.0449 134.439
3.6 9.369 0.0464 134.911
3.61 9.2585 0.0464 134.785
3.62 9.20325 0.0464 134.772
3.63 9.17563 0.0464 134.817
3.64 9.148 0.0464 134.862
3.65 9.148 0.049 135.578
3.66 8.449 0.0516 134.716
3.67 8.5165 0.0468 133.88
3.68 8.584 0.04685 134.146
3.69 8.589 0.0469 134.27
3.7 8.589 0.0482 134.678
3.71 8.324 0.0482 134.172
3.72 8.324 0.0508 134.86
3.73 8.2515 0.0508 134.791
3.74 8.39725 0.0528 135.667
3.75 8.543 0.0528 136.105
3.76 8.543 0.0534 136.334
3.77 9.179 0.0534 137.853
3.78 9.646 0.05385 139.04
3.79 9.646 0.0543 139.239
3.8 9.668 0.0543 139.387
3.81 9.668 0.0519 138.965
3.82 9.502 0.0519 138.72
3.83 9.502 0.044 136.927
3.84 8.952 0.0398 134.725
3.85 8.275 0.0398 133.305
3.86 8.275 0.035 131.982
3.87 7.939 0.035 131.291
3.88 8.107 0.03355 131.319
3.89 8.275 0.033475 131.777
3.9 8.275 0.0342375 132.118
3.91 8.275 0.035 132.455
3.92 6.199 0.035 127.149
3.93 6.199 0.0357 127.449
3.94 5.801 0.0357 126.326
3.95 5.801 0.0381 127.101
3.96 5.305 0.0381 125.564
3.97 4.75 0.0404 124.273
3.98 4.75 0.0438 125.199
3.99 4.242 0.0438 123.262
4 4.242 0.0448 123.58
4.01 3.74 0.0448 121.443
4.02 3.74 0.0422 120.924
4.03 3.425 0.0421 119.46
4.04 4.75 0.04255 125.418
4.05 4.1395 0.043 123.15
4.06 3.83425 0.043 121.883
4.07 3.74562 0.0429 121.533
4.08 3.79131 0.0429 121.828
4.09 3.837 0.0422 121.954
4.1 3.837 0.0413 121.819
4.11 4.206 0.0413 123.524
4.12 4.206 0.0396 123.176
4.13 4.509 0.0396 124.5
4.14 4.704 0.03925 125.253
4.15 4.704 0.0389 125.243
4.16 4.724 0.0389 125.404
4.17 4.724 0.0363 124.767
4.18 4.7995 0.0363 125.136
4.19 4.875 0.0345 124.971
4.2 4.875 0.0323 124.37
4.21 5.29 0.0323 125.925
4.22 5.29 0.0305 125.408
4.23 5.96 0.0305 127.664
4.24 6.591 0.0292 129.144
4.25 6.591 0.0282 128.855
4.26 7.04 0.0282 130.168
4.27 7.04 0.0257 129.251
4.28 7.481 0.0257 130.472
4.29 7.868 0.0243 130.896
4.3 7.868 0.02415 130.914
4.31 8.177 0.025025 132.118
4.32 8.177 0.0259 132.581
4.33 8.466 0.0259 133.332
4.34 8.774 0.0286 135.217
4.35 8.774 0.0308 136.14
4.36 9.022 0.0308 136.775
4.37 9.022 0.0332 137.719
4.38 9.138 0.0332 138.06
4.39 9.275 0.0362 139.444
4.4 9.275 0.0394 140.519
4.41 9.468 0.0394 141.026
4.42 9.468 0.042 141.867
4.43 9.3715 0.0428 141.969
4.44 9.64125 0.0428 142.64
4.45 9.911 0.0415 142.93
4.46 10.114 0.0415 143.438
4.47 10.309 0.04115 143.821
4.48 10.309 0.0408 143.808
4.49 10.538 0.0408 144.353
4.5 10.538 0.0407 144.413
4.51 10.771 0.04065 144.943
4.52 11.024 0.040725 145.54
4.53 11.024 0.0408 145.652
4.54 11.34 0.0408 146.336
4.55 11.557 0.0418 147.122
4.56 11.557 0.043 147.559
4.57 11.689 0.043 147.89
4.58 11.689 0.0451 148.568
4.59 11.957 0.0469 149.631
4.6 12.453 0.0469 150.6
4.61 12.453 0.0483 151.06
4.62 13.233 0.0483 152.48
4.63 13.233 0.0483 152.571
4.64 13.233 0.0483 152.663
4.65 13.233 0.0483 152.754
4.66 13.233 0.0483 152.845
4.67 13.5005 0.046 152.757
4.68 13.768 0.0453 153.084
4.69 14.824 0.0531 156.874
4.7 15.491 0.0609 159.776
4.71 15.886 0.0728 162.852
4.72 15.852 0.0627 160.886
4.73 17.274 0.0629 163.028
4.74 18.107 0.05905 163.373
4.75 19.076 0.0552 163.779
4.76 19.88 0.0539 164.525
4.77 19.403 0.0848 170.35
4.78 18.926 0.0684 166.829
4.79 19.302 0.052 163.625
4.8 19.071 0.0435 161.027
4.81 19.849 0.0445 162.357
4.82 20.627 0.0455 163.655
4.83 20.627 0.0472 164.25
4.84 21.056 0.0501 165.652
4.85 21.485 0.0501 166.229
4.86 20.223 0.0591 167.163
4.87 20.223 0.0681 169.243
4.88 18.305 0.1119 173.969
4.89 18.348 0.1119 174.127
4.9 17.148 0.1035 171.42
4.91 17.148 0.0951 170.314
4.92 16.96 0.0883 169.093
4.93 16.479 0.0883 168.489
4.94 15.9515 0.0765 165.805
4.95 15.424 0.0469 158.511
4.96 15.708 0.0427 157.781
4.97 15.643 0.0385 156.422
4.98 15.578 0.0489 159.558
4.99 15.578 0.043 157.949
5 14.706 0.04005 155.807
5.01 13.554 0.046275 155.936
5.02 12.776 0.0525 156.333
5.03 12.776 0.0837 162.609
5.04 12.243 0.0758 160.375
5.05 11.998 0.0758 159.997
5.06 11.942 0.0699 158.903
5.07 11.942 0.0695 158.914
5.08 11.836 0.0693 158.759
5.09 11.805 0.07005 158.928
5.1 11.805 0.0708 159.156
5.11 11.73 0.0725 159.411
5.12 11.7725 0.0721 159.507
5.13 11.815 0.0721 159.677
5.14 12.017 0.0769 161.015
5.15 12.017 0.0692 159.694
5.16 12.195 0.0521 156.382
5.17 12.369 0.0521 156.785
5.18 12.516 0.051 156.858
5.19 12.516 0.0511 156.968
5.2 12.646 0.0512 157.311
5.21 12.752 0.0512 157.584
5.22 12.858 0.0516 157.959
5.23 12.961 0.052 158.326
5.24 12.961 0.0535 158.786
5.25 13.005 0.05245 158.685
5.26 12.954 0.052675 158.736
5.27 12.841 0.0529 158.676
5.28 12.841 0.055 159.275
5.29 12.718 0.055 159.138
5.3 12.6975 0.0567 159.588
5.31 12.6958 0.0585 160.084
5.32 12.7119 0.0596 160.446
5.33 12.728 0.0596 160.559
5.34 12.728 0.0599 160.71
5.35 12.867 0.0593 160.91
5.36 12.954 0.0593 161.15
5.37 12.954 0.0578 160.89
5.38 13.048 0.0578 161.141
5.39 13.048 0.0568 160.99
5.4 13.106 0.0558 160.938
5.41 13.13 0.0558 161.063
5.42 13.13 0.0546 160.855
5.43 13.229 0.0542 161.013
5.44 13.332 0.0542 161.275
5.45 13.332 0.0541 161.333
5.46 13.397 0.054 161.503
5.47 13.484 0.054 161.736
5.48 13.484 0.0538 161.768
5.49 13.698 0.0533 162.092
5.5 13.925 0.05355 162.622
5.51 13.925 0.0538 162.767
5.52 13.8115 0.0538 162.657
5.53 13.9102 0.05425 163.019
5.54 14.009 0.0547 163.379
5.55 13.93 0.0547 163.328
5.56 13.9465 0.0547 163.438
5.57 13.963 0.0551 163.646
5.58 14.012 0.0555 163.909
5.59 14.012 0.0582 164.64
5.6 14.041 0.0582 164.771
5.61 14.041 0.0582 164.853
5.62 14.041 0.0582 164.935
5.63 14.041 0.0582 165.016
5.64 14.041 0.0589 165.262
5.65 13.847 0.0596 165.175
5.66 13.862 0.0592 165.189
5.67 13.877 0.0596 165.388
5.68 13.877 0.0595 165.446
5.69 14.053 0.0611 166.194
5.7 14.178 0.0611 166.488
5.71 14.178 0.0616 166.682
5.72 14.371 0.0616 167.088
5.73 14.371 0.06155 167.158
5.74 14.59 0.066675 168.723
5.75 14.518 0.0718 169.726
5.76 14.613 0.0713 169.869
5.77 14.708 0.0713 170.11
5.78 14.708 0.0711 170.152
5.79 14.944 0.071 170.605
5.8 15.385 0.0815 173.381
5.81 15.385 0.092 175.222
5.82 15.66 0.092 175.753
5.83 15.66 0.09695 176.606
5.84 16.835 0.1019 179.282
5.85 15.896 0.1019 177.891
5.86 15.896 0.1565 184.443
5.87 16.0045 0.1305 181.94
5.88 16.113 0.1305 182.204
5.89 16.113 0.1067 179.261
5.9 16.561 0.1067 180.056
5.91 16.623 0.1111 180.844
5.92 16.623 0.1155 181.515
5.93 16.592 0.1155 181.551
5.94 16.5765 0.12275 182.534
5.95 17.2238 0.13 184.508
5.96 17.871 0.13 185.578
5.97 17.871 0.1315 185.842
5.98 18.117 0.1341 186.598
5.99 18.117 0.1341 186.685
6 16.435 0.18905 189.507
6.01 16.435 0.244 193.663
6.02 15.737 0.244 192.545
6.03 15.737 0.1572 185.715
6.04 15.089 0.1572 184.679
6.05 15.089 0.16235 185.26
6.06 14.3915 0.1675 184.566
6.07 13.694 0.1675 183.334
6.08 13.694 0.1788 184.417
6.09 13.462 0.172 183.455
6.1 13.232 0.172 183.084
6.11 13.002 0.1555 181.179
6.12 13.002 0.1555 181.261
6.13 12.446 0.1232 176.748
6.14 12.446 0.1097 175.129
6.15 11.925 0.1097 174.133
6.16 11.925 0.0881 171.062
6.17 11.48 0.0721 167.39
6.18 11.4295 0.0721 167.359
6.19 11.379 0.0639 165.655
6.2 11.379 0.0639 165.729
6.21 11.027 0.0589 163.94
6.22 10.992 0.0539 162.733
6.23 11.013 0.0547 163.05
6.24 11.034 0.05445 163.105
6.25 11.056 0.0542 163.162
6.26 11.07 0.054 163.214
6.27 11.087 0.054 163.323
6.28 11.13 0.0516 162.869
6.29 11.13 0.04995 162.501
6.3 11.138 0.049125 162.365
6.31 11.145 0.0487625 162.351
6.32 11.154 0.0488312 162.46
6.33 11.154 0.0489 162.551
6.34 11.169 0.0489 162.653
6.35 11.174 0.0488 162.708
6.36 11.174 0.04885 162.793
6.37 11.188 0.0489 162.907
6.38 11.195 0.0489 162.993
6.39 11.195 0.0497 163.284
6.4 11.244 0.0501 163.567
6.41 11.309 0.0501 163.774
6.42 11.369 0.05 163.942
6.43 11.369 0.04995 164
6.44 11.463 0.0499 164.251
6.45 11.602 0.0499 164.608
6.46 11.602 0.0493 164.513
6.47 11.778 0.0493 164.941
6.48 11.778 0.0492 164.984
6.49 12.034 0.0488 165.454
6.5 12.056 0.05065 166.082
6.51 12.056 0.0525 166.649
6.52 12.357 0.0525 167.314
6.53 12.658 0.0516 167.725
6.54 12.658 0.051 167.633
6.55 12.983 0.051 168.317
6.56 13.342 0.0508 168.996
6.57 13.342 0.0504 168.957
6.58 13.706 0.0504 169.684
6.59 13.983 0.0504 170.246
6.6 13.983 0.0504 170.318
6.61 14.31 0.0504 170.958
6.62 14.616 0.0518 171.943
6.63 14.616 0.05055 171.666
6.64 14.819 0.050675 172.114
6.65 15.052 0.0508 172.609
6.66 15.052 0.0508 172.681
6.67 15.052 0.0508 172.753
6.68 15.052 0.0508 172.825
6.69 15.052 0.0508 172.897
6.7 15.052 0.05245 173.43
6.71 14.9655 0.0541 173.805
6.72 15.4113 0.0672 177.792
6.73 15.857 0.1005 184.679
6.74 18.078 0.131 192.474
6.75 16.9675 0.131 190.803
6.76 18.6457 0.1075 190.336
6.77 20.324 0.0371 176.46
6.78 21.456 0.06055 185.317
6.79 22.588 0.084 191.927
6.8 22.935 0.084 192.428
6.81 21.499 0.0936 192.447
6.82 21.499 0.158 201.097
6.83 17.678 0.13085 192.545
6.84 17.678 0.162725 196.149
6.85 17.358 0.1946 198.648
6.86 17.4025 0.1946 198.802
6.87 17.447 0.1737 197.084
6.88 17.447 0.1673 196.549
6.89 18.025 0.1666 197.484
6.9 17.731 0.16085 196.521
6.91 17.7045 0.1551 195.964
6.92 17.7782 0.1717 197.826
6.93 17.852 0.1492 195.723
6.94 17.852 0.1355 194.239
6.95 18.17 0.1204 192.906
6.96 18.233 0.1204 193.079
6.97 18.295 0.113 192.233
6.98 19.278 0.0867 189.54
6.99 19.278 0.07645 187.641
7 19.408 0.073075 187.193
7.01 18.902 0.0697 185.824
7.02 18.233 0.0697 184.935
7.03 17.977 0.0937 189.234
7.04 17.004 0.1177 191.395
7.05 16.488 0.0808 184.75
7.06 16.488 0.0699 182.607
7.07 16.479 0.0566 179.485
7.08 16.44 0.0566 179.495
7.09 16.44 0.0427 175.404
7.1 16.276 0.03665 173.006
7.11 15.77 0.036825 172.357
7.12 14.713 0.037 170.778
7.13 14.713 0.0654 179.136
7.14 13.173 0.0654 176.375
7.15 12.981 0.1139 184.389
7.16 12.981 0.1116 184.147
7.17 12.781 0.1116 183.807
7.18 12.434 0.10265 181.882
7.19 12.434 0.099225 181.439
7.2 12.101 0.0975125 180.54
7.21 11.88 0.0972563 180.091
7.22 11.88 0.0982781 180.317
7.23 11.692 0.0993 180.128
7.24 11.607 0.0993 180.008
7.25 11.583 0.0917 178.834
7.26 11.588 0.064 173.64
7.27 11.593 0.064 173.717
7.28 11.677 0.0452 169.003
7.29 11.677 0.0437 168.593
7.3 11.795 0.0437 168.902
7.31 11.937 0.0433 169.128
7.32 11.937 0.0417 168.663
7.33 12.072 0.0417 169.001
7.34 12.133 0.04285 169.571
7.35 12.133 0.044 170.009
7.36 12.239 0.044 170.287
7.37 12.345 0.0458 171.133
7.38 12.345 0.0476 171.747
7.39 12.056 0.0476 171.227
7.4 12.012 0.047 171.02
7.41 12.012 0.0467 170.993
7.42 11.6075 0.0464 170.125
7.43 11.8097 0.0464 170.612
7.44 12.012 0.05005 172.175
7.45 12.012 0.0537 173.251
7.46 11.259 0.0537 171.707
7.47 10.8825 0.0537 170.932
7.48 10.6943 0.0537 170.567
7.49 10.506 0.0537 170.194
7.5 10.506 0.0537 170.257
7.51 10.322 0.04515 167.454
7.52 10.3525 0.040875 166.206
7.53 10.383 0.0395875 165.895
7.54 10.576 0.0390438 166.206
7.55 10.576 0.0385 166.073
7.56 10.701 0.0385 166.416
7.57 10.889 0.0384 166.859
7.58 10.889 0.0375 166.591
7.59 11.123 0.0375 167.163
7.6 11.123 0.0373 167.15
7.61 11.222 0.0373 167.425
7.62 11.321 0.03685 167.528
7.63 11.321 0.036625 167.504
7.64 11.388 0.0376625 168.098
7.65 11.574 0.0387 168.933
7.66 11.574 0.0396 169.318
7.67 11.723 0.0396 169.692
7.68 11.723 0.0408 170.175
7.69 11.6485 0.0408 170.081
7.7 11.7457 0.0413 170.519
7.71 11.843 0.0413 170.783
7.72 11.848 0.0422 171.162
7.73 11.848 0.043 171.491
7.74 11.911 0.043 171.684
7.75 11.911 0.0441 172.107
7.76 11.933 0.0441 172.214
7.77 11.933 0.0449 172.534
7.78 11.969 0.0449 172.67
7.79 11.969 0.0462 173.143
7.8 11.964 0.0474 173.564
7.81 11.9615 0.0474 173.62
7.82 11.9902 0.0481 173.954
7.83 12.019 0.0481 174.076
7.84 12.019 0.0488 174.347
7.85 12.065 0.0488 174.505
7.86 12.065 0.0499 174.891
7.87 12.101 0.0499 175.028
7.88 12.101 0.0506 175.293
7.89 12.13 0.0502 175.299
7.9 12.14 0.0502 175.382
7.91 12.14 0.0502 175.443
7.92 12.104 0.0502 175.43
7.93 12.104 0.05 175.433
7.94 12.053 0.05 175.388
7.95 12.053 0.04975 175.376
7.96 12.042 0.0495 175.341
7.97 12.0475 0.0495 175.414
7.98 12.053 0.0494 175.457
7.99 12.133 0.0494 175.685
8 12.133 0.0492 175.687
8.01 12.193 0.0492 175.873
8.02 12.193 0.0489 175.845
8.03 12.246 0.0489 176.015
8.04 12.246 0.0488 176.046
8.05 12.265 0.0488 176.146
8.06 12.255 0.04885 176.202
8.07 12.255 0.0489 176.277
8.08 12.212 0.0489 176.249
8.09 12.212 0.0491 176.369
8.1 12.19 0.0491 176.384
8.11 12.19 0.0503 176.799
8.12 12.174 0.0503 176.826
8.13 12.174 0.0507 177.004
8.14 12.2185 0.0516 177.417
8.15 12.263 0.0516 177.57
8.16 12.263 0.0517 177.659
8.17 12.472 0.0517 178.153
8.18 12.472 0.0518 178.242
8.19 12.67 0.0518 178.708
8.2 12.867 0.0519 179.195
8.21 12.867 0.052 179.284
8.22 13.075 0.052 179.759
8.23 13.075 0.052 179.82
8.24 13.352 0.05295 180.697
8.25 13.352 0.0539 181.025
8.26 14.096 0.0579 183.596
8.27 15.544 0.0579 186.262
8.28 15.544 0.0735 190.06
8.29 17.837 0.0735 193.928
8.3 21.051 0.0978 203.455
8.31 21.051 0.116 206.434
8.32 20.55 0.116 205.788
8.33 20.502 0.1725 212.695
8.34 20.454 0.1474 209.929
8.35 20.3455 0.1474 209.838
8.36 21.4913 0.1444 211.209
8.37 22.637 0.12995 211.006
8.38 23.171 0.137575 212.793
8.39 23.171 0.1452 213.822
8.4 21.76 0.1452 211.966
8.41 19.403 0.1882 213.114
8.42 19.403 0.3276 223.246
8.43 16.233 0.3276 217.657
8.44 16.233 0.3567 219.276
8.45 13.959 0.3567 214.632
8.46 11.077 0.4362 211.176
8.47 11.077 0.4337 211.145
8.48 10.853 0.4337 210.594
8.49 10.777 0.4033 209.181
8.5 10.739 0.4033 209.143
8.51 10.8225 0.3716 208.023
8.52 10.906 0.3364 206.604
8.53 11.121 0.3364 207.253
8.54 11.121 0.2609 202.982
8.55 11.08 0.2609 202.941
8.56 11.1365 0.1851 197.436
8.57 11.193 0.1319 192.149
8.58 11.576 0.1319 193.145
8.59 11.576 0.0753 184.404
8.6 11.817 0.0753 185.012
8.61 11.817 0.0708 184.125
8.62 11.817 0.03765 174.757
8.63 11.817 0.021075 166.574
8.64 11.817 0.0127875 159.843
8.65 11.817 0.00864375 154.769
8.66 11.817 0.0392219 175.578
8.67 11.273 0.0698 183.016
8.68 10.986 0.0725 182.973
8.69 10.868 0.0769 183.645
8.7 10.393 0.0769 182.526
8.71 9.562 0.0950001 183.607
8.72 9.562 0.0988 184.266
8.73 9.275 0.1008 183.823
8.74 9.222 0.1008 183.73
8.75 9.1885 0.1087 184.849
8.76 9.27175 0.1113 185.513
8.77 9.355 0.1042 184.794
8.78 9.656 0.1042 185.698
8.79 9.656 0.0987 184.92
8.8 9.87 0.0941 184.828
8.81 10.159 0.0941 185.657
8.82 10.159 0.0849 184.132
8.83 10.437 0.0708 182.135
8.84 10.718 0.06375 181.301
8.85 10.718 0.0567 179.598
8.86 10.976 0.0567 180.271
8.87 11.193 0.0484 178.471
8.88 11.193 0.0431 176.813
8.89 11.354 0.0431 177.232
8.9 11.354 0.04305 177.27
8.91 11.453 0.043425 177.676
8.92 11.506 0.0438 177.977
8.93 11.506 0.0448 178.367
8.94 11.523 0.0448 178.46
8.95 11.54 0.0457 178.849
8.96 11.528 0.0457 178.878
8.97 11.516 0.0464 179.133
8.98 11.516 0.0473 179.475
8.99 11.485 0.0473 179.461
9 11.485 0.0482 179.798
9.01 11.379 0.0482 179.614
9.02 11.374 0.0485 179.751
9.03 11.474 0.0485 180.033
9.04 11.574 0.0485 180.313
9.05 11.574 0.0484 180.338
9.06 11.6615 0.0484 180.589
9.07 11.749 0.04965 181.223
9.08 11.749 0.0509 181.654
9.09 11.824 0.0509 181.876
9.1 11.824 0.0526 182.43
9.11 11.947 0.0529 182.844
9.12 12.087 0.0529 183.207
9.13 12.087 0.0516 182.884
9.14 12.19 0.0516 183.163
9.15 12.19 0.05135 183.145
9.16 12.243 0.051625 183.396
9.17 12.277 0.0519 183.606
9.18 12.277 0.0523 183.779
9.19 12.311 0.0523 183.908
9.2 12.311 0.0518 183.817
9.21 12.373 0.0518 184.005
9.22 12.373 0.0516 184.002
9.23 12.402 0.052 184.238
9.24 12.402 0.0524 184.411
9.25 12.441 0.053 184.724
9.26 12.518 0.053 184.944
9.27 12.518 0.0532 185.058
9.28 12.595 0.0532 185.277
9.29 12.595 0.0536 185.448
9.3 12.622 0.0536 185.56
9.31 12.622 0.0538 185.673
9.32 12.593 0.0542 185.782
9.33 12.523 0.0542 185.688
9.34 12.523 0.055 185.97
9.35 12.422 0.055 185.808
9.36 12.422 0.0556 186.031
9.37 12.275 0.0556 185.768
9.38 12.275 0.056 185.934
9.39 12.118 0.0564 185.755
9.4 11.981 0.0564 185.506
9.41 11.981 0.0562 185.506
9.42 11.764 0.0562 185.073
9.43 11.764 0.056 185.072
9.44 11.571 0.056 184.686
9.45 11.571 0.0553 184.547
9.46 11.441 0.0541 183.966
9.47 11.309 0.0541 183.712
9.48 11.309 0.0529 183.424
9.49 11.176 0.0529 183.165
9.5 11.176 0.052 182.957
9.51 11.051 0.052 182.715
9.52 10.921 0.0515 182.31
9.53 10.921 0.0508 182.156
9.54 10.9115 0.0508 182.186
9.55 10.9283 0.0501 182.069
9.56 10.945 0.0501 182.162
9.57 10.945 0.0493 181.972
9.58 11.036 0.0485 181.994
9.59 11.118 0.0485 182.241
9.6 11.118 0.04825 182.215
9.61 11.193 0.048125 182.405
9.62 11.193 0.0480625 182.438
9.63 11.193 0.0480312 182.481
9.64 11.193 0.048 182.524
9.65 11.193 0.048 182.576
9.66 11.045 0.04605 181.651
9.67 10.897 0.045575 181.194
9.68 10.897 0.0456875 181.284
9.69 10.891 0.0458 181.358
9.7 10.885 0.0468 181.722
9.71 10.885 0.0468 181.774
9.72 10.81 0.0477 181.934
9.73 10.8015 0.0482 182.123
9.74 10.8008 0.0485 182.267
9.75 10.8389 0.0488 182.505
9.76 10.877 0.0488 182.65
9.77 10.877 0.0487 182.67
9.78 10.998 0.0484 182.92
9.79 11.164 0.0484 183.367
9.8 11.164 0.0482 183.356
9.81 11.265 0.0475 183.422
9.82 11.297 0.0475 183.549
9.83 11.297 0.0473 183.537
9.84 11.287 0.0472 183.533
9.85 11.239 0.04715 183.456
9.86 11.239 0.047275 183.548
9.87 11.154 0.0474 183.439
9.88 11.015 0.0474 183.16
9.89 11.015 0.0485 183.562
9.9 10.819 0.0486 183.171
9.91 10.634 0.0486 182.767
9.92 10.634 0.0489 182.912
9.93 10.461 0.049 182.563
9.94 10.331 0.049 182.285
9.95 10.331 0.0492 182.398
9.96 10.3345 0.0484 182.209
9.97 10.338 0.0484 182.269
9.98 10.475 0.0476 182.413
9.99 10.475 0.047 182.271
10 10.538 0.047 182.479
10.01 10.595 0.0462 182.411
10.02 10.595 0.0459 182.363
10.03 10.656 0.0459 182.564
10.04 10.692 0.04585 182.687
10.05 10.692 0.045925 182.762
10.06 10.663 0.046 182.766
10.07 10.622 0.046 182.715
10.08 10.622 0.0464 182.898
10.09 10.623 0.0467 183.049
10.1 10.624 0.0467 183.101
10.11 10.63 0.0471 183.297
10.12 10.636 0.0472 183.394
10.13 10.653 0.0472 183.487
10.14 10.6445 0.0474 183.581
10.15 10.6922 0.0473 183.717
10.16 10.74 0.0467 183.69
10.17 10.735 0.0467 183.728
10.18 10.593 0.0461 183.229
10.19 10.593 0.0457 183.146
10.2 10.35 0.0457 182.585
10.21 10.058 0.04565 181.867
10.22 10.058 0.045775 181.958
10.23 9.745 0.0459 181.222
10.24 9.499 0.0459 180.605
10.25 9.499 0.046 180.687
10.26 9.319 0.0461 180.271
10.27 9.215 0.0461 180.029
10.28 9.133 0.0458 179.748
10.29 9.133 0.045 179.533
10.3 9.068 0.045 179.397
10.31 9.068 0.0439 179.076
10.32 9.074 0.0428 178.764
10.33 9.08 0.0428 178.829
10.34 9.08 0.0415 178.419
10.35 9.155 0.0404 178.279
10.36 9.188 0.0404 178.42
10.37 9.188 0.0393 178.058
10.38 9.208 0.0383 177.78
10.39 9.222 0.0383 177.866
10.4 9.222 0.0378 177.72
10.41 9.217 0.0374 177.596
10.42 9.209 0.0374 177.621
10.43 9.2145 0.0368 177.445
10.44 9.22 0.0366 177.427
10.45 9.244 0.0366 177.541
10.46 9.244 0.0366 177.588
10.47 9.273 0.0366 177.715
10.48 9.283 0.0366 177.79
10.49 9.283 0.03655 177.817
10.5 9.234 0.036525 177.718
10.51 9.136 0.0370625 177.708
10.52 9.136 0.0376 177.968
10.53 9.1575 0.0376 178.076
10.54 9.179 0.038 178.34
10.55 9.179 0.0384 178.542
10.56 9.304 0.0384 178.937
10.57 9.304 0.0384 178.985
10.58 9.304 0.0384 179.032
10.59 9.304 0.0384 179.079
10.6 9.304 0.0384 179.126
10.61 9.304 0.0384 179.173
10.62 9.304 0.0384 179.22
10.63 9.292 0.03735 178.82
10.64 9.3715 0.036825 178.876
10.65 9.451 0.0366625 179.074
10.66 9.8 0.0365813 180.026
10.67 10.01 0.0365906 180.627
10.68 10.22 0.0366 181.219
10.69 10.692 0.0367 182.49
10.7 11.236 0.0367 183.846
10.71 11.745 0.0362 184.86
10.72 11.745 0.03615 184.887
10.73 12.094 0.036275 185.769
10.74 12.094 0.0364 185.871
10.75 12.251 0.0364 186.264
10.76 12.251 0.0376 186.816
10.77 12.022 0.0376 186.357
10.78 11.53 0.0397 186.127
10.79 11.53 0.0425 187.233
10.8 11.111 0.0425 186.286
10.81 11.111 0.0446 187.083
10.82 10.764 0.0446 186.278
10.83 10.764 0.0465 186.974
10.84 10.381 0.0465 186.049
10.85 10.381 0.0478 186.524
10.86 10.162 0.0478 186
10.87 10.151 0.0483 186.179
10.88 10.1795 0.048 186.206
10.89 10.208 0.048 186.328
10.9 10.208 0.0464 185.851
10.91 10.314 0.0464 186.175
10.92 10.314 0.0445 185.576
10.93 10.427 0.0445 185.914
10.94 10.427 0.043 185.432
10.95 10.448 0.043 185.533
10.96 10.448 0.0418 185.143
10.97 10.444 0.0413 184.995
10.98 10.437 0.0413 185.024
10.99 10.437 0.04105 184.977
11 10.164 0.042625 184.897
11.01 10.164 0.0442 185.503
11.02 9.533 0.0442 183.845
11.03 9.533 0.0512 186.155
11.04 8.851 0.0512 184.222
11.05 8.851 0.0697 189.059
11.06 8.8535 0.0693 189.023
11.07 8.856 0.0693 189.079
11.08 8.856 0.0604 186.975
11.09 9.495 0.0604 188.908
11.1 9.495 0.0553 187.574
11.11 9.726 0.0553 188.271
11.12 9.726 0.0531 187.683
11.13 9.692 0.0531 187.635
11.14 9.692 0.0498 186.683
11.15 9.615 0.0468 185.554
11.16 9.584 0.0468 185.514
11.17 9.584 0.0439 184.575
11.18 9.497 0.0439 184.378
11.19 9.497 0.0423 183.856
11.2 9.48 0.0423 183.854
11.21 9.475 0.0419 183.74
11.22 9.47 0.0419 183.772
11.23 9.47 0.0408 183.411
11.24 9.474 0.0408 183.467
11.25 9.478 0.0404 183.373
11.26 9.478 0.0402 183.343
11.27 9.509 0.0402 183.475
11.28 9.509 0.04 183.444
11.29 9.627 0.04 183.815
11.3 9.627 0.0399 183.822
11.31 9.875 0.0399 184.542
11.32 9.875 0.0393 184.355
11.33 10.15 0.0393 185.131
11.34 10.15 0.0388 184.979
11.35 10.352 0.0388 185.55
11.36 10.434 0.039 185.886
11.37 10.434 0.0392 186.011
11.38 10.441 0.0392 186.074
11.39 10.441 0.0401 186.471
11.4 10.485 0.0401 186.63
11.41 10.485 0.0412 187.096
11.42 10.571 0.0412 187.362
11.43 10.571 0.0422 187.782
11.44 10.783 0.0422 188.365
11.45 10.783 0.0427 188.596
11.46 11.212 0.0427 189.704
11.47 11.212 0.0435 190.044
11.48 11.757 0.0435 191.393
11.49 11.923 0.04385 191.954
11.5 11.923 0.0442 192.128
11.51 11.928 0.0442 192.186
11.52 11.928 0.0454 192.661
11.53 11.94 0.0454 192.736
11.54 11.94 0.0466 193.201
11.55 12.174 0.0466 193.788
11.56 12.174 0.0477 194.212
11.57 13.079 0.0477 196.275
11.58 13.079 0.0483 196.526
11.59 14.436 0.0483 199.387
11.6 14.436 0.0483 199.435
11.61 14.436 0.0483 199.483
11.62 13.7575 0.0498 198.657
11.63 15.2288 0.0513 202.132
11.64 16.7 0.0622 208.194
11.65 17.741 0.0629 210.26
11.66 20.473 0.0579 213.219
11.67 18.637 0.0529 208.828
11.68 21.22 0.0966 223.753
11.69 19.3215 0.1403 227.769
11.7 18.9217 0.1684 230.615
11.71 18.7219 0.1655 229.985
11.72 18.8889 0.1655 230.334
11.73 19.056 0.1647 230.588
11.74 19.056 0.17155 231.426
11.75 19.273 0.1784 232.615
11.76 19.273 0.1784 232.67
11.77 19.283 0.1869 233.645
11.78 19.403 0.1875 233.972
11.79 19.784 0.1875 234.683
11.8 19.784 0.1934 235.344
11.81 20.362 0.1548 232.04
11.82 20.502 0.1548 232.324
11.83 20.502 0.118 227.189
11.84 20.015 0.118 226.457
11.85 19.452 0.11305 224.778
11.86 19.452 0.110575 224.417
11.87 19.052 0.111238 223.911
11.88 19.052 0.1119 224.074
11.89 18.729 0.1119 223.575
11.9 18.729 0.1171 224.474
11.91 18.44 0.1171 224.024
11.92 18.44 0.1217 224.796
11.93 18.3795 0.1217 224.742
11.94 18.319 0.1234 224.947
11.95 18.319 0.1195 224.399
11.96 18.307 0.1195 224.43
11.97 18.337 0.1157 223.932
11.98 18.367 0.1157 224.037
11.99 18.367 0.1126 223.583
12 18.57 0.1126 223.989
12.01 18.57 0.11205 223.95
12.02 18.748 0.111775 224.264
12.03 18.888 0.111988 224.592
12.04 18.888 0.1122 224.679
12.05 19.114 0.1122 225.116
12.06 19.114 0.1129 225.284
12.07 19.302 0.1129 225.654
12.08 19.505 0.1144 226.295
12.09 19.505 0.114 226.281
12.1 19.692 0.1144 226.71
12.11 19.692 0.1148 226.828
12.12 19.909 0.1148 227.239
12.13 20.049 0.1154 227.619
12.14 20.049 0.1175 228.013
12.15 20.078 0.1175 228.112
12.16 20.078 0.1175 228.165
12.17 20.2345 0.1187 228.665
12.18 20.391 0.1199 229.163
12.19 20.391 0.1216 229.484
12.2 20.714 0.1216 230.056
12.21 20.714 0.1225 230.25
12.22 20.868 0.1226 230.564
12.23 20.887 0.1226 230.647
12.24 20.887 0.1238 230.886
12.25 20.839 0.1238 230.862
12.26 20.83 0.1236 230.869
12.27 20.83 0.1234 230.89
12.28 20.656 0.1234 230.664
12.29 20.608 0.12375 230.693
12.3 20.516 0.1241 230.651
12.31 20.516 0.1252 230.872
12.32 20.29 0.1288 231.101
12.33 16.671 0.1443 226.84
12.34 18.1555 0.1409 229.24
12.35 19.64 0.1307 230.456
12.36 19.823 0.1298 230.683
12.37 19.823 0.12935 230.668
12.38 19.823 0.1289 230.653
12.39 19.823 0.1289 230.705
