0.02 0.601 1e-06 8.77126
0.04 1.226 0.0001 17.2875
0.06 1.575 0.0016 25.2659
0.0800001 2.457 0.0046 31.8593
0.1 2.611 0.0068 35.3267
0.12 2.123 0.0184 39.1872
0.14 2.646 0.0178 42.1046
0.16 3.402 0.0178 45.3073
0.18 3.727 0.0185 47.587
0.2 4.154 0.0197 50.0337
0.22 4.473 0.0193 51.8389
0.24 4 0.0208 52.5867
0.26 4.716 0.0149 53.553
0.28 4.811 0.0169 55.4026
0.3 4.92 0.0177 56.8764
0.32 4.968 0.0184 58.1745
0.34 4.968 0.0191 59.3473
0.36 4.921 0.0192 60.2416
0.38 4.86 0.0197 61.1749
0.4 4.821 0.0197 61.9815
0.42 4.731 0.0199 62.7103
0.44 4.636 0.0205 63.498
0.46 4.587 0.0211 64.3436
0.48 4.495 0.0214 64.996
0.5 4.404 0.0221 65.7202
0.52 4.362 0.0228 66.5215
0.54 4.404 0.0232 67.4134
0.56 4.404 0.024 68.2907
0.58 4.184 0.0246 68.5939
0.6 4.128 0.0254 69.2935
0.62 4.09 0.0257 69.9033
0.640001 4.077 0.0263 70.6261
0.660001 4.063 0.0266 71.2648
0.680001 4.055 0.0272 71.9718
0.700001 4.043 0.0276 72.6113
0.720001 4.037 0.0285 73.3621
0.740001 4.035 0.0285 73.9178
0.760001 4.039 0.0286 74.5002
0.780001 4.041 0.0287 75.0672
0.800001 4.04 0.0285 75.5508
0.820001 4.039 0.0289 76.1567
0.840001 4.04 0.0295 76.8026
0.860001 4.038 0.03 77.4093
0.880001 4.033 0.0302 77.9347
0.900001 4.033 0.0304 78.4662
0.920001 4.032 0.0305 78.9659
0.940001 4.03 0.0306 79.4554
0.960001 4.029 0.0309 79.9838
0.980001 4.025 0.031 80.4538
1 4.02 0.0311 80.9141
1.02 4.012 0.0312 81.3591
1.04 4.012 0.0313 81.8213
1.06 4.01 0.0315 82.2934
1.08 4.01 0.0316 82.744
1.1 4.012 0.0317 83.195
1.12 4.012 0.0317 83.6128
1.14 4.048 0.0316 84.1112
1.16 4.07 0.0317 84.6071
1.18 4.114 0.0315 85.0971
1.2 4.131 0.0313 85.5011
1.22 4.147 0.0314 85.9655
1.24 4.179 0.0315 86.4735
1.26 4.197 0.0315 86.9128
1.28 4.215 0.0316 87.371
1.3 4.239 0.0318 87.8662
1.32 4.28 0.0319 88.3855
1.34 4.298 0.0322 88.8786
1.36 4.319 0.0327 89.4226
1.38 4.322 0.0329 89.8408
1.4 4.352 0.0332 90.359
1.42 4.376 0.0336 90.8784
1.44 4.405 0.0336 91.3193
1.46 4.449 0.0335 91.7786
1.48 4.025 0.0297 89.9022
1.5 4.386 0.0308 91.6382
1.52 4.322 0.033 92.3101
1.54 4.322 0.0336 92.7852
1.56 4.474 0.0341 93.6983
1.58 4.503 0.0346 94.2323
1.6 4.497 0.0348 94.5896
1.62 4.503 0.0348 94.9351
1.64 4.516 0.0348 95.299
1.66 4.57 0.035 95.8302
1.68 4.622 0.0351 96.3294
1.7 4.656 0.0351 96.7489
1.72 4.707 0.0351 97.2164
1.74 4.737 0.0352 97.6417
1.76 4.768 0.0353 98.0676
1.78 4.785 0.0355 98.4729
1.8 4.811 0.036 98.9714
1.82 4.811 0.0362 99.3217
1.84 4.873 0.0364 99.8536
1.86 4.9 0.0368 100.325
1.88 4.931 0.0375 100.873
1.9 4.963 0.0378 101.332
1.92 5.006 0.0382 101.843
1.94 5.059 0.0384 102.336
1.96 5.124 0.0387 102.884
1.98 5.18 0.039 103.402
2 5.238 0.0394 103.946
2.02 5.269 0.0396 104.367
2.04 5.358 0.0397 104.928
2.06 5.382 0.0399 105.325
2.08 5.436 0.0401 105.804
2.1 5.477 0.0405 106.288
2.12 5.502 0.0406 106.66
2.14 5.556 0.0411 107.199
2.16 5.626 0.0414 107.736
2.18 5.714 0.0416 108.297
2.2 5.799 0.0418 108.847
2.22 5.9 0.0423 109.501
2.24 5.957 0.0433 110.14
2.26 5.9 0.0439 110.386
2.28 6.291 0.0446 111.831
2.3 6.398 0.0447 112.397
2.32 6.636 0.0446 113.241
2.34 6.873 0.0441 113.979
2.36 6.979 0.0441 114.501
2.38 7.175 0.0441 115.229
2.4 7.272 0.0444 115.786
2.42 7.401 0.0456 116.606
2.44 7.461 0.0457 117.031
2.46 7.061 0.0374 114.445
2.48 7.221 0.0393 115.549
2.5 7.309 0.0414 116.513
2.52 7.505 0.044 117.813
2.54 7.668 0.0449 118.638
2.56 7.712 0.0467 119.384
2.58 7.735 0.0488 120.133
2.6 7.7 0.0498 120.516
2.62 7.638 0.0502 120.713
2.64 7.569 0.0506 120.89
2.66 7.523 0.0501 120.938
2.68 7.318 0.0498 120.648
2.7 6.74 0.0488 119.273
2.72 6.263 0.0482 118.139
2.74 4.922 0.0485 114.402
2.76 3.383 0.0506 108.992
2.78 2.734 0.0532 106.355
2.8 1.838 0.0548 100.893
2.82 1.629 0.06 100.103
2.84 1.639 0.0673 101.352
2.86 1.553 0.072 101.332
2.88 1.924 0.079 105.521
2.9 2.106 0.0642 105.276
2.92 2.432 0.0558 106.437
2.94 2.532 0.0485 106.016
2.96 2.591 0.0524 107.257
2.98 2.53 0.0579 107.983
3 2.316 0.0563 106.567
3.02 2.219 0.0562 106.092
3.04 2.419 0.0576 107.837
3.06 2.756 0.0534 109.391
3.08 3.181 0.0598 112.934
3.1 3.812 0.0569 115.645
3.12 4.11 0.0615 117.875
3.14 4.323 0.0644 119.403
3.16 4.248 0.0676 119.796
3.18 4.193 0.0687 119.942
3.2 4.147 0.0665 119.636
3.22 4.181 0.0652 119.788
3.24 4.183 0.061 119.339
3.26 3.995 0.062 118.915
3.28 3.796 0.0709 119.571
3.3 3.63 0.0761 119.708
3.32 3.739 0.083 121.294
3.34 3.82 0.1008 123.858
3.36 3.821 0.1054 124.53
3.38 3.849 0.1085 125.168
3.4 3.625 0.108 124.248
3.42 3.302 0.0987 121.873
3.44 2.966 0.0949 119.807
3.46 2.846 0.0913 118.906
3.48 2.846 0.0329 109.4
3.5 3.122 0.0327 110.988
3.52 3.393 0.0318 112.244
3.54 3.761 0.0325 114.307
3.56 4.124 0.0338 116.395
3.58 4.235 0.0323 116.582
3.6 4.027 0.0271 114.238
3.62 3.823 0.0187 110.109
3.64 3.716 0.0159 108.356
3.66 3.881 0.0165 109.539
3.68 4.455 0.0276 116.8
3.7 5.086 0.0322 120.767
3.72 6.101 0.0335 124.569
3.74 6.582 0.0391 127.758
3.76 6.761 0.033 126.643
3.78 6.646 0.0267 124.307
3.8 6.413 0.0208 121.305
3.82 6.125 0.0188 119.67
3.84 5.786 0.0215 120.2
3.86 5.31 0.0265 120.981
3.88 5.168 0.0321 122.623
3.9 5.03 0.038 124.05
3.92 4.902 0.0411 124.577
3.94 4.793 0.0439 125.033
3.96 4.834 0.0462 125.897
3.98 4.895 0.0474 126.571
4 4.921 0.0474 126.844
4.02 5.114 0.0466 127.545
4.04 5.313 0.0408 127.013
4.06 5.638 0.0381 127.551
4.08 6.316 0.0402 130.412
4.1 6.482 0.0424 131.66
4.12 6.483 0.0352 129.816
4.14 6.435 0.0338 129.414
4.16 6.483 0.0319 129.103
4.18 6.652 0.0308 129.377
4.2 6.83 0.0322 130.524
4.22 6.854 0.0344 131.484
4.24 6.719 0.0371 132.108
4.26 6.551 0.0409 132.873
4.28 6.256 0.0418 132.406
4.3 6.159 0.0418 132.28
4.32 6.31 0.0392 132.205
4.34 8.048 0.0377 136.65
4.36 8.818 0.0363 138.201
4.38 9.018 0.0388 139.596
4.4 9.071 0.0424 140.928
4.42 8.852 0.0392 139.695
4.44 8.025 0.0327 135.844
4.46 8.025 0.0299 135.005
4.48 7.689 0.0361 136.466
4.5 7.546 0.0398 137.376
4.52 7.426 0.044 138.379
4.54 7.396 0.0488 139.666
4.56 7.422 0.0538 141.048
4.58 7.535 0.0578 142.374
4.6 7.79 0.0569 143.045
4.62 7.988 0.0549 143.308
4.64 8.258 0.0538 143.927
4.66 8.859 0.0524 145.245
4.68 9.131 0.0521 145.983
4.7 9.571 0.0526 147.267
4.72 9.693 0.0535 147.919
4.74 9.769 0.0548 148.556
4.76 9.993 0.0564 149.574
4.78 10.147 0.0599 150.832
4.8 10.253 0.0613 151.524
4.82 10.108 0.0624 151.613
4.84 9.873 0.0656 151.905
4.86 9.375 0.0663 151.083
4.88 9.172 0.0672 150.949
4.9 9.002 0.0705 151.317
4.92 9.172 0.0705 151.897
4.94 8.73 0.0719 151.238
4.96 8.774 0.0712 151.394
4.98 9.126 0.0697 152.155
5 9.341 0.0657 152.086
5.02 9.495 0.0643 152.341
5.04 9.979 0.0636 153.465
5.06 10.193 0.0635 154.084
5.08 10.389 0.0641 154.798
5.1 10.301 0.0658 155.115
5.12 10.591 0.071 156.896
5.14 11.161 0.0728 158.586
5.16 11.476 0.0744 159.683
5.18 11.852 0.0737 160.473
5.2 13.172 0.0722 162.827
5.22 14.204 0.0683 164.022
5.24 14.782 0.0659 164.651
5.26 15.696 0.0626 165.547
5.28 16.023 0.0546 164.334
5.3 16.417 0.0504 163.988
5.32 16.535 0.0379 160.478
5.34 15.682 0.0323 157.318
5.36 14.434 0.0307 154.956
5.38 13.031 0.0222 148.781
5.4 12.725 0.025 149.9
5.42 12.725 0.025 150.055
5.44 11.697 0.0202 145.788
5.46 11.99 0.0167 144.158
5.48 11.946 0.0172 144.582
5.5 12.163 0.0158 144.083
5.52 12.34 0.0156 144.376
5.54 12.209 0.0143 143.258
5.56 12.377 0.0165 145.405
5.58 12.377 0.0163 145.403
5.6 12.821 0.0149 145.199
5.62 13.344 0.0198 149.682
5.64 13.796 0.0132 145.556
5.66 13.906 0.0172 149.114
5.68 13.906 0.0165 148.745
5.7 15.118 0.0143 148.909
5.72 15.065 0.0128 147.612
5.74 15.008 0.0185 152.27
5.76 14.623 0.0174 151.076
5.78 14.233 0.017 150.343
5.8 13.717 0.0187 150.881
5.82 12.768 0.0187 149.474
5.84 12.467 0.0286 154.469
5.86 12.368 0.0269 153.653
5.88 12.199 0.0224 151.174
5.9 12.527 0.0316 156.307
5.92 12.227 0.0466 161.03
5.94 11.893 0.0293 154.46
5.96 11.366 0.0228 150.426
5.98 10.845 0.0271 151.718
6 10.269 0.0253 149.811
6.02 10.013 0.0236 148.543
6.04 10.013 0.0158 143.799
6.06 8.802 0.0146 140.359
6.08 8.742 0.0129 138.911
6.1 8.744 0.015 140.798
6.12 9.11 0.0158 142.375
6.14 9.672 0.0167 144.402
6.16 10.103 0.0212 148.359
6.18 10.313 0.0264 151.676
6.2 10.64 0.0307 154.423
6.22 10.907 0.0356 157.037
6.24 10.956 0.0384 158.273
6.26 11.257 0.0395 159.407
6.28 11.432 0.0372 159.107
6.3 11.752 0.034 158.69
6.32 12.027 0.034 159.36
6.34 12.331 0.0332 159.757
6.36 12.453 0.0233 155.476
6.38 12.766 0.0215 155.128
6.4 13.063 0.0186 153.911
6.42 13.063 0.018 153.625
6.44 14.174 0.0194 156.548
6.46 13.618 0.0239 158.51
6.48 1.523 0.0298 117.869
6.5 14.312 0.0273 161.703
6.52 14.222 0.0331 164.307
6.54 14.015 0.0419 167.35
6.56 14.01 0.0444 168.293
6.58 13.996 0.0524 170.749
6.6 13.98 0.0557 171.735
6.62 13.941 0.057 172.141
6.64 14.247 0.0638 174.453
6.66 14.181 0.0671 175.216
6.68 14.111 0.0736 176.59
6.7 14.019 0.0762 177.081
6.72 13.992 0.079 177.712
6.74 14.075 0.0797 178.141
6.76 14.319 0.0776 178.333
6.78 14.846 0.0763 179.159
6.8 14.931 0.0752 179.236
6.82 15.24 0.0745 179.772
6.84 15.48 0.0736 180.142
6.86 15.643 0.0721 180.251
6.88 15.494 0.0723 180.19
6.9 15.314 0.0742 180.422
6.92 15.279 0.0726 180.18
6.94 15.077 0.0756 180.587
6.96 14.846 0.0747 180.15
6.98 14.846 0.0717 179.68
7 14.169 0.0724 178.763
7.02 14.365 0.0713 179.031
7.04 13.54 0.1022 183.055
7.06 13.381 0.0863 180.333
7.08 13.354 0.0779 178.892
7.1 13.45 0.0794 179.502
7.12 13.588 0.0827 180.517
7.14 13.936 0.0867 182.031
7.16 14.27 0.0841 182.332
7.18 14.987 0.0721 181.428
7.2 15.282 0.0759 182.858
7.22 15.259 0.079 183.57
7.24 15.194 0.0816 184.094
7.26 15.051 0.0838 184.392
7.28 14.828 0.0878 184.852
7.3 13.897 0.0892 183.515
7.32 13.34 0.0883 182.422
7.34 12.768 0.086 181.015
7.36 11.838 0.0834 178.732
7.38 11.679 0.0812 178.123
7.4 11.418 0.0736 176.231
7.42 11.402 0.0704 175.676
7.44 10.451 0.072 173.942
7.46 11.58 0.0632 174.756
7.48 11.946 0.0612 175.203
7.5 12.167 0.0645 176.566
7.52 12.861 0.0641 178.022
7.54 13.559 0.0656 179.86
7.56 13.796 0.0683 181.049
7.58 14.429 0.0704 182.816
7.6 14.837 0.0729 184.22
7.62 15.477 0.0742 185.752
7.64 15.63 0.0771 186.746
7.66 15.604 0.0814 187.682
7.68 15.1 0.0862 187.826
7.7 14.89 0.0969 189.418
7.72 14.938 0.1012 190.329
7.74 15.194 0.1061 191.685
7.76 15.501 0.1065 192.436
7.78 15.95 0.1067 193.398
7.8 16.222 0.1049 193.733
7.82 16.466 0.1046 194.242
7.84 16.507 0.1069 194.802
7.86 16.613 0.1088 195.406
7.88 16.963 0.1125 196.678
7.9 16.95 0.1167 197.396
7.92 16.917 0.1113 196.703
7.94 16.526 0.1111 196.15
7.96 16.422 0.1122 196.269
7.98 16.037 0.1122 195.737
8 15.894 0.1148 195.993
8.02 15.703 0.1187 196.333
8.04 15.531 0.118 196.061
8.06 15.676 0.1188 196.57
8.08 15.83 0.1186 196.955
8.1 15.931 0.1157 196.865
8.12 15.789 0.1143 196.547
8.14 15.853 0.114 196.753
8.16 15.973 0.1139 197.087
8.18 16.21 0.1114 197.275
8.2 16.36 0.1089 197.298
8.22 16.224 0.1098 197.33
8.24 16.279 0.1066 197.074
8.26 16.09 0.1075 197.013
8.28 15.952 0.1091 197.144
8.3 15.816 0.11 197.168
8.32 15.715 0.1154 197.905
8.34 15.703 0.1136 197.757
8.36 15.565 0.1141 197.709
8.38 15.355 0.116 197.725
8.4 15.275 0.1228 198.647
8.42 15.434 0.122 198.967
8.44 15.673 0.1161 198.718
8.46 16.632 0.1107 199.763
8.48 17.438 0.1059 200.521
8.5 17.599 0.1038 200.583
8.52 17.682 0.1043 200.931
8.54 17.488 0.1094 201.541
8.56 17.217 0.1151 202.071
8.58 16.94 0.1216 202.655
8.6 16.871 0.1275 203.468
8.62 16.811 0.1314 204.005
8.64 16.825 0.1324 204.29
8.66 16.862 0.133 204.563
8.68 16.922 0.1322 204.696
8.7 16.977 0.1321 204.91
8.72 17.364 0.1298 205.407
8.74 17.539 0.1269 205.448
8.76 17.558 0.1222 204.966
8.78 17.567 0.1263 205.675
8.8 17.714 0.1255 205.944
8.82 18.018 0.1228 206.206
8.84 18.309 0.1211 206.573
8.86 18.59 0.1222 207.312
8.88 18.608 0.1248 207.835
8.9 18.562 0.1264 208.111
8.92 18.604 0.128 208.527
8.94 18.686 0.1339 209.573
8.96 18.811 0.1359 210.164
8.98 18.848 0.1374 210.546
9 18.889 0.1394 210.996
9.02 18.903 0.14 211.224
9.04 18.889 0.1405 211.394
9.06 18.866 0.1434 211.847
9.08 18.82 0.1444 212.025
9.1 18.636 0.1464 212.097
9.12 18.581 0.1485 212.388
9.14 18.438 0.1489 212.329
9.16 18.387 0.1482 212.29
9.18 18.424 0.147 212.336
9.2 18.617 0.1463 212.699
9.22 18.82 0.1421 212.644
9.24 19.046 0.1395 212.811
9.26 19.138 0.1383 212.934
9.28 19.092 0.1383 212.988
9.3 18.931 0.1392 212.971
9.32 18.968 0.1426 213.586
9.34 19.175 0.1437 214.185
9.36 19.645 0.1441 215.111
9.38 19.801 0.1425 215.283
9.4 19.875 0.1422 215.489
9.42 19.843 0.1432 215.692
9.44 18 0.1535 214.044
9.46 19.253 0.146 215.356
9.48 19.401 0.147 215.843
9.5 19.221 0.1522 216.305
9.52 19.101 0.1538 216.424
9.54 19.119 0.1558 216.813
9.56 19.124 0.158 217.2
9.58 19.299 0.1587 217.692
9.6 19.364 0.1579 217.832
9.62 19.382 0.1554 217.698
9.64 19.248 0.1542 217.466
9.66 19.046 0.1545 217.296
9.68 18.751 0.157 217.223
9.7 18.253 0.1582 216.644
9.72 18.226 0.1589 216.801
9.74 18.318 0.1557 216.716
9.76 18.401 0.1508 216.404
9.78 18.341 0.1508 216.425
9.8 18.244 0.1483 216.082
9.82 18.175 0.1459 215.794
9.84 18.23 0.1428 215.624
9.86 18.318 0.1402 215.566
9.88 18.419 0.1347 215.14
9.9 18.636 0.1292 214.878
9.92 18.673 0.123 214.182
9.94 18.636 0.1151 213.061
9.96 18.875 0.1128 213.213
9.98 19.119 0.112 213.6
10 19.359 0.1109 213.928
10.02 19.599 0.1115 214.523
10.04 19.741 0.1136 215.199
10.06 19.797 0.1243 217.025
10.08 19.907 0.1304 218.186
10.1 20.363 0.1361 219.801
10.12 20.552 0.1417 220.955
10.14 20.64 0.1512 222.41
10.16 20.677 0.155 223.049
10.18 20.7 0.1575 223.504
10.2 20.622 0.1609 223.902
10.22 20.589 0.1635 224.271
10.24 20.585 0.1649 224.546
10.26 20.76 0.1661 225.078
10.28 20.824 0.1668 225.378
10.3 20.889 0.1661 225.522
10.32 20.939 0.1665 225.767
10.34 21.004 0.1658 225.91
10.36 21.105 0.167 226.323
10.38 21.064 0.1669 226.37
10.4 20.981 0.1706 226.776
10.42 20.847 0.1725 226.897
10.44 20.999 0.1744 227.463
10.46 20.451 0.1703 226.27
10.48 21.184 0.1631 226.725
10.5 21.852 0.1579 227.248
10.52 21.994 0.1526 226.935
10.54 21.939 0.146 226.14
10.56 22.082 0.1417 225.908
10.58 22.073 0.1417 226.014
10.6 22.008 0.145 226.47
10.62 21.889 0.1515 227.239
10.64 21.594 0.1523 227.014
10.66 21.276 0.1572 227.246
10.68 20.267 0.1616 226.298
10.7 19.534 0.1716 226.346
10.72 18.631 0.1774 225.548
10.74 17.742 0.1806 224.415
10.76 17.687 0.1787 224.234
10.78 17.475 0.1773 223.814
10.8 17.36 0.1756 223.537
10.82 17.383 0.164 222.426
10.84 17.488 0.1577 222.009
10.86 17.843 0.1537 222.291
10.88 18.203 0.1469 222.207
10.9 18.373 0.1435 222.185
10.92 18.369 0.1418 222.071
10.94 18.396 0.1415 222.192
10.96 17.945 0.1414 221.498
10.98 17.691 0.143 221.363
11 17.507 0.1452 221.423
11.02 17.134 0.1453 220.862
11.04 16.903 0.1446 220.453
11.06 16.645 0.1442 220.025
11.08 16.235 0.1442 219.347
11.1 16.387 0.14 219.212
11.12 17.106 0.138 220.418
11.14 18.147 0.1315 221.521
11.16 18.147 0.1285 221.206
11.18 19.258 0.1241 222.572
11.2 19.682 0.1195 222.681
11.22 19.917 0.1179 222.923
11.24 19.926 0.1188 223.189
11.26 19.893 0.1211 223.602
11.28 19.834 0.1218 223.724
11.3 20.055 0.1216 224.161
11.32 20.373 0.1202 224.564
11.34 20.442 0.115 223.958
11.36 20.419 0.1113 223.422
11.38 20.096 0.1131 223.317
11.4 20.013 0.1167 223.876
11.42 20.078 0.116 223.977
11.44 19.608 0.1206 224.047
11.46 21.156 0.1214 226.747
11.48 22.437 0.1215 228.801
11.5 23.787 0.1225 231.003
11.52 24.035 0.1207 231.175
11.54 24.243 0.1322 233.334
11.56 24.482 0.1435 235.377
11.58 24.717 0.1501 236.698
11.6 24.777 0.1619 238.391
11.62 24.897 0.1666 239.24
11.64 25.104 0.1703 240.078
11.66 25.487 0.1653 240.121
11.68 25.759 0.1674 240.856
11.7 25.841 0.1678 241.129
11.72 25.846 0.1704 241.559
11.74 25.74 0.1718 241.695
11.76 25.482 0.174 241.714
11.78 25.464 0.1767 242.114
11.8 25.482 0.1824 242.894
11.82 25.708 0.1853 243.637
11.84 25.805 0.1839 243.73
11.86 25.74 0.1828 243.634
11.88 25.51 0.1816 243.3
11.9 25.284 0.1837 243.334
11.92 25.113 0.1851 243.364
11.94 24.902 0.1865 243.334
11.96 24.713 0.1863 243.159
11.98 24.579 0.1873 243.19
12 24.51 0.1854 242.998
12.02 24.363 0.1839 242.736
12.04 24.468 0.1832 242.921
12.06 24.358 0.181 242.632
12.08 24.307 0.1803 242.592
12.1 24.068 0.1801 242.336
12.12 23.897 0.1802 242.21
12.14 23.814 0.1803 242.211
12.16 23.681 0.1803 242.126
12.18 23.648 0.1813 242.3
12.2 22.524 0.2084 243.523
12.22 23.469 0.1855 242.718
12.24 23.639 0.1791 242.371
12.26 23.916 0.1743 242.34
12.28 23.943 0.1743 242.489
12.3 23.902 0.1771 242.861
12.32 24.072 0.1828 243.861
12.34 24.252 0.1872 244.716
12.36 25.003 0.188 245.991
