0.02 5.1317 0.0243 27.6735
0.04 5.5106 0.0318 34.6677
0.06 5.6319 0.0378 39.4899
0.0800001 5.7741 0.0451 43.5671
0.1 5.7683 0.0516 46.8707
0.12 6.3571 0.0502 49.8882
0.14 6.7768 0.0453 52.107
0.16 7.1347 0.0402 53.9412
0.18 7.1254 0.0355 55.1528
0.2 7.2327 0.0381 57.2501
0.22 7.3259 0.0413 59.2923
0.24 7.4868 0.0415 60.9589
0.26 7.5381 0.0427 62.54
0.28 7.6081 0.0431 63.9764
0.3 7.7363 0.0446 65.5588
0.32 7.8599 0.0434 66.7466
0.34 7.9928 0.0422 67.8865
0.36 7.9742 0.0421 68.9371
0.38 7.8902 0.042 69.8607
0.4 7.7643 0.0426 70.7835
0.42 7.4379 0.0431 71.377
0.44 7.277 0.0436 72.148
0.46 7.1184 0.0444 72.9239
0.48 6.9668 0.0443 73.5496
0.5 6.223 0.043 73.0083
0.52 6.1251 0.041 73.3491
0.54 6.0201 0.0392 73.6627
0.56 5.9525 0.0388 74.227
0.58 5.8802 0.0372 74.5611
0.6 5.8033 0.0354 74.8153
0.62 5.6366 0.0347 75.0593
0.640001 5.5701 0.035 75.6496
0.660001 5.5165 0.0348 76.157
0.680001 5.478 0.0347 76.6959
0.700001 5.4244 0.0346 77.1886
0.720001 5.4162 0.0343 77.7222
0.740001 5.4209 0.0339 78.2498
0.760001 5.4372 0.0337 78.8274
0.780001 5.485 0.0334 79.4397
0.800001 5.5153 0.0332 80.0242
0.820001 5.5538 0.0331 80.636
0.840001 5.6074 0.0332 81.3107
0.860001 5.7252 0.0333 82.1103
0.880001 5.7951 0.0334 82.802
0.900001 5.8697 0.0337 83.5366
0.920001 5.9572 0.0341 84.3106
0.940001 6.1367 0.0343 85.221
0.960001 6.209 0.0344 85.8867
0.980001 6.286 0.0348 86.6172
1 6.3443 0.0352 87.3039
1.02 6.441 0.0354 88.0187
1.04 6.4597 0.0362 88.6969
1.06 6.4573 0.0366 89.2446
1.08 6.3851 0.0371 89.6656
1.1 6.3338 0.0379 90.1794
1.12 6.2941 0.0382 90.6097
1.14 6.237 0.0384 90.9767
1.16 6.2382 0.0386 91.4597
1.18 6.2708 0.0385 91.9445
1.2 6.4329 0.0384 92.6952
1.22 6.5728 0.038 93.3297
1.24 6.7267 0.0377 94.0035
1.26 7.0415 0.0377 95.0465
1.28 7.2 0.038 95.8333
1.3 7.3516 0.0391 96.7659
1.32 7.4985 0.04 97.6394
1.34 7.8739 0.0411 98.9637
1.36 8.1281 0.0431 100.223
1.38 8.3613 0.0439 101.196
1.4 8.4988 0.0447 101.994
1.42 8.4126 0.0459 102.472
1.44 8.1584 0.0472 102.656
1.46 7.8856 0.0499 103.023
1.48 7.6967 0.051 103.24
1.5 7.4472 0.052 103.302
1.52 7.3586 0.0528 103.636
1.54 7.298 0.0527 103.873
1.56 7.2432 0.0522 104.051
1.58 7.186 0.0514 104.167
1.6 7.1546 0.0503 104.278
1.62 7.1242 0.049 104.347
1.64 7.0776 0.0483 104.48
1.66 7.0216 0.0479 104.64
1.68 6.9715 0.0474 104.789
1.7 6.9599 0.047 105.035
1.72 6.8223 0.046 104.887
1.74 6.8503 0.044 104.898
1.76 6.8666 0.043 105.067
1.78 6.8736 0.041 104.996
1.8 6.8922 0.0396 105.06
1.82 6.9249 0.0397 105.477
1.84 6.94 0.0397 105.831
1.86 6.9505 0.0397 106.173
1.88 6.947 0.0399 106.525
1.9 6.8829 0.04 106.719
1.92 6.8293 0.0403 106.976
1.94 6.7453 0.0407 107.182
1.96 6.6579 0.0407 107.286
1.98 6.5646 0.0407 107.371
2 6.3396 0.0409 107.176
2.02 6.1892 0.0408 107.08
2.04 6.0201 0.0405 106.88
2.06 5.8453 0.0405 106.717
2.08 5.5095 0.0406 106.118
2.1 5.3637 0.0405 105.969
2.12 5.1749 0.0398 105.548
2.14 4.9475 0.0383 104.806
2.16 4.6759 0.0378 104.113
2.18 4.009 0.0371 101.934
2.2 3.5892 0.0365 100.442
2.22 3.1007 0.0352 98.2984
2.24 2.646 0.0339 96.0179
2.26 2.2304 0.0315 93.344
2.28 1.8252 0.0299 90.5166
2.3 1.5466 0.0285 88.2453
2.32 1.2912 0.0273 85.8806
2.34 1.2691 0.0267 85.7135
2.36 1.2627 0.0262 85.719
2.38 1.2574 0.0245 85.3904
2.4 1.2691 0.0238 85.4971
2.42 1.3676 0.0237 86.5916
2.44 1.5815 0.0227 88.3079
2.46 1.8241 0.0181 88.66
2.48 2.5038 0.0166 92.3393
2.5 2.2659 0.0235 93.9015
2.52 2.3895 0.0234 94.7987
2.54 2.5364 0.0247 96.259
2.56 2.9223 0.0257 98.7824
2.58 3.1415 0.0271 100.475
2.6 3.3829 0.0292 102.404
2.62 3.6347 0.0294 103.748
2.64 4.0941 0.0232 103.701
2.66 4.3412 0.0211 103.976
2.68 4.5429 0.0225 105.438
2.7 5.2448 0.0244 108.595
2.72 5.5188 0.0268 110.478
2.74 5.7788 0.028 111.846
2.76 6.2708 0.0291 113.763
2.78 6.4807 0.0304 114.951
2.8 6.6649 0.0331 116.467
2.82 7.0415 0.0347 118.088
2.84 7.0415 0.0347 118.32
2.86 8.0675 0.0399 122.309
2.88 8.1771 0.0438 123.741
2.9 8.296 0.0459 124.722
2.92 8.5198 0.0474 125.777
2.94 8.6621 0.0492 126.709
2.96 8.823 0.0523 127.934
2.98 9.1494 0.0534 129.069
3 9.329 0.0543 129.852
3.02 9.4922 0.0556 130.675
3.04 9.7953 0.0562 131.626
3.06 9.9422 0.0568 132.266
3.08 10.0728 0.059 133.175
3.1 10.0728 0.059 133.415
3.12 10.4669 0.0615 134.859
3.14 10.6185 0.064 135.829
3.16 11.0498 0.0652 137.063
3.18 11.3017 0.0667 138.011
3.2 11.7027 0.0675 139.085
3.22 11.7774 0.0683 139.591
3.24 11.8217 0.0687 139.975
3.26 11.7914 0.0694 140.281
3.28 11.81 0.0711 140.835
3.3 11.6771 0.0717 140.942
3.32 11.6165 0.0743 141.492
3.34 11.6957 0.0751 141.993
3.36 11.9522 0.0755 142.737
3.38 11.9592 0.0762 143.095
3.4 11.9546 0.0768 143.416
3.42 11.8077 0.0774 143.487
3.44 11.6864 0.0785 143.675
3.46 11.782 0.079 144.152
3.48 11.9569 0.0800001 144.841
3.5 12.1878 0.0808 145.592
3.52 12.3883 0.0808 146.166
3.54 12.5982 0.0807 146.736
3.56 12.9293 0.0795 147.332
3.58 13.0482 0.0791 147.695
3.6 13.1928 0.0792 148.174
3.62 13.2207 0.0811 148.741
3.64 13.2044 0.0825001 149.155
3.66 13.3583 0.0832 149.737
3.68 13.5519 0.0846 150.483
3.7 13.7244 0.0851 151.059
3.72 13.9483 0.0850001 151.624
3.74 14.3936 0.0844 152.449
3.76 14.6875 0.0842 153.09
3.78 14.9743 0.0844 153.774
3.8 15.2611 0.0854 154.572
3.82 15.5269 0.0873 155.468
3.84 15.8254 0.0889 156.357
3.86 16.1215 0.0896 157.104
3.88 16.6602 0.0911 158.295
3.9 16.8467 0.0924 158.963
3.92 16.9446 0.0941 159.564
3.94 16.9586 0.0964 160.13
3.96 16.954 0.0982 160.596
3.98 16.8047 0.0997 160.82
4 16.8047 0.0997 161.044
4.02 15.0909 0.0984 158.615
4.04 14.7364 0.1043 159.06
4.06 14.2421 0.108 158.958
4.08 13.6964 0.1076 158.234
4.1 13.3793 0.1055 157.657
4.12 13.1345 0.1059 157.501
4.14 13.0062 0.1038 157.228
4.16 12.6215 0.1 156.274
4.18 12.1924 0.0963 155.217
4.2 11.5465 0.0906 153.429
4.22 10.8773 0.0879 151.934
4.24 10.2757 0.0865 150.691
4.26 8.9815 0.0865 147.991
4.28 8.2097 0.0878 146.461
4.3 7.4682 0.0888 144.802
4.32 6.7815 0.0886 142.962
4.34 6.1869 0.086 140.917
4.36 5.7427 0.0819 139.025
4.38 5.4255 0.0792 137.683
4.4 5.2938 0.0751 136.765
4.42 5.5305 0.0702 137.031
4.44 6.9132 0.0664 141.029
4.46 7.5311 0.0642 142.557
4.48 7.9625 0.0572 142.508
4.5 8.303 0.051 142.184
4.52 8.6201 0.0473 142.236
4.54 8.774 0.0447 142.104
4.56 8.9745 0.0489 143.812
4.58 9.2497 0.0497 144.81
4.6 9.9212 0.0493 146.357
4.62 10.257 0.0508 147.606
4.64 10.5858 0.058 150.102
4.66 11.1944 0.0606 152.05
4.68 11.4836 0.0612 152.917
4.7 11.7377 0.0632 153.993
4.72 12.2227 0.0649 155.419
4.74 12.4163 0.067 156.368
4.76 12.5702 0.0708 157.551
4.78 12.8896 0.0726 158.637
4.8 12.9969 0.0747 159.388
4.82 13.0995 0.0788 160.465
4.84 13.4026 0.0807 161.5
4.86 13.4772 0.0828 162.161
4.88 13.5076 0.087 163.068
4.9 13.5006 0.0886 163.489
4.92 13.5309 0.0902 163.972
4.94 13.6148 0.0914 164.483
4.96 13.7011 0.0932 165.086
4.98 13.813 0.094 165.582
5 13.7267 0.0947 165.719
5.02 13.5729 0.0956 165.765
5.04 13.4096 0.0967 165.817
5.06 13.2487 0.0976 165.839
5.08 13.0762 0.0987 165.863
5.1 13.0389 0.0996 166.101
5.12 12.9992 0.1 166.264
5.14 13.0016 0.0989 166.296
5.16 12.8803 0.0976 166.068
5.18 10.8027 0.096 161.866
5.2 10.8027 0.097 162.179
5.22 9.8443 0.098 160.332
5.24 8.4336 0.098 156.967
5.26 5.3975 0.0992 147.502
5.28 4.0474 0.1053 142.367
5.3 3.0692 0.1171 138.166
5.32 2.5481 0.1204 134.966
5.34 2.2076 0.1216 132.454
5.36 1.9844 0.1205 130.474
5.38 1.9366 0.1188 129.997
5.4 1.8363 0.1095 128.266
5.42 1.718 0.0984 126.046
5.44 1.6352 0.0884 124.169
5.46 1.3635 0.0779 119.818
5.48 1.2802 0.0687 117.62
5.5 1.251 0.0533 114.897
5.52 1.2708 0.0448 113.619
5.54 1.4428 0.0406 114.886
5.56 1.9954 0.0345 118.877
5.58 2.2974 0.0363 121.951
5.6 2.6647 0.0401 125.745
5.62 2.8664 0.0475 129.004
5.64 3.1135 0.0542 132.12
5.66 3.152 0.0696 135.27
5.68 3.4178 0.082 138.872
5.7 3.7758 0.0931 142.514
5.72 3.7851 0.1003 143.59
5.74 3.7396 0.0913 142.362
5.76 3.7664 0.0812 141.262
5.78 4.452 0.081 144.814
5.8 4.5546 0.0701 143.692
5.82 4.6082 0.0606 142.337
5.84 4.5115 0.0478 139.262
5.86 4.4159 0.0337 134.982
5.88 4.3366 0.0291 133.122
5.9 3.9845 0.0294 131.745
5.92 3.7583 0.0308 131.271
5.94 3.6137 0.0478 135.52
5.96 3.4925 0.0571 136.994
5.98 3.4155 0.0603 137.303
6 3.7186 0.0602 139.104
6.02 -6.3513 0.0584 -nan
6.04 5.3253 0.0495 144.388
6.06 6.0714 0.04 144.687
6.08 5.773 0.032 141.128
6.1 5.3113 0.0279 137.988
6.12 4.8309 0.025 135.003
6.14 4.5663 0.0331 137.201
6.16 4.8146 0.0412 140.919
6.18 4.8542 0.0475 142.894
6.2 4.7143 0.0533 143.793
6.22 4.6082 0.0492 142.499
6.24 4.5639 0.0469 141.862
6.26 4.8029 0.0438 142.224
6.28 5.6879 0.0496 147.376
6.3 7.2 0.0546 153.824
6.32 9.1028 0.0508 158.295
6.34 9.7394 0.0571 161.547
6.36 10.3713 0.0504 161.473
6.38 12.2624 0.053 166.254
6.4 12.3533 0.056 167.341
6.42 12.5026 0.0586 168.411
6.44 12.7777 0.0661 170.788
6.46 13.0412 0.0711 172.482
6.48 13.286 0.0791 174.636
6.5 13.4609 0.0814 175.533
6.52 13.4936 0.0865 176.635
6.54 13.5752 0.0901 177.54
6.56 13.4469 0.0933 177.964
6.58 13.2534 0.1002 178.802
6.6 13.0832 0.1034 179.088
6.62 12.7497 0.1056 178.886
6.64 12.3836 0.1064 178.399
6.66 11.8963 0.1056 177.407
6.68 11.3949 0.1068 176.624
6.7 10.5741 0.1061 174.782
6.72 10.5811 0.1035 174.583
6.74 10.9472 0.1004 175.142
6.76 11.6305 0.0946 175.948
6.78 12.4956 0.0942 177.858
6.8 13.356 0.0883 178.754
6.82 13.4796 0.0705 175.814
6.84 13.4726 0.0646 174.669
6.86 13.4236 0.0599 173.625
6.88 13.398 0.0562 172.798
6.9 13.2884 0.0527 171.812
6.92 13.2068 0.0536 172.04
6.94 12.7591 0.059 172.699
6.96 12.365 0.0671 173.909
6.98 11.9406 0.0818 176.053
7 11.5092 0.091 176.823
7.02 10.6628 0.0956 175.747
7.04 10.2967 0.0951 174.927
7.06 9.9982 0.0909 173.671
7.08 9.7417 0.0877 172.643
7.1 9.5435 0.0843 171.702
7.12 9.217 0.0805 170.322
7.14 9.1121 0.0778 169.692
7.16 9.1028 0.0733 168.959
7.18 9.2543 0.0723 169.299
7.2 9.3546 0.0712 169.477
7.22 9.3593 0.0709 169.56
7.24 9.3803 0.0701 169.585
7.26 9.4082 0.0683 169.421
7.28 9.4199 0.0662 169.141
7.3 9.3756 0.0659 169.091
7.32 9.3523 0.0689 169.787
7.34 9.3826 0.0684 169.892
7.36 9.5342 0.0664 169.993
7.38 9.5808 0.0676 170.495
7.4 9.5878 0.0727 171.677
7.42 9.5248 0.0726 171.623
7.44 9.5971 0.0711 171.64
7.46 9.7767 0.0704 172.086
7.48 10.0775 0.0696 172.803
7.5 10.5741 0.0694 174.091
7.52 10.7094 0.069 174.456
7.54 11.0848 0.07 175.663
7.56 11.2317 0.0716 176.457
7.58 11.2271 0.0738 177.022
7.6 11.0685 0.0757 177.163
7.62 10.9636 0.0782 177.529
7.64 10.6884 0.0805 177.437
7.66 10.5485 0.0823 177.556
7.68 10.4086 0.0826 177.397
7.7 10.1194 0.0818 176.663
7.72 10.0122 0.0786 175.934
7.74 9.9376 0.0765 175.476
7.76 9.8723 0.0747 175.088
7.78 9.8443 0.0705 174.3
7.8 9.5272 0.0683 173.147
7.82 9.238 0.0665 172.12
7.84 8.9629 0.0649 171.147
7.86 8.7157 0.0644 170.47
7.88 8.718 0.0647 170.663
7.9 8.7857 0.0637 170.752
7.92 9.0958 0.0636 171.706
7.94 9.3336 0.0628 172.284
7.96 9.6414 0.0619 173.004
7.98 10.6767 0.0611 175.496
8 11.1245 0.0605 176.516
8.02 11.4462 0.062 177.727
8.04 11.6864 0.0638 178.808
8.06 11.9219 0.0686 180.532
8.08 12.0875 0.0724 181.83
8.1 11.9313 0.0801 183.148
8.12 11.3343 0.0831 182.481
8.14 11.0545 0.0855 182.381
8.16 10.6534 0.0835 181.18
8.18 10.6161 0.0831 181.139
8.2 10.7234 0.0813 181.195
8.22 10.8773 0.0788 181.218
8.24 10.756 0.0758 180.465
8.26 10.6208 0.0723 179.55
8.28 10.5415 0.0716 179.332
8.3 10.6185 0.0715 179.619
8.32 11.0055 0.0702 180.393
8.34 11.6258 0.0684 181.551
8.36 12.5259 0.0665 183.204
8.38 12.7707 0.0633 183.084
8.4 12.8127 0.065 183.697
8.42 12.7101 0.0639 183.345
8.44 12.6821 0.0646 183.574
8.46 12.6658 0.0677 184.379
8.48 12.6704 0.0688 184.757
8.5 12.5912 0.0688 184.711
8.52 12.4839 0.0691 184.671
8.54 12.5585 0.0709 185.346
8.56 12.7497 0.0691 185.474
8.58 12.8267 0.0684 185.598
8.6 12.7824 0.0686 185.67
8.62 12.7241 0.0698 185.936
8.64 12.6751 0.0718 186.39
8.66 12.7404 0.0724 186.777
8.68 12.857 0.0737 187.42
8.7 12.344 0.072 186.082
8.72 12.4559 0.07 186.006
8.74 12.5678 0.0686 186.052
8.76 12.5702 0.0697 186.422
8.78 12.5795 0.0707 186.781
8.8 12.5515 0.0706 186.817
8.82 12.4652 0.0703 186.683
8.84 12.4139 0.0714 186.931
8.86 12.4513 0.0721 187.282
8.88 12.358 0.0729 187.368
8.9 12.2321 0.0733 187.295
8.92 12.0922 0.0731 187.059
8.94 12.0712 0.0733 187.171
8.96 12.0968 0.0729 187.259
8.98 12.1738 0.0727 187.504
9 12.1411 0.0727 187.547
9.02 12.0292 0.0708 187
9.04 11.8473 0.0713 186.815
9.06 11.6654 0.0717 186.6
9.08 11.6538 0.0716 186.666
9.1 11.7354 0.0707 186.772
9.12 11.8473 0.0705 187.097
9.14 11.7867 0.0708 187.139
9.16 11.6934 0.072 187.3
9.18 11.6654 0.0724 187.436
9.2 11.7657 0.0723 187.759
9.22 11.8123 0.0729 188.108
9.24 11.9219 0.0732 188.537
9.26 12.5142 0.073 189.929
9.28 12.8243 0.072 190.495
9.3 13.1018 0.0708 190.93
9.32 13.3537 0.0715 191.726
9.34 13.1601 0.0733 191.833
9.36 12.9176 0.0777 192.365
9.38 12.9176 0.0777 192.479
9.4 12.4513 0.0831 192.65
9.42 12.3463 0.0876 193.376
9.44 12.1878 0.0884 193.276
9.46 11.8543 0.0876 192.473
9.48 11.6514 0.0858 191.776
9.5 11.4929 0.0838 191.135
9.52 11.4066 0.0806 190.422
9.54 11.4392 0.0796 190.413
9.56 11.7004 0.0771 190.638
9.58 11.81 0.0749 190.545
9.6 11.8636 0.0725 190.264
9.62 11.9033 0.0722 190.4
9.64 12.0502 0.0725 190.913
9.66 12.1948 0.0726 191.373
9.68 12.4466 0.072 191.915
9.7 12.6005 0.0729 192.564
9.72 12.9992 0.0723 193.408
9.74 13.1904 0.0714 193.723
9.76 13.3723 0.0708 194.08
9.78 13.5332 0.0717 194.73
9.8 13.7594 0.0728 195.554
9.82 13.9226 0.0743 196.33
9.84 14.0742 0.0764 197.205
9.86 14.1511 0.0773 197.663
9.88 14.3027 0.0799 198.624
9.9 12.7987 0.0792 195.439
9.92 12.7987 0.0792 195.548
9.94 12.281 0.0811 194.882
9.96 11.5722 0.0821 193.526
9.98 10.6861 0.0828 191.561
10 10.6861 0.0828 191.667
