0.04 5.593 0.0846 37.6885
0.06 5.005 0.0985 42.0448
0.0800001 4.8875 0.1048 45.6246
0.1 4.77 0.09735 48.0789
0.12 5.016 0.109025 51.4285
0.14 3.689 0.1207 51.7934
0.16 3.673 0.0939 52.608
0.18 3.563 0.0907 53.9657
0.2 3.515 0.0878 55.3116
0.22 3.515 0.0878 56.7967
0.24 3.634 0.0732 57.589
0.26 3.753 0.0681 58.8043
0.28 3.796 0.0691 60.1998
0.3 3.852 0.0628 61.008
0.32 3.942 0.0586 61.9615
0.34 3.956 0.0556 62.7717
0.36 3.942 0.0547 63.6581
0.38 3.893 0.0513 64.1624
0.4 3.853 0.0489 64.7286
0.42 3.782 0.0451 64.9981
0.44 3.599 0.041 64.8592
0.46 3.478 0.0393 65.1133
0.48 3.373 0.0375 65.3426
0.5 3.272 0.0347 65.3763
0.52 3.189 0.0335 65.6564
0.54 3.134 0.0328 66.0667
0.56 3.175 0.0321 66.7431
0.58 3.216 0.0312 67.3625
0.6 3.383 0.03 68.2747
0.62 3.571 0.0275 68.9377
0.640001 3.685 0.0269 69.7362
0.660001 3.576 0.0266 69.9666
0.680001 3.44 0.0257 69.9562
0.700001 3.216 0.0257 69.8418
0.720001 3.276 0.0253 70.4864
0.740001 2.874 0.0241 69.4177
0.760001 2.655 0.0236 69.0201
0.780001 2.568 0.0231 69.0644
0.800001 2.472 0.02275 69.0839
0.820001 2.382 0.022675 69.1702
0.840001 2.257 0.0230875 69.2005
0.860001 2.219 0.0235 69.587
0.880001 2.194 0.0244 70.1379
0.900001 2.1925 0.0253 70.7835
0.920001 2.191 0.0259 71.3493
0.940001 2.2475 0.0255 71.9476
0.960001 2.304 0.0249 72.4854
0.980001 2.318 0.0239 72.7173
1 2.231 0.0231 72.5194
1.02 2.144 0.0207 71.8446
1.04 2.001 0.0195 71.1645
1.06 2.001 0.0193 71.481
1.08 2.001 0.0188 71.6967
1.1 2.001 0.0178 71.7364
1.12 1.869 0.0176 71.3245
1.14 1.866 0.0177 71.6935
1.16 1.8685 0.0178 72.0887
1.18 1.871 0.0178 72.446
1.2 1.873 0.018 72.8642
1.22 1.875 0.0182 73.2784
1.24 1.893 0.0184 73.7788
1.26 1.91 0.0185 74.2367
1.28 1.899 0.0188 74.6002
1.3 1.883 0.0203 75.3106
1.32 1.883 0.0203 75.631
1.34 1.801 0.0203 75.4624
1.36 1.789 0.0196 75.4803
1.38 1.813 0.0194 75.868
1.4 1.837 0.0188 76.1173
1.42 1.837 0.0182 76.2121
1.44 1.841 0.0177 76.3558
1.46 1.847 0.0169 76.3905
1.48 1.847 0.0163 76.4497
1.5 1.737 0.0159 75.9029
1.52 1.754 0.0155 76.1283
1.54 1.717 0.0155 76.1713
1.56 1.656 0.0157 76.129
1.58 1.539 0.0159 75.6769
1.6 1.408 0.0163 75.1305
1.62 1.344 0.0171 75.1862
1.64 1.3 0.018 75.4034
1.66 1.186 0.0194 75.1314
1.68 1.19 0.0209 75.8873
1.7 1.157 0.0201 75.5838
1.72 1.056 0.0188 74.4239
1.74 1.011 0.0184 74.0641
1.76 1.003 0.01845 74.2316
1.78 1.0215 0.0185 74.6782
1.8 1.04 0.0184 75.0705
1.82 1.078 0.017 75.1949
1.84 1.141 0.0172 76.1171
1.86 1.286 0.0166 77.4437
1.88 1.298 0.01575 77.4389
1.9 1.262 0.015325 77.1772
1.92 1.193 0.0161625 77.1187
1.94 1.004 0.017 75.7617
1.96 0.921 0.0189 75.7042
1.98 0.9145 0.02 76.1986
2 0.94225 0.0206 76.9304
2.02 0.970001 0.0195 77.1137
2.04 1.007 0.0177 77.1192
2.06 1.062 0.0137 76.2799
2.08 1.141 0.012 76.4322
2.1 1.253 0.0123 77.8359
2.12 1.253 0.0126 78.1979
2.14 1.151 0.015 78.5812
2.16 1.1465 0.0177 79.832
2.18 1.18725 0.0211 81.625
2.2 1.228 0.02 81.8656
2.22 1.269 0.0231 83.4555
2.24 1.254 0.0242 83.8446
2.26 1.205 0.026 84.0713
2.28 1.207 0.0287 84.9934
2.3 1.209 0.0404 87.6796
2.32 1.19 0.0434 88.2148
2.34 1.1705 0.0515 89.4804
2.36 1.46025 0.0515 92.595
2.38 1.75 0.0554 95.8437
2.4 1.75 0.0512 95.4389
2.42 2.001 0.0436 96.2284
2.44 2.252 0.0404 97.4839
2.46 2.381 0.0391 98.2246
2.48 2.4 0.0389 98.5167
2.5 2.375 0.0392 98.6511
2.52 2.415 0.0395 99.1709
2.54 2.455 0.0394 99.6035
2.56 2.468 0.0354 99.011
2.58 2.361 0.0276 96.5734
2.6 2.361 0.0203 94.3387
2.62 2.186 0.0185 92.7778
2.64 2.192 0.01855 93.0317
2.66 2.128 0.0186 92.851
2.68 2.02 0.0185 92.3079
2.7 1.915 0.0175 91.3672
2.72 1.838 0.01745 90.9937
2.74 1.788 0.0174 90.7961
2.76 1.788 0.018 91.2368
2.78 1.7345 0.0158 90.0392
2.8 1.71625 0.01545 89.9138
2.82 1.81663 0.015825 91.0137
2.84 1.917 0.0162 92.0809
2.86 1.917 0.0177 92.943
2.88 2.0385 0.0187 94.3815
2.9 2.16 0.0183 95.1835
2.92 2.196 0.0178 95.3728
2.94 2.242 0.0173 95.6127
2.96 2.203 0.0163 95.0791
2.98 1.921 0.0153 92.9061
3 1.746 0.014 91.1318
3.02 1.57 0.0132 89.4749
3.04 1.447 0.01275 88.337
3.06 1.57 0.013025 89.7031
3.08 1.567 0.0133 89.9973
3.1 1.574 0.0144 90.8157
3.12 1.581 0.0146 91.1409
3.14 1.581 0.014 90.9847
3.16 1.732 0.0139 92.2955
3.18 1.76 0.0137 92.5596
3.2 1.7725 0.01245 92.0798
3.22 1.785 0.012875 92.591
3.24 1.991 0.0133 94.4757
3.26 2.153 0.0154 96.8841
3.28 2.434 0.0171 99.6429
3.3 2.646 0.0173 101.117
3.32 2.88 0.0173 102.53
3.34 3.187 0.0173 104.211
3.36 3.269 0.0188 105.494
3.38 3.0745 0.0172 103.966
3.4 2.99875 0.0134 101.63
3.42 3.02588 0.0136 102.054
3.44 3.053 0.0138 102.475
3.46 3.241 0.0154 104.477
3.48 3.317 0.0203 107.436
3.5 3.393 0.0198 107.735
3.52 3.535 0.0233 110.024
3.54 3.535 0.0233 110.198
3.56 3.424 0.0253 110.62
3.58 3.098 0.0252 109.172
3.6 2.991 0.02575 108.984
3.62 2.991 0.0263 109.344
3.64 2.786 0.028 108.964
3.66 2.8105 0.032 110.489
3.68 2.835 0.0336 111.246
3.7 2.829 0.0356 111.916
3.72 2.758 0.0351 111.543
3.74 2.724 0.0346 111.377
3.76 2.708 0.0343 111.367
3.78 2.413 0.0339 109.588
3.8 2.3705 0.0293 108.148
3.82 2.34925 0.02995 108.363
3.84 2.59112 0.0306 110.26
3.86 2.833 0.0285 111.187
3.88 2.741 0.0205 107.823
3.9 2.427 0.0173 104.614
3.92 2.098 0.0153 101.545
3.94 2.098 0.0147 101.351
3.96 1.808 0.0152 99.6192
3.98 1.694 0.0157 99.0941
4 1.524 0.0167 98.2359
4.02 1.45 0.0191 98.767
4.04 1.344 0.0202 98.2849
4.06 1.3455 0.0187 97.8058
4.08 1.347 0.0182 97.7346
4.1 1.367 0.0178 97.8943
4.12 1.457 0.0178 98.931
4.14 1.511 0.0175 99.444
4.16 1.553 0.0165 99.4831
4.18 1.625 0.0158 99.907
4.2 1.673 0.01535 100.219
4.22 1.777 0.015275 101.185
4.24 1.815 0.0153875 101.69
4.26 1.866 0.0155 102.292
4.28 1.901 0.0168 103.39
4.3 2.081 0.0174 105.188
4.32 1.989 0.0191 105.455
4.34 2.717 0.0198 110.772
4.36 3.017 0.0206 112.971
4.38 3.51 0.0214 115.974
4.4 3.682 0.0222 117.282
4.42 3.845 0.0235 118.725
4.44 4.086 0.0233 119.834
4.46 4.125 0.0233 120.148
4.48 4.164 0.02275 120.222
4.5 4.3 0.024225 121.563
4.52 4.26 0.0257 122.148
4.54 4.261 0.0272 122.881
4.56 4.296 0.0331 125.205
4.58 4.296 0.0331 125.357
4.6 4.82 0.0348 128.139
4.62 5.534 0.0345 130.777
4.64 5.534 0.0334 130.582
4.66 5.9 0.03335 131.933
4.68 6.321 0.033775 133.548
4.7 6.395 0.0342 134.07
4.72 6.412 0.0358 134.792
4.74 6.385 0.0396 136.005
4.76 6.339 0.0413 136.499
4.78 6.233 0.0433 136.865
4.8 6.152 0.0457 137.381
4.82 6.051 0.0463 137.361
4.84 6.033 0.0462 137.436
4.86 6.0815 0.0455 137.577
4.88 6.13 0.04505 137.778
4.9 6.25 0.044925 138.288
4.92 6.265 0.0449625 138.503
4.94 6.149 0.045 138.296
4.96 6.149 0.04515 138.49
4.98 5.883 0.0453 137.803
5 5.883 0.0467 138.306
5.02 5.8205 0.0473 138.394
5.04 5.80125 0.0463 138.235
5.06 5.782 0.0455 138.12
5.08 5.782 0.0451 138.17
5.1 5.725 0.045 138.099
5.12 5.656 0.0441 137.776
5.14 5.611 0.04395 137.728
5.16 5.597 0.044175 137.886
5.18 5.597 0.0444 138.092
5.2 5.574 0.0453 138.389
5.22 5.595 0.0453 138.612
5.24 5.444 0.0461 138.415
5.26 5.29 0.0464 138.065
5.28 5.069 0.0461 137.29
5.3 4.827 0.0453 136.271
5.32 4.318 0.045 134.168
5.34 4.318 0.0446 134.208
5.36 4.123 0.0435 133.18
5.38 3.819 0.0413 131.287
5.4 3.956 0.0397 131.658
5.42 3.638 0.0373 129.539
5.44 3.514 0.0344 128.16
5.46 3.638 0.0305 127.648
5.48 3.119 0.0274 123.868
5.5 2.917 0.0256 122.111
5.52 2.84 0.0237 120.986
5.54 2.681 0.0216 119.183
5.56 2.577 0.0202 117.965
5.58 2.599 0.0191 117.678
5.6 2.621 0.018 117.358
5.62 2.857 0.0173 118.55
5.64 3.053 0.0161 119.092
5.66 3.291 0.0156 120.189
5.68 3.571 0.01565 121.762
5.7 3.849 0.0157 123.237
5.72 3.849 0.017 124.176
5.74 4.202 0.0177 126.3
5.76 4.392 0.0182 127.525
5.78 4.392 0.0191 128.162
5.8 4.547 0.0217 130.304
5.82 4.702 0.0228 131.6
5.84 4.872 0.0234 132.687
5.86 5.056 0.0234 133.524
5.88 5.056 0.0234 133.651
5.9 5.452 0.02335 135.214
5.92 5.52 0.023575 135.691
5.94 5.529 0.0238 135.957
5.96 5.529 0.0243 136.32
5.98 5.529 0.0248 136.679
6 5.471 0.0262 137.223
6.02 5.5385 0.0263 137.637
6.04 5.606 0.0258 137.784
6.06 5.606 0.0258 137.911
6.08 5.689 0.0254 138.15
6.1 5.745 0.0256 138.562
6.12 5.76 0.0258 138.83
6.14 5.769 0.0272 139.599
6.16 5.7975 0.0288 140.491
6.18 5.826 0.0305 141.39
6.2 5.878 0.0319 142.229
6.22 5.92 0.0343 143.365
6.24 5.958 0.0348 143.798
6.26 5.996 0.0348 144.058
6.28 5.946 0.0344 143.873
6.3 5.835 0.03465 143.697
6.32 5.727 0.0349 143.523
6.34 5.661 0.0351 143.478
6.36 5.602 0.0352 143.421
6.38 5.555 0.0352 143.372
6.4 5.53 0.0349 143.302
6.42 5.512 0.0342 143.117
6.44 5.48 0.0342 143.121
6.46 5.498 0.033 142.887
6.48 5.508 0.0307 142.19
6.5 5.518 0.0308 142.387
6.52 5.663 0.0309 143.081
6.54 5.722 0.0324 143.984
6.56 5.856 0.0336 145.025
6.58 5.98 0.0355 146.254
6.6 6.154 0.036 147.155
6.62 6.657 0.0363 149.057
6.64 6.894 0.0366 150.038
6.66 7.069 0.0366 150.707
6.68 7.249 0.037 151.517
6.7 7.3 0.0373 151.898
6.72 7.306 0.0385 152.443
6.74 7.3245 0.0394 152.918
6.76 7.343 0.0404 153.419
6.78 7.343 0.0408 153.671
6.8 7.627 0.0406 154.577
6.82 7.779 0.0406 155.143
6.84 7.882 0.0407 155.596
6.86 8.092 0.04065 156.297
6.88 8.281 0.040725 156.968
6.9 8.477 0.0408 157.649
6.92 8.507 0.0416 158.112
6.94 8.56 0.0431 158.848
6.96 8.624 0.0435 159.268
6.98 8.673 0.0441 159.707
7 8.592 0.0453 159.975
7.02 8.481 0.0471 160.321
7.04 8.449 0.0472 160.389
7.06 8.449 0.0469 160.431
7.08 8.272 0.0466 159.983
7.1 8.034 0.0461 159.293
7.12 8.034 0.0461 159.418
7.14 7.675 0.0453 158.265
7.16 7.592 0.045 158.053
7.18 7.426 0.0449 157.644
7.2 7.12 0.0445 156.696
7.22 7.1155 0.0442 156.714
7.24 7.14525 0.0437 156.78
7.26 7.175 0.0414 156.29
7.28 7.281 0.0404 156.422
7.3 7.341 0.0395 156.433
7.32 7.537 0.0389 156.947
7.34 7.537 0.0386 156.965
7.36 7.576 0.03895 157.318
7.38 7.574 0.0393 157.548
7.4 7.601 0.0407 158.208
7.42 7.643 0.0418 158.804
7.44 7.682 0.0427 159.322
7.46 7.753 0.0427 159.652
7.48 7.491 0.0414 158.574
7.5 7.7595 0.0412 159.434
7.52 8.028 0.04125 160.352
7.54 8.23 0.0413 161.062
7.56 8.23 0.0416 161.277
7.58 8.488 0.0419 162.212
7.6 8.385 0.0424 162.205
7.62 8.385 0.0432 162.577
7.64 8.175 0.0439 162.319
7.66 8.101 0.044 162.255
7.68 7.875 0.04405 161.728
7.7 7.763 0.0441 161.527
7.72 7.694 0.0442 161.466
7.74 7.652 0.0436 161.271
7.76 7.615 0.0427 160.995
7.78 7.615 0.0419 160.857
7.8 7.6245 0.0398 160.313
7.82 7.634 0.0388 160.117
7.84 7.638 0.0382 160.035
7.86 7.638 0.0374 159.866
7.88 7.733 0.0372 160.193
7.9 7.855 0.0371 160.632
7.92 7.947 0.03705 160.996
7.94 8.06 0.037175 161.482
7.96 8.06 0.0373 161.641
7.98 8.362 0.0376 162.721
8 8.362 0.038 162.977
8.02 8.444 0.0385 163.498
8.04 8.493 0.0388 163.853
8.06 8.527 0.0393 164.236
8.08 8.617 0.0396 164.702
8.1 8.617 0.0401 164.987
8.12 8.873 0.0406 165.969
8.14 9.099 0.041 166.821
8.16 9.184 0.0416 167.36
8.18 9.212 0.0423 167.781
8.2 9.283 0.0423 168.08
8.22 9.354 0.0427 168.511
8.24 9.433 0.043 168.927
8.26 9.645 0.043 169.583
8.28 9.645 0.0436 169.893
8.3 9.891 0.0446 170.947
8.32 10.142 0.045 171.807
8.34 10.142 0.0458 172.174
8.36 10.241 0.047 172.902
8.38 10.216 0.0477 173.168
8.4 10.152 0.0484 173.337
8.42 10.059 0.0504 173.806
8.44 10.059 0.0504 173.921
8.46 9.463 0.049 172.107
8.48 9.458 0.04855 172.075
8.5 9.4525 0.0481 172.04
8.52 9.44975 0.0481 172.145
8.54 9.447 0.0476 172.101
8.56 9.447 0.0471 172.061
8.58 9.396 0.0465 171.855
8.6 9.365 0.04655 171.9
8.62 9.334 0.0466 171.945
8.64 9.338 0.047 172.188
8.66 9.329 0.0473 172.366
8.68 9.076 0.0476 171.886
8.7 8.951 0.048 171.772
8.72 8.951 0.0483 171.971
8.74 8.723 0.0481 171.383
8.76 8.617 0.0477 171.072
8.78 8.601 0.0462 170.68
8.8 8.55 0.0462 170.642
8.82 8.495 0.0452 170.281
8.84 8.442 0.0435 169.692
8.86 8.412 0.0429 169.516
8.88 8.5275 0.0428 169.923
8.9 8.643 0.0427 170.325
8.92 8.981 0.0429 171.443
8.94 9.302 0.0425 172.285
8.96 9.562 0.04245 173.06
8.98 10.02 0.042975 174.517
9 10.209 0.0435 175.272
9.02 10.317 0.0445 175.979
9.04 10.557 0.0462 177.223
9.06 10.688 0.0477 178.12
9.08 10.806 0.0502 179.272
9.1 10.905 0.051 179.854
9.12 11.073 0.0523 180.738
9.14 11.094 0.0535 181.239
9.16 11.061 0.0539 181.384
9.18 10.988 0.0543 181.433
9.2 10.976 0.0551 181.735
9.22 10.976 0.0561 182.117
9.24 10.868 0.0568 182.155
9.26 10.497 0.0576 181.567
9.28 10.338 0.0582 181.433
9.3 10.181 0.0585 181.22
9.32 10.039 0.0584 180.936
9.34 9.882 0.058 180.53
9.36 9.882 0.0573 180.455
9.38 9.857 0.055 179.882
9.4 9.815 0.0537 179.52
9.42 9.67 0.0528 178.99
9.44 9.67 0.0528 179.096
9.46 9.459 0.0452 176.338
9.48 9.248 0.0449 175.771
9.5 9.214 0.0451 175.846
9.52 9.108 0.0453 175.721
9.54 9.048 0.0454 175.688
9.56 9.048 0.045 175.661
9.58 9.0685 0.0447 175.723
9.6 9.089 0.0444 175.783
9.62 9.089 0.0434 175.552
9.64 9.106 0.043 175.565
9.66 9.094 0.0427 175.531
9.68 9.126 0.04255 175.669
9.7 9.126 0.042525 175.762
9.72 9.147 0.0427125 175.985
9.74 9.106 0.0429 176.036
9.76 8.997 0.0434 176.001
9.78 8.915 0.0438 176.003
9.8 8.864 0.0442 176.091
9.82 8.8545 0.0444 176.23
9.84 8.85675 0.0442 176.269
9.86 8.859 0.0435 176.141
9.88 8.991 0.0432 176.515
9.9 9.004 0.0429 176.548
9.92 8.986 0.0427 176.528
9.94 8.905 0.0426 176.362
9.96 8.829 0.0427 176.277
9.98 8.705 0.0428 176.051
10 8.472 0.043 175.53
10.02 8.401 0.0425 175.245
10.04 8.362 0.0414 174.842
10.06 8.343 0.0414 174.882
10.08 8.316 0.0403 174.505
10.1 8.3065 0.0397 174.355
10.12 8.36975 0.0391 174.421
10.14 8.433 0.0385 174.481
10.16 8.431 0.0385 174.571
10.18 8.44 0.03865 174.75
10.2 8.502 0.0388 175.086
10.22 8.562 0.0388 175.358
10.24 8.677 0.0398 176.164
10.26 8.795 0.0413 177.147
10.28 8.919 0.0419 177.814
10.3 9.06 0.0426 178.558
10.32 9.064 0.0453 179.582
10.34 9.064 0.0453 179.678
10.36 9.106 0.0459 180.092
10.38 9.302 0.0466 180.97
10.4 9.569 0.0471 181.967
10.42 9.739 0.0473 182.591
10.44 9.739 0.0473 182.688
10.46 9.8 0.0456 182.394
10.48 9.861 0.04585 182.737
10.5 9.942 0.0461 183.132
10.52 9.905 0.0475 183.587
10.54 10.039 0.05 184.827
10.56 10.064 0.0518 185.536
10.58 10.175 0.0515 185.837
10.6 10.147 0.052 186.01
10.62 10.147 0.0519 186.078
10.64 10.124 0.0516 186.025
10.66 10.177 0.0508 186.02
10.68 10.23 0.0497 185.917
10.7 10.389 0.0487 186.113
10.72 10.497 0.0479 186.23
10.74 10.688 0.0473 186.615
10.76 10.965 0.04665 187.185
10.78 11.207 0.046375 187.779
10.8 11.359 0.0467875 188.379
10.82 11.446 0.0472 188.821
10.84 11.393 0.0484 189.187
10.86 11.28 0.0522 190.205
10.88 11.135 0.0541 190.514
10.9 10.93 0.0559 190.62
10.92 10.794 0.0577 190.876
10.94 10.7805 0.0598 191.508
10.96 10.767 0.0593 191.437
10.98 10.746 0.0589 191.372
11 10.707 0.0566 190.735
11.02 10.61 0.056 190.413
11.04 10.306 0.0555 189.572
11.06 10.2935 0.0546 189.376
11.08 10.3253 0.053 189.087
11.1 10.357 0.0522 189.026
11.12 10.753 0.0511 189.809
11.14 10.919 0.0502 190.042
11.16 11.008 0.0504 190.422
11.18 10.995 0.0506 190.547
11.2 10.919 0.0506 190.451
11.22 10.897 0.0515 190.77
11.24 10.9055 0.052 191.04
11.26 10.914 0.053 191.459
11.28 10.946 0.0528 191.574
11.3 10.999 0.0526 191.741
11.32 10.932 0.0526 191.666
11.34 10.879 0.0526 191.626
11.36 10.833 0.05315 191.769
11.38 10.479 0.0537 191.111
11.4 10.248 0.0543 190.768
11.42 9.912 0.0543 189.947
11.44 9.576 0.0519 188.388
11.46 9.5725 0.0519 188.469
11.48 9.57175 0.0512 188.346
11.5 9.62988 0.0507 188.447
11.52 9.688 0.0489 188.135
11.54 9.891 0.0474 188.3
11.56 10.469 0.046 189.465
11.58 10.76 0.0449 189.923
11.6 10.981 0.04495 190.589
11.62 11.117 0.045 191.036
11.64 11.359 0.0459 192.037
11.66 11.46 0.0482 193.158
11.68 11.455 0.0498 193.763
11.7 11.501 0.0517 194.573
11.72 11.547 0.0527 195.088
11.74 11.748 0.0543 196.153
11.76 11.96 0.0547 196.872
11.78 11.925 0.0552 197.032
11.8 11.702 0.0555 196.678
11.82 11.435 0.0568 196.496
11.84 11.232 0.057 196.139
11.86 11.15 0.0577 196.223
11.88 11.122 0.0584 196.441
11.9 11.108 0.0583 196.47
11.92 11.2195 0.0574 196.59
11.94 11.331 0.0561 196.586
11.96 11.439 0.0538 196.262
11.98 11.536 0.0535 196.501
12 11.55 0.0537 196.687
12.02 11.524 0.0539 196.775
12.04 11.485 0.0558 197.338
12.06 11.576 0.0565 197.859
12.08 11.667 0.0573 198.405
12.1 11.757 0.0583 199.003
12.12 11.819 0.0588 199.386
12.14 11.852 0.0589 199.586
12.16 11.892 0.0589 199.774
12.18 11.932 0.0592 200.047
12.2 11.978 0.0595 200.333
12.22 12.013 0.0597 200.565
12.24 12.017 0.06 200.749
12.26 12.008 0.0603 200.902
12.28 12.0095 0.06 200.913
12.3 12.011 0.06 201.008
12.32 12.024 0.06015 201.172
12.34 12.017 0.0603 201.287
12.36 12.02 0.0604 201.413
12.38 11.988 0.0606 201.482
12.4 11.953 0.0607 201.515
12.42 11.658 0.0609 200.936
12.44 11.538 0.0599 200.45
12.46 11.5805 0.0589 200.365
12.48 11.623 0.0589 200.56
12.5 11.663 0.0586 200.664
12.52 11.674 0.0583 200.694
12.54 11.659 0.0584 200.775
12.56 11.669 0.05825 200.846
12.58 11.679 0.0581 200.916
12.6 11.711 0.0582 201.113
12.62 11.785 0.0583 201.413
12.64 11.81 0.0588 201.706
12.66 11.815 0.0593 201.95
12.68 11.858 0.0591 202.087
12.7 11.87 0.0592 202.234
12.72 11.778 0.0592 202.096
12.74 11.702 0.0591 201.967
12.76 11.584 0.0589 201.704
12.78 11.566 0.0589 201.746
12.8 11.564 0.0584 201.686
12.82 11.552 0.05855 201.786
12.84 11.56 0.0587 201.937
12.86 11.568 0.0588 202.073
12.88 11.623 0.0586 202.241
12.9 11.824 0.0585 202.8
12.92 12.006 0.0584 203.305
12.94 12.188 0.05835 203.819
12.96 12.411 0.0583 204.425
12.98 12.706 0.05865 205.308
13 12.775 0.059 205.658
13.02 12.78 0.0599 206.017
13.04 12.838 0.0605 206.41
13.06 12.886 0.0619 207.003
13.08 12.971 0.0628 207.536
13.1 13.107 0.0645 208.399
13.12 13.225 0.0656 209.05
13.14 13.411 0.0672 209.98
13.16 13.904 0.0685 211.501
13.18 14.088 0.0697 212.298
13.2 14.088 0.0729 213.182
13.22 14.353 0.0744 214.208
13.24 14.441 0.0762 214.913
13.26 14.448 0.0783 215.505
13.28 14.526 0.0792 215.968
13.3 14.549 0.0812 216.557
13.32 14.494 0.0819 216.684
13.34 14.393 0.0831 216.818
13.36 14.139 0.0841 216.569
13.38 13.999 0.0847 216.476
13.4 13.764 0.0845 215.997
13.42 13.512 0.0838 215.363
13.44 13.409 0.082 214.826
13.46 13.213 0.0803 214.086
13.48 13.252 0.0738 212.766
13.5 13.291 0.0707 212.185
13.52 13.284 0.0699 212.055
13.54 13.306 0.0695 212.092
13.56 13.328 0.0695 212.229
13.58 13.466 0.0691 212.529
13.6 13.828 0.06905 213.417
13.62 13.996 0.069275 213.934
13.64 14.183 0.0695 214.489
13.66 14.319 0.0708 215.203
13.68 14.388 0.072 215.741
13.7 14.42 0.0732 216.194
13.72 14.544 0.077 217.463
13.74 14.623 0.0785 218.07
13.76 14.749 0.0794 218.636
13.78 14.793 0.0803 219.023
13.8 14.874 0.081 219.442
13.82 14.948 0.0809 219.665
13.84 14.915 0.0819 219.908
13.86 15.072 0.0826 220.484
13.88 15.132 0.08235 220.643
13.9 15.178 0.082275 220.811
13.92 15.185 0.0826875 221.006
13.94 15.208 0.0831 221.234
13.96 15.192 0.0838 221.443
13.98 15.139 0.0843 221.53
14 14.874 0.0850001 221.207
14.02 14.687 0.0869 221.299
14.04 14.162 0.0878 220.418
14.06 13.918 0.0878 219.954
14.08 13.453 0.0867 218.737
14.1 13.22 0.0851 217.936
14.12 13.061 0.0836 217.32
14.14 12.838 0.0821 216.541
14.16 12.736 0.0792 215.731
14.18 12.374 0.0773 214.487
14.2 12.32 0.0761 214.157
14.22 12.266 0.0737 213.536
14.24 12.9 0.0722 214.807
14.26 12.5645 0.0709 213.754
14.28 13.0858 0.07065 215.029
14.3 13.607 0.071175 216.46
14.32 13.766 0.0717 217.039
14.34 13.895 0.0729 217.715
14.36 13.948 0.0743 218.264
14.38 13.909 0.0776 219.051
14.4 13.9505 0.0783 219.394
14.42 13.992 0.0779 219.479
14.44 14.291 0.0788 220.444
14.46 14.291 0.0788 220.528
14.48 14.501 0.0749 220.145
14.5 15.017 0.0744 221.218
14.52 15.39 0.0735 221.862
14.54 15.505 0.0739 222.285
14.56 15.627 0.0743 222.721
14.58 15.583 0.079 223.855
14.6 15.526 0.0806 224.196
14.62 15.268 0.0834 224.377
14.64 15.07 0.0849 224.374
14.66 14.796 0.0861 224.128
14.68 14.296 0.0863 223.149
14.7 14.104 0.086 222.735
14.72 14.0695 0.0851 222.545
14.74 14.1457 0.0847 222.715
14.76 14.222 0.0851 223.059
14.78 14.78 0.0845 224.251
14.8 15.153 0.0835 224.919
14.82 15.558 0.0829 225.725
14.84 16.305 0.08285 227.328
14.86 16.65 0.084725 228.525
14.88 17 0.0866 229.714
14.9 17.281 0.0893 230.932
14.92 17.539 0.0893 231.512
14.94 17.903 0.0914 232.734
14.96 18.074 0.0934 233.56
14.98 18.295 0.0950001 234.387
15 18.433 0.0949 234.707
15.02 18.608 0.0949 235.113
15.04 18.944 0.0949 235.807
15.06 19.133 0.0955 236.356
15.08 19.285 0.096 236.815
15.1 19.502 0.0965 237.387
15.12 19.6885 0.0965 237.8
15.14 19.875 0.0958 238.067
15.16 20.207 0.0952 238.598
15.18 20.543 0.0924 238.66
15.2 20.612 0.0900001 238.34
15.22 20.566 0.0893 238.196
15.24 20.497 0.08935 238.178
15.26 20.368 0.0894 238.06
15.28 20.299 0.0913 238.447
15.3 20.313 0.0916 238.622
15.32 20.087 0.0927 238.562
15.34 19.7 0.0948 238.425
15.36 19.267 0.0951 237.811
15.38 18.341 0.0968 236.564
15.4 18.138 0.0959 236.087
15.42 18.138 0.0959 236.173
15.44 17.7535 0.0952 235.386
15.46 17.369 0.0919 234.042
15.48 17.461 0.09115 234.144
15.5 17.138 0.093625 234.121
15.52 16.751 0.0961 233.943
15.54 16.355 0.0973 233.463
15.56 15.567 0.0987 232.167
15.58 15.5085 0.1039 233.118
15.6 15.7313 0.1084 234.507
15.62 15.954 0.1084 235.065
15.64 16.125 0.1072 235.292
15.66 16.249 0.1044 235.117
15.68 16.655 0.1038 235.925
15.7 16.871 0.1011 235.929
15.72 16.991 0.0991 235.861
15.74 16.567 0.0979 234.849
15.76 16.127 0.0989 234.221
15.78 15.579 0.0999 233.336
15.8 15.047 0.1022 232.693
15.82 14.293 0.1023 231.077
15.84 13.994 0.1022 230.437
15.86 13.628 0.0997 229.167
15.88 13.132 0.0956 227.231
15.9 12.186 0.0933 224.421
15.92 11.835 0.0918 223.256
15.94 11.596 0.0879 221.876
15.96 11.448 0.0842 220.752
15.98 11.29 0.0805 219.565
16 11.151 0.0766 218.345
16.02 11.101 0.0741 217.678
16.04 11.066 0.0697 216.549
16.06 11.041 0.0681 216.136
16.08 10.976 0.0664 215.573
16.1 10.983 0.06645 215.68
16.12 10.99 0.0665 215.788
16.14 11.031 0.0688 216.59
16.16 11.05 0.0696 216.927
16.18 11.059 0.0705 217.259
16.2 11.043 0.0714 217.518
16.22 11.043 0.0712 217.542
16.24 11.036 0.0708 217.495
16.26 11.025 0.0696 217.229
16.28 10.907 0.0698 217.018
16.3 11.036 0.0693 217.33
16.32 10.055 0.0686 214.328
16.34 9.412 0.0698 212.677
16.36 8.636 0.071 210.428
16.38 7.717 0.0782 208.788
16.4 7.717 0.0782 208.858
16.42 6.369 0.0843 204.506
16.44 6.307 0.0883 205.077
16.46 6.122 0.0964 205.766
16.48 5.877 0.107 206.412
16.5 5.943 0.115 208.058
16.52 5.753 0.1246 208.543
16.54 5.753 0.1198 207.933
16.56 4.2 0.12035 198.865
16.58 4.2 0.1209 199.007
16.6 2.187 0.1209 181.219
16.62 2.1235 0.1132 179.527
16.64 2.11325 0.1101 179.047
16.66 2.103 0.1054 178.333
16.68 2.112 0.099 177.575
16.7 1.908 0.0942 174.332
16.72 1.756 0.0746 169.006
16.74 1.618 0.066 165.387
16.76 1.443 0.0602 161.496
16.78 1.443 0.0577 160.981
16.8 1.347 0.0514 157.919
16.82 1.279 0.0403 153.656
16.84 1.257 0.036 151.89
16.86 1.257 0.0324 150.614
16.88 1.191 0.0297 148.42
16.9 1.1725 0.0247 145.88
16.92 1.18175 0.0236 145.54
16.94 1.191 0.0232 145.544
16.96 1.309 0.0231 147.533
16.98 1.309 0.0232 147.635
17 1.351 0.0233 148.409
17.02 1.331 0.0255 149.256
17.04 1.309 0.0283 150.243
17.06 1.317 0.0283 150.424
17.08 1.325 0.0285 150.693
17.1 1.389 0.0284 151.725
17.12 1.492 0.02875 153.502
17.14 1.606 0.0291 155.345
17.16 1.825 0.0288 158.146
17.18 1.961 0.0295 160.162
17.2 2.706 0.0323 169.089
17.22 3.906 0.0379 180.712
17.24 5.049 0.0365 186.99
17.26 6.018 0.0375 192.272
17.28 6.109 0.0391 193.421
17.3 6.053 0.0386 193.02
17.32 5.972 0.0403 193.4
17.34 5.724 0.042 192.946
17.36 5.7215 0.0462 194.533
17.38 5.78475 0.0499 196.156
17.4 5.848 0.0543 197.913
17.42 6.01 0.0606 200.581
17.44 6.01 0.0606 200.645
17.46 6.026 0.0553 199.262
17.48 6.008 0.05605 199.463
17.5 6.0425 0.0568 199.912
17.52 6.077 0.0602 201.11
17.54 6.21 0.0588 201.407
17.56 6.382 0.0579 202.006
17.58 6.401 0.0587 202.387
17.6 6.401 0.0558 201.6
17.62 6.443 0.0471 199.027
17.64 6.737 0.046 199.979
17.66 7.205 0.0429 200.817
17.68 7.749 0.0419 202.599
17.7 7.882 0.0432 203.677
17.72 8.06 0.0445 204.902
17.74 8.016 0.0454 205.146
17.76 7.834 0.0331 199.226
17.78 7.601 0.03365 198.696
17.8 6.878 0.0342 196.182
17.82 6.761 0.0409 198.695
17.84 6.87 0.0546 204.062
17.86 6.979 0.0654 207.684
17.88 7.104 0.0694 209.312
17.9 6.984 0.0655 207.861
17.92 6.727 0.0608 205.529
17.94 6.197 0.0546 201.367
17.96 6.086 0.0442 197.405
17.98 6.0835 0.0409 196.184
18 6.081 0.03975 195.768
18.02 6.086 0.043225 197.222
18.04 6.042 0.0467 198.348
18.06 6.013 0.0494 199.201
18.08 5.685 0.0524 198.632
18.1 5.466 0.0375 192.148
18.12 5.269 0.0335 189.408
18.14 5.247 0.03255 188.899
18.16 5.383 0.040275 193.045
18.18 5.519 0.048 196.649
18.2 6.438 0.0558 203.656
18.22 6.438 0.0613 205.318
18.24 7.641 0.0651 211.566
18.26 8.576 0.072 216.989
18.28 12.059 0.0755 228.877
18.3 19.041 0.0727 243.744
18.32 35.457 0.0727 266.654
18.34 44.625 0.1687 295.718
