0.02 1.1668 0 0
0.03 1.3632 0 0
0.04 1.4771 0 0
0.05 1.6775 0 0
0.06 1.7482 0 0
0.07 1.8071 0.0445 35.4735
0.08 1.815 0.0462 36.9533
0.09 1.8228 0.0505 38.4909
0.1 1.8543 0.0519 39.8233
0.11 1.8818 0.0505 40.8863
0.12 2.0114 0.0547 42.573
0.13 1.9407 0.0615 43.7315
0.14 1.8935 0.0627 44.5554
0.15 1.9132 0.0647 45.6049
0.16 1.9368 0.066 46.5896
0.17 1.9525 0.0697 47.6524
0.18 2.0192 0.0707 48.7081
0.19 1.9564 0.0724 49.3187
0.2 1.9485 0.0747 50.1281
0.21 1.9643 0.0776 51.0332
0.22 1.976 0.0788 51.8079
0.23 2.0035 0.0835 52.8105
0.24 2.0625 0.0857 53.7791
0.25 2.0978 0.0898 54.7384
0.26 2.1253 0.0917 55.539
0.27 2.2471 0.0926 56.623
0.28 2.31 0.0946 57.5284
0.29 2.4435 0.0952 58.595
0.3 2.53 0.0964 59.5089
0.31 2.6753 0.0975 60.5959
0.32 2.7303 0.1024 61.5631
0.33 2.8285 0.0995 62.2598
0.34 2.9267 0.0873 62.4051
0.35 3.021 0.0833 62.9518
0.36 3.1035 0.0743 63.0903
0.37 3.4099 0.0666 63.8566
0.38 4.0739 0.0635 65.74
0.39 5.1856 0.1049 71.4815
0.4 6.3681 0.0977 73.7101
0.41 7.3777 0.0933 75.5173
0.42 8.0299 0.0961 77.1475
0.43 9.1848 0.0926 78.9271
0.44 9.558 0.086 79.4001
0.45 9.232 0.0792 78.9564
0.46 8.6231 0.0741 78.2292
0.47 8.4698 0.0699 78.1151
0.48 8.3756 0.0688 78.3438
0.49 8.2734 0.0722 78.9713
0.5 8.0927 0.0681 78.7798
0.51 7.9395 0.0658 78.7715
0.52 7.7509 0.0689 79.227
0.53 7.3974 0.0569 77.8645
0.54 7.2442 0.056 77.9312
0.55 6.9927 0.053 77.576
0.56 6.867 0.0479 77.1103
0.57 6.7531 0.0495 77.5159
0.58 6.6981 0.0537 78.3288
0.59 6.6981 0.0342 75.8024
0.6 6.6392 0.0395 76.9778
0.61 6.7374 0.0381 77.2637
0.62 6.9142 0.0416 78.4755
0.63 6.7217 0.0464 79.222
0.64 6.4192 0.0596 80.7074
0.65 6.0577 0.0653 80.9955
0.66 2.9503 0.0687 73.6456
0.67 5.5156 0.0645 80.5029
0.68 5.7788 0.0716 82.0897
0.69 5.6256 0.0744 82.3677
0.7 5.1463 0.077 81.8778
0.71 4.7103 0.0717 80.68
0.72 4.5571 0.0722 80.6562
0.73 4.5767 0.0685 80.6623
0.74 4.4471 0.0627 80.0424
0.75 4.4313 0.0603 80.0401
0.76 4.7103 0.0596 80.9661
0.77 5.4567 0.0588 82.9072
0.78 5.9478 0.0567 83.9896
0.79 6.3327 0.0536 84.6552
0.8 6.5174 0.0527 85.184
0.81 6.5292 0.0504 85.1841
0.82 6.3877 0.05 85.1495
0.83 6.1088 0.0434 83.8954
0.84 5.716 0.0423 83.1956
0.85 5.1621 0.0393 81.7517
0.86 4.8046 0.0411 81.4777
0.87 4.4431 0.0408 80.7752
0.88 4.1289 0.0419 80.3586
0.89 3.8303 0.0405 79.5196
0.9 3.7556 0.0393 79.3423
0.91 3.7203 0.0392 79.4614
0.92 3.6339 0.0379 79.2113
0.93 3.4807 0.0353 78.493
0.94 3.3117 0.0345 78.0156
0.95 3.1428 0.0353 77.8061
0.96 3.0917 0.0363 78.03
0.97 3.186 0.0378 78.8597
0.98 3.3432 0.0378 79.6353
0.99 3.5199 0.0377 80.4371
1 3.6653 0.0337 80.3801
1.01 3.7517 0.0318 80.4841
1.02 3.7478 0.0303 80.369
1.03 3.6928 0.0294 80.2144
1.04 3.5474 0.0301 80.1229
1.05 3.4807 0.0474 83.2019
1.06 3.4924 0.0423 82.675
1.07 3.5435 0.0412 82.8828
1.08 3.6456 0.0401 83.2503
1.09 3.8617 0.0372 83.6349
1.1 3.8303 0.0363 83.5785
1.11 3.406 0.0359 82.3085
1.12 3.2999 0.0357 82.1006
1.13 3.3235 0.0352 82.2916
1.14 3.3471 0.0351 82.558
1.15 3.3039 0.0337 82.3248
1.16 3.2489 0.0338 82.3442
1.17 3.1742 0.0331 82.1218
1.18 2.8874 0.0339 81.3629
1.19 2.7264 0.0213 77.8155
1.2 2.6125 0.0215 77.5792
1.21 2.5142 0.0217 77.3897
1.22 2.3925 0.0302 79.1621
1.23 2.3257 0.0263 78.1152
1.24 2.2864 0.0231 77.2609
1.25 2.2707 0.0226 77.2161
1.26 2.3492 0.0223 77.6805
1.27 2.31 0.0213 77.3671
1.28 2.255 0.0203 76.9589
1.29 2.2117 0.0202 76.879
1.3 2.2667 0.0215 77.7194
1.31 2.2707 0.0211 77.7833
1.32 2.2392 0.0199 77.4133
1.33 2.2117 0.0195 77.3072
1.34 2.2275 0.0198 77.6464
1.35 2.145 0.0202 77.5142
1.36 2.0939 0.0183 76.7707
1.37 2.031 0.0169 76.0846
1.38 2.0153 0.0156 75.6479
1.39 1.976 0.0153 75.4633
1.4 1.9564 0.0143 75.0819
1.41 1.9368 0.0141 75.0336
1.42 1.9014 0.0142 75.0259
1.43 1.8543 0.0151 75.2853
1.44 1.7953 0.0136 74.4301
1.45 1.6735 0.0123 73.2083
1.46 1.6343 0.0126 73.2451
1.47 1.6185 0.0126 73.2816
1.48 1.536 0.0121 72.6237
1.49 1.3907 0.0116 71.4747
1.5 1.206 0.0113 70.0005
1.51 1.1157 0.013 70.1617
1.52 1.0214 0.0145 70.0358
1.53 0.931 0.0149 69.3905
1.54 0.8289 0.0151 68.439
1.55 0.8289 0.0137 68.0095
1.56 0.7346 0.0101 65.2796
1.57 0.6561 0.0082 63.234
1.58 0.5618 0.008 61.8189
1.59 0.4636 0.0077 60.0464
1.6 0.4125 0.0063 58.1687
1.61 0.3811 0.0071 58.1848
1.62 0.3771 0.0104 60.0745
1.63 0.4321 0.0112 61.7483
1.64 0.4793 0.0116 62.9673
1.65 0.7268 0.0177 69.3671
1.66 0.9664 0.0283 75.2764
1.67 1.1157 0.0432 79.7356
1.68 1.3946 0.0499 83.4712
1.69 1.815 0.0641 88.6705
1.7 2.3296 0.0721 92.9718
1.71 2.5928 0.0907 96.3932
1.72 3.0132 0.0988 99.3662
1.73 3.2724 0.1086 101.512
1.74 3.6103 0.1259 104.4
1.75 3.681 0.1334 105.365
1.76 3.7949 0.1393 106.378
1.77 3.8303 0.1475 107.197
1.78 3.9521 0.1567 108.395
1.79 4.0306 0.1618 109.162
1.8 4.0974 0.1644 109.736
1.81 4.231 0.1577 110.032
1.82 4.2506 0.1524 109.961
1.83 4.2664 0.1515 110.133
1.84 4.1524 0.15 109.78
1.85 3.9167 0.1477 108.884
1.86 3.5278 0.1418 107.054
1.87 3.2842 0.1319 105.478
1.88 3.0603 0.1202 103.76
1.89 2.9896 0.1119 102.95
1.9 3.0485 0.1073 103.03
1.91 3.2882 0.102 103.873
1.92 4.1917 0.088 106.41
1.93 4.7181 0.081 107.649
1.94 5.0521 0.0747 108.14
1.95 5.1974 0.0684 107.944
1.96 5.3506 0.0624 107.724
1.97 5.5824 0.0541 107.257
1.98 5.8653 0.0377 104.973
1.99 6.3877 0.0323 105.059
2 6.5881 0.0264 103.916
2.01 6.7413 0.0238 103.509
2.02 6.8867 0.0229 103.638
2.03 7.0084 0.0223 103.813
2.04 7.0988 0.0224 104.185
2.05 7.1892 0.0228 104.671
2.06 7.2913 0.0221 104.754
2.07 7.4209 0.0211 104.757
2.08 7.5545 0.0201 104.743
2.09 7.6213 0.0201 105.016
2.1 7.6409 0.0204 105.324
2.11 7.6213 0.0209 105.637
2.12 7.5034 0.0209 105.539
2.13 7.4092 0.0232 106.405
2.14 7.3306 0.0237 106.569
2.15 7.2638 0.0239 106.641
2.16 7.2206 0.0249 107.052
2.17 7.1774 0.0264 107.619
2.18 7.0399 0.0272 107.724
2.19 6.922 0.029 108.175
2.2 6.7492 0.0304 108.342
2.21 6.537 0.0321 108.471
2.22 6.2895 0.0333 108.336
2.23 6.046 0.0345 108.174
2.24 5.8024 0.0359 108.026
2.25 5.5785 0.0388 108.247
2.26 5.166 0.039 107.234
2.27 4.9853 0.0389 106.793
2.28 4.7928 0.039 106.342
2.29 4.6317 0.0399 106.15
2.3 4.4588 0.041 105.937
2.31 4.2664 0.0423 105.668
2.32 3.8931 0.0433 104.612
2.33 3.7281 0.0442 104.264
2.34 3.5828 0.0464 104.213
2.35 3.4571 0.0474 103.986
2.36 3.351 0.0485 103.84
2.37 3.2607 0.0492 103.678
2.38 3.0171 0.0484 102.505
2.39 2.8521 0.0487 101.849
2.4 2.6714 0.047 100.713
2.41 2.4553 0.0455 99.3437
2.42 2.2196 0.0445 97.8421
2.43 1.9957 0.0431 96.2096
2.44 1.8071 0.0392 94.2061
2.45 1.8857 0.0372 94.4807
2.46 1.9446 0.0385 95.2795
2.47 1.9564 0.0389 95.5523
2.48 1.9525 0.0358 94.9737
2.49 1.7914 0.0298 92.486
2.5 1.7403 0.0288 91.9425
2.51 1.7796 0.0275 91.9869
2.52 1.9878 0.0269 93.396
2.53 2.2392 0.026 94.8472
2.54 2.5103 0.0259 96.4958
2.55 2.6832 0.0291 98.4822
2.56 2.6832 0.0297 98.757
2.57 2.5457 0.0308 98.4154
2.58 2.3571 0.0303 97.3031
2.59 2.1332 0.0313 96.2775
2.6 1.9446 0.0232 92.7642
2.61 1.8071 0.0227 91.7214
2.62 1.6382 0.0237 90.856
2.63 1.6303 0.0242 91.047
2.64 1.6775 0.0253 91.8575
2.65 1.6421 0.0263 91.9683
2.66 1.5478 0.0282 91.8152
2.67 1.4968 0.029 91.6818
2.68 1.5793 0.0298 92.6986
2.69 1.5675 0.0278 92.1602
2.7 1.5439 0.025 91.2445
2.71 1.5282 0.0245 91.0508
2.72 1.5518 0.022 90.5311
2.73 1.5714 0.0206 90.2922
2.74 1.5439 0.0209 90.263
2.75 1.4182 0.0208 89.2206
2.76 1.2571 0.0212 87.9126
2.77 1.1353 0.021 86.6506
2.78 1.1353 0.0205 86.5638
2.79 1.1039 0.0201 86.1596
2.8 1.0607 0.0193 85.4617
2.81 1.0803 0.0187 85.5472
2.82 1.0961 0.0187 85.811
2.83 1.0961 0.0191 86.0468
2.84 1.0961 0.0191 86.1312
2.85 1.1078 0.0193 86.4222
2.86 1.1078 0.0191 86.4315
2.87 1.0803 0.0196 86.3883
2.88 1.0764 0.0199 86.5362
2.89 1.1 0.0201 86.9629
2.9 1.1393 0.0207 87.7019
2.91 1.155 0.0215 88.237
2.92 1.1707 0.0228 88.9264
2.93 1.1786 0.0239 89.4471
2.94 1.1982 0.0248 90.0212
2.95 1.2335 0.0275 91.2651
2.96 1.3593 0.029 93.0477
2.97 1.4418 0.0304 94.2978
2.98 1.5203 0.0326 95.6638
2.99 1.5596 0.0334 96.2995
3 1.5635 0.034 96.5665
3.01 1.6068 0.0342 97.0843
3.02 1.6343 0.0344 97.4588
3.03 1.6657 0.0337 97.649
3.04 1.7953 0.0315 98.2453
3.05 1.9053 0.0281 98.2427
3.06 2.0075 0.0262 98.4994
3.07 2.1842 0.025 99.4052
3.08 2.2275 0.0231 99.1227
3.09 2.2903 0.02 98.423
3.1 2.3728 0.0204 99.178
3.11 2.5064 0.0215 100.491
3.12 2.5103 0.0233 101.279
3.13 2.4985 0.0241 101.585
3.14 2.4671 0.0248 101.732
3.15 2.416 0.0256 101.784
3.16 2.4042 0.0259 101.901
3.17 2.42 0.0272 102.503
3.18 2.4082 0.0279 102.738
3.19 2.3296 0.0305 103.099
3.2 2.2196 0.0334 103.25
3.21 2.145 0.0336 102.883
3.22 2.0664 0.0338 102.47
3.23 2.0114 0.0336 102.111
3.24 2.035 0.0337 102.396
3.25 2.1214 0.0336 103.073
3.26 2.3807 0.034 104.992
3.27 2.4671 0.0339 105.597
3.28 2.5182 0.0335 105.894
3.29 2.5417 0.0334 106.099
3.3 2.5142 0.0348 106.385
3.31 2.2903 0.0362 105.4
3.32 2.1253 0.0352 104.115
3.33 1.9564 0.0311 101.912
3.34 1.7993 0.0287 100.104
3.35 1.6578 0.0278 98.7501
3.36 1.591 0.0259 97.6713
3.37 1.5557 0.0231 96.5137
3.38 1.5203 0.0218 95.8107
3.39 1.43 0.0171 93.1466
3.4 1.2728 0.0157 91.0234
3.41 1.1118 0.0155 89.2456
3.42 0.99 0.0166 88.3408
3.43 0.9271 0.0169 87.7114
3.44 0.8878 0.0142 85.9823
3.45 0.88 0.0092 82.8942
3.46 0.8564 0.0084 82.0137
3.47 0.8171 0.0078 81.0251
3.48 0.7621 0.0072 79.7474
3.49 0.6953 0.0069 78.4853
3.5 0.6443 0.0066 77.404
3.51 0.6168 0.0064 76.7835
3.52 0.6011 0.0063 76.4593
3.53 0.6011 0.0062 76.4178
3.54 0.6089 0.0064 76.8227
3.55 0.6168 0.0065 77.1252
3.56 0.6325 0.0062 77.1615
3.57 0.6325 0.0057 76.6834
3.58 0.6325 0.0053 76.2798
3.59 0.6325 -0.0006 -nan
3.6 0.6286 0.0041 74.717
3.61 0.6246 0.0046 75.4246
3.62 0.6168 0.0044 75.068
3.63 0.605 0.0042 74.6275
3.64 0.6011 0.0036 73.6642
3.65 0.5971 0.0037 73.8177
3.66 0.1846 0.0039 62.6584
3.67 0.6089 0.0039 74.464
3.68 0.6168 0.0041 74.9701
3.69 0.6128 0.004 74.8026
3.7 0.605 0.0038 74.4027
3.71 0.5854 0.0038 74.1063
3.72 0.5775 0.0038 74.0168
3.73 0.5775 0.0041 74.5418
3.74 0.5814 0.0046 75.388
3.75 0.5932 0.0048 75.9309
3.76 0.6128 0.0047 76.2101
3.77 0.6286 0.0049 76.8123
3.78 0.6678 0.0053 78.0494
3.79 0.7071 0.0065 80.1012
3.8 0.7543 0.0072 81.6007
3.81 0.8643 0.008 84.0101
3.82 0.9153 0.0086 85.2799
3.83 0.9625 0.0093 86.5236
3.84 1.0136 0.0141 90.3071
3.85 1.1471 0.0213 95.2094
3.86 1.2139 0.0228 96.6032
3.87 1.2885 0.0256 98.4508
3.88 1.6618 0.029 103.264
3.89 2.0153 0.031 106.839
3.9 2.4632 0.0318 110.284
3.91 3.5396 0.0344 117.04
3.92 4.5806 0.0328 121.072
3.93 5.6492 0.0311 124.32
3.94 6.9613 0.0273 126.824
3.95 8.1163 0.0249 128.761
3.96 9.0984 0.0242 130.678
3.97 9.6013 0.0247 132.011
3.98 9.947 0.0255 133.13
3.99 10.139 0.0264 133.977
4 10.269 0.0277 134.854
4.01 10.395 0.0312 136.53
4.02 10.544 0.0325 137.371
4.03 10.658 0.0343 138.298
4.04 10.725 0.0374 139.519
4.05 10.831 0.0389 140.271
4.06 10.925 0.0415 141.3
4.07 10.961 0.0423 141.689
4.08 11.074 0.0434 142.299
4.09 11.122 0.0436 142.539
4.1 11.212 0.0434 142.746
4.11 11.294 0.0431 142.911
4.12 11.314 0.0428 142.961
4.13 11.369 0.0422 142.989
4.14 11.436 0.042 143.149
4.15 11.601 0.0446 144.26
4.16 11.758 0.0455 144.877
4.17 12.229 0.0453 145.743
4.18 12.473 0.0455 146.309
4.19 12.689 0.0441 146.388
4.2 12.827 0.043 146.405
4.21 13.086 0.0422 146.695
4.22 13.188 0.0418 146.839
4.23 13.223 0.0419 147.021
4.24 13.263 0.0417 147.123
4.25 13.227 0.0413 147.044
4.26 13.141 0.0412 146.972
4.27 13.011 0.0409 146.769
4.28 12.846 0.0409 146.594
4.29 12.736 0.0414 146.656
4.3 12.732 0.0409 146.596
4.31 12.744 0.0411 146.77
4.32 12.76 0.0414 146.98
4.33 12.819 0.0415 147.202
4.34 12.834 0.042 147.468
4.35 12.838 0.0426 147.743
4.36 12.815 0.043 147.915
4.37 12.713 0.0431 147.867
4.38 12.654 0.0436 148.004
4.39 12.54 0.0444 148.129
4.4 12.343 0.0448 147.996
4.41 12.233 0.0455 148.089
4.42 12.131 0.0464 148.245
4.43 12.045 0.0464 148.186
4.44 11.896 0.0468 148.12
4.45 11.833 0.046 147.887
4.46 11.75 0.0462 147.882
4.47 11.676 0.0453 147.598
4.48 11.511 0.0444 147.142
4.49 11.463 0.0436 146.922
4.5 11.42 0.0423 146.564
4.51 11.44 0.0407 146.221
4.52 11.66 0.0402 146.562
4.53 11.813 0.0397 146.775
4.54 11.947 0.0393 146.98
4.55 12.076 0.0388 147.141
4.56 12.249 0.0385 147.437
4.57 12.406 0.0389 147.925
4.58 12.732 0.0329 146.512
4.59 12.866 0.0293 145.414
4.6 12.976 0.0302 146.047
4.61 13.086 0.0311 146.671
4.62 13.16 0.032 147.228
4.63 13.184 0.0342 148.172
4.64 13.196 0.0346 148.424
4.65 11.825 0.0356 146.532
4.66 12.473 0.0363 147.99
4.67 12.693 0.0374 148.821
4.68 12.752 0.0381 149.239
4.69 12.913 0.0394 150.016
4.7 12.952 0.0403 150.452
4.71 12.956 0.0408 150.702
4.72 12.94 0.0414 150.948
4.73 12.925 0.0422 151.252
4.74 12.878 0.0426 151.38
4.75 12.838 0.043 151.519
4.76 12.717 0.0432 151.459
4.77 12.658 0.0433 151.475
4.78 12.618 0.0436 151.582
4.79 12.603 0.0434 151.586
4.8 12.583 0.0434 151.639
4.81 12.599 0.0433 151.725
4.82 12.595 0.043 151.718
4.83 12.63 0.043 151.866
4.84 12.638 0.0434 152.085
4.85 12.63 0.0436 152.216
4.86 12.61 0.0444 152.499
4.87 12.591 0.0445 152.582
4.88 12.567 0.0445 152.627
4.89 12.504 0.0443 152.546
4.9 12.438 0.0438 152.373
4.91 12.422 0.0425 152.049
4.92 12.398 0.0418 151.883
4.93 12.414 0.0411 151.783
4.94 12.406 0.0404 151.638
4.95 12.406 0.0403 151.692
4.96 12.477 0.0397 151.712
4.97 12.544 0.0397 151.914
4.98 12.705 0.04 152.374
4.99 12.772 0.0401 152.606
5 12.799 0.0403 152.801
5.01 12.823 0.0407 153.053
5.02 12.838 0.0409 153.226
5.03 12.811 0.041 153.295
5.04 12.827 0.0414 153.532
5.05 12.764 0.0422 153.752
5.06 12.748 0.0429 154.02
5.07 12.717 0.0434 154.199
5.08 12.693 0.0438 154.359
5.09 12.685 0.0442 154.546
5.1 12.662 0.0446 154.706
5.11 12.575 0.0451 154.78
5.12 12.567 0.0454 154.936
5.13 12.528 0.0455 154.979
5.14 12.504 0.0455 155.02
5.15 12.469 0.0454 155.013
5.16 12.422 0.0451 154.926
5.17 12.339 0.0455 154.974
5.18 12.347 0.0455 155.072
5.19 12.328 0.0456 155.149
5.2 12.359 0.0451 155.146
5.21 12.339 0.0442 154.932
5.22 12.324 0.0437 154.841
5.23 12.284 0.0441 154.969
5.24 12.233 0.0434 154.752
5.25 12.229 0.043 154.707
5.26 12.222 0.0433 154.866
5.27 12.194 0.0433 154.897
5.28 12.178 0.0432 154.919
5.29 12.21 0.0432 155.059
5.3 12.288 0.0435 155.372
5.31 12.324 0.0436 155.549
5.32 12.363 0.0437 155.731
5.33 12.375 0.0438 155.864
5.34 12.387 0.0437 155.937
5.35 12.422 0.0443 156.259
5.36 12.442 0.0448 156.522
5.37 12.434 0.0452 156.705
5.38 12.43 0.0451 156.75
5.39 12.426 0.0457 156.996
5.4 12.453 0.0463 157.297
5.41 12.43 0.0473 157.616
5.42 12.438 0.0473 157.711
5.43 12.449 0.0472 157.784
5.44 12.434 0.0469 157.754
5.45 12.426 0.0467 157.764
5.46 12.438 0.0471 157.978
5.47 12.442 0.0473 158.122
5.48 12.43 0.0478 158.318
5.49 12.457 0.0475 158.365
5.5 12.469 0.0473 158.412
5.51 12.516 0.0471 158.522
5.52 12.532 0.0474 158.714
5.53 12.587 0.0481 159.088
5.54 12.626 0.0485 159.349
5.55 12.701 0.0488 159.647
5.56 12.752 0.0488 159.819
5.57 12.811 0.0482 159.841
5.58 12.913 0.0445 159.043
5.59 12.952 0.0408 158.045
5.6 12.992 0.0414 158.386
5.61 13.003 0.0416 158.548
5.62 13.011 0.0423 158.861
5.63 13.039 0.043 159.206
5.64 13.094 0.045 159.985
5.65 11.734 0.046 157.844
5.66 12.504 0.0469 159.631
5.67 12.803 0.0475 160.423
5.68 12.917 0.0477 160.763
5.69 13.011 0.0477 161.01
5.7 13.035 0.0482 161.271
5.71 13.023 0.0479 161.245
5.72 13.007 0.0481 161.35
5.73 13.007 0.0487 161.595
5.74 13.023 0.0489 161.757
5.75 13.062 0.049 161.933
5.76 13.141 0.0492 162.207
5.77 13.306 0.0486 162.411
5.78 13.396 0.0481 162.507
5.79 13.49 0.0489 162.973
5.8 13.561 0.0492 163.257
5.81 13.64 0.0494 163.527
5.82 13.805 0.0496 163.944
5.83 13.915 0.0497 164.237
5.84 14.021 0.0501 164.605
5.85 14.103 0.0505 164.931
5.86 14.15 0.0503 165.034
5.87 14.178 0.0501 165.104
5.88 14.162 0.0504 165.238
5.89 14.17 0.0507 165.411
5.9 14.198 0.0507 165.536
5.91 14.276 0.0507 165.745
5.92 14.477 0.0511 166.265
5.93 14.567 0.0512 166.519
5.94 14.653 0.051 166.684
5.95 14.708 0.0511 166.879
5.96 14.763 0.0513 167.101
5.97 14.783 0.0516 167.293
5.98 14.791 0.0521 167.518
5.99 14.783 0.0527 167.742
6 14.791 0.0524 167.754
6.01 14.779 0.0523 167.785
6.02 14.759 0.0522 167.803
6.03 14.767 0.0508 167.514
6.04 14.755 0.0504 167.462
6.05 14.83 0.0503 167.633
6.06 14.85 0.0503 167.743
6.07 14.889 0.0503 167.883
6.08 14.92 0.0503 168.01
6.09 14.956 0.0501 168.09
6.1 15.038 0.0503 168.355
6.11 15.074 0.0497 168.321
6.12 15.121 0.0499 168.53
6.13 15.168 0.0495 168.569
6.14 15.219 0.0497 168.783
6.15 15.278 0.0502 169.094
6.16 15.302 0.0507 169.349
6.17 15.321 0.0508 169.483
6.18 15.309 0.051 169.596
6.19 15.309 0.0514 169.782
6.2 15.25 0.0515 169.791
6.21 15.211 0.0513 169.75
6.22 15.16 0.0519 169.908
6.23 15.097 0.0523 169.991
6.24 15.011 0.053 170.115
6.25 14.862 0.0529 169.919
6.26 14.775 0.0527 169.798
6.27 14.689 0.053 169.811
6.28 14.563 0.0526 169.568
6.29 14.445 0.0522 169.337
6.3 14.363 0.0507 168.863
6.31 14.276 0.0504 168.706
6.32 14.194 0.0495 168.388
6.33 14.166 0.0496 168.443
6.3401 14.162 0.049 168.34
6.3501 14.147 0.0485 168.244
6.3601 14.139 0.0492 168.505
6.3701 14.127 0.0481 168.241
6.3801 14.107 0.0486 168.425
6.3901 14.139 0.0492 168.726
6.4001 14.158 0.0486 168.659
6.4101 14.209 0.0486 168.82
6.4201 14.076 0.0485 168.636
6.4301 14.021 0.0484 168.585
6.4401 13.907 0.0488 168.575
6.4501 13.785 0.0479 168.173
6.4601 13.703 0.0483 168.217
6.4701 13.545 0.0474 167.746
6.4801 13.475 0.0468 167.515
6.4901 13.412 0.046 167.234
6.5001 13.373 0.0445 166.775
6.5101 13.404 0.0441 166.776
6.5201 13.404 0.0421 166.204
6.5301 13.53 0.0414 166.267
6.5401 13.644 0.0414 166.539
6.5501 13.742 0.0425 167.146
6.5601 13.762 0.0399 166.376
6.5701 13.73 0.043 167.429
6.5801 13.691 0.0283 161.704
6.5901 13.632 0.0279 161.481
6.6001 13.797 0.0264 161.087
6.6101 13.864 0.0246 160.322
6.6201 13.518 0.0234 159.143
6.6301 13.188 0.0243 159.143
6.6401 12.799 0.023 157.802
6.6501 11.605 0.0245 156.477
6.6601 11.589 0.0234 155.915
6.6701 11.518 0.0243 156.332
6.6801 11.503 0.0282 158.316
6.6901 11.452 0.0274 157.902
6.7001 11.648 0.0264 157.865
6.7101 11.621 0.0291 159.162
6.7201 11.632 0.0293 159.34
6.7301 11.652 0.0307 160.066
6.7401 11.723 0.0327 161.116
6.7501 11.734 0.033 161.327
6.7601 11.734 0.0345 161.991
6.7701 11.632 0.0343 161.776
6.7801 11.609 0.0358 162.373
6.7901 11.522 0.0364 162.489
6.8001 11.42 0.0372 162.641
6.8101 11.349 0.0378 162.778
6.8201 11.283 0.0384 162.921
6.8301 11.243 0.039 163.114
6.8401 11.181 0.0389 163.016
6.8501 11.145 0.0387 162.937
6.8601 11.118 0.0393 163.154
6.8701 11.067 0.0395 163.181
6.8801 11.019 0.0396 163.18
6.8901 10.976 0.0403 163.392
6.9001 10.917 0.0408 163.498
6.9101 10.748 0.0415 163.428
6.9201 10.666 0.0414 163.281
6.9301 10.572 0.0419 163.302
6.9401 10.489 0.0412 162.953
6.9501 10.414 0.0422 163.175
6.9601 10.297 0.042 162.911
6.9701 10.246 0.042 162.859
6.9801 10.171 0.0426 162.944
6.9901 10.081 0.0422 162.673
7.0001 9.9941 0.0421 162.503
7.0101 9.8763 0.042 162.258
7.0201 9.6523 0.0419 161.754
7.0301 9.562 0.0418 161.568
7.0401 9.4834 0.0416 161.375
7.0501 9.4009 0.0418 161.3
7.0601 9.2673 0.0413 160.87
7.0701 9.1966 0.041 160.659
7.0801 9.1259 0.0408 160.478
7.0901 9.0748 0.0407 160.378
7.1001 9.0198 0.0405 160.235
7.1101 8.9531 0.0411 160.323
7.1201 8.8391 0.0408 159.992
7.1301 8.7802 0.0407 159.868
7.1401 8.737 0.0407 159.817
7.1501 8.7095 0.0405 159.741
7.1601 8.6663 0.0401 159.557
7.1701 8.6348 0.0392 159.234
7.1801 8.572 0.0388 158.993
7.1901 8.5641 0.0386 158.965
7.2001 8.5838 0.0384 159.01
7.2101 8.6152 0.0381 159.051
7.2201 8.6584 0.0378 159.122
7.2301 8.7409 0.0375 159.295
7.2401 8.9177 0.0375 159.817
7.2501 9.0473 0.0373 160.139
7.2601 9.1377 0.0374 160.466
7.2701 9.2438 0.0377 160.902
7.2801 9.3145 0.0379 161.211
7.2901 9.4323 0.0383 161.706
7.3001 9.5109 0.0386 162.066
7.3101 9.6248 0.0391 162.58
7.3201 9.7113 0.0395 162.989
7.3301 9.8095 0.0398 163.39
7.3401 9.947 0.04 163.848
7.3501 9.998 0.0404 164.167
7.3601 10.049 0.0412 164.618
7.3701 10.049 0.042 164.944
7.3801 10.033 0.0426 165.163
7.3901 9.9863 0.0429 165.21
7.4001 9.8605 0.0423 164.778
7.4101 9.7898 0.0414 164.375
7.4201 9.7427 0.0409 164.156
7.4301 9.6877 0.0401 163.814
7.4401 9.613 0.0392 163.384
7.4501 9.4913 0.0385 162.901
7.4601 9.1613 0.0384 162.099
7.4701 9.067 0.0381 161.812
7.4801 8.9884 0.0382 161.704
7.4901 8.9334 0.0394 162.038
7.5001 8.9452 0.0391 162.026
7.5101 8.9098 0.0408 162.568
7.5201 8.7802 0.0451 163.644
7.5301 8.6702 0.0485 164.399
7.5401 8.5248 0.0569 166.254
7.5501 8.3049 0.0589 166.168
7.5601 7.9984 0.0634 166.347
7.5701 7.582 0.057 163.676
7.5801 6.8395 0.0644 162.971
7.5901 6.3013 0.0698 162.201
7.6001 5.6453 0.0718 160.088
7.6101 5.1463 0.0767 158.897
7.6201 4.6042 0.0795 156.894
7.6301 4.1878 0.0762 154.279
7.6401 3.6417 0.0776 151.49
7.6501 4.3017 0.0757 154.904
7.6601 4.9735 0.0748 158.075
7.6701 6.1402 0.0741 162.877
7.6801 6.812 0.0688 164.372
7.6901 7.6331 0.0647 166.296
7.7001 8.9531 0.073 171.94
7.7101 9.6327 0.0699 173.197
7.7201 10.638 0.0678 175.309
7.7301 10.925 0.0658 175.607
7.7401 11.22 0.0645 176.053
7.7501 11.436 0.0631 176.278
7.7601 11.448 0.0531 173.854
7.7701 11.401 0.0486 172.538
7.7801 11.601 0.0457 172.149
7.7901 11.786 0.0458 172.634
7.8001 12.045 0.0481 173.945
7.8101 12.347 0.0526 175.933
7.8201 13.07 0.0547 178.023
7.8301 13.471 0.0574 179.581
7.8401 13.848 0.0551 179.747
7.8501 14.19 0.057 180.954
7.8601 14.445 0.0595 182.132
7.8701 14.712 0.0618 183.255
7.8801 14.807 0.0643 184.096
7.8901 14.94 0.0663 184.869
7.9001 15.07 0.0684 185.646
7.9101 15.168 0.0703 186.309
7.9201 15.274 0.0758 187.734
7.9301 15.305 0.0781 188.322
7.9401 15.298 0.0797 188.694
7.9501 15.211 0.0811 188.879
7.9601 15.137 0.0816 188.909
7.9701 14.983 0.0822 188.811
7.9801 14.877 0.0814 188.531
7.9901 14.535 0.0807 187.831
8.0001 14.327 0.0798 187.332
8.0101 14.119 0.0793 186.905
8.0201 13.934 0.0789 186.536
8.0301 13.754 0.0792 186.311
8.0401 13.695 0.0769 185.804
8.0501 13.652 0.0743 185.253
8.0601 13.636 0.0725 184.908
8.0701 13.538 0.0713 184.523
8.0801 13.424 0.0699 184.058
8.0901 13.208 0.0667 182.977
8.1001 12.783 0.0648 181.742
8.1101 12.626 0.0637 181.223
8.1201 12.481 0.0622 180.626
8.1301 12.398 0.0617 180.393
8.1401 12.335 0.0621 180.419
8.1501 12.359 0.0626 180.652
8.1601 12.383 0.0632 180.907
8.1701 12.355 0.0637 181.028
8.1801 12.339 0.0637 181.056
8.1901 12.261 0.0635 180.905
8.2001 11.837 0.0623 179.766
8.2101 11.499 0.0617 178.934
8.2201 11.165 0.0614 178.164
8.2301 10.843 0.0625 177.738
8.2401 10.544 0.0628 177.154
8.2501 10.029 0.0623 175.823
8.2601 9.833 0.0619 175.289
8.2701 9.6288 0.0617 174.772
8.2801 9.3852 0.0617 174.187
8.2901 9.0945 0.0622 173.574
8.3001 8.3834 0.0627 171.723
8.3101 7.9591 0.0639 170.77
8.3201 7.5231 0.0666 170.031
8.3301 7.0595 0.0696 169.156
8.3401 6.5095 0.0728 167.874
8.3501 5.9438 0.0748 166.12
8.3601 4.6121 0.0763 160.48
8.3701 4.0267 0.0821 158.388
8.3801 3.4649 0.0863 155.694
8.3901 2.9385 0.0853 151.946
8.4001 2.5575 0.0871 149.246
8.4101 2.2785 0.0866 146.763
8.4201 2.0075 0.0851 143.949
8.4301 1.921 0.0773 141.946
8.4401 1.7207 0.07 138.611
8.4501 1.481 0.0615 134.239
8.4601 1.3671 0.0508 130.651
8.4701 1.2375 0.044 127.301
8.4801 1.1589 0.0389 124.859
8.4901 1.1236 0.0406 124.788
8.5001 1.2807 0.0415 127.436
8.5101 1.536 0.0407 130.647
8.5201 1.7953 0.0398 133.41
8.5301 2.4239 0.0326 137.054
8.5401 3.4021 0.027 141.718
8.5501 4.5296 0.023 145.772
8.5601 7.1027 0.0178 152.295
8.5701 8.297 0.0161 154.497
8.5801 9.1809 0.019 158.992
8.5901 9.8645 0.0209 161.977
8.6001 10.772 0.0227 165.227
8.6101 10.961 0.0253 167.197
8.6201 10.968 0.029 169.177
8.6301 8.2499 0.0322 163.852
8.6401 10.411 0.0346 170.506
8.6501 10.717 0.0404 173.497
8.6601 10.851 0.0433 174.869
8.6701 10.953 0.0462 176.108
8.6801 11.078 0.0479 176.984
8.6901 11.153 0.0496 177.728
8.7001 11.204 0.051 178.314
8.7101 11.173 0.0526 178.759
8.7201 11.153 0.0544 179.271
8.7301 11.114 0.0584 180.298
8.7401 11.118 0.06 180.771
8.7501 11.129 0.0606 181.004
8.7601 11.161 0.0603 181.062
8.7701 11.232 0.0597 181.134
8.7801 11.267 0.0591 181.12
8.7901 11.381 0.0592 181.466
8.8001 11.44 0.0592 181.659
8.8101 11.538 0.0612 182.443
8.8201 11.652 0.0614 182.809
8.8301 11.695 0.0619 183.087
8.8401 11.558 0.0623 182.932
8.8501 11.322 0.0619 182.349
8.8601 11.047 0.0617 181.712
8.8701 10.768 0.0619 181.15
8.8801 10.214 0.0641 180.357
8.8901 9.9352 0.0641 179.696
8.9001 9.6327 0.0623 178.53
8.9101 9.3302 0.0604 177.309
8.9201 9.0198 0.0589 176.134
8.9301 8.6506 0.057 174.654
8.9401 8.1752 0.0553 172.856
8.9501 6.7452 0.0536 167.752
8.9601 6.1952 0.0491 164.556
8.9701 5.7513 0.0464 162.09
8.9801 5.3978 0.0449 160.227
8.9901 5.0324 0.0423 157.882
9.0001 4.726 0.0396 155.652
9.0101 4.4588 0.0365 153.357
9.0201 3.9324 0.0327 149.282
9.0301 3.5946 0.029 145.944
9.0401 3.2017 0.0235 141.085
9.0501 2.7657 0.0217 137.272
9.0601 2.5928 0.0201 135.179
9.0701 2.4867 0.0186 133.545
9.0801 2.3846 0.0172 131.92
9.0901 2.1528 0.0163 129.451
9.1001 2.1528 0.0153 128.811
9.1101 1.9446 0.0129 125.187
9.1201 1.8503 0.0123 123.84
9.1301 1.76 0.0121 122.821
9.1401 1.6893 0.0118 121.88
9.1501 1.6028 0.0114 120.651
9.1601 1.5164 0.011 119.373
9.1701 1.4614 0.0108 118.595
9.1801 1.3632 0.0102 116.891
9.1901 1.3396 0.0097 116.146
9.2001 1.3396 0.0098 116.28
9.2101 1.3671 0.0103 117.14
9.2201 1.4221 0.0108 118.309
9.2301 1.5203 0.0116 120.2
9.2401 1.6775 0.0121 122.381
9.2501 2.2707 0.0124 128.135
9.2601 2.7185 0.013 132.057
9.2701 3.2292 0.0154 137.334
9.2801 3.736 0.0171 141.517
9.2901 4.1996 0.0188 145.104
9.3001 4.5924 0.0198 147.664
9.3101 4.9224 0.0204 149.562
9.3201 5.547 0.0211 152.631
9.3301 5.8535 0.0221 154.457
9.3401 6.1481 0.0245 156.94
9.3501 6.4467 0.0262 158.947
9.3601 6.7452 0.0277 160.777
9.3701 7.0124 0.0293 162.484
9.3801 7.2638 0.0313 164.259
9.3901 7.4838 0.0334 165.909
9.4001 7.7038 0.0353 167.421
9.4101 8.0652 0.04 170.342
9.4201 8.2184 0.0421 171.583
9.4301 8.3638 0.0442 172.766
9.4401 8.4895 0.0465 173.921
9.4501 8.5484 0.0489 174.876
9.4601 8.5523 0.051 175.552
9.4701 8.5366 0.0527 176.037
9.4801 8.4777 0.0538 176.216
9.4901 8.407 0.0561 176.669
9.5001 8.3206 0.0571 176.718
9.5101 8.1713 0.0576 176.437
9.5201 8.0102 0.0581 176.11
9.5301 7.8531 0.0588 175.835
9.5401 7.6566 0.0591 175.32
9.5501 7.2442 0.0622 174.72
9.5601 7.0831 0.0529 171.874
9.5701 6.9456 0.0522 171.249
9.5801 6.8513 0.0513 170.715
9.5901 6.8002 0.0482 169.698
9.6001 6.7963 0.0466 169.257
9.6101 6.8434 0.0457 169.2
9.6201 6.592 0.044 167.809
9.6301 6.8356 0.0419 168.052
9.6401 6.9692 0.0407 168.162
9.6501 7.1145 0.0397 168.363
9.6601 7.197 0.0389 168.406
9.6701 7.2638 0.0381 168.387
9.6801 7.3581 0.0369 168.3
9.6901 7.4327 0.036 168.247
9.7001 7.5074 0.0349 168.103
9.7101 7.6763 0.0349 168.691
9.7201 7.7824 0.0353 169.233
9.7301 7.9002 0.0357 169.807
9.7401 8.0299 0.0366 170.608
9.7501 8.1281 0.037 171.11
9.7601 8.187 0.0379 171.68
9.7701 8.242 0.0396 172.523
9.7801 8.2538 0.0411 173.142
9.7901 8.3559 0.0417 173.708
9.8001 8.3834 0.0424 174.08
9.8101 8.4031 0.0441 174.759
9.8201 8.462 0.0449 175.246
9.8301 8.517 0.0459 175.781
9.8401 8.5602 0.0468 176.244
9.8501 8.6506 0.0474 176.748
9.8601 8.8666 0.0478 177.551
9.8701 9.0159 0.0486 178.274
9.8801 9.1495 0.0497 179.036
9.8901 9.2909 0.0515 180.014
9.9001 9.4284 0.0523 180.677
9.9101 9.5423 0.0521 180.983
9.9201 9.6484 0.0532 181.638
9.9301 9.727 0.0538 182.071
9.9401 9.7938 0.0548 182.581
9.9501 9.8095 0.0561 183.031
9.9601 9.8173 0.0571 183.372
9.9701 9.7938 0.0575 183.467
9.9801 9.7859 0.058 183.629
9.9901 9.7898 0.0578 183.638
10 9.8213 0.0581 183.853
10.01 9.8488 0.0588 184.161
10.02 9.8566 0.0592 184.337
10.03 9.892 0.0596 184.587
10.04 9.9155 0.0599 184.778
10.05 9.892 0.06 184.792
10.06 9.8841 0.0598 184.77
10.07 9.837 0.0595 184.617
10.08 9.7663 0.0598 184.554
10.09 9.6995 0.0597 184.396
10.1 9.5698 0.0604 184.269
10.11 9.3027 0.0609 183.695
10.12 9.1809 0.0609 183.398
10.13 9.0552 0.0607 183.034
10.14 8.9413 0.0607 182.751
10.15 8.8391 0.0605 182.448
10.16 8.7802 0.0598 182.146
10.17 8.6938 0.0584 181.579
10.18 8.5956 0.0577 181.15
10.19 8.5641 0.056 180.653
10.2 8.5288 0.0553 180.406
10.21 8.5131 0.0551 180.353
10.22 8.4973 0.0545 180.19
10.23 8.462 0.0537 179.909
10.24 8.4266 0.0526 179.54
10.25 8.2931 0.0516 178.89
10.26 8.2066 0.0505 178.349
10.27 8.1281 0.0508 178.238
10.28 8.1241 0.0511 178.361
10.29 8.1477 0.0502 178.22
10.3 8.2027 0.05 178.382
10.31 8.2891 0.0496 178.58
10.32 8.3913 0.0468 178.081
10.33 8.5838 0.046 178.455
10.34 8.6781 0.0457 178.687
10.35 8.737 0.0456 178.877
10.36 8.7841 0.0466 179.387
10.37 8.7959 0.0474 179.724
10.38 8.7723 0.0481 179.922
10.39 8.5838 0.0494 179.806
10.4 8.5052 0.05 179.797
10.41 8.4227 0.0505 179.741
10.42 8.3481 0.0511 179.736
10.43 8.2577 0.0527 179.963
10.44 8.1634 0.0541 180.106
10.45 8.0141 0.0555 180.058
10.46 7.9984 0.0563 180.27
10.47 7.9474 0.0559 180.045
10.48 7.9709 0.0559 180.169
10.49 7.9356 0.0558 180.075
10.5 7.9788 0.0558 180.263
10.51 7.9906 0.0548 180.078
10.52 8.1713 0.0523 180.006
10.53 8.297 0.0519 180.335
10.54 8.4659 0 0
10.55 8.6466 0.042 178.337
10.56 8.8784 0.0401 178.377
10.57 9.1534 0.04 179.172
10.58 9.4363 0.0401 180.044
10.59 9.9941 0.0424 182.431
10.6 10.242 0.0448 183.965
10.61 3.516 0.047 158.386
10.62 10.375 0.0483 185.561
10.63 10.941 0.0499 187.543
10.64 11.259 0.0529 189.285
10.65 11.668 0.0555 191.071
10.66 12.579 0.0575 193.771
10.67 13.031 0.064 196.552
10.68 13.404 0.067 198.158
10.69 13.75 0.0699 199.641
10.7 14.072 0.0722 200.9
10.71 14.406 0.0743 202.114
10.72 15.05 0.0775 204.158
10.73 15.294 0.0814 205.523
10.74 15.451 0.0906 207.721
10.75 15.569 0.0939 208.622
10.76 15.671 0.0967 209.384
10.77 15.793 0.0993 210.135
10.78 15.91 0.1028 211.02
10.79 16.02 0.1049 211.64
10.8 16.04 0.1102 212.603
10.81 16.115 0.1108 212.896
10.82 16.154 0.1127 213.327
10.83 16.181 0.1125 213.401
10.84 16.178 0.1132 213.561
10.85 16.178 0.1142 213.772
10.86 16.197 0.1149 213.971
10.87 16.339 0.1168 214.588
10.88 16.417 0.1174 214.882
10.89 16.527 0.1168 215.052
10.9 16.618 0.1177 215.414
10.91 16.7 0.1182 215.698
10.92 16.806 0.1184 215.98
10.93 16.861 0.1197 216.333
10.94 16.979 0.1203 216.696
10.95 16.999 0.1206 216.832
10.96 17.077 0.1206 217.03
10.97 17.113 0.122 217.36
10.98 17.203 0.1232 217.756
10.99 17.219 0.1217 217.619
11 17.278 0.1223 217.87
11.01 17.364 0.1228 218.155
11.02 17.486 0.1227 218.416
11.03 17.584 0.123 218.691
11.04 17.647 0.1233 218.903
11.05 17.973 0.1231 219.506
11.06 18.134 0.1237 219.933
11.07 18.295 0.1235 220.239
11.08 18.326 0.1236 220.362
11.09 18.429 0.1245 220.729
11.1 18.653 0.1256 221.331
11.11 18.814 0.126 221.719
11.12 18.99 0.1274 222.276
11.13 19.21 0.1279 222.773
11.14 19.493 0.128 223.313
11.15 19.988 0.1279 224.162
11.16 20.228 0.1344 225.532
11.17 20.467 0.1365 226.262
11.18 20.727 0.1408 227.316
11.19 21.155 0.1457 228.692
11.2 21.269 0.146 228.966
11.21 21.418 0.1508 229.871
11.22 21.501 0.1615 231.371
11.23 21.768 0.1594 231.588
11.24 21.78 0.1608 231.832
11.25 21.791 0.1607 231.895
11.26 21.862 0.1606 232.049
11.27 21.787 0.1623 232.194
11.28 21.764 0.1612 232.085
11.29 21.776 0.1614 232.184
11.3 22.055 0.1642 233.001
11.31 22.11 0.1645 233.177
11.32 22.251 0.1643 233.425
11.33 22.66 0.1647 234.142
11.34 22.789 0.166 234.545
11.35 23.001 0.167 235.033
11.36 22.997 0.1676 235.154
11.37 23.166 0.1698 235.716
11.38 23.245 0.17 235.912
11.39 23.359 0.1709 236.24
11.4 23.351 0.1734 236.571
11.41 23.355 0.1736 236.658
11.42 23.371 0.1762 237.032
11.43 23.296 0.1788 237.269
11.44 23.194 0.1789 237.187
11.45 23.233 0.1801 237.434
11.46 23.131 0.18 237.331
11.47 23.052 0.1847 237.781
11.48 22.895 0.0864 223.05
11.49 22.852 0.0885 223.49
11.5 22.73 0.0833 222.249
11.51 22.628 0.0833 222.159
11.52 22.593 0.0852 222.58
11.53 22.597 0.0851 222.618
11.54 22.389 0.0868 222.741
