0.02 0.04 0 0
0.03 0.34 4e-05 12.2937
0.04 1.59 8.00001e-05 17.6169
0.05 2.39 0.00012 20.5593
0.06 3.1 0.00041 24.8705
0.07 4.3 0.00364 32.6331
0.0800001 4.8 0.00442 34.9683
0.0900001 5.71 0.00918 39.3696
0.1 6.11 0.01195 41.8451
0.11 6.11 0.01529 43.8589
0.12 6.84 0.02356 47.3417
0.13 7.72 0.03038 50.3109
0.14 8.41 0.03464 52.566
0.15 11.61 0.03662 56.3908
0.16 15.72 0.03319 59.484
0.17 17.01 0.03013 60.6956
0.18 18.03 0.03216 62.5253
0.19 11.33 0.01922 56.876
0.2 8.83 0.08825 63.1839
0.21 7.9 0.12763 64.9933
0.22 6.43 0.13863 64.3571
0.23 6.67 0.13623 65.407
0.24 6.03 0.14809 65.6856
0.25 5.31 0.17682 66.1993
0.26 5.19 0.18703 67.0174
0.27 4.99 0.20059 67.7354
0.28 4.9 0.20761 68.4402
0.29 4.62 0.22365 68.9536
0.3 4.52 0.22741 69.4839
0.31 4.41 0.23295 70.0119
0.32 4.25 0.23828 70.3901
0.33 4.16 0.23622 70.7252
0.34 4.11 0.19257 69.9907
0.35 4.09 0.17066 69.8024
0.36 3.93 0.1309 68.4214
0.37 3.7 0.11867 67.7929
0.38 3.37 0.10883 66.9012
0.39 3.19 0.10751 66.7877
0.4 3.12 0.0918401 66.1718
0.41 3.11 0.0900601 66.4885
0.42 3.06 0.0870101 66.5882
0.43 2.73 0.0856001 65.8433
0.44 2.64 0.0844401 65.8715
0.45 2.5 0.0858501 65.8569
0.46 2.38 0.0863901 65.8272
0.47 2.24 0.0818 65.3488
0.48 2.22 0.07845 65.4196
0.49 2.16 0.07539 65.32
0.5 2.11 0.07303 65.2937
0.51 1.99 0.06522 64.4932
0.52 2.01 0.0584 64.3417
0.53 2.13 0.05038 64.429
0.54 2.02 0.04757 63.9658
0.55 1.71 0.04617 62.6131
0.56 1.73 0.046 63.0136
0.57 1.69 0.03856 62.1918
0.58 1.54 0.03819 61.613
0.59 1.68 0.03472 62.1922
0.6 1.55 0.02972 60.9691
0.61 1.7 0.02831 61.8195
0.62 1.7 0.02968 62.3443
0.63 1.55 0.02918 61.7074
0.640001 1.52 0.03294 62.4304
0.650001 1.53 0.03356 62.8567
0.660001 1.52 0.03522 63.3183
0.670001 1.53 0.03567 63.7109
0.680001 1.54 0.03555 64.016
0.690001 1.53 0.03513 64.1526
0.700001 1.52 0.03418 64.2023
0.710001 1.5 0.03141 63.8824
0.720001 1.49 0.03166 64.1118
0.730001 1.44 0.02749 63.2944
0.740001 1.42 0.02782 63.4694
0.75 1.41 0.02811 63.6968
0.760001 1.38 0.02848 63.8035
0.770001 1.35 0.02604 63.3595
0.780001 1.35 0.02472 63.3126
0.790001 1.34 0.02472 63.4692
0.800001 1.35 0.02385 63.57
0.810001 1.43 0.02368 64.2827
0.820001 1.47 0.02368 64.7591
0.830001 1.53 0.0243 65.4937
0.840001 1.6 0.02385 66.0341
0.850001 1.67 0.02339 66.5535
0.860001 1.67 0.02339 66.7703
0.870001 1.67 0.02339 66.9852
0.880001 1.78 0.01897 66.6469
0.890001 1.87 0.01872 67.2588
0.900001 1.92 0.0186 67.6887
0.910001 1.99 0.01843 68.1959
0.920001 2.01 0.01827 68.4523
0.930001 2.01 0.01814 68.6175
0.940001 1.99 0.01814 68.7228
0.950001 1.96 0.01827 68.8156
0.960001 1.88 0.01914 68.8693
0.970001 1.83 0.01992 69.0294
0.980001 1.79 0.02071 69.2302
0.990001 1.76 0.02191 69.5825
1 1.77 0.02571 70.7696
1.01 1.86 0.03046 72.4896
1.02 1.91 0.03286 73.4284
1.03 1.94 0.03476 74.1392
1.04 1.99 0.03749 75.0823
1.05 2.02 0.03844 75.602
1.06 2.05 0.03914 76.0767
1.07 2.07 0.03968 76.4694
1.08 2.1 0.0396 76.8135
1.09 2.12 0.03935 77.0751
1.1 2.14 0.03918 77.3477
1.11 2.17 0.03852 77.5884
1.12 2.33 0.03464 77.892
1.13 2.47 0.03232 78.2907
1.14 2.66 0.03075 78.9967
1.15 2.88 0.02997 79.9291
1.16 3.13 0.02997 81.0879
1.17 3.57 0.02976 82.7874
1.18 3.69 0.02926 83.262
1.19 3.77 0.02844 83.518
1.2 3.8 0.02695 83.4337
1.21 3.67 0.0212 81.5634
1.22 3.61 0.01831 80.568
1.23 3.6 0.01653 80.0349
1.24 3.55 0.01616 79.9032
1.25 3.56 0.01881 81.1329
1.26 3.66 0.02141 82.522
1.27 4.25 0.02877 86.6058
1.28 4.44 0.03951 89.6792
1.29 4.76 0.04848 92.3371
1.3 5.31 0.04786 93.9035
1.31 5.58 0.05167 95.3841
1.32 6.71 0.05278 98.332
1.33 7.52 0.05336 100.26
1.34 10.17 0.03873 102.172
1.35 8.53 0.04522 101.119
1.36 10.74 0.04604 104.901
1.37 10.97 0.05253 106.599
1.38 8.9 0.04237 101.809
1.39 6.21 0.03625 95.6127
1.4 7.3 0.03914 98.6884
1.41 6.31 0.05952 100.267
1.42 6.67 0.0582 101.081
1.43 5.79 0.07018 100.793
1.44 5.88 0.07737 102.038
1.45 5.68 0.07655 101.636
1.46 5.41 0.0849001 101.994
1.47 5.67 0.0768 102.026
1.48 5.92 0.0775 102.933
1.49 4.8 0.083 100.631
1.5 5.03 0.0845301 101.654
1.51 5.08 0.0828301 101.815
1.52 5.23 0.0820501 102.35
1.53 5.7 0.0827901 103.892
1.54 6.05 0.06159 102.426
1.55 6.5 0.06163 103.681
1.56 6.96 0.06361 105.171
1.57 7.65 0.05534 105.571
1.58 8.21 0.05084 106.088
1.59 8.81 0.04691 106.643
1.6 8.22 0.03352 102.851
1.61 11.28 0.04129 109.72
1.62 12.69 0.04576 112.749
1.63 11.24 0.0477 111.37
1.64 10.53 0.05497 111.829
1.65 12.13 0.0854801 118.6
1.66 13.51 0.0944901 121.667
1.67 12.22 0.06522 116.474
1.68 14.37 0.06502 119.391
1.69 10.94 0.03724 109.773
1.7 8.89 0.02141 101.914
1.71 11.23 0.02542 107.092
1.72 12.89 0.04299 114.306
1.73 11.68 0.03344 110.542
1.74 14.28 0.04452 116.716
1.75 16.05 0.03819 117.379
1.76 12.38 0.01839 106.57
1.77 10.01 0.10842 119.988
1.78 9.26 0.02868 106.389
1.79 11.73 0.03067 110.862
1.8 7.93 0.02191 102.052
1.81 10.85 0.01967 105.974
1.82 10.95 0.01794 105.466
1.83 11.96 0.02294 109.188
1.84 10.78 0.04877 114.707
1.85 10.95 0.03174 111.097
1.86 10.95 0.03174 111.263
1.87 10.95 0.03174 111.429
1.88 12.59 0.07518 122.329
1.89 13.14 0.10784 127.022
1.9 14.71 0.13247 131.525
1.91 18.45 0.16839 138.828
1.92 18.92 0.10999 134.677
1.93 12.35 0.10015 125.851
1.94 13.92 0.1073 128.961
1.95 7.74 0.0964301 117.629
1.96 8.54 0.11573 121.304
1.97 10.78 0.0931601 123.372
1.98 12.18 0.0866701 124.984
1.99 15.76 0.10242 131.708
2 15.87 0.0945301 131.146
2.01 11.33 0.11519 127.182
2.02 10.97 0.13631 128.555
2.03 11.65 0.13499 129.746
2.04 12.9 0.12445 130.955
2.05 14.03 0.11681 132.031
2.06 12.66 0.0846901 126.829
2.07 13.34 0.0978301 129.505
2.08 16.93 0.05939 128.748
2.09 18.67 0.02877 123.097
2.1 6.67 0.00926 96.7144
2.11 11.64 0.01976 111.757
2.12 17.31 0.04104 125.914
2.13 15.24 0.0933701 132.55
2.14 11.52 0.04625 120.243
2.15 15.25 0.0897701 132.473
2.16 18.69 0.14859 142.435
2.17 16.56 0.10102 135.727
2.18 12.1 0.07895 127.259
2.19 17.6 0.06886 132.964
2.2 17.44 0.04307 127.867
2.21 18.25 0.03088 125.349
2.22 20.39 0.04468 131.507
2.23 16.38 0.02509 121.604
2.24 16.98 0.03774 126.616
2.25 17.63 0.04328 128.921
2.26 17.38 0.051 130.586
2.27 17.76 0.04166 128.965
2.28 17.04 0.04096 128.175
2.29 18.18 0.04476 130.493
2.3 17.73 0.04861 131.077
2.31 17.14 0.0882901 137.246
2.32 18.06 0.05964 134.003
2.33 17.12 0.04844 130.851
2.34 17.41 0.05134 131.961
2.35 17.3 0.05621 132.996
2.36 18.19 0.04807 132.384
2.37 17.94 0.04468 131.473
2.38 18.33 0.05162 133.631
2.39 18.67 0.04179 131.805
2.4 18.52 0.0348 129.812
2.41 17.34 0.05481 133.695
2.42 19.46 0.07411 139.55
2.43 18.6 0.06617 137.501
2.44 18.64 0.07076 138.471
2.45 18.92 0.0937801 142.221
2.46 18.71 0.06411 137.725
2.47 18.95 0.0408 133.036
2.48 20.52 0.04418 135.616
2.49 20.87 0.03968 134.888
2.5 20.75 0.04766 136.999
2.51 21.7 0.04067 136.229
2.52 22.73 0.04096 137.374
2.53 22.28 0.08101 145.136
2.54 21.95 0.0706 143.334
2.55 21.63 0.02352 130.674
2.56 22.38 0.03071 134.41
2.57 23.29 0.03067 135.315
2.58 22.98 0.03683 137.275
2.59 24.34 0.04001 139.523
2.6 23.84 0.02265 132.817
2.61 24.27 0.02265 133.302
2.62 23.16 0.05026 141.635
2.63 24.45 0.07163 147.171
2.64 24.63 0.06076 145.476
2.65 24.1 0.06617 146.208
2.66 22.16 0.06378 144.161
2.67 23.35 0.04968 142.411
2.68 22.76 0.06841 145.866
2.69 22.86 0.06316 145.142
2.7 23.78 0.06907 147.211
2.71 23.58 0.06638 146.698
2.72 23.55 0.06518 146.598
2.73 24.04 0.06774 147.656
2.74 24.5 0.08081 150.402
2.75 13.83 0.05642 134.571
2.76 19.53 0.0844801 146.406
2.77 22.23 0.07585 147.979
2.78 22.98 0.06369 146.688
2.79 23.02 0.03922 141.065
2.8 22.68 0.04493 142.505
2.81 22.22 0.0934901 151.167
2.82 22.22 0.0934901 151.316
2.83 22.22 0.0934901 151.465
2.84 17.95 0.0944401 147.149
2.85 18.44 0.10523 149.203
2.86 18.45 0.12346 151.358
2.87 17.74 0.11437 149.696
2.88 16.04 0.13549 149.78
2.89 15.71 0.12945 148.91
2.9 15.58 0.12916 148.847
2.91 11.78 0.12069 142.305
2.92 14.46 0.12425 147.063
2.93 14.56 0.14198 148.994
2.94 13.71 0.15566 148.984
2.95 13.25 0.14702 147.691
2.96 11.56 0.12995 143.473
2.97 10.95 0.15475 144.576
2.98 9.35 0.13441 139.808
2.99 11.84 0.12763 144.156
3 12.3 0.12387 144.723
3.01 13.12 0.12809 146.618
3.02 13.56 0.13301 147.915
3.03 14.8 0.13685 150.284
3.04 15.54 0.13222 151.049
3.05 16.59 0.11891 151.276
3.06 17.53 0.1209 152.831
3.07 17.72 0.11945 153.053
3.08 19.37 0.13028 156.293
3.09 19.26 0.11453 154.639
3.1 20.68 0.07258 150.548
3.11 20.27 0.06473 148.825
3.12 20.15 0.05584 147.013
3.13 21.56 0.06795 151.03
3.14 21.76 0.0794 153.339
3.15 23.28 0.10581 158.721
3.16 14.36 0.047 138.51
3.17 15.23 0.0945301 148.18
3.18 17.66 0.0905201 150.96
3.19 19.06 0.13747 158.164
3.2 19.81 0.13243 158.69
3.21 18.68 0.10808 154.85
3.22 18.58 0.1147 155.632
3.23 17.93 0.11697 155.223
3.24 18.32 0.12412 156.61
3.25 18.29 0.10937 155.066
3.26 18.08 0.11143 155.181
3.27 17.5 0.11528 155.024
3.28 17.4 0.11189 154.643
3.29 16.18 0.14516 156.515
3.3 15.82 0.16198 157.572
3.31 15.7 0.13776 155.423
3.32 15.52 0.14309 155.786
3.33 15.37 0.13813 155.242
3.34 15.38 0.14309 155.843
3.35 15.6 0.15421 157.268
3.36 15.48 0.15355 157.168
3.37 15.77 0.16533 158.692
3.38 15.83 0.17 159.278
3.39 16.3 0.16227 159.463
3.4 16.84 0.16979 160.95
3.41 15.01 0.1426 156.151
3.42 14.36 0.15818 156.631
3.43 13.42 0.22059 159.592
3.44 12.4 0.22241 158.022
3.45 12.58 0.20931 157.68
3.46 13.08 0.19666 157.874
3.47 13.93 0.18604 158.705
3.48 14.05 0.1674 157.637
3.49 13.51 0.15016 155.463
3.5 13.01 0.17066 156.4
3.51 11.96 0.18571 155.731
3.52 12.16 0.21547 158.17
3.53 12.03 0.21253 157.87
3.54 12.01 0.20526 157.499
3.55 12.12 0.20121 157.569
3.56 12.15 0.18058 156.335
3.57 12.12 0.14797 153.831
3.58 12.12 0.14739 153.9
3.59 12.1 0.15297 154.459
3.6 12.04 0.15657 154.768
3.61 11.96 0.16149 155.137
3.62 11.87 0.16521 155.382
3.63 11.63 0.15851 154.511
3.64 11.51 0.15868 154.412
3.65 11.38 0.15434 153.922
3.66 11.28 0.14413 152.97
3.67 11.11 0.13904 152.296
3.68 11.02 0.13875 152.206
3.69 10.92 0.13727 151.985
3.7 10.76 0.13731 151.78
3.71 10.69 0.13698 151.721
3.72 10.58 0.13693 151.604
3.73 10.51 0.13693 151.573
3.74 10.39 0.12991 150.773
3.75 10.16 0.13487 150.869
3.76 10.08 0.1333 150.662
3.77 9.99 0.13115 150.375
3.78 9.88 0.13528 150.634
3.79 9.71 0.13512 150.354
3.8 9.67 0.13499 150.363
3.81 9.61 0.1345 150.292
3.82 9.57 0.13379 150.245
3.83 9.51 0.13326 150.169
3.84 9.55 0.13152 150.204
3.85 9.61 0.13024 150.326
3.86 9.61 0.13024 150.435
3.87 9.61 0.13024 150.543
3.88 9.34 0.0978301 146.504
3.89 9.7 0.0947301 147.015
3.9 9.82 0.0940701 147.295
3.91 9.93 0.0929201 147.486
3.92 10.04 0.0910601 147.576
3.93 10.15 0.0927901 148.145
3.94 10.28 0.0927901 148.521
3.95 10.34 0.0928701 148.761
3.96 10.41 0.09325 149.061
3.97 10.58 0.0970501 150.012
3.98 10.65 0.0947301 149.957
3.99 10.8 0.0946101 150.349
4 10.89 0.0946901 150.644
4.01 11.24 0.0993601 152.044
4.02 11.38 0.10056 152.573
4.03 11.51 0.10188 153.095
4.04 11.76 0.10441 153.989
4.05 11.95 0.10507 154.532
4.06 12.09 0.10449 154.826
4.07 12.26 0.10565 155.387
4.08 12.58 0.10602 156.116
4.09 12.76 0.10718 156.684
4.1 12.95 0.10821 157.25
4.11 13.16 0.1092 157.841
4.12 13.7 0.11135 159.123
4.13 13.95 0.11201 159.724
4.14 14.26 0.113 160.455
4.15 14.93 0.11412 161.76
4.16 15.27 0.11441 162.429
4.17 15.61 0.11404 163.01
4.18 16 0.11433 163.733
4.19 17.07 0.11441 165.386
4.2 17.51 0.11507 166.183
4.21 18.02 0.11722 167.239
4.22 18.27 0.11891 167.882
4.23 18.79 0.11722 168.472
4.24 20.52 0.11156 170.032
4.25 21.93 0.10573 171.014
4.26 22.93 0.1004 171.489
4.27 22.78 0.10461 172.026
4.28 22.86 0.10643 172.472
4.29 22.42 0.11449 173.15
4.3 21.85 0.1111 172.189
4.31 22.03 0.1042 171.587
4.32 24.03 0.10168 173.505
4.33 22.74 0.0927901 170.937
4.34 22.74 0.09775 171.789
4.35 22.91 0.0957701 171.791
4.36 22.19 0.10205 172.018
4.37 22.36 0.10015 172.048
4.38 22.59 0.0980801 172.112
4.39 22.31 0.0941601 171.33
4.4 22.06 0.1078 173.098
4.41 21.9 0.0981601 171.682
4.42 21.72 0.0988301 171.683
4.43 22.04 0.108 173.429
4.44 21.29 0.10701 172.542
4.45 20.35 0.11222 172.211
4.46 20.28 0.11036 171.994
4.47 21.02 0.11147 173.135
4.48 21.14 0.11052 173.262
4.49 20.54 0.0859301 169.074
4.5 19.89 0.13536 174.886
4.51 19.9 0.12751 174.139
4.52 19.83 0.14768 176.298
4.53 19.74 0.14685 176.209
4.54 20.37 0.13107 175.449
4.55 19.9 0.12032 173.726
4.56 19.41 0.1633 177.667
4.57 19.31 0.16405 177.711
4.58 19.8 0.15153 177.287
4.59 20.44 0.12247 175.079
4.6 21.14 0.11375 174.958
4.61 20.66 0.12916 176.34
4.62 20.83 0.15124 178.99
4.63 20.8 0.15624 179.545
4.64 21.32 0.12429 176.894
4.65 21.85 0.11701 176.737
4.66 22.49 0.11441 177.247
4.67 22.18 0.10399 175.598
4.68 22.06 0.11606 177.177
4.69 21.71 0.12292 177.721
4.7 21.77 0.12805 178.504
4.71 21.62 0.11395 176.708
4.72 22.03 0.0911001 174.02
4.73 21.73 0.0843601 172.671
4.74 21.46 0.10122 175.096
4.75 20.06 0.0942401 172.477
4.76 19.96 0.0879601 171.467
4.77 18.47 0.06766 165.997
4.78 18.84 0.06593 166.21
4.79 18.5 0.06564 165.811
4.8 18.5 0.0925801 170.722
4.81 18.54 0.11776 174.329
4.82 18.62 0.11143 173.737
4.83 18.77 0.10494 173.171
4.84 18.31 0.16855 179.596
4.85 19.05 0.1545 179.423
4.86 19.05 0.1545 179.526
4.87 19.05 0.1545 179.628
4.88 20.2 0.14967 180.776
4.89 21.63 0.13892 181.54
4.9 22.9 0.1371 182.941
4.91 25.01 0.12921 184.47
4.92 25.25 0.13474 185.474
4.93 26.26 0.1335 186.487
4.94 26.7 0.12602 186.144
4.95 28.05 0.0927101 182.846
4.96 27.9 0.0883701 182.08
4.97 28.5 0.0948201 183.815
4.98 28.89 0.07068 179.828
4.99 28.97 0.05873 177.247
5 29.45 0.05609 177.087
5.01 31 0.04249 174.422
5.02 31.1 0.04485 175.387
5.03 30.84 0.04939 176.684
5.04 31.97 0.05865 180.259
5.05 30.54 0.06035 179.6
5.06 26.56 0.04671 172.407
5.07 32.53 0.13466 193.969
5.08 34.66 0.12751 194.969
5.09 37.06 0.10184 193.315
5.1 35 0.02897 172.784
5.11 33.66 0.07489 186.044
5.12 32.83 0.07539 185.58
5.13 35.07 0.05964 183.834
5.14 34.57 0.06985 185.983
5.15 35.53 0.0834901 189.612
5.16 33.66 0.08047 187.667
5.17 36.55 0.10015 193.499
5.18 37.39 0.0763 189.891
5.19 35.56 0.04985 182.062
5.2 37.22 0.05861 185.846
5.21 36.51 0.06088 186.018
5.22 37.47 0.05514 185.281
5.23 36.85 0.16186 202.269
5.24 32.12 0.07473 186.055
5.25 32.7 0.10176 191.491
5.26 34 0.0908101 190.854
5.27 36.38 0.10465 195.114
5.28 34.41 0.21931 205.953
5.29 33.14 0.23349 206.02
5.3 31.21 0.22439 203.68
5.31 29.33 0.17389 197.733
5.32 32.93 0.18633 202.322
5.33 30.84 0.20617 202.22
5.34 30.32 0.18616 200.123
5.35 30.03 0.3212 209.234
5.36 30.18 0.27767 206.97
5.37 29.21 0.33236 209.211
5.38 27.75 0.26068 203.622
5.39 27.78 0.26511 204.045
5.4 28.45 0.25833 204.411
5.41 24.32 0.21923 197.237
5.42 23.41 0.20931 195.503
5.43 22.75 0.19149 193.362
5.44 22.09 0.22113 194.964
5.45 20.23 0.21365 192.057
5.46 20.29 0.21997 192.704
5.47 18 0.16339 184.875
5.48 18.59 0.14723 184.227
5.49 18.79 0.08725 176.741
5.5 15.09 0.11672 175.532
5.51 14.11 0.15897 178.459
5.52 13.73 0.16773 178.644
5.53 13.28 0.17339 178.37
5.54 12.76 0.19025 178.812
5.55 10.96 0.18294 174.457
5.56 10.53 0.17926 173.248
5.57 10.38 0.1631 171.623
5.58 10.14 0.15181 170.112
5.59 9.99 0.14611 169.292
5.6 10.1 0.15483 170.464
5.61 10.32 0.15938 171.491
5.62 10.67 0.16769 173.133
5.63 11.05 0.17467 174.685
5.64 11.48 0.1583 174.302
5.65 12.42 0.12582 173.037
5.66 12.88 0.12921 174.417
5.67 13.23 0.13251 175.546
5.68 13.56 0.12739 175.679
5.69 14.11 0.11226 174.924
5.7 14.32 0.11094 175.21
5.71 14.58 0.10953 175.563
5.72 14.83 0.10895 176.001
5.73 15.12 0.10594 176.167
5.74 15.81 0.10242 176.891
5.75 16.36 0.0999401 177.488
5.76 17.44 0.0938201 178.276
5.77 17.98 0.10689 181.102
5.78 19.55 0.0987401 182.18
5.79 20.13 0.0975901 182.858
5.8 20.83 0.0916801 182.896
5.81 22.87 0.0852701 184.347
5.82 25.49 0.0853501 187.353
5.83 23.43 0.07399 182.994
5.84 23.1 0.06659 181.113
5.85 23.95 0.06435 181.626
5.86 23.95 0.06435 181.712
5.87 23.95 0.06435 181.799
5.88 22.72 0.0833301 184.433
5.89 23.68 0.10842 189.733
5.9 22.67 0.0935401 186.332
5.91 23.7 0.10019 188.691
5.92 23.1 0.12148 191.124
5.93 25.18 0.13061 194.773
5.94 26.29 0.12631 195.533
5.95 25.81 0.14218 197.037
5.96 25.29 0.13272 195.429
5.97 26.74 0.13049 196.819
5.98 26.85 0.12478 196.295
5.99 26.43 0.13784 197.57
6 27.35 0.14289 199.233
6.01 26.57 0.11466 194.895
6.02 26.04 0.13148 196.647
6.03 25.5 0.10048 191.805
6.04 26.52 0.0844401 190.208
6.05 26.23 0.06291 185.399
6.06 25.88 0.0932001 191.279
6.07 25.62 0.0988701 192.03
6.08 26.45 0.0984101 192.927
6.09 25.13 0.0915901 190.456
6.1 24.39 0.0883701 189.161
6.11 24.37 0.10263 191.594
6.12 24.81 0.0873401 189.614
6.13 24.01 0.0889101 189.087
6.14 23.97 0.10937 192.414
6.15 24.92 0.0969701 191.653
6.16 25.24 0.06394 185.551
6.17 25.39 0.09325 191.718
6.18 24.69 0.07436 187.47
6.19 24.15 0.06948 185.905
6.2 25.39 0.06398 186.053
6.21 24.82 0.05712 183.787
6.22 23.41 0.0577 182.48
6.23 22.42 0.07444 185.315
6.24 21.75 0.05873 180.985
6.25 20.65 0.06249 180.648
6.26 19.35 0.07626 182.035
6.27 19.89 0.0963001 186.423
6.28 20.78 0.10432 188.938
6.29 21.51 0.10337 189.819
6.3 21.85 0.10255 190.207
6.31 21.74 0.11143 191.471
6.32 21.71 0.10635 190.775
6.33 21.63 0.1056 190.645
6.34 23.13 0.0952301 190.93
6.35 24.11 0.11056 194.56
6.36 24.45 0.0939501 192.414
6.37 25.28 0.08275 191.393
6.38 26.33 0.07345 190.701
6.39 26.66 0.07241 190.9
6.4 26.04 0.06663 189.024
6.41 26.07 0.11829 198.389
6.42 26.2 0.0905601 194.252
6.43 26.53 0.10164 196.565
6.44 26.69 0.0992801 196.436
6.45 27.39 0.0886201 195.4
6.46 27.03 0.0756 192.549
6.47 27.96 0.07812 194.101
6.48 26.29 0.07766 192.376
6.49 27.25 0.0826701 194.464
6.5 25.64 0.0982101 195.632
6.51 22.77 0.10383 193.291
6.52 27.08 0.11362 199.753
6.53 28.15 0.10808 200.123
6.54 29.02 0.10234 200.176
6.55 23.01 0.10883 194.673
6.56 21.83 0.18071 201.615
6.57 21.96 0.15624 199.443
6.58 24.47 0.13421 200.115
6.59 20.87 0.11428 193.065
6.6 24.51 0.10842 196.806
6.61 24.23 0.0952701 194.46
6.62 23.85 0.0950601 194.064
6.63 22.69 0.0973801 193.143
6.64 21.55 0.12751 196.146
6.65 20.88 0.12726 195.305
6.66 20.14 0.12375 193.922
6.67 18.45 0.12933 192.275
6.68 18.93 0.16347 196.867
6.69 18.34 0.17306 196.985
6.7 17.5 0.11664 189.42
6.71 17.08 0.11412 188.494
6.72 14.96 0.10966 184.395
6.73 13.53 0.10982 181.843
6.74 13.55 0.1128 182.363
6.75 13.59 0.11986 183.44
6.76 13.38 0.12003 183.126
6.77 13.28 0.1197 182.961
6.78 13.13 0.12416 183.294
6.79 13.07 0.12925 183.862
6.8 13.01 0.13007 183.912
6.81 12.95 0.13284 184.188
6.82 12.8 0.11304 181.5
6.83 12.73 0.11333 181.47
6.84 12.63 0.11135 181.072
6.85 12.63 0.11135 181.145
6.86 12.63 0.11135 181.219
6.87 12.01 0.0870501 176.334
6.88 12.21 0.0839501 176.292
6.89 12.32 0.08275 176.38
6.9 12.35 0.0829501 176.548
6.91 12.39 0.0827101 176.659
6.92 12.37 0.0833701 176.806
6.93 12.42 0.0844401 177.168
6.94 12.49 0.0853101 177.533
6.95 12.52 0.0859701 177.78
6.96 12.63 0.0863901 178.147
6.97 12.67 0.0882001 178.607
6.98 12.71 0.0898201 179.031
6.99 12.78 0.0899401 179.264
7 12.82 0.0892401 179.299
7.01 12.9 0.0914701 179.9
7.02 12.91 0.0921301 180.099
7.03 12.9 0.0938201 180.423
7.04 12.91 0.0945701 180.634
7.05 12.92 0.0959701 180.946
7.06 12.91 0.0961401 181.024
7.07 12.85 0.0977901 181.23
7.08 12.78 0.0983701 181.248
7.09 12.67 0.0993601 181.245
7.1 12.59 0.10052 181.326
7.11 12.45 0.10007 181.037
7.12 12.28 0.10201 181.039
7.13 12.24 0.10279 181.139
7.14 12.23 0.103 181.219
7.15 12.22 0.10321 181.299
7.16 12.24 0.10279 181.35
7.17 12.34 0.10193 181.507
7.18 12.43 0.10023 181.513
7.19 12.23 0.10122 181.308
7.2 12.18 0.11003 182.534
7.21 12.4 0.10122 181.809
7.22 12.51 0.10271 182.332
7.23 12.45 0.10441 182.525
7.24 12.78 0.10395 183.217
7.25 13.03 0.1025 183.585
7.26 13.54 0.10457 184.981
7.27 13.8 0.10465 185.571
7.28 14.2 0.10325 186.198
7.29 14.52 0.0964301 185.809
7.3 14.23 0.11267 187.756
7.31 14.32 0.10064 186.24
7.32 14.37 0.10474 187.025
7.33 14.26 0.10246 186.547
7.34 14.43 0.0963501 185.983
7.35 13.79 0.10201 185.722
7.36 13.9 0.12458 189.123
7.37 14.22 0.13053 190.554
7.38 14.05 0.1221 189.242
7.39 13.97 0.13193 190.38
7.4 14.12 0.13297 190.87
7.41 13.43 0.12623 188.75
7.42 13.19 0.1223 187.836
7.43 12.84 0.13549 188.782
7.44 12.57 0.13615 188.352
7.45 11.91 0.13123 186.393
7.46 11.77 0.13408 186.478
7.47 11.58 0.12875 185.484
7.48 11.62 0.12206 184.823
7.49 11.98 0.088 180.719
7.5 12.3 0.0988301 183.234
7.51 12.64 0.10126 184.395
7.52 12.9 0.10321 185.299
7.53 14.29 0.0996101 187.564
7.54 15.11 0.103 189.675
7.55 16.18 0.0998601 191.13
7.56 16.32 0.0905601 189.887
7.57 18.02 0.07948 190.606
7.58 18.31 0.06841 188.745
7.59 18.16 0.07175 189.34
7.6 19.02 0.07647 191.689
7.61 18.77 0.06369 188.504
7.62 20.07 0.04489 184.938
7.63 22.3 0.04204 186.812
7.64 20.54 0.0888201 196.539
7.65 20.65 0.13983 204.333
7.66 22.47 0.0999401 201.207
7.67 22.31 0.1054 201.965
7.68 23.51 0.07291 197.421
7.69 25.43 0.06832 198.66
7.7 23.01 0.06812 195.842
7.71 23.22 0.1049 203.344
7.72 25.3 0.07833 201.002
7.73 26.72 0.0953101 205.997
7.74 26.39 0.08035 202.801
7.75 27.17 0.06411 199.935
7.76 27.67 0.06679 201.217
7.77 27.29 0.06204 199.659
7.78 28.04 0.06382 200.985
7.79 26.55 0.06518 199.832
7.8 28.9 0.03588 192.554
7.81 28.9 0.03588 192.623
7.82 28.9 0.03588 192.691
7.83 25.93 0.03894 191.07
7.84 25.34 0.0832901 202.945
7.85 24.85 0.13243 210.411
7.86 24.07 0.23555 219.804
7.87 24.1 0.26019 221.749
7.88 25.25 0.18145 216.724
7.89 25.44 0.15847 214.603
7.9 24.16 0.1557 212.776
7.91 22.73 0.14863 210.175
7.92 21.97 0.13607 207.69
7.93 21.93 0.13421 207.471
7.94 19.91 0.12144 202.98
7.95 19.16 0.11342 200.787
7.96 19.4 0.10333 199.664
7.97 17.97 0.11263 198.965
7.98 17.91 0.07952 193.259
7.99 14.06 0.0919601 188.976
8 13.15 0.07299 183.665
8.01 12.97 0.0874201 186.137
8.02 11.87 0.07419 181.348
8.03 11.71 0.07527 181.274
8.04 11.17 0.07039 179.107
8.05 10.88 0.07589 179.612
8.06 10.38 0.0861401 180.352
8.07 10.37 0.0872901 180.588
8.08 10.38 0.0924601 181.542
8.09 10.3 0.10317 183.064
8.1 10.14 0.11288 184.087
8.11 9.77 0.12528 184.763
8.12 9.69 0.12379 184.424
8.13 9.56 0.10895 182.182
8.14 9.49 0.1128 182.579
8.15 9.39 0.0866301 178.401
8.16 9.28 0.0953501 179.587
8.17 9.21 0.0943201 179.29
8.18 9.15 0.0949001 179.274
8.19 9.11 0.0938201 179.051
8.2 9.06 0.0900601 178.362
8.21 8.99 0.0879601 177.873
8.22 8.93 0.0864701 177.51
8.23 8.89 0.0849401 177.192
8.24 8.85 0.0830801 176.81
8.25 8.84 0.08151 176.561
8.26 8.86 0.08118 176.618
8.27 8.9 0.08056 176.679
8.28 8.98 0.07957 176.785
8.29 9.06 0.07841 176.854
8.3 9.19 0.0751 176.641
8.31 9.25 0.07415 176.679
8.32 9.27 0.07374 176.711
8.33 9.33 0.07332 176.851
8.34 9.39 0.07411 177.231
8.35 9.1 0.07171 176.008
8.36 9.26 0.07349 176.87
8.37 9.34 0.0737 177.19
8.38 9.58 0.07386 177.93
8.39 9.46 0.07696 178.275
8.4 8.72 0.08072 176.955
8.41 7.68 0.07613 172.961
8.42 7.93 0.06758 172.104
8.43 8.88 0.06419 174.241
8.44 6.98 0.05687 166.672
8.45 8.12 0.12577 182.031
8.46 7.76 0.13346 181.801
8.47 7.28 0.12991 179.792
8.48 7.25 0.1242 179.074
8.49 7.2 0.12292 178.8
8.5 7.04 0.12503 178.533
8.51 7.06 0.12425 178.571
8.52 7.03 0.12511 178.623
8.53 7.01 0.12689 178.818
8.54 7 0.13049 179.256
8.55 6.97 0.1204 178.007
8.56 6.97 0.12077 178.111
8.57 6.96 0.11912 177.928
8.58 6.97 0.12404 178.623
8.59 6.97 0.0898601 173.952
8.6 6.97 0.07113 170.657
8.61 7 0.06539 169.626
8.62 7.02 0.06481 169.625
8.63 7.04 0.06477 169.741
8.64 7.07 0.06419 169.772
8.65 7.11 0.0639 169.901
8.66 7.16 0.06382 170.109
8.67 7.18 0.06332 170.121
8.68 7.22 0.06311 170.264
8.69 7.24 0.06274 170.303
8.7 7.25 0.06316 170.486
8.71 7.22 0.06378 170.578
8.72 7.19 0.06423 170.63
8.73 7.16 0.06452 170.645
8.74 7.1 0.06559 170.726
8.75 7.07 0.06621 170.81
8.76 7.07 0.067 171.033
8.77 7.07 0.06758 171.21
8.78 7.12 0.06762 171.447
8.79 7.28 0.06882 172.302
8.8 7.39 0.0696 172.892
8.81 7.47 0.06998 173.293
8.82 7.56 0.07047 173.748
8.83 7.56 0.07105 173.921
8.84 7.42 0.07295 173.89
8.85 7.32 0.07547 174.096
8.86 7.32 0.07547 174.151
8.87 7.32 0.07547 174.205
8.88 6.52 0.06431 169.113
8.89 6.62 0.06464 169.609
8.9 6.52 0.06559 169.497
8.91 6.15 0.06733 168.496
8.92 5.9 0.06733 167.544
8.93 5.7 0.06803 166.91
8.94 5.49 0.07022 166.5
8.95 5.42 0.07225 166.639
8.96 5.42 0.07432 167.083
8.97 5.69 0.07692 168.791
8.98 5.86 0.07568 169.331
8.99 5.99 0.07473 169.741
9 6.1 0.0744 170.177
9.01 6.15 0.07221 170.006
9.02 6.11 0.07151 169.761
9.03 6.1 0.07076 169.625
9.04 6.1 0.06989 169.502
9.05 6.12 0.06907 169.468
9.06 6.21 0.0665 169.342
9.07 6.26 0.06502 169.272
9.08 6.34 0.06423 169.461
9.09 6.41 0.06353 169.627
9.1 6.5 0.06328 169.964
9.11 6.6 0.06332 170.399
9.12 6.79 0.06047 170.494
9.13 6.93 0.05815 170.492
9.14 7.03 0.05667 170.53
9.15 7.04 0.05551 170.324
9.16 7.02 0.05464 170.082
9.17 7.05 0.05402 170.077
9.18 7.04 0.05406 170.104
9.19 7.01 0.05398 170.03
9.2 7.02 0.05377 170.061
9.21 7.09 0.05324 170.215
9.22 7.14 0.05332 170.46
9.23 7.17 0.05353 170.67
9.24 7.18 0.05415 170.92
9.25 7.18 0.05456 171.078
9.26 7.31 0.05518 171.734
9.27 7.39 0.05534 172.096
9.28 7.48 0.05551 172.492
9.29 7.54 0.05551 172.743
9.3 7.63 0.05555 173.1
9.31 7.93 0.05584 174.192
9.32 8.09 0.05642 174.896
9.33 8.03 0.05791 175.14
9.34 8.04 0.05948 175.614
9.35 8.04 0.06291 176.487
9.36 8.02 0.06386 176.697
9.37 8.05 0.06506 177.118
9.38 8.11 0.06688 177.768
9.39 8.11 0.06944 178.377
9.4 8.02 0.07357 179.002
9.41 7.97 0.077 179.573
9.42 7.87 0.08122 180.098
9.43 7.8 0.0859301 180.765
9.44 7.59 0.0913001 181.02
9.45 7.53 0.0896901 180.599
9.46 7.53 0.0905201 180.79
9.47 7.44 0.0905201 180.531
9.48 7.24 0.0918401 180.093
9.49 6.92 0.0919201 178.99
9.5 6.85 0.0924601 178.868
9.51 6.89 0.0914701 178.91
9.52 6.95 0.0908901 179.091
9.53 7.05 0.0903101 179.416
9.54 7.27 0.0870501 179.714
9.55 7.42 0.0844001 179.833
9.56 7.56 0.0821301 179.961
9.57 7.69 0.08023 180.105
9.58 7.82 0.07787 180.145
9.59 7.95 0.07601 180.262
9.6 8 0.07518 180.313
9.61 7.99 0.07312 179.916
9.62 7.98 0.07213 179.732
9.63 7.96 0.0696 179.185
9.64 7.99 0.06688 178.74
9.65 8.02 0.06564 178.61
9.66 8.07 0.06559 178.81
9.67 8.12 0.06593 179.098
9.68 8.23 0.06584 179.476
9.69 8.29 0.06522 179.574
9.7 8.33 0.06514 179.732
9.71 8.38 0.06402 179.679
9.72 8.43 0.06328 179.711
9.73 8.55 0.06167 179.742
9.74 8.59 0.0613 179.825
9.75 8.64 0.06105 179.965
9.76 8.68 0.06068 180.045
9.77 8.77 0.05968 180.115
9.78 8.78 0.05935 180.113
9.79 8.75 0.05956 180.128
9.8 8.7 0.05948 180.01
9.81 8.57 0.06026 179.866
9.82 8.47 0.06084 179.757
9.83 8.34 0.06175 179.629
9.84 8.21 0.06212 179.363
9.85 8.08 0.06249 179.09
9.86 8.08 0.06249 179.141
9.87 8.08 0.06249 179.191
9.88 7.55 0.05216 174.851
9.89 7.51 0.05245 174.847
9.9 7.44 0.05328 174.888
9.91 7.35 0.05443 174.942
9.92 7.26 0.05547 174.956
9.93 7.07 0.05725 174.797
9.94 6.99 0.05737 174.59
9.95 6.91 0.05927 174.823
9.96 6.85 0.0589 174.561
9.97 6.73 0.0584 174.042
9.98 6.69 0.05832 173.922
9.99 6.65 0.0582 173.79
10 6.62 0.05774 173.611
10.01 6.59 0.05704 173.369
10.02 6.58 0.0565 173.242
10.03 6.59 0.05629 173.275
10.04 6.6 0.05617 173.33
10.05 6.61 0.05588 173.341
10.06 6.66 0.05534 173.437
10.07 6.7 0.05497 173.538
10.08 6.73 0.05443 173.555
10.09 6.78 0.05402 173.678
10.1 6.81 0.05353 173.705
10.11 6.75 0.05398 173.652
10.12 6.67 0.05477 173.612
10.13 6.59 0.05563 173.583
10.14 6.54 0.05588 173.505
10.15 6.49 0.05592 173.371
10.16 6.38 0.05592 172.992
10.17 6.33 0.05588 172.833
10.18 6.3 0.05592 172.772
10.19 6.26 0.05596 172.671
10.2 6.23 0.05605 172.622
10.21 6.3 0.05629 173.009
10.22 6.39 0.05667 173.507
10.23 6.49 0.05675 173.963
10.24 6.61 0.05667 174.449
10.25 6.94 0.0551 175.315
10.26 6.98 0.05873 176.442
10.27 7.03 0.06419 177.983
10.28 7.39 0.06332 179.112
10.29 9.04 0.06448 184.715
10.3 9.09 0.06134 184.145
10.31 8.04 0.0572 179.919
10.32 7.22 0.06092 178.132
10.33 7.19 0.04923 174.945
10.34 6.8 0.0926301 182.966
10.35 6.57 0.0893201 181.56
10.36 6.6 0.0831601 180.651
10.37 6.65 0.0876701 181.692
10.38 6.6 0.07919 180.013
10.39 6.58 0.07874 179.897
10.4 6.61 0.0799 180.283
10.41 6.72 0.082 181.151
10.42 6.87 0.0831201 181.981
10.43 6.98 0.0959301 184.635
10.44 7.04 0.0961001 184.94
10.45 7.1 0.0958901 185.181
10.46 7.27 0.0928301 185.362
10.47 7.48 0.0933701 186.263
10.48 7.8 0.06572 182.042
10.49 7.87 0.06378 181.871
10.5 7.93 0.06142 181.548
10.51 8 0.05448 180.021
10.52 8.12 0.05357 180.202
10.53 8.21 0.05402 180.662
10.54 8.3 0.05377 180.924
10.55 8.39 0.05311 181.067
10.56 8.47 0.05258 181.211
10.57 8.63 0.05001 180.991
10.58 8.72 0.04985 181.261
10.59 8.75 0.04906 181.158
10.6 8.79 0.04948 181.453
10.61 8.82 0.0522 182.4
10.62 8.84 0.05386 182.983
10.63 8.86 0.05572 183.609
10.64 8.85 0.05716 184.017
10.65 8.86 0.05853 184.458
10.66 8.86 0.06212 185.422
10.67 8.87 0.0639 185.937
10.68 8.88 0.06572 186.451
10.69 8.89 0.06688 186.801
10.7 8.89 0.06911 187.361
10.71 8.87 0.07018 187.588
10.72 8.85 0.07109 187.777
10.73 8.81 0.07151 187.795
10.74 8.78 0.07237 187.938
10.75 8.66 0.07291 187.731
10.76 8.62 0.07328 187.733
10.77 8.57 0.07316 187.599
10.78 8.55 0.07291 187.531
10.79 8.53 0.07299 187.533
10.8 8.5 0.07357 187.61
10.81 8.46 0.07365 187.548
10.82 8.49 0.07341 187.641
10.83 8.5 0.07275 187.58
10.84 8.48 0.07175 187.348
10.85 8.49 0.07122 187.312
10.86 8.49 0.07122 187.36
10.87 8.49 0.07122 187.408
10.88 8.07 0.05857 183.089
10.89 8.31 0.05758 183.649
10.9 8.41 0.05853 184.263
10.91 8.43 0.05952 184.631
10.92 8.45 0.06043 184.974
10.93 8.49 0.06109 185.315
10.94 8.54 0.06328 186.063
10.95 8.59 0.06324 186.257
10.96 8.63 0.06324 186.429
10.97 8.67 0.06365 186.701
10.98 8.74 0.0639 187.025
10.99 8.87 0.06448 187.612
11 8.93 0.06477 187.912
11.01 9.18 0.06588 188.975
11.02 9.28 0.0663 189.418
11.03 9.4 0.06646 189.855
11.04 9.49 0.06667 190.213
11.05 9.59 0.06688 190.598
11.06 9.64 0.06737 190.905
11.07 9.6 0.06812 191.015
11.08 9.6 0.06915 191.301
11.09 9.56 0.06923 191.253
11.1 9.57 0.07159 191.864
11.11 9.62 0.07237 192.229
11.12 9.72 0.07341 192.792
11.13 9.87 0.07465 193.536
11.14 9.99 0.07564 194.134
11.15 10.37 0.07762 195.649
11.16 10.6 0.07804 196.405
11.17 10.83 0.07845 197.148
11.18 11.27 0.07779 198.192
11.19 11.39 0.077 198.376
11.2 11.41 0.07642 198.35
11.21 11.35 0.07605 198.169
11.22 11.24 0.07585 197.897
11.23 11 0.07609 197.383
11.24 10.88 0.07675 197.262
11.25 10.8 0.07742 197.244
11.26 10.76 0.07762 197.23
11.27 10.74 0.07775 197.253
11.28 10.76 0.07746 197.293
11.29 10.79 0.07725 197.376
11.3 10.83 0.07729 197.539
11.31 10.89 0.07787 197.868
11.32 11.02 0.08047 198.797
11.33 11.08 0.0824601 199.406
11.34 11.16 0.0837001 199.91
11.35 11.37 0.0832001 200.397
11.36 11.48 0.0824201 200.567
11.37 11.62 0.08171 200.822
11.38 11.75 0.08047 200.937
11.39 11.98 0.07878 201.192
11.4 12.64 0.07952 202.959
11.41 13.11 0.08052 204.291
11.42 13.59 0.0821701 205.749
11.43 14.52 0.0852301 208.403
11.44 14.82 0.0853101 209.084
11.45 15.07 0.0853501 209.648
11.46 15.33 0.0858501 210.318
11.47 15.57 0.0865101 210.975
11.48 16.01 0.0866701 211.907
11.49 16.13 0.0857701 212.002
11.5 16.27 0.0857701 212.317
11.51 16.74 0.0866301 213.418
11.52 17.02 0.0868401 214.023
11.53 17.25 0.0872101 214.565
11.54 17.35 0.08725 214.804
11.55 17.34 0.0881201 215.015
11.56 17.43 0.0912601 215.855
11.57 17.62 0.0927101 216.528
11.58 17.81 0.0937801 217.122
11.59 18.36 0.0943201 218.232
11.6 18.66 0.0975 219.399
11.61 18.92 0.10085 220.508
11.62 18.9 0.10784 221.76
11.63 19.06 0.11036 222.51
11.64 19.1 0.10804 222.237
11.65 18.54 0.11019 221.703
11.66 18.14 0.11821 222.356
11.67 17.95 0.12003 222.354
11.68 17.73 0.11962 221.95
11.69 17.59 0.11871 221.608
11.7 17.44 0.11904 221.439
11.71 17.22 0.11908 221.093
11.72 16.97 0.12177 221.091
11.73 16.86 0.12086 220.799
11.74 16.68 0.12028 220.422
11.75 16.51 0.12057 220.193
11.76 16.07 0.11883 219.125
11.77 15.85 0.11945 218.837
11.78 15.65 0.12127 218.763
11.79 15.39 0.12346 218.613
11.8 15.14 0.12292 218.07
11.81 14.61 0.12396 217.157
11.82 14.35 0.12375 216.617
11.83 14.11 0.12218 215.913
11.84 13.55 0.12082 214.508
11.85 13.28 0.1204 213.875
11.86 13.28 0.1204 213.925
11.87 13.28 0.1204 213.975
11.88 12.4 0.0942801 207.655
11.89 12.41 0.0942001 207.713
11.9 12.39 0.0943601 207.742
11.91 12.38 0.0944401 207.781
11.92 12.42 0.0944401 207.926
11.93 12.61 0.0929201 208.149
11.94 12.73 0.0918401 208.279
11.95 12.85 0.0906401 208.381
11.96 13.12 0.0883301 208.606
11.97 13.22 0.0879101 208.8
11.98 13.34 0.0871701 208.973
11.99 13.47 0.0864701 209.173
12 13.6 0.0856801 209.351
12.01 9.97 0.0824201 199.598
12.02 14.01 0.07531 208.1
12.03 14.24 0.07531 208.637
12.04 14.34 0.07626 209.114
12.05 14.39 0.0787 209.816
12.06 14.34 0.08089 210.239
12.07 14.29 0.0832001 210.674
12.08 14.27 0.0861801 211.298
12.09 14.31 0.0876301 211.726
12.1 14.36 0.0889901 212.152
12.11 14.44 0.0903501 212.639
12.12 14.57 0.0907701 213.045
12.13 14.89 0.0919601 213.993
12.14 15.11 0.0929201 214.68
12.15 15.31 0.0942001 215.381
12.16 15.72 0.0959701 216.587
12.17 15.94 0.0955201 216.986
12.18 16.13 0.0954001 217.383
12.19 16.31 0.0955601 217.811
12.2 16.44 0.0956401 218.125
12.21 16.46 0.0959701 218.275
12.22 16.42 0.0963501 218.32
12.23 16.34 0.0971701 218.37
12.24 16.28 0.0987401 218.596
12.25 16.28 0.10308 219.429
12.26 16.31 0.10565 219.987
12.27 16.35 0.10792 220.504
12.28 16.45 0.11131 221.317
12.29 16.48 0.11201 221.541
12.3 16.46 0.1128 221.682
12.31 16.42 0.11346 221.762
12.32 16.43 0.11362 221.857
12.33 16.5 0.11362 222.043
12.34 16.51 0.11424 222.213
12.35 16.57 0.1149 222.486
12.36 16.71 0.11507 222.833
12.37 16.85 0.11441 223.044
12.38 16.95 0.11408 223.231
12.39 17.08 0.11383 223.486
12.4 17.17 0.11342 223.638
12.41 17.17 0.11329 223.667
12.42 17.15 0.11371 223.749
12.43 17.09 0.1142 223.766
12.44 16.83 0.11581 223.582
12.45 16.77 0.11652 223.631
12.46 16.69 0.11685 223.58
12.47 16.57 0.1178 223.548
12.48 16.47 0.11784 223.409
12.49 16.35 0.11838 223.309
12.5 16.17 0.11896 223.093
12.51 15.89 0.11908 222.601
12.52 15.77 0.11966 222.497
12.53 15.73 0.12053 222.6
12.54 15.74 0.12106 222.751
12.55 15.76 0.12082 222.804
12.56 15.84 0.11974 222.849
12.57 15.82 0.11862 222.684
12.58 15.87 0.1173 222.627
12.59 16.05 0.11701 222.992
12.6 16.21 0.1171 223.375
12.61 16.39 0.11693 223.752
12.62 16.6 0.11594 224.054
12.63 16.85 0.11416 224.297
12.64 17.34 0.11333 225.138
12.65 17.62 0.11238 225.549
12.66 17.74 0.11127 225.633
12.67 17.82 0.11172 225.905
12.68 17.63 0.11371 225.937
12.69 17.42 0.11594 225.962
12.7 17.22 0.1178 225.935
12.71 17.01 0.11974 225.892
12.72 16.54 0.1221 225.398
12.73 16.41 0.1228 225.298
12.74 16.31 0.12379 225.299
12.75 16.37 0.12515 225.673
12.76 16.48 0.12615 226.089
12.77 16.6 0.12925 226.833
12.78 16.59 0.13152 227.191
12.79 16.7 0.13173 227.487
12.8 17.07 0.13301 228.439
12.81 17.26 0.13235 228.759
12.82 17.48 0.13082 229.005
12.83 17.98 0.12908 229.73
12.84 18.27 0.12875 230.261
12.85 18.49 0.12763 230.54
12.86 18.49 0.12763 230.59
12.87 18.49 0.12763 230.64
12.88 18.52 0.1056 227.135
12.89 18.86 0.1049 227.654
12.9 19.06 0.10689 228.406
12.91 19.2 0.1092 229.103
12.92 19.47 0.11424 230.477
12.93 19.66 0.11342 230.711
12.94 19.83 0.11437 231.207
12.95 20.02 0.11466 231.624
12.96 20.37 0.11503 232.315
12.97 20.54 0.11681 232.94
12.98 20.69 0.11809 233.446
12.99 20.75 0.11825 233.619
13 21.04 0.11792 234.082
13.01 21.29 0.11693 234.367
13.02 21.42 0.11693 234.622
13.03 21.44 0.11619 234.58
13.04 21.34 0.11656 234.534
13.05 21.38 0.11689 234.703
13.06 21.38 0.11805 234.946
13.07 21.26 0.11858 234.893
13.08 21.11 0.11829 234.655
13.09 21.05 0.11829 234.609
13.1 20.55 0.11656 233.561
13.11 20.26 0.11515 232.897
13.12 19.98 0.1116 231.876
13.13 19.38 0.11197 230.972
13.14 19.2 0.1111 230.561
13.15 19.14 0.11098 230.485
13.16 19.14 0.11172 230.662
13.17 19.19 0.11296 231.009
13.18 19.28 0.11685 231.866
13.19 19.46 0.11631 232.136
13.2 19.58 0.11685 232.48
13.21 19.71 0.12206 233.597
13.22 19.7 0.12487 234.072
13.23 19.64 0.12648 234.268
13.24 19.49 0.12921 234.474
13.25 18.95 0.13107 233.855
13.26 18.67 0.12788 232.925
13.27 18.43 0.12247 231.705
13.28 18.18 0.11606 230.266
13.29 17.63 0.11201 228.621
13.3 17.37 0.11255 228.272
13.31 17.2 0.11317 228.1
13.32 16.95 0.11313 227.661
13.33 16.68 0.113 227.161
13.34 16.61 0.11296 227.064
13.35 16.49 0.11292 226.867
13.36 16.41 0.11387 226.914
13.37 16.3 0.11718 227.283
13.38 16.31 0.11933 227.694
13.39 16.31 0.1211 228.021
13.4 16.39 0.12371 228.634
13.41 16.49 0.12466 229.027
13.42 16.61 0.12557 229.453
13.43 16.68 0.1278 229.976
13.44 16.62 0.12904 230.089
13.45 16.43 0.1273 229.497
13.46 16.21 0.12392 228.587
13.47 16.06 0.12383 228.314
13.48 15.94 0.12759 228.683
13.49 15.67 0.13218 228.84
13.5 15.83 0.13334 229.389
13.51 16.36 0.12887 229.874
13.52 17.77 0.11536 230.541
13.53 18.32 0.1142 231.408
13.54 18.79 0.11623 232.642
13.55 19.59 0.12482 235.484
13.56 19.74 0.13024 236.626
13.57 19.83 0.13135 236.997
13.58 19.71 0.13173 236.895
13.59 19.59 0.13016 236.5
13.6 19.04 0.13011 235.572
13.61 18.65 0.12999 234.901
13.62 18.39 0.12904 234.332
13.63 18.28 0.12912 234.189
13.64 18.21 0.12619 233.661
13.65 18.1 0.12375 233.126
13.66 17.99 0.12313 232.871
13.67 17.68 0.12813 233.107
13.68 17.89 0.12689 233.362
13.69 18.45 0.12234 233.737
13.7 19.68 0.11697 235.088
13.71 20.22 0.11978 236.52
13.72 20.39 0.12106 237.063
13.73 20.47 0.12268 237.507
13.74 20.7 0.12507 238.32
13.75 20.72 0.12524 238.429
13.76 20.82 0.12668 238.869
13.77 21.08 0.12557 239.17
13.78 21.22 0.12408 239.208
13.79 21.29 0.12193 239.022
13.8 21.19 0.12185 238.895
13.81 20.84 0.12003 238.073
13.82 20.57 0.11933 237.558
13.83 20.39 0.11887 237.229
13.84 19.75 0.12234 236.756
13.85 19.45 0.12243 236.297
13.86 19.45 0.12243 236.344
13.87 19.45 0.12243 236.392
13.88 18.26 0.0938701 229.178
13.89 18.22 0.0941601 229.21
13.9 18.01 0.0979601 229.628
13.91 17.72 0.10259 230.02
13.92 17.17 0.11019 230.39
13.93 16.78 0.11428 230.372
13.94 16.31 0.11676 229.887
13.95 15.49 0.11854 228.519
13.96 14.98 0.11962 227.637
13.97 14.53 0.12082 226.873
13.98 14 0.12152 225.816
13.99 13.02 0.12363 223.833
14 12.64 0.12404 222.986
14.01 11.59 0.12532 220.451
14.02 11.36 0.12582 219.932
14.03 11.19 0.12594 219.515
14.04 11.07 0.12598 219.224
14.05 11.07 0.1254 219.183
14.06 11 0.12462 218.913
14.07 10.99 0.12387 218.818
14.08 11.01 0.12342 218.852
14.09 11.02 0.12379 218.978
14.1 11.09 0.12061 218.747
14.11 11.08 0.11817 218.39
14.12 11.09 0.11457 217.9
14.13 11.09 0.11209 217.546
14.14 11.23 0.10854 217.4
14.15 11.32 0.10569 217.211
14.16 11.41 0.10275 216.992
14.17 11.49 0.10019 216.797
14.18 11.66 0.0953101 216.398
14.19 11.75 0.093 216.238
14.2 11.84 0.0913901 216.204
14.21 11.92 0.0902701 216.234
14.22 11.98 0.0890301 216.184
14.23 11.99 0.0894001 216.327
14.24 12.01 0.0893201 216.405
14.25 12.05 0.0896501 216.617
14.26 12.11 0.0899401 216.873
14.27 12.12 0.0901501 216.983
14.28 12.12 0.0902301 217.041
14.29 12.1 0.0891501 216.814
14.3 12 0.0875 216.261
14.31 11.91 0.0876701 216.104
14.32 11.81 0.0882001 215.992
14.33 11.69 0.0900601 216.091
14.34 11.66 0.0908101 216.202
14.35 11.67 0.0914701 216.401
14.36 11.7 0.0919601 216.619
14.37 11.82 0.0926301 217.111
14.38 11.88 0.093 217.383
14.39 11.94 0.0928301 217.55
14.4 12.01 0.093 217.808
14.41 12.16 0.0941101 218.456
14.42 12.23 0.0948201 218.815
14.43 12.3 0.0953101 219.131
14.44 12.23 0.0940301 218.747
14.45 12.18 0.0928701 218.435
14.46 12.25 0.0920101 218.488
14.47 12.33 0.0914701 218.628
14.48 12.55 0.0896501 218.861
14.49 12.66 0.0882901 218.9
14.5 12.77 0.0873401 219.017
14.51 12.85 0.0870501 219.196
14.52 12.93 0.0869601 219.415
14.53 12.97 0.0881201 219.797
14.54 13 0.0888701 220.067
14.55 13.03 0.0896901 220.351
14.56 13.06 0.0906801 220.667
14.57 13.02 0.0914301 220.763
14.58 13.06 0.0914301 220.903
14.59 13.09 0.0913001 220.992
14.6 13.14 0.0914701 221.189
14.61 13.25 0.0934101 221.884
14.62 13.22 0.0937801 221.927
14.63 13.1 0.0956001 222.033
14.64 12.91 0.0973001 221.933
14.65 12.51 0.10098 221.655
14.66 12.27 0.10176 221.221
14.67 12.04 0.10217 220.735
14.68 11.8 0.10222 220.147
14.69 11.62 0.10197 219.657
14.7 11.34 0.10131 218.81
14.71 11.21 0.10093 218.42
14.72 11.08 0.10155 218.206
14.73 10.95 0.10197 217.951
14.74 10.61 0.10242 217.084
14.75 10.44 0.10275 216.678
14.76 10.3 0.10184 216.138
14.77 10.14 0.10069 215.488
14.78 10.02 0.0975 214.584
14.79 10.01 0.0956001 214.243
14.8 10.04 0.0938201 214.04
14.81 10.09 0.09225 213.933
14.82 10.27 0.0892801 213.935
14.83 10.44 0.0881201 214.249
14.84 10.64 0.0874201 214.733
14.85 10.91 0.0865101 215.362
14.86 10.91 0.0865101 215.402
14.87 10.91 0.0865101 215.442
14.88 11.68 0.0665 212.898
14.89 12.21 0.0665 214.303
14.9 12.67 0.06745 215.742
14.91 13.53 0.07031 218.587
14.92 13.98 0.07213 220.127
14.93 14.41 0.07415 221.64
14.94 14.8 0.07626 223.055
14.95 15.15 0.07853 224.396
14.96 15.74 0.0832401 226.772
14.97 15.91 0.0851501 227.594
14.98 16.06 0.0880801 228.587
14.99 16.17 0.0915901 229.599
15 16.43 0.0983301 231.534
