0.01 0.12 0 0
0.02 0.44 0 0
0.03 0.76 0 0
0.04 1.01 0 0
0.05 1.19 0 0
0.06 1.33 0 0
0.07 1.54 0 0
0.08 1.76 0 0
0.09 1.99 0 0
0.1 2.72 0 0
0.11 2.93 0.001 31.4452
0.12 3.14 0.001 32.5378
0.13 3.35 0 0
0.14 3.5 0 0
0.15 3.83 0.001 35.6247
0.16 4.19 0 0
0.17 4.38 0 0
0.18 4.21 0 0
0.19 4.01 0.002 40.5704
0.2 3.92 0.002 41.0188
0.21 3.86 0.002 41.4867
0.22 3.94 0.004 44.6534
0.23 4.04 0.003 44.299
0.24 4.1 0.003 44.9215
0.25 4.12 0.003 45.466
0.26 4.14 0.004 47.1107
0.27 4.16 0.002 44.971
0.28 4.18 0.004 48.158
0.29 4.2 0.004 48.6635
0.3 4.3 0.005 50.2147
0.31 4.4 0.006 51.6197
0.32 4.54 0.007 52.988
0.33 4.71 0.008 54.3271
0.34 4.96 0.008 55.1894
0.35 5.05 0.009 56.3295
0.36 5.35 0.009 57.2461
0.37 5.6 0.009 58.0644
0.38 5.89 0.01 59.4421
0.39 6.2 0.01 60.3168
0.4 6.53 0.01 61.1981
0.41 6.93 0.01 62.1495
0.42 7.36 0.01 63.1119
0.43 8.01 0.013 65.7242
0.44 8.5 0.016 67.8761
0.45 9.14 0.0523 76.1669
0.46 9.8 0.0887 80.8851
0.47 9.92 0.125 83.8729
0.48 11.15 0.125 85.7973
0.49 12.05 0.112 86.4668
0.5 12.83 0.109 87.5447
0.51 12.59 0.106 87.5854
0.52 11.73 0.103 86.9588
0.53 10.34 0.098 85.4924
0.54 10.53 0.1027 86.4999
0.55 10.14 0.1073 86.7869
0.56 10.09 0.112 87.4721
0.57 9.8 0.109 87.3376
0.58 9.26 0.111 87.1794
0.59 8.97 0.113 87.3239
0.6 8.67 0.115 87.4317
0.61 8.55 0.108 87.2014
0.62 8.39 0.1 86.8009
0.63 8.12 0.091 86.0999
0.64 7.91 0.085 85.6645
0.65 7.72 0.079 85.2133
0.66 7.54 0.074 84.8228
0.67 7.4 0.076 85.1373
0.68 7.26 0.067 84.3645
0.69 7.13 0.045 81.7354
0.7 7.02 0.042 81.4108
0.71 6.93 0.037 80.7249
0.72 6.83 0.034 80.303
0.73 6.77 0.031 79.8928
0.74 6.68 0.024 78.3548
0.75 6.62 0.023 78.268
0.76 6.57 0.023 78.471
0.77 6.52 0.022 78.3797
0.78 6.47 0.022 78.5742
0.79 6.43 0.022 78.7826
0.8 6.39 0.022 78.9875
0.81 6.35 0.022 79.1891
0.82 6.32 0.022 79.4056
0.83 6.29 0.021 79.3114
0.84 6.25 0.02 79.1808
0.85 6.25 0.02 79.4417
0.86 6.23 0.019 79.3244
0.87 6.22 0.02 79.9016
0.88 6.2 0.019 79.7776
0.89 6.18 0.019 79.9913
0.9 6.14 0.018 79.8054
0.91 6.11 0.017 79.6149
0.92 5.96 0.0167 79.4541
0.93 5.91 0.0163 79.4362
0.94 5.89 0.016 79.5109
0.95 5.85 0.016 79.667
0.96 5.87 0.016 79.9385
0.97 5.81 0.016 80.0506
0.98 5.77 0.014 79.3133
0.99 5.73 0.013 78.9694
1 5.7 0.012 78.6053
1.01 5.65 0.012 78.7231
1.02 5.63 0.012 78.8987
1.03 5.61 0.012 79.0724
1.04 5.6 0.012 79.2647
1.05 5.57 0.013 79.9451
1.06 5.56 0.013 80.1353
1.07 5.54 0.013 80.303
1.08 5.52 0.013 80.4691
1.09 5.51 0.013 80.6544
1.1 5.5 0.013 80.8383
1.11 5.49 0.013 81.0207
1.12 5.48 0.013 81.2017
1.13 5.47 0.013 81.3812
1.14 5.46 0.012 81.0179
1.15 5.45 0.012 81.1934
1.16 5.43 0.012 81.346
1.17 5.38 0.016 83.4044
1.18 5.36 0.015 83.1097
1.19 5.35 0.013 82.2968
1.2 5.34 0.013 82.4662
1.21 5.33 0.012 82.0859
1.22 5.32 0.012 82.2517
1.23 5.31 0.012 82.4163
1.24 5.31 0.011 82.0062
1.25 5.31 0.012 82.7866
1.26 5.07 0.01 81.1787
1.27 5.2 0.01 81.6544
1.28 5.24 0.01 81.923
1.29 5.27 0.01 82.168
1.3 5.3 0.01 82.4119
1.31 5.33 0.011 83.3128
1.32 5.38 0.011 83.6015
1.33 5.43 0.011 83.8887
1.34 5.48 0.011 84.1746
1.35 5.53 0.012 85.0728
1.36 5.58 0.012 85.3581
1.37 5.61 0.012 85.5982
1.38 5.64 0.013 86.4109
1.39 5.69 0.013 86.6946
1.4 5.74 0.013 86.9771
1.41 5.81 0.014 87.8415
1.42 5.88 0.014 88.1662
1.43 5.97 0.014 88.5318
1.44 6.09 0.014 88.9581
1.45 6.16 0.014 89.2762
1.46 6.21 0.015 90.0666
1.47 6.23 0.015 90.2795
1.48 6.22 0.014 89.9113
1.49 6.22 0.014 90.0798
1.5 6.25 0.014 90.31
1.51 6.3 0.015 91.1023
1.52 6.37 0.015 91.4149
1.53 6.46 0.015 91.767
1.54 6.55 0.015 92.1166
1.55 6.65 0.016 92.9821
1.56 6.71 0.016 93.269
1.57 6.74 0.016 93.4949
1.58 6.71 0.017 94.0732
1.59 6.65 0.017 94.1165
1.6 6.55 0.018 94.5237
1.61 6.46 0.018 94.4991
1.62 6.36 0.018 94.4495
1.63 6.32 0.018 94.5253
1.64 6.29 0.019 95.0479
1.65 6.27 0.019 95.165
1.66 6.26 0.019 95.3031
1.67 6.26 0.019 95.4623
1.68 6.27 0.019 95.6429
1.69 6.27 0.019 95.8008
1.7 6.29 0.019 96.0021
1.71 6.32 0.02 96.6362
1.72 6.35 0.019 96.4465
1.73 6.37 0.019 96.6458
1.74 6.41 0.019 96.8881
1.75 6.43 0.018 96.6504
1.76 6.45 0.018 96.8469
1.77 6.46 0.018 97.0212
1.78 6.45 0.019 97.5896
1.79 6.42 0.019 97.6761
1.8 6.4 0.019 97.7835
1.81 6.37 0.019 97.868
1.82 6.33 0.019 97.9292
1.83 6.31 0.019 98.0338
1.84 6.3 0.019 98.16
1.85 6.29 0.019 98.2855
1.86 6.3 0.019 98.4554
1.87 6.32 0.02 99.0692
1.88 6.35 0.02 99.2839
1.89 6.39 0.02 99.5204
1.9 6.43 0.02 99.7561
1.91 6.48 0.019 99.5874
1.92 6.53 0.019 99.8425
1.93 6.57 0.019 100.075
1.94 6.6 0.019 100.284
1.95 6.63 0.018 100.042
1.96 6.65 0.018 100.228
1.97 6.67 0.018 100.414
1.98 6.69 0.018 100.598
1.99 6.7 0.018 100.761
2 6.72 0.018 100.945
2.01 6.72 0.019 101.541
2.02 6.73 0.019 101.703
2.03 6.74 0.019 101.864
2.04 6.74 0.019 102.003
2.05 6.74 0.019 102.142
2.06 6.74 0.019 102.28
2.07 6.75 0.019 102.44
2.08 6.76 0.019 102.599
2.09 6.77 0.019 102.758
2.1 6.78 0.019 102.916
2.11 6.78 0.019 103.052
2.12 6.78 0.018 102.725
2.13 6.78 0.018 102.859
2.14 6.77 0.018 102.971
2.15 6.76 0.018 103.083
2.16 6.76 0.018 103.216
2.17 6.75 0.018 103.327
2.18 6.75 0.018 103.459
2.19 6.75 0.018 103.59
2.2 6.75 0.018 103.722
2.21 6.76 0.018 103.875
2.22 6.76 0.018 104.005
2.23 6.75 0.018 104.113
2.24 6.75 0.018 104.243
2.25 6.75 0.018 104.372
2.26 6.72 0.013 101.644
2.27 6.69 0.013 101.703
2.28 6.66 0.013 101.762
2.29 6.71 0.013 101.995
2.3 6.75 0.013 102.206
2.31 6.79 0.013 102.417
2.32 6.83 0.013 102.627
2.33 6.86 0.013 102.814
2.34 6.89 0.014 103.639
2.35 6.92 0.014 103.826
2.36 6.96 0.014 104.035
2.37 6.98 0.014 104.201
2.38 7 0.014 104.366
2.39 7.03 0.014 104.552
2.4 7.05 0.014 104.716
2.41 7.07 0.014 104.88
2.42 7.09 0.014 105.044
2.43 7.09 0.015 105.769
2.44 7.09 0.015 105.89
2.45 7.09 0.015 106.011
2.46 7.1 0.015 106.152
2.47 7.13 0.015 106.337
2.48 7.18 0.016 107.137
2.49 7.25 0.015 106.832
2.5 7.34 0.015 107.141
2.51 7.43 0.015 107.448
2.52 7.5 0.015 107.713
2.53 7.56 0.015 107.955
2.54 7.62 0.015 108.197
2.55 7.68 0.015 108.437
2.56 7.74 0.015 108.677
2.57 7.78 0.016 109.462
2.58 7.81 0.016 109.641
2.59 7.85 0.016 109.84
2.6 7.9 0.017 110.615
2.61 7.94 0.017 110.813
2.62 7.98 0.018 111.541
2.63 8.02 0.018 111.739
2.64 8.07 0.018 111.957
2.65 8.13 0.018 112.195
2.66 8.17 0.018 112.392
2.67 8.2 0.018 112.568
2.68 8.24 0.018 112.764
2.69 8.28 0.019 113.469
2.7 8.34 0.019 113.704
2.71 8.42 0.019 113.978
2.72 8.48 0.02 114.7
2.73 8.53 0.02 114.914
2.74 8.57 0.02 115.109
2.75 8.63 0.02 115.341
2.76 8.68 0.02 115.553
2.77 8.72 0.02 115.746
2.78 8.76 0.02 115.939
2.79 8.82 0.02 116.169
2.8 8.89 0.02 116.417
2.81 8.95 0.02 116.645
2.82 8.98 0.02 116.817
2.83 8.99 0.021 117.426
2.84 9 0.022 118.016
2.85 8.99 0.022 118.112
2.86 8.96 0.023 118.608
2.87 8.96 0.023 118.724
2.88 8.93 0.024 119.202
2.89 8.92 0.024 119.298
2.9 8.86 0.024 119.297
2.91 8.81 0.025 119.72
2.92 8.75 0.025 119.716
2.93 8.73 0.025 119.79
2.94 8.69 0.026 120.216
2.95 8.69 0.026 120.33
2.96 8.72 0.026 120.503
2.97 8.76 0.026 120.695
2.98 8.81 0.026 120.907
2.99 8.85 0.026 121.099
3 8.9 0.026 121.31
3.01 8.94 0.026 121.5
3.02 8.98 0.026 121.691
3.03 9 0.026 121.842
3.04 9.03 0.026 122.012
3.05 9.06 0.026 122.181
3.06 9.09 0.026 122.351
3.07 9.12 0.026 122.52
3.08 9.12 0.026 122.631
3.09 9.12 0.026 122.741
3.1 9.13 0.027 123.258
3.11 9.12 0.027 123.349
3.12 9.11 0.028 123.813
3.13 9.11 0.028 123.923
3.14 9.11 0.028 124.033
3.15 9.1 0.028 124.123
3.16 9.09 0.029 124.576
3.17 9.08 0.029 124.666
3.18 9.07 0.029 124.755
3.19 9.06 0.029 124.845
3.2 9.07 0.029 124.973
3.21 9.08 0.029 125.101
3.22 9.11 0.029 125.269
3.23 9.13 0.029 125.417
3.24 9.14 0.029 125.544
3.25 9.16 0.029 125.691
3.26 9.1233 0.022 122.869
3.27 9.0867 0.022 122.903
3.28 9.05 0.022 122.936
3.29 9.1 0.022 123.137
3.3 9.14 0.022 123.319
3.31 9.18 0.023 123.958
3.32 9.21 0.023 124.12
3.33 9.25 0.022 123.843
3.34 9.28 0.022 124.004
3.35 9.29 0.023 124.586
3.36 9.3 0.023 124.709
3.37 9.29 0.023 124.793
3.38 9.28 0.023 124.876
3.39 9.26 0.023 124.94
3.4 9.24 0.022 124.542
3.41 9.23 0.022 124.624
3.42 9.19 0.022 124.648
3.43 9.16 0.022 124.69
3.44 9.11 0.023 125.155
3.45 9.05 0.023 125.137
3.46 8.99 0.023 125.118
3.47 8.94 0.024 125.561
3.48 8.89 0.023 125.116
3.49 8.85 0.023 125.135
3.5 8.81 0.022 124.691
3.51 8.76 0.022 124.688
3.52 8.71 0.022 124.683
3.53 8.65 0.022 124.658
3.54 8.59 0.022 124.631
3.55 8.51 0.022 124.561
3.56 8.43 0.022 124.489
3.57 8.33 0.022 124.372
3.58 8.21 0.022 124.209
3.59 8.08 0.022 124.02
3.6 7.92 0.022 123.759
3.61 7.75 0.023 123.925
3.62 7.54 0.025 124.391
3.63 7.29 0.026 124.288
3.64 6.98 0.026 123.608
3.65 6.63 0.027 123.175
3.66 6.25 0.027 122.225
3.67 5.86 0.028 121.556
3.68 5.5 0.028 120.542
3.69 5.19 0.03 120.318
3.7 4.94 0.031 119.883
3.71 4.78 0.033 120.028
3.72 4.68 0.034 120.05
3.73 4.6 0.036 120.413
3.74 4.47 0.039 120.808
3.75 4.29 0.042 120.928
3.76 4.07 0.045 120.795
3.77 3.83 0.049 120.683
3.78 3.67 0.052 120.627
3.79 3.48 0.055 120.355
3.8 3.2 0.058 119.524
3.81 2.93 0.063 118.918
3.82 2.66 0.071 118.533
3.83 2.42 0.08 118.183
3.84 2.25 0.084 117.51
3.85 2.12 0.086 116.82
3.86 2.04 0.087 116.371
3.87 2.02 0.09 116.618
3.88 2.11 0.097 118.171
3.89 2.29 0.098 119.76
3.9 2.59 0.098 121.989
3.91 2.86 0.095 123.511
3.92 3.02 0.089 123.897
3.93 3.15 0.084 124.141
3.94 3.24 0.077 123.834
3.95 3.36 0.068 123.29
3.96 3.53 0.052 121.515
3.97 3.71 0.035 118.505
3.98 3.93 0.025 116.275
3.99 4.17 0.021 115.664
4 4.4 0.017 114.61
4.01 4.61 0.013 112.913
4.02 4.91 0.006 106.918
4.03 5.1 0.005 105.959
4.04 5.19 0.004 104.344
4.05 5.42 0.005 107.039
4.06 5.55 0.005 107.478
4.07 5.69 0.006 109.588
4.08 5.76 0.006 109.856
4.09 6.02 0.007 112.06
4.1 6.21 0.008 113.897
4.11 6.44 0.009 115.701
4.12 6.69 0.009 116.416
4.13 6.97 0.01 118.216
4.14 7.25 0.011 119.916
4.15 7.53 0.012 121.529
4.16 7.78 0.013 123.001
4.17 7.99 0.013 123.556
4.18 8.19 0.014 124.846
4.19 8.38 0.015 126.064
4.2 8.58 0.016 127.258
4.21 8.8 0.018 129.066
4.22 9.05 0.019 130.258
4.23 9.35 0.021 132.052
4.24 9.69 0.022 133.335
4.25 10 0.023 134.526
4.26 10.08 0.021 133.752
4.27 10.29 0.019 133.124
4.28 10.53 0.02 134.225
4.29 10.73 0.021 135.225
4.3 10.92 0.022 136.181
4.31 11.11 0.024 137.6
4.32 11.29 0.026 138.93
4.33 11.57 0.029 140.784
4.34 11.76 0.031 141.991
4.35 11.92 0.033 143.101
4.36 12.03 0.035 144.085
4.37 12.06 0.037 144.897
4.38 11.99 0.039 145.504
4.39 11.84 0.04 145.639
4.4 11.66 0.042 146.001
4.41 11.54 0.044 146.442
4.42 11.5 0.046 147.003
4.43 11.57 0.047 147.488
4.44 11.73 0.049 148.386
4.45 11.96 0.051 149.391
4.46 12.12 0.052 150.013
4.47 12.21 0.053 150.505
4.48 12.29 0.053 150.74
4.49 12.4 0.054 151.262
4.5 12.6 0.054 151.705
4.51 12.85 0.053 151.992
4.52 13.11 0.053 152.525
4.53 13.32 0.052 152.726
4.54 13.48 0.051 152.836
4.55 13.61 0.051 153.141
4.56 13.69 0.052 153.611
4.57 13.67 0.053 153.916
4.58 13.59 0.054 154.119
4.59 13.47 0.055 154.251
4.6 13.36 0.057 154.621
4.61 13.21 0.06 155.124
4.62 13 0.065 155.894
4.63 12.71 0.075 157.344
4.64 12.38 0.087 158.792
4.65 12.05 0.095 159.433
4.66 11.71 0.102 159.815
4.67 11.43 0.109 160.236
4.68 11.2 0.118 160.922
4.69 11.01 0.123 161.176
4.7 10.89 0.124 161.126
4.71 10.8 0.122 160.811
4.72 10.7 0.12 160.47
4.73 10.66 0.119 160.366
4.74 10.66 0.118 160.347
4.75 10.7 0.115 160.184
4.76 10.77 0.11 159.836
4.77 10.89 0.104 159.439
4.78 11.03 0.096 158.765
4.79 11.19 0.088 158.039
4.8 11.34 0.08 157.183
4.81 11.54 0.072 156.294
4.82 11.81 0.067 155.969
4.83 12.17 0.064 156.139
4.84 12.65 0.061 156.475
4.85 13.26 0.058 156.97
4.86 14.35 0.059 159.083
4.87 15.07 0.06 160.525
4.88 15.67 0.06 161.522
4.89 16.12 0.059 162.047
4.9 16.36 0.0587 162.416
4.91 16.42 0.0583 162.501
4.92 16.36 0.058 162.437
4.93 16.32 0.06 162.931
4.94 16.35 0.062 163.511
4.95 16.52 0.062 163.847
4.96 16.8 0.063 164.555
4.97 17.22 0.063 165.234
4.98 17.59 0.064 166.05
4.99 17.8 0.067 167.063
5 17.92 0.069 167.728
5.01 18.04 0.071 168.382
5.02 18.19 0.073 169.067
5.03 18.29 0.074 169.486
5.04 18.38 0.076 170.076
5.05 18.49 0.076 170.316
5.06 18.64 0.077 170.794
5.07 18.89 0.076 171.03
5.08 19.18 0.077 171.686
5.09 19.34 0.077 171.985
5.1 19.65 0.079 172.842
5.11 19.92 0.081 173.637
5.12 20.07 0.084 174.446
5.13 20.18 0.087 175.189
5.14 20.2 0.088 175.476
5.15 20.13 0.09 175.811
5.16 20.04 0.09 175.793
5.17 19.87 0.089 175.508
5.18 19.67 0.089 175.347
5.19 19.46 0.09 175.333
5.2 19.35 0.091 175.445
5.21 19.43 0.092 175.803
5.22 19.51 0.093 176.159
5.23 19.78 0.095 176.915
5.24 19.95 0.095 177.227
5.25 19.8867 0.08 174.724
5.26 19.8233 0.081 174.917
5.27 19.76 0.076 174.004
5.28 19.76 0.075 173.904
5.29 19.6 0.075 173.791
5.3 19.43 0.076 173.856
5.31 19.25 0.078 174.09
5.32 19.17 0.08 174.444
5.33 19.15 0.082 174.868
5.34 19.18 0.083 175.175
5.35 19.19 0.084 175.454
5.36 19.15 0.085 175.665
5.37 19.02 0.087 175.924
5.38 18.76 0.088 175.834
5.39 18.29 0.088 175.283
5.4 17.65 0.09 174.802
5.41 16.91 0.088 173.492
5.42 16.14 0.086 172.091
5.43 15.35 0.084 170.605
5.44 14.61 0.082 169.143
5.45 13.93 0.082 168.072
5.46 13.33 0.081 166.924
5.47 12.76 0.081 165.961
5.48 12.22 0.082 165.183
5.49 11.71 0.083 164.421
5.5 11.25 0.084 163.721
5.51 10.88 0.084 163.017
5.52 10.46 0.083 162.016
5.53 10.36 0.083 161.873
5.54 10.15 0.08 160.984
5.55 10.1 0.079 160.782
5.56 9.99 0.076 160.092
5.57 9.93 0.074 159.678
5.58 9.89 0.073 159.485
5.59 9.84 0.071 159.08
5.6 9.78 0.069 158.641
5.61 9.59 0.061 156.657
5.62 9.41 0.056 155.2
5.63 9.18 0.052 153.773
5.64 8.94 0.048 152.246
5.65 8.75 0.043 150.467
5.66 8.61 0.04 149.291
5.67 8.5 0.037 148.124
5.68 8.51 0.037 148.221
5.69 8.6 0.036 148.181
5.7 8.78 0.036 148.696
5.71 9.02 0.036 149.347
5.72 9.27 0.036 150.009
5.73 9.57 0.035 150.419
5.74 9.94 0.037 152.017
5.75 10.3 0.04 153.867
5.76 10.56 0.041 154.813
5.77 10.7 0.041 155.181
5.78 10.78 0.038 154.443
5.79 10.82 0.037 154.257
5.8 10.78 0.035 153.537
5.81 10.63 0.031 151.761
5.82 10.37 0.026 149.095
5.83 10 0.022 146.34
5.84 9.57 0.02 144.337
5.85 9.13 0.02 143.43
5.86 8.65 0.02 142.387
5.87 8.14 0.02 141.213
5.88 7.58 0.022 140.951
5.89 6.98 0.024 140.365
5.9 6.37 0.027 139.959
5.91 5.67 0.03 138.909
5.92 4.96 0.035 138.083
5.93 4.28 0.041 137.037
5.94 3.69 0.048 135.976
5.95 3.27 0.056 135.418
5.96 3.21 0.064 136.63
5.97 3.15 0.072 137.666
5.98 3.09 0.082 138.843
5.99 3.34 0.091 141.695
6 3.84 0.096 145.282
6.01 4.88 0.096 150.454
6.02 6.1 0.087 154.17
6.03 6.97 0.077 155.642
6.04 7.37 0.074 156.452
6.05 7.51 0.071 156.409
6.06 7.44 0.068 155.71
6.07 7.45 0.066 155.425
6.08 7.48 0.067 155.781
6.09 7.43 0.069 156.083
6.1 7.61 0.072 157.249
6.11 8.18 0.075 159.507
6.12 8.94 0.076 161.812
6.13 9.55 0.074 163.069
6.14 9.93 0.071 163.499
6.15 10.22 0.067 163.461
6.16 10.41 0.064 163.346
6.17 10.55 0.064 163.734
6.18 10.72 0.063 163.971
6.19 10.9 0.062 164.219
6.2 10.93 0.061 164.136
6.21 10.73 0.057 162.852
6.22 10.42 0.051 160.744
6.23 10.2 0.046 158.952
6.24 10.12 0.043 157.954
6.25 10.11 0.04 157.054
6.26 10.16 0.013 143.198
6.27 10.45 0.012 142.889
6.28 10.67 0.0117 143.08
6.29 10.84 0.0113 143.055
6.3 10.97 0.011 143.043
6.31 11.03 0.012 144.26
6.32 10.98 0.013 145.192
6.33 10.85 0.014 145.904
6.34 10.65 0.014 145.578
6.35 10.44 0.015 146.06
6.36 10.22 0.017 147.202
6.37 10 0.019 148.17
6.38 9.75 0.022 149.508
6.39 9.45 0.024 149.983
6.4 9.1 0.028 151.162
6.41 8.76 0.031 151.679
6.42 8.44 0.032 151.333
6.43 8.14 0.034 151.373
6.44 7.84 0.035 150.986
6.45 7.58 0.035 150.319
6.46 7.34 0.036 150.04
6.47 7.12 0.036 149.448
6.48 6.9 0.036 148.838
6.49 6.72 0.037 148.675
6.5 6.52 0.037 148.093
6.51 6.28 0.036 147.023
6.52 6 0.033 145.068
6.53 5.7 0.029 142.522
6.54 5.44 0.026 140.346
6.55 5.16 0.022 137.418
6.56 4.92 0.017 133.639
6.57 4.68 0.014 130.609
6.58 4.53 0.0137 129.819
6.59 4.47 0.0133 129.305
6.6 4.4 0.013 128.821
6.61 4.32 0.013 128.536
6.62 4.23 0.012 127.349
6.63 4.16 0.011 126.18
6.64 4.16 0.009 124.143
6.65 4.14 0.008 122.899
6.66 4.08 0.009 123.9
6.67 4.02 0.008 122.481
6.68 3.96 0.0077 121.879
6.69 3.95 0.0073 121.346
6.7 3.99 0.007 121.149
6.71 4.09 0.006 120.082
6.72 4.23 0.005 118.898
6.73 4.38 0.006 121.373
6.74 4.5 0.006 121.896
6.75 4.59 0.007 123.873
6.76 4.71 0.008 125.775
6.77 4.76 0.009 127.259
6.78 4.83 0.008 126.335
6.79 4.76 0.007 124.728
6.8 4.71 0.0073 125.026
6.81 4.51 0.0077 124.85
6.82 4.33 0.008 124.566
6.83 4.14 0.01 126.135
6.84 3.98 0.012 127.39
6.85 3.84 0.014 128.423
6.86 3.75 0.016 129.467
6.87 3.75 0.02 131.947
6.88 3.79 0.023 133.748
6.89 3.86 0.027 135.957
6.9 3.88 0.028 136.525
6.91 3.86 0.028 136.479
6.92 3.83 0.027 135.968
6.93 3.77 0.025 134.848
6.94 3.73 0.023 133.763
6.95 3.69 0.022 133.116
6.96 3.64 0.021 132.395
6.97 3.63 0.021 132.395
6.98 3.69 0.024 134.244
6.99 3.79 0.026 135.716
7 3.93 0.027 136.911
7.01 4.06 0.029 138.429
7.02 4.16 0.028 138.565
7.03 4.19 0.025 137.461
7.04 4.18 0.021 135.488
7.05 4.17 0.019 134.371
7.06 4.18 0.018 133.867
7.07 4.11 0.018 133.594
7.08 3.96 0.018 132.933
7.09 3.81 0.018 132.248
7.1 3.72 0.019 132.44
7.11 3.69 0.021 133.444
7.12 3.66 0.021 133.339
7.13 3.65 0.0207 133.179
7.14 3.74 0.0203 133.482
7.15 3.89 0.02 134.126
7.16 4.06 0.022 136.082
7.17 4.13 0.023 136.976
7.18 4.08 0.021 135.758
7.19 4.05 0.02 135.116
7.2 4.08 0.021 135.863
7.21 4.16 0.019 135.165
7.22 4.29 0.014 132.411
7.23 4.49 0.014 133.334
7.24 4.89 0.014 135.034
7.25 5.02 0.014 135.597
7.26 5.09 0.015 136.702
7.27 5.11 0.014 136.049
7.28 5.01 0.013 134.88
7.29 4.88 0.011 132.566
7.3 4.76 0.009 129.954
7.31 4.64 0.0097 130.336
7.32 4.5 0.0103 130.462
7.33 4.38 0.011 130.717
7.34 4.31 0.013 132.29
7.35 4.32 0.016 134.691
7.36 4.35 0.018 136.204
7.37 4.37 0.02 137.546
7.38 4.32 0.021 137.929
7.39 4.25 0.021 137.657
7.4 4.16 0.023 138.328
7.41 4.04 0.021 136.759
7.42 3.93 0.017 133.892
7.43 3.89 0.012 129.925
7.44 4.01 0.011 129.602
7.45 4.24 0.011 130.696
7.46 4.54 0.011 132.038
7.47 4.97 0.011 133.82
7.48 5.38 0.014 138.151
7.49 5.74 0.017 141.769
7.5 6.13 0.019 144.501
7.51 6.55 0.021 147.161
7.52 6.91 0.024 150.012
7.53 7.27 0.022 150.078
7.54 7.72 0.0227 151.833
7.55 8.19 0.0233 153.52
7.56 8.8 0.024 155.556
7.57 9.54 0.028 159.465
7.58 10.36 0.03 162.358
7.59 11.01 0.032 164.729
7.6 11.48 0.032 165.785
7.61 11.89 0.034 167.528
7.62 12.26 0.035 168.737
7.63 12.61 0.033 168.656
7.64 12.93 0.03 167.99
7.65 13.13 0.027 166.953
7.66 13.15 0.024 165.422
7.67 13.14 0.021 163.635
7.68 13.1 0.0193 162.478
7.69 13.09 0.0189 162.236
7.7 13.12 0.0184 161.986
7.71 13.11 0.018 161.731
7.72 13.02 0.021 163.715
7.73 12.83 0.024 165.253
7.74 12.56 0.026 165.908
7.75 12.25 0.029 166.881
7.76 11.96 0.033 168.164
7.77 11.74 0.037 169.38
7.78 11.6 0.041 170.599
7.79 11.52 0.045 171.815
7.8 11.49 0.048 172.737
7.81 11.54 0.049 173.204
7.82 11.59 0.049 173.373
7.83 11.59 0.049 173.435
7.84 11.52 0.049 173.345
7.85 11.43 0.05 173.502
7.86 11.3 0.05 173.278
7.87 11.2 0.05 173.117
7.88 11.12 0.05 173
7.89 11.11 0.05 173.038
7.9 11.12 0.048 172.535
7.91 11.12 0.046 171.985
7.92 11.09 0.044 171.344
7.93 11.05 0.043 170.988
7.94 10.98 0.042 170.557
7.95 10.9 0.042 170.437
7.96 10.75 0.042 170.157
7.97 10.68 0.042 170.056
7.98 10.5 0.041 169.359
7.99 10.43 0.04 168.908
8 10.18 0.038 167.66
8.01 10.1 0.038 167.528
8.02 9.9 0.037 166.734
8.03 9.65 0.036 165.8
8.04 9.52 0.036 165.534
8.05 9.41 0.036 165.314
8.06 9.33 0.036 165.168
8.07 9.28 0.036 165.097
8.08 9.26 0.035 164.716
8.09 9.21 0.034 164.248
8.1 9.17 0.033 163.794
8.11 9.14 0.031 162.923
8.12 9.09 0.03 162.407
8.13 9.05 0.029 161.902
8.14 9.04 0.029 161.931
8.15 9.04 0.029 161.987
8.16 9.06 0.029 162.094
8.17 9.1 0.03 162.71
8.18 9.15 0.03 162.894
8.19 9.2 0.029 162.618
8.2 9.25 0.029 162.8
8.21 9.29 0.028 162.481
8.22 9.34 0.028 162.662
8.23 9.4 0.028 162.867
8.24 9.2 0.027 161.927
8.25 9.54 0.026 162.32
8.26 9.61 0.026 162.546
8.27 9.64 0.025 162.144
8.28 9.57 0.025 162.028
8.29 9.47 0.025 161.837
8.3 9.36 0.025 161.62
8.31 9.26 0.024 160.876
8.32 9.2 0.024 160.78
8.33 9.15 0.024 160.707
8.34 9.09 0.024 160.609
8.35 9.01 0.025 161.004
8.36 8.93 0.024 160.305
8.37 8.8 0.025 160.565
8.38 8.59 0.026 160.583
8.39 8.32 0.028 160.888
8.4 8.03 0.029 160.59
8.41 7.75 0.031 160.713
8.42 7.44 0.033 160.658
8.43 7.21 0.035 160.771
8.44 7.06 0.034 159.951
8.45 7.03 0.035 160.292
8.46 7.14 0.038 161.807
8.47 7.38 0.039 162.984
8.48 7.74 0.04 164.506
8.49 8.21 0.04 165.963
8.5 8.76 0.04 167.575
8.51 9.27 0.043 170.021
8.52 9.53 0.045 171.402
8.53 10.07 0.05 174.346
8.54 10.56 0.051 175.89
8.55 10.92 0.047 175.601
8.56 11.11 0.04 173.748
8.57 11.16 0.029 169.325
8.58 11.1 0.027 168.245
8.59 11.15 0.025 167.334
8.6 11.28 0.0257 168.053
8.61 11.45 0.0263 168.794
8.62 11.62 0.027 169.577
8.63 11.8 0.029 171.022
8.64 12 0.031 172.446
8.65 12.23 0.035 174.729
8.66 12.49 0.038 176.519
8.67 12.77 0.041 178.263
8.68 13.06 0.043 179.608
8.69 13.34 0.044 180.561
8.7 13.6 0.044 181.121
8.71 13.87 0.046 182.366
8.72 14.09 0.047 183.165
8.73 14.28 0.048 183.899
8.74 14.46 0.048 184.29
8.75 14.61 0.048 184.623
8.76 14.78 0.048 184.989
8.77 14.95 0.049 185.671
8.78 15.11 0.049 186.015
8.79 15.27 0.05 186.67
8.8 15.4 0.052 187.568
8.81 15.48 0.053 188.065
8.82 15.52 0.055 188.775
8.83 15.57 0.056 189.205
8.84 15.59 0.058 189.853
8.85 15.63 0.059 190.254
8.86 15.64 0.061 190.86
8.87 15.65 0.063 191.45
8.88 15.6 0.065 191.92
8.89 15.48 0.067 192.251
8.9 15.4 0.07 192.869
8.91 15.31 0.073 193.441
8.92 15.26 0.074 193.629
8.93 15.28 0.075 193.943
8.94 15.44 0.075 194.294
8.95 15.68 0.075 194.787
8.96 15.96 0.075 195.345
8.97 16.23 0.074 195.659
8.98 16.46 0.073 195.895
8.99 16.69 0.074 196.57
9 16.82 0.073 196.628
9.01 17.04 0.073 197.057
9.02 17.22 0.072 197.19
9.03 17.36 0.07 197.018
9.04 17.44 0.068 196.734
9.05 17.48 0.068 196.86
9.06 17.6 0.068 197.114
9.07 17.78 0.067 197.221
9.08 17.96 0.065 197.07
9.09 18.18 0.065 197.476
9.1 18.39 0.064 197.608
9.11 18.62 0.062 197.5
9.12 18.8 0.062 197.835
9.13 18.74 0.061 197.536
9.14 18.76 0.06 197.355
9.15 18.79 0.062 198
9.16 18.73 0.063 198.233
9.17 18.77 0.063 198.354
9.18 18.82 0.062 198.226
9.19 18.88 0.061 198.109
9.2 18.86 0.062 198.406
9.21 18.87 0.063 198.746
9.22 18.91 0.063 198.867
9.23 18.8433 0.049 194.711
9.24 18.7767 0.048 194.337
9.25 18.71 0.046 193.609
9.26 18.8 0.045 193.447
9.27 18.86 0.045 193.594
9.28 18.88 0.045 193.681
9.29 18.88 0.046 194.094
9.3 18.85 0.046 194.108
9.31 18.86 0.049 195.204
9.32 18.92 0.051 196.003
9.33 19.02 0.052 196.527
9.34 19.01 0.052 196.571
9.35 19.01 0.05 195.989
9.36 19.01 0.0493 195.817
9.37 18.97 0.0487 195.617
9.38 18.97 0.048 195.439
9.39 18.97 0.048 195.497
9.4 18.96 0.049 195.876
9.41 19.03 0.05 196.367
9.42 19.09 0.051 196.838
9.43 19.09 0.051 196.896
9.44 19.1 0.052 197.288
9.45 19.06 0.053 197.599
9.46 18.99 0.055 198.162
9.47 18.96 0.055 198.176
9.48 18.93 0.056 198.486
9.49 18.83 0.058 198.973
9.5 18.75 0.06 199.471
9.51 18.69 0.062 199.982
9.52 18.6 0.063 200.168
9.53 18.54 0.064 200.395
9.54 18.51 0.065 200.666
9.55 18.51 0.066 200.979
9.56 18.5 0.067 201.274
9.57 18.49 0.068 201.565
9.58 18.41 0.068 201.498
9.59 18.31 0.068 201.398
9.6 18.22 0.07 201.8
9.61 18.15 0.07 201.746
9.62 18.04 0.07 201.628
9.63 17.94 0.071 201.763
9.64 17.81 0.071 201.61
9.65 17.68 0.071 201.455
9.66 17.58 0.07 201.111
9.67 17.45 0.069 200.714
9.68 17.41 0.07 200.946
9.69 17.39 0.07 200.97
9.7 17.41 0.071 201.298
9.71 17.4 0.07 201.102
9.72 17.39 0.07 201.143
9.73 17.33 0.069 200.86
9.74 17.23 0.067 200.259
9.75 17.09 0.064 199.32
9.76 16.8 0.063 198.625
9.77 16.51 0.063 198.184
9.78 16.22 0.063 197.735
9.79 15.86 0.062 196.891
9.8 15.43 0.063 196.43
9.81 14.87 0.063 195.443
9.82 14.24 0.064 194.538
9.83 13.57 0.066 193.743
9.84 12.83 0.067 192.48
9.85 12.2 0.07 191.841
9.86 11.94 0.071 191.527
9.87 11.6 0.073 191.227
9.88 11.44 0.074 191.115
9.89 11.46 0.076 191.641
9.9 11.67 0.08 193.019
9.91 12 0.084 194.638
9.92 12.37 0.086 195.929
9.93 12.79 0.085 196.737
9.94 13.12 0.079 196.316
9.95 13.29 0.072 195.223
9.96 13.33 0.065 193.706
9.97 13.27 0.057 191.53
9.98 13.09 0.05 189.134
9.99 12.79 0.047 187.588
10 12.48 0.045 186.303
10.01 12.2 0.042 184.684
10.02 11.91 0.04 183.35
10.03 11.7 0.04 182.932
10.04 11.54 0.042 183.363
10.05 11.37 0.043 183.381
10.06 11.21 0.045 183.751
10.07 11.09 0.046 183.853
10.08 11.04 0.046 183.784
10.09 10.95 0.046 183.619
10.1 10.9 0.046 183.548
10.11 10.85 0.047 183.806
10.12 10.77 0.047 183.66
10.13 10.7 0.049 184.176
10.14 10.62 0.049 184.027
10.15 10.55 0.047 183.266
10.16 10.52 0.045 182.579
10.17 10.5 0.044 182.238
10.18 10.48 0.044 182.238
10.19 10.48 0.044 182.288
10.2 10.49 0.043 182.014
10.21 10.52 0.042 181.782
10.22 10.55 0.041 181.542
10.23 10.58 0.0387 180.795
10.24 10.61 0.0363 179.957
10.25 10.64 0.034 179.101
10.26 10.78 0.034 179.487
10.27 10.92 0.033 179.423
10.28 11.08 0.033 179.848
10.29 11.3 0.034 180.855
10.3 11.53 0.034 181.43
10.31 11.78 0.035 182.48
10.32 12.04 0.036 183.534
10.33 12.25 0.035 183.61
10.34 12.4 0.036 184.413
10.35 12.46 0.037 185.012
10.36 12.47 0.038 185.494
10.37 12.51 0.04 186.424
10.38 12.6 0.041 187.05
10.39 12.77 0.041 187.461
10.4 13.03 0.042 188.434
10.41 13.41 0.042 189.266
10.42 13.91 0.043 190.69
10.43 14.5 0.043 191.886
10.44 15.13 0.041 192.352
10.45 15.65 0.039 192.539
10.46 16.05 0.038 192.874
10.47 16.34 0.041 194.65
10.48 16.53 0.045 196.543
10.49 16.66 0.052 199.199
10.5 16.78 0.058 201.278
10.51 16.91 0.066 203.733
10.52 17.01 0.073 205.678
10.53 17.05 0.076 206.493
10.54 17.13 0.081 207.785
10.55 17.24 0.085 208.868
10.56 17.37 0.091 210.339
10.57 17.41 0.093 210.845
10.58 17.52 0.097 211.833
10.59 17.66 0.103 213.193
10.6 17.73 0.105 213.712
10.61 17.77 0.106 214.007
10.62 17.79 0.107 214.265
10.63 17.79 0.109 214.651
10.64 17.74 0.11 214.783
10.65 17.7 0.109 214.607
10.66 17.67 0.108 214.446
10.67 17.62 0.106 214.081
10.68 17.58 0.104 213.728
10.69 17.53 0.102 213.351
10.7 17.49 0.1 212.985
10.71 17.48 0.1 213.022
10.72 17.44 0.099 212.829
10.73 17.38 0.099 212.779
10.74 17.34 0.099 212.763
10.75 17.27 0.099 212.695
10.76 17.24 0.099 212.696
10.77 17.22 0.099 212.716
10.78 17.22 0.099 212.771
10.79 17.27 0.099 212.914
10.8 17.39 0.099 213.182
10.81 17.57 0.099 213.553
10.82 17.8 0.098 213.827
10.83 17.92 0.098 214.089
10.84 18.14 0.097 214.338
10.85 18.22 0.096 214.344
10.86 18.2 0.095 214.178
10.87 18.09 0.095 214.046
10.88 17.9 0.096 213.962
10.89 17.67 0.098 213.985
10.9 17.41 0.099 213.764
10.91 17.19 0.099 213.427
10.92 17.06 0.101 213.603
10.93 16.99 0.101 213.531
10.94 17.03 0.102 213.833
10.95 17.14 0.102 214.086
10.96 17.36 0.102 214.534
10.97 17.67 0.1 214.782
10.98 17.97 0.097 214.813
10.99 18.18 0.094 214.665
11 18.28 0.091 214.31
11.01 18.32 0.089 214.035
11.02 18.33 0.086 213.496
11.03 18.27 0.084 213.032
11.04 18.22 0.082 212.575
11.05 18.19 0.081 212.361
11.06 18.16 0.08 212.144
11.07 18.14 0.08 212.164
11.08 18.14 0.081 212.437
11.09 18.12 0.082 212.673
11.1 18.12 0.082 212.727
11.11 18.15 0.082 212.831
11.12 18.22 0.083 213.217
11.13 18.36 0.083 213.505
11.14 18.42 0.084 213.872
11.15 18.45 0.083 213.762
11.16 18.45 0.084 214.029
11.17 18.44 0.086 214.485
11.18 18.41 0.088 214.898
11.19 18.43 0.089 215.188
11.2 18.47 0.09 215.509
11.21 18.52 0.092 216.041
11.22 18.61 0.093 216.44
11.23 17.84 0.083 213.153
11.24 18.43 0.08 213.552
11.25 18.58 0.079 213.631
11.26 18.68 0.08 214.072
11.27 18.72 0.082 214.632
11.28 18.74 0.085 215.361
11.29 18.75 0.089 216.256
11.3 18.77 0.091 216.743
11.31 18.88 0.095 217.757
11.32 19.05 0.098 218.656
11.33 19.25 0.099 219.224
11.34 19.34 0.099 219.425
11.35 19.47 0.098 219.505
11.36 19.41 0.1 219.831
11.37 19.32 0.103 220.279
11.38 19.2 0.105 220.487
11.39 19.09 0.105 220.359
11.4 19.05 0.106 220.52
11.41 18.87 0.105 220.099
11.42 18.74 0.106 220.107
11.43 18.6 0.105 219.749
11.44 18.46 0.104 219.389
11.45 18.31 0.105 219.359
11.46 18.17 0.105 219.17
11.47 17.98 0.105 218.892
11.48 17.82 0.106 218.836
11.49 17.68 0.107 218.811
11.5 17.58 0.107 218.685
11.51 17.56 0.108 218.871
11.52 17.52 0.108 218.852
11.53 17.54 0.11 219.276
11.54 17.58 0.111 219.566
11.55 17.61 0.11 219.507
11.56 17.54 0.109 219.267
11.57 17.37 0.108 218.845
11.58 17.14 0.108 218.478
11.59 16.87 0.108 218.031
11.6 16.57 0.108 217.521
11.61 16.22 0.109 217.071
11.62 15.89 0.109 216.482
11.63 15.54 0.109 215.84
11.64 15.22 0.108 215.081
11.65 14.93 0.108 214.537
11.66 14.71 0.108 214.13
11.67 14.52 0.106 213.448
11.68 14.36 0.106 213.158
11.69 14.24 0.106 212.952
11.7 14.17 0.106 212.851
11.71 14.16 0.105 212.712
11.72 14.14 0.104 212.55
11.73 14.13 0.103 212.408
11.74 14.08 0.1 211.828
11.75 13.98 0.098 211.306
11.76 13.77 0.095 210.351
11.77 13.51 0.093 209.453
11.78 13.2 0.091 208.426
11.79 12.88 0.089 207.356
11.8 12.57 0.088 206.484
11.81 12.26 0.087 205.596
11.82 11.95 0.086 204.69
11.83 11.64 0.086 203.965
11.84 11.34 0.085 203.049
11.85 11.1 0.083 202.072
11.86 10.93 0.081 201.261
11.87 10.79 0.079 200.518
11.88 10.68 0.077 199.842
11.89 10.66 0.076 199.618
11.9 10.77 0.075 199.74
11.91 10.87 0.075 200.052
11.92 11.14 0.073 200.356
11.93 11.44 0.071 200.707
11.94 11.68 0.07 201.117
11.95 11.92 0.069 201.513
11.96 12.22 0.067 201.788
11.97 12.44 0.065 201.844
11.98 12.55 0.062 201.354
11.99 12.56 0.058 200.309
12 12.6 0.055 199.564
12.01 12.72 0.053 199.268
12.02 12.95 0.053 199.829
12.03 13.18 0.054 200.694
12.04 13.52 0.056 202.089
12.05 13.97 0.06 204.26
12.06 14.46 0.063 206.159
12.07 14.97 0.064 207.51
12.08 15.56 0.061 207.884
12.09 16.15 0.056 207.567
12.1 16.69 0.0563 208.693
12.11 17.16 0.0567 209.701
12.12 17.53 0.057 210.487
12.13 17.75 0.063 212.677
12.14 17.8 0.068 214.169
12.15 17.8 0.079 216.907
12.16 17.75 0.084 217.979
12.17 17.71 0.086 218.385
12.18 17.62 0.091 219.303
12.19 17.48 0.097 220.268
12.2 17.29 0.106 221.602
12.21 17.1 0.113 222.481
12.22 16.84 0.1107 221.661
12.23 16.58 0.1083 220.812
12.24 16.32 0.106 219.967
12.25 16.25 0.11 220.56
12.26 16.15 0.113 220.908
12.27 16.07 0.114 220.962
12.28 16.01 0.116 221.213
12.29 16.03 0.116 221.303
12.3 16.11 0.115 221.352
12.31 16.21 0.114 221.438
12.32 16.35 0.112 221.436
12.33 16.44 0.11 221.329
12.34 16.46 0.107 220.909
12.35 16.38 0.105 220.458
12.36 16.23 0.106 220.389
12.37 15.97 0.108 220.269
12.38 15.88 0.107 219.969
12.39 15.78 0.107 219.818
12.4 15.51 0.109 219.66
12.41 15.45 0.109 219.587
12.42 15.21 0.109 219.141
12.43 15.15 0.109 219.066
12.44 14.95 0.111 219.027
12.45 14.8 0.112 218.921
12.46 14.62 0.113 218.746
12.47 14.44 0.114 218.565
12.48 14.27 0.113 218.081
12.49 14.14 0.11 217.356
12.5 14.14 0.107 216.904
12.51 14.21 0.104 216.594
12.52 14.14 0.1 215.783
12.53 14.01 0.102 215.899
12.54 13.89 0.102 215.68
12.55 13.77 0.101 215.282
12.56 13.66 0.1 214.903
12.57 13.55 0.099 214.521
12.58 13.47 0.096 213.837
12.59 13.46 0.095 213.675
12.6 13.49 0.094 213.603
12.61 13.63 0.092 213.585
12.62 13.87 0.09 213.779
12.63 14.25 0.09 214.66
12.64 14.74 0.093 216.344
12.65 15.26 0.098 218.424
12.66 15.82 0.103 220.52
12.67 16.31 0.099 220.811
12.68 16.73 0.096 221.102
12.69 17.06 0.094 221.386
12.7 17.37 0.092 221.612
12.71 17.66 0.091 221.988
12.72 17.91 0.089 222.075
12.73 18.13 0.09 222.722
12.74 18.38 0.09 223.21
12.75 18.7 0.088 223.396
12.76 18.99 0.086 223.513
12.77 19.26 0.088 224.445
12.78 19.47 0.092 225.678
12.79 19.58 0.098 227.101
12.8 19.57 0.1 227.516
12.81 19.5 0.105 228.373
12.82 19.36 0.111 229.243
12.83 19.21 0.117 230.041
12.84 19.04 0.124 230.91
12.85 18.76 0.133 231.816
12.86 18.45 0.141 232.437
12.87 18.18 0.149 233.062
12.88 18 0.156 233.669
12.89 17.92 0.161 234.184
12.9 17.95 0.165 234.77
12.91 18.02 0.168 235.304
12.92 18.22 0.171 236.077
12.93 18.54 0.172 236.835
12.94 18.91 0.171 237.446
12.95 19.23 0.171 238.071
12.96 19.44 0.171 238.495
12.97 19.46 0.171 238.582
12.98 19.43 0.171 238.58
12.99 19.4 0.173 238.809
13 19.41 0.176 239.219
13.01 19.48 0.177 239.507
13.02 19.65 0.179 240.083
13.03 19.9 0.179 240.572
13.04 20.16 0.178 240.961
13.05 20.34 0.177 241.208
13.06 20.34 0.178 241.372
13.07 20.24 0.18 241.477
13.08 20 0.183 241.445
13.09 19.75 0.185 241.278
13.1 19.56 0.186 241.101
13.11 19.43 0.188 241.136
13.12 19.3 0.188 240.954
13.13 19.2 0.19 241.037
13.14 19.16 0.19 241.015
13.15 19.07 0.189 240.797
13.16 19.02 0.189 240.757
13.17 19 0.19 240.877
13.18 19.01 0.189 240.84
13.19 19.05 0.189 240.964
13.2 19.11 0.19 241.23
13.21 19.24 0.19 241.516
13.22 19.19 0.166 238.779
13.23 19.14 0.171 239.33
13.24 19.09 0.161 238.093
13.25 19.16 0.155 237.517
13.26 19.19 0.152 237.234
13.27 19.14 0.149 236.802
13.28 19.01 0.147 236.353
13.29 18.85 0.148 236.248
13.3 18.7 0.149 236.158
13.31 18.64 0.151 236.36
13.32 18.67 0.153 236.723
13.33 18.8 0.156 237.393
13.34 18.89 0.158 237.857
13.35 19.18 0.165 239.291
13.36 19.35 0.17 240.241
13.37 19.43 0.173 240.784
13.38 19.63 0.177 241.649
13.39 19.87 0.179 242.349
13.4 20.04 0.177 242.47
13.41 20.13 0.176 242.562
13.42 20.16 0.177 242.779
13.43 20.25 0.175 242.755
13.44 20.31 0.175 242.909
13.45 20.43 0.174 243.05
13.46 20.52 0.175 243.37
13.47 20.68 0.176 243.808
13.48 20.82 0.177 244.21
13.49 20.91 0.179 244.641
13.5 21.19 0.181 245.387
13.51 21.34 0.182 245.8
13.52 21.46 0.184 246.273
13.53 21.51 0.185 246.517
13.54 21.56 0.188 246.981
13.55 21.6 0.191 247.423
13.56 21.67 0.193 247.804
13.57 21.74 0.195 248.183
13.58 21.8 0.196 248.438
13.59 21.84 0.197 248.659
13.6 21.83 0.197 248.694
13.61 21.76 0.196 248.524
13.62 21.67 0.196 248.427
13.63 21.51 0.196 248.212
13.64 21.3 0.197 248.018
13.65 21.07 0.199 247.889
13.66 20.71 0.199 247.325
13.67 20.33 0.2 246.819
13.68 19.96 0.2 246.217
13.69 19.62 0.199 245.556
13.7 19.4 0.199 245.208
13.71 19.21 0.2 245.012
13.72 19.12 0.197 244.589
13.73 19.03 0.195 244.264
13.74 18.89 0.19 243.527
13.75 18.74 0.186 242.867
13.76 18.64 0.181 242.179
13.77 18.63 0.177 241.759
13.78 18.67 0.173 241.423
13.79 18.78 0.167 240.968
13.8 18.98 0.162 240.775
13.81 19.2 0.154 240.209
13.82 19.39 0.144 239.258
13.83 19.49 0.136 238.347
13.84 19.45 0.131 237.583
13.85 19.41 0.13 237.409
13.86 19.35 0.13 237.35
13.87 19.14 0.129 236.873
13.88 18.87 0.13 236.588
13.89 18.57 0.132 236.39
13.9 18.24 0.136 236.414
13.91 17.91 0.141 236.55
13.92 17.6 0.145 236.553
13.93 17.27 0.148 236.359
13.94 16.97 0.154 236.591
13.95 16.61 0.161 236.783
13.96 16.28 0.168 236.984
13.97 15.99 0.172 236.882
13.98 15.75 0.173 236.528
13.99 15.57 0.173 236.184
14 15.46 0.174 236.103
14.01 15.43 0.173 235.971
14.02 15.41 0.171 235.745
14.03 15.39 0.169 235.517
14.04 15.39 0.164 234.976
14.05 15.4 0.158 234.317
14.06 15.42 0.153 233.78
14.07 15.4 0.145 232.741
14.08 15.26 0.138 231.526
14.09 15.11 0.132 230.389
14.1 14.95 0.128 229.493
14.11 14.76 0.125 228.664
14.12 14.53 0.123 227.886
14.13 14.21 0.122 227.047
14.14 13.87 0.121 226.146
14.15 13.61 0.121 225.575
14.16 13.41 0.12 224.984
14.17 13.27 0.12 224.688
14.18 13.2 0.121 224.716
14.19 13.12 0.12 224.408
14.2 13.09 0.121 224.533
14.21 13.15 0.124 225.184
14.22 13.25 0.1217 225.123
14.23 13.35 0.1193 225.037
14.24 13.45 0.117 224.959
14.25 13.99 0.11 225.123
14.26 14.58 0.105 225.635
14.27 15.11 0.1 225.924
14.28 15.6 0.095 226.042
14.29 16 0.09 225.893
14.3 16.34 0.083 225.101
14.31 16.47 0.08 224.712
14.32 16.46 0.078 224.263
14.33 16.37 0.075 223.4
14.34 16.13 0.07 221.692
14.35 15.76 0.062 218.775
14.36 15.37 0.0607 217.645
14.37 15.12 0.0593 216.753
14.38 14.95 0.058 216.043
14.39 14.87 0.066 218.252
14.4 14.84 0.074 220.318
14.41 14.84 0.083 222.474
14.42 14.9 0.09 224.152
14.43 14.93 0.102 226.607
14.44 14.94 0.104 227.039
14.45 14.98 0.106 227.531
14.46 15.01 0.11 228.343
14.47 14.99 0.114 229.022
14.48 14.94 0.116 229.288
14.49 14.87 0.12 229.824
14.5 14.77 0.123 230.117
14.51 14.77 0.125 230.47
14.52 14.79 0.123 230.25
14.53 14.82 0.121 230.048
14.54 14.82 0.119 229.773
14.55 14.83 0.117 229.515
14.56 14.81 0.114 229.019
14.57 14.85 0.113 228.984
14.58 14.87 0.112 228.902
14.59 14.93 0.112 229.079
14.6 15.08 0.113 229.622
14.61 15.32 0.115 230.525
14.62 15.66 0.116 231.465
14.63 16.12 0.116 232.477
14.64 16.7 0.116 233.707
14.65 17.34 0.116 235.021
14.66 17.94 0.116 236.22
14.67 18.5 0.116 237.313
14.68 19.05 0.116 238.361
14.69 19.62 0.117 239.592
14.7 20.2 0.118 240.815
14.71 20.79 0.121 242.367
14.72 21.35 0.127 244.324
14.73 21.58 0.13 245.223
14.74 22 0.138 247.176
14.75 22.31 0.146 248.886
14.76 22.55 0.154 250.426
14.77 22.72 0.162 251.803
14.78 22.86 0.17 253.086
14.79 23 0.176 254.088
14.8 23.09 0.184 255.221
14.81 23.15 0.192 256.27
14.82 23.2 0.198 257.055
14.83 23.31 0.205 258.023
14.84 23.53 0.211 259.042
14.85 23.84 0.217 260.186
14.86 24.14 0.222 261.198
14.87 24.46 0.224 261.938
14.88 24.76 0.226 262.642
14.89 25.1 0.227 263.304
14.9 25.48 0.228 264.02
14.91 25.9 0.229 264.788
14.92 26.17 0.232 265.52
14.93 26.2 0.232 265.614
14.94 26.05 0.232 265.444
14.95 25.75 0.234 265.24
14.96 25.4 0.236 264.954
14.97 25.02 0.239 264.707
14.98 24.71 0.24 264.373
14.99 24.39 0.245 264.38
15 24.12 0.25 264.449
15.01 23.86 0.253 264.348
15.02 23.62 0.256 264.271
15.03 23.45 0.257 264.131
15.04 23.33 0.259 264.155
15.05 23.27 0.257 263.936
15.06 23.25 0.256 263.866
15.07 23.26 0.255 263.845
15.08 23.34 0.252 263.765
15.09 23.38 0.248 263.527
15.1 23.43 0.245 263.39
15.11 23.46 0.244 263.397
15.12 23.49 0.241 263.223
15.13 23.53 0.238 263.062
15.14 23.58 0.235 262.913
15.15 23.63 0.234 262.948
15.16 23.65 0.231 262.746
15.17 23.68 0.23 262.747
15.18 23.64 0.23 262.732
15.19 23.63 0.229 262.668
15.2 23.59 0.228 262.557
15.21 23.53 0.228 262.509
15.22 23.46 0.229 262.539
15.23 23.2367 0.2197 261.323
15.24 23.0133 0.2103 260.06
15.25 22.79 0.201 258.766
15.26 22.95 0.2 258.967
15.27 23.04 0.199 259.052
15.28 23.17 0.2 259.417
15.29 23.19 0.199 259.389
15.3 23.07 0.199 259.242
15.31 22.86 0.199 258.948
15.32 22.66 0.202 258.99
15.33 22.5 0.203 258.879
15.34 22.38 0.205 258.938
15.35 22.39 0.208 259.314
15.36 22.38 0.207 259.241
15.37 22.38 0.207 259.288
15.38 22.35 0.207 259.284
15.39 22.35 0.207 259.331
15.4 22.31 0.207 259.311
15.41 22.25 0.208 259.361
15.42 22.15 0.208 259.24
15.43 22.04 0.207 258.997
15.44 21.96 0.205 258.699
15.45 21.87 0.202 258.276
15.46 21.76 0.201 258.028
15.47 21.66 0.2 257.796
15.48 21.63 0.198 257.576
15.49 21.65 0.196 257.439
15.5 21.74 0.197 257.748
15.51 21.8 0.199 258.113
15.52 21.84 0.2 258.335
15.53 21.83 0.2 258.365
15.54 21.74 0.2 258.257
15.55 21.66 0.2 258.166
15.56 21.64 0.201 258.285
15.57 21.62 0.2 258.19
15.58 21.63 0.2 258.253
15.59 21.56 0.197 257.854
15.6 21.52 0.197 257.831
15.61 21.44 0.197 257.739
15.62 21.41 0.198 257.841
15.63 21.42 0.197 257.796
15.64 21.46 0.195 257.692
15.65 21.54 0.194 257.766
15.66 21.64 0.191 257.649
15.67 21.65 0.188 257.373
15.68 21.45 0.188 257.075
15.69 21.15 0.19 256.825
15.7 20.94 0.191 256.614
15.71 20.56 0.192 256.095
15.72 20.22 0.192 255.526
15.73 19.97 0.191 255.003
15.74 19.81 0.19 254.641
15.75 19.83 0.189 254.611
15.76 20.01 0.188 254.875
15.77 20.28 0.187 255.3
15.78 20.63 0.187 255.974
15.79 20.97 0.187 256.623
15.8 21.27 0.188 257.308
15.81 21.48 0.188 257.717
15.82 21.63 0.187 257.907
15.83 21.81 0.187 258.26
15.84 21.99 0.184 258.264
15.85 22.17 0.179 258.02
15.86 22.3 0.174 257.675
15.87 22.33 0.175 257.893
15.88 22.39 0.178 258.403
15.89 22.44 0.179 258.651
15.9 22.46 0.182 259.088
15.91 22.48 0.183 259.285
15.92 22.61 0.185 259.78
15.93 22.71 0.188 260.339
15.94 22.85 0.192 261.072
15.95 23.01 0.195 261.717
15.96 23.11 0.195 261.926
15.97 23.2 0.196 262.23
15.98 23.2 0.197 262.387
15.99 23.16 0.198 262.478
16 23.16 0.202 262.961
16.01 23.16 0.203 263.114
16.02 23.18 0.203 263.193
16.03 23.2 0.201 263.054
16.04 23.21 0.201 263.116
16.05 23.25 0.203 263.444
16.06 23.35 0.205 263.868
16.07 23.4 0.205 263.995
16.08 23.51 0.201 263.786
16.09 23.64 0.199 263.822
16.1 23.76 0.197 263.838
16.11 23.86 0.194 263.706
16.12 23.88 0.192 263.556
16.13 23.83 0.189 263.177
16.14 23.66 0.186 262.601
16.15 23.46 0.182 261.851
16.16 23.21 0.183 261.612
16.17 22.86 0.185 261.321
16.18 22.58 0.186 261.02
16.19 22.29 0.185 260.462
16.2 22.01 0.185 260.033
16.21 21.78 0.184 259.568
16.22 21.45 0.184 259.042
16.23 21.33 0.185 258.994
16.24 21.0967 0.171 256.941
16.25 20.8633 0.168 256.196
16.26 20.63 0.166 255.57
16.27 20.67 0.166 255.685
16.28 20.67 0.165 255.6
16.29 20.66 0.165 255.626
16.3 20.61 0.163 255.321
16.31 20.54 0.162 255.109
16.32 20.47 0.164 255.288
16.33 20.41 0.165 255.352
16.34 20.4 0.168 255.761
16.35 20.36 0.171 256.109
16.36 20.33 0.172 256.223
16.37 20.24 0.173 256.226
16.38 20.2 0.174 256.319
16.39 20.11 0.174 256.198
16.4 20.02 0.175 256.198
16.41 19.91 0.175 256.038
16.42 19.83 0.176 256.055
16.43 19.79 0.176 256.024
16.44 19.74 0.177 256.094
16.45 19.67 0.177 256.007
16.46 19.67 0.177 256.05
16.47 19.67 0.177 256.093
16.48 19.7 0.175 255.95
16.49 19.72 0.172 255.663
16.5 19.71 0.17 255.439
16.51 19.68 0.167 255.048
16.52 19.66 0.167 255.053
16.53 19.52 0.166 254.706
16.54 19.38 0.165 254.357
16.55 19.18 0.165 254.02
16.56 18.92 0.164 253.436
16.57 18.64 0.164 252.935
16.58 18.37 0.165 252.574
16.59 18.15 0.165 252.178
16.6 17.98 0.164 251.752
16.61 17.85 0.163 251.403
16.62 17.77 0.162 251.154
16.63 17.65 0.161 250.822
16.64 17.53 0.159 250.357
16.65 17.44 0.157 249.95
16.66 17.33 0.154 249.363
16.67 17.24 0.151 248.81
16.68 17.11 0.147 248.026
16.69 16.99 0.143 247.248
16.7 16.92 0.14 246.706
16.71 16.86 0.135 245.876
16.72 16.83 0.13 245.083
16.73 16.8 0.125 244.263
16.74 16.77 0.12 243.412
16.75 16.75 0.116 242.725
16.76 16.76 0.113 242.258
16.77 16.77 0.111 241.959
16.78 16.8 0.11 241.879
16.79 16.89 0.109 241.922
16.8 17.01 0.107 241.835
16.81 17.21 0.105 241.903
16.82 17.44 0.103 242.018
16.83 17.69 0.101 242.16
16.84 17.94 0.099 242.286
16.85 18.18 0.097 242.378
16.86 18.39 0.094 242.186
16.87 18.48 0.093 242.18
16.88 18.63 0.092 242.284
16.89 18.74 0.092 242.53
16.9 18.74 0.091 242.349
16.91 18.62 0.092 242.385
16.92 18.43 0.095 242.714
16.93 18.22 0.098 242.982
16.94 18.01 0.1 243.024
16.95 17.86 0.103 243.369
16.96 17.73 0.107 243.925
16.97 17.62 0.11 244.308
16.98 17.53 0.11 244.168
16.99 17.43 0.112 244.373
17 17.35 0.113 244.432
17.01 17.26 0.114 244.468
17.02 17.17 0.115 244.502
17.03 17.08 0.117 244.707
17.04 17 0.118 244.755
17.05 16.91 0.117 244.435
17.06 16.87 0.116 244.217
17.07 16.8 0.115 243.935
17.08 16.74 0.115 243.849
17.09 16.7 0.114 243.627
17.1 16.64 0.113 243.362
17.11 16.63 0.112 243.201
17.12 16.57 0.11 242.749
17.13 16.52 0.108 242.313
17.14 16.47 0.107 242.059
17.15 16.44 0.106 241.846
17.16 16.4 0.106 241.8
17.17 16.36 0.106 241.754
17.18 16.33 0.105 241.539
17.19 16.3 0.104 241.322
17.2 16.27 0.103 241.103
17.21 16.23 0.101 240.664
17.22 16.17 0.1 240.375
17.23 16.11 0.1 240.285
17.24 15.9833 0.0973 239.505
17.25 15.8567 0.0947 238.731
17.26 15.73 0.092 237.92
17.27 15.74 0.091 237.764
17.28 15.73 0.092 237.997
17.29 15.7 0.091 237.753
17.3 15.63 0.09 237.42
17.31 15.55 0.09 237.283
17.32 15.47 0.091 237.363
17.33 15.39 0.092 237.44
17.34 15.34 0.093 237.58
17.35 15.3 0.093 237.529
17.36 15.25 0.094 237.666
17.37 15.21 0.094 237.615
17.38 15.17 0.094 237.562
17.39 15.15 0.094 237.555
17.4 15.09 0.095 237.667
17.41 15.04 0.096 237.798
17.42 14.98 0.096 237.699
17.43 14.96 0.098 238.1
17.44 14.95 0.101 238.713
17.45 14.94 0.101 238.728
17.46 14.93 0.1 238.545
17.47 14.91 0.099 238.338
17.48 14.92 0.099 238.399
17.49 14.91 0.098 238.212
17.5 14.92 0.097 238.07
17.51 14.91 0.097 238.085
17.52 14.92 0.097 238.146
17.53 14.9 0.096 237.932
17.54 14.89 0.094 237.53
17.55 14.86 0.091 236.859
17.56 14.82 0.09 236.587
17.57 14.77 0.088 236.067
17.58 14.77 0.088 236.105
17.59 14.76 0.087 235.895
17.6 14.77 0.087 235.955
17.61 14.78 0.087 236.015
17.62 14.79 0.087 236.075
17.63 14.84 0.087 236.227
17.64 14.86 0.086 236.083
17.65 14.86 0.085 235.891
17.66 14.85 0.085 235.905
17.67 14.86 0.084 235.733
17.68 14.86 0.084 235.77
17.69 14.93 0.084 235.967
17.7 15.01 0.084 236.186
17.71 15.11 0.085 236.682
17.72 15.28 0.085 237.1
17.73 15.47 0.085 237.56
17.74 15.67 0.085 238.037
17.75 15.85 0.086 238.698
17.76 16.03 0.086 239.124
17.77 16.15 0.085 239.186
17.78 16.27 0.085 239.478
17.79 16.38 0.086 239.982
17.8 16.48 0.087 240.461
17.81 16.58 0.087 240.708
17.82 16.72 0.088 241.267
17.83 16.91 0.089 241.924
17.84 17.11 0.09 242.598
17.85 17.38 0.09 243.183
17.86 17.63 0.091 243.946
17.87 17.93 0.093 245.02
17.88 18.18 0.095 245.982
17.89 18.38 0.096 246.623
17.9 18.5 0.096 246.893
17.91 18.52 0.096 246.97
17.92 18.43 0.097 247.048
17.93 18.3 0.099 247.254
17.94 18.1 0.101 247.312
17.95 17.8 0.104 247.358
17.96 17.45 0.107 247.274
17.97 17.06 0.109 246.889
17.98 16.77 0.112 246.875
17.99 16.5 0.115 246.879
18 16.35 0.12 247.467
18.01 16.24 0.123 247.774
18.02 16.22 0.125 248.101
18.03 16.24 0.127 248.511
18.04 16.33 0.13 249.231
18.05 16.5 0.131 249.8
18.06 16.73 0.131 250.337
18.07 17.01 0.131 250.975
18.08 17.39 0.131 251.814
18.09 17.89 0.131 252.882
18.1 18.44 0.131 254.026
18.11 18.95 0.128 254.574
18.12 19.37 0.123 254.573
18.13 19.64 0.122 254.947
18.14 19.87 0.123 255.587
18.15 20.1 0.124 256.223
18.16 20.44 0.127 257.394
18.17 20.78 0.131 258.712
18.18 21.16 0.137 260.396
18.19 21.5 0.142 261.814
18.2 21.84 0.147 263.203
18.21 22.21 0.153 264.761
18.22 22.61 0.159 266.333
18.23 23.1433 0.1607 267.506
18.24 23.6767 0.1623 268.648
18.25 24.21 0.164 269.786
18.26 25.03 0.172 272.201
18.27 25.79 0.176 273.941
18.28 26.54 0.181 275.758
18.29 27.23 0.186 277.449
18.3 27.82 0.19 278.842
18.31 28.32 0.194 280.086
18.32 28.65 0.198 281.073
18.33 28.82 0.205 282.17
18.34 28.88 0.213 283.198
18.35 28.91 0.219 283.939
18.36 28.96 0.224 284.586
18.37 28.93 0.23 285.214
18.38 28.9 0.238 286.027
18.39 28.83 0.246 286.758
18.4 28.75 0.253 287.356
18.41 28.69 0.26 287.966
18.42 28.63 0.264 288.289
18.43 28.54 0.266 288.383
18.44 28.36 0.271 288.61
18.45 28.17 0.273 288.551
18.46 27.96 0.275 288.459
18.47 27.68 0.275 288.085
18.48 27.41 0.274 287.634
18.49 27.21 0.274 287.374
18.5 27 0.273 287.01
18.51 26.85 0.271 286.647
18.52 26.7 0.27 286.371
18.53 26.58 0.269 286.14
18.54 26.45 0.266 285.714
18.55 26.28 0.263 285.223
18.56 26.03 0.262 284.783
18.57 25.7 0.257 283.847
18.58 25.33 0.253 282.928
18.59 24.96 0.249 281.997
18.6 24.73 0.248 281.569
18.61 24.25 0.247 280.723
18.62 23.64 0.243 279.357
18.63 22.97 0.242 278.149
18.64 22.41 0.242 277.204
18.65 21.92 0.243 276.459
18.66 21.52 0.242 275.673
18.67 21.17 0.238 274.682
18.68 20.86 0.235 273.851
18.69 20.62 0.233 273.242
18.7 20.4 0.229 272.468
18.71 20.17 0.226 271.765
18.72 19.97 0.222 271.013
18.73 19.77 0.217 270.148
18.74 19.45 0.21 268.82
18.75 19.34 0.208 268.426
18.76 19.19 0.204 267.732
18.77 19.05 0.2 267.049
18.78 18.94 0.196 266.418
18.79 18.75 0.191 265.499
18.8 18.64 0.188 264.965
18.81 18.6 0.186 264.686
18.82 18.48 0.18 263.758
18.83 18.43 0.178 263.449
18.84 18.38 0.176 263.137
18.85 18.41 0.176 263.238
18.86 18.43 0.175 263.193
18.87 18.59 0.176 263.685
18.88 18.71 0.175 263.843
18.89 18.85 0.174 264.039
18.9 18.97 0.173 264.193
18.91 19.07 0.171 264.176
18.92 19.12 0.168 263.926
18.93 19.16 0.165 263.649
18.94 19.16 0.162 263.285
18.95 19.14 0.161 263.148
18.96 19.13 0.161 263.167
18.97 19.08 0.16 262.97
18.98 19.02 0.16 262.89
18.99 18.97 0.161 262.965
19 18.92 0.161 262.903
19.01 18.87 0.162 262.977
19.02 18.81 0.163 263.029
19.03 18.8 0.167 263.579
19.04 18.75 0.168 263.647
19.05 18.71 0.17 263.864
19.06 18.63 0.17 263.74
19.07 18.51 0.17 263.533
19.08 18.32 0.172 263.436
19.09 18.1 0.172 263.017
19.1 17.9 0.171 262.507
19.11 17.73 0.169 261.928
19.12 17.58 0.168 261.517
19.13 17.51 0.167 261.275
19.14 17.41 0.167 261.098
19.15 17.38 0.166 260.94
19.16 17.36 0.166 260.935
19.17 17.36 0.164 260.71
19.18 17.41 0.164 260.855
19.19 17.5 0.163 260.954
19.2 17.6 0.163 261.206
19.21 17.79 0.16 261.244
19.22 17.99 0.157 261.291
19.23 18.22 0.156 261.668
19.24 17.98 0.142 259.171
19.25 18.73 0.139 260.276
19.26 19.08 0.137 260.694
19.27 19.38 0.138 261.476
19.28 19.63 0.137 261.838
19.29 19.9 0.137 262.392
19.3 20.17 0.136 262.779
19.31 20.46 0.137 263.518
19.32 20.72 0.137 264.036
19.33 20.93 0.138 264.618
19.34 21.13 0.141 265.493
19.35 21.23 0.144 266.178
19.36 21.38 0.148 267.094
19.37 21.5 0.153 268.088
19.38 21.52 0.156 268.596
19.39 21.48 0.159 268.988
19.4 21.3 0.163 269.257
19.41 21.12 0.168 269.644
19.42 20.94 0.172 269.878
19.43 20.76 0.176 270.098
19.44 20.61 0.18 270.359
19.45 20.5 0.184 270.684
19.46 20.38 0.188 270.979
19.47 20.31 0.193 271.475
19.48 20.33 0.198 272.131
19.49 20.37 0.201 272.588
19.5 20.39 0.202 272.778
19.51 20.36 0.202 272.759
19.52 20.33 0.202 272.74
19.53 20.36 0.202 272.836
19.54 20.43 0.199 272.67
19.55 20.47 0.196 272.442
19.56 20.55 0.196 272.633
19.57 20.64 0.196 272.844
19.58 20.8 0.195 273.07
19.59 21 0.196 273.602
19.6 21.2 0.195 273.898
19.61 21.44 0.192 274.027
19.62 21.75 0.187 274.031
19.63 22.01 0.182 273.921
19.64 22.21 0.18 274.065
19.65 22.39 0.178 274.167
19.66 22.6 0.176 274.317
19.67 22.82 0.176 274.739
19.68 23.1 0.176 275.26
19.69 23.35 0.175 275.596
19.7 23.5 0.175 275.889
19.71 23.61 0.174 275.982
19.72 23.69 0.174 276.155
19.73 23.74 0.176 276.541
19.74 23.83 0.179 277.12
19.75 23.88 0.181 277.499
19.76 24 0.185 278.244
19.77 24.13 0.193 279.482
19.78 24.21 0.2 280.485
19.79 24.24 0.207 281.379
19.8 24.18 0.215 282.207
19.81 24.15 0.225 283.265
19.82 24.11 0.23 283.756
19.83 24.1 0.235 284.287
19.84 24.14 0.24 284.893
19.85 24.16 0.242 285.164
19.86 24.24 0.245 285.632
19.87 24.37 0.247 286.086
19.88 24.52 0.249 286.571
19.89 24.72 0.249 286.947
19.9 24.94 0.248 287.257
19.91 25.1 0.249 287.658
19.92 25.33 0.248 287.98
19.93 25.52 0.246 288.136
19.94 25.71 0.241 287.992
19.95 25.76 0.238 287.812
19.96 25.9 0.234 287.671
19.97 25.94 0.234 287.775
19.98 26.05 0.233 287.888
19.99 26.14 0.229 287.656
20 26.23 0.229 287.839
