0.01 4.07 0 0
0.02 11.01 0 0
0.03 22.66 0 0
0.04 29.88 0 0
0.05 29.34 0 0
0.06 27.58 0.01 44.4416
0.07 26.76 0.02 48.9282
0.0800001 26.93 0.019 50.6085
0.0900001 27.1 0.027 53.8933
0.1 30.88 0.032 57.3535
0.11 34.19 0.05 62.0242
0.12 36.25 0.074 66.205
0.13 35.09 0.097 68.9128
0.14 35.54 0.084 69.6378
0.15 39.04 0.097 72.8196
0.16 39.75 0.1 74.5191
0.17 37.11 0.109 75.5794
0.18 34.62 0.102 75.6071
0.19 33.89 0.136 78.3704
0.2 32.62 0.127 78.6108
0.21 31.5 0.156 80.6528
0.22 29.15 0.177 81.649
0.23 26.33 0.198 82.2254
0.24 25.7 0.2 82.9837
0.25 23.47 0.19 82.4881
0.26 22.53 0.181 82.569
0.27 21.36 0.184 82.9149
0.28 19.76 0.177 82.5567
0.29 18.54 0.167 82.2058
0.3 18.11 0.161 82.4529
0.31 17.8 0.159 82.915
0.32 17.2 0.128 81.7496
0.33 17.14 0.115 81.6794
0.34 17.08 0.111 82.0764
0.35 17.13 0.111 82.7753
0.36 17 0.111 83.3346
0.37 17.01 0.112 84.0416
0.38 16.92 0.111 84.5392
0.39 16.49 0.11 84.773
0.4 16.31 0.11 85.2369
0.41 16.12 0.108 85.5487
0.42 16.16 0.108 86.1544
0.43 16.07 0.106 86.5155
0.44 16.03 0.105 86.9703
0.45 15.81 0.105 87.3414
0.46 15.67 0.105 87.7642
0.47 15.52 0.105 88.1683
0.48 15.35 0.106 88.6152
0.49 15 0.105 88.759
0.5 14.8 0.104 89.0157
0.51 14.6 0.103 89.2601
0.52 14.41 0.102 89.5014
0.53 14.22 0.102 89.8048
0.54 13.84 0.101 89.8476
0.55 13.68 0.099 90.0061
0.56 13.52 0.098 90.2287
0.57 13.35 0.096 90.3536
0.58 13.04 0.094 90.3265
0.59 12.91 0.092 90.4639
0.6 12.79 0.088 90.4304
0.61 12.65 0.084 90.3526
0.62 12.52 0.084 90.6271
0.63 12.39 0.082 90.7123
0.640001 12.08 0.079 90.4974
0.650001 11.99 0.078 90.6943
0.660001 11.84 0.078 90.9151
0.670001 11.66 0.074 90.6967
0.680001 11.52 0.072 90.7057
0.690001 11.34 0.071 90.7626
0.700001 11.21 0.07 90.8679
0.710001 11.11 0.069 91.0003
0.720001 10.99 0.067 90.9891
0.730001 10.91 0.066 91.1286
0.740001 10.73 0.065 91.1392
0.75 10.58 0.065 91.2946
0.760001 10.51 0.065 91.5439
0.770001 10.37 0.065 91.6999
0.780001 10.08 0.065 91.6543
0.790001 9.92 0.066 91.8844
0.800001 9.75 0.066 91.9771
0.810001 9.56 0.067 92.1493
0.820001 9.37 0.068 92.311
0.830001 8.97 0.069 92.1544
0.840001 8.77 0.069 92.162
0.850001 8.57 0.069 92.159
0.860001 8.35 0.069 92.1136
0.870001 8.13 0.069 92.0555
0.880001 7.91 0.069 91.9843
0.890001 7.43 0.068 91.3346
0.900001 7.2 0.068 91.2049
0.910001 6.95 0.067 90.909
0.920001 6.71 0.065 90.4968
0.930001 6.42 0.064 90.0773
0.940001 6.04 0.062 89.319
0.950001 5.85 0.061 89.0502
0.960001 5.7 0.059 88.7299
0.970001 5.61 0.056 88.3976
0.980001 5.67 0.051 88.0977
0.990001 5.73 0.048 88.0355
1 5.89 0.046 88.3194
1.01 6.07 0.045 88.7863
1.02 6.25 0.043 89.0677
1.03 6.37 0.041 89.2003
1.04 6.56 0.039 89.4466
1.05 6.62 0.039 89.8026
1.06 6.67 0.038 89.9425
1.07 6.69 0.038 90.2165
1.08 6.7 0.038 90.4696
1.09 6.7 0.038 90.7017
1.1 6.7 0.038 90.9322
1.11 6.67 0.039 91.2995
1.12 6.53 0.04 91.4407
1.13 6.56 0.042 92.1005
1.14 6.44 0.042 92.0813
1.15 6.36 0.042 92.1391
1.16 6.29 0.043 92.3948
1.17 6.2 0.044 92.6005
1.18 6.09 0.045 92.7541
1.19 5.98 0.045 92.7283
1.2 5.75 0.045 92.4208
1.21 5.66 0.045 92.4241
1.22 5.55 0.045 92.3744
1.23 5.58 0.044 92.4831
1.24 5.61 0.043 92.5858
1.25 5.74 0.042 92.9173
1.26 5.94 0.041 93.3963
1.27 6.19 0.041 94.1591
1.28 6.49 0.041 95.01
1.29 7.18 0.041 96.6112
1.3 7.53 0.042 97.6803
1.31 7.87 0.042 98.5131
1.32 8.22 0.043 99.5368
1.33 8.57 0.039 99.5347
1.34 9.26 0.038 100.643
1.35 9.56 0.038 101.315
1.36 9.8 0.039 102.107
1.37 9.98 0.043 103.42
1.38 10.12 0.046 104.422
1.39 10.24 0.047 104.997
1.4 10.25 0.05 105.765
1.41 9.9 0.052 105.79
1.42 9.78 0.053 105.98
1.43 9.65 0.055 106.309
1.44 9.58 0.058 106.875
1.45 9.49 0.059 107.088
1.46 9.36 0.059 107.08
1.47 8.98 0.058 106.493
1.48 8.73 0.058 106.261
1.49 8.45 0.056 105.653
1.5 8.16 0.054 105
1.51 7.57 0.053 103.902
1.52 7.33 0.052 103.447
1.53 7.05 0.05 102.72
1.54 6.74 0.047 101.717
1.55 6.18 0.045 100.272
1.56 5.95 0.042 99.3325
1.57 5.74 0.036 97.734
1.58 5.6 0.033 96.8555
1.59 5.35 0.03 95.6282
1.6 5.26 0.028 95.0143
1.61 5.04 0.026 94.0137
1.62 5.04 0.026 94.1757
1.63 4.97 0.026 94.1472
1.64 4.95 0.027 94.549
1.65 4.94 0.027 94.6814
1.66 4.96 0.027 94.8958
1.67 4.98 0.027 95.1094
1.68 5.14 0.024 94.769
1.69 5.18 0.017 92.3437
1.7 5.22 0.015 91.6385
1.71 5.09 0.014 90.9319
1.72 5.07 0.013 90.4682
1.73 5.08 0.012 90.0382
1.74 5.08 0.011 89.5321
1.75 5.15 0.011 89.8518
1.76 5.34 0.011 90.4649
1.77 5.44 0.011 90.8499
1.78 5.53 0.013 92.4841
1.79 5.59 0.014 93.3461
1.8 5.59 0.014 93.4908
1.81 5.6 0.015 94.1982
1.82 5.6 0.016 94.8505
1.83 5.66 0.019 96.5111
1.84 5.93 0.02 97.7244
1.85 6.07 0.021 98.6006
1.86 6.2 0.022 99.4344
1.87 6.38 0.026 101.393
1.88 6.73 0.027 102.65
1.89 6.88 0.028 103.44
1.9 7 0.029 104.154
1.91 7.07 0.03 104.751
1.92 7.12 0.031 105.297
1.93 7.18 0.032 105.855
1.94 7.39 0.033 106.722
1.95 7.5 0.035 107.627
1.96 7.6 0.037 108.487
1.97 7.7 0.038 109.087
1.98 7.88 0.038 109.605
1.99 7.98 0.039 110.196
2 8.05 0.04 110.721
2.01 8.12 0.042 111.465
2.02 8.15 0.044 112.111
2.03 8.29 0.045 112.751
2.04 8.34 0.047 113.413
2.05 8.37 0.048 113.825
2.06 8.39 0.049 114.214
2.07 8.36 0.049 114.309
2.08 8.34 0.049 114.423
2.09 8.38 0.049 114.654
2.1 8.41 0.049 114.866
2.11 8.76 0.049 115.695
2.12 9.12 0.049 116.521
2.13 9.47 0.047 116.902
2.14 9.82 0.046 117.457
2.15 10.11 0.046 118.103
2.16 10.59 0.047 119.261
2.17 10.8 0.047 119.753
2.18 10.98 0.048 120.402
2.19 11.1 0.049 120.952
2.2 11.21 0.05 121.481
2.21 11.36 0.05 121.867
2.22 11.42 0.051 122.314
2.23 11.54 0.052 122.85
2.24 11.62 0.053 123.321
2.25 11.71 0.055 123.992
2.26 11.83 0.056 124.514
2.27 11.88 0.058 125.108
2.28 11.93 0.059 125.515
2.29 11.98 0.06 125.919
2.3 12.05 0.062 126.522
2.31 12.15 0.063 126.995
2.32 12.16 0.064 127.329
2.33 12.15 0.065 127.631
2.34 12.16 0.066 127.961
2.35 12.17 0.068 128.446
2.36 12.2 0.067 128.485
2.37 12.24 0.069 129.012
2.38 12.24 0.07 129.318
2.39 12.25 0.071 129.637
2.4 12.22 0.072 129.893
2.41 12.2 0.072 130.012
2.42 12.18 0.073 130.281
2.43 12.17 0.073 130.415
2.44 12.17 0.074 130.712
2.45 12.16 0.074 130.845
2.46 12.16 0.075 131.139
2.47 12.16 0.076 131.432
2.48 12.16 0.077 131.723
2.49 12.18 0.077 131.902
2.5 12.17 0.077 132.033
2.51 12.12 0.077 132.101
2.52 12.09 0.076 132.057
2.53 12.06 0.076 132.155
2.54 12.03 0.067 130.873
2.55 12.09 0.063 130.44
2.56 12.15 0.063 130.675
2.57 12.26 0.064 131.158
2.58 12.41 0.064 131.53
2.59 12.52 0.065 132.009
2.6 12.57 0.067 132.561
2.61 12.41 0.068 132.621
2.62 12.35 0.069 132.831
2.63 12.36 0.07 133.146
2.64 12.36 0.071 133.444
2.65 12.38 0.074 134.076
2.66 12.39 0.074 134.232
2.67 12.43 0.074 134.435
2.68 12.43 0.075 134.725
2.69 12.42 0.075 134.849
2.7 12.39 0.075 134.941
2.71 12.38 0.075 135.064
2.72 12.33 0.076 135.273
2.73 12.33 0.076 135.411
2.74 12.34 0.076 135.564
2.75 12.35 0.076 135.718
2.76 12.35 0.076 135.855
2.77 12.33 0.075 135.81
2.78 12.29 0.074 135.731
2.79 12.24 0.074 135.786
2.8 12.26 0.073 135.8
2.81 12.28 0.073 135.966
2.82 12.41 0.073 136.307
2.83 12.56 0.073 136.678
2.84 12.81 0.073 137.201
2.85 12.89 0.073 137.458
2.86 12.93 0.073 137.653
2.87 12.97 0.074 138.004
2.88 13.02 0.075 138.369
2.89 13.04 0.076 138.686
2.9 13.17 0.077 139.169
2.91 13.24 0.078 139.558
2.92 13.29 0.0800001 140.062
2.93 13.32 0.0800001 140.24
2.94 13.3 0.081 140.488
2.95 13.24 0.082 140.673
2.96 13.17 0.082 140.698
2.97 13.08 0.082 140.691
2.98 13 0.082 140.698
2.99 12.89 0.082 140.657
3 12.77 0.082 140.598
3.01 12.77 0.082 140.728
3.02 12.73 0.081 140.65
3.03 12.69 0.081 140.716
3.04 12.66 0.0800001 140.652
3.05 12.61 0.0800001 140.7
3.06 12.57 0.079 140.616
3.07 12.48 0.077 140.299
3.08 12.39 0.076 140.127
3.09 12.31 0.075 139.968
3.1 12.32 0.075 140.11
3.11 12.33 0.075 140.252
3.12 12.38 0.075 140.459
3.13 12.42 0.075 140.649
3.14 12.47 0.076 141.011
3.15 12.45 0.075 140.948
3.16 12.44 0.076 141.211
3.17 12.35 0.076 141.187
3.18 12.3 0.076 141.229
3.19 12.21 0.076 141.203
3.2 12.18 0.076 141.275
3.21 12.12 0.076 141.297
3.22 12.07 0.076 141.336
3.23 12.01 0.077 141.51
3.24 12.02 0.077 141.648
3.25 12.02 0.077 141.77
3.26 12.03 0.077 141.908
3.27 12.02 0.077 142.012
3.28 12 0.077 142.098
3.29 11.92 0.077 142.082
3.3 11.87 0.077 142.116
3.31 11.82 0.077 142.149
3.32 11.8 0.077 142.233
3.33 11.76 0.077 142.283
3.34 11.68 0.077 142.261
3.35 11.61 0.076 142.102
3.36 11.58 0.076 142.167
3.37 11.51 0.075 142.003
3.38 11.44 0.074 141.837
3.39 11.29 0.073 141.524
3.4 11.21 0.071 141.168
3.41 11.17 0.071 141.211
3.42 11.13 0.071 141.253
3.43 11.11 0.07 141.164
3.44 11.09 0.07 141.242
3.45 11.07 0.07 141.319
3.46 11.03 0.07 141.359
3.47 10.87 0.07 141.175
3.48 10.85 0.069 141.082
3.49 10.58 0.068 140.512
3.5 10.41 0.068 140.296
3.51 10.25 0.068 140.095
3.52 10.09 0.067 139.716
3.53 9.96 0.066 139.391
3.54 9.85 0.054 136.972
3.55 9.68 0.053 136.523
3.56 9.63 0.053 136.528
3.57 9.63 0.054 136.848
3.58 9.63 0.054 136.954
3.59 9.67 0.055 137.352
3.6 9.83 0.055 137.783
3.61 9.75 0.055 137.727
3.62 9.76 0.055 137.854
3.63 9.77 0.053 137.555
3.64 9.88 0.053 137.882
3.65 9.89 0.053 138.008
3.66 10.04 0.053 138.412
3.67 10.42 0.053 139.26
3.68 10.68 0.054 140.079
3.69 11.28 0.055 141.508
3.7 11.66 0.054 142.075
3.71 12 0.053 142.55
3.72 12.29 0.054 143.37
3.73 12.94 0.055 144.767
3.74 13.27 0.057 145.834
3.75 13.54 0.061 147.194
3.76 13.8 0.063 148.104
3.77 13.97 0.065 148.862
3.78 14.14 0.066 149.421
3.79 14.32 0.069 150.358
3.8 14.54 0.07 150.98
3.81 14.76 0.071 151.596
3.82 14.99 0.074 152.569
3.83 15.08 0.076 153.151
3.84 15.13 0.079 153.83
3.85 15.18 0.0800001 154.176
3.86 15.26 0.082 154.721
3.87 15.28 0.083 155.018
3.88 15.27 0.086 155.574
3.89 15.23 0.087 155.776
3.9 15.16 0.088 155.932
3.91 15.05 0.089 156.026
3.92 14.93 0.091 156.246
3.93 14.76 0.093 156.381
3.94 14.36 0.093 155.874
3.95 14.13 0.094 155.76
3.96 13.88 0.093 155.331
3.97 13.56 0.093 154.919
3.98 13.21 0.092 154.306
3.99 12.36 0.091 152.803
4 12.23 0.0900001 152.536
4.01 12.06 0.087 151.906
4.02 11.97 0.086 151.701
4.03 11.92 0.0850001 151.567
4.04 11.91 0.084 151.504
4.05 11.89 0.082 151.268
4.06 11.85 0.081 151.144
4.07 11.79 0.081 151.136
4.08 11.53 0.081 150.755
4.09 11.34 0.082 150.651
4.1 11.16 0.082 150.406
4.11 10.96 0.082 150.116
4.12 10.5 0.081 149.141
4.13 10.31 0.0800001 148.696
4.14 10.16 0.079 148.327
4.15 10.04 0.077 147.857
4.16 9.96 0.076 147.625
4.17 9.85 0.076 147.487
4.18 9.77 0.076 147.412
4.19 9.64 0.074 146.9
4.2 9.48 0.074 146.643
4.21 9.1 0.074 145.878
4.22 8.93 0.073 145.414
4.23 8.75 0.073 145.084
4.24 8.74 0.071 144.82
4.25 8.8 0.069 144.713
4.26 8.87 0.067 144.619
4.27 9.16 0.061 144.254
4.28 9.49 0.059 144.684
4.29 9.83 0.057 145.097
4.3 10.59 0.057 146.756
4.31 10.92 0.053 146.611
4.32 11.2 0.053 147.241
4.33 11.44 0.053 147.786
4.34 11.99 0.053 148.885
4.35 12.24 0.053 149.423
4.36 12.49 0.054 150.188
4.37 12.72 0.056 151.136
4.38 13.1 0.056 151.874
4.39 13.22 0.058 152.615
4.4 13.33 0.06 153.326
4.41 13.44 0.065 154.631
4.42 13.54 0.067 155.284
4.43 13.7 0.068 155.837
4.44 13.72 0.069 156.157
4.45 13.73 0.073 157.006
4.46 13.72 0.075 157.441
4.47 13.72 0.076 157.712
4.48 13.73 0.077 157.999
4.49 13.75 0.078 158.3
4.5 13.79 0.0800001 158.798
4.51 13.84 0.081 159.143
4.52 13.88 0.081 159.308
4.53 13.94 0.082 159.667
4.54 13.98 0.075 158.649
4.55 14 0.067 157.296
4.56 14 0.067 157.392
4.57 13.96 0.067 157.423
4.58 13.9 0.068 157.615
4.59 13.82 0.069 157.771
4.6 13.75 0.073 158.492
4.61 13.58 0.075 158.661
4.62 13.32 0.076 158.49
4.63 13.27 0.076 158.499
4.64 13.28 0.077 158.784
4.65 13.28 0.077 158.879
4.66 13.39 0.077 159.163
4.67 13.26 0.077 159.034
4.68 13.22 0.077 159.06
4.69 13.19 0.077 159.102
4.7 13.18 0.076 159.006
4.71 13.17 0.076 159.082
4.72 13.18 0.076 159.193
4.73 13.19 0.076 159.305
4.74 13.23 0.075 159.292
4.75 13.27 0.075 159.455
4.76 13.35 0.075 159.686
4.77 13.43 0.075 159.917
4.78 13.46 0.076 160.238
4.79 13.41 0.076 160.245
4.8 13.33 0.076 160.2
4.81 13.27 0.076 160.188
4.82 13.18 0.076 160.124
4.83 13.12 0.076 160.111
4.84 13.05 0.076 160.08
4.85 13 0.076 160.083
4.86 12.94 0.076 160.068
4.87 12.89 0.076 160.07
4.88 12.77 0.076 159.946
4.89 12.73 0.075 159.789
4.9 12.7 0.075 159.825
4.91 12.69 0.075 159.898
4.92 12.69 0.074 159.81
4.93 12.68 0.073 159.701
4.94 12.68 0.073 159.791
4.95 12.69 0.073 159.899
4.96 12.7 0.073 160.007
4.97 12.71 0.073 160.114
4.98 12.73 0.072 160.056
4.99 12.72 0.072 160.128
5 12.7 0.072 160.18
5.01 12.69 0.072 160.251
5.02 12.69 0.072 160.34
5.03 12.68 0.072 160.411
5.04 12.69 0.072 160.517
5.05 12.68 0.072 160.588
5.06 12.66 0.072 160.639
5.07 12.62 0.072 160.654
5.08 12.56 0.072 160.632
5.09 12.46 0.072 160.535
5.1 12.37 0.072 160.455
5.11 12.17 0.072 160.166
5.12 12.06 0.072 160.044
5.13 11.97 0.072 159.958
5.14 11.85 0.071 159.627
5.15 11.82 0.071 159.655
5.16 11.81 0.07 159.533
5.17 11.82 0.07 159.638
5.18 11.82 0.069 159.533
5.19 11.84 0.07 159.849
5.2 11.89 0.07 160.031
5.21 11.91 0.07 160.156
5.22 12.01 0.07 160.434
5.23 12.03 0.07 160.558
5.24 12.05 0.07 160.682
5.25 12.09 0.071 161.034
5.26 12.17 0.071 161.272
5.27 12.21 0.071 161.433
5.28 12.26 0.072 161.802
5.29 12.43 0.073 162.394
5.3 12.49 0.073 162.592
5.31 12.55 0.075 163.156
5.32 12.6 0.075 163.335
5.33 12.59 0.076 163.582
5.34 12.51 0.076 163.517
5.35 12.39 0.076 163.375
5.36 12.25 0.076 163.193
5.37 12.14 0.075 162.886
5.38 11.93 0.074 162.38
5.39 11.87 0.073 162.162
5.4 11.88 0.071 161.891
5.41 11.9 0.07 161.822
5.42 11.98 0.069 161.868
5.43 12.08 0.067 161.748
5.44 12.18 0.067 162.023
5.45 12.6 0.067 162.899
5.46 12.82 0.067 163.389
5.47 13.02 0.068 164.039
5.48 13.21 0.068 164.465
5.49 13.47 0.069 165.211
5.5 13.6 0.071 165.918
5.51 13.7 0.072 166.37
5.52 13.9 0.074 167.183
5.53 13.97 0.052 162.546
5.54 14.02 0.058 164.196
5.55 14.05 0.063 165.463
5.56 14.04 0.064 165.746
5.57 14.05 0.066 166.271
5.58 14.06 0.068 166.785
5.59 14.07 0.07 167.288
5.6 14.1 0.072 167.815
5.61 13.96 0.076 168.413
5.62 13.98 0.077 168.715
5.63 14 0.078 169.015
5.64 14.07 0.0800001 169.576
5.65 14.05 0.081 169.8
5.66 13.99 0.082 169.953
5.67 13.91 0.082 169.896
5.68 13.71 0.084 169.965
5.69 13.59 0.0850001 170.001
5.7 13.43 0.0850001 169.794
5.71 13.2 0.086 169.619
5.72 12.86 0.0850001 168.901
5.73 12.46 0.0850001 168.216
5.74 12.01 0.084 167.244
5.75 11.61 0.082 166.177
5.76 11.31 0.079 165.119
5.77 11.03 0.078 164.429
5.78 10.95 0.076 163.981
5.79 11.02 0.075 164.029
5.8 11.09 0.073 163.889
5.81 11.23 0.073 164.264
5.82 11.31 0.072 164.322
5.83 11.34 0.072 164.463
5.84 11.32 0.073 164.688
5.85 11.28 0.073 164.683
5.86 11.27 0.074 164.927
5.87 11.3 0.074 165.068
5.88 11.33 0.074 165.209
5.89 11.41 0.074 165.455
5.9 11.5 0.074 165.72
5.91 11.51 0.074 165.819
5.92 11.65 0.074 166.186
5.93 11.71 0.074 166.387
5.94 11.79 0.074 166.628
5.95 11.98 0.074 167.09
5.96 12.09 0.073 167.199
5.97 12.2 0.073 167.495
5.98 12.22 0.073 167.613
5.99 12.26 0.073 167.77
6 12.28 0.073 167.887
6.01 12.28 0.073 167.965
6.02 12.25 0.075 168.361
6.03 12.25 0.076 168.625
6.04 12.24 0.076 168.683
6.05 12.25 0.076 168.78
6.06 12.26 0.077 169.061
6.07 12.32 0.077 169.258
6.08 12.37 0.078 169.616
6.09 12.49 0.078 169.93
6.1 12.61 0.078 170.241
6.11 12.79 0.078 170.667
6.12 13.01 0.078 171.164
6.13 13.27 0.0800001 172.093
6.14 13.57 0.081 172.904
6.15 13.83 0.084 173.982
6.16 14.05 0.084 174.456
6.17 14.24 0.086 175.216
6.18 14.54 0.0900001 176.488
6.19 14.7 0.093 177.329
6.2 14.78 0.096 178.017
6.21 14.78 0.098 178.402
6.22 14.9 0.099 178.841
6.23 15 0.099 179.093
6.24 15.06 0.1 179.426
6.25 15.11 0.102 179.888
6.26 15.1 0.103 180.097
6.27 15.12 0.104 180.356
6.28 15.18 0.105 180.683
6.29 15.23 0.105 180.848
6.3 15.24 0.106 181.088
6.31 15.2 0.105 180.957
6.32 15.11 0.105 180.882
6.33 14.99 0.104 180.61
6.34 14.91 0.104 180.55
6.35 14.93 0.103 180.519
6.36 14.95 0.102 180.486
6.37 15.05 0.101 180.59
6.38 15.21 0.101 180.944
6.39 15.38 0.1 181.163
6.4 15.53 0.1 181.495
6.41 15.93 0.099 182.088
6.42 16.22 0.099 182.64
6.43 16.44 0.099 183.074
6.44 16.6 0.1 183.562
6.45 16.65 0.1 183.721
6.46 16.69 0.1 183.864
6.47 16.86 0.101 184.364
6.48 17 0.102 184.814
6.49 17.15 0.103 185.278
6.5 17.35 0.103 185.667
6.51 17.61 0.105 186.443
6.52 17.84 0.106 187.019
6.53 18.08 0.097 186.08
6.54 18.3 0.092 185.664
6.55 18.51 0.091 185.88
6.56 18.68 0.093 186.541
6.57 18.76 0.094 186.901
6.58 18.87 0.099 187.946
6.59 18.98 0.105 189.106
6.6 19.06 0.105 189.301
6.61 18.85 0.11 189.812
6.62 18.8 0.112 190.104
6.63 18.8 0.114 190.464
6.64 18.8 0.116 190.819
6.65 18.81 0.116 190.914
6.66 18.89 0.116 191.11
6.67 18.9 0.117 191.341
6.68 18.87 0.118 191.513
6.69 18.86 0.122 192.11
6.7 18.79 0.124 192.347
6.71 18.75 0.125 192.496
6.72 18.66 0.126 192.57
6.73 18.57 0.127 192.642
6.74 18.46 0.129 192.807
6.75 18.28 0.13 192.739
6.76 18.18 0.131 192.789
6.77 18.09 0.132 192.852
6.78 17.95 0.133 192.837
6.79 17.76 0.133 192.62
6.8 17.54 0.133 192.354
6.81 17.31 0.132 191.946
6.82 17.08 0.132 191.655
6.83 16.82 0.131 191.189
6.84 16.58 0.131 190.871
6.85 16.05 0.13 189.937
6.86 15.74 0.13 189.481
6.87 15.46 0.128 188.824
6.88 15.16 0.126 188.122
6.89 14.93 0.123 187.408
6.9 14.7 0.121 186.81
6.91 14.52 0.119 186.295
6.92 14.33 0.117 185.755
6.93 14.26 0.115 185.432
6.94 14.03 0.112 184.666
6.95 13.93 0.11 184.273
6.96 13.83 0.108 183.875
6.97 13.73 0.106 183.471
6.98 13.65 0.106 183.389
6.99 13.54 0.103 182.812
7 13.48 0.101 182.469
7.01 13.42 0.099 182.121
7.02 13.4 0.097 181.845
7.03 13.38 0.0950001 181.563
7.04 13.4 0.094 181.514
7.05 13.44 0.091 181.174
7.06 13.48 0.0900001 181.157
7.07 13.58 0.089 181.252
7.08 13.67 0.087 181.153
7.09 13.79 0.087 181.452
7.1 13.97 0.087 181.863
7.11 13.97 0.087 181.934
7.12 14.06 0.087 182.174
7.13 14.07 0.087 182.263
7.14 14.07 0.088 182.508
7.15 14.09 0.088 182.616
7.16 14.08 0.088 182.668
7.17 14.05 0.088 182.683
7.18 14.01 0.087 182.505
7.19 14 0.086 182.382
7.2 14.09 0.0850001 182.443
7.21 14.19 0.0850001 182.699
7.22 14.34 0.0850001 183.047
7.23 14.53 0.084 183.284
7.24 14.71 0.084 183.68
7.25 14.84 0.0850001 184.165
7.26 14.85 0.0850001 184.253
7.27 14.79 0.0850001 184.216
7.28 14.59 0.086 184.105
7.29 14.35 0.086 183.736
7.3 14 0.086 183.153
7.31 13.87 0.086 182.977
7.32 13.79 0.086 182.894
7.33 13.71 0.086 182.81
7.34 13.72 0.087 183.075
7.35 13.63 0.087 182.971
7.36 13.55 0.087 182.885
7.37 13.54 0.087 182.934
7.38 13.44 0.088 182.982
7.39 13.41 0.089 183.164
7.4 13.41 0.0900001 183.403
7.41 13.3 0.0900001 183.255
7.42 13.19 0.0900001 183.104
7.43 12.98 0.0900001 182.75
7.44 12.76 0.0900001 182.369
7.45 12.46 0.088 181.473
7.46 12.19 0.089 181.139
7.47 12.03 0.087 180.521
7.48 12.11 0.086 180.587
7.49 12.19 0.083 180.292
7.5 12.81 0.0800001 181.096
7.51 13.21 0.076 181.192
7.52 13.62 0.073 181.45
7.53 14.05 0.068 181.258
7.54 14.42 0.067 181.781
7.55 14.66 0.068 182.505
7.56 14.84 0.068 182.893
7.57 14.95 0.072 184.028
7.58 14.97 0.073 184.343
7.59 14.95 0.074 184.584
7.6 14.7 0.075 184.409
7.61 14.84 0.078 185.333
7.62 14.99 0.0800001 186.06
7.63 15.13 0.083 186.949
7.64 15.39 0.087 188.212
7.65 15.62 0.0900001 189.216
7.66 15.74 0.091 189.668
7.67 16 0.093 190.529
7.68 16.1 0.0950001 191.108
7.69 16.26 0.097 191.781
7.7 16.38 0.101 192.701
7.71 16.5 0.102 193.131
7.72 16.59 0.104 193.665
7.73 16.73 0.106 194.277
7.74 16.77 0.107 194.565
7.75 16.83 0.108 194.886
7.76 16.85 0.112 195.58
7.77 16.94 0.113 195.945
7.78 17 0.115 196.402
7.79 17.05 0.116 196.696
7.8 17.08 0.118 197.097
7.81 17.09 0.121 197.596
7.82 16.97 0.122 197.601
7.83 17.01 0.122 197.738
7.84 16.96 0.123 197.859
7.85 16.9 0.125 198.094
7.86 16.9 0.126 198.295
7.87 16.9 0.127 198.496
7.88 16.92 0.126 198.469
7.89 16.95 0.126 198.59
7.9 17 0.125 198.612
7.91 17.23 0.125 199.067
7.92 17.42 0.125 199.452
7.93 17.66 0.125 199.915
7.94 17.97 0.126 200.62
7.95 18.26 0.127 201.286
7.96 18.51 0.127 201.751
7.97 18.97 0.128 202.668
7.98 19.13 0.129 203.115
7.99 19.31 0.131 203.721
8 19.47 0.131 204.034
8.01 19.7 0.132 204.58
8.02 19.81 0.134 205.071
8.03 19.96 0.136 205.619
8.04 20.06 0.14 206.335
8.05 20.15 0.141 206.662
8.06 20.35 0.142 207.149
8.07 20.41 0.143 207.429
8.08 20.44 0.143 207.545
8.09 20.49 0.144 207.81
8.1 20.52 0.146 208.163
8.11 20.61 0.148 208.602
8.12 20.58 0.149 208.747
8.13 20.57 0.15 208.92
8.14 20.56 0.15 208.977
8.15 20.32 0.151 208.81
8.16 20.15 0.15 208.513
8.17 20.02 0.15 208.39
8.18 19.79 0.149 207.999
8.19 19.42 0.147 207.271
8.2 19.26 0.147 207.095
8.21 19.12 0.146 206.83
8.22 19.01 0.146 206.728
8.23 18.93 0.145 206.554
8.24 18.82 0.143 206.212
8.25 18.59 0.142 205.797
8.26 18.49 0.141 205.585
8.27 18.39 0.139 205.25
8.28 18.31 0.139 205.19
8.29 18.3 0.138 205.119
8.3 18.29 0.138 205.172
8.31 18.31 0.138 205.273
8.32 18.33 0.137 205.25
8.33 18.37 0.136 205.258
8.34 18.47 0.134 205.234
8.35 18.51 0.134 205.366
8.36 18.62 0.134 205.61
8.37 18.74 0.134 205.868
8.38 18.85 0.135 206.238
8.39 19.04 0.135 206.604
8.4 19.08 0.136 206.862
8.41 19.05 0.136 206.884
8.42 18.97 0.137 206.953
8.43 18.91 0.138 207.052
8.44 18.8 0.138 206.946
8.45 18.66 0.138 206.792
8.46 18.55 0.137 206.559
8.47 18.47 0.137 206.498
8.48 18.27 0.135 205.99
8.49 18.12 0.133 205.558
8.5 18.12 0.132 205.496
8.51 18.13 0.131 205.449
8.52 18.23 0.131 205.679
8.53 18.39 0.117 204.077
8.54 18.7 0.112 203.893
8.55 18.85 0.111 204.042
8.56 18.99 0.112 204.479
8.57 19.12 0.112 204.746
8.58 19.19 0.117 205.666
8.59 19.29 0.119 206.178
8.6 19.06 0.121 206.174
8.61 18.83 0.123 206.161
8.62 18.87 0.126 206.705
8.63 18.77 0.128 206.884
8.64 18.51 0.129 206.669
8.65 18.41 0.131 206.839
8.66 18.28 0.131 206.695
8.67 18.2 0.13 206.499
8.68 18.09 0.13 206.385
8.69 18.06 0.129 206.269
8.7 18.05 0.129 206.318
8.71 18.04 0.129 206.368
8.72 18.04 0.128 206.3
8.73 18.05 0.128 206.382
8.74 18.09 0.128 206.514
8.75 18.13 0.128 206.645
8.76 18.24 0.128 206.891
8.77 18.39 0.128 207.201
8.78 18.49 0.128 207.428
8.79 18.57 0.129 207.758
8.8 18.63 0.129 207.92
8.81 18.7 0.129 208.098
8.82 18.66 0.13 208.233
8.83 18.68 0.13 208.331
8.84 18.64 0.13 208.332
8.85 18.64 0.13 208.397
8.86 18.64 0.13 208.463
8.87 18.65 0.13 208.544
8.88 18.62 0.131 208.694
8.89 18.61 0.131 208.744
8.9 18.62 0.131 208.825
8.91 18.63 0.131 208.906
8.92 18.69 0.132 209.201
8.93 18.83 0.134 209.753
8.94 18.87 0.135 210.012
8.95 18.82 0.137 210.254
8.96 18.83 0.138 210.463
8.97 18.73 0.138 210.367
8.98 18.64 0.138 210.286
8.99 18.56 0.138 210.221
9 18.47 0.139 210.265
9.01 18.37 0.139 210.166
9.02 18.24 0.138 209.89
9.03 18.18 0.137 209.728
9.04 18.12 0.137 209.692
9.05 18.08 0.136 209.562
9.06 17.93 0.135 209.247
9.07 17.86 0.134 209.064
9.08 17.78 0.132 208.731
9.09 17.74 0.131 208.596
9.1 17.55 0.13 208.203
9.11 17.43 0.13 208.061
9.12 17.3 0.13 207.9
9.13 17.16 0.13 207.72
9.14 16.89 0.129 207.177
9.15 16.78 0.129 207.045
9.16 16.64 0.128 206.724
9.17 16.49 0.127 206.382
9.18 16.25 0.127 206.01
9.19 16.12 0.126 205.698
9.2 16.02 0.126 205.576
9.21 15.9 0.125 205.28
9.22 15.7 0.124 204.831
9.23 15.57 0.124 204.647
9.24 15.44 0.122 204.186
9.25 15.32 0.121 203.878
9.26 15.22 0.121 203.747
9.27 15.12 0.12 203.474
9.28 15.09 0.12 203.477
9.29 15.09 0.12 203.538
9.3 15.07 0.12 203.56
9.31 14.96 0.12 203.406
9.32 14.97 0.118 203.202
9.33 14.95 0.117 203.08
9.34 14.96 0.116 203.015
9.35 14.96 0.115 202.929
9.36 15 0.114 202.92
9.37 15.05 0.113 202.928
9.38 15.12 0.112 202.974
9.39 15.17 0.112 203.131
9.4 15.22 0.111 203.136
9.41 15.24 0.107 202.614
9.42 15.37 0.105 202.604
9.43 15.53 0.106 203.126
9.44 15.81 0.106 203.71
9.45 16 0.107 204.28
9.46 16.13 0.108 204.737
9.47 16.1 0.108 204.742
9.48 16.07 0.112 205.368
9.49 16.01 0.114 205.62
9.5 15.76 0.116 205.511
9.51 15.6 0.114 204.973
9.52 15.43 0.112 204.408
9.53 15.37 0.111 204.201
9.54 15.22 0.111 203.972
9.55 15.18 0.111 203.954
9.56 15.22 0.114 204.544
9.57 15.26 0.116 204.978
9.58 15.31 0.119 205.57
9.59 15.25 0.118 205.369
9.6 15.31 0.119 205.689
9.61 15.37 0.12 206.008
9.62 15.44 0.119 206.059
9.63 15.59 0.121 206.692
9.64 16 0.122 207.668
9.65 16.2 0.123 208.241
9.66 16.46 0.125 209.06
9.67 16.61 0.127 209.67
9.68 16.67 0.128 209.976
9.69 16.61 0.128 209.927
9.7 16.55 0.13 210.149
9.71 16.48 0.133 210.48
9.72 16.39 0.135 210.636
9.73 16.18 0.137 210.563
9.74 16.03 0.138 210.468
9.75 15.89 0.139 210.388
9.76 15.76 0.138 210.073
9.77 15.68 0.141 210.355
9.78 15.62 0.142 210.423
9.79 15.48 0.143 210.333
9.8 15.51 0.142 210.328
9.81 15.44 0.142 210.251
9.82 15.32 0.139 209.701
9.83 15.24 0.138 209.477
9.84 15.16 0.136 209.123
9.85 15.14 0.135 209.014
9.86 15.15 0.134 208.963
9.87 15.16 0.133 208.912
9.88 15.18 0.132 208.879
9.89 15.26 0.131 208.964
9.9 15.25 0.13 208.87
9.91 15.18 0.129 208.656
9.92 15.13 0.128 208.48
9.93 15.09 0.127 208.323
9.94 15.1 0 0
9.95 15.11 0 0
9.96 15.15 0 0
9.97 15.24 0 0
9.98 15.41 0 0
9.99 15.43 0 0
10 15.55 0 0
