0.02 0.28 0 0
0.03 0.34 0 0
0.04 0.97 0 0
0.05 1.59 0 0
0.06 1.38 0.012 29.3139
0.07 1.46 0.024 32.678
0.08 1.54 0.025 34.2917
0.09 1.91 0.031 37.2089
0.1 3.23 0.041 42.2987
0.11 3.21 0.044 43.6513
0.12 3.89 0.04 45.6115
0.13 3.29 0.036 45.1289
0.14 3.05 0.017 42.8109
0.15 2.82 0.018 43.3557
0.16 2.8 0.009 41.6243
0.17 2.6 0.007 41.0158
0.18 2.39 0.007 41.1704
0.19 2.43 0.006 41.36
0.2 1.32 0.004 37.1499
0.21 1.21 0.005 37.8853
0.22 1.08 0.004 37.0609
0.23 0.84 0.004 36.1881
0.24 0.84 0.003 35.7527
0.25 0.75 0.003 35.5755
0.26 0.69 0.003 35.5362
0.27 0.62 0.002 34.1891
0.28 0.57 0.002 34.1208
0.29 0.52 0.001 32.0973
0.3 0.42 0 0
0.31 0.38 0 0
0.32 0.34 0 0
0.33 0.29 0 0
0.34 0.26 0 0
0.35 0.22 0 0
0.36 0.18 0 0
0.37 0.17 0 0
0.38 0.16 0 0
0.39 0.12 0 0
0.4 0.1 0 0
0.41 0.07 0 0
0.42 0.03 0 0
0.43 0.02 0 0
0.44 0.01 0 0
0.45 0.01 0 0
0.46 0.01 0 0
0.47 0.03 0 0
0.48 0.05 0 0
0.49 0.1 0 0
0.5 0.08 0 0
0.51 0.05 0 0
0.52 0.04 0 0
0.53 0.06 0 0
0.54 0.07 0.001 28.5836
0.55 0.07 0.002 30.4354
0.56 0.08 0.001 29.4347
0.57 0.1 0.001 30.5458
0.58 0.11 0.002 32.9653
0.59 0.12 0.002 33.54
0.6 0.13 0.004 36.1113
0.61 0.14 0.004 36.6668
0.62 0.16 0.005 38.2517
0.63 0.16 0.006 39.0095
0.64 0.21 0.006 40.7453
0.65 0.26 0.007 42.7441
0.66 0.27 0.008 43.642
0.67 0.28 0.008 44.0549
0.68 0.28 0.008 44.2367
0.69 0.26 0.008 43.9452
0.7 0.25 0.008 43.8728
0.71 0.23 0.009 43.949
0.72 0.22 0.009 43.8387
0.73 0.22 0.01 44.3946
0.74 0.22 0.01 44.5629
0.75 0.21 0.011 44.7846
0.76 0.2 0.011 44.6351
0.77 0.21 0.012 45.4412
0.78 0.22 0.012 45.911
0.79 0.21 0.013 46.0721
0.8 0.21 0.015 46.7872
0.81 0.22 0.016 47.5191
0.82 0.23 0.018 48.4602
0.83 0.24 0.019 49.1433
0.84 0.27 0.02 50.3651
0.85 0.32 0.02 51.7826
0.86 0.33 0.02 52.1819
0.87 0.34 0.02 52.5754
0.88 0.31 0.02 52.0458
0.89 0.28 0.019 51.2308
0.9 0.27 0.018 50.8923
0.91 0.24 0.017 49.9523
0.92 0.22 0.016 49.2314
0.93 0.21 0.015 48.7873
0.94 0.2 0.014 48.3118
0.95 0.18 0.013 47.4312
0.96 0.16 0.011 46.1239
0.97 0.15 0.011 45.8291
0.98 0.15 0.011 45.96
0.99 0.15 0.012 46.4247
1 0.18 0.014 48.41
1.01 0.23 0.015 50.5777
1.02 0.32 0.017 53.7432
1.03 0.41 0.019 56.3663
1.04 0.5 0.02 58.4051
1.05 0.57 0.024 60.5882
1.06 0.63 0.025 61.8396
1.07 0.68 0.025 62.6868
1.08 0.74 0.024 63.4034
1.09 0.81 0.024 64.3988
1.1 0.94 0.022 65.4855
1.11 1.3 0.02 68.245
1.12 1.51 0.018 69.2966
1.13 1.63 0.016 69.5523
1.14 1.62 0.015 69.288
1.15 1.46 0.014 68.0325
1.16 1.29 0.014 66.9915
1.17 1.13 0.013 65.4782
1.18 0.95 0.012 63.5889
1.19 0.8 0.012 62.1803
1.2 0.67 0.012 60.7537
1.21 0.6 0.012 59.9341
1.22 0.52 0.013 59.2394
1.23 0.43 0.013 57.7711
1.24 0.4 0.013 57.3015
1.25 0.4 0.013 57.4296
1.26 0.41 0.013 57.7619
1.27 0.45 0.013 58.6703
1.28 0.53 0.012 59.8006
1.29 0.59 0.012 60.8629
1.3 0.62 0.012 61.4308
1.31 0.62 0.012 61.5618
1.32 0.59 0.011 60.8113
1.33 0.55 0.01 59.8495
1.34 0.54 0.01 59.816
1.35 0.49 0.01 59.107
1.36 0.47 0.01 58.874
1.37 0.46 0.009 58.2983
1.38 0.42 0.009 57.6561
1.39 0.4 0.008 56.808
1.4 0.38 0.008 56.5025
1.41 0.36 0.008 56.1753
1.42 0.36 0.008 56.2858
1.43 0.36 0.008 56.3957
1.44 0.36 0.008 56.505
1.45 0.37 0.008 56.8377
1.46 0.36 0.007 56.0954
1.47 0.35 0.007 55.9745
1.48 0.34 0.007 55.8465
1.49 0.34 0.007 55.9511
1.5 0.34 0.007 56.0553
1.51 0.34 0.007 56.1589
1.52 0.33 0.006 55.3068
1.53 0.33 0.006 55.4077
1.54 0.32 0.006 55.2627
1.55 0.32 0.006 55.3623
1.56 0.32 0.007 56.1772
1.57 0.32 0.007 56.2771
1.58 0.32 0.007 56.3765
1.59 0.32 0.008 57.1064
1.6 0.33 0.008 57.4601
1.61 0.34 0.008 57.8077
1.62 0.36 0.008 58.3859
1.63 0.38 0.008 58.943
1.64 0.39 0.008 59.2645
1.65 0.38 0.008 59.1431
1.66 0.37 0.008 59.0155
1.67 0.36 0.008 58.8813
1.68 0.34 0.008 58.4957
1.69 0.33 0.008 58.3409
1.7 0.33 0.008 58.4367
1.71 0.35 0.008 59.0301
1.72 0.37 0.008 59.6009
1.73 0.37 0.008 59.697
1.74 0.37 0.008 59.7928
1.75 0.38 0.008 60.1185
1.76 0.38 0.007 59.5486
1.77 0.38 0.007 59.6424
1.78 0.39 0.007 59.9598
1.79 0.41 0.007 60.4873
1.8 0.42 0.007 60.7916
1.81 0.43 0.007 61.092
1.82 0.44 0.006 60.6062
1.83 0.43 0.007 61.2789
1.84 0.41 0.007 60.9523
1.85 0.4 0.007 60.8276
1.86 0.4 0.008 61.5994
1.87 0.4 0.009 62.2988
1.88 0.4 0.01 62.9405
1.89 0.4 0.011 63.5352
1.9 0.41 0.011 63.8552
1.91 0.42 0.012 64.637
1.92 0.44 0.014 66.0071
1.93 0.45 0.015 66.6985
1.94 0.47 0.015 67.214
1.95 0.49 0.015 67.7152
1.96 0.53 0.015 68.5822
1.97 0.58 0.014 69.1785
1.98 0.64 0.014 70.2649
1.99 0.7 0.014 71.2773
2 0.74 0.014 71.9501
2.01 0.78 0.014 72.5982
2.02 0.78 0.013 72.2516
2.03 0.78 0.013 72.3508
2.04 0.82 0.012 72.489
2.05 0.85 0.011 72.4379
2.06 0.89 0.01 72.4411
2.07 0.91 0.01 72.7712
2.08 0.91 0.01 72.8688
2.09 0.91 0.011 73.5469
2.1 0.89 0.011 73.4093
2.11 0.86 0.011 73.1442
2.12 0.84 0.011 72.9927
2.13 0.83 0.011 72.9623
2.14 0.81 0.011 72.8012
2.15 0.81 0.01 72.3199
2.16 0.8 0.009 71.6529
2.17 0.8 0.008 71.0454
2.18 0.75 0.008 70.4782
2.19 0.71 0.008 70.0131
2.2 0.65 0.008 69.2162
2.21 0.62 0.009 69.5114
2.22 0.54 0.009 68.2278
2.23 0.49 0.009 67.364
2.24 0.49 0.01 68.0417
2.25 0.49 0.01 68.126
2.26 0.49 0.01 68.21
2.27 0.49 0.011 68.8375
2.28 0.49 0.011 68.9217
2.29 0.48 0.011 68.801
2.3 0.49 0.011 69.0892
2.31 0.48 0.011 68.9675
2.32 0.47 0.011 68.8414
2.33 0.55 0.011 70.5016
2.34 0.45 0.012 69.0733
2.35 0.45 0.012 69.1553
2.36 0.46 0.013 69.9205
2.37 0.46 0.013 70.0027
2.38 0.47 0.013 70.3021
2.39 0.46 0.013 70.1665
2.4 0.47 0.012 69.9981
2.41 0.47 0.011 69.5736
2.42 0.47 0.009 68.5005
2.43 0.47 0.009 68.579
2.44 0.47 0.009 68.6574
2.45 0.48 0.01 69.5512
2.46 0.52 0.011 70.998
2.47 0.52 0.012 71.5945
2.48 0.56 0.012 72.444
2.49 0.59 0.013 73.5604
2.5 0.61 0.006 69.3865
2.51 0.63 0.009 72.1814
2.52 0.65 0.011 73.8092
2.53 0.67 0.011 74.2137
2.54 0.7 0.013 75.8116
2.55 0.69 0.015 76.6445
2.56 0.71 0.018 78.2219
2.57 0.74 0.019 79.13
2.58 0.75 0.02 79.7081
2.59 0.76 0.022 80.5827
2.6 0.85 0.024 82.5753
2.61 0.87 0.024 82.9408
2.62 0.88 0.025 83.4487
2.63 0.87 0.026 83.6724
2.64 0.88 0.026 83.8987
2.65 0.85 0.026 83.5684
2.66 0.86 0.026 83.797
2.67 0.84 0.026 83.6007
2.68 0.83 0.025 83.2713
2.69 0.8 0.025 82.9168
2.7 0.77 0.025 82.5468
2.71 0.76 0.025 82.4763
2.72 0.75 0.024 82.1241
2.73 0.75 0.024 82.2079
2.74 0.76 0.024 82.4486
2.75 0.78 0.024 82.8414
2.76 0.8 0.024 83.2279
2.77 0.8 0.024 83.3116
2.78 0.8 0.024 83.3952
2.79 0.82 0.024 83.7758
2.8 0.79 0.023 83.1155
2.81 0.76 0.023 82.7353
2.82 0.68 0.023 81.5012
2.83 0.65 0.022 80.7539
2.84 0.61 0.02 79.4646
2.85 0.57 0.02 78.7692
2.86 0.56 0.02 78.6452
2.87 0.56 0.019 78.3863
2.88 0.54 0.018 77.702
2.89 0.49 0.016 75.9484
2.9 0.45 0.014 74.2651
2.91 0.38 0.013 72.1023
2.92 0.31 0.012 69.6207
2.93 0.27 0.011 67.8215
2.94 0.25 0.01 66.6073
2.95 0.24 0.009 65.701
2.96 0.21 0.008 63.8813
2.97 0.21 0.008 63.9412
2.98 0.2 0.007 62.8507
2.99 0.19 0.006 61.6506
3 0.19 0.006 61.7078
3.01 0.19 0.005 60.8351
3.02 0.2 0.005 61.3426
3.03 0.2 0.005 61.399
3.04 0.21 0.005 61.8886
3.05 0.22 0.005 62.3615
3.06 0.23 0.005 62.8191
3.07 0.22 0.005 62.4749
3.08 0.22 0.005 62.5314
3.09 0.22 0.005 62.5878
3.1 0.21 0.005 62.2258
3.11 0.21 0.005 62.2815
3.12 0.2 0.005 61.9007
3.13 0.19 0.005 61.4998
3.14 0.18 0.005 61.077
3.15 0.18 0.005 61.131
3.16 0.18 0.005 61.1849
3.17 0.18 0.004 60.1122
3.18 0.17 0.004 59.6717
3.19 0.17 0.004 59.7238
3.2 0.17 0.004 59.7758
3.21 0.16 0.004 59.3077
3.22 0.15 0.004 58.8099
3.23 0.14 0.003 56.9004
3.24 0.12 0.003 55.6991
3.25 0.13 0.003 56.3931
3.26 0.12 0.003 55.7944
3.27 0.12 0.003 55.842
3.28 0.12 0.003 55.8894
3.29 0.1 0.003 54.4872
3.3 0.1 0.003 54.5332
3.31 0.1 0.003 54.5791
3.32 0.1 0.002 52.8129
3.33 0.1 0.002 52.8571
3.34 0.09 0.002 52.1046
3.35 0.09 0.002 52.1479
3.36 0.08 0.001 48.4379
3.37 0.08 0.001 48.4779
3.38 0.08 0.001 48.5179
3.39 0.08 0 0
3.4 0.08 0 0
3.41 0.08 0 0
3.42 0.08 0 0
3.43 0.08 0 0
3.44 0.08 0 0
3.45 0.1 0.001 50.3885
3.46 0.11 0.001 51.126
3.47 0.11 0.001 51.167
3.48 0.13 0.002 55.5687
3.49 0.14 0.001 53.0598
3.5 0.14 0.002 56.2544
3.51 0.15 0.003 58.8121
3.52 0.16 0.003 59.4082
3.53 0.17 0.004 61.4293
3.54 0.18 0.004 61.9857
3.55 0.2 0.004 62.9827
3.56 0.21 0.005 64.6658
3.57 0.21 0.005 64.7163
3.58 0.19 0.005 63.8399
3.59 0.2 0.006 65.3468
3.6 0.21 0.006 65.8585
3.61 0.26 0.008 69.6142
3.62 0.28 0.008 70.4152
3.63 0.32 0.007 71.0437
3.64 0.33 0.006 70.5037
3.65 0.37 0.005 70.6497
3.66 0.42 0.004 70.6814
3.67 0.67 0.004 75.6556
3.68 0.8 0.003 75.8342
3.69 0.9 0.003 77.1896
3.7 0.93 0.003 77.6133
3.71 0.96 0.003 78.0274
3.72 0.99 0.003 78.4326
3.73 0.99 0.003 78.4912
3.74 1.02 0.003 78.888
3.75 1.07 0.003 79.4925
3.76 1.1 0.003 79.8688
3.77 1.13 0.003 80.2381
3.78 1.17 0.003 80.7004
3.79 1.09 0.003 79.9402
3.8 1.02 0.004 81.1573
3.81 0.99 0.004 80.8682
3.82 0.9 0.005 81.3199
3.83 0.89 0.005 81.2482
3.84 0.89 0.005 81.3071
3.85 0.9 0.005 81.4969
3.86 0.91 0.005 81.6856
3.87 0.93 0.004 80.4923
3.88 0.95 0.004 80.7973
3.89 0.98 0.004 81.2179
3.9 0.92 0.004 80.5398
3.91 0.92 0.005 82.1075
3.92 0.93 0.005 82.2938
3.93 0.94 0.004 80.9619
3.94 0.95 0.004 81.1427
3.95 0.96 0.004 81.3224
3.96 0.97 0.004 81.5011
3.97 1 0.004 81.9168
3.98 1.06 0.005 84.2139
3.99 1.07 0.006 85.6765
4 1.08 0.006 85.8511
4.01 1.05 0.006 85.5629
4.02 1.01 0.006 85.1446
4.03 0.99 0.006 84.9584
4.04 0.96 0.006 84.6411
4.05 0.92 0.005 82.9144
4.06 0.85 0.005 82.0311
4.07 0.78 0.004 79.5863
4.08 0.7 0.004 78.4092
4.09 0.63 0.003 75.4533
4.1 0.57 0.003 74.4242
4.11 0.52 0.003 73.4965
4.12 0.47 0.002 70.0789
4.13 0.46 0.002 69.9093
4.14 0.43 0.002 69.2802
4.15 0.38 0.002 68.1035
4.16 0.38 0.002 68.1491
4.17 0.37 0.002 67.9332
4.18 0.37 0.002 67.9785
4.19 0.38 0.002 68.2854
4.2 0.39 0.003 70.94
4.21 0.42 0.003 71.7485
4.22 0.46 0.004 74.5046
4.23 0.54 0.005 77.7248
4.24 0.63 0.006 80.737
4.25 0.74 0.007 83.7513
4.26 0.89 0.007 86.0633
4.27 1.03 0.008 88.9329
4.28 1.13 0.009 91.0742
4.29 1.57 0.009 95.5528
4.3 1.92 0.01 99.2927
4.31 2.32 0.012 103.662
4.32 2.79 0.013 107.233
4.33 3.26 0.014 110.414
4.34 3.71 0.015 113.209
4.35 4.21 0.017 116.57
4.36 4.69 0.019 119.574
4.37 5.63 0.021 123.866
4.38 6.17 0.024 126.994
4.39 6.85 0.027 130.272
4.4 7.49 0.033 134.265
4.41 8.09 0.05 140.628
4.42 9.03 0.125 154.286
4.43 9.43 0.072 148.381
4.44 9.81 0.066 148.244
4.45 11 0.061 149.817
4.46 11.93 0.093 157.089
4.47 12.96 0.126 163.143
4.48 14.25 0.132 166.132
4.49 17.34 0.115 169.05
4.5 17.45 0.099 167.212
4.51 16.3 0.093 164.821
4.52 15.14 0.088 162.43
4.53 15.9 0.091 164.137
4.54 15.74 0.08 162.25
4.55 16.18 0.059 158.918
4.56 16.62 0.061 160.074
4.57 17.8 0.059 161.313
4.58 17.77 0.057 160.91
4.59 18.21 0.052 160.346
4.6 18.65 0.051 160.736
4.61 18.84 0.05 160.802
4.62 19.11 0.035 156.515
4.63 18.9 0.026 152.541
4.64 18.8 0.087 168.638
4.65 18.7 0.085 168.284
4.66 19.46 0.082 168.848
4.67 18.56 0.089 168.948
4.68 19.37 0.096 171.166
4.69 18.3 0.101 170.591
4.7 18.03 0.103 170.605
4.71 17.25 0.102 169.485
4.72 16.31 0.103 168.359
4.73 15.76 0.103 167.628
4.74 14.48 0.107 166.219
4.75 14.08 0.107 165.646
4.76 13.73 0.119 166.611
4.77 13.65 0.118 166.451
4.78 13.55 0.124 167.059
4.79 13.46 0.115 165.952
4.8 13.25 0.106 164.554
4.81 13.11 0.105 164.268
4.82 13.01 0.104 164.051
4.83 13.02 0.094 162.788
4.84 12.98 0.089 162.071
4.85 12.94 0.088 161.94
4.86 13.11 0.088 162.337
4.87 12.66 0.087 161.462
4.88 12.54 0.085 161.02
4.89 12.5 0.082 160.557
4.9 12.5 0.08 160.319
4.91 12.5 0.08 160.41
4.92 12.52 0.081 160.703
4.93 12.55 0.081 160.85
4.94 12.58 0.086 161.8
4.95 12.56 0.091 162.617
4.96 12.57 0.092 162.875
4.97 12.57 0.092 162.966
4.98 12.48 0.09 162.591
4.99 12.37 0.088 162.171
5 12.2 0.088 161.938
5.01 11.67 0.087 160.842
5.02 11.52 0.087 160.631
5.03 11.26 0.087 160.193
5.04 11.08 0.087 159.91
5.05 10.66 0.085 158.803
5.06 10.62 0.083 158.49
5.07 10.65 0.079 157.99
5.08 10.67 0.071 156.721
5.09 10.71 0.07 156.707
5.1 10.83 0.066 156.277
5.11 10.91 0.058 154.854
5.12 11.41 0.063 157.018
5.13 11.66 0.068 158.599
5.14 11.96 0.068 159.266
5.15 12.38 0.067 159.949
5.16 12.74 0.069 161.091
5.17 13.3 0.071 162.565
5.18 15.31 0.075 166.741
5.19 14.9 0.075 166.18
5.2 14.15 0.076 165.219
5.21 14.35 0.08 166.35
5.22 14.56 0.081 166.96
5.23 14.68 0.082 167.417
5.24 14.65 0.083 167.625
5.25 14.81 0.086 168.474
5.26 14.98 0.087 169.003
5.27 15.17 0.087 169.399
5.28 15.03 0.087 169.262
5.29 15.04 0.087 169.368
5.3 15.05 0.086 169.31
5.31 15.24 0.084 169.373
5.32 15.19 0.084 169.381
5.33 15.24 0.082 169.21
5.34 15.31 0.041 159.917
5.35 15.37 0.053 163.546
5.36 15.42 0.058 164.94
5.37 15.44 0.063 166.196
5.38 15.55 0.065 166.886
5.39 15.71 0.067 167.64
5.4 15.66 0.068 167.856
5.41 15.66 0.07 168.348
5.42 15.02 0.072 167.819
5.43 15.11 0.072 168.049
5.44 15.19 0.073 168.456
5.45 15.28 0.076 169.252
5.46 15.32 0.076 169.402
5.47 15.34 0.077 169.704
5.48 15.35 0.078 169.989
5.49 15.41 0.078 170.171
5.5 15.44 0.079 170.485
5.51 15.55 0.079 170.746
5.52 15.65 0.081 171.346
5.53 15.71 0.082 171.702
5.54 15.83 0.082 171.976
5.55 16 0.084 172.673
5.56 16.15 0.084 172.992
5.57 16.22 0.086 173.525
5.58 16.43 0.087 174.101
5.59 16.5 0.09 174.787
5.6 16.56 0.09 174.965
5.61 16.63 0.09 175.158
5.62 16.77 0.09 175.457
5.63 16.81 0.09 175.604
5.64 16.87 0.09 175.781
5.65 16.93 0.09 175.957
5.66 16.98 0.09 176.118
5.67 17.02 0.09 176.265
5.68 17.09 0.09 176.455
5.69 17.11 0.09 176.571
5.7 17.2 0.091 176.954
5.71 17.2 0.091 177.04
5.72 17.23 0.092 177.332
5.73 17.26 0.093 177.622
5.74 17.26 0.093 177.708
5.75 17.25 0.094 177.937
5.76 17.26 0.094 178.038
5.77 17.24 0.094 178.094
5.78 17.21 0.095 178.292
5.79 17.18 0.096 178.489
5.8 17.18 0.096 178.574
5.81 17.16 0.096 178.63
5.82 17.18 0.096 178.745
5.83 17.11 0.096 178.726
5.84 17.09 0.096 178.781
5.85 17.01 0.096 178.745
5.86 16.92 0.097 178.847
5.87 16.84 0.097 178.81
5.88 16.8 0.098 178.986
5.89 16.61 0.099 178.929
5.9 16.49 0.099 178.826
5.91 16.39 0.099 178.754
5.92 16.17 0.098 178.339
5.93 16.03 0.097 178.048
5.94 15.86 0.096 177.705
5.95 15.73 0.095 177.423
5.96 15.4 0.094 176.809
5.97 15.29 0.092 176.393
5.98 15.13 0.091 176.047
5.99 15.09 0.09 175.9
6 15.13 0.089 175.885
6.01 15.18 0.087 175.718
6.02 15.31 0.085 175.675
6.03 15.57 0.083 175.834
6.04 15.94 0.082 176.333
6.05 16.1 0.082 176.668
6.06 16.28 0.083 177.211
6.07 16.72 0.083 177.974
6.08 17 0.084 178.66
6.09 17.15 0.085 179.144
6.1 17.51 0.087 180.111
6.11 17.68 0.087 180.444
6.12 17.81 0.088 180.889
6.13 18.19 0.09 181.861
6.14 18.33 0.091 182.312
6.15 18.55 0.092 182.875
6.16 18.69 0.093 183.32
6.17 18.99 0.095 184.15
6.18 19.16 0.096 184.63
6.19 19.27 0.097 185.025
6.2 19.6 0.099 185.876
6.21 19.76 0.1 186.333
6.22 19.88 0.101 186.734
6.23 20.13 0.105 187.76
6.24 20.26 0.105 188.017
6.25 20.28 0.107 188.423
6.26 20.29 0.109 188.811
6.27 20.14 0.11 188.837
6.28 20.02 0.111 188.9
6.29 19.92 0.111 188.847
6.3 19.76 0.112 188.853
6.31 19.69 0.112 188.839
6.32 19.64 0.111 188.712
6.33 19.66 0.111 188.823
6.34 19.67 0.11 188.778
6.35 19.67 0.109 188.717
6.36 19.74 0.108 188.751
6.37 19.73 0.109 188.965
6.38 19.76 0.109 189.089
6.39 19.74 0.109 189.143
6.4 19.74 0.109 189.226
6.41 19.67 0.109 189.211
6.42 19.66 0.108 189.134
6.43 19.58 0.107 188.958
6.44 19.57 0.095 187.165
6.45 19.6 0.084 185.379
6.46 19.63 0.083 185.315
6.47 19.74 0.083 185.544
6.48 19.86 0.083 185.786
6.49 20 0.084 186.239
6.5 20.27 0.086 187.045
6.51 20.1 0.088 187.255
6.52 20.16 0.089 187.592
6.53 20.22 0.091 188.1
6.54 20.49 0.093 188.881
6.55 20.62 0.095 189.469
6.56 20.75 0.097 190.05
6.57 20.82 0.099 190.546
6.58 20.89 0.103 191.348
6.59 20.94 0.105 191.801
6.6 21 0.107 192.263
6.61 20.92 0.109 192.535
6.62 20.85 0.111 192.814
6.63 20.82 0.111 192.855
6.64 20.54 0.112 192.704
6.65 20.41 0.112 192.608
6.66 20.19 0.112 192.388
6.67 20.05 0.112 192.276
6.68 19.62 0.111 191.613
6.69 19.44 0.11 191.294
6.7 19.27 0.109 190.987
6.71 19.02 0.108 190.561
6.72 18.87 0.107 190.275
6.73 18.76 0.106 190.045
6.74 18.58 0.105 189.71
6.75 18.57 0.104 189.623
6.76 18.6 0.104 189.745
6.77 18.63 0.104 189.867
6.78 18.9 0.104 190.339
6.79 19.06 0.104 190.648
6.8 19.17 0.104 190.884
6.81 19.16 0.104 190.948
6.82 19.12 0.104 190.968
6.83 19.09 0.105 191.155
6.84 18.94 0.105 191.016
6.85 18.87 0.105 190.991
6.86 18.75 0.106 191.044
6.87 18.51 0.105 190.617
6.88 18.39 0.105 190.515
6.89 18.26 0.105 190.398
6.9 18.06 0.105 190.173
6.91 17.75 0.106 189.925
6.92 17.62 0.107 189.949
6.93 17.56 0.106 189.784
6.94 17.51 0.106 189.782
6.95 17.51 0.106 189.858
6.96 17.51 0.106 189.934
6.97 17.65 0.104 189.926
6.98 17.68 0.104 190.048
6.99 17.69 0.105 190.291
7 17.77 0.105 190.49
7.01 17.82 0.105 190.643
7.02 17.82 0.105 190.719
7.03 17.9 0.105 190.917
7.04 17.93 0.105 191.039
7.05 17.93 0.104 190.962
7.06 17.96 0.104 191.083
7.07 17.96 0.104 191.159
7.08 17.99 0.104 191.28
7.09 17.95 0.105 191.446
7.1 17.95 0.105 191.521
7.11 17.96 0.105 191.611
7.12 17.97 0.105 191.701
7.13 17.96 0.105 191.761
7.14 17.92 0.104 191.621
7.15 17.91 0.102 191.371
7.16 17.85 0.102 191.353
7.17 17.82 0.102 191.381
7.18 17.8 0.104 191.734
7.19 17.82 0.105 191.992
7.2 17.84 0.112 193.131
7.21 17.89 0.118 194.124
7.22 18.01 0.116 194.11
7.23 18.07 0.176 201.135
7.24 18.18 0.183 202.042
7.25 18.29 0.189 202.839
7.26 18.35 0.195 203.541
7.27 18.35 0.215 205.28
7.28 18.67 0.211 205.549
7.29 17.78 0.208 203.943
7.3 16.27 0.199 200.69
7.31 15.98 0.191 199.565
7.32 15.48 0.188 198.467
7.33 15.08 0.188 197.796
7.34 14.17 0.187 196.018
7.35 13.72 0.185 195.008
7.36 13.32 0.183 194.077
7.37 13.2 0.114 186.411
7.38 12.88 0.105 184.556
7.39 12.54 0.097 182.707
7.4 12.44 0.087 180.92
7.41 12.42 0.082 180.057
7.42 12.25 0.08 179.398
7.43 12.1 0.08 179.148
7.44 11.94 0.081 179.056
7.45 11.54 0.081 178.246
7.46 11.44 0.081 178.09
7.47 11.34 0.081 177.931
7.48 11.39 0.08 177.926
7.49 11.37 0.08 177.947
7.5 11.36 0.08 177.99
7.51 11.37 0.079 177.893
7.52 11.38 0.08 178.167
7.53 11.48 0.08 178.458
7.54 11.49 0.08 178.546
7.55 11.52 0.08 178.679
7.56 11.55 0.08 178.812
7.57 11.61 0.08 179.011
7.58 11.63 0.08 179.121
7.59 11.7 0.08 179.342
7.6 11.8 0.08 179.627
7.61 11.85 0.08 179.802
7.62 11.91 0.08 179.999
7.63 11.95 0.081 180.338
7.64 12.03 0.081 180.577
7.65 12.03 0.083 181.009
7.66 12.12 0.083 181.27
7.67 12.17 0.084 181.624
7.68 12.32 0.084 182.01
7.69 12.41 0.084 182.267
7.7 12.45 0.084 182.418
7.71 12.58 0.084 182.757
7.72 12.66 0.084 182.989
7.73 12.77 0.085 183.464
7.74 12.82 0.086 183.812
7.75 12.9 0.086 184.043
7.76 13.03 0.088 184.728
7.77 13.11 0.09 185.303
7.78 13.09 0.09 185.329
7.79 13.16 0.09 185.537
7.8 13.18 0.091 185.815
7.81 13.17 0.094 186.363
7.82 13.14 0.096 186.695
7.83 13.11 0.097 186.861
7.84 13.09 0.097 186.886
7.85 13.09 0.097 186.952
7.86 13.05 0.098 187.095
7.87 13.02 0.097 186.94
7.88 12.95 0.097 186.861
7.89 12.95 0.097 186.927
7.9 12.96 0.096 186.852
7.91 12.96 0.096 186.918
7.92 13.01 0.096 187.087
7.93 13.05 0.096 187.236
7.94 13.06 0.095 187.159
7.95 13.08 0.096 187.429
7.96 13.04 0.095 187.248
7.97 13.04 0.094 187.149
7.98 12.97 0.094 187.069
7.99 12.85 0.092 186.55
8 12.76 0.087 185.561
8.01 12.98 0.085 185.724
8.02 13.2 0.083 185.87
8.03 13.66 0.076 185.489
8.04 14.16 0.078 186.919
8.05 14.74 0.069 186.159
8.06 15.11 0.045 180.36
8.07 15.11 0.036 177.103
8.08 15.45 0.027 173.53
8.09 15.76 0.025 172.975
8.1 16.3 0.031 177.016
8.11 16.32 0.031 177.108
8.12 17.19 0.03 178.013
8.13 18.22 0.029 179.066
8.14 18.42 0.041 184.653
8.15 18 0.053 188.078
8.16 18.37 0.052 188.396
8.17 18.64 0.06 191.118
8.18 18.91 0.055 190.198
8.19 19.14 0.051 189.4
8.2 19.42 0.048 188.906
8.21 19.63 0.049 189.588
8.22 18.59 0.05 188.488
8.23 17.76 0.05 187.315
8.24 17.13 0.05 186.406
8.25 17.06 0.058 188.675
8.26 16.82 0.065 190.148
8.27 17.17 0.073 192.628
8.28 17.51 0.072 193.016
8.29 18.15 0.071 193.856
8.3 18.72 0.07 194.556
8.31 19.59 0.069 195.665
8.32 20.11 0.06 194.198
8.33 19.41 0.051 190.679
8.34 18.77 0.048 188.869
8.35 18.13 0.06 191.513
8.36 18.88 0.053 190.72
8.37 17.53 0.059 190.447
8.38 17.07 0.061 190.31
8.39 17.64 0.062 191.534
8.4 18.21 0.089 198.354
8.41 18.1 0.115 202.52
8.42 16.72 0.135 202.976
8.43 15.35 0.163 203.728
8.44 15.29 0.177 205.082
8.45 15.65 0.179 206.03
8.46 14.59 0.181 204.216
8.47 13.38 0.178 201.472
8.48 12.49 0.176 199.363
8.49 12.31 0.173 198.727
8.5 12.33 0.171 198.646
8.51 12.36 0.171 198.781
8.52 12.46 0.171 199.076
8.53 12.46 0.17 199.044
8.54 12.51 0.106 191.546
8.55 12.53 0.101 190.884
8.56 12.77 0.072 186.152
8.57 13.35 0.068 186.518
8.58 13.79 0.066 186.987
8.59 14.31 0.057 185.767
8.6 14.95 0.056 186.727
8.61 16.1 0.054 188.22
8.62 16.59 0.051 188.199
8.63 16.95 0.044 186.537
8.64 17.29 0.043 186.774
8.65 17.55 0.041 186.495
8.66 17.84 0.041 186.996
8.67 17.68 0.039 186.038
8.68 18.39 0.042 188.313
8.69 17.89 0.042 187.627
8.7 18.45 0.043 188.891
8.71 19.12 0.038 187.982
8.72 18.54 0.039 187.614
8.73 18.86 0.041 188.922
8.74 19.17 0.041 189.426
8.75 19.11 0.111 205.764
8.76 20.05 0.181 215.863
8.77 21.3 0.159 215.484
8.78 22.27 0.137 214.267
8.79 22.77 0.163 218.153
8.8 22.64 0.166 218.373
8.81 24.45 0.159 220.085
8.82 23.23 0.153 217.839
8.83 21.01 0.163 215.913
8.84 19.96 0.174 215.56
8.85 20.02 0.166 214.878
8.86 18.98 0.219 218.275
8.87 19.51 0.22 219.294
8.88 18.88 0.203 216.873
8.89 17.36 0.187 212.875
8.9 16.03 0.194 211.156
8.91 15.45 0.106 199.8
8.92 14.6 0.105 198.084
8.93 14.23 0.107 197.725
8.94 13.87 0.107 197.058
8.95 13.48 0.106 196.158
8.96 11.94 0.105 192.669
8.97 10.95 0.104 190.19
8.98 10.51 0.104 189.128
8.99 9.98 0.103 187.632
9 9.77 0.102 186.964
9.01 9.7 0.103 186.98
9.02 9.59 0.104 186.881
9.03 9.59 0.099 186.173
9.04 9.46 0.094 185.065
9.05 9.32 0.087 183.54
9.06 9.3 0.086 183.363
9.07 9.26 0.078 181.822
9.08 9.22 0.077 181.57
9.09 9.21 0.073 180.793
9.1 9.23 0.072 180.697
9.11 9.25 0.072 180.808
9.12 9.24 0.071 180.625
9.13 9.25 0.07 180.495
9.14 9.31 0.069 180.502
9.15 9.34 0.068 180.421
9.16 9.37 0.068 180.559
9.17 9.41 0.067 180.502
9.18 9.42 0.066 180.359
9.19 9.47 0.066 180.551
9.2 9.53 0.064 180.308
9.21 9.56 0.064 180.444
9.22 9.56 0.065 180.731
9.23 9.63 0.063 180.506
9.24 9.62 0.066 181.233
9.25 9.6 0.069 181.905
9.26 9.57 0.071 182.311
9.27 9.6 0.087 185.559
9.28 9.5 0.083 184.61
9.29 9.34 0.078 183.265
9.3 9.06 0.075 181.923
9.31 8.64 0.071 179.915
9.32 7.91 0.067 176.841
9.33 7.09 0.067 174.128
9.34 6.6 0.063 171.512
9.35 5.83 0.064 168.746
9.36 5.6 0.061 167.152
9.37 5.34 0.061 166.061
9.38 5.05 0.06 164.553
9.39 4.83 0.059 163.321
9.4 4.44 0.046 158.093
9.41 4.31 0.038 154.981
9.42 4.14 0.038 154.131
9.43 3.93 0.02 145.068
9.44 3.87 0.029 149.335
9.45 3.75 0.031 149.53
9.46 3.79 0.03 149.395
9.47 3.82 0.03 149.609
9.48 3.97 0.024 147.717
9.49 3.86 0.025 147.664
9.5 3.78 0.026 147.744
9.51 3.82 0.026 148.011
9.52 3.85 0.026 148.221
9.53 4.04 0.025 148.81
9.54 4.29 0.025 150.146
9.55 4.68 0.025 152.084
9.56 4.83 0.028 154.268
9.57 4.98 0.029 155.448
9.58 5.93 0.031 160.339
9.59 6.43 0.033 163.112
9.6 6.9 0.032 164.404
9.61 7.35 0.035 167.196
9.62 7.78 0.038 169.777
9.63 8.64 0.038 172.41
9.64 9.07 0.038 173.67
9.65 9.5 0.039 175.261
9.66 9.93 0.041 177.168
9.67 10.36 0.046 180.02
9.68 11.17 0.048 182.68
9.69 11.58 0.049 183.998
9.7 11.94 0.054 186.365
9.71 12.26 0.055 187.416
9.72 12.73 0.062 190.376
9.73 13.11 0.065 191.992
9.74 13.38 0.067 193.097
9.75 13.69 0.067 193.791
9.76 13.95 0.071 195.312
9.77 14.47 0.073 196.854
9.78 14.38 0.073 196.733
9.79 14.37 0.076 197.43
9.8 14.39 0.077 197.74
9.81 14.42 0.085 199.49
9.82 14.53 0.085 199.765
9.83 14.73 0.086 200.41
9.84 14.84 0.085 200.486
9.85 14.94 0.088 201.317
9.86 14.99 0.089 201.66
9.87 14.96 0.091 202.032
9.88 14.77 0.092 201.901
9.89 14.72 0.093 202.041
9.9 14.64 0.093 201.939
9.91 14.58 0.093 201.876
9.92 14.52 0.093 201.813
9.93 14.36 0.093 201.548
9.94 14.26 0.093 201.401
9.95 14.14 0.093 201.213
9.96 14.01 0.093 201.001
9.97 13.84 0.093 200.704
9.98 13.58 0.092 200.033
9.99 13.48 0.091 199.694
10 13.37 0.091 199.514
10.01 13.29 0.091 199.397
10.02 13.2 0.091 199.257
10.03 13.13 0.091 199.16
10.04 13.01 0.091 198.952
10.05 12.93 0.091 198.83
10.06 12.88 0.091 198.774
10.07 12.85 0.091 198.762
10.08 12.81 0.091 198.728
10.09 12.68 0.09 198.309
10.1 12.6 0.089 197.998
10.11 12.48 0.089 197.78
10.12 12.41 0.088 197.489
10.13 12.3 0.087 197.102
10.14 12.14 0.087 196.785
10.15 12.03 0.086 196.392
10.16 11.91 0.085 195.972
10.17 11.75 0.083 195.257
10.18 11.63 0.082 194.825
10.19 11.35 0.081 193.997
10.2 11.21 0.081 193.704
10.21 11.09 0.08 193.257
10.22 10.96 0.079 192.779
10.23 10.72 0.078 192.014
10.24 10.57 0.077 191.471
10.25 10.46 0.076 191.027
10.26 10.34 0.075 190.552
10.27 10.13 0.074 189.829
10.28 10.02 0.073 189.367
10.29 9.92 0.072 188.928
10.3 9.85 0.071 188.567
10.31 9.78 0.069 187.977
10.32 9.76 0.069 187.972
10.33 9.73 0.056 184.704
10.34 9.68 0.048 182.264
10.35 9.63 0.048 182.177
10.36 9.63 0.048 182.226
10.37 9.61 0.049 182.533
10.38 9.49 0.049 182.252
10.39 9.43 0.05 182.44
10.4 9.23 0.051 182.227
10.41 9.02 0.052 181.966
10.42 9.06 0.052 182.131
10.43 8.99 0.053 182.264
10.44 8.99 0.054 182.597
10.45 8.99 0.055 182.924
10.46 8.99 0.055 182.973
10.47 9 0.055 183.051
10.48 9.04 0.055 183.217
10.49 9.05 0.056 183.569
10.5 8.99 0.059 184.24
10.51 8.99 0.062 185.051
10.52 9 0.062 185.13
10.53 9.1 0.062 185.473
10.54 9.17 0.062 185.727
10.55 9.26 0.062 186.038
10.56 9.25 0.061 185.806
10.57 9.34 0.06 185.859
10.58 9.43 0.06 186.164
10.59 9.56 0.06 186.581
10.6 9.74 0.06 187.132
10.61 9.99 0.06 187.865
10.62 10.23 0.06 188.558
10.63 10.77 0.062 190.529
10.64 10.99 0.063 191.389
10.65 11.15 0.063 191.838
10.66 11.28 0.063 192.208
10.67 11.4 0.063 192.552
10.68 11.44 0.065 193.201
10.69 11.42 0.066 193.448
10.7 11.39 0.065 193.179
10.71 11.35 0.069 194.093
10.72 11.08 0.071 193.932
10.73 11.03 0.072 194.082
10.74 10.9 0.073 194.024
10.75 10.85 0.073 193.946
10.76 10.85 0.073 193.996
10.77 10.66 0.071 193.106
10.78 10.63 0.071 193.077
10.79 10.69 0.071 193.284
10.8 10.68 0.072 193.533
10.81 10.72 0.072 193.687
10.82 10.75 0.072 193.814
10.83 10.81 0.073 194.242
10.84 10.81 0.073 194.292
10.85 10.86 0.073 194.471
10.86 10.93 0.075 195.139
10.87 11 0.077 195.797
10.88 11.32 0.079 197.078
10.89 11.55 0.086 199.101
10.9 11.84 0.098 202.048
10.91 12.18 0.105 204.094
10.92 12.6 0.111 206.095
10.93 13.82 0.104 207.78
10.94 14.55 0.097 208.169
10.95 15.57 0.092 209.34
10.96 16.56 0.087 210.28
10.97 17.49 0.083 211.166
10.98 18.97 0.079 212.828
10.99 20.05 0.079 214.586
11 20.52 0.076 214.665
11.01 20.82 0.06 210.978
11.02 20.6 0.057 209.812
11.03 20.15 0.054 208.259
11.04 20.43 0.053 208.402
11.05 19.69 0.052 207.021
11.06 19.4 0.052 206.632
11.07 19.12 0.039 201.373
11.08 18.95 0.053 206.365
11.09 18.8 0.057 207.432
11.1 18.32 0.055 206.1
11.11 17.96 0.054 205.249
11.12 19.25 0.047 204.98
11.13 16.83 0.046 200.743
11.14 18.2 0.035 198.504
11.15 15.86 0.038 195.994
11.16 15.62 0.042 197.248
11.17 14.62 0.042 195.426
11.18 14 0.042 194.259
11.19 13.52 0.066 200.742
11.2 13.41 0.073 202.245
11.21 12.47 0.065 198.266
11.22 12.08 0.063 196.897
11.23 11.97 0.066 197.449
11.24 11.27 0.067 196.037
11.25 10.97 0.068 195.566
11.26 9.99 0.069 193.23
11.27 9.79 0.073 193.622
11.28 9.78 0.075 194.077
11.29 9.63 0.076 193.907
11.3 9.37 0.074 192.763
11.31 9.25 0.073 192.235
11.32 9.17 0.074 192.26
11.33 9.09 0.072 191.627
11.34 8.93 0.071 190.962
11.35 8.84 0.071 190.731
11.36 8.78 0.071 190.59
11.37 8.71 0.07 190.193
11.38 8.68 0.069 189.917
11.39 8.66 0.069 189.901
11.4 8.66 0.068 189.716
11.41 8.67 0.067 189.56
11.42 8.67 0.058 187.345
11.43 8.66 0.055 186.533
11.44 8.67 0.055 186.609
11.45 8.68 0.055 186.686
11.46 8.73 0.055 186.885
11.47 8.79 0.055 187.115
11.48 8.7 0.055 186.883
11.49 8.73 0.056 187.302
11.5 8.75 0.057 187.685
11.51 8.83 0.058 188.249
11.52 8.91 0.059 188.807
11.53 8.95 0.06 189.239
11.54 8.99 0.062 189.924
11.55 9.03 0.066 191.082
11.56 8.95 0.07 191.82
11.57 8.9 0.072 192.162
11.58 8.86 0.074 192.522
11.59 8.75 0.074 192.222
11.6 8.63 0.076 192.312
11.61 8.5 0.076 191.938
11.62 8.22 0.077 191.268
11.63 8.09 0.077 190.875
11.64 7.98 0.077 190.545
11.65 7.84 0.077 190.105
11.66 7.71 0.076 189.487
11.67 7.5 0.076 188.78
11.68 7.42 0.076 188.534
11.69 7.35 0.074 187.904
11.7 7.32 0.073 187.625
11.71 7.28 0.071 187.089
11.72 7.26 0.069 186.615
11.73 7.26 0.065 185.734
11.74 7.27 0.064 185.576
11.75 7.32 0.063 185.559
11.76 7.38 0.062 185.574
11.77 7.49 0.061 185.763
11.78 7.71 0.061 186.583
11.79 7.78 0.061 186.87
11.8 7.86 0.061 187.189
11.81 7.95 0.061 187.541
11.82 7.99 0.062 187.975
11.83 8.04 0.062 188.188
11.84 8.13 0.064 189.033
11.85 8.17 0.065 189.455
11.86 8.2 0.066 189.84
11.87 8.25 0.067 190.289
11.88 8.3 0.068 190.734
11.89 8.33 0.069 191.11
11.9 8.48 0.07 191.876
11.91 8.6 0.071 192.537
11.92 8.75 0.075 193.944
11.93 8.95 0.087 197.04
11.94 9.22 0.085 197.549
11.95 9.54 0.082 197.975
11.96 10.45 0.073 198.705
11.97 11.07 0.064 198.225
11.98 11.82 0.085 204.934
11.99 12.92 0.105 211.307
12 14.65 0.093 213.053
12.01 16.7 0.081 214.678
12.02 17.57 0.076 215.16
12.03 18.12 0.078 216.635
12.04 19.42 0.079 219.09
12.05 22.62 0.162 237.799
12.06 24.25 0.201 244.6
12.07 22.85 0.147 236.338
12.08 26.02 0.094 232.06
12.09 28.54 0.086 233.49
12.1 27.01 0.078 229.823
12.11 24.34 0.096 230.402
12.12 24.2 0.114 233.58
12.13 24.07 0.123 234.933
12.14 24.58 0.132 237.086
12.15 22.13 0.145 235.414
12.16 21.78 0.157 236.488
12.17 22.86 0.16 238.571
12.18 21.67 0.147 235.132
12.19 22.11 0.15 236.264
12.2 21.95 0.152 236.332
12.21 21.79 0.172 238.578
12.22 21.12 0.162 236.38
12.23 20.88 0.152 234.797
12.24 20.65 0.164 235.963
12.25 20.81 0.159 235.672
12.26 20.41 0.153 234.316
12.27 20.46 0.133 231.735
12.28 20.28 0.11 227.864
12.29 20.03 0.104 226.45
12.3 16.07 0.097 218.161
12.31 16.3 0.094 218.087
12.32 16.53 0.09 217.787
12.33 16.95 0.09 218.625
12.34 16.83 0.09 218.45
12.35 16.51 0.069 213.132
12.36 14.89 0.067 209.52
12.37 14.99 0.044 202.557
12.38 14.45 0.039 199.522
12.39 13.61 0.035 196.08
12.4 13.12 0.034 194.621
12.41 12.46 0.038 195.02
12.42 11.85 0.042 195.278
12.43 10.87 0.064 199.789
12.44 10.52 0.072 200.853
12.45 9.71 0.071 198.362
12.46 8.89 0.075 196.797
12.47 8.81 0.079 197.437
12.48 8.33 0.107 200.901
12.49 7.87 0.116 200.653
12.5 7.72 0.12 200.707
12.51 7.56 0.12 200.148
12.52 7.56 0.119 200.053
12.53 7.92 0.106 199.512
12.54 7.5 0.106 197.997
12.55 7.03 0.106 196.204
12.56 7.05 0.104 196.017
12.57 7.03 0.101 195.503
12.58 6.94 0.094 194.021
12.59 7.1 0.082 192.502
12.6 7.26 0.085 193.742
12.61 7.42 0.088 194.956
12.62 7.75 0.083 195.272
12.63 8.18 0.078 195.824
12.64 8.69 0.067 195.098
12.65 9.62 0.061 196.479
12.66 9.91 0.059 196.818
12.67 10.05 0.058 196.979
12.68 10.05 0.057 196.737
12.69 9.79 0.057 196.039
12.7 9.12 0.058 194.371
12.71 9.13 0.058 194.444
12.72 8.77 0.06 193.91
12.73 8.57 0.061 193.575
12.74 8.49 0.065 194.38
12.75 8.44 0.065 194.257
12.76 8.3 0.066 194.079
12.77 8.18 0.068 194.196
12.78 8 0.068 193.617
12.79 7.71 0.068 192.632
12.8 7.42 0.069 191.846
12.81 7.08 0.072 191.272
12.82 6.54 0.072 189.14
12.83 6.28 0.072 188.079
12.84 6.03 0.072 187.023
12.85 5.62 0.072 185.176
12.86 5.2 0.072 183.156
12.87 4.8 0.07 180.672
12.88 3.95 0.069 175.5
12.89 3.53 0.068 172.509
12.9 3.2 0.064 169.269
12.91 2.83 0.06 165.445
12.92 2.53 0.057 162.139
12.93 2.31 0.053 159.097
12.94 2.04 0.049 155.291
12.95 1.71 0.044 150.077
12.96 1.46 0.041 145.872
12.97 1.34 0.033 141.533
12.98 1.19 0.03 138.065
12.99 1.06 0.026 134.206
13 1.01 0.022 131.464
13.01 0.99 0.019 129.524
13.02 0.91 0.016 126.172
13.03 0.87 0.014 124
13.04 0.72 0.014 120.692
13.05 0.63 0.012 116.91
13.06 0.58 0.011 114.717
13.07 0.51 0.01 111.746
13.08 0.47 0.008 108.431
13.09 0.46 0.008 108.119
13.1 0.45 0.007 106.609
13.11 0.42 0.006 104.232
13.12 0.43 0.006 104.608
13.13 0.43 0.006 104.63
13.14 0.43 0.005 103.077
13.15 0.4 0.005 102.031
13.16 0.38 0.005 101.301
13.17 0.33 0.005 99.2848
13.18 0.34 0.005 99.7336
13.19 0.24 0.005 94.8747
13.2 0.25 0.006 96.9132
13.21 0.23 0.006 95.7767
13.22 0.22 0.007 96.4142
13.23 0.23 0.007 97.0538
13.24 0.23 0.008 98.1587
13.25 0.25 0.009 100.344
13.26 0.3 0.012 105.531
13.27 0.36 0.012 108.361
13.28 0.4 0.013 110.775
13.29 0.43 0.013 111.959
13.3 0.46 0.015 114.429
13.31 0.49 0.015 115.499
13.32 0.52 0.016 117.143
13.33 0.54 0.018 118.966
13.34 0.55 0.018 119.306
13.35 0.54 0.018 119.016
13.36 0.54 0.019 119.577
13.37 0.55 0.019 119.919
13.38 0.56 0.017 119.148
13.39 0.55 0.017 118.863
13.4 0.54 0.017 118.574
13.41 0.54 0.017 118.599
13.42 0.54 0.017 118.624
13.43 0.53 0.017 118.329
13.44 0.5 0.017 117.365
13.45 0.49 0.018 117.606
13.46 0.44 0.019 116.343
13.47 0.38 0.019 113.937
13.48 0.38 0.021 114.913
13.49 0.47 0.02 118.029
13.5 0.56 0.02 121.07
13.51 0.82 0.02 127.931
13.52 1.15 0.02 134.343
13.53 1.44 0.019 138.202
13.54 1.78 0.018 141.875
13.55 2.06 0.019 145.575
13.56 2.28 0.019 147.748
13.57 2.47 0.019 149.491
13.58 2.62 0.019 150.797
13.59 2.78 0.019 152.12
13.6 2.91 0.019 153.156
13.61 3.05 0.019 154.228
13.62 3.16 0.019 155.048
13.63 3.25 0.019 155.708
13.64 3.34 0.019 156.354
13.65 3.4 0.019 156.787
13.66 3.46 0.019 157.214
13.67 3.52 0.02 158.31
13.68 3.56 0.02 158.6
13.69 3.63 0.021 159.725
13.7 3.76 0.022 161.192
13.71 3.86 0.023 162.435
13.72 3.86 0.024 163.044
13.73 3.97 0.025 164.295
13.74 4.19 0.025 165.61
13.75 4.29 0.026 166.75
13.76 4.38 0.027 167.809
13.77 4.46 0.028 168.791
13.78 4.51 0.028 169.096
13.79 4.58 0.032 171.4
13.8 4.63 0.035 172.987
13.81 4.65 0.036 173.536
13.82 4.66 0.037 174.021
13.83 4.62 0.038 174.226
13.84 4.54 0.039 174.199
13.85 4.38 0.039 173.336
13.86 3.94 0.039 170.748
13.87 3.68 0.039 169.112
13.88 3.49 0.056 172.989
13.89 3.13 0.056 170.332
13.9 2.97 0.05 167.497
13.91 2.89 0.043 164.792
13.92 2.91 0.031 160.558
13.93 2.92 0.029 159.78
13.94 3.29 0.029 162.581
13.95 3.54 0.029 164.338
13.96 3.38 0.034 165.455
13.97 4.07 0.049 175.222
13.98 4.97 0.062 183.938
13.99 5.45 0.066 187.405
14 5.49 0.068 188.107
14.01 5.53 0.068 188.341
14.02 5.26 0.069 187.253
14.03 4.94 0.073 186.477
14.04 4.43 0.076 184.226
14.05 4.33 0.074 183.251
14.06 4.3 0.071 182.474
14.07 4.57 0.067 183.232
14.08 4.85 0.066 184.613
14.09 5.59 0.065 188.225
14.1 6.41 0.064 191.762
14.11 7.3 0.064 195.424
14.12 9.96 0.065 204.671
14.13 11.4 0.065 208.731
14.14 12.57 0.069 212.784
14.15 13.58 0.074 216.464
14.16 14.56 0.087 221.655
14.17 16.17 0.093 226.324
14.18 16.8 0.101 229.186
14.19 17.28 0.108 231.449
14.2 17.69 0.115 233.495
14.21 18.02 0.128 236.259
14.22 18.25 0.133 237.493
14.23 18.59 0.138 238.904
14.24 18.62 0.142 239.575
14.25 18.67 0.15 240.81
14.26 18.57 0.157 241.585
14.27 18.47 0.17 243.048
14.28 18.19 0.176 243.262
14.29 18.05 0.183 243.829
14.3 17.89 0.19 244.326
14.31 17.76 0.195 244.645
14.32 17.54 0.198 244.564
14.33 17.27 0.199 244.168
14.34 16.74 0.2 243.223
14.35 16.5 0.199 242.664
14.36 16.21 0.199 242.092
14.37 15.92 0.198 241.409
14.38 15.6 0.197 240.649
14.39 15.03 0.194 239.103
14.4 14.84 0.189 238.194
14.41 14.68 0.177 236.574
14.42 14.49 0.164 234.682
14.43 14.42 0.16 234.082
14.44 14.3 0.158 233.601
14.45 14.16 0.157 233.192
14.46 14.08 0.154 232.673
14.47 14.02 0.146 231.544
14.48 13.76 0.142 230.432
14.49 13.65 0.139 229.801
14.5 13.54 0.135 229.021
14.51 13.53 0.134 228.899
14.52 13.53 0.133 228.8
14.53 13.55 0.134 229.035
14.54 13.57 0.134 229.128
14.55 13.55 0.138 229.684
14.56 13.43 0.144 230.248
14.57 13.16 0.149 230.272
14.58 12.78 0.16 230.71
14.59 11.37 0.179 229.03
14.6 10.55 0.187 227.443
14.61 9.71 0.196 225.666
14.62 8.91 0.198 223.12
14.63 8.14 0.197 220.184
14.64 7.29 0.195 216.572
14.65 5.73 0.188 208.595
14.66 5.65 0.178 207.268
14.67 5.82 0.167 207.092
14.68 5.99 0.148 205.913
14.69 7.34 0.138 210.838
14.7 11.43 0.126 223.07
14.71 12.83 0.116 225.3
14.72 13.83 0.111 226.958
14.73 14.42 0.112 228.541
14.74 14.8 0.114 229.78
14.75 15.05 0.119 231.203
14.76 15.03 0.126 232.304
14.77 14.96 0.131 232.945
14.78 14.76 0.132 232.685
14.79 14.58 0.134 232.608
14.8 14.25 0.137 232.314
14.81 14.1 0.14 232.422
14.82 13.89 0.142 232.238
14.83 13.66 0.144 231.993
14.84 13.35 0.147 231.668
14.85 12.6 0.146 229.66
14.86 12.22 0.146 228.692
14.87 11.97 0.143 227.662
14.88 11.77 0.141 226.886
14.89 11.72 0.136 226.109
14.9 12.08 0.134 226.859
14.91 12.45 0.131 227.46
14.92 13.04 0.125 228.133
14.93 13.64 0.11 227.229
14.94 14.24 0.104 227.62
14.95 14.76 0.097 227.518
14.96 15.45 0.089 227.428
14.97 15.67 0.088 227.72
14.98 15.85 0.089 228.351
14.99 15.99 0.089 228.683
15 16.14 0.092 229.666
15.01 16.15 0.095 230.343
15.02 16.14 0.098 230.962
15.03 16.06 0.108 232.713
15.04 15.93 0.113 233.361
15.05 15.72 0.118 233.799
15.06 15.63 0.123 234.457
15.07 15.49 0.128 234.974
15.08 15.4 0.133 235.57
15.09 15.25 0.14 236.288
15.1 15 0.143 236.186
15.11 14.93 0.146 236.479
15.12 14.87 0.149 236.785
15.13 14.83 0.154 237.388
15.14 14.8 0.157 237.744
15.15 14.86 0.158 238.052
15.16 14.91 0.158 238.211
15.17 14.99 0.158 238.438
15.18 14.95 0.157 238.264
15.19 14.79 0.155 237.685
15.2 14.76 0.155 237.659
15.21 14.63 0.155 237.4
15.22 14.62 0.155 237.42
15.23 14.61 0.154 237.312
15.24 14.62 0.155 237.507
15.25 14.66 0.155 237.643
15.26 14.7 0.155 237.78
15.27 14.79 0.154 237.904
15.28 14.89 0.155 238.307
15.29 15.01 0.155 238.626
15.3 15.16 0.156 239.139
15.31 15.51 0.158 240.224
15.32 15.7 0.161 241.067
15.33 15.86 0.165 241.956
15.34 15.96 0.168 242.583
15.35 16.08 0.168 242.888
15.36 16.06 0.169 243.009
15.37 15.88 0.169 242.659
15.38 15.7 0.167 242.065
15.39 15.47 0.164 241.23
15.4 14.83 0.165 239.932
15.41 14.48 0.163 238.909
15.42 14.19 0.161 238.012
15.43 13.94 0.155 236.697
15.44 13.79 0.145 235.063
15.45 13.77 0.143 234.785
15.46 13.87 0.141 234.797
15.47 13.98 0.139 234.827
15.48 14.33 0.125 233.634
15.49 14.75 0.112 232.516
15.5 15.72 0.095 231.508
15.51 16.2 0.094 232.35
15.52 16.63 0.093 233.062
15.53 16.93 0.093 233.705
15.54 17.25 0.093 234.378
15.55 16.54 0.1 234.416
15.56 17.4 0.104 236.948
15.57 18.27 0.11 239.777
15.58 18.69 0.115 241.498
15.59 19.05 0.127 244.214
15.6 19.32 0.132 245.541
15.61 19.55 0.138 246.915
15.62 19.46 0.146 247.954
15.63 19.31 0.156 249.092
15.64 19.03 0.175 251.001
15.65 18.81 0.181 251.33
15.66 18.22 0.188 251.015
15.67 17.96 0.192 250.979
15.68 17.7 0.194 250.713
15.69 17.45 0.198 250.67
15.7 17.25 0.199 250.403
15.71 16.77 0.2 249.536
15.72 16.55 0.2 249.106
15.73 16.4 0.2 248.824
15.74 16.2 0.197 248.116
15.75 16.13 0.195 247.795
15.76 15.89 0.193 247.092
15.77 15.8 0.191 246.72
15.78 15.73 0.189 246.389
15.79 15.74 0.183 245.795
15.8 15.72 0.178 245.227
15.81 15.61 0.174 244.56
15.82 15.47 0.172 244.051
15.83 15.26 0.168 243.137
15.84 15.05 0.164 242.209
15.85 14.74 0.157 240.651
15.86 14.1 0.155 238.905
15.87 13.74 0.154 237.93
15.88 13.38 0.152 236.806
15.89 13.11 0.149 235.762
15.9 12.85 0.146 234.727
15.91 12.63 0.139 233.229
15.92 12.26 0.133 231.422
15.93 12.1 0.128 230.29
15.94 11.98 0.126 229.699
15.95 11.87 0.124 229.128
15.96 11.82 0.123 228.875
15.97 11.75 0.122 228.564
15.98 11.63 0.121 228.11
15.99 11.48 0.119 227.408
16 11.32 0.117 226.668
16.01 11.2 0.114 225.871
16.02 11.1 0.113 225.453
16.03 11.13 0.114 225.746
16.04 11.17 0.113 225.736
16.05 11.31 0.112 226.013
16.06 11.48 0.111 226.369
16.07 11.7 0.11 226.857
16.08 12.06 0.109 227.716
16.09 12.17 0.108 227.878
16.1 12.2 0.107 227.822
16.11 12.23 0.106 227.764
16.12 12.39 0.106 228.23
16.13 12.46 0.106 228.455
16.14 12.46 0.107 228.673
16.15 12.48 0.108 228.942
16.16 12.57 0.114 230.252
16.17 12.66 0.115 230.696
16.18 12.68 0.117 231.119
16.19 12.65 0.117 231.08
16.2 12.59 0.117 230.962
16.21 12.52 0.119 231.142
16.22 12.32 0.12 230.806
16.23 12.21 0.12 230.548
16.24 12.14 0.12 230.397
16.25 12.07 0.12 230.244
16.26 12.03 0.12 230.174
16.27 12.02 0.117 229.701
16.28 12.04 0.117 229.795
16.29 12.05 0.117 229.862
16.3 12.1 0.116 229.874
16.31 12.19 0.116 230.159
16.32 12.35 0.116 230.631
16.33 12.49 0.115 230.878
16.34 12.84 0.115 231.838
16.35 13.03 0.116 232.536
16.36 13.26 0.117 233.329
16.37 13.57 0.119 234.477
16.38 13.96 0.121 235.802
16.39 14.5 0.122 237.297
16.4 15.82 0.124 240.659
16.41 16.52 0.119 241.378
16.42 17.2 0.114 241.959
16.43 17.84 0.115 243.453
16.44 18.41 0.117 244.951
16.45 19.37 0.125 248.154
16.46 19.68 0.14 251.121
16.47 19.84 0.149 252.763
16.48 20 0.156 254.067
16.49 19.87 0.163 254.8
16.5 19.91 0.17 255.81
16.51 19.96 0.18 257.166
16.52 20.38 0.186 258.686
16.53 20.59 0.19 259.571
16.54 20.84 0.194 260.518
16.55 21.05 0.198 261.381
16.56 21.26 0.203 262.343
16.57 21.45 0.206 263.044
16.58 21.44 0.208 263.282
16.59 21.43 0.208 263.309
16.6 21.37 0.209 263.352
16.61 21.32 0.209 263.307
16.62 21.16 0.21 263.17
16.63 21.09 0.209 262.984
16.64 21.04 0.209 262.938
16.65 20.93 0.207 262.573
16.66 20.57 0.2 261.213
16.67 20.34 0.198 260.616
16.68 20.05 0.195 259.791
16.69 19.78 0.191 258.88
16.7 19.41 0.19 258.108
16.71 19.07 0.185 256.924
16.72 18.5 0.183 255.615
16.73 18.24 0.18 254.786
16.74 17.97 0.176 253.807
16.75 17.69 0.172 252.792
16.76 17.47 0.169 252.009
16.77 17.22 0.166 251.154
16.78 16.7 0.162 249.582
16.79 16.5 0.161 249.062
16.8 16.22 0.158 248.102
16.81 15.97 0.155 247.194
16.82 15.71 0.151 246.115
16.83 15.44 0.146 244.855
16.84 15.04 0.143 243.55
16.85 14.91 0.14 242.857
16.86 14.93 0.137 242.507
16.87 14.96 0.136 242.469
16.88 14.99 0.134 242.28
16.89 14.74 0.129 240.97
16.9 14.44 0.127 239.985
16.91 14.06 0.124 238.63
16.92 13.62 0.122 237.257
16.93 13.15 0.12 235.775
16.94 12.66 0.118 234.2
16.95 11.55 0.117 231
16.96 11.04 0.116 229.376
16.97 10.6 0.114 227.745
16.98 10.21 0.112 226.222
16.99 9.83 0.11 224.69
17 9.17 0.104 221.453
17.01 8.9 0.1 219.819
17.02 8.67 0.095 218.095
17.03 8.4 0.088 215.761
17.04 8.07 0.082 213.297
17.05 8.17 0.076 212.364
17.06 8.26 0.074 212.262
17.07 8.79 0.071 213.47
17.08 9.08 0.068 213.736
17.09 9.1 0.065 213.038
17.1 8.89 0.063 211.806
17.11 8.46 0.055 207.97
17.12 8.3 0.054 207.116
17.13 8.18 0.054 206.716
17.14 8.13 0.054 206.567
17.15 8.1 0.053 206.17
17.16 8.08 0.051 205.471
17.17 8.01 0.046 203.493
17.18 8.09 0.045 203.445
17.19 8.17 0.046 204.139
17.2 8.64 0.045 205.447
17.21 9.27 0.045 207.573
17.22 10 0.044 209.493
17.23 10.91 0.042 211.352
17.24 11.13 0.035 208.803
17.25 11.19 0.032 207.446
17.26 11.15 0.029 205.681
17.27 11.01 0.03 205.92
17.28 10.78 0.031 205.889
17.29 10.46 0.035 207.111
17.3 9.72 0.038 206.375
17.31 9.27 0.045 207.908
17.32 8.84 0.049 207.992
17.33 8.4 0.051 207.191
17.34 8.06 0.055 207.293
17.35 7.79 0.057 206.925
17.36 7.67 0.057 206.496
17.37 7.67 0.056 206.225
17.38 7.76 0.055 206.296
17.39 7.85 0.055 206.671
17.4 8.02 0.054 207.027
17.41 8.2 0.041 203.017
17.42 8.35 0.036 201.389
17.43 8.4 0.032 199.629
17.44 8.19 0.031 198.409
17.45 7.98 0.03 197.161
17.46 7.75 0.03 196.364
17.47 7.55 0.03 195.657
17.48 7.34 0.033 196.447
17.49 7.12 0.035 196.579
17.5 7 0.035 196.13
17.51 7.06 0.035 196.402
17.52 7.11 0.034 196.159
17.53 7.4 0.035 197.799
17.54 7.8 0.035 199.336
17.55 8.35 0.035 201.334
17.56 8.41 0.034 201.088
17.57 8.35 0.031 199.374
17.58 8.28 0.029 198.062
17.59 8.19 0.029 197.782
17.6 8.12 0.029 197.569
17.61 7.99 0.03 197.698
17.62 7.73 0.03 196.789
17.63 7.29 0.03 195.166
17.64 7.19 0.036 197.787
17.65 7.2 0.038 198.75
17.66 7.21 0.041 200.082
17.67 7.29 0.042 200.834
17.68 7.36 0.044 201.922
17.69 7.34 0.045 202.252
17.7 6.57 0.045 199.082
17.71 5.74 0.047 195.986
17.72 4.85 0.051 192.623
17.73 3.97 0.062 190.244
17.74 3.38 0.062 185.916
17.75 2.91 0.059 181.23
17.76 2.48 0.057 176.625
17.77 2.24 0.052 172.758
17.78 2.02 0.047 168.806
17.79 1.68 0.042 162.879
17.8 1.51 0.037 158.738
17.81 1.33 0.034 154.795
17.82 1.22 0.031 151.736
17.83 1.08 0.029 148.294
17.84 1.04 0.025 145.702
17.85 1.03 0.019 142.237
17.86 1.02 0.014 138.496
17.87 0.99 0.01 134.116
17.88 0.96 0.006 127.987
17.89 0.92 0.004 123.004
17.9 0.91 0.004 122.83
17.91 0.89 0.003 119.56
17.92 0.9 0.003 119.771
17.93 0.88 0.003 119.403
17.94 0.87 0.003 119.225
17.95 0.85 0.003 118.845
17.96 0.85 0.003 118.863
17.97 0.85 0.004 121.761
17.98 0.84 0.004 121.573
17.99 0.83 0.004 121.382
18 0.84 0.004 121.611
18.01 0.84 0.004 121.629
18.02 0.84 0.004 121.648
18.03 0.84 0.004 121.667
18.04 0.81 0.004 121.05
18.05 0.81 0.004 121.069
18.06 0.82 0.003 118.433
18.07 0.82 0.004 121.32
18.08 0.83 0.004 121.551
18.09 0.81 0.004 121.143
18.1 0.81 0.004 121.162
18.11 0.82 0.005 123.67
18.12 0.82 0.007 127.2
18.13 0.85 0.008 129.308
18.14 0.93 0.009 132.304
18.15 1.04 0.009 134.472
18.16 1.19 0.01 138.335
18.17 1.38 0.014 145.351
18.18 1.68 0.02 154.055
18.19 2.57 0.022 165.109
18.2 3.44 0.024 173.467
18.21 4.97 0.024 182.933
18.22 7.05 0.025 193.063
18.23 9.39 0.026 201.886
18.24 11.78 0.027 209.275
18.25 13.7 0.034 218.05
18.26 14.58 0.041 223.501
18.27 14.25 0.049 226.128
18.28 13.93 0.054 227.254
18.29 13.44 0.067 230.214
18.3 12.91 0.073 230.558
18.31 12.45 0.077 230.412
18.32 11.96 0.081 230.086
18.33 11.64 0.085 230.145
18.34 11.08 0.087 228.994
18.35 10.9 0.091 229.346
18.36 10.64 0.089 228.162
18.37 10.44 0.087 227.144
18.38 10.34 0.079 225.05
18.39 10.2 0.075 223.674
18.4 10.12 0.069 221.909
18.41 10.01 0.063 219.923
18.42 9.99 0.056 217.748
18.43 9.74 0.047 213.848
18.44 9.38 0.043 211.155
18.45 8.9 0.039 207.9
18.46 8.29 0.036 204.45
18.47 7.59 0.033 200.443
18.48 6.88 0.035 198.628
18.49 6.22 0.031 193.827
18.5 5.64 0.03 190.622
18.51 5.14 0.03 188.119
18.52 4.62 0.031 185.785
18.53 4.15 0.03 182.466
18.54 3.73 0.029 179.205
18.55 3.35 0.026 174.884
18.56 3.14 0.022 170.895
18.57 2.89 0.019 166.843
18.58 2.66 0.017 163.369
18.59 2.43 0.014 158.695
18.6 2.22 0.012 154.67
18.61 2.01 0.01 150.199
18.62 1.82 0.008 145.365
18.63 1.66 0.007 141.888
18.64 1.49 0.006 137.938
18.65 1.34 0.005 133.821
18.66 1.2 0.005 131.731
18.67 1.08 0.005 129.767
18.68 1 0.005 128.356
18.69 0.93 0.005 127.04
18.7 0.94 0.006 129.2
18.71 0.95 0.006 129.416
18.72 1 0.006 130.395
18.73 1.09 0.006 132.043
18.74 1.19 0.005 131.729
18.75 1.28 0.005 133.139
18.76 1.29 0.005 133.308
18.77 1.26 0.005 132.877
18.78 1.21 0.006 134.143
18.79 1.13 0.006 132.848
18.8 1.17 0.007 135.259
18.81 1.2 0.006 134.042
18.82 1.29 0.006 135.466
18.83 1.35 0.006 136.376
18.84 1.36 0.006 136.541
18.85 1.32 0.006 135.975
18.86 1.25 0.007 136.674
18.87 1.2 0.007 135.893
18.88 1.19 0.007 135.749
18.89 1.23 0.007 136.417
18.9 1.26 0.006 135.167
18.91 1.29 0.006 135.645
18.92 1.29 0.006 135.665
18.93 1.22 0.006 134.6
18.94 1.16 0.005 131.633
18.95 1.12 0.005 130.989
18.96 1.07 0.005 130.149
18.97 1.01 0.005 129.091
18.98 0.91 0.005 127.186
18.99 0.85 0.005 125.962
19 0.82 0.005 125.33
19.01 0.82 0.005 125.348
19.02 0.81 0.005 125.145
19.03 0.8 0.005 124.94
19.04 0.82 0.005 125.403
19.05 0.8 0.005 124.976
19.06 0.78 0.005 124.54
19.07 0.79 0.005 124.787
19.08 0.77 0.005 124.345
19.09 0.78 0.005 124.594
19.1 0.75 0.005 123.911
19.11 0.76 0.005 124.165
19.12 0.76 0.005 124.183
19.13 0.76 0.005 124.201
19.14 0.76 0.005 124.219
19.15 0.76 0.005 124.237
19.16 0.76 0.005 124.255
19.17 0.74 0.005 123.797
19.18 0.74 0.005 123.815
19.19 0.75 0.005 124.073
19.2 0.76 0.005 124.327
19.21 0.77 0.005 124.58
19.22 0.77 0.005 124.598
19.23 0.79 0.005 125.077
19.24 0.78 0.005 124.866
19.25 0.76 0.005 124.417
19.26 0.76 0.005 124.435
19.27 0.74 0.005 123.976
19.28 0.75 0.005 124.234
19.29 0.76 0.005 124.489
19.3 0.76 0.005 124.507
19.31 0.76 0.005 124.525
19.32 0.78 0.005 125.01
19.33 0.8 0.005 125.484
19.34 0.78 0.005 125.046
19.35 0.78 0.005 125.064
19.36 0.78 0.005 125.082
19.37 0.78 0.005 125.1
19.38 0.77 0.005 124.885
19.39 0.76 0.005 124.668
19.4 0.77 0.005 124.921
19.41 0.77 0.005 124.939
19.42 0.77 0.005 124.957
19.43 0.75 0.005 124.502
19.44 0.74 0.005 124.279
19.45 0.74 0.005 124.297
19.46 0.74 0.005 124.315
19.47 0.74 0.005 124.333
19.48 0.74 0.005 124.35
19.49 0.74 0.005 124.368
19.5 0.74 0.005 124.386
19.51 0.74 0.005 124.404
19.52 0.74 0.006 126.323
19.53 0.75 0.006 126.586
19.54 0.76 0.006 126.845
19.55 0.76 0.006 126.863
19.56 0.77 0.006 127.12
19.57 0.8 0.006 127.84
19.58 0.81 0.006 128.087
19.59 0.82 0.006 128.332
19.6 0.82 0.006 128.35
19.61 0.82 0.006 128.368
19.62 0.83 0.006 128.611
19.63 0.85 0.007 130.737
19.64 0.84 0.007 130.533
19.65 0.87 0.007 131.213
19.66 0.88 0.007 131.447
19.67 0.88 0.007 131.466
19.68 0.91 0.007 132.121
19.69 0.92 0.007 132.347
19.7 0.95 0.008 134.465
19.71 0.99 0.009 136.617
19.72 1.04 0.008 136.267
19.73 1.04 0.008 136.287
19.74 1.07 0.009 138.213
19.75 1.09 0.009 138.601
19.76 1.09 0.015 144.639
19.77 1.13 0.022 150.121
19.78 1.47 0.039 163.546
19.79 2.76 0.044 180.907
19.8 5.06 0.044 197.435
19.81 7.49 0.05 211.17
19.82 9.64 0.062 222.97
19.83 13.25 0.077 237.7
19.84 14.88 0.086 243.972
19.85 16.51 0.093 249.304
19.86 18.15 0.095 253.21
19.87 19.81 0.095 256.457
19.88 21.1 0.094 258.606
19.89 21.98 0.092 259.703
19.9 23.18 0.092 261.735
19.91 23.63 0.092 262.498
19.92 24.12 0.093 263.548
19.93 24.43 0.096 264.769
19.94 24.6 0.098 265.525
19.95 24.7 0.099 265.942
19.96 24.73 0.112 268.771
19.97 24.9 0.114 269.47
19.98 25.08 0.119 270.752
19.99 25.33 0.124 272.107
20 25.5 0.129 273.305
20.01 25.71 0.133 274.362
20.02 25.92 0.134 274.893
20.03 25.88 0.131 274.353
20.04 25.68 0.129 273.734
20.05 25.34 0.123 272.166
20.06 24.89 0.119 270.757
20.07 24.46 0.115 269.348
20.08 23.41 0.11 266.7
20.09 22.99 0.105 265.015
20.1 22.58 0.097 262.629
20.11 22.24 0.094 261.407
20.12 21.86 0.094 260.796
20.13 21.56 0.093 260.082
20.14 21.29 0.092 259.412
20.15 20.79 0.091 258.327
20.16 20.55 0.092 258.166
20.17 20.34 0.092 257.819
20.18 20.13 0.093 257.702
20.19 19.94 0.093 257.385
20.2 19.69 0.093 256.954
20.21 19.38 0.092 256.172
20.22 19.02 0.092 255.516
20.23 18.2 0.091 253.704
20.24 17.73 0.09 252.552
20.25 17.17 0.09 251.422
20.26 16.57 0.09 250.172
20.27 15.93 0.092 249.247
20.28 15.21 0.095 248.288
20.29 14.44 0.098 247.11
20.3 13.64 0.102 245.941
20.31 11.61 0.107 241.291
20.32 10.38 0.11 238.011
20.33 9.17 0.109 233.655
20.34 8.07 0.108 229.25
20.35 7.03 0.106 224.422
20.36 6.21 0.099 219.23
20.37 4.8 0.103 211.975
20.38 4.27 0.081 204.336
20.39 3.88 0.07 199.131
20.4 3.55 0.064 195.165
20.41 3.25 0.057 190.877
20.42 2.9 0.051 186.067
20.43 2.4 0.04 177.466
20.44 2.25 0.038 175.099
20.45 2.23 0.035 173.705
20.46 2.1 0.031 170.502
20.47 1.99 0.028 167.783
20.48 1.84 0.023 163.229
20.49 1.78 0.024 163.05
20.5 1.75 0.024 162.673
20.51 1.68 0.027 163.335
20.52 1.67 0.028 163.711
20.53 1.7 0.03 165.098
20.54 1.72 0.036 167.927
20.55 1.83 0.037 169.843
20.56 1.87 0.041 171.857
20.57 1.92 0.045 173.876
20.58 1.99 0.05 176.338
20.59 2.08 0.052 178.068
20.6 2.16 0.053 179.347
20.61 2.44 0.056 183.385
20.62 2.61 0.061 186.52
20.63 2.79 0.066 189.584
20.64 2.94 0.066 191.045
20.65 3.08 0.068 192.833
20.66 3.23 0.076 195.99
20.67 3.35 0.084 198.696
20.68 3.79 0.102 205.58
20.69 4.17 0.105 208.959
20.7 4.74 0.111 213.865
20.71 5.57 0.12 220.347
20.72 6.44 0.132 226.822
20.73 7.22 0.145 232.428
20.74 8.68 0.157 240.29
20.75 9.06 0.177 244.234
20.76 9.17 0.187 245.813
20.77 8.97 0.195 245.922
20.78 8.62 0.197 244.757
20.79 8.31 0.189 242.664
20.8 8.16 0.181 241.191
20.81 8.15 0.147 237.042
20.82 8.06 0.115 231.909
20.83 7.81 0.094 227.049
20.84 7.47 0.079 222.388
20.85 7.14 0.065 217.418
20.86 6.8 0.046 209.802
20.87 6.35 0.044 207.004
20.88 5.95 0.041 203.9
20.89 5.49 0.038 200.307
20.9 5.1 0.037 197.78
20.91 4.59 0.035 193.929
20.92 4.36 0.032 191.095
20.93 4.16 0.028 187.735
20.94 4 0.029 187.248
20.95 3.82 0.029 186.035
20.96 3.62 0.032 186.143
20.97 3.4 0.033 184.968
20.98 3.2 0.031 182.433
20.99 3.05 0.029 180.197
21 2.87 0.027 177.59
21.01 2.73 0.027 176.339
21.02 2.58 0.027 174.933
21.03 2.23 0.029 172.343
21.04 2.1 0.03 171.364
21.05 2.01 0.031 170.775
21.06 1.93 0.03 169.339
21.07 1.84 0.03 168.2
21.08 1.78 0.031 167.879
21.09 1.77 0.032 168.208
21.1 1.8 0.033 169.071
21.11 1.82 0.033 169.362
21.12 1.86 0.032 169.481
21.13 1.9 0.032 170.023
21.14 1.97 0.031 170.483
21.15 2.06 0.031 171.606
21.16 2.17 0.031 172.919
21.17 2.31 0.031 174.506
21.18 2.47 0.032 176.686
21.19 2.68 0.032 178.798
21.2 2.65 0.032 178.532
21.21 2.56 0.032 177.669
21.22 2.42 0.032 176.259
21.23 2.25 0.032 174.443
21.24 2.1 0.033 173.184
21.25 1.96 0.034 171.92
21.26 1.88 0.036 171.729
21.27 1.82 0.038 171.722
21.28 1.77 0.039 171.427
21.29 1.72 0.041 171.455
21.3 1.71 0.042 171.677
21.31 1.72 0.042 171.844
21.32 1.74 0.043 172.49
21.33 1.8 0.044 173.689
21.34 1.92 0.046 175.983
21.35 2.03 0.047 177.741
21.36 2.14 0.046 178.8
21.37 2.24 0.045 179.675
21.38 2.3 0.044 180.046
21.39 2.34 0.041 179.46
21.4 2.37 0.039 179.066
21.41 2.32 0.038 178.155
21.42 2.28 0.035 176.52
21.43 2.23 0.036 176.393
21.44 2.17 0.038 176.517
21.45 2.15 0.038 176.305
21.46 2.08 0.038 175.489
21.47 2.08 0.038 175.512
21.48 2.11 0.04 176.649
21.49 2.14 0.041 177.396
21.5 2.37 0.043 180.761
21.51 2.48 0.045 182.659
21.52 2.56 0.045 183.519
21.53 2.62 0.045 184.156
21.54 2.68 0.044 184.436
21.55 2.78 0.044 185.436
21.56 2.88 0.044 186.406
21.57 2.88 0.045 186.779
21.58 2.74 0.044 185.121
21.59 2.66 0.044 184.356
21.6 2.59 0.043 183.322
21.61 2.52 0.043 182.624
21.62 2.43 0.043 181.694
21.63 2.35 0.044 181.189
21.64 2.31 0.044 180.765
21.65 2.31 0.043 180.443
21.66 2.24 0.043 179.668
21.67 2.17 0.042 178.522
21.68 2.1 0.04 176.984
21.69 2.11 0.039 176.755
21.7 2.11 0.039 176.777
21.71 2.1 0.038 176.298
21.72 2.08 0.037 175.687
21.73 2.02 0.037 174.971
21.74 1.99 0.036 174.219
21.75 1.97 0.035 173.581
21.76 1.97 0.039 175.173
21.77 1.95 0.043 176.365
21.78 1.94 0.077 185.011
21.79 1.93 0.09 187.312
21.8 1.9 0.098 188.243
21.81 1.84 0.089 185.903
21.82 1.9 0.115 190.814
21.83 1.96 0 0
21.84 3.15 0 0
21.85 15.74 0 0
21.86 21.48 0 0
21.87 28.17 0 0
21.88 37.23 0 0
21.89 41.24 0 0
