0.01 0.01 0 0
0.02 0 0 0
0.03 0 0 0
0.04 0 0 0
0.05 0 0 0
0.06 0 0 0
0.07 0 0 0
0.08 0 0 0
0.09 0 0 0
0.1 0 0 0
0.11 0.01 0 0
0.12 0.01 0 0
0.13 0.01 0 0
0.14 0.01 0 0
0.15 0.01 0 0
0.16 0.01 0 0
0.17 0.01 0 0
0.18 0.01 0 0
0.19 0 0 0
0.2 0 0 0
0.21 0 0 0
0.22 0 0 0
0.23 0 0 0
0.24 0 0 0
0.25 0 0 0
0.26 0.01 0 0
0.27 0.01 0 0
0.28 0.01 0 0
0.29 0.01 0 0
0.3 0.01 0 0
0.31 0.02 0 0
0.32 0.01 0 0
0.33 0.01 0 0
0.34 0.01 0 0
0.35 0 0 0
0.36 0 0 0
0.37 0 0 0
0.38 0 0 0
0.39 0 0 0
0.4 0 0 0
0.41 0 0 0
0.42 0 0 0
0.43 0 0 0
0.44 -0.01 0 -nan
0.45 0 0 0
0.46 -0.01 0 -nan
0.47 -0.01 0 -nan
0.48 -0.01 0 -nan
0.49 -0.01 0 -nan
0.5 -0.01 0 -nan
0.51 -0.01 0 -nan
0.52 -0.01 0 -nan
0.53 -0.01 0 -nan
0.54 0 0 0
0.55 0 0 0
0.56 0 0 0
0.57 0.01 0 0
0.58 0.02 0 0
0.59 0.03 0 0
0.6 0.04 0 0
0.61 0.04 0 0
0.62 0.04 0 0
0.63 0.05 0 0
0.64 0.07 0 0
0.65 0.07 0 0
0.66 0.09 0 0
0.67 0.11 0.002 34.3141
0.68 0.11 0.002 34.4557
0.69 0.2 0.003 38.9998
0.7 0.2 0.004 40.1047
0.71 0.29 0.003 41.4715
0.72 0.43 0.006 46.6786
0.73 0.61 0.008 50.4715
0.74 0.82 0.011 54.2872
0.75 1.08 0.014 57.8437
0.76 1.54 0.025 64.1203
0.77 2.12 0.034 69.1311
0.78 3.06 0.038 73.8248
0.79 2.8 0.055 75.4305
0.8 3.66 0.064 79.6695
0.81 4.52 0.073 83.3192
0.82 6.33 0.078 88.2435
0.83 7.46 0.084 91.2212
0.84 8.4 0.087 93.3752
0.85 7.64 0.091 92.7586
0.86 7.3 0.097 92.9451
0.87 7.2 0.101 93.3726
0.88 6.62 0.103 92.6949
0.89 6.41 0.103 92.5558
0.9 6.28 0.104 92.6447
0.91 6.19 0.105 92.8106
0.92 6.1 0.104 92.823
0.93 5.99 0.104 92.8587
0.94 5.85 0.103 92.744
0.95 5.67 0.101 92.4486
0.96 5.49 0.099 92.135
0.97 5.29 0.096 91.6733
0.98 4.94 0.094 90.874
0.99 4.78 0.091 90.4554
1 4.64 0.086 89.8973
1.01 4.47 0.081 89.2174
1.02 4.34 0.077 88.7081
1.03 4.18 0.072 87.9764
1.04 4.05 0.068 87.396
1.05 3.94 0.064 86.8429
1.06 3.82 0.061 86.3395
1.07 3.72 0.057 85.7499
1.08 3.62 0.055 85.3811
1.09 3.57 0.051 84.8939
1.1 3.51 0.048 84.4751
1.11 3.48 0.045 84.1303
1.12 3.44 0.043 83.8821
1.13 3.43 0.041 83.722
1.14 3.4 0.039 83.4732
1.15 3.38 0.037 83.2396
1.16 3.38 0.035 83.0553
1.17 3.34 0.033 82.7053
1.18 3.31 0.031 82.364
1.19 3.28 0.03 82.2247
1.2 3.26 0.029 82.1117
1.21 3.22 0.028 81.9157
1.22 3.17 0.028 81.9185
1.23 3.15 0.028 82.0298
1.24 3.14 0.028 82.177
1.25 3.11 0.028 82.247
1.26 3.07 0.029 82.5164
1.27 3.03 0.029 82.5419
1.28 2.98 0.03 82.7572
1.29 2.93 0.03 82.7346
1.3 2.93 0.031 83.1389
1.31 2.87 0.031 83.0683
1.32 2.84 0.031 83.1183
1.33 2.78 0.031 83.0371
1.34 2.78 0.031 83.2102
1.35 2.78 0.031 83.3824
1.36 2.78 0.031 83.5536
1.37 2.79 0.031 83.7673
1.38 2.78 0.031 83.8934
1.39 2.78 0.031 84.062
1.4 2.79 0.032 84.4961
1.41 2.79 0.032 84.6635
1.42 2.79 0.032 84.83
1.43 2.81 0.032 85.0831
1.44 2.83 0.033 85.554
1.45 2.82 0.033 85.675
1.46 2.81 0.034 86.0084
1.47 2.77 0.034 85.994
1.48 2.75 0.034 86.0664
1.49 2.73 0.034 86.1371
1.5 2.68 0.034 86.068
1.51 2.62 0.035 86.154
1.52 2.58 0.035 86.1212
1.53 2.56 0.035 86.1817
1.54 2.5 0.034 85.8363
1.55 2.49 0.034 85.9413
1.56 2.43 0.033 85.5804
1.57 2.4 0.032 85.3605
1.58 2.39 0.031 85.2344
1.59 2.39 0.031 85.3841
1.6 2.4 0.029 85.1109
1.61 2.4 0.027 84.753
1.62 2.41 0.025 84.4077
1.63 2.42 0.024 84.3158
1.64 2.42 0.024 84.4593
1.65 2.43 0.024 84.6524
1.66 2.44 0.024 84.8449
1.67 2.45 0.024 85.0367
1.68 2.46 0.024 85.2279
1.69 2.45 0.024 85.3186
1.7 2.47 0.024 85.5588
1.71 2.5 0.024 85.8475
1.72 2.5 0.024 85.9868
1.73 2.52 0.024 86.2243
1.74 2.52 0.024 86.3626
1.75 2.55 0.024 86.6478
1.76 2.56 0.024 86.8341
1.77 2.59 0.025 87.4134
1.78 2.62 0.025 87.6958
1.79 2.65 0.026 88.2641
1.8 2.66 0.026 88.4489
1.81 2.67 0.027 88.9118
1.82 2.63 0.028 89.124
1.83 2.61 0.029 89.4225
1.84 2.57 0.03 89.6116
1.85 2.5 0.03 89.3905
1.86 2.44 0.03 89.212
1.87 2.37 0.03 88.9713
1.88 2.33 0.03 88.8852
1.89 2.29 0.03 88.7947
1.9 2.28 0.03 88.869
1.91 2.25 0.03 88.8292
1.92 2.22 0.031 89.029
1.93 2.19 0.033 89.4473
1.94 2.17 0.033 89.4576
1.95 2.17 0.033 89.5856
1.96 2.17 0.033 89.713
1.97 2.18 0.033 89.8996
1.98 2.2 0.033 90.1447
1.99 2.23 0.033 90.4472
2 2.25 0.035 91.1349
2.01 2.25 0.036 91.4755
2.02 2.27 0.037 91.928
2.03 2.26 0.037 91.9957
2.04 2.24 0.037 92.0037
2.05 2.19 0.037 91.8298
2.06 2.15 0.037 91.7104
2.07 2.12 0.037 91.6483
2.08 2.07 0.037 91.4563
2.09 2.02 0.037 91.2564
2.1 1.98 0.035 90.6945
2.11 1.95 0.035 90.6149
2.12 1.93 0.033 90.1571
2.13 1.9 0.03 89.3602
2.14 1.86 0.028 88.6924
2.15 1.84 0.025 87.8371
2.16 1.83 0.023 87.274
2.17 1.83 0.02 86.3758
2.18 1.83 0.017 85.3248
2.19 1.82 0.015 84.4816
2.2 1.82 0.013 83.5876
2.21 1.82 0.012 83.1375
2.22 1.81 0.011 82.5759
2.23 1.8 0.011 82.6132
2.24 1.8 0.011 82.7161
2.25 1.8 0.011 82.8186
2.26 1.79 0.01 82.1998
2.27 1.78 0.01 82.2344
2.28 1.78 0.01 82.3349
2.29 1.77 0.01 82.3683
2.3 1.72 0.011 82.7824
2.31 1.69 0.013 83.8297
2.32 1.68 0.013 83.8587
2.33 1.61 0.013 83.446
2.34 1.53 0.012 82.3841
2.35 1.46 0.012 81.9274
2.36 1.46 0.012 82.0242
2.37 1.45 0.012 82.0394
2.38 1.45 0.012 82.1355
2.39 1.45 0.012 82.2313
2.4 1.45 0.013 82.8769
2.41 1.45 0.015 83.9666
2.42 1.45 0.016 84.5159
2.43 1.45 0.018 85.4461
2.44 1.46 0.018 85.6284
2.45 1.49 0.018 85.9772
2.46 1.57 0.018 86.7253
2.47 1.66 0.018 87.5229
2.48 1.77 0.018 88.4346
2.49 1.86 0.015 87.8258
2.5 1.93 0.014 87.8867
2.51 2 0.014 88.4369
2.52 2.03 0.013 88.1793
2.53 2.03 0.013 88.2764
2.54 2.04 0.013 88.4359
2.55 2.03 0.014 89.0171
2.56 2.02 0.014 89.0506
2.57 2.01 0.015 89.5963
2.58 2.01 0.016 90.176
2.59 2.01 0.017 90.7295
2.6 2.01 0.019 91.6712
2.61 2.03 0.021 92.6685
2.62 2.02 0.023 93.4054
2.63 2.04 0.023 93.6371
2.64 2.09 0.023 94.0634
2.65 2.11 0.023 94.2915
2.66 2.14 0.023 94.5824
2.67 2.15 0.023 94.7447
2.68 2.12 0.023 94.6515
2.69 2.1 0.024 94.9559
2.7 2.04 0.025 94.98
2.71 1.95 0.027 95.0687
2.72 1.83 0.027 94.2997
2.73 1.67 0.027 93.1605
2.74 1.55 0.027 92.2592
2.75 1.42 0.026 90.9092
2.76 1.29 0.024 89.1557
2.77 1.09 0.022 86.4781
2.78 1.09 0.02 85.8811
2.79 1.02 0.02 85.1491
2.8 0.95 0.019 84.0064
2.81 0.88 0.018 82.7947
2.82 0.86 0.018 82.6026
2.83 0.86 0.013 80.4752
2.84 0.89 0.013 80.9529
2.85 0.93 0.013 81.5467
2.86 1 0.013 82.4836
2.87 1.05 0.014 83.66
2.88 1.07 0.017 85.3362
2.89 1.08 0.018 85.9407
2.9 1.08 0.019 86.4112
2.91 1.04 0.02 86.393
2.92 1 0.02 85.9884
2.93 0.95 0.02 85.4368
2.94 0.87 0.021 84.7848
2.95 0.83 0.021 84.2916
2.96 0.76 0.021 83.3072
2.97 0.76 0.02 83.0476
2.98 0.76 0.02 83.1252
2.99 0.76 0.018 82.4765
3 0.82 0.017 83.0654
3.01 0.88 0.016 83.5695
3.02 0.88 0.015 83.1986
3.03 0.88 0.013 82.2895
3.04 0.9 0.013 82.6319
3.05 0.87 0.013 82.3046
3.06 0.83 0.012 81.28
3.07 0.79 0.012 80.7771
3.08 0.78 0.012 80.702
3.09 0.77 0.012 80.6248
3.1 0.8 0.011 80.5574
3.11 0.83 0.01 80.4178
3.12 0.88 0.01 81.1705
3.13 0.99 0.01 82.6324
3.14 1.09 0.01 83.8598
3.15 1.17 0.01 84.7944
3.16 1.17 0.01 84.8691
3.17 1.16 0.012 86.1355
3.18 1.16 0.014 87.3237
3.19 1.17 0.016 88.4857
3.2 1.13 0.018 88.988
3.21 1.08 0.019 88.8856
3.22 0.99 0.019 87.8548
3.23 0.97 0.019 87.6725
3.24 0.93 0.019 87.2174
3.25 0.9 0.018 86.491
3.26 0.88 0.018 86.2852
3.27 0.88 0.018 86.3587
3.28 0.87 0.016 85.4485
3.29 0.84 0.016 85.0898
3.3 0.84 0.016 85.1616
3.31 0.81 0.016 84.788
3.32 0.78 0.016 84.3993
3.33 0.77 0.016 84.313
3.34 0.77 0.016 84.3834
3.35 0.78 0.015 84.1575
3.36 0.79 0.014 83.8989
3.37 0.85 0.014 84.8581
3.38 1.07 0.013 87.2505
3.39 1.61 0.012 91.9992
3.4 1.61 0.012 92.0746
3.41 1.83 0.012 93.8651
3.42 2.17 0.012 96.2754
3.43 2.26 0.012 96.919
3.44 2.36 0.013 98.2563
3.45 2.5 0.014 99.7683
3.46 2.64 0.014 100.635
3.47 2.79 0.015 102.105
3.48 2.9 0.016 103.311
3.49 3.05 0.017 104.673
3.5 3.16 0.019 106.271
3.51 3.3 0.02 107.479
3.52 3.44 0.02 108.21
3.53 3.53 0.02 108.699
3.54 3.64 0.02 109.266
3.55 3.78 0.02 109.948
3.56 3.9 0.021 110.98
3.57 4.03 0.021 111.592
3.58 4.15 0.022 112.586
3.59 4.46 0.023 114.27
3.6 4.67 0.026 116.299
3.61 4.87 0.03 118.496
3.62 5.08 0.034 120.56
3.63 5.28 0.04 122.977
3.64 5.45 0.051 126.158
3.65 5.62 0.068 129.886
3.66 5.78 0.096 134.31
3.67 5.93 0.103 135.701
3.68 6.12 0.108 136.961
3.69 6.28 0.11 137.785
3.7 6.65 0.111 139.135
3.71 7.66 0.123 143.322
3.72 7.9 0.135 145.188
3.73 7.79 0.143 145.7
3.74 7.57 0.153 146.027
3.75 7.37 0.16 146.116
3.76 7.27 0.168 146.53
3.77 6.96 0.169 145.793
3.78 6.51 0.17 144.574
3.79 6.48 0.168 144.442
3.8 6.45 0.166 144.307
3.81 6.43 0.154 143.45
3.82 6.4 0.152 143.302
3.83 6.58 0.153 144.058
3.84 6.05 0.154 142.507
3.85 5.2 0.156 139.685
3.86 4.6 0.162 137.771
3.87 4.27 0.177 137.409
3.88 1.4 0.189 117.749
3.89 1.26 0.202 116.703
3.9 1.2 0.228 117.143
3.91 1.3 0.244 119.256
3.92 1.39 0.253 120.861
3.93 1.89 0.262 126.786
3.94 3.15 0.321 138.888
3.95 5.3 0.351 150.917
3.96 6.17 0.374 155.182
3.97 7.57 0.417 161.386
3.98 8.7 0.462 166.178
3.99 9.29 0.551 170.352
4 9.97 0.647 174.53
4.01 11.54 0.775 181.067
4.02 12.67 0.858 185.208
4.03 14.04 0.944 189.597
4.04 14.93 1.016 192.588
4.05 16.19 1.1 196.275
4.06 18.45 1.181 201.327
4.07 20.95 1.223 205.783
4.08 21 1.25 206.369
4.09 21.08 1.257 206.718
4.1 21.16 1.283 207.324
4.11 21.47 1.319 208.379
4.12 21.58 0 0
4.13 22.98 0 0
4.14 26.28 0 0
4.15 29.33 0 0
4.16 34.72 0 0
4.17 39.72 0 0
4.18 44.01 0 0
