0.01 -0.02 0 -nan
0.02 -0.02 0 -nan
0.03 -0.02 0 -nan
0.04 -0.02 0 -nan
0.05 -0.02 0 -nan
0.06 -0.01 0.003 -nan
0.07 0.01 0.004 13.7356
0.0800001 0.26 0.005 23.216
0.0900001 0.48 0.005 26.203
0.1 1.09 0.005 30.3642
0.11 2.12 0.008 35.6824
0.12 2.96 0.011 39.3858
0.13 3.37 0.011 41.0314
0.14 3.44 0.011 42.0097
0.15 3.43 0.012 43.1163
0.16 3.39 0.013 44.1156
0.17 3.4 0.013 44.8844
0.18 3.23 0.014 45.5477
0.19 3.03 0.014 45.8139
0.2 3.01 0.015 46.6948
0.21 3.08 0.015 47.4894
0.22 2.63 0.014 46.7566
0.23 2.58 0.014 47.2073
0.24 2.52 0.014 47.6076
0.25 2.48 0.013 47.7448
0.26 2.45 0.012 47.8639
0.27 2.45 0.012 48.3687
0.28 2.45 0.011 48.5078
0.29 2.46 0.011 49.0121
0.3 2.48 0.011 49.5339
0.31 2.51 0.01 49.6786
0.32 2.56 0.01 50.2616
0.33 2.71 0.01 51.1108
0.34 2.81 0.01 51.8063
0.35 2.91 0.01 52.4891
0.36 2.99 0.005 50.1327
0.37 3.06 0.006 51.4593
0.38 3.11 0.007 52.6341
0.39 3.15 0.008 53.7066
0.4 3.17 0.009 54.6684
0.41 3.21 0.009 55.1444
0.42 3.24 0.01 56.0789
0.43 3.26 0.01 56.497
0.44 3.22 0.011 57.2101
0.45 3.22 0.011 57.5687
0.46 3.22 0.011 57.9215
0.47 3.23 0.011 58.2948
0.48 3.26 0.011 58.7152
0.49 3.27 0.012 59.508
0.5 3.31 0.012 59.948
0.51 3.43 0.012 60.5888
0.52 3.49 0.013 61.4772
0.53 3.55 0.011 61.1003
0.54 3.61 0.011 61.567
0.55 3.66 0.011 62.0046
0.56 3.71 0.011 62.4378
0.57 3.78 0.011 62.9149
0.58 3.81 0.012 63.7517
0.59 3.84 0.013 64.5563
0.6 3.86 0.013 64.9072
0.61 3.83 0.014 65.5357
0.62 3.83 0.015 66.2116
0.63 3.84 0.015 66.5318
0.640001 3.9 0.015 66.9731
0.650001 3.92 0.016 67.6743
0.660001 3.94 0.016 68.012
0.670001 3.96 0.016 68.3467
0.680001 3.96 0.017 68.9758
0.690001 3.96 0.017 69.2563
0.700001 3.96 0.018 69.8654
0.710001 3.96 0.018 70.1414
0.720001 3.96 0.019 70.7321
0.730001 3.97 0.019 71.0297
0.740001 3.95 0.019 71.247
0.75 3.94 0.02 71.793
0.760001 3.91 0.02 71.9786
0.770001 3.88 0.02 72.1606
0.780001 3.86 0.02 72.366
0.790001 3.82 0.02 72.5139
0.800001 3.8 0.02 72.7129
0.810001 3.8 0.021 73.2612
0.820001 3.78 0.021 73.4557
0.830001 3.78 0.021 73.7037
0.840001 3.78 0.021 73.9495
0.850001 3.79 0.021 74.2214
0.860001 3.81 0.021 74.5196
0.870001 3.83 0.021 74.8158
0.880001 3.84 0.021 75.0821
0.890001 3.84 0.021 75.3183
0.900001 3.83 0.021 75.5243
0.910001 3.82 0.022 76.0218
0.920001 3.81 0.022 76.2243
0.930001 3.77 0.022 76.3377
0.940001 3.75 0.022 76.5064
0.950001 3.73 0.022 76.6727
0.960001 3.7 0.022 76.8069
0.970001 3.62 0.022 76.7864
0.980001 3.58 0.022 76.8825
0.990001 3.53 0.022 76.9438
1 3.45 0.021 76.6077
1.01 3.42 0.021 76.7234
1.02 3.39 0.021 76.8363
1.03 3.39 0.021 77.0449
1.04 3.41 0.021 77.3176
1.05 3.42 0.021 77.5563
1.06 3.42 0.021 77.7609
1.07 3.49 0.021 78.192
1.08 3.59 0.021 78.714
1.09 3.67 0.021 79.1668
1.1 3.73 0.022 79.8621
1.11 3.8 0.022 80.2779
1.12 3.87 0.022 80.6901
1.13 3.94 0.022 81.0988
1.14 4.01 0.023 81.8062
1.15 4.1 0.023 82.2675
1.16 4.19 0.023 82.724
1.17 4.19 0.023 82.9217
1.18 4.3 0.023 83.4289
1.19 4.41 0.023 83.9295
1.2 4.54 0.024 84.7774
1.21 4.67 0.024 85.3193
1.22 4.79 0.024 85.8278
1.23 4.9 0.025 86.5981
1.24 4.99 0.025 87.021
1.25 5.03 0.026 87.6013
1.26 5.06 0.026 87.8708
1.27 5.08 0.026 88.1141
1.28 5.12 0.027 88.6843
1.29 5.12 0.028 89.1457
1.3 5.19 0.028 89.5121
1.31 5.29 0.028 89.9499
1.32 5.4 0.028 90.4078
1.33 5.52 0.03 91.4081
1.34 5.66 0.03 91.9296
1.35 5.8 0.03 92.4445
1.36 5.95 0.031 93.2295
1.37 6.06 0.031 93.6664
1.38 6.13 0.032 94.2599
1.39 6.13 0.032 94.4493
1.4 6.07 0.033 94.746
1.41 6.05 0.033 94.8886
1.42 6.06 0.034 95.3343
1.43 6.07 0.035 95.7739
1.44 6.24 0.035 96.342
1.45 6.33 0.036 96.9538
1.46 6.45 0.036 97.4023
1.47 6.59 0.036 97.8895
1.48 6.75 0.037 98.6381
1.49 6.93 0.037 99.1982
1.5 7.4 0.037 100.326
1.51 7.68 0.038 101.275
1.52 7.97 0.038 102.004
1.53 8.28 0.039 102.976
1.54 8.59 0.036 103.022
1.55 9.13 0.036 104.117
1.56 9.35 0.037 104.901
1.57 9.55 0.038 105.642
1.58 9.72 0.039 106.327
1.59 9.85 0.041 107.163
1.6 9.98 0.043 107.98
1.61 9.79 0.044 108.075
1.62 10 0.046 108.994
1.63 10.21 0.048 109.897
1.64 10.34 0.051 110.842
1.65 10.41 0.052 111.317
1.66 10.44 0.053 111.728
1.67 10.43 0.054 112.073
1.68 10.39 0.055 112.369
1.69 10.32 0.055 112.445
1.7 10.28 0.056 112.735
1.71 10.22 0.056 112.824
1.72 10.16 0.056 112.911
1.73 10.14 0.055 112.892
1.74 10.15 0.055 113.089
1.75 10.17 0.055 113.301
1.76 10.24 0.055 113.593
1.77 10.25 0.055 113.788
1.78 10.26 0.055 113.982
1.79 10.25 0.055 114.144
1.8 10.24 0.055 114.305
1.81 10.22 0.055 114.449
1.82 10.15 0.055 114.511
1.83 10.04 0.055 114.506
1.84 9.78 0.055 114.247
1.85 9.65 0.054 114.025
1.86 9.53 0.054 113.99
1.87 9.44 0.053 113.827
1.88 9.38 0.052 113.711
1.89 9.33 0.052 113.791
1.9 9.27 0.052 113.852
1.91 9.13 0.051 113.585
1.92 9.04 0.051 113.588
1.93 8.95 0.05 113.402
1.94 8.86 0.049 113.209
1.95 8.74 0.049 113.149
1.96 8.54 0.048 112.739
1.97 8.31 0.047 112.259
1.98 7.92 0.046 111.442
1.99 7.79 0.044 110.922
2 7.68 0.043 110.637
2.01 7.61 0.041 110.207
2.02 7.6 0.039 109.88
2.03 7.61 0.037 109.571
2.04 7.61 0.035 109.215
2.05 7.7 0.034 109.285
2.06 7.74 0.032 108.963
2.07 7.77 0.032 109.171
2.08 7.75 0.032 109.277
2.09 7.66 0.032 109.239
2.1 7.51 0.032 109.073
2.11 7.37 0.033 109.2
2.12 7.27 0.033 109.129
2.13 7.12 0.034 109.215
2.14 7.07 0.035 109.511
2.15 7.05 0.035 109.608
2.16 7.02 0.035 109.682
2.17 6.98 0.035 109.733
2.18 6.94 0.036 110.04
2.19 6.93 0.035 109.899
2.2 6.9 0.035 109.969
2.21 6.9 0.035 110.108
2.22 6.87 0.034 109.912
2.23 6.83 0.034 109.957
2.24 6.77 0.034 109.954
2.25 6.72 0.034 109.973
2.26 6.67 0.034 109.99
2.27 6.68 0.034 110.149
2.28 6.69 0.034 110.307
2.29 6.73 0.034 110.536
2.3 6.77 0.034 110.765
2.31 6.8 0.034 110.969
2.32 6.82 0.034 111.15
2.33 6.83 0.034 111.306
2.34 6.83 0.034 111.439
2.35 6.84 0.034 111.594
2.36 6.84 0.034 111.726
2.37 6.85 0.034 111.881
2.38 6.82 0.033 111.664
2.39 6.71 0.033 111.532
2.4 6.53 0.032 110.941
2.41 6.44 0.031 110.555
2.42 6.4 0.03 110.282
2.43 6.36 0.029 109.998
2.44 6.29 0.029 109.949
2.45 6.23 0.029 109.922
2.46 6.15 0.029 109.842
2.47 6.06 0.029 109.732
2.48 5.97 0.029 109.619
2.49 5.84 0.029 109.395
2.5 5.83 0.029 109.49
2.51 5.84 0.029 109.638
2.52 5.85 0.03 110.097
2.53 5.96 0.03 110.514
2.54 6.1 0.031 111.309
2.55 6.33 0.03 111.721
2.56 6.92 0.028 112.639
2.57 7.28 0.027 113.244
2.58 7.66 0.025 113.471
2.59 8.07 0.025 114.449
2.6 8.52 0.026 115.848
2.61 8.94 0.028 117.501
2.62 9.32 0.03 119.014
2.63 9.18 0.033 119.827
2.64 9.95 0.036 122.235
2.65 10.27 0.039 123.744
2.66 10.57 0.042 125.157
2.67 10.83 0.044 126.215
2.68 11.16 0.049 128.035
2.69 11.22 0.052 128.902
2.7 11.24 0.055 129.672
2.71 11.22 0.057 130.158
2.72 11.19 0.058 130.43
2.73 11.15 0.059 130.681
2.74 11.09 0.06 130.896
2.75 10.95 0.061 130.969
2.76 10.88 0.061 130.98
2.77 10.85 0.062 131.237
2.78 10.84 0.062 131.351
2.79 10.84 0.063 131.657
2.8 10.84 0.063 131.788
2.81 10.84 0.063 131.919
2.82 10.86 0.064 132.258
2.83 10.86 0.064 132.388
2.84 10.85 0.064 132.5
2.85 10.85 0.064 132.63
2.86 10.85 0.064 132.759
2.87 10.86 0.064 132.905
2.88 10.88 0.064 133.069
2.89 11 0.064 133.408
2.9 11.1 0.065 133.883
2.91 11.24 0.065 134.253
2.92 11.39 0.065 134.638
2.93 11.56 0.065 135.054
2.94 11.74 0.066 135.655
2.95 11.91 0.066 136.065
2.96 12.04 0.067 136.577
2.97 12.13 0.068 137.02
2.98 12.22 0.069 137.461
2.99 12.22 0.069 137.589
3 12.17 0.069 137.636
3.01 12.12 0.07 137.847
3.02 12.09 0.069 137.759
3.03 12.09 0.069 137.886
3.04 12.16 0.069 138.127
3.05 12.24 0.068 138.216
3.06 12.38 0.068 138.569
3.07 12.55 0.067 138.796
3.08 12.7 0.067 139.159
3.09 12.85 0.067 139.52
3.1 12.99 0.067 139.864
3.11 13.08 0.068 140.301
3.12 13.27 0.068 140.718
3.13 13.33 0.068 140.935
3.14 13.39 0.069 141.323
3.15 13.45 0.069 141.539
3.16 13.56 0.07 142
3.17 13.67 0.071 142.458
3.18 13.79 0.072 142.929
3.19 13.97 0.072 143.321
3.2 14.03 0.073 143.699
3.21 14.07 0.074 144.046
3.22 14.11 0.075 144.391
3.23 14.15 0.076 144.733
3.24 14.18 0.077 145.06
3.25 14.2 0.078 145.369
3.26 14.19 0.079 145.633
3.27 14.2 0.079 145.772
3.28 14.21 0.079 145.911
3.29 14.25 0.079 146.093
3.3 14.28 0.079 146.261
3.31 14.31 0.079 146.428
3.32 14.33 0.079 146.581
3.33 14.38 0.079 146.777
3.34 14.44 0.079 146.987
3.35 14.51 0.0800001 147.366
3.36 14.52 0.081 147.655
3.37 14.49 0.081 147.733
3.38 14.46 0.081 147.811
3.39 14.42 0.081 147.874
3.4 14.37 0.081 147.921
3.41 14.31 0.0800001 147.799
3.42 14.23 0.0800001 147.8
3.43 14.13 0.079 147.616
3.44 14.08 0.079 147.66
3.45 14.05 0.078 147.577
3.46 14.05 0.076 147.377
3.47 14.05 0.076 147.495
3.48 14.05 0.075 147.451
3.49 14.06 0.075 147.584
3.5 14.07 0.075 147.716
3.51 14.25 0.074 147.939
3.52 14.25 0.075 148.222
3.53 14.41 0.075 148.577
3.54 14.48 0.075 148.798
3.55 14.52 0.075 148.974
3.56 14.52 0.055 145.292
3.57 14.48 0.058 145.992
3.58 14.43 0.062 146.845
3.59 14.34 0.062 146.826
3.6 14.26 0.063 147.017
3.61 14.23 0.064 147.279
3.62 14.21 0.065 147.553
3.63 14.19 0.065 147.636
3.64 13.75 0.066 147.267
3.65 13.71 0.067 147.502
3.66 13.72 0.067 147.63
3.67 13.72 0.068 147.924
3.68 13.74 0.068 148.067
3.69 13.72 0.068 148.148
3.7 13.68 0.069 148.377
3.71 13.62 0.069 148.394
3.72 13.6 0.07 148.652
3.73 13.54 0.07 148.668
3.74 13.49 0.07 148.7
3.75 13.32 0.07 148.539
3.76 13.19 0.07 148.439
3.77 13.08 0.07 148.369
3.78 12.96 0.07 148.282
3.79 12.86 0.069 148.048
3.8 12.78 0.069 148.023
3.81 12.7 0.069 147.998
3.82 12.63 0.069 147.988
3.83 12.54 0.068 147.763
3.84 12.43 0.067 147.501
3.85 12.31 0.067 147.402
3.86 12.17 0.066 147.081
3.87 11.89 0.066 146.695
3.88 11.75 0.065 146.364
3.89 11.63 0.065 146.252
3.9 11.53 0.065 146.175
3.91 11.44 0.064 145.925
3.92 11.35 0.063 145.672
3.93 11.25 0.062 145.396
3.94 11.17 0.061 145.153
3.95 11.1 0.06 144.924
3.96 11.01 0.059 144.654
3.97 11 0.058 144.53
3.98 11 0.057 144.422
3.99 10.98 0.056 144.273
4 10.94 0.055 144.081
4.01 10.9 0.054 143.885
4.02 10.87 0.054 143.928
4.03 10.82 0.054 143.932
4.04 10.76 0.054 143.916
4.05 10.7 0.054 143.899
4.06 10.54 0.054 143.685
4.07 10.44 0.054 143.586
4.08 10.34 0.054 143.485
4.09 10.21 0.054 143.322
4.1 10.04 0.054 143.073
4.11 9.85 0.054 142.776
4.12 9.65 0.054 142.451
4.13 9.46 0.053 141.919
4.14 9.28 0.052 141.398
4.15 9.12 0.051 140.911
4.16 8.96 0.05 140.415
4.17 8.82 0.049 139.955
4.18 8.56 0.048 139.207
4.19 8.45 0.047 138.797
4.2 8.32 0.046 138.331
4.21 8.22 0.044 137.672
4.22 8.09 0.044 137.447
4.23 7.97 0.042 136.711
4.24 7.83 0.041 136.179
4.25 7.71 0.04 135.687
4.26 7.59 0.04 135.469
4.27 7.49 0.039 135.014
4.28 7.31 0.039 134.629
4.29 7.22 0.038 134.186
4.3 7.15 0.037 133.788
4.31 7.07 0.037 133.657
4.32 7 0.038 133.849
4.33 6.94 0.038 133.769
4.34 6.87 0.038 133.66
4.35 6.8 0.038 133.548
4.36 6.71 0.038 133.377
4.37 6.59 0.038 133.116
4.38 6.25 0.038 132.188
4.39 6.05 0.038 131.654
4.4 5.88 0.037 130.907
4.41 5.71 0.037 130.437
4.42 5.53 0.037 129.919
4.43 5.39 0.036 129.226
4.44 5.23 0.036 128.748
4.45 5.09 0.035 128.025
4.46 4.94 0.035 127.555
4.47 4.8 0.033 126.486
4.48 4.68 0.032 125.782
4.49 4.47 0.031 124.7
4.5 4.39 0.029 123.765
4.51 4.32 0.028 123.195
4.52 4.26 0.027 122.651
4.53 4.22 0.026 122.175
4.54 4.17 0.024 121.231
4.55 4.13 0.024 121.137
4.56 4.09 0.022 120.168
4.57 4.05 0.02 119.123
4.58 3.92 0.019 118.131
4.59 3.83 0.019 117.808
4.6 3.75 0.019 117.521
4.61 3.66 0.019 117.182
4.62 3.57 0.019 116.833
4.63 3.4 0.018 115.564
4.64 3.33 0.018 115.287
4.65 3.25 0.018 114.953
4.66 3.28 0.018 115.174
4.67 3.31 0.018 115.394
4.68 3.39 0.017 115.31
4.69 3.5 0.017 115.911
4.7 3.62 0.017 116.544
4.71 3.74 0.017 117.161
4.72 3.88 0.017 117.853
4.73 4.13 0.017 118.987
4.74 4.22 0.017 119.427
4.75 4.28 0.018 120.311
4.76 4.31 0.018 120.502
4.77 4.35 0.018 120.733
4.78 4.37 0.018 120.883
4.79 4.38 0.019 121.539
4.8 4.38 0.019 121.61
4.81 4.39 0.02 122.24
4.82 4.4 0.02 122.351
4.83 4.4 0.02 122.422
4.84 4.4 0.021 122.99
4.85 4.41 0.021 123.101
4.86 4.42 0.022 123.69
4.87 4.49 0.022 124.041
4.88 4.53 0.022 124.27
4.89 4.57 0.022 124.498
4.9 4.61 0.022 124.725
4.91 4.66 0.022 124.99
4.92 4.66 0.022 125.061
4.93 4.68 0.022 125.209
4.94 4.73 0.022 125.471
4.95 4.81 0.022 125.845
4.96 4.87 0.022 126.141
4.97 4.9 0.022 126.323
4.98 4.89 0.023 126.825
4.99 4.9 0.024 127.383
5 4.91 0.024 127.491
5.01 4.98 0.024 127.823
5.02 4.99 0.024 127.93
5.03 5.01 0.024 128.075
5.04 5.01 0.024 128.146
5.05 5.03 0.024 128.29
5.06 5.07 0.024 128.507
5.07 5.11 0.024 128.723
5.08 5.16 0.024 128.974
5.09 5.23 0.025 129.735
5.1 5.34 0.025 130.196
5.11 5.39 0.025 130.442
5.12 5.42 0.026 131.044
5.13 5.43 0.026 131.15
5.14 5.45 0.027 131.703
5.15 5.49 0.027 131.913
5.16 5.49 0.028 132.384
5.17 5.45 0.028 132.316
5.18 5.38 0.029 132.527
5.19 5.21 0.03 132.36
5.2 5.11 0.031 132.422
5.21 5.08 0.032 132.731
5.22 5.02 0.032 132.575
5.23 4.99 0.032 132.531
5.24 4.92 0.031 131.982
5.25 4.64 0.031 130.943
5.26 4.5 0.029 129.714
5.27 4.39 0.028 128.944
5.28 4.3 0.028 128.627
5.29 4.09 0.028 127.77
5.3 3.99 0.027 126.998
5.31 3.9 0.027 126.648
5.32 3.82 0.025 125.53
5.33 3.76 0.025 125.309
5.34 3.65 0.025 124.84
5.35 3.59 0.024 124.185
5.36 3.55 0.024 124.049
5.37 3.53 0.023 123.574
5.38 3.55 0.023 123.738
5.39 3.56 0.023 123.852
5.4 3.61 0.023 124.165
5.41 3.71 0.022 124.259
5.42 4.01 0.022 125.722
5.43 4.2 0.022 126.628
5.44 4.42 0.022 127.628
5.45 4.66 0.022 128.669
5.46 4.9 0.022 129.669
5.47 5.38 0.023 131.98
5.48 5.64 0.024 133.419
5.49 5.92 0.025 134.878
5.5 6.21 0.028 137.166
5.51 6.49 0.03 138.905
5.52 6.93 0.032 141.049
5.53 7.09 0.033 141.948
5.54 7.25 0.036 143.511
5.55 7.41 0.036 144.036
5.56 7.55 0.035 144.158
5.57 7.87 0.035 145.095
5.58 8.05 0.035 145.641
5.59 8.25 0.036 146.572
5.6 8.45 0.037 147.488
5.61 9.02 0.038 149.285
5.62 9.44 0.04 150.984
5.63 9.67 0.041 151.895
5.64 9.9 0.043 153.091
5.65 10.9 0.045 155.892
5.66 11.84 0.047 158.41
5.67 12.39 0.052 160.875
5.68 12.9 0.055 162.648
5.69 13.3 0.057 163.932
5.7 13.67 0.06 165.365
5.71 14.31 0.063 167.217
5.72 14.58 0.066 168.4
5.73 14.82 0.069 169.504
5.74 15.04 0.071 170.351
5.75 15.25 0.073 171.169
5.76 15.46 0.077 172.353
5.77 15.63 0.079 173.076
5.78 15.79 0.0800001 173.595
5.79 15.91 0.082 174.226
5.8 16 0.083 174.627
5.81 16.06 0.084 174.979
5.82 16.12 0.084 175.157
5.83 16.24 0.0850001 175.601
5.84 16.29 0.086 175.933
5.85 16.36 0.086 176.126
5.86 16.44 0.086 176.333
5.87 16.54 0.087 176.741
5.88 16.65 0.087 176.993
5.89 16.77 0.087 177.26
5.9 16.87 0.088 177.664
5.91 16.99 0.088 177.93
5.92 17.2 0.088 178.328
5.93 17.3 0.088 178.561
5.94 17.33 0.089 178.857
5.95 17.38 0.089 179.015
5.96 17.44 0.089 179.188
5.97 17.44 0.0900001 179.438
5.98 17.46 0.091 179.716
5.99 17.43 0.091 179.755
6 17.41 0.091 179.809
6.01 17.37 0.091 179.833
6.02 17.36 0.0900001 179.736
6.03 17.37 0.091 179.999
6.04 17.37 0.0900001 179.916
6.05 17.46 0.089 179.966
6.06 17.58 0.089 180.226
6.07 17.72 0.087 180.174
6.08 17.87 0.087 180.475
6.09 17.99 0.087 180.732
6.1 18.14 0.086 180.856
6.11 18.27 0.086 181.125
6.12 18.39 0.086 181.378
6.13 18.52 0.086 181.645
6.14 18.76 0.087 182.239
6.15 18.88 0.086 182.314
6.16 18.92 0.087 182.627
6.17 18.97 0.087 182.779
6.18 18.98 0.087 182.875
6.19 19.01 0.088 183.173
6.2 18.96 0.0900001 183.529
6.21 18.93 0.0900001 183.569
6.22 18.86 0.091 183.722
6.23 18.77 0.091 183.678
6.24 18.51 0.092 183.558
6.25 18.32 0.093 183.532
6.26 18.08 0.093 183.265
6.27 17.85 0.093 183.009
6.28 17.57 0.092 182.509
6.29 17.36 0.092 182.274
6.3 17.21 0.091 181.961
6.31 17.03 0.0900001 181.599
6.32 16.82 0.089 181.186
6.33 16.68 0.088 180.878
6.34 16.6 0.087 180.66
6.35 16.57 0.086 180.519
6.36 16.6 0.086 180.645
6.37 16.62 0.0850001 180.579
6.38 16.62 0.084 180.48
6.39 16.63 0.084 180.574
6.4 16.66 0.084 180.7
6.41 16.76 0.084 180.934
6.42 16.88 0.084 181.198
6.43 17.03 0.0850001 181.687
6.44 17.14 0.086 182.111
6.45 17.22 0.086 182.312
6.46 17.24 0.087 182.596
6.47 17.18 0.088 182.757
6.48 17.07 0.088 182.666
6.49 16.99 0.089 182.793
6.5 16.88 0.089 182.7
6.51 16.78 0.089 182.622
6.52 16.8 0.0900001 182.901
6.53 16.82 0.0900001 183.01
6.54 16.91 0.0850001 182.36
6.55 16.96 0.0800001 181.597
6.56 16.94 0.079 181.453
6.57 16.8 0.077 180.926
6.58 16.37 0.078 180.522
6.59 16.12 0.078 180.198
6.6 15.88 0.078 179.885
6.61 15.67 0.079 179.807
6.62 15.24 0.0800001 179.351
6.63 15.04 0.0800001 179.085
6.64 14.95 0.0800001 179.005
6.65 14.85 0.0800001 178.907
6.66 14.85 0.078 178.605
6.67 14.8 0.076 178.208
6.68 14.71 0.072 177.326
6.69 14.65 0.069 176.669
6.7 14.65 0.066 176.089
6.71 14.66 0.063 175.499
6.72 14.68 0.06 174.895
6.73 14.66 0.057 174.188
6.74 14.64 0.056 173.969
6.75 14.62 0.056 174.007
6.76 14.67 0.057 174.421
6.77 14.71 0.057 174.561
6.78 14.88 0.058 175.175
6.79 15.08 0.061 176.322
6.8 15.53 0.063 177.619
6.81 15.7 0.065 178.434
6.82 15.92 0.067 179.316
6.83 16.15 0.071 180.629
6.84 16.56 0.073 181.776
6.85 16.7 0.075 182.48
6.86 16.8 0.076 182.913
6.87 16.89 0.077 183.327
6.88 16.97 0.077 183.526
6.89 17.09 0.077 183.787
6.9 17.16 0.078 184.167
6.91 17.19 0.078 184.287
6.92 17.24 0.079 184.634
6.93 17.28 0.079 184.77
6.94 17.31 0.079 184.89
6.95 17.36 0.079 185.041
6.96 17.37 0.079 185.13
6.97 17.36 0.079 185.189
6.98 17.33 0.079 185.216
6.99 17.22 0.0800001 185.314
7 17.12 0.0800001 185.232
7.01 17.02 0.0800001 185.15
7.02 16.92 0.079 184.872
7.03 16.82 0.079 184.788
7.04 16.54 0.079 184.414
7.05 16.42 0.079 184.294
7.06 16.27 0.079 184.123
7.07 16.09 0.079 183.901
7.08 15.76 0.079 183.425
7.09 15.57 0.079 183.176
7.1 15.37 0.079 182.907
7.11 15.2 0.079 182.686
7.12 15.04 0.079 182.479
7.13 14.62 0.078 181.615
7.14 14.4 0.077 181.095
7.15 14.15 0.077 180.709
7.16 13.85 0.075 179.828
7.17 13.59 0.075 179.408
7.18 13.32 0.074 178.76
7.19 12.92 0.073 177.844
7.2 12.78 0.072 177.43
7.21 12.65 0.069 176.611
7.22 12.49 0.068 176.141
7.23 12.19 0.066 175.158
7.24 12.07 0.065 174.753
7.25 11.97 0.065 174.611
7.26 11.88 0.063 174.035
7.27 11.8 0.062 173.701
7.28 11.61 0.061 173.127
7.29 11.5 0.06 172.718
7.3 11.37 0.059 172.261
7.31 11.24 0.058 171.797
7.32 11.01 0.057 171.103
7.33 11.03 0.057 171.213
7.34 11.04 0.057 171.3
7.35 11.13 0.058 171.814
7.36 11.21 0.058 172.056
7.37 11.19 0.058 172.077
7.38 11.07 0.058 171.875
7.39 10.92 0.057 171.354
7.4 10.76 0.056 170.803
7.41 10.49 0.056 170.243
7.42 10.42 0.056 170.142
7.43 10.39 0.056 170.135
7.44 10.38 0.055 169.921
7.45 10.38 0.055 169.984
7.46 10.38 0.053 169.524
7.47 10.39 0.053 169.611
7.48 10.4 0.053 169.697
7.49 10.41 0.052 169.515
7.5 10.39 0.051 169.257
7.51 10.27 0.051 169.037
7.52 10.21 0.051 168.957
7.53 10.14 0.051 168.852
7.54 10.06 0.051 168.722
7.55 9.98 0.047 167.448
7.56 9.85 0.042 165.637
7.57 9.81 0.042 165.6
7.58 9.8 0.042 165.637
7.59 9.79 0.042 165.673
7.6 9.79 0.041 165.402
7.61 9.78 0.041 165.438
7.62 9.54 0.041 164.907
7.63 9.61 0.042 165.473
7.64 9.68 0.043 166.031
7.65 9.86 0.044 166.851
7.66 10.07 0.044 167.419
7.67 10.32 0.044 168.072
7.68 10.58 0.045 169.053
7.69 10.86 0.046 170.062
7.7 11.16 0.049 171.692
7.71 11.45 0.051 172.964
7.72 11.72 0.052 173.889
7.73 12.2 0.053 175.238
7.74 12.2 0.054 175.573
7.75 12.44 0.055 176.399
7.76 12.67 0.055 176.928
7.77 13.14 0.056 178.189
7.78 13.41 0.057 179.039
7.79 13.67 0.058 179.859
7.8 13.91 0.059 180.632
7.81 14.14 0.059 181.123
7.82 14.35 0.059 181.573
7.83 14.54 0.059 181.982
7.84 14.72 0.06 182.624
7.85 14.88 0.061 183.226
7.86 15.03 0.062 183.804
7.87 15.13 0.064 184.531
7.88 15.24 0.065 185.028
7.89 15.31 0.066 185.45
7.9 15.36 0.068 186.064
7.91 15.44 0.069 186.496
7.92 15.49 0.07 186.872
7.93 15.6 0.07 187.128
7.94 15.65 0.07 187.28
7.95 15.71 0.071 187.67
7.96 15.76 0.071 187.821
7.97 15.79 0.073 188.373
7.98 15.82 0.075 188.915
7.99 15.83 0.076 189.206
8 15.83 0.077 189.478
8.01 15.82 0.078 189.73
8.02 15.81 0.079 189.98
8.03 15.81 0.079 190.045
8.04 15.81 0.079 190.111
8.05 15.81 0.079 190.177
8.06 15.82 0.079 190.26
8.07 15.83 0.078 190.141
8.08 15.83 0.078 190.207
8.09 15.85 0.077 190.103
8.1 15.88 0.077 190.22
8.11 15.9 0.076 190.112
8.12 15.91 0.076 190.195
8.13 15.94 0.076 190.312
8.14 16.02 0.076 190.514
8.15 16.07 0.075 190.454
8.16 16.15 0.075 190.656
8.17 16.22 0.075 190.839
8.18 16.27 0.075 190.989
8.19 16.36 0.075 191.206
8.2 16.43 0.075 191.388
8.21 16.48 0.075 191.537
8.22 16.55 0.075 191.719
8.23 16.59 0.075 191.85
8.24 16.65 0.075 192.015
8.25 16.71 0.075 192.179
8.26 16.76 0.075 192.326
8.27 16.8 0.075 192.457
8.28 16.83 0.075 192.571
8.29 16.84 0.075 192.652
8.3 16.89 0.075 192.799
8.31 16.89 0.075 192.864
8.32 16.87 0.075 192.895
8.33 16.87 0.075 192.96
8.34 16.83 0.076 193.171
8.35 16.79 0.076 193.169
8.36 16.74 0.076 193.15
8.37 16.71 0.076 193.165
8.38 16.69 0.076 193.196
8.39 16.65 0.076 193.193
8.4 16.63 0.076 193.223
8.41 16.61 0.075 193.041
8.42 16.58 0.075 193.055
8.43 16.58 0.075 193.118
8.44 16.54 0.075 193.115
8.45 16.52 0.075 193.145
8.46 16.5 0.075 193.174
8.47 16.44 0.075 193.137
8.48 16.43 0.075 193.183
8.49 16.39 0.075 193.178
8.5 16.35 0.075 193.174
8.51 16.32 0.075 193.186
8.52 16.25 0.075 193.129
8.53 16.2 0.075 193.107
8.54 16.17 0.074 192.902
8.55 16.15 0.066 191.103
8.56 16.12 0.065 190.871
8.57 16.11 0.065 190.916
8.58 16.1 0.066 191.204
8.59 16.1 0.066 191.266
8.6 16.1 0.066 191.328
8.61 16.09 0.066 191.372
8.62 15.74 0.066 190.829
8.63 15.58 0.066 190.61
8.64 15.52 0.066 190.565
8.65 15.5 0.066 190.591
8.66 15.52 0.066 190.688
8.67 15.55 0.066 190.802
8.68 15.61 0.067 191.208
8.69 15.55 0.067 191.163
8.7 15.52 0.067 191.171
8.71 15.46 0.067 191.125
8.72 15.41 0.067 191.097
8.73 15.38 0.067 191.105
8.74 15.37 0.067 191.147
8.75 15.34 0.066 190.915
8.76 15.32 0.066 190.94
8.77 15.32 0.066 191.001
8.78 15.31 0.066 191.043
8.79 15.31 0.066 191.104
8.8 15.31 0.066 191.164
8.81 15.32 0.066 191.243
8.82 15.35 0.066 191.357
8.83 15.37 0.066 191.453
8.84 15.39 0.066 191.549
8.85 15.42 0.066 191.663
8.86 15.44 0.066 191.759
8.87 15.46 0.066 191.855
8.88 15.48 0.066 191.951
8.89 15.52 0.066 192.082
8.9 15.55 0.066 192.196
8.91 15.56 0.066 192.273
8.92 15.58 0.066 192.369
8.93 15.61 0.066 192.482
8.94 15.68 0.066 192.666
8.95 15.72 0.066 192.797
8.96 15.75 0.066 192.91
8.97 15.77 0.066 193.005
8.98 15.78 0.066 193.082
8.99 15.77 0.066 193.124
9 15.76 0.066 193.166
9.01 15.79 0.066 193.279
9.02 15.81 0.067 193.616
9.03 15.81 0.067 193.675
9.04 15.77 0.067 193.664
9.05 15.75 0.067 193.689
9.06 15.71 0.067 193.677
9.07 15.72 0.067 193.754
9.08 15.73 0.067 193.831
9.09 15.77 0.066 193.719
9.1 15.78 0.066 193.796
9.11 15.81 0.067 194.151
9.12 15.84 0.067 194.263
9.13 15.85 0.068 194.58
9.14 15.87 0.068 194.674
9.15 15.9 0.069 195.023
9.16 15.9 0.069 195.082
9.17 15.92 0.069 195.177
9.18 15.99 0.069 195.36
9.19 16.05 0.069 195.524
9.2 16.1 0.07 195.905
9.21 16.18 0.07 196.104
9.22 16.23 0.071 196.482
9.23 16.31 0.071 196.681
9.24 16.37 0.071 196.844
9.25 16.43 0.072 197.236
9.26 16.51 0.072 197.434
9.27 16.57 0.072 197.596
9.28 16.66 0.072 197.81
9.29 16.71 0.072 197.954
9.3 16.79 0.072 198.15
9.31 16.85 0.072 198.311
9.32 16.87 0.072 198.404
9.33 16.91 0.072 198.531
9.34 16.93 0.072 198.624
9.35 16.91 0.073 198.877
9.36 16.87 0.073 198.868
9.37 16.77 0.074 198.982
9.38 16.62 0.075 199.006
9.39 16.43 0.076 198.955
9.4 16.2 0.075 198.391
9.41 15.94 0.075 197.988
9.42 15.68 0.075 197.578
9.43 15.41 0.075 197.143
9.44 15.16 0.074 196.517
9.45 14.92 0.073 195.902
9.46 14.74 0.072 195.393
9.47 14.62 0.071 194.994
9.48 14.56 0.07 194.705
9.49 14.56 0.069 194.529
9.5 14.55 0.068 194.331
9.51 14.55 0.067 194.148
9.52 14.5 0.067 194.109
9.53 14.37 0.068 194.153
9.54 14.23 0.066 193.455
9.55 14.12 0.064 192.801
9.56 13.95 0.06 191.49
9.57 13.74 0.06 191.128
9.58 13.4 0.059 190.228
9.59 12.97 0.059 189.392
9.6 12.42 0.059 188.269
9.61 11.86 0.059 187.076
9.62 10.16 0.059 183.007
9.63 10.18 0.059 183.112
9.64 9.93 0.06 182.766
9.65 9.63 0.062 182.51
9.66 9.3 0.061 181.402
9.67 9.02 0.061 180.657
9.68 8.74 0.06 179.643
9.69 8.2 0.06 178.052
9.7 7.88 0.06 177.085
9.71 7.55 0.061 176.29
9.72 7.18 0.062 175.306
9.73 6.82 0.072 176.242
9.74 6.46 0.076 175.709
9.75 6.17 0.081 175.529
9.76 6.01 0.078 174.367
9.77 6.11 0.083 175.738
9.78 6.21 0.091 177.554
9.79 6.48 0.094 179.179
9.8 6.71 0.094 180.132
9.81 7 0.093 181.123
9.82 7.36 0.092 182.323
9.83 7.99 0.089 184.036
9.84 8.06 0.087 183.972
9.85 7.96 0.087 183.693
9.86 8.03 0.086 183.8
9.87 8.1 0.084 183.721
9.88 8.21 0.0800001 183.385
9.89 8.24 0.075 182.55
9.9 8.15 0.069 181.052
9.91 8.01 0.064 179.524
9.92 7.89 0.061 178.471
9.93 7.91 0.05 175.655
9.94 7.93 0.048 175.173
9.95 8.16 0.047 175.636
9.96 8.57 0.047 176.93
9.97 9.06 0.047 178.402
9.98 10.29 0.048 182.072
9.99 10.96 0.049 184.1
10 11.52 0.05 185.79
10.01 12.01 0.05 186.959
10.02 12.42 0.054 189.125
10.03 12.74 0.056 190.447
10.04 13.01 0.058 191.634
10.05 13.25 0.06 192.735
10.06 13.52 0.062 193.878
10.07 14.09 0.064 195.604
10.08 14.3 0.066 196.578
10.09 14.5 0.068 197.516
10.1 14.76 0.07 198.555
10.11 15.09 0.072 199.71
10.12 15.44 0.074 200.883
10.13 15.79 0.075 201.813
10.14 16.19 0.076 202.82
10.15 16.64 0.077 203.9
10.16 17 0.079 205.023
10.17 17.26 0.082 206.166
10.18 17.47 0.084 206.996
10.19 17.85 0.0850001 207.9
10.2 18.03 0.087 208.66
10.21 18.2 0.088 209.198
10.22 18.32 0.0900001 209.845
10.23 18.43 0.0900001 210.084
10.24 18.51 0.091 210.465
10.25 18.6 0.091 210.669
10.26 18.7 0.092 211.081
10.27 18.8 0.091 211.108
10.28 18.89 0.091 211.311
10.29 18.89 0.091 211.368
10.3 18.87 0.091 211.393
10.31 18.86 0.091 211.434
10.32 18.85 0.091 211.474
10.33 18.83 0.091 211.499
10.34 18.83 0.091 211.556
10.35 18.83 0.091 211.613
10.36 18.83 0.0900001 211.475
10.37 18.88 0.0900001 211.613
10.38 18.93 0.0900001 211.75
10.39 18.9 0.0900001 211.758
10.4 18.88 0.0900001 211.783
10.41 18.88 0.089 211.642
10.42 18.87 0.088 211.484
10.43 18.83 0.088 211.476
10.44 18.8 0.088 211.483
10.45 18.76 0.087 211.274
10.46 18.67 0.087 211.184
10.47 18.55 0.087 211.044
10.48 18.39 0.087 210.837
10.49 18.08 0.087 210.377
10.5 17.91 0.086 209.945
10.51 17.78 0.0850001 209.576
10.52 17.65 0.0850001 209.41
10.53 17.54 0.0850001 209.277
10.54 17.44 0.0800001 208.107
10.55 17.36 0.075 206.91
10.56 17.26 0.074 206.562
10.57 17.09 0.074 206.322
10.58 16.8 0.075 206.098
10.59 16.64 0.075 205.869
10.6 16.55 0.075 205.762
10.61 16.13 0.074 204.827
10.62 16.13 0.074 204.88
10.63 16.14 0.074 204.952
10.64 16.18 0.075 205.308
10.65 16.15 0.075 205.307
10.66 16.09 0.075 205.25
10.67 15.99 0.075 205.12
10.68 15.94 0.075 205.08
10.69 15.94 0.075 205.134
10.7 15.97 0.075 205.243
10.71 16.01 0.075 205.37
10.72 16.01 0.075 205.423
10.73 16.04 0.075 205.532
10.74 16.07 0.076 205.867
10.75 16.1 0.076 205.976
10.76 16.1 0.076 206.029
10.77 16.08 0.076 206.045
10.78 16.01 0.076 205.969
10.79 15.98 0.076 205.967
10.8 15.97 0.076 206.001
10.81 16 0.076 206.11
10.82 16.03 0.076 206.218
10.83 16.01 0.076 206.234
10.84 16 0.076 206.269
10.85 16 0.076 206.321
10.86 15.97 0.076 206.319
10.87 15.98 0.076 206.39
10.88 15.99 0.076 206.461
10.89 16.01 0.076 206.551
10.9 16.02 0.076 206.623
10.91 16.07 0.076 206.768
10.92 16.1 0.076 206.876
10.93 16.15 0.076 207.021
10.94 16.19 0.076 207.148
10.95 16.23 0.077 207.499
10.96 16.31 0.077 207.699
10.97 16.31 0.077 207.752
10.98 16.35 0.078 208.101
10.99 16.37 0.078 208.19
11 16.4 0.078 208.298
11.01 16.45 0.078 208.442
11.02 16.55 0.079 208.898
11.03 16.6 0.079 209.041
11.04 16.62 0.079 209.13
11.05 16.63 0.079 209.201
11.06 16.62 0.079 209.235
11.07 16.61 0.079 209.27
11.08 16.59 0.079 209.286
11.09 16.57 0.079 209.302
11.1 16.56 0.079 209.337
11.11 16.56 0.0800001 209.608
11.12 16.56 0.0800001 209.661
11.13 16.53 0.0800001 209.658
11.14 16.51 0.0800001 209.674
11.15 16.5 0.0800001 209.708
11.16 16.51 0.079 209.559
11.17 16.5 0.079 209.593
11.18 16.5 0.079 209.645
11.19 16.5 0.079 209.697
11.2 16.53 0.079 209.804
11.21 16.49 0.079 209.783
11.22 16.49 0.079 209.835
11.23 16.45 0.079 209.814
11.24 16.42 0.079 209.811
11.25 16.4 0.079 209.826
11.26 16.34 0.079 209.767
11.27 16.29 0.079 209.726
11.28 16.31 0.078 209.592
11.29 16.32 0.078 209.663
11.3 16.37 0.077 209.581
11.31 16.43 0.076 209.515
11.32 16.43 0.076 209.567
11.33 16.43 0.075 209.388
11.34 16.44 0.075 209.457
11.35 16.47 0.076 209.795
11.36 16.55 0.076 209.992
11.37 16.54 0.076 210.026
11.38 16.54 0.077 210.306
11.39 16.47 0.079 210.677
11.4 16.4 0.081 211.038
11.41 16.26 0.083 211.257
11.42 16.05 0.087 211.741
11.43 15.76 0.0950001 212.789
11.44 15.3 0.097 212.303
11.45 14.74 0.099 211.576
11.46 14.17 0.099 210.429
11.47 13.57 0.101 209.521
11.48 12.84 0.102 208.08
11.49 12.19 0.103 206.747
11.5 10.96 0.103 203.654
11.51 10.99 0.105 204.11
11.52 11.01 0.107 204.533
11.53 11.63 0.103 205.55
11.54 12.39 0.099 206.8
11.55 13.29 0.091 207.489
11.56 14.05 0.089 208.821
11.57 14.48 0.087 209.384
11.58 14.78 0.086 209.852
11.59 14.91 0.086 210.167
11.6 15 0.0850001 210.195
11.61 14.74 0.084 209.51
11.62 14.68 0.083 209.229
11.63 14.63 0.079 208.318
11.64 14.63 0.075 207.469
11.65 14.6 0.072 206.754
11.66 14.51 0.07 206.135
11.67 14.39 0.066 204.932
11.68 14.22 0.065 204.371
11.69 13.97 0.064 203.635
11.7 13.83 0.063 203.122
11.71 13.7 0.061 202.35
11.72 13.59 0.062 202.437
11.73 13.49 0.062 202.27
11.74 13.43 0.062 202.188
11.75 13.4 0.062 202.171
11.76 13.35 0.063 202.379
11.77 13.35 0.063 202.427
11.78 13.35 0.063 202.475
11.79 13.35 0.063 202.522
11.8 13.3 0.063 202.461
11.81 13.27 0.063 202.443
11.82 13.24 0.063 202.424
11.83 13.27 0.063 202.538
11.84 13.29 0.062 202.36
11.85 13.32 0.062 202.473
11.86 13.35 0.062 202.586
11.87 13.38 0.062 202.699
11.88 13.4 0.062 202.79
11.89 13.41 0.061 202.585
11.9 13.43 0.061 202.676
11.91 13.47 0.061 202.81
11.92 13.49 0.061 202.901
11.93 13.49 0.061 202.948
11.94 13.41 0.061 202.822
11.95 13.36 0.061 202.76
11.96 13.39 0.06 202.594
11.97 13.4 0.06 202.663
11.98 13.4 0.059 202.426
11.99 13.4 0.059 202.473
12 13.47 0.059 202.672
12.01 13.65 0.059 203.107
12.02 13.9 0.059 203.686
12.03 14.15 0.059 204.256
12.04 14.43 0.059 204.881
12.05 14.71 0.06 205.784
12.06 14.93 0.06 206.272
12.07 15.11 0.061 206.96
12.08 15.19 0.062 207.445
12.09 15.22 0.063 207.829
12.1 15.22 0.065 208.418
12.11 15.21 0.066 208.711
12.12 15.17 0.067 208.941
12.13 15.18 0.068 209.266
12.14 15.18 0.069 209.569
12.15 15.2 0.069 209.656
12.16 15.2 0.069 209.704
12.17 15.18 0.07 209.964
12.18 15.2 0.07 210.051
12.19 15.22 0.07 210.139
12.2 15.24 0.07 210.227
12.21 15.24 0.07 210.275
12.22 15.24 0.07 210.323
12.23 15.25 0.07 210.39
12.24 15.19 0.07 210.319
12.25 15.12 0.07 210.226
12.26 15.06 0.07 210.154
12.27 14.96 0.07 210
12.28 14.94 0.069 209.756
12.29 14.93 0.069 209.783
12.3 14.92 0.069 209.81
12.31 14.91 0.069 209.837
12.32 14.92 0.069 209.905
12.33 14.92 0.069 209.952
12.34 14.96 0.069 210.081
12.35 14.97 0.069 210.148
12.36 14.95 0.069 210.155
12.37 14.89 0.07 210.332
12.38 14.83 0.07 210.257
12.39 14.75 0.071 210.389
12.4 14.63 0.072 210.433
12.41 14.33 0.072 209.853
12.42 14.09 0.072 209.391
12.43 13.83 0.072 208.876
12.44 13.57 0.072 208.353
12.45 13.33 0.071 207.623
12.46 13.14 0.07 206.996
12.47 13.1 0.069 206.704
12.48 13.13 0.068 206.567
12.49 13.15 0.066 206.145
12.5 13.26 0.065 206.177
12.51 13.33 0.064 206.113
12.52 13.37 0.063 205.978
12.53 13.36 0.063 206.001
12.54 13.34 0.06 205.168
12.55 13.35 0.057 204.361
12.56 13.34 0.056 204.084
12.57 13.34 0.055 203.823
12.58 13.34 0.055 203.868
12.59 13.35 0.055 203.935
12.6 13.36 0.055 204.002
12.61 13.24 0.056 204.088
12.62 13.22 0.056 204.089
12.63 13.32 0.057 204.656
12.64 13.43 0.058 205.241
12.65 13.49 0.058 205.418
12.66 13.53 0.059 205.843
12.67 13.57 0.06 206.264
12.68 13.64 0.061 206.746
12.69 13.69 0.062 207.181
12.7 13.74 0.063 207.611
12.71 13.78 0.064 208.016
12.72 13.79 0.065 208.352
12.73 13.79 0.066 208.662
12.74 13.75 0.067 208.882
12.75 13.72 0.067 208.861
12.76 13.69 0.067 208.841
12.77 13.63 0.068 209.012
12.78 13.61 0.068 209.013
12.79 13.6 0.069 209.291
12.8 13.56 0.069 209.247
12.81 13.48 0.069 209.115
12.82 13.46 0.069 209.115
12.83 13.42 0.069 209.071
12.84 13.42 0.069 209.116
12.85 13.42 0.068 208.908
12.86 13.43 0.068 208.975
12.87 13.53 0.068 209.244
12.88 13.59 0.069 209.677
12.89 13.67 0.069 209.899
12.9 13.74 0.069 210.099
12.91 13.87 0.069 210.43
12.92 13.9 0.069 210.54
12.93 13.95 0.07 210.947
12.94 14.03 0.07 211.166
12.95 14.07 0.071 211.548
12.96 14.1 0.071 211.658
12.97 14.15 0.071 211.811
12.98 14.15 0.071 211.857
12.99 14.15 0.072 212.149
13 14.15 0.072 212.194
13.01 14.15 0.072 212.239
13.02 14.19 0.072 212.371
13.03 14.19 0.072 212.416
13.04 14.2 0.072 212.483
13.05 14.21 0.072 212.55
13.06 14.21 0.072 212.595
13.07 14.21 0.073 212.885
13.08 14.2 0.073 212.908
13.09 14.18 0.073 212.91
13.1 14.14 0.073 212.869
13.11 14.12 0.073 212.871
13.12 14.13 0.073 212.938
13.13 14.14 0.073 213.004
13.14 14.24 0.073 213.266
13.15 14.29 0.073 213.419
13.16 14.36 0.073 213.614
13.17 14.43 0.073 213.809
13.18 14.59 0.073 214.194
13.19 14.65 0.073 214.366
13.2 14.72 0.075 215.041
13.21 14.89 0.075 215.442
13.22 15.04 0.076 216.037
13.23 15.2 0.076 216.412
13.24 15.35 0.076 216.763
13.25 15.5 0.076 217.113
13.26 15.54 0.076 217.239
13.27 15.55 0.076 217.305
13.28 15.51 0.077 217.506
13.29 15.45 0.077 217.43
13.3 15.35 0.077 217.272
13.31 15.14 0.077 216.887
13.32 14.97 0.078 216.813
13.33 14.8 0.078 216.501
13.34 14.41 0.078 215.715
13.35 14.17 0.075 214.538
13.36 13.95 0.074 213.861
13.37 13.73 0.073 213.175
13.38 13.24 0.071 211.616
13.39 13.02 0.07 210.901
13.4 12.84 0.069 210.271
13.41 12.64 0.068 209.585
13.42 12.4 0.067 208.793
13.43 12.29 0.066 208.307
13.44 12.19 0.065 207.841
13.45 12.02 0.065 207.464
13.46 11.94 0.065 207.308
13.47 11.84 0.067 207.622
13.48 11.63 0.067 207.131
13.49 11.59 0.065 206.549
13.5 11.6 0.063 206.081
13.51 11.61 0.06 205.314
13.52 11.76 0.059 205.449
13.53 11.87 0.057 205.177
13.54 11.99 0.056 205.214
13.55 12.26 0.054 205.293
13.56 12.44 0.045 202.669
13.57 12.71 0.045 203.338
13.58 12.96 0.044 203.57
13.59 12.91 0.043 203.11
13.6 12.9 0.043 203.129
13.61 12.62 0.043 202.529
13.62 12.21 0.043 201.609
13.63 11.8 0.043 200.661
13.64 11.73 0.043 200.53
13.65 11.6 0.045 201.008
13.66 11.51 0.047 201.552
13.67 11.4 0.05 202.353
13.68 11.22 0.05 201.931
13.69 11.03 0.05 201.476
13.7 10.87 0.05 201.093
13.71 10.68 0.05 200.624
13.72 10.27 0.05 199.537
13.73 10.07 0.05 199.013
13.74 10.02 0.05 198.91
13.75 10.06 0.05 199.065
13.76 10.09 0.05 199.19
13.77 10.34 0.05 199.934
13.78 10.74 0.05 201.07
13.79 11.92 0.049 203.81
13.8 12.54 0.05 205.69
13.81 13.09 0.051 207.349
13.82 13.57 0.052 208.806
13.83 13.96 0.053 210.034
13.84 14.35 0.057 212.192
13.85 14.59 0.059 213.354
13.86 14.87 0.06 214.281
13.87 14.95 0.061 214.785
13.88 14.94 0.062 215.098
13.89 14.9 0.063 215.344
13.9 14.86 0.063 215.304
13.91 14.84 0.063 215.305
13.92 14.82 0.064 215.589
13.93 14.84 0.064 215.674
13.94 14.81 0.065 215.932
13.95 14.64 0.065 215.616
13.96 14.5 0.065 215.361
13.97 14.34 0.065 215.06
13.98 14.19 0.065 214.778
13.99 14.03 0.065 214.47
14 13.85 0.065 214.114
14.01 13.69 0.065 213.798
14.02 13.49 0.065 213.388
14.03 13.43 0.064 213.018
14.04 13.36 0.063 212.622
14.05 13.35 0.062 212.358
14.06 13.23 0.062 212.124
14.07 13.12 0.061 211.624
14.08 12.97 0.06 211.026
14.09 12.72 0.06 210.476
14.1 12.65 0.06 210.351
14.11 12.66 0.059 210.122
14.12 12.66 0.059 210.164
14.13 12.71 0.06 210.619
14.14 12.76 0.06 210.779
14.15 12.78 0.062 211.444
14.16 12.8 0.063 211.815
14.17 12.84 0.065 212.504
14.18 12.86 0.068 213.393
14.19 12.88 0.07 213.998
14.2 12.93 0.072 214.662
14.21 12.98 0.073 215.07
14.22 13.07 0.074 215.57
14.23 13.18 0.076 216.352
14.24 13.33 0.077 216.983
14.25 13.65 0.079 218.233
14.26 13.77 0.0800001 218.78
14.27 13.93 0.081 219.413
14.28 14.08 0.082 220.019
14.29 14.21 0.082 220.353
14.3 14.34 0.083 220.908
14.31 14.62 0.083 221.567
14.32 14.69 0.0850001 222.202
14.33 14.76 0.086 222.614
14.34 14.78 0.086 222.701
14.35 14.8 0.087 223.002
14.36 14.95 0.087 223.369
14.37 15.04 0.087 223.606
14.38 15.1 0.087 223.777
14.39 15.12 0.087 223.863
14.4 15.23 0.088 224.353
14.41 15.53 0.089 225.239
14.42 15.66 0.0900001 225.763
14.43 15.91 0.0900001 226.322
14.44 16.09 0.091 226.942
14.45 16.31 0.093 227.841
14.46 16.44 0.093 228.146
14.47 16.64 0.094 228.791
14.48 16.69 0.0950001 229.135
14.49 16.76 0.096 229.517
14.5 16.72 0.097 229.68
14.51 16.68 0.098 229.841
14.52 16.54 0.099 229.8
14.53 16.39 0.099 229.543
14.54 16.21 0.0950001 228.437
14.55 16.06 0.0900001 227.151
14.56 16.01 0.089 226.881
14.57 15.94 0.089 226.781
14.58 15.89 0.088 226.509
14.59 15.86 0.089 226.703
14.6 15.75 0.089 226.52
14.61 15.56 0.088 225.955
14.62 15.5 0.089 226.084
14.63 15.44 0.089 226.001
14.64 15.46 0.089 226.086
14.65 15.44 0.089 226.087
14.66 15.42 0.089 226.088
14.67 15.41 0.089 226.109
14.68 15.4 0.089 226.131
14.69 15.39 0.0900001 226.363
14.7 15.39 0.0900001 226.406
14.71 15.4 0.0900001 226.47
14.72 15.44 0.0900001 226.597
14.73 15.4 0.0900001 226.555
14.74 15.27 0.0900001 226.322
14.75 15.16 0.0900001 226.129
14.76 15 0.0900001 225.826
14.77 14.92 0.089 225.485
14.78 14.92 0.089 225.527
14.79 14.93 0.0900001 225.801
14.8 15.12 0.0900001 226.256
14.81 15.2 0.0900001 226.47
14.82 15.3 0.089 226.516
14.83 15.41 0.089 226.792
14.84 15.44 0.0900001 227.109
14.85 15.33 0.0900001 226.918
14.86 15.3 0.091 227.105
14.87 15.18 0.092 227.097
14.88 15.19 0.092 227.161
14.89 15.19 0.093 227.407
14.9 15.28 0.094 227.846
14.91 15.57 0.094 228.506
14.92 15.66 0.094 228.739
14.93 15.72 0.094 228.907
14.94 15.63 0.094 228.761
14.95 15.58 0.094 228.698
14.96 15.57 0.0950001 228.921
14.97 15.64 0.094 228.91
14.98 15.71 0.0950001 229.301
14.99 15.99 0.096 230.128
15 16.33 0.0950001 230.668
15.01 17.18 0.094 232.198
15.02 17.54 0.094 232.936
15.03 17.89 0.094 233.643
15.04 18.1 0.094 234.079
15.05 18.23 0.0950001 234.57
15.06 18.35 0.097 235.243
15.07 18.51 0.098 235.782
15.08 18.82 0.098 236.39
15.09 18.86 0.099 236.706
15.1 18.86 0.098 236.549
15.11 18.71 0.097 236.119
15.12 18.55 0.094 235.255
15.13 18.39 0.0950001 235.212
15.14 18.21 0.0950001 234.922
15.15 18.08 0.101 235.922
15.16 17.9 0.1 235.431
15.17 17.72 0.099 234.935
15.18 17.74 0.098 234.818
15.19 17.77 0.097 234.717
15.2 17.95 0.096 234.899
15.21 17.85 0.096 234.753
15.22 17.8 0.094 234.29
15.23 17.71 0.0950001 234.368
15.24 17.48 0.096 234.174
15.25 17.53 0.096 234.313
15.26 17.43 0.097 234.365
15.27 17.33 0.097 234.213
15.28 17.2 0.097 234.002
15.29 16.97 0.096 233.39
15.3 16.76 0.096 233.014
15.31 16.51 0.096 232.553
15.32 16.31 0.0950001 231.985
15.33 16.23 0.094 231.659
15.34 16.18 0.094 231.598
15.35 16.11 0.093 231.289
15.36 16.07 0.093 231.248
15.37 15.95 0.0900001 230.411
15.38 15.86 0.089 230.051
15.39 15.81 0.088 229.772
15.4 15.81 0.088 229.814
15.41 15.81 0.089 230.071
15.42 15.8 0.088 229.876
15.43 15.9 0.088 230.126
15.44 15.99 0.089 230.571
15.45 16.13 0.089 230.903
15.46 16.24 0.089 231.17
15.47 16.35 0.0900001 231.652
15.48 16.49 0.091 232.191
15.49 16.55 0.092 232.566
15.5 16.57 0.092 232.648
15.51 16.56 0.092 232.67
15.52 16.52 0.093 232.84
15.53 16.37 0.093 232.576
15.54 16.25 0.088 231.305
15.55 16.08 0.083 229.875
15.56 15.92 0.082 229.354
15.57 15.78 0.081 228.869
15.58 15.66 0.082 228.892
15.59 15.64 0.082 228.891
15.6 15.64 0.081 228.698
15.61 15.49 0.081 228.422
15.62 15.49 0.081 228.462
15.63 15.5 0.0800001 228.288
15.64 15.54 0.0800001 228.414
15.65 15.67 0.0800001 228.728
15.66 15.68 0.081 229.027
15.67 15.53 0.082 228.984
15.68 15.48 0.083 229.149
15.69 15.35 0.084 229.14
15.7 15.33 0.0850001 229.363
15.71 15.34 0.0850001 229.425
15.72 15.34 0.0850001 229.466
15.73 15.46 0.086 229.988
15.74 15.61 0.086 230.349
15.75 15.75 0.087 230.908
15.76 15.87 0.087 231.201
15.77 15.83 0.089 231.595
15.78 15.83 0.089 231.636
15.79 15.75 0.089 231.508
15.8 15.64 0.0900001 231.53
15.81 15.59 0.0900001 231.464
15.82 15.59 0.091 231.718
15.83 15.59 0.091 231.759
15.84 15.66 0.091 231.949
15.85 15.73 0.091 232.139
15.86 15.86 0.092 232.666
15.87 15.97 0.091 232.727
15.88 16.01 0.091 232.851
15.89 16.01 0.091 232.892
15.9 16.01 0.091 232.933
15.91 16 0.091 232.953
15.92 15.99 0.091 232.972
15.93 15.96 0.091 232.95
15.94 15.91 0.091 232.885
15.95 15.87 0.091 232.842
15.96 15.86 0.091 232.861
15.97 15.95 0.091 233.092
15.98 16.04 0.092 233.533
15.99 16.21 0.092 233.929
16 16.41 0.092 234.383
16.01 16.65 0.092 234.914
16.02 16.81 0.092 235.279
16.03 16.94 0.093 235.793
16.04 17.04 0.093 236.034
16.05 17.11 0.093 236.214
16.06 17.04 0.094 236.326
16.07 16.99 0.094 236.267
16.08 16.89 0.094 236.107
16.09 16.8 0.094 235.966
16.1 16.78 0.093 235.756
16.11 16.71 0.093 235.655
16.12 16.47 0.093 235.205
16.13 16.44 0.092 234.973
16.14 16.42 0.092 234.972
16.15 16.41 0.092 234.992
16.16 16.42 0.093 235.264
16.17 16.37 0.093 235.201
16.18 16.29 0.093 235.076
16.19 16.27 0.092 234.863
16.2 16.26 0.092 234.883
16.21 16.26 0.092 234.923
16.22 16.25 0.092 234.943
16.23 16.2 0.092 234.879
16.24 16.14 0.092 234.793
16.25 16.13 0.093 235.024
16.26 16.12 0.093 235.043
16.27 16.18 0.093 235.209
16.28 16.23 0.093 235.354
16.29 16.38 0.093 235.706
16.3 16.74 0.093 236.486
16.31 16.78 0.093 236.607
16.32 16.77 0.094 236.838
16.33 16.72 0.094 236.776
16.34 16.64 0.094 236.653
16.35 16.41 0.094 236.219
16.36 16.24 0.0950001 236.113
16.37 16.05 0.096 235.959
16.38 15.91 0.096 235.702
16.39 15.79 0.096 235.485
16.4 15.76 0.0950001 235.255
16.41 15.71 0.0950001 235.187
16.42 15.7 0.093 234.79
16.43 15.64 0.093 234.7
16.44 15.63 0.093 234.718
16.45 15.63 0.093 234.758
16.46 15.64 0.093 234.819
16.47 15.65 0.093 234.88
16.48 15.67 0.092 234.752
16.49 15.73 0.092 234.921
16.5 15.79 0.093 235.301
16.51 15.83 0.093 235.426
16.52 15.85 0.093 235.509
16.53 15.87 0.093 235.591
16.54 15.88 0.094 235.862
16.55 15.89 0.089 234.852
16.56 16 0.087 234.681
16.57 16.13 0.086 234.768
16.58 16.26 0.0850001 234.85
16.59 16.35 0.086 235.305
16.6 16.34 0.086 235.324
16.61 16.25 0.087 235.403
16.62 16.1 0.088 235.352
16.63 16.09 0.0900001 235.81
16.64 16.12 0.0900001 235.913
16.65 16.16 0.0900001 236.037
16.66 16.34 0.0900001 236.453
16.67 16.47 0.091 236.98
16.68 16.85 0.091 237.8
16.69 17.07 0.092 238.501
16.7 17.42 0.093 239.454
16.71 17.72 0.093 240.083
16.72 17.93 0.094 240.745
16.73 18.05 0.094 241.016
16.74 18.11 0.094 241.172
16.75 18.13 0.0950001 241.463
16.76 18.13 0.097 241.922
16.77 18.2 0.098 242.303
16.78 18.16 0.098 242.266
16.79 18.12 0.098 242.229
16.8 18.04 0.097 241.909
16.81 17.92 0.096 241.508
16.82 17.81 0.0950001 241.124
16.83 17.6 0.096 240.962
16.84 17.35 0.096 240.506
16.85 17.1 0.097 240.25
16.86 16.89 0.096 239.656
16.87 16.73 0.096 239.367
16.88 16.72 0.096 239.386
16.89 16.74 0.0950001 239.258
16.9 16.75 0.0950001 239.318
16.91 16.84 0.0950001 239.542
16.92 16.84 0.0950001 239.581
16.93 16.8 0.097 239.954
16.94 16.73 0.098 240.054
16.95 16.59 0.098 239.803
16.96 16.54 0.099 239.941
16.97 16.54 0.099 239.98
16.98 16.59 0.099 240.124
16.99 16.65 0.099 240.288
17 16.7 0.098 240.228
17.01 16.84 0.098 240.556
17.02 16.95 0.099 241.025
17.03 17.05 0.1 241.47
17.04 17.24 0.1 241.896
17.05 17.36 0.101 242.377
17.06 17.59 0.102 243.076
17.07 18.04 0.101 243.802
17.08 18.2 0.102 244.352
17.09 18.33 0.104 245.038
17.1 18.44 0.104 245.289
17.11 18.46 0.105 245.562
17.12 18.49 0.105 245.66
17.13 18.54 0.105 245.795
17.14 18.61 0.105 245.968
17.15 18.63 0.106 246.24
17.16 18.58 0.105 245.991
17.17 18.59 0.106 246.244
17.18 18.61 0.106 246.322
17.19 18.67 0.106 246.476
17.2 18.67 0.106 246.516
17.21 18.81 0.105 246.627
17.22 18.9 0.104 246.64
17.23 18.91 0.104 246.698
17.24 18.78 0.104 246.493
17.25 18.59 0.104 246.172
17.26 18.31 0.103 245.477
17.27 18.07 0.102 244.851
17.28 17.89 0.102 244.538
17.29 17.81 0.101 244.219
17.3 17.81 0.101 244.259
17.31 17.82 0.1 244.115
17.32 17.84 0.1 244.194
17.33 17.89 0.1 244.332
17.34 17.91 0.1 244.41
17.35 18.03 0.1 244.685
17.36 18.09 0.1 244.841
17.37 18.11 0.1 244.919
17.38 18.11 0.101 245.161
17.39 18.09 0.101 245.161
17.4 18.08 0.102 245.382
17.41 18.03 0.103 245.523
17.42 18.06 0.103 245.621
17.43 18.09 0.105 246.112
17.44 18.33 0.105 246.619
17.45 18.37 0.105 246.736
17.46 18.35 0.105 246.736
17.47 18.37 0.106 247.009
17.48 18.44 0.106 247.183
17.49 18.48 0.106 247.3
17.5 18.47 0.106 247.32
17.51 18.46 0.106 247.34
17.52 18.45 0.106 247.36
17.53 18.44 0.107 247.573
17.54 18.46 0.102 246.667
17.55 18.48 0.098 245.925
17.56 18.63 0.093 245.179
17.57 18.86 0.092 245.431
17.58 19.32 0.092 246.323
17.59 19.49 0.093 246.895
17.6 19.58 0.093 247.098
17.61 19.3 0.094 246.845
17.62 19.39 0.096 247.482
17.63 19.48 0.098 248.111
17.64 19.56 0.099 248.507
17.65 19.47 0.099 248.381
17.66 19.45 0.098 248.174
17.67 19.26 0.098 247.862
17.68 19.02 0.098 247.454
17.69 18.88 0.098 247.23
17.7 18.76 0.097 246.831
17.71 18.76 0.098 247.08
17.72 18.74 0.099 247.29
17.73 18.74 0.099 247.329
17.74 18.69 0.099 247.272
17.75 18.51 0.098 246.758
17.76 18.34 0.096 246.047
17.77 18.2 0.096 245.814
17.78 18.11 0.096 245.677
17.79 18.07 0.096 245.637
17.8 18.06 0.096 245.656
17.81 18.03 0.096 245.635
17.82 17.88 0.096 245.378
17.83 17.77 0.096 245.199
17.84 17.59 0.097 245.089
17.85 17.3 0.098 244.75
17.86 17.04 0.098 244.255
17.87 16.7 0.099 243.79
17.88 16.36 0.099 243.107
17.89 16.01 0.099 242.389
17.9 15.65 0.097 241.224
17.91 15.37 0.096 240.428
17.92 15.16 0.0950001 239.78
17.93 15.04 0.094 239.332
17.94 15.01 0.094 239.3
17.95 14.98 0.094 239.269
17.96 14.7 0.092 238.23
17.97 14.52 0.092 237.844
17.98 14.36 0.091 237.286
17.99 14.3 0.091 237.18
18 14.34 0.091 237.312
18.01 14.37 0.092 237.636
18.02 14.58 0.091 237.953
18.03 14.82 0.0900001 238.331
18.04 15 0.0900001 238.782
18.05 15.15 0.0900001 239.161
18.06 15.24 0.091 239.622
18.07 15.28 0.091 239.75
18.08 15.26 0.091 239.741
18.09 15.18 0.091 239.597
18.1 15.13 0.092 239.738
18.11 15.13 0.093 239.99
18.12 15.14 0.094 240.264
18.13 15.16 0.094 240.346
18.14 15.18 0.094 240.429
18.15 15.27 0.0950001 240.882
18.16 15.45 0.096 241.537
18.17 15.61 0.097 242.141
18.18 15.71 0.097 242.401
18.19 15.85 0.1 243.364
18.2 16.02 0.103 244.375
18.21 16.23 0.103 244.871
18.22 16.44 0.104 245.56
18.23 16.56 0.106 246.245
18.24 16.65 0.108 246.858
18.25 16.77 0.111 247.715
18.26 16.95 0.112 248.319
18.27 17.01 0.114 248.85
18.28 17.04 0.116 249.311
18.29 17.06 0.118 249.746
18.3 17.16 0.118 249.994
18.31 17.24 0.119 250.376
18.32 17.35 0.119 250.643
18.33 17.41 0.12 250.98
18.34 17.44 0.12 251.081
18.35 17.44 0.121 251.292
18.36 17.36 0.123 251.507
18.37 17.27 0.123 251.357
18.38 17.2 0.124 251.417
18.39 17.11 0.124 251.265
18.4 16.91 0.124 250.878
18.41 16.71 0.124 250.486
18.42 16.54 0.124 250.156
18.43 16.31 0.124 249.689
18.44 16.24 0.123 249.404
18.45 16.08 0.123 249.086
18.46 16.09 0.122 248.977
18.47 16.11 0.122 249.059
18.48 16.13 0.121 248.971
18.49 16.19 0.121 249.141
18.5 16.33 0.121 249.488
18.51 16.58 0.121 250.072
18.52 16.67 0.121 250.304
18.53 16.82 0.121 250.665
18.54 16.98 0.116 250.165
18.55 17.22 0.111 249.791
18.56 17.43 0.111 250.265
18.57 17.63 0.111 250.714
18.58 17.8 0.111 251.098
18.59 17.96 0.112 251.648
18.6 18.22 0.115 252.762
18.61 18.14 0.116 252.822
18.62 18.2 0.117 253.16
18.63 18.26 0.119 253.676
18.64 18.59 0.12 254.546
18.65 18.72 0.121 255.015
18.66 19.07 0.121 255.735
18.67 19.17 0.122 256.141
18.68 19.31 0.122 256.447
18.69 19.39 0.126 257.328
18.7 19.36 0.127 257.478
18.71 19.33 0.128 257.627
18.72 19.27 0.131 258.047
18.73 19.26 0.131 258.066
18.74 19.22 0.132 258.19
18.75 19.16 0.132 258.112
18.76 19.07 0.132 257.976
18.77 19.06 0.132 257.994
18.78 19.02 0.132 257.955
18.79 18.92 0.133 257.959
18.8 18.83 0.133 257.82
18.81 18.75 0.133 257.7
18.82 18.65 0.133 257.54
18.83 18.58 0.133 257.438
18.84 18.64 0.134 257.757
18.85 18.69 0.134 257.894
18.86 18.81 0.134 258.17
18.87 18.88 0.134 258.346
18.88 18.85 0.134 258.325
18.89 18.84 0.134 258.343
18.9 18.87 0.134 258.44
18.91 18.9 0.134 258.538
18.92 19.38 0.134 259.511
18.93 19.71 0.136 260.502
18.94 19.87 0.137 261.003
18.95 20 0.137 261.286
18.96 20.13 0.137 261.569
18.97 20.22 0.137 261.775
18.98 20.44 0.138 262.38
18.99 20.61 0.138 262.732
19 20.77 0.139 263.221
19.01 20.89 0.14 263.636
19.02 21.02 0.14 263.91
19.03 20.96 0.14 263.84
19.04 20.99 0.14 263.933
19.05 21.03 0.14 264.043
19.06 21.13 0.14 264.262
19.07 21.22 0.141 264.619
19.08 21.32 0.14 264.68
19.09 21.43 0.14 264.915
19.1 21.36 0.14 264.829
19.11 21.23 0.14 264.635
19.12 21.08 0.14 264.403
19.13 20.86 0.14 264.042
19.14 20.56 0.14 263.531
19.15 20.31 0.14 263.105
19.16 20.09 0.139 262.574
19.17 19.89 0.139 262.234
19.18 19.63 0.137 261.46
19.19 19.32 0.136 260.74
19.2 19.04 0.135 260.071
19.21 18.67 0.134 259.214
19.22 18.55 0.133 258.85
19.23 18.34 0.133 258.463
19.24 18.31 0.131 258.114
19.25 18.31 0.13 257.986
19.26 18.23 0.128 257.529
19.27 18.17 0.128 257.444
19.28 18.12 0.127 257.211
19.29 18.1 0.127 257.207
19.3 18.16 0.127 257.366
19.31 18.22 0.127 257.526
19.32 18.38 0.127 257.887
19.33 18.54 0.127 258.247
19.34 18.67 0.127 258.544
19.35 18.72 0.129 259.017
19.36 18.83 0.129 259.273
19.37 18.95 0.13 259.714
19.38 19.11 0.131 260.232
19.39 19.28 0.132 260.766
19.4 19.38 0.132 260.998
19.41 19.26 0.132 260.802
19.42 19.08 0.131 260.322
19.43 19.02 0.131 260.242
19.44 19.03 0.131 260.298
19.45 19.04 0.131 260.355
19.46 19.11 0.131 260.53
19.47 19.13 0.131 260.607
19.48 19.02 0.131 260.428
19.49 18.85 0.127 259.458
19.5 18.73 0.12 258.036
19.51 18.5 0.118 257.254
19.52 18.2 0.118 256.686
19.53 17.9 0.119 256.289
19.54 17.39 0.119 255.26
19.55 17.24 0.113 253.883
19.56 17.17 0.108 252.817
19.57 17.18 0.106 252.481
19.58 17.18 0.104 252.117
19.59 17.3 0.104 252.406
19.6 17.35 0.105 252.748
19.61 17.46 0.105 253.014
19.62 17.15 0.106 252.597
19.63 17.21 0.106 252.76
19.64 17.28 0.106 252.943
19.65 17.43 0.108 253.688
19.66 17.45 0.11 254.154
19.67 17.47 0.111 254.423
19.68 17.45 0.113 254.795
19.69 17.47 0.114 255.06
19.7 17.5 0.116 255.529
19.71 17.59 0.117 255.936
19.72 17.71 0.117 256.223
19.73 17.8 0.118 256.628
19.74 17.83 0.119 256.907
19.75 17.85 0.12 257.163
19.76 17.91 0.122 257.678
19.77 17.98 0.121 257.683
19.78 18.09 0.123 258.297
19.79 18.18 0.123 258.518
19.8 18.5 0.123 259.205
19.81 18.73 0.123 259.703
19.82 18.91 0.124 260.273
19.83 19.04 0.125 260.741
19.84 19.24 0.127 261.515
19.85 19.42 0.127 261.902
19.86 19.56 0.128 262.381
19.87 19.77 0.13 263.161
19.88 19.87 0.132 263.724
19.89 19.9 0.132 263.818
19.9 19.9 0.133 264.021
19.91 19.95 0.133 264.153
19.92 20.02 0.135 264.652
19.93 20.11 0.135 264.86
19.94 20.07 0.135 264.821
19.95 20.07 0.135 264.858
19.96 19.97 0.135 264.704
19.97 19.93 0.135 264.665
19.98 19.83 0.136 264.672
19.99 19.74 0.136 264.536
20 19.64 0.136 264.379
20.01 19.6 0.136 264.338
20.02 19.57 0.136 264.317
20.03 19.58 0.135 264.21
20.04 19.54 0.134 264.006
20.05 19.39 0.134 263.75
20.06 19.16 0.134 263.333
20.07 18.93 0.132 262.584
20.08 18.4 0.132 261.548
20.09 18.06 0.132 260.883
20.1 17.86 0.132 260.501
20.11 17.65 0.131 259.929
20.12 17.49 0.13 259.459
20.13 17.48 0.13 259.473
20.14 17.5 0.129 259.385
20.15 17.53 0.128 259.317
20.16 17.6 0.125 258.99
20.17 17.72 0.125 259.279
20.18 17.81 0.123 259.156
20.19 17.98 0.123 259.547
20.2 18.02 0.122 259.489
20.21 18.05 0.122 259.587
20.22 17.99 0.122 259.498
20.23 17.91 0.122 259.368
20.24 17.78 0.122 259.131
20.25 17.67 0.123 259.111
20.26 17.67 0.123 259.147
20.27 17.68 0.124 259.378
20.28 17.83 0.124 259.729
20.29 17.95 0.124 260.016
20.3 18.01 0.125 260.351
20.31 18.14 0.125 260.656
20.32 18.07 0.125 260.547
20.33 18.08 0.126 260.776
20.34 18.11 0.127 261.045
20.35 18.13 0.127 261.123
20.36 18.19 0.129 261.622
20.37 18.35 0.13 262.157
20.38 18.68 0.13 262.866
20.39 18.88 0.131 263.474
20.4 19.18 0.131 264.108
20.41 19.48 0.131 264.735
20.42 19.82 0.131 265.432
20.43 20.05 0.131 265.91
20.44 20.25 0.133 266.662
20.45 20.44 0.135 267.389
20.46 20.57 0.135 267.67
20.47 20.7 0.138 268.439
20.48 20.83 0.14 269.04
20.49 21.1 0.141 269.736
20.5 21.44 0.143 270.711
20.51 21.5 0.143 270.857
20.52 21.43 0.143 270.766
20.53 21.38 0.145 271.025
20.54 21.28 0.147 271.187
20.55 21.19 0.146 270.905
20.56 21.11 0.144 270.483
20.57 21.12 0.142 270.224
20.58 21.12 0.14 269.941
20.59 21.2 0.141 270.285
20.6 21.22 0.14 270.198
20.61 21.06 0.141 270.1
20.62 20.76 0.141 269.579
20.63 20.38 0.14 268.74
20.64 18.86 0.14 265.793
20.65 18.77 0.14 265.645
20.66 18.55 0.14 265.231
20.67 18.19 0.139 264.361
20.68 17.95 0.137 263.573
20.69 17.44 0.136 262.357
20.7 17.2 0.13 260.888
20.71 16.85 0.129 259.984
20.72 16.7 0.127 259.347
20.73 16.42 0.125 258.41
20.74 16.22 0.123 257.643
20.75 15.64 0.121 255.98
20.76 15.64 0.119 255.66
20.77 15.26 0.114 253.882
20.78 15.14 0.112 253.254
20.79 15.03 0.11 252.643
20.8 14.9 0.109 252.169
20.81 14.81 0.107 251.595
20.82 14.71 0.106 251.187
20.83 14.61 0.104 250.577
20.84 14.57 0.103 250.31
20.85 14.54 0.103 250.269
20.86 14.56 0.102 250.149
20.87 14.5 0.102 250.033
20.88 14.34 0.102 249.667
20.89 14.13 0.101 248.966
20.9 13.61 0.101 247.659
20.91 13.36 0.099 246.621
20.92 13.11 0.099 245.983
20.93 12.92 0.098 245.292
20.94 12.78 0.097 244.731
20.95 12.71 0.0950001 244.147
20.96 12.79 0.0950001 244.4
20.97 12.88 0.093 244.246
20.98 12.99 0.093 244.578
20.99 13.05 0.093 244.773
21 13.14 0.092 244.827
21.01 13.2 0.092 245.02
21.02 13.25 0.093 245.407
21.03 13.23 0.093 245.386
21.04 13.21 0.093 245.365
21.05 13.23 0.094 245.669
21.06 13.25 0.0950001 245.972
21.07 13.33 0.094 246.001
21.08 13.42 0.0950001 246.489
21.09 13.49 0.0950001 246.706
21.1 13.57 0.096 247.164
21.11 13.62 0.096 247.327
21.12 13.88 0.097 248.248
21.13 14.11 0.097 248.869
21.14 14.37 0.098 249.77
21.15 14.56 0.099 250.488
21.16 14.6 0.1 250.829
21.17 14.64 0.1 250.961
21.18 14.7 0.101 251.35
21.19 14.71 0.101 251.407
21.2 14.63 0.103 251.653
21.21 14.63 0.105 252.089
21.22 14.62 0.105 252.098
21.23 14.63 0.105 252.155
21.24 14.65 0.105 252.238
21.25 14.77 0.105 252.567
21.26 14.94 0.106 253.217
21.27 15.38 0.106 254.311
21.28 15.63 0.107 255.134
21.29 15.97 0.106 255.76
21.3 16.34 0.108 257.038
21.31 16.71 0.109 258.099
21.32 17 0.11 258.97
21.33 17.26 0.113 260.152
21.34 17.44 0.113 260.575
21.35 17.69 0.116 261.714
21.36 17.9 0.117 262.38
21.37 18.01 0.12 263.2
21.38 18.14 0.121 263.689
21.39 18.27 0.121 263.994
21.4 18.44 0.121 264.381
21.41 18.53 0.122 264.782
21.42 18.57 0.123 265.079
21.43 18.68 0.123 265.339
21.44 18.82 0.122 265.478
21.45 18.9 0.122 265.675
21.46 18.99 0.122 265.891
21.47 19 0.122 265.946
21.48 19 0.123 266.161
21.49 18.9 0.124 266.172
21.5 18.86 0.125 266.303
21.51 18.87 0.125 266.358
21.52 18.89 0.126 266.61
21.53 19.04 0.127 267.124
21.54 19.19 0.119 266.016
21.55 19.39 0.123 267.182
21.56 19.58 0.12 267.043
21.57 19.91 0.118 267.347
21.58 20.03 0.116 267.232
21.59 20.15 0.116 267.497
21.6 20.25 0.116 267.722
21.61 20.36 0.116 267.966
21.62 20.37 0.117 268.21
21.63 20.38 0.119 268.642
21.64 20.38 0.119 268.677
21.65 20.57 0.119 269.071
21.66 20.58 0.119 269.124
21.67 20.57 0.118 268.951
21.68 20.47 0.119 268.986
21.69 20.49 0.119 269.058
21.7 20.42 0.121 269.333
21.71 20.39 0.121 269.31
21.72 20.36 0.121 269.288
21.73 20.22 0.121 269.055
21.74 20.11 0.121 268.878
21.75 19.94 0.12 268.398
21.76 19.77 0.12 268.102
21.77 19.64 0.119 267.695
21.78 19.56 0.118 267.384
21.79 19.42 0.119 267.329
21.8 19.28 0.117 266.709
21.81 19.09 0.116 266.173
21.82 18.87 0.115 265.571
21.83 18.61 0.114 264.882
21.84 18.42 0.113 264.331
21.85 18.29 0.112 263.9
21.86 18.23 0.113 264.004
21.87 18.23 0.111 263.645
21.88 18.11 0.11 263.23
21.89 17.99 0.11 263.011
21.9 17.78 0.109 262.401
21.91 17.48 0.109 261.792
21.92 17.18 0.109 261.173
21.93 16.9 0.109 260.589
21.94 16.67 0.109 260.108
21.95 16.56 0.109 259.893
21.96 16.46 0.109 259.7
21.97 16.41 0.109 259.619
21.98 16.34 0.109 259.492
21.99 16.25 0.109 259.318
22 16.22 0.109 259.282
22.01 16.24 0.109 259.361
22.02 16.26 0.109 259.44
22.03 16.32 0.109 259.61
22.04 16.38 0.109 259.78
22.05 16.52 0.11 260.329
22.06 16.52 0.11 260.362
22.07 16.71 0.111 261.02
22.08 16.87 0.113 261.8
22.09 17 0.114 262.315
22.1 17.02 0.113 262.2
22.11 16.99 0.115 262.55
22.12 16.97 0.115 262.538
22.13 17 0.116 262.827
22.14 17.04 0.117 263.137
22.15 17.25 0.118 263.821
22.16 17.49 0.118 264.38
22.17 17.75 0.118 264.976
22.18 17.98 0.119 265.687
22.19 18.21 0.119 266.207
22.2 18.52 0.119 266.889
22.21 18.7 0.121 267.665
22.22 18.84 0.121 267.986
22.23 18.95 0.121 268.244
22.24 19.06 0.121 268.502
22.25 19.1 0.122 268.8
22.26 19.12 0.123 269.057
22.27 19.16 0.124 269.353
22.28 19.17 0.124 269.407
22.29 19.19 0.124 269.481
22.3 19.23 0.125 269.776
22.31 19.23 0.125 269.809
22.32 19.34 0.125 270.065
22.33 19.42 0.126 270.438
22.34 19.47 0.126 270.572
22.35 19.51 0.125 270.506
22.36 19.42 0.125 270.36
22.37 19.23 0.125 270.011
22.38 19.11 0.125 269.801
22.39 19.13 0.125 269.875
22.4 19.16 0.125 269.97
22.41 19.45 0.125 270.588
22.42 19.76 0.126 271.418
22.43 20.19 0.126 272.295
22.44 20.63 0.126 273.175
22.45 21.08 0.126 274.059
22.46 21.51 0.127 275.072
22.47 21.97 0.127 275.946
22.48 22.42 0.127 276.787
22.49 22.85 0.127 277.579
22.5 23.25 0.128 278.49
22.51 23.61 0.127 278.959
22.52 24.03 0.127 279.703
22.53 24.45 0.128 280.619
22.54 24.82 0.122 280.14
22.55 25.17 0.117 279.765
22.56 25.48 0.109 278.646
22.57 25.63 0.109 278.916
22.58 25.57 0.11 279.068
22.59 25.28 0.11 278.645
22.6 25.06 0.11 278.328
22.61 24.45 0.11 277.376
22.62 23.83 0.108 275.965
22.63 23.77 0.108 275.899
22.64 23.63 0.107 275.484
22.65 23.61 0.107 275.485
22.66 23.63 0.108 275.765
22.67 23.64 0.109 276.028
22.68 23.66 0.117 277.727
22.69 23.66 0.125 279.294
22.7 23.79 0.129 280.282
22.71 23.92 0.129 280.536
22.72 24.12 0.135 281.972
22.73 24.06 0.14 282.759
22.74 24.08 0.141 282.995
22.75 23.9 0.141 282.724
22.76 23.67 0.14 282.198
22.77 23.34 0.14 281.663
22.78 22.95 0.138 280.678
22.79 22.48 0.139 280.045
22.8 21.77 0.138 278.621
22.81 21.72 0.136 278.224
22.82 21.72 0.135 278.087
22.83 21.71 0.135 278.103
22.84 21.79 0.135 278.284
22.85 21.67 0.135 278.097
22.86 21.5 0.129 276.766
22.87 21.17 0.119 274.336
22.88 20.83 0.11 271.946
22.89 20.35 0.105 270.02
22.9 19.86 0.1 268.016
22.91 19.35 0.096 266.141
22.92 18.77 0.093 264.31
22.93 18.13 0.0900001 262.309
22.94 17.44 0.086 259.894
22.95 16.74 0.089 259.135
22.96 16.07 0.092 258.358
22.97 15.28 0.103 258.942
22.98 15.28 0.113 260.978
22.99 14.33 0.122 260.262
23 13.06 0.133 258.689
23.01 11.59 0.147 256.436
23.02 9.99 0.155 252.148
23.03 8.6 0.158 247.19
23.04 7.42 0.159 242.149
23.05 6.7 0.163 239.138
23.06 6.35 0.161 237.083
23.07 6.37 0.159 236.972
23.08 6.4 0.155 236.659
23.09 6.63 0.147 236.847
23.1 6.75 0.135 235.812
23.11 6.64 0.119 232.826
23.12 6.3 0.105 228.704
23.13 5.78 0.091 223.238
23.14 5.1 0.076 216.015
23.15 4.14 0.06 205.567
23.16 3.36 0.044 194.421
23.17 2.81 0.03 183.56
23.18 2.39 0.026 177.229
23.19 2.07 0.026 173.619
23.2 1.78 0.024 168.779
23.21 1.85 0.023 169.139
23.22 1.92 0.021 168.784
23.23 3.14 0.023 182.572
23.24 4.53 0.025 193.829
23.25 5.2 0.025 197.741
23.26 4.62 0.023 193.081
23.27 3.64 0.021 185.18
23.28 2.81 0.018 176.154
23.29 2.28 0.017 170.14
23.3 1.98 0.016 165.9
23.31 1.57 0.016 160.467
23.32 1.29 0.014 154.287
23.33 1.15 0.014 151.774
23.34 1.16 0.015 152.856
23.35 1.17 0.016 153.887
23.36 1.91 0.02 168.255
23.37 2.58 0.025 179.014
23.38 3.18 0.027 185.693
23.39 3.03 0.03 186.051
23.4 2.62 0.03 182.218
23.41 2.62 0.03 182.24
23.42 2.27 0.029 178.034
23.43 1.92 0.03 174.304
23.44 2 0.031 175.831
23.45 2.08 0.029 175.869
23.46 3.05 0.028 185.316
23.47 4.53 0.024 193.701
23.48 6.07 0.024 202.062
23.49 7.08 0.026 207.996
23.5 7.65 0.028 211.654
23.51 7.7 0.032 214.244
23.52 7.36 0.041 217.316
23.53 6.74 0.054 219.579
23.54 5.97 0.062 218.297
23.55 5.19 0.071 216.392
23.56 4.52 0.078 213.818
23.57 3.88 0.078 209.193
23.58 3.35 0.077 204.62
23.59 2.87 0.077 200.137
23.6 2.43 0.071 194.106
23.61 2.31 0.065 191.308
23.62 2.19 0.062 189.121
23.63 1.93 0.054 183.61
23.64 1.78 0.049 180.043
23.65 1.81 0.043 178.547
23.66 1.84 0.039 177.543
23.67 1.9 0.032 175.475
23.68 1.9 0.028 173.556
23.69 1.9 0.022 170.129
23.7 1.9 0.018 167.331
23.71 1.88 0.014 163.639
23.72 1.74 0.013 160.849
23.73 1.56 0.011 156.172
23.74 1.53 0.01 154.524
23.75 1.56 0.009 153.623
23.76 1.6 0.01 155.56
23.77 1.54 0.011 155.956
23.78 1.43 0.013 156.478
23.79 1.26 0.016 156.348
23.8 1.28 0.022 160.929
23.81 1.29 0.028 164.394
23.82 1.85 0.031 174.647
23.83 2.82 0.031 185.599
23.84 4.54 0.032 199.321
23.85 6.83 0.031 210.862
23.86 9 0.031 219.433
23.87 10.63 0.032 225.377
23.88 11.66 0.033 229.011
23.89 12.41 0.037 233.313
23.9 13.12 0.042 237.711
23.91 13.62 0.048 241.693
23.92 13.99 0.05 243.481
23.93 14.18 0.053 245.169
23.94 14.29 0.056 246.597
23.95 14.54 0.061 249.008
23.96 14.79 0.065 250.972
23.97 15.03 0.07 253.14
23.98 15.25 0.076 255.441
23.99 15.47 0.0800001 257.093
24 15.64 0.082 258.057
24.01 15.83 0.081 258.273
24.02 15.91 0.084 259.273
24.03 16 0.084 259.514
24.04 16.03 0.0850001 259.87
24.05 16.06 0.086 260.223
24.06 16.14 0.087 260.69
24.07 16.22 0.091 261.883
24.08 16.27 0.091 262.03
24.09 16.34 0.092 262.461
24.1 16.37 0.092 262.56
24.11 16.37 0.092 262.59
24.12 16.4 0.093 262.926
24.13 16.43 0.093 263.026
24.14 16.48 0.093 263.171
24.15 16.48 0.094 263.436
24.16 16.56 0.0950001 263.882
24.17 16.61 0.098 264.711
24.18 16.58 0.1 265.118
24.19 16.51 0.102 265.424
24.2 16.35 0.102 265.082
24.21 16.19 0.105 265.377
24.22 16.02 0.106 265.213
24.23 15.85 0.108 265.249
24.24 15.76 0.108 265.062
24.25 15.67 0.108 264.874
24.26 15.6 0.109 264.936
24.27 15.63 0.109 265.04
24.28 15.65 0.11 265.321
24.29 15.87 0.113 266.481
24.3 16.23 0.113 267.374
24.31 16.78 0.112 268.492
24.32 17.45 0.109 269.431
24.33 18.19 0.105 270.237
24.34 19.02 0.099 270.681
24.35 19.82 0.096 271.627
24.36 20.39 0.096 272.769
24.37 20.81 0.096 273.602
24.38 21.08 0.096 274.142
24.39 21.2 0.097 274.634
24.4 21.29 0.099 275.3
24.41 21.46 0.104 276.779
24.42 21.58 0.108 277.904
24.43 21.73 0.108 278.213
24.44 21.85 0.113 279.516
24.45 22.01 0.117 280.653
24.46 22.18 0.119 281.393
24.47 22.34 0.121 282.107
24.48 22.47 0.124 282.951
24.49 22.57 0.124 283.164
24.5 22.62 0.127 283.85
24.51 22.6 0.129 284.216
24.52 22.55 0.131 284.521
24.53 22.55 0.132 284.734
24.54 22.48 0.129 284.095
24.55 22.48 0.127 283.758
24.56 22.49 0.126 283.621
24.57 22.57 0.127 283.985
24.58 22.62 0.127 284.108
24.59 22.67 0.128 284.416
24.6 22.63 0.13 284.743
24.61 22.13 0.129 283.678
24.62 22.04 0.129 283.543
24.63 22.03 0.126 283.002
24.64 22.07 0.124 282.732
24.65 22.11 0.125 283.026
24.66 22.12 0.124 282.888
24.67 22.07 0.122 282.445
24.68 22 0.123 282.539
24.69 22 0.123 282.571
24.7 21.96 0.123 282.529
24.71 21.91 0.127 283.221
24.72 21.82 0.129 283.453
24.73 21.61 0.131 283.453
24.74 21.56 0.131 283.391
24.75 21.6 0.131 283.498
24.76 21.63 0.131 283.587
24.77 21.63 0.13 283.438
24.78 21.6 0.13 283.413
24.79 21.58 0.129 283.225
24.8 21.53 0.129 283.162
24.81 21.48 0.128 282.916
24.82 21.38 0.128 282.757
24.83 21.32 0.128 282.675
24.84 21.28 0.128 282.63
24.85 21.22 0.127 282.362
24.86 21.1 0.126 281.978
24.87 20.89 0.125 281.417
24.88 20.81 0.125 281.293
24.89 20.68 0.123 280.693
24.9 20.55 0.122 280.28
24.91 20.05 0.121 279.127
24.92 19.78 0.121 278.614
24.93 19.45 0.12 277.779
24.94 19.19 0 0
24.95 18.95 0 0
24.96 18.79 0 0
24.97 18.37 0 0
24.98 18.19 0 0
24.99 18.07 0 0
25 17.95 0 0
