0.007 0.47 0.0134 13.9416
0.014 1.91 0.0067 19.5272
0.021 2.5 0.0117 23.7997
0.028 2.75 0.025 27.842
0.035 2.72 0.0299 30.0208
0.042 2.81 0.0313 31.8511
0.048 2.96 0.0387 33.8974
0.055 3.14 0.0449 35.9471
0.062 3.4 0.039 37.1546
0.069 3.58 0.0357 38.2789
0.076 3.72 0.0349 39.4644
0.083 3.85 0.0349 40.6435
0.09 3.99 0.0395 42.2157
0.097 4.21 0.0424 43.6952
0.104 4.28 0.0525 45.4567
0.111 4.09 0.0823 47.7383
0.117 3.81 0.0973 48.6225
0.124 3.85 0.1096 49.9813
0.131 4.04 0.1139 51.2674
0.138 4.22 0.1115 52.2495
0.145 4.16 0.1104 52.8205
0.152 3.91 0.1154 53.2377
0.159 3.8 0.1226 53.9582
0.166 3.48 0.1258 54.0367
0.173 3.36 0.1251 54.36
0.18 3.55 0.1192 55.1776
0.187 3.73 0.1139 55.9524
0.194 3.89 0.1104 56.7224
0.201 4.08 0.1115 57.7264
0.207 4.26 0.1075 58.3856
0.214 4.45 0.1083 59.3359
0.221 4.68 0.1066 60.226
0.228 4.91 0.1032 61.0067
0.235 5.33 0.0997 62.0747
0.242 5.97 0.0985 63.5496
0.249 7 0.0977 65.496
0.256 8.68 0.0941 67.8669
0.263 5.7 0.0518 61.2412
0.27 4.73 0.0659 61.27
0.277 5.69 0.0509 62.0244
0.283 6.95 0.0313 61.6722
0.29 6.51 0.0361 62.245
0.297 7.91 0.0391 64.871
0.304 6.07 0.0433 63.3858
0.311 4.77 0.1031 66.2239
0.318 4.85 0.1037 66.827
0.325 4.99 0.1128 67.9829
0.332 5.05 0.1101 68.3667
0.339 5.27 0.1161 69.4941
0.346 5.85 0.1062 70.4247
0.352 6.28 0.1129 71.8533
0.359 6.18 0.125 72.6941
0.366 6.17 0.1301 73.3119
0.373 6.32 0.1343 74.1502
0.38 6.77 0.1365 75.3781
0.387 6.5 0.1593 76.2931
0.394 6.33 0.1972 77.7507
0.401 5.97 0.2175 78.1104
0.408 4.91 0.1802 75.1235
0.415 5.22 0.2061 77.0036
0.422 5.36 0.2198 78.0748
0.429 3.33 0.1252 69.8865
0.435 3.68 0.0911 69.3157
0.442 2.84 0.0637 65.107
0.449 2.66 0.0534 63.8347
0.456 2.54 0.0438 62.6436
0.463 2.35 0.0505 62.9502
0.47 2.34 0.0453 62.6059
0.477 2.27 0.0434 62.3667
0.484 1.79 0.0657 62.6379
0.491 1.97 0.0583 63.1314
0.498 2.03 0.0574 63.5724
0.505 2.02 0.0588 63.9022
0.511 2.01 0.063 64.4354
0.518 1.95 0.0653 64.5903
0.525 1.94 0.0675 64.9626
0.532 1.98 0.0657 65.2473
0.539 2.01 0.0645 65.5262
0.546 2.01 0.0614 65.4927
0.553 2.08 0.0639 66.2696
0.56 2.16 0.0672 67.1448
0.567 2.17 0.0555 66.3574
0.574 2.24 0.0475 66.0286
0.581 2.33 0.0481 66.698
0.588 2.39 0.0497 67.349
0.595 2.42 0.0493 67.6469
0.601 2.44 0.0495 67.9392
0.608 2.49 0.0509 68.5164
0.615 2.53 0.0507 68.8702
0.622 2.52 0.0329 66.6076
0.629 2.57 0.0271 65.932
0.636 2.6 0.0262 66.0599
0.643 2.64 0.0259 66.3434
0.65 2.65 0.0261 66.6223
0.657 2.66 0.0259 66.8145
0.664 2.69 0.0255 67.0331
0.67 2.71 0.0237 66.8641
0.677 2.73 0.0232 67.0097
0.684 2.77 0.0217 66.969
0.691 2.8 0.0213 67.1591
0.698 2.82 0.0214 67.4429
0.705 2.85 0.0211 67.6538
0.712 2.85 0.0218 68.0244
0.719 2.87 0.0232 68.6329
0.726 2.87 0.0233 68.8426
0.733 2.88 0.0221 68.7579
0.74 2.91 0.0217 68.9379
0.747 2.9 0.0224 69.2671
0.753 2.9 0.0226 69.4727
0.76 2.91 0.0223 69.6087
0.767 2.91 0.0247 70.3824
0.774 2.89 0.0243 70.3946
0.781 2.89 0.0235 70.3748
0.788 2.88 0.023 70.3883
0.795 2.89 0.0229 70.5712
0.802 2.9 0.0227 70.727
0.809 2.89 0.0227 70.8628
0.816 2.88 0.023 71.0749
0.823 2.87 0.0228 71.1564
0.83 2.87 0.0231 71.4018
0.836 2.85 0.0235 71.5751
0.843 2.83 0.0237 71.719
0.85 2.8 0.0239 71.824
0.857 2.77 0.0241 71.9262
0.864 2.73 0.0247 72.0856
0.871 2.72 0.025 72.2819
0.878 2.68 0.0254 72.384
0.885 2.67 0.0257 72.5758
0.892 2.63 0.0261 72.6704
0.899 2.61 0.0263 72.7947
0.905 2.6 0.0264 72.9121
0.912 2.61 0.0268 73.2004
0.919 2.62 0.0268 73.3966
0.926 2.6 0.0267 73.4476
0.933 2.61 0.0266 73.6192
0.94 2.64 0.0265 73.8707
0.947 2.65 0.0263 74.0169
0.954 2.67 0.0263 74.2489
0.961 2.69 0.0261 74.4327
0.968 2.71 0.0263 74.7101
0.975 2.73 0.0261 74.8916
0.982 2.75 0.0257 75.0231
0.989 2.77 0.0256 75.2255
0.995 2.79 0.0254 75.381
1.002 2.81 0.0256 75.6551
1.009 2.85 0.0255 75.9314
1.016 2.87 0.0255 76.1541
1.023 2.91 0.0253 76.4018
1.03 2.94 0.0254 76.6851
1.037 2.96 0.0253 76.8794
1.044 3 0.0251 77.1214
1.051 3.02 0.0245 77.1832
1.058 3.02 0.0246 77.352
1.065 3.04 0.0247 77.5938
1.071 3.06 0.0247 77.7885
1.078 3.07 0.0247 77.9662
1.085 3.08 0.0248 78.1694
1.092 3.11 0.0252 78.5232
1.099 3.11 0.0253 78.6887
1.106 2.87 0.0078 70.6544
1.113 2.89 0.0213 77.0254
1.12 2.97 0.0222 77.7309
1.127 3.03 0.0226 78.2064
1.134 3.07 0.0232 78.6605
1.141 3.1 0.0235 78.99
1.147 3.16 0.0244 79.5724
1.154 3.21 0.0247 79.9687
1.161 3.24 0.0249 80.2645
1.168 3.27 0.0249 80.5055
1.175 3.31 0.0253 80.8878
1.182 3.35 0.0257 81.2678
1.189 3.37 0.0255 81.4181
1.196 3.39 0.0259 81.7264
1.203 3.41 0.0261 81.9809
1.21 3.43 0.0261 82.1824
1.217 3.45 0.0266 82.5134
1.224 3.46 0.0268 82.7311
1.23 3.47 0.0271 82.9549
1.237 3.47 0.0275 83.1872
1.244 3.48 0.0277 83.4026
1.251 3.49 0.0279 83.6174
1.258 3.48 0.0279 83.7126
1.265 3.5 0.0283 84.0105
1.272 3.51 0.0288 84.2968
1.279 3.54 0.0287 84.5045
1.286 3.54 0.0287 84.6329
1.293 3.53 0.0288 84.7507
1.3 3.58 0.0293 85.172
1.306 3.62 0.0292 85.3933
1.313 3.62 0.0292 85.5203
1.32 3.64 0.0293 85.7392
1.327 3.69 0.0294 86.0586
1.334 3.72 0.03 86.4303
1.341 3.75 0.0307 86.8227
1.348 3.76 0.0311 87.0756
1.355 3.79 0.0307 87.2069
1.362 3.8 0.0317 87.5984
1.369 3.84 0.0317 87.8557
1.376 3.86 0.0322 88.1609
1.383 3.95 0.0331 88.7822
1.389 3.96 0.033 88.8991
1.396 4 0.0332 89.1972
1.403 3.99 0.0307 88.7094
1.41 4.05 0.0349 89.9782
1.417 4.16 0.0349 90.4505
1.424 4.31 0.0377 91.6241
1.431 4.28 0.0347 91.0267
1.438 4.32 0.0347 91.2725
1.445 4.33 0.0345 91.3823
1.452 4.38 0.0347 91.7006
1.458 4.4 0.035 91.9319
1.465 4.41 0.0351 92.1063
1.472 4.42 0.0352 92.2804
1.479 4.44 0.0354 92.5058
1.486 4.48 0.0355 92.7688
1.493 4.5 0.0355 92.9497
1.5 4.55 0.0361 93.3489
1.507 4.6 0.0359 93.5738
1.514 4.67 0.0366 94.0494
1.521 4.75 0.037 94.4861
1.528 4.82 0.0373 94.87
1.535 4.92 0.0378 95.3776
1.542 5.02 0.0381 95.8384
1.548 5.12 0.0383 96.2567
1.555 5.18 0.0387 96.6229
1.562 5.29 0.0392 97.1405
1.569 5.38 0.0395 97.5597
1.576 5.53 0.0397 98.1093
1.583 5.67 0.0401 98.6668
1.59 5.85 0.0404 99.295
1.597 6 0.0404 99.7795
1.604 6.19 0.0406 100.392
1.611 6.34 0.0407 100.881
1.617 6.48 0.0409 101.345
1.624 6.57 0.0411 101.71
1.631 6.65 0.0413 102.05
1.638 6.72 0.0417 102.408
1.645 6.79 0.0421 102.764
1.652 6.85 0.0427 103.137
1.659 6.87 0.0431 103.382
1.666 6.87 0.0439 103.662
1.673 6.84 0.0446 103.854
1.68 6.81 0.0459 104.157
1.687 6.74 0.0468 104.291
1.694 6.68 0.0481 104.515
1.7 6.64 0.0496 104.795
1.707 6.61 0.0507 105.038
1.714 6.63 0.0519 105.408
1.721 6.64 0.0527 105.685
1.728 6.67 0.0538 106.055
1.735 6.71 0.0545 106.38
1.742 6.74 0.0547 106.6
1.749 6.76 0.0553 106.861
1.756 6.75 0.0557 107.021
1.763 6.76 0.0559 107.195
1.77 6.73 0.056 107.26
1.776 6.74 0.056 107.384
1.783 6.73 0.0563 107.526
1.79 6.73 0.056 107.596
1.797 6.76 0.0558 107.749
1.804 6.8 0.0558 107.958
1.811 6.84 0.0557 108.149
1.818 6.92 0.0555 108.414
1.825 6.97 0.0551 108.577
1.832 7.02 0.055 108.788
1.839 7.07 0.055 109.015
1.846 7.13 0.0547 109.213
1.853 7.12 0.0549 109.339
1.859 7.12 0.0552 109.487
1.866 7.09 0.0554 109.568
1.873 7.11 0.0557 109.776
1.88 7.09 0.0555 109.813
1.887 7.09 0.0555 109.926
1.894 7.02 0.0553 109.849
1.901 6.98 0.0558 109.954
1.908 6.92 0.0555 109.88
1.915 6.85 0.0559 109.897
1.922 6.81 0.0562 109.965
1.929 6.75 0.0567 110.017
1.935 6.71 0.0571 110.082
1.942 6.69 0.0578 110.257
1.949 6.66 0.0581 110.343
1.956 6.63 0.0583 110.413
1.963 6.63 0.0585 110.554
1.97 6.62 0.0589 110.702
1.977 6.62 0.0591 110.843
1.984 6.59 0.0591 110.879
1.991 6.58 0.0593 110.995
1.998 6.57 0.0594 111.094
2.005 6.61 0.0591 111.253
2.011 6.66 0.0591 111.466
2.018 6.72 0.0586 111.639
2.025 6.82 0.0582 111.921
2.032 6.92 0.0576 112.166
2.039 7.04 0.0569 112.438
2.046 7.15 0.0561 112.664
2.053 7.25 0.0555 112.895
2.06 7.35 0.0551 113.157
2.067 7.44 0.0549 113.428
2.074 7.55 0.0545 113.706
2.081 7.61 0.0542 113.89
2.088 7.71 0.0543 114.228
2.095 7.78 0.0543 114.484
2.101 7.85 0.0546 114.775
2.108 7.95 0.0546 115.091
2.115 8.02 0.0548 115.378
2.122 8.1 0.0549 115.666
2.129 8.2 0.0554 116.065
2.136 8.27 0.056 116.417
2.143 8.37 0.0568 116.863
2.15 8.7 0.0673 119.294
2.157 8.56 0.0511 116.425
2.164 8.75 0.0525 117.162
2.171 8.92 0.0536 117.795
2.177 9.1 0.0546 118.407
2.184 9.25 0.0557 118.99
2.191 9.38 0.0565 119.477
2.198 9.51 0.0569 119.891
2.205 9.61 0.0582 120.404
2.212 9.72 0.0591 120.862
2.219 9.84 0.0595 121.25
2.226 9.94 0.0607 121.735
2.233 10.05 0.0617 122.2
2.24 10.17 0.0623 122.615
2.247 10.3 0.0635 123.141
2.253 10.45 0.0644 123.634
2.26 10.61 0.0655 124.186
2.267 10.73 0.0661 124.589
2.274 10.86 0.0669 125.038
2.281 10.95 0.0681 125.479
2.288 11.04 0.0693 125.917
2.295 11.11 0.0703 126.289
2.302 11.16 0.0712 126.611
2.309 11.24 0.0723 127.011
2.316 11.34 0.0734 127.44
2.323 11.47 0.0743 127.886
2.329 11.6 0.0753 128.328
2.336 11.69 0.077 128.817
2.343 11.82 0.0775 129.2
2.35 11.89 0.0789 129.61
2.357 11.94 0.0793 129.85
2.364 12.03 0.0805 130.26
2.371 12.07 0.0817 130.59
2.378 12.11 0.083 130.932
2.385 12.14 0.0838 131.19
2.392 12.16 0.0855 131.548
2.399 12.19 0.0869 131.879
2.405 12.22 0.0877 132.119
2.413 12.28 0.0891 132.508
2.419 12.27 0.0903 132.732
2.426 12.33 0.0911 133.03
2.433 12.39 0.0921 133.35
2.44 12.49 0.0933 133.755
2.447 12.6 0.0947 134.197
2.454 12.74 0.0953 134.588
2.461 12.86 0.0956 134.912
2.468 12.97 0.0965 135.29
2.475 13.11 0.0968 135.641
2.482 13.23 0.0969 135.938
2.489 13.35 0.0973 136.268
2.495 13.48 0.0973 136.549
2.502 13.66 0.0972 136.905
2.509 13.82 0.0979 137.324
2.516 13.99 0.098 137.684
2.523 14.18 0.0967 137.905
2.53 14.32 0.0963 138.159
2.537 14.48 0.096 138.451
2.544 14.58 0.0968 138.79
2.551 14.65 0.0978 139.111
2.558 14.72 0.0987 139.418
2.564 14.76 0.1013 139.866
2.571 14.81 0.1017 140.086
2.578 14.81 0.1038 140.431
2.585 14.79 0.1061 140.766
2.592 14.75 0.1079 141.014
2.599 14.72 0.1111 141.422
2.606 14.67 0.113 141.658
2.613 14.7 0.1155 142.064
2.62 14.73 0.1182 142.485
2.627 14.82 0.1189 142.786
2.634 14.9 0.1223 143.338
2.641 14.98 0.1225 143.574
2.647 15.01 0.1238 143.832
2.654 15.04 0.1255 144.143
2.661 15.06 0.1277 144.485
2.668 15.1 0.1295 144.814
2.675 15.09 0.1304 144.989
2.682 15.12 0.1316 145.247
2.689 15.08 0.1324 145.37
2.696 15.04 0.1329 145.465
2.703 14.99 0.1334 145.546
2.71 14.95 0.1353 145.766
2.717 14.89 0.1371 145.946
2.724 14.84 0.138 146.06
2.73 14.84 0.138 146.149
2.737 14.83 0.1395 146.37
2.744 14.9 0.1405 146.661
2.751 14.93 0.1403 146.79
2.758 15.02 0.1403 147.021
2.765 15.1 0.142 147.385
2.772 15.17 0.1426 147.638
2.779 15.24 0.1424 147.823
2.786 15.3 0.1412 147.906
2.793 15.31 0.1419 148.084
2.8 15.37 0.1395 148.06
2.807 15.35 0.14 148.179
2.813 15.34 0.1397 148.227
2.82 15.3 0.1401 148.309
2.827 15.27 0.1394 148.307
2.834 15.22 0.1399 148.383
2.841 15.18 0.1394 148.385
2.848 15.16 0.1385 148.378
2.855 15.1 0.1394 148.474
2.862 15.07 0.1395 148.542
2.869 15.01 0.1404 148.637
2.876 15.02 0.1402 148.734
2.882 14.94 0.1418 148.847
2.889 14.94 0.1427 149.025
2.896 14.92 0.1445 149.252
2.903 14.93 0.1458 149.478
2.91 14.93 0.1455 149.553
2.917 14.89 0.1478 149.79
2.924 14.9 0.1493 150.031
2.931 14.9 0.1495 150.147
2.938 14.89 0.1489 150.182
2.945 14.87 0.1493 150.286
2.952 14.87 0.1491 150.368
2.958 14.9 0.1489 150.48
2.965 14.89 0.1492 150.59
2.972 14.81 0.1505 150.68
2.979 14.51 0.1568 150.849
2.986 13.93 0.1633 150.571
2.993 13.54 0.1725 150.74
