0.02 1.46 0 0
0.03 1.82 0 0
0.04 2.39 0.001 23.0505
0.05 2.65 0.005 28.4599
0.06 2.74 0.009 31.5917
0.07 2.72 0.013 33.9636
0.0800001 2.65 0.017 35.9085
0.0900001 2.6 0.019 37.3462
0.1 2.54 0.021 38.6476
0.11 2.45 0.024 39.9207
0.12 2.38 0.027 41.1289
0.13 2.33 0.03 42.2951
0.14 2.31 0.032 43.3541
0.15 2.29 0.035 44.4687
0.16 2.28 0.037 45.4549
0.17 2.29 0.038 46.3593
0.18 2.3 0.039 47.2334
0.19 2.3 0.04 48.0498
0.2 2.29 0.039 48.6068
0.21 2.27 0.039 49.2084
0.22 2.27 0.037 49.6311
0.23 2.29 0.034 49.959
0.24 2.32 0.031 50.2607
0.25 2.36 0.03 50.8207
0.26 2.41 0.027 51.0835
0.27 2.46 0.026 51.6128
0.28 2.48 0.024 51.8516
0.29 2.49 0.022 52.0124
0.3 2.49 0.021 52.3021
0.31 2.45 0.021 52.6581
0.32 2.39 0.02 52.7211
0.33 2.34 0.02 53.0124
0.34 2.29 0.019 53.0613
0.35 2.23 0.019 53.2865
0.36 2.18 0.019 53.5303
0.37 2.13 0.019 53.7597
0.38 2.07 0.02 54.1681
0.39 2.01 0.021 54.551
0.4 1.96 0.022 54.9497
0.41 1.88 0.022 54.9971
0.42 1.81 0.022 55.0651
0.43 1.73 0.023 55.2709
0.44 1.6 0.024 55.1982
0.45 1.56 0.025 55.5302
0.46 1.44 0.025 55.2303
0.47 1.4 0.025 55.3366
0.48 1.33 0.024 55.0644
0.49 1.23 0.023 54.5676
0.5 1.18 0.022 54.3466
0.51 1.14 0.021 54.1658
0.52 1.12 0.021 54.3204
0.53 1.07 0.02 54.0311
0.54 1.04 0.02 54.0906
0.55 1.02 0.019 53.9845
0.56 1.01 0.019 54.1787
0.57 1.01 0.019 54.446
0.58 1.01 0.019 54.7098
0.59 1.02 0.019 55.0485
0.6 1.04 0.02 55.6984
0.61 1.08 0.02 56.2598
0.62 1.14 0.021 57.1881
0.63 1.2 0.024 58.5154
0.640001 1.21 0.027 59.4219
0.650001 1.24 0.029 60.2465
0.660001 1.3 0.032 61.4168
0.670001 1.36 0.035 62.5407
0.680001 1.41 0.037 63.4187
0.690001 1.49 0.038 64.3272
0.700001 1.57 0.039 65.2141
0.710001 1.65 0.041 66.2169
0.720001 1.75 0.043 67.3067
0.730001 1.8 0.046 68.2217
0.740001 1.82 0.049 68.9507
0.75 1.83 0.051 69.4941
0.760001 1.84 0.053 70.029
0.770001 1.85 0.055 70.5559
0.780001 1.9 0.057 71.2934
0.790001 1.95 0.059 72.0208
0.800001 2.01 0.063 72.9865
0.810001 2.02 0.065 73.4821
0.820001 2.06 0.069 74.31
0.830001 2.13 0.071 75.0988
0.840001 2.21 0.075 76.0966
0.850001 2.21 0.081 76.8378
0.860001 2.27 0.088 77.9215
0.870001 2.31 0.092 78.6596
0.880001 2.28 0.093 78.8324
0.890001 2.25 0.0950001 79.0695
0.900001 2.23 0.0950001 79.2136
0.910001 2.24 0.094 79.4386
0.920001 2.25 0.091 79.5165
0.930001 2.26 0.088 79.5845
0.940001 2.26 0.083 79.434
0.950001 2.26 0.0800001 79.4244
0.960001 2.23 0.0800001 79.5028
0.970001 2.2 0.079 79.4935
0.980001 2.19 0.078 79.5839
0.990001 2.14 0.076 79.3721
1 2.11 0.075 79.345
1.01 2.11 0.074 79.476
1.02 2.11 0.073 79.6038
1.03 2.13 0.071 79.744
1.04 2.12 0.072 79.9974
1.05 2.1 0.071 80.0079
1.06 2.09 0.07 80.0693
1.07 2.08 0.07 80.2232
1.08 2.07 0.069 80.2789
1.09 2 0.06 79.1613
1.1 2.06 0.057 79.3617
1.11 2.07 0.055 79.3808
1.12 2.1 0.054 79.6224
1.13 2.15 0.055 80.2127
1.14 2.18 0.057 80.8098
1.15 2.18 0.057 81.0062
1.16 2.25 0.057 81.5718
1.17 2.31 0.058 82.196
1.18 2.35 0.059 82.7122
1.19 2.35 0.062 83.2493
1.2 2.34 0.065 83.7205
1.21 2.3 0.068 84.0206
1.22 2.24 0.071 84.195
1.23 2.19 0.074 84.4026
1.24 2.13 0.076 84.4422
1.25 2.08 0.079 84.6141
1.26 2.04 0.081 84.741
1.27 1.99 0.082 84.7109
1.28 1.96 0.082 84.7104
1.29 1.95 0.083 84.9169
1.3 1.97 0.083 85.2245
1.31 2.01 0.083 85.6538
1.32 2.02 0.082 85.8099
1.33 2.03 0.081 85.9635
1.34 2.04 0.079 86.0246
1.35 2.03 0.076 85.8645
1.36 2.04 0.074 85.911
1.37 2.07 0.071 85.9707
1.38 2.08 0.069 85.9999
1.39 2.07 0.068 86.0083
1.4 2.06 0.066 85.9062
1.41 2.05 0.064 85.7961
1.42 2.03 0.062 85.6171
1.43 2 0.062 85.6006
1.44 1.94 0.064 85.6171
1.45 1.87 0.065 85.4393
1.46 1.8 0.064 85.024
1.47 1.72 0.062 84.4064
1.48 1.64 0.061 83.8741
1.49 1.56 0.057 82.9588
1.5 1.47 0.056 82.2838
1.51 1.4 0.055 81.7362
1.52 1.35 0.055 81.4586
1.53 1.32 0.056 81.4656
1.54 1.3 0.057 81.554
1.55 1.28 0.056 81.3987
1.56 1.25 0.055 81.1446
1.57 1.23 0.052 80.7227
1.58 1.2 0.05 80.3158
1.59 1.18 0.046 79.7074
1.6 1.15 0.044 79.2573
1.61 1.12 0.042 78.7875
1.62 1.11 0.042 78.8214
1.63 1.09 0.041 78.5921
1.64 1.1 0.041 78.8295
1.65 1.13 0.04 79.1067
1.66 1.16 0.04 79.5392
1.67 1.19 0.039 79.7973
1.68 1.21 0.039 80.122
1.69 1.22 0.039 80.3494
1.7 1.22 0.039 80.4813
1.71 1.23 0.039 80.7075
1.72 1.25 0.038 80.8515
1.73 1.27 0.039 81.3428
1.74 1.27 0.038 81.2973
1.75 1.24 0.037 80.9673
1.76 1.19 0.037 80.6164
1.77 1.18 0.036 80.4618
1.78 1.17 0.036 80.4892
1.79 1.18 0.035 80.5246
1.8 1.17 0.034 80.3566
1.81 1.13 0.033 79.8797
1.82 1.1 0.032 79.489
1.83 1.08 0.032 79.4001
1.84 1.08 0.032 79.5204
1.85 1.08 0.032 79.6404
1.86 1.07 0.033 79.8572
1.87 1.04 0.035 80.0404
1.88 1.03 0.036 80.2355
1.89 1.04 0.037 80.6495
1.9 1.06 0.037 80.9897
1.91 1.06 0.038 81.2882
1.92 1.06 0.038 81.4062
1.93 1.07 0.037 81.4533
1.94 1.07 0.037 81.5704
1.95 1.05 0.037 81.4654
1.96 1.02 0.036 81.0565
1.97 0.990001 0.035 80.6339
1.98 0.940001 0.033 79.7557
1.99 0.890001 0.032 79.0387
2 0.800001 0.032 77.9431
2.01 0.700001 0.031 76.3628
2.02 0.62 0.027 74.2847
2.03 0.54 0.022 71.6896
2.04 0.45 0.017 68.4433
2.05 0.39 0.014 66.0627
2.06 0.34 0.011 63.5697
2.07 0.3 0.008 60.8836
2.08 0.25 0.007 58.7293
2.09 0.27 0.007 59.463
2.1 0.25 0.007 58.8858
2.11 0.24 0.008 59.2729
2.12 0.23 0.009 59.5691
2.13 0.22 0.01 59.7883
2.14 0.19 0.01 58.6156
2.15 0.16 0.009 56.7573
2.16 0.15 0.009 56.3049
2.17 0.14 0.009 55.8199
2.18 0.15 0.009 56.4493
2.19 0.15 0.009 56.5212
2.2 0.16 0.009 57.1212
2.21 0.17 0.008 57.1322
2.22 0.18 0.007 57.0395
2.23 0.2 0.006 57.245
2.24 0.23 0.005 57.601
2.25 0.28 0.006 60.2362
2.26 0.29 0.006 60.616
2.27 0.3 0.007 61.7747
2.28 0.3 0.008 62.5412
2.29 0.3 0.009 63.234
2.3 0.28 0.009 62.6847
2.31 0.26 0.009 62.0942
2.32 0.25 0.01 62.363
2.33 0.23 0.01 61.6924
2.34 0.22 0.009 60.8362
2.35 0.22 0.007 59.648
2.36 0.24 0.005 58.802
2.37 0.24 0.004 57.7883
2.38 0.25 0.003 56.8206
2.39 0.26 0.001 52.2118
2.4 0.25 0 0
2.41 0.26 0 0
2.42 0.29 0 0
2.43 0.34 0 0
2.44 0.39 0.001 55.6706
2.45 0.45 0.002 60.2718
2.46 0.47 0.003 62.8024
2.47 0.49 0.005 65.9979
2.48 0.48 0.006 66.8831
2.49 0.46 0.008 68.1609
2.5 0.45 0.011 69.8476
2.51 0.45 0.013 70.9039
2.52 0.44 0.016 71.9859
2.53 0.43 0.018 72.5343
2.54 0.43 0.019 72.9413
2.55 0.43 0.021 73.6316
2.56 0.44 0.022 74.243
2.57 0.45 0.023 74.8407
2.58 0.47 0.023 75.3921
2.59 0.48 0.023 75.7024
2.6 0.51 0.023 76.4481
2.61 0.54 0.023 77.1622
2.62 0.6 0.022 78.1356
2.63 0.690001 0.021 79.5003
2.64 0.810001 0.02 81.1132
2.65 0.950001 0.019 82.7303
2.66 1.04 0.0193 84.0129
2.67 1.09 0.0197 84.8159
2.68 1.14 0.02 85.5617
2.69 1.13 0.022 86.2228
2.7 1.09 0.025 86.7831
2.71 1.03 0.029 87.2376
2.72 0.960001 0.033 87.3807
2.73 0.870001 0.036 86.8653
2.74 0.780001 0.039 86.169
2.75 0.680001 0.042 85.0919
2.76 0.6 0.045 84.1379
2.77 0.54 0.047 83.255
2.78 0.49 0.048 82.3247
2.79 0.47 0.047 81.7705
2.8 0.45 0.045 81.0472
2.81 0.43 0.042 80.1368
2.82 0.41 0.04 79.345
2.83 0.4 0.037 78.6295
2.84 0.4 0.032 77.7617
2.85 0.41 0.028 77.2519
2.86 0.43 0.024 76.8671
2.87 0.44 0.021 76.344
2.88 0.44 0.021 76.4179
2.89 0.44 0.018 75.5168
2.9 0.44 0.016 74.8522
2.91 0.44 0.015 74.5226
2.92 0.45 0.014 74.4072
2.93 0.44 0.014 74.2373
2.94 0.44 0.014 74.3077
2.95 0.43 0.014 74.132
2.96 0.44 0.014 74.4478
2.97 0.45 0.014 74.7592
2.98 0.45 0.015 75.2599
2.99 0.43 0.015 74.8385
3 0.42 0.016 75.0565
3.01 0.4 0.016 74.6
3.02 0.39 0.016 74.3971
3.03 0.36 0.015 73.2179
3.04 0.35 0.014 72.5706
3.05 0.35 0.013 72.1904
3.06 0.36 0.012 72.0682
3.07 0.39 0.01 71.8713
3.08 0.39 0.011 72.5091
3.09 0.39 0.01 72.0012
3.1 0.39 0.009 71.4369
3.11 0.38 0.008 70.5393
3.12 0.36 0.008 70.0548
3.13 0.35 0.008 69.8332
3.14 0.35 0.008 69.8952
3.15 0.35 0.008 69.957
3.16 0.36 0.009 70.9956
3.17 0.37 0.01 71.967
3.18 0.38 0.01 72.3072
3.19 0.4 0.01 72.9069
3.2 0.41 0.009 72.5911
3.21 0.41 0.008 71.9456
3.22 0.41 0.007 71.2123
3.23 0.4 0.006 70.1157
3.24 0.4 0.005 69.1195
3.25 0.4 0.005 69.1787
3.26 0.41 0.005 69.4845
3.27 0.42 0.005 69.7854
3.28 0.43 0.004 68.7926
3.29 0.45 0.004 69.3031
3.3 0.47 0.003 68.1465
3.31 0.49 0.003 68.6143
3.32 0.49 0.003 68.6719
3.33 0.52 0.002 67.0205
3.34 0.54 0.002 67.4419
3.35 0.55 0.002 67.6766
3.36 0.56 0.003 70.2386
3.37 0.57 0.003 70.476
3.38 0.57 0.004 72.2427
3.39 0.56 0.005 73.4695
3.4 0.58 0.005 73.9021
3.41 0.58 0.005 73.9625
3.42 0.58 0.005 74.0227
3.43 0.6 0.005 74.4454
3.44 0.63 0.006 76.1778
3.45 0.660001 0.007 77.7424
3.46 0.700001 0.008 79.3437
3.47 0.720001 0.008 79.7301
3.48 0.730001 0.01 81.4508
3.49 0.720001 0.012 82.5976
3.5 0.680001 0.015 83.522
3.51 0.670001 0.017 84.2833
3.52 0.650001 0.019 84.7635
3.53 0.640001 0.021 85.3489
3.54 0.62 0.022 85.3561
3.55 0.61 0.023 85.5391
3.56 0.59 0.023 85.1961
3.57 0.57 0.023 84.8401
3.58 0.55 0.022 84.1587
3.59 0.55 0.022 84.224
3.6 0.54 0.021 83.742
3.61 0.54 0.02 83.4671
3.62 0.53 0.019 82.952
3.63 0.52 0.018 82.4167
3.64 0.51 0.016 81.4474
3.65 0.51 0.016 81.5095
3.66 0.51 0.015 81.1347
3.67 0.52 0.013 80.4599
3.68 0.52 0.012 79.9864
3.69 0.53 0.011 79.6876
3.7 0.55 0.01 79.5409
3.71 0.55 0.009 78.9058
3.72 0.55 0.009 78.9649
3.73 0.57 0.008 78.6568
3.74 0.6 0.008 79.2989
3.75 0.62 0.008 79.7334
3.76 0.680001 0.009 81.6572
3.77 0.760001 0.011 84.4349
3.78 0.820001 0.012 86.0474
3.79 0.860001 0.014 87.8224
3.8 0.890001 0.015 88.8302
3.81 0.890001 0.017 89.8257
3.82 0.880001 0.019 90.5794
3.83 0.840001 0.021 90.7929
3.84 0.800001 0.024 91.2306
3.85 0.760001 0.027 91.5172
3.86 0.720001 0.028 91.1483
3.87 0.690001 0.03 91.1785
3.88 0.670001 0.031 91.1065
3.89 0.670001 0.031 91.1717
3.9 0.680001 0.031 91.4316
3.91 0.710001 0.032 92.3109
3.92 0.740001 0.031 92.6834
3.93 0.760001 0.03 92.8523
3.94 0.810001 0.03 93.7744
3.95 0.890001 0.03 95.1219
3.96 0.940001 0.031 96.2031
3.97 0.960001 0.032 96.8183
3.98 0.960001 0.032 96.886
3.99 0.940001 0.031 96.4051
4 0.860001 0.031 95.2444
4.01 0.740001 0.032 93.5169
4.02 0.660001 0.034 92.518
4.03 0.61 0.034 91.5375
4.04 0.6 0.035 91.6035
4.05 0.58 0.035 91.2201
4.06 0.55 0.035 90.5872
4.07 0.52 0.035 89.92
4.08 0.5 0.034 89.259
4.09 0.48 0.032 88.3495
4.1 0.46 0.031 87.6375
4.11 0.45 0.03 87.1816
4.12 0.44 0.029 86.7138
4.13 0.43 0.026 85.7033
4.14 0.41 0.022 83.9991
4.15 0.41 0.021 83.7307
4.16 0.41 0.019 83.092
4.17 0.42 0.017 82.6679
4.18 0.43 0.016 82.5861
4.19 0.45 0.015 82.7383
4.2 0.45 0.014 82.3193
4.21 0.46 0.013 82.1269
4.22 0.45 0.013 81.9214
4.23 0.46 0.013 82.2352
4.24 0.47 0.014 83.055
4.25 0.5 0.014 83.8532
4.26 0.52 0.014 84.3832
4.27 0.53 0.014 84.6702
4.28 0.53 0.014 84.7253
4.29 0.55 0.015 85.7243
4.3 0.56 0.016 86.4657
4.31 0.57 0.017 87.181
4.32 0.58 0.018 87.8728
4.33 0.59 0.019 88.5435
4.34 0.61 0.02 89.4074
4.35 0.61 0.021 89.8285
4.36 0.61 0.022 90.2344
4.37 0.59 0.023 90.1925
4.38 0.58 0.024 90.3472
4.39 0.57 0.026 90.7809
4.4 0.57 0.027 91.1241
4.41 0.6 0.028 92.136
4.42 0.680001 0.027 93.5871
4.43 0.720001 0.026 94.1239
4.44 0.720001 0.026 94.1829
4.45 0.690001 0.025 93.3609
4.46 0.63 0.025 92.2033
4.47 0.55 0.027 91.0553
4.48 0.49 0.028 89.8804
4.49 0.48 0.028 89.6695
4.5 0.47 0.028 89.4533
4.51 0.48 0.027 89.5091
4.52 0.51 0.027 90.3495
4.53 0.56 0.026 91.3436
4.54 0.61 0.026 92.5322
4.55 0.650001 0.026 93.4395
4.56 0.650001 0.025 93.1919
4.57 0.62 0.024 92.3023
4.58 0.57 0.022 90.5887
4.59 0.5 0.021 88.6058
4.6 0.46 0.02 87.2464
4.61 0.44 0.015 84.6905
4.62 0.43 0.013 83.4618
4.63 0.42 0.01 81.4324
4.64 0.42 0.009 80.7701
4.65 0.41 0.009 80.5385
4.66 0.42 0.009 80.8668
4.67 0.45 0.009 81.7229
4.68 0.47 0.009 82.2851
4.69 0.51 0.009 83.3081
4.7 0.55 0.009 84.2687
4.71 0.56 0.009 84.5376
4.72 0.54 0.009 84.1456
4.73 0.52 0.009 83.7388
4.74 0.5 0.008 82.5036
4.75 0.51 0.009 83.603
4.76 0.54 0.008 83.5208
4.77 0.57 0.008 84.2227
4.78 0.58 0.008 84.483
4.79 0.57 0.008 84.3207
4.8 0.55 0.008 83.9368
4.81 0.54 0.008 83.7637
4.82 0.55 0.008 84.0339
4.83 0.57 0.007 83.5821
4.84 0.57 0.007 83.6302
4.85 0.56 0.006 82.4015
4.86 0.56 0.005 81.2075
4.87 0.55 0.006 82.2821
4.88 0.56 0.006 82.5429
4.89 0.53 0.006 81.9377
4.9 0.51 0.006 81.5314
4.91 0.51 0.006 81.5776
4.92 0.51 0.006 81.6237
4.93 0.5 0.007 82.4885
4.94 0.5 0.008 83.457
4.95 0.5 0.009 84.3262
4.96 0.5 0.01 85.1165
4.97 0.5 0.011 85.8421
4.98 0.51 0.011 86.1354
4.99 0.51 0.011 86.1834
5 0.51 0.011 86.2314
5.01 0.51 0.01 85.5979
5.02 0.51 0.01 85.6453
5.03 0.5 0.01 85.4487
5.04 0.5 0.01 85.4959
5.05 0.5 0.01 85.543
5.06 0.51 0.009 85.0853
5.07 0.51 0.009 85.1321
5.08 0.52 0.009 85.4172
5.09 0.54 0.009 85.9297
5.1 0.55 0.009 86.204
5.11 0.57 0.01 87.4591
5.12 0.58 0.011 88.4245
5.13 0.59 0.012 89.3349
5.14 0.63 0.013 90.8345
5.15 0.650001 0.015 92.387
5.16 0.650001 0.016 92.9345
5.17 0.680001 0.016 93.5906
5.18 0.710001 0.015 93.7203
5.19 0.730001 0.014 93.6075
5.2 0.75 0.014 94.0229
5.21 0.760001 0.013 93.6734
5.22 0.770001 0.012 93.2766
5.23 0.780001 0.011 92.8254
5.24 0.780001 0.011 92.8747
5.25 0.790001 0.011 93.0946
5.26 0.790001 0.011 93.1439
5.27 0.800001 0.011 93.362
5.28 0.810001 0.011 93.5785
5.29 0.820001 0.011 93.7933
5.3 0.820001 0.011 93.8425
5.31 0.810001 0.011 93.726
5.32 0.800001 0.011 93.6074
5.33 0.800001 0.011 93.6563
5.34 0.810001 0.011 93.8729
5.35 0.840001 0.011 94.4149
5.36 0.890001 0.011 95.2537
5.37 0.920001 0.0113 95.9737
5.38 0.990001 0.0117 97.324
5.39 1.08 0.012 98.8099
5.4 1.17 0.013 100.675
5.41 1.23 0.014 102.082
5.42 1.25 0.014 102.372
5.43 1.29 0.015 103.483
5.44 1.34 0.016 104.665
5.45 1.36 0.016 104.942
5.46 1.41 0.016 105.543
5.47 1.53 0.016 106.846
5.48 1.57 0.017 107.84
5.49 1.6 0.017 108.19
5.5 1.63 0.0177 108.899
5.51 1.74 0.0183 110.289
5.52 1.85 0.019 111.671
5.53 1.9 0.02 112.637
5.54 1.98 0.021 113.826
5.55 2 0.021 114.048
5.56 1.99 0.022 114.465
5.57 1.94 0.021 113.663
5.58 1.9 0.022 113.818
5.59 1.89 0.02 112.89
5.6 1.93 0.0213 113.882
5.61 1.98 0.0227 114.966
5.62 2.15 0.024 116.936
5.63 2.25 0.026 118.549
5.64 2.3 0.028 119.72
5.65 2.3 0.028 119.779
5.66 2.24 0.027 119.022
5.67 2.16 0.026 118.087
5.68 2.11 0.026 117.747
5.69 2.07 0.026 117.48
5.7 2.01 0.024 116.264
5.71 1.98 0.022 115.232
5.72 1.95 0.022 115.035
5.73 1.95 0.021 114.646
5.74 1.95 0.021 114.702
5.75 1.97 0.021 114.926
5.76 2.02 0.021 115.397
5.77 2.12 0.023 117.142
5.78 2.18 0.025 118.49
5.79 2.22 0.027 119.621
5.8 2.25 0.028 120.273
5.81 2.25 0.028 120.331
5.82 2.3 0.027 120.405
5.83 2.37 0.027 120.984
5.84 2.44 0.029 122.275
5.85 2.47 0.03 122.894
5.86 2.48 0.03 123.024
5.87 2.51 0.03 123.296
5.88 2.56 0.029 123.357
5.89 2.63 0.029 123.895
5.9 2.72 0.029 124.556
5.91 2.82 0.03 125.618
5.92 2.91 0.03 126.247
5.93 3 0.03 126.861
5.94 3.09 0.03 127.462
5.95 3.14 0.031 128.166
5.96 3.2 0.031 128.576
5.97 3.31 0.031 129.263
5.98 3.45 0.03 129.743
5.99 3.62 0.03 130.705
6 3.74 0.032 132.089
6.01 3.78 0.033 132.692
6.02 3.72 0.033 132.448
6.03 3.38 0.022 126.357
6.04 3.28 0.02 124.876
6.05 3.21 0.0197 124.389
6.06 3.17 0.0193 124.01
6.07 3.12 0.019 123.622
6.08 3.06 0.02 123.86
6.09 3.02 0.02 123.683
6.1 3.05 0.02 123.915
6.11 3.15 0.02 124.549
6.12 3.3 0.023 126.91
6.13 3.45 0.027 129.499
6.14 3.51 0.029 130.655
6.15 3.52 0.03 131.137
6.16 3.53 0.029 130.88
6.17 3.56 0.028 130.716
6.18 3.61 0.0277 130.921
6.19 3.7 0.0273 131.286
6.2 3.8 0.027 131.729
6.21 3.89 0.029 133.021
6.22 3.95 0.03 133.751
6.23 3.96 0.031 134.226
6.24 3.91 0.031 134.04
6.25 3.84 0.029 133.011
6.26 3.76 0.027 131.881
6.27 3.7 0.026 131.222
6.28 3.69 0.025 130.801
6.29 3.71 0.025 130.961
6.3 3.75 0.027 132.064
6.31 3.77 0.028 132.624
6.32 3.77 0.029 133.071
6.33 3.75 0.03 133.403
6.34 3.74 0.03 133.41
6.35 3.75 0.029 133.144
6.36 3.79 0.029 133.406
6.37 3.82 0.03 133.993
6.38 3.84 0.031 134.519
6.39 3.83 0.031 134.527
6.4 3.83 0.031 134.585
6.41 3.83 0.029 133.899
6.42 3.84 0.0283 133.735
6.43 3.85 0.0277 133.605
6.44 3.89 0.027 133.577
6.45 3.91 0.029 134.53
6.46 3.88 0.03 134.819
6.47 3.83 0.03 134.625
6.48 3.79 0.029 134.101
6.49 3.79 0.03 134.537
6.5 3.83 0.03 134.798
6.51 3.88 0.031 135.477
6.52 3.88 0.031 135.535
6.53 3.84 0.032 135.749
6.54 3.76 0.033 135.743
6.55 3.66 0.033 135.274
6.56 3.58 0.031 134.202
6.57 3.53 0.028 132.857
6.58 3.53 0.027 132.512
6.59 3.53 0.028 132.969
6.6 3.53 0.031 134.157
6.61 3.52 0.034 135.193
6.62 3.48 0.036 135.671
6.63 3.43 0.037 135.755
6.64 3.36 0.037 135.409
6.65 3.28 0.037 134.997
6.66 3.19 0.035 133.892
6.67 3.13 0.032 132.59
6.68 3.11 0.031 132.174
6.69 3.09 0.031 132.106
6.7 3.09 0.032 132.51
6.71 3.08 0.032 132.503
6.72 3.1 0.032 132.682
6.73 3.15 0.032 133.043
6.74 3.23 0.031 133.227
6.75 3.34 0.032 134.28
6.76 3.5 0.034 135.928
6.77 3.65 0.036 137.46
6.78 3.72 0.038 138.515
6.79 3.76 0.037 138.477
6.8 3.79 0.037 138.693
6.81 3.79 0.036 138.434
6.82 3.76 0.034 137.675
6.83 3.7 0.032 136.721
6.84 3.65 0.03 135.778
6.85 3.56 0.03 135.346
6.86 3.52 0.03 135.181
6.87 3.42 0.029 134.296
6.88 3.35 0.03 134.329
6.89 3.28 0.03 133.975
6.9 3.23 0.03 133.733
6.91 3.21 0.03 133.668
6.92 3.22 0.029 133.404
6.93 3.27 0.03 134.132
6.94 3.31 0.03 134.421
6.95 3.38 0.031 135.249
6.96 3.38 0.031 135.303
6.97 3.34 0.03 134.757
6.98 3.22 0.029 133.725
6.99 3.12 0.027 132.382
7 3.03 0.024 130.592
7.01 2.94 0.022 129.14
7.02 2.74 0.0217 127.741
7.03 2.61 0.0213 126.704
7.04 2.45 0.021 125.456
7.05 2.24 0.021 123.896
7.06 1.99 0.021 121.851
7.07 1.7 0.019 118.177
7.08 1.4 0.015 112.725
7.09 1.16 0.011 106.96
7.1 0.960001 0.009 102.402
7.11 0.810001 0.008 98.9912
7.12 0.680001 0.007 95.4994
7.13 0.55 0.006 91.4811
7.14 0.5233 0.005 89.4953
7.15 0.4967 0.005 88.8601
7.16 0.47 0.004 86.568
7.17 0.47 0.005 88.2244
7.18 0.47 0.005 88.2586
7.19 0.45 0.005 87.7416
7.2 0.43 0.005 87.2027
7.21 0.41 0.004 85.0465
7.22 0.39 0.004 84.4687
7.23 0.39 0.004 84.5012
7.24 0.38 0.004 84.2181
7.25 0.38 0.004 84.2504
7.26 0.38 0.003 82.2894
7.27 0.37 0.003 82.0053
7.28 0.36 0.002 79.003
7.29 0.36 0.002 79.0332
7.3 0.36 0.002 79.0633
7.31 0.36 0.002 79.0934
7.32 0.38 0.001 75.2733
7.33 0.39 0.001 75.5841
7.34 0.38 0.001 75.3304
7.35 0.38 0 0
7.36 0.38 0.001 75.3874
7.37 0.41 0.001 76.2456
7.38 0.4 0.001 76.0036
7.39 0.39 0.001 75.7555
7.4 0.41 0 0
7.41 0.48 0 0
7.42 0.55 0.001 79.6897
7.43 0.62 0.002 85.9217
7.44 0.61 0.002 85.7528
7.45 0.55 0.002 84.5153
7.46 0.48 0.002 82.9056
7.47 0.4 0.003 83.5592
7.48 0.36 0.004 84.326
7.49 0.35 0.002 79.3077
7.5 0.34 0.002 79.0066
7.51 0.34 0.001 74.6069
7.52 0.34 0.001 74.6345
7.53 0.34 0.001 74.6621
7.54 0.33 0.002 78.7842
7.55 0.34 0.002 79.1527
7.56 0.34 0.002 79.1819
7.57 0.33 0.002 78.8712
7.58 0.33 0.002 78.9001
7.59 0.33 0.002 78.929
7.6 0.33 0.002 78.9579
7.61 0.32 0.001 74.2309
7.62 0.32 0 0
7.63 0.32 0 0
7.64 0.33 0.001 74.6421
7.65 0.33 0.001 74.6693
7.66 0.33 0.001 74.6964
7.67 0.33 0.001 74.7235
7.68 0.33 0.001 74.7505
7.69 0.34 0.001 75.0997
7.7 0.34 0.002 79.5868
7.71 0.35 0.002 79.9485
7.72 0.37 0.001 76.1021
7.73 0.4 0.001 76.989
7.74 0.43 0.001 77.8229
7.75 0.46 0.002 83.2773
7.76 0.47 0.002 83.5656
7.77 0.47 0.003 86.4636
7.78 0.48 0.003 86.7572
7.79 0.48 0.003 86.7882
7.8 0.49 0.002 84.1888
7.81 0.48 0.002 83.9691
7.82 0.51 0.003 87.6428
7.83 0.55 0.003 88.6324
7.84 0.57 0.003 89.121
7.85 0.6 0.002 86.8343
7.86 0.59 0.002 86.655
7.87 0.57 0.002 86.2562
7.88 0.53 0.002 85.3874
7.89 0.5 0.003 87.61
7.9 0.48 0.002 84.237
7.91 0.5 0.001 80.0134
7.92 0.49 0.001 79.809
7.93 0.49 0.003 87.4784
7.94 0.44 0.003 86.1632
7.95 0.39 0.002 81.8991
7.96 0.37 0.001 76.7526
7.97 0.37 0.001 76.7793
7.98 0.37 0.001 76.8061
7.99 0.37 0.001 76.8329
8 0.36 0.002 81.1017
8.01 0.41 0.001 78.0313
8.02 0.41 0 0
8.03 0.42 0 0
8.04 0.42 0.001 78.3839
8.05 0.42 0.001 78.411
8.06 0.41 0.002 82.8067
8.07 0.42 0.002 83.1232
8.08 0.43 0.003 86.2967
8.09 0.43 0.003 86.3264
8.1 0.43 0.003 86.356
8.11 0.42 0.002 83.2376
8.12 0.41 0.002 82.9776
8.13 0.41 0.002 83.006
8.14 0.42 0.002 83.323
8.15 0.44 0.001 79.2094
8.16 0.42 0.001 78.7074
8.17 0.41 0.001 78.4615
8.18 0.37 0.002 81.9276
8.19 0.36 0.003 84.4335
8.2 0.35 0.003 84.1202
8.21 0.35 0.003 84.1487
8.22 0.35 0.003 84.1772
8.23 0.35 0.003 84.2057
8.24 0.36 0.003 84.5765
8.25 0.36 0.002 81.7985
8.26 0.37 0.002 82.1495
8.27 0.39 0.001 78.1624
8.28 0.4 0.001 78.4742
8.29 0.41 0.001 78.7802
8.3 0.42 0.001 79.0805
8.31 0.42 0.001 79.107
8.32 0.4 0.001 78.5794
8.33 0.38 0.001 78.0272
8.34 0.35 0.001 77.1344
8.35 0.34 0.001 76.8387
8.36 0.34 0.001 76.8642
8.37 0.34 0.001 76.8898
8.38 0.33 0.001 76.5854
8.39 0.33 0.001 76.6108
8.4 0.33 0.001 76.6361
8.41 0.32 0.001 76.3225
8.42 0.32 0.001 76.3478
8.43 0.32 0.001 76.373
8.44 0.32 0.001 76.3981
8.45 0.32 0.001 76.4233
8.46 0.31 0.001 76.0997
8.47 0.32 0.001 76.4735
8.48 0.32 0.001 76.4986
8.49 0.31 0 0
8.5 0.31 0 0
8.51 0.31 0 0
8.52 0.32 0 0
8.53 0.33 0 0
8.54 0.34 0 0
8.55 0.34 0 0
8.56 0.35 0 0
8.57 0.33 0 0
8.58 0.33 0.001 77.0892
8.59 0.32 0.001 76.7732
8.6 0.32 0.001 76.798
8.61 0.31 0.001 76.4724
8.62 0.32 0.002 81.4097
8.63 0.32 0.002 81.436
8.64 0.33 0.002 81.824
8.65 0.33 0.002 81.8503
8.66 0.34 0.001 77.6213
8.67 0.33 0.001 77.3131
8.68 0.34 0.001 77.6711
8.69 0.35 0.002 82.6527
8.7 0.36 0.002 83.0152
8.71 0.38 0.001 79.0008
8.72 0.4 0.001 79.6119
8.73 0.39 0.001 79.3475
8.74 0.39 0.001 79.3727
8.75 0.41 0.001 79.9718
8.76 0.44 0.002 85.6125
8.77 0.49 0.002 86.9773
8.78 0.52 0.001 82.835
8.79 0.52 0.001 82.8612
8.8 0.5 0.001 82.4206
8.81 0.53 0.002 88.077
8.82 0.54 0.002 88.3423
8.83 0.59 0.002 89.5042
8.84 0.670001 0.002 91.1868
8.85 0.760001 0.002 92.8862
8.86 0.930001 0.003 98.9379
8.87 1.14 0.004 104.382
8.88 1.5 0.005 110.659
8.89 1.9 0.005 114.527
8.9 2.08 0.005 116.066
8.91 2.59 0.007 123.229
8.92 3.01 0.0077 126.966
8.93 3.49 0.0083 130.554
8.94 4.15 0.009 134.797
8.95 4.98 0.009 138.426
8.96 5.44 0.0083 139.301
8.97 5.53 0.0092 140.875
8.98 5.5 0.0101 141.906
8.99 5.32 0.011 142.278
9 5.47 0.011 142.893
9.01 5.56 0.011 143.274
9.02 5.82 0.01 143.125
9.03 6.26 0.009 143.416
9.04 6.73 0.009 144.964
9.05 7.07 0.009 146.041
9.06 7.23 0.009 146.558
9.07 7.32 0.01 148.157
9.08 7.4 0.01 148.435
9.09 7.43 0.01 148.567
9.1 7.5 0.012 151.087
9.11 7.66 0.013 152.607
9.12 8.04 0.013 153.721
9.13 8.6 0.015 157.126
9.14 9.11 0.017 160.142
9.15 9.48 0.02 163.305
9.16 9.61 0.024 166.177
9.17 9.51 0.027 167.612
9.18 9.26 0.028 167.527
9.19 8.89 0.0283 166.744
9.2 8.55 0.0287 166.054
9.21 8.26 0.029 165.424
9.22 7.94 0.03 165
9.23 7.69 0.033 165.599
9.24 7.43 0.036 166.028
9.25 7.3 0.039 166.763
9.26 7.22 0.043 167.907
9.27 7.11 0.045 168.222
9.28 6.91 0.046 167.889
9.29 6.56 0.046 166.687
9.3 6.09 0.045 164.66
9.31 5.57 0.046 162.904
9.32 4.97 0.048 160.868
9.33 4.27 0.051 158.233
9.34 3.61 0.052 154.749
9.35 2.8 0.054 149.703
9.36 2.59 0.055 148.302
9.37 2.8667 0.058 151.196
9.38 3.1433 0.059 153.479
9.39 3.42 0.058 155.18
9.4 4.26 0.054 159.264
9.41 4.64 0.053 161.033
9.42 4.63 0.054 161.281
9.43 4.29 0.048 158.01
9.44 4.14 0.046 156.693
9.45 3.82 0.044 154.362
9.46 3.21 0.042 150.005
9.47 2.83 0.038 146.13
9.48 2.46 0.037 142.935
9.49 2.15 0.038 140.542
9.5 1.86 0.037 137.375
9.51 1.8767 0.038 137.898
9.52 1.8933 0.038 138.114
9.53 1.91 0.036 137.708
9.54 2.44 0.033 141.663
9.55 3.07 0.031 145.71
9.56 3.55 0.027 147.132
9.57 3.77 0.02 144.794
9.58 4.01 0.014 141.856
9.59 4.77 0.0143 145.745
9.6 5.89 0.0147 150.628
9.61 7.05 0.015 154.883
9.62 8.12 0.016 158.964
9.63 9.09 0.016 161.615
9.64 9.84 0.016 163.518
9.65 10.32 0.017 165.524
9.66 10.65 0.017 166.323
9.67 10.95 0.016 166.198
9.68 11.21 0.0163 167.066
9.69 11.49 0.0167 168.047
9.7 11.73 0.017 168.847
9.71 11.95 0.021 172.351
9.72 12.08 0.025 175.192
9.73 12.15 0.031 178.556
9.74 12.18 0.036 180.907
9.75 12.16 0.04 182.508
9.76 12.04 0.046 184.432
9.77 11.86 0.051 185.672
9.78 11.63 0.057 186.924
9.79 11.37 0.062 187.677
9.8 11.1 0.067 188.293
9.81 10.77 0.071 188.437
9.82 10.41 0.074 188.217
9.83 9.99 0.077 187.777
9.84 9.52 0.078 186.731
9.85 9 0.0800001 185.67
9.86 8.36 0.081 183.95
9.87 7.67 0.0850001 182.464
9.88 7.06 0.088 180.871
9.89 6.49 0.089 178.91
9.9 6.01 0.088 176.825
9.91 5.54 0.087 174.646
9.92 5.05 0.086 172.216
9.93 4.57 0.0850001 169.639
9.94 4.15 0.083 167.016
9.95 3.76 0.083 164.705
9.96 3.45 0.083 162.722
9.97 3.26 0.083 161.445
9.98 3.19 0.075 159.635
9.99 3.22 0.074 159.716
10 3.17 0.072 159.038
10.01 3.08 0.069 157.864
10.02 2.97 0.065 156.304
10.03 2.79 0.058 153.484
10.04 2.68 0.052 151.26
10.05 2.58 0.046 148.948
10.06 2.46 0.039 145.952
10.07 2.44 0.03 142.673
10.08 2.48 0.023 139.919
10.09 2.61 0.02 139.361
10.1 2.72 0.019 139.633
10.11 2.67 0.019 139.299
10.12 2.46 0.015 135.022
10.13 2.21 0.008 126.214
10.14 1.95 0.005 119.238
10.15 1.75 0.003 112.541
10.16 1.55 0.001 100.958
10.17 1.35 0.001 98.9968
10.18 1.14 0.003 105.892
10.19 0.970001 0.005 107.979
10.2 0.840001 0.005 105.794
10.21 0.75 0.005 104.109
10.22 0.700001 0.006 104.684
10.23 0.650001 0.006 103.601
10.24 0.640001 0.006 103.398
10.25 0.650001 0.005 102.097
10.26 0.670001 0.005 102.571
10.27 0.690001 0.005 103.035
10.28 0.690001 0.004 101.167
10.29 0.670001 0.004 100.766
10.3 0.61 0.004 99.441
10.31 0.53 0.005 99.3011
10.32 0.49 0.005 98.2118
10.33 0.46 0.004 95.5579
10.34 0.45 0.003 93.028
10.35 0.44 0.002 89.6756
10.36 0.44 0.001 84.673
10.37 0.48 0 0
10.38 0.54 0 0
10.39 0.62 0 0
10.4 0.690001 0 0
10.41 0.730001 0.001 91.1985
10.42 0.75 0.001 91.5786
10.43 0.730001 0.001 91.2472
10.44 0.700001 0.002 96.1073
10.45 0.690001 0.004 101.629
10.46 0.670001 0.004 101.226
10.47 0.640001 0.003 98.2086
10.48 0.61 0.003 97.5579
10.49 0.58 0.002 93.664
10.5 0.56 0.002 93.2166
10.51 0.56 0.001 88.0162
10.52 0.56 0.001 88.0395
10.53 0.57 0.001 88.2875
10.54 0.59 0.001 88.7504
10.55 0.62 0.001 89.4101
10.56 0.650001 0.001 90.0443
10.57 0.720001 0.001 91.4043
10.58 0.820001 0.001 93.1567
10.59 0.960001 0.001 95.3205
10.6 1.1 0.001 97.233
10.61 1.23 0.001 98.8355
10.62 1.43 0.002 107.027
10.63 1.71 0.003 113.617
10.64 2.07 0.004 119.646
10.65 2.43 0.006 126.675
10.66 2.73 0.008 131.971
10.67 3.03 0.009 135.322
10.68 3.42 0.006 133.169
10.69 3.93 0.005 133.851
10.7 4.41 0.004 133.622
10.71 4.77 0.005 137.708
10.72 5 0.009 145.632
10.73 5.13 0.011 148.671
10.74 5.2 0.012 150.082
10.75 5.3 0.013 151.539
10.76 5.34 0.014 152.681
10.77 5.4 0.015 153.847
10.78 5.35 0.016 154.508
10.79 5.04 0.02 156.097
10.8 4.69 0.022 155.757
10.81 4.15 0.022 153.077
10.82 3.76 0.02 149.763
10.83 3.67 0.018 147.977
10.84 3.76 0.018 148.533
10.85 3.87 0.018 149.189
10.86 4.35 0.018 151.761
10.87 4.73 0.019 154.334
10.88 5.09 0.021 157.317
10.89 5.46 0.022 159.572
10.9 5.77 0.024 162.056
10.91 6 0.024 163.012
10.92 6.06 0.024 163.288
10.93 5.92 0.024 162.78
10.94 5.73 0.023 161.486
10.95 5.48 0.021 159.283
10.96 5.26 0.02 157.744
10.97 5.02 0.02 156.727
10.98 4.89 0.02 156.175
10.99 4.75 0.021 156.195
11 4.57 0.022 155.971
11.01 4.36 0.023 155.531
11.02 4.15 0.024 155.016
11.03 3.9 0.026 154.701
11.04 3.61 0.028 153.974
11.05 3.29 0.027 151.509
11.06 3.12 0.027 150.394
11.07 2.77 0.024 146.434
11.08 2.47 0.021 142.481
11.09 2.23 0.018 138.645
11.1 2.08 0.0183 137.485
11.11 2 0.0187 136.991
11.12 1.95 0.019 136.708
11.13 1.94 0.02 137.225
11.14 1.99 0.022 138.86
11.15 2.05 0.021 138.951
11.16 2.04 0.019 137.736
11.17 1.96 0.017 135.717
11.18 1.79 0.014 131.842
11.19 1.59 0.011 127.068
11.2 1.35 0.009 122.085
11.21 1.14 0.006 115.224
11.22 0.950001 0.004 108.542
11.23 0.840001 0.003 104.14
11.24 0.760001 0.003 102.675
11.25 0.670001 0.002 97.5077
11.26 0.63 0.001 91.2537
11.27 0.63 0.001 91.2763
11.28 0.61 0 0
11.29 0.59 0 0
11.3 0.660001 0 0
11.31 0.870001 0 0
11.32 1.04 0 0
11.33 1.66 0 0
11.34 1.85 0 0
11.35 2.13 0 0
11.36 2.1 0 0
11.37 1.96 0.001 107.747
11.38 1.86 0.002 113.313
11.39 1.54 0.003 114.086
11.4 1.5067 0.003 113.755
11.41 1.4733 0.003 113.416
11.42 1.44 0.001 103.194
11.43 1.87 0.003 117.435
11.44 2.22 0.003 120.401
11.45 2.6 0.004 126.187
11.46 3.05 0.009 138.167
11.47 3.56 0.014 146.603
11.48 4.06 0.0143 149.704
11.49 4.29 0.0147 151.28
11.5 4.33 0.015 151.774
11.51 4.35 0.015 151.911
11.52 4.47 0.014 151.671
11.53 4.76 0.01 148.861
11.54 5.1 0.008 147.618
11.55 5.43 0.008 148.992
11.56 5.75 0.008 150.262
11.57 6.03 0.008 151.331
11.58 6.21 0.008 152.01
11.59 6.36 0.009 154.072
11.6 6.36 0.01 155.466
11.61 6.21 0.012 157.338
11.62 5.97 0.011 155.357
11.63 5.66 0.011 154.205
11.64 5.3 0.011 152.789
11.65 4.94 0.011 151.285
11.66 4.58 0.013 151.777
11.67 4.23 0.016 152.7
11.68 3.88 0.019 153.021
11.69 3.55 0.021 152.374
11.7 3.22 0.023 151.426
11.71 2.91 0.025 150.309
11.72 2.66 0.028 149.819
11.73 2.52 0.03 149.548
11.74 2.48 0.033 150.427
11.75 2.47 0.037 151.814
11.76 2.48 0.04 152.927
11.77 2.52 0.042 153.939
11.78 2.74 0.044 156.447
11.79 3.31 0.042 160.18
11.8 3.95 0.037 162.624
11.81 4.64 0.036 166.099
11.82 5.22 0.036 168.98
11.83 5.79 0.023 165.283
11.84 6.24 0.017 162.963
11.85 6.88 0.014 162.661
11.86 7.57 0.012 162.851
11.87 8.25 0.01 162.437
11.88 8.84 0.008 161.081
11.89 9.25 0.008 162.174
11.9 9.47 0.008 162.761
11.91 9.55 0.0093 165.052
11.92 9.48 0.0107 166.851
11.93 9.34 0.012 168.129
11.94 9.16 0.013 168.818
11.95 9.01 0.015 170.474
11.96 9.06 0.018 173.258
11.97 9.17 0.019 174.382
11.98 9.35 0.021 176.374
11.99 9.55 0.023 178.298
12 9.74 0.024 179.48
12.01 9.89 0.024 179.917
12.02 9.99 0.026 181.424
12.03 10.12 0.028 182.928
12.04 10.29 0.029 183.946
12.05 10.33 0.027 183.001
12.06 10.29 0.026 182.367
12.07 10.18 0.026 182.127
12.08 10.02 0.025 181.162
12.09 9.92 0.024 180.328
12.1 9.89 0.022 178.991
12.11 9.95 0.02 177.772
12.12 10.03 0.02 178.018
12.13 10.06 0.02 178.136
12.14 10.04 0.021 178.85
12.15 10 0.021 178.788
12.16 9.95 0.022 179.393
12.17 9.97 0.025 181.405
12.18 9.96 0.03 184.193
12.19 9.85 0.034 185.866
12.2 9.64 0.037 186.641
12.21 9.39 0.04 187.189
12.22 9.16 0.042 187.323
12.23 8.94 0.045 187.786
12.24 8.75 0.048 188.256
12.25 8.6 0.05 188.47
12.26 8.55 0.052 188.97
12.27 8.63 0.053 189.567
12.28 8.81 0.053 190.174
12.29 9.05 0.053 190.955
12.3 9.34 0.053 191.867
12.31 9.62 0.054 193.029
12.32 9.87 0.055 194.083
12.33 10.08 0.055 194.716
12.34 10.3 0.052 194.457
12.35 10.52 0.047 193.46
12.36 10.69 0.042 192.144
12.37 10.76 0.0413 192.099
12.38 10.72 0.0407 191.805
12.39 10.59 0.04 191.235
12.4 10.31 0.041 190.933
12.41 10.07 0.042 190.712
12.42 9.78 0.042 189.953
12.43 9.48 0.042 189.145
12.44 9.16 0.041 187.877
12.45 8.81 0.041 186.868
12.46 8.5 0.044 187.044
12.47 8.22 0.047 187.21
12.48 7.95 0.05 187.315
12.49 7.72 0.051 186.874
12.5 7.5 0.049 185.521
12.51 7.42 0.045 183.967
12.52 7.56 0.042 183.448
12.53 7.82 0.04 183.638
12.54 7.98 0.042 184.964
12.55 8.06 0.047 187.013
12.56 7.76 0.05 186.996
12.57 7.37 0.053 186.556
12.58 7.1 0.053 185.597
12.59 6.98 0.052 184.889
12.6 6.78 0.046 182.289
12.61 6.87 0.0457 182.576
12.62 6.95 0.0453 182.787
12.63 7.31 0.045 184.06
12.64 7.58 0.057 188.74
12.65 8.45 0.066 194.112
12.66 9.84 0.065 198.208
12.67 11.38 0.064 202.185
12.68 13.14 0.063 206.19
12.69 14.75 0.069 211.29
12.7 15.93 0.064 212.358
12.71 17.16 0.055 212.002
12.72 17.89 0.05 211.639
12.73 18.5 0.047 211.617
12.74 18.92 0.045 211.582
12.75 19.2 0.047 212.845
12.76 19.36 0.051 214.599
12.77 19.43 0.055 216.111
12.78 19.54 0.058 217.292
12.79 19.92 0.063 219.448
12.8 20.45 0.069 222.001
12.81 21.12 0.074 224.384
12.82 21.72 0.076 225.841
12.83 22.08 0.075 226.176
12.84 22.3 0.079 227.529
12.85 22.43 0.086 229.384
12.86 22.55 0.096 231.721
12.87 22.64 0.102 233.077
12.88 22.63 0.107 234.042
12.89 22.61 0.112 234.954
12.9 22.53 0.117 235.74
12.91 22.27 0.121 236.056
12.92 21.87 0.124 235.972
12.93 21.1 0.133 236.18
12.94 20.57 0.129 234.77
12.95 20.04 0.131 234.239
12.96 19.51 0.136 234.115
12.97 19.26 0.144 234.845
12.98 19.19 0.147 235.175
12.99 19.2 0.153 236.028
13 19.37 0.154 236.506
13.01 19.73 0.154 237.185
13.02 20.2 0.152 237.782
13.03 20.54 0.146 237.608
13.04 20.73 0.137 236.718
13.05 20.66 0.132 235.922
13.06 20.43 0.126 234.682
13.07 19.98 0.123 233.512
13.08 19.3 0.126 232.866
13.09 18.42 0.13 231.958
13.1 17.5 0.128 230.005
13.11 16.6 0.122 227.401
13.12 15.39 0.116 224.042
13.13 14.84 0.117 223.077
13.14 14.87 0.122 223.968
13.15 15.65 0.125 226.127
13.16 16.84 0.127 228.876
13.17 18.02 0.132 231.912
13.18 18.98 0.136 234.282
13.19 20.11 0.142 237.142
13.2 20.93 0.145 238.976
13.21 21.69 0.144 240.119
13.22 22.47 0.144 241.394
13.23 23.17 0.143 242.373
13.24 23.67 0.132 241.557
13.25 23.75 0.122 240.146
13.26 23.82 0.115 239.119
13.27 23.83 0.11 238.301
13.28 23.79 0.11 238.293
13.29 23.58 0.114 238.747
13.3 23 0.125 239.773
13.31 22.56 0.131 240.092
13.32 22.11 0.137 240.34
13.33 21.64 0.14 240.08
13.34 21.17 0.145 240.072
13.35 20.63 0.154 240.432
13.36 19.75 0.171 241.068
13.37 19.38 0.182 241.713
13.38 19.2 0.187 241.983
13.39 19.24 0.188 242.214
13.4 19.48 0.187 242.589
13.41 20.07 0.182 243.135
13.42 20.52 0.179 243.626
13.43 21.03 0.177 244.311
13.44 21.4 0.177 244.976
13.45 21.57 0.177 245.306
13.46 21.76 0.175 245.435
13.47 21.87 0.173 245.429
13.48 21.88 0.163 244.283
13.49 21.84 0.149 242.45
13.5 21.85 0.137 240.828
13.51 21.97 0.12 238.425
13.52 22.11 0.117 238.19
13.53 22.35 0.117 238.61
13.54 22.69 0.119 239.516
13.55 23.34 0.121 240.875
13.56 23.89 0.121 241.734
13.57 24.46 0.119 242.269
13.58 25.02 0.116 242.594
13.59 25.68 0.116 243.555
13.6 25.97 0.121 244.858
13.61 26.21 0.128 246.382
13.62 26.43 0.133 247.517
13.63 26.66 0.141 249.084
13.64 26.8 0.148 250.33
13.65 27.06 0.156 251.83
13.66 27.35 0.163 253.191
13.67 27.59 0.172 254.698
13.68 27.6 0.18 255.729
13.69 27.39 0.193 256.986
13.7 27.25 0.198 257.396
13.71 26.74 0.209 257.906
13.72 26.37 0.217 258.247
13.73 26.14 0.224 258.656
13.74 25.96 0.229 258.926
13.75 25.7 0.231 258.791
13.76 25.44 0.233 258.65
13.77 25.33 0.233 258.541
13.78 25.15 0.23 258.049
13.79 24.86 0.228 257.483
13.8 24.2 0.226 256.351
13.81 23.65 0.222 255.176
13.82 22.97 0.218 253.773
13.83 21.87 0.215 251.747
13.84 21.11 0.213 250.323
13.85 20.48 0.211 249.088
13.86 19.9 0.212 248.207
13.87 19.43 0.212 247.404
13.88 19.29 0.213 247.293
13.89 19.33 0.212 247.319
13.9 19.53 0.21 247.54
13.91 19.91 0.205 247.78
13.92 20.26 0.201 248.046
13.93 20.4367 0.192 247.461
13.94 20.6133 0.184 246.941
13.95 20.79 0.17 245.671
13.96 21.15 0.153 244.178
13.97 21.41 0.144 243.426
13.98 21.61 0.135 242.495
13.99 21.67 0.126 241.251
14 21.57 0.1237 240.769
14.01 21.5 0.1213 240.312
14.02 21.42 0.119 239.849
14.03 21.33 0.122 240.248
14.04 21.43 0.125 240.944
14.05 21.53 0.127 241.472
14.06 21.6 0.128 241.79
14.07 21.71 0.132 242.636
14.08 21.75 0.137 243.5
14.09 21.76 0.142 244.292
14.1 21.78 0.143 244.515
14.11 21.62 0.148 245.003
14.12 21.38 0.153 245.335
14.13 21.29 0.159 246.02
14.14 21.28 0.162 246.435
14.15 21.29 0.163 246.626
14.16 21.43 0.164 247.033
14.17 21.95 0.167 248.311
14.18 22.45 0.167 249.166
14.19 23.41 0.17 251.094
14.2 24.21 0.17 252.361
14.21 25.62 0.168 254.226
14.22 26.58 0.165 255.243
14.23 27.32 0.161 255.782
14.24 28.19 0.158 256.588
14.25 28.55 0.158 257.107
14.26 28.73 0.158 257.39
14.27 28.81 0.156 257.271
14.28 28.74 0.157 257.367
