0.02 3.987 0.0093 24.6363
0.04 4.0783 0.0093 29.9694
0.06 4.2376 0.0229 36.357
0.0800001 4.3217 0.0394 41.3196
0.1 4.3396 0.0548 45.2144
0.12 4.0837 0.0802 48.6687
0.14 3.4984 0.0999001 50.5967
0.16 3.4984 0.1388 53.9669
0.18 3.314 0.1526 55.7681
0.2 3.0491 0.161 56.9945
0.22 2.8898 0.1648 58.1872
0.24 2.7627 0.1588 59.0445
0.26 2.7806 0.1496 60.1299
0.28 2.6526 0.1302 60.266
0.3 2.5998 0.1302 61.2554
0.32 2.5363 0.1209 61.7607
0.34 2.5005 0.1209 62.682
0.36 2.4405 0.1238 63.5889
0.38 2.4021 0.1238 64.4047
0.4 2.2419 0.1246 64.7182
0.42 2.2419 0.1246 65.602
0.44 2.0593 0.1257 65.6959
0.46 2.0593 0.1269 66.5654
0.48 1.8212 0.1247 66.0801
0.5 1.8212 0.1213 66.6807
0.52 1.6539 0.1189 66.3724
0.54 1.6539 0.1116 66.7197
0.56 1.7174 0.1029 67.3083
0.58 1.9206 0.0913001 68.3875
0.6 2.1076 0.0847001 69.5295
0.62 2.3367 0.0749 70.4918
0.640001 2.4119 0.0716 71.1745
0.660001 2.4826 0.074 72.2833
0.680001 2.4808 0.074 72.878
0.700001 2.6034 0.0753 74.0871
0.720001 2.6446 0.081 75.2943
0.740001 2.6607 0.0874001 76.4183
0.760001 2.5614 0.0969001 77.2266
0.780001 2.1801 0.0987001 76.1181
0.800001 2.1801 0.103 76.9282
0.820001 1.934 0.1064 76.3395
0.840001 1.6422 0.1058 75.0285
0.860001 1.5268 0.1026 74.5419
0.880001 1.4946 0.0955 74.345
0.900001 1.6234 0.0882001 75.2076
0.920001 1.8597 0.0756 76.1805
0.940001 1.8875 0.0756 76.8012
0.960001 1.8015 0.073 76.5119
0.980001 1.6619 0.0744 76.1835
1 1.4158 0.0798 75.3024
1.02 1.3218 0.0852001 75.3823
1.04 1.3433 0.0879001 76.164
1.06 1.3433 0.0904001 76.7473
1.08 1.4704 0.0849001 77.7509
1.1 1.661 0.0674 78.0194
1.12 1.7675 0.0556 77.8593
1.14 1.8642 0.0434 77.2374
1.16 1.8901 0.0347 76.332
1.18 1.9465 0.0286 75.792
1.2 1.9653 0.0286 76.2524
1.22 1.9653 0.0286 76.6036
1.24 2.0405 0.0242 76.3
1.26 2.019 0.0183 74.7647
1.28 2.0745 0.0183 75.3865
1.3 2.2526 0.0156 75.6047
1.32 2.3627 0.0143 75.8983
1.34 2.3654 0.015 76.5325
1.36 2.3367 0.0146 76.5411
1.38 2.2589 0.0144 76.3908
1.4 2.2589 0.0166 77.6096
1.42 2.1917 0.0186 78.3159
1.44 2.1371 0.0204 78.9403
1.46 2.1443 0.0204 79.282
1.48 2.1389 0.0224 80.175
1.5 2.1345 0.0273 81.7859
1.52 1.942 0.0282 81.1968
1.54 1.7953 0.0282 80.5759
1.56 1.5331 0.0248 78.2073
1.58 1.3362 0.0247 76.9206
1.6 1.1652 0.0276 76.3851
1.62 1.1437 0.0316 77.3097
1.64 1.0704 0.0346 77.4195
1.66 1.0704 0.0404 78.6889
1.68 1.0381 0.0421 78.8738
1.7 0.980001 0.0453 78.9599
1.72 0.9621 0.0438 78.786
1.74 1.0077 0.0434 79.5078
1.76 1.0167 0.0419 79.6296
1.78 0.9934 0.0379 78.952
1.8 0.9853 0.0379 79.1043
1.82 0.963 0.037 78.9286
1.84 0.9388 0.037 78.8791
1.86 0.929 0.0371 79.0148
1.88 0.9379 0.0371 79.359
1.9 0.9379 0.0371 79.5928
1.92 1.0265 0.0372 80.8873
1.94 0.988 0.0363 80.5111
1.96 0.988 0.0342 80.3417
1.98 0.9102 0.0332 79.4265
2 0.9102 0.0333 79.6686
2.02 0.8547 0.0357 79.6285
2.04 0.8547 0.0359 79.8841
2.06 0.8941 0.0359 80.6225
2.08 0.9916 0.032 81.2719
2.1 1.1017 0.032 82.7333
2.12 1.7675 0.0296 88.2207
2.14 2.8952 0.0296 94.9656
2.16 4.4094 0.03 101.271
2.18 4.4094 0.03 101.53
2.2 4.4094 0.0292 101.56
2.22 3.7625 0.0307 99.9315
2.24 3.3051 0.0314 98.5131
2.26 3.1171 0.0314 97.9275
2.28 2.65 0.0376 97.348
2.3 2.2929 0.0441 96.8481
2.32 1.9054 0.049 95.3599
2.34 1.9054 0.0616 97.4251
2.36 1.636 0.0736 96.9609
2.38 1.636 0.0817 98.0365
2.4 1.7684 0.0801 99.2089
2.42 1.7398 0.0712 98.2374
2.44 1.5885 0.0655 96.5085
2.46 1.2028 0.0607 92.3436
2.48 1.0202 0.0627 90.6273
2.5 0.8466 0.0594 88.0258
2.52 0.8413 0.0594 88.1413
2.54 0.8108 0.0573 87.604
2.56 0.8108 0.0464 86.2674
2.58 0.6658 0.0427 83.4567
2.6 0.6274 0.0341 81.3865
2.62 0.5799 0.0267 79.0159
2.64 0.5799 0.0189 76.9393
2.66 0.6086 0.0184 77.4661
2.68 0.6846 0.0174 78.588
2.7 0.7357 0.0167 79.2998
2.72 0.7965 0.0168 80.4164
2.74 0.8234 0.0181 81.4703
2.76 0.7186 0.0172 79.7115
2.78 0.6327 0.0172 78.4207
2.8 0.6005 0.0152 77.1904
2.82 0.6023 0.0162 77.7879
2.84 0.5513 0.0167 77.149
2.86 0.5065 0.0144 75.4263
2.88 0.4609 0.0134 74.1077
2.9 0.4609 0.0099 72.4037
2.92 0.4421 0.0084 71.1294
2.94 0.4323 0.0071 70.0481
2.96 0.4403 0.0066 69.9396
2.98 0.4367 0.0057 69.1393
3 0.4349 0.0055 69.0214
3.02 0.4144 0.0058 68.974
3.04 0.4045 0.0058 68.8605
3.06 0.3911 0.0055 68.3496
3.08 0.383 0.0055 68.2675
3.1 0.3777 0.0057 68.4565
3.12 0.383 0.0057 68.7167
3.14 0.4251 0.0055 69.6731
3.16 0.4251 0.0055 69.7962
3.18 0.7034 0.0057 75.4013
3.2 0.7034 0.0062 76.0631
3.22 1.0328 0.0069 81.248
3.24 2.3161 0.0106 94.7502
3.26 2.3161 0.0182 99.2785
3.28 2.7806 0.0245 104.656
3.3 2.9381 0.0294 107.283
3.32 2.7985 0.0411 109.729
3.34 2.224 0.0543 108.828
3.36 1.7264 0.0563 105.422
3.38 1.1044 0.0612 99.7068
3.4 0.8502 0.0612 96.1785
3.42 0.6524 0.0686 93.6158
3.44 0.6148 0.0586 91.7588
3.46 0.5397 0.0482 88.7443
3.48 0.5155 0.0337 85.711
3.5 0.5629 0.0255 84.9484
3.52 0.5629 0.0115 79.6286
3.54 0.5728 0.0091 78.4125
3.56 0.5379 0.0087 77.5372
3.58 0.5173 0.0102 78.2513
3.6 0.537 0.0125 80.14
3.62 0.5629 0.0127 80.9166
3.64 0.5683 0.0127 81.1521
3.66 0.5683 0.0127 81.2758
3.68 0.579 0.0128 81.6713
3.7 0.6104 0.0128 82.4188
3.72 0.6578 0.0128 83.4361
3.74 0.6873 0.0128 84.0902
3.76 0.7195 0.0158 86.2702
3.78 0.7195 0.0158 86.3975
3.8 0.7786 0.0177 88.3443
3.82 0.7786 0.0182 88.6786
3.84 1.065 0.0184 92.9893
3.86 1.065 0.0218 94.4468
3.88 1.3478 0.0239 98.5966
3.9 1.5223 0.025 100.861
3.92 1.3666 0.025 99.4472
3.94 1.0927 0.0227 95.6602
3.96 0.9683 0.0227 94.1421
3.98 0.8833 0.0149 89.8326
4 1.0095 0.0149 91.7046
4.02 2.045 0.0218 104.928
4.04 2.045 0.0218 105.073
4.06 4.123 0.0249 117.691
4.08 4.123 0.026 118.276
4.1 4.098 0.0246 117.79
4.12 4.098 0.0193 115.592
4.14 3.3194 0.0175 111.377
4.16 3.3194 0.0181 111.84
4.18 3.1762 0.0192 111.828
4.2 3.1082 0.0223 113.027
4.22 3.0428 0.0216 112.531
4.24 2.8934 0.0245 113.044
4.26 2.7761 0.0215 111.303
4.28 2.4808 0.0197 108.863
4.3 2.445 0.0197 108.776
4.32 2.641 0.023 111.561
4.34 2.9507 0.023 113.502
4.36 3.0151 0.0311 116.899
4.38 2.7654 0.0311 115.6
4.4 2.3188 0.0314 112.938
4.42 2.3188 0.0314 113.081
4.44 1.9734 0.0312 110.564
4.46 1.9734 0.0305 110.494
4.48 2.3117 0.0295 112.867
4.5 2.3117 0.0292 112.911
4.52 2.1908 0.0298 112.369
4.54 2.1908 0.0223 109.826
4.56 2.0951 0.0203 108.404
4.58 1.9322 0.0212 107.667
4.6 1.7854 0.0214 106.661
4.62 1.5492 0.0207 104.34
4.64 1.4275 0.0218 103.688
4.66 1.5662 0.0256 106.623
4.68 1.7156 0.0256 108.16
4.7 1.8176 0.0268 109.61
4.72 1.8176 0.0278 110.074
4.74 1.6879 0.0254 108.219
4.76 1.6879 0.0227 107.338
4.78 1.6369 0.021 106.298
4.8 1.6369 0.0229 107.192
4.82 1.5885 0.0249 107.6
4.84 1.3442 0.0274 106.005
4.86 1.1276 0.0253 102.79
4.88 0.8887 0.0213 98.0258
4.9 0.7929 0.0208 96.348
4.92 0.7741 0.0217 96.4638
4.94 0.7607 0.0217 96.3301
4.96 0.733 0.0226 96.2495
4.98 0.7204 0.0213 95.6444
5 0.7231 0.0207 95.5751
5.02 0.733 0.0186 95.0193
5.04 0.7428 0.0171 94.6421
5.06 0.7428 0.0153 93.8736
5.08 0.7357 0.0146 93.4818
5.1 0.7312 0.0142 93.2855
5.12 0.7428 0.0136 93.2633
5.14 0.7849 0.0133 93.9341
5.16 0.8117 0.0137 94.7246
5.18 0.7983 0.0152 95.4208
5.2 0.7723 0.0152 95.0687
5.22 0.7231 0.0157 94.5265
5.24 0.9397 0.0228 101.364
5.26 0.8493 0.0233 100.185
5.28 0.699 0.0216 96.9039
5.3 0.6936 0.02 96.2791
5.32 0.733 0.0186 96.565
5.34 0.7419 0.0178 96.4804
5.36 0.7312 0.0167 95.8687
5.38 0.7303 0.0167 95.951
5.4 0.7213 0.0157 95.3874
5.42 0.7518 0.0157 96.0566
5.44 0.8189 0.017 97.9925
5.46 0.8806 0.017 99.124
5.48 0.9782 0.0186 101.495
5.5 0.9782 0.0186 101.598
5.52 1.1688 0.0196 104.797
5.54 1.1688 0.0203 105.209
5.56 1.3353 0.0212 107.742
5.58 1.5026 0.0228 110.364
5.6 1.4937 0.0265 111.769
5.62 1.3809 0.0357 113.399
5.64 1.3469 0.0357 113.104
5.66 1.2869 0.0441 114.47
5.68 1.1974 0.0441 113.399
5.7 0.988 0.0418 109.92
5.72 0.912 0.0418 108.767
5.74 0.8019 0.0274 103.183
5.76 0.8019 0.0274 103.283
5.78 0.8905 0.0259 104.464
5.8 0.8905 0.0234 103.685
5.82 0.8296 0.0227 102.472
5.84 0.8296 0.0241 103.082
5.86 0.7294 0.0225 100.708
5.88 0.7294 0.0214 100.384
5.9 0.6855 0.0214 99.5842
5.92 0.6408 0.0212 98.6376
5.94 0.6265 0.0216 98.563
5.96 0.6023 0.0201 97.5114
5.98 0.6121 0.0196 97.6245
6 0.7186 0.0194 99.9133
6.02 0.8663 0.0194 102.734
6.04 1.0972 0.0193 106.342
6.06 1.0972 0.0206 107.019
6.08 1.1813 0.0204 108.174
6.1 1.1813 0.0244 109.898
6.12 1.7004 0.0285 117.43
6.14 1.7004 0.0298 117.973
6.16 2.0262 0.0331 122.161
6.18 2.3439 0.0385 126.443
6.2 2.5077 0.0424 128.824
6.22 2.6688 0.0479 131.427
6.24 3.0956 0.0373 131.617
6.26 3.3749 0.0376 133.472
6.28 3.8904 0.0461 138.685
6.3 4.0819 0.0479 140.218
6.32 4.0264 0.0446 139.236
6.34 3.9637 0.0439 138.86
6.36 3.9548 0.0476 139.876
6.38 3.7311 0.0476 138.829
6.4 3.3444 0.0451 136.165
6.42 3.2657 0.0352 133.045
6.44 3.5521 0.0345 134.556
6.46 3.8528 0.0392 137.713
6.48 3.876 0.0455 139.672
6.5 3.876 0.0449 139.637
6.52 3.6935 0.044 138.556
6.54 3.6111 0.0509 139.91
6.56 3.7185 0.0546 141.444
6.58 3.7776 0.049 140.614
6.6 3.8188 0.0446 139.853
6.62 4.2143 0.0391 140.426
6.64 4.8319 0.0391 143.338
6.66 5.9112 0.0386 147.526
6.68 6.0723 0.0386 148.222
6.7 5.802 0.0335 145.648
6.72 5.6391 0.0335 145.173
6.74 5.3814 0.0277 142.052
6.76 5.3814 0.0277 142.169
6.78 5.5174 0.0312 144.219
6.8 5.5174 0.031 144.26
6.82 5.8736 0.0295 145.085
6.84 5.8736 0.0276 144.401
6.86 5.9935 0.0271 144.719
6.88 5.9935 0.0272 144.88
6.9 5.7358 0.0272 144.083
6.92 5.2578 0.0302 143.648
6.94 4.9571 0.0302 142.549
6.96 4.6296 0.0388 144.242
6.98 4.5115 0.0388 143.821
7 4.5276 0.0479 146.556
7.02 4.5276 0.0479 146.672
7.04 4.4023 0.0472 146.018
7.06 4.4023 0.0454 145.661
7.08 4.0139 0.0424 143.033
7.1 4.0139 0.0354 141.013
7.12 3.1314 0.0321 135.063
7.14 3.1314 0.0277 133.52
7.16 3.076 0.0277 133.281
7.18 3.2961 0.0396 138.784
7.2 3.4823 0.0466 141.904
7.22 3.5377 0.0441 141.685
7.24 3.508 0.04 140.477
7.26 3.4948 0.0391 140.243
7.28 3.6308 0.0424 142.078
7.3 3.6666 0.0408 141.933
7.32 3.6881 0.035 140.358
7.34 3.7203 0.0353 140.741
7.36 3.9029 0.0358 141.988
7.38 4.0192 0.0358 142.698
7.4 3.7991 0.0287 139.07
7.42 3.3856 0.0287 136.884
7.44 3.0142 0.0198 130.617
7.46 2.9489 0.0198 130.303
7.48 3.2424 0.0348 138.544
7.5 3.2424 0.0348 138.647
7.52 3.7275 0.038 142.603
7.54 3.7275 0.0386 142.894
7.56 3.9852 0.0333 142.62
7.58 3.9852 0.0298 141.412
7.6 5.0806 0.0315 147.23
7.62 5.0806 0.0352 148.705
7.64 5.2006 0.0391 150.626
7.66 5.1182 0.036 149.359
7.68 4.9482 0.036 148.742
7.7 4.7907 0.0283 145.221
7.72 4.7907 0.0283 145.325
7.74 5.2417 0.0375 150.817
7.76 5.2417 0.0375 150.926
7.78 6.432 0.0388 155.992
7.8 6.432 0.0427 157.353
7.82 7.5346 0.0418 160.808
7.84 7.5346 0.042 160.986
7.86 6.9046 0.0452 160.062
7.88 6.9046 0.0414 159.009
7.9 6.6074 0.0405 157.828
7.92 6.3246 0.0409 157.075
7.94 6.1797 0.0476 158.652
7.96 6.0329 0.0518 159.331
7.98 5.9559 0.051 158.941
8 6.0168 0.0512 159.337
8.02 6.2351 0.0512 160.268
8.04 6.5144 0.0516 161.499
8.06 6.5537 0.051 161.593
8.08 6.5448 0.0515 161.804
8.1 6.6755 0.0517 162.429
8.12 7.3359 0.0499 164.279
8.14 7.3359 0.0523 165.035
8.16 7.4541 0.054 165.969
8.18 7.3431 0.0519 165.178
8.2 7.2106 0.0495 164.209
8.22 7.216 0.0462 163.397
8.24 6.2745 0.0427 159.202
8.26 6.8186 0.0426 161.197
8.28 7.0388 0.041 161.53
8.3 7.4755 0.04 162.711
8.32 8.9307 0.045 168.689
8.34 9.9814 0.0474 172.27
8.36 11.7731 0.0552 178.784
8.38 12.328 0.0552 180.093
8.4 12.507 0.0558 180.75
8.42 12.4425 0.0446 177.397
8.44 12.4425 0.0447 177.547
8.46 12.4103 0.0516 179.731
8.48 12.4855 0.0547 180.882
8.5 12.4855 0.0651 183.641
8.52 12.6108 0.0716 185.488
8.54 12.9938 0.0764 187.419
8.56 13.2874 0.0777 188.41
8.58 13.5236 0.077 188.869
8.6 13.4843 0.0772 188.953
8.62 13.1191 0.0778 188.45
8.64 12.9437 0.0778 188.207
8.66 12.7397 0.082 188.721
8.68 12.779 0.082 188.926
8.7 13.0117 0.0785 188.852
8.72 13.0332 0.0785 189.017
8.74 12.7719 0.0738 187.621
8.76 12.7719 0.0738 187.74
8.78 12.4032 0.0728 186.856
8.8 11.6979 0.0711 185.041
8.82 11.1323 0.0722 184.076
8.84 10.334 0.0739 182.582
8.86 9.8293 0.0734 181.282
8.88 9.1133 0.0697 178.66
8.9 8.7625 0.0697 177.764
8.92 8.3472 0.0645 175.5
8.94 8.1324 0.0645 174.951
8.96 7.7261 0.0588 172.44
8.98 7.2912 0.0588 171.113
9 6.6253 0.0572 168.487
9.02 6.6253 0.0572 168.591
9.04 6.4768 0.0565 167.973
9.06 6.4768 0.0563 168.026
9.08 7.2822 0.0567 171.092
9.1 7.2822 0.0551 170.789
9.12 9.2028 0.0539 176.429
9.14 9.2028 0.0549 176.806
9.16 9.7809 0.0532 178.006
9.18 10.5094 0.046 177.802
9.2 10.6992 0.0426 177.233
9.22 11.2147 0.0465 179.852
9.24 11.4015 0.0483 180.96
9.26 12.174 0.0509 183.585
9.28 12.6036 0.0561 186.115
9.3 13.4556 0.0715 191.821
9.32 14.0033 0.0715 193.042
9.34 15.0057 0.0769 196.275
9.36 15.7646 0.0827001 198.992
9.38 16.7562 0.0834001 201.008
9.4 17.0354 0.0845 201.826
9.42 16.9782 0.0849001 201.927
9.44 16.9782 0.091 203.215
9.46 16.8314 0.0924001 203.339
9.48 16.86 0.0938001 203.763
9.5 17.2717 0.094 204.628
9.52 18.8826 0.0907001 206.778
9.54 19.8134 0.0884001 207.893
9.56 20.4506 0.0897001 209.218
9.58 20.4434 0.0897001 209.329
9.6 20.5222 0.0784 207.232
9.62 20.6904 0.0784 207.596
9.64 21.0412 0.073 206.986
9.66 21.2847 0.073 207.449
9.68 21.6355 0.0701 207.357
9.7 21.6355 0.0701 207.476
9.72 21.7357 0.0748 208.858
9.74 21.7572 0.0825 210.718
9.76 21.7214 0.0887001 212.063
9.78 21.2811 0.0955 212.863
9.8 20.7763 0.0993001 212.939
9.82 20.3145 0.1037 213.138
9.84 20.404 0.1037 213.394
9.86 20.4864 0.1054 213.928
9.88 20.3074 0.1054 213.778
9.9 19.9745 0.1046 213.254
9.92 19.842 0.1046 213.17
9.94 19.4625 0.0937001 210.758
9.96 19.4625 0.0937001 210.876
9.98 18.7824 0.0911001 209.425
10 18.7824 0.0902001 209.368
10.02 18.2203 0.0893001 208.396
10.04 18.2203 0.086 207.86
10.06 17.4793 0.0874001 207.013
10.08 17.4793 0.0898001 207.595
10.1 17.0927 0.0898001 207.041
10.12 16.2228 0.0882001 205.295
10.14 15.3923 0.0882001 203.86
10.16 13.9496 0.084 200.286
10.18 12.8005 0.084 197.93
10.2 9.9922 0.0774 189.803
10.22 9.9922 0.0774 189.906
10.24 5.5263 0.0736 173.747
10.26 4.2859 0.0736 167.593
10.28 2.752 0.0759 157.724
10.3 2.752 0.0858001 159.427
10.32 1.4069 0.0943001 145.965
10.34 1.4069 0.0953001 146.172
10.36 1.1661 0.088 141.41
10.38 1.1661 0.0684 138.55
10.4 1.2216 0.06 138.043
10.42 1.4149 0.0492 138.759
10.44 1.6243 0.0366 138.177
10.46 2.8048 0.0205 142.523
10.48 3.1135 0.0205 144.759
10.5 6.5108 0.033 167.576
10.52 9.874 0.033 178.027
10.54 13.3876 0.0356 187.281
10.56 14.7121 0.0353 189.809
10.58 15.9006 0.031 189.981
10.6 16.5486 0.0299 190.603
10.62 17.576 0.0388 196.58
10.64 17.576 0.0685 206.208
10.66 18.0593 0.0836001 210.585
10.68 18.6499 0.1022 215.241
10.7 19.0688 0.1182 218.673
10.72 19.6952 0.1347 222.21
10.74 20.0174 0.1444 224.138
10.76 20.336 0.1604 226.738
10.78 20.3432 0.1604 226.867
10.8 20.0962 0.1668 227.324
10.82 19.8921 0.175 228.015
10.84 19.6022 0.1797 228.153
10.86 19.5306 0.1841 228.609
10.88 19.4554 0.1872 228.917
10.9 19.4554 0.1849 228.799
10.92 19.3516 0.1839 228.636
10.94 18.9542 0.1806 227.726
10.96 18.5783 0.1771 226.816
10.98 18.0414 0.1762 225.879
11 17.8552 0.1762 225.656
11.02 17.5688 0.1742 225.031
11.04 17.3612 0.1742 224.759
11.06 17.0426 0.1719 224.026
11.08 16.7705 0.1687 223.27
11.1 16.4662 0.1659 222.484
11.12 16.2443 0.1633 221.869
11.14 15.403 0.1612 220.049
11.16 15.403 0.1583 219.827
11.18 14.9412 0.1567 218.789
11.2 14.2289 0.1542 217.073
11.22 13.9174 0.1532 216.372
11.24 13.606 0.1677 217.405
11.26 13.0583 0.143 213.382
11.28 12.9222 0.1386 212.612
11.3 12.6502 0.133 211.339
11.32 12.464 0.1321 210.873
11.34 12.0738 0.1294 209.652
11.36 12.0094 0.1294 209.593
11.38 12.3208 0.1277 210.239
11.4 12.8471 0.1262 211.404
11.42 13.9425 0.124 213.701
11.44 14.8696 0.1187 215.014
11.46 17.2968 0.1147 219.227
11.48 17.2968 0.1008 216.989
11.5 18.2347 0.0946001 217.598
11.52 19.1189 0.0956001 219.385
11.54 19.6702 0.0984001 220.921
11.56 20.4255 0.1087 224.078
11.58 20.8157 0.1172 226.21
11.6 21.1952 0.1362 229.762
11.62 21.2954 0.1362 230.029
11.64 21.4314 0.1611 233.59
11.66 21.4851 0.1611 233.786
11.68 21.6176 0.1667 234.771
11.7 21.8109 0.1743 236.058
11.72 22.2476 0.1761 237.048
11.74 22.2476 0.1801 237.604
11.76 22.5161 0.1793 238.039
11.78 22.7202 0.1782 238.339
11.8 22.7775 0.1777 238.482
11.82 22.7202 0.1797 238.73
11.84 22.6557 0.1812 238.91
11.86 22.7381 0.1828 239.322
11.88 22.8383 0.1828 239.586
11.9 22.8777 0.1853 240.028
11.92 23.0352 0.1853 240.378
11.94 23.0817 0.1868 240.721
11.96 23.0066 0.1868 240.72
11.98 22.7739 0.1889 240.704
12 22.7739 0.1932 241.266
12.02 22.6271 0.194 241.237
12.04 22.1689 0.1947 240.71
12.06 21.9147 0.1954 240.493
12.08 21.7393 0.1948 240.265
12.1 21.8897 0.193 240.428
12.12 22.2978 0.1877 240.621
12.14 22.3944 0.1877 240.881
12.16 22.4338 0.1839 240.643
12.18 22.3837 0.1839 240.675
12.2 22.083 0.1846 240.392
12.22 21.8288 0.1846 240.101
12.24 21.8098 0.1768 239.319
12.26 21.4493 0.1798 239.188
12.28 21.2381 0.1823 239.231
12.3 20.8193 0.1831 238.741
12.32 20.2358 0.1836 237.927
12.34 19.8635 0.1843 237.474
12.36 19.1475 0.183 236.189
12.38 19.033 0.183 236.091
12.4 19.459 0.1847 237.133
12.42 19.459 0.1858 237.357
12.44 20.7584 0.1778 238.808
12.46 20.7584 0.1649 237.422
12.48 20.5723 0.1617 236.833
12.5 20.5723 0.1587 236.57
12.52 20.4327 0.1578 236.331
12.54 20.3217 0.1595 236.462
12.56 20.2465 0.1647 237.072
12.58 20.1463 0.1716 237.818
12.6 20.0819 0.1737 238.054
12.62 20.2 0.1726 238.235
12.64 20.3324 0.1726 238.564
12.66 20.6833 0.1731 239.315
12.68 21.1665 0.1732 240.229
12.7 21.9076 0.1714 241.319
12.72 22.5841 0.1684 242.128
12.74 23.8335 0.1681 244.083
12.76 23.8335 0.1685 244.238
12.78 24.2846 0.1691 245.077
12.8 24.6246 0.1764 246.54
12.82 24.5996 0.1825 247.31
12.84 24.0447 0.196 248.074
12.86 23.3502 0.206 248.162
12.88 22.5698 0.2189 248.308
12.9 22.3013 0.2189 247.988
12.92 22.1295 0.2227 248.173
12.94 22.0472 0.2216 248.045
12.96 21.9434 0.2197 247.805
12.98 22.0221 0.2139 247.488
13 22.5949 0.21 248.131
13.02 22.5949 0.199 247.128
13.04 22.8992 0.1977 247.575
13.06 23.0388 0.1912 247.209
13.08 23.114 0.1896 247.257
13.1 23.4147 0.1892 247.78
13.12 23.5507 0.1927 248.47
13.14 23.5936 0.1973 249.129
13.16 23.7082 0.1973 249.408
13.18 23.8944 0.1993 250.005
13.2 23.9445 0.2001 250.269
13.22 23.9874 0.201 250.532
13.24 24.0375 0.2025 250.868
13.26 23.7118 0.1917 249.341
13.28 23.7118 0.1984 250.16
13.3 23.812 0.1994 250.521
13.32 24.1235 0.1989 251.043
13.34 24.1736 0.1989 251.223
13.36 24.0554 0.2009 251.359
13.38 23.8836 0.2045 251.576
13.4 24.0125 0.2052 251.947
13.42 24.0769 0.2052 252.149
13.44 24.1736 0.2064 252.521
13.46 24.0089 0.2084 252.58
13.48 23.7046 0.2095 252.331
13.5 23.454 0.211 252.198
13.52 23.1641 0.2104 251.791
13.54 23.1641 0.2112 251.974
13.56 23.0352 0.2103 251.786
13.58 23.2929 0.2104 252.303
13.6 23.5471 0.208 252.559
13.62 24.2022 0.2036 253.212
13.64 24.4564 0.2006 253.384
13.66 24.6962 0.1999 253.77
13.68 24.707 0.1999 253.889
13.7 24.5351 0.2078 254.556
13.72 24.3776 0.2078 254.423
13.74 24.127 0.2181 255.173
13.76 23.923 0.2181 254.964
13.78 23.2357 0.219 254.086
13.8 23.2357 0.2221 254.486
13.82 22.9529 0.2233 254.254
13.84 22.7238 0.2238 254.036
13.86 22.7882 0.2187 253.755
13.88 22.824 0.2158 253.632
13.9 22.9171 0.2126 253.567
13.92 22.9672 0.2124 253.728
13.94 23.0352 0.2124 253.937
13.96 23.5042 0.2116 254.697
13.98 23.7691 0.2116 255.21
14 24.3884 0.214 256.499
14.02 24.8931 0.214 257.359
14.04 25.3657 0.2012 256.838
14.06 25.3657 0.2012 256.94
14.08 25.3513 0.2009 256.988
14.1 25.1795 0.2033 257.092
14.12 24.9576 0.2072 257.272
14.14 24.8144 0.2114 257.59
14.16 24.9969 0.2135 258.175
14.18 25.3442 0.2187 259.309
14.2 25.3299 0.2187 259.39
14.22 25.5876 0.2257 260.552
14.24 25.6807 0.2257 260.79
14.26 24.8883 0.2153 258.7
14.28 24.5924 0.2136 258.185
14.3 24.5924 0.2136 258.285
14.32 24.4814 0.2092 257.771
14.34 24.4814 0.2173 258.687
14.36 23.3323 0.2236 257.614
14.38 23.3323 0.2341 258.699
14.4 23.9982 0.2401 260.398
14.42 23.9982 0.2373 260.244
14.44 24.5065 0.2375 261.15
14.46 24.9325 0.2321 261.399
14.48 25.0327 0.2277 261.234
14.5 24.7857 0.2211 260.323
14.52 24.5101 0.2223 260.121
14.54 23.8228 0.224 259.321
14.56 23.8228 0.224 259.421
14.58 23.1677 0.2259 258.661
14.6 23.1677 0.2299 259.138
14.62 21.8753 0.2298 257.093
14.64 21.8753 0.2316 257.358
14.66 20.805 0.2319 255.63
14.68 20.805 0.227 255.273
14.7 20.7978 0.2254 255.207
14.72 21.12 0.2193 255.286
14.74 21.3384 0.2137 255.211
14.76 21.8073 0.2019 254.9
14.78 21.8932 0.1956 254.468
14.8 21.324 0.1948 253.514
14.82 20.6797 0.1948 252.491
14.84 19.3945 0.1984 250.644
14.86 19.3945 0.204 251.319
14.88 17.6261 0.2049 248.067
14.9 17.6261 0.2056 248.23
14.92 14.8374 0.2063 242.308
14.94 14.8374 0.1974 241.51
14.96 13.8995 0.1915 238.736
14.98 13.0618 0.1801 235.491
15 12.8435 0.1729 234.21
15.02 12.9222 0.1637 233.439
15.04 13.0547 0.1565 232.995
15.06 13.2623 0.1323 230.369
15.08 13.2623 0.1323 230.454
15.1 12.6179 0.1156 226.336
15.12 12.6179 0.0975 223.234
15.14 13.1442 0.0937001 223.892
15.16 13.1442 0.0939001 224.014
15.18 12.1132 0.0962001 221.922
15.2 12.1132 0.1115 224.747
15.22 11.5798 0.119 224.589
15.24 11.2433 0.122 224.182
15.26 11.7803 0.1209 225.606
15.28 13.452 0.1316 231.671
15.3 14.5188 0.1315 234.301
15.32 13.4306 0.1315 231.772
15.34 14.3448 0.1205 232.37
15.36 14.0964 0.0995 228.205
15.38 13.7098 0.0858001 224.59
15.4 13.7098 0.0732 221.722
15.42 13.495 0.0747 221.672
15.44 14.1286 0.0868001 226.027
15.46 15.4603 0.0939001 230.564
15.48 18.7 0.1005 238.396
15.5 20.5687 0.1091 243.433
15.52 22.6235 0.1355 251.374
15.54 23.3502 0.1355 252.611
15.56 24.0841 0.1157 250.516
15.58 24.4349 0.1157 251.128
15.6 25.2225 0.1335 255.39
15.62 25.5017 0.1335 255.886
15.64 25.9456 0.1846 263.628
15.66 25.9456 0.1846 263.722
15.68 27.0625 0.201 267.307
15.7 27.0625 0.2135 268.748
15.72 27.8142 0.2224 270.824
15.74 28.4013 0.2374 273.216
15.76 28.523 0.2463 274.319
15.78 28.5159 0.2546 275.164
15.8 28.5732 0.2546 275.34
15.82 28.5946 0.2571 275.691
15.84 28.4873 0.2571 275.639
15.86 28.2868 0.2627 275.949
15.88 28.2581 0.2627 276.006
15.9 28.1579 0.2587 275.609
15.92 28.1579 0.2587 275.705
15.94 27.9574 0.2561 275.286
15.96 27.9574 0.255 275.284
15.98 28.208 0.2537 275.617
16 28.208 0.2508 275.449
16.02 28.4801 0.2509 275.935
16.04 28.4801 0.2516 276.095
16.06 28.4085 0.2516 276.09
16.08 28.3655 0.2505 276.025
16.1 28.1436 0.2505 275.808
16.12 27.8644 0.2531 275.744
16.14 27.5422 0.2531 275.378
16.16 26.7045 0.2628 275.11
16.18 26.7045 0.2628 275.204
16.2 26.1389 0.262 274.382
16.22 26.1389 0.2599 274.292
16.24 25.8167 0.2576 273.694
16.26 25.8167 0.2496 273.07
16.28 25.8668 0.2474 273.038
16.3 25.8668 0.2424 272.668
16.32 25.9241 0.2375 272.385
16.34 26.0315 0.2339 272.293
16.36 26.1604 0.2295 272.15
16.38 26.3966 0.2425 273.847
16.4 25.1575 0.2226 270.119
16.42 24.1807 0.2111 267.491
16.44 24.1807 0.2146 267.947
16.46 26.3179 0.2065 270.46
16.48 26.3179 0.2132 271.271
16.5 25.8453 0.2184 271.198
16.52 25.8453 0.2287 272.332
16.54 25.6234 0.233 272.508
16.56 25.2583 0.2404 272.745
16.58 25.0936 0.2419 272.721
16.6 24.7571 0.2461 272.672
16.62 24.5101 0.2465 272.407
16.64 23.6581 0.2451 270.985
16.66 23.1283 0.2451 270.193
16.68 21.8252 0.2437 267.907
16.7 21.0019 0.2404 266.215
16.72 19.9637 0.239 264.238
16.74 19.9637 0.237 264.141
16.76 18.7824 0.2335 261.594
16.78 18.7824 0.2236 260.739
16.8 18.6714 0.2177 260.024
16.82 18.7716 0.2059 259.106
16.84 18.965 0.1978 258.709
16.86 19.4804 0.1864 258.516
16.88 19.7847 0.1809 258.534
16.9 20.4971 0.1708 258.7
16.92 20.873 0.1708 259.464
16.94 21.231 0.1698 260.058
16.96 21.2668 0.1707 260.321
16.98 21.2668 0.1729 260.684
