0.01 0 0 0
0.02 0.01 0 0
0.03 0.01 0 0
0.04 0.01 0 0
0.05 0.02 0 0
0.06 0.03 0 0
0.07 0.04 0 0
0.08 0.04 0 0
0.09 0.06 0 0
0.1 0.07 0 0
0.11 0.08 0 0
0.12 0.08 0 0
0.13 0.08 0 0
0.14 0.08 0 0
0.15 0.08 0 0
0.16 0.08 0 0
0.17 0.08 0 0
0.18 0.08 0 0
0.19 0.08 0 0
0.2 0.08 0 0
0.21 0.08 0 0
0.22 0.07 0 0
0.23 0.07 0 0
0.24 0.07 0 0
0.25 0.07 0 0
0.26 0.06 0 0
0.27 0.06 0 0
0.28 0.06 0 0
0.29 0.06 0 0
0.3 0.06 0 0
0.31 0.06 0 0
0.32 0.06 0 0
0.33 0.06 0 0
0.34 0.06 0 0
0.35 0.06 0 0
0.36 0.06 0 0
0.37 0.06 0 0
0.38 0.06 0 0
0.39 0.06 0 0
0.4 0.06 0 0
0.41 0.06 0 0
0.42 0.06 0 0
0.43 0.06 0 0
0.44 0.06 0 0
0.45 0.06 0 0
0.46 0.06 0 0
0.47 0.06 0 0
0.48 0.06 0 0
0.49 0.06 0 0
0.5 0.06 0 0
0.51 0.06 0 0
0.52 0.07 0 0
0.53 0.07 0 0
0.54 0.07 0 0
0.55 0.07 0 0
0.56 0.08 0 0
0.57 0.08 0 0
0.58 0.08 0 0
0.59 0.1 0 0
0.6 0.1 0 0
0.61 0.11 0 0
0.62 0.12 0 0
0.63 0.13 0 0
0.64 0.16 0 0
0.65 0.16 0 0
0.66 0.17 0 0
0.67 0.18 0 0
0.68 0.18 0 0
0.69 0.18 0 0
0.7 0.18 0 0
0.71 0.18 0 0
0.72 0.18 0 0
0.73 0.18 0 0
0.74 0.18 0 0
0.75 0.18 0 0
0.76 0.18 0 0
0.77 0.19 0 0
0.78 0.19 0 0
0.79 0.2 0 0
0.8 0.2 0 0
0.81 0.2 0 0
0.82 0.21 0 0
0.83 0.22 0 0
0.84 0.22 0 0
0.85 0.23 0 0
0.86 0.23 0 0
0.87 0.23 0 0
0.88 0.22 0 0
0.89 0.21 0 0
0.9 0.2 0 0
0.91 0.18 0 0
0.92 0.18 0 0
0.93 0.18 0 0
0.94 0.16 0 0
0.95 0.16 0 0
0.96 0.15 0 0
0.97 0.15 0 0
0.98 0.14 0 0
0.99 0.14 0 0
1 0.13 0 0
1.01 0.13 0 0
1.02 0.13 0 0
1.03 0.13 0 0
1.04 0.13 0 0
1.05 0.13 0 0
1.06 0.14 0 0
1.07 0.15 0 0
1.08 0.16 0 0
1.09 0.17 0 0
1.1 0.18 0 0
1.11 0.2 0 0
1.12 0.2 0 0
1.13 0.2 0 0
1.14 0.22 0 0
1.15 0.23 0 0
1.16 0.23 0 0
1.17 0.24 0 0
1.18 0.24 0 0
1.19 0.24 0 0
1.2 0.25 0 0
1.21 0.26 0 0
1.22 0.26 0 0
1.23 0.28 0 0
1.24 0.28 0 0
1.25 0.29 0 0
1.26 0.28 0 0
1.27 0.28 0 0
1.28 0.27 0 0
1.29 0.26 0 0
1.3 0.24 0 0
1.31 0.23 0 0
1.32 0.22 0 0
1.33 0.22 0 0
1.34 0.22 0 0
1.35 0.22 0 0
1.36 0.22 0.001 43.5763
1.37 0.22 0.001 43.6652
1.38 0.23 0.001 44.0345
1.39 0.22 0.001 43.8414
1.4 0.22 0.001 43.9289
1.41 0.21 0.001 43.722
1.42 0.17 0.001 42.4951
1.43 0.14 0.001 41.4041
1.44 0.12 0 0
1.45 0.11 0 0
1.46 0.1 0 0
1.47 0.1 0 0
1.48 0.1 0 0
1.49 0.11 0 0
1.5 0.11 0 0
1.51 0.12 0 0
1.52 0.12 0 0
1.53 0.13 0 0
1.54 0.13 0 0
1.55 0.14 0 0
1.56 0.15 0 0
1.57 0.16 0 0
1.58 0.17 0 0
1.59 0.19 0 0
1.6 0.19 0 0
1.61 0.19 0 0
1.62 0.19 0 0
1.63 0.19 0 0
1.64 0.18 0 0
1.65 0.18 0 0
1.66 0.18 0 0
1.67 0.17 0 0
1.68 0.16 0 0
1.69 0.15 0 0
1.7 0.15 0 0
1.71 0.15 0 0
1.72 0.16 0 0
1.73 0.2 0 0
1.74 0.22 0 0
1.75 0.25 0 0
1.76 0.33 0 0
1.77 0.35 0 0
1.78 0.37 0 0
1.79 0.44 0 0
1.8 0.49 0.001 52.8654
1.81 0.52 0.001 53.4019
1.82 0.49 0.001 53.0281
1.83 0.49 0.001 53.1089
1.84 0.48 0.001 53.0317
1.85 0.51 0.001 53.5774
1.86 0.46 0.001 52.8664
1.87 0.46 0.001 52.9452
1.88 0.48 0.001 53.3498
1.89 0.5 0.001 53.7435
1.9 0.62 0.001 55.5157
1.91 0.67 0.001 56.2212
1.92 0.63 0.001 55.806
1.93 0.44 0.002 56.2219
1.94 0.44 0.002 56.3027
1.95 0.45 0.002 56.566
1.96 0.45 0.002 56.6465
1.97 0.46 0.002 56.9066
1.98 0.46 0.002 56.9867
1.99 0.46 0.002 57.0666
2 0.44 0.002 56.7815
2.01 0.44 0.003 58.8112
2.02 0.44 0.004 60.319
2.03 0.45 0.004 60.5976
2.04 0.49 0.005 62.5803
2.05 0.54 0.005 63.5484
2.06 0.58 0.006 65.2753
2.07 0.64 0.007 67.1521
2.08 0.65 0.008 68.1453
2.09 0.66 0.008 68.3864
2.1 0.72 0.009 70.0235
2.11 0.76 0.01 71.2862
2.12 0.8 0.011 72.4816
2.13 0.98 0.011 74.7288
2.14 1.13 0.014 77.9245
2.15 1.17 0.016 79.2934
2.16 1.22 0.018 80.6623
2.17 1.28 0.025 83.5796
2.18 1.31 0.027 84.5056
2.19 1.34 0.033 86.3187
2.2 1.36 0.036 87.2419
2.21 1.47 0.038 88.7341
2.22 1.54 0.04 89.8252
2.23 1.59 0.038 89.9675
2.24 1.66 0.035 90.022
2.25 1.69 0.031 89.4585
2.26 2.66 0.046 98.8062
2.27 5.65 0.049 110.844
2.28 4.8 0.052 108.942
2.29 5.49 0.055 111.725
2.3 5.78 0.058 113.191
2.31 6.36 0.055 114.393
2.32 6.78 0.052 115.051
2.33 6.85 0.05 114.984
2.34 6.91 0.054 116.006
2.35 7.67 0.058 118.605
2.36 8.33 0.06 120.504
2.37 8.82 0.055 120.766
2.38 7.9 0.051 118.259
2.39 6.33 0.055 115.402
2.4 6.32 0.053 115.154
2.41 6.39 0.052 115.287
2.42 6.47 0.044 114.031
2.43 6.58 0.043 114.221
2.44 6.86 0.031 111.95
2.45 7.14 0.019 108.226
2.46 7.88 0.02 110.368
2.47 8.98 0.02 112.591
2.48 9.1 0.03 116.808
2.49 9.6 0.034 119.077
2.5 10.24 0.042 122.457
2.51 10.27 0.043 122.885
2.52 7.7 0.04 117.315
2.53 8.81 0.038 119.234
2.54 9.92 0.033 120.005
2.55 9.96 0.028 118.574
2.56 9.36 0.03 118.323
2.57 9.88 0.035 120.918
2.58 10.4 0.041 123.562
2.59 11.98 0.036 124.881
2.6 11.6 0.035 124.145
2.61 11.82 0.033 124.006
2.62 12.04 0.039 126.21
2.63 12.5 0.044 128.309
2.64 12.38 0.049 129.42
2.65 12.65 0.051 130.392
2.66 13.52 0.052 131.998
2.67 14.35 0.049 132.617
2.68 14.25 0.045 131.685
2.69 14.26 0.045 131.835
2.7 15.22 0.054 135.251
2.71 15.81 0.064 138.071
2.72 15.76 0.068 138.848
2.73 14.6 0.055 135.063
2.74 14.6 0.043 132.46
2.75 14.57 0.045 133.057
2.76 13.85 0.064 136.155
2.77 13.64 0.082 138.826
2.78 13.42 0.061 135.269
2.79 13.74 0.052 134.072
2.8 13.91 0.043 132.334
2.81 14.08 0.041 132.172
2.82 14.25 0.038 131.697
2.83 13.47 0.046 132.857
2.84 11.56 0.045 129.853
2.85 11.99 0.044 130.422
2.86 12.42 0.037 129.335
2.87 11.72 0.038 128.669
2.88 10.99 0.036 127.033
2.89 10.4 0.034 125.551
2.9 9.42 0.029 122.264
2.91 8.8 0.037 123.669
2.92 8.22 0.044 124.357
2.93 7.64 0.05 124.488
2.94 7.91 0.064 127.829
2.95 7.38 0.053 124.706
2.96 6.57 0.06 124.025
2.97 5.9 0.061 122.401
2.98 5.17 0.062 120.37
2.99 4.29 0.064 117.599
3 3.82 0.065 115.907
3.01 3.62 0.064 114.971
3.02 3.55 0.065 114.902
3.03 3.43 0.067 114.728
3.04 3.31 0.067 114.246
3.05 3.33 0.06 113.404
3.06 3.16 0.052 111.32
3.07 3.04 0.051 110.623
3.08 2.91 0.05 109.847
3.09 2.68 0.049 108.468
3.1 2.57 0.034 104.681
3.11 2.44 0.031 103.198
3.12 2.33 0.028 101.741
3.13 2.2 0.025 100.045
3.14 2.2 0.024 99.7945
3.15 2.18 0.024 99.7515
3.16 2.2 0.023 99.6175
3.17 2.21 0.023 99.7701
3.18 2.4 0.022 100.678
3.19 2.45 0.021 100.675
3.2 2.54 0.021 101.287
3.21 2.68 0.021 102.161
3.22 3.02 0.021 104.023
3.23 4.25 0.019 108.457
3.24 4.89 0.019 110.765
3.25 5.44 0.02 113.056
3.26 5.81 0.022 115.139
3.27 6.11 0.023 116.506
3.28 6.39 0.026 118.563
3.29 6.64 0.028 120.059
3.3 6.75 0.031 121.469
3.31 6.93 0.035 123.271
3.32 6.93 0.035 123.375
3.33 6.91 0.036 123.716
3.34 6.85 0.042 125.26
3.35 6.74 0.043 125.318
3.36 6.75 0.043 125.448
3.37 6.76 0.046 126.285
3.38 6.72 0.048 126.729
3.39 6.59 0.048 126.477
3.4 6.52 0.052 127.231
3.41 6.48 0.05 126.807
3.42 6.52 0.048 126.593
3.43 6.56 0.046 126.359
3.44 7.33 0.044 128.024
3.45 7.91 0.042 129.04
3.46 8.54 0.042 130.577
3.47 9.12 0.042 131.924
3.48 9.55 0.042 132.908
3.49 9.7 0.042 133.313
3.5 9.75 0.043 133.78
3.51 9.23 0.043 132.833
3.52 9.05 0.044 132.816
3.53 8.87 0.044 132.536
3.54 8.78 0.06 135.908
3.55 8.65 0.084 139.576
3.56 8.32 0.134 144.409
3.57 8.16 0.096 140.174
3.58 7.98 0.058 134.092
3.59 7.86 0.059 134.094
3.6 7.88 0.057 133.862
3.61 7.9 0.055 133.617
3.62 8.13 0.056 134.475
3.63 10.29 0.052 138.367
3.64 12.93 0.048 142.152
3.65 11.67 0.046 139.68
3.66 11.59 0.045 139.393
3.67 12.56 0.042 140.315
3.68 13.54 0.049 143.781
3.69 15.81 0.057 149
3.7 16.73 0.059 150.763
3.71 16.2 0.059 150.179
3.72 16.21 0.059 150.305
3.73 17.76 0.058 152.191
3.74 20.17 0.059 155.342
3.75 20.98 0.06 156.56
3.76 20.19 0.057 155.149
3.77 19.87 0.053 153.972
3.78 20.43 0.053 154.703
3.79 21 0.054 155.673
3.8 23.45 0.061 159.896
3.81 24.47 0.08 164.67
3.82 24.91 0.111 169.777
3.83 26.11 0.116 171.684
3.84 28.3 0.105 172.378
3.85 29.98 0.104 173.803
3.86 30.36 0.125 176.931
3.87 31.04 0.147 180.036
3.88 32.39 0.179 184.268
3.89 34.36 0.169 185.087
3.9 36.76 0.159 186.082
3.91 40.76 0.17 190.06
3.92 39.67 0.181 190.445
3.93 36.84 0.174 187.941
3.94 35.85 0.166 186.606
3.95 35.19 0.167 186.331
3.96 35.67 0.152 185.369
3.97 36.14 0.143 184.908
3.98 36.95 0.145 185.844
3.99 36.49 0.146 185.744
4 37.54 0.147 186.74
4.01 37.52 0.135 185.537
4.02 37.95 0 0
4.03 38.23 0 0
4.04 38.78 0 0
4.05 39.12 0 0
4.06 39.06 0 0
4.07 40.34 0 0
4.08 41.59 0 0
