0.01 3.42 0 0
0.02 6.59 0 0
0.03 11.15 0 0
0.04 9.72 0 0
0.05 7.68 0 0
0.06 7.05 0.014 37.5527
0.07 7.19 0.016 39.7472
0.08 7.33 0.017 41.5743
0.09 8.29 0.018 43.9347
0.1 7.7 0.02 45.1563
0.11 8.87 0.023 47.8764
0.12 9.75 0.022 49.5378
0.13 9.26 0.021 50.0835
0.14 9.73 0.023 51.883
0.15 11.54 0.023 54.2032
0.16 10.87 0.024 54.9052
0.17 10.33 0.024 55.4302
0.18 10.93 0.024 56.7778
0.19 11.52 0.033 59.6349
0.2 10.63 0.048 61.6885
0.21 10.22 0.051 62.4922
0.22 9.81 0.046 62.3955
0.23 10.66 0.041 63.3226
0.24 10.53 0.045 64.4605
0.25 10.78 0.045 65.4168
0.26 11.02 0.044 66.2201
0.27 10.56 0.043 66.3818
0.28 9.89 0.044 66.5536
0.29 10.4 0.045 67.8211
0.3 9.8 0.043 67.6237
0.31 9.62 0.041 67.7918
0.32 9.26 0.04 67.8786
0.33 8.88 0.038 67.7601
0.34 8.74 0.038 68.1686
0.35 8.48 0.036 68.1149
0.36 8.36 0.035 68.3493
0.37 8.4 0.035 68.9193
0.38 8.45 0.035 69.4915
0.39 8.71 0.035 70.3012
0.4 8.98 0.035 71.1097
0.41 9.13 0.038 72.2633
0.42 9.28 0.04 73.2318
0.43 9.29 0.04 73.7238
0.44 9.27 0.04 74.1735
0.45 9.25 0.04 74.6151
0.46 9.04 0.039 74.6671
0.47 8.93 0.039 74.9826
0.48 8.83 0.039 75.3005
0.49 8.72 0.039 75.5968
0.5 8.55 0.038 75.6437
0.51 8.44 0.038 75.9196
0.52 8.32 0.038 76.1733
0.53 8.21 0.038 76.4311
0.54 8.1 0.033 75.7854
0.55 7.83 0.028 74.7728
0.56 7.68 0.028 74.9393
0.57 7.52 0.029 75.3005
0.58 7.34 0.029 75.4019
0.59 7.19 0.03 75.7496
0.6 6.84 0.03 75.5594
0.61 6.52 0.03 75.3855
0.62 6.21 0.031 75.4031
0.63 6.2 0.032 75.922
0.64 6.13 0.032 76.1305
0.65 6.03 0.031 76.0772
0.66 5.82 0.031 76.0118
0.67 5.72 0.03 75.9326
0.68 5.6 0.031 76.2212
0.69 5.48 0.03 76.0849
0.7 5.36 0.03 76.1467
0.71 5.13 0.029 75.7523
0.72 5.01 0.029 75.7887
0.73 4.93 0.029 75.9037
0.74 4.82 0.029 75.9442
0.75 4.77 0.026 75.4253
0.76 4.71 0.025 75.3195
0.77 4.64 0.023 74.9094
0.78 4.49 0.022 74.5475
0.79 4.42 0.022 74.6429
0.8 4.34 0.022 74.7076
0.81 4.24 0.022 74.7148
0.82 4.19 0.022 74.8422
0.83 4.11 0.021 74.5974
0.84 4.06 0.021 74.7143
0.85 4 0.021 74.8
0.86 3.93 0.021 74.8531
0.87 3.87 0.022 75.2184
0.88 3.81 0.022 75.2882
0.89 3.77 0.023 75.6898
0.9 3.71 0.023 75.75
0.91 3.68 0.023 75.8943
0.92 3.65 0.023 76.0356
0.93 3.62 0.022 75.8926
0.94 3.6 0.022 76.0579
0.95 3.59 0.022 76.2515
0.96 3.59 0.021 76.1783
0.97 3.6 0.021 76.4287
0.98 3.63 0.02 76.4277
0.99 3.69 0.019 76.4977
1 3.78 0.019 76.9784
1.01 3.89 0.019 77.5112
1.02 4.03 0.019 78.1205
1.03 4.18 0.019 78.746
1.04 4.34 0.019 79.386
1.05 4.49 0.02 80.33
1.06 4.65 0.021 81.2783
1.07 4.8 0.022 82.1816
1.08 4.96 0.023 83.0911
1.09 5.11 0.023 83.6625
1.1 5.27 0.024 84.5472
1.11 5.53 0.024 85.35
1.12 5.67 0.025 86.1638
1.13 5.79 0.026 86.9211
1.14 5.91 0.027 87.6669
1.15 6.03 0.028 88.4018
1.16 6.12 0.03 89.3153
1.17 6.2 0.031 89.9413
1.18 6.3 0.033 90.8336
1.19 6.32 0.034 91.315
1.2 6.32 0.035 91.7487
1.21 6.32 0.036 92.1764
1.22 6.3 0.036 92.3454
1.23 6.29 0.037 92.7452
1.24 6.28 0.037 92.9329
1.25 6.28 0.037 93.1407
1.26 6.28 0.037 93.3472
1.27 6.28 0.037 93.5526
1.28 6.3 0.037 93.7997
1.29 6.35 0.038 94.319
1.3 6.38 0.038 94.5859
1.31 6.41 0.038 94.8516
1.32 6.43 0.038 95.095
1.33 6.47 0.038 95.3799
1.34 6.52 0.038 95.6847
1.35 6.54 0.038 95.925
1.36 6.57 0.038 96.1854
1.37 6.59 0.038 96.4237
1.38 6.63 0.038 96.703
1.39 6.65 0.038 96.9394
1.4 6.73 0.038 97.3002
1.41 6.74 0.038 97.5137
1.42 6.77 0.037 97.5513
1.43 6.79 0.037 97.7833
1.44 6.82 0.037 98.0352
1.45 6.84 0.037 98.2654
1.46 6.87 0.037 98.5154
1.47 6.94 0.037 98.8467
1.48 6.98 0.037 99.1152
1.49 7.02 0.037 99.3826
1.5 7.06 0.037 99.6491
1.51 7.11 0.037 99.9349
1.52 7.21 0.037 100.32
1.53 7.27 0.037 100.623
1.54 7.33 0.036 100.695
1.55 7.38 0.029 99.1749
1.56 7.43 0.029 99.449
1.57 7.47 0.03 99.9845
1.58 7.56 0.03 100.334
1.59 7.59 0.031 100.842
1.6 7.64 0.032 101.381
1.61 7.64 0.033 101.817
1.62 7.45 0.034 101.876
1.63 7.46 0.035 102.317
1.64 7.47 0.036 102.751
1.65 7.5 0.036 102.984
1.66 7.55 0.037 103.492
1.67 7.58 0.037 103.724
1.68 7.58 0.038 104.127
1.69 7.58 0.038 104.299
1.7 7.59 0.038 104.49
1.71 7.6 0.038 104.681
1.72 7.6 0.04 105.299
1.73 7.63 0.04 105.528
1.74 7.6 0.04 105.638
1.75 7.54 0.041 105.903
1.76 7.48 0.042 106.161
1.77 7.45 0.042 106.267
1.78 7.36 0.042 106.248
1.79 7.22 0.042 106.119
1.8 7.14 0.042 106.113
1.81 7.08 0.042 106.148
1.82 6.97 0.042 106.071
1.83 6.91 0.041 105.888
1.84 6.85 0.04 105.698
1.85 6.82 0.04 105.791
1.86 6.82 0.038 105.498
1.87 6.82 0.038 105.656
1.88 6.82 0.037 105.578
1.89 6.88 0.036 105.626
1.9 6.92 0.035 105.622
1.91 6.96 0.035 105.864
1.92 7.02 0.034 105.893
1.93 7.07 0.035 106.411
1.94 7.09 0.035 106.607
1.95 7.13 0.035 106.846
1.96 7.21 0.036 107.422
1.97 7.29 0.036 107.745
1.98 7.33 0.037 108.228
1.99 7.4 0.037 108.528
2 7.48 0.038 109.09
2.01 7.57 0.039 109.666
2.02 7.59 0.039 109.859
2.03 7.68 0.04 110.43
2.04 7.69 0.04 110.601
2.05 7.74 0.04 110.855
2.06 7.72 0.041 111.192
2.07 7.73 0.042 111.586
2.08 7.8 0.042 111.881
2.09 7.75 0.043 112.146
2.1 7.76 0.045 112.741
2.11 7.81 0.046 113.201
2.12 7.72 0.047 113.364
2.13 7.66 0.047 113.385
2.14 7.66 0.049 113.927
2.15 7.58 0.049 113.902
2.16 7.5 0.05 114.067
2.17 7.5 0.05 114.213
2.18 7.51 0.05 114.381
2.19 7.53 0.05 114.571
2.2 7.56 0.05 114.782
2.21 7.64 0.05 115.101
2.22 7.57 0.05 115.093
2.23 7.48 0.049 114.845
2.24 7.45 0.049 114.922
2.25 7.32 0.049 114.773
2.26 7.22 0.048 114.49
2.27 6.98 0.047 113.875
2.28 6.88 0.047 113.777
2.29 6.73 0.046 113.352
2.3 6.49 0.046 112.897
2.31 6.38 0.045 112.549
2.32 6.24 0.044 112.115
2.33 6.1 0.044 111.883
2.34 5.79 0.042 110.749
2.35 5.62 0.04 109.958
2.36 5.42 0.039 109.285
2.37 4.92 0.037 107.427
2.38 4.59 0.036 106.241
2.39 4.28 0.036 105.299
2.4 3.78 0.034 103.061
2.41 3.57 0.033 102.081
2.42 3.36 0.031 100.784
2.43 2.9 0.028 97.9502
2.44 2.65 0.027 96.5048
2.45 2.35 0.026 94.6598
2.46 2.03 0.025 92.4881
2.47 1.66 0.023 89.3262
2.48 1.48 0.022 87.636
2.49 1.32 0.022 86.3005
2.5 1.04 0.021 83.1585
2.51 0.9 0.021 81.5355
2.52 0.8 0.02 79.9278
2.53 0.71 0.019 78.3175
2.54 0.55 0.016 74.5001
2.55 0.49 0.015 72.9584
2.56 0.44 0.013 71.0634
2.57 0.37 0.013 69.3874
2.58 0.35 0.013 68.9087
2.59 0.33 0.013 68.4008
2.6 0.29 0.013 67.2118
2.61 0.28 0.012 66.5001
2.62 0.25 0.011 65.0209
2.63 0.22 0.01 63.3978
2.64 0.2 0.009 62.0533
2.65 0.18 0.008 60.5866
2.66 0.16 0.007 58.9713
2.67 0.16 0.007 59.0328
2.68 0.14 0.006 57.23
2.69 0.14 0.005 56.4268
2.7 0.13 0.004 54.8575
2.71 0.12 0.003 53.0007
2.72 0.11 0.003 52.3944
2.73 0.11 0.003 52.4479
2.74 0.1 0.002 50.0678
2.75 0.1 0.002 50.1185
2.76 0.1 0.002 50.1691
2.77 0.09 0.002 49.4634
2.78 0.09 0.002 49.513
2.79 0.09 0.002 49.5624
2.8 0.08 0.002 48.7774
2.81 0.08 0.003 50.501
2.82 0.08 0.004 51.7754
2.83 0.08 0.005 52.7975
2.84 0.08 0.008 54.9569
2.85 0.09 0.014 58.6183
2.86 0.09 0.025 61.5754
2.87 0.09 0.022 60.9831
2.88 0.5 0.041 82.2933
2.89 0.9 0.049 90.9877
2.9 2.18 0.056 104.605
2.91 3.06 0.056 109.944
2.92 3.62 0.057 112.911
2.93 3.33 0.058 111.829
2.94 2.77 0.061 109.465
2.95 1.28 0.069 99.051
2.96 1.27 0.075 99.7217
2.97 1.38 0.078 101.347
2.98 1.49 0.075 102.234
2.99 1.77 0.071 104.421
3 2.07 0.07 106.775
3.01 2.67 0.069 110.731
3.02 3.04 0.068 112.787
3.03 3.37 0.068 114.578
3.04 3.74 0.063 115.679
3.05 4.13 0.058 116.645
3.06 4.53 0.056 117.971
3.07 4.81 0.055 118.924
3.08 5.32 0.051 120.015
3.09 5.55 0.047 120.039
3.1 5.63 0.047 120.395
3.11 5.82 0.047 121.08
3.12 5.99 0.048 121.905
3.13 6.08 0.048 122.276
3.14 6.11 0.048 122.471
3.15 6.18 0.046 122.347
3.16 6.25 0.041 121.485
3.17 6.35 0.039 121.364
3.18 6.4 0.038 121.345
3.19 6.44 0.037 121.29
3.2 6.52 0.037 121.612
3.21 6.65 0.036 121.786
3.22 6.71 0.036 122.049
3.23 6.78 0.036 122.337
3.24 6.86 0.036 122.649
3.25 6.91 0.036 122.883
3.26 6.95 0.036 123.09
3.27 6.99 0.036 123.297
3.28 7.06 0.036 123.579
3.29 7.09 0.037 124.041
3.3 7.12 0.038 124.497
3.31 7.15 0.038 124.677
3.32 7.17 0.039 125.102
3.33 7.19 0.039 125.257
3.34 7.21 0.04 125.676
3.35 7.24 0.04 125.856
3.36 7.28 0.04 126.06
3.37 7.37 0.04 126.388
3.38 7.43 0.04 126.64
3.39 7.5 0.041 127.176
3.4 7.57 0.041 127.451
3.41 7.64 0.042 127.98
3.42 7.72 0.042 128.277
3.43 7.79 0.043 128.8
3.44 7.93 0.044 129.483
3.45 7.99 0.045 129.971
3.46 8.03 0.046 130.407
3.47 8.09 0.047 130.886
3.48 8.15 0.047 131.13
3.49 8.21 0.048 131.604
3.5 8.26 0.048 131.824
3.51 8.37 0.048 132.18
3.52 8.44 0.049 132.67
3.53 8.52 0.043 131.519
3.54 8.63 0.038 130.516
3.55 8.74 0.037 130.567
3.56 8.88 0.037 130.968
3.57 9.03 0.037 131.387
3.58 9.3 0.038 132.342
3.59 9.41 0.041 133.51
3.6 9.47 0.042 134.004
3.61 9.44 0.043 134.309
3.62 9.56 0.045 135.167
3.63 9.68 0.046 135.762
3.64 9.89 0.046 136.287
3.65 10.01 0.048 137.112
3.66 10.42 0.049 138.249
3.67 10.57 0.05 138.872
3.68 10.85 0.052 139.958
3.69 11.04 0.054 140.856
3.7 11.06 0.055 141.214
3.71 11.05 0.057 141.722
3.72 11.05 0.058 142.033
3.73 10.91 0.059 142.081
3.74 10.72 0.061 142.221
3.75 10.6 0.062 142.288
3.76 10.58 0.063 142.545
3.77 10.49 0.064 142.661
3.78 10.26 0.064 142.311
3.79 10.29 0.064 142.476
3.8 10.24 0.065 142.664
3.81 10.07 0.065 142.425
3.82 10.03 0.065 142.447
3.83 10.03 0.068 143.087
3.84 9.89 0.073 143.747
3.85 9.46 0.074 143.095
3.86 9.26 0.075 142.918
3.87 8.9 0.074 142.048
3.88 8.46 0.074 141.115
3.89 7.85 0.071 139.223
3.9 7.3 0.065 136.863
3.91 6.48 0.065 134.631
3.92 6.36 0.064 134.191
3.93 5.83 0.064 132.614
3.94 5.66 0.058 131.066
3.95 5.51 0.058 130.652
3.96 5.35 0.056 129.81
3.97 5.14 0.053 128.564
3.98 4.86 0.051 127.213
3.99 4.55 0.049 125.68
4 4.42 0.047 124.81
4.01 4.22 0.044 123.388
4.02 3.89 0.038 120.554
4.03 3.82 0.036 119.783
4.04 3.28 0.034 116.707
4.05 3.1 0.033 115.554
4.06 3.11 0.028 114.117
4.07 3.05 0.026 113.175
4.08 2.81 0.026 111.923
4.09 2.7 0.026 111.357
4.1 2.53 0.026 110.394
4.11 2.12 0.026 107.692
4.12 1.91 0.026 106.158
4.13 1.7 0.026 104.463
4.14 1.68 0.026 104.355
4.15 1.58 0.027 103.832
4.16 1.46 0.027 102.726
4.17 1.23 0.027 100.289
4.18 1.12 0.028 99.3106
4.19 1.02 0.03 98.6117
4.2 0.84 0.03 95.9564
4.21 0.78 0.03 95.0006
4.22 0.71 0.03 93.7848
4.23 0.67 0.028 92.5335
4.24 0.59 0.025 90.061
4.25 0.55 0.023 88.5968
4.26 0.51 0.021 87.0347
4.27 0.47 0.02 85.7244
4.28 0.44 0.018 84.2277
4.29 0.44 0.015 83.0135
4.3 0.44 0.013 82.0842
4.31 0.42 0.012 81.0472
4.32 0.43 0.01 80.1497
4.33 0.43 0.009 79.5012
4.34 0.43 0.008 78.7765
4.35 0.43 0.006 76.9626
4.36 0.43 0.006 77.0117
4.37 0.43 0.006 77.0608
4.38 0.42 0.006 76.8489
4.39 0.42 0.007 77.8902
4.4 0.42 0.007 77.9395
4.41 0.42 0.008 78.86
4.42 0.43 0.008 79.1775
4.43 0.44 0.008 79.49
4.44 0.45 0.009 80.5835
4.45 0.47 0.01 81.8548
4.46 0.5 0.011 83.2968
4.47 0.56 0.012 85.3356
4.48 0.62 0.013 87.2283
4.49 0.68 0.014 88.9982
4.5 0.73 0.015 90.4857
4.51 0.79 0.016 92.0704
4.52 0.87 0.016 93.4157
4.53 0.89 0.016 93.7795
4.54 0.91 0.015 93.6337
4.55 0.91 0.016 94.1954
4.56 0.9 0.016 94.1031
4.57 0.88 0.016 93.8562
4.58 0.84 0.016 93.2862
4.59 0.84 0.017 93.8148
4.6 0.84 0.019 94.7443
4.61 0.85 0.022 96.1286
4.62 0.86 0.023 96.7056
4.63 0.98 0.023 98.6011
4.64 1.07 0.023 99.9164
4.65 1.24 0.022 101.745
4.66 1.64 0.021 105.578
4.67 2.35 0.019 110.335
4.68 3.38 0.017 115.261
4.69 4.54 0.016 119.73
4.7 5.43 0.015 122.271
4.71 6.07 0.015 124.322
4.72 6.52 0.015 125.683
4.73 6.8 0.018 128.454
4.74 6.92 0.02 129.989
4.75 6.87 0.023 131.449
4.76 6.73 0.025 132.049
4.77 6.58 0.029 133.334
4.78 6.4 0.033 134.316
4.79 6.19 0.037 135.03
4.8 5.93 0.041 135.427
4.81 5.65 0.045 135.611
4.82 5.31 0.05 135.667
4.83 4.94 0.054 135.203
4.84 4.56 0.057 134.334
4.85 4.21 0.057 132.874
4.86 3.92 0.058 131.781
4.87 3.69 0.057 130.524
4.88 3.53 0.056 129.577
4.89 3.46 0.053 128.686
4.9 3.45 0.053 128.706
4.91 3.46 0.05 128.209
4.92 3.48 0.05 128.388
4.93 3.56 0.048 128.445
4.94 3.6 0.046 128.269
4.95 3.6 0.045 128.107
4.96 3.67 0.043 128.05
4.97 3.75 0.036 126.634
4.98 3.89 0.03 125.458
4.99 3.85 0.027 124.247
5 3.78 0.023 122.345
5.01 3.78 0.02 120.998
5.02 3.79 0.018 120.054
5.03 3.79 0.019 120.662
5.04 3.8 0.019 120.774
5.05 3.81 0.018 120.344
5.06 3.85 0.016 119.416
5.07 3.93 0.015 119.194
5.08 3.96 0.013 117.977
5.09 3.93 0.013 117.912
5.1 3.83 0.013 117.539
5.11 3.69 0.014 117.698
5.12 3.57 0.017 119.111
5.13 3.43 0.02 120.104
5.14 3.33 0.025 121.901
5.15 3.25 0.026 121.937
5.16 3.24 0.026 121.949
5.17 3.27 0.026 122.177
5.18 3.3 0.026 122.403
5.19 3.44 0.024 122.386
5.2 3.6 0.023 122.82
5.21 3.85 0.022 123.622
5.22 3.89 0.022 123.872
5.23 3.89 0.023 124.397
5.24 3.85 0.025 125.143
5.25 3.77 0.026 125.239
5.26 3.75 0.026 125.21
5.27 3.8 0.025 125.106
5.28 3.84 0.024 124.936
5.29 3.98 0.025 126.075
5.3 4.11 0.025 126.727
5.31 4.24 0.027 128.181
5.32 4.31 0.029 129.318
5.33 4.39 0.03 130.095
5.34 4.47 0.032 131.204
5.35 4.57 0.036 132.988
5.36 4.74 0.036 133.759
5.37 4.96 0.036 134.705
5.38 5.2 0.037 136.005
5.39 5.49 0.037 137.143
5.4 5.78 0.038 138.541
5.41 6.14 0.038 139.824
5.42 6.58 0.04 141.901
5.43 7.03 0.039 143.031
5.44 7.46 0.039 144.333
5.45 7.93 0.035 144.377
5.46 8.46 0.031 144.338
5.47 9.05 0.03 145.423
5.48 9.58 0.032 147.484
5.49 10.04 0.033 148.939
5.5 10.36 0.035 150.424
5.51 10.6 0.037 151.697
5.52 10.69 0.04 152.947
5.53 10.69 0.043 153.948
5.54 10.59 0.041 153.208
5.55 10.47 0.041 153.034
5.56 10.44 0.042 153.354
5.57 10.45 0.042 153.452
5.58 10.45 0.045 154.412
5.59 10.54 0.047 155.241
5.6 10.63 0.048 155.781
5.61 10.68 0.049 156.231
5.62 10.73 0.049 156.414
5.63 10.78 0.05 156.859
5.64 11.14 0.05 157.681
5.65 11.42 0.049 158.058
5.66 11.55 0.049 158.393
5.67 11.75 0.049 158.863
5.68 11.93 0.049 159.29
5.69 12.12 0.049 159.73
5.7 12.25 0.05 160.323
5.71 12.43 0.05 160.739
5.72 12.65 0.05 161.224
5.73 12.55 0.051 161.384
5.74 12.4 0.053 161.699
5.75 12.18 0.054 161.612
5.76 11.79 0.056 161.422
5.77 11.59 0.057 161.34
5.78 10.8 0.058 160.016
5.79 10.41 0.061 159.917
5.8 9.97 0.062 159.217
5.81 9.68 0.062 158.618
5.82 9.35 0.062 157.903
5.83 9.17 0.062 157.537
5.84 8.92 0.06 156.558
5.85 8.82 0.059 156.16
5.86 8.71 0.056 155.276
5.87 8.63 0.056 155.144
5.88 8.67 0.054 154.851
5.89 8.69 0.055 155.213
5.9 8.71 0.054 155.1
5.91 8.64 0.053 154.752
5.92 8.68 0.053 154.928
5.93 8.52 0.053 154.586
5.94 8.43 0.05 153.675
5.95 8.29 0.049 153.119
5.96 8.25 0.04 150.521
5.97 8.08 0.037 149.17
5.98 7.92 0.036 148.471
5.99 7.93 0.034 147.862
6 7.83 0.033 147.294
6.01 7.63 0.029 145.245
6.02 7.5 0.024 142.688
6.03 7.19 0.026 142.837
6.04 6.91 0.028 142.967
6.05 6.73 0.03 143.31
6.06 6.43 0.033 143.571
6.07 6.28 0.034 143.506
6.08 6.11 0.034 143.005
6.09 5.89 0.037 143.322
6.1 5.78 0.037 142.999
6.11 5.69 0.036 142.416
6.12 5.75 0.036 142.696
6.13 5.82 0.037 143.336
6.14 5.99 0.038 144.317
6.15 6.27 0.038 145.335
6.16 6.68 0.037 146.408
6.17 6.98 0.035 146.723
6.18 7.3 0.032 146.642
6.19 7.4 0.03 146.209
6.2 7.38 0.03 146.217
6.21 7.33 0.03 146.14
6.22 7.26 0.031 146.402
6.23 7.17 0.033 146.967
6.24 6.9 0.034 146.586
6.25 6.7 0.034 146.031
6.26 6.43 0.034 145.234
6.27 6.27 0.034 144.772
6.28 5.99 0.031 142.785
6.29 5.87 0.03 142.044
6.3 5.73 0.028 140.803
6.31 5.58 0.026 139.466
6.32 5.35 0.021 136.241
6.33 5.17 0.018 133.903
6.34 4.96 0.016 131.865
6.35 4.7 0.014 129.458
6.36 4.44 0.014 128.458
6.37 4.08 0.015 127.689
6.38 3.75 0.019 128.71
6.39 3 0.02 125.227
6.4 2.64 0.022 123.976
6.41 2.37 0.025 123.423
6.42 2.13 0.031 123.789
6.43 1.91 0.034 122.854
6.44 1.94 0.036 123.77
6.45 1.98 0.036 124.188
6.46 4.11 0.034 137.365
6.47 5.46 0.033 142.806
6.48 6.43 0.034 146.635
6.49 7.05 0.035 149.014
6.5 7.48 0.035 150.354
6.51 7.83 0.037 152.114
6.52 8.14 0.04 154.028
6.53 8.9 0.042 156.722
6.54 9.5 0.044 158.882
6.55 10.19 0.04 159.295
6.56 10.89 0.036 159.49
6.57 11.44 0.036 160.694
6.58 12 0.035 161.493
6.59 12.65 0.035 162.793
6.6 13.17 0.036 164.193
6.61 13.82 0.039 166.511
6.62 13.84 0.041 167.311
6.63 13.7 0.044 168.121
6.64 13.56 0.047 168.867
6.65 13.47 0.048 169.072
6.66 13.46 0.054 170.79
6.67 13.46 0.056 171.379
6.68 13.4 0.059 172.085
6.69 13.28 0.062 172.645
6.7 13.26 0.063 172.909
6.71 13.26 0.064 173.208
6.72 13.1 0.065 173.2
6.73 12.98 0.066 173.262
6.74 12.78 0.067 173.163
6.75 12.65 0.067 172.98
6.76 12.6 0.067 172.952
6.77 12.41 0.067 172.645
6.78 12.25 0.067 172.393
6.79 12.18 0.066 172.106
6.8 11.95 0.066 171.705
6.81 11.81 0.065 171.266
6.82 11.72 0.065 171.147
6.83 11.5 0.064 170.53
6.84 11.26 0.063 169.86
6.85 11.04 0.063 169.446
6.86 10.92 0.063 169.249
6.87 10.79 0.062 168.801
6.88 10.6 0.062 168.437
6.89 10.52 0.06 167.863
6.9 10.4 0.059 167.419
6.91 10.37 0.059 167.417
6.92 10.34 0.058 167.177
6.93 10.41 0.057 167.164
6.94 10.49 0.054 166.664
6.95 10.45 0.052 166.117
6.96 10.45 0.051 165.915
6.97 10.2 0.05 165.131
6.98 10.1 0.051 165.235
6.99 9.89 0.051 164.801
7 9.58 0.055 165.147
7.01 9.27 0.058 165.16
7.02 8.84 0.06 164.562
7.03 8.51 0.062 164.175
7.04 8.09 0.062 163.048
7.05 7.66 0.062 161.834
7.06 7.37 0.06 160.562
7.07 7.24 0.059 159.99
7.08 7.38 0.056 159.8
7.09 7.51 0.055 160.025
7.1 8.18 0.054 161.823
7.11 9.13 0.054 164.468
7.12 9.93 0.054 166.534
7.13 10.6 0.053 167.912
7.14 10.97 0.051 168.27
7.15 11.31 0.054 169.883
7.16 11.61 0.056 171.107
7.17 11.91 0.062 173.265
7.18 11.91 0.068 174.669
7.19 11.85 0.067 174.395
7.2 11.6 0.067 173.927
7.21 11.2 0.064 172.459
7.22 10.83 0.068 172.561
7.23 10.39 0.066 171.174
7.24 10.02 0.064 169.912
7.25 9.73 0.061 168.585
7.26 9.88 0.061 169.022
7.27 10.03 0.055 168
7.28 10.74 0.048 167.816
7.29 10.67 0.043 166.194
7.3 10.94 0.035 164.024
7.31 11.13 0.03 162.397
7.32 11.15 0.027 161.083
7.33 11.62 0.026 161.597
7.34 11.71 0.027 162.347
7.35 11.68 0.028 162.84
7.36 11.76 0.028 163.062
7.37 11.88 0.028 163.362
7.38 12.07 0.028 163.797
7.39 11.97 0.03 164.605
7.4 12.27 0.033 166.571
7.41 12.73 0.033 167.519
7.42 13.14 0.033 168.348
7.43 13.75 0.032 169.082
7.44 14.32 0.032 170.137
7.45 14.92 0.033 171.649
7.46 14.97 0.033 171.795
7.47 15.26 0.032 171.894
7.48 15.37 0.032 172.136
7.49 15.29 0.032 172.071
7.5 15.37 0.033 172.706
7.51 15.45 0.033 172.899
7.52 15.49 0.033 173.027
7.53 15.6 0.033 173.268
7.54 15.66 0.033 173.427
7.55 15.64 0.031 172.559
7.56 15.66 0.031 172.655
7.57 15.56 0.032 173.015
7.58 15.47 0.034 173.809
7.59 15.45 0.037 175.067
7.6 15.44 0.036 174.716
7.61 15.38 0.038 175.47
7.62 15.44 0.039 176.012
7.63 15.28 0.041 176.546
7.64 15.35 0.044 177.768
7.65 15.42 0.046 178.608
7.66 15.7 0.05 180.384
7.67 15.78 0.051 180.879
7.68 15.99 0.052 181.582
7.69 16.17 0.052 181.941
7.7 16.37 0.052 182.329
7.71 16.66 0.052 182.857
7.72 17.03 0.053 183.793
7.73 17.1 0.055 184.536
7.74 17.15 0.056 184.957
7.75 17.26 0.056 185.194
7.76 17.27 0.056 185.276
7.77 17.27 0.058 185.884
7.78 17.27 0.061 186.732
7.79 17.25 0.062 187.021
7.8 17.06 0.062 186.789
7.81 17.01 0.064 187.271
7.82 16.63 0.074 188.998
7.83 16.28 0.067 186.935
7.84 15.49 0.061 184.223
7.85 15.44 0.064 184.94
7.86 15.7 0.059 184.2
7.87 14.95 0.058 182.711
7.88 14.99 0.058 182.846
7.89 14.59 0.06 182.714
7.9 14.69 0.062 183.458
7.91 14.48 0.062 183.142
7.92 14.52 0.062 183.279
7.93 14.57 0.062 183.434
7.94 14.54 0.061 183.196
7.95 14.55 0.061 183.279
7.96 14.74 0.053 181.549
7.97 14.93 0.054 182.231
7.98 15.03 0.053 182.187
7.99 15.23 0.049 181.409
8 15.37 0.048 181.4
8.01 15.5 0.047 181.365
8.02 15.63 0.048 181.965
8.03 15.83 0.049 182.675
8.04 15.96 0.05 183.261
8.05 16.02 0.049 183.115
8.06 16.14 0.05 183.684
8.07 16.22 0.051 184.181
8.08 16.24 0.052 184.575
8.09 16.35 0.055 185.683
8.1 16.37 0.058 186.602
8.11 16.51 0.058 186.895
8.12 16.38 0.059 187.012
8.13 16.43 0.059 187.159
8.14 16.47 0.06 187.55
8.15 16.57 0.068 189.743
8.16 16.83 0.068 190.234
8.17 16.92 0.068 190.445
8.18 16.92 0.069 190.741
8.19 17.07 0.071 191.504
8.2 17.28 0.071 191.906
8.21 17.09 0.073 192.109
8.22 17.17 0.076 192.949
8.23 17.2 0.08 193.889
8.24 17.21 0.082 194.369
8.25 17.22 0.086 195.223
8.26 17.22 0.087 195.477
8.27 17.22 0.092 196.454
8.28 17.05 0.095 196.764
8.29 16.93 0.097 196.971
8.3 16.83 0.1 197.368
8.31 16.73 0.102 197.59
8.32 16.67 0.104 197.874
8.33 16.6 0.105 197.977
8.34 16.58 0.106 198.165
8.35 16.59 0.107 198.403
8.36 16.6 0.108 198.64
8.37 16.75 0.107 198.81
8.38 16.88 0.108 199.252
8.39 17.05 0.108 199.606
8.4 17.17 0.109 200.027
8.41 17.34 0.11 200.529
8.42 17.58 0.111 201.145
8.43 17.68 0.111 201.375
8.44 17.83 0.113 201.987
8.45 17.9 0.114 202.316
8.46 18.03 0.115 202.74
8.47 18.17 0.116 203.179
8.48 18.36 0.117 203.696
8.49 18.43 0.118 204.019
8.5 18.54 0.119 204.404
8.51 18.6 0.121 204.85
8.52 18.71 0.121 205.091
8.53 18.78 0.121 205.268
8.54 18.92 0.117 204.981
8.55 18.98 0.112 204.397
8.56 19 0.112 204.494
8.57 19.07 0.112 204.669
8.58 19.13 0.114 205.13
8.59 19.2 0.114 205.304
8.6 19.25 0.116 205.745
8.61 18.98 0.117 205.54
8.62 18.96 0.118 205.721
8.63 19.06 0.118 205.943
8.64 19.16 0.118 206.165
8.65 19.24 0.118 206.355
8.66 19.35 0.118 206.591
8.67 19.32 0.118 206.611
8.68 19.33 0.119 206.837
8.69 19.31 0.12 207.017
8.7 19.27 0.121 207.164
8.71 19.24 0.121 207.184
8.72 19.15 0.121 207.11
8.73 19.07 0.121 207.051
8.74 19.01 0.121 207.023
8.75 18.92 0.122 207.089
8.76 18.92 0.122 207.155
8.77 18.75 0.122 206.952
8.78 18.65 0.122 206.858
8.79 18.63 0.122 206.891
8.8 18.55 0.122 206.829
8.81 18.51 0.122 206.83
8.82 18.42 0.122 206.75
8.83 18.43 0.122 206.831
8.84 18.4 0.122 206.848
8.85 18.39 0.122 206.896
8.86 18.37 0.121 206.787
8.87 18.34 0.122 206.945
8.88 18.33 0.122 206.994
8.89 18.3 0.122 207.01
8.9 18.32 0.122 207.107
8.91 18.31 0.122 207.155
8.92 18.31 0.122 207.22
8.93 18.32 0.122 207.301
8.94 18.33 0.122 207.382
8.95 18.37 0.123 207.652
8.96 18.39 0.123 207.749
8.97 18.52 0.123 208.025
8.98 18.57 0.123 208.17
8.99 18.64 0.124 208.487
9 18.68 0.123 208.476
9.01 18.75 0.124 208.793
9.02 18.84 0.124 209.002
9.03 18.86 0.124 209.098
9.04 18.99 0.124 209.369
9.05 19 0.124 209.45
9.06 19.12 0.124 209.704
9.07 19.21 0.124 209.91
9.08 19.27 0.124 210.069
9.09 19.27 0.124 210.133
9.1 19.34 0.125 210.448
9.11 19.37 0.126 210.698
9.12 19.43 0.127 210.995
9.13 19.44 0.128 211.213
9.14 19.46 0.128 211.309
9.15 19.48 0.129 211.541
9.16 19.46 0.129 211.574
9.17 19.45 0.129 211.623
9.18 19.4 0.129 211.608
9.19 19.39 0.128 211.52
9.2 19.39 0.128 211.584
9.21 19.38 0.128 211.632
9.22 19.38 0.128 211.696
9.23 19.35 0.129 211.849
9.24 19.31 0.129 211.85
9.25 19.29 0.129 211.882
9.26 19.23 0.129 211.851
9.27 19.1 0.129 211.707
9.28 18.99 0.129 211.595
9.29 18.88 0.129 211.481
9.3 18.78 0.129 211.383
9.31 18.68 0.129 211.283
9.32 18.49 0.129 211.035
9.33 18.39 0.128 210.797
9.34 18.36 0.127 210.673
9.35 18.31 0.127 210.653
9.36 18.3 0.125 210.421
9.37 18.29 0.124 210.326
9.38 18.3 0.123 210.263
9.39 18.32 0.123 210.359
9.4 18.34 0.123 210.454
9.41 18.39 0.122 210.456
9.42 18.46 0.123 210.776
9.43 18.43 0.123 210.789
9.44 18.48 0.123 210.933
9.45 18.48 0.123 210.995
9.46 18.53 0.125 211.423
9.47 18.49 0.125 211.419
9.48 18.5 0.125 211.498
9.49 18.51 0.125 211.576
9.5 18.51 0.125 211.638
9.51 18.55 0.126 211.907
9.52 18.57 0.126 212.001
9.53 18.6 0.125 211.972
9.54 18.64 0.122 211.671
9.55 18.69 0.119 211.376
9.56 18.76 0.113 210.643
9.57 18.89 0.113 210.914
9.58 18.94 0.114 211.21
9.59 19.01 0.115 211.537
9.6 19.04 0.116 211.799
9.61 19.06 0.117 212.044
9.62 18.88 0.118 211.966
9.63 18.92 0.12 212.388
9.64 18.96 0.122 212.807
9.65 19.13 0.122 213.142
9.66 19.19 0.123 213.444
9.67 19.22 0.122 213.409
9.68 19.29 0.125 214.014
9.69 19.47 0.126 214.504
9.7 19.56 0.126 214.708
9.71 19.69 0.127 215.116
9.72 19.82 0.128 215.522
9.73 19.98 0.131 216.25
9.74 20.19 0.134 217.046
9.75 20.32 0.137 217.709
9.76 20.41 0.139 218.173
9.77 20.47 0.14 218.458
9.78 20.54 0.141 218.757
9.79 20.62 0.143 219.198
9.8 20.77 0.143 219.489
9.81 20.71 0.144 219.587
9.82 20.78 0.145 219.883
9.83 20.86 0.145 220.067
9.84 20.95 0.145 220.266
9.85 21.12 0.145 220.584
9.86 21.25 0.147 221.094
9.87 21.3 0.147 221.231
9.88 21.42 0.147 221.472
9.89 21.56 0.145 221.49
9.9 21.65 0.143 221.429
9.91 21.7 0.143 221.565
9.92 21.8 0.143 221.774
9.93 21.98 0.143 222.099
9.94 22.12 0.143 222.364
9.95 22.18 0.141 222.252
9.96 22.26 0.141 222.43
9.97 22.29 0.139 222.27
9.98 22.36 0.139 222.433
9.99 22.4 0.138 222.418
10 22.45 0.138 222.552
10.01 22.53 0.139 222.861
10.02 22.59 0.139 223.009
10.03 22.54 0.139 222.999
10.04 22.51 0.14 223.151
10.05 22.48 0.144 223.694
10.06 22.47 0.144 223.742
10.07 22.37 0.145 223.788
10.08 22.38 0.144 223.736
10.09 22.3 0.146 223.939
10.1 22.26 0.147 224.07
10.11 22.14 0.147 223.957
10.12 22.07 0.147 223.917
10.13 21.96 0.147 223.817
10.14 21.95 0.147 223.864
10.15 21.88 0.146 223.695
10.16 21.9 0.146 223.786
10.17 21.93 0.144 223.634
10.18 21.97 0.143 223.624
10.19 22.01 0.143 223.744
10.2 22.02 0.142 223.689
10.21 22 0.142 223.721
10.22 21.98 0.142 223.752
10.23 21.95 0.143 223.9
10.24 21.85 0.143 223.813
10.25 21.6 0.143 223.504
10.26 21.53 0.143 223.46
10.27 21.38 0.143 223.295
10.28 21.29 0.143 223.22
10.29 21.13 0.142 222.908
10.3 21.12 0.142 222.953
10.31 21.09 0.142 222.967
10.32 21.09 0.142 223.027
10.33 21.03 0.14 222.733
10.34 21.05 0.141 222.955
10.35 21.07 0.14 222.914
10.36 21.08 0.139 222.856
10.37 21.07 0.139 222.9
10.38 21.1 0.138 222.872
10.39 21.17 0.138 223.038
10.4 21.17 0.138 223.098
10.41 21.32 0.138 223.384
10.42 21.4 0.139 223.699
10.43 21.44 0.14 223.952
10.44 21.48 0.14 224.072
10.45 21.48 0.14 224.132
10.46 21.53 0.141 224.399
10.47 21.51 0.141 224.429
10.48 21.5 0.141 224.473
10.49 21.48 0.142 224.635
10.5 21.43 0.143 224.75
10.51 21.34 0.143 224.673
10.52 21.27 0.143 224.626
10.53 21.16 0.143 224.518
10.54 20.92 0.141 223.946
10.55 20.81 0.139 223.569
10.56 20.64 0.138 223.23
10.57 20.53 0.136 222.846
10.58 20.34 0.136 222.606
10.59 20.28 0.134 222.296
10.6 20.2 0.133 222.089
10.61 19.79 0.132 221.354
10.62 19.84 0.132 221.492
10.63 19.9 0.132 221.646
10.64 20.29 0.131 222.184
10.65 20.4 0.13 222.274
10.66 20.55 0.129 222.423
10.67 20.56 0.128 222.353
10.68 20.64 0.128 222.535
10.69 20.68 0.129 222.799
10.7 20.7 0.131 223.174
10.71 20.71 0.133 223.529
10.72 20.7 0.135 223.849
10.73 20.63 0.136 223.935
10.74 20.44 0.141 224.368
10.75 20.23 0.145 224.615
10.76 19.97 0.147 224.511
10.77 19.75 0.143 223.697
10.78 19.58 0.14 223.082
10.79 19.61 0.137 222.787
10.8 19.64 0.128 221.637
10.81 19.89 0.129 222.242
10.82 20.14 0.136 223.68
10.83 20.82 0.138 225.084
10.84 21.21 0.132 224.91
10.85 22.27 0.127 225.827
10.86 22.56 0.128 226.454
10.87 22.99 0.127 226.98
10.88 23.07 0.127 227.152
10.89 23.52 0.128 227.991
10.9 23.28 0.132 228.297
10.91 23.48 0.132 228.636
10.92 23.83 0.135 229.611
10.93 23.82 0.138 230.076
10.94 23.94 0.138 230.301
10.95 24 0.142 230.991
10.96 23.97 0.145 231.411
10.97 24.06 0.143 231.327
10.98 24.12 0.149 232.261
10.99 24.2 0.152 232.817
11 24.24 0.155 233.31
11.01 24.37 0.157 233.798
11.02 24.38 0.159 234.117
11.03 24.43 0.161 234.489
11.04 24.43 0.162 234.669
11.05 24.54 0.162 234.88
11.06 24.64 0.161 234.956
11.07 24.75 0.161 235.165
11.08 24.76 0.158 234.87
11.09 24.96 0.156 234.952
11.1 25.08 0.156 235.174
11.11 25.25 0.155 235.336
11.12 25.28 0.155 235.435
11.13 25.3 0.156 235.646
11.14 25.3 0.157 235.831
11.15 25.24 0.16 236.18
11.16 24.97 0.16 235.874
11.17 24.92 0.162 236.108
11.18 24.58 0.164 235.941
11.19 24.41 0.166 236.002
11.2 23.98 0.167 235.575
11.21 23.77 0.167 235.335
11.22 23.29 0.168 234.819
11.23 23.13 0.167 234.528
11.24 22.94 0.167 234.308
11.25 22.64 0.167 233.922
11.26 22.51 0.167 233.786
11.27 22.34 0.166 233.471
11.28 22.36 0.166 233.559
11.29 22.26 0.163 233.112
11.3 22.29 0.161 232.975
11.31 22.32 0.158 232.713
11.32 22.4 0.157 232.767
11.33 22.57 0.154 232.704
11.34 22.67 0.154 232.909
11.35 22.79 0.153 233.017
11.36 23.06 0.154 233.597
11.37 23.34 0.154 234.06
11.38 23.42 0.154 234.233
11.39 23.56 0.155 234.617
11.4 23.69 0.156 234.986
11.41 23.75 0.158 235.379
11.42 23.78 0.159 235.602
11.43 23.81 0.16 235.826
11.44 23.79 0.161 235.977
11.45 23.82 0.161 236.077
11.46 23.79 0.162 236.213
11.47 23.7 0.162 236.141
11.48 23.67 0.162 236.155
11.49 23.6 0.163 236.233
11.5 23.54 0.163 236.203
11.51 23.46 0.163 236.145
11.52 23.4 0.162 235.994
11.53 23.3 0.161 235.784
11.54 23.25 0.159 235.522
11.55 23.18 0.157 235.229
11.56 23.14 0.155 234.976
11.57 23.09 0.148 234.058
11.58 22.99 0.148 233.968
11.59 22.84 0.149 233.935
11.6 22.76 0.149 233.872
11.61 22.66 0.149 233.78
11.62 22.56 0.149 233.687
11.63 22.05 0.149 232.975
11.64 21.84 0.148 232.579
11.65 21.75 0.147 232.365
11.66 21.67 0.148 232.429
11.67 21.7 0.148 232.53
11.68 21.66 0.149 232.654
11.69 21.61 0.149 232.632
11.7 21.49 0.153 233.014
11.71 21.28 0.154 232.866
11.72 21.16 0.154 232.732
11.73 20.99 0.155 232.642
11.74 20.9 0.156 232.678
11.75 20.74 0.156 232.475
11.76 20.53 0.156 232.19
11.77 20.37 0.156 231.983
11.78 20.22 0.156 231.791
11.79 20.02 0.155 231.39
11.8 19.9 0.155 231.245
11.81 19.76 0.154 230.94
11.82 19.54 0.152 230.371
11.83 19.41 0.152 230.204
11.84 19.16 0.151 229.702
11.85 18.95 0.149 229.138
11.86 18.73 0.148 228.678
11.87 18.65 0.146 228.332
11.88 18.57 0.145 228.114
11.89 18.41 0.143 227.62
11.9 18.3 0.142 227.344
11.91 18.12 0.14 226.806
11.92 17.99 0.139 226.488
11.93 17.75 0.138 225.968
11.94 17.43 0.137 225.293
11.95 17.26 0.135 224.752
11.96 16.95 0.134 224.08
11.97 16.67 0.132 223.315
11.98 16.17 0.13 222.107
11.99 15.96 0.128 221.455
12 15.73 0.126 220.755
12.01 15.59 0.121 219.78
12.02 15.33 0.12 219.148
12.03 15.23 0.119 218.84
12.04 15.13 0.117 218.374
12.05 15.04 0.116 218.081
12.06 15.02 0.112 217.454
12.07 15.01 0.109 216.993
12.08 15.05 0.107 216.792
12.09 15.09 0.107 216.924
12.1 15.2 0.106 217.032
12.11 15.42 0.106 217.531
12.12 15.98 0.106 218.702
12.13 16.28 0.106 219.338
12.14 16.48 0.107 219.947
12.15 16.61 0.108 220.417
12.16 16.67 0.109 220.751
12.17 16.67 0.108 220.632
12.18 16.68 0.109 220.871
12.19 16.69 0.11 221.108
12.2 16.73 0.111 221.401
12.21 16.76 0.112 221.674
12.22 16.82 0.112 221.839
12.23 16.83 0.112 221.908
12.24 16.84 0.112 221.978
12.25 16.83 0.112 222.009
12.26 16.79 0.113 222.148
12.27 16.77 0.113 222.16
12.28 16.74 0.114 222.316
12.29 16.74 0.113 222.203
12.3 16.7 0.113 222.177
12.31 16.68 0.112 222.024
12.32 16.75 0.112 222.209
12.33 16.81 0.113 222.538
12.34 16.87 0.113 222.702
12.35 16.94 0.113 222.885
12.36 17.01 0.114 223.231
12.37 17.09 0.116 223.756
12.38 17.23 0.116 224.069
12.39 17.3 0.115 224.089
12.4 17.4 0.115 224.325
12.41 17.52 0.115 224.598
12.42 17.71 0.116 225.159
12.43 18.16 0.116 226.025
12.44 18.43 0.115 226.393
12.45 18.67 0.114 226.701
12.46 18.9 0.115 227.317
12.47 19.19 0.116 228.031
12.48 19.44 0.118 228.833
12.49 20.07 0.12 230.259
12.5 20.4 0.122 231.17
12.51 20.7 0.124 232.021
12.52 20.94 0.125 232.614
12.53 21.18 0.129 233.659
12.54 21.61 0.13 234.539
12.55 21.81 0.132 235.201
12.56 21.99 0.124 234.31
12.57 22.19 0.121 234.19
12.58 22.32 0.121 234.438
12.59 22.52 0.121 234.792
12.6 22.61 0.126 235.771
12.61 22.68 0.129 236.391
12.62 22.72 0.133 237.104
12.63 22.65 0.137 237.636
12.64 22.76 0.14 238.284
12.65 22.86 0.141 238.628
12.66 22.82 0.143 238.9
12.67 22.78 0.146 239.305
12.68 22.78 0.146 239.357
12.69 22.68 0.146 239.258
12.7 22.65 0.148 239.536
12.71 22.64 0.152 240.105
12.72 22.62 0.154 240.389
12.73 22.56 0.155 240.479
12.74 22.47 0.155 240.393
12.75 22.42 0.155 240.368
12.76 22.37 0.155 240.343
12.77 22.29 0.155 240.272
12.78 22.18 0.155 240.153
12.79 22.15 0.157 240.414
12.8 22.15 0.157 240.467
12.81 22.14 0.157 240.503
12.82 22.04 0.156 240.271
12.83 21.99 0.156 240.244
12.84 21.87 0.157 240.235
12.85 21.8 0.157 240.176
12.86 21.54 0.157 239.813
12.87 21.41 0.158 239.783
12.88 21.3 0.158 239.657
12.89 21.2 0.158 239.546
12.9 21 0.158 239.271
12.91 20.88 0.158 239.125
12.92 20.74 0.155 238.564
12.93 20.59 0.154 238.238
12.94 20.49 0.152 237.863
12.95 20.47 0.149 237.486
12.96 20.5 0.148 237.454
12.97 20.54 0.147 237.438
12.98 20.52 0.147 237.456
12.99 20.66 0.147 237.739
13 20.67 0.145 237.536
13.01 20.66 0.144 237.433
13.02 20.62 0.143 237.28
13.03 20.57 0.143 237.248
13.04 20.62 0.143 237.381
13.05 20.66 0.142 237.36
13.06 20.73 0.142 237.526
13.07 20.92 0.142 237.889
13.08 20.99 0.144 238.331
13.09 21.03 0.144 238.447
13.1 21.11 0.144 238.628
13.11 21.09 0.145 238.783
13.12 21 0.146 238.824
13.13 20.85 0.146 238.628
13.14 20.62 0.146 238.297
13.15 20.24 0.146 237.71
13.16 20.1 0.145 237.387
13.17 19.93 0.145 237.147
13.18 19.81 0.144 236.854
13.19 19.75 0.144 236.801
13.2 19.69 0.144 236.747
13.21 19.64 0.143 236.573
13.22 19.57 0.143 236.501
13.23 19.38 0.143 236.219
13.24 19.25 0.143 236.039
13.25 19.07 0.143 235.77
13.26 18.9 0.143 235.515
13.27 18.38 0.143 234.62
13.28 18.06 0.143 234.077
13.29 17.77 0.141 233.307
13.3 17.42 0.139 232.412
13.31 16.8 0.136 230.831
13.32 16.55 0.133 229.954
13.33 16.32 0.129 228.957
13.34 16.22 0.128 228.654
13.35 16.07 0.125 227.945
13.36 16.05 0.123 227.646
13.37 16.02 0.121 227.322
13.38 16.01 0.121 227.349
13.39 15.86 0.119 226.773
13.4 15.75 0.118 226.434
13.41 15.56 0.116 225.764
13.42 15.43 0.114 225.212
13.43 15.38 0.114 225.154
13.44 15.41 0.112 224.932
13.45 15.44 0.111 224.874
13.46 15.61 0.11 225.106
13.47 16.04 0.109 225.863
13.48 16.35 0.109 226.533
13.49 16.65 0.109 227.174
13.5 17.05 0.109 227.999
13.51 17.45 0.111 229.155
13.52 18.3 0.115 231.458
13.53 18.7 0.118 232.726
13.54 18.98 0.102 230.461
13.55 19.13 0.108 231.87
13.56 19.44 0.115 233.673
13.57 19.56 0.116 234.097
13.58 19.73 0.121 235.261
13.59 20.03 0.125 236.46
13.6 20.12 0.127 236.974
13.61 20.22 0.13 237.653
13.62 19.84 0.132 237.354
13.63 19.79 0.135 237.76
13.64 19.81 0.137 238.135
13.65 19.82 0.139 238.488
13.66 19.82 0.139 238.537
13.67 19.83 0.139 238.602
13.68 19.83 0.139 238.651
13.69 19.78 0.14 238.755
13.7 19.8 0.14 238.838
13.71 19.81 0.14 238.904
13.72 19.88 0.139 238.931
13.73 19.91 0.139 239.032
13.74 20.01 0.139 239.253
13.75 20.09 0.139 239.438
13.76 20.35 0.139 239.931
13.77 20.49 0.139 240.216
13.78 20.63 0.139 240.5
13.79 20.82 0.14 241.01
13.8 20.97 0.142 241.593
13.81 21.38 0.143 242.458
13.82 21.66 0.143 242.962
13.83 21.89 0.145 243.662
13.84 22.08 0.145 244.014
13.85 22.22 0.149 244.839
13.86 22.56 0.151 245.697
13.87 22.74 0.153 246.297
13.88 22.99 0.154 246.868
13.89 23.21 0.157 247.654
13.9 23.5 0.161 248.667
13.91 23.76 0.162 249.239
13.92 23.87 0.163 249.583
13.93 23.92 0.164 249.835
13.94 23.98 0.166 250.227
13.95 24.02 0.168 250.587
13.96 23.99 0.17 250.838
13.97 23.92 0.17 250.783
13.98 23.83 0.171 250.819
13.99 23.75 0.17 250.625
14 23.7 0.17 250.599
14.01 23.66 0.17 250.587
14.02 23.68 0.17 250.668
14.03 23.71 0.17 250.763
14.04 23.71 0.169 250.69
14.05 23.7 0.168 250.6
14.06 23.63 0.168 250.543
14.07 23.42 0.167 250.146
14.08 23.3 0.166 249.886
14.09 23.12 0.166 249.656
14.1 22.87 0.165 249.189
14.11 22.68 0.163 248.687
14.12 22.33 0.161 247.925
14.13 22.19 0.161 247.749
14.14 22.13 0.16 247.573
14.15 22.04 0.159 247.347
14.16 22.04 0.156 247.004
14.17 21.93 0.154 246.61
14.18 21.94 0.153 246.54
14.19 21.88 0.151 246.222
14.2 21.88 0.15 246.134
14.21 21.85 0.149 245.997
14.22 21.73 0.149 245.85
14.23 21.7 0.149 245.849
14.24 21.63 0.149 245.782
14.25 21.61 0.149 245.798
14.26 21.59 0.148 245.675
14.27 21.58 0.147 245.568
14.28 21.56 0.147 245.583
14.29 21.48 0.147 245.499
14.3 21.45 0.147 245.498
14.31 21.39 0.147 245.446
14.32 21.34 0.147 245.411
14.33 21.33 0.147 245.442
14.34 21.35 0.147 245.523
14.35 21.37 0.147 245.604
14.36 21.48 0.147 245.833
14.37 21.58 0.147 246.045
14.38 21.71 0.147 246.306
14.39 21.81 0.147 246.516
14.4 21.89 0.147 246.694
14.41 21.96 0.148 246.994
14.42 22.02 0.148 247.139
14.43 21.99 0.149 247.277
14.44 21.87 0.15 247.267
14.45 21.82 0.149 247.096
14.46 21.82 0.15 247.281
14.47 21.69 0.15 247.116
14.48 21.59 0.15 246.999
14.49 21.39 0.15 246.715
14.5 21.23 0.15 246.496
14.51 21 0.149 246.02
14.52 20.58 0.148 245.215
14.53 20.39 0.147 244.796
14.54 20.24 0.147 244.583
14.55 20.07 0.148 244.47
14.56 20.01 0.141 243.428
14.57 19.98 0.135 242.543
14.58 19.97 0.13 241.811
14.59 19.97 0.128 241.546
14.6 19.97 0.126 241.275
14.61 20.03 0.127 241.585
14.62 20.08 0.127 241.717
14.63 19.91 0.13 241.937
14.64 20.07 0.131 242.416
14.65 20.23 0.131 242.74
14.66 20.44 0.132 243.301
14.67 20.64 0.133 243.842
14.68 21.09 0.134 244.799
14.69 21.42 0.135 245.545
14.7 21.73 0.139 246.699
14.71 22.13 0.143 247.979
14.72 22.55 0.146 249.129
14.73 22.84 0.148 249.917
14.74 23.09 0.151 250.775
14.75 23.23 0.153 251.316
14.76 23.39 0.156 252.018
14.77 23.59 0.158 252.643
14.78 23.73 0.162 253.432
14.79 23.85 0.164 253.923
14.8 23.94 0.166 254.365
14.81 24.04 0.166 254.566
14.82 24.07 0.168 254.913
14.83 24.12 0.168 255.037
14.84 24.11 0.169 255.196
14.85 24.11 0.17 255.369
14.86 24.11 0.171 255.541
14.87 24.02 0.171 255.451
14.88 23.96 0.171 255.407
14.89 23.95 0.171 255.439
14.9 23.98 0.17 255.408
14.91 24 0.17 255.487
14.92 24.24 0.17 255.901
14.93 24.35 0.17 256.115
14.94 24.37 0.169 256.068
14.95 24.39 0.168 256.019
14.96 24.35 0.168 256.006
14.97 24.37 0.168 256.084
14.98 24.39 0.168 256.162
14.99 24.62 0.168 256.556
15 25.22 0.169 257.622
15.01 25.43 0.17 258.104
15.02 25.6 0.17 258.4
15.03 25.63 0.17 258.491
15.04 25.64 0.171 258.68
15.05 25.66 0.173 259.007
15.06 25.69 0.173 259.098
15.07 25.74 0.175 259.467
15.08 25.69 0.176 259.565
15.09 25.58 0.176 259.452
15.1 25.44 0.176 259.295
15.11 25.44 0.176 259.343
15.12 25.42 0.178 259.605
15.13 25.43 0.178 259.668
15.14 25.44 0.179 259.851
15.15 25.46 0.18 260.049
15.16 25.47 0.18 260.111
15.17 25.18 0.18 259.73
15.18 25.02 0.179 259.419
15.19 24.79 0.178 259.001
15.2 24.74 0.177 258.852
15.21 24.62 0.176 258.596
15.22 24.58 0.176 258.583
15.23 24.56 0.175 258.477
15.24 24.6 0.173 258.338
15.25 24.64 0.172 258.321
15.26 24.77 0.172 258.564
15.27 24.91 0.172 258.821
15.28 25.03 0.173 259.172
15.29 25.14 0.174 259.507
15.3 25.21 0.174 259.658
15.31 25.11 0.175 259.681
15.32 25.11 0.176 259.851
15.33 24.74 0.175 259.22
15.34 24.47 0.175 258.858
15.35 24.14 0.175 258.399
15.36 23.99 0.175 258.214
15.37 23.78 0.175 257.934
15.38 23.6 0.173 257.452
15.39 23.5 0.173 257.341
15.4 23.4 0.17 256.856
15.41 23.19 0.168 256.316
15.42 23.08 0.165 255.803
15.43 22.96 0.162 255.267
15.44 22.8 0.16 254.793
15.45 22.72 0.158 254.443
15.46 22.57 0.158 254.246
15.47 22.52 0.157 254.077
15.48 22.37 0.156 253.743
15.49 22.37 0.155 253.653
15.5 22.37 0.152 253.286
15.51 22.37 0.152 253.331
15.52 22.38 0.151 253.254
15.53 22.4 0.15 253.192
15.54 22.39 0.15 253.221
15.55 22.41 0.144 252.44
15.56 22.42 0.136 251.303
15.57 22.4 0.136 251.316
15.58 22.31 0.137 251.368
15.59 22.28 0.139 251.668
15.6 22.2 0.14 251.732
15.61 22.19 0.142 252.058
15.62 21.89 0.142 251.609
15.63 21.88 0.143 251.785
15.64 21.92 0.144 252.042
15.65 21.96 0.145 252.298
15.66 22.08 0.145 252.541
15.67 22.09 0.145 252.602
15.68 22.12 0.147 252.984
15.69 22.12 0.15 253.455
15.7 22.06 0.15 253.401
15.71 21.78 0.151 253.12
15.72 21.52 0.151 252.727
15.73 21.31 0.151 252.415
15.74 21.01 0.151 251.945
15.75 20.83 0.15 251.538
15.76 20.78 0.148 251.215
15.77 20.77 0.147 251.1
15.78 20.79 0.146 251.036
15.79 20.8 0.143 250.665
15.8 20.91 0.143 250.899
15.81 20.99 0.143 251.081
15.82 21.04 0.143 251.212
15.83 20.96 0.143 251.118
15.84 20.82 0.143 250.92
15.85 20.67 0.143 250.703
15.86 20.39 0.143 250.255
15.87 20.2 0.143 249.961
15.88 20.07 0.143 249.773
15.89 19.8 0.143 249.33
15.9 19.69 0.143 249.173
15.91 19.54 0.139 248.356
15.92 19.21 0.138 247.642
15.93 19.06 0.137 247.256
15.94 18.9 0.136 246.849
15.95 18.63 0.135 246.229
15.96 18.52 0.134 245.91
15.97 18.43 0.132 245.473
15.98 18.4 0.131 245.303
15.99 18.4 0.132 245.501
16 18.4 0.132 245.544
16.01 18.41 0.132 245.606
16.02 18.36 0.133 245.706
16.03 18.2 0.133 245.439
16.04 18.09 0.133 245.268
16.05 17.95 0.132 244.882
16.06 17.76 0.131 244.395
16.07 17.69 0.131 244.298
16.08 17.58 0.132 244.275
16.09 17.57 0.132 244.298
16.1 17.53 0.132 244.26
16.11 17.52 0.133 244.435
16.12 17.53 0.133 244.497
16.13 17.53 0.133 244.54
16.14 17.58 0.133 244.682
16.15 17.5 0.131 244.255
16.16 17.45 0.131 244.197
16.17 17.36 0.131 244.057
16.18 17.23 0.133 244.142
16.19 17.22 0.133 244.164
16.2 17.14 0.133 244.042
16.21 17.01 0.131 243.509
16.22 17.02 0.129 243.26
16.23 17.03 0.126 242.847
16.24 17.51 0.126 243.862
16.25 17.93 0.125 244.576
16.26 18.45 0.126 245.79
16.27 19.5 0.126 247.799
16.28 19.95 0.127 248.82
16.29 20.41 0.131 250.326
16.3 21.07 0.134 251.993
16.31 21.38 0.137 253.032
16.32 21.57 0.145 254.598
16.33 21.92 0.149 255.81
16.34 22.16 0.151 256.54
16.35 22.37 0.157 257.767
16.36 22.92 0.159 258.986
16.37 23.33 0.161 259.963
16.38 23.63 0.166 261.149
16.39 24.21 0.168 262.369
16.4 24.51 0.171 263.266
16.41 24.82 0.177 264.546
16.42 25.4 0.18 265.844
16.43 25.57 0.184 266.631
16.44 25.83 0.191 267.896
16.45 26.15 0.194 268.765
16.46 26.2 0.195 269
16.47 26.29 0.198 269.52
16.48 26.52 0.2 270.13
16.49 26.72 0.202 270.692
16.5 27.16 0.204 271.597
16.51 27.52 0.205 272.269
16.52 27.91 0.205 272.868
16.53 28.6 0.203 273.652
16.54 28.93 0.201 273.924
16.55 29.15 0.187 272.627
16.56 29.54 0.186 273.073
16.57 29.69 0.186 273.318
16.58 29.86 0.187 273.711
16.59 29.98 0.191 274.398
16.6 29.99 0.193 274.695
16.61 29.76 0.198 275.021
16.62 29.89 0.199 275.355
16.63 30.01 0.201 275.79
16.64 29.99 0.201 275.809
16.65 30 0.201 275.869
16.66 29.73 0.2 275.441
16.67 29.79 0.201 275.682
16.68 29.45 0.202 275.386
16.69 29.47 0.203 275.572
16.7 29.37 0.204 275.596
16.71 29.34 0.204 275.601
16.72 29.4 0.205 275.84
16.73 29.37 0.204 275.733
16.74 29.41 0.203 275.72
16.75 29.46 0.203 275.834
16.76 29.48 0.203 275.906
16.77 29.63 0.202 276.04
16.78 30.03 0.202 276.62
16.79 30.35 0.203 277.202
16.8 30.45 0.203 277.379
16.81 30.78 0.204 277.97
16.82 31.16 0.204 278.507
16.83 31.31 0.207 279.085
16.84 31.47 0.208 279.448
16.85 31.76 0.21 280.086
16.86 32.25 0.215 281.301
16.87 32.37 0.217 281.715
16.88 32.46 0.219 282.089
16.89 32.52 0.221 282.424
16.9 32.48 0.225 282.842
16.91 32.44 0.227 283.047
16.92 32.35 0.226 282.876
16.93 32.34 0.227 283.014
16.94 32.38 0.227 283.111
16.95 32.42 0.227 283.208
16.96 32.46 0.224 282.991
16.97 32.52 0.225 283.218
16.98 32.58 0.222 283.023
16.99 32.58 0.221 282.963
17 32.69 0.222 283.253
17.01 32.7 0.219 282.992
17.02 32.7 0.218 282.93
17.03 32.71 0.218 282.989
17.04 32.79 0.218 283.134
17.05 32.74 0.218 283.118
17.06 32.75 0.219 283.285
17.07 32.71 0.22 283.389
17.08 32.57 0.219 283.152
17.09 32.56 0.219 283.186
17.1 32.29 0.219 282.893
17.11 32.21 0.218 282.73
17.12 32.09 0.218 282.624
17.13 32.05 0.218 282.619
17.14 31.86 0.218 282.423
17.15 31.73 0.216 282.086
17.16 31.8 0.216 282.221
17.17 31.63 0.215 281.94
17.18 31.37 0.214 281.542
17.19 31.23 0.212 281.186
17.2 31.16 0.21 280.919
17.21 31.01 0.211 280.88
17.22 30.94 0.211 280.834
17.23 30.87 0.211 280.788
17.24 30.83 0.209 280.559
17.25 30.35 0.207 279.747
17.26 30.08 0.206 279.319
17.27 29.82 0.205 278.902
17.28 29.41 0.204 278.278
17.29 29.24 0.202 277.863
17.3 29.17 0.2 277.582
17.31 29.07 0.2 277.489
17.32 28.99 0.198 277.192
17.33 29.03 0.196 277.057
17.34 28.99 0.194 276.81
17.35 28.94 0.192 276.547
17.36 28.89 0.193 276.642
17.37 28.88 0.193 276.673
17.38 28.91 0.198 277.348
17.39 28.93 0.198 277.42
17.4 29.01 0.2 277.807
17.41 29.01 0.2 277.851
17.42 29.01 0.2 277.896
17.43 29.13 0.202 278.336
17.44 29.07 0.204 278.526
17.45 29.18 0.204 278.721
17.46 29.29 0.205 279.03
17.47 29.53 0.206 279.516
17.48 29.66 0.208 279.962
17.49 29.82 0.21 280.447
17.5 30.13 0.21 280.91
17.51 30.2 0.208 280.825
17.52 30.37 0.205 280.757
17.53 30.43 0.205 280.881
17.54 30.44 0.206 281.053
17.55 30.45 0.207 281.224
17.56 30.45 0.209 281.494
17.57 30.39 0.209 281.458
17.58 29.96 0.21 281.037
17.59 29.84 0.211 281.03
17.6 29.79 0.21 280.896
17.61 29.8 0.21 280.954
17.62 29.82 0.209 280.914
17.63 29.87 0.207 280.801
17.64 30.02 0.207 281.048
17.65 30.04 0.207 281.119
17.66 30.08 0.21 281.554
17.67 29.69 0.211 281.181
17.68 29.53 0.214 281.337
17.69 29.26 0.215 281.118
17.7 29.12 0.215 280.968
17.71 28.88 0.216 280.786
17.72 28.77 0.215 280.567
17.73 28.67 0.214 280.362
17.74 28.56 0.214 280.251
17.75 28.18 0.211 279.426
17.76 28.16 0.209 279.22
17.77 27.87 0.208 278.736
17.78 27.75 0.208 278.607
17.79 27.53 0.205 277.995
17.8 27.36 0.203 277.564
17.81 27.23 0.199 276.958
17.82 27.13 0.198 276.738
17.83 26.91 0.197 276.341
17.84 26.59 0.194 275.556
17.85 26.53 0.188 274.79
17.86 26.62 0.186 274.723
17.87 26.72 0.184 274.667
17.88 27.38 0.18 275.173
17.89 27.69 0.178 275.406
17.9 27.97 0.177 275.719
17.91 28.4 0.177 276.368
17.92 28.79 0.177 276.954
17.93 28.95 0.177 277.218
17.94 28.81 0.177 277.068
17.95 28.78 0.177 277.069
17.96 28.57 0.18 277.207
17.97 28.47 0.181 277.238
17.98 28.14 0.183 277.069
17.99 28 0.183 276.913
18 27.91 0.183 276.827
18.01 27.8 0.182 276.587
18.02 27.85 0.182 276.701
18.03 27.83 0.18 276.461
18.04 27.84 0.179 276.389
18.05 27.86 0.179 276.461
18.06 27.89 0.179 276.546
18.07 27.82 0.178 276.36
18.08 27.83 0.177 276.287
18.09 27.79 0.176 276.142
18.1 27.73 0.176 276.098
18.11 27.67 0.176 276.055
18.12 27.55 0.176 275.924
18.13 27.46 0.174 275.574
18.14 27.47 0.175 275.763
18.15 27.47 0.174 275.673
18.16 27.44 0.174 275.672
18.17 27.49 0.174 275.787
18.18 27.4 0.148 272.011
18.19 27.45 0.159 273.752
18.2 27.32 0.161 273.892
18.21 27.14 0.16 273.531
18.22 26.89 0.16 273.208
18.23 26.84 0.163 273.599
18.24 26.68 0.166 273.821
18.25 26.63 0.17 274.332
18.26 26.37 0.173 274.385
18.27 26.54 0.173 274.681
18.28 26.72 0.176 275.384
18.29 26.96 0.178 276.04
18.3 27.04 0.18 276.457
18.31 27.19 0.181 276.846
18.32 27.34 0.182 277.235
18.33 27.53 0.183 277.68
18.34 27.89 0.183 278.242
18.35 28.22 0.186 279.134
18.36 28.52 0.192 280.341
18.37 28.97 0.194 281.259
18.38 29.09 0.196 281.709
18.39 29.15 0.196 281.835
18.4 29.06 0.197 281.872
18.41 28.89 0.198 281.795
18.42 28.51 0.198 281.3
18.43 28.14 0.197 280.696
18.44 28.06 0.197 280.623
18.45 27.95 0.194 280.149
18.46 27.92 0.193 280.027
18.47 27.78 0.19 279.502
18.48 27.72 0.189 279.335
18.49 27.65 0.186 278.903
18.5 27.71 0.184 278.782
18.51 27.77 0.183 278.784
18.52 27.76 0.183 278.811
18.53 27.82 0.184 279.066
18.54 27.81 0.181 278.712
18.55 27.9 0.178 278.496
18.56 27.9 0.174 278.012
18.57 27.79 0.173 277.762
18.58 27.76 0.173 277.76
18.59 27.69 0.173 277.701
18.6 27.67 0.173 277.714
18.61 27.59 0.174 277.773
18.62 27.32 0.176 277.685
18.63 27.28 0.176 277.668
18.64 27.39 0.176 277.87
18.65 27.5 0.176 278.072
18.66 27.55 0.176 278.186
18.67 27.59 0.176 278.286
18.68 27.5 0.177 278.327
18.69 27.49 0.178 278.485
18.7 27.49 0.178 278.526
18.71 27.48 0.178 278.553
18.72 27.36 0.178 278.419
18.73 27.27 0.179 278.458
18.74 27.24 0.178 278.325
18.75 27.1 0.178 278.16
18.76 27.01 0.178 278.068
18.77 27.01 0.178 278.109
18.78 26.91 0.178 278.002
18.79 26.94 0.178 278.088
18.8 26.87 0.177 277.894
18.81 26.95 0.177 278.054
18.82 26.84 0.176 277.801
18.83 26.78 0.176 277.752
18.84 26.71 0.175 277.557
18.85 26.62 0.174 277.331
18.86 26.51 0.175 277.339
18.87 26.47 0.174 277.187
18.88 26.2 0.174 276.819
18.89 26.06 0.173 276.513
18.9 25.96 0.171 276.134
18.91 25.63 0.17 275.531
18.92 25.45 0.169 275.157
18.93 25.16 0.168 274.608
18.94 24.91 0.168 274.254
18.95 24.39 0.165 273.053
18.96 24.12 0.165 272.655
18.97 23.96 0.164 272.296
18.98 23.67 0.162 271.582
18.99 23.52 0.16 271.093
19 23.31 0.158 270.499
19.01 23.02 0.155 269.621
19.02 22.83 0.152 268.901
19.03 22.73 0.151 268.623
19.04 22.62 0.151 268.475
19.05 22.59 0.149 268.165
19.06 22.57 0.148 268.019
19.07 22.59 0.148 268.093
19.08 22.62 0.147 268.032
19.09 22.56 0.145 267.663
19.1 22.59 0.144 267.599
19.11 22.57 0.142 267.293
19.12 22.55 0.143 267.454
19.13 22.55 0.144 267.648
19.14 22.53 0.144 267.652
19.15 22.51 0.143 267.502
19.16 22.46 0.141 267.142
19.17 22.35 0.14 266.834
19.18 22.15 0.14 266.527
19.19 21.94 0.137 265.721
19.2 21.61 0.137 265.18
19.21 21.28 0.136 264.47
19.22 20.63 0.136 263.33
19.23 20.37 0.132 262.235
19.24 20.18 0.133 262.084
19.25 20.06 0.129 261.232
19.26 20.03 0.128 261.044
19.27 19.98 0.124 260.3
19.28 19.89 0.12 259.459
19.29 19.86 0.115 258.523
19.3 19.87 0.111 257.819
19.31 19.88 0.107 257.088
19.32 19.88 0.104 256.517
19.33 20.08 0.104 256.924
19.34 20.37 0.105 257.698
19.35 21.21 0.106 259.443
19.36 21.72 0.109 260.975
19.37 22.22 0.111 262.266
19.38 22.6 0.113 263.336
19.39 22.87 0.115 264.21
19.4 23.13 0.117 265.058
19.41 23.3 0.12 265.935
19.42 23.54 0.122 266.733
19.43 23.68 0.12 266.632
19.44 23.85 0.121 267.129
19.45 24.01 0.122 267.608
19.46 24.28 0.127 268.975
19.47 24.58 0.134 270.695
19.48 25 0.142 272.708
19.49 25.84 0.146 274.682
19.5 25.8 0.153 275.732
19.51 26.03 0.156 276.57
19.52 26.27 0.158 277.269
19.53 26.5 0.163 278.378
19.54 26.61 0.166 279.006
19.55 26.76 0.171 279.963
19.56 26.81 0.174 280.483
19.57 26.78 0.176 280.745
19.58 26.9 0.183 281.879
19.59 26.89 0.186 282.285
19.6 26.86 0.186 282.28
19.61 26.77 0.188 282.435
19.62 26.66 0.189 282.432
19.63 26.69 0.19 282.642
19.64 26.66 0.189 282.512
19.65 26.62 0.19 282.615
19.66 26.66 0.189 282.592
19.67 26.57 0.189 282.494
19.68 26.4 0.188 282.148
19.69 26.11 0.188 281.74
19.7 26.04 0.188 281.671
19.71 25.67 0.188 281.13
19.72 25.45 0.188 280.822
19.73 24.97 0.188 280.092
19.74 24.67 0.188 279.645
19.75 24.47 0.186 279.108
19.76 24.14 0.184 278.352
19.77 23.36 0.183 276.951
19.78 22.93 0.178 275.614
19.79 22.46 0.175 274.444
19.8 21.99 0.172 273.254
19.81 21.42 0.17 271.996
19.82 21.22 0.164 270.856
19.83 21.23 0.161 270.497
19.84 21.23 0.158 270.112
19.85 21.45 0.156 270.264
19.86 21.67 0.151 269.967
19.87 21.82 0.15 270.124
19.88 22.23 0.15 270.887
19.89 22.44 0.15 271.292
19.9 22.55 0.15 271.521
19.91 22.6 0.15 271.645
19.92 22.61 0.152 272
19.93 22.52 0.152 271.882
19.94 22.43 0 0
19.95 22.4 0 0
19.96 22.44 0 0
19.97 22.48 0 0
19.98 22.66 0 0
19.99 22.73 0 0
20 22.86 0 0
