0.008 1.35 0.0303 18.0261
0.016 1.35 0.035 22.1206
0.024 1.98 0.0311 25.908
0.032 2.13 0.031 28.3542
0.04 3.55 0.0322 32.5744
0.048 4.99 0.0331 36.0727
0.057 5.32 0.0353 38.3935
0.065 4.53 0.0391 39.2423
0.073 5.81 0.0431 42.3498
0.081 7.31 0.044 45.1353
0.089 7.96 0.0519 47.5534
0.097 8.94 0.0411 48.5741
0.105 7.41 0.0416 48.3806
0.113 7.96 0.0496 50.6255
0.121 4.56 0.0422 46.9839
0.129 4.36 0.0429 47.5848
0.137 3.03 0.0847 48.5908
0.145 3.05 0.0927 49.7827
0.153 2.99 0.1005 50.727
0.161 2.94 0.1061 51.5581
0.169 2.84 0.1098 52.1466
0.177 2.8 0.1099 52.7177
0.185 2.75 0.1123 53.327
0.194 2.69 0.1149 53.9672
0.202 2.63 0.1164 54.4586
0.21 2.56 0.1177 54.8871
0.218 2.52 0.1205 55.4432
0.226 2.43 0.1227 55.7929
0.234 2.4 0.1208 56.1614
0.242 2.37 0.1206 56.5784
0.25 2.4 0.1211 57.2154
0.258 2.44 0.1203 57.8243
0.266 2.6 0.122 58.9218
0.274 3.14 0.1191 60.9237
0.282 3.7 0.1218 62.999
0.29 4.59 0.1287 65.7934
0.298 5.28 0.0983 66.1439
0.306 6.53 0.0626 66.1715
0.315 8.31 0.0669 69.4458
0.323 10.71 0.0657 72.4248
0.331 14.49 0.0669 76.278
0.339 16.7 0.0511 76.6346
0.347 15.1 0.0575 76.7726
0.355 16.58 0.0594 78.52
0.363 17.83 0.0569 79.5542
0.371 18.2 0.0753 82.1681
0.379 19.44 0.0586 81.7224
0.387 22.01 0.051 82.7196
0.395 23.21 0.0985 88.5489
0.403 22.86 0.0991 88.8941
0.411 24.3 0.0912 89.5498
0.419 24.47 0.12 92.2029
0.427 24.41 0.1432 94.0288
0.435 24.63 0.1172 93.073
0.444 23.6 0.1013 91.9086
0.452 25.14 0.1101 93.8589
0.46 25.72 0.1083 94.4984
0.468 25.9 0.1059 94.8708
0.476 25.79 0.1024 94.9945
0.484 25.82 0.1052 95.6661
0.492 25.47 0.1082 96.1391
