0.01 0.6051 0 0
0.02 1.0776 0 0
0.03 1.0776 0.003 20.7887
0.04 2.1059 0.0061 26.309
0.05 2.3719 0.0122 30.1669
0.06 2.5505 0.0243 33.961
0.07 2.6577 0.0358 36.8271
0.0800001 2.7371 0.0408 38.802
0.0900001 2.8086 0.0416 40.3077
0.1 2.8324 0.0416 41.5563
0.11 2.8403 0.0408 42.6203
0.12 2.8642 0.0399 43.6355
0.13 2.8503 0.0385 44.4538
0.14 2.8364 0.0358 45.0737
0.15 2.8523 0.0336 45.7415
0.16 2.8324 0.0316 46.2858
0.17 2.8324 0.0313 47.0351
0.18 2.8006 0.0309 47.6598
0.19 2.7887 0.0301 48.2465
0.2 2.7936 0.0297 48.8973
0.21 2.7985 0.0297 49.5776
0.22 2.8133 0.0297 50.2611
0.23 2.8443 0.0297 50.9664
0.24 2.9158 0.0298 51.7722
0.25 3.0388 0.0308 52.8204
0.26 3.2334 0.0308 53.8789
0.27 3.2334 0.0313 54.5202
0.28 3.4676 0.031 55.587
0.29 3.5748 0.0313 56.4238
0.3 3.5311 0.0316 56.9024
0.31 3.547 0.0323 57.5655
0.32 3.5192 0.0325 58.0398
0.33 3.4597 0.0332 58.4985
0.34 3.3883 0.0338 58.8969
0.35 3.3168 0.0342 59.2493
0.36 3.289 0.0342 59.6428
0.37 3.2612 0.0343 60.04
0.38 3.1897 0.0344 60.3086
0.39 3.154 0.0344 60.6473
0.4 3.1441 0.0347 61.0922
0.41 3.1411 0.0349 61.5339
0.42 3.1446 0.035 61.9722
0.43 3.148 0.0352 62.4182
0.44 3.1699 0.0353 62.896
0.45 3.2096 0.0353 63.4037
0.46 3.2572 0.0354 63.9427
0.47 3.3247 0.0354 64.5165
0.48 3.3962 0.0354 65.0943
0.49 3.5272 0.0359 65.9032
0.5 3.5748 0.038 66.7172
0.51 3.678 0.0389 67.4923
0.52 3.8249 0.0389 68.2414
0.53 3.8885 0.0401 68.9409
0.54 4.218 0.0413 70.2887
0.55 4.3808 0.043 71.2733
0.56 4.4999 0.0464 72.3652
0.57 4.7262 0.0464 73.2378
0.58 4.877 0.0499 74.375
0.59 4.877 0.0504 74.7913
0.6 5.1986 0.0519 76.021
0.61 5.2582 0.053 76.6302
0.62 5.2859 0.0534 77.0838
0.63 5.3614 0.0534 77.5858
0.640001 5.3614 0.0534 77.9262
0.650001 5.3931 0.0534 78.3293
0.660001 5.3574 0.0534 78.5872
0.670001 5.274 0.0516 78.514
0.680001 5.1113 0.0507 78.3683
0.690001 5.008 0.0486 78.1804
0.700001 4.881 0.0437 77.5155
0.710001 4.746 0.0413 77.1447
0.720001 4.476 0.0374 76.1636
0.730001 4.3887 0.0353 75.874
0.740001 4.218 0.033 75.3043
0.75 4.1624 0.0295 74.7411
0.760001 4.1148 0.028 74.5682
0.770001 4.0155 0.0263 74.1893
0.780001 3.9718 0.0253 74.0993
0.790001 3.9519 0.0245 74.11
0.800001 3.9493 0.0235 74.1052
0.810001 3.9488 0.0234 74.3338
0.820001 3.9504 0.0233 74.5656
0.830001 3.952 0.0232 74.7949
0.840001 3.9679 0.0232 75.0877
0.850001 3.9837 0.023 75.324
0.860001 3.9996 0.023 75.6127
0.870001 4.0314 0.022 75.6623
0.880001 4.0631 0.022 75.9887
0.890001 4.1148 0.0219 76.3378
0.900001 4.1545 0.0206 76.2918
0.910001 4.1783 0.0193 76.1752
0.920001 4.2815 0.0189 76.5424
0.930001 4.2815 0.0188 76.739
0.940001 4.4562 0.0189 77.4462
0.950001 4.4999 0.0189 77.7836
0.960001 4.5951 0.0196 78.483
0.970001 4.6468 0.0203 79.0668
0.980001 4.6577 0.0203 79.3193
0.990001 4.6686 0.0217 80.013
1 4.746 0.0225 80.6697
1.01 4.8095 0.0233 81.2841
1.02 4.8969 0.0242 81.9768
1.03 4.9525 0.0248 82.5011
1.04 4.9961 0.0252 82.9378
1.05 4.9961 0.0252 83.1587
1.06 5.0874 0.0262 83.867
1.07 5.1351 0.0266 84.3055
1.08 5.1946 0.0266 84.6641
1.09 5.2542 0.0275 85.2566
1.1 5.282 0.028 85.6666
1.11 5.3058 0.0291 86.214
1.12 5.3058 0.0298 86.6003
1.13 5.3614 0.0302 87.0415
1.14 5.3733 0.0302 87.2828
1.15 5.3733 0.0312 87.7324
1.16 5.3753 0.0318 88.0881
1.17 5.3773 0.0322 88.3951
1.18 5.409 0.0327 88.7933
1.19 5.4209 0.0331 89.1202
1.2 5.4209 0.0334 89.3948
1.21 5.4348 0.0334 89.6343
1.22 5.4487 0.0336 89.9174
1.23 5.4964 0.0336 90.2348
1.24 5.548 0.0336 90.56
1.25 5.6036 0.0335 90.8703
1.26 5.6512 0.0326 90.9764
1.27 5.7227 0.0322 91.248
1.28 5.7227 0.0318 91.3522
1.29 5.949 0.0318 92.0627
1.3 6.0641 0.0318 92.5155
1.31 6.1951 0.0318 92.9986
1.32 6.3301 0.032 93.5339
1.33 6.4571 0.0321 94.0233
1.34 6.5921 0.0328 94.6702
1.35 6.6834 0.0333 95.1739
1.36 6.7708 0.0337 95.6429
1.37 6.8065 0.0337 95.9105
1.38 6.8065 0.0347 96.3387
1.39 6.8383 0.0353 96.735
1.4 6.8978 0.0358 97.1626
1.41 6.8542 0.0359 97.2887
1.42 6.739 0.0359 97.2424
1.43 6.608 0.0359 97.1573
1.44 6.608 0.0358 97.3231
1.45 6.4651 0.0337 96.7163
1.46 6.4515 0.0317 96.3801
1.47 6.4449 0.0306 96.2656
1.48 6.4465 0.0302 96.3452
1.49 6.4481 0.0299 96.449
1.5 6.4532 0.0299 96.6395
1.51 6.4413 0.0299 96.7925
1.52 6.429 0.0299 96.9436
1.53 6.4589 0.0299 97.1854
1.54 6.4888 0.0302 97.5073
1.55 6.5524 0.0308 97.9804
1.56 6.6556 0.0313 98.5087
1.57 6.6556 0.0313 98.6839
1.58 6.9097 0.032 99.5761
1.59 7.0805 0.0331 100.384
1.6 7.3465 0.0341 101.345
1.61 7.672 0.0347 102.305
1.62 7.8507 0.0353 102.969
1.63 7.8348 0.0353 103.115
1.64 7.8348 0.0362 103.507
1.65 7.8175 0.0371 103.861
1.66 7.8109 0.0371 104.023
1.67 7.8208 0.0385 104.537
1.68 7.8308 0.0403 105.129
1.69 7.8507 0.0403 105.341
1.7 7.8507 0.0408 105.622
1.71 7.8308 0.0414 105.885
1.72 7.7792 0.0421 106.104
1.73 7.7792 0.0427 106.4
1.74 7.7295 0.0435 106.637
1.75 7.7047 0.0435 106.757
1.76 7.6933 0.0435 106.904
1.77 7.6938 0.0435 107.073
1.78 7.6942 0.0434 107.221
1.79 7.6998 0.0429 107.296
1.8 7.7196 0.042 107.313
1.81 7.7276 0.0413 107.344
1.82 7.7276 0.0405 107.334
1.83 7.934 0.04 107.795
1.84 8.0968 0.0395 108.161
1.85 8.0968 0.0395 108.324
1.86 8.3668 0.039 108.885
1.87 8.5335 0.0388 109.311
1.88 8.6645 0.0389 109.737
1.89 8.7598 0.039 110.096
1.9 8.8789 0.0393 110.542
1.91 8.9861 0.0404 111.15
1.92 8.9861 0.0414 111.538
1.93 9.1171 0.0422 112.111
1.94 9.2323 0.0427 112.586
1.95 9.2323 0.0407 112.298
1.96 9.4109 0.0387 112.296
1.97 9.3792 0.0342 111.251
1.98 9.3633 0.0296 110.049
1.99 9.2958 0.0327 111.005
2 9.1886 0.0358 111.814
2.01 9.0417 0.0433 113.491
2.02 9.0417 0.0442 113.843
2.03 8.8313 0.0442 113.613
2.04 8.6923 0.047 114.09
2.05 8.5137 0.0479 114.084
2.06 8.0685 0.0482 113.418
2.07 7.9616 0.0484 113.392
2.08 7.914 0.0484 113.446
2.09 7.8903 0.0482 113.509
2.1 7.8819 0.0481 113.622
2.11 7.8848 0.0478 113.719
2.12 7.8877 0.0475 113.815
2.13 7.8943 0.0472 113.918
2.14 7.9261 0.0469 114.072
2.15 7.9936 0.0469 114.36
2.16 8.0333 0.0469 114.589
2.17 8.1842 0.0469 115.044
2.18 8.2516 0.0475 115.449
2.19 8.3231 0.0475 115.74
2.2 8.4025 0.0486 116.266
2.21 8.4263 0.0489 116.52
2.22 8.4303 0.0493 116.754
2.23 8.5018 0.0497 117.121
2.24 8.5375 0.0501 117.415
2.25 8.5653 0.0506 117.713
2.26 8.5653 0.0511 117.955
2.27 8.7241 0.0513 118.451
2.28 8.7916 0.0516 118.785
2.29 8.867 0.0516 119.076
2.3 8.9742 0.0522 119.542
2.31 9.0576 0.0528 119.96
2.32 9.1251 0.0533 120.327
2.33 9.2085 0.0536 120.685
2.34 9.2759 0.0539 121.012
2.35 9.2839 0.0545 121.282
2.36 9.2839 0.0549 121.499
2.37 9.4149 0.0554 121.98
2.38 9.4784 0.0554 122.241
2.39 9.6293 0.0562 122.808
2.4 9.7166 0.0567 123.202
2.41 9.7643 0.057 123.485
2.42 9.7841 0.0575 123.754
2.43 9.8397 0.0575 123.997
2.44 9.8159 0.058 124.185
2.45 9.8238 0.0584 124.411
2.46 9.8318 0.0548 123.909
2.47 9.8596 0.0512 123.4
2.48 9.8913 0.0478 122.891
2.49 9.935 0.0466 122.847
2.5 10.018 0.048 123.435
2.51 10.078 0.0494 123.974
2.52 10.133 0.0497 124.271
2.53 10.181 0.0497 124.493
2.54 10.241 0.0521 125.225
2.55 10.241 0.0533 125.6
2.56 10.32 0.0541 126.032
2.57 10.2733 0.0551 126.278
2.58 10.2746 0.056 126.588
2.59 10.276 0.0566 126.839
2.6 10.276 0.0566 126.975
2.61 10.419 0.0574 127.512
2.62 10.495 0.0578 127.856
2.63 10.602 0.0578 128.178
2.64 10.709 0.0595 128.809
2.65 10.824 0.0607 129.358
2.66 10.943 0.0607 129.698
2.67 10.943 0.0624 130.132
2.68 10.916 0.0634 130.393
2.69 10.892 0.0634 130.487
2.7 10.892 0.0652 130.926
2.71 10.836 0.0652 130.963
2.72 10.828 0.066 131.217
2.73 10.828 0.0671 131.531
2.74 10.781 0.0671 131.583
2.75 10.771 0.0674 131.747
2.76 10.77 0.0673 131.862
2.77 10.769 0.0673 131.993
2.78 10.769 0.0672 132.109
2.79 10.7595 0.0669 132.175
2.8 10.7633 0.0662 132.198
2.81 10.7671 0.0662 132.335
2.82 10.777 0.0654 132.35
2.83 10.868 0.0654 132.641
2.84 11.174 0.0642 133.097
2.85 11.174 0.064 133.193
2.86 11.265 0.0639 133.461
2.87 11.467 0.0639 133.933
2.88 11.539 0.0641 134.218
2.89 11.682 0.0642 134.604
2.9 11.682 0.0647 134.82
2.91 11.984 0.0656 135.602
2.92 12.067 0.0667 136.054
2.93 12.25 0.0675 136.615
2.94 12.261 0.0684 136.912
2.95 12.349 0.0698 137.414
2.96 12.396 0.0711 137.83
2.97 12.416 0.0711 137.992
2.98 12.424 0.073 138.437
2.99 12.456 0.0687 137.919
3 12.488 0.0645 137.375
3.01 12.492 0.0601 136.703
3.02 12.563 0.058 136.536
3.03 12.571 0.0578 136.635
3.04 12.571 0.0604 137.261
3.05 12.583 0.0629 137.87
3.06 12.603 0.0636 138.154
3.07 12.587 0.0636 138.254
3.08 12.571 0.0655 138.693
3.09 12.567 0.0664 138.97
3.1 12.3424 0.0672 138.872
3.11 12.3544 0.0684 139.221
3.12 12.3665 0.0691 139.483
3.13 12.393 0.0696 139.734
3.14 12.393 0.0699 139.908
3.15 12.5 0.0699 140.205
3.16 12.48 0.07 140.313
3.17 12.527 0.07 140.512
3.18 12.52 0.0703 140.674
3.19 12.5212 0.0706 140.849
3.2 12.5225 0.0706 140.974
3.21 12.531 0.0714 141.242
3.22 12.531 0.0717 141.414
3.23 12.527 0.0721 141.595
3.24 12.527 0.0723 141.749
3.25 12.504 0.0727 141.898
3.26 12.428 0.073 141.943
3.27 12.428 0.073 142.064
3.28 12.396 0.073 142.132
3.29 12.337 0.073 142.155
3.3 12.297 0.073 142.208
3.31 12.293 0.0734 142.386
3.32 12.289 0.0735 142.515
3.33 12.313 0.0735 142.674
3.34 12.25 0.0735 142.688
3.35 12.246 0.0735 142.799
3.36 12.242 0.0735 142.911
3.37 12.242 0.0735 143.029
3.38 12.238 0.0735 143.14
3.39 12.236 0.0739 143.319
3.4 12.234 0.075 143.61
3.41 12.234 0.0751 143.743
3.42 12.19 0.0754 143.833
3.43 12.123 0.0754 143.836
3.44 12.083 0.0756 143.915
3.45 11.999 0.0759 143.934
3.46 11.9 0.076 143.894
3.47 11.833 0.0759 143.877
3.48 11.837 0.0759 143.999
3.49 11.765 0.0757 143.956
3.5 11.765 0.0747 143.911
3.51 11.7392 0.0738 143.835
3.52 11.7281 0.0731 143.815
3.53 11.7271 0.0727 143.861
3.54 11.758 0.0723 143.962
3.55 11.789 0.0723 144.13
3.56 11.853 0.0635 142.805
3.57 11.952 0.06 142.414
3.58 12.011 0.06 142.626
3.59 12.027 0.06 142.764
3.6 12.039 0.06 142.895
3.61 12.087 0.0601 143.107
3.62 12.087 0.0611 143.414
3.63 11.787 0.0624 143.256
3.64 11.7812 0.0624 143.356
3.65 11.7966 0.0646 143.906
3.66 11.8121 0.066 144.3
3.67 11.845 0.066 144.468
3.68 11.988 0.0681 145.205
3.69 11.944 0.0687 145.343
3.7 11.916 0.0691 145.474
3.71 11.916 0.0697 145.688
3.72 11.71 0.0702 145.518
3.73 11.61 0.0702 145.447
3.74 11.61 0.0711 145.709
3.75 11.412 0.0714 145.508
3.76 11.368 0.0715 145.552
3.77 11.336 0.0715 145.6
3.78 11.281 0.0715 145.605
3.79 11.225 0.0715 145.608
3.8 11.209 0.0708 145.565
3.81 11.07 0.0704 145.342
3.82 11.051 0.0696 145.274
3.83 11.051 0.0695 145.362
3.84 11.031 0.0694 145.412
3.85 11.011 0.0694 145.479
3.86 11.019 0.0693 145.582
3.87 10.963 0.0693 145.58
3.88 10.908 0.0693 145.579
3.89 10.888 0.069 145.592
3.9 10.789 0.0691 145.522
3.91 10.677 0.0687 145.336
3.92 10.634 0.0683 145.285
3.93 10.634 0.0681 145.352
3.94 10.479 0.0676 145.059
3.95 10.396 0.0676 144.995
3.96 10.177 0.0673 144.599
3.97 10.082 0.067 144.451
3.98 10.058 0.067 144.503
3.99 10.034 0.0664 144.446
4 10.03 0.0663 144.52
4.01 9.9747 0.0663 144.505
4.02 9.9747 0.0658 144.514
4.03 9.7841 0.0653 144.121
4.04 9.661 0.0653 143.958
4.05 9.661 0.0652 144.039
4.06 9.4943 0.0651 143.758
4.07 9.4556 0.0651 143.772
4.08 9.453 0.0637 143.604
4.09 9.4518 0.0623 143.434
4.1 9.4512 0.0571 142.493
4.11 9.5045 0.0489 140.876
4.12 9.5578 0.0482 140.916
4.13 9.6293 0.0481 141.138
4.14 9.6293 0.0481 141.233
4.15 9.8238 0.0481 141.735
4.16 9.9866 0.0484 142.24
4.17 9.9271 0.0488 142.31
4.18 10.096 0.0494 142.896
4.19 10.265 0.0498 143.43
4.2 10.463 0.0498 143.92
4.21 10.602 0.0516 144.716
4.22 10.721 0.0526 145.276
4.23 10.912 0.0533 145.902
4.24 11.098 0.0542 146.558
4.25 11.4 0.0553 147.468
4.26 11.495 0.0564 147.984
4.27 11.495 0.0564 148.08
4.28 11.602 0.058 148.72
4.29 11.614 0.059 149.05
4.3 11.614 0.059 149.147
4.31 11.62 0.0606 149.587
4.32 11.626 0.0611 149.797
4.33 11.638 0.0618 150.058
4.34 11.638 0.062 150.194
4.35 11.9 0.0623 150.834
4.36 11.98 0.0642 151.454
4.37 11.98 0.0648 151.668
4.38 12.182 0.0658 152.324
4.39 12.25 0.0658 152.543
4.4 12.337 0.0665 152.929
4.41 12.444 0.0675 153.407
4.42 12.452 0.0675 153.517
4.43 12.5 0.0704 154.238
4.44 12.468 0.0724 154.638
4.45 12.385 0.0738 154.832
4.46 12.385 0.075 155.137
4.47 12.25 0.0757 155.109
4.48 12.027 0.0762 154.88
4.49 12.027 0.0762 154.976
4.5 11.618 0.0764 154.335
4.51 11.4 0.0764 154.009
4.52 11.182 0.0764 153.676
4.53 11.055 0.0764 153.518
4.54 10.963 0.0761 153.377
4.55 10.856 0.0744 152.967
4.56 10.856 0.0734 152.888
4.57 10.713 0.0734 152.689
4.58 10.646 0.0717 152.347
4.59 10.646 0.0711 152.332
4.6 10.467 0.0706 151.964
4.61 10.451 0.0706 152.022
4.62 10.332 0.0699 151.737
4.63 10.331 0.059 149.7
4.64 10.331 0.055 148.917
4.65 10.3315 0.0543 148.849
4.66 10.332 0.054 148.87
4.67 10.403 0.0539 149.083
4.68 10.403 0.0538 149.148
4.69 10.61 0.0544 149.799
4.7 10.5202 0.0551 149.864
4.71 10.5196 0.0559 150.131
4.72 10.5848 0.0568 150.553
4.73 10.65 0.0583 151.102
4.74 10.701 0.0597 151.594
4.75 10.713 0.0606 151.896
4.76 10.713 0.0617 152.213
4.77 10.515 0.0619 151.934
4.78 10.435 0.062 151.876
4.79 10.3765 0.0619 151.821
4.8 10.3676 0.0619 151.89
4.81 10.3683 0.0611 151.815
4.82 10.3691 0.06 151.675
4.83 10.396 0.0598 151.777
4.84 10.435 0.0599 151.967
4.85 10.487 0.06 152.184
4.86 10.487 0.0602 152.314
4.87 10.622 0.0603 152.703
4.88 10.602 0.0605 152.791
4.89 10.558 0.061 152.891
4.9 10.475 0.061 152.804
4.91 10.09 0.0616 152.192
4.92 10.0588 0.0616 152.21
4.93 10.0699 0.0618 152.361
4.94 10.081 0.0618 152.472
4.95 10.106 0.0616 152.571
4.96 10.173 0.0614 152.76
4.97 10.173 0.0605 152.658
4.98 10.36 0.0592 152.868
4.99 10.352 0.0592 152.936
5 10.463 0.0592 153.257
5.01 10.515 0.0593 153.473
5.02 10.582 0.0595 153.741
5.03 10.582 0.0606 154.061
5.04 10.808 0.062 154.91
5.05 10.924 0.0629 155.42
5.06 11.047 0.0634 155.859
5.07 11.102 0.0634 156.056
5.08 11.186 0.0652 156.676
5.09 11.201 0.0669 157.128
5.1 11.221 0.0703 157.904
5.11 11.19 0.0667 157.238
5.12 11.164 0.063 156.526
5.13 11.138 0.0544 154.658
5.14 11.138 0.0548 154.836
5.15 10.979 0.0553 154.716
5.16 10.908 0.0562 154.863
5.17 10.638 0.0623 155.718
5.18 10.534 0.0631 155.746
5.19 10.411 0.0643 155.81
5.2 10.28 0.0651 155.77
5.21 10.193 0.065 155.643
5.22 9.8972 0.065 155.067
5.23 9.795 0.0648 154.878
5.24 9.6928 0.0641 154.586
5.25 9.673 0.0641 154.623
5.26 9.5936 0.0637 154.441
5.27 9.5892 0.0611 153.977
5.28 9.5907 0.0611 154.062
5.29 9.5921 0.0607 154.062
5.3 9.6224 0.0606 154.192
5.31 9.6968 0.0605 154.423
5.32 9.6968 0.0605 154.503
5.33 9.8159 0.0605 154.856
5.34 10.054 0.0604 155.451
5.35 10.054 0.0603 155.51
5.36 10.062 0.0601 155.566
5.37 10.0569 0.0601 155.635
5.38 10.06 0.06 155.701
5.39 10.0631 0.06 155.788
5.4 10.07 0.06 155.884
5.41 10.07 0.06 155.964
5.42 10.32 0.0597 156.531
5.43 10.419 0.0594 156.761
5.44 10.531 0.0592 157.039
5.45 10.662 0.0592 157.399
5.46 10.749 0.0593 157.686
5.47 10.892 0.0593 158.067
5.48 11.098 0.0597 158.663
5.49 11.321 0.0602 159.309
5.5 11.555 0.0613 160.101
5.51 11.555 0.0628 160.505
5.52 12.011 0.0642 161.779
5.53 12.21 0.0654 162.495
5.54 12.21 0.0668 162.863
5.55 12.595 0.0683 163.977
5.56 12.746 0.0698 164.638
5.57 12.77 0.0698 164.765
5.58 12.7505 0.0732 165.465
5.59 12.7412 0.0744 165.754
5.6 12.75 0.0744 165.853
5.61 12.7588 0.0772 166.462
5.62 12.778 0.0734 165.883
5.63 12.754 0.0695 165.168
5.64 12.754 0.0603 163.309
5.65 12.567 0.0515 160.916
5.66 12.448 0.0555 161.778
5.67 12.448 0.0596 162.82
5.68 12.115 0.0708 164.607
5.69 11.976 0.0716 164.568
5.7 11.821 0.072 164.416
5.71 11.67 0.0734 164.455
5.72 11.571 0.0741 164.463
5.73 11.0789 0.0742 163.535
5.74 11.0747 0.0743 163.623
5.75 11.0743 0.0743 163.702
5.76 11.0882 0.0742 163.792
5.77 11.102 0.074 163.864
5.78 11.101 0.0738 163.904
5.79 11.1075 0.0732 163.885
5.8 11.114 0.0729 163.921
5.81 11.114 0.0729 164
5.82 11.13 0.0722 163.98
5.83 11.221 0.0713 164.08
5.84 11.221 0.0704 163.985
5.85 11.317 0.0699 164.167
5.86 11.416 0.0698 164.431
5.87 11.507 0.0698 164.697
5.88 11.587 0.0698 164.94
5.89 11.745 0.0699 165.36
5.9 11.98 0.0703 165.989
5.91 12.17 0.0713 166.64
5.92 12.325 0.0726 167.273
5.93 12.448 0.0736 167.782
5.94 12.448 0.0739 167.918
5.95 12.428 0.0743 168.033
5.96 12.42 0.0741 168.058
5.97 12.419 0.075 168.303
5.98 12.4186 0.0765 168.658
5.99 12.4333 0.0778 169.002
6 12.448 0.0778 169.109
6.01 12.492 0.0800001 169.667
6.02 12.484 0.0811 169.923
6.03 12.428 0.0811 169.891
6.04 12.305 0.0821 169.899
6.05 12.115 0.0828 169.717
6.06 11.952 0.0834 169.566
6.07 11.952 0.0834 169.643
6.08 11.626 0.0834 169.046
6.09 11.471 0.0834 168.797
6.1 11.471 0.082 168.636
6.11 11.194 0.0821 168.138
6.12 11.063 0.0809 167.723
6.13 10.959 0.0809 167.572
6.14 10.86 0.0798 167.238
6.15 10.8364 0.0784 167.015
6.16 10.8433 0.0772 166.892
6.17 10.8502 0.0754 166.655
6.18 10.868 0.0731 166.34
6.19 10.971 0.0594 163.788
6.2 10.971 0.0572 163.348
6.21 11.392 0.0561 164.044
6.22 11.579 0.0556 164.381
6.23 11.773 0.0558 164.897
6.24 12.031 0.056 165.536
6.25 12.25 0.0566 166.188
6.26 12.128 0.0584 166.455
6.27 12.135 0.0609 167.125
6.28 12.142 0.0637 167.839
6.29 12.194 0.0659 168.492
6.3 12.23 0.0659 168.638
6.31 12.174 0.0694 169.328
6.32 12.1375 0.0705 169.551
6.33 12.1301 0.0705 169.611
6.3401 12.1265 0.0736 170.287
6.3501 12.1643 0.0744 170.592
6.3601 12.202 0.075 170.857
6.3701 12.202 0.0764 171.195
6.3801 12.444 0.0769 171.847
6.3901 12.527 0.0784 172.364
6.4001 12.527 0.0797 172.675
6.4101 12.531 0.0804 172.883
6.4201 12.404 0.0807 172.758
6.4301 12.289 0.0808 172.619
6.4401 12.107 0.0808 172.323
6.4501 11.968 0.0808 172.111
6.4601 11.853 0.0808 171.946
6.4701 11.765 0.0812 171.906
6.4801 11.686 0.0817 171.901
6.4901 11.598 0.0818 171.805
6.5001 11.598 0.0819 171.896
6.5101 11.5941 0.0821 171.996
6.5201 11.5933 0.0822 172.085
6.5301 11.6096 0.0822 172.193
6.5401 11.626 0.0821 172.284
6.5501 11.674 0.082 172.442
6.5601 11.797 0.0812 172.635
6.5701 11.94 0.0812 173.008
6.5801 12.123 0.0812 173.461
6.5901 12.385 0.0819 174.194
6.6001 12.666 0.0827 174.972
6.6101 12.925 0.0841 175.802
6.6201 12.925 0.0858 176.169
6.6301 13.191 0.0867 176.915
6.6401 13.373 0.0873 177.44
6.6501 13.373 0.0883 177.683
6.6601 13.258 0.0899 177.801
6.6701 13.258 0.0912 178.088
6.6801 13.012 0.0926 177.908
6.6901 12.901 0.0926 177.762
6.7001 12.869 0.0926 177.773
6.7101 12.829 0.0925001 177.751
6.7201 12.734 0.0921 177.57
6.7301 12.7237 0.0816 175.843
6.7401 12.7204 0.0787 175.38
6.7501 12.7252 0.0786 175.443
6.7601 12.73 0.0786 175.525
6.7701 12.73 0.0786 175.597
6.7801 13.016 0.079 176.307
6.7901 13.087 0.079 176.517
6.8001 13.0195 0.0804 176.716
6.8101 13.1328 0.0811 177.137
6.8201 13.246 0.0824 177.663
6.8301 13.246 0.0844 178.09
6.8401 13.711 0.0862 179.365
6.8501 13.909 0.0872 179.981
6.8601 13.909 0.0876 180.123
6.8701 14.064 0.0882 180.586
6.8801 14.064 0.0896 180.896
6.8901 14.0065 0.091 181.096
6.9001 14.0093 0.0919 181.322
6.9101 14.0121 0.0947 181.854
6.9201 14.02 0.0968 182.274
6.9301 14.112 0.0968 182.519
6.9401 14.255 0.0986 183.138
6.9501 14.374 0.0991 183.508
6.9601 14.397 0.0997 183.716
6.9701 14.409 0.1001 183.873
6.9801 14.247 0.1 183.632
6.9901 14.131 0.1006 183.58
7.0001 14.131 0.1005 183.638
7.0101 13.889 0.1008 183.3
7.0201 13.826 0.101 183.283
7.0301 13.798 0.101 183.302
7.0401 13.758 0.1009 183.282
7.0501 13.691 0.1007 183.196
7.0601 13.635 0.0989 182.885
7.0701 13.584 0.0982 182.75
7.0801 13.512 0.0982 182.682
7.0901 13.385 0.0968 182.288
7.1001 13.385 0.0958 182.202
7.1101 13.246 0.0949 181.856
7.1201 13.2482 0.0938 181.755
7.1301 13.2504 0.0935 181.782
7.1401 13.2708 0.0935 181.893
7.1501 13.3195 0.0935 182.06
7.1601 13.421 0.0937 182.362
7.1701 13.584 0.0949 182.944
7.1801 13.715 0.0949 183.268
7.1901 13.826 0.0967 183.839
7.2001 13.869 0.0978 184.166
7.2101 13.802 0.098 184.14
7.2201 13.802 0.0978 184.179
7.2301 13.8041 0.0976 184.223
7.2401 13.8062 0.092 183.394
7.2501 13.8135 0.0899 183.126
7.2601 13.861 0.0886 183.065
7.2701 13.985 0.0881 183.284
7.2801 14.366 0.088 184.047
7.2901 13.9871 0.088 183.41
7.3001 14.2101 0.0882 183.933
7.3101 14.433 0.0884 184.451
7.3201 14.83 0.0899 185.503
7.3301 15.545 0.0916 187.127
7.3401 15.958 0.0969 188.788
7.3501 15.958 0.1002 189.386
7.3601 16.529 0.102 190.702
7.3701 16.712 0.1049 191.523
7.3801 16.744 0.1089 192.245
7.3901 16.803 0.112 192.865
7.4001 16.736 0.1183 193.706
7.4101 16.573 0.1212 193.897
7.4201 16.49 0.1212 193.829
7.4301 16.45 0.1225 194.006
7.4401 16.402 0.1231 194.076
7.4501 16.3665 0.1231 194.088
7.4601 16.331 0.1231 194.099
7.4701 16.3212 0.1229 194.129
7.4801 16.3205 0.1221 194.094
7.4901 16.3218 0.1212 194.049
7.5001 16.323 0.1208 194.07
7.5101 16.371 0.1202 194.143
7.5201 16.371 0.1192 194.08
7.5301 16.394 0.1187 194.123
7.5401 16.43 0.1184 194.215
7.5501 16.545 0.1183 194.468
7.5601 16.609 0.1184 194.662
7.5701 16.68 0.1185 194.867
7.5801 16.72 0.1186 195.019
7.5901 16.823 0.1186 195.263
7.6001 16.811 0.1194 195.424
7.6101 16.823 0.1197 195.556
7.6201 16.803 0.1199 195.621
7.6301 16.752 0.12 195.621
7.6401 16.7 0.12 195.604
7.6501 16.629 0.1212 195.717
7.6601 16.629 0.1224 195.949
7.6701 16.569 0.1228 195.971
7.6801 16.502 0.1228 195.928
7.6901 16.335 0.1151 194.66
7.7001 16.228 0.1074 193.429
7.7101 16.228 0.1 192.353
7.7201 16.077 0.0966 191.611
7.7301 15.978 0.0967 191.526
7.7401 15.898 0.0969 191.489
7.7501 15.723 0.1069 192.822
7.7601 15.382 0.1067 192.253
7.7701 15.184 0.1072 192.038
7.7801 14.981 0.1078 191.824
7.7901 14.739 0.1083 191.517
7.8001 14.042 0.1086 190.297
7.8101 13.805 0.1085 189.884
7.8201 13.568 0.1085 189.479
7.8301 13.409 0.1078 189.123
7.8401 13.202 0.1064 188.561
7.8501 12.98 0.1064 188.168
7.8601 12.583 0.1014 186.646
7.8701 12.412 0.0979 185.8
7.8801 12.281 0.0958 185.248
7.8901 12.281 0.0933 184.906
7.9001 12.134 0.0914 184.335
7.9101 12.1349 0.0873 183.699
7.9201 12.1359 0.0857 183.483
7.9301 12.138 0.0849 183.409
7.9401 12.242 0.0849 183.698
7.9501 12.317 0.0722 181.461
7.9601 12.309 0.065 179.928
7.9701 12.297 0.065 179.966
7.9801 12.214 0.0651 179.876
7.9901 12.146 0.0654 179.863
8.0001 12.095 0.066 179.953
8.0101 12.095 0.0672 180.286
8.0201 11.71 0.0672 179.51
8.0301 11.579 0.0698 179.849
8.0401 11.448 0.0707 179.808
8.0501 11.436 0.0706 179.822
8.0601 11.444 0.0726 180.321
8.0701 11.384 0.0739 180.513
8.0801 11.364 0.0745 180.651
8.0901 11.364 0.0756 180.933
8.1001 11.305 0.0763 180.999
8.1101 11.265 0.077 181.106
8.1201 11.086 0.0771 180.77
8.1301 10.924 0.0771 180.449
8.1401 10.789 0.0772 180.207
8.1501 10.685 0.0772 180.017
8.1601 10.523 0.0772 179.683
8.1701 10.403 0.0772 179.448
8.1801 10.253 0.077 179.095
8.1901 10.102 0.0767 178.715
8.2001 9.9985 0.0757 178.316
8.2101 9.7206 0.0744 177.398
8.2201 9.6293 0.0736 177.058
8.2301 9.5142 0.0736 176.811
8.2401 9.4586 0.0719 176.379
8.2501 9.3792 0.0708 175.998
8.2601 9.3355 0.0708 175.939
8.2701 9.3117 0.0689 175.536
8.2801 9.2521 0.068 175.241
8.2901 9.2283 0.0664 174.888
8.3001 9.2283 0.0624 174.044
8.3101 9.0973 0.0584 172.789
8.3201 9.0298 0.056 172.06
8.3301 9.0298 0.0562 172.169
8.3401 8.7717 0.0555 171.33
8.3501 8.6606 0.0555 171.072
8.3601 8.4819 0.0555 170.616
8.3701 8.4797 0.0553 170.615
8.3801 8.4848 0.0552 170.661
8.3901 8.4899 0.0546 170.577
8.4001 8.4899 0.054 170.477
8.4101 8.8789 0.0533 171.451
8.4201 9.0139 0.0533 171.881
8.4301 9.0139 0.0533 171.937
8.4401 9.1886 0.0533 172.47
8.4501 9.2561 0.0556 173.317
8.4601 9.3712 0.0578 174.245
8.4701 9.4268 0.0597 174.92
8.4801 9.5062 0.0599 175.238
8.4901 9.5062 0.0598 175.271
8.5001 9.6253 0.0605 175.813
8.5101 9.6888 0.0605 176.037
8.5201 9.6888 0.0637 176.851
8.5301 9.6571 0.0662 177.393
8.5401 9.6055 0.0662 177.314
8.5501 9.5539 0.0667 177.345
8.5601 9.5401 0.0666 177.344
8.5701 9.5332 0.0666 177.383
8.5801 9.5348 0.0663 177.378
8.5901 9.5365 0.0659 177.351
8.6001 9.5578 0.0657 177.42
8.6101 9.5578 0.0657 177.477
8.6201 9.7841 0.0666 178.336
8.6301 9.8159 0.0676 178.698
8.6401 9.8119 0.0682 178.877
8.6501 9.8397 0.0685 179.072
8.6601 9.8596 0.0682 179.117
8.6701 9.8616 0.0692 179.396
8.6801 9.8635 0.0713 179.906
8.6901 9.8853 0.074 180.578
8.7001 9.9072 0.076 181.095
8.7101 9.9509 0.077 181.465
8.7201 10.042 0.0773 181.82
8.7301 10.094 0.0776 182.072
8.7401 10.165 0.0776 182.314
8.7501 10.249 0.0791 182.879
8.7601 10.396 0.0798 183.447
8.7701 10.479 0.0802 183.792
8.7801 10.626 0.0808 184.334
8.7901 10.864 0.0809 185
8.8001 11.023 0.0815 185.56
8.8101 11.023 0.0818 185.676
8.8201 11.182 0.0817 186.099
8.8301 11.301 0.0816 186.422
8.8401 11.364 0.0799 186.304
8.8501 11.408 0.0778 186.053
8.8601 11.44 0.0778 186.187
8.8701 11.428 0.0779 186.237
8.8801 11.376 0.0779 186.173
8.8901 11.376 0.0779 186.231
8.9001 11.1696 0.0796 186.133
8.9101 11.173 0.0809 186.45
8.9201 11.1764 0.0809 186.517
8.9301 11.186 0.0828 186.958
8.9401 11.285 0.0836 187.404
8.9501 11.344 0.0847 187.807
8.9601 11.344 0.0852 187.958
8.9701 11.483 0.0858 188.456
8.9801 11.511 0.0864 188.69
8.9901 11.511 0.0879 189.019
9.0001 11.602 0.0892 189.523
9.0101 11.579 0.09 189.668
9.0201 11.626 0.09 189.837
9.0301 11.595 0.0921 190.187
9.0401 11.519 0.0937 190.338
9.0501 11.432 0.0937 190.189
9.0601 11.257 0.0956 190.143
9.0701 11.031 0.0961 189.729
9.0801 10.84 0.0962 189.327
9.0901 10.84 0.0962 189.384
9.1001 10.384 0.0962 188.274
9.1101 10.149 0.0961 187.695
9.1201 10.149 0.0953 187.622
9.1301 9.6333 0.0941 186.079
9.1401 9.4387 0.0926 185.341
9.1501 9.268 0.0895 184.388
9.1601 9.0735 0.0895 183.881
9.1701 9.0653 0.0884 183.724
9.1801 9.0615 0.0807 182.38
9.1901 9.0933 0.0761 181.639
9.2001 9.1251 0.0727 181.095
9.2101 9.2918 0.0688 180.791
9.2201 9.7444 0.0653 181.299
9.2301 9.7444 0.0634 180.909
9.2401 10.05 0.0634 181.77
9.2501 10.566 0.0627 182.971
9.2601 10.824 0.0624 183.59
9.2701 11.13 0.0627 184.457
9.2801 11.436 0.0629 185.283
9.2901 11.706 0.0635 186.11
9.3001 11.908 0.0645 186.867
9.3101 11.908 0.0671 187.539
9.3201 12.488 0.0701 189.573
9.3301 12.801 0.0718 190.686
9.3401 12.801 0.0739 191.201
9.3501 13.453 0.0761 193.102
9.3601 13.707 0.0764 193.743
9.3701 13.981 0.0766 194.396
9.3801 14.191 0.0767 194.893
9.3901 14.405 0.0767 195.371
9.4001 14.624 0.0776 196.045
9.4101 14.767 0.0785 196.566
9.4201 14.929 0.0811 197.468
9.4301 15.068 0.0849 198.545
9.4401 15.0026 0.0874 198.959
9.4501 14.9372 0.0874 198.892
9.4601 14.957 0.0913 199.713
9.4701 14.906 0.0943 200.211
9.4801 14.787 0.0979 200.663
9.4901 14.604 0.0997 200.666
9.5001 14.405 0.0993 200.262
9.5101 14.127 0.1037 200.481
9.5201 14.127 0.1067 201.016
9.5301 13.675 0.1083 200.383
9.5401 13.405 0.1088 199.944
9.5501 12.988 0.1093 199.17
9.5601 12.79 0.1093 198.787
9.5701 12.603 0.1092 198.409
9.5801 12.337 0.1092 197.858
9.5901 12.15 0.1087 197.405
9.6001 11.904 0.1087 196.881
9.6101 11.65 0.1057 195.871
9.6201 11.479 0.1047 195.356
9.6301 11.233 0.1032 194.57
9.6401 11.043 0.1022 193.992
9.6501 10.88 0.1014 193.506
9.6601 10.658 0.1005 192.845
9.6701 10.658 0.0993 192.708
9.6801 10.34 0.0969 191.534
9.6901 10.173 0.0944 190.725
9.7001 9.9906 0.0928 190.013
9.7101 9.8953 0.0911 189.513
9.7201 9.8913 0.0911 189.557
9.7301 9.8278 0.0879 188.872
9.7401 9.8153 0.0852 188.402
9.7501 9.8094 0.0805 187.552
9.7601 9.8126 0.0776 187.042
9.7701 9.8159 0.0763 186.842
9.7801 9.931 0.0745 186.837
9.7901 9.931 0.0733 186.638
9.8001 10.165 0.0732 187.297
9.8101 10.356 0.0732 187.853
9.8201 10.745 0.0732 188.907
9.8301 10.987 0.0732 189.567
9.8401 11.158 0.0738 190.172
9.8501 11.364 0.0754 191.068
9.8601 11.575 0.0775 192.067
9.8701 11.718 0.0791 192.789
9.8801 11.718 0.0811 193.244
9.8901 11.976 0.0833 194.338
9.9001 12.091 0.0828 194.563
9.9101 12.091 0.0823 194.52
9.9201 12.234 0.0817 194.785
9.9301 12.349 0.0819 195.142
9.9401 12.504 0.082 195.568
9.9501 12.567 0.0825001 195.863
9.9601 11.7671 0.0841 194.381
9.9701 11.9331 0.0864 195.266
9.9801 12.099 0.0885 196.101
9.9901 12.698 0.0911 198.001
10 12.841 0.0929 198.699
10.01 12.841 0.0938 198.913
10.02 12.992 0.0948 199.48
10.03 13.111 0.1046 201.439
10.04 13.226 0.1046 201.749
10.05 13.385 0.0699 195.485
10.06 13.472 0.0754 196.959
10.07 13.635 0.077 197.7
10.08 13.834 0.0786 198.507
10.09 13.989 0.0819 199.562
10.1 13.282 0.0823 198.212
10.11 13.282 0.0823 198.267
