0.02 0.6 0 0
0.03 0.74 0.001 17.9733
0.04 0.84 0.003 21.7262
0.05 0.97 0.006 25.0017
0.06 1.04 0.008 27.2103
0.07 1.1 0.011 29.4008
0.08 1.14 0.014 31.2917
0.09 1.26 0.017 33.3368
0.1 1.35 0.019 34.9928
0.11 1.26 0.019 35.5771
0.12 1.2267 0.019 36.3079
0.13 1.1933 0.019 36.9776
0.14 1.16 0.0187 37.544
0.15 1.22 0.0183 38.4807
0.16 1.27 0.018 39.3504
0.17 1.31 0.021 40.7172
0.18 1.34 0.024 41.9682
0.19 1.31 0.029 43.139
0.2 1.3 0.034 44.2926
0.21 1.29 0.04 45.4581
0.22 1.25 0.045 46.2928
0.23 1.21 0.048 46.9006
0.24 1.13 0.05 47.1535
0.25 1.0967 0.048 47.3257
0.26 1.0633 0.0477 47.6071
0.27 1.03 0.0473 47.8557
0.28 1.06 0.047 48.5166
0.29 1.05 0.049 49.0953
0.3 1.05 0.05 49.6436
0.31 1.05 0.046 49.7518
0.32 1.06 0.044 50.0759
0.33 1.06 0.043 50.4096
0.34 1.08 0.042 50.867
0.35 1.1 0.041 51.3113
0.36 1.16 0.03 50.7748
0.37 1.18 0.029 51.1447
0.38 1.21 0.03 51.8579
0.39 1.23 0.036 53.1575
0.4 1.29 0.037 54.0244
0.41 1.4 0.037 55.0413
0.42 1.5 0.038 56.0888
0.43 1.61 0.038 57.0352
0.44 1.75 0.04 58.3427
0.45 1.89 0.041 59.4847
0.46 2.01 0.042 60.5033
0.47 2.13 0.043 61.4968
0.48 2.2 0.044 62.2654
0.49 2.22 0.045 62.8224
0.5 2.22 0.046 63.2918
0.51 2.21 0.047 63.7138
0.52 2.19 0.049 64.197
0.53 2.12 0.052 64.5551
0.54 2.07 0.054 64.8721
0.55 1.98 0.055 64.8868
0.56 1.92 0.056 65.0218
0.57 1.89 0.055 65.0968
0.58 1.84 0.055 65.1603
0.59 1.77 0.054 65.0067
0.6 1.74 0.053 65.0493
0.61 1.72 0.053 65.2402
0.62 1.72 0.052 65.432
0.63 1.75 0.043 64.854
0.64 1.77 0.04 64.8538
0.65 1.81 0.037 64.9214
0.66 1.64 0.032 63.5063
0.67 1.59 0.03 63.1487
0.68 1.64 0.019 61.3176
0.69 1.72 0.015 60.7834
0.7 1.8 0.0163 61.8541
0.71 1.91 0.0177 63.062
0.72 1.95 0.019 63.8724
0.73 1.94 0.02 64.3444
0.74 2 0.022 65.3886
0.75 2.06 0.025 66.6178
0.76 2.12 0.026 67.36
0.77 2.17 0.025 67.6116
0.78 2.22 0.023 67.6069
0.79 2.26 0.021 67.5085
0.8 2.29 0.019 67.3109
0.81 2.31 0.019 67.6284
0.82 2.35 0.014 66.3208
0.83 2.37 0.012 65.7769
0.84 2.4 0.011 65.639
0.85 2.43 0.01 65.4521
0.86 2.46 0.01 65.7814
0.87 2.48 0.0103 66.2328
0.88 2.52 0.0107 66.8083
0.89 2.56 0.011 67.3254
0.9 2.61 0.012 68.2152
0.91 2.65 0.014 69.4603
0.92 2.7 0.016 70.6399
0.93 2.76 0.017 71.4365
0.94 2.82 0.017 71.8715
0.95 2.89 0.017 72.3382
0.96 2.96 0.018 73.1466
0.97 3 0.018 73.4995
0.98 3.06 0.018 73.9199
0.99 3.06 0.018 74.1288
1 3.07 0.018 74.3711
1.01 3.08 0.018 74.6121
1.02 3.08 0.018 74.8167
1.03 3.09 0.018 75.0549
1.04 3.11 0.019 75.6664
1.05 3.14 0.019 75.9729
1.06 3.18 0.02 76.6387
1.07 3.23 0.021 77.3251
1.08 3.29 0.021 77.731
1.09 3.38 0.023 78.8283
1.1 3.49 0.024 79.6756
1.11 3.63 0.025 80.6033
1.12 3.91 0.026 81.9407
1.13 4.15 0.027 83.1117
1.14 4.43 0.028 84.3574
1.15 4.73 0.028 85.3641
1.16 5.01 0.029 86.5337
1.17 5.26 0.031 87.8368
1.18 5.44 0.032 88.7066
1.19 5.53 0.036 90.0029
1.2 5.53 0.039 90.8153
1.21 5.47 0.041 91.2612
1.22 5.38 0.044 91.7897
1.23 5.28 0.046 92.0899
1.24 5.22 0.049 92.6313
1.25 5.17 0.052 93.1693
1.26 5.12 0.054 93.5386
1.27 5.06 0.057 94.0073
1.28 4.98 0.06 94.3986
1.29 4.87 0.063 94.6828
1.3 4.72 0.067 94.9448
1.31 4.54 0.072 95.1843
1.32 4.33 0.076 95.1646
1.33 3.99 0.08 94.6511
1.34 3.52 0.082 93.3436
1.35 3.36 0.084 93.0987
1.36 3.14 0.088 92.7429
1.37 2.95 0.094 92.6072
1.38 2.81 0.098 92.4672
1.39 2.73 0.103 92.6513
1.4 2.67 0.108 92.9052
1.41 2.55 0.114 92.8917
1.42 2.49 0.12 93.1525
1.43 2.5 0.124 93.6434
1.44 2.52 0.124 93.9327
1.45 2.54 0.123 94.1574
1.46 2.55 0.123 94.3908
1.47 2.57 0.124 94.7404
1.48 2.61 0.123 95.0664
1.49 2.68 0.123 95.6082
1.5 2.72 0.121 95.8599
1.51 2.75 0.119 96.0556
1.52 2.8 0.117 96.3461
1.53 2.85 0.114 96.5593
1.54 2.91 0.111 96.81
1.55 2.98 0.109 97.1697
1.56 3.03 0.108 97.5023
1.57 3.06 0.11 97.9638
1.58 3.09 0.112 98.4223
1.59 3.1 0.114 98.7863
1.6 3.12 0.117 99.2646
1.61 3.19 0.12 99.9653
1.62 3.29 0.123 100.79
1.63 3.41 0.125 101.621
1.64 3.54 0.128 102.546
1.65 3.64 0.129 103.2
1.66 3.71 0.129 103.657
1.67 3.75 0.128 103.923
1.68 3.78 0.126 104.079
1.69 3.83 0.124 104.309
1.7 3.88 0.123 104.605
1.71 3.92 0.12 104.716
1.72 3.94 0.116 104.667
1.73 3.95 0.112 104.568
1.74 3.96 0.108 104.457
1.75 3.94 0.104 104.22
1.76 3.92 0.101 104.055
1.77 3.91 0.097 103.831
1.78 3.89 0.095 103.737
1.79 3.86 0.093 103.599
1.8 3.83 0.091 103.456
1.81 3.82 0.088 103.288
1.82 3.8 0.087 103.27
1.83 3.8 0.086 103.328
1.84 3.83 0.085 103.501
1.85 3.87 0.084 103.71
1.86 3.94 0.083 104.031
1.87 4.02 0.084 104.592
1.88 4.1 0.084 105.045
1.89 4.15 0.084 105.384
1.9 4.18 0.082 105.436
1.91 4.19 0.081 105.519
1.92 4.18 0.08 105.527
1.93 4.16 0.078 105.384
1.94 4.14 0.076 105.235
1.95 4.14 0.078 105.613
1.96 4.16 0.081 106.17
1.97 4.18 0.085 106.821
1.98 4.17 0.09 107.444
1.99 4.17 0.094 107.985
2 4.13 0.097 108.268
2.01 4.04 0.098 108.167
2.02 3.93 0.098 107.887
2.03 3.74 0.097 107.175
2.04 3.68 0.096 106.98
2.05 3.56 0.095 106.522
2.06 3.46 0.094 106.136
2.07 3.37 0.094 105.877
2.08 3.22 0.094 105.326
2.09 3.13 0.092 104.849
2.1 3.02 0.088 104.063
2.11 2.92 0.083 103.193
2.12 2.83 0.078 102.334
2.13 2.76 0.072 101.421
2.14 2.69 0.067 100.574
2.15 2.64 0.062 99.7869
2.16 2.6 0.057 99.0013
2.17 2.57 0.053 98.3657
2.18 2.56 0.05 97.9602
2.19 2.56 0.047 97.5813
2.2 2.55 0.044 97.1155
2.21 2.55 0.041 96.6683
2.22 2.56 0.036 95.8021
2.23 2.58 0.033 95.3367
2.24 2.61 0.031 95.1183
2.25 2.67 0.029 95.0197
2.26 2.74 0.027 94.9261
2.27 2.84 0.026 95.235
2.28 2.95 0.026 95.8747
2.29 3.08 0.025 96.2747
2.3 3.22 0.025 97.0103
2.31 3.36 0.024 97.3931
2.32 3.5 0.024 98.0851
2.33 3.46 0.022 97.3328
2.34 3.33 0.021 96.5385
2.35 3.28 0.021 96.4427
2.36 3.07 0.024 96.7094
2.37 2.95 0.027 97.2169
2.38 2.85 0.031 97.9682
2.39 2.79 0.034 98.5368
2.4 2.7 0.037 98.8797
2.41 2.64 0.046 100.478
2.42 2.69 0.052 101.9
2.43 2.76 0.056 103.028
2.44 2.79 0.057 103.459
2.45 2.81 0.058 103.833
2.46 2.86 0.06 104.51
2.47 2.91 0.062 105.176
2.48 2.95 0.062 105.501
2.49 2.97 0.062 105.722
2.5 2.96 0.061 105.645
2.51 2.96 0.06 105.617
2.52 2.98 0.056 105.231
2.53 3 0.054 105.13
2.54 3.01 0.05 104.624
2.55 2.99 0.044 103.53
2.56 2.99 0.04 102.824
2.57 3.01 0.039 102.818
2.58 3.05 0.039 103.125
2.59 3.07 0.04 103.551
2.6 3.08 0.041 103.924
2.61 3.1 0.041 104.132
2.62 3.17 0.042 104.788
2.63 3.32 0.041 105.388
2.64 3.4 0.042 106.075
2.65 3.42 0.043 106.484
2.66 3.38 0.045 106.818
2.67 3.29 0.046 106.71
2.68 3.17 0.047 106.441
2.69 3.03 0.049 106.228
2.7 2.85 0.051 105.756
2.71 2.64 0.053 105.04
2.72 2.46 0.057 104.716
2.73 2.31 0.06 104.321
2.74 2.22 0.062 104.115
2.75 2.13 0.063 103.739
2.76 2.11 0.064 103.839
2.77 2.09 0.065 103.935
2.78 2.09 0.067 104.302
2.79 2.1 0.072 105.105
2.8 2.08 0.077 105.654
2.81 2.02 0.083 105.973
2.82 1.92 0.087 105.718
2.83 1.83 0.09 105.39
2.84 1.82 0.091 105.507
2.85 1.85 0.087 105.464
2.86 1.79 0.086 104.966
2.87 1.79 0.088 105.269
2.88 1.78 0.085 104.983
2.89 1.82 0.083 105.212
2.9 1.82 0.084 105.418
2.91 1.83 0.085 105.706
2.92 1.86 0.083 105.845
2.93 1.89 0.078 105.643
2.94 1.89 0.071 104.919
2.95 1.91 0.067 104.671
2.96 1.96 0.066 105.029
2.97 2.01 0.063 105.102
2.98 2.03 0.062 105.21
2.99 2.01 0.062 105.158
3 1.99 0.062 105.104
3.01 1.98 0.061 104.983
3.02 1.99 0.06 105.011
3.03 2.06 0.062 105.921
3.04 2.19 0.065 107.378
3.05 2.35 0.067 108.847
3.06 2.5 0.067 109.921
3.07 2.64 0.067 110.888
3.08 2.81 0.071 112.531
3.09 2.84 0.074 113.194
3.1 2.83 0.076 113.49
3.11 2.74 0.08 113.548
3.12 2.71 0.08 113.469
3.13 2.6 0.082 113.127
3.14 2.53 0.085 113.12
3.15 2.5 0.086 113.136
3.16 2.43 0.086 112.774
3.17 2.36 0.084 112.179
3.18 2.26 0.083 111.468
3.19 2.22 0.083 111.279
3.2 2.04 0.084 110.138
3.21 1.95 0.084 109.519
3.22 1.91 0.083 109.179
3.23 1.73 0.079 107.285
3.24 1.61 0.072 105.454
3.25 1.49 0.061 102.944
3.26 1.38 0.05 100.228
3.27 1.32 0.044 98.6189
3.28 1.3 0.044 98.4859
3.29 1.27 0.044 98.2384
3.3 1.26 0.038 97.0188
3.31 1.27 0.037 96.9956
3.32 1.26 0.038 97.1819
3.33 1.26 0.039 97.4737
3.34 1.65 0.049 103.362
3.35 1.58 0.053 103.478
3.36 1.47 0.056 102.963
3.37 1.44 0.057 102.894
3.38 1.36 0.058 102.283
3.39 1.28 0.056 101.181
3.4 1.24 0.055 100.651
3.41 1.22 0.055 100.498
3.42 1.19 0.052 99.7533
3.43 1.19 0.0513 99.7218
3.44 1.24 0.0507 100.298
3.45 1.33 0.05 101.279
3.46 1.48 0.052 103.269
3.47 1.67 0.054 105.496
3.48 1.85 0.052 106.812
3.49 2.08 0.05 108.362
3.5 2.18 0.049 109.001
3.51 2.25 0.046 109.011
3.52 2.28 0.043 108.694
3.53 2.29 0.041 108.417
3.54 2.25 0.038 107.546
3.55 2.17 0.033 105.821
3.56 2.03 0.029 103.77
3.57 1.89 0.026 101.858
3.58 1.75 0.022 99.4224
3.59 1.63 0.019 97.293
3.6 1.48 0.0187 95.897
3.61 1.47 0.0183 95.705
3.62 1.46 0.018 95.553
3.63 1.45 0.026 98.4996
3.64 1.61 0.035 102.578
3.65 1.77 0.04 105.229
3.66 1.95 0.042 107.222
3.67 2.19 0.044 109.535
3.68 2.53 0.045 112.13
3.69 2.94 0.045 114.668
3.7 3.33 0.044 116.613
3.71 3.78 0.042 118.391
3.72 4 0.041 119.209
3.73 4.2 0.043 120.616
3.74 4.45 0.043 121.715
3.75 4.73 0.046 123.572
3.76 4.96 0.05 125.379
3.77 5.14 0.051 126.325
3.78 5.28 0.049 126.486
3.79 5.38 0.046 126.256
3.8 5.47 0.041 125.444
3.81 5.51 0.034 123.726
3.82 5.51 0.03 122.533
3.83 5.41 0.026 120.852
3.84 5.35 0.025 120.352
3.85 5.31 0.024 119.901
3.86 5.31 0.024 119.988
3.87 5.29 0.025 120.417
3.88 5.29 0.025 120.503
3.89 5.32 0.027 121.463
3.9 5.37 0.028 122.083
3.91 5.41 0.029 122.658
3.92 5.43 0.029 122.81
3.93 5.42 0.029 122.864
3.94 5.38 0.03 123.167
3.95 5.33 0.032 123.751
3.96 5.27 0.034 124.262
3.97 5.2 0.035 124.409
3.98 5.12 0.037 124.794
3.99 5.07 0.04 125.517
4 5.01 0.042 125.899
4.01 4.94 0.043 125.978
4.02 4.86 0.044 126.01
4.03 4.77 0.044 125.758
4.04 4.69 0.045 125.773
4.05 4.6 0.046 125.739
4.06 4.5 0.046 125.427
4.07 4.4 0.047 125.332
4.08 4.28 0.047 124.919
4.09 4.15 0.047 124.45
4.1 4 0.047 123.876
4.11 3.83 0.048 123.403
4.12 3.52 0.049 122.204
4.13 3.3 0.051 121.559
4.14 3.08 0.053 120.824
4.15 2.85 0.056 120.111
4.16 2.61 0.06 119.361
4.17 2.38 0.065 118.653
4.18 2.09 0.07 117.251
4.19 2 0.071 116.726
4.2 1.86 0.07 115.452
4.21 1.78 0.066 114.239
4.22 1.7 0.062 112.971
4.23 1.69 0.06 112.641
4.24 1.72 0.061 113.157
4.25 1.8 0.062 114.129
4.26 1.89 0.063 115.162
4.27 2.05 0.07 117.62
4.28 2.21 0.073 119.393
4.29 2.45 0.074 121.395
4.3 2.77 0.075 123.778
4.31 3.13 0.078 126.469
4.32 3.92 0.0827 131.357
4.33 4.29 0.0873 133.76
4.34 4.4 0.092 134.922
4.35 4.43 0.095 135.502
4.36 4.46 0.101 136.414
4.37 4.41 0.108 137.041
4.38 4.34 0.116 137.629
4.39 4.42 0.129 139.304
4.4 4.55 0.137 140.678
4.41 4.61 0.144 141.619
4.42 4.81 0.156 143.53
4.43 5.08 0.166 145.504
4.44 5.46 0.173 147.622
4.45 6.09 0.182 150.69
4.46 6.9 0.189 154.003
4.47 7.76 0.194 157.068
4.48 8.43 0.19 158.776
4.49 8.89 0.183 159.595
4.5 9.24 0.178 160.215
4.51 9.54 0.172 160.594
4.52 9.77 0.165 160.689
4.53 9.91 0.155 160.281
4.54 9.98 0.143 159.47
4.55 9.97 0.132 158.485
4.56 9.9 0.121 157.278
4.57 9.86 0.108 155.802
4.58 9.81 0.097 154.397
4.59 9.81 0.085 152.802
4.6 9.82 0.072 150.82
4.61 9.82 0.069 150.378
4.62 9.79 0.066 149.847
4.63 9.7 0.063 149.159
4.64 9.54 0.069 150.023
4.65 9.4 0.074 150.668
4.66 9.11 0.079 150.898
4.67 8.66 0.085 150.806
4.68 8.29 0.09 150.665
4.69 8.1 0.093 150.662
4.7 8.08 0.094 150.832
4.71 8.2 0.099 151.895
4.72 8.26 0.107 153.131
4.73 8.21 0.111 153.556
4.74 8.1 0.114 153.688
4.75 7.97 0.118 153.861
4.76 7.81 0.121 153.823
4.77 7.58 0.121 153.252
4.78 7.28 0.119 152.241
4.79 6.78 0.105 149.215
4.8 6.49 0.098 147.515
4.81 6.27 0.094 146.361
4.82 6.08 0.089 145.136
4.83 5.9 0.081 143.464
4.84 5.74 0.071 141.421
4.85 5.56 0.059 138.701
4.86 5.36 0.0583 137.913
4.87 5.19 0.0577 137.235
4.88 5.06 0.057 136.674
4.89 4.94 0.062 137.236
4.9 4.83 0.068 137.926
4.91 4.76 0.073 138.53
4.92 4.8 0.077 139.392
4.93 4.9 0.08 140.331
4.94 5.06 0.082 141.352
4.95 5.37 0.079 142.206
4.96 5.81 0.076 143.445
4.97 6.26 0.076 145.076
4.98 6.57 0.078 146.487
4.99 6.8 0.079 147.453
5 7.15 0.078 148.448
5.01 7.66 0.078 150.011
5.02 8.26 0.078 151.733
5.03 8.88 0.075 152.908
5.04 9.49 0.074 154.291
5.05 9.97 0.072 155.123
5.06 10.42 0.067 155.265
5.07 10.87 0.062 155.294
5.08 11.3 0.06 155.824
5.09 11.68 0.061 156.869
5.1 12 0.065 158.401
5.11 12.2 0.065 158.865
5.12 12.22 0.064 158.784
5.13 12.1 0.059 157.575
5.14 11.96 0.055 156.479
5.15 11.81 0.053 155.799
5.16 11.69 0.054 155.896
5.17 11.67 0.056 156.414
5.18 11.71 0.058 157.033
5.19 11.71 0.06 157.561
5.2 11.59 0.06 157.412
5.21 11.32 0.061 157.178
5.22 11.19 0.063 157.423
5.23 10.98 0.065 157.486
5.24 10.74 0.066 157.269
5.25 10.48 0.068 157.188
5.26 10.17 0.071 157.156
5.27 10.05 0.072 157.153
5.28 10.09 0.072 157.326
5.29 10.25 0.072 157.766
5.3 10.48 0.073 158.536
5.31 10.6233 0.0687 158.129
5.32 10.7667 0.0643 157.646
5.33 10.91 0.06 157.122
5.34 10.98 0.06 157.349
5.35 11.03 0.06 157.534
5.36 11.09 0.06 157.739
5.37 11.1 0.06 157.841
5.38 10.94 0.057 156.922
5.39 10.68 0.054 155.757
5.4 10.38 0.053 154.959
5.41 10.16 0.054 154.801
5.42 10.02 0.055 154.808
5.43 9.95 0.055 154.731
5.44 9.91 0.056 154.952
5.45 9.89 0.056 154.986
5.46 9.9 0.056 155.088
5.47 9.93 0.056 155.234
5.48 9.97 0.054 154.934
5.49 9.96 0.055 155.227
5.5 9.94 0.056 155.493
5.51 9.65 0.059 155.584
5.52 9.31 0.058 154.64
5.53 9.11 0.058 154.235
5.54 8.7 0.057 153.071
5.55 7.98 0.056 151.032
5.56 7.45 0.056 149.62
5.57 6.86 0.057 148.144
5.58 6.55 0.057 147.235
5.59 5.67 0.057 144.279
5.6 5.09 0.058 142.331
5.61 4.55 0.059 140.319
5.62 4.04 0.06 138.199
5.63 3.58 0.061 136.069
5.64 3.17 0.063 134.132
5.65 2.76 0.065 131.89
5.66 2.43 0.066 129.722
5.67 2.19 0.065 127.695
5.68 1.98 0.064 125.754
5.69 1.8 0.062 123.773
5.7 1.65 0.061 122.126
5.71 1.49 0.061 120.404
5.72 1.35 0.061 118.763
5.73 1.34 0.059 118.365
5.74 1.33 0.058 118.126
5.75 1.32 0.054 117.355
5.76 1.87 0.053 123.259
5.77 2.9 0.052 131.154
5.78 4.49 0.051 139.517
5.79 6.26 0.053 146.896
5.8 7.47 0.055 151.219
5.81 8.03 0.05 151.667
5.82 8.23 0.039 149.163
5.83 8.13 0.035 147.636
5.84 7.71 0.03 144.715
5.85 7.19 0.025 141.177
5.86 6.73 0.0253 140.045
5.87 6.35 0.0257 139.125
5.88 6.05 0.026 138.358
5.89 5.86 0.03 139.439
5.9 5.74 0.034 140.546
5.91 5.66 0.037 141.319
5.92 5.58 0.04 142.014
5.93 5.46 0.042 142.212
5.94 5.32 0.042 141.748
5.95 5.2 0.041 141.066
5.96 5.05 0.041 140.538
5.97 4.9 0.041 139.994
5.98 4.71 0.04 138.978
5.99 4.5 0.041 138.417
6 4.27 0.04 137.157
6.01 4.02 0.039 135.747
6.02 3.77 0.036 133.667
6.03 3.49 0.031 130.615
6.04 3.41 0.03 129.885
6.05 3.4 0.03 129.89
6.06 3.52 0.031 130.957
6.07 3.86 0.034 133.793
6.08 4.46 0.037 137.633
6.09 5.11 0.037 140.42
6.1 5.53 0.035 141.435
6.11 5.65 0.035 141.938
6.12 5.57 0.035 141.711
6.13 5.48 0.035 141.443
6.14 5.44 0.035 141.358
6.15 5.38 0.034 140.856
6.16 5.31 0.034 140.655
6.17 5.28 0.031 139.527
6.18 5.35 0.03 139.474
6.19 5.52 0.027 138.943
6.2 5.71 0.024 138.322
6.21 5.87 0.0227 138.294
6.22 5.98 0.0228 138.777
6.23 6.06 0.0229 139.155
6.24 6.14 0.023 139.531
6.25 6.23 0.026 141.32
6.26 6.35 0.027 142.218
6.27 6.5 0.028 143.193
6.28 6.63 0.028 143.665
6.29 6.72 0.028 144.008
6.3 6.79 0.028 144.287
6.31 6.63 0.022 140.998
6.32 6.73 0.021 140.819
6.33 6.7 0.021 140.79
6.34 6.64 0.021 140.669
6.35 6.6 0.021 140.609
6.36 6.56 0.02 139.978
6.37 6.51 0.019 139.289
6.38 6.46 0.017 137.913
6.39 6.42 0.016 137.156
6.4 6.37 0.015 136.327
6.41 6.3 0.015 136.17
6.42 6.23 0.015 136.01
6.43 6.12 0.015 135.72
6.44 5.98 0.017 136.743
6.45 5.81 0.019 137.502
6.46 5.62 0.023 139.098
6.47 5.32 0.028 140.341
6.48 5.21 0.029 140.389
6.49 5.01 0.034 141.52
6.5 4.82 0.038 142.103
6.51 4.66 0.041 142.372
6.52 4.53 0.044 142.69
6.53 4.44 0.045 142.605
6.54 4.38 0.047 142.902
6.55 4.31 0.048 142.882
6.56 4.29 0.049 143.092
6.57 4.27 0.049 143.056
6.58 4.25 0.049 143.02
6.59 4.26 0.049 143.129
6.6 4.28 0.049 143.286
6.61 4.32 0.047 143.041
6.62 4.36 0.046 143.036
6.63 4.39 0.046 143.237
6.64 4.37 0.046 143.203
6.65 4.3 0.045 142.669
6.66 4.22 0.045 142.343
6.67 4.18 0.045 142.207
6.68 4.15 0.043 141.582
6.69 4.16 0.041 141.13
6.7 4.21 0.039 140.844
6.71 4.32 0.038 141.122
6.72 4.49 0.037 141.653
6.73 4.67 0.036 142.191
6.74 4.79 0.038 143.414
6.75 4.82 0.043 145.087
6.76 4.78 0.046 145.788
6.77 4.71 0.05 146.552
6.78 4.67 0.052 146.91
6.79 4.73 0.052 147.241
6.8 4.89 0.051 147.77
6.81 5.15 0.05 148.692
6.82 5.51 0.049 149.955
6.83 5.98 0.044 150.441
6.84 6.8 0.035 150.422
6.85 9.04 0.033 156.016
6.86 9.15 0.031 155.54
6.87 10.91 0.0317 159.892
6.88 11.5467 0.0323 161.52
6.89 12.1833 0.033 163.13
6.9 12.82 0.066 174.157
6.91 13.03 0.054 171.743
6.92 13.18 0.0473 170.209
6.93 14.92 0.0407 171.192
6.94 16.2 0.034 170.728
6.95 16.23 0.024 165.962
6.96 16.26 0.0227 165.305
6.97 16.29 0.0268 167.716
6.98 16.65 0.0309 170.317
6.99 16.62 0.035 172.115
7 17.75 0.059 181.541
7.01 19.05 0.057 182.945
7.02 19.77 0.055 183.452
7.03 19.59 0.053 182.719
7.04 18.95 0.051 181.338
7.05 19.57 0.032 175.32
7.06 20.45 0.0297 175.412
7.07 21.13 0.0468 183.108
7.08 20.31 0.0639 186.92
7.09 20.15 0.081 190.502
7.1 19.43 0.0807 189.522
7.11 18.58 0.0803 188.301
7.12 19.19 0.08 189.194
7.13 18.47 0.082 188.615
7.14 18.79 0.084 189.536
7.15 18.52 0.086 189.586
7.16 18.53 0.09 190.393
7.17 18.44 0.097 191.523
7.18 18.72 0.079 188.762
7.19 20.34 0.108 196.143
7.2 20.45 0.079 191.328
7.21 21.01 0.067 189.532
7.22 20.38 0.069 189.238
7.23 21.45 0.0683 190.549
7.24 20.27 0.0677 188.937
7.25 19.45 0.067 187.727
7.26 19.6833 0.066 187.886
7.27 19.9167 0.105 195.693
7.28 20.15 0.124 198.829
7.29 19.16 0.102 194.284
7.3 20.0633 0.068 189.161
7.31 20.9667 0.051 185.933
7.32 21.87 0.0507 187.045
7.33 21.71 0.0503 186.795
7.34 21.55 0.05 186.574
7.35 21.39 0.076 193.054
7.36 21.68 0.098 197.639
7.37 21.76 0.095 197.307
7.38 20.16 0.092 194.702
7.39 20.22 0.089 194.322
7.4 19.93 0.128 199.946
7.41 20.27 0.134 201.275
7.42 18.26 0.114 195.695
7.43 17.96 0.092 191.849
7.44 18.17 0.093 192.415
7.45 20.55 0.0913 195.629
7.46 21.16 0.0897 196.239
7.47 22.58 0.088 197.842
7.48 21.47 0.099 198.419
7.49 21.81 0.112 200.995
7.5 23.17 0.13 205.359
7.51 23.89 0.144 208.106
7.52 22.82 0.2043 212.921
7.53 21.88 0.2647 216.325
7.54 22.1233 0.325 220.483
7.55 22.3667 0.371 223.358
7.56 22.61 0.3627 223.368
7.57 23.01 0.3543 223.579
7.58 22.39 0.346 222.344
7.59 22.05 0.363 222.823
7.6 22.89 0.349 223.376
7.61 24.23 0.299 222.416
7.62 22.43 0.275 218.511
7.63 19.73 0.265 213.93
7.64 20.21 0.255 214.064
7.65 20.69 0.245 214.153
7.66 21.17 0.248 215.157
7.67 21.27 0.278 217.437
7.68 19.23 0.267 213.662
7.69 18.04 0.186 205.507
7.7 15.24 0.144 196.421
7.71 14.59 0.114 191.504
7.72 13.94 0.1097 189.712
7.73 13.29 0.1053 187.839
7.74 13.89 0.101 188.45
7.75 13.93 0.115 190.644
7.76 12.45 0.126 189.084
7.77 11.22 0.137 187.642
7.78 10.15 0.148 186.212
7.79 9.65 0.167 186.796
7.8 9.49 0.158 185.556
7.81 9.38 0.154 184.916
7.82 9.3167 0.131 182.331
7.83 9.2533 0.1393 183.15
7.84 9.19 0.1477 183.928
7.85 8.89 0.156 183.951
7.86 8.38 0.172 183.945
7.87 7.53 0.168 180.844
7.88 7.28 0.164 179.669
7.89 7.31 0.16 179.47
7.9 7.37 0.167 180.386
7.91 7.38 0.145 178.376
7.92 7.36 0.124 176.062
7.93 7.62 0.121 176.646
7.94 7.95 0.117 177.294
7.95 8.29 0.109 177.38
7.96 8.7 0.099 177.255
7.97 8.89 0.095 177.26
7.98 9 0.098 178.097
7.99 9.06 0.073 174.013
8 9.06 0.069 173.259
8.01 9.05 0.066 172.652
8.02 9.04 0.064 172.243
8.03 9.04 0.06 171.38
8.04 9.04 0.058 170.956
8.05 9.04 0.056 170.517
8.06 9.06 0.054 170.114
8.07 9.11 0.051 169.5
8.08 9.16 0.052 169.966
8.09 9.23 0.051 169.936
8.1 9.31 0.049 169.641
8.11 9.4 0.047 169.346
8.12 9.45 0.045 168.921
8.13 9.49 0.044 168.766
8.14 9.52 0.045 169.216
8.15 9.54 0.045 169.325
8.16 9.52 0.044 169.016
8.17 9.5 0.044 169.022
8.18 9.48 0.045 169.344
8.19 9.46 0.046 169.66
8.2 9.43 0.046 169.64
8.21 9.37 0.046 169.542
8.22 9.31 0.046 169.443
8.23 9.24 0.045 169.006
8.24 9.12 0.044 168.43
8.25 9.02 0.045 168.535
8.26 8.93 0.046 168.656
8.27 8.87 0.047 168.851
8.28 8.88 0.047 168.935
8.29 8.96 0.047 169.21
8.3 9.05 0.047 169.511
8.31 9.45 0.046 170.322
8.32 9.77 0.047 171.504
8.33 10.09 0.047 172.36
8.34 10.41 0.048 173.498
8.35 10.88 0.049 174.963
8.36 11.18 0.05 176.003
8.37 11.44 0.05 176.646
8.38 11.73 0.051 177.635
8.39 12.05 0.051 178.384
8.4 12.36 0.051 179.097
8.41 12.7 0.051 179.858
8.42 13.1 0.052 181.014
8.43 13.55 0.054 182.529
8.44 13.99 0.056 183.987
8.45 14.41 0.058 185.374
8.46 14.81 0.059 186.432
8.47 15.32 0.062 188.18
8.48 15.93 0.063 189.555
8.49 16.74 0.065 191.474
8.5 17.83 0.066 193.53
8.51 19.26 0.069 196.481
8.52 22.23 0.075 202.043
8.53 24.54 0.09 208.14
8.54 27.47 0.111 215.342
8.55 31.08 0.129 222.036
8.56 31.82 0.129 222.862
8.57 34.02 0.129 225.091
8.58 34.71 0.129 225.816
8.59 36.54 0.112 224.906
8.6 39.31 0.11 227.018
8.61 40.22 0.108 227.494
8.62 42.8 0.106 229.257
8.63 43.04 0.103 228.968
8.64 42.46 0.115 230.7
