0.01 0 0 0
0.02 0.01 0 0
0.03 0.01 0 0
0.04 0.01 0 0
0.05 0.01 0 0
0.06 0.01 0 0
0.07 0.01 0 0
0.0800001 0.01 0 0
0.0900001 0.01 0 0
0.1 0.01 0 0
0.11 0.01 0.001 13.8779
0.12 0.01 0.001 14.2177
0.13 0.04 0.002 18.8034
0.14 0.04 0.003 19.8534
0.15 0.03 0.002 18.7725
0.16 0.04 0.001 18.8044
0.17 0.05 0.004 22.1629
0.18 0.12 0.008 27.0597
0.19 0.12 0.008 27.4695
0.2 0.16 0.006 28.3557
0.21 0.21 0.004 28.8992
0.22 0.29 0.007 32.1299
0.23 0.28 0.011 33.6057
0.24 0.28 0.016 35.0825
0.25 0.28 0.017 35.6623
0.26 -0.06 0.015 -nan
0.27 0.01 0.013 22.0504
0.28 0.0900001 0.014 30.7536
0.29 0.07 0.013 29.7672
0.3 0.3 0.012 36.8087
0.31 0.01 0.013 22.9138
0.32 0 0.006 0
0.33 -0.02 0.006 -nan
0.34 0.01 0.01 23.0022
0.35 0.04 0.014 29.1154
0.36 0.01 0.015 24.1725
0.37 0.02 0.009 25.794
0.38 0.03 0.008 27.2797
0.39 0.06 0.007 30.0262
0.4 0.16 0.018 37.6723
0.41 0.28 0.018 41.1151
0.42 0.52 0.018 45.2506
0.43 0.730001 0.015 47.1077
0.44 0.810001 0.011 46.899
0.45 0.710001 0.013 46.954
0.46 0.61 0.01 45.2222
0.47 0.820001 0.008 46.6002
0.48 0.860001 0.01 48.0807
0.49 0.910001 0.011 49.1404
0.5 1.58 0.019 55.9926
0.51 1.38 0.017 54.7064
0.52 1.77 0.023 58.4616
0.53 1.85 0.04 61.9342
0.54 1.81 0.049 63.118
0.55 2.07 0.046 64.3398
0.56 2.53 0.05 67.0221
0.57 3.68 0.057 71.8657
0.58 4.31 0.062 74.3948
0.59 4.81 0.067 76.4316
0.6 5.6 0.0800001 79.6563
0.61 5.75 0.076 79.9863
0.62 6.54 0.084 82.5365
0.63 6.93 0.082 83.4314
0.640001 6.76 0.0900001 84.1475
0.650001 6.17 0.0900001 83.4069
0.660001 5.09 0.096 81.9112
0.670001 4.69 0.105 81.899
0.680001 4.1 0.108 80.8495
0.690001 3.63 0.11 79.8893
0.700001 3.59 0.11 80.0816
0.710001 3.45 0.11 79.9388
0.720001 3.32 0.109 79.747
0.730001 3.31 0.109 80.0186
0.740001 3.23 0.106 79.8537
0.75 3.16 0.094 79.105
0.760001 3.17 0.086 78.8473
0.770001 3.13 0.084 78.8353
0.780001 3 0.077 78.0696
0.790001 2.89 0.072 77.4921
0.800001 2.72 0.066 76.5316
0.810001 2.56 0.06 75.5276
0.820001 2.47 0.061 75.4998
0.830001 2.47 0.062 75.8572
0.840001 2.48 0.069 76.8353
0.850001 2.47 0.071 77.227
0.860001 2.45 0.069 77.2041
0.870001 2.43 0.068 77.2674
0.880001 2.44 0.067 77.4636
0.890001 2.39 0.069 77.6658
0.900001 2.34 0.071 77.8555
0.910001 2.38 0.072 78.377
0.920001 2.29 0.068 77.8094
0.930001 2.28 0.068 77.9944
0.940001 2.32 0.068 78.4228
0.950001 2.26 0.067 78.2611
0.960001 2.15 0.058 76.9977
0.970001 2.14 0.055 76.8278
0.980001 2.14 0.055 77.0471
0.990001 2.26 0.051 77.3866
1 2.38 0.044 77.229
1.01 2.54 0.041 77.7139
1.02 2.6 0.04 78.0291
1.03 2.55 0.038 77.6902
1.04 2.58 0.035 77.4984
1.05 2.6 0.032 77.2135
1.06 2.54 0.032 77.1574
1.07 2.42 0.028 75.9731
1.08 2.23 0.026 74.8155
1.09 2.15 0.025 74.3708
1.1 2.15 0.023 74.0443
1.11 2.16 0.023 74.2805
1.12 2.23 0.022 74.5325
1.13 2.29 0.02 74.4108
1.14 2.3 0.018 73.9886
1.15 2.32 0.017 73.9087
1.16 2.33 0.016 73.7597
1.17 2.33 0.016 73.9359
1.18 2.33 0.016 74.1111
1.19 2.34 0.016 74.331
1.2 2.35 0.017 74.9268
1.21 2.39 0.019 75.9825
1.22 2.46 0.02 76.8009
1.23 2.48 0.021 77.3787
1.24 2.5 0.021 77.6428
1.25 2.55 0.021 78.0386
1.26 2.55 0.021 78.2116
1.27 2.51 0.021 78.2054
1.28 2.41 0.022 78.2208
1.29 2.32 0.023 78.2506
1.3 2.26 0.023 78.1235
1.31 2 0.024 77.1971
1.32 1.98 0.025 77.5115
1.33 1.98 0.025 77.6743
1.34 1.94 0.023 77.0712
1.35 1.86 0.022 76.4804
1.36 1.84 0.021 76.2227
1.37 1.8 0.02 75.8283
1.38 1.76 0.016 74.3432
1.39 1.74 0.015 73.9718
1.4 1.8 0.014 74.0557
1.41 1.86 0.014 74.5536
1.42 1.91 0.014 74.9861
1.43 1.96 0.014 75.4126
1.44 1.98 0.014 75.6694
1.45 2.07 0.014 76.302
1.46 2.09 0.014 76.5538
1.47 2.13 0.014 76.9089
1.48 2.15 0.015 77.602
1.49 2.18 0.016 78.3221
1.5 2.25 0.017 79.2244
1.51 2.28 0.017 79.5224
1.52 2.35 0.017 80.0161
1.53 2.39 0.016 79.9529
1.54 2.43 0.016 80.2895
1.55 2.46 0.017 80.9838
1.56 2.5 0.017 81.3174
1.57 2.53 0.018 81.991
1.58 2.63 0.018 82.5956
1.59 2.69 0.018 83.0098
1.6 2.75 0.018 83.4192
1.61 2.82 0.018 83.8668
1.62 2.92 0.018 84.4339
1.63 3.01 0.019 85.332
1.64 3.11 0.019 85.8805
1.65 3.24 0.02 86.9046
1.66 3.29 0.021 87.5977
1.67 3.31 0.021 87.8207
1.68 3.31 0.021 87.9666
1.69 3.31 0.021 88.1119
1.7 3.32 0.021 88.2948
1.71 3.33 0.021 88.4772
1.72 3.37 0.021 88.7733
1.73 3.4 0.021 89.03
1.74 3.42 0.021 89.2481
1.75 3.43 0.021 89.428
1.76 3.43 0.022 89.9171
1.77 3.44 0.022 90.0966
1.78 3.44 0.022 90.2378
1.79 3.41 0.023 90.599
1.8 3.4 0.023 90.7011
1.81 3.39 0.023 90.8024
1.82 3.39 0.023 90.9415
1.83 3.4 0.023 91.1188
1.84 3.42 0.023 91.3341
1.85 3.45 0.024 91.9118
1.86 3.47 0.024 92.1263
1.87 3.46 0.024 92.2254
1.88 3.44 0.024 92.2851
1.89 3.44 0.025 92.7358
1.9 3.43 0.028 93.7125
1.91 3.45 0.03 94.4686
1.92 3.46 0.031 94.9039
1.93 3.52 0.032 95.5286
1.94 3.58 0.032 95.8991
1.95 3.74 0.032 96.6428
1.96 3.85 0.032 97.1852
1.97 3.98 0.032 97.7893
1.98 4.18 0.032 98.6208
1.99 4.44 0.032 99.6209
2 4.72 0.031 100.377
2.01 5.33 0.031 102.291
2.02 5.62 0.03 102.935
2.03 5.88 0.03 103.75
2.04 6.07 0.029 104.075
2.05 6.18 0.029 104.486
2.06 6.23 0.03 105.045
2.07 6.22 0.031 105.45
2.08 6.2 0.031 105.542
2.09 6.15 0.032 105.839
2.1 6.13 0.033 106.201
2.11 6.06 0.033 106.166
2.12 6.04 0.033 106.255
2.13 6.01 0.034 106.582
2.14 5.97 0.034 106.618
2.15 5.93 0.034 106.653
2.16 5.84 0.035 106.813
2.17 5.77 0.035 106.765
2.18 5.71 0.035 106.741
2.19 5.64 0.036 106.937
2.2 5.56 0.036 106.853
2.21 5.47 0.036 106.737
2.22 5.26 0.036 106.27
2.23 5.15 0.036 106.079
2.24 5.03 0.036 105.851
2.25 4.92 0.036 105.646
2.26 4.84 0.036 105.527
2.27 4.79 0.036 105.498
2.28 4.74 0.036 105.468
2.29 4.73 0.036 105.564
2.3 4.74 0.037 105.966
2.31 4.75 0.038 106.361
2.32 4.84 0.039 107.008
2.33 4.95 0.039 107.484
2.34 5.11 0.039 108.106
2.35 5.32 0.038 108.629
2.36 5.57 0.038 109.478
2.37 5.85 0.038 110.384
2.38 6.14 0.039 111.527
2.39 6.69 0.039 113.045
2.4 6.88 0.041 114.107
2.41 7.04 0.042 114.848
2.42 7.12 0.044 115.614
2.43 7.18 0.045 116.104
2.44 7.26 0.046 116.635
2.45 7.31 0.047 117.092
2.46 7.38 0.048 117.592
2.47 7.45 0.048 117.885
2.48 7.52 0.047 117.969
2.49 7.61 0.047 118.304
2.5 7.71 0.047 118.659
2.51 7.83 0.046 118.842
2.52 7.94 0.046 119.213
2.53 8.04 0.046 119.559
2.54 8.15 0.046 119.925
2.55 8.26 0.039 118.647
2.56 8.43 0.039 119.125
2.57 8.48 0.039 119.356
2.58 8.52 0.04 119.818
2.59 8.58 0.041 120.315
2.6 8.62 0.042 120.767
2.61 8.64 0.043 121.173
2.62 8.53 0.044 121.31
2.63 8.49 0.045 121.584
2.64 8.48 0.045 121.691
2.65 8.49 0.046 122.063
2.66 8.49 0.046 122.191
2.67 8.53 0.046 122.401
2.68 8.46 0.047 122.602
2.69 8.43 0.047 122.667
2.7 8.41 0.048 122.967
2.71 8.4 0.048 123.072
2.72 8.39 0.048 123.177
2.73 8.37 0.048 123.26
2.74 8.37 0.048 123.386
2.75 8.37 0.048 123.511
2.76 8.37 0.048 123.635
2.77 8.38 0.048 123.781
2.78 8.4 0.048 123.948
2.79 8.43 0.048 124.135
2.8 8.47 0.048 124.343
2.81 8.5 0.048 124.53
2.82 8.54 0.048 124.737
2.83 8.54 0.049 125.075
2.84 8.5 0.049 125.113
2.85 8.43 0.049 125.086
2.86 8.32 0.049 124.971
2.87 8.17 0.049 124.765
2.88 7.99 0.049 124.486
2.89 7.78 0.048 123.916
2.9 7.57 0.047 123.331
2.91 7.36 0.046 122.73
2.92 7 0.045 121.741
2.93 6.85 0.044 121.25
2.94 6.74 0.041 120.373
2.95 6.64 0.039 119.728
2.96 6.57 0.038 119.4
2.97 6.51 0.036 118.819
2.98 6.45 0.035 118.493
2.99 6.39 0.034 118.159
3 6.33 0.033 117.815
3.01 6.32 0.033 117.897
3.02 6.32 0.032 117.704
3.03 6.33 0.032 117.839
3.04 6.31 0.032 117.893
3.05 6.25 0.032 117.839
3.06 6.16 0.032 117.7
3.07 5.92 0.032 117.135
3.08 5.8 0.032 116.895
3.09 5.68 0.032 116.649
3.1 5.58 0.032 116.456
3.11 5.48 0.031 115.95
3.12 5.42 0.031 115.87
3.13 5.37 0.029 115.177
3.14 5.34 0.029 115.187
3.15 5.3 0.028 114.828
3.16 5.29 0.028 114.898
3.17 5.29 0.027 114.651
3.18 5.29 0.027 114.752
3.19 5.28 0.027 114.821
3.2 5.28 0.027 114.921
3.21 5.27 0.027 114.989
3.22 5.27 0.027 115.089
3.23 5.26 0.027 115.156
3.24 5.22 0.027 115.129
3.25 5.2 0.027 115.164
3.26 5.18 0.027 115.198
3.27 5.15 0.028 115.549
3.28 5.13 0.028 115.582
3.29 5.11 0.028 115.615
3.3 5.11 0.028 115.713
3.31 5.11 0.028 115.81
3.32 5.1 0.028 115.875
3.33 5.1 0.028 115.971
3.34 5.1 0.028 116.068
3.35 5.1 0.028 116.165
3.36 5.1 0.028 116.261
3.37 5.11 0.028 116.39
3.38 5.12 0.028 116.519
3.39 5.13 0.029 116.988
3.4 5.13 0.029 117.084
3.41 5.14 0.029 117.212
3.42 5.12 0.029 117.242
3.43 5.1 0.03 117.602
3.44 5.09 0.03 117.664
3.45 5.07 0.03 117.693
3.46 5.04 0.03 117.687
3.47 5.02 0.03 117.714
3.48 5 0.03 117.74
3.49 5 0.03 117.834
3.5 4.97 0.03 117.826
3.51 4.96 0.031 118.207
3.52 4.95 0.031 118.266
3.53 4.94 0.031 118.325
3.54 4.94 0.03 118.096
3.55 4.94 0.029 117.855
3.56 4.94 0.029 117.948
3.57 4.96 0.029 118.108
3.58 4.98 0.03 118.603
3.59 5 0.03 118.763
3.6 5.02 0.031 119.248
3.61 4.94 0.031 119.065
3.62 4.93 0.031 119.122
3.63 4.94 0.032 119.563
3.64 4.94 0.032 119.655
3.65 4.94 0.032 119.746
3.66 4.96 0.032 119.907
3.67 4.95 0.032 119.963
3.68 4.94 0.032 120.019
3.69 4.93 0.032 120.074
3.7 4.92 0.032 120.129
3.71 4.89 0.033 120.422
3.72 4.88 0.033 120.476
3.73 4.87 0.033 120.531
3.74 4.85 0.034 120.849
3.75 4.83 0.034 120.867
3.76 4.81 0.034 120.884
3.77 4.82 0.034 121.009
3.78 4.82 0.034 121.098
3.79 4.89 0.033 121.138
3.8 5.01 0.033 121.651
3.81 5.41 0.033 123.094
3.82 5.69 0.033 124.082
3.83 6.02 0.033 125.184
3.84 6.35 0.033 126.241
3.85 6.61 0.033 127.065
3.86 6.84 0.033 127.784
3.87 7 0.033 128.303
3.88 7.15 0.033 128.787
3.89 7.28 0.033 129.214
3.9 7.4 0.033 129.612
3.91 7.53 0.035 130.668
3.92 7.69 0.037 131.765
3.93 7.74 0.038 132.274
3.94 7.81 0.039 132.826
3.95 7.94 0.04 133.517
3.96 8.09 0.04 133.972
3.97 8.3 0.042 135.109
3.98 8.5 0.043 135.933
3.99 8.75 0.045 137.115
4 8.93 0.045 137.613
4.01 9.08 0.045 138.04
4.02 9.39 0.046 139.059
4.03 9.59 0.047 139.828
4.04 9.76 0.048 140.524
4.05 9.89 0.049 141.131
4.06 10.01 0.05 141.711
4.07 10.11 0.052 142.476
4.08 10.22 0.052 142.795
4.09 10.32 0.053 143.32
4.1 10.4 0.054 143.8
4.11 10.47 0.055 144.257
4.12 10.54 0.057 144.923
4.13 10.55 0.057 145.04
4.14 10.53 0.058 145.308
4.15 10.49 0.058 145.326
4.16 10.46 0.059 145.57
4.17 10.38 0.061 145.911
4.18 10.37 0.061 145.988
4.19 10.32 0.061 145.983
4.2 10.27 0.061 145.978
4.21 10.21 0.06 145.751
4.22 10.17 0.059 145.561
4.23 10.24 0.059 145.8
4.24 10.3 0.059 146.019
4.25 10.4 0.059 146.318
4.26 10.46 0.058 146.327
4.27 10.52 0.057 146.331
4.28 10.56 0.057 146.506
4.29 10.58 0.057 146.641
4.3 10.58 0.057 146.736
4.31 10.53 0.057 146.731
4.32 10.35 0.058 146.673
4.33 10.24 0.057 146.33
4.34 10.13 0.057 146.196
4.35 10.05 0.056 145.908
4.36 9.96 0.056 145.812
4.37 9.88 0.055 145.517
4.38 9.81 0.055 145.461
4.39 9.69 0.054 145.074
4.4 9.64 0.053 144.832
4.41 9.59 0.052 144.586
4.42 9.55 0.051 144.356
4.43 9.54 0.05 144.187
4.44 9.54 0.05 144.278
4.45 9.54 0.049 144.126
4.46 9.64 0.049 144.432
4.47 9.95 0.049 145.182
4.48 10.15 0.049 145.69
4.49 10.34 0.049 146.17
4.5 10.49 0.05 146.81
4.51 10.58 0.046 146.065
4.52 10.63 0.042 145.151
4.53 10.7 0.043 145.663
4.54 10.74 0.043 145.831
4.55 10.76 0.044 146.238
4.56 10.76 0.045 146.601
4.57 10.75 0.045 146.671
4.58 10.75 0.046 147.029
4.59 10.47 0.047 146.823
4.6 10.35 0.047 146.668
4.61 10.23 0.048 146.767
4.62 10.21 0.048 146.814
4.63 10.14 0.047 146.5
4.64 10.11 0.047 146.525
4.65 10.11 0.046 146.351
4.66 10.12 0.046 146.459
4.67 10.16 0.047 146.892
4.68 10.28 0.047 147.228
4.69 10.36 0.048 147.739
4.7 10.51 0.048 148.133
4.71 10.59 0.049 148.637
4.72 10.64 0.05 149.076
4.73 10.64 0.051 149.41
4.74 10.62 0.05 149.211
4.75 10.6 0.05 149.258
4.76 10.53 0.05 149.203
4.77 10.55 0.05 149.331
4.78 10.57 0.05 149.458
4.79 10.66 0.05 149.728
4.8 10.83 0.05 150.156
4.81 10.9 0.051 150.631
4.82 11 0.051 150.916
4.83 11.01 0.051 151.023
4.84 11.01 0.052 151.354
4.85 10.99 0.052 151.401
4.86 10.98 0.053 151.708
4.87 10.96 0.053 151.755
4.88 10.94 0.054 152.038
4.89 10.9 0.054 152.044
4.9 10.88 0.055 152.323
4.91 10.82 0.054 152.056
4.92 10.78 0.054 152.061
4.93 10.72 0.054 152.024
4.94 10.67 0.054 152.007
4.95 10.61 0.053 151.733
4.96 10.59 0.053 151.777
4.97 10.55 0.052 151.539
4.98 10.49 0.052 151.499
4.99 10.43 0.052 151.459
5 10.4 0.052 151.48
5.01 10.35 0.052 151.459
5.02 10.21 0.051 151.002
5.03 10.15 0.051 150.958
5.04 10.05 0.051 150.826
5.05 9.9 0.051 150.582
5.06 9.81 0.051 150.467
5.07 9.72 0.051 150.35
5.08 9.61 0.05 149.939
5.09 9.38 0.05 149.499
5.1 9.24 0.049 149.006
5.11 9.12 0.048 148.552
5.12 8.96 0.047 147.995
5.13 8.7 0.046 147.185
5.14 8.6 0.044 146.477
5.15 8.51 0.043 146.054
5.16 8.44 0.042 145.674
5.17 8.45 0.041 145.485
5.18 8.46 0.04 145.29
5.19 8.49 0.039 145.136
5.2 8.52 0.039 145.287
5.21 8.57 0.039 145.487
5.22 8.59 0.039 145.614
5.23 8.68 0.04 146.218
5.24 8.72 0.041 146.693
5.25 8.76 0.041 146.868
5.26 8.81 0.042 147.361
5.27 8.82 0.042 147.463
5.28 8.84 0.043 147.878
5.29 8.85 0.043 147.98
5.3 8.87 0.044 148.389
5.31 8.94 0.044 148.635
5.32 8.98 0.044 148.809
5.33 9.01 0.044 148.958
5.34 9.1 0.044 149.249
5.35 9.17 0.045 149.771
5.36 9.25 0.046 150.311
5.37 9.43 0.047 151.077
5.38 9.53 0.048 151.651
5.39 9.62 0.049 152.195
5.4 9.75 0.049 152.568
5.41 9.82 0.049 152.804
5.42 9.98 0.058 155.404
5.43 10.08 0.067 157.587
5.44 10.15 0.073 158.955
5.45 10.31 0.07 158.839
5.46 10.39 0.072 159.47
5.47 10.51 0.074 160.18
5.48 10.95 0.091 164.009
5.49 11.23 0.086 163.917
5.5 11.17 0.092 164.796
5.51 11.53 0.097 166.365
5.52 11.9 0.097 167.207
5.53 12.32 0.11 169.898
5.54 13.06 0.122 172.9
5.55 13.12 0.097 169.83
5.56 13.19 0.072 165.88
5.57 13.93 0.065 165.855
5.58 14.58 0.057 165.216
5.59 15.09 0.066 168.157
5.6 14.39 0.075 168.881
5.61 15.8 0.12 178.084
5.62 17.21 0.135 182.155
5.63 18.1 0.181 188.107
5.64 17.47 0.168 186.084
5.65 17.61 0.154 185.045
5.66 17.52 0.14 183.539
5.67 18.28 0.132 183.853
5.68 18.47 0.141 185.231
5.69 17.05 0.141 183.199
5.7 17.06 0.141 183.304
5.71 17.08 0.141 183.424
5.72 17.45 0.14 183.971
5.73 17.56 0.132 183.328
5.74 18.01 0.12 182.632
5.75 19 0.134 185.832
5.76 19.27 0.123 184.977
5.77 19.24 0.112 183.588
5.78 20.2 0.096 182.612
5.79 21.17 0.093 183.453
5.8 22.27 0.101 186.158
5.81 22.46 0.103 186.78
5.82 22.02 0.099 185.724
5.83 21.26 0.0950001 184.242
5.84 21.55 0.093 184.363
5.85 21.84 0.092 184.64
5.86 22.66 0.103 187.464
5.87 22.02 0.114 188.365
5.88 21.85 0.129 190.19
5.89 22.24 0.144 192.519
5.9 22.62 0.133 191.808
5.91 22.35 0.138 192.156
5.92 22.07 0.144 192.578
5.93 22.08 0.138 192
5.94 21.29 0.128 189.892
5.95 21.93 0.119 189.639
5.96 20.77 0.123 188.768
5.97 17.36 0.121 183.79
5.98 17.36 0.124 184.251
5.99 17.03 0.126 184.072
6 16.75 0.128 183.959
6.01 16.7 0.129 184.085
6.02 16.83 0.133 184.844
6.03 16.97 0.176 189.516
6.04 16.89 0.181 189.917
6.05 17.22 0.187 191.052
6.06 18.43 0.188 193.104
6.07 18.81 0.187 193.675
6.08 18.95 0.187 193.971
6.09 20.46 0.178 195.41
6.1 21.14 0.168 195.479
6.11 21.91 0.155 195.266
6.12 22.08 0.145 194.49
6.13 22.25 0.135 193.638
6.14 24.45 0.133 196.131
6.15 25.12 0.131 196.737
6.16 24.61 0.158 199.329
6.17 24.71 0.164 200.155
6.18 24.81 0.155 199.423
6.19 25.01 0.145 198.638
6.2 24.95 0.109 193.997
6.21 25.44 0.098 192.913
6.22 25.93 0.087 191.623
6.23 25.62 0.0900001 191.917
6.24 26.04 0.092 192.805
6.25 25.37 0.117 196.05
6.26 25.46 0.112 195.526
6.27 25.55 0.106 194.818
6.28 26.31 0.135 199.706
6.29 27.17 0.121 198.902
6.3 27.9 0.107 197.718
6.31 28.51 0.117 199.903
6.32 28.93 0.07 192.028
6.33 28.75 0.062 190.011
6.34 28.25 0.061 189.359
6.35 28.13 0.076 192.82
6.36 27.94 0.074 192.29
6.37 28.45 0.072 192.436
6.38 28.95 0.081 194.904
6.39 28.67 0.089 196.248
6.4 29.97 0.071 193.912
6.41 29.57 0.063 191.704
6.42 30 0.076 195.21
6.43 30.42 0.0900001 198.458
6.44 31.16 0.136 206.194
6.45 32.25 0.155 209.575
6.46 31.92 0.141 207.713
6.47 33.58 0.162 211.756
6.48 30.49 0.183 211.052
6.49 31.28 0.184 212.018
6.5 31.2 0.185 212.126
6.51 31.11 0.202 213.686
6.52 31.46 0.219 215.566
6.53 31.22 0.24 217.068
6.54 31.84 0.247 218.298
6.55 32.45 0.254 219.498
6.56 34.14 0.273 222.534
6.57 34.91 0.252 221.862
6.58 34.64 0.231 220.108
6.59 34.97 0.212 218.933
6.6 35.82 0.207 219.348
6.61 34.6 0.202 217.904
6.62 34.98 0.196 217.792
6.63 35.35 0.19 217.65
6.64 35.73 0.198 218.827
6.65 37.2 0.207 221.009
6.66 37.76 0.224 223.037
6.67 39.12 0.255 226.702
6.68 38.89 0.278 228.237
6.69 39.69 0.279 229.071
6.7 39.18 0.287 229.279
6.71 39.3 0.273 228.522
6.72 40.86 0.259 228.897
6.73 41.75 0.275 230.852
6.74 41.01 0.261 229.354
6.75 42.17 0.248 229.395
6.76 39.21 0.211 224.064
6.77 39.52 0.222 225.362
6.78 39.82 0.234 226.69
6.79 39.95 0.254 228.443
6.8 40.08 0.261 229.161
6.81 41.12 0.268 230.61
6.82 42.16 0.299 233.653
6.83 42.56 0.295 233.804
6.84 42.23 0.291 233.372
6.85 42.22 0.281 232.781
6.86 41.37 0.246 229.638
6.87 40.97 0.217 227.029
6.88 41.17 0.209 226.571
6.89 40.21 0.199 224.974
6.9 39.59 0.198 224.467
6.91 38.97 0.18 222.278
6.92 39.54 0.168 221.557
6.93 37.95 0.157 219.102
6.94 37.85 0.146 217.787
6.95 37.75 0.15 218.281
6.96 37.99 0.154 219.047
6.97 36.38 0.157 218.122
6.98 33.28 0.209 220.618
6.99 32.7 0.212 220.409
7 31.12 0.236 220.892
7.01 30.71 0.248 221.47
7.02 30.3 0.279 223.307
7.03 30.2 0.3 224.641
7.04 30.16 0.316 225.66
7.05 30.21 0.342 227.294
7.06 30.26 0.329 226.705
7.07 31.44 0.335 228.39
7.08 32.05 0.342 229.508
7.09 33.19 0.343 230.812
7.1 33.99 0.344 231.752
7.11 35.19 0.329 232.141
7.12 35.63 0.314 231.747
7.13 35.68 0.295 230.683
7.14 36.69 0.281 230.767
7.15 35.05 0.279 229.205
7.16 35.29 0.277 229.382
7.17 35.53 0.201 223.647
7.18 37.3 0.173 222.511
7.19 38.5 0.214 227.607
7.2 40.47 0.209 228.886
7.21 37.86 0.204 226.331
7.22 37.65 0.2 225.864
7.23 37.52 0.134 218.438
7.24 36.68 0.099 212.393
7.25 37.17 0.115 215.551
7.26 37.67 0.117 216.359
7.27 36.16 0.117 215.17
7.28 37.14 0.117 216.083
7.29 35.22 0.107 212.931
7.3 34.48 0.116 213.793
7.31 33.74 0.124 214.394
7.32 33.64 0.13 215.228
7.33 33.54 0.191 222.218
7.34 33.48 0.19 222.148
7.35 34.31 0.189 222.919
7.36 33.47 0.185 221.814
7.37 31.52 0.179 219.385
7.38 32.4 0.173 219.716
7.39 33.28 0.185 221.883
7.4 33.58 0.198 223.513
7.41 35.46 0.2 225.546
7.42 34.88 0.201 225.189
7.43 30.46 0.201 220.92
7.44 29.38 0.212 220.834
7.45 29.4 0.217 221.367
7.46 29.41 0.161 216.028
7.47 31.91 0.106 211.189
7.48 32.64 0.12 214.156
7.49 32.8 0.135 216.498
7.5 34.88 0.104 213.812
7.51 37.24 0.104 215.918
7.52 37.17 0.11 216.949
7.53 41.39 0.117 221.551
7.54 37.58 0.106 216.784
7.55 36 0.108 215.862
7.56 34.43 0.11 214.887
7.57 35.01 0.187 225.21
7.58 35.43 0.144 220.826
7.59 35.84 0.16 223.222
7.6 35.77 0.138 220.51
7.61 38.37 0.116 219.634
7.62 38.57 0.132 222.256
7.63 37.18 0.135 221.579
7.64 37.9 0.138 222.679
7.65 38.62 0.143 224.027
7.66 39.34 0.147 225.222
7.67 40.05 0.155 226.883
7.68 40.93 0.189 231.464
7.69 40.6 0.2 232.369
7.7 40.99 0.205 233.252
7.71 37.97 0.194 229.723
7.72 37.31 0.183 228.115
7.73 37.09 0.166 226.161
7.74 36.21 0.148 223.319
7.75 35.38 0.156 223.631
7.76 33.47 0.145 220.585
7.77 29.64 0.151 217.569
7.78 31.1 0.157 219.87
7.79 32.56 0.25 230.144
7.8 30.56 0.243 227.596
7.81 30.7 0.235 227.193
7.82 30.84 0.21 225.305
7.83 30.75 0.185 222.927
7.84 29.23 0.139 216.18
7.85 24.14 0.125 208.53
7.86 23.44 0.109 205.368
7.87 23.52 0.114 206.31
7.88 23.39 0.129 208.35
7.89 23.25 0.126 207.836
7.9 22.87 0.123 207.001
7.91 21.69 0.107 203.131
7.92 17.28 0.114 197.699
7.93 16.91 0.112 196.863
7.94 15.36 0.109 193.786
7.95 14.12 0.107 191.223
7.96 13.16 0.105 189.063
7.97 11.44 0.101 184.755
7.98 10.3 0.0950001 181.121
7.99 9.13 0.097 178.375
8 8.27 0.1 176.359
8.01 8 0.123 178.629
8.02 7.92 0.126 178.791
8.03 6.44 0.108 171.391
8.04 4.75 0.0900001 161.628
8.05 4.39 0.097 160.858
8.06 4.35 0.092 159.996
8.07 3.81 0.0900001 156.738
8.08 3.31 0.0900001 153.648
8.09 3.1 0.0900001 152.257
8.1 2.9 0.0900001 150.853
8.11 2.81 0.0900001 150.222
8.12 2.83 0.088 150.146
8.13 2.8 0.088 149.967
8.14 2.69 0.0850001 148.725
8.15 2.63 0.066 145.204
8.16 2.53 0.064 144.076
8.17 2.47 0.059 142.659
8.18 2.28 0.055 140.25
8.19 2.15 0.052 138.469
8.2 2.04 0.05 137.025
8.21 1.89 0.049 135.344
8.22 1.79 0.047 133.869
8.23 1.72 0.043 132.166
8.24 1.68 0.043 131.763
8.25 1.56 0.042 130.154
8.26 1.51 0.035 127.637
8.27 1.37 0.032 124.969
8.28 1.29 0.025 121.413
8.29 1.2 0.026 120.588
8.3 1.13 0.024 118.795
8.31 1 0.02 115.004
8.32 0.910001 0.018 112.5
8.33 0.800001 0.016 109.392
8.34 0.770001 0.014 107.625
8.35 0.660001 0.01 102.391
8.36 0.63 0.01 101.741
8.37 0.55 0.01 99.804
8.38 0.54 0.01 99.5737
8.39 0.5 0.009 97.6491
8.4 0.5 0.009 97.6815
8.41 0.51 0.009 97.9928
8.42 0.52 0.008 97.3411
8.43 0.5 0.008 96.8248
8.44 0.47 0.007 94.937
8.45 0.46 0.007 94.6746
8.46 0.45 0.007 94.4064
8.47 0.43 0.006 92.6256
8.48 0.42 0.006 92.3426
8.49 0.42 0.006 92.3729
8.5 0.43 0.005 91.3209
8.51 0.44 0.006 93.0546
8.52 0.43 0.005 91.3806
8.53 0.41 0.005 90.7856
8.54 0.41 0.004 89.1447
8.55 0.4 0.004 88.8572
8.56 0.4 0.004 88.8861
8.57 0.4 0.004 88.9149
8.58 0.4 0.004 88.9437
8.59 0.41 0.004 89.2895
8.6 0.42 0.004 89.6288
8.61 0.41 0.004 89.3472
8.62 0.41 0.004 89.376
8.63 0.41 0.004 89.4049
8.64 0.41 0.004 89.4337
8.65 0.41 0.004 89.4624
8.66 0.4 0.004 89.1735
8.67 0.39 0.004 88.8775
8.68 0.39 0.004 88.906
8.69 0.39 0.004 88.9345
8.7 0.39 0.004 88.9629
8.71 0.39 0.005 90.6589
8.72 0.39 0.004 89.0197
8.73 0.39 0.004 89.0481
8.74 0.4 0.005 91.0771
8.75 0.4 0.004 89.4302
8.76 0.43 0.004 90.3951
8.77 0.46 0.004 91.3062
8.78 0.5 0.004 92.4384
8.79 0.5 0.004 92.4676
8.8 0.49 0.004 92.2282
8.81 0.5 0.004 92.5261
8.82 0.51 0.004 92.8196
8.83 0.49 0.004 92.3155
8.84 0.45 0.004 91.2191
8.85 0.41 0.005 91.7199
8.86 0.39 0.005 91.0903
8.87 0.38 0.005 90.7787
8.88 0.38 0.005 90.8071
8.89 0.38 0.004 89.1647
8.9 0.38 0.004 89.1926
8.91 0.4 0.004 89.8818
8.92 0.41 0.004 90.2301
8.93 0.42 0.004 90.572
8.94 0.46 0.004 91.7948
8.95 0.47 0.004 92.1082
8.96 0.47 0.004 92.1368
8.97 0.46 0.004 91.8804
8.98 0.46 0.004 91.9088
8.99 0.44 0.005 93.0625
9 0.44 0.005 93.0912
9.01 0.43 0.005 92.8122
9.02 0.43 0.005 92.8409
9.03 0.43 0.005 92.8694
9.04 0.44 0.005 93.2061
9.05 0.44 0.005 93.2347
9.06 0.46 0.005 93.8623
9.07 0.47 0.005 94.1823
9.08 0.48 0.005 94.4972
9.09 0.48 0.005 94.5261
9.1 0.49 0.005 94.8362
9.11 0.51 0.005 95.4132
9.12 0.51 0.005 95.4423
9.13 0.51 0.005 95.4714
9.14 0.51 0.004 93.7438
9.15 0.5 0.005 95.2575
9.16 0.49 0.005 95.0096
9.17 0.48 0.005 94.7566
9.18 0.45 0.005 93.9086
9.19 0.44 0.005 93.6335
9.2 0.43 0.005 93.3522
9.21 0.42 0.005 93.0646
9.22 0.4 0.005 92.4409
9.23 0.4 0.005 92.4687
9.24 0.39 0.005 92.16
9.25 0.39 0.004 90.492
9.26 0.39 0.004 90.5192
9.27 0.39 0.004 90.5463
9.28 0.4 0.004 90.9043
9.29 0.4 0.004 90.9315
9.3 0.4 0.004 90.9587
9.31 0.4 0.005 92.6909
9.32 0.4 0.005 92.7185
9.33 0.4 0.005 92.7462
9.34 0.4 0.005 92.7738
9.35 0.4 0.005 92.8014
9.36 0.4 0.005 92.829
9.37 0.39 0.005 92.5186
9.38 0.39 0.005 92.5461
9.39 0.39 0.005 92.5735
9.4 0.39 0.005 92.6009
9.41 0.39 0.005 92.6283
9.42 0.39 0.005 92.6556
9.43 0.38 0.005 92.3369
9.44 0.38 0.005 92.3641
9.45 0.39 0.005 92.7375
9.46 0.39 0.005 92.7648
9.47 0.39 0.005 92.7921
9.48 0.39 0.005 92.8193
9.49 0.39 0.005 92.8465
9.5 0.39 0.005 92.8737
9.51 0.39 0.005 92.9009
9.52 0.39 0.005 92.928
9.53 0.39 0.005 92.9551
9.54 0.39 0.005 92.9822
9.55 0.39 0.004 91.2985
9.56 0.39 0.004 91.3251
9.57 0.4 0.004 91.6853
9.58 0.4 0.004 91.7119
9.59 0.4 0.004 91.7385
9.6 0.4 0.004 91.7651
9.61 0.4 0.004 91.7916
9.62 0.39 0.004 91.484
9.63 0.38 0.004 91.1688
9.64 0.37 0.004 90.8456
9.65 0.36 0.004 90.5139
9.66 0.37 0.004 90.8979
9.67 0.36 0.004 90.5661
9.68 0.36 0.004 90.5921
9.69 0.36 0.004 90.6181
9.7 0.36 0.004 90.6441
9.71 0.36 0.004 90.67
9.72 0.36 0.004 90.696
9.73 0.36 0.004 90.7219
9.74 0.36 0.004 90.7478
9.75 0.36 0.004 90.7737
9.76 0.36 0.004 90.7996
9.77 0.37 0.004 91.1845
9.78 0.37 0.004 91.2104
9.79 0.37 0.004 91.2363
9.8 0.38 0.005 93.3301
9.81 0.38 0.005 93.3566
9.82 0.39 0.005 93.733
9.83 0.39 0.005 93.7595
9.84 0.39 0.005 93.786
9.85 0.39 0.005 93.8125
9.86 0.39 0.005 93.839
9.87 0.39 0.005 93.8654
9.88 0.39 0.005 93.8919
9.89 0.4 0.005 94.2613
9.9 0.4 0.005 94.2878
9.91 0.41 0.005 94.6502
9.92 0.41 0.005 94.6768
9.93 0.41 0.005 94.7033
9.94 0.4 0.005 94.3936
9.95 0.4 0.005 94.4199
9.96 0.39 0.005 94.1026
9.97 0.38 0.005 93.7774
9.98 0.38 0.005 93.8036
9.99 0.38 0.005 93.8297
10 0.37 0.005 93.496
10.01 0.37 0.005 93.522
10.02 0.38 0.005 93.9079
10.03 0.38 0.005 93.934
10.04 0.38 0.005 93.96
10.05 0.37 0.005 93.6258
10.06 0.37 0.005 93.6517
10.07 0.38 0.005 94.038
10.08 0.38 0.005 94.0639
10.09 0.38 0.005 94.0899
10.1 0.38 0.005 94.1158
10.11 0.38 0.005 94.1417
10.12 0.38 0.005 94.1675
10.13 0.38 0.005 94.1934
10.14 0.38 0.005 94.2193
10.15 0.38 0.005 94.2451
10.16 0.38 0.005 94.2709
10.17 0.38 0.005 94.2967
10.18 0.38 0.005 94.3224
10.19 0.38 0.005 94.3482
10.2 0.38 0.005 94.3739
10.21 0.39 0.005 94.7534
10.22 0.4 0.006 96.5793
10.23 0.42 0.006 97.2867
10.24 0.43 0.006 97.6434
10.25 0.45 0.006 98.3114
10.26 0.46 0.006 98.6498
10.27 0.47 0.006 98.9826
10.28 0.48 0.006 99.31
10.29 0.51 0.006 100.208
10.3 0.52 0.006 100.516
10.31 0.53 0.006 100.819
10.32 0.54 0.006 101.118
10.33 0.55 0.006 101.413
10.34 0.57 0.007 103.279
10.35 0.61 0.007 104.321
10.36 0.62 0.007 104.593
10.37 0.63 0.007 104.863
10.38 0.640001 0.007 105.129
10.39 0.640001 0.008 106.332
10.4 0.640001 0.008 106.36
10.41 0.63 0.008 106.148
10.42 0.62 0.008 105.932
10.43 0.62 0.008 105.96
10.44 0.61 0.008 105.74
10.45 0.61 0.008 105.769
10.46 0.6 0.008 105.545
10.47 0.59 0.008 105.318
10.48 0.58 0.008 105.087
10.49 0.58 0.008 105.115
10.5 0.58 0.008 105.143
10.51 0.58 0.009 106.206
10.52 0.58 0.009 106.234
10.53 0.58 0.01 107.198
10.54 0.59 0.01 107.491
10.55 0.59 0.011 108.375
10.56 0.6 0.012 109.456
10.57 0.62 0.013 110.738
10.58 0.680001 0.016 114.206
10.59 0.810001 0.017 117.743
10.6 1.16 0.017 124.025
10.61 1.33 0.016 125.888
10.62 1.58 0.015 128.392
10.63 1.59 0.013 127.021
10.64 1.49 0.011 124.134
10.65 1.33 0.01 121.187
10.66 1.19 0.012 121.116
10.67 1.02 0.013 119.28
10.68 0.870001 0.016 118.641
10.69 0.810001 0.02 119.658
10.7 0.740001 0.023 119.523
10.71 0.710001 0.029 121.158
10.72 0.720001 0.035 123.349
10.73 0.740001 0.039 124.989
10.74 1.83 0.043 143.593
10.75 2.69 0.046 152.678
10.76 3.84 0.049 161.596
10.77 4.86 0.049 167.214
10.78 6.03 0.054 173.935
10.79 7.26 0.055 178.966
10.8 8.39 0.056 183.055
10.81 9.36 0.057 186.283
10.82 10.25 0.058 189.058
10.83 11.39 0.06 192.542
10.84 11.8 0.064 194.617
10.85 12.18 0.071 197.254
10.86 12.53 0.075 199.016
10.87 12.81 0.077 200.14
10.88 13.03 0.079 201.111
10.89 13.28 0.079 201.713
10.9 13.84 0.081 203.391
10.91 14.1 0.082 204.197
10.92 14.31 0.083 204.891
10.93 14.46 0.084 205.456
10.94 14.55 0.084 205.692
10.95 14.5 0.084 205.642
10.96 14.37 0.084 205.428
10.97 14.2 0.084 205.128
10.98 13.94 0.0850001 204.836
10.99 13.7 0.0850001 204.376
11 13.1 0.0850001 203.114
11.01 12.77 0.0850001 202.42
11.02 12.41 0.0850001 201.639
11.03 12 0.0850001 200.717
11.04 11.45 0.084 199.219
11.05 10.91 0.0850001 198.083
11.06 10.36 0.0850001 196.662
11.07 9.34 0.086 193.986
11.08 8.8 0.091 193.285
11.09 8.2 0.0950001 192.063
11.1 7.56 0.098 190.368
11.11 6.27 0.102 185.972
11.12 5.61 0.108 183.936
11.13 5.07 0.11 181.597
11.14 4.21 0.11 176.845
11.15 3.92 0.104 174.265
11.16 3.73 0.098 172.213
11.17 3.61 0.093 170.701
11.18 3.26 0.088 167.482
11.19 3.16 0.079 165.284
11.2 3.09 0.0800001 164.965
11.21 3.01 0.0800001 164.384
11.22 3.09 0.0800001 165.047
11.23 3.16 0.079 165.448
11.24 3.31 0.078 166.421
11.25 3.46 0.075 166.982
11.26 3.94 0.072 169.601
11.27 4.52 0.069 172.419
11.28 5.34 0.066 176
11.29 6.19 0.063 179.133
11.3 7.58 0.061 183.986
11.31 8.08 0.057 184.687
11.32 8.47 0.054 185.156
11.33 8.99 0.052 186.212
11.34 9.16 0.049 185.839
11.35 9.27 0.042 183.832
11.36 9.33 0.04 183.302
11.37 9.3 0.037 182.077
11.38 9.19 0.035 180.971
11.39 9.04 0.035 180.587
11.4 8.82 0.035 179.991
11.41 8.33 0.038 179.785
11.42 7.97 0.042 180.183
11.43 7.57 0.047 180.577
11.44 7.15 0.062 183.319
11.45 6.7 0.068 183.057
11.46 5.83 0.072 180.326
11.47 5.43 0.076 179.338
11.48 5.09 0.0850001 179.381
11.49 4.8 0.087 178.26
11.5 4.57 0.088 177.215
11.51 4.16 0.093 175.681
11.52 3.97 0.099 175.454
11.53 3.76 0.0950001 173.532
11.54 3.59 0.094 172.27
11.55 3.56 0.094 172.103
11.56 3.84 0.094 174.032
11.57 4.12 0.094 175.847
11.58 5.25 0.0900001 181.478
11.59 8.56 0.088 194.397
11.6 9.99 0.082 197.653
11.61 10.87 0.0800001 199.708
11.62 11.51 0.076 200.551
11.63 11.94 0.073 200.986
11.64 12.06 0.07 200.622
11.65 12.11 0.065 199.556
11.66 12.11 0.062 198.82
11.67 11.89 0.063 198.607
11.68 11.8 0.063 198.437
11.69 11.41 0.066 198.292
11.7 11.17 0.068 198.225
11.71 10.9 0.071 198.285
11.72 10.36 0.075 197.787
11.73 10.13 0.078 197.839
11.74 9.93 0.081 197.939
11.75 9.64 0.084 197.74
11.76 9.57 0.088 198.346
11.77 9.6 0.088 198.482
11.78 9.63 0.0900001 198.99
11.79 9.78 0.091 199.664
11.8 9.96 0.089 199.866
11.81 10.2 0.087 200.221
11.82 10.55 0.081 200.051
11.83 10.53 0.076 198.985
11.84 10.46 0.069 197.249
11.85 10.48 0.066 196.621
11.86 10.5 0.065 196.471
11.87 10.49 0.066 196.74
11.88 10.46 0.067 196.951
11.89 10.42 0.068 197.132
11.9 10.3 0.07 197.324
11.91 10.15 0.073 197.643
11.92 10.05 0.0800001 198.917
11.93 9.99 0.082 199.201
11.94 10.1 0.0850001 200.159
11.95 10.22 0.089 201.315
11.96 10.48 0.094 203.013
11.97 10.72 0.097 204.256
11.98 10.87 0.097 204.713
11.99 11.24 0.096 205.573
12 11.3 0.083 203.302
12.01 11.39 0.082 203.376
12.02 11.59 0.083 204.139
12.03 11.96 0.083 205.113
12.04 12.07 0.083 205.431
12.05 12.16 0.083 205.698
12.06 12.19 0.0800001 205.189
12.07 12.1 0.078 204.586
12.08 12.1 0.072 203.275
12.09 12.1 0.07 202.846
12.1 12.29 0.069 203.105
12.11 12.41 0.069 203.436
12.12 12.58 0.065 202.871
12.13 12.69 0.065 203.172
12.14 12.67 0.065 203.173
12.15 12.56 0.062 202.168
12.16 12.34 0.059 200.869
12.17 12.06 0.057 199.679
12.18 11.81 0.053 197.921
12.19 11.22 0.051 195.883
12.2 10.96 0.05 194.945
12.21 10.72 0.051 194.69
12.22 10.49 0.052 194.441
12.23 10.01 0.055 194.081
12.24 9.67 0.055 193.162
12.25 9.16 0.057 192.274
12.26 8.63 0.069 193.73
12.27 8.06 0.081 194.453
12.28 6.71 0.099 192.619
12.29 6.17 0.123 193.818
12.3 5.84 0.131 193.345
12.31 5.56 0.134 192.387
12.32 5.15 0.133 190.201
12.33 5.15 0.134 190.362
12.34 5.16 0.135 190.576
12.35 5.52 0.142 193.291
12.36 5.95 0.149 196.218
12.37 6.8 0.159 201.157
12.38 7.99 0.159 205.929
12.39 10.58 0.157 214.248
12.4 11.66 0.155 217.085
12.41 12.66 0.149 219.001
12.42 13.63 0.145 220.89
12.43 14.42 0.139 221.958
12.44 15.59 0.13 223.269
12.45 15.99 0.111 221.208
12.46 16.26 0.107 221.115
12.47 16.44 0.106 221.342
12.48 16.52 0.105 221.372
12.49 16.5 0.106 221.557
12.5 16.39 0.105 221.218
12.51 16.25 0.105 220.994
12.52 15.83 0.104 220.036
12.53 15.67 0.103 219.587
12.54 15.52 0.1 218.793
12.55 15.44 0.097 218.125
12.56 15.19 0.123 222.004
12.57 15.08 0.148 225.262
12.58 14.94 0.149 225.136
12.59 14.88 0.155 225.796
12.6 14.96 0.144 224.64
12.61 14.76 0.134 222.916
12.62 14.99 0.128 222.612
12.63 15.22 0.11 220.353
12.64 14.97 0.138 224.065
12.65 14.52 0.167 226.7
12.66 14.46 0.166 226.502
12.67 15.02 0.166 227.795
12.68 15.58 0.167 229.163
12.69 15.2 0.198 231.659
12.7 14.7 0.201 230.885
12.71 13.89 0.204 229.341
12.72 12.46 0.204 225.83
12.73 12.03 0.199 224.276
12.74 12.18 0.194 224.25
12.75 11.89 0.191 223.233
12.76 10.95 0.19 220.553
12.77 10.77 0.155 216.378
12.78 10.32 0.121 210.713
12.79 10.15 0.092 205.516
12.8 10.01 0.087 204.199
12.81 9.69 0.087 203.29
12.82 9.52 0.069 198.942
12.83 9.37 0.061 196.506
12.84 9.01 0.059 194.901
12.85 8.8 0.058 194.006
12.86 8.59 0.057 193.095
12.87 8.39 0.057 192.483
12.88 8.32 0.056 192.009
12.89 8.22 0.058 192.277
12.9 8.19 0.06 192.76
12.91 8.16 0.052 190.419
12.92 8.15 0.044 187.798
12.93 8.13 0.04 186.289
12.94 8.12 0.041 186.679
12.95 8.2 0.037 185.393
12.96 8.28 0.047 189.425
12.97 8.28 0.057 192.531
12.98 8.28 0.058 192.851
12.99 8.37 0.065 195.033
13 8.45 0.074 197.461
13.01 9.09 0.078 200.467
13.02 9.52 0.081 202.483
13.03 9.47 0.081 202.373
13.04 9.63 0.082 203.112
13.05 9.88 0.102 207.643
13.06 9.97 0.117 210.346
13.07 10.16 0.128 212.547
13.08 10.63 0.133 214.664
13.09 12.01 0.163 222.247
13.1 12.76 0.177 225.784
13.11 13.68 0.198 230.245
13.12 14.13 0.223 233.67
13.13 15.78 0.226 237.73
13.14 17.27 0.232 241.416
13.15 18.03 0.234 243.143
13.16 19.99 0.232 246.659
13.17 21.63 0.23 249.348
13.18 23.04 0.22 250.75
13.19 25.64 0.201 252.788
13.2 26.82 0.185 252.734
13.21 27.98 0.191 255.01
13.22 29.61 0.191 257.152
13.23 31.14 0.191 259.079
13.24 33.11 0.216 264.121
13.25 34.8 0 0
13.26 36.91 0 0
13.27 39.04 0 0
13.28 39.9 0 0
13.29 39.42 0 0
13.3 43.44 0 0
13.31 47.62 0 0
