0.01 0.4963 0 0
0.02 0.504 0 0
0.03 0.5622 0 0
0.04 0.601 0 0
0.05 0.6553 0.0024 21.8944
0.06 0.6746 0.0033 23.7502
0.07 0.7096 0.0041 25.4264
0.0800001 0.7677 0.0041 26.6887
0.0900001 0.7948 0.0071 29.0108
0.1 0.8259 0.0085 30.4918
0.11 0.8646 0.0091 31.697
0.12 0.9034 0.0094 32.7673
0.13 0.9538 0.0062 32.6184
0.14 0.9771 0.0029 31.3664
0.15 1.074 0.0038 33.1493
0.16 1.1516 0.0047 34.6984
0.17 1.1516 0.0133 38.4782
0.18 1.2369 0.014 39.6678
0.19 1.3454 0.0145 40.8782
0.2 1.4734 0.0161 42.379
0.21 1.644 0.018 44.0477
0.22 1.8766 0.0204 45.9556
0.23 2.148 0.0212 47.5929
0.24 2.148 0.03 49.5708
0.25 2.7258 0.0387 52.9973
0.26 2.9855 0.0379 54.1908
0.27 3.5051 0.0411 56.4216
0.28 4.1681 0.0443 58.8003
0.29 4.9281 0.042 60.557
0.3 5.2693 0.0447 62.0434
0.31 5.6299 0.0474 63.5204
0.32 6.9869 0.0532 66.7456
0.33 7.363 0.0589 68.406
0.34 7.1149 0.0645 69.1571
0.35 7.6732 0.0599 70.0467
0.36 7.4173 0.0814 72.0691
0.37 6.9636 0.0823 72.029
0.38 6.8968 0.0808 72.3535
0.39 6.8682 0.0814 72.8791
0.4 6.9275 0.0805 73.4169
0.41 6.9869 0.0797 73.952
0.42 7.3941 0.0774 74.8762
0.43 7.7818 0.0768 75.8752
0.44 8.1269 0.0761 76.7818
0.45 8.7046 0.0733 77.7878
0.46 9.1272 0.0727 78.7468
0.47 9.2203 0.0719 79.2619
0.48 9.0652 0.072 79.5418
0.49 8.8907 0.0721 79.7847
0.5 8.7589 0.0731 80.1534
0.51 8.5611 0.0719 80.2207
0.52 8.4545 0.0706 80.3874
0.53 8.3479 0.0681 80.4251
0.54 8.3013 0.0656 80.528
0.55 8.1889 0.0569 79.8304
0.56 7.8361 0.053 79.2546
0.57 7.4638 0.0516 78.9132
0.58 7.3281 0.0539 79.3739
0.59 7.1226 0.0561 79.6908
0.6 6.9327 0.1044 83.9827
0.61 6.8357 0.1002 83.9113
0.62 6.3898 0.0959 83.1726
0.63 6.3346 0.0915 83.1136
0.640001 6.3157 0.0899 83.32
0.650001 6.4342 0.0883 83.779
0.660001 6.5527 0.0808 83.736
0.670001 6.8086 0.0733 83.8694
0.680001 6.9753 0.0644 83.6041
0.690001 7.3204 0.0685 84.9651
0.700001 8.2703 0.0726 87.2385
0.710001 8.8907 0.0896 90.063
0.720001 9.2901 0.0906 91.0719
0.730001 8.914 0.1895 96.6338
0.740001 9.7902 0.187 98.21
0.75 9.2241 0.1884 97.7959
0.760001 9.639 0.1898 98.8414
0.770001 9.8678 0.1924 99.6497
0.780001 8.9876 0.1937 98.7266
0.790001 8.8752 0.1878 98.6433
0.800001 6.8706 0.1819 95.1529
0.810001 6.952 0.1676 94.9949
0.820001 7.0335 0.1664 95.4225
0.830001 7.239 0.1603 95.8442
0.840001 7.4522 0.1543 96.2606
0.850001 7.6771 0.1235 95.2119
0.860001 7.8903 0.1114 95.0804
0.870001 8.1346 0.104 95.2598
0.880001 8.3711 0.1023 95.8267
0.890001 8.6503 0.0903 95.5859
0.900001 8.9062 0.0783 95.1511
0.910001 9.1737 0.0691 94.8598
0.920001 9.3637 0.0599 94.3021
0.930001 9.5343 0.06 94.8453
0.940001 9.6313 0.0601 95.2797
0.950001 9.7747 0.0603 95.7905
0.960001 9.8368 0.0604 96.1706
0.970001 9.9531 0.0606 96.6381
0.980001 10.058 0.0607 97.0737
0.990001 10.139 0.0609 97.4873
1 10.201 0.0611 97.8726
1.01 10.221 0.0617 98.2512
1.02 10.221 0.0629 98.6787
1.03 10.236 0.0627 98.9414
1.04 10.213 0.0625 99.149
1.05 10.209 0.0621 99.3544
1.06 10.217 0.0617 99.5743
1.07 10.17 0.0616 99.7548
1.08 10.131 0.0613 99.9172
1.09 10.124 0.0611 100.136
1.1 10.1292 0.0612 100.412
1.11 10.1345 0.0612 100.673
1.12 10.147 0.0624 101.105
1.13 10.197 0.0629 101.494
1.14 10.24 0.0633 101.859
1.15 10.352 0.0635 102.293
1.16 10.426 0.0636 102.658
1.17 10.469 0.0659 103.269
1.18 10.492 0.0664 103.612
1.19 10.453 0.068 104.005
1.2 10.403 0.0693 104.34
1.21 10.356 0.0711 104.736
1.22 10.271 0.0719 104.949
1.23 10.166 0.0722 105.068
1.24 10.038 0.072 105.089
1.25 9.9376 0.072 105.171
1.26 9.8135 0.0721 105.226
1.27 9.6855 0.0724 105.295
1.28 9.3637 0.0724 105.012
1.29 9.1815 0.0723 104.931
1.3 8.9876 0.0722 104.821
1.31 8.786 0.0704 104.482
1.32 8.5921 0.0692 104.218
1.33 8.3866 0.0677 103.884
1.34 8.1811 0.0664 103.562
1.35 7.9834 0.0651 103.242
1.36 7.7895 0.0644 102.996
1.37 7.6073 0.0648 102.907
1.38 7.4406 0.0651 102.827
1.39 7.2622 0.066 102.791
1.4 7.0916 0.067 102.773
1.41 6.8939 0.0696 102.883
1.42 6.4635 0.0706 102.254
1.43 6.1843 0.0692 101.635
1.44 5.8664 0.0679 100.902
1.45 5.5136 0.0665 100.024
1.46 5.1142 0.0663 99.111
1.47 4.6799 0.0663 98.0384
1.48 4.3387 0.0664 97.1706
1.49 3.7261 0.0665 95.254
1.5 3.3965 0.0663 94.1434
1.51 3.0553 0.0662 92.8788
1.52 2.7451 0.0656 91.5565
1.53 2.4427 0.0642 90.0331
1.54 2.1752 0.064 88.6794
1.55 1.9464 0.0637 87.3945
1.56 1.7409 0.0599 85.7156
1.57 1.5858 0.056 84.2487
1.58 1.3881 0.056 82.7947
1.59 1.3338 0.0562 82.4893
1.6 1.295 0.0563 82.2948
1.61 1.2485 0.0564 82.0166
1.62 1.202 0.057 81.7821
1.63 1.1399 0.057 81.2987
1.64 1.1012 0.0569 81.0212
1.65 1.0973 0.0565 81.0692
1.66 1.0953 0.0563 81.1602
1.67 1.0973 0.0562 81.3051
1.68 1.0992 0.0564 81.4846
1.69 1.105 0.0566 81.7051
1.7 1.1089 0.0575 81.9882
1.71 1.1167 0.0579 82.2524
1.72 1.1205 0.0568 82.2947
1.73 1.1283 0.0557 82.3757
1.74 1.1399 0.0531 82.3014
1.75 1.1826 0.0524 82.7789
1.76 1.2485 0.0517 83.4666
1.77 1.5354 0.0479 85.5804
1.78 1.7836 0.0498 87.868
1.79 2.0976 0.041 88.6386
1.8 2.3652 0.0377 89.6958
1.81 2.6715 0.0376 91.4031
1.82 2.7141 0.0345 91.0975
1.83 2.7296 0.0314 90.5987
1.84 2.7413 0.0286 90.0892
1.85 2.6637 0.0278 89.6409
1.86 2.6249 0.0271 89.3959
1.87 2.5784 0.0251 88.7314
1.88 2.5164 0.0231 87.9425
1.89 2.4233 0.0229 87.5321
1.9 2.338 0.0226 87.1138
1.91 2.2682 0.0227 86.893
1.92 2.1907 0.0227 86.5847
1.93 2.1015 0.0229 86.2552
1.94 1.9697 0.0245 86.0595
1.95 1.927 0.024 85.7638
1.96 1.9154 0.0248 86.0456
1.97 1.8999 0.0251 86.1528
1.98 1.9076 0.0253 86.3815
1.99 1.896 0.0254 86.455
2 1.8844 0.0253 86.4706
2.01 1.8572 0.0255 86.4661
2.02 1.8417 0.0257 86.5373
2.03 1.7487 0.0273 86.4453
2.04 1.7177 0.0278 86.4713
2.05 1.6866 0.0277 86.3355
2.06 1.6168 0.0276 85.902
2.07 1.5432 0.0268 85.2337
2.08 1.4734 0.0267 84.7546
2.09 1.4191 0.0265 84.3573
2.1 1.3764 0.0261 83.9921
2.11 1.2989 0.026 83.3775
2.12 1.2854 0.0262 83.4149
2.13 1.2909 0.0262 83.5754
2.14 1.2965 0.0262 83.7365
2.15 1.3144 0.026 83.9573
2.16 1.3764 0.0256 84.5164
2.17 1.4385 0.0256 85.1644
2.18 1.5509 0.0255 86.1741
2.19 1.5936 0.0253 86.5653
2.2 1.6052 0.0251 86.7082
2.21 1.6362 0.025 87.0282
2.22 1.6672 0.0248 87.3149
2.23 1.7099 0.0246 87.684
2.24 1.7719 0.0246 88.2445
2.25 1.865 0.0247 89.0379
2.26 1.9774 0.0247 89.9021
2.27 2.0782 0.0242 90.5052
2.28 2.3303 0.0236 91.93
2.29 2.5862 0.0225 93.063
2.3 2.7258 0.0225 93.8838
2.31 3.0398 0.0223 95.4137
2.32 3.1794 0.0221 96.0759
2.33 3.4353 0.0219 97.1956
2.34 3.5206 0.0219 97.6557
2.35 3.6951 0.0221 98.5295
2.36 3.7881 0.0222 99.0368
2.37 3.8657 0.0225 99.5544
2.38 4.0479 0.0225 100.334
2.39 4.1216 0.0227 100.787
2.4 4.2185 0.0228 101.279
2.41 4.3775 0.0239 102.338
2.42 4.4706 0.025 103.153
2.43 4.5597 0.0256 103.769
2.44 4.7071 0.0265 104.665
2.45 4.7962 0.0268 105.166
2.46 4.9475 0.0266 105.691
2.47 5.0405 0.0267 106.128
2.48 5.0909 0.0268 106.433
2.49 5.1723 0.0273 106.96
2.5 5.2964 0.0279 107.64
2.51 5.3546 0.0285 108.12
2.52 5.4321 0.0285 108.464
2.53 5.5329 0.0285 108.871
2.54 5.5911 0.0293 109.407
2.55 5.6648 0.03 109.949
2.56 5.7733 0.0295 110.216
2.57 5.8276 0.029 110.327
2.58 5.8974 0.0277 110.214
2.59 5.9711 0.027 110.295
2.6 6.0021 0.0275 110.665
2.61 6.0447 0.028 111.062
2.62 6.0758 0.0282 111.328
2.63 6.0796 0.0284 111.522
2.64 6.13 0.0294 112.095
2.65 6.0898 0.0304 112.419
2.66 6.0731 0.0314 112.795
2.67 6.1074 0.0309 112.854
2.68 6.1417 0.0333 113.768
2.69 6.1417 0.0358 114.574
2.7 6.196 0.0365 115.023
2.71 6.196 0.0372 115.323
2.72 6.1979 0.0386 115.802
2.73 6.1998 0.0392 116.074
2.74 6.1998 0.0389 116.118
2.75 6.1456 0.0386 116.014
2.76 6.1378 0.0383 116.034
2.77 6.1339 0.038 116.064
2.78 6.0525 0.0385 116.084
2.79 5.9982 0.0389 116.149
2.8 5.9711 0.0389 116.189
2.81 5.8586 0.0389 115.986
2.82 5.7733 0.039 115.88
2.83 5.719 0.0391 115.861
2.84 5.6609 0.0391 115.804
2.85 5.5678 0.0391 115.641
2.86 5.4011 0.039 115.224
2.87 5.3313 0.039 115.12
2.88 5.215 0.039 114.866
2.89 5.153 0.0392 114.827
2.9 5.1026 0.0395 114.848
2.91 4.994 0.0396 114.626
2.92 4.9513 0.0392 114.497
2.93 4.9416 0.0389 114.501
2.94 4.9407 0.0356 113.764
2.95 4.9518 0.0351 113.774
2.96 4.963 0.0347 113.81
2.97 5.0289 0.0342 113.995
2.98 5.153 0.0295 113.103
2.99 5.405 0.0289 113.795
3 5.6105 0.0287 114.448
3.01 5.816 0.0299 115.542
3.02 5.9827 0.031 116.47
3.03 6.0835 0.0311 116.889
3.04 6.1572 0.0312 117.231
3.05 6.2619 0.032 117.871
3.06 6.2774 0.0327 118.233
3.07 6.2658 0.034 118.693
3.08 6.227 0.0353 119.066
3.09 6.1688 0.0353 119.012
3.1 6.099 0.0373 119.47
3.11 6.0098 0.0381 119.535
3.12 5.9594 0.0383 119.549
3.13 5.8858 0.0381 119.389
3.14 5.8199 0.038 119.275
3.15 5.7695 0.0374 119.073
3.16 5.7617 0.0372 119.102
3.17 5.7627 0.037 119.156
3.18 5.7636 0.0348 118.657
3.19 5.7811 0.0331 118.318
3.2 5.847 0.0317 118.189
3.21 5.9439 0.03 118.029
3.22 6.0641 0.0293 118.24
3.23 6.2115 0.0293 118.752
3.24 6.6806 0.0297 120.242
3.25 7.0257 0.0301 121.356
3.26 7.3863 0.0314 122.769
3.27 7.7197 0.0327 124.076
3.28 7.995 0.0328 124.841
3.29 8.3789 0.0367 126.975
3.3 8.5301 0.038 127.779
3.31 8.6581 0.0397 128.629
3.32 8.7705 0.0409 129.296
3.33 8.8636 0.0418 129.836
3.34 8.9333 0.0428 130.347
3.35 8.9838 0.0436 130.763
3.36 8.9838 0.0442 131.02
3.37 8.9857 0.0453 131.401
3.38 8.9876 0.0465 131.799
3.39 8.9954 0.0477 132.204
3.4 9.0884 0.0474 132.439
3.41 9.1466 0.0477 132.739
3.42 9.2125 0.0478 133.007
3.43 9.259 0.0477 133.189
3.44 9.3017 0.0477 133.385
3.45 9.325 0.0473 133.447
3.46 9.3521 0.047 133.54
3.47 9.3482 0.0469 133.615
3.48 9.3327 0.047 133.714
3.49 9.3211 0.047 133.797
3.5 9.2784 0.0473 133.885
3.51 9.2474 0.0483 134.16
3.52 9.197 0.0486 134.23
3.53 9.1388 0.0488 134.259
3.54 9.0652 0.0457 133.478
3.55 8.9101 0.0425 132.448
3.56 8.8325 0.0412 132.043
3.57 8.7434 0.0399 131.602
3.58 8.6503 0.0389 131.224
3.59 8.4681 0.0388 130.896
3.6 8.375 0.039 130.845
3.61 8.2781 0.0391 130.754
3.62 8.1889 0.0395 130.762
3.63 7.9058 0.0407 130.525
3.64 7.8147 0.0421 130.775
3.65 7.7828 0.0435 131.154
3.66 7.7508 0.0442 131.35
3.67 7.7314 0.0445 131.476
3.68 7.6849 0.0447 131.511
3.69 7.6112 0.0444 131.354
3.7 7.5181 0.0442 131.171
3.71 7.3824 0.043 130.626
3.72 6.9675 0.0431 129.664
3.73 6.9792 0.0429 129.742
3.74 6.8978 0.0427 129.569
3.75 6.8125 0.0421 129.281
3.76 6.7272 0.0421 129.142
3.77 6.6845 0.0418 129.042
3.78 6.669 0.0406 128.782
3.79 6.6729 0.04 128.728
3.8 6.6263 0.0382 128.2
3.81 6.5721 0.0365 127.658
3.82 6.5634 0.035 127.281
3.83 6.56 0.0339 127.026
3.84 6.597 0.0334 127.064
3.85 6.6341 0.0329 127.099
3.86 6.6884 0.0332 127.437
3.87 6.828 0.0329 127.812
3.88 6.8822 0.0329 128.049
3.89 6.9714 0.0328 128.346
3.9 7.0877 0.0327 128.711
3.91 7.4212 0.0325 129.593
3.92 7.6538 0.032 130.094
3.93 7.9175 0.0321 130.857
3.94 8.3983 0.0322 132.1
3.95 8.5766 0.0326 132.73
3.96 8.8132 0.0357 134.356
3.97 8.7511 0.0374 134.835
3.98 8.8015 0.0411 136.105
3.99 8.8209 0.0448 137.224
4 8.8287 0.045 137.387
4.01 8.724 0.0452 137.297
4.02 8.5921 0.0455 137.167
4.03 8.4564 0.0461 137.097
4.04 8.3673 0.0459 136.933
4.05 8.185 0.0457 136.543
4.06 8.1036 0.0452 136.315
4.07 8.0299 0.0454 136.279
4.08 7.9757 0.0446 136.038
4.09 7.9369 0.0439 135.856
4.1 7.9059 0.0431 135.664
4.11 7.8826 0.0422 135.46
4.12 7.8821 0.0419 135.47
4.13 7.8843 0.0412 135.377
4.14 7.8865 0.0404 135.253
4.15 7.9291 0.0398 135.28
4.16 7.9834 0.0395 135.418
4.17 8.1346 0.0389 135.703
4.18 8.2432 0.0388 136.023
4.19 8.375 0.0385 136.337
4.2 8.5301 0.0384 136.759
4.21 8.9023 0.0387 137.783
4.22 9.1233 0.039 138.45
4.23 9.3482 0.0397 139.234
4.24 9.577 0.0404 140.015
4.25 9.7709 0.0419 140.938
4.26 10.104 0.0431 142.046
4.27 10.24 0.0439 142.631
4.28 10.345 0.0451 143.254
4.29 10.461 0.0462 143.866
4.3 10.554 0.0472 144.4
4.31 10.748 0.0483 145.15
4.32 10.845 0.0496 145.754
4.33 10.961 0.0498 146.12
4.34 11.105 0.05 146.538
4.35 11.395 0.05 147.177
4.36 11.551 0.0506 147.706
4.37 11.717 0.0512 148.249
4.38 11.857 0.0514 148.646
4.39 12.175 0.0517 149.38
4.4 12.322 0.0522 149.853
4.41 12.458 0.0527 150.304
4.42 12.605 0.0531 150.748
4.43 12.721 0.0545 151.369
4.44 12.818 0.0548 151.699
4.45 12.896 0.0555 152.087
4.46 12.997 0.0555 152.353
4.47 13.125 0.0575 153.114
4.48 13.164 0.0577 153.319
4.49 13.222 0.0575 153.466
4.5 13.253 0.0593 154.008
4.51 13.311 0.0574 153.782
4.52 13.346 0.0556 153.528
4.53 13.427 0.0513 152.73
4.54 13.512 0.0512 152.938
4.55 13.613 0.0476 152.269
4.56 13.784 0.0483 152.822
4.57 13.865 0.049 153.227
4.58 13.935 0.0496 153.587
4.59 14.013 0.0491 153.674
4.6 14.141 0.0528 154.902
4.61 14.269 0.0529 155.221
4.62 14.0185 0.0529 154.919
4.63 14.0709 0.0543 155.433
4.64 14.1234 0.0559 155.986
4.65 14.245 0.056 156.295
4.66 14.42 0.0561 156.687
4.67 14.521 0.0571 157.169
4.68 14.68 0.0582 157.76
4.69 14.753 0.0585 158.034
4.7 14.8 0.0607 158.687
4.71 14.85 0.0598 158.66
4.72 14.897 0.0614 159.175
4.73 14.966 0.0629 159.695
4.74 14.974 0.0673 160.703
4.75 15.001 0.0654 160.456
4.76 14.986 0.0675 160.949
4.77 14.904 0.0696 161.327
4.78 14.881 0.069 161.269
4.79 14.819 0.0698 161.42
4.8 14.734 0.0707 161.552
4.81 14.552 0.071 161.413
4.82 14.462 0.0711 161.381
4.83 14.307 0.0701 161.034
4.84 14.175 0.0692 160.739
4.85 14.048 0.0688 160.545
4.86 13.877 0.0684 160.277
4.87 13.582 0.0686 159.912
4.88 13.493 0.0684 159.813
4.89 13.388 0.0682 159.685
4.9 13.369 0.0675 159.606
4.91 13.33 0.0669 159.511
4.92 13.202 0.067 159.399
4.93 13.144 0.0647 158.925
4.94 13.1342 0.0646 158.977
4.95 13.1351 0.0635 158.841
4.96 13.136 0.0643 159.098
4.97 13.272 0.0604 158.595
4.98 13.346 0.0604 158.811
4.99 13.408 0.0604 159.006
5 13.497 0.06 159.158
5.01 13.547 0.0596 159.242
5.02 13.695 0.0593 159.513
5.03 13.749 0.058 159.398
5.04 13.799 0.0577 159.5
5.05 13.819 0.0576 159.598
5.06 13.807 0.0586 159.895
5.07 13.823 0.0596 160.235
5.08 13.854 0.0601 160.486
5.09 13.85 0.0607 160.7
5.1 13.861 0.0611 160.894
5.11 13.827 0.0615 161.012
5.12 13.819 0.0621 161.216
5.13 13.788 0.0622 161.273
5.14 13.7875 0.0629 161.51
5.15 13.7918 0.0636 161.753
5.16 13.796 0.0634 161.805
5.17 13.796 0.064 162.019
5.18 13.865 0.0638 162.181
5.19 13.92 0.0639 162.381
5.2 13.958 0.064 162.553
5.21 14.009 0.0642 162.768
5.22 14.09 0.0648 163.116
5.23 14.164 0.0654 163.451
5.24 14.23 0.0663 163.834
5.25 14.354 0.0663 164.126
5.26 14.431 0.0664 164.36
5.27 14.49 0.0666 164.584
5.28 14.521 0.0669 164.783
5.29 14.625 0.0684 165.344
5.3 14.641 0.0679 165.356
5.31 14.656 0.0706 166.005
5.32 14.629 0.0711 166.145
5.33 14.633 0.0716 166.335
5.34 14.602 0.0721 166.468
5.35 14.548 0.0727 166.58
5.36 14.431 0.0737 166.662
5.37 14.358 0.0748 166.833
5.38 14.272 0.0752 166.849
5.39 14.082 0.0754 166.65
5.4 13.985 0.0754 166.57
5.41 13.908 0.0754 166.523
5.42 13.768 0.0748 166.255
5.43 13.543 0.0736 165.723
5.44 13.439 0.0725 165.417
5.45 13.353 0.073 165.443
5.46 13.171 0.0718 164.973
5.47 13.055 0.0723 164.942
5.48 12.962 0.0708 164.568
5.49 12.896 0.0709 164.55
5.5 12.725 0.0701 164.162
5.51 12.644 0.0682 163.719
5.52 12.555 0.0685 163.695
5.53 12.454 0.067 163.286
5.54 12.353 0.0673 163.237
5.55 12.155 0.066 162.675
5.56 12.055 0.0617 161.655
5.57 11.954 0.0597 161.097
5.58 11.857 0.0577 160.533
5.59 11.651 0.0581 160.3
5.6 11.551 0.0571 159.95
5.61 11.457 0.0571 159.841
5.62 11.364 0.057 159.709
5.63 11.029 0.0561 158.891
5.64 10.91 0.0561 158.721
5.65 10.8815 0.056 158.716
5.66 10.8788 0.0553 158.622
5.67 10.8889 0.0555 158.769
5.68 10.899 0.0557 158.915
5.69 10.946 0.0553 158.996
5.7 10.988 0.0549 159.065
5.71 11.004 0.0553 159.272
5.72 11.039 0.0556 159.495
5.73 11.078 0.0564 159.843
5.74 11.089 0.057 160.084
5.75 11.058 0.0571 160.121
5.76 11.05 0.0572 160.205
5.77 11.0075 0.0581 160.401
5.78 10.9902 0.0596 160.783
5.79 10.9941 0.0592 160.778
5.8 10.998 0.0599 161.021
5.81 11.023 0.0604 161.262
5.82 11.035 0.0615 161.607
5.83 11.062 0.0619 161.828
5.84 11.081 0.063 162.183
5.85 11.066 0.0631 162.25
5.86 11.066 0.0632 162.348
5.87 11.074 0.0646 162.739
5.88 11.062 0.066 163.081
5.89 11.019 0.0655 162.963
5.9 10.969 0.0651 162.85
5.91 10.814 0.0641 162.384
5.92 10.705 0.0637 162.139
5.93 10.604 0.0633 161.909
5.94 10.492 0.0634 161.759
5.95 10.36 0.0631 161.476
5.96 10.159 0.0629 161.054
5.97 10.058 0.062 160.704
5.98 9.9608 0.0614 160.425
5.99 9.8833 0.06 160.011
6 9.798 0.0602 159.93
6.01 9.7127 0.059 159.535
6.02 9.6662 0.0568 158.995
6.03 9.5809 0.057 158.912
6.04 9.5382 0.0561 158.673
6.05 9.4994 0.0552 158.44
6.06 9.4529 0.0557 158.519
6.07 9.3909 0.0526 157.689
6.08 9.2939 0.0523 157.45
6.09 9.2629 0.0521 157.396
6.1 9.2164 0.0519 157.303
6.11 9.1815 0.0519 157.289
6.12 9.1466 0.0509 157.02
6.13 9.1117 0.0514 157.133
6.14 9.1001 0.0506 156.97
6.15 9.0923 0.0505 156.996
6.16 9.0846 0.0506 157.073
6.17 9.0787 0.0506 157.13
6.18 9.0758 0.0508 157.245
6.19 9.0763 0.0508 157.317
6.2 9.0768 0.0508 157.388
6.21 9.0807 0.0507 157.443
6.22 9.1156 0.0507 157.6
6.23 9.1388 0.0506 157.703
6.24 9.1776 0.0506 157.869
6.25 9.2901 0.0506 158.217
6.26 9.356 0.0506 158.448
6.27 9.4258 0.0506 158.688
6.28 9.6041 0.0505 159.162
6.29 9.7011 0.0508 159.541
6.3 9.8755 0.0511 160.1
6.31 9.9725 0.0511 160.396
6.32 10.116 0.0511 160.797
6.33 10.197 0.0517 161.209
6.3401 10.321 0.0531 161.921
6.3501 10.391 0.0534 162.226
6.3601 10.461 0.0542 162.655
6.3701 10.608 0.0553 163.326
6.3801 10.674 0.0562 163.763
6.3901 10.748 0.0571 164.215
6.4001 10.868 0.0578 164.716
6.4101 10.926 0.0589 165.173
6.4201 10.977 0.0588 165.332
6.4301 11.058 0.0591 165.649
6.4401 11.097 0.0595 165.897
6.4501 11.167 0.0606 166.373
6.4601 11.194 0.0603 166.433
6.4701 11.209 0.0607 166.629
6.4801 11.275 0.0611 166.933
6.4901 11.291 0.0613 167.084
6.5001 11.345 0.0615 167.315
6.5101 11.407 0.062 167.631
6.5201 11.43 0.062 167.751
6.5301 11.485 0.062 167.939
6.5401 11.593 0.062 168.237
6.5501 11.644 0.0618 168.37
6.5601 11.768 0.0616 168.653
6.5701 11.845 0.0574 167.893
6.5801 11.934 0.0559 167.775
6.5901 12.097 0.0557 168.124
6.6001 12.167 0.0556 168.31
6.6101 12.276 0.0559 168.673
6.6201 12.454 0.0561 169.144
6.6301 12.551 0.0577 169.801
6.6401 12.5249 0.059 170.136
6.6501 12.5439 0.059 170.245
6.6601 12.563 0.0603 170.662
6.6701 12.753 0.0624 171.591
6.6801 12.853 0.0636 172.128
6.6901 13.005 0.0639 172.559
6.7001 13.067 0.0642 172.816
6.7101 13.129 0.0646 173.095
6.7201 13.241 0.0653 173.534
6.7301 13.291 0.0662 173.898
6.7401 13.346 0.068 174.463
6.7501 13.361 0.0683 174.627
6.7601 13.412 0.0686 174.858
6.7701 13.427 0.0689 175.022
6.7801 13.458 0.0691 175.194
6.7901 13.481 0.0703 175.56
6.8001 13.489 0.0703 175.647
6.8101 13.495 0.0703 175.73
6.8201 13.501 0.0707 175.896
6.8301 13.52 0.0712 176.107
6.8401 13.551 0.0713 176.257
6.8501 13.528 0.0714 176.306
6.8601 13.54 0.072 176.523
6.8701 13.516 0.0726 176.671
6.8801 13.509 0.0728 176.77
6.8901 13.493 0.0728 176.811
6.9001 13.481 0.0728 176.86
6.9101 13.435 0.073 176.884
6.9201 13.419 0.0731 176.945
6.9301 13.365 0.0734 176.974
6.9401 13.33 0.0735 176.998
6.9501 13.311 0.0733 176.992
6.9601 13.264 0.0731 176.933
6.9701 13.167 0.0731 176.816
6.9801 13.167 0.0732 176.907
6.9901 13.051 0.0732 176.752
7.0001 13.012 0.0731 176.726
7.0101 12.927 0.073 176.609
7.0201 12.873 0.0718 176.329
7.0301 12.776 0.0715 176.146
7.0401 12.737 0.0714 176.117
7.0501 12.687 0.0707 175.943
7.0601 12.628 0.0707 175.894
7.0701 12.563 0.0707 175.833
7.0801 12.454 0.0707 175.681
7.0901 12.427 0.0707 175.695
7.1001 12.373 0.0694 175.383
7.1101 12.314 0.069 175.246
7.1201 12.21 0.069 175.101
7.1301 12.167 0.0689 175.059
7.1401 12.109 0.0686 174.943
7.1501 12 0.0683 174.72
7.1601 11.938 0.0677 174.529
7.1701 11.876 0.0676 174.445
7.1801 11.814 0.0671 174.273
7.1901 11.71 0.0669 174.076
7.2001 11.671 0.0667 174.016
7.2101 11.62 0.0666 173.952
7.2201 11.527 0.0666 173.817
7.2301 11.496 0.0666 173.817
7.2401 11.434 0.065 173.397
7.2501 11.322 0.0648 173.173
7.2601 11.279 0.0643 173.033
7.2701 11.225 0.0644 173.002
7.2801 11.112 0.064 172.727
7.2901 11.058 0.0641 172.694
7.3001 10.961 0.0639 172.496
7.3101 10.938 0.0637 172.465
7.3201 10.911 0.0629 172.288
7.3301 10.888 0.0624 172.186
7.3401 10.876 0.0619 172.109
7.3501 10.8665 0.0619 172.152
7.3601 10.8618 0.0613 172.067
7.3701 10.8647 0.0606 171.974
7.3801 10.8677 0.0602 171.951
7.3901 10.876 0.0602 172.035
7.4001 10.895 0.0603 172.167
7.4101 10.895 0.0608 172.35
7.4201 10.868 0.0613 172.47
7.4301 10.833 0.0619 172.594
7.4401 10.81 0.0618 172.583
7.4501 10.779 0.0619 172.599
7.4601 10.717 0.0618 172.497
7.4701 10.686 0.0618 172.489
7.4801 10.632 0.0617 172.404
7.4901 10.573 0.0617 172.33
7.5001 10.527 0.0615 172.239
7.5101 10.461 0.0614 172.124
7.5201 10.43 0.0614 172.114
7.5301 10.407 0.0614 172.123
7.5401 10.376 0.0614 172.113
7.5501 10.341 0.0607 171.928
7.5601 10.329 0.0601 171.821
7.5701 10.3195 0.0599 171.813
7.5801 10.3168 0.0598 171.846
7.5901 10.3329 0.0566 171.163
7.6001 10.349 0.0551 170.881
7.6101 10.43 0.0544 170.954
7.6201 10.469 0.0547 171.187
7.6301 10.523 0.0549 171.428
7.6401 10.554 0.056 171.846
7.6501 10.566 0.0563 172.014
7.6601 10.407 0.0568 171.827
7.6701 10.3605 0.0571 171.854
7.6801 10.314 0.0578 171.979
7.6901 10.302 0.0582 172.111
7.7001 10.221 0.0585 172.051
7.7101 10.217 0.0588 172.177
7.7201 10.197 0.0591 172.263
7.7301 10.197 0.0592 172.35
7.7401 10.1996 0.0592 172.418
7.7501 10.2022 0.0589 172.413
7.7601 10.213 0.0586 172.428
7.7701 10.232 0.0585 172.512
7.7801 10.263 0.0582 172.575
7.7901 10.259 0.0579 172.552
7.8001 10.329 0.0581 172.833
7.8101 10.364 0.0575 172.829
7.8201 10.461 0.0572 173.047
7.8301 10.539 0.0576 173.395
7.8401 10.573 0.058 173.636
7.8501 10.663 0.0584 174.01
7.8601 10.701 0.0587 174.235
7.8701 10.732 0.0596 174.59
7.8801 10.756 0.0598 174.756
7.8901 10.787 0.0599 174.915
7.9001 10.775 0.0601 174.997
7.9101 10.756 0.0615 175.35
7.9201 10.713 0.0614 175.286
7.9301 10.667 0.0614 175.239
7.9401 10.616 0.0614 175.18
7.9501 10.508 0.0616 175.03
7.9601 10.411 0.0618 174.905
7.9701 10.333 0.0618 174.777
7.9801 10.248 0.0618 174.63
7.9901 10.019 0.0618 174.123
8.0001 9.8988 0.0617 173.858
8.0101 9.7941 0.0616 173.629
8.0201 9.6972 0.0617 173.464
8.0301 9.5305 0.0614 173.021
8.0401 9.4645 0.0611 172.837
8.0501 9.4064 0.0588 172.193
8.0601 9.3443 0.0577 171.818
8.0701 9.2707 0.0573 171.582
8.0801 9.2397 0.0575 171.609
8.0901 9.2125 0.0576 171.619
8.1001 9.1699 0.0576 171.564
8.1101 9.135 0.0561 171.152
8.1201 9.0691 0.0547 170.673
8.1301 9.0458 0.0544 170.59
8.1401 8.9954 0.0542 170.459
8.1501 8.9489 0.0543 170.416
8.1601 8.9178 0.054 170.311
8.1701 8.8325 0.0539 170.107
8.1801 8.7976 0.0538 170.041
8.1901 8.7666 0.0537 169.986
8.2001 8.7201 0.0537 169.914
8.2101 8.6774 0.0537 169.851
8.2201 8.6309 0.0537 169.777
8.2301 8.5417 0.0535 169.528
8.2401 8.5068 0.0533 169.433
8.2501 8.4526 0.0534 169.36
8.2601 8.4138 0.0533 169.279
8.2701 8.3595 0.0532 169.151
8.2801 8.3091 0.0528 168.955
8.2901 8.2316 0.0526 168.73
8.3001 8.2005 0.0524 168.641
8.3101 8.1811 0.0524 168.64
8.3201 8.1618 0.0514 168.369
8.3301 8.1424 0.0514 168.368
8.3401 8.1307 0.0508 168.225
8.3501 8.1036 0.0507 168.172
8.3601 8.0842 0.0506 168.143
8.3701 8.0687 0.0506 168.152
8.3801 8.0648 0.0502 168.085
8.3901 8.0668 0.0503 168.175
8.4001 8.0687 0.0501 168.18
8.4101 8.1075 0.05 168.324
8.4201 8.1385 0.0498 168.416
8.4301 8.1656 0.0498 168.552
8.4401 8.1889 0.0498 168.677
8.4501 8.2083 0.0498 168.79
8.4601 8.2509 0.0498 168.972
8.4701 8.2897 0.0498 169.141
8.4801 8.3246 0.0499 169.328
8.4901 8.375 0.0503 169.643
8.5001 8.4177 0.051 170.018
8.5101 8.5068 0.051 170.332
8.5201 8.5572 0.051 170.532
8.5301 8.6232 0.0496 170.382
8.5401 8.6697 0.0481 170.134
8.5501 8.7123 0.047 169.982
8.5601 8.755 0.046 169.853
8.5701 8.8519 0.0461 170.208
8.5801 8.8946 0.0462 170.412
8.5901 8.9566 0.0465 170.73
8.6001 9.007 0.0466 170.954
8.6101 8.9619 0.0474 171.128
8.6201 8.9632 0.0482 171.425
8.6301 8.9644 0.049 171.719
8.6401 9.2241 0.0489 172.453
8.6501 9.325 0.0495 172.954
8.6601 9.4025 0.05 173.361
8.6701 9.4723 0.05 173.601
8.6801 9.5421 0.0514 174.24
8.6901 9.6507 0.0511 174.495
8.7001 9.6778 0.0511 174.622
8.7101 9.7166 0.0512 174.807
8.7201 9.7243 0.0518 175.052
8.7301 9.7553 0.0524 175.356
8.7401 9.7747 0.0529 175.601
8.7501 9.8019 0.053 175.754
8.7601 9.8135 0.0531 175.868
8.7701 9.8406 0.0533 176.048
8.7801 9.8639 0.0535 176.219
8.7901 9.9415 0.0546 176.773
8.8001 9.9802 0.0556 177.195
8.8101 10.003 0.0553 177.229
8.8201 10.054 0.0555 177.469
8.8301 10.085 0.0558 177.683
8.8401 10.124 0.056 177.891
8.8501 10.217 0.0559 178.154
8.8601 10.252 0.056 178.325
8.8701 10.259 0.0561 178.425
8.8801 10.294 0.0572 178.857
8.8901 10.395 0.0583 179.449
8.9001 10.465 0.058 179.601
8.9101 10.581 0.0591 180.224
8.9201 10.659 0.0601 180.723
8.9301 10.825 0.0617 181.579
8.9401 10.895 0.0625 181.999
8.9501 10.93 0.0634 182.356
8.9601 10.977 0.0635 182.55
8.9701 11.035 0.0637 182.793
8.9801 11.116 0.0647 183.279
8.9901 11.163 0.0657 183.682
9.0001 11.213 0.0683 184.452
9.0101 11.368 0.0687 184.963
9.0201 11.438 0.0688 185.207
9.0301 11.523 0.069 185.506
9.0401 11.601 0.0688 185.699
9.0501 11.71 0.0685 185.938
9.0601 11.775 0.0682 186.076
9.0701 11.806 0.0677 186.089
9.0801 11.845 0.0673 186.143
9.0901 11.892 0.0667 186.168
9.1001 12.086 0.066 186.495
9.1101 12.272 0.0658 186.916
9.1201 12.563 0.0671 187.91
9.1301 13.222 0.0685 189.682
9.1401 13.571 0.0691 190.591
9.1501 13.931 0.0694 191.438
9.1601 14.428 0.0672 191.95
9.1701 14.621 0.068 192.566
9.1801 14.769 0.0688 193.092
9.1901 14.982 0.0698 193.781
9.2001 15.056 0.0707 194.184
9.2101 15.308 0.0719 194.981
9.2201 15.471 0.0722 195.405
9.2301 15.591 0.0725 195.749
9.2401 15.781 0.0764 197.007
9.2501 15.843 0.0752 196.918
9.2601 16.002 0.0779 197.84
9.2701 16.048 0.0786 198.129
9.2801 16.188 0.0793 198.582
9.2901 16.389 0.0809 199.326
9.3001 16.424 0.0799 199.241
9.3101 16.355 0.0834 199.891
9.3201 16.312 0.0851 200.211
9.3301 16.25 0.0927 201.591
9.3401 16.172 0.0942 201.78
9.3501 16.083 0.0972 202.207
9.3601 15.978 0.0973 202.093
9.3701 15.882 0.0988 202.235
9.3801 15.777 0.0991 202.153
9.3901 15.676 0.0994 202.077
9.4001 15.529 0.1007 202.081
9.4101 15.436 0.0985 201.595
9.4201 15.269 0.0977 201.202
9.4301 15.222 0.0969 201.035
9.4401 15.203 0.0974 201.144
9.4501 15.091 0.0955 200.66
9.4601 15.075 0.0935 200.335
9.4701 15.0988 0.0939 200.511
9.4801 15.1225 0.0933 200.508
9.4901 15.172 0.0926 200.536
9.5001 15.405 0.0928 201.071
9.5101 15.529 0.0919 201.199
9.5201 15.68 0.0911 201.392
9.5301 16.009 0.0906 201.961
9.5401 16.118 0.0874 201.614
9.5501 16.211 0.0842 201.214
9.5601 16.3 0.0829 201.171
9.5701 16.254 0.0828 201.127
9.5801 16.25 0.0833 201.279
9.5901 16.149 0.0837 201.237
9.6001 16.134 0.0857 201.664
9.6101 15.812 0.0857 201.138
9.6201 15.7305 0.0865 201.202
9.6301 15.6992 0.0872 201.337
9.6401 15.668 0.0878 201.453
9.6501 15.657 0.0919 202.257
9.6601 15.645 0.0923 202.366
9.6701 15.571 0.0927 202.359
9.6801 15.474 0.0933 202.344
9.6901 15.37 0.0939 202.313
9.7001 15.149 0.0947 202.092
9.7101 15.044 0.0955 202.089
9.7201 14.904 0.0967 202.085
9.7301 14.718 0.0979 201.984
9.7401 14.633 0.1 202.23
9.7501 14.517 0.1009 202.207
9.7601 14.323 0.1012 201.923
9.7701 14.323 0.0981 201.458
9.7801 14.3121 0.0949 200.938
9.7901 14.3231 0.096 201.211
9.8001 14.334 0.0913 200.451
9.8101 14.606 0.0875 200.341
9.8201 14.846 0.0874 200.85
9.8301 15.125 0.0873 201.427
9.8401 15.738 0.0873 202.64
9.8501 16.11 0.0854 203.008
9.8601 16.355 0.0849 203.408
9.8701 16.901 0.0854 204.529
9.8801 17.188 0.0858 205.163
9.8901 17.425 0.0863 205.726
9.9001 17.812 0.0867 206.515
9.9101 17.921 0.087 206.814
9.9201 18.057 0.0873 207.157
9.9301 18.247 0.0889 207.841
9.9401 18.332 0.0885 207.96
9.9501 18.375 0.0902 208.418
9.9601 18.506 0.0919 209.014
9.9701 18.603 0.0925001 209.343
9.9801 18.704 0.093 209.659
9.9901 18.84 0.0929 209.918
10 18.979 0.0943 210.46
10.01 19.088 0.0941 210.654
10.02 19.278 0.0946 211.107
10.03 19.495 0.0952 211.617
10.04 19.518 0.0969 212.024
10.05 19.639 0.0974 212.362
10.06 19.58 0.0982 212.474
10.07 19.53 0.099 212.597
10.08 19.379 0.1016 212.877
10.09 19.266 0.1033 213.051
10.1 18.933 0.1067 213.148
10.11 18.747 0.1075 213.037
10.12 18.576 0.1074 212.798
10.13 18.161 0.1072 212.132
10.14 17.979 0.1061 211.701
10.15 17.758 0.1068 211.498
10.16 17.572 0.1029 210.582
10.17 17.328 0.1052 210.603
10.18 17.208 0.0997 209.512
10.19 17.188 0.0993 209.464
10.2 17.087 0.0989 209.273
10.21 17.083 0.0992 209.376
10.22 17.029 0.097 208.947
10.23 17.002 0.0948 208.557
10.24 16.901 0.0936 208.214
10.25 16.893 0.0916 207.883
10.26 16.893 0.0916 207.939
10.27 16.828 0.0916 207.88
10.28 16.808 0.0918 207.938
10.29 16.781 0.0923 208.041
10.3 16.793 0.0928 208.212
10.31 16.777 0.0926 208.202
10.32 16.781 0.0956 208.818
10.33 16.719 0.0954 208.727
10.34 16.688 0.0951 208.673
10.35 16.599 0.0944 208.44
10.36 16.548 0.0941 208.348
10.37 16.502 0.0938 208.265
10.38 16.386 0.0929 207.943
10.39 16.316 0.0931 207.907
10.4 16.316 0.0932 207.982
10.41 16.238 0.0932 207.894
10.42 16.203 0.0932 207.885
10.43 16.196 0.0931 207.909
10.44 16.126 0.0912 207.478
10.45 16.033 0.092 207.511
10.46 15.944 0.0917 207.344
10.47 15.87 0.0918 207.279
10.48 15.715 0.0918 207.041
10.49 15.61 0.0916 206.858
10.5 15.579 0.0914 206.816
10.51 15.56 0.0912 206.797
10.52 15.513 0.0892 206.381
10.53 15.512 0.0882 206.24
10.54 15.5125 0.0872 206.099
10.55 15.513 0.0907 206.831
10.56 15.591 0.0941 207.67
10.57 15.626 0.0944 207.846
10.58 15.306 0.0946 207.319
10.59 15.3134 0.0958 207.606
10.6 15.3208 0.097 207.89
10.61 15.354 0.0976 208.116
10.62 15.428 0.0981 208.403
10.63 15.463 0.0988 208.649
10.64 15.742 0.0991 209.294
10.65 15.858 0.102 210.074
10.66 15.932 0.1049 210.761
10.67 15.959 0.104 210.716
10.68 16.103 0.1051 211.229
10.69 16.188 0.1068 211.726
10.7 16.215 0.1064 211.766
10.71 16.203 0.1068 211.865
10.72 16.184 0.1072 211.95
10.73 16.079 0.1082 211.97
10.74 16.04 0.1078 211.885
10.75 16.0411 0.1088 212.105
10.76 16.0422 0.1089 212.178
10.77 16.06 0.109 212.283
10.78 16.304 0.1096 212.897
10.79 16.409 0.1098 213.181
10.8 16.517 0.1085 213.226
10.81 16.572 0.1073 213.185
10.82 16.762 0.1072 213.574
10.83 16.789 0.1072 213.678
10.84 16.859 0.1072 213.861
10.85 16.843 0.1081 214.036
10.86 16.758 0.1091 214.099
10.87 16.7587 0.111 214.462
10.88 16.7595 0.1112 214.551
10.89 16.773 0.1135 214.996
10.9 16.831 0.114 215.237
10.91 16.862 0.114 215.349
10.92 16.979 0.114 215.618
10.93 17.045 0.1141 215.809
10.94 17.021 0.1139 215.789
10.95 16.956 0.1137 215.693
10.96 16.928 0.1134 215.649
10.97 16.9266 0.1134 215.702
10.98 16.9273 0.1134 215.757
10.99 16.928 0.1134 215.813
11 17.002 0.1134 216.004
11.01 17.08 0.1133 216.185
11.02 17.2 0.1133 216.457
11.03 17.339 0.113 216.715
11.04 17.432 0.1126 216.873
11.05 17.7 0.1115 217.227
11.06 17.805 0.1113 217.434
11.07 17.933 0.111 217.665
11.08 18.2 0.1107 218.134
11.09 18.39 0.1103 218.449
11.1 18.479 0.1103 218.656
11.11 18.627 0.1103 218.962
11.12 18.739 0.1102 219.19
11.13 19.185 0.1102 219.988
11.14 19.22 0.1106 220.167
11.15 19.2 0.1111 220.272
11.16 19.204 0.112 220.481
11.17 19.135 0.1119 220.406
11.18 19.0932 0.1178 221.335
11.19 19.0791 0.1206 221.8
11.2 19.0776 0.1216 222.005
11.21 19.0868 0.1215 222.06
11.22 19.096 0.1215 222.131
11.23 19.142 0.1205 222.11
11.24 18.999 0.1203 221.894
11.25 18.813 0.1201 221.604
11.26 18.77 0.1193 221.463
11.27 18.755 0.1184 221.353
11.28 18.65 0.1185 221.244
11.29 18.665 0.1186 221.339
11.3 18.6292 0.12 221.549
11.31 18.6221 0.1209 221.729
11.32 18.6321 0.1199 221.647
11.33 18.642 0.119 221.58
11.34 18.644 0.1167 221.278
11.35 18.646 0.1161 221.241
11.36 18.607 0.1154 221.117
11.37 18.6015 0.1148 221.066
11.38 18.6075 0.1145 221.082
11.39 18.6135 0.1143 221.114
11.4 18.631 0.1144 221.214
11.41 18.677 0.1144 221.346
11.42 18.735 0.1142 221.467
11.43 18.716 0.114 221.456
11.44 18.871 0.1144 221.838
11.45 18.886 0.1147 221.966
11.46 18.929 0.1148 222.108
11.47 19.034 0.1148 222.339
11.48 19.084 0.115 222.509
11.49 19.092 0.1151 222.593
11.5 19.107 0.1152 222.688
11.51 19.146 0.1166 223.031
11.52 19.121 0.1169 223.091
11.53 19.1105 0.1172 223.174
11.54 19.1 0.118 223.337
11.55 19.123 0.117 223.271
11.56 19.08 0.1159 223.077
11.57 19.073 0.1156 223.071
11.58 19.096 0.1156 223.163
11.59 19.049 0.1158 223.17
11.6 18.731 0.1158 222.683
11.61 18.617 0.1159 222.556
11.62 18.6294 0.1162 222.679
11.63 18.6418 0.1162 222.753
11.64 18.681 0.1162 222.874
11.65 18.638 0.1162 222.853
11.66 18.631 0.1163 222.91
11.67 18.58 0.1164 222.891
11.68 18.526 0.1171 222.962
11.69 18.468 0.117 222.899
11.7 18.379 0.1169 222.781
11.71 18.371 0.115 222.516
11.72 18.301 0.1147 222.398
11.73 18.185 0.1145 222.215
11.74 17.983 0.1145 221.911
11.75 17.89 0.1145 221.798
11.76 17.781 0.1146 221.671
11.77 17.653 0.1151 221.573
11.78 17.572 0.1152 221.495
11.79 17.475 0.1152 221.37
11.8 17.386 0.1153 221.276
11.81 17.068 0.1152 220.724
11.82 16.94 0.1151 220.521
11.83 16.804 0.115 220.301
11.84 16.7052 0.1138 219.974
11.85 16.6676 0.1132 219.858
11.86 16.6778 0.1132 219.928
11.87 16.688 0.1127 219.918
11.88 16.731 0.1122 219.97
11.89 16.727 0.112 219.981
11.9 16.75 0.1119 220.06
11.91 16.723 0.1089 219.563
11.92 16.693 0.1084 219.474
11.93 16.679 0.1083 219.481
11.94 16.724 0.1082 219.601
11.95 16.769 0.1082 219.737
11.96 16.766 0.1082 219.782
11.97 16.878 0.1093 220.23
11.98 16.994 0.1104 220.682
11.99 17.087 0.1103 220.89
12 16.987 0.111 220.871
12.01 16.882 0.1116 220.824
12.02 16.688 0.1117 220.524
12.03 16.583 0.1117 220.374
12.04 16.451 0.1118 220.188
12.05 16.405 0.1127 220.297
12.06 16.374 0.1129 220.32
12.07 16.366 0.1126 220.307
12.08 16.331 0.1124 220.257
12.09 16.25 0.1116 220.019
12.1 16.223 0.1104 219.819
12.11 16.184 0.1092 219.594
12.12 16.168 0.1074 219.31
12.13 16.149 0.1073 219.306
12.14 16.149 0.1077 219.424
12.15 16.126 0.1082 219.514
12.16 16.161 0.1077 219.548
12.17 16.068 0.1073 219.348
12.18 16.044 0.1064 219.197
12.19 15.971 0.1063 219.086
12.2 15.843 0.105 218.658
12.21 15.792 0.1056 218.71
12.22 15.726 0.1063 218.748
12.23 15.666 0.1064 218.695
12.24 15.642 0.1059 218.61
12.25 15.6639 0.1054 218.618
12.26 15.6858 0.106 218.815
12.27 15.73 0.106 218.953
12.28 15.73 0.106 219.003
12.29 15.738 0.1058 219.034
12.3 15.757 0.1059 219.139
12.31 15.692 0.106 219.075
12.32 15.614 0.1061 218.984
12.33 15.533 0.1062 218.887
12.34 15.428 0.1063 218.74
12.35 15.346 0.1066 218.672
12.36 15.343 0.1063 218.664
12.37 15.335 0.106 218.646
12.38 15.296 0.1058 218.58
12.39 15.265 0.1057 218.548
12.4 15.242 0.1057 218.55
12.41 15.256 0.1048 218.472
12.42 15.27 0.1038 218.376
12.43 15.3 0.1035 218.434
12.44 15.362 0.1023 218.398
12.45 15.412 0.0996 218.063
12.46 15.548 0.1003 218.515
12.47 15.591 0.0987 218.358
12.48 15.626 0.0986 218.459
12.49 15.734 0.097 218.427
12.5 15.773 0.0975001 218.647
12.51 15.916 0.0981 219.092
12.52 16.091 0.099 219.653
12.53 16.316 0.1022 220.725
12.54 16.358 0.0998 220.419
12.55 16.397 0.1055 221.565
12.56 16.409 0.1017 220.962
12.57 16.1725 0.1082 221.689
12.58 16.1202 0.1046 221.012
12.59 16.068 0.1104 221.952
12.6 16.056 0.1077 221.52
12.61 16.037 0.1107 222.038
12.62 15.854 0.1109 221.754
12.63 15.804 0.1133 222.097
12.64 15.598 0.113 221.678
12.65 15.459 0.1128 221.408
12.66 15.323 0.1122 221.077
12.67 15.3192 0.1111 220.936
12.68 15.3251 0.1113 221.03
12.69 15.331 0.1115 221.124
12.7 15.35 0.1109 221.112
12.71 15.374 0.1103 221.111
12.72 15.296 0.1086 220.712
12.73 15.211 0.1081 220.498
12.74 15.141 0.1047 219.815
12.75 15.052 0.1075 220.159
12.76 15.0345 0.1035 219.477
12.77 15.0402 0.1048 219.765
12.78 15.046 0.1028 219.472
12.79 15.075 0.103 219.617
12.8 15.156 0.1008 219.439
12.81 15.226 0.1007 219.614
12.82 15.304 0.1009 219.86
12.83 15.482 0.101 220.292
12.84 15.575 0.1021 220.729
12.85 15.73 0.1025 221.164
12.86 15.94 0.103 221.724
12.87 16.033 0.1039 222.119
12.88 16.056 0.1048 222.372
12.89 16.056 0.1045 222.367
12.9 16.029 0.1045 222.361
12.91 16.013 0.1049 222.448
12.92 15.967 0.1049 222.403
12.93 15.878 0.105 222.29
12.94 15.893 0.1053 222.421
12.95 15.769 0.1056 222.27
12.96 15.773 0.1055 222.309
12.97 15.719 0.1079 222.663
12.98 15.68 0.1079 222.631
12.99 15.6585 0.1079 222.635
13 15.6498 0.1079 222.664
13.01 15.6474 0.1079 222.707
13.02 15.6637 0.108 222.805
13.03 15.68 0.108 222.886
13.04 15.684 0.109 223.113
13.05 15.757 0.1087 223.259
13.06 15.754 0.1083 223.232
13.07 15.757 0.1076 223.165
13.08 15.777 0.1066 223.08
13.09 15.812 0.1063 223.146
13.1 15.843 0.106 223.204
13.11 15.932 0.1061 223.449
13.12 16.161 0.1062 223.973
13.13 16.304 0.1071 224.463
13.14 16.467 0.108 224.989
13.15 16.626 0.108 225.348
13.16 16.855 0.1075 225.753
13.17 16.963 0.1073 225.973
13.18 17.025 0.1074 226.157
13.19 17.064 0.1075 226.297
13.2 17.014 0.1082 226.371
13.21 16.959 0.109 226.452
13.22 16.964 0.1091 226.527
13.23 16.969 0.1093 226.618
13.24 16.994 0.111 227.005
13.25 17.021 0.1112 227.139
13.26 17.041 0.1114 227.259
13.27 17.118 0.1116 227.488
13.28 17.126 0.1111 227.466
13.29 17.122 0.1106 227.421
13.3 17.124 0.1104 227.438
13.31 17.126 0.1101 227.438
13.32 17.13 0.1094 227.372
13.33 17.173 0.1086 227.363
13.34 17.258 0.1078 227.432
13.35 17.293 0.1073 227.458
13.36 17.46 0.107 227.767
13.37 17.576 0.1062 227.89
13.38 17.653 0.107 228.223
13.39 17.793 0.1077 228.654
13.4 17.909 0.1099 229.301
13.41 17.944 0.1106 229.534
13.42 17.933 0.1113 229.682
13.43 17.956 0.1117 229.841
13.44 17.669 0.1132 229.61
13.45 17.51 0.1129 229.308
13.46 17.378 0.1126 229.055
13.47 17.146 0.1118 228.524
13.48 17.025 0.1124 228.44
13.49 16.932 0.1083 227.602
13.5 16.781 0.1043 226.645
13.51 16.572 0.1045 226.319
13.52 16.482 0.1042 226.134
13.53 16.444 0.1041 226.087
13.54 16.386 0.1041 226.018
13.55 16.436 0.1042 226.182
13.56 16.4041 0.1045 226.219
13.57 16.4086 0.1047 226.311
13.58 16.413 0.1046 226.348
13.59 16.684 0.1044 226.892
13.6 16.808 0.1041 227.127
13.61 16.967 0.1034 227.354
13.62 17.08 0.1027 227.489
13.63 17.165 0.1027 227.698
13.64 17.266 0.103 227.992
13.65 17.39 0.1034 228.347
13.66 17.409 0.11 229.609
13.67 17.409 0.1093 229.534
13.68 17.409 0.1126 230.149
13.69 17.432 0.114 230.476
13.7 17.401 0.1133 230.346
13.71 17.549 0.1127 230.572
13.72 17.367 0.112 230.154
13.73 17.316 0.1114 230
13.74 17.297 0.1106 229.872
13.75 17.273 0.1099 229.751
13.76 17.242 0.1099 229.738
13.77 17.2373 0.1102 229.828
13.78 17.2456 0.1105 229.942
13.79 17.254 0.111 230.091
13.8 17.351 0.1136 230.767
13.81 17.417 0.1133 230.889
13.82 17.576 0.1129 231.17
13.83 17.669 0.1124 231.307
13.84 17.712 0.1122 231.4
13.85 17.762 0.1128 231.643
13.86 17.836 0.1134 231.931
13.87 17.801 0.113 231.844
13.88 17.785 0.1148 232.165
13.89 17.731 0.116 232.311
13.9 17.634 0.1166 232.274
13.91 17.537 0.1172 232.235
13.92 17.281 0.1179 231.905
13.93 17.157 0.1185 231.808
13.94 17.095 0.1183 231.701
13.95 16.905 0.1181 231.342
13.96 16.839 0.1172 231.111
13.97 16.8005 0.1168 231.015
13.98 16.762 0.1164 230.919
13.99 16.758 0.1164 230.957
14 16.715 0.1176 231.114
14.01 16.669 0.1173 231.019
14.02 16.607 0.117 230.892
14.03 16.448 0.1162 230.486
14.04 16.366 0.1154 230.234
14.05 16.296 0.1146 230.004
14.06 16.079 0.1138 229.472
14.07 16.002 0.1122 229.089
14.08 15.916 0.1113 228.803
14.09 15.719 0.1104 228.284
14.1 15.703 0.1103 228.278
14.11 15.7022 0.1103 228.322
14.12 15.7106 0.1073 227.861
14.13 15.719 0.107 227.87
14.14 15.746 0.106 227.793
14.15 15.804 0.1048 227.743
14.16 15.796 0.1047 227.753
14.17 15.746 0.1047 227.694
14.18 15.73 0.1052 227.795
14.19 15.649 0.1057 227.76
14.2 15.583 0.1058 227.684
14.21 15.467 0.106 227.52
14.22 15.203 0.1062 227.036
14.23 15.063 0.1062 226.778
14.24 14.966 0.1062 226.612
14.25 14.827 0.1059 226.298
14.26 14.765 0.1042 225.902
14.27 14.757 0.1059 226.232
14.28 14.66 0.1032 225.576
14.29 14.575 0.1045 225.666
14.3 14.567 0.1029 225.403
14.31 14.428 0.1006 224.713
14.32 14.408 0.101 224.786
14.33 14.389 0.1004 224.675
14.34 14.323 0.0992 224.345
14.35 14.32 0.0991 224.363
14.36 14.329 0.0991 224.427
14.37 14.338 0.099 224.472
14.38 14.373 0.099 224.594
14.39 14.412 0.0987 224.669
14.4 14.443 0.0986 224.763
14.41 14.517 0.0985 224.952
14.42 14.536 0.0985 225.038
14.43 14.548 0.0985 225.108
14.44 14.583 0.0986 225.249
14.45 14.59 0.0986 225.308
14.46 14.61 0.0986 225.395
14.47 14.664 0.0987 225.577
14.48 14.68 0.1003 225.958
14.49 14.703 0.0999 225.978
14.5 14.769 0.0995 226.091
14.51 14.804 0.0969 225.714
14.52 14.839 0.096 225.659
14.53 14.881 0.0961 225.813
14.54 14.877 0.0962 225.867
14.55 14.939 0.0967 226.143
14.56 15.083 0.0982 226.789
14.57 15.153 0.0996 227.251
14.58 15.11 0.0994 227.164
14.59 15.1525 0.1001 227.432
14.6 15.195 0.1003 227.605
14.61 15.238 0.1016 227.985
14.62 15.335 0.1029 228.478
14.63 15.358 0.1041 228.792
14.64 15.447 0.1044 229.08
14.65 15.436 0.1065 229.48
14.66 15.377 0.1068 229.451
14.67 15.3 0.1062 229.221
14.68 15.18 0.1064 229.041
14.69 15.067 0.1063 228.82
14.7 15.0362 0.1063 228.796
14.71 15.0306 0.106 228.773
14.72 15.0933 0.1057 228.899
14.73 15.156 0.1056 229.061
14.74 15.269 0.1056 229.349
14.75 15.331 0.1049 229.4
14.76 15.478 0.1042 229.63
14.77 15.602 0.1027 229.66
14.78 15.668 0.1008 229.487
14.79 15.796 0.1013 229.893
14.8 15.831 0.1012 229.991
14.81 15.897 0.1012 230.172
14.82 15.982 0.1 230.164
14.83 15.978 0.1001 230.218
14.84 16.06 0.1003 230.469
14.85 16.048 0.0999 230.411
14.86 16.114 0.1001 230.628
14.87 16.234 0.1004 230.975
14.88 16.351 0.1012 231.41
14.89 16.576 0.1013 231.929
14.9 16.665 0.1013 232.151
14.91 16.715 0.1015 232.333
14.92 16.797 0.1017 232.578
14.93 16.8 0.1019 232.665
14.94 16.841 0.1021 232.828
14.95 16.882 0.1037 233.254
14.96 16.89 0.1053 233.611
14.97 16.928 0.1071 234.06
14.98 17.045 0.109 234.679
14.99 17.06 0.1091 234.77
15 17.142 0.109 234.958
15.01 17.107 0.109 234.932
15.02 17.052 0.1086 234.795
15.03 16.928 0.1084 234.556
15.04 16.688 0.1081 234.063
15.05 16.502 0.1065 233.439
15.06 16.339 0.1049 232.855
15.07 16.06 0.1037 232.099
15.08 15.944 0.1016 231.505
15.09 15.796 0.1014 231.199
15.1 15.676 0.1008 230.874
15.11 15.424 0.1001 230.245
15.12 15.261 0.1014 230.182
15.13 15.052 0.1026 229.993
15.14 14.862 0.103 229.689
15.15 14.362 0.1033 228.657
15.16 14.144 0.1048 228.47
15.17 13.927 0.1054 228.112
15.18 13.388 0.1061 226.985
15.19 13.152 0.1058 226.393
15.2 12.915 0.1081 226.247
15.21 12.563 0.1103 225.768
15.22 12.5922 0.1123 226.222
15.23 12.6215 0.1169 227.097
15.24 12.69 0.1215 228.046
15.25 12.896 0.1231 228.866
15.26 13.152 0.1239 229.681
15.27 13.722 0.1239 231.13
15.28 13.966 0.1228 231.588
15.29 14.241 0.1216 232.092
15.3 14.606 0.1192 232.595
15.31 14.703 0.1181 232.68
15.32 14.761 0.1167 232.623
15.33 14.699 0.1135 231.987
15.34 14.652 0.1002 229.53
15.35 14.61 0.0942 228.3
15.36 14.517 0.0894 227.141
15.37 14.272 0.0867 226.049
15.38 14.036 0.0850001 225.176
15.39 13.807 0.0854 224.772
15.4 13.52 0.0858 224.221
15.41 13.02 0.0869 223.284
15.42 12.772 0.0874 222.813
15.43 12.535 0.1008 224.906
15.44 12.062 0.1058 224.607
15.45 11.872 0.1105 224.946
15.46 11.644 0.1124 224.678
15.47 11.333 0.1105 223.527
15.48 11.3472 0.1085 223.268
15.49 11.3615 0.1045 222.651
15.5 11.423 0.1031 222.615
15.51 11.686 0.1032 223.404
15.52 12.613 0.1033 225.932
15.53 13.21 0.1079 228.308
15.54 14.513 0.1125 232.268
15.55 13.315 0.1132 229.564
15.56 15.195 0.1107 233.579
15.57 16.137 0.1083 235.224
15.58 16.525 0.1026 235.013
15.59 17.231 0.1003 236.029
15.6 17.467 0.098 236.078
15.61 17.84 0.0982 236.88
15.62 17.956 0.0984 237.184
15.63 17.991 0.1005 237.71
15.64 17.925 0.108 239.053
15.65 17.762 0.1123 239.558
15.66 17.737 0.1166 240.302
15.67 17.7725 0.1142 239.999
15.68 17.808 0.1219 241.417
15.69 17.886 0.1157 240.565
15.7 18.057 0.1253 242.541
15.71 18.146 0.1348 244.236
15.72 18.491 0.1354 245.033
15.73 18.619 0.136 245.41
15.74 18.774 0.136 245.747
15.75 18.863 0.1362 245.988
15.76 19.135 0.1364 246.569
15.77 19.255 0.1383 247.119
15.78 19.414 0.1403 247.751
15.79 19.798 0.1413 248.641
15.8 19.937 0.1435 249.256
15.81 20.216 0.1449 250.001
15.82 20.348 0.1461 250.451
15.83 20.592 0.1498 251.448
15.84 20.938 0.1522 252.43
15.85 21.155 0.1534 253.015
15.86 21.314 0.1541 253.428
15.87 21.449 0.1542 253.717
15.88 21.55 0.1543 253.947
15.89 21.573 0.1548 254.099
15.9 21.581 0.1557 254.279
15.91 21.628 0.1617 255.205
15.92 21.624 0.1579 254.738
15.93 21.643 0.1586 254.909
15.94 21.686 0.1592 255.106
15.95 21.651 0.1596 255.145
15.96 21.581 0.16 255.123
15.97 21.523 0.1603 255.109
15.98 21.414 0.1608 255.033
15.99 21.325 0.1612 254.977
16 21.131 0.162 254.791
16.01 20.957 0.162 254.532
16.02 20.519 0.162 253.803
16.03 20.263 0.163 253.518
16.04 19.968 0.1621 252.91
16.05 19.472 0.1613 251.936
16.06 19.286 0.1592 251.357
16.07 19.073 0.1589 250.96
16.08 18.863 0.1553 250.126
16.09 18.7 0.1542 249.709
16.1 18.5928 0.1471 248.569
16.11 18.5459 0.1512 249.09
16.12 18.6054 0.1458 248.495
16.13 18.665 0.1442 248.424
16.14 18.778 0.1426 248.452
16.15 18.983 0.1413 248.694
16.16 19.131 0.1395 248.75
16.17 19.445 0.1376 249.092
16.18 19.577 0.1356 249.075
16.19 19.763 0.1346 249.303
16.2 20.123 0.1353 250.103
16.21 20.286 0.1359 250.529
16.22 20.399 0.1388 251.213
16.23 20.693 0.1389 251.79
16.24 20.771 0.1407 252.239
16.25 20.899 0.1438 252.964
16.26 21.139 0.1426 253.247
16.27 21.298 0.1466 254.148
16.28 21.395 0.1463 254.315
16.29 21.504 0.1492 254.96
16.3 21.585 0.1492 255.142
16.31 21.628 0.1516 255.597
16.32 21.612 0.1541 255.962
16.33 21.585 0.154 255.946
16.34 21.403 0.1546 255.76
16.35 21.325 0.1566 255.943
16.36 21.151 0.1588 255.981
16.37 20.984 0.1596 255.84
16.38 20.6 0.1599 255.243
16.39 20.461 0.1588 254.891
16.4 20.29 0.1577 254.479
16.41 20.088 0.1569 254.049
16.42 19.898 0.1561 253.636
16.43 19.728 0.1549 253.203
16.44 19.608 0.1511 252.501
16.45 19.4982 0.1474 251.82
16.46 19.4441 0.1501 252.142
16.47 19.4446 0.1463 251.648
16.48 19.445 0.1434 251.273
16.49 19.441 0.1406 250.896
16.5 19.425 0.1413 251.012
16.51 19.332 0.1382 250.418
16.52 19.274 0.1372 250.201
16.53 19.177 0.1362 249.909
16.54 19.208 0.1359 249.963
16.55 18.892 0.1355 249.348
16.56 18.8686 0.135 249.268
16.57 18.8698 0.134 249.158
16.58 18.871 0.1346 249.295
16.59 18.945 0.1352 249.57
16.6 18.96 0.1359 249.747
16.61 18.879 0.1361 249.666
16.62 18.871 0.1362 249.707
16.63 18.786 0.1363 249.602
16.64 18.801 0.1364 249.688
16.65 18.751 0.1368 249.694
16.66 18.727 0.1362 249.599
16.67 18.607 0.1355 249.303
16.68 18.293 0.1332 248.38
16.69 18.154 0.1333 248.164
16.7 18.053 0.1333 248.006
16.71 17.898 0.1342 247.878
16.72 17.843 0.1348 247.901
16.73 17.867 0.1349 248.006
16.74 17.739 0.135 247.806
16.75 17.7 0.1346 247.707
16.76 17.522 0.1342 247.327
16.77 17.394 0.1332 246.953
16.78 17.052 0.1301 245.807
16.79 16.905 0.1285 245.288
16.8 16.8 0.1285 245.109
16.81 16.696 0.1271 244.707
16.82 16.521 0.1258 244.168
16.83 16.417 0.1257 243.97
16.84 16.347 0.1256 243.844
16.85 16.281 0.1256 243.742
16.86 16.056 0.1248 243.165
16.87 15.885 0.1246 242.798
16.88 15.711 0.1308 243.435
16.89 15.486 0.1308 242.97
16.9 14.994 0.1278 241.416
16.91 14.683 0.1248 240.253
16.92 14.373 0.1241 239.443
16.93 13.699 0.1243 237.863
16.94 13.342 0.1245 237.031
16.95 12.966 0.1246 236.112
16.96 12.57 0.1247 235.114
16.97 11.768 0.1246 232.915
16.98 11.388 0.1244 231.824
16.99 11.062 0.124 230.832
17 10.453 0.1242 229.026
17.01 10.131 0.1233 227.895
17.02 9.8445 0.1225 226.87
17.03 9.4801 0.1206 225.385
17.04 9.1388 0.1186 223.923
17.05 8.5262 0.1166 221.419
17.06 8.3673 0.1135 220.362
17.07 8.2083 0.1105 219.3
17.08 8.0803 0.1092 218.625
17.09 8.0895 0.1067 218.275
17.1 8.0988 0.1024 217.601
17.11 8.1463 0.1022 217.784
17.12 8.3518 0.1024 218.638
17.13 8.3866 0.1027 218.858
17.14 8.4758 0.1062 219.839
17.15 8.5301 0.1084 220.453
17.16 8.7123 0.1077 221.041
17.17 8.7356 0.107 221.042
17.18 8.7589 0.1054 220.886
17.19 8.7783 0.0997 219.972
17.2 8.9101 0.094 219.403
17.21 8.9799 0.0883 218.545
17.22 8.9799 0.0822 217.282
17.23 8.7783 0.0743 214.794
17.24 8.2936 0.0702 212.075
17.25 8.0687 0.0692 211.019
17.26 7.8128 0.0675 209.642
17.27 7.2312 0.0685 207.606
17.28 6.8745 0.0695 206.382
17.29 6.5837 0.073 205.974
17.3 6.2851 0.0818 206.582
17.31 5.9788 0.0989 208.4
17.32 5.6997 0.1029 207.687
17.33 5.2499 0.1073 205.993
17.34 5.0754 0.1114 205.666
17.35 4.9513 0.1114 204.967
17.36 4.835 0.1141 204.707
17.37 4.6993 0.107 202.815
17.38 4.3271 0.1068 200.42
17.39 4.0518 0.1066 198.533
17.4 3.792 0.1015 195.878
17.41 3.7808 0.103 196.065
17.42 3.7942 0.1045 196.432
17.43 3.8075 0.1037 196.437
17.44 4.1216 0.103 198.612
17.45 4.4938 0.0978 200.267
17.46 5.4166 0.099 205.968
17.47 5.9478 0.0921 207.543
17.48 6.4247 0.0783 207.079
17.49 7.2583 0.0739 209.771
17.5 7.6422 0.0731 211.176
17.51 7.9175 0.0729 212.24
17.52 8.3285 0.0729 213.826
17.53 8.4409 0.0732 214.347
17.54 8.5262 0.0736 214.789
17.55 8.5669 0.0758 215.497
17.56 8.6077 0.0746 215.393
17.57 8.6891 0.076 216.053
17.58 8.7434 0.0774 216.61
17.59 8.7317 0.0815 217.535
17.6 8.7434 0.0849 218.352
17.61 8.7434 0.0872 218.873
17.62 8.7472 0.0861 218.69
17.63 8.8364 0.0858 218.981
17.64 8.8597 0.0857 219.077
17.65 8.8907 0.087 219.497
17.66 8.9411 0.0882 219.96
17.67 9.0535 0.089 220.557
17.68 9.1427 0.0899 221.088
17.69 9.2241 0.0908 221.589
17.7 9.2939 0.0919 222.087
17.71 9.418 0.0925001 222.667
17.72 9.4956 0.0931 223.085
17.73 9.5731 0.0941 223.58
17.74 9.6545 0.094 223.868
17.75 9.8368 0.0939 224.487
17.76 9.9841 0.0935 224.924
17.77 10.128 0.0927 225.262
17.78 10.368 0.093 226.119
17.79 10.508 0.0931 226.612
17.8 10.62 0.0932 227.014
17.81 10.791 0.0932 227.572
17.82 10.938 0.0935 228.112
17.83 11.306 0.0938 229.299
17.84 11.496 0.0941 229.947
17.85 11.682 0.0955 230.798
17.86 12.082 0.0977 232.396
17.87 12.237 0.0984 232.997
17.88 12.431 0.0985 233.582
17.89 12.594 0.1013 234.603
17.9 12.915 0.1039 235.989
17.91 12.993 0.1039 236.23
17.92 13.051 0.1048 236.588
17.93 13.059 0.108 237.238
17.94 12.989 0.1084 237.165
17.95 12.923 0.1117 237.62
17.96 12.822 0.1129 237.599
17.97 12.8125 0.1139 237.785
17.98 12.8098 0.114 237.832
17.99 12.8141 0.114 237.88
18 12.8185 0.1151 238.119
18.01 12.83 0.1154 238.238
18.02 12.822 0.1157 238.305
18.03 12.834 0.1159 238.408
18.04 12.846 0.116 238.494
18.05 12.865 0.1159 238.564
18.06 12.869 0.1161 238.646
18.07 12.8748 0.1162 238.715
18.08 12.8805 0.1161 238.75
18.09 12.896 0.116 238.811
18.1 12.904 0.1158 238.835
18.11 12.908 0.1162 238.951
18.12 12.904 0.1163 238.994
18.13 12.9 0.1164 239.037
18.14 12.9042 0.116 239.016
18.15 12.9085 0.1159 239.047
18.16 12.919 0.1159 239.112
18.17 12.95 0.1163 239.299
18.18 12.989 0.1166 239.491
18.19 13.055 0.1165 239.685
18.2 13.101 0.1165 239.843
18.21 13.233 0.1166 240.244
18.22 13.276 0.1168 240.427
18.23 13.311 0.117 240.589
18.24 13.28 0.1169 240.528
18.25 13.249 0.1168 240.466
18.26 13.241 0.1171 240.533
18.27 13.218 0.1174 240.561
18.28 13.187 0.1183 240.669
18.29 13.1715 0.1186 240.716
18.3 13.1692 0.1188 240.78
18.31 13.1701 0.1188 240.819
18.32 13.171 0.1187 240.841
18.33 13.175 0.1185 240.854
18.34 13.171 0.1184 240.863
18.35 13.125 0.1184 240.779
18.36 13.086 0.1184 240.712
18.37 13.067 0.1186 240.732
18.38 13.057 0.1188 240.775
18.39 13.057 0.119 240.846
18.4 13.062 0.1191 240.912
18.41 13.067 0.1194 241.012
18.42 13.074 0.1198 241.134
18.43 13.09 0.1181 240.926
18.44 13.105 0.1164 240.712
18.45 13.14 0.113 240.247
18.46 13.16 0.1064 239.136
18.47 13.202 0.1032 238.674
18.48 13.222 0.1016 238.452
18.49 13.229 0.1065 239.443
18.5 13.245 0.1085 239.891
18.51 13.288 0.1088 240.095
18.52 13.439 0.1092 240.595
18.53 13.59 0.1102 241.202
18.54 13.563 0.1112 241.35
18.55 13.7415 0.1117 241.932
18.56 13.92 0.1122 242.508
18.57 14.23 0.114 243.637
18.58 14.451 0.114 244.215
18.59 14.656 0.1149 244.908
18.6 15.075 0.1158 246.1
18.61 15.211 0.1157 246.438
18.62 15.312 0.1162 246.798
18.63 15.397 0.1167 247.12
18.64 15.544 0.1212 248.276
18.65 15.583 0.123 248.707
18.66 15.726 0.1247 249.356
18.67 15.975 0.1259 250.158
18.68 16.114 0.1272 250.721
18.69 16.23 0.131 251.633
18.7 16.389 0.1295 251.783
18.71 16.556 0.1323 252.637
18.72 16.614 0.1318 252.723
18.73 16.731 0.1346 253.459
18.74 16.874 0.1347 253.823
18.75 17.006 0.1358 254.317
18.76 17.064 0.1369 254.651
18.77 17.165 0.1378 255.044
18.78 17.328 0.1405 255.842
18.79 17.425 0.1419 256.297
18.8 17.491 0.1425 256.564
18.81 17.541 0.1427 256.738
18.82 17.58 0.1424 256.813
18.83 17.557 0.1426 256.832
18.84 17.58 0.1428 256.949
18.85 17.661 0.1437 257.291
18.86 17.696 0.1445 257.522
18.87 17.754 0.1444 257.666
18.88 17.905 0.1443 258.004
18.89 17.956 0.1434 258.013
18.9 18.014 0.1434 258.171
18.91 18.185 0.1437 258.605
18.92 18.251 0.1439 258.808
18.93 18.309 0.1445 259.054
18.94 18.402 0.1445 259.281
18.95 18.472 0.1445 259.461
18.96 18.526 0.1445 259.608
18.97 18.537 0.1445 259.669
18.98 18.534 0.1448 259.745
18.99 18.456 0.145 259.655
19 18.406 0.1464 259.8
19.01 18.282 0.1464 259.585
19.02 18.216 0.1466 259.517
19.03 18.2 0.1463 259.478
19.04 18.204 0.1465 259.554
19.05 18.165 0.1467 259.541
19.06 18.13 0.1465 259.477
19.07 18.103 0.1464 259.445
19.08 18.1046 0.146 259.427
19.09 18.1063 0.1462 259.497
19.1 18.123 0.1464 259.599
19.11 18.212 0.1467 259.864
19.12 18.239 0.1474 260.061
19.13 18.363 0.1468 260.264
19.14 18.417 0.1467 260.397
19.15 18.475 0.1466 260.538
19.16 18.603 0.1462 260.776
19.17 18.848 0.1461 261.291
19.18 18.979 0.1461 261.589
19.19 19.146 0.1466 262.032
19.2 19.243 0.1472 262.35
19.21 19.468 0.1472 262.827
19.22 19.522 0.1476 263.03
19.23 19.522 0.149 263.274
19.24 19.596 0.1505 263.676
19.25 19.728 0.151 264.042
19.26 19.736 0.1515 264.168
19.27 19.798 0.152 264.398
19.28 19.786 0.1521 264.427
19.29 19.751 0.1522 264.412
19.3 19.724 0.1529 264.499
19.31 19.654 0.1537 264.517
19.32 19.569 0.1538 264.404
19.33 19.542 0.1545 264.49
19.34 19.522 0.1549 264.546
19.35 19.534 0.1545 264.55
19.36 19.536 0.1542 264.549
19.37 19.538 0.154 264.563
19.38 19.5455 0.1542 264.644
19.39 19.553 0.1542 264.696
19.4 19.577 0.1541 264.767
19.41 19.643 0.1538 264.89
19.42 19.829 0.1524 265.086
19.43 19.953 0.151 265.158
19.44 20.061 0.1474 264.87
19.45 20.205 0.147 265.121
19.46 20.41 0.1475 265.62
19.47 20.589 0.148 266.067
19.48 20.643 0.1499 266.488
19.49 20.91 0.1487 266.841
19.5 21.128 0.1503 267.516
19.51 21.021 0.1508 267.433
19.52 21.148 0.1558 268.43
19.53 21.275 0.1567 268.829
19.54 21.585 0.1576 269.556
19.55 21.814 0.1584 270.118
19.56 21.984 0.1583 270.445
19.57 22.302 0.1586 271.086
19.58 22.477 0.159 271.487
19.59 22.585 0.1599 271.84
19.6 22.942 0.1602 272.536
19.61 23.012 0.1623 272.99
19.62 23.171 0.1631 273.411
19.63 23.252 0.1639 273.699
19.64 23.334 0.1647 273.987
19.65 23.369 0.1655 274.196
19.66 23.349 0.1658 274.242
19.67 23.508 0.1661 274.59
19.68 23.64 0.1681 275.125
19.69 23.764 0.1703 275.669
19.7 23.904 0.1724 276.223
19.71 23.977 0.1721 276.343
19.72 24.028 0.1743 276.759
19.73 24.004 0.1746 276.797
19.74 24.078 0.1748 276.986
19.75 24.07 0.1756 277.117
19.76 24.084 0.1765 277.297
19.77 24.098 0.1762 277.32
19.78 24.132 0.1769 277.507
19.79 24.26 0.177 277.77
19.8 24.361 0.1771 277.988
19.81 24.532 0.1775 278.36
19.82 24.795 0.1778 278.866
19.83 24.85 0.1777 278.981
19.84 25.02 0.1776 279.281
19.85 25.327 0.1779 279.85
19.86 25.377 0.1783 280.021
19.87 25.404 0.1783 280.104
19.88 25.482 0.1784 280.279
19.89 25.323 0.1782 280.04
19.9 25.098 0.1781 279.706
19.91 24.861 0.1769 279.206
19.92 24.691 0.1737 278.546
19.93 24.454 0.1905 280.344
19.94 24.284 0.0062 210.647
19.95 24.303 0.0062 210.7
19.96 24.257 0.0064 211.229
19.97 24.101 0.0066 211.603
19.98 24.016 0.0068 212.051
19.99 23.849 0.007 212.379
20 23.404 0.007 211.833
