0.02 0.449 0.0001 12.3375
0.03 0.636 0.0001 14.5196
0.04 0.741 0.0001 16.0785
0.05 0.829 0.0002 18.4183
0.06 0.918 0.0004 20.8298
0.07 0.990001 0.0006 22.7336
0.0800001 1.062 0.0013 25.4167
0.0900001 1.112 0.0017 27.034
0.1 1.143 0.0024 28.7614
0.11 1.178 0.0041 31.0137
0.12 1.201 0.0041 31.8616
0.13 1.229 0.0047 33.0604
0.14 1.224 0.0059 34.373
0.15 1.224 0.0075 35.7451
0.16 1.23 0.0071 36.2522
0.17 1.244 0.0071 36.9285
0.18 1.244 0.0076 37.733
0.19 1.25 0.0077 38.3727
0.2 1.26 0.0077 38.9685
0.21 1.25 0.0082 39.6624
0.22 1.25 0.008 40.0962
0.23 1.258 0.0086 40.8773
0.24 1.253 0.0086 41.3401
0.25 1.264 0.0086 41.8646
0.26 1.264 0.0085 42.2824
0.27 1.285 0.0097 43.3031
0.28 1.314 0.0097 43.8839
0.29 1.362 0.0096 44.5052
0.3 1.362 0.0107 45.334
0.31 1.364 0.0118 46.1329
0.32 1.277 0.0118 46.1022
0.33 1.277 0.0125 46.7218
0.34 1.054 0.0145 46.3964
0.35 1.013 0.0145 46.5053
0.36 0.524 0.0088 40.8917
0.37 0.843 0.01 44.5961
0.38 0.893 0.0124 46.1204
0.39 0.875 0.0124 46.3186
0.4 0.977 0.0138 47.816
0.41 1.167 0.0128 49.0851
0.42 1.167 0.0115 48.9767
0.43 1.456 0.0125 51.2484
0.44 1.779 0.0125 53.0867
0.45 1.779 0.0233 56.2601
0.46 2.991 0.0348 63.0727
0.47 5.515 0.0348 69.2952
0.48 5.515 0.0378 70.1832
0.49 5.659 0.0349 70.3801
0.5 5.375 0.0349 70.2537
0.51 5.375 0.0348 70.6246
0.52 3.396 0.0348 66.4639
0.53 3.396 0.0791 71.5409
0.54 1.802 0.1053 67.223
0.55 1.383 0.1053 65.0404
0.56 1.383 0.088 64.3982
0.57 1.228 0.0893 63.6952
0.58 1.029 0.0893 62.395
0.59 1.029 0.0882 62.6276
0.6 0.958 0.0882 62.2764
0.61 0.849 0.0896 61.5651
0.62 0.849 0.0909 61.9182
0.63 0.748 0.0909 61.0701
0.640001 0.664 0.0886 60.1665
0.650001 0.664 0.0799 59.909
0.660001 0.755001 0.0799 61.2869
0.670001 0.853 0.0632 61.4247
0.680001 0.853 0.0427 59.6985
0.690001 0.942 0.0427 60.8041
0.700001 1.125 0.0361 61.7598
0.710001 1.125 0.029 60.8843
0.720001 1.289 0.029 62.331
0.730001 1.342 0.0266 62.4839
0.740001 1.948 0.0241 65.637
0.75 1.948 0.0223 65.4583
0.760001 5.731 0.022 76.6582
0.770001 8.976 0.0199 81.39
0.780001 11.287 0.0122 81.0544
0.790001 12.383 0.0103 81.2818
0.800001 11.354 0.0104 80.6187
0.810001 10.509 0.0124 81.181
0.820001 10.523 0.0216 85.3243
0.830001 10.509 0.0312 88.2552
0.840001 10.509 0.0864 96.3808
0.850001 2.257 0.0863 77.4785
0.860001 1.345 0.1275 74.5286
0.870001 0.925001 0.1359 71.2217
0.880001 0.852 0.1416 70.8493
0.890001 0.828 0.1416 70.7804
0.900001 0.873 0.1431 71.6065
0.910001 0.863 0.1451 71.7906
0.920001 0.914 0.1456 72.6277
0.930001 0.947 0.1455 73.2151
0.940001 1.006 0.1412 73.8904
0.950001 0.913 0.1365 72.8746
0.960001 0.847 0.1195 71.5058
0.970001 0.857 0.1195 71.8334
0.980001 0.867 0.0767 69.5454
0.990001 0.835001 0.0645 68.3727
1 0.788 0.0398 65.3172
1.01 0.748 0.0328 63.9708
1.02 0.682 0.0279 62.4522
1.03 0.696 0.0268 62.5955
1.04 0.642 0.0268 62.0382
1.05 0.581 0.0293 61.7722
1.06 0.581 0.0319 62.3749
1.07 0.538 0.0337 62.1324
1.08 0.512 0.0344 61.9564
1.09 0.475 0.0327 61.1895
1.1 0.452 0.0321 60.8144
1.11 0.435 0.0314 60.5208
1.12 0.419 0.0308 60.2486
1.13 0.418 0.0289 60.0578
1.14 0.418 0.0275 59.9569
1.15 0.428 0.0275 60.3076
1.16 0.446 0.0252 60.3723
1.17 0.463 0.0237 60.5336
1.18 0.463 0.0223 60.3704
1.19 0.449 0.0227 60.3344
1.2 0.429 0.0227 60.0794
1.21 0.426 0.0237 60.3735
1.22 0.426 0.0231 60.3828
1.23 0.41 0.0211 59.7355
1.24 0.416 0.0211 59.9955
1.25 0.435 0.02 60.2486
1.26 0.435 0.0191 60.1513
1.27 0.466 0.0191 60.8842
1.28 0.526 0.0181 61.8135
1.29 0.526 0.0224 63.0557
1.3 0.53 0.0228 63.3534
1.31 0.542 0.0228 63.6935
1.32 0.535 0.0232 63.8012
1.33 0.535 0.0235 64.0036
1.34 0.556 0.0187 63.2792
1.35 0.528 0.0192 63.0784
1.36 0.493 0.0203 62.8775
1.37 0.453 0.0212 62.4677
1.38 0.411 0.0221 61.9371
1.39 0.381 0.0228 61.5474
1.4 0.367 0.0226 61.2936
1.41 0.354 0.0218 60.914
1.42 0.341 0.0218 60.7058
1.43 0.354 0.0211 60.9871
1.44 0.354 0.02 60.8338
1.45 0.301 0.0194 59.3932
1.46 0.288 0.0188 58.9753
1.47 0.288 0.0186 59.0348
1.48 0.291 0.0182 59.1275
1.49 0.324 0.0182 60.1617
1.5 0.378 0.0176 61.4549
1.51 0.471 0.0172 63.4285
1.52 0.471 0.0169 63.452
1.53 0.518 0.0166 64.3485
1.54 0.495 0.0166 64.0449
1.55 0.432 0.0177 63.2515
1.56 0.432 0.0193 63.8226
1.57 0.386 0.0193 62.9079
1.58 0.388 0.0224 63.8524
1.59 0.388 0.0259 64.7418
1.6 0.555 0.0278 68.6888
1.61 0.819 0.0278 72.7734
1.62 1.087 0.0285 76.0892
1.63 1.087 0.0281 76.1299
1.64 1.297 0.0281 78.224
1.65 1.385 0.0281 79.1006
1.66 1.382 0.0267 78.8727
1.67 1.321 0.0255 78.1929
1.68 1.321 0.0227 77.5685
1.69 1.246 0.0227 77.0453
1.7 1.159 0.0194 75.3799
1.71 1.065 0.0158 73.3259
1.72 1.065 0.0124 71.979
1.73 0.958 0.0101 69.8025
1.74 0.849 0.0101 68.7089
1.75 0.849 0.0082 67.6355
1.76 0.753 0.0064 65.2233
1.77 0.664 0.0064 64.1536
1.78 0.583 0.0054 62.1765
1.79 0.583 0.0054 62.2734
1.8 0.5 0.0056 61.1906
1.81 0.408 0.0056 59.5164
1.82 0.408 0.0067 60.5037
1.83 0.333 0.0083 59.9071
1.84 0.273 0.0083 58.3058
1.85 0.224 0.0102 57.7355
1.86 0.224 0.0113 58.3169
1.87 0.176 0.0123 56.8099
1.88 0.192 0.0123 57.6115
1.89 0.192 0.0108 57.0756
1.9 0.275 0.0119 60.6821
1.91 0.342 0.0119 62.7091
1.92 0.476 0.0127 66.2197
1.93 0.476 0.0129 66.4017
1.94 0.849 0.0129 72.2754
1.95 1.51 0.0136 78.9825
1.96 1.51 0.0154 79.9171
1.97 2.214 0.0177 85.5493
1.98 2.454 0.0177 86.9489
1.99 2.393 0.0195 87.4576
2 2.393 0.0212 88.1908
2.01 2.131 0.0212 86.8507
2.02 1.903 0.0235 86.3014
2.03 1.903 0.0247 86.7787
2.04 1.656 0.0255 85.4012
2.05 1.431 0.0255 83.7378
2.06 1.431 0.0231 83.1644
2.07 1.28 0.0201 81.0069
2.08 1.167 0.0201 80.043
2.09 1.097 0.0179 78.6766
2.1 1.097 0.0183 78.9261
2.11 1.007 0.0201 78.6739
2.12 0.967 0.0201 78.3189
2.13 0.994 0.0216 79.2059
2.14 0.994 0.0255 80.412
2.15 1.097 0.0255 81.6676
2.16 1.162 0.0285 83.2202
2.17 1.162 0.0275 83.0799
2.18 1.217 0.0285 83.9912
2.19 1.272 0.0285 84.6351
2.2 1.33 0.0296 85.5574
2.21 1.33 0.0292 85.5684
2.22 1.441 0.0305 86.9852
2.23 1.625 0.0305 88.6142
2.24 1.625 0.0308 88.7968
2.25 1.862 0.0303 90.5436
2.26 2.048 0.0303 91.9068
2.27 2.12 0.0276 91.7633
2.28 2.12 0.0238 90.7501
2.29 2.059 0.0205 89.3628
2.3 1.888 0.0205 88.3609
2.31 1.888 0.0168 87.0146
2.32 1.729 0.0134 84.4192
2.33 1.625 0.0134 83.7685
2.34 1.578 0.0119 82.6938
2.35 1.578 0.0118 82.7338
2.36 1.552 0.0128 83.1947
2.37 1.552 0.0128 83.2926
2.38 1.403 0.0128 82.1869
2.39 1.36 0.0131 82.0728
2.4 1.26 0.0126 81.0067
2.41 1.229 0.013 81.0204
2.42 1.185 0.0153 81.79
2.43 1.131 0.0165 81.8483
2.44 1.088 0.0172 81.7679
2.45 0.973 0.0172 80.5546
2.46 0.882 0.0175 79.6281
2.47 0.882 0.0172 79.6033
2.48 0.808 0.0168 78.5396
2.49 0.771 0.016 77.7821
2.5 0.744 0.016 77.4702
2.51 0.747 0.016 77.6011
2.52 0.760001 0.0164 78.0404
2.53 0.760001 0.0177 78.6238
2.54 0.849 0.0194 80.5878
2.55 0.943 0.021 82.4469
2.56 1.03 0.022 83.9164
2.57 1.054 0.022 84.2865
2.58 1.054 0.0216 84.2488
2.59 0.985001 0.0186 82.4885
2.6 0.823 0.0186 80.4677
2.61 0.823 0.0156 79.3834
2.62 0.640001 0.0145 76.1766
2.63 0.513 0.0145 73.8666
2.64 0.513 0.014 73.729
2.65 0.436 0.0127 71.5159
2.66 0.519 0.0127 73.4101
2.67 0.519 0.0116 72.9348
2.68 0.731 0.0138 77.8182
2.69 1.001 0.0138 81.506
2.7 1.001 0.0191 83.8265
2.71 1.237 0.0216 87.3999
2.72 1.467 0.0216 89.6645
2.73 1.467 0.0232 90.2913
2.74 1.933 0.0265 95.092
2.75 2.444 0.0265 98.4584
2.76 2.444 0.0268 98.6502
2.77 2.487 0.0253 98.5245
2.78 2.128 0.0253 96.4339
2.79 2.128 0.0219 95.3781
2.8 1.95 0.0181 92.7965
2.81 1.727 0.0181 91.2782
2.82 1.663 0.0149 89.4138
2.83 1.663 0.0139 88.986
2.84 1.689 0.0139 89.2725
2.85 1.712 0.0159 90.5411
2.86 1.712 0.0185 91.7785
2.87 1.689 0.0185 91.6888
2.88 1.689 0.0185 91.7775
2.89 1.678 0.0178 91.4856
2.9 1.626 0.0178 91.1593
2.91 1.626 0.0178 91.2466
2.92 1.576 0.0183 91.1336
2.93 1.744 0.0183 92.5605
2.94 1.744 0.0185 92.7321
2.95 2.508 0.0185 97.8048
2.96 3.635 0.0207 104.241
2.97 3.635 0.0246 105.848
2.98 4.696 0.0246 109.927
2.99 5.447 0.0223 111.491
3 5.447 0.0233 112.003
3.01 5.736 0.0233 112.944
3.02 5.83 0.023 113.191
3.03 5.83 0.022 112.877
3.04 5.702 0.022 112.62
3.05 5.476 0.0167 109.527
3.06 5.476 0.0169 109.736
3.07 5.233 0.0169 109.12
3.08 4.977 0.0193 109.637
3.09 4.977 0.0214 110.683
3.1 4.67 0.0214 109.771
3.11 4.318 0.0238 109.602
3.12 4.318 0.0262 110.58
3.13 3.958 0.0262 109.3
3.14 3.617 0.0291 108.934
3.15 3.617 0.0313 109.693
3.16 3.325 0.0313 108.467
3.17 3.054 0.0327 107.633
3.18 3.054 0.0338 108.024
3.19 2.781 0.0343 106.8
3.2 2.49 0.0343 105.206
3.21 2.49 0.0346 105.373
3.22 2.207 0.035 103.747
3.23 1.984 0.035 102.256
3.24 1.984 0.0349 102.32
3.25 1.815 0.0348 101.079
3.26 1.688 0.0348 100.114
3.27 1.688 0.0344 100.103
3.28 1.583 0.0335 99.0467
3.29 1.496 0.0335 98.3269
3.3 1.496 0.0308 97.7243
3.31 1.442 0.0308 97.2901
3.32 1.42 0.0273 96.1862
3.33 1.42 0.0242 95.306
3.34 1.456 0.0242 95.73
3.35 1.558 0.0219 95.9478
3.36 1.558 0.0197 95.1852
3.37 1.817 0.0197 97.397
3.38 2.424 0.018 100.848
3.39 2.424 0.0182 101.024
3.4 3.362 0.0182 105.983
3.41 3.363 0.0211 107.387
3.42 3.939 0.0198 109.369
3.43 4.494 0.0197 111.509
3.44 4.747 0.0195 112.387
3.45 4.958 0.0191 112.989
3.46 5.163 0.0188 113.592
3.47 5.449 0.0188 114.57
3.48 5.821 0.0193 116.01
3.49 6.213 0.0199 117.496
3.5 6.213 0.0203 117.784
3.51 6.522 0.0206 118.85
3.52 6.763 0.021 119.758
3.53 6.965 0.021 120.362
3.54 7.175 0.022 121.442
3.55 7.175 0.0226 121.81
3.56 7.466 0.0232 122.872
3.57 7.832 0.0232 123.819
3.58 7.832 0.0247 124.563
3.59 8.15 0.0266 126.151
3.6 8.348 0.0266 126.686
3.61 8.348 0.0289 127.661
3.62 8.389 0.0321 128.972
3.63 8.355 0.0321 128.995
3.64 8.355 0.036 130.331
3.65 8.485 0.0397 131.789
3.66 8.866 0.0397 132.727
3.67 8.866 0.0422 133.504
3.68 9.391 0.0422 134.716
3.69 9.854 0.0442 136.28
3.7 9.854 0.046 136.836
3.71 10.159 0.046 137.541
3.72 10.371 0.0477 138.471
3.73 10.371 0.0498 139.072
3.74 10.653 0.0498 139.715
3.75 10.974 0.052 140.923
3.76 10.974 0.0531 141.273
3.77 11.335 0.0531 142.038
3.78 11.545 0.0545 142.828
3.79 11.545 0.0564 143.341
3.8 11.684 0.0564 143.694
3.81 11.684 0.0587 144.278
3.82 11.721 0.0612 144.951
3.83 11.668 0.0612 144.961
3.84 11.668 0.0637 145.551
3.85 11.545 0.0664 145.937
3.86 11.4 0.0664 145.777
3.87 11.4 0.0692 146.384
3.88 11.207 0.0692 146.129
3.89 11.027 0.0716 146.307
3.9 11.027 0.0737 146.764
3.91 10.87 0.0737 146.566
3.92 10.721 0.075 146.592
3.93 10.721 0.075 146.696
3.94 10.535 0.075 146.43
3.95 10.535 0.0751 146.55
3.96 10.268 0.0752 146.128
3.97 9.921 0.0752 145.508
3.98 9.921 0.0755 145.658
3.99 9.485 0.0761 144.915
4 8.989 0.0761 143.898
4.01 8.989 0.0763 144.03
4.02 8.454 0.0763 142.862
4.03 7.888 0.0761 141.51
4.04 7.888 0.076 141.592
4.05 7.358 0.076 140.277
4.06 6.881 0.0754 138.934
4.07 6.881 0.075 138.967
4.08 6.372 0.075 137.532
4.09 6.372 0.0737 137.425
4.1 5.873 0.0711 135.507
4.11 5.404 0.0711 133.984
4.12 5.404 0.0682 133.611
4.13 5.04 0.0645 131.752
4.14 4.789 0.0645 130.874
4.15 4.789 0.0607 130.302
4.16 4.715 0.0571 129.437
4.17 4.859 0.0571 130.086
4.18 4.859 0.053 129.368
4.19 5.257 0.053 130.93
4.2 6.04 0.0476 132.473
4.21 6.04 0.0429 131.419
4.22 6.991 0.0429 134.304
4.23 7.909 0.0412 136.342
4.24 7.909 0.0388 135.752
4.25 8.61 0.0385 137.423
4.26 9.169 0.0385 138.765
4.27 9.169 0.0408 139.527
4.28 9.461 0.0409 140.278
4.29 9.536 0.0409 140.529
4.3 9.536 0.0365 139.294
4.31 7.777 0.0265 131.793
4.32 8.697 0.0253 133.503
4.33 8.714 0.0277 134.638
4.34 8.774 0.0304 135.905
4.35 8.834 0.0339 137.365
4.36 8.919 0.0371 138.68
4.37 9.078 0.0396 139.878
4.38 9.343 0.0396 140.548
4.39 9.642 0.042 141.97
4.4 9.916 0.0439 143.16
4.41 9.916 0.0465 143.938
4.42 10.13 0.0483 144.93
4.43 10.302 0.0483 145.373
4.44 10.444 0.0503 146.244
4.45 10.444 0.0525 146.857
4.46 10.569 0.0519 147.06
4.47 10.665 0.0519 147.344
4.48 10.665 0.0519 147.435
4.49 10.709 0.0527 147.802
4.5 10.697 0.0527 147.87
4.51 10.651 0.0538 148.124
4.52 10.651 0.055 148.487
4.53 10.612 0.055 148.5
4.54 10.509 0.0558 148.561
4.55 10.509 0.0565 148.806
4.56 10.369 0.0565 148.61
4.57 10.222 0.057 148.503
4.58 10.222 0.0572 148.637
4.59 10.039 0.0569 148.276
4.6 9.94 0.0569 148.154
4.61 9.793 0.0556 147.642
4.62 9.793 0.0542 147.417
4.63 9.598 0.0542 147.08
4.64 9.598 0.0536 147.031
4.65 9.321 0.0538 146.546
4.66 9.94 0.0538 147.997
4.67 9.94 0.0536 148.04
4.68 8.858 0.0533 145.622
4.69 8.663 0.0533 145.242
4.7 8.663 0.053 145.26
4.71 8.471 0.0529 144.854
4.72 8.254 0.0529 144.399
4.73 8.254 0.0527 144.439
4.74 8.015 0.0527 143.913
4.75 7.791 0.0527 143.411
4.76 7.791 0.0529 143.54
4.77 7.553 0.053 143.006
4.78 7.309 0.053 142.414
4.79 7.309 0.0535 142.609
4.8 7.107 0.0535 142.117
4.81 6.977 0.0545 142.04
4.82 6.977 0.0554 142.316
4.83 6.84 0.0554 141.992
4.84 6.705 0.0563 141.856
4.85 6.705 0.0568 142.042
4.86 6.526 0.0568 141.571
4.87 6.3 0.0576 141.099
4.88 6.3 0.0581 141.281
4.89 6.059 0.0581 140.569
4.9 5.784 0.0584 139.772
4.91 5.784 0.0582 139.811
4.92 5.237 0.0582 137.903
4.93 4.939 0.0592 137.016
4.94 4.939 0.0603 137.303
4.95 4.657 0.0603 136.222
4.96 4.394 0.06 135.106
4.97 4.394 0.0591 135.012
4.98 4.205 0.0574 133.91
4.99 4.047 0.0574 133.247
5 4.047 0.0564 133.127
5.01 3.947 0.0559 132.623
5.02 4.047 0.0559 133.176
5.03 4.047 0.0559 133.25
5.04 4.165 0.0564 133.975
5.05 4.616 0.0581 136.385
5.06 5.163 0.0581 138.678
5.07 5.163 0.0568 138.494
5.08 5.787 0.0541 140.295
5.09 6.298 0.0541 142.093
5.1 6.577 0.0515 142.476
5.11 6.577 0.0506 142.344
5.12 6.842 0.0494 142.948
5.13 6.982 0.0494 143.444
5.14 7.056 0.0478 143.346
5.15 7.056 0.0466 143.121
5.16 7.083 0.0466 143.277
5.17 6.987 0.0464 143.021
5.18 6.987 0.0468 143.2
5.19 6.777 0.0482 142.999
5.2 6.681 0.0482 142.782
5.21 6.577 0.0505 143.09
5.22 6.577 0.051 143.284
5.23 6.5 0.0497 142.81
5.24 6.433 0.0497 142.673
5.25 6.433 0.0483 142.409
5.26 6.394 0.0478 142.237
5.27 6.351 0.0478 142.174
5.28 6.276 0.0473 141.881
5.29 6.276 0.0466 141.78
5.3 6.196 0.0456 141.337
5.31 6.066 0.0456 140.98
5.32 5.917 0.0442 140.186
5.33 5.917 0.0429 139.911
5.34 5.748 0.0429 139.401
5.35 5.568 0.0422 138.646
5.36 5.568 0.0418 138.608
5.37 5.425 0.0418 138.161
5.38 5.317 0.0418 137.833
5.39 5.245 0.0417 137.606
5.4 4.713 0.0416 135.546
5.41 4.951 0.035 134.632
5.42 5.023 0.0349 134.95
5.43 5.122 0.0349 135.399
5.44 5.201 0.0348 135.735
5.45 5.368 0.0343 136.259
5.46 5.368 0.0337 136.129
5.47 5.577 0.0332 136.779
5.48 5.876 0.0332 137.881
5.49 5.876 0.0328 137.812
5.5 6.276 0.0322 138.982
5.51 6.823 0.0322 140.736
5.52 6.823 0.0319 140.697
5.53 7.526 0.0317 142.695
5.54 7.526 0.0317 142.767
5.55 8.237 0.0312 144.516
5.56 8.777 0.0318 146.148
5.57 9.148 0.0318 147.095
5.58 9.427 0.0332 148.337
5.59 9.427 0.0348 148.994
5.6 9.699 0.0366 150.309
5.61 9.943 0.0366 150.922
5.62 10.121 0.0391 152.218
5.63 10.121 0.0419 153.172
5.64 10.246 0.0419 153.519
5.65 10.357 0.0448 154.692
5.66 10.357 0.0478 155.605
5.67 10.497 0.0501 156.594
5.68 10.675 0.0501 157.05
5.69 10.675 0.0517 157.538
5.7 10.906 0.0532 158.479
5.71 11.142 0.0532 159.045
5.72 11.142 0.0543 159.394
5.73 11.39 0.0552 160.197
5.74 11.733 0.0552 160.961
5.75 12.137 0.0564 162.115
5.76 12.137 0.0575 162.455
5.77 12.549 0.0575 163.316
5.78 13.058 0.0584 164.545
5.79 13.058 0.0583 164.601
5.8 13.742 0.0583 165.895
5.81 14.33 0.0582 166.955
5.82 14.33 0.059 167.225
5.83 14.681 0.0601 168.147
5.84 14.898 0.0601 168.583
5.85 14.898 0.0617 169.032
5.86 15.033 0.0646 169.981
5.87 15.024 0.0646 170.047
5.88 14.956 0.0678 170.701
5.89 14.956 0.0708 171.398
5.9 14.874 0.0708 171.343
5.91 14.802 0.0736 171.858
5.92 14.802 0.0757 172.342
5.93 14.826 0.0757 172.463
5.94 14.787 0.0777 172.853
5.95 14.787 0.0789 173.154
5.96 14.628 0.079 172.984
5.97 14.628 0.079 173.065
5.98 14.628 0.078 172.962
5.99 14.515 0.0772 172.701
6 14.342 0.0772 172.483
6.01 14.164 0.0757 171.972
6.02 14.164 0.0746 171.842
6.03 13.983 0.0746 171.603
6.04 13.744 0.0737 171.083
6.05 13.744 0.0734 171.104
6.06 13.525 0.0734 170.787
6.07 13.332 0.0737 170.57
6.08 13.332 0.0741 170.725
6.09 13.209 0.074 170.556
6.1 13.195 0.074 170.608
6.11 13.195 0.0742 170.724
6.12 13.19 0.073 170.561
6.13 13.111 0.073 170.49
6.14 13.111 0.0727 170.509
6.15 12.976 0.0719 170.176
6.16 12.785 0.0719 169.889
6.17 12.976 0.0719 170.329
6.18 12.976 0.0717 170.366
6.19 12.463 0.0717 169.456
6.2 12.357 0.0713 169.245
6.21 12.357 0.0705 169.162
6.22 12.265 0.0699 168.935
6.23 12.178 0.0699 168.838
6.24 12.178 0.0691 168.751
6.25 12.152 0.0693 168.815
6.26 12.13 0.0693 168.846
6.27 12.13 0.0692 168.901
6.28 12.087 0.0694 168.93
6.29 12.017 0.0694 168.863
6.3 12.017 0.069 168.856
6.31 11.928 0.0691 168.77
6.32 11.834 0.0691 168.652
6.33 11.699 0.0698 168.589
6.34 11.699 0.0707 168.843
6.35 11.607 0.0707 168.725
6.36 11.612 0.0717 169.007
6.37 10.434 0.0873 169.246
6.38 11.099 0.0728 168.271
6.39 11.55 0.0718 169.118
6.4 11.87 0.072 169.897
6.41 12.046 0.0714 170.213
6.42 12.185 0.0707 170.429
6.43 12.222 0.0707 170.577
6.44 12.145 0.0713 170.616
6.45 12.031 0.0724 170.675
6.46 11.836 0.0743 170.714
6.47 11.836 0.0759 171.091
6.48 11.634 0.0776 171.056
6.49 11.504 0.0776 170.852
6.5 11.379 0.0791 170.929
6.51 11.318 0.0806 171.137
6.52 11.318 0.0817 171.403
6.53 11.265 0.0807 171.185
6.54 11.258 0.0807 171.242
6.55 11.258 0.0801 171.209
6.56 11.256 0.0785 170.99
6.57 11.282 0.0785 171.119
6.58 11.282 0.0769 170.898
6.59 11.27 0.0742 170.437
6.6 11.099 0.0742 170.133
6.61 11.099 0.0705 169.482
6.62 10.899 0.0682 168.644
6.63 10.69 0.0682 168.245
6.64 10.69 0.0654 167.73
6.65 10.502 0.0654 167.372
6.66 10.306 0.0636 166.601
6.67 10.306 0.062 166.317
6.68 10.118 0.062 165.946
6.69 10.118 0.0616 165.925
6.7 9.979 0.0613 165.597
6.71 9.906 0.0613 165.49
6.72 9.906 0.0611 165.514
6.73 9.928 0.0611 165.635
6.74 10.09 0.062 166.293
6.75 10.09 0.0613 166.204
6.76 10.429 0.0613 167.065
6.77 10.796 0.0602 167.716
6.78 10.796 0.0589 167.48
6.79 11.309 0.0589 168.673
6.8 11.309 0.0591 168.789
6.81 12.07 0.0583 170.256
6.82 12.831 0.0583 171.832
6.83 12.831 0.0574 171.679
6.84 13.607 0.0567 173.031
6.85 14.39 0.0567 174.501
6.86 14.39 0.0582 174.952
6.87 14.951 0.0582 175.989
6.88 15.086 0.0556 175.619
6.89 15.086 0.051 174.432
6.9 15.004 0.051 174.366
6.91 15.004 0.0514 174.55
6.92 14.975 0.0546 175.451
6.93 14.99 0.0546 175.546
6.94 14.99 0.0581 176.527
6.95 15.019 0.0621 177.628
6.96 15.033 0.0621 177.723
6.97 15.033 0.0647 178.401
6.98 15.052 0.0647 178.505
6.99 15.057 0.0673 179.171
7 15.057 0.0729 180.438
7.01 15.048 0.0729 180.494
7.02 15.096 0.0779 181.648
7.03 15.096 0.081 182.311
7.04 15.168 0.081 182.508
7.05 15.318 0.0807 182.783
7.06 15.318 0.0794 182.608
7.07 15.491 0.0794 182.976
7.08 15.688 0.078 183.11
7.09 15.688 0.0764 182.866
7.1 15.828 0.0764 183.172
7.11 15.925 0.0751 183.143
7.12 15.925 0.074 182.99
7.13 15.968 0.074 183.132
7.14 15.939 0.074 183.156
7.15 15.939 0.0747 183.371
7.16 15.905 0.0747 183.385
7.17 15.876 0.0755 183.571
7.18 15.876 0.0762 183.783
7.19 15.867 0.0762 183.839
7.2 15.746 0.078 184.065
7.21 15.746 0.0796 184.447
7.22 15.578 0.0796 184.234
7.23 15.486 0.0817 184.547
7.24 15.486 0.0828 184.823
7.25 15.322 0.0842 184.869
7.26 15.211 0.0842 184.746
7.27 15.211 0.0848 184.926
7.28 15.096 0.0854 184.903
7.29 14.966 0.0854 184.743
7.3 14.797 0.0856 184.548
7.31 14.797 0.086 184.69
7.32 14.652 0.0866 184.605
7.33 11.569 0.0368 166.23
7.34 13.706 0.0829 182.314
7.35 13.865 0.0824 182.594
7.36 13.886 0.0813 182.499
7.37 13.886 0.0800001 182.323
7.38 13.816 0.0802 182.297
7.39 13.706 0.0802 182.156
7.4 13.559 0.0801 181.923
7.41 13.559 0.0799 181.953
7.42 13.417 0.0799 181.746
7.43 13.417 0.0794 181.719
7.44 13.253 0.0778 181.158
7.45 13.152 0.0778 181.026
7.46 13.152 0.0758 180.702
7.47 13.099 0.0758 180.664
7.48 13.135 0.0748 180.603
7.49 13.135 0.0725 180.201
7.5 13.279 0.0725 180.551
7.51 13.279 0.0696 180.006
7.52 13.527 0.0665 179.87
7.53 13.85 0.0665 180.549
7.54 13.85 0.0641 180.064
7.55 14.412 0.0641 181.165
7.56 15.086 0.0611 181.702
7.57 15.086 0.0586 181.138
7.58 15.558 0.0586 182.01
7.59 15.775 0.0579 182.258
7.6 15.775 0.06 182.866
7.61 15.857 0.06 183.07
7.62 15.857 0.0638 184.075
7.63 15.978 0.0686 185.46
7.64 16.151 0.0686 185.815
7.65 16.151 0.0751 187.288
7.66 16.358 0.0802 188.729
7.67 16.546 0.0802 189.108
7.68 16.546 0.0854 190.168
7.69 16.686 0.0912 191.512
7.7 16.835 0.0912 191.827
7.71 16.835 0.0963 192.766
7.72 17.062 0.1004 193.88
7.73 17.235 0.1004 194.231
7.74 17.235 0.1041 194.887
7.75 17.37 0.1087 195.88
7.76 17.568 0.1087 196.27
7.77 17.568 0.1118 196.8
7.78 17.722 0.1127 197.25
7.79 17.775 0.1127 197.405
7.8 17.775 0.1141 197.678
7.81 17.727 0.1141 197.672
7.82 17.515 0.1159 197.657
7.83 17.515 0.1168 197.855
7.84 17.279 0.1168 197.538
7.85 17.119 0.118 197.512
7.86 17.119 0.1175 197.512
7.87 16.96 0.1175 197.317
7.88 16.96 0.1158 197.147
7.89 16.806 0.1135 196.629
7.9 16.71 0.1135 196.536
7.91 16.71 0.112 196.388
7.92 16.628 0.1112 196.201
7.93 16.565 0.1112 196.162
7.94 16.565 0.1107 196.157
7.95 16.435 0.1097 195.856
7.96 16.267 0.1097 195.634
7.97 16.267 0.1091 195.613
7.98 16.031 0.1091 195.27
7.99 15.766 0.1092 194.885
8 15.766 0.1092 194.953
8.01 15.592 0.1092 194.709
8.02 15.356 0.1102 194.497
8.03 15.356 0.1108 194.652
8.04 15.134 0.1108 194.311
8.05 14.845 0.1119 193.999
8.06 14.845 0.1134 194.281
8.07 14.467 0.1134 193.628
8.08 14.467 0.1139 193.765
8.09 13.966 0.1164 193.199
8.1 13.344 0.1164 192.002
8.11 13.344 0.1184 192.34
8.12 12.672 0.1194 191.113
8.13 11.986 0.1194 189.653
8.14 11.986 0.1191 189.678
8.15 11.311 0.1191 188.165
8.16 10.673 0.1197 186.74
8.17 10.673 0.1198 186.817
8.18 11.311 0.1198 188.45
8.19 11.311 0.1197 188.5
8.2 9.629 0.119 184.153
8.21 9.379 0.119 183.519
8.22 9.379 0.1186 183.53
8.23 9.509 0.116 183.617
8.24 9.509 0.116 183.679
8.25 9.955 0.1129 184.542
8.26 10.398 0.1129 185.765
8.27 10.926 0.1164 187.633
8.28 10.926 0.1158 187.616
8.29 11.872 0.1158 189.936
8.3 13.017 0.1118 191.974
8.31 13.017 0.1069 191.323
8.32 13.783 0.1069 192.969
8.33 14.151 0.1029 193.154
8.34 14.151 0.0999 192.743
8.35 12.588 0.1165 192.025
8.36 13.123 0.0989 190.629
8.37 13.231 0.0983 190.821
8.38 13.009 0.0988 190.5
8.39 12.952 0.0992 190.507
8.4 13 0.099 190.639
8.41 13.13 0.099 190.976
8.42 13.13 0.1009 191.341
8.43 13.226 0.1009 191.605
8.44 13.53 0.1022 192.502
8.45 13.53 0.1023 192.581
8.46 14.094 0.1024 193.796
8.47 14.402 0.1024 194.464
8.48 14.402 0.1038 194.748
8.49 14.686 0.105 195.547
8.5 14.995 0.105 196.198
8.51 14.995 0.1041 196.122
8.52 15.221 0.1041 196.609
8.53 15.332 0.1041 196.879
8.54 15.332 0.1067 197.348
8.55 15.409 0.1067 197.555
8.56 15.592 0.1091 198.322
8.57 15.592 0.1112 198.701
8.58 15.838 0.1112 199.214
8.59 15.838 0.1128 199.516
8.6 16.17 0.114 200.354
8.61 16.57 0.114 201.125
8.62 16.57 0.1158 201.452
8.63 16.821 0.1156 201.925
8.64 17.009 0.1156 202.313
8.65 17.009 0.1162 202.466
8.66 17.235 0.1162 202.916
8.67 17.486 0.1158 203.346
8.68 17.486 0.1171 203.6
8.69 17.698 0.1171 204.019
8.7 17.919 0.1191 204.737
8.71 17.919 0.1213 205.115
8.72 18.334 0.1213 205.858
8.73 18.893 0.1232 207.084
8.74 18.893 0.1238 207.233
8.75 19.587 0.1238 208.379
8.76 20.165 0.1255 209.558
8.77 20.165 0.1284 210.023
8.78 20.541 0.1284 210.649
8.79 20.945 0.1309 211.647
8.8 20.945 0.1356 212.336
8.81 21.335 0.1356 212.968
8.82 21.668 0.1399 214.066
8.83 21.668 0.144 214.649
8.84 21.933 0.144 215.093
8.85 21.895 0.1503 215.874
8.86 21.895 0.1572 216.75
8.87 21.895 0.1572 216.818
8.88 21.866 0.1637 217.577
8.89 21.866 0.17 218.33
8.9 21.793 0.17 218.293
8.91 21.678 0.1761 218.836
8.92 21.678 0.1808 219.384
8.93 21.769 0.1855 220.054
8.94 21.731 0.1855 220.067
8.95 21.731 0.1872 220.303
8.96 21.866 0.1886 220.705
8.97 21.948 0.1886 220.892
8.98 22.073 0.1867 220.955
8.99 22.073 0.1846 220.816
9 22.15 0.1831 220.845
9.01 22.005 0.1831 220.704
9.02 21.87 0.1822 220.486
9.03 21.87 0.1817 220.504
9.04 21.803 0.1825 220.555
9.05 21.851 0.1825 220.692
9.06 21.851 0.1824 220.75
9.07 21.923 0.1828 220.963
9.08 21.851 0.1828 220.926
9.09 21.755 0.1843 221.003
9.1 21.755 0.1859 221.23
9.11 21.605 0.1859 221.077
9.12 21.466 0.1889 221.234
9.13 21.466 0.1905 221.456
9.14 21.186 0.1932 221.364
9.15 20.825 0.1932 220.884
9.16 20.825 0.1952 221.141
9.17 20.434 0.1951 220.596
9.18 20.247 0.1951 220.371
9.19 20.247 0.1951 220.437
9.2 19.991 0.195 220.091
9.21 19.813 0.195 219.874
9.22 19.635 0.1935 219.514
9.23 19.635 0.1917 219.409
9.24 19.509 0.1898 219.09
9.25 19.394 0.1898 218.969
9.26 19.394 0.1873 218.794
9.27 19.322 0.1855 218.567
9.28 19.177 0.1855 218.395
9.29 18.946 0.1823 217.764
9.3 17.524 0.1952 216.624
9.31 17.799 0.1822 215.934
9.32 17.765 0.1796 215.681
9.33 17.635 0.1778 215.336
9.34 17.635 0.2128 218.645
9.35 17.635 0.1774 215.424
9.36 16.705 0.1781 213.884
9.37 16.575 0.1755 213.445
9.38 16.378 0.1748 213.07
9.39 16.238 0.1737 212.759
9.4 16.257 0.1687 212.341
9.41 16.334 0.166 212.263
9.42 16.455 0.166 212.551
9.43 16.455 0.1635 212.346
9.44 16.638 0.1611 212.485
9.45 16.705 0.1611 212.671
9.46 16.402 0.1538 211.356
9.47 16.402 0.1456 210.457
9.48 15.915 0.1456 209.607
9.49 15.182 0.1383 207.36
9.5 15.182 0.1306 206.435
9.51 14.207 0.1306 204.531
9.52 14.207 0.1252 203.873
9.53 13.407 0.1214 201.72
9.54 12.891 0.1214 200.641
9.55 12.891 0.119 200.367
9.56 12.675 0.1175 199.727
9.57 12.785 0.1175 200.034
9.58 12.785 0.1164 199.935
9.59 13.166 0.1164 200.841
9.6 13.814 0.1168 202.352
9.61 13.814 0.1165 202.367
9.62 14.566 0.1165 203.976
9.63 15.221 0.116 205.258
9.64 15.221 0.1105 204.489
9.65 15.549 0.1105 205.177
9.66 15.79 0.1074 205.205
9.67 15.79 0.1048 204.846
9.68 15.954 0.1048 205.21
9.69 15.954 0.1069 205.608
9.7 16.031 0.1093 206.19
9.71 16.05 0.1093 206.284
9.72 16.05 0.1128 206.885
9.73 16.084 0.1176 207.726
9.74 16.108 0.1176 207.83
9.75 16.108 0.1213 208.426
9.76 16.18 0.1242 209.03
9.77 16.373 0.1242 209.447
9.78 16.373 0.1289 210.155
9.79 16.373 0.1289 210.215
9.8 16.373 0.1331 210.836
9.81 16.373 0.1358 211.248
9.82 16.811 0.1358 212.113
9.83 17.033 0.1349 212.457
9.84 17.033 0.132 212.133
9.85 17.158 0.132 212.416
9.86 17.148 0.1298 212.162
9.87 17.148 0.1286 212.057
9.88 17.201 0.1286 212.211
9.89 17.148 0.129 212.232
9.9 17.148 0.1308 212.536
9.91 16.975 0.1308 212.286
9.92 16.975 0.1312 212.399
9.93 16.773 0.1353 212.636
9.94 16.609 0.1353 212.395
9.95 16.609 0.137 212.675
9.96 16.734 0.1399 213.336
9.97 17.211 0.1399 214.261
9.98 17.211 0.1403 214.372
9.99 17.982 0.1384 215.544
10 18.705 0.1384 216.831
10.01 18.705 0.1348 216.417
10.02 19.22 0.131 216.809
10.03 19.678 0.131 217.605
10.04 19.678 0.1275 217.176
10.05 19.938 0.1256 217.375
10.06 20.035 0.1256 217.587
10.07 20.035 0.1243 217.459
10.08 19.977 0.1268 217.789
10.09 19.813 0.1268 217.591
10.1 19.813 0.1303 218.144
10.11 19.673 0.1375 218.959
10.12 19.355 0.1375 218.506
10.13 19.355 0.1419 219.139
10.14 18.941 0.1467 219.124
10.15 18.782 0.1467 218.918
10.16 18.782 0.1495 219.323
10.17 18.661 0.1526 219.553
10.18 18.623 0.1526 219.549
10.19 18.623 0.1528 219.632
10.2 18.613 0.1528 219.675
10.21 18.589 0.1525 219.658
10.22 18.589 0.1516 219.61
10.23 18.623 0.1516 219.728
10.24 18.628 0.151 219.723
10.25 18.628 0.1471 219.305
10.26 18.743 0.1471 219.559
10.27 18.743 0.1483 219.767
10.28 18.806 0.1444 219.446
10.29 18.801 0.1444 219.496
10.3 18.801 0.1436 219.454
10.31 18.825 0.1432 219.503
10.32 18.816 0.1432 219.547
10.33 18.816 0.1456 219.91
10.34 17.808 0.1441 218.044
10.35 18.459 0.1438 219.195
10.36 18.714 0.1428 219.56
10.37 18.849 0.1414 219.666
10.38 18.849 0.1422 219.828
10.39 19.081 0.1427 220.339
10.4 19.143 0.1427 220.501
10.41 19.143 0.1445 220.79
10.42 19.129 0.1445 220.826
10.43 19.052 0.1474 221.122
10.44 19.052 0.1513 221.662
10.45 19.023 0.154 221.999
10.46 19.076 0.154 222.147
10.47 19.076 0.1557 222.409
10.48 19.206 0.1578 222.934
10.49 19.268 0.1578 223.096
10.5 19.268 0.1577 223.144
10.51 19.389 0.1577 223.404
10.52 19.529 0.1581 223.742
10.53 19.529 0.1568 223.647
10.54 19.717 0.1568 224.015
10.55 19.717 0.1556 223.931
10.56 19.909 0.1558 224.327
10.57 20.155 0.1558 224.783
10.58 20.155 0.1561 224.878
10.59 20.43 0.1558 225.341
10.6 20.555 0.1558 225.598
10.61 20.555 0.1562 225.705
10.62 20.637 0.1581 226.121
10.63 20.748 0.1581 226.355
10.64 20.748 0.1597 226.604
10.65 20.791 0.1597 226.731
10.66 20.839 0.1625 227.193
10.67 20.839 0.1651 227.553
10.68 20.854 0.1651 227.636
10.69 20.82 0.1663 227.779
10.7 20.82 0.1682 228.053
10.71 20.781 0.1682 228.051
10.72 20.753 0.17 228.268
10.73 20.753 0.1703 228.361
10.74 20.651 0.1703 228.258
10.75 20.593 0.1704 228.236
10.76 20.593 0.1698 228.228
10.77 20.593 0.1698 228.287
10.78 20.497 0.1697 228.181
10.79 20.497 0.1689 228.15
10.8 20.512 0.1689 228.233
10.81 20.497 0.1683 228.2
10.82 20.497 0.1675 228.168
10.83 20.526 0.1675 228.273
10.84 20.526 0.1661 228.172
10.85 20.536 0.1656 228.189
10.86 20.507 0.1656 228.201
10.87 20.507 0.1647 228.156
10.88 20.516 0.1657 228.344
10.89 20.502 0.1657 228.38
10.9 20.502 0.1664 228.518
10.91 20.507 0.166 228.539
10.92 20.613 0.166 228.767
10.93 20.613 0.1656 228.779
10.94 20.753 0.1644 228.922
10.95 20.989 0.1644 229.353
10.96 20.989 0.164 229.365
10.97 21.234 0.1637 229.772
10.98 21.495 0.1637 230.235
10.99 21.755 0.1644 230.774
11 21.755 0.1642 230.809
11.01 22.068 0.1642 231.343
11.02 22.352 0.1636 231.757
11.03 22.352 0.1641 231.874
11.04 22.593 0.1641 232.291
11.05 22.771 0.1659 232.824
11.06 22.771 0.1678 233.103
11.07 22.877 0.1678 233.317
11.08 22.916 0.1706 233.755
11.09 22.916 0.1728 234.063
11.1 22.892 0.1747 234.299
11.11 22.834 0.1747 234.272
11.12 22.834 0.1775 234.641
11.13 22.641 0.178 234.468
11.14 22.42 0.178 234.195
11.15 22.261 0.1793 234.156
11.16 22.261 0.1822 234.527
11.17 21.952 0.1822 234.114
11.18 21.784 0.1822 233.913
11.19 21.784 0.1807 233.81
11.2 21.644 0.1816 233.748
11.21 21.538 0.1816 233.641
11.22 21.538 0.1788 233.397
11.23 21.456 0.1768 233.108
11.24 21.311 0.1768 232.938
11.25 21.311 0.1745 232.742
11.26 21.215 0.1745 232.648
11.27 21.138 0.1724 232.35
11.28 21.138 0.1701 232.147
11.29 21.042 0.1701 232.052
11.3 21.138 0.1657 231.756
11.31 21.138 0.1619 231.366
11.32 21.263 0.1619 231.619
11.33 21.263 0.1578 231.182
11.34 21.234 0.1528 230.575
11.35 14.614 0.1831 221.865
11.36 19.953 0.1558 229
11.37 20.223 0.1439 227.988
11.38 20.565 0.1416 228.289
11.39 20.598 0.1416 228.397
11.4 20.618 0.1414 228.458
11.41 20.574 0.1414 228.443
11.42 20.887 0.1393 228.711
11.43 20.887 0.1406 228.944
11.44 21.003 0.1406 229.182
11.45 21.287 0.1393 229.504
11.46 21.287 0.1422 229.954
11.47 21.605 0.1422 230.501
11.48 21.851 0.1433 231.082
11.49 21.851 0.1476 231.707
11.5 22.092 0.1476 232.129
11.51 22.092 0.151 232.626
11.52 22.319 0.1481 232.649
11.53 22.55 0.1481 233.05
11.54 22.55 0.1483 233.133
11.55 22.675 0.1485 233.401
11.56 22.887 0.1485 233.77
11.57 22.887 0.1511 234.164
11.58 23.162 0.154 234.995
11.59 23.33 0.154 235.296
11.6 23.33 0.1569 235.718
11.61 23.446 0.1601 236.34
11.62 23.716 0.1601 236.786
11.63 24.043 0.1614 237.47
11.64 24.043 0.1625 237.661
11.65 24.361 0.1625 238.168
11.66 24.622 0.1643 238.81
11.67 24.622 0.1643 238.866
11.68 24.8 0.1643 239.171
11.69 24.954 0.1646 239.478
11.7 24.954 0.1644 239.511
11.71 25.046 0.1644 239.695
11.72 24.983 0.1652 239.761
11.73 24.983 0.1674 240.082
11.74 24.882 0.1674 239.999
11.75 24.708 0.1681 239.897
11.76 24.708 0.1691 240.072
11.77 24.607 0.1691 239.987
11.78 24.506 0.1718 240.218
11.79 24.506 0.1748 240.621
11.8 24.289 0.1748 240.37
11.81 24.048 0.1766 240.286
11.82 24.048 0.1758 240.252
11.83 23.952 0.1758 240.17
11.84 23.851 0.1757 240.069
11.85 23.851 0.1734 239.862
11.86 23.677 0.1734 239.665
11.87 23.48 0.1734 239.433
11.88 23.48 0.1738 239.535
11.89 23.282 0.1738 239.299
11.9 23.181 0.1726 239.068
11.91 23.181 0.1724 239.1
11.92 22.921 0.1724 238.768
11.93 22.709 0.1709 238.331
11.94 22.709 0.1708 238.375
11.95 22.598 0.1708 238.262
11.96 22.415 0.1715 238.12
11.97 22.415 0.1713 238.152
11.98 22.256 0.1713 237.963
11.99 21.986 0.1713 237.6
12 21.986 0.1706 237.575
12.01 21.519 0.1706 236.896
12.02 21.104 0.1713 236.368
12.03 21.104 0.1721 236.514
12.04 20.7 0.1721 235.911
12.05 20.338 0.1717 235.321
12.06 20.338 0.1721 235.421
12.07 20.097 0.1721 235.072
12.08 20.097 0.1706 234.955
12.09 20.001 0.1681 234.558
12.1 20.03 0.1681 234.661
12.11 20.03 0.1654 234.399
12.12 20.227 0.1605 234.197
12.13 20.521 0.1605 234.738
12.14 20.521 0.1557 234.199
12.15 20.834 0.1517 234.256
12.16 21.114 0.1517 234.761
12.17 21.114 0.1489 234.451
12.18 21.326 0.1472 234.618
12.19 21.389 0.1472 234.771
12.2 21.389 0.1469 234.785
12.21 21.389 0.1477 234.944
12.22 21.389 0.1477 234.998
12.23 21.432 0.148 235.159
12.24 21.514 0.148 235.342
12.25 21.654 0.1483 235.655
12.26 21.654 0.1484 235.721
12.27 21.846 0.1484 236.075
12.28 22.015 0.1487 236.43
12.29 22.015 0.147 236.258
12.3 22.058 0.147 236.377
12.31 21.976 0.1462 236.197
12.32 21.976 0.1472 236.384
12.33 21.841 0.1472 236.228
12.34 21.774 0.1463 236.056
12.35 21.774 0.1478 236.31
12.36 21.769 0.1478 236.355
12.37 19.745 0.149 233.266
12.38 19.745 0.1444 232.711
12.39 21.239 0.1442 235.193
12.4 21.22 0.1454 235.378
12.41 21.148 0.145 235.262
12.42 21.128 0.1448 235.255
12.43 20.989 0.1448 235.084
12.44 20.989 0.1455 235.231
12.45 20.627 0.1449 234.614
12.46 20.184 0.1449 233.934
12.47 19.726 0.1445 233.161
12.48 19.726 0.1459 233.4
12.49 19.167 0.1459 232.487
12.5 18.512 0.148 231.653
12.51 18.512 0.1513 232.13
12.52 18.098 0.1526 231.591
12.53 17.861 0.1526 231.204
12.54 17.861 0.151 231.052
12.55 17.731 0.151 230.86
12.56 17.731 0.1497 230.745
12.57 17.842 0.1476 230.733
12.58 18.295 0.1476 231.618
12.59 18.295 0.1422 230.952
12.6 18.647 0.1325 230.28
12.61 18.763 0.1325 230.537
12.62 18.763 0.1218 228.978
12.63 18.642 0.1218 228.815
12.64 18.228 0.1136 226.808
12.65 18.228 0.11 226.25
12.66 17.674 0.11 225.297
12.67 17.674 0.1098 225.312
12.68 17.009 0.1098 224.12
12.69 16.667 0.1102 223.582
12.7 16.667 0.1109 223.749
12.71 16.734 0.1109 223.927
12.72 16.734 0.1127 224.276
12.73 17.091 0.115 225.387
12.74 17.553 0.115 226.304
12.75 17.553 0.1154 226.418
12.76 17.89 0.1151 227.04
12.77 18.083 0.1151 227.44
12.78 18.083 0.1115 226.889
12.79 18.31 0.1071 226.586
12.8 18.541 0.1071 227.045
12.81 18.541 0.1046 226.648
12.82 18.589 0.1046 226.782
12.83 18.777 0.1024 226.759
12.84 18.777 0.1017 226.678
12.85 19.11 0.1017 227.302
12.86 19.254 0.102 227.653
12.87 19.254 0.1017 227.646
12.88 19.163 0.1017 227.54
12.89 18.816 0.1023 227.102
12.9 18.816 0.1036 227.39
12.91 18.599 0.1036 227.06
12.92 18.599 0.1048 227.326
12.93 18.401 0.1065 227.329
12.94 18.435 0.1065 227.438
12.95 18.435 0.1074 227.647
12.96 18.666 0.1064 227.927
12.97 19.032 0.1064 228.614
12.98 19.032 0.1045 228.32
12.99 19.36 0.1045 228.932
13 19.668 0.1028 229.189
13.01 19.668 0.1008 228.863
13.02 19.832 0.1008 229.186
13.03 20.015 0.0988 229.156
13.04 20.015 0.0976 228.972
13.05 20.025 0.0976 229.037
13.06 19.692 0.098 228.611
13.07 19.692 0.0992 228.892
13.08 19.047 0.0992 227.845
13.09 19.047 0.1028 228.57
13.1 18.387 0.1066 228.149
13.11 17.765 0.1066 227.069
13.12 17.765 0.1107 227.832
13.13 17.283 0.1141 227.551
13.14 16.907 0.1141 226.879
13.15 16.907 0.1147 227.026
13.16 16.638 0.1147 226.551
13.17 16.199 0.1153 225.826
13.18 13.414 0.1209 220.689
13.19 14.946 0.1143 223.155
13.2 15.081 0.1074 222.337
13.21 15.081 0.1052 222.001
13.22 14.836 0.1021 220.974
13.23 14.66 0.1021 220.641
13.24 14.527 0.1001 220.035
13.25 14.527 0.0995 219.971
13.26 14.443 0.0983 219.612
13.27 14.479 0.0983 219.737
13.28 14.479 0.0964 219.426
13.29 14.624 0.0951 219.539
13.3 14.783 0.0951 219.927
13.31 14.783 0.0943 219.819
13.32 15.086 0.0952 220.682
13.33 15.568 0.0952 221.73
13.34 15.568 0.0934 221.424
13.35 16.214 0.0916 222.411
13.36 16.956 0.0916 223.895
13.37 16.956 0.0893 223.468
13.38 17.722 0.0871 224.475
13.39 18.459 0.0871 225.843
13.4 18.459 0.0872 225.911
13.41 18.999 0.089 227.284
13.42 19.452 0.089 228.104
13.43 19.745 0.0928 229.44
13.44 19.745 0.096 230.136
13.45 19.977 0.096 230.571
13.46 20.025 0.1018 231.827
13.47 20.025 0.1078 232.982
13.48 20.039 0.1138 234.106
13.49 19.972 0.1138 234.042
13.5 19.972 0.122 235.449
13.51 19.871 0.122 235.325
13.52 19.972 0.1307 236.9
13.53 19.972 0.1395 238.236
13.54 19.437 0.1395 237.355
13.55 19.437 0.1438 238.005
13.56 19.336 0.1461 238.189
13.57 19.36 0.1461 238.28
13.58 19.36 0.1484 238.639
13.59 19.403 0.1508 239.083
13.6 19.36 0.1508 239.056
13.61 19.36 0.1521 239.275
13.62 19.163 0.1529 239.076
13.63 18.975 0.1529 238.786
13.64 18.975 0.1515 238.652
13.65 18.729 0.1494 237.976
13.66 18.551 0.1494 237.697
13.67 18.551 0.1475 237.493
13.68 18.372 0.1475 237.209
13.69 18.31 0.1472 237.102
13.7 18.31 0.1478 237.23
13.71 18.276 0.1478 237.215
13.72 18.141 0.1483 237.077
13.73 18.141 0.1483 237.125
13.74 17.982 0.1483 236.872
13.75 17.664 0.1451 235.883
13.76 17.664 0.1444 235.836
13.77 17.279 0.1444 235.137
13.78 17.279 0.1428 234.966
13.79 16.946 0.1411 234.122
13.8 16.623 0.1411 233.522
13.81 16.623 0.139 233.277
13.82 16.406 0.139 232.883
13.83 16.19 0.1375 232.276
13.84 16.19 0.134 231.825
13.85 16.151 0.134 231.791
13.86 16.151 0.1305 231.328
13.87 16.353 0.1269 231.25
13.88 16.753 0.1269 232.102
13.89 16.753 0.1223 231.437
13.9 17.187 0.1223 232.337
13.91 17.471 0.1179 232.224
13.92 17.471 0.1144 231.688
13.93 17.515 0.1144 231.819
13.94 17.515 0.1142 231.831
13.95 17.423 0.1142 231.702
13.96 17.206 0.1156 231.565
13.97 17.206 0.1165 231.76
13.98 16.879 0.1165 231.167
13.99 16.879 0.118 231.459
14 16.541 0.1201 231.17
14.01 16.069 0.1201 230.254
14.02 16.069 0.125 231.068
14.03 15.462 0.125 229.835
14.04 14.816 0.1285 228.998
14.05 14.816 0.1316 229.498
14.06 14.349 0.1316 228.487
14.07 14.349 0.1325 228.662
14.08 14.012 0.1328 227.969
14.09 13.768 0.1328 227.438
14.1 13.768 0.13 227.08
14.11 13.612 0.13 226.752
14.12 13.491 0.1262 225.947
14.13 13.491 0.1235 225.585
14.14 13.474 0.1235 225.589
14.15 13.474 0.1175 224.7
14.16 13.438 0.1129 223.912
14.17 13.412 0.1129 223.894
14.18 13.412 0.1096 223.386
14.19 13.303 0.1096 223.167
14.2 13.055 0.1064 222.059
14.21 13.055 0.1023 221.377
14.22 12.716 0.1023 220.583
14.23 12.716 0.1006 220.319
14.24 12.39 0.1005 219.521
14.25 12.258 0.1005 219.225
14.26 12.258 0.0997 219.123
14.27 12.381 0.0997 219.481
14.28 12.381 0.0975001 219.116
14.29 12.72 0.0945 219.442
14.3 13.05 0.0945 220.295
14.31 13.05 0.0906 219.567
14.32 13.094 0.0875001 219.08
14.33 10.463 0.0861 211.874
14.34 12.323 0.0801 215.667
14.35 12.195 0.0781 214.932
14.36 12.195 0.0767 214.651
14.37 12.226 0.0723 213.718
14.38 12.275 0.0723 213.882
14.39 12.275 0.0707 213.525
14.4 12.164 0.0697 213.035
14.41 12.077 0.0697 212.856
14.42 12.077 0.0708 213.174
14.43 11.94 0.0708 212.866
14.44 11.899 0.072 213.099
14.45 11.899 0.073 213.385
14.46 12.022 0.073 213.742
14.47 12.393 0.0731 214.745
14.48 12.393 0.0718 214.466
14.49 12.672 0.0718 215.196
14.5 12.809 0.0754 216.45
14.51 12.809 0.0808 217.741
14.52 13.055 0.0808 218.38
14.53 13.055 0.0836 219.042
14.54 13.571 0.0825001 220.068
14.55 14.45 0.0825001 222.108
14.56 14.45 0.082 222.038
14.57 15.443 0.0804 223.849
14.58 16.296 0.0804 225.631
14.59 16.296 0.0786 225.25
14.6 16.816 0.0786 226.314
14.61 16.811 0.078 226.203
14.62 16.811 0.0805 226.841
14.63 16.406 0.0805 226.088
14.64 16.406 0.0827 226.639
14.65 15.886 0.086 226.369
14.66 15.313 0.086 225.217
14.67 15.313 0.0894 225.988
14.68 14.855 0.0894 225.045
14.69 14.532 0.094 225.314
14.7 14.532 0.0969 225.928
14.71 14.245 0.0969 225.322
14.72 14.245 0.0985 225.672
14.73 14.156 0.0985 225.511
14.74 14.204 0.099 225.759
14.75 14.204 0.0952 225.067
14.76 14.253 0.0952 225.221
14.77 14.253 0.0909 224.399
14.78 14.395 0.0863 223.793
14.79 14.539 0.0863 224.156
14.8 14.539 0.0838 223.65
14.81 14.542 0.0838 223.699
14.82 14.327 0.0833 223.15
14.83 14.327 0.0834 223.215
14.84 14.029 0.0834 222.582
14.85 14.029 0.0855 223.084
14.86 13.621 0.0883 222.776
14.87 13.193 0.0883 221.796
14.88 13.193 0.0907 222.333
14.89 12.757 0.0907 221.301
14.9 12.188 0.0929 220.332
14.91 12.188 0.0955 220.879
14.92 11.622 0.0955 219.413
14.93 11.622 0.0958 219.511
14.94 11.003 0.0962 217.904
14.95 10.518 0.0962 216.534
14.96 10.518 0.0974 216.798
14.97 10.314 0.0974 216.228
14.98 10.403 0.0955 216.181
14.99 10.403 0.0923 215.609
15 10.868 0.0923 217.011
15.01 10.868 0.0873 216.048
15.02 11.513 0.084 217.192
15.03 11.867 0.084 218.181
15.04 11.867 0.0796 217.247
15.05 11.692 0.0796 216.823
15.06 11.393 0.0756 215.131
15.07 11.393 0.0701 213.822
15.08 11.157 0.0701 213.218
15.09 11.157 0.0653 212.003
15.1 10.764 0.0653 210.949
15.11 10.162 0.0605 207.922
15.12 10.162 0.0577 207.142
15.13 9.316 0.0577 204.603
15.14 9.316 0.0523 202.974
15.15 8.434 0.0487 198.941
15.16 7.695 0.0487 196.367
15.17 7.695 0.0491 196.537
15.18 7.264 0.0491 194.948
15.19 7.5 0.0518 196.758
15.2 7.5 0.0543 197.567
15.21 8.425 0.0543 200.94
15.22 8.425 0.0594 202.484
15.23 9.591 0.062 207.073
15.24 10.47 0.062 209.743
15.25 10.47 0.0665 211.008
15.26 11.097 0.072 214.233
15.27 11.576 0.072 215.58
15.28 11.576 0.073 215.866
15.29 11.923 0.073 216.826
15.3 12.113 0.073 217.36
15.31 12.113 0.0724 217.25
15.32 12.255 0.0696 216.941
15.33 12.354 0.0696 217.232
15.34 11.807 0.078 217.915
15.35 12.002 0.0751 217.782
15.36 12.089 0.0682 216.307
15.37 12.099 0.06 214.078
15.38 12.123 0.06 214.177
15.39 12.072 0.0557 212.766
15.4 12.072 0.0536 212.125
15.41 9.827 0.0457 203.255
15.42 11.894 0.0484 209.958
15.43 12.022 0.0483 210.283
15.44 12.077 0.049 210.712
15.45 12.14 0.0489 210.872
15.46 12.118 0.0489 210.854
15.47 12.039 0.0496 210.943
15.48 11.949 0.0498 210.824
15.49 11.949 0.0535 212.123
15.5 11.834 0.0568 212.923
15.51 11.634 0.059 213.112
15.52 11.456 0.059 212.677
15.53 11.294 0.0601 212.606
15.54 11.294 0.0628 213.423
15.55 11.157 0.0628 213.087
15.56 11.157 0.0645 213.599
15.57 11.174 0.066 214.093
15.58 11.412 0.066 214.782
15.59 11.412 0.0667 215.009
15.6 11.841 0.067 216.274
15.61 12.268 0.067 217.419
15.62 12.268 0.0666 217.349
15.63 12.506 0.0665 217.963
15.64 12.593 0.0665 218.219
15.65 12.593 0.0669 218.367
15.66 12.561 0.068 218.622
15.67 12.482 0.068 218.462
15.68 12.482 0.0699 219.003
15.69 12.313 0.072 219.151
15.7 12.075 0.072 218.575
15.71 12.075 0.0734 218.964
15.72 11.761 0.0756 218.71
15.73 11.419 0.0756 217.821
15.74 11.419 0.0777 218.357
15.75 11.08 0.0798 217.933
15.76 10.846 0.0798 217.302
15.77 10.846 0.0794 217.25
15.78 10.723 0.0789 216.817
15.79 10.653 0.0789 216.651
15.8 10.653 0.078 216.483
15.81 10.649 0.0763 216.112
15.82 10.701 0.0763 216.302
15.83 10.701 0.0747 215.959
15.84 10.755 0.0726 215.641
15.85 10.877 0.0726 216.03
15.86 11.008 0.0705 215.912
15.87 11.008 0.0678 215.25
15.88 11.174 0.0678 215.752
15.89 11.174 0.0652 215.089
15.9 11.347 0.0633 215.073
15.91 11.444 0.0633 215.374
15.92 11.444 0.0619 215.012
15.93 11.398 0.0617 214.867
15.94 11.239 0.0617 214.47
15.95 11.239 0.0619 214.565
15.96 11.08 0.0622 214.249
15.97 11.015 0.0622 214.105
15.98 11.015 0.063 214.37
15.99 11.039 0.063 214.474
16 11.205 0.063 214.973
16.01 11.205 0.0631 215.039
16.02 11.48 0.0634 215.913
16.03 11.733 0.0634 216.63
16.04 11.836 0.0628 216.769
16.05 11.836 0.0626 216.749
16.06 11.697 0.0626 216.418
16.07 11.325 0.0629 215.536
16.08 11.325 0.0636 215.772
16.09 10.902 0.0636 214.629
16.1 10.506 0.065 213.913
16.11 10.506 0.0657 214.141
16.12 10.198 0.0657 213.262
16.13 9.827 0.0667 212.43
16.14 9.827 0.0678 212.756
16.15 9.552 0.0687 212.157
16.16 9.367 0.0687 211.597
16.17 9.367 0.0689 211.685
16.18 9.333 0.0686 211.533
16.19 9.372 0.0686 211.697
16.2 9.372 0.067 211.318
16.21 9.485 0.0647 211.105
16.22 9.576 0.0647 211.432
16.23 9.576 0.0627 210.916
16.24 9.613 0.0611 210.616
16.25 9.639 0.0611 210.734
16.26 9.714 0.0593 210.481
16.27 9.714 0.0578 210.069
16.28 9.793 0.0578 210.35
16.29 9.926 0.0566 210.427
16.3 9.926 0.0556 210.151
16.31 9.793 0.0556 209.779
16.32 10.352 0.0541 211.018
16.33 10.352 0.0528 210.627
16.34 10.658 0.0528 211.549
16.35 10.981 0.0518 212.158
16.36 10.981 0.0509 211.885
16.37 11.313 0.0509 212.832
16.38 11.578 0.05 213.263
16.39 11.578 0.0493 213.049
16.4 11.766 0.0489 213.435
16.41 11.88 0.0489 213.768
16.42 11.88 0.0491 213.877
16.43 11.46 0.0453 211.385
16.44 11.764 0.0459 212.452
16.45 11.954 0.0461 213.056
16.46 12.291 0.0469 214.253
16.47 12.646 0.0469 215.17
16.48 13.125 0.0482 216.854
16.49 13.125 0.0494 217.335
16.5 13.677 0.0494 218.665
16.51 14.12 0.0507 220.183
16.52 14.12 0.0521 220.72
16.53 14.337 0.0521 221.243
16.54 14.337 0.0555 222.447
16.55 14.363 0.0555 222.542
16.56 14.407 0.0605 224.281
16.57 14.407 0.0659 225.92
16.58 14.318 0.0659 225.757
16.59 13.918 0.0707 226.194
16.6 13.918 0.0759 227.572
16.61 13.002 0.0759 225.39
16.62 13.002 0.0817 226.813
16.63 11.504 0.088 224.269
16.64 9.721 0.088 218.932
16.65 9.721 0.0955 220.464
16.66 7.521 0.0955 212.502
16.67 7.521 0.1058 214.357
16.68 5.389 0.1161 205.93
16.69 4.04 0.1161 197.594
16.7 4.04 0.1245 198.779
16.71 3.105 0.1371 192.958
16.72 2.457 0.1371 186.594
16.73 2.457 0.1485 187.869
16.74 2.098 0.1512 183.95
16.75 1.714 0.1512 178.702
16.76 1.714 0.1471 178.324
16.77 1.529 0.1339 174.077
16.78 1.423 0.1339 172.314
16.79 1.423 0.1126 169.876
16.8 1.321 0.0934 165.5
16.81 1.246 0.0934 164.139
16.82 1.246 0.077 161.55
16.83 1.241 0.0637 158.956
16.84 1.244 0.0637 159.037
16.85 1.244 0.0502 155.943
16.86 1.171 0.0416 152.218
16.87 1 0.0416 148.821
16.88 1 0.0301 144.892
16.89 0.981 0.0194 139.33
16.9 1.006 0.0194 139.859
16.91 1.006 0.015 136.92
16.92 1.003 0.0128 135.089
16.93 1.026 0.0128 135.553
16.94 1.026 0.0116 134.47
16.95 1.016 0.0111 133.811
16.96 1.018 0.0111 133.87
16.97 1.018 0.0106 133.38
16.98 1.013 0.0108 133.515
16.99 0.975001 0.0108 132.803
17 0.975001 0.011 133.028
17.01 0.931 0.0102 131.34
17.02 0.840001 0.0102 129.43
17.03 0.840001 0.01 129.238
17.04 0.832 0.0095 128.532
17.05 0.820001 0.0095 128.284
17.06 0.820001 0.0091 127.847
17.07 0.802 0.0089 127.224
17.08 0.797 0.0089 127.13
17.09 0.797 0.0089 127.151
17.1 0.785001 0.0086 126.533
17.11 0.761 0.0086 125.989
17.12 0.761 0.0085 125.886
17.13 0.761 0.0086 126.029
17.14 0.765001 0.0086 126.145
17.15 0.765001 0.0086 126.166
17.16 0.768 0.0081 125.63
17.17 0.766 0.0081 125.603
17.18 0.766 0.0073 124.541
17.19 0.771 0.0071 124.39
17.2 0.753 0.0071 123.988
17.21 0.753 0.0071 124.008
17.22 0.716 0.0071 123.131
17.23 0.710001 0.0071 123.002
17.24 0.710001 0.0072 123.165
17.25 0.716 0.0074 123.615
17.26 0.716 0.0074 123.635
17.27 0.716 0.0074 123.655
17.28 0.747 0.0073 124.292
17.29 0.760001 0.0073 124.621
17.3 0.760001 0.0073 124.641
17.31 0.760001 0.0073 124.661
17.32 0.767 0.0076 125.265
17.33 0.767 0.0077 125.421
17.34 0.777 0.0077 125.675
17.35 0.777 0.0075 125.421
17.36 0.781 0.0076 125.672
17.37 0.797 0.0076 126.06
17.38 0.797 0.0076 126.08
17.39 0.789 0.0076 125.917
17.4 0.791 0.0076 125.983
17.41 0.791 0.0075 125.864
17.42 0.777 0.0075 125.561
17.43 0.765001 0.0075 125.3
17.44 0.765001 0.0073 125.038
17.45 0.776 0.0073 125.316
17.46 0.776 0.0076 125.756
17.47 0.700001 0.0066 122.477
17.48 0.854 0.0062 125.401
17.49 0.880001 0.0062 125.964
17.5 0.899 0.0063 126.54
17.51 0.903 0.0071 127.907
17.52 0.880001 0.0077 128.316
17.53 0.885001 0.0077 128.441
17.54 0.940001 0.0077 129.582
17.55 0.940001 0.0077 129.603
17.56 0.975001 0.0074 129.877
17.57 0.960001 0.0074 129.608
17.58 0.960001 0.0073 129.482
17.59 0.844 0.0073 127.123
17.6 0.732 0.0083 125.9
17.61 0.732 0.0078 125.271
17.62 0.726 0.0078 125.142
17.63 0.726 0.0074 124.615
17.64 0.730001 0.0073 124.592
17.65 0.729 0.0073 124.587
17.66 0.729 0.0075 124.888
17.67 0.729 0.0075 124.907
17.68 0.731 0.0078 125.385
17.69 0.731 0.0078 125.404
17.7 0.730001 0.0078 125.399
17.71 0.730001 0.0081 125.813
17.72 0.731 0.0074 124.915
17.73 0.731 0.0074 124.935
17.74 0.731 0.0072 124.67
17.75 0.719 0.0072 124.392
17.76 0.677 0.0071 123.195
17.77 0.677 0.0072 123.358
17.78 0.681 0.0072 123.482
17.79 0.666 0.0074 123.386
17.8 0.666 0.0076 123.68
17.81 0.662 0.0076 123.592
17.82 0.662 0.0078 123.879
17.83 0.670001 0.0076 123.844
17.84 0.691 0.0076 124.415
17.85 0.691 0.0076 124.435
17.86 0.719 0.0076 125.168
17.87 0.743 0.0076 125.781
17.88 0.743 0.0076 125.8
17.89 0.778 0.0076 126.657
17.9 0.854 0.0078 128.666
17.91 0.854 0.0082 129.222
17.92 0.934 0.0082 130.92
17.93 0.934 0.0081 130.806
17.94 1.008 0.0087 133.06
17.95 0.975001 0.0087 132.444
17.96 0.975001 0.0103 134.338
17.97 0.981 0.0107 134.905
17.98 1.075 0.0107 136.715
17.99 1.075 0.0117 137.757
18 1.15 0.0117 139.122
18.01 1.224 0.0113 139.993
18.02 1.224 0.0118 140.52
18.03 1.238 0.0118 140.772
18.04 1.237 0.0139 142.709
18.05 1.237 0.0162 144.561
18.06 1.224 0.0162 144.364
18.07 1.201 0.018 145.26
18.08 1.201 0.0201 146.622
18.09 1.161 0.0201 145.931
18.1 1.127 0.0204 145.509
18.11 1.127 0.021 145.883
18.12 1.101 0.021 145.416
18.13 1.06 0.0213 144.816
18.14 1.06 0.0228 145.661
18.15 0.994 0.0228 144.341
18.16 0.940001 0.0243 143.968
18.17 0.940001 0.0241 143.891
18.18 0.921 0.0241 143.49
18.19 0.989 0.0239 144.891
18.2 0.989 0.0241 145.014
18.21 1.211 0.0241 149.328
18.22 1.414 0.0242 152.774
18.23 1.414 0.027 154.195
18.24 1.767 0.027 159.248
18.25 2.045 0.0319 164.932
18.26 2.045 0.0331 165.464
18.27 2.149 0.0421 170.045
18.28 1.794 0.0421 165.706
18.29 1.794 0.0534 169.042
18.3 1.472 0.0543 164.548
18.31 1.285 0.0543 161.385
18.32 1.285 0.0546 161.483
18.33 1.15 0.0551 159.067
18.34 1.088 0.0551 157.827
18.35 1.088 0.0541 157.611
18.36 1.034 0.0493 155.278
18.37 0.985001 0.0493 154.22
18.38 0.985001 0.0432 152.557
18.39 0.977 0.0386 150.98
18.4 0.999 0.0386 151.488
18.41 0.999 0.0321 149.204
18.42 1.047 0.023 146.129
18.43 1.156 0.023 148.25
18.44 1.221 0.018 146.428
18.45 1.371 0.0187 149.388
18.46 1.835 0.0205 157.012
18.47 1.99 0.0216 159.572
18.48 2.144 0.0235 162.454
18.49 2.118 0.0235 162.193
18.5 1.762 0.0298 161.128
18.51 1.762 0.0359 163.669
18.52 1.536 0.037 160.893
18.53 1.554 0.037 161.187
18.54 1.536 0.0394 161.785
18.55 1.536 0.0425 162.832
18.56 1.527 0.0425 162.719
18.57 1.542 0.0443 163.536
18.58 1.542 0.0465 164.221
18.59 1.531 0.0465 164.076
18.6 1.601 0.0465 165.161
18.61 1.601 0.046 165.037
18.62 1.745 0.0468 167.361
18.63 1.884 0.0468 169.244
18.64 2.109 0.0447 171.386
18.65 2.109 0.0418 170.457
18.66 2.114 0.0418 170.541
18.67 2.102 0.0431 170.861
18.68 2.102 0.0437 171.083
18.69 2.007 0.0416 169.278
18.7 1.877 0.0416 167.678
18.71 1.877 0.0386 166.662
18.72 1.771 0.0344 163.721
18.73 1.725 0.0344 163.126
18.74 1.725 0.0331 162.628
18.75 1.674 0.0329 161.869
18.76 1.771 0.0329 163.211
18.77 1.544 0.0325 159.88
18.78 1.544 0.0324 159.863
18.79 1.437 0.0324 158.242
18.8 1.35 0.0322 156.767
18.81 1.35 0.0307 156.169
18.82 1.264 0.0307 154.719
18.83 1.282 0.032 155.593
18.84 1.282 0.0312 155.289
18.85 1.164 0.0312 153.167
18.86 1.171 0.0311 153.281
18.87 1.171 0.0298 152.76
18.88 1.164 0.0298 152.651
18.89 1.164 0.0306 153.01
18.9 1.191 0.0315 153.909
18.91 1.12 0.0312 152.454
18.92 1.052 0.0312 151.107
18.93 1.052 0.0298 150.553
18.94 0.989 0.0281 148.515
18.95 0.960001 0.0281 147.902
18.96 0.960001 0.0262 147.064
18.97 0.990001 0.0228 146.04
18.98 1.032 0.0228 146.938
18.99 1.032 0.0206 145.724
19 1.046 0.0202 145.79
19.01 1.046 0.0202 145.812
19.02 1.046 0.02 145.712
19.03 1.048 0.0201 145.834
19.04 1.052 0.0201 145.936
19.05 1.052 0.0197 145.713
19.06 1.048 0.0196 145.593
19.07 1.065 0.0196 145.952
19.08 1.065 0.0198 146.096
19.09 1.058 0.02 146.101
19.1 1.044 0.02 145.842
19.11 1.044 0.0197 145.68
19.12 1.047 0.0197 145.762
19.13 1.084 0.0186 145.815
19.14 1.084 0.0184 145.705
19.15 1.13 0.0184 146.601
19.16 1.16 0.0182 147.043
19.17 1.16 0.0187 147.396
19.18 1.16 0.0187 147.417
19.19 1.189 0.019 148.16
19.2 1.189 0.0195 148.502
19.21 1.229 0.0195 149.233
19.22 1.265 0.0193 149.748
19.23 1.265 0.0192 149.705
19.24 1.307 0.0192 150.432
19.25 1.307 0.019 150.323
19.26 1.226 0.0199 149.541
19.27 1.206 0.0199 149.209
19.28 1.206 0.0204 149.538
19.29 1.177 0.0204 149.037
19.3 1.153 0.022 149.553
19.31 1.153 0.0223 149.743
19.32 1.154 0.0223 149.784
19.33 1.226 0.0218 150.832
19.34 1.226 0.0208 150.265
19.35 1.46 0.0208 154.115
19.36 1.939 0.0208 160.565
19.37 1.939 0.0236 162.285
19.38 2.622 0.0292 172.546
19.39 3.302 0.0292 178.397
19.4 3.302 0.0344 180.872
19.41 3.88 0.0376 186.525
19.42 4.304 0.0376 189.358
19.43 4.804 0.0265 186.887
19.44 4.968 0.0271 188.169
19.45 5.103 0.0254 187.909
19.46 4.932 0.0242 186.264
19.47 4.821 0.0264 187.03
19.48 4.782 0.0264 186.838
19.49 4.464 0.0253 184.368
19.5 4.464 0.0248 184.088
19.51 4.163 0.0273 183.735
19.52 3.902 0.0273 182.056
19.53 3.574 0.0302 181.311
19.54 3.574 0.0348 183.488
19.55 3.251 0.0348 181.028
19.56 3.008 0.0398 181.051
19.57 3.008 0.049 184.237
19.58 2.857 0.049 182.901
19.59 2.807 0.0571 184.8
19.6 2.807 0.0622 186.147
19.61 2.797 0.0622 186.077
19.62 2.689 0.062 185.002
19.63 2.689 0.0576 183.898
19.64 2.489 0.0576 181.889
19.65 2.329 0.0519 178.627
19.66 2.329 0.0475 177.34
19.67 2.251 0.0437 175.277
19.68 2.366 0.0437 176.564
19.69 2.366 0.0423 176.112
19.7 2.83 0.0476 182.521
19.71 3.71 0.0476 189.805
19.72 3.71 0.053 191.537
19.73 4.703 0.0549 198.801
19.74 5.606 0.0549 203.921
19.75 6.093 0.0547 206.349
19.76 6.093 0.0509 205.145
19.77 6.216 0.0509 205.765
19.78 6.117 0.0442 202.922
19.79 6.117 0.0369 199.925
19.8 5.888 0.0307 195.838
19.81 5.63 0.0307 194.605
19.82 5.63 0.028 193.148
19.83 5.454 0.0317 194.289
19.84 5.382 0.0317 193.945
19.85 5.382 0.0384 197.091
19.86 5.5 0.047 201.088
19.87 5.825 0.047 202.786
19.88 6.454 0.0549 208.509
19.89 6.454 0.0599 210.056
19.9 7.485 0.066 216.356
19.91 9.056 0.066 222.405
19.92 9.056 0.0807 226.189
19.93 11.015 0.0916 235.156
19.94 12.508 0.0916 239.533
19.95 13.19 0.0954 242.223
19.96 13.19 0.097 242.592
19.97 13.342 0.1011 243.865
19.98 13.378 0.1011 243.994
19.99 13.424 0.102 244.329
20 13.424 0.0809 239.696
20.01 13.508 0.0639 235.281
20.02 13.713 0.0639 235.825
