0.02 12.389 0 0
0.03 11.265 0.0035 29.5239
0.04 11.1842 0.0069 33.8051
0.05 11.3495 0.0138 38.1844
0.06 11.5147 0.0277 42.6558
0.07 12.493 0.0414 46.5811
0.08 14.233 0.0418 49.2985
0.09 18.034 0.0422 52.7473
0.1 19.666 0.0534 56.0847
0.11 19.638 0.0632 58.3916
0.12 20.3685 0.059 59.7937
0.13 21.099 0.066 62.026
0.14 23.095 0.0694 64.4153
0.15 24.571 0.0741 66.6133
0.16 24.235 0.1194 70.4255
0.17 25.831 0.1372 73.1238
0.18 26.992 0.1447 75.0987
0.19 26.896 0.1477 76.3271
0.2 25.399 0.1508 76.9203
0.21 23.803 0.1506 77.2369
0.22 22.415 0.1542 77.7208
0.23 20.51 0.1578 77.8366
0.24 19.762 0.1678 78.7443
0.25 17.334 0.1778 78.531
0.26 16.394 0.1916 79.2484
0.27 16.242 0.1966 80.1485
0.28 16.23 0.2016 81.1236
0.29 16.05 0.2021 81.8043
0.3 15.43 0.2018 82.1016
0.31 12.885 0.2015 80.7206
0.32 10.697 0.2007 79.2566
0.33 9.6247 0.2007 78.7308
0.34 9.0727 0.2006 78.7113
0.35 8.4245 0.2002 78.4926
0.36 7.9965 0.1997 78.5017
0.37 7.2604 0.1987 77.977
0.38 6.7643 0.1958 77.6656
0.39 6.1122 0.1845 76.7144
0.4 5.7961 0.1479 75.2703
0.41 5.4761 0.1431 74.9654
0.42 5.14 0.1326 74.3114
0.43 4.804 0.1298 73.943
0.44 4.4839 0.1169 73.0429
0.45 4.2559 0.0822 70.844
0.46 4.0398 0.0671 69.5607
0.47 3.8158 0.0565 68.4195
0.48 3.7968 0.0501 68.0872
0.49 3.8204 0.0449 67.9177
0.5 3.8441 0.0401 67.721
0.51 3.8998 0.0369 67.7656
0.52 3.8918 0.0335 67.5666
0.53 3.9458 0.0307 67.5678
0.54 3.9998 0.0294 67.8084
0.55 4.0999 0.0291 68.3398
0.56 4.0919 0.0297 68.7804
0.57 4.0799 0.0303 69.2055
0.58 3.8518 0.0338 69.5973
0.59 3.6558 0.036 69.77
0.6 3.4237 0.0367 69.5491
0.61 3.1637 0.0382 69.3099
0.62 2.8837 0.0397 68.9215
0.63 2.6076 0.0421 68.5667
0.64 2.3836 0.0405 67.7638
0.65 2.2036 0.0426 67.5749
0.66 2.0755 0.0455 67.6493
0.67 1.9875 0.05 68.042
0.68 1.9395 0.0531 68.4243
0.69 1.8755 0.0556 68.6336
0.7 1.7515 0.0567 68.3446
0.71 1.7275 0.0574 68.5484
0.72 1.6795 0.0579 68.5862
0.73 1.5995 0.0582 68.397
0.74 1.5434 0.0583 68.3139
0.75 1.5234 0.0583 68.4406
0.76 1.4594 0.0576 68.2012
0.77 1.4394 0.0568 68.2342
0.78 1.4114 0.054 67.9994
0.79 1.3714 0.0522 67.7673
0.8 1.3234 0.0507 67.4927
0.81 1.3074 0.0488 67.3932
0.82 1.3034 0.0484 67.5474
0.83 1.2834 0.0468 67.4357
0.84 1.2314 0.046 67.1624
0.85 1.1314 0.046 66.5669
0.86 1.0794 0.0461 66.3448
0.87 1.0804 0.0461 66.5672
0.88 1.0814 0.0498 67.2183
0.89 1.0874 0.0497 67.4722
0.9 1.1034 0.0497 67.8247
0.91 1.1114 0.0493 68.0584
0.92 1.0754 0.0484 67.8385
0.93 1.0154 0.0447 67.0374
0.94 0.9673 0.0409 66.2771
0.95 0.9513 0.0378 65.8795
0.96 0.8873 0.0349 64.9792
0.97 0.8433 0.0316 64.1587
0.98 0.7993 0.0284 63.2827
0.99 0.7633 0.0249 62.3557
1 0.7516 0.0213 61.5859
1.01 0.7526 0.0176 60.7954
1.02 0.7536 0.0118 58.979
1.03 0.7593 0.0095 58.145
1.04 0.7873 0.0084 58.0093
1.05 0.7873 0.0071 57.3558
1.06 0.7993 0.007 57.5646
1.07 0.7673 0.0071 57.4442
1.08 0.7584 0.0071 57.4963
1.09 0.7576 0.0075 57.8984
1.1 0.7585 0.0084 58.6055
1.11 0.7593 0.01 59.6207
1.12 0.7713 0.0115 60.6053
1.13 0.7753 0.0123 61.1417
1.14 0.7953 0.0124 61.5583
1.15 0.8233 0.0121 61.8899
1.16 0.8833 0.0118 62.5399
1.17 0.9513 0.0112 63.0879
1.18 1.0274 0.0104 63.549
1.19 1.0794 0.0096 63.7269
1.2 1.1154 0.0093 64.0086
1.21 1.1314 0.0093 64.2881
1.22 1.1354 0.0092 64.4102
1.23 1.1274 0.0089 64.3132
1.24 1.1114 0.0086 64.1423
1.25 1.1094 0.008 63.8835
1.26 1.1094 0.008 64.0252
1.27 1.1104 0.008 64.1743
1.28 1.1114 0.0081 64.3893
1.29 1.1354 0.0084 64.9237
1.3 1.1634 0.0082 65.1611
1.31 1.2434 0.0079 65.7243
1.32 1.2434 0.0074 65.5061
1.33 1.2794 0.0062 64.9508
1.34 1.3474 0.0054 64.824
1.35 1.3634 0.0053 64.9675
1.36 1.3714 0.0052 65.0526
1.37 1.3834 0.0052 65.2671
1.38 1.3774 0.0052 65.3582
1.39 1.377 0.0052 65.4868
1.4 1.3772 0.0056 66.0247
1.41 1.3774 0.006 66.5377
1.42 1.3834 0.0071 67.6511
1.43 1.4154 0.0091 69.4257
1.44 1.4314 0.0106 70.5631
1.45 1.4594 0.0119 71.5822
1.46 1.4874 0.0132 72.5386
1.47 1.4994 0.0134 72.8516
1.48 1.5474 0.0134 73.321
1.49 1.6315 0.0134 74.0204
1.5 1.7395 0.0128 74.5611
1.51 1.8435 0.0113 74.5491
1.52 1.9275 0.0107 74.8263
1.53 1.9755 0.0088 74.0151
1.54 2.0155 0.0082 73.928
1.55 2.0835 0.0079 74.1855
1.56 2.1035 0.008 74.4985
1.57 2.1195 0.0081 74.7896
1.58 2.1115 0.0084 75.1079
1.59 2.1235 0.0092 75.8733
1.6 2.1195 0.0102 76.6401
1.61 2.0755 0.0111 77.0818
1.62 2.0754 0.0116 77.4977
1.63 2.0754 0.012 77.8496
1.64 2.0755 0.0124 78.1957
1.65 2.0795 0.0125 78.402
1.66 2.0995 0.0138 79.2922
1.67 2.1075 0.0143 79.7039
1.68 2.1355 0.0143 79.9882
1.69 2.1155 0.0143 80.0117
1.7 2.1235 0.0143 80.1867
1.71 2.1355 0.0131 79.7987
1.72 2.1315 0.0116 79.1022
1.73 2.1435 0.0103 78.5135
1.74 2.1235 0.0092 77.7989
1.75 2.1275 0.008 77.0429
1.76 2.0755 0.0077 76.6465
1.77 2.0115 0.0076 76.3387
1.78 1.9675 0.0076 76.2153
1.79 1.9035 0.0084 76.6067
1.8 1.8315 0.0091 76.8104
1.81 1.7595 0.0114 77.9333
1.82 1.6075 0.0124 77.5847
1.83 1.6075 0.0129 77.959
1.84 1.5474 0.0131 77.7494
1.85 1.4714 0.0131 77.304
1.86 1.3434 0.013 76.3632
1.87 1.2554 0.013 75.7346
1.88 1.2554 0.0128 75.7492
1.89 1.0474 0.0124 73.7128
1.9 0.9794 0.0118 72.8099
1.91 0.9153 0.0118 72.2089
1.92 0.8673 0.0119 71.8055
1.93 0.8684 0.012 71.9725
1.94 0.8694 0.0128 72.476
1.95 0.8758 0.0158 73.9404
1.96 0.9153 0.0218 76.5402
1.97 0.9834 0.0235 77.9301
1.98 1.0874 0.0243 79.3987
1.99 1.2154 0.0243 80.7943
2 1.4674 0.0243 83.1323
2.01 1.8275 0.0242 85.8909
2.02 2.2716 0.0229 88.3396
2.03 2.8357 0.0205 90.4946
2.04 3.3317 0.0182 91.8326
2.05 3.5718 0.0148 91.2992
2.06 3.7278 0.0144 91.7778
2.07 3.8318 0.0143 92.2129
2.08 3.9238 0.014 92.4892
2.09 4.0078 0.0136 92.6718
2.1 4.0238 0.0134 92.7337
2.11 4.0358 0.0133 92.8382
2.12 4.1119 0.0135 93.3265
2.13 4.2599 0.0137 94.0407
2.14 4.3839 0.0142 94.8356
2.15 4.4959 0.0148 95.6328
2.16 4.5519 0.0153 96.1927
2.17 4.5519 0.0169 97.1166
2.18 4.4999 0.0178 97.5001
2.19 4.4319 0.0184 97.6794
2.2 4.3199 0.0185 97.4873
2.21 4.2159 0.0189 97.4417
2.22 4.1569 0.0189 97.3662
2.23 4.1486 0.0189 97.4599
2.24 4.1483 0.0189 97.5802
2.25 4.1561 0.0189 97.7275
2.26 4.1639 0.019 97.9175
2.27 4.1759 0.0192 98.1639
2.28 4.1519 0.0198 98.4541
2.29 4.1239 0.0204 98.7229
2.3 4.0518 0.0212 98.9078
2.31 3.9558 0.0222 99.065
2.32 3.8438 0.0231 99.1018
2.33 3.7038 0.024 99.006
2.34 3.5678 0.0247 98.8275
2.35 3.4197 0.0254 98.5714
2.36 3.2677 0.0257 98.1397
2.37 3.1117 0.0258 97.597
2.38 2.9837 0.0253 96.964
2.39 2.9793 0.0247 96.8629
2.4 2.978 0.0242 96.8044
2.41 2.9928 0.0242 96.9856
2.42 3.0077 0.0243 97.2001
2.43 3.0037 0.0245 97.3593
2.44 2.9317 0.0252 97.3585
2.45 2.8357 0.0263 97.3485
2.46 2.8036 0.0357 99.8047
2.47 2.7196 0.0361 99.5728
2.48 2.6761 0.0363 99.4993
2.49 2.6752 0.0363 99.6058
2.5 2.6834 0.0347 99.3874
2.51 2.6916 0.0332 99.1762
2.52 2.7716 0.031 99.1383
2.53 2.6996 0.0295 98.4649
2.54 2.3956 0.0269 96.1507
2.55 1.9915 0.0234 92.6481
2.56 1.7315 0.0212 90.1556
2.57 1.4834 0.0207 88.0905
2.58 1.2794 0.0195 85.899
2.59 1.1474 0.0169 83.6516
2.6 1.0154 0.0152 81.5578
2.61 0.8793 0.0144 79.6114
2.62 0.7713 0.014 78.0232
2.63 0.6873 0.0138 76.7278
2.64 0.6273 0.0134 75.6198
2.65 0.5833 0.0131 74.7697
2.66 0.5473 0.013 74.1173
2.67 0.5313 0.0128 73.7831
2.68 0.5213 0.013 73.7531
2.69 0.5217 0.0131 73.8847
2.7 0.5222 0.0132 74.018
2.71 0.5233 0.0131 74.0697
2.72 0.5353 0.013 74.3406
2.73 0.5353 0.0126 74.2232
2.74 0.5313 0.0116 73.7096
2.75 0.5153 0.0108 73.0247
2.76 0.4873 0.0098 71.9289
2.77 0.4833 0.0092 71.5388
2.78 0.4833 0.0087 71.2783
2.79 0.4593 0.0082 70.4802
2.8 0.459 0.0081 70.4717
2.81 0.4591 0.0079 70.3972
2.82 0.4593 0.0076 70.2446
2.83 0.4673 0.0073 70.253
2.84 0.4753 0.0072 70.4131
2.85 0.4673 0.007 70.1453
2.86 0.4643 0.0064 69.6275
2.87 0.4613 0.0062 69.4464
2.88 0.4633 0.0056 68.9703
2.89 0.4553 0.0056 68.8639
2.9 0.4525 0.0056 68.8688
2.91 0.4513 0.0056 68.9084
2.92 0.4513 0.0058 69.1758
2.93 0.4533 0.0062 69.6712
2.94 0.4553 0.0064 69.9661
2.95 0.4713 0.0067 70.6501
2.96 0.4673 0.0075 71.2958
2.97 0.4993 0.0083 72.6567
2.98 0.5273 0.0093 73.9953
2.99 0.5673 0.0097 75.1109
3 0.5993 0.0101 76.0323
3.01 0.6353 0.0111 77.3498
3.02 0.6633 0.0117 78.2454
3.03 0.6593 0.0127 78.785
3.04 0.6633 0.0145 79.8011
3.05 0.6643 0.02 82.0577
3.06 0.6653 0.0219 82.7728
3.07 0.6833 0.0227 83.4157
3.08 0.8313 0.0226 85.8503
3.09 1.1394 0.0228 89.9845
3.1 1.6795 0.0225 95.1358
3.11 2.3556 0.0222 99.863
3.12 3.4998 0.0213 105.452
3.13 3.5118 0.0193 104.735
3.14 3.2237 0.0158 101.835
3.15 2.8917 0.0156 100.236
3.16 2.6316 0.0157 99.0242
3.17 2.4556 0.0158 98.1801
3.18 2.2956 0.0167 97.7669
3.19 2.1835 0.0168 97.1976
3.2 2.1831 0.0162 96.9857
3.21 2.1979 0.0155 96.8079
3.22 2.2128 0.0143 96.3379
3.23 2.2836 0.0115 95.119
3.24 2.4916 0.0101 95.3678
3.25 2.7316 0.0088 95.6195
3.26 2.8757 0.0087 96.3206
3.27 2.9077 0.0087 96.5564
3.28 2.9317 0.0088 96.8449
3.29 2.8757 0.0093 97.1036
3.3 2.7356 0.0102 97.2335
3.31 2.6716 0.0109 97.5212
3.32 2.5876 0.0116 97.6595
3.33 2.5196 0.0124 97.9088
3.34 2.4436 0.0138 98.4314
3.35 2.3996 0.0153 99.103
3.36 2.3676 0.0175 100.106
3.37 2.3356 0.0201 101.152
3.38 2.3308 0.021 101.575
3.39 2.3287 0.021 101.645
3.4 2.3401 0.0209 101.759
3.41 2.3516 0.0208 101.874
3.42 2.4236 0.0182 101.269
3.43 2.4996 0.0155 100.452
3.44 2.5556 0.015 100.58
3.45 2.5396 0.0151 100.626
3.46 2.4996 0.0151 100.477
3.47 2.4396 0.0167 101.049
3.48 2.3636 0.0175 101.063
3.49 2.3156 0.0179 101.035
3.5 2.2856 0.018 100.973
3.51 2.2853 0.0176 100.862
3.52 2.2864 0.0173 100.805
3.53 2.2876 0.0159 100.186
3.54 2.3316 0.0157 100.434
3.55 2.3756 0.0156 100.73
3.56 2.3676 0.0156 100.76
3.57 2.2996 0.0156 100.417
3.58 2.1275 0.0156 99.3753
3.59 1.9835 0.0156 98.4538
3.6 1.7755 0.0158 97.0734
3.61 1.6235 0.0161 96.0545
3.62 1.4834 0.0177 95.6382
3.63 1.3634 0.0192 95.1981
3.64 1.2674 0.0206 94.8282
3.65 1.1714 0.0208 93.9056
3.66 1.1676 0.0217 94.2648
3.67 1.1692 0.0223 94.5692
3.68 1.1708 0.0233 95.0056
3.69 1.1914 0.0242 95.6174
3.7 1.1954 0.0248 95.9308
3.71 1.2114 0.0248 96.1868
3.72 1.2634 0.0248 96.8432
3.73 1.4754 0.0247 99.0714
3.74 1.7315 0.0242 101.284
3.75 2.0155 0.0229 103.126
3.76 2.4476 0.0197 104.809
3.77 2.8797 0.0166 105.852
3.78 3.1717 0.0166 107.414
3.79 3.2237 0.0167 107.798
3.8 3.2237 0.0167 107.877
3.81 3.1757 0.0171 107.936
3.82 3.0837 0.0187 108.362
3.83 2.9997 0.0205 108.839
3.84 2.9477 0.0225 109.489
3.85 2.9477 0.0226 109.608
3.86 2.9487 0.0227 109.733
3.87 2.9497 0.0237 110.212
3.88 2.9557 0.0256 111.033
3.89 2.9677 0.0275 111.842
3.9 3.0477 0.0285 112.686
3.91 3.1077 0.0305 113.723
3.92 3.1477 0.0311 114.198
3.93 3.1117 0.0311 114.09
3.94 3.0357 0.0311 113.765
3.95 2.8957 0.031 113.044
3.96 2.7476 0.0305 112.119
3.97 2.5436 0.0306 110.989
3.98 2.4076 0.0291 109.731
3.99 2.2036 0.0278 108.005
4 2.1195 0.0272 107.281
4.01 1.9995 0.027 106.393
4.02 1.8235 0.0274 105.192
4.03 1.7475 0.0278 104.748
4.04 1.6275 0.0278 103.752
4.05 1.6509 0.0278 104.037
4.06 1.6742 0.0273 104.161
4.07 1.739 0.024 103.686
4.08 1.8715 0.0209 103.66
4.09 2.1595 0.0174 104.289
4.1 2.5076 0.0156 105.665
4.11 3.0397 0.0155 108.65
4.12 3.1797 0.0154 109.372
4.13 3.2597 0.0154 109.838
4.14 3.3437 0.0156 110.433
4.15 3.3797 0.0157 110.737
4.16 3.3437 0.0191 112.46
4.17 3.2117 0.0216 113.035
4.18 3.1317 0.0248 114.003
4.19 3.0197 0.0278 114.565
4.2 2.7476 0.0326 114.601
4.21 2.6036 0.0344 114.302
4.22 2.5929 0.0349 114.447
4.23 2.6024 0.0348 114.555
4.24 2.6119 0.0353 114.827
4.25 2.6956 0.0372 115.929
4.26 3.0997 0.0382 118.624
4.27 3.2437 0.0387 119.609
4.28 3.3517 0.0387 120.253
4.29 3.3397 0.0383 120.165
4.3 3.3627 0.0378 120.23
4.31 3.3857 0.0381 120.505
4.32 3.4518 0.0377 120.813
4.33 3.5678 0.0369 121.251
4.34 3.6358 0.0369 121.659
4.35 3.3437 0.0369 120.277
4.36 3.1917 0.0372 119.631
4.37 3.1911 0.0389 120.15
4.38 3.1934 0.0402 120.568
4.39 3.1957 0.0415 120.977
4.4 3.8958 0.0421 124.705
4.41 4.3959 0.0428 127.147
4.42 4.796 0.0431 128.908
4.43 5.168 0.0425 130.232
4.44 5.26 0.0425 130.645
4.45 5.3281 0.0425 130.97
4.46 5.4201 0.0431 131.528
4.47 5.4361 0.0447 132.066
4.48 5.3 0.0502 132.944
4.49 5.2675 0.0535 133.614
4.5 5.2785 0.0536 133.758
4.51 5.2894 0.0535 133.859
4.52 5.3201 0.0534 134.033
4.53 5.6481 0.053 135.191
4.54 6.0042 0.0417 133.774
4.55 6.1442 0.037 132.971
4.56 6.1402 0.0366 132.92
4.57 6.1662 0.0365 133.052
4.58 6.1922 0.0367 133.274
4.59 6.2162 0.0369 133.489
4.6 6.1762 0.0369 133.446
4.61 6.0752 0.0368 133.18
4.62 6.0799 0.0367 133.245
4.63 6.0846 0.035 132.814
4.64 6.1002 0.033 132.294
4.65 6.2562 0.0303 131.915
4.66 6.3842 0.0299 132.233
4.67 6.5122 0.0299 132.691
4.68 6.6283 0.0299 133.108
4.69 6.9803 0.03 134.22
4.7 7.1163 0.0303 134.785
4.71 7.2124 0.0309 135.346
4.72 7.2884 0.0316 135.883
4.73 7.3804 0.0322 136.423
4.74 7.4284 0.0326 136.771
4.75 7.4444 0.0327 136.928
4.76 7.4084 0.0336 137.222
4.77 7.3244 0.035 137.543
4.78 7.2204 0.0363 137.758
4.79 7.1243 0.0377 138.006
4.8 7.0323 0.0387 138.128
4.81 6.9723 0.0395 138.273
4.82 6.9243 0.0409 138.616
4.83 6.8603 0.0415 138.679
4.84 6.8243 0.0417 138.709
4.85 6.8208 0.0419 138.834
4.86 6.8406 0.0419 138.971
4.87 6.8604 0.0419 139.108
4.88 6.9003 0.0419 139.304
4.89 6.9483 0.0413 139.355
4.9 7.0083 0.0411 139.551
4.91 7.0363 0.0411 139.71
4.92 7.0803 0.0411 139.915
4.93 7.0963 0.041 140.011
4.94 7.1123 0.041 140.135
4.95 7.1603 0.0408 140.293
4.96 7.2604 0.04 140.421
4.97 7.3204 0.0399 140.637
4.98 7.3284 0.0398 140.708
4.99 7.3284 0.0398 140.787
5 7.3164 0.04 140.89
5.01 7.3084 0.0401 140.976
5.02 7.2324 0.0409 141.074
5.03 6.9763 0.0423 140.814
5.04 6.8083 0.0433 140.672
5.05 6.5963 0.0439 140.27
5.06 6.4282 0.0439 139.827
5.07 6.2442 0.0439 139.319
5.08 6.0682 0.0438 138.797
5.09 5.8521 0.0425 137.803
5.1 5.7161 0.0403 136.806
5.11 5.4441 0.0382 135.319
5.12 5.3481 0.0368 134.628
5.13 5.24 0.0365 134.214
5.14 5.18 0.0367 134.125
5.15 5.056 0.0368 133.76
5.16 4.944 0.0372 133.521
5.17 4.844 0.0409 134.256
5.18 4.8731 0.0414 134.58
5.19 4.9021 0.0412 134.713
5.2 4.9953 0.041 135.096
5.21 5.196 0.0404 135.771
5.22 5.4841 0.035 135.278
5.23 5.7401 0.0321 135.265
5.24 5.9201 0.03 135.177
5.25 5.9562 0.0294 135.14
5.26 6.0442 0.0295 135.536
5.27 6.2242 0.0295 136.182
5.28 6.2402 0.0295 136.304
5.29 6.2162 0.0308 136.79
5.3 6.1842 0.0315 137.016
5.31 6.1122 0.0322 137.107
5.32 6.0762 0.0328 137.273
5.33 6.0402 0.0338 137.57
5.34 6.0162 0.035 137.963
5.35 5.9962 0.0364 138.42
5.36 5.9402 0.0382 138.861
5.37 5.8801 0.04 139.262
5.38 5.8121 0.04 139.101
5.39 5.7241 0.04 138.868
5.4 5.6441 0.0396 138.542
5.41 5.5241 0.0388 137.95
5.42 5.304 0.0384 137.097
5.43 5.172 0.0379 136.522
5.44 5.008 0.0372 135.749
5.45 4.876 0.0376 135.417
5.46 4.716 0.0372 134.717
5.47 4.5599 0.037 134.073
5.48 4.3599 0.0371 133.308
5.49 4.1719 0.0372 132.561
5.5 3.9798 0.0381 131.993
5.51 3.5638 0.039 130.23
5.52 3.3837 0.0392 129.381
5.53 3.2277 0.0391 128.542
5.54 3.1277 0.0391 128.025
5.55 3.0237 0.0389 127.413
5.56 2.9677 0.0379 126.859
5.57 2.9037 0.0371 126.3
5.58 2.8397 0.0372 125.986
5.59 2.7476 0.0373 125.48
5.6 2.5796 0.0375 124.462
5.61 2.2276 0.0378 122.002
5.62 2.0955 0.0386 121.203
5.63 1.9955 0.0444 121.823
5.64 1.9991 0.0441 121.846
5.65 2.0026 0.0437 121.844
5.66 2.0207 0.0428 121.851
5.67 2.0595 0.0409 121.784
5.68 2.2276 0.0361 121.955
5.69 2.4756 0.035 123.565
5.7 2.8557 0.0347 126.104
5.71 3.2597 0.0344 128.5
5.72 3.5438 0.0343 130.087
5.73 3.6118 0.0341 130.443
5.74 3.6678 0.0323 130.207
5.75 3.7558 0.0278 129.094
5.76 3.9158 0.0242 128.444
5.77 4.0198 0.0214 127.679
5.78 4.0198 0.0208 127.439
5.79 3.9558 0.0206 127.104
5.8 3.9518 0.0204 127.043
5.81 3.9518 0.0204 127.104
5.82 3.9158 0.0204 126.997
5.83 3.8518 0.0205 126.808
5.84 3.8118 0.0209 126.882
5.85 3.7358 0.0213 126.774
5.86 3.5998 0.0219 126.451
5.87 3.4237 0.0236 126.384
5.88 3.2717 0.0254 126.39
5.89 2.9317 0.0271 125.141
5.9 2.7676 0.0278 124.429
5.91 2.6236 0.028 123.607
5.92 2.4716 0.0282 122.68
5.93 2.3396 0.0284 121.843
5.94 2.2036 0.0284 120.853
5.95 2.0995 0.0284 120.07
5.96 1.9955 0.0285 119.285
5.97 1.8915 0.0299 118.898
5.98 1.7995 0.0322 118.833
5.99 1.6955 0.0324 117.934
6 1.6155 0.0322 117.11
6.01 1.6044 0.0321 117.018
6.02 1.5994 0.031 116.68
6.03 1.6255 0.0302 116.752
6.04 1.6515 0.0297 116.911
6.05 1.8995 0.0263 118.144
6.06 2.3276 0.0223 120.049
6.07 2.7236 0.0192 121.332
6.08 3.0157 0.0182 122.635
6.09 3.1517 0.0178 123.244
6.1 3.1397 0.0177 123.175
6.11 3.0837 0.0175 122.796
6.12 3.0157 0.0175 122.458
6.13 2.9637 0.0175 122.207
6.14 2.8797 0.0173 121.641
6.15 2.7516 0.0173 120.901
6.16 2.6876 0.0173 120.547
6.17 2.6196 0.0173 120.157
6.18 2.5476 0.0186 120.453
6.19 2.4596 0.0259 123.248
6.2 2.3116 0.0266 122.477
6.21 2.1155 0.0267 121.016
6.22 2.0527 0.0263 120.395
6.23 2.0499 0.0258 120.232
6.24 2.0567 0.0237 119.496
6.25 2.0635 0.0219 118.823
6.26 2.4516 0.0203 121.096
6.27 2.4836 0.0193 120.867
6.28 2.3796 0.0179 119.428
6.29 2.2516 0.0164 117.673
6.3 2.1115 0.0163 116.581
6.31 1.9595 0.0165 115.502
6.32 1.8155 0.0167 114.404
6.33 1.6595 0.0173 113.316
6.34 1.5074 0.0175 111.914
6.35 1.4395 0.0176 111.275
6.36 1.4097 0.0171 110.723
6.37 1.4106 0.0166 110.509
6.38 1.4114 0.0155 109.937
6.39 1.6555 0.0156 112.601
6.4 1.8235 0.0157 114.289
6.41 1.8515 0.016 114.771
6.42 1.7475 0.0166 114.218
6.43 1.6195 0.0179 113.734
6.44 1.4874 0.022 114.342
6.45 1.4288 0.0224 113.902
6.46 1.405 0.0224 113.676
6.47 1.4042 0.0219 113.502
6.48 1.5678 0.0213 115.101
6.49 1.7315 0.0193 115.855
6.5 2.8557 0.0179 123.785
6.51 3.3597 0.0162 125.722
6.52 3.6358 0.0154 126.68
6.53 3.7958 0.0146 126.957
6.54 3.8518 0.0139 126.76
6.55 3.8478 0.0136 126.565
6.56 3.7958 0.0136 126.371
6.57 3.7158 0.0137 126.114
6.58 3.5438 0.0138 125.385
6.59 3.3357 0.015 125.215
6.6 2.8757 0.0175 124.203
6.61 2.6396 0.0208 124.508
6.62 2.4516 0.0236 124.544
6.63 2.2796 0.0264 124.454
6.64 2.2353 0.0266 124.232
6.65 2.2298 0.0267 124.279
6.66 2.2307 0.0261 124.103
6.67 2.2316 0.0255 123.922
6.68 2.3596 0.0223 123.587
6.69 2.6636 0.0171 123.066
6.7 2.7176 0.0167 123.231
6.71 2.7716 0.0167 123.632
6.72 2.7396 0.0168 123.538
6.73 2.5796 0.0169 122.583
6.74 2.3796 0.0185 122.132
6.75 1.9675 0.0204 119.853
6.76 1.8195 0.0213 118.986
6.77 1.6995 0.0215 117.963
6.78 1.6775 0.0215 117.79
6.79 1.6737 0.0209 117.523
6.8 1.6726 0.0204 117.323
6.81 1.6715 0.0201 117.216
6.82 1.6755 0.0203 117.401
6.83 1.6595 0.0204 117.334
6.84 1.6195 0.0209 117.206
6.85 1.5394 0.0218 116.809
6.86 1.4154 0.0247 116.658
6.87 1.2554 0.0255 115.011
6.88 1.2444 0.0258 115.024
6.89 1.2519 0.026 115.244
6.9 1.2594 0.0261 115.427
6.91 1.3314 0.0261 116.401
6.92 1.5755 0.0261 119.305
6.93 1.8195 0.0254 121.579
6.94 2.1115 0.0246 123.932
6.95 2.1475 0.0213 122.803
6.96 2.1876 0.0173 121.067
6.97 2.2636 0.0161 120.986
6.98 2.3636 0.0156 121.471
6.99 2.4516 0.0162 122.545
7 2.5236 0.0168 123.479
7.01 2.5596 0.0181 124.55
7.02 2.6076 0.0194 125.656
7.03 2.6636 0.0197 126.252
7.04 2.7996 0.0197 127.211
7.05 2.9797 0.0197 128.409
7.06 3.2037 0.0196 129.752
7.07 3.7358 0.0196 132.707
7.08 3.9998 0.0196 134.071
7.09 4.2319 0.0194 135.103
7.1 4.4359 0.0191 135.899
7.11 4.5759 0.0189 136.442
7.12 4.6479 0.0191 136.922
7.13 4.6759 0.0192 137.154
7.14 4.692 0.0196 137.511
7.15 4.712 0.0205 138.164
7.16 4.74 0.0213 138.777
7.17 4.804 0.0221 139.526
7.18 4.812 0.0229 140.028
7.19 4.876 0.0233 140.551
7.2 4.948 0.0235 141.003
7.21 5.048 0.0235 141.464
7.22 5.116 0.0235 141.791
7.23 5.208 0.0234 142.16
7.24 5.3401 0.0234 142.729
7.25 5.5161 0.0234 143.452
7.26 5.7161 0.0234 144.245
7.27 5.6721 0.0234 144.139
7.28 5.6241 0.0257 145.146
7.29 5.6141 0.0271 145.806
7.3 5.6187 0.0289 146.661
7.31 5.6234 0.0296 147.027
7.32 5.6366 0.0301 147.338
7.33 5.6641 0.0303 147.579
7.34 5.8001 0.0304 148.181
7.35 6.1282 0.0305 149.457
7.36 6.3282 0.0305 150.206
7.37 6.5282 0.0308 151.061
7.38 6.6803 0.0313 151.823
7.39 6.8203 0.0322 152.694
7.4 6.8803 0.0332 153.334
7.41 6.9323 0.0345 154.049
7.42 7.0363 0.0358 154.914
7.43 7.0243 0.0381 155.739
7.44 6.9243 0.0405 156.268
7.45 6.7043 0.0466 157.428
7.46 6.5002 0.0515 158.097
7.47 6.2202 0.0523 157.358
7.48 5.9962 0.0539 156.98
7.49 5.9186 0.054 156.768
7.5 5.9069 0.054 156.782
7.51 5.9055 0.0513 156.167
7.52 5.9989 0.0485 155.848
7.53 6.0922 0.0434 154.815
7.54 6.2562 0.0409 154.7
7.55 6.2442 0.0404 154.556
7.56 6.1362 0.0403 154.193
7.57 6.0602 0.0402 153.942
7.58 5.8281 0.04 153.071
7.59 5.6721 0.0401 152.562
7.6 5.5201 0.0403 152.085
7.61 5.3361 0.0407 151.524
7.62 5.168 0.0415 151.127
7.63 5 0.0435 151.054
7.64 4.816 0.0459 150.969
7.65 4.6439 0.0471 150.557
7.66 4.5199 0.0471 150.026
7.67 4.4931 0.0471 149.952
7.68 4.4814 0.0465 149.79
7.69 4.4926 0.0422 148.693
7.7 4.5039 0.0397 148.047
7.71 4.5079 0.0397 148.119
7.72 4.4679 0.0398 148.013
7.73 4.3759 0.04 147.685
7.74 4.0679 0.0404 146.315
7.75 3.9798 0.0414 146.204
7.76 3.8238 0.0424 145.705
7.77 3.6278 0.0435 144.966
7.78 3.4638 0.0469 144.96
7.79 3.2917 0.0515 145.076
7.8 3.2312 0.0551 145.557
7.81 3.2411 0.0551 145.673
7.82 3.2511 0.0551 145.789
7.83 3.2877 0.055 146.054
7.84 3.5438 0.0512 146.816
7.85 3.9918 0.0429 147.225
7.86 4.5439 0.0373 148.314
7.87 5 0.032 148.518
7.88 5.188 0.0314 149.127
7.89 5.284 0.0312 149.495
7.9 5.28 0.0314 149.61
7.91 5.208 0.0317 149.486
7.92 5.124 0.032 149.305
7.93 4.996 0.0319 148.776
7.94 4.88 0.0317 148.248
7.95 4.8244 0.0314 147.938
7.96 4.7969 0.0303 147.43
7.97 4.7865 0.0301 147.354
7.98 4.8332 0.0303 147.693
7.99 4.88 0.0305 148.031
8 4.828 0.0309 148.014
8.01 4.688 0.0323 147.984
8.02 4.5159 0.0328 147.429
8.03 4.2799 0.033 146.418
8.04 4.0398 0.033 145.256
8.05 3.8398 0.0322 143.954
8.06 3.6478 0.0313 142.607
8.07 3.4598 0.0312 141.536
8.08 3.4077 0.0313 141.313
8.09 3.3477 0.0315 141.075
8.1 3.2717 0.0327 141.096
8.11 3.0757 0.0366 141.212
8.12 2.8357 0.039 140.357
8.13 2.5596 0.0403 138.727
8.14 2.2876 0.0413 136.826
8.15 1.8395 0.043 133.089
8.16 1.6795 0.0433 131.477
8.17 1.5875 0.0439 130.608
8.18 1.4794 0.0441 129.382
8.19 1.3714 0.044 127.996
8.2 1.2994 0.0439 127.025
8.21 1.2314 0.0435 125.993
8.22 1.2147 0.0425 125.544
8.23 1.2121 0.0387 124.574
8.24 1.2117 0.0346 123.454
8.25 1.2516 0.0311 122.977
8.26 1.2914 0.0313 123.64
8.27 1.3114 0.0315 124.022
8.28 1.3154 0.0328 124.536
8.29 1.3167 0.0331 124.69
8.3 1.3179 0.0328 124.654
8.31 1.3444 0.0326 124.99
8.32 1.4034 0.0324 125.743
8.33 1.6755 0.0324 129.036
8.34 2.0955 0.0326 133.373
8.35 2.6396 0.0328 137.997
8.36 3.8198 0.0328 145.588
8.37 4.1479 0.0327 147.337
8.38 4.4159 0.0325 148.645
8.39 4.756 0.0302 149.377
8.4 5.192 0.0284 150.554
8.41 5.6641 0.0282 152.413
8.42 6.1082 0.0282 154.13
8.43 6.5002 0.0282 155.568
8.44 6.5322 0.0322 157.457
8.45 6.5282 0.0385 159.854
8.46 6.3802 0.0413 160.313
8.47 6.2082 0.0437 160.489
8.48 6.0762 0.0448 160.377
8.49 6.0337 0.0459 160.591
8.5 6.0329 0.0459 160.64
8.51 6.0385 0.046 160.744
8.52 6.0442 0.046 160.818
8.53 6.1002 0.0465 161.229
8.54 6.1962 0.0467 161.702
8.55 6.3162 0.0467 162.202
8.56 6.4802 0.046 162.651
8.57 6.6443 0.0453 163.082
8.58 6.7923 0.0418 162.562
8.59 6.7803 0.0377 161.183
8.6 6.7763 0.0372 161.042
8.61 6.6923 0.037 160.733
8.62 6.6523 0.0372 160.719
8.63 6.6123 0.0373 160.667
8.64 6.5042 0.0388 160.864
8.65 6.2682 0.04 160.468
8.66 5.7721 0.0411 158.983
8.67 5.5321 0.0417 158.255
8.68 5.312 0.0425 157.632
8.69 5.084 0.0439 157.113
8.7 4.92 0.0452 156.803
8.71 4.744 0.0455 156.118
8.72 4.6079 0.0456 155.543
8.73 4.4839 0.0457 155.011
8.74 4.3639 0.0457 154.456
8.75 4.2159 0.0458 153.767
8.76 4.0038 0.0459 152.705
8.77 3.8718 0.0463 152.127
8.78 3.6878 0.047 151.301
8.79 3.5198 0.0478 150.548
8.8 3.3437 0.0487 149.718
8.81 3.1597 0.0491 148.651
8.82 3.0117 0.0488 147.599
8.83 3.0051 0.0485 147.523
8.84 3.0081 0.046 146.942
8.85 3.0112 0.0433 146.272
8.86 3.0397 0.04 145.554
8.87 3.0037 0.0384 144.857
8.88 2.8517 0.038 143.698
8.89 2.5876 0.0377 141.652
8.9 2.3276 0.0376 139.521
8.91 2.0595 0.0376 137.126
8.92 1.8875 0.0376 135.457
8.93 1.6875 0.039 133.738
8.94 1.5554 0.0391 132.246
8.95 1.4434 0.0397 131.038
8.96 1.2634 0.0401 128.695
8.97 1.1914 0.0413 127.966
8.98 1.1541 0.0435 127.972
8.99 1.1383 0.0432 127.684
9 1.1482 0.044 128.078
9.01 1.1581 0.0441 128.3
9.02 1.1794 0.0444 128.75
9.03 1.2234 0.0454 129.711
9.04 1.2714 0.048 131.078
9.05 1.4434 0.0504 134.079
9.06 1.5354 0.0522 135.714
9.07 1.6675 0.0552 138.019
9.08 1.7675 0.0595 140.096
9.09 1.7915 0.0621 140.912
9.1 1.7115 0.0618 139.974
9.11 1.6275 0.0634 139.302
9.12 1.6035 0.0647 139.282
9.13 1.5905 0.0654 139.285
9.14 1.5904 0.0646 139.184
9.15 1.5929 0.0638 139.113
9.16 1.5955 0.0619 138.839
9.17 1.6115 0.0581 138.349
9.18 1.6235 0.0532 137.527
9.19 1.6035 0.0514 136.931
9.2 1.5795 0.0506 136.497
9.21 1.5675 0.0502 136.298
9.22 1.5288 0.0501 135.827
9.23 1.5109 0.0501 135.638
9.24 1.5051 0.0502 135.626
9.25 1.5443 0.0503 136.192
9.26 1.5835 0.0502 136.703
9.27 1.7595 0.052 139.243
9.28 1.9715 0.0538 141.987
9.29 2.1835 0.0543 144.245
9.3 2.3556 0.0543 145.873
9.31 2.5996 0.0521 147.494
9.32 3.2917 0.0498 152.066
9.33 3.6438 0.0453 153.143
9.34 4.1079 0.0448 155.712
9.35 4.6199 0.0449 158.445
9.36 4.844 0.0449 159.576
9.37 4.812 0.0462 159.851
9.38 4.788 0.0494 160.676
9.39 4.788 0.0492 160.669
9.4 4.6239 0.0489 159.83
9.41 4.5759 0.0472 159.168
9.42 4.5079 0.0469 158.788
9.43 4.3839 0.0465 158.086
9.44 4.1719 0.0425 155.837
9.45 3.9358 0.0425 154.58
9.46 3.6998 0.0424 153.225
9.47 3.4998 0.0422 151.989
9.48 3.4306 0.042 151.537
9.49 3.3989 0.0414 151.198
9.5 3.3913 0.0383 150.217
9.51 3.3837 0.0348 149.02
9.52 3.4197 0.0332 148.707
9.53 3.1897 0.0333 147.303
9.54 2.9597 0.0334 145.803
9.55 2.7276 0.0336 144.212
9.56 2.4996 0.0336 142.452
9.57 2.3076 0.0337 140.898
9.58 2.1115 0.0336 139.114
9.59 1.8915 0.0336 136.967
9.6 1.7475 0.0336 135.453
9.61 1.7235 0.0335 135.189
9.62 1.7155 0.0336 135.171
9.63 1.6675 0.0329 134.423
9.64 1.6435 0.0315 133.697
9.65 1.6155 0.0298 132.791
9.66 1.5795 0.0289 132.061
9.67 1.5114 0.0263 130.238
9.68 1.4394 0.024 128.382
9.69 1.3634 0.022 126.5
9.7 1.2674 0.0206 124.53
9.71 1.2114 0.0193 123.088
9.72 1.0914 0.019 121.13
9.73 1.0234 0.0183 119.673
9.74 0.9473 0.0179 118.165
9.75 0.9113 0.0179 117.541
9.76 0.8753 0.0179 116.894
9.77 0.8393 0.0179 116.222
9.78 0.8193 0.0179 115.852
9.79 0.7913 0.0178 115.253
9.8 0.7833 0.0177 115.063
9.81 0.7823 0.0177 115.074
9.82 0.7828 0.0177 115.118
9.83 0.7833 0.0176 115.107
9.84 0.7873 0.0175 115.169
9.85 0.8353 0.0175 116.187
9.86 0.8713 0.0172 116.76
9.87 0.9073 0.0168 117.246
9.88 0.9153 0.0162 117.073
9.89 0.8833 0.0148 115.635
9.9 0.8593 0.0144 114.947
9.91 0.8573 0.0143 114.874
9.92 0.8563 0.0144 114.953
9.93 0.8553 0.0138 114.56
9.94 0.8633 0.0134 114.465
9.95 0.8313 0.013 113.589
9.96 0.8113 0.013 113.223
9.97 0.8123 0.013 113.275
9.98 0.8132 0.0129 113.252
9.99 0.8201 0.0129 113.421
10 0.8353 0.0125 113.456
10.01 0.8553 0.0124 113.798
10.02 0.8433 0.0126 113.75
10.03 0.8553 0.0127 114.088
10.04 0.8473 0.0131 114.26
10.05 0.8663 0.014 115.293
10.06 0.8853 0.0157 116.794
10.07 0.9273 0.0172 118.505
10.08 0.9553 0.0184 119.716
10.09 1.0234 0.0196 121.58
10.1 1.0994 0.0204 123.284
10.11 1.1554 0.0212 124.601
10.12 1.2034 0.0212 125.368
10.13 1.2634 0.0213 126.334
10.14 1.2754 0.0219 126.834
10.15 1.2754 0.0213 126.575
10.16 1.2474 0.0229 126.969
10.17 1.2394 0.0254 127.985
10.18 1.2393 0.0257 128.143
10.19 1.2393 0.0258 128.22
10.2 1.2394 0.0258 128.256
10.21 1.2634 0.025 128.309
10.22 1.2794 0.0241 128.185
10.23 1.2914 0.0226 127.708
10.24 1.3514 0.0206 127.593
10.25 1.4234 0.0207 128.637
10.26 1.4354 0.0192 128.024
10.27 1.2874 0.0178 125.276
10.28 1.2394 0.0172 124.271
10.29 1.1394 0.0162 122.198
10.3 1.0394 0.0155 120.182
10.31 0.9393 0.0155 118.474
10.32 0.8953 0.0152 117.499
10.33 0.8753 0.0149 116.955
10.34 0.8633 0.0139 116.081
10.35 0.8633 0.013 115.467
10.36 0.8513 0.0127 115.042
10.37 0.8413 0.0126 114.802
10.38 0.8371 0.0124 114.597
10.39 0.8373 0.0123 114.554
10.4 0.8375 0.0122 114.511
10.41 0.8393 0.0122 114.577
10.42 0.8493 0.0122 114.803
10.43 0.8593 0.0122 115.028
10.44 0.8713 0.0123 115.367
10.45 0.8633 0.0129 115.702
10.46 0.8638 0.0135 116.181
10.47 0.8643 0.0137 116.364
10.48 0.8653 0.014 116.624
10.49 0.8733 0.0152 117.612
10.5 0.8953 0.0164 118.814
10.51 0.9473 0.0167 119.996
10.52 1.0114 0.0174 121.58
10.53 1.1034 0.0179 123.437
10.54 1.2154 0.0188 125.712
10.55 1.2714 0.02 127.217
10.56 1.3874 0.0216 129.688
10.57 1.4034 0.0226 130.427
10.58 1.4034 0.0231 130.699
10.59 1.4634 0.0235 131.712
10.6 1.5514 0.0232 132.717
10.61 1.6875 0.0245 134.98
10.62 1.7955 0.0257 136.77
10.63 1.8675 0.0277 138.443
10.64 1.8955 0.0292 139.386
10.65 1.891 0.0311 140.108
10.66 1.9022 0.0334 141.099
10.67 1.9135 0.0354 141.941
10.68 2.0115 0.0357 143.103
10.69 2.2156 0.0357 145.146
10.7 2.3436 0.0366 146.667
10.71 2.5076 0.0389 148.894
10.72 2.7036 0.039 150.587
10.73 2.8917 0.0389 152.06
10.74 2.9997 0.0388 152.872
10.75 3.0957 0.0384 153.474
10.76 3.1997 0.0386 154.313
10.77 3.7998 0.0389 158.323
10.78 4.2479 0.0396 161.165
10.79 4.692 0.0411 164.038
10.8 5.076 0.0451 167.237
10.81 5.3761 0.0497 170.038
10.82 5.5761 0.0538 172.11
10.83 5.8361 0.0561 173.892
10.84 6.1322 0.0577 175.591
10.85 7.0883 0.0597 179.848
10.86 7.6884 0.0617 182.512
10.87 8.2405 0.0639 184.929
10.88 8.6646 0.0643 186.414
10.89 8.9646 0.0644 187.402
10.9 9.1127 0.0643 187.869
10.91 9.2167 0.0642 188.2
10.92 9.4447 0.0641 188.887
10.93 9.7288 0.0612 189.013
10.94 10.033 0.0544 188.05
10.95 10.297 0.0484 186.975
10.96 10.501 0.0472 187.161
10.97 10.569 0.0479 187.612
10.98 10.521 0.0486 187.763
10.99 10.397 0.05 187.934
11 10.3947 0.0575 190.174
11.01 10.4091 0.0651 192.235
11.02 10.4234 0.0759 194.793
11.03 10.453 0.0799 195.757
11.04 10.597 0.0797 196.151
11.05 10.785 0.0795 196.657
11.06 10.901 0.0787 196.844
11.07 11.309 0.0768 197.536
11.08 11.473 0.0764 197.91
11.09 11.581 0.077 198.356
11.1 11.665 0.0776 198.74
11.11 11.749 0.079 199.292
11.12 11.737 0.082 199.931
11.13 11.713 0.0846 200.442
11.14 11.581 0.0862 200.477
11.15 11.509 0.09 201.068
11.16 11.457 0.092 201.355
11.17 11.437 0.0943 201.768
11.18 11.429 0.0958 202.063
11.19 11.369 0.098 202.342
11.2 11.225 0.1014 202.595
11.21 10.781 0.1054 202.121
11.22 10.505 0.1089 201.966
11.23 10.241 0.1149 202.177
11.24 9.9208 0.1156 201.406
11.25 9.6647 0.1156 200.698
11.26 9.3807 0.1148 199.772
11.27 9.0967 0.1139 198.808
11.28 8.8206 0.1088 197.224
11.29 8.4566 0.1031 195.203
11.3 7.4844 0.0963 190.761
11.31 6.7843 0.0839 185.983
11.32 6.0402 0.0511 175.549
11.33 5.292 0.0441 170.181
11.34 4.6399 0.0384 165.118
11.35 4.0318 0.0329 159.783
11.36 3.5118 0.0331 156.754
11.37 3.0557 0.0275 151.331
11.38 2.6556 0.0209 144.991
11.39 2.0515 0.0171 137.422
11.4 1.7755 0.0139 132.324
11.41 1.4794 0.0133 128.452
11.42 1.2114 0.0128 124.441
11.43 1.0874 0.0123 122.145
11.44 1.0034 0.0113 119.919
11.45 0.9513 0.0112 118.943
11.46 0.9433 0.0111 118.739
11.47 0.9353 0.0107 118.26
11.48 0.9273 0.0103 117.769
11.49 0.9262 0.0088 116.245
11.5 0.9258 0.0084 115.816
11.51 0.9326 0.0074 114.75
11.52 0.9393 0.0071 114.501
11.53 0.9473 0.007 114.534
11.54 0.9433 0.0068 114.216
11.55 0.9673 0.0069 114.797
11.56 0.9914 0.0066 114.806
11.57 1.0234 0.0065 115.214
11.58 1.0274 0.0065 115.306
11.59 1.0394 0.0064 115.378
11.6 1.0394 0.0064 115.406
11.61 1.0474 0.0061 115.1
11.62 1.0594 0.0059 114.998
11.63 1.0634 0.0059 115.088
11.64 1.0554 0.0059 114.99
11.65 1.0474 0.006 115.052
11.66 1.0194 0.006 114.631
11.67 1.0034 0.0061 114.555
11.68 1.0034 0.0061 114.583
11.69 1.0034 0.0061 114.61
11.7 1.0114 0.006 114.611
11.71 0.9914 0.0059 114.149
11.72 0.9874 0.0058 113.947
11.73 0.9633 0.0056 113.238
11.74 0.9273 0.0057 112.812
11.75 0.9273 0.0055 112.504
11.76 0.8913 0.0055 111.89
11.77 0.8838 0.0054 111.61
11.78 0.8829 0.0051 111.091
11.79 0.8831 0.0049 110.751
11.8 0.8833 0.0047 110.397
11.81 0.9113 0.0047 110.921
11.82 0.9193 0.0046 110.888
11.83 0.9193 0.0046 110.914
11.84 0.9393 0.0046 111.285
11.85 0.9433 0.0046 111.379
11.86 0.9343 0.0046 111.251
11.87 0.9344 0.0046 111.279
11.88 0.9345 0.0045 111.103
11.89 0.9353 0.0044 110.936
11.9 0.9513 0.0044 111.233
11.91 0.9433 0.0045 111.332
11.92 0.9473 0.0047 111.829
11.93 0.9513 0.0051 112.686
11.94 0.9553 0.0064 114.932
11.95 0.9593 0.01 119.379
11.96 1.0074 0.0119 122.004
11.97 1.0714 0.0135 124.418
11.98 1.2194 0.0152 128.045
11.99 1.4354 0.0168 132.215
12 1.8435 0.0198 138.984
12.01 2.1035 0.0239 143.919
12.02 2.3756 0.0279 148.394
12.03 2.5596 0.0308 151.271
12.04 2.7836 0.033 154.027
12.05 3.1757 0.0357 158.044
12.06 3.4838 0.0372 160.752
12.07 3.6478 0.0383 162.251
12.08 3.7078 0.0394 163.054
12.09 3.5878 0.044 163.818
12.1 3.2477 0.0458 162.063
12.11 3.2264 0.0457 161.917
12.12 3.2266 0.0455 161.896
12.13 3.2267 0.045 161.786
12.14 3.4438 0.0416 162.283
12.15 4.1119 0.0381 165.305
12.16 4.996 0.0363 169.362
12.17 5.8961 0.0353 173.087
12.18 6.5883 0.0345 175.581
12.19 7.5444 0.0341 178.908
12.2 7.8925 0.0343 180.203
12.21 8.1605 0.0344 181.156
12.22 8.3525 0.0387 183.596
12.23 8.3725 0.0432 185.39
12.24 8.3245 0.0471 186.616
12.25 8.2045 0.0506 187.382
12.26 8.0325 0.0537 187.781
12.27 7.8365 0.0559 187.782
12.28 7.4484 0.0572 186.813
12.29 7.3764 0.0586 186.97
12.3 7.2964 0.0583 186.639
12.31 7.2004 0.0588 186.458
12.32 7.1163 0.0589 186.211
12.33 7.0203 0.0586 185.81
12.34 6.8843 0.0583 185.25
12.35 6.7283 0.0576 184.496
12.36 6.6083 0.0573 183.98
12.37 6.2122 0.0557 181.961
12.38 6.0282 0.054 180.749
12.39 5.8841 0.0517 179.51
12.4 5.7441 0.0505 178.579
12.41 5.5921 0.0497 177.695
12.42 5.4601 0.0495 177.065
12.43 5.3681 0.0493 176.612
12.44 5.284 0.0488 176.101
12.45 5.2148 0.0486 175.746
12.46 5.2116 0.0489 175.86
12.47 5.2178 0.0492 176.019
12.48 5.224 0.0513 176.701
12.49 5.264 0.0517 177.049
12.5 5.3241 0.0532 177.801
12.51 5.4161 0.0533 178.308
12.52 5.6001 0.0532 179.179
12.53 6.4842 0.0531 183.014
12.54 6.8923 0.0498 183.687
12.55 7.3004 0.0454 183.836
12.56 7.9205 0.0425 185.029
12.57 8.4446 0.0417 186.49
12.58 8.9246 0.0411 187.796
12.59 9.8688 0.0411 190.577
12.6 10.161 0.0411 191.422
12.61 10.277 0.0411 191.777
12.62 10.309 0.0425 192.441
12.63 10.209 0.0446 192.986
12.64 10.045 0.0466 193.283
12.65 9.8248 0.0493 193.615
12.66 9.6047 0.0511 193.603
12.67 9.4159 0.0522 193.435
12.68 9.3348 0.0523 193.268
12.69 9.377 0.0523 193.436
12.7 9.4192 0.0517 193.417
12.71 9.5087 0.0511 193.535
12.72 9.6968 0.0498 193.709
12.73 10.085 0.0493 194.686
12.74 10.409 0.047 194.841
12.75 10.777 0.0461 195.546
12.76 11.145 0.0458 196.43
12.77 11.449 0.0458 197.236
12.78 11.765 0.0459 198.089
12.79 12.157 0.0462 199.178
12.8 13.457 0.0467 202.338
12.81 14.205 0.0479 204.396
12.82 14.858 0.0518 207.112
12.83 15.33 0.0553 209.227
12.84 15.734 0.0581 210.923
12.85 16.106 0.0624 212.941
12.86 16.65 0.0641 214.487
12.87 16.854 0.0667 215.622
12.88 17.09 0.07 216.971
12.89 17.274 0.0729 218.088
12.9 17.422 0.0758 219.113
12.91 17.542 0.078 219.9
12.92 17.67 0.08 220.642
12.93 17.758 0.0801 220.87
12.94 17.79 0.0812 221.226
12.95 17.846 0.0821 221.577
12.96 17.878 0.0833 221.949
12.97 17.926 0.0834 222.105
12.98 17.994 0.0835 222.296
12.99 18.186 0.0835 222.683
13 18.254 0.0833 222.806
13.01 18.302 0.0832 222.916
13.02 18.354 0.0828 222.965
13.03 18.378 0.0825 222.987
13.04 18.498 0.0824 223.222
13.05 18.51 0.0824 223.29
13.06 18.578 0.0824 223.455
13.07 18.638 0.0827 223.674
13.08 18.734 0.0832 224
13.09 18.814 0.0834 224.23
13.1 18.854 0.0836 224.391
13.11 18.81 0.0836 224.363
13.12 18.75 0.0836 224.307
13.13 18.7499 0.0836 224.355
13.14 18.752 0.0836 224.406
13.15 18.754 0.0837 224.479
13.16 18.942 0.0838 224.871
13.17 19.054 0.0842 225.199
13.18 19.242 0.0848 225.699
13.19 19.306 0.0852 225.943
13.2 19.37 0.0856 226.186
13.21 19.282 0.0858 226.129
13.22 19.19 0.086 226.065
13.23 18.942 0.086 225.689
13.24 18.69 0.086 225.302
13.25 18.418 0.086 224.874
13.26 18.146 0.0862 224.483
13.27 17.706 0.0861 223.716
13.28 17.57 0.0861 223.515
13.29 17.422 0.0861 223.289
13.3 17.4236 0.0858 223.274
13.31 17.4251 0.0836 222.842
13.32 17.4552 0.0831 222.832
13.33 17.526 0.083 222.986
13.34 17.69 0.083 223.332
13.35 17.87 0.083 223.705
13.36 17.99 0.083 223.967
13.37 18.17 0.0831 224.357
13.38 18.41 0.0831 224.828
13.39 18.454 0.083 224.93
13.4 18.522 0.083 225.096
13.41 18.562 0.0818 224.94
13.42 18.558 0.0815 224.911
13.43 18.566 0.0812 224.902
13.44 18.574 0.0813 224.986
13.45 18.578 0.0714 222.621
13.46 18.614 0.0667 221.471
13.47 18.638 0.0647 220.997
13.48 18.578 0.0652 221.082
13.49 18.51 0.0657 221.151
13.5 18.39 0.0735 223.062
13.51 18.218 0.0746 223.082
13.52 18.034 0.0767 223.317
13.53 17.546 0.0787 222.959
13.54 17.326 0.0821 223.385
13.55 16.958 0.0822 222.764
13.56 16.59 0.0822 222.106
13.57 16.602 0.0821 222.153
13.58 16.542 0.0814 221.924
13.59 16.4981 0.0794 221.426
13.6 16.4762 0.0788 221.289
13.61 16.4671 0.0779 221.105
13.62 16.5225 0.0766 220.948
13.63 16.578 0.076 220.955
13.64 16.69 0.0752 221.02
13.65 16.942 0.0752 221.542
13.66 17.45 0.0752 222.532
13.67 17.638 0.0753 222.946
13.68 17.822 0.0755 223.374
13.69 17.994 0.0775 224.216
13.7 18.134 0.0796 225.012
13.71 18.214 0.0817 225.689
13.72 18.174 0.0823 225.8
13.73 18.122 0.0837 226.07
13.74 18.01 0.0844 226.07
13.75 17.81 0.0848 225.842
13.76 17.582 0.0849 225.491
13.77 17.3807 0.0847 225.118
13.78 17.2849 0.0845 224.94
13.79 17.2534 0.084 224.816
13.8 17.3677 0.0841 225.097
13.81 17.482 0.0838 225.288
13.82 18.186 0.0835 226.551
13.83 18.478 0.0817 226.705
13.84 18.73 0.0806 226.937
13.85 18.966 0.0801 227.275
13.86 19.074 0.0799 227.459
13.87 19.21 0.0798 227.714
13.88 19.41 0.0799 228.123
13.89 19.738 0.08 228.744
13.9 20.238 0.0805 229.735
13.91 20.883 0.081 230.94
13.92 22.067 0.0811 232.852
13.93 22.515 0.0811 233.573
13.94 22.883 0.0813 234.214
13.95 23.127 0.082 234.786
13.96 23.295 0.0824 235.173
13.97 23.479 0.083 235.628
13.98 23.435 0.084 235.846
13.99 23.422 0.0852 236.153
14 23.4205 0.0871 236.632
14.01 23.4378 0.0875 236.794
14.02 23.455 0.0875 236.866
14.03 23.599 0.0875 237.122
14.04 23.775 0.0874 237.4
14.05 24.015 0.087 237.7
14.06 24.587 0.0867 238.486
14.07 24.859 0.0867 238.911
14.08 25.067 0.0867 239.245
14.09 25.211 0.0866 239.467
14.1 25.327 0.0865 239.65
14.11 25.615 0.0862 240.018
14.12 25.755 0.0846 239.88
14.13 25.815 0.0828 239.578
14.14 25.863 0.0826 239.641
14.15 25.807 0.0827 239.637
14.16 25.483 0.0826 239.225
14.17 25.311 0.0826 239.039
14.18 25.119 0.0827 238.847
14.19 24.915 0.0827 238.614
14.2 24.731 0.0858 239.137
14.21 24.459 0.0864 238.942
14.22 24.323 0.0867 238.866
14.23 24.203 0.087 238.811
14.24 23.999 0.0868 238.521
14.25 23.803 0.087 238.331
14.26 23.419 0.0872 237.866
14.27 23.263 0.0875 237.751
14.28 23.167 0.0876 237.678
14.29 23.043 0.0876 237.541
14.3 23.015 0.0875 237.523
14.31 22.755 0.0874 237.158
14.32 22.655 0.0863 236.804
14.33 22.5865 0.0857 236.61
14.34 22.5899 0.0846 236.406
14.35 22.5934 0.0823 235.916
14.36 22.627 0.0817 235.868
14.37 22.979 0.0813 236.343
14.38 23.195 0.0811 236.659
14.39 23.439 0.0811 237.061
14.4 23.695 0.0811 237.478
14.41 23.915 0.0768 236.765
14.42 24.291 0.0725 236.208
14.43 24.359 0.0682 235.149
14.44 24.435 0.0667 234.865
14.45 24.511 0.0677 235.307
14.46 24.475 0.0688 235.618
14.47 24.415 0.0772 237.848
14.48 24.399 0.0773 237.897
14.49 24.363 0.0792 238.374
14.5 24.319 0.0839 239.503
14.51 24.127 0.086 239.768
14.52 23.843 0.0882 239.91
14.53 23.769 0.0893 240.096
14.54 23.733 0.0905 240.356
14.55 23.7313 0.0931 240.966
14.56 23.7312 0.0938 241.163
14.57 23.7671 0.0945 241.41
14.58 23.803 0.0952 241.657
14.59 23.827 0.0952 241.738
14.6 23.783 0.0955 241.783
14.61 23.767 0.0971 242.141
14.62 23.751 0.0979 242.329
14.63 23.691 0.0986 242.43
14.64 23.631 0.0991 242.49
14.65 23.487 0.0994 242.383
14.66 23.175 0.0999 242.064
14.67 23.063 0.0999 241.941
14.68 22.983 0.1 241.886
14.69 22.9612 0.1001 241.919
14.7 22.963 0.1001 241.967
14.71 22.9648 0.1004 242.076
14.72 22.975 0.1013 242.317
14.73 23.091 0.1015 242.578
14.74 23.231 0.1014 242.815
14.75 23.367 0.1016 243.105
14.76 23.575 0.1018 243.501
14.77 23.587 0.102 243.605
14.78 23.671 0.103 243.973
14.79 23.671 0.1045 244.313
14.8 23.619 0.1046 244.301
14.81 23.611 0.1045 244.316
14.82 23.543 0.1045 244.26
14.83 23.535 0.1041 244.216
14.84 23.487 0.1031 243.994
14.85 23.475 0.1028 243.962
14.86 23.323 0.1016 243.542
14.87 23.311 0.1011 243.469
14.88 23.299 0.1004 243.356
14.89 23.295 0.0997 243.254
14.9 23.2898 0.0996 243.271
14.91 23.2997 0.0992 243.25
14.92 23.3097 0.0988 243.229
14.93 23.331 0.0985 243.244
14.94 23.403 0.0983 243.356
14.95 23.531 0.0982 243.572
14.96 23.627 0.0982 243.76
14.97 23.691 0.0982 243.901
14.98 23.791 0.0992 244.3
14.99 23.779 0.1003 244.552
15 23.859 0.1017 244.998
15.01 23.847 0.1031 245.304
15.02 23.839 0.1049 245.691
15.03 23.819 0.1061 245.94
15.04 23.651 0.1065 245.812
15.05 23.567 0.1065 245.731
15.06 23.507 0.1066 245.706
15.07 23.475 0.1066 245.703
15.08 23.475 0.1071 245.844
15.09 23.447 0.1073 245.885
15.1 23.403 0.1073 245.864
15.11 23.371 0.1073 245.861
15.12 23.347 0.1073 245.869
15.13 23.291 0.1072 245.81
15.14 23.163 0.1069 245.603
15.15 23.119 0.1064 245.485
15.16 23.023 0.1049 245.094
15.17 22.927 0.1034 244.698
15.18 22.863 0.1023 244.426
15.19 22.571 0.1015 243.86
15.2 22.527 0.1017 243.876
15.21 22.503 0.1014 243.823
15.22 22.471 0.1011 243.758
15.23 22.415 0.1011 243.714
15.24 22.347 0.101 243.632
15.25 22.299 0.101 243.601
15.26 22.255 0.1009 243.556
15.27 22.267 0.1004 243.519
15.28 22.207 0.1 243.388
15.29 22.047 0.0992 243.016
15.3 21.919 0.0986 242.734
15.31 21.771 0.0985 242.521
15.32 21.563 0.0975 242.024
15.33 21.435 0.097 241.757
15.34 21.123 0.0966 241.208
15.35 21.019 0.0952 240.788
15.36 20.923 0.0954 240.715
15.37 20.803 0.0943 240.327
15.38 20.671 0.0939 240.065
15.39 20.55 0.0922 239.541
15.4 20.302 0.0913 238.971
15.41 20.206 0.091 238.786
15.42 20.07 0.0895 238.267
15.43 20.054 0.0888 238.127
15.44 20.01 0.0873 237.757
15.45 20.014 0.0859 237.487
15.46 19.886 0.0838 236.822
15.47 19.866 0.0831 236.665
15.48 19.838 0.083 236.636
15.49 19.766 0.0829 236.531
15.5 19.734 0.0829 236.518
15.51 19.6485 0.0829 236.413
15.52 19.6072 0.083 236.407
15.53 19.6107 0.0831 236.479
15.54 19.6141 0.0836 236.646
15.55 19.622 0.0837 236.725
15.56 19.638 0.084 236.866
15.57 19.662 0.0856 237.322
15.58 19.662 0.0864 237.548
15.59 19.678 0.087 237.755
15.6 19.706 0.0872 237.892
15.61 19.774 0.0873 238.075
15.62 19.822 0.0873 238.201
15.63 19.826 0.0873 238.25
15.64 19.886 0.0873 238.396
15.65 19.946 0.0873 238.542
15.66 20.014 0.0874 238.724
15.67 20.05 0.0876 238.873
15.68 20.05 0.088 239.006
15.69 20.09 0.0888 239.297
15.7 20.058 0.0911 239.795
15.71 19.994 0.0916 239.836
15.72 19.926 0.093 240.063
15.73 19.818 0.0951 240.364
15.74 19.674 0.0951 240.154
15.75 19.526 0.095 239.915
15.76 19.114 0.0948 239.179
15.77 18.918 0.094 238.698
15.78 18.662 0.0935 238.167
15.79 18.454 0.093 237.718
15.8 18.266 0.0928 237.367
15.81 18.15 0.0914 236.892
15.82 18.038 0.0893 236.265
15.83 17.994 0.0884 236.024
15.84 17.922 0.0882 235.885
15.85 17.806 0.0882 235.706
15.86 17.558 0.0882 235.272
15.87 17.274 0.0883 234.783
15.88 16.942 0.0889 234.301
15.89 16.17 0.0892 232.839
15.9 15.69 0.0891 231.849
15.91 15.214 0.0891 230.863
15.92 14.698 0.089 229.738
15.93 14.145 0.0883 228.362
15.94 13.621 0.0872 226.927
15.95 12.513 0.0863 224.017
15.96 12.045 0.0817 221.817
15.97 11.637 0.0786 220.048
15.98 11.341 0.0749 218.393
15.99 11.113 0.0707 216.75
16 10.921 0.0668 215.226
16.01 10.713 0.0642 213.96
16.02 10.565 0.0616 212.836
16.03 10.161 0.0615 211.652
16.04 9.6007 0.0614 209.938
16.05 8.8646 0.0627 207.939
16.06 8.1005 0.0639 205.617
16.07 7.3284 0.0672 203.558
16.08 6.6243 0.0681 200.876
16.09 5.8121 0.0684 197.234
16.1 4.1919 0.0681 188.131
16.11 3.6158 0.0679 184.155
16.12 3.2197 0.0625 179.89
16.13 2.8917 0.0555 175.417
16.14 2.6076 0.0517 171.837
16.15 2.2516 0.0481 167.264
16.16 2.1863 0.0459 165.938
16.17 2.2303 0.0453 166.261
16.18 2.2743 0.0424 165.843
16.19 2.3916 0.0377 165.452
16.2 2.4316 0.0324 163.798
16.21 2.3836 0.0277 161.24
16.22 2.3196 0.0238 158.622
16.23 2.2516 0.0203 155.894
16.24 2.2396 0.0168 153.367
16.25 2.2276 0.0153 152.086
16.26 2.2876 0.0146 152.102
16.27 2.2236 0.0144 151.334
16.28 2.1843 0.0149 151.401
16.29 2.1794 0.0154 151.794
16.3 2.1794 0.0166 152.77
16.31 2.1795 0.017 153.101
16.32 2.2836 0.0174 154.458
16.33 2.4516 0.0173 155.996
16.34 2.5836 0.0173 157.206
16.35 2.5036 0.0172 156.446
16.36 2.6076 0.0157 156.202
16.37 2.6676 0.0158 156.824
16.38 2.5356 0.0159 155.79
16.39 2.3836 0.0162 154.676
16.4 2.3855 0.021 158.097
16.41 2.3875 0.0209 158.08
16.42 2.3986 0.0208 158.15
16.43 2.4716 0.0204 158.604
16.44 2.9157 0.0179 160.694
16.45 3.8758 0.0176 167.21
16.46 4.2759 0.0178 169.781
16.47 4.6279 0.018 171.915
16.48 5.064 0.0183 174.427
16.49 5.4761 0.02 177.742
16.5 5.6241 0.0217 179.672
16.51 5.5201 0.0252 181.463
16.52 5.366 0.0279 182.292
16.53 5.212 0.0305 182.911
16.54 4.98 0.0331 182.987
16.55 4.8 0.0356 183.157
16.56 4.7939 0.0359 183.282
16.57 4.7973 0.0357 183.246
16.58 4.8008 0.0356 183.253
16.59 4.828 0.0309 181.285
16.6 4.824 0.0295 180.596
16.61 4.896 0.0288 180.651
16.62 4.972 0.0285 180.924
16.63 4.4359 0.0284 177.954
16.64 4.0679 0.0283 175.726
16.65 3.7238 0.0286 173.685
16.66 3.4598 0.0288 171.984
16.67 3.2637 0.0287 170.524
16.68 3.0357 0.0285 168.685
16.69 2.9377 0.0276 167.47
16.7 2.8967 0.0255 166.062
16.71 3.0082 0.0219 164.895
16.72 3.1197 0.0205 164.88
16.73 3.8158 0.0196 169.127
16.74 5.204 0.0196 176.885
16.75 6.1562 0.0196 181.247
16.76 6.3202 0.02 182.271
16.77 6.0042 0.0246 184.103
16.78 5.5681 0.0256 182.75
16.79 5.196 0.0268 181.66
16.8 4.84 0.0266 179.73
16.81 4.5639 0.0274 178.686
16.82 4.3879 0.0278 177.921
16.83 4.2239 0.0278 176.977
16.84 3.9918 0.0271 175.199
16.85 3.9078 0.0264 174.312
16.86 3.7998 0.0253 173.025
16.87 3.6558 0.0246 171.692
16.88 3.4398 0.0238 169.754
16.89 3.2157 0.0225 167.359
16.9 2.9477 0.0225 165.302
16.91 2.6516 0.0218 162.4
16.92 2.3996 0.0212 159.737
16.93 2.1835 0.0212 157.606
16.94 2.1449 0.021 157.104
16.95 2.1536 0.0208 157.096
16.96 2.1623 0.0202 156.831
16.97 2.3036 0.0185 157.139
16.98 2.7156 0.0165 159.409
16.99 3.1877 0.0152 162.047
17 3.5438 0.0139 163.345
17.01 3.7398 0.013 163.728
17.02 3.7678 0.0105 161.044
17.03 3.3677 0.009 156.468
17.04 3.0677 0.009 154.405
17.05 2.7436 0.0086 151.393
17.06 2.4036 0.0084 148.27
17.07 2.0995 0.0081 144.994
17.08 1.8555 0.0081 142.46
17.09 1.6195 0.008 139.575
17.1 1.3954 0.0079 136.493
17.11 1.2154 0.0077 133.542
17.12 1.0794 0.0077 131.3
17.13 1.0034 0.0077 129.948
17.14 0.9974 0.0077 129.857
17.15 0.998 0.0077 129.89
17.16 0.9985 0.0077 129.92
17.17 1.0007 0.0074 129.553
17.18 1.0055 0.0074 129.663
17.19 1.0154 0.0074 129.867
17.2 1.0194 0.0073 129.815
17.21 1.0474 0.0073 130.344
17.22 1.0514 0.0074 130.584
17.23 1.0494 0.0076 130.859
17.24 1.0504 0.0081 131.594
17.25 1.0514 0.0082 131.768
17.26 1.0554 0.0084 132.126
17.27 1.0514 0.0083 131.943
17.28 1.0314 0.0084 131.731
17.29 1.0394 0.0084 131.899
17.3 1.0234 0.0085 131.756
17.31 1.0234 0.0087 132.032
17.32 1.0074 0.0088 131.879
17.33 1.0034 0.0088 131.825
17.34 0.9996 0.0089 131.898
17.35 0.998 0.0089 131.889
17.36 0.9987 0.0089 131.923
17.37 0.9994 0.0091 132.202
17.38 1.0074 0.0093 132.614
17.39 1.0114 0.0093 132.711
17.4 1.0034 0.0093 132.581
17.41 1.0033 0.0094 132.718
17.42 1.0034 0.0094 132.741
17.43 1.0034 0.0097 133.11
17.44 1.0234 0.0099 133.737
17.45 1.0474 0.0104 134.757
17.46 1.0754 0.0112 136.128
17.47 1.0994 0.0124 137.745
17.48 1.1314 0.0136 139.404
17.49 1.2074 0.0134 140.564
17.5 1.2394 0.0139 141.548
17.51 1.2874 0.0143 142.684
17.52 1.2994 0.0142 142.814
17.53 1.3034 0.015 143.553
17.54 1.3474 0.0163 145.265
17.55 1.3914 0.0169 146.401
17.56 1.4394 0.0172 147.357
17.57 1.4434 0.0171 147.367
17.58 1.4234 0.0171 147.095
17.59 1.4274 0.0169 147.034
17.6 1.3754 0.0169 146.273
17.61 1.3114 0.0168 145.224
17.62 1.2934 0.0168 144.958
17.63 1.2754 0.0168 144.689
17.64 1.2753 0.0167 144.638
17.65 1.2753 0.0167 144.661
17.66 1.2754 0.0168 144.757
17.67 1.2794 0.0168 144.845
17.68 1.2794 0.0183 145.903
17.69 1.2954 0.0183 146.187
17.7 1.4154 0.0194 148.808
17.71 1.5234 0.0235 152.834
17.72 1.6915 0.0301 158.409
17.73 1.9075 0.0388 164.64
17.74 2.0395 0.0595 172.281
17.75 2.1395 0.0689 175.63
17.76 2.1876 0.0776 177.973
17.77 2.2476 0.0845 179.967
17.78 2.2396 0.0897 180.799
17.79 2.1275 0.0944 180.259
17.8 2.0635 0.0985 180.132
17.81 1.9989 0.1013 179.756
17.82 1.9679 0.1005 179.261
17.83 1.9692 0.0998 179.202
17.84 1.9705 0.0982 179.006
17.85 2.0395 0.0947 179.381
17.86 2.2116 0.0723 177.484
17.87 2.4716 0.0631 178.345
17.88 2.7716 0.055 179.278
17.89 3.0317 0.0452 178.696
17.9 3.1797 0.0383 177.491
17.91 3.2077 0.0331 175.598
17.92 3.0517 0.0274 171.649
17.93 2.9637 0.0229 168.421
17.94 2.8797 0.0189 165.093
17.95 2.8116 0.0188 164.478
17.96 2.7796 0.018 163.639
17.97 2.7636 0.0179 163.453
17.98 2.6756 0.0179 162.718
17.99 2.4836 0.0179 161.007
18 2.2316 0.018 158.644
18.01 1.9875 0.0192 156.884
18.02 1.7035 0.0198 153.856
18.03 1.6315 0.02 153.053
18.04 1.6105 0.0214 153.654
18.05 1.6069 0.0248 155.525
18.06 1.6386 0.0289 157.985
18.07 1.6703 0.0316 159.628
18.08 1.7355 0.0424 164.51
18.09 1.8955 0.0505 169.08
18.1 2.0075 0.0584 172.584
18.11 2.0755 0.0669 175.412
18.12 2.0555 0.0748 176.829
18.13 1.9515 0.0856 177.52
18.14 1.8955 0.0905 177.625
18.15 1.8195 0.0988 177.903
18.16 1.8306 0.1079 179.396
18.17 1.8418 0.1171 180.808
18.18 1.932 0.129 183.557
18.19 2.1806 0.1371 187.762
18.2 2.7236 0.1451 194.818
18.21 4.6839 0.1462 210.802
18.22 5.9241 0.1465 218.125
18.23 8.0885 0.1454 228.021
18.24 9.6327 0.1443 233.719
18.25 10.905 0.1422 237.678
18.26 10.905 0.1439 237.949
18.27 12.369 0.1456 242.579
18.28 14.494 0.1493 248.737
18.29 18.322 0.1565 258.324
18.3 19.398 0.1636 261.459
18.31 21.479 0.1592 264.763
18.32 23.103 0.1865 271.144
18.33 24.559 0.0194 226.627
18.34 32.32 0.0259 241.542
18.35 37.369 0.0428 257.209
18.36 34.301 0.0778 267.047
18.37 35.565 0.1639 285.654
18.38 35.057 0.0399 253.486
18.39 40.054 0.0202 244.207
