0.02 0.2506 0 0
0.03 0.3234 0.0012 16.1975
0.04 0.3234 0.0025 18.651
0.05 0.3598 0.005 21.3481
0.06 0.3963 0.0099 24.1044
0.07 0.5501 0.0199 27.954
0.0800001 0.7363 0.0218 30.4854
0.0900001 0.9184 0.0267 33.0719
0.1 1.0115 0.0286 34.7298
0.11 1.1694 0.0302 36.5804
0.12 1.1694 0.0301 37.4657
0.13 1.2463 0.0322 38.8792
0.14 1.6187 0.0373 41.7184
0.15 1.7847 0.0427 43.6162
0.16 1.9506 0.0485 45.457
0.17 2.1409 0.0518 47.1108
0.18 2.2987 0.0578 48.8011
0.19 2.4202 0.0623 50.2212
0.2 2.5375 0.0657 51.5181
0.21 2.6792 0.0686 52.8214
0.22 2.7885 0.0755 54.2488
0.23 2.9018 0.0781 55.395
0.24 2.9949 0.086 56.7631
0.25 3.0192 0.0877 57.5714
0.26 3.1002 0.0885 58.4691
0.27 3.2216 0.0886 59.4191
0.28 3.2621 0.0886 60.1309
0.29 3.2702 0.0886 60.7421
0.3 3.2945 0.0883 61.3653
0.31 3.254 0.086 61.6815
0.32 3.2419 0.0849 62.1284
0.33 3.2135 0.0823 62.421
0.34 3.1771 0.0812 62.7678
0.35 3.1204 0.0800001 63.0336
0.36 3.1063 0.0789 63.4147
0.37 3.0921 0.0772 63.7418
0.38 3.084 0.0738 63.9518
0.39 3.088 0.0711 64.2278
0.4 3.0354 0.0671 64.2115
0.41 3.0111 0.0649 64.4002
0.42 2.9787 0.06 64.3107
0.43 2.9342 0.0537 63.9992
0.44 2.8695 0.0524 64.0723
0.45 2.8249 0.0511 64.1942
0.46 2.8243 0.0497 64.4366
0.47 2.8246 0.0474 64.5689
0.48 2.8249 0.0466 64.857
0.49 2.9099 0.0453 65.3549
0.5 2.8653 0.0443 65.4553
0.51 2.8431 0.0429 65.5675
0.52 2.8522 0.0416 65.7842
0.53 2.8614 0.0415 66.1509
0.54 2.9342 0.0415 66.7365
0.55 2.9504 0.0416 67.1444
0.56 2.9666 0.0417 67.5483
0.57 3.003 0.0417 68.0008
0.58 3.003 0.0417 68.3304
0.59 3.0152 0.0417 68.696
0.6 2.9909 0.0406 68.7842
0.61 2.9504 0.0401 68.8944
0.62 2.9464 0.0384 68.9441
0.63 2.9464 0.0378 69.1608
0.640001 2.9484 0.0373 69.3941
0.650001 2.9504 0.0367 69.6067
0.660001 2.9666 0.0362 69.8781
0.670001 3.0111 0.0347 70.0743
0.680001 3.0273 0.0338 70.2641
0.690001 3.0961 0.0328 70.6018
0.700001 3.1204 0.0307 70.5751
0.710001 3.1488 0.0296 70.7314
0.720001 3.2095 0.0282 70.916
0.730001 3.2499 0.028 71.2746
0.740001 3.3147 0.0275 71.6409
0.75 3.4078 0.0274 72.1742
0.760001 3.4766 0.0273 72.6272
0.770001 3.5616 0.0273 73.1456
0.780001 3.6345 0.0274 73.6453
0.790001 3.6709 0.0281 74.1682
0.800001 3.7357 0.029 74.8118
0.810001 3.76 0.0303 75.4154
0.820001 3.7762 0.0326 76.1822
0.830001 3.7721 0.0341 76.714
0.840001 3.7519 0.0356 77.1863
0.850001 3.7473 0.0367 77.6233
0.860001 3.7456 0.0377 78.0454
0.870001 3.7438 0.0391 78.5291
0.880001 3.7438 0.0416 79.1862
0.890001 3.7195 0.0428 79.5489
0.900001 3.7195 0.0441 79.9953
0.910001 3.6993 0.0451 80.3282
0.920001 3.6871 0.046 80.6668
0.930001 3.679 0.0475 81.1002
0.940001 3.677 0.0481 81.4204
0.950001 3.676 0.0483 81.6852
0.960001 3.6795 0.0483 81.9346
0.970001 3.6831 0.0483 82.1825
0.980001 3.6952 0.0484 82.4703
0.990001 3.7195 0.0485 82.7957
1 3.76 0.0487 83.1854
1.01 3.8166 0.0493 83.6807
1.02 3.8774 0.0505 84.2699
1.03 3.9462 0.0511 84.7963
1.04 4.019 0.0514 85.29
1.05 4.2174 0.0528 86.3054
1.06 4.2902 0.0537 86.8687
1.07 4.3752 0.0549 87.503
1.08 4.4278 0.0559 88.0127
1.09 4.4724 0.0589 88.7511
1.1 4.525 0.0605 89.3256
1.11 4.5857 0.0621 89.9177
1.12 4.6505 0.0638 90.5277
1.13 4.6748 0.0655 91.0187
1.14 4.7112 0.0687 91.7071
1.15 4.7233 0.069 91.9974
1.16 4.7557 0.0693 92.3432
1.17 4.7395 0.0703 92.6287
1.18 4.7031 0.0711 92.8325
1.19 4.6788 0.0711 92.9811
1.2 4.6424 0.0711 93.0929
1.21 4.6366 0.071 93.2802
1.22 4.6359 0.0709 93.4809
1.23 4.6432 0.0707 93.6925
1.24 4.6505 0.0694 93.78
1.25 4.7355 0.0687 94.1556
1.26 4.8083 0.0684 94.5376
1.27 4.8933 0.067 94.8216
1.28 4.9864 0.0664 95.2156
1.29 5.1119 0.0657 95.6796
1.3 5.3912 0.0657 96.6225
1.31 5.5653 0.0657 97.2727
1.32 5.7434 0.0658 97.9342
1.33 5.9458 0.0664 98.705
1.34 6.387 0.0678 100.109
1.35 6.6136 0.0687 100.932
1.36 6.8646 0.0717 102.045
1.37 7.0953 0.0731 102.907
1.38 7.4191 0.0744 103.932
1.39 7.4718 0.0754 104.363
1.4 7.5001 0.0763 104.731
1.41 7.4394 0.0787 105.087
1.42 7.3706 0.0791 105.197
1.43 7.1358 0.0799 105
1.44 7.0022 0.0807 105.005
1.45 6.8606 0.0812 104.952
1.46 6.7067 0.0813 104.82
1.47 6.4922 0.0819 104.593
1.48 6.4355 0.0821 104.679
1.49 6.3586 0.0827 104.757
1.5 6.3343 0.0833 104.957
1.51 6.2048 0.0849 105.005
1.52 6.1481 0.0881 105.383
1.53 6.055 0.0909 105.618
1.54 6.0024 0.0922 105.802
1.55 5.9093 0.0923 105.764
1.56 5.6887 0.0937 105.506
1.57 5.4681 0.0948 105.195
1.58 5.4479 0.0978 105.599
1.59 5.3386 0.0987 105.556
1.6 5.29 0.1003 105.742
1.61 5.2617 0.1013 105.931
1.62 5.2374 0.1026 106.156
1.63 5.1929 0.1043 106.352
1.64 5.1645 0.1044 106.458
1.65 5.1038 0.1044 106.456
1.66 5.0472 0.1044 106.464
1.67 5.0229 0.1043 106.559
1.68 4.9783 0.1032 106.505
1.69 4.9581 0.1024 106.55
1.7 4.9257 0.1021 106.598
1.71 4.9142 0.1014 106.675
1.72 4.9091 0.1003 106.735
1.73 4.9098 0.0995 106.838
1.74 4.9105 0.0985 106.922
1.75 4.9257 0.0965 106.957
1.76 4.9338 0.0953 107.041
1.77 4.9581 0.0952 107.276
1.78 4.9622 0.0952 107.457
1.79 4.9683 0.0953 107.653
1.8 4.9743 0.0954 107.848
1.81 4.9783 0.0957 108.055
1.82 5.0269 0.0956 108.363
1.83 5.0188 0.0956 108.503
1.84 5.0512 0.0956 108.768
1.85 5.0593 0.0956 108.957
1.86 5.0714 0.0957 109.167
1.87 5.0714 0.0958 109.34
1.88 5.0734 0.0968 109.603
1.89 5.0755 0.097 109.79
1.9 5.0755 0.0973 109.979
1.91 5.0998 0.0992 110.393
1.92 5.0957 0.1014 110.743
1.93 5.1241 0.103 111.136
1.94 5.12 0.1047 111.435
1.95 5.1322 0.1079 111.913
1.96 5.1038 0.1097 112.136
1.97 5.0714 0.1106 112.269
1.98 4.9945 0.1121 112.305
1.99 4.9945 0.1131 112.546
2 4.9702 0.1152 112.796
2.01 4.9581 0.1164 113.011
2.02 4.952 0.1168 113.179
2.03 4.95 0.1171 113.352
2.04 4.948 0.118 113.573
2.05 4.95 0.1198 113.877
2.06 4.9298 0.1216 114.106
2.07 4.8731 0.1236 114.224
2.08 4.8002 0.1239 114.152
2.09 4.7112 0.1276 114.276
2.1 4.6262 0.1332 114.537
2.11 4.4521 0.1405 114.564
2.12 4.3995 0.1429 114.68
2.13 4.3712 0.143 114.73
2.14 4.3723 0.1417 114.797
2.15 4.3735 0.1405 114.869
2.16 4.3772 0.138 114.859
2.17 4.4076 0.136 114.982
2.18 4.4886 0.1339 115.282
2.19 4.5898 0.1314 115.618
2.2 4.6788 0.1266 115.727
2.21 4.7476 0.1257 116.048
2.22 4.7719 0.1258 116.286
2.23 4.865 0.1246 116.663
2.24 4.9257 0.1188 116.554
2.25 4.9905 0.1166 116.736
2.26 5.0512 0.1165 117.076
2.27 5.2212 0.1165 117.78
2.28 5.3022 0.1166 118.194
2.29 5.3791 0.1173 118.642
2.3 5.4641 0.1193 119.222
2.31 5.6057 0.1219 120.022
2.32 5.6584 0.1273 120.763
2.33 5.7069 0.1302 121.283
2.34 5.8122 0.1333 121.986
2.35 5.9417 0.1355 122.686
2.36 6.0227 0.1404 123.435
2.37 6.0793 0.1423 123.885
2.38 6.1117 0.1436 124.219
2.39 6.1239 0.1456 124.543
2.4 6.1279 0.1486 124.911
2.41 6.0915 0.149 124.976
2.42 6.0672 0.1492 125.062
2.43 5.9458 0.1508 124.953
2.44 5.885 0.1529 125.054
2.45 5.8284 0.1528 125.016
2.46 5.8132 0.1527 125.103
2.47 5.8127 0.1524 125.222
2.48 5.8122 0.1527 125.382
2.49 5.8 0.1529 125.498
2.5 5.7758 0.1537 125.617
2.51 5.6624 0.1553 125.506
2.52 5.5248 0.1599 125.505
2.53 5.3426 0.1648 125.352
2.54 5.1564 0.1682 125.063
2.55 4.776 0.1688 123.862
2.56 4.5371 0.1676 123.011
2.57 4.2214 0.1665 121.805
2.58 3.9057 0.164 120.428
2.59 3.3592 0.1588 117.653
2.6 3.1649 0.1543 116.494
2.61 3.1603 0.1491 116.262
2.62 3.1883 0.1458 116.317
2.63 3.2163 0.1467 116.647
2.64 3.3633 0.1447 117.389
2.65 3.7802 0.1394 119.137
2.66 3.6831 0.1344 118.455
2.67 3.4969 0.127 117.143
2.68 3.3269 0.1236 116.163
2.69 3.1771 0.121 115.311
2.7 2.8006 0.1197 113.25
2.71 2.6509 0.118 112.34
2.72 2.5011 0.1133 111.14
2.73 2.3635 0.1096 110.046
2.74 2.0721 0.1047 107.68
2.75 1.9101 0.102 106.302
2.76 1.7887 0.0978 105.039
2.77 1.7472 0.0963 104.656
2.78 1.7295 0.0931 104.313
2.79 1.7267 0.0931 104.393
2.8 1.7699 0.0931 104.869
2.81 1.813 0.0931 105.338
2.82 1.9951 0.0964 107.215
2.83 2.0801 0.1002 108.316
2.84 2.1651 0.1098 109.882
2.85 2.2461 0.1121 110.764
2.86 2.3918 0.113 111.954
2.87 2.3878 0.1133 112.061
2.88 2.3392 0.1166 112.105
2.89 2.2987 0.1193 112.144
2.9 2.234 0.1217 111.977
2.91 2.1611 0.1222 111.588
2.92 2.1287 0.1226 111.482
2.93 2.0963 0.1227 111.35
2.94 2.096 0.1231 111.483
2.95 2.0962 0.1231 111.59
2.96 2.0963 0.1231 111.696
2.97 2.1024 0.1231 111.847
2.98 2.1085 0.1237 112.044
2.99 2.1247 0.1235 112.257
3 2.1651 0.1232 112.643
3.01 2.1854 0.1222 112.823
3.02 2.153 0.1212 112.607
3.03 2.0397 0.121 111.821
3.04 1.987 0.121 111.503
3.05 1.9668 0.1214 111.471
3.06 1.9547 0.1219 111.511
3.07 1.9101 0.1229 111.318
3.08 1.901 0.1229 111.342
3.09 1.906 0.123 111.492
3.1 1.9109 0.123 111.634
3.11 1.9223 0.123 111.829
3.12 2.0882 0.1231 113.279
3.13 2.1328 0.123 113.718
3.14 2.0801 0.123 113.409
3.15 2.0113 0.1229 112.953
3.16 1.8818 0.1219 111.899
3.17 1.7442 0.1212 110.726
3.18 1.6268 0.119 109.549
3.19 1.5297 0.1109 108.042
3.2 1.3961 0.107 106.405
3.21 1.0561 0.1023 101.92
3.22 1.0419 0.0978 101.43
3.23 1.0447 0.0912 100.968
3.24 1.0475 0.0757 99.5388
3.25 1.0591 0.0701 99.1462
3.26 1.0844 0.0648 98.9197
3.27 1.1734 0.0584 99.2723
3.28 1.2706 0.0433 98.0311
3.29 1.2908 0.038 97.2747
3.3 1.1573 0.0336 94.862
3.31 1.0763 0.0295 92.9432
3.32 0.9954 0.0268 91.2487
3.33 0.9103 0.0212 88.4161
3.34 0.8132 0.0192 86.3492
3.35 0.6877 0.0196 84.5048
3.36 0.6883 0.0199 84.6925
3.37 0.6889 0.0208 85.0857
3.38 0.6968 0.0228 85.9497
3.39 0.7444 0.0266 87.9637
3.4 0.793 0.0304 89.8337
3.41 0.9184 0.0332 92.5037
3.42 1.0682 0.0382 95.7262
3.43 1.2139 0.0397 97.8975
3.44 1.3475 0.0398 99.4818
3.45 1.2949 0.04 99.0342
3.46 1.3038 0.0399 99.191
3.47 1.3126 0.0399 99.3668
3.48 1.3627 0.0391 99.8159
3.49 1.477 0.0374 100.688
3.5 1.6511 0.0354 101.931
3.51 1.7401 0.0348 102.64
3.52 1.8292 0.0343 103.338
3.53 1.7442 0.0337 102.562
3.54 1.6308 0.0326 101.374
3.55 1.5094 0.0309 99.8835
3.56 1.2706 0.03 97.2736
3.57 1.1532 0.03 95.9998
3.58 1.0682 0.0297 94.9416
3.59 0.9873 0.0287 93.6765
3.6 0.9265 0.0289 92.9485
3.61 0.8739 0.0285 92.1337
3.62 0.837501 0.0277 91.4246
3.63 0.8051 0.027 90.7828
3.64 0.7889 0.0262 90.3604
3.65 0.7727 0.0232 89.2519
3.66 0.7403 0.0219 88.3457
3.67 0.7322 0.0211 87.9999
3.68 0.7164 0.0211 87.7903
3.69 0.7089 0.0211 87.7235
3.7 0.7064 0.0211 87.7448
3.71 0.7072 0.0212 87.8596
3.72 0.7079 0.022 88.2093
3.73 0.7201 0.0221 88.526
3.74 0.7727 0.0234 89.9225
3.75 0.8253 0.029 92.483
3.76 0.9589 0.0316 95.251
3.77 1.0277 0.0347 97.0298
3.78 1.0601 0.0365 97.9475
3.79 1.0682 0.038 98.4563
3.8 1.0884 0.0399 99.1965
3.81 1.0844 0.0405 99.3396
3.82 1.048 0.0411 99.0456
3.83 1.0318 0.041 98.8755
3.84 1.0339 0.0413 99.0362
3.85 1.036 0.0433 99.5276
3.86 1.0409 0.0447 99.9313
3.87 1.0642 0.0457 100.507
3.88 1.0965 0.0461 101.087
3.89 1.1289 0.0464 101.639
3.9 1.1411 0.0464 101.869
3.91 1.2139 0.0468 102.927
3.92 1.2989 0.0471 104.064
3.93 1.3758 0.0475 105.078
3.94 1.4042 0.0473 105.425
3.95 1.3961 0.0472 105.393
3.96 1.4366 0.0469 105.846
3.97 1.4811 0.0452 106.06
3.98 1.5337 0.0441 106.451
3.99 1.5458 0.041 106.001
4 1.5458 0.0407 106.01
4.01 1.5377 0.0403 105.916
4.02 1.5054 0.0405 105.71
4.03 1.473 0.0406 105.473
4.04 1.4285 0.041 105.167
4.05 1.3799 0.0425 105.029
4.06 1.3813 0.0425 105.117
4.07 1.3827 0.0423 105.163
4.08 1.3956 0.0422 105.354
4.09 1.4244 0.0414 105.569
4.1 1.5094 0.0396 106.132
4.11 1.6308 0.0368 106.741
4.12 1.7968 0.0337 107.524
4.13 1.983 0.0274 107.272
4.14 2.1813 0.0247 107.893
4.15 2.6549 0.0229 110.366
4.16 2.8654 0.021 110.859
4.17 3.0638 0.0189 111.03
4.18 3.2135 0.0179 111.365
4.19 3.4361 0.0178 112.466
4.2 3.5292 0.0177 112.922
4.21 3.5819 0.0177 113.238
4.22 3.6507 0.0177 113.624
4.23 3.7073 0.0183 114.267
4.24 3.8166 0.0191 115.231
4.25 3.8571 0.0201 115.973
4.26 3.8814 0.0245 118.083
4.27 3.8895 0.0274 119.301
4.28 3.8571 0.0304 120.27
4.29 3.8485 0.0322 120.886
4.3 3.85 0.0324 121.034
4.31 3.8514 0.0325 121.149
4.32 3.8571 0.0325 121.253
4.33 4.0028 0.0324 121.949
4.34 4.1647 0.0329 122.883
4.35 4.2781 0.0333 123.562
4.36 4.3267 0.0342 124.117
4.37 4.2619 0.0355 124.312
4.38 4.2093 0.0365 124.456
4.39 4.1926 0.0364 124.435
4.4 4.1857 0.0363 124.456
4.41 4.1789 0.036 124.42
4.42 4.1971 0.0351 124.314
4.43 4.1526 0.035 124.172
4.44 4.0393 0.035 123.756
4.45 3.9097 0.0348 123.194
4.46 3.76 0.0359 122.898
4.47 3.6334 0.037 122.677
4.48 3.5709 0.0393 123.063
4.49 3.546 0.04 123.196
4.5 3.6692 0.0406 124.033
4.51 3.7923 0.041 124.803
4.52 4.0757 0.0418 126.386
4.53 4.3712 0.0426 127.946
4.54 4.6667 0.0426 129.236
4.55 4.78 0.0429 129.838
4.56 4.7881 0.0433 130.05
4.57 4.7679 0.044 130.223
4.58 4.7711 0.044 130.315
4.59 4.7743 0.0439 130.382
4.6 4.7871 0.0431 130.312
4.61 4.8529 0.0423 130.443
4.62 4.9824 0.0422 130.992
4.63 5.0917 0.0423 131.507
4.64 5.0714 0.0423 131.51
4.65 5.1645 0.043 132.114
4.66 5.3103 0.0433 132.801
4.67 5.4641 0.0431 133.376
4.68 5.7231 0.043 134.323
4.69 5.8122 0.0417 134.358
4.7 5.8405 0.0404 134.178
4.71 5.7636 0.0398 133.834
4.72 5.6503 0.0396 133.475
4.73 5.5288 0.0395 133.108
4.74 5.4479 0.0394 132.876
4.75 5.3872 0.0394 132.74
4.76 5.2131 0.0394 132.19
4.77 5.1564 0.0394 132.059
4.78 5.1038 0.039 131.829
4.79 5.0229 0.0363 130.82
4.8 4.7112 0.0358 129.544
4.81 4.4764 0.0355 128.578
4.82 4.2619 0.0358 127.835
4.83 4.1121 0.036 127.311
4.84 3.9543 0.0362 126.727
4.85 3.9406 0.0363 126.765
4.86 3.9435 0.0364 126.88
4.87 3.9463 0.0363 126.937
4.88 3.9583 0.0363 127.064
4.89 4.0878 0.0357 127.551
4.9 4.2943 0.0354 128.442
4.91 4.3024 0.0355 128.58
4.92 4.3307 0.0353 128.713
4.93 4.4319 0.0352 129.185
4.94 4.7679 0.0348 130.501
4.95 4.9541 0.034 131.042
4.96 5.0593 0.0283 129.521
4.97 5.0633 0.0279 129.455
4.98 4.9581 0.028 129.174
4.99 4.9136 0.0272 128.768
5 4.8529 0.0263 128.25
5.01 4.78 0.0249 127.46
5.02 4.6748 0.0243 126.865
5.03 4.5129 0.0242 126.249
5.04 4.4562 0.0243 126.132
5.05 4.4278 0.0244 126.129
5.06 4.3833 0.0247 126.143
5.07 4.3858 0.0248 126.265
5.08 4.3882 0.0246 126.259
5.09 4.4104 0.0244 126.334
5.1 4.4602 0.0235 126.212
5.11 4.6019 0.0231 126.67
5.12 4.8124 0.0229 127.466
5.13 4.865 0.0229 127.735
5.14 4.8407 0.0231 127.804
5.15 4.7476 0.0232 127.562
5.16 4.6545 0.0238 127.538
5.17 4.4117 0.0241 126.758
5.18 4.2943 0.0241 126.334
5.19 4.1769 0.0241 125.899
5.2 4.0514 0.024 125.371
5.21 3.8571 0.0239 124.51
5.22 3.7883 0.0239 124.254
5.23 3.6831 0.0241 123.902
5.24 3.5373 0.0243 123.334
5.25 3.3835 0.0245 122.696
5.26 3.0597 0.0247 121.077
5.27 2.9302 0.0246 120.348
5.28 2.8249 0.0245 119.738
5.29 2.805 0.0244 119.639
5.3 2.8028 0.0225 118.883
5.31 2.8038 0.0206 118.082
5.32 2.8047 0.0203 118.005
5.33 2.8128 0.0203 118.116
5.34 2.7278 0.0203 117.656
5.35 2.5173 0.0211 116.739
5.36 2.4566 0.0224 116.97
5.37 2.3675 0.0239 117.039
5.38 2.2663 0.0242 116.486
5.39 2.2583 0.0244 116.567
5.4 2.2567 0.0242 116.535
5.41 2.2899 0.0241 116.8
5.42 2.323 0.022 116.217
5.43 2.5294 0.0194 116.486
5.44 2.7885 0.0181 117.513
5.45 3.1569 0.0176 119.414
5.46 3.1407 0.0175 119.33
5.47 3.0152 0.0177 118.804
5.48 2.829 0.0178 117.834
5.49 2.4242 0.0199 116.375
5.5 2.2582 0.0218 116.129
5.51 2.1085 0.0227 115.433
5.52 2.0882 0.0227 115.331
5.53 2.0275 0.0227 114.9
5.54 1.9425 0.0224 114.124
5.55 1.8778 0.0221 113.499
5.56 1.8373 0.0221 113.199
5.57 1.7806 0.0221 112.746
5.58 1.7685 0.0221 112.691
5.59 1.732 0.022 112.367
5.6 1.7363 0.0218 112.378
5.61 1.7406 0.0214 112.3
5.62 1.7574 0.0203 112.018
5.63 1.7928 0.0182 111.38
5.64 1.8818 0.0178 112.007
5.65 1.9668 0.0176 112.672
5.66 2.0316 0.0177 113.308
5.67 2.0113 0.0177 113.2
5.68 1.9668 0.0187 113.408
5.69 1.9385 0.0197 113.719
5.7 1.8778 0.0207 113.722
5.71 1.7401 0.0215 112.892
5.72 1.7072 0.0211 112.461
5.73 1.7092 0.0207 112.356
5.74 1.7111 0.0198 112.013
5.75 1.7239 0.0191 111.852
5.76 2.0194 0.0191 114.485
5.77 2.1611 0.0191 115.664
5.78 2.2542 0.0189 116.323
5.79 2.2785 0.019 116.61
5.8 2.2461 0.019 116.426
5.81 2.1409 0.0195 115.93
5.82 2.1343 0.0205 116.417
5.83 2.1507 0.0203 116.506
5.84 2.1672 0.02 116.546
5.85 2.2785 0.0192 117.047
5.86 2.5335 0.0192 118.905
5.87 3.0273 0.0192 122.051
5.88 3.6345 0.0192 125.366
5.89 4.1324 0.02 128.2
5.9 4.274 0.0197 128.723
5.91 4.1647 0.0205 128.729
5.92 3.9097 0.0217 128.229
5.93 3.6142 0.0234 127.644
5.94 3.3147 0.0257 127.11
5.95 3.0192 0.0291 126.775
5.96 2.4647 0.0294 123.287
5.97 2.238 0.0293 121.608
5.98 2.0518 0.0291 120.084
5.99 1.9263 0.0278 118.601
6 1.7928 0.0252 116.479
6.01 1.5823 0.0254 114.531
6.02 1.4851 0.0233 112.731
6.03 1.4163 0.0217 111.354
6.04 1.3313 0.0209 110.072
6.05 1.2301 0.0199 108.433
6.06 1.052 0.017 104.686
6.07 0.9751 0.0159 103.021
6.08 0.9063 0.0152 101.606
6.09 0.8496 0.0151 100.656
6.1 0.8091 0.015 99.9408
6.11 0.7808 0.015 99.475
6.12 0.7363 0.015 98.6828
6.13 0.7213 0.015 98.4354
6.14 0.715 0.0151 98.4101
6.15 0.7173 0.0161 99.0271
6.16 0.7196 0.0181 100.088
6.17 0.7444 0.0221 102.308
6.18 0.7727 0.0234 103.396
6.19 0.8456 0.0234 104.794
6.2 0.9346 0.0234 106.363
6.21 1.0561 0.0234 108.3
6.22 1.2665 0.0209 110.18
6.23 2.0194 0.02 117.458
6.24 2.4525 0.02 120.845
6.25 2.8249 0.02 123.385
6.26 3.1042 0.0204 125.334
6.27 3.254 0.0217 126.894
6.28 3.3876 0.0219 127.785
6.29 3.4119 0.0219 127.973
6.3 3.4078 0.0224 128.248
6.31 3.42 0.0231 128.7
6.32 3.3633 0.0259 129.676
6.33 3.1933 0.0282 129.682
6.3401 3.1204 0.0299 129.94
6.3501 3.1331 0.0298 130.037
6.3601 3.1458 0.0298 130.169
6.3701 3.1905 0.0298 130.491
6.3801 3.2823 0.0287 130.673
6.3901 3.4888 0.0285 131.807
6.4001 3.7235 0.0277 132.791
6.4101 3.934 0.0264 133.371
6.4201 4.1121 0.0251 133.719
6.4301 4.3267 0.0251 134.76
6.4401 4.3752 0.025 134.99
6.4501 4.4602 0.0248 135.333
6.4601 4.5412 0.0246 135.651
6.4701 4.61 0.0246 136.003
6.4801 4.5898 0.0249 136.113
6.4901 4.5533 0.0252 136.15
6.5001 4.5169 0.0259 136.362
6.5101 4.3186 0.0274 136.178
6.5201 4.3793 0.0295 137.351
6.5301 4.1728 0.0322 137.455
6.5401 3.9219 0.0385 138.332
6.5501 3.258 0.0415 135.588
6.5601 2.9018 0.0418 133.483
6.5701 2.6306 0.0419 131.692
6.5801 2.3837 0.0411 129.683
6.5901 2.1935 0.0402 127.957
6.6001 2.064 0.0392 126.629
6.6101 1.9182 0.0382 125.084
6.6201 1.9159 0.0362 124.556
6.6301 1.9186 0.0327 123.584
6.6401 1.9213 0.0264 121.478
6.6501 1.979 0.0262 121.971
6.6601 2.3878 0.0265 125.485
6.6701 2.5416 0.0267 126.75
6.6801 2.6023 0.0269 127.313
6.6901 2.5861 0.0269 127.252
6.7001 2.6023 0.0268 127.38
6.7101 2.6185 0.0266 127.467
6.7201 2.9018 0.025 128.754
6.7301 3.4321 0.023 131.046
6.7401 4.0676 0.023 134.347
6.7501 4.6343 0.0232 137.049
6.7601 5.0229 0.0233 138.754
6.7701 4.9662 0.0238 138.83
6.7801 4.9055 0.0246 139.023
6.7901 4.7598 0.0268 139.467
6.8001 4.61 0.0274 139.14
6.8101 4.3186 0.0277 138.019
6.8201 4.189 0.0278 137.512
6.8301 4.0797 0.028 137.127
6.8401 3.9866 0.028 136.727
6.8501 3.8814 0.028 136.257
6.8601 3.7195 0.0279 135.438
6.8701 3.6264 0.0278 134.959
6.8801 3.5414 0.0276 134.473
6.8901 3.42 0.0272 133.69
6.9001 3.2945 0.027 132.945
6.9101 2.9787 0.027 131.082
6.9201 2.7926 0.027 129.922
6.9301 2.6266 0.027 128.833
6.9401 2.4606 0.0259 127.237
6.9501 2.1894 0.0244 124.546
6.9601 2.0721 0.024 123.442
6.9701 1.987 0.0232 122.402
6.9801 1.898 0.0228 121.469
6.9901 1.8009 0.0218 120.153
7.0001 1.7118 0.0167 116.709
7.0101 1.5823 0.0141 113.826
7.0201 1.5499 0.0138 113.329
7.0301 1.4973 0.0137 112.744
7.0401 1.4325 0.0136 112.004
7.0501 1.3637 0.0136 111.257
7.0601 1.2706 0.0136 110.173
7.0701 1.1818 0.0132 108.802
7.0801 1.1397 0.0126 107.859
7.0901 1.1242 0.0125 107.618
7.1001 1.1528 0.0125 108.05
7.1101 1.1815 0.0125 108.476
7.1201 1.2261 0.0131 109.525
7.1301 1.1694 0.0133 108.961
7.1401 1.1046 0.0136 108.313
7.1501 1.0787 0.0139 108.182
7.1601 1.0661 0.0143 108.296
7.1701 1.0611 0.0154 108.934
7.1801 1.0606 0.0177 110.238
7.1901 1.0614 0.0177 110.293
7.2001 1.0621 0.0177 110.346
7.2101 1.0642 0.0176 110.368
7.2201 1.0884 0.0166 110.231
7.2301 1.2342 0.0165 112.231
7.2401 1.307 0.0165 113.205
7.2501 1.3435 0.0165 113.698
7.2601 1.3111 0.0164 113.286
7.2701 1.2423 0.0163 112.395
7.2801 1.0723 0.0147 109.139
7.2901 1.0156 0.0143 108.081
7.3001 0.967 0.0142 107.299
7.3101 0.9306 0.0143 106.811
7.3201 0.8861 0.0145 106.223
7.3301 0.797 0.0156 105.292
7.3401 0.7904 0.0194 107.132
7.3501 0.7927 0.0201 107.534
7.3601 0.795001 0.0207 107.883
7.3701 0.8253 0.0212 108.722
7.3801 0.9346 0.0222 111.154
7.3901 1.218 0.0224 115.605
7.4001 1.2868 0.0226 116.653
7.4101 1.307 0.0226 116.959
7.4201 1.3111 0.0238 117.561
7.4301 1.3192 0.0249 118.152
7.4401 1.3192 0.0247 118.117
7.4501 1.2625 0.0259 117.881
7.4601 1.222 0.027 117.779
7.4701 1.1654 0.0302 118.117
7.4801 1.1658 0.0302 118.167
7.4901 1.1663 0.031 118.475
7.5001 1.1694 0.0326 119.062
7.5101 1.2018 0.0328 119.637
7.5201 1.222 0.033 120.029
7.5301 1.303 0.033 121.188
7.5401 1.4082 0.033 122.596
7.5501 1.4366 0.0328 122.932
7.5601 1.4851 0.0324 123.441
7.5701 1.5135 0.0324 123.823
7.5801 1.4892 0.0324 123.581
7.5901 1.4851 0.0325 123.608
7.6001 1.4487 0.0326 123.244
7.6101 1.3799 0.0317 122.144
7.6201 1.3111 0.0308 121.001
7.6301 1.2834 0.0289 120.036
7.6401 1.2722 0.0258 118.802
7.6501 1.2734 0.0248 118.471
7.6601 1.2746 0.0208 116.808
7.6701 1.3758 0.0207 118.095
7.6801 1.3596 0.0208 117.984
7.6901 1.2665 0.0209 116.874
7.7001 1.1208 0.0213 115.058
7.7101 1.0528 0.0215 114.156
7.7201 1.0195 0.0217 113.757
7.7301 1.0054 0.0235 114.325
7.7401 1.0368 0.0243 115.195
7.7501 1.0682 0.0255 116.197
7.7601 1.2099 0.0267 118.796
7.7701 1.3192 0.0273 120.551
7.7801 1.4568 0.028 122.587
7.7901 1.4973 0.0283 123.225
7.8001 1.5054 0.0282 123.329
7.8101 1.4892 0.0281 123.144
7.8201 1.4487 0.0277 122.554
7.8301 1.3556 0.0268 121.097
7.8401 1.1775 0.0255 118.218
7.8501 1.1006 0.0222 115.772
7.8601 1.0196 0.0205 113.789
7.8701 0.9589 0.0186 111.918
7.8801 0.878 0.017 109.721
7.8901 0.8253 0.0152 107.778
7.9001 0.7484 0.0137 105.393
7.9101 0.6472 0.0118 101.972
7.9201 0.627 0.0111 101.028
7.9301 0.6108 0.0103 100.059
7.9401 0.5946 0.0099 99.379
7.9501 0.6068 0.0094 99.276
7.9601 0.5865 0.0088 98.2844
7.9701 0.5784 0.0087 98.0288
7.9801 0.5784 0.0084 97.7771
7.9901 0.5703 0.0076 96.8032
8.0001 0.5663 0.0075 96.6323
8.0101 0.5622 0.0075 96.5647
8.0201 0.5622 0.0075 96.5982
8.0301 0.5622 0.0075 96.6317
8.0401 0.5622 0.0075 96.6651
8.0501 0.5703 0.0077 97.1103
8.0601 0.6027 0.008 98.2318
8.0701 0.627 0.0083 99.1297
8.0801 0.6229 0.0086 99.3633
8.0901 0.6229 0.0089 99.6815
8.1001 0.6149 0.0088 99.4368
8.1101 0.6112 0.0095 100.019
8.1201 0.6097 0.0099 100.362
8.1301 0.6103 0.0109 101.218
8.1401 0.6108 0.0108 101.187
8.1501 0.6108 0.0111 101.452
8.1601 0.627 0.0118 102.39
8.1701 0.6513 0.0132 103.952
8.1801 0.6918 0.014 105.41
8.1901 0.6634 0.0141 104.873
8.2001 0.6877 0.0144 105.638
8.2101 0.7241 0.0157 107.23
8.2201 0.7201 0.0166 107.679
8.2301 0.7322 0.0175 108.45
8.2401 0.7646 0.0187 109.769
8.2501 0.7727 0.0202 110.681
8.2601 0.7727 0.0208 110.988
8.2701 0.7768 0.0213 111.33
8.2801 0.7688 0.0234 112.075
8.2901 0.7649 0.0244 112.421
8.3001 0.7648 0.0254 112.833
8.3101 0.7728 0.0292 114.359
8.3201 0.7808 0.0301 114.857
8.3301 0.8091 0.0312 115.831
8.3401 0.8739 0.0323 117.5
8.3501 0.9063 0.0332 118.428
8.3601 0.9427 0.0346 119.551
8.3701 0.9589 0.0363 120.364
8.3801 0.9549 0.0387 120.974
8.3901 0.9751 0.041 121.964
8.4001 0.9873 0.0426 122.613
8.4101 0.9913 0.0425 122.701
8.4201 1.0115 0.0425 123.099
8.4301 1.1249 0.0423 124.989
8.4401 1.1815 0.0425 125.966
8.4501 1.2018 0.0426 126.342
8.4601 1.2139 0.0444 127.003
8.4701 1.2342 0.0481 128.199
8.4801 1.2746 0.0518 129.634
8.4901 1.2665 0.0521 129.62
8.5001 1.2908 0.0533 130.264
8.5101 1.2949 0.0553 130.766
8.5201 1.305 0.0566 131.209
8.5301 1.3151 0.0616 132.326
8.5401 1.3515 0.0642 133.349
8.5501 1.3839 0.0678 134.457
8.5601 1.4001 0.0702 135.117
8.5701 1.4285 0.0724 135.9
8.5801 1.4608 0.0744 136.692
8.5901 1.5297 0.0751 137.755
8.6001 1.5661 0.0762 138.434
8.6101 1.5661 0.0774 138.659
8.6201 1.5762 0.0779 138.906
8.6301 1.5863 0.0779 139.079
8.6401 1.5782 0.0772 138.917
8.6501 1.5297 0.0765 138.234
8.6601 1.5054 0.0741 137.594
8.6701 1.4487 0.0712 136.426
8.6801 1.3556 0.0684 134.72
8.6901 1.2908 0.0662 133.452
8.7001 1.218 0.0607 131.432
8.7101 1.0763 0.0591 128.866
8.7201 1.0561 0.0554 127.866
8.7301 1.0075 0.0535 126.674
8.7401 0.9959 0.0519 126.184
8.7501 0.9905 0.051 125.942
8.7601 0.9929 0.0505 125.923
8.7701 0.9954 0.0504 125.987
8.7801 1.0642 0.0512 127.413
8.7901 1.1734 0.0521 129.446
8.8001 1.3354 0.0544 132.396
8.8101 1.5013 0.0561 135.035
8.8201 1.6187 0.0609 137.486
8.8301 1.7118 0.0639 139.197
8.8401 1.7239 0.0659 139.74
8.8501 1.6916 0.0673 139.648
8.8601 1.6835 0.0698 140.02
8.8701 1.6754 0.0736 140.585
8.8801 1.6794 0.0758 141.023
8.8901 1.6592 0.0769 140.99
8.9001 1.6308 0.0769 140.684
8.9101 1.5904 0.0768 140.205
8.9201 1.5094 0.0762 139.106
8.9301 1.4123 0.0726 137.27
8.9401 1.2342 0.0631 133.111
8.9501 1.1411 0.0578 130.699
8.9601 1.0601 0.054 128.631
8.9701 0.9994 0.0509 126.957
8.9801 0.9387 0.0468 124.979
8.9901 0.8415 0.0438 122.389
9.0001 0.8051 0.0378 120.168
9.0101 0.7849 0.0355 119.142
9.0201 0.7484 0.0324 117.468
9.0301 0.712 0.029 115.592
9.0401 0.712 0.0267 114.836
9.0501 0.6756 0.0249 113.346
9.0601 0.6634 0.0231 112.38
9.0701 0.6513 0.0222 111.747
9.0801 0.6504 0.0215 111.461
9.0901 0.6501 0.0212 111.358
9.1001 0.6507 0.0207 111.186
9.1101 0.6513 0.0206 111.189
9.1201 0.6553 0.0203 111.186
9.1301 0.6513 0.0201 111.03
9.1401 0.6523 0.0201 111.088
9.1501 0.6533 0.0201 111.147
9.1601 0.6594 0.0207 111.602
9.1701 0.6634 0.0213 111.999
9.1801 0.6918 0.0217 112.886
9.1901 0.716 0.0219 113.567
9.2001 0.7687 0.0225 115.028
9.2101 0.8051 0.023 116.044
9.2201 0.9063 0.0236 118.328
9.2301 0.9589 0.0237 119.371
9.2401 0.9913 0.0239 120.064
9.2501 1.0399 0.0244 121.139
9.2601 1.0884 0.025 122.22
9.2701 1.1613 0.0269 124.158
9.2801 1.2665 0.0313 127.351
9.2901 1.3435 0.0313 128.476
9.3001 1.392 0.0313 129.173
9.3101 1.5216 0.0314 130.913
9.3201 1.7199 0.0315 133.318
9.3301 1.9425 0.0314 135.68
9.3401 2.3959 0.0313 139.845
9.3501 2.5618 0.0311 141.167
9.3601 2.6752 0.0304 141.823
9.3701 2.7764 0.0291 142.108
9.3801 2.9018 0.0222 139.872
9.3901 3.0476 0.0222 140.905
9.4001 3.343 0.0224 142.944
9.4101 3.4038 0.0227 143.516
9.4201 3.4604 0.0232 144.161
9.4301 3.505 0.0234 144.573
9.4401 3.5454 0.0229 144.594
9.4501 3.6993 0.0224 145.258
9.4601 3.764 0.0219 145.39
9.4701 3.8045 0.0224 145.931
9.4801 3.7923 0.0228 146.121
9.4901 3.6993 0.0238 146.164
9.5001 3.4159 0.0254 145.323
9.5101 3.2499 0.0258 144.514
9.5201 3.0921 0.0259 143.57
9.5301 2.9423 0.0259 142.588
9.5401 2.8371 0.0259 141.884
9.5501 2.7521 0.026 141.351
9.5601 2.6995 0.0261 141.044
9.5701 2.5861 0.03 141.85
9.5801 2.4242 0.0315 141.148
9.5901 2.2785 0.0318 140.045
9.6001 2.24 0.032 139.815
9.6101 2.2263 0.0288 138.513
9.6201 2.2248 0.0257 137.233
9.6301 2.2354 0.0246 136.867
9.6401 2.2461 0.0245 136.955
9.6501 2.4161 0.0245 138.441
9.6601 2.5092 0.0246 139.284
9.6701 2.3554 0.0264 138.874
9.6801 2.2259 0.0267 137.917
9.6901 2.1125 0.0268 136.965
9.7001 1.9951 0.0265 135.753
9.7101 1.8737 0.0262 134.443
9.7201 1.732 0.0263 133.009
9.7301 1.5904 0.0254 131.043
9.7401 1.5661 0.0253 130.747
9.7501 1.5337 0.0252 130.348
9.7601 1.5013 0.0251 129.942
9.7701 1.4608 0.0244 129.164
9.7801 1.4563 0.0236 128.786
9.7901 1.4575 0.0235 128.792
9.8001 1.4588 0.0222 128.237
9.8101 1.473 0.0202 127.447
9.8201 1.4932 0.0195 127.359
9.8301 1.4891 0.0194 127.29
9.8401 1.5236 0.0195 127.802
9.8501 1.558 0.0196 128.304
9.8601 1.5539 0.0209 128.979
9.8701 1.5054 0.021 128.478
9.8801 1.472 0.0209 128.049
9.8901 1.4759 0.0208 128.083
9.9001 1.4798 0.0205 128.013
9.9101 1.5013 0.0201 128.105
9.9201 1.6227 0.0197 129.367
9.9301 1.6835 0.0198 130.145
9.9401 1.6956 0.019 129.87
9.9501 1.6592 0.0182 129.038
9.9601 1.5297 0.0183 127.63
9.9701 1.473 0.0185 127.088
9.9801 1.4001 0.019 126.478
9.9901 1.3556 0.0218 127.375
10 1.3515 0.0249 128.771
10.01 1.3141 0.025 128.33
10.02 1.3226 0.025 128.485
10.03 1.3311 0.0244 128.38
10.04 1.3556 0.0237 128.442
10.05 2.0235 0.0207 134.582
10.06 2.5537 0.0207 139.207
10.07 3.0921 0.0208 143.192
10.08 3.5616 0.0212 146.409
10.09 3.9259 0.0221 149.032
10.1 4.1445 0.0232 150.849
10.11 4.2538 0.0234 151.566
10.12 4.2012 0.0239 151.603
10.13 4.1283 0.0248 151.728
10.14 3.845 0.0256 150.622
10.15 3.8247 0.0266 151.029
10.16 3.7073 0.0285 151.259
10.17 3.5616 0.0304 151.239
10.18 3.4119 0.0306 150.43
10.19 3.084 0.0306 148.298
10.2 2.9302 0.0306 147.25
10.21 2.8249 0.0299 146.234
10.22 2.7197 0.0295 145.313
10.23 2.5659 0.0297 144.221
10.24 2.3999 0.0275 141.965
10.25 2.064 0.0259 138.262
10.26 1.9223 0.0235 135.788
10.27 1.7928 0.0216 133.527
10.28 1.6875 0.0198 131.449
10.29 1.6268 0.0191 130.402
10.3 1.5337 0.0177 128.518
10.31 1.3273 0.0159 124.787
10.32 1.2342 0.0159 123.52
10.33 1.137 0.0159 122.102
10.34 1.0925 0.0159 121.435
10.35 1.0561 0.0159 120.876
10.36 1.0115 0.016 120.223
10.37 1.008 0.016 120.195
10.38 1.0311 0.0163 120.806
10.39 1.0542 0.0166 121.409
10.4 1.1006 0.0172 122.559
10.41 1.1815 0.0196 125.203
10.42 1.1815 0.0225 126.683
10.43 1.2119 0.0254 128.47
10.44 1.2423 0.0255 129.006
10.45 1.4366 0.0255 131.769
10.46 1.6875 0.0256 134.939
10.47 1.817 0.0258 136.508
10.48 1.8697 0.0291 138.487
10.49 1.7766 0.0345 139.47
10.5 1.7417 0.0354 139.407
10.51 1.7444 0.0355 139.508
10.52 1.7471 0.0355 139.576
10.53 1.7644 0.0355 139.811
10.54 1.9385 0.0355 141.756
10.55 2.1651 0.034 143.552
10.56 2.1975 0.0325 143.358
10.57 2.1571 0.0324 142.977
10.58 2.0154 0.0324 141.622
10.59 1.8757 0.0322 140.129
10.6 1.7361 0.032 138.542
10.61 1.477 0.0319 135.355
10.62 1.3596 0.0317 133.715
10.63 1.3343 0.0296 132.63
10.64 1.309 0.0263 131.005
10.65 1.3232 0.0236 130.065
10.66 1.2908 0.0223 129.026
10.67 1.222 0.0169 125.126
10.68 1.1087 0.0147 121.993
10.69 1.0196 0.0124 118.867
10.7 0.9508 0.0124 117.708
10.71 0.8537 0.0124 115.926
10.72 0.7484 0.0125 113.855
10.73 0.712 0.0127 113.219
10.74 0.7127 0.0128 113.338
10.75 0.7135 0.0132 113.676
10.76 0.7155 0.0136 114.034
10.77 0.7282 0.0142 114.765
10.78 0.7282 0.0144 114.928
10.79 0.7363 0.0149 115.468
10.8 0.7444 0.0166 116.725
10.81 0.7606 0.0164 116.999
10.82 0.8011 0.0168 118.143
10.83 0.8334 0.0177 119.366
10.84 0.882 0.0198 121.503
10.85 0.8739 0.0212 122.064
10.86 0.8091 0.022 121.121
10.87 0.7869 0.0222 120.759
10.88 0.7855 0.0246 121.794
10.89 0.7862 0.0262 122.482
10.9 0.7869 0.0302 123.986
10.91 0.8091 0.0322 125.181
10.92 0.963 0.0331 128.687
10.93 1.0399 0.0333 130.217
10.94 1.0844 0.0332 131.006
10.95 1.1573 0.0332 132.273
10.96 1.0965 0.0331 131.249
10.97 0.9387 0.0331 128.378
10.98 0.7889 0.0331 125.235
10.99 0.7856 0.0331 125.191
11 0.7847 0.0331 125.202
11.01 0.7868 0.033 125.251
11.02 0.7889 0.0327 125.235
11.03 0.8091 0.0318 125.432
11.04 0.8334 0.0277 124.561
11.05 0.882 0.0259 124.913
11.06 0.9144 0.0248 125.142
11.07 0.9427 0.0243 125.511
11.08 0.9832 0.0237 126.043
11.09 0.9873 0.0227 125.699
11.1 0.9994 0.0215 125.383
11.11 1.0075 0.0192 124.384
11.12 1.0237 0.0189 124.538
11.13 1.0075 0.0189 124.283
11.14 0.9873 0.019 124.007
11.15 0.9716 0.019 123.752
11.16 0.9696 0.0192 123.854
11.17 0.9703 0.0199 124.267
11.18 0.9711 0.02 124.365
11.19 1.0156 0.0201 125.253
11.2 1.0237 0.02 125.375
11.21 1.0601 0.0201 126.091
11.22 1.1046 0.0201 126.871
11.23 1.222 0.0205 128.973
11.24 1.2625 0.0212 129.975
11.25 1.2544 0.0222 130.386
11.26 1.2458 0.0223 130.337
11.27 1.2528 0.0222 130.426
11.28 1.2598 0.0221 130.514
11.29 1.2746 0.0219 130.667
11.3 1.3273 0.0214 131.211
11.31 1.388 0.0192 130.905
11.32 1.4366 0.0191 131.53
11.33 1.4527 0.0192 131.831
11.34 1.4325 0.0192 131.598
11.35 1.4123 0.0193 131.418
11.36 1.3556 0.0201 131.119
11.37 1.307 0.0202 130.517
11.38 1.2544 0.0206 129.991
11.39 1.2542 0.0207 130.072
11.4 1.2543 0.0207 130.106
11.41 1.2544 0.0206 130.086
11.42 1.3111 0.0206 130.949
11.43 1.3799 0.0206 131.949
11.44 1.4082 0.0206 132.368
11.45 1.4366 0.0207 132.835
11.46 1.4811 0.0215 133.873
11.47 1.5094 0.0216 134.323
11.48 1.5256 0.0233 135.413
11.49 1.5183 0.0251 136.193
11.5 1.5204 0.0277 137.375
11.51 1.5225 0.0296 138.196
11.52 1.5297 0.0298 138.401
11.53 1.5539 0.0297 138.709
11.54 1.5944 0.0296 139.218
11.55 1.8535 0.0294 142.224
11.56 1.8778 0.0284 142.116
11.57 1.9142 0.0259 141.455
11.58 1.9911 0.0247 141.733
11.59 2.068 0.025 142.686
11.6 2.1449 0.0252 143.568
11.61 2.153 0.0256 143.868
11.62 2.0801 0.0254 143.097
11.63 2.0457 0.0253 142.741
11.64 2.051 0.0249 142.639
11.65 2.0564 0.0248 142.68
11.66 2.0761 0.0247 142.862
11.67 2.2744 0.0245 144.688
11.68 2.6428 0.0243 147.784
11.69 2.7035 0.0237 147.995
11.7 2.7561 0.0239 148.545
11.71 2.7926 0.0241 148.966
11.72 2.8573 0.0245 149.698
11.73 2.8897 0.0248 150.129
11.74 2.8168 0.0248 149.613
11.75 2.7237 0.0246 148.825
11.76 2.7004 0.0243 148.525
11.77 2.6898 0.0234 148.01
11.78 2.6792 0.0224 147.425
11.79 2.7278 0.0215 147.338
11.8 2.6509 0.0181 144.68
11.81 2.5618 0.018 143.937
11.82 2.4606 0.0181 143.204
11.83 2.3271 0.0182 142.157
11.84 2.1813 0.019 141.376
11.85 2.0235 0.0204 140.719
11.86 1.6956 0.0231 138.64
11.87 1.5661 0.0239 137.484
11.88 1.5215 0.0247 137.321
11.89 1.523 0.0247 137.372
11.9 1.5244 0.0247 137.423
11.91 1.5297 0.0247 137.524
11.92 1.5863 0.024 137.947
11.93 1.6106 0.0242 138.377
11.94 1.562 0.024 137.705
11.95 1.5337 0.0237 137.231
11.96 1.4932 0.0234 136.59
11.97 1.4568 0.0234 136.137
11.98 1.4123 0.0228 135.269
11.99 1.3354 0.0196 132.536
12 1.2908 0.0174 130.619
12.01 1.2868 0.0154 129.271
12.02 1.2625 0.0128 126.978
12.03 1.2261 0.011 124.889
12.04 1.1694 0.0097 122.777
12.05 1.0763 0.0088 120.368
12.06 0.8537 0.0076 115.033
12.07 0.7525 0.0069 112.084
12.08 0.667501 0.0068 110.057
12.09 0.5906 0.0064 107.615
12.1 0.5622 0.0062 106.597
12.11 0.5541 0.0061 106.255
12.12 0.5218 0.006 105.219
12.13 0.5177 0.0059 104.977
12.14 0.5137 0.0058 104.735
12.15 0.5096 0.0058 104.638
12.16 0.5096 0.0054 104.041
12.17 0.5096 0.0053 103.903
12.18 0.5096 0.0053 103.927
12.19 0.5137 0.0052 103.906
12.2 0.5218 0.0052 104.164
12.21 0.5218 0.0051 104.02
12.22 0.5218 0.005 103.872
12.23 0.5083 0.005 103.504
12.24 0.5024 0.005 103.354
12.25 0.502 0.005 103.365
12.26 0.5078 0.0051 103.731
12.27 0.5137 0.0052 104.095
12.28 0.5218 0.0052 104.354
12.29 0.5177 0.0052 104.259
12.3 0.5096 0.0052 104.046
12.31 0.4975 0.0052 103.71
12.32 0.4972 0.0052 103.724
12.33 0.4973 0.0052 103.75
12.34 0.4975 0.0052 103.78
12.35 0.5056 0.0055 104.532
12.36 0.5056 0.0056 104.712
12.37 0.5177 0.0056 105.093
12.38 0.5258 0.0056 105.352
12.39 0.538 0.0056 105.724
12.4 0.538 0.0055 105.589
12.41 0.538 0.0053 105.288
12.42 0.542 0.0053 105.424
12.43 0.5299 0.0053 105.105
12.44 0.5177 0.0053 104.777
12.45 0.5147 0.0054 104.875
12.46 0.5116 0.0054 104.808
12.47 0.5137 0.0055 105.053
12.48 0.5096 0.0056 105.113
12.49 0.5056 0.0056 105.017
12.5 0.4975 0.0056 104.796
12.51 0.5056 0.0056 105.064
12.52 0.4853 0.0056 104.469
12.53 0.4793 0.0056 104.305
12.54 0.4782 0.0056 104.294
12.55 0.478 0.0057 104.464
12.56 0.478 0.0057 104.487
12.57 0.4781 0.0058 104.665
12.58 0.4782 0.0059 104.84
12.59 0.4813 0.006 105.108
12.6 0.4894 0.0063 105.813
12.61 0.4853 0.0063 105.708
12.62 0.4853 0.0063 105.731
12.63 0.4793 0.0062 105.425
12.64 0.4782 0.0062 105.413
12.65 0.4772 0.0061 105.262
12.66 0.4747 0.0059 104.914
12.67 0.4739 0.0059 104.912
12.68 0.4732 0.0059 104.912
12.69 0.4772 0.0059 105.063
12.7 0.4751 0.0059 105.019
12.71 0.4745 0.0059 105.023
12.72 0.4759 0.0059 105.09
12.73 0.4772 0.0059 105.155
12.74 0.4762 0.0059 105.146
12.75 0.4767 0.0059 105.185
12.76 0.4772 0.0059 105.223
12.77 0.4813 0.006 105.523
12.78 0.4894 0.006 105.8
12.79 0.4894 0.006 105.823
12.8 0.4894 0.006 105.846
12.81 0.4873 0.0058 105.506
12.82 0.4853 0.0058 105.466
12.83 0.4772 0.0058 105.234
12.84 0.4691 0.0058 104.997
12.85 0.4691 0.0057 104.868
12.86 0.4529 0.0056 104.208
12.87 0.4327 0.0056 103.548
12.88 0.4246 0.0055 103.134
12.89 0.4236 0.0055 103.121
12.9 0.4233 0.0055 103.133
12.91 0.4239 0.0055 103.176
12.92 0.4246 0.0055 103.223
12.93 0.4368 0.0055 103.667
12.94 0.4408 0.0055 103.826
12.95 0.4408 0.0055 103.848
12.96 0.4509 0.0054 104.051
12.97 0.461 0.0054 104.405
12.98 0.457 0.0053 104.135
12.99 0.457 0.0053 104.157
13 0.457 0.0053 104.179
13.01 0.457 0.0053 104.202
13.02 0.457 0.0054 104.386
13.03 0.457 0.0054 104.408
13.04 0.457 0.0057 104.902
13.05 0.457 0.0059 105.225
13.06 0.457 0.0059 105.248
13.07 0.457 0.0059 105.27
13.08 0.4651 0.006 105.707
13.09 0.461 0.0061 105.74
13.1 0.5056 0.006 107.031
13.11 0.5177 0.006 107.419
13.12 0.5258 0.0058 107.379
13.13 0.5218 0.0054 106.648
13.14 0.5299 0.0052 106.572
13.15 0.5258 0.0052 106.475
13.16 0.4934 0.0051 105.357
13.17 0.4772 0.0051 104.873
13.18 0.4757 0.0051 104.848
13.19 0.4742 0.0052 104.992
13.2 0.4853 0.0052 105.365
13.21 0.461 0.0052 104.61
13.22 0.457 0.0053 104.667
13.23 0.4469 0.0054 104.515
13.24 0.4368 0.0055 104.352
13.25 0.4206 0.0055 103.808
13.26 0.4206 0.0055 103.829
13.27 0.4207 0.0055 103.855
13.28 0.4216 0.0053 103.589
13.29 0.4287 0.0054 104.022
13.3 0.457 0.0054 105.005
13.31 0.4489 0.0056 105.075
13.32 0.461 0.0057 105.655
13.33 0.4691 0.0057 105.943
13.34 0.5744 0.0069 110.849
13.35 0.967 0.0081 121.113
13.36 1.3596 0.0086 127.866
13.37 1.7604 0.0098 134.19
13.38 2.064 0.0106 138.228
13.39 2.2542 0.0123 141.767
13.4 2.3594 0.0147 144.863
13.41 2.3352 0.0151 145.002
13.42 1.979 0.0152 141.694
13.43 1.7644 0.0154 139.552
13.44 1.6824 0.0154 138.627
13.45 1.6465 0.0154 138.226
13.46 1.6106 0.0155 137.89
13.47 1.6066 0.016 138.234
13.48 1.5499 0.0161 137.621
13.49 1.4487 0.0161 136.317
13.5 1.392 0.0161 135.563
13.51 1.3515 0.0152 134.371
13.52 1.2584 0.0146 132.58
13.53 1.1694 0.0139 130.679
13.54 1.1636 0.0136 130.375
13.55 1.2042 0.0124 130.044
13.56 1.2449 0.0121 130.429
13.57 1.3273 0.011 130.625
13.58 1.4851 0.0106 132.374
13.59 1.7563 0.0103 135.314
13.6 1.8373 0.0101 136.001
13.61 1.8656 0.0101 136.329
13.62 1.8575 0.0101 136.271
13.63 1.8211 0.0101 135.911
13.64 1.7158 0.0096 134.21
13.65 1.562 0.0091 131.846
13.66 1.3394 0.0084 128.129
13.67 1.3232 0.0079 127.279
13.68 1.2018 0.0074 124.872
13.69 1.1654 0.0073 124.205
13.7 1.137 0.0066 122.756
13.71 1.0358 0.0058 119.848
13.72 0.837501 0.0053 115.391
13.73 0.8011 0.0053 114.678
13.74 0.6999 0.0052 112.314
13.75 0.6149 0.0053 110.437
13.76 0.5784 0.0053 109.49
13.77 0.5783 0.0053 109.509
13.78 0.5794 0.0054 109.732
13.79 0.5805 0.0054 109.784
13.8 0.5946 0.0055 110.355
13.81 0.6594 0.0055 112.033
13.82 0.6634 0.0056 112.322
13.83 0.6634 0.0056 112.344
13.84 0.6594 0.0056 112.269
13.85 0.6553 0.0055 112.023
13.86 0.6432 0.0054 111.575
13.87 0.5946 0.0054 110.341
13.88 0.5922 0.0054 110.299
13.89 0.5927 0.0054 110.335
13.9 0.5931 0.0055 110.536
13.91 0.5946 0.0058 111.088
13.92 0.6027 0.0063 112.096
13.93 0.6047 0.0064 112.319
13.94 0.6068 0.0067 112.826
13.95 0.627 0.0069 113.66
13.96 0.6958 0.0072 115.809
13.97 0.7808 0.0076 118.302
13.98 0.8577 0.0081 120.574
13.99 1.0237 0.0081 123.71
14 1.2423 0.0078 126.833
14.01 1.3799 0.0075 128.372
14.02 1.3354 0.0068 126.755
14.03 1.2706 0.0063 125.078
14.04 1.1532 0.0063 123.369
14.05 1.0196 0.0064 121.384
14.06 0.8861 0.0069 119.726
14.07 0.8676 0.008 120.865
14.08 0.8586 0.0104 123.371
14.09 0.8966 0.0116 125.3
14.1 0.9346 0.0133 127.519
14.11 1.137 0.0147 132.293
14.12 1.2949 0.0156 135.488
14.13 1.5944 0.016 139.931
14.14 1.5782 0.0162 139.897
14.15 1.4973 0.0147 137.751
14.16 1.4487 0.0131 135.816
14.17 1.4366 0.0104 133.098
14.18 1.4001 0.0081 129.902
14.19 1.3232 0.0075 128.053
14.2 1.1532 0.0076 125.705
14.21 1.0399 0.0077 124.006
14.22 0.9346 0.0079 122.399
14.23 0.8415 0.0095 122.451
14.24 0.8424 0.0116 124.546
14.25 0.8432 0.0151 127.351
14.26 0.8456 0.019 129.887
14.27 0.9144 0.0214 132.691
14.28 1.0277 0.0226 135.582
14.29 1.4285 0.0256 143.676
14.3 1.7806 0.0257 148.385
14.31 2.1085 0.0289 153.562
14.32 2.3433 0.0348 158.374
14.33 2.4363 0.0392 160.881
14.34 2.4363 0.043 162.156
14.35 2.5011 0.0437 163.02
14.36 2.7683 0.044 165.547
14.37 3.0921 0.0438 168.174
14.38 3.5333 0.0437 171.436
14.39 4.1769 0.042 175.072
14.4 5.6462 0.0332 179.331
14.41 6.3222 0.03 180.779
14.42 6.7998 0.0289 182.153
14.43 7.0832 0.0291 183.368
14.44 7.1682 0.0294 183.875
14.45 7.156 0.0293 183.813
14.46 7.3058 0.0292 184.346
14.47 7.2775 0.0289 184.12
14.48 7.3422 0.0273 183.518
14.49 7.2006 0.0244 181.337
14.5 7.0508 0.0237 180.386
14.51 6.9739 0.0233 179.881
14.52 6.4113 0.0231 177.622
14.53 5.9012 0.0264 177.509
14.54 5.2536 0.0297 176.315
14.55 4.691 0.0363 176.417
14.56 4.0878 0.037 173.263
14.57 3.5495 0.0378 170.11
14.58 2.6549 0.0419 164.579
14.59 2.3352 0.044 162.255
14.6 2.1085 0.0452 160.276
14.61 1.9749 0.0453 158.831
14.62 1.9203 0.0453 158.222
14.63 1.899 0.0452 157.969
14.64 1.8914 0.0447 157.761
14.65 1.8907 0.0432 157.335
14.66 1.8984 0.0425 157.244
14.67 1.9061 0.0422 157.272
14.68 2.0518 0.042 158.917
14.69 2.4283 0.0413 162.622
14.7 2.5416 0.0392 163.016
14.71 2.6306 0.0364 162.849
14.72 2.8006 0.0321 162.645
14.73 2.9787 0.0235 159.923
14.74 3.2661 0.0198 159.795
14.75 4.6221 0.0196 167.878
14.76 5.2779 0.0195 171.076
14.77 5.8243 0.0202 174.063
14.78 6.2574 0.0209 176.402
14.79 6.6258 0.0227 179.122
14.8 7.0306 0.0245 181.843
14.81 7.0306 0.0269 183.297
14.82 7.0508 0.0295 184.82
14.83 7.0346 0.0367 188.182
14.84 7.1115 0.0395 189.669
14.85 7.3503 0.0397 190.689
14.86 7.5082 0.0398 191.349
14.87 7.6377 0.0398 191.857
14.88 7.7753 0.0405 192.666
14.89 8.0304 0.0405 193.6
14.9 8.1761 0.0405 194.138
14.91 8.2651 0.0405 194.477
14.92 8.3016 0.0407 194.717
14.93 8.2894 0.0409 194.791
14.94 7.8563 0.0416 193.601
14.95 7.5325 0.0431 193.035
14.96 7.1682 0.0472 193.152
14.97 6.7594 0.0563 194.392
14.98 6.3667 0.0615 194.182
14.99 5.6017 0.0635 191.179
15 5.3224 0.0644 190.033
15.01 5.3277 0.0645 190.12
15.02 5.333 0.0646 190.207
15.03 5.4246 0.0636 190.462
15.04 5.63 0.0626 191.267
15.05 6.2615 0.0588 193.244
15.06 7.0184 0.0516 194.359
15.07 7.7875 0.0455 195.273
15.08 8.6456 0.0454 198.234
15.09 8.678 0.0469 198.915
15.1 8.7144 0.0483 199.559
15.11 8.6901 0.0512 200.486
15.12 8.7458 0.0546 201.784
15.13 8.8015 0.0547 202.036
15.14 8.9209 0.0546 202.435
15.15 9.2325 0.0545 203.445
15.16 9.5523 0.0536 204.199
15.17 9.8964 0.0535 205.248
15.18 10.536 0.0543 207.402
15.19 10.718 0.0552 208.236
15.2 10.799 0.0568 208.997
15.21 10.799 0.0581 209.429
15.22 10.7615 0.0598 209.865
15.23 10.7607 0.061 210.249
15.24 10.7658 0.061 210.301
15.25 10.771 0.0616 210.526
15.26 10.84 0.0628 211.096
15.27 10.84 0.0648 211.686
15.28 10.803 0.068 212.471
15.29 10.763 0.0703 212.985
15.3 10.69 0.0713 213.065
15.31 10.692 0.0715 213.159
15.32 10.6939 0.0713 213.154
15.33 10.698 0.0711 213.154
15.34 10.811 0.0712 213.541
15.35 11.022 0.0712 214.175
15.36 11.111 0.0714 214.512
15.37 11.078 0.0724 214.707
15.38 11.05 0.0732 214.864
15.39 10.755 0.0751 214.524
15.4 10.7285 0.0751 214.486
15.41 10.7248 0.075 214.491
15.42 10.744 0.0749 214.561
15.43 10.7632 0.0733 214.269
15.44 10.803 0.0679 213.061
15.45 10.908 0.0674 213.265
15.46 10.969 0.0672 213.422
15.47 11.107 0.067 213.792
15.48 11.05 0.067 213.672
15.49 10.997 0.0668 213.509
15.5 10.868 0.0666 213.132
15.51 10.718 0.0658 212.53
15.52 10.495 0.0654 211.818
15.53 10.386 0.0654 211.538
15.54 10.313 0.0654 211.361
15.55 10.208 0.0654 211.087
15.56 10.014 0.0654 210.543
15.57 9.9126 0.0654 210.272
15.58 9.9045 0.0653 210.258
15.59 9.8802 0.0636 209.76
15.6 9.8559 0.0626 209.447
15.61 9.6657 0.0616 208.617
15.62 9.5766 0.0613 208.292
15.63 9.4106 0.061 207.72
15.64 9.0059 0.0597 206.077
15.65 8.7225 0.0589 204.936
15.66 8.4594 0.0595 204.243
15.67 8.1235 0.0583 202.747
15.68 7.3787 0.0542 198.784
15.69 7.3018 0.052 197.837
15.7 7.0144 0.0498 196.024
15.71 6.5934 0.0488 193.992
15.72 6.3708 0.0478 192.737
15.73 5.9539 0.0479 190.934
15.74 4.9217 0.0473 185.609
15.75 4.4117 0.0467 182.546
15.76 3.93 0.0463 179.435
15.77 3.4969 0.0451 176.089
15.78 3.1204 0.0402 171.605
15.79 2.5133 0.0355 164.658
15.8 2.2461 0.0319 160.607
15.81 2.0397 0.0289 157.125
15.82 1.7928 0.0258 152.81
15.83 1.5661 0.0194 146.377
15.84 1.3596 0.0167 141.674
15.85 1.2584 0.0141 138.17
15.86 1.218 0.0124 136.084
15.87 1.1856 0.0116 134.831
15.88 1.1289 0.0099 132.152
15.89 1.0642 0.0098 130.946
15.9 1.0439 0.0098 130.606
15.91 1.0196 0.0098 130.187
15.92 0.9994 0.0096 129.612
15.93 1 0.0092 129.188
15.94 1.0006 0.0091 129.104
15.95 1.0039 0.0091 129.188
15.96 1.0115 0.0091 129.351
15.97 1.0115 0.0094 129.723
15.98 1.0257 0.0113 132.013
15.99 1.0399 0.0122 133.143
16 1.2018 0.0121 135.877
16.01 1.2949 0.0121 137.369
16.02 1.392 0.0116 138.344
16.03 1.4527 0.0114 139.02
16.04 1.4123 0.0113 138.379
16.05 1.3111 0.0113 136.929
16.06 1.2463 0.0112 135.856
16.07 1.2139 0.0112 135.365
16.08 1.2048 0.0112 135.242
16.09 1.205 0.0114 135.468
16.1 1.2052 0.0115 135.593
16.11 1.2058 0.0118 135.917
16.12 1.222 0.0118 136.202
16.13 1.2382 0.0118 136.484
16.14 1.2827 0.0116 137.009
16.15 1.2544 0.0116 136.593
16.16 1.2423 0.0116 136.426
16.17 1.1815 0.0116 135.467
16.18 1.1813 0.0122 136.056
16.19 1.1814 0.0125 136.357
16.2 1.1815 0.0126 136.472
16.21 1.2463 0.0124 137.366
16.22 1.2544 0.0122 137.332
16.23 1.2908 0.0114 137.146
16.24 1.307 0.0113 137.316
16.25 1.2706 0.0112 136.681
16.26 1.137 0.0109 134.231
16.27 1.0965 0.0106 133.245
16.28 1.0723 0.0104 132.63
16.29 1.0642 0.0103 132.401
16.3 1.0723 0.0104 132.675
16.31 1.0561 0.0101 132.085
16.32 1.0237 0.0099 131.297
16.33 0.9144 0.0096 128.871
16.34 0.8577 0.0081 125.918
16.35 0.8415 0.0069 123.93
16.36 0.8011 0.0068 122.926
16.37 0.7727 0.0067 122.159
16.38 0.7565 0.0067 121.808
16.39 0.7322 0.0067 121.257
16.4 0.716 0.0067 120.887
16.41 0.6958 0.0066 120.26
16.42 0.6897 0.0066 120.128
16.43 0.6877 0.0065 119.946
16.44 0.6897 0.0065 120.016
16.45 0.6918 0.0066 120.242
16.46 0.6958 0.0066 120.362
16.47 0.6999 0.0071 121.218
16.48 0.6999 0.0078 122.191
16.49 0.7282 0.008 123.17
16.5 0.7565 0.0092 125.318
16.51 0.7646 0.0104 126.819
16.52 0.7808 0.0103 127.121
16.53 0.837501 0.0116 129.709
16.54 0.882 0.0116 130.702
16.55 0.9346 0.0117 131.913
16.56 0.963 0.0119 132.692
16.57 1.0277 0.0121 134.149
16.58 1.3515 0.0127 140.132
16.59 1.4689 0.0145 143.419
16.6 1.4689 0.0145 143.443
16.61 1.4811 0.0146 143.721
16.62 1.4932 0.0149 144.157
16.63 1.5013 0.0165 145.523
16.64 1.5256 0.0206 148.603
16.65 1.5904 0.0186 148.256
16.66 1.6754 0.0305 155.672
16.67 1.7078 0.0366 158.514
16.68 1.6956 0.0455 161.271
16.69 1.8211 0.0556 165.706
16.7 1.9465 0.0787 172.239
16.71 2.2582 0.0754 175.366
16.72 3.003 0.1543 193.962
16.73 4.2012 0.1875 206.933
16.74 4.1486 0.1853 206.389
16.75 4.5007 0.1891 209.212
16.76 5.6341 0.19 216.211
16.77 6.8444 0.1893 222.323
16.78 9.9045 0.1887 234.452
16.79 11.394 0.1819 238.54
16.8 12.43 0.1775 241.097
16.81 13.916 0.173 244.567
16.82 15.563 0.1636 247.426
16.83 17.656 0.1633 251.966
16.84 18.271 0.1641 253.356
16.85 20.744 0.1649 258.177
16.86 23.744 0.1676 263.647
16.87 23.444 0.1702 263.546
16.88 25.533 0.1689 266.679
16.89 24.942 0.1717 266.189
16.9 26.241 0.1731 268.367
16.91 28.718 0.1738 272.012
16.92 29.645 0.1738 273.304
16.93 29.443 0.1738 273.08
16.94 29.773 0.1645 272.315
16.95 30.103 0.1632 272.612
16.96 31.507 0.1626 274.368
16.97 32.701 0.166 276.363
16.98 33.046 0.1693 277.28
16.99 32.916 0.2038 281.478
17 32.932 0.2041 281.578
17.01 32.948 0.2044 281.678
17.02 32.981 0.2075 282.118
17.03 34.078 0.2106 283.847
17.04 35.482 0.2193 286.511
17.05 33.673 0.2407 286.619
17.06 33.58 0.2773 289.946
17.07 33.7064 -0.0793 -nan
17.08 33.8327 -0.079 -nan
17.09 34.114 -0.079 -nan
17.1 35.328 -0.078 -nan
17.11 36.223 -0.0772 -nan
17.12 36.608 -0.0766 -nan
17.13 38.874 -0.0762 -nan
