0.02 5.4424 0.0556 29.8984
0.04 5.0052 0.0649 36.2816
0.06 4.6878 0.0657 40.2703
0.0800001 4.4489 0.0623 43.1049
0.1 4.3749 0.0562 45.3623
0.12 4.5318 0.0501 47.5072
0.14 4.776 0.0446 49.4825
0.16 4.9205 0.0369 50.7679
0.18 4.9831 0.032 51.934
0.2 4.6799 0.0275 52.3324
0.22 4.6305 0.0269 53.5571
0.24 4.486 0.0289 54.9454
0.26 4.3643 0.0305 56.2111
0.28 4.255 0.0329 57.5334
0.3 4.1766 0.0339 58.6366
0.32 4.0814 0.0354 59.715
0.34 3.9579 0.0359 60.5324
0.36 3.853 0.0347 61.0915
0.38 3.7217 0.0335 61.5274
0.4 3.5569 0.0324 61.8333
0.42 3.3435 0.0314 61.9599
0.44 3.0976 0.0303 61.8958
0.46 2.8446 0.0297 61.7984
0.48 2.604 0.0287 61.5674
0.5 2.3809 0.0275 61.254
0.52 2.1879 0.0262 60.9303
0.54 2.0372 0.0244 60.5836
0.56 1.9534 0.0225 60.4212
0.58 1.8891 0.0209 60.3487
0.6 1.8512 0.0199 60.4953
0.62 1.8256 0.0195 60.8242
0.640001 1.7454 0.019 60.8361
0.660001 1.7039 0.0176 60.7583
0.680001 1.6317 0.017 60.7084
0.700001 1.5541 0.0159 60.4344
0.720001 1.4571 0.0145 59.8859
0.740001 1.3566 0.0129 59.1478
0.760001 1.2658 0.0116 58.4773
0.780001 1.1936 0.011 58.1476
0.800001 1.1239 0.0107 57.9197
0.820001 1.0666 0.0104 57.7441
0.840001 1.0261 0.01 57.6207
0.860001 1.0111 0.0093 57.5276
0.880001 1.0278 0.0091 57.9284
0.900001 1.0402 0.0069 57.063
0.920001 1.0622 0.0076 58.0508
0.940001 1.0534 0.0086 58.932
0.960001 1.0111 0.0092 59.2607
0.980001 0.9661 0.0092 59.2119
1 0.893 0.0088 58.6572
1.02 0.870001 0.0085 58.5905
1.04 1.6378 0.0192 69.0522
1.06 1.8609 0.0182 70.3932
1.08 1.5347 0.0156 67.9462
1.1 3.6309 0.0169 77.8264
1.12 8.9411 0.0311 93.6911
1.14 9.1659 0.0436 97.1842
1.16 6.7029 0.0325 91.0978
1.18 8.9719 0.0259 93.6705
1.2 6.1388 0.0716 96.9713
1.22 5.8444 0.128 101.521
1.24 5.944 0.1286 102.269
1.26 6.6007 0.1371 104.844
1.28 7.1437 0.1308 106.094
1.3 7.9573 0.1245 107.776
1.32 8.882 0.1172 109.41
1.34 9.596 0.0547 104.274
1.36 8.771 0.0243 96.6103
1.38 9.9795 0.0315 100.98
1.4 10.5622 0.046 105.488
1.42 10.9782 0.0471 106.705
1.44 11.2779 0.0503 108.127
1.46 11.5362 0.0526 109.303
1.48 11.694 0.0544 110.24
1.5 11.7231 0.0564 111.025
1.52 11.8774 0.0577 111.856
1.54 12.1022 0.0592 112.808
1.56 12.155 0.061 113.567
1.58 12.1436 0.062 114.108
1.6 12.1639 0.0625 114.612
1.62 12.1894 0.062 114.967
1.64 12.2317 0.0623 115.463
1.66 12.2555 0.0638 116.115
1.68 12.2758 0.0659 116.845
1.7 12.3199 0.0695 117.81
1.72 12.2635 0.0693 118.088
1.74 12.1903 0.0759 119.265
1.76 11.9382 0.0962 121.661
1.78 11.9708 0.0962 122.091
1.8 12.349 0.0913 122.487
1.82 12.8056 0.0749 121.49
1.84 13.1132 0.0642 120.719
1.86 13.2155 0.0562 119.883
1.88 13.167 0.058 120.492
1.9 13.1247 0.0625 121.544
1.92 12.996 0.0652 122.155
1.94 12.8726 0.0669 122.601
1.96 12.6258 0.0805 124.511
1.98 11.8915 0.0583 120.512
2 12.0184 0.0598 121.29
2.02 11.94 0.0595 121.46
2.04 11.7742 0.0595 121.548
2.06 11.7178 0.0599 121.862
2.08 11.7443 0.0601 122.264
2.1 11.7689 0.0596 122.541
2.12 11.754 0.0591 122.756
2.14 11.5733 0.0588 122.75
2.16 11.1281 0.0595 122.496
2.18 10.5154 0.0606 121.998
2.2 10.0007 0.0604 121.394
2.22 9.5661 0.0605 120.941
2.24 9.0848 0.0607 120.378
2.26 8.6193 0.0612 119.847
2.28 8.3126 0.0613 119.532
2.3 8.1275 0.0598 119.188
2.32 7.9864 0.0577 118.821
2.34 7.8136 0.0554 118.329
2.36 7.5941 0.0528 117.652
2.38 7.3985 0.0506 117.071
2.4 7.2618 0.0467 116.25
2.42 7.2812 0.0442 116.031
2.44 7.4258 0.0424 116.224
2.46 7.6224 0.0405 116.482
2.48 7.7872 0.0391 116.763
2.5 7.8295 0.0389 117.065
2.52 7.8251 0.0392 117.39
2.54 7.8013 0.0404 117.892
2.56 7.8639 0.0421 118.692
2.58 7.9547 0.0438 119.539
2.6 8.0411 0.0451 120.274
2.62 7.9996 0.0374 118.58
2.64 8.6378 0.0389 120.545
2.66 9.1667 0.0391 121.889
2.68 9.6154 0.0387 122.881
2.7 9.8949 0.0387 123.644
2.72 9.8349 0.04 124.13
2.74 9.4894 0.0423 124.322
2.76 9.3598 0.0457 125.129
2.78 9.3765 0.0485 126.035
2.8 9.4629 0.0499 126.753
2.82 9.6736 0.0506 127.555
2.84 9.8358 0.051 128.196
2.86 9.8543 0.0505 128.376
2.88 9.8578 0.0496 128.439
2.9 8.6299 0.0594 128.153
2.92 9.1905 0.0398 125.321
2.94 8.9781 0.0452 126.469
2.96 8.7251 0.0498 127.209
2.98 8.5418 0.0524 127.597
3 8.3787 0.0535 127.701
3.02 8.2015 0.0533 127.504
3.04 7.9891 0.0529 127.177
3.06 7.7325 0.0513 126.488
3.08 7.3747 0.0493 125.44
3.1 7.2636 0.0477 125.048
3.12 7.2468 0.0467 125.009
3.14 7.3861 0.0459 125.395
3.16 7.6435 0.0445 125.912
3.18 8.0754 0.0432 126.823
3.2 8.5947 0.0422 127.94
3.22 9.0416 0.0416 128.947
3.24 9.3633 0.0409 129.637
3.26 9.6595 0.0407 130.39
3.28 9.7812 0.0412 130.981
3.3 9.5819 0.0419 130.997
3.32 9.1826 0.0433 130.773
3.34 8.8653 0.0453 130.82
3.36 8.5479 0.0468 130.705
3.38 8.2068 0.0484 130.52
3.4 7.8612 0.0489 130.038
3.42 7.3526 0.0486 128.936
3.44 6.8405 0.047 127.454
3.46 6.5284 0.0446 126.252
3.48 6.2975 0.0422 125.223
3.5 5.9316 0.0391 123.559
3.52 5.5535 0.0358 121.691
3.54 5.3507 0.033 120.413
3.56 5.2352 0.032 119.916
3.58 4.9831 0.0214 115.326
3.6 4.992 0.0212 115.444
3.62 5.0069 0.0213 115.717
3.64 5.2141 0.0213 116.573
3.66 5.5288 0.0209 117.555
3.68 6.1758 0.0204 119.384
3.7 6.3997 0.0202 120.08
3.72 6.5284 0.0208 120.899
3.74 6.524 0.0216 121.449
3.76 6.4314 0.0226 121.837
3.78 6.3627 0.0238 122.353
3.8 6.2966 0.0261 123.292
3.82 6.2507 0.0284 124.211
3.84 6.1943 0.0301 124.832
3.86 6.1467 0.0294 124.629
3.88 6.033 0.0282 124.043
3.9 5.9546 0.0268 123.462
3.92 5.9925 0.0261 123.479
3.94 6.1291 0.0256 123.856
3.96 6.2437 0.0247 123.992
3.98 6.1573 0.0237 123.491
4 5.8602 0.0227 122.346
4.02 5.5605 0.0224 121.459
4.04 4.8915 0.0235 119.879
4.06 4.3123 0.0232 117.759
4.08 3.6688 0.0201 113.841
4.1 3.1285 0.0168 109.76
4.12 2.7221 0.0155 107.009
4.14 2.3818 0.0154 105.056
4.16 2.1359 0.0146 103.1
4.18 1.934 0.0133 100.986
4.2 1.8318 0.0116 99.197
4.22 1.8829 0.0086 97.2703
4.24 2.1755 0.0089 99.7294
4.26 2.7503 0.0102 104.467
4.28 3.3576 0.009 106.537
4.3 3.7958 0.0066 105.81
4.32 4.1466 0.0056 105.847
4.34 4.471 0.004 104.181
4.36 4.8597 0.0041 105.791
4.38 5.4107 0.0066 111.924
4.4 6.0674 0.0096 117.537
4.42 4.5441 0 0
4.44 7.3112 0.006 116.398
4.46 7.9503 0.0108 123.871
4.48 8.5497 0.0153 129.015
4.5 9.0909 0.0177 131.911
4.52 9.5511 0.0204 134.597
4.54 9.9971 0.023 137.012
4.56 10.4344 0.0262 139.531
4.58 10.7191 0.0296 141.675
4.6 10.9395 0.0333 143.664
4.62 11.1175 0.0373 145.539
4.64 11.1307 0.0411 146.92
4.66 11.151 0.0441 147.999
4.68 11.1704 0.0478 149.21
4.7 11.092 0.051 150.042
4.72 11.0558 0.0535 150.747
4.74 11.0585 0.0545 151.163
4.76 11.1898 0.0554 151.804
4.78 11.3582 0.0559 152.422
4.8 11.5539 0.0559 152.975
4.82 11.7875 0.0558 153.571
4.84 12.0404 0.0554 154.126
4.86 12.3437 0.055 154.764
4.88 12.6557 0.0553 155.569
4.9 12.9405 0.0561 156.433
4.92 13.2552 0.057 157.361
4.94 13.5822 0.0574 158.184
4.96 13.866 0.0585 159.085
4.98 13.8757 0.06 159.615
5 13.8449 0.0613 160.027
5.02 13.7788 0.0631 160.481
5.04 13.7083 0.0646 160.854
5.06 13.6413 0.0663 161.265
5.08 13.6483 0.0689 161.972
5.1 13.8828 0.0705 162.858
5.12 14.3711 0.0862 166.613
5.14 14.0873 0.0634 162.118
5.16 14.4196 0.0667 163.528
5.18 14.3817 0.0677 163.844
5.2 14.3473 0.068 164.024
5.22 14.2839 0.0678 164.054
5.24 14.313 0.0676 164.236
5.26 14.4505 0.0683 164.778
5.28 14.6197 0.0698 165.527
5.3 14.848 0.0692 165.952
5.32 15.1151 0.0685 166.413
5.34 15.4466 0.0708 167.567
5.36 15.7419 0.0746 168.933
5.38 16.0504 0.0756 169.769
5.4 16.3149 0.0767 170.55
5.42 16.5017 0.0788 171.39
5.44 16.5899 0.0804 171.984
5.46 16.5855 0.0814 172.331
5.48 16.2593 0.0823 172.171
5.5 15.9949 0.0834 172.129
5.52 15.7551 0.0848 172.166
5.54 15.6899 0.0857 172.388
5.56 15.7965 0.0868 172.912
5.58 16.1297 0.089 173.968
5.6 16.4726 0.0912 175.025
5.62 16.7371 0.0881 175.096
5.64 17.0033 0.0856 175.248
5.66 17.2995 0.0839 175.564
5.68 17.5031 0.0835 175.962
5.7 17.5913 0.0855 176.609
5.72 17.5428 0.0884 177.202
5.74 17.2625 0.0903 177.277
5.76 16.552 0.0921 176.667
5.78 16.3651 0.0949 176.989
5.8 16.2911 0.0973 177.412
5.82 16.1245 0.0966 177.213
5.84 16.0504 0.097 177.325
5.86 15.7912 0.0947 176.725
5.88 15.3778 0.0933 176
5.9 15.0005 0.0916 175.268
5.92 14.6136 0.091 174.679
5.94 14.2028 0.0911 174.142
5.96 13.8704 0.0974 174.681
5.98 12.9078 0.0964 172.894
6 13.2825 0.0752 170.215
6.02 13.3142 0.0743 170.26
6.04 13.3486 0.0727 170.172
6.06 13.4447 0.0719 170.348
6.08 13.5584 0.0716 170.651
6.1 13.6739 0.0702 170.735
6.12 13.6501 0.0704 170.888
6.14 13.3451 0.0715 170.708
6.16 12.914 0.0723 170.214
6.18 12.6504 0.0737 170.133
6.2 12.6531 0.0753 170.596
6.22 12.7695 0.0747 170.86
6.24 12.8893 0.0728 170.876
6.26 12.9052 0.071 170.703
6.28 12.8885 0.069 170.417
6.3 12.7888 0.0685 170.274
6.32 12.6372 0.0683 170.09
6.34 12.5508 0.0693 170.277
6.36 12.5782 0.0689 170.398
6.38 12.8356 0.0667 170.584
6.4 13.1564 0.0659 171.168
6.42 13.4279 0.0674 172.143
6.44 14.372 0.0659 173.661
6.46 15.0393 0.0641 174.548
6.48 15.339 0.0623 174.78
6.5 15.5568 0.0635 175.564
6.52 15.674 0.0648 176.201
6.54 15.6238 0.0664 176.627
6.56 15.5127 0.0686 177.075
6.58 15.4272 0.0722 177.84
6.6 15.4316 0.0748 178.522
6.62 15.8415 0.0744 179.268
6.64 16.3863 0.0714 179.677
6.66 16.8914 0.0727 180.887
6.68 17.2387 0.0754 182.121
6.7 17.5622 0.075 182.68
6.72 17.921 0.0754 183.446
6.74 17.0818 0.0813 183.48
6.76 17.8161 0.0714 182.763
6.78 17.7993 0.0762 183.881
6.8 17.5472 0.0803 184.456
6.82 17.2413 0.084 184.832
6.84 16.887 0.0871 184.987
6.86 16.7265 0.0882 185.076
6.88 16.6789 0.0893 185.341
6.9 16.8023 0.0894 185.704
6.92 16.6798 0.088 185.415
6.94 16.492 0.0875001 185.173
6.96 16.3669 0.0866 184.959
6.98 16.2699 0.0864 184.913
7 16.1253 0.0867 184.876
7.02 15.912 0.0872 184.756
7.04 15.7119 0.0873 184.583
7.06 15.5435 0.0834 183.743
7.08 15.3849 0.0816 183.283
7.1 15.2033 0.0802 182.85
7.12 15.064 0.0789 182.502
7.14 15.0376 0.0774 182.307
7.16 14.9794 0.0757 182.01
7.18 14.8551 0.0746 181.712
7.2 14.0388 0.0748 180.418
7.22 13.4985 0.0746 179.5
7.24 12.8056 0.0743 178.22
7.26 12.0061 0.0754 176.925
7.28 11.2868 0.0736 175.14
7.3 10.6724 0.0771 174.54
7.32 10.6856 0.0775 174.779
7.34 10.9527 0.0711 174.28
7.36 11.3476 0.0683 174.719
7.38 12.029 0.0658 175.779
7.4 12.7033 0.0597 175.869
7.42 13.3292 0.0545 175.886
7.44 13.8616 0.052 176.323
7.46 13.6677 0.0499 175.494
7.48 13.2181 0.0446 173.155
7.5 12.5464 0.0391 170.114
7.52 5.4821 0 0
7.54 11.4234 0.0362 167.007
7.56 10.9042 0.0399 167.364
7.58 9.1553 0.0457 165.178
7.6 8.213 0.0525 164.623
7.62 7.409 0.0575 163.55
7.64 6.7805 0.0613 162.456
7.66 6.3045 0.0624 161.117
7.68 6.0145 0.0638 160.441
7.7 5.9739 0.0686 161.371
7.72 6.6342 0.074 164.981
7.74 8.5162 0.0678 169.903
7.76 10.3118 0.0584 172.618
7.78 10.0738 0.0508 170.176
7.8 9.961 0.0471 168.955
7.82 10.2801 0.0438 168.821
7.84 10.4617 0.0361 166.665
7.86 10.2484 0.0427 168.629
7.88 10.0465 0.0462 169.372
7.9 10.0579 0.0434 168.639
7.92 10.3365 0.0462 170.307
7.94 10.3171 0.0537 172.526
7.96 10.9624 0.0582 175.331
7.98 11.5838 0.0531 175.508
8 11.8298 0.0469 174.352
8.02 11.9849 0.043 173.543
8.04 12.2018 0.0412 173.494
8.06 12.4151 0.037 172.497
8.08 12.4098 0.0295 169.383
8.1 12.4169 0.0268 168.165
8.12 12.6055 0.0278 169.161
8.14 12.9114 0.0348 173.066
8.16 13.814 0.0423 177.74
8.18 3.2007 0.0381 142.841
8.2 13.866 0.0412 177.688
8.22 13.8184 0.0478 179.931
8.24 13.7276 0.0546 181.884
8.26 13.6192 0.0602 183.281
8.28 13.5672 0.0628 183.95
8.3 13.5584 0.0644 184.442
8.32 13.4861 0.069 185.485
8.34 13.2719 0.0705 185.513
8.36 13.0656 0.071 185.327
8.38 13.093 0.0705 185.397
8.4 13.1432 0.0683 185.133
8.42 13.1503 0.0653 184.579
8.44 13.1106 0.063 184.07
8.46 12.9942 0.0641 184.22
8.48 12.788 0.0651 184.154
8.5 12.6081 0.0675 184.454
8.52 12.3084 0.0686 184.184
8.54 12.1304 0.0682 183.828
8.56 11.9232 0.0673 183.289
8.58 11.6887 0.0674 182.907
8.6 11.4066 0.0674 182.383
8.62 11.0338 0.0686 181.896
8.64 10.7164 0.0674 180.984
8.66 10.348 0.0675 180.213
8.68 9.6921 0.0685 178.855
8.7 8.6608 0.0694 176.284
8.72 8.1407 0.0705 175.06
8.74 7.6832 0.0704 173.698
8.76 7.2036 0.0696 172.039
8.78 6.6977 0.0663 169.665
8.8 6.2737 0.0648 167.861
8.82 6.0894 0.0653 167.355
8.84 6.3636 0.0747 170.422
8.86 7.1014 0.0794 174.126
8.88 9.2796 0.0755 180.321
8.9 10.1655 0.0764 182.999
8.92 10.9826 0.0741 184.693
8.94 11.6023 0.0683 185.015
8.96 11.8483 0.0456 179.553
8.98 12.0131 0.0271 172.394
9 12.371 0.0312 175.274
9.02 12.84 0.0384 179.397
9.04 11.5036 0.0333 174.606
9.06 12.7148 0.0391 179.634
9.08 12.6522 0.0454 181.863
9.1 12.274 0.0513 183.032
9.12 12.1929 0.0534 183.581
9.14 12.1418 0.0547 183.949
9.16 12.0052 0.0556 184.011
9.18 11.7901 0.0594 184.657
9.2 11.5636 0.0605 184.535
9.22 11.3326 0.0623 184.56
9.24 11.2771 0.062 184.467
9.26 11.9311 0.06 185.575
9.28 12.1727 0.0562 185.212
9.3 12.2344 0.0511 183.996
9.32 12.334 0.0471 183.075
9.34 12.4512 0.0446 182.604
9.36 12.5129 0.0428 182.217
9.38 12.4733 0.0464 183.47
9.4 12.3305 0.0528 185.256
9.42 12.1727 0.0569 186.177
9.44 11.642 0.0592 185.706
9.46 11.3291 0.0606 185.448
9.48 10.9086 0.0599 184.37
9.5 10.3815 0.0594 183.04
9.52 9.7371 0.0595 181.49
9.54 9.0354 0.0595 179.651
9.56 8.1601 0.0582 176.812
9.58 7.2786 0.0567 173.648
9.6 6.6236 0.0547 170.894
9.62 6.2005 0.0533 169.01
9.64 5.9616 0.0526 167.969
9.66 5.8673 0.0508 167.195
9.68 0.9185 0.0502 127.96
9.7 5.2317 0.0436 162.566
9.72 4.7425 0.0398 159.164
9.74 4.3352 0.034 155.162
9.76 3.9685 0.0302 151.783
9.78 3.4863 0.0287 148.432
9.8 3.0165 0.0355 148.049
9.82 2.6877 0.0397 147.053
9.84 2.6322 0.0482 149.082
9.86 2.6877 0.0561 151.517
9.88 3.0712 0.0573 154.814
9.9 3.1928 0.0493 153.833
9.92 3.0703 0.0415 150.877
9.94 2.7379 0.0355 146.575
9.96 2.4629 0.0285 141.823
9.98 2.4911 0.0307 143.017
10 3.0571 0.041 150.968
10.02 3.5013 0.0448 155.172
10.04 3.1487 0.0428 152.323
10.06 2.4779 0.0343 144.552
10.08 1.421 0.0236 129.414
10.1 1.1345 0.025 125.956
10.12 0.9335 0.0304 124.546
10.14 1.1415 0.0327 129.058
10.16 1.3496 0.0303 131.444
10.18 1.4095 0.0325 133.115
10.2 1.3619 0.0261 130.134
10.22 1.3796 0.0243 129.674
10.24 1.6793 0.0219 132.32
10.26 2.0592 0.0225 136.644
10.28 2.3422 0.0214 138.697
10.3 2.5749 0.0195 139.594
10.32 3.5304 0.0186 145.59
10.34 3.965 0.0232 150.873
10.36 4.6111 0.0229 154.104
10.38 5.319 0.0222 156.985
10.4 5.7615 0.0194 157.114
10.42 5.944 0.0186 157.353
10.44 5.7879 0.0194 157.386
10.46 5.341 0.0169 153.881
10.48 4.7037 0.0176 151.683
10.5 4.0452 0.0241 152.437
10.52 3.682 0.03 153.232
10.54 3.8619 0.0362 156.802
10.56 3.7552 0.0451 159.137
10.58 4.5715 0.0338 159.911
10.6 4.5574 0.0355 160.578
10.62 4.5821 0.0332 159.894
10.64 3.5242 0.0277 151.74
10.66 2.9284 0.0271 147.554
10.68 2.7882 0.0259 146.041
10.7 2.8781 0.0274 147.475
10.72 2.8993 0.042 153.051
10.74 2.9284 0.0565 157.182
10.76 3.5234 0.0534 160.752
10.78 5.0052 0.0512 168.583
10.8 6.4455 0.0496 174.464
10.82 6.8775 0.0495 176.163
10.84 6.9048 0.0323 170.2
10.86 6.331 0.025 164.626
10.88 6.0321 0.025 163.567
10.9 5.7659 0.0278 164.033
10.92 5.5059 0.029 163.604
10.94 5.401 0.0321 164.62
10.96 5.4944 0.0377 167.334
10.98 5.9352 0.0492 173.082
11 6.5355 0.0521 176.427
11.02 7.0917 0.0552 179.466
11.04 7.6444 0.0578 182.204
11.06 8.1204 0.0563 183.486
11.08 8.4078 0.0482 182.131
11.1 8.7472 0.0429 181.496
11.12 8.8759 0.0403 181.025
11.14 9.0698 0.0371 180.434
11.16 9.2972 0.0357 180.59
11.18 9.4841 0.0373 181.86
11.2 9.5502 0.0396 183.042
11.22 9.5766 0.0465 185.67
11.24 9.7159 0.049 186.962
11.26 10.0421 0.0503 188.356
11.28 10.177 0.0457 187.311
11.3 10.4837 0.0425 187.072
11.32 10.519 0.0455 188.321
11.34 10.4511 0.0498 189.657
11.36 10.3444 0.052 190.153
11.38 10.221 0.054 190.514
11.4 9.8129 0.056 190.066
11.42 9.5678 0.0578 189.967
11.44 9.3395 0.0585 189.59
11.46 9.1667 0.0592 189.359
11.48 9.0081 0.0624 189.805
11.5 8.8177 0.0644 189.811
11.52 8.5506 0.0651 189.234
11.54 8.2279 0.0652 188.303
11.56 7.5809 0.0653 186.209
11.58 7.2671 0.0652 185.144
11.6 7.0741 0.0655 184.587
11.62 7.0317 0.0649 184.374
11.64 7.134 0.0642 184.68
11.66 7.2292 0.0637 185.001
11.68 7.2627 0.0647 185.452
11.7 7.5227 0.0638 186.266
11.72 7.6655 0.0593 185.726
11.74 7.7123 0.0546 184.703
11.76 7.4205 0.045 180.834
11.78 7.1869 0.0352 176.446
11.8 6.9471 0.034 175.162
11.82 6.8625 0.0376 176.407
11.84 6.9639 0.0433 178.952
11.86 7.5933 0.0478 182.778
11.88 7.9485 0.0511 185.097
11.9 8.1821 0.0537 186.727
11.92 8.3937 0.0506 186.577
11.94 8.4236 0.0395 182.951
11.96 8.3002 0.0361 181.284
11.98 8.1416 0.0336 179.789
12 8.0957 0.0311 178.573
12.02 7.9996 0.0345 179.895
12.04 7.8366 0.0395 181.478
12.06 7.7035 0.0442 182.816
12.08 7.573 0.047 183.386
12.1 6.8396 0 0
12.12 7.1287 0.0402 179.613
12.14 6.8643 0.0439 180.034
12.16 6.5875 0.0461 179.782
12.18 6.5355 0.0478 180.201
12.2 7.0282 0.0501 182.893
12.22 7.2583 0.0558 185.483
12.24 7.3852 0.0593 186.975
12.26 7.298 0.0603 187
12.28 7.0018 0.0625 186.527
12.3 6.5945 0.0586 184.019
12.32 6.2534 0.0547 181.656
12.34 5.6293 0.054 178.815
12.36 5.1365 0.0519 175.969
12.38 4.6517 0.0521 173.609
12.4 4.2224 0.0514 171.089
12.42 4.0673 0.052 170.41
12.44 3.8663 0.0752 174.522
12.46 3.7296 0.0807 174.72
12.48 4.1554 0.0846 178.239
12.5 4.85 0.0796 181.41
12.52 5.9872 0.0712 185.353
12.54 6.5011 0.0706 187.515
12.56 7.2495 0.0523 185.866
12.58 7.8833 0.0432 185.237
12.6 8.6079 0.0416 187.092
12.62 9.1421 0.0441 189.723
12.64 9.5564 0.0388 188.998
12.66 9.6648 0.0376 188.894
12.68 9.5811 0.0381 188.948
12.7 9.567 0.0357 187.97
12.72 9.7741 0.0366 189.024
12.74 9.916 0.0389 190.463
12.76 10.0941 0.0411 191.912
12.78 8.4862 0.0292 182.007
12.8 10.0227 0.0318 187.83
12.82 9.9865 0.0349 189.273
12.84 9.7265 0.0392 190.47
12.86 9.7239 0.0408 191.18
12.88 10.1055 0.0422 192.867
12.9 10.7684 0.0478 196.752
12.92 11.6305 0.0519 200.4
12.94 12.2652 0.0521 202.09
12.96 12.3252 0.0492 201.358
12.98 11.8201 0.0461 199.152
13 11.8386 0.0446 198.735
13.02 11.8412 0.042 197.835
13.04 11.8721 0.0421 198.033
13.06 11.8615 0.0402 197.332
13.08 11.8492 0.0457 199.504
13.1 11.9884 0.0496 201.291
13.12 12.1753 0.0515 202.458
13.14 12.401 0.0515 203.08
13.16 13.0991 0.052 204.939
13.18 13.6095 0.0516 206.025
13.2 14.0185 0.0512 206.859
13.22 14.03 0.0523 207.337
13.24 13.8616 0.0566 208.429
13.26 13.7021 0.0583 208.682
13.28 13.6527 0.0603 209.248
13.3 13.651 0.0629 210.068
13.32 13.5945 0.0653 210.686
13.34 13.4632 0.067 210.93
13.36 13.3874 0.0681 211.132
13.38 13.271 0.0688 211.134
13.4 12.9748 0.0688 210.536
13.42 12.49 0.0706 209.922
13.44 12.0114 0.0715 209.051
13.46 11.6579 0.0701 207.898
13.48 11.4684 0.0692 207.27
13.5 11.3679 0.0671 206.563
13.52 11.5063 0.0651 206.488
13.54 11.7081 0.0636 206.689
13.56 11.8289 0.0606 206.249
13.58 11.9047 0.0571 205.504
13.6 11.9461 0.0543 204.832
13.62 11.9461 0.054 204.821
13.64 11.962 0.0619 207.285
13.66 11.5971 0.0408 199.41
13.68 11.6667 0.0442 200.997
13.7 11.7302 0.0478 202.551
13.72 11.88 0.0524 204.562
13.74 12.1568 0.0543 205.934
13.76 12.4362 0.0561 207.254
13.78 12.6478 0.0576 208.299
13.8 12.8937 0.0589 209.35
13.82 12.9837 0.0596 209.85
13.84 13.0401 0.0601 210.212
13.86 12.9854 0.0614 210.543
13.88 12.9599 0.0632 211.075
13.9 12.9837 0.0652 211.763
13.92 13.0471 0.0667 212.398
13.94 12.9554 0.0676 212.504
13.96 12.877 0.0664 212.087
13.98 13.1273 0.0656 212.546
14 12.7686 0.0748 214.109
14.02 12.7553 0.077 214.679
14.04 12.6857 0.0764 214.455
14.06 12.5015 0.0765 214.112
14.08 12.3798 0.0777 214.172
14.1 12.2229 0.0878 216.049
14.12 12.0766 0.0825001 214.645
14.14 11.9188 0.0692 211.211
14.16 11.6076 0.0585 207.57
14.18 11.2965 0.0551 205.812
14.2 10.4634 0.0551 203.634
14.22 9.9733 0.0566 202.764
14.24 9.5229 0.0615 202.895
14.26 9.1844 0.0675 203.489
14.28 8.8521 0.0712 203.392
14.3 8.6026 0.0747 203.446
14.32 8.503 0.0745 203.138
14.34 8.4316 0.0800001 204.177
14.36 7.9794 0.0724 200.965
14.38 8.0499 0.0612 198.503
14.4 7.8216 0.0612 197.758
14.42 7.774 0.0598 197.281
14.44 7.8665 0.0597 197.666
14.46 7.8798 0.0631 198.703
14.48 7.3579 0.0614 196.381
14.5 7.2072 0.0604 195.604
14.52 7.275 0.0603 195.917
14.54 7.4892 0.0606 196.893
14.56 7.8013 0.0625 198.64
14.58 7.8524 0.0614 198.609
14.6 7.7211 0.0562 196.749
14.62 7.5316 0.0553 195.857
14.64 7.439 0.0564 195.904
14.66 7.5236 0.0579 196.727
14.68 7.8701 0.057 197.823
14.7 9.1042 0.0539 201.155
14.72 9.6727 0.0503 201.83
14.74 10.1179 0.0505 203.286
14.76 10.6336 0.0524 205.454
14.78 11.3317 0.054 207.941
14.8 11.9497 0.0574 210.684
14.82 12.3675 0.0611 212.912
14.84 12.5773 0.0655 214.748
14.86 12.8796 0.0704 216.862
14.88 13.3089 0.0744 218.974
14.9 13.9207 0.0789 221.558
14.92 14.0362 0.083 222.842
14.94 14.067 0.0864 223.741
14.96 14.052 0.088 224.132
14.98 13.7567 0.0907 224.093
15 13.4747 0.0938 224.135
15.02 13.3363 0.0991 224.911
15.04 13.2111 0.1011 225.063
15.06 13.1071 0.1013 224.927
15.08 13.0357 0.1003 224.647
15.1 13.1952 0.0991 224.899
15.12 13.9101 0.0964 226.177
15.14 14.1966 0.0945 226.55
15.16 14.3817 0.0943 227.016
15.18 12.8832 0.0829 221.146
15.2 14.0714 0.0866 224.87
15.22 14.142 0.0892 225.67
15.24 14.6329 0.0911 227.262
15.26 14.7696 0.0939 228.224
15.28 14.9441 0.0953 228.975
15.3 15.2544 0.0968 230.036
15.32 15.4342 0.0966 230.469
15.34 15.4351 0.0996 231.141
15.36 15.3099 0.1017 231.355
15.38 15.369 0.1042 232.036
15.4 15.518 0.1042 232.443
15.42 15.8045 0.1046 233.214
15.44 16.3149 0.1041 234.275
15.46 16.6763 0.1033 234.949
15.48 16.9266 0.1018 235.252
15.5 16.8808 0.1026 235.398
15.52 16.5652 0.1039 235.089
15.54 16.351 0.1088 235.635
15.56 16.4021 0.1111 236.236
15.58 16.4585 0.1123 236.648
15.6 16.5326 0.1121 236.851
15.62 16.634 0.1114 237.02
15.64 16.9522 0.1091 237.34
15.66 16.8446 0.1072 236.86
15.68 16.6031 0.1072 236.452
15.7 16.4162 0.108 236.297
15.72 16.254 0.1089 236.206
15.74 16.0672 0.1124 236.518
15.76 16.0301 0.1141 236.818
15.78 16.016 0.1129 236.664
15.8 0.8092 0.1303 155.872
15.82 15.4316 0.0937 231.941
15.84 15.9534 0.0961 233.627
15.86 15.9129 0.0982 234.044
15.88 15.8512 0.0982 233.995
15.9 15.719 0.0984 233.835
15.92 15.3443 0.1001 233.437
15.94 14.8013 0.1026 232.788
15.96 14.3711 0.1055 232.42
15.98 14.1887 0.1048 231.946
16 14.3897 0.1041 232.367
16.02 14.6294 0.1015 232.512
16.04 14.7881 0.0983 232.334
16.06 14.7925 0.0936 231.479
16.08 14.5571 0.0935 231.004
16.1 14.1781 0.0951 230.533
16.12 13.6254 0.0985 229.967
16.14 13.4112 0.1002 229.849
16.16 13.2375 0.1013 229.706
16.18 13.1644 0.1018 229.695
16.2 13.249 0.0988 229.415
16.22 13.368 0.096 229.24
16.24 13.4738 0.0941 229.198
16.26 13.6897 0.0932 229.618
16.28 14.5898 0.091 231.352
16.3 14.9785 0.0879 231.64
16.32 15.2518 0.0879 232.323
16.34 15.3346 0.0888 232.781
16.36 15.2782 0.0885 232.671
16.38 15.3267 0.0850001 232.076
16.4 15.2809 0.0867 232.437
16.42 15.0834 0.0898 232.76
16.44 14.9212 0.0908 232.691
16.46 14.5607 0.0912 232.036
16.48 14.6356 0.0916 232.37
16.5 14.8463 0.094 233.429
16.52 15.0543 0.0988 234.948
16.54 15.2932 0.0999 235.778
16.56 15.4307 0.0993 236.043
16.58 15.5012 0.0966 235.736
16.6 15.5312 0.0945 235.449
16.62 15.7401 0.093 235.668
16.64 16.0134 0.0924 236.204
16.66 15.7375 0.0935 235.925
16.68 15.4968 0.0945 235.689
16.7 15.5383 0.0984 236.653
16.72 13.8969 0 0
16.74 15.6502 0.0823 233.558
16.76 16.1341 0.087 235.749
16.78 16.2911 0.0912 237.084
16.8 16.4048 0.0952 238.25
16.82 16.2981 0.0958 238.229
16.84 16.1597 0.0971 238.282
16.86 16.0337 0.0978 238.235
16.88 16.2011 0.1039 239.875
16.9 16.5784 0.1061 241.17
16.92 16.8217 0.1051 241.566
16.94 16.8887 0.1042 241.611
16.96 16.8244 0.1021 241.148
16.98 16.6939 0.1022 240.977
17 16.775 0.102 241.185
17.02 17.0165 0.1023 241.82
17.04 17.4194 0.1031 242.872
17.06 17.7129 0.1003 242.98
17.08 17.8143 0.1014 243.48
17.1 17.876 0.1036 244.116
17.12 17.9465 0.1039 244.392
17.14 18.0973 0.1052 245.02
17.16 18.2268 0.1053 245.37
17.18 18.0602 0.1066 245.376
17.2 17.854 0.1087 245.448
17.22 17.3815 0.1091 244.655
17.24 16.9813 0.1087 243.84
17.26 16.7406 0.1092 243.511
17.28 16.7027 0.1098 243.621
17.3 16.5784 0.1088 243.252
17.32 16.6445 0.1068 243.094
17.34 16.7653 0.1053 243.139
17.36 16.8975 0.1033 243.104
17.38 17.1514 0.1024 243.527
17.4 0.5113 0 0
17.42 16.3898 0.0818 237.612
17.44 17.1444 0.0845 239.881
17.46 17.6177 0.0882 241.761
17.48 17.7147 0.0916 242.792
17.5 17.6962 0.0928 243.096
17.52 17.6671 0.0945 243.483
17.54 17.883 0.0957 244.243
17.56 18.1466 0.0988 245.486
17.58 18.1299 0.1004 245.859
17.6 17.7112 0.1004 245.111
17.62 17.4767 0.1015 244.94
17.64 17.407 0.1017 244.916
17.66 17.6997 0.102 245.643
17.68 18.3044 0.1022 246.952
17.7 18.8924 0.0999 247.687
17.72 19.1868 0.0983 247.984
17.74 19.0458 0.099 247.945
17.76 19.0678 0.0983 247.917
17.78 18.9752 0.0995 248.071
17.8 18.7081 0.105 248.754
17.82 18.5592 0.1085 249.224
17.84 18.3458 0.1091 249.001
17.86 18.0911 0.1088 248.521
17.88 17.5375 0.1078 247.298
17.9 17.4978 0.1066 247.064
17.92 17.6424 0.1048 247.084
17.94 17.5322 0.1033 246.641
17.96 17.4414 0.1012 246.113
17.98 17.4635 0.101 246.193
18 17.4908 0.1015 246.426
18.02 17.6265 0.0994 246.348
18.04 17.5886 0.102 246.877
18.06 17.2034 0.104 246.565
18.08 16.7732 0.1051 245.958
18.1 16.3651 0.1071 245.547
18.12 16.2152 0.1071 245.298
18.14 16.2549 0.107 245.44
18.16 16.4101 0.1075 245.947
18.18 16.7424 0.1058 246.406
18.2 16.864 0.1043 246.446
18.22 16.8561 0.1021 246.068
18.24 16.6093 0.1018 245.56
18.26 16.0751 0.1049 245.092
18.28 13.7083 0 0
18.3 10.0712 0.086 225.514
18.32 14.9353 0.089 239.435
18.34 15.5479 0.093 241.781
18.36 16.2443 0.0946 243.73
18.38 16.797 0.0938 244.809
18.4 17.102 0.0927 245.277
18.42 17.1681 0.0915 245.222
18.44 16.9548 0.0985 246.361
18.46 16.5952 0.1029 246.57
18.48 16.3995 0.1054 246.716
18.5 16.4339 0.1098 247.706
18.52 16.2267 0.1108 247.515
18.54 15.8353 0.1101 246.59
18.56 15.4342 0.1095 245.642
18.58 15.2729 0.1094 245.326
18.6 15.4783 0.1081 245.627
18.62 15.9473 0.105 246.163
18.64 16.0954 0.1043 246.427
18.66 15.9667 0.1043 246.216
18.68 15.7974 0.105 246.048
18.7 15.7771 0.1044 245.958
18.72 16.2946 0.1054 247.374
18.74 16.6172 0.1081 248.669
18.76 16.738 0.1096 249.288
18.78 16.5573 0.11 249.048
18.8 16.269 0.1093 248.361
18.82 16.2038 0.1077 247.986
18.84 16.4259 0.1074 248.488
18.86 16.6093 0.1067 248.824
18.88 16.6824 0.1073 249.171
18.9 16.1209 0.1078 248.114
18.92 14.3509 0.1196 246.184
18.94 11.5803 0.0871 232.549
18.96 15.6282 0.0904 243.631
18.98 16.1544 0.0956 246.01
19 16.6578 0.0975001 247.577
19.02 16.8543 0.0973 248.025
19.04 16.6516 0.0968 247.56
19.06 16.381 0.0979 247.281
19.08 16.3166 0.1021 248.078
19.1 16.3651 0.1057 248.973
19.12 16.634 0.1086 250.194
19.14 16.9213 0.111 251.341
19.16 17.0571 0.1104 251.59
19.18 17.221 0.1109 252.104
19.2 17.4643 0.109 252.324
19.22 17.5278 0.1101 252.74
19.24 17.4687 0.1122 253.088
19.26 17.5216 0.1129 253.403
19.28 17.8478 0.1137 254.299
19.3 17.8707 0.1129 254.27
19.32 18.1149 0.1132 254.897
19.34 18.4349 0.1116 255.312
19.36 18.6491 0.1108 255.657
19.38 18.7178 0.111 255.904
19.4 18.6711 0.1111 255.905
19.42 18.7046 0.1126 256.33
19.44 18.8192 0.1132 256.743
19.46 18.8527 0.1135 256.938
19.48 18.8351 0.1146 257.184
19.5 18.754 0.1132 256.834
19.52 18.7522 0.1134 256.942
19.54 18.7205 0.1121 256.706
19.56 18.7654 0.1108 256.618
19.58 18.9276 0.1097 256.796
19.6 18.7372 0.1084 256.241
19.62 18.4587 0.1072 255.525
19.64 18.4058 0.1061 255.273
19.66 18.345 0.1047 254.941
19.68 18.3115 0.1032 254.64
19.7 18.0391 0.1036 254.245
19.72 17.8258 0.1026 253.677
19.74 17.6794 0.1016 253.241
19.76 17.66 0.1003 253.001
19.78 17.4264 0.0943 251.294
19.8 17.4026 0.0941 251.271
19.82 17.288 0.0928 250.812
19.84 17.5684 0.0872 250.165
19.86 0.6153 0.1063 156.997
19.88 16.6613 0.0648 242.341
19.9 17.5895 0.0686 245.47
19.92 0.6867 0 0
19.94 17.5375 0.0618 243.379
19.96 17.6389 0.0702 246.246
19.98 17.3312 0.0749 247.02
20 16.8984 0.0795 247.414
20.02 16.4823 0.0839 247.704
20.04 16.5247 0.0878 248.803
20.06 16.8543 0.0905 250.21
20.08 17.1849 0.0946 251.908
20.1 17.2748 0.0942 252.078
20.12 17.4555 0.0921 252.053
20.14 17.8319 0.0931 253.125
