0.02 1.809 0.011 22.2956
0.04 2.065 0.008 26.8334
0.06 2.419 0.007 30.3878
0.08 2.823 0.007 33.6582
0.1 3.298 0.008 37.0325
0.12 3.85 0.009 40.2281
0.14 4.484 0.01 43.2993
0.16 5.125 0.011 46.1746
0.18 5.655 0.013 49.0698
0.2 6.111 0.015 51.7077
0.22 6.693 0.018 54.6185
0.24 6.667 0.013 54.4305
0.26 7.606 0.019 58.5409
0.28 8.391 0.022 61.3545
0.3 9.065 0.025 63.9186
0.32 9.548 0.028 66.1851
0.34 9.82 0.031 68.1576
0.36 9.933 0.035 70.0674
0.38 10.02 0.038 71.7068
0.4 10.28 0.042 73.6159
0.42 10.586 0.046 75.5064
0.44 10.72 0.049 77.0318
0.46 10.698 0.051 78.2265
0.48 10.469 0.053 79.1642
0.5 10.226 0.055 80.0437
0.52 10.091 0.057 81.0069
0.54 9.897 0.058 81.751
0.56 9.648 0.059 82.3963
0.58 9.377 0.06 82.9794
0.6 9.113 0.061 83.5362
0.62 8.893 0.061 84.005
0.64 8.758 0.06 84.447
0.66 8.693 0.058 84.8416
0.68 8.734 0.056 85.357
0.7 8.738 0.054 85.7933
0.72 8.645 0.052 86.0641
0.74 8.409 0.05 86.0958
0.76 8.088 0.049 86.1068
0.78 7.721 0.049 86.1528
0.8 7.412 0.05 86.3976
0.82 7.175 0.051 86.7294
0.84 7.067 0.051 87.1219
0.86 7.113 0.05 87.6311
0.88 7.265 0.049 88.3133
0.9 7.423 0.047 88.834
0.92 7.567 0.045 89.3024
0.94 7.735 0.043 89.7822
0.96 7.914 0.042 90.43
0.98 8.089 0.041 91.054
1 8.179 0.041 91.7129
1.02 8.208 0.041 92.2662
1.04 8.26 0.041 92.85
1.06 8.411 0.041 93.5868
1.08 8.553 0.041 94.3014
1.1 8.554 0.041 94.7853
1.12 8.466 0.04 94.9243
1.14 8.373 0.04 95.2409
1.16 8.07 0.041 95.3917
1.18 7.707 0.043 95.591
1.2 7.477 0.044 95.8037
1.22 7.308 0.045 96.1081
1.24 7.205 0.045 96.3464
1.26 7.119 0.045 96.6087
1.28 7.04 0.045 96.8768
1.3 6.961 0.044 96.9559
1.32 0.364 0 0
1.34 6.636 0.035 95.2739
1.36 6.654 0.036 95.929
1.38 6.653 0.036 96.317
1.4 6.648 0.036 96.6926
1.42 6.635 0.035 96.8201
1.44 6.627 0.035 97.1804
1.46 6.626 0.034 97.3167
1.48 6.608 0.034 97.6472
1.5 6.585 0.034 97.963
1.52 6.524 0.034 98.1927
1.54 6.441 0.034 98.3687
1.56 6.337 0.034 98.491
1.58 6.215 0.034 98.5642
1.6 6.085 0.033 98.3642
1.62 5.976 0.034 98.6927
1.64 5.884 0.034 98.809
1.66 5.786 0.034 98.903
1.68 5.703 0.034 99.0266
1.7 5.616 0.034 99.1332
1.72 5.529 0.034 99.2327
1.74 5.445 0.033 99.0865
1.76 5.355 0.033 99.1636
1.78 5.242 0.032 98.9169
1.8 5.102 0.031 98.5779
1.82 4.919 0.03 98.0944
1.84 4.66 0.029 97.3546
1.86 4.307 0.029 96.5462
1.88 3.854 0.029 95.2964
1.9 3.32 0.028 93.2736
1.92 2.791 0.028 91.2365
1.94 2.302 0.028 88.9966
1.96 1.961 0.028 87.2138
1.98 1.89 0.028 86.9971
2 2.13 0.027 88.4872
2.02 2.367 0.026 89.8082
2.04 2.782 0.024 91.5622
2.06 3.184 0.022 92.9374
2.08 3.572 0.02 93.9949
2.1 3.942 0.019 95.1854
2.12 4.146 0.016 94.7678
2.14 4.636 0.014 95.4894
2.16 5.046 0.015 97.47
2.18 5.463 0.015 98.8438
2.2 5.787 0.016 100.459
2.22 6.018 0.019 102.739
2.24 6.205 0.022 104.72
2.26 6.333 0.024 106.054
2.28 6.403 0.025 106.844
2.3 6.395 0.027 107.773
2.32 6.315 0.029 108.48
2.34 6.181 0.03 108.71
2.36 6.023 0.031 108.858
2.38 5.853 0.032 108.953
2.4 5.697 0.032 108.782
2.42 5.576 0.032 108.697
2.44 5.497 0.032 108.722
2.46 5.44 0.031 108.519
2.48 5.404 0.03 108.363
2.5 5.383 0.028 107.924
2.52 5.317 0.027 107.645
2.54 5.231 0.026 107.291
2.56 5.107 0.026 107.154
2.58 4.912 0.025 106.438
2.6 4.63 0.025 105.763
2.62 4.344 0.024 104.664
2.64 4.012 0.024 103.691
2.66 3.394 0.023 101.077
2.68 3.157 0.023 100.238
2.7 2.997 0.022 99.3275
2.72 2.918 0.022 99.1493
2.74 2.894 0.021 98.8501
2.76 2.865 0.02 98.5059
2.78 2.777 0.019 97.8429
2.8 2.641 0.017 96.4352
2.82 2.492 0.015 94.8289
2.84 2.319 0.012 92.3063
2.86 2.202 0.01 90.4177
2.88 2.133 0.009 89.3916
2.9 2.328 0.012 92.8962
2.92 2.212 0.012 92.3913
2.94 2.063 0.012 91.6419
2.96 1.862 0.012 90.4694
2.98 1.766 0.012 89.9507
3 1.752 0.013 90.6163
3.02 1.731 0.014 91.1869
3.04 1.705 0.015 91.6802
3.06 1.782 0.014 91.9045
3.08 2.123 0.015 94.9656
3.1 2.697 0.022 101.661
3.12 3.421 0.025 106.517
3.14 4.69 0.027 112.384
3.16 6.13 0.027 117.008
3.18 6.834 0.026 118.689
3.2 6.913 0.02 116.522
3.22 6.503 0.014 112.318
3.24 5.75 0.011 108.339
3.26 4.955 0.012 106.996
3.28 4.452 0.015 107.516
3.3 3.875 0.021 108.564
3.32 3.099 0.025 106.841
3.34 2.289 0.028 103.422
3.36 1.729 0.032 100.603
3.38 1.445 0.039 99.8284
3.4 1.297 0.042 99.0573
3.42 1.114 0.036 95.8325
3.44 0.985 0.035 94.0811
3.46 1.077 0.034 95.2224
3.48 1.411 0.039 100.296
3.5 2.153 0.038 106.528
3.52 3.903 0.036 115.718
3.54 5.986 0.032 122.061
3.56 7.616 0.024 123.573
3.58 8.623 0.018 123.019
3.6 9.016 0.015 122.136
3.62 9.267 0.017 124.094
3.64 9.51 0.012 121.185
3.66 9.712 0.017 125.317
3.68 9.808 0.023 128.886
3.7 9.883 0.028 131.355
3.72 9.922 0.033 133.438
3.74 9.939 0.037 134.948
3.76 9.938 0.039 135.74
3.78 9.934 0.041 136.499
3.8 9.962 0.042 137.029
3.82 9.941 0.043 137.457
3.84 9.852 0.044 137.741
3.86 9.745 0.045 137.982
3.88 9.585 0.046 138.103
3.9 9.46 0.047 138.287
3.92 9.377 0.047 138.308
3.94 9.286 0.047 138.309
3.96 9.184 0.047 138.284
3.98 9.07 0.046 137.982
4 8.954 0.045 137.666
4.02 8.868 0.044 137.409
4.04 8.858 0.043 137.313
4.06 8.823 0.042 137.155
4.08 8.771 0.041 136.951
4.1 8.804 0.039 136.641
4.12 8.972 0.038 136.903
4.14 9.135 0.037 137.139
4.16 9.183 0.037 137.426
4.18 9.183 0.038 137.915
4.2 9.125 0.038 137.973
4.22 9.027 0.04 138.53
4.24 8.924 0.042 139.047
4.26 8.878 0.042 139.125
4.28 8.904 0.042 139.365
4.3 8.923 0.042 139.589
4.32 8.934 0.041 139.514
4.34 8.834 0.041 139.467
4.36 8.78 0.041 139.522
4.38 8.82 0.04 139.504
4.4 8.992 0.04 140.07
4.42 0.233 0.001 60.974
4.44 8.927 0.034 138.392
4.46 9.345 0.036 140.146
4.48 9.749 0.036 141.178
4.5 11.205 0.035 143.877
4.52 11.567 0.034 144.367
4.54 11.655 0.036 145.392
4.56 11.377 0.039 146.034
4.58 11.091 0.044 147.146
4.6 11.295 0.051 149.537
4.62 12.427 0.059 153.643
4.64 13.9 0.057 155.881
4.66 14.833 0.056 157.302
4.68 15.341 0.056 158.255
4.7 15.666 0.055 158.684
4.72 15.795 0.052 158.319
4.74 15.799 0.052 158.511
4.76 15.688 0.054 159.034
4.78 15.51 0.056 159.44
4.8 15.269 0.059 159.958
4.82 14.943 0.065 160.938
4.84 14.501 0.068 161.032
4.86 13.979 0.07 160.755
4.88 13.539 0.07 160.199
4.9 13.27 0.069 159.727
4.92 13.273 0.067 159.522
4.94 13.207 0.065 159.186
4.96 13.112 0.063 158.786
4.98 12.99 0.06 158.106
5 12.92 0.058 157.714
5.02 12.833 0.057 157.508
5.04 12.76 0.056 157.32
5.06 12.705 0.055 157.16
5.08 12.552 0.054 156.819
5.1 12.24 0.054 156.422
5.12 11.842 0.054 155.849
5.14 11.309 0.056 155.456
5.16 10.748 0.056 154.488
5.18 10.234 0.056 153.567
5.2 9.188 0.05 149.943
5.22 9.471 0.05 150.76
5.24 9.336 0.049 150.356
5.26 8.988 0.046 148.909
5.28 8.845 0.043 147.89
5.3 8.821 0.039 146.79
5.32 8.894 0.036 146.142
5.34 9.083 0.034 146.042
5.36 9.394 0.032 146.165
5.38 9.724 0.028 145.421
5.4 9.859 0.029 146.287
5.42 9.731 0.031 146.976
5.44 9.41 0.034 147.547
5.46 8.936 0.039 148.285
5.48 8.559 0.043 148.721
5.5 8.149 0.046 148.655
5.52 7.993 0.048 148.918
5.54 7.906 0.049 149.088
5.56 7.875 0.048 148.898
5.58 7.888 0.046 148.555
5.6 7.885 0.044 148.146
5.62 7.846 0.042 147.614
5.64 7.777 0.04 146.974
5.66 7.692 0.039 146.577
5.68 7.657 0.039 146.625
5.7 7.653 0.04 147.067
5.72 7.728 0.039 147.107
5.74 7.92 0.038 147.452
5.76 8.11 0.038 148.099
5.78 8.429 0.038 149.068
5.8 8.762 0.037 149.713
5.82 9.218 0.035 150.259
5.84 9.488 0.035 151.029
5.86 9.519 0.036 151.598
5.88 9.281 0.038 151.872
5.9 9.15 0.042 152.973
5.92 9.297 0.044 154.064
5.94 9.383 0.054 157.066
5.96 9.196 0.042 153.514
5.98 9.329 0.043 154.277
6 9.385 0.043 154.554
6.02 9.412 0.043 154.761
6.04 9.462 0.043 155.022
6.06 9.345 0.044 155.183
6.08 9.053 0.045 154.906
6.1 8.807 0.047 154.993
6.12 8.676 0.048 155.072
6.14 8.631 0.05 155.624
6.16 8.62 0.049 155.474
6.18 8.496 0.048 155.024
6.2 8.297 0.048 154.635
6.22 8.158 0.047 154.127
6.24 8.315 0.046 154.412
6.26 8.521 0.045 154.812
6.28 8.817 0.043 155.125
6.3 9.141 0.041 155.454
6.32 9.405 0.039 155.581
6.34 9.597 0.038 155.835
6.36 9.768 0.039 156.707
6.38 9.881 0.041 157.759
6.4 9.892 0.044 158.852
6.42 9.914 0.047 159.916
6.44 10.313 0.049 161.525
6.46 10.906 0.05 163.245
6.48 11.555 0.05 164.751
6.5 11.925 0.051 165.916
6.52 12.127 0.052 166.729
6.54 12.281 0.054 167.7
6.56 12.514 0.055 168.554
6.58 12.78 0.056 169.463
6.6 13.043 0.057 170.355
6.62 13.323 0.058 171.268
6.64 13.677 0.067 174.138
6.66 13.583 0.054 171.013
6.68 14.195 0.055 172.509
6.7 14.459 0.056 173.371
6.72 14.699 0.058 174.435
6.74 14.977 0.059 175.3
6.76 15.265 0.06 176.172
6.78 15.489 0.06 176.687
6.8 15.528 0.062 177.379
6.82 15.424 0.064 177.822
6.84 15.404 0.068 178.833
6.86 15.48 0.071 179.749
6.88 15.509 0.071 179.944
6.9 15.542 0.073 180.561
6.92 15.443 0.075 180.946
6.94 15.143 0.079 181.363
6.96 15.043 0.082 181.898
6.98 15.017 0.083 182.182
7 14.882 0.083 182.09
7.02 14.783 0.084 182.241
7.04 14.869 0.084 182.537
7.06 15.062 0.082 182.654
7.08 15.073 0.078 182.058
7.1 15.001 0.076 181.682
7.12 14.958 0.074 181.346
7.14 14.944 0.072 181.05
7.16 14.855 0.069 180.395
7.18 14.789 0.068 180.201
7.2 14.705 0.067 179.97
7.22 14.833 0.067 180.334
7.24 14.99 0.067 180.747
7.26 15.106 0.067 181.086
7.28 15.155 0.068 181.533
7.3 15.076 0.069 181.755
7.32 14.934 0.07 181.863
7.34 14.838 0.072 182.259
7.36 14.877 0.073 182.676
7.38 14.895 0.073 182.845
7.4 14.947 0.073 183.075
7.42 14.818 0.073 182.984
7.44 14.462 0.075 182.891
7.46 14.132 0.076 182.622
7.48 13.739 0.077 182.215
7.5 0.616 0.001 81.2427
7.52 12.702 0.074 179.839
7.54 12.455 0.075 179.664
7.56 11.999 0.076 179.031
7.58 11.293 0.078 177.989
7.6 10.32 0.078 175.823
7.62 10.066 0.075 174.75
7.64 10.041 0.071 174.02
7.66 11.513 0.069 177.189
7.68 12.756 0.064 178.832
7.7 13.842 0.06 180.11
7.72 14.385 0.058 180.731
7.74 14.697 0.051 179.489
7.76 15.016 0.048 179.268
7.78 15.273 0.048 179.835
7.8 15.394 0.053 181.66
7.82 15.457 0.054 182.179
7.84 15.406 0.056 182.774
7.86 15.247 0.065 184.909
7.88 15.174 0.072 186.492
7.9 15.059 0.076 187.26
7.92 14.883 0.079 187.678
7.94 14.304 0.081 187.128
7.96 14.059 0.082 186.985
7.98 13.809 0.082 186.633
8 13.534 0.081 186.032
8.02 13.441 0.08 185.785
8.04 13.29 0.078 185.22
8.06 12.924 0.076 184.206
8.08 12.493 0.074 183.028
8.1 12.508 0.071 182.556
8.12 13.28 0.066 183.147
8.14 14.842 0.06 184.76
8.16 16.331 0.054 185.813
8.18 17.458 0.051 186.844
8.2 18.269 0.05 187.888
8.22 18.742 0.052 189.326
8.24 18.858 0.055 190.509
8.26 18.816 0.06 191.961
8.28 1.495 0.001 94.8809
8.3 17.979 0.064 191.991
8.32 17.735 0.07 193.177
8.34 17.346 0.074 193.583
8.36 16.977 0.076 193.542
8.38 16.397 0.076 192.703
8.4 16.191 0.076 192.48
8.42 16.027 0.075 192.114
8.44 15.903 0.074 191.811
8.46 16.096 0.072 191.833
8.48 16.401 0.071 192.255
8.5 16.324 0.069 191.794
8.52 16.23 0.069 191.76
8.54 16.407 0.074 193.307
8.56 16.611 0.076 194.208
8.58 16.94 0.078 195.305
8.6 17.289 0.079 196.214
8.62 17.63 0.079 196.894
8.64 17.945 0.079 197.524
8.66 18.287 0.079 198.189
8.68 18.914 0.079 199.281
8.7 18.935 0.08 199.649
8.72 18.888 0.081 199.912
8.74 18.796 0.083 200.305
8.76 18.667 0.084 200.433
8.78 18.541 0.086 200.757
8.8 18.36 0.088 200.985
8.82 18.045 0.089 200.8
8.84 17.646 0.091 200.651
8.86 17.154 0.093 200.323
8.88 16.612 0.094 199.702
8.9 16.11 0.095 199.121
8.92 15.479 0.096 198.275
8.94 14.575 0.097 196.856
8.96 12.913 0.098 193.739
8.98 12.203 0.099 192.449
9 11.609 0.099 191.19
9.02 11.43 0.097 190.556
9.04 11.86 0.094 191.19
9.06 12.655 0.088 192.046
9.08 9.991 0.079 184.074
9.1 12.945 0.075 190.362
9.12 13.449 0.074 191.314
9.14 13.556 0.071 190.991
9.16 13.502 0.068 190.312
9.18 13.353 0.067 189.889
9.2 13.156 0.068 189.832
9.22 13.008 0.068 189.637
9.24 12.823 0.07 189.818
9.26 12.488 0.073 189.871
9.28 12.242 0.077 190.284
9.3 12.194 0.079 190.697
9.32 12.381 0.076 190.615
9.34 12.415 0.074 190.381
9.36 12.471 0.072 190.183
9.38 12.689 0.07 190.325
9.4 12.906 0.068 190.443
9.42 13.173 0.066 190.645
9.44 13.385 0.065 190.953
9.46 13.595 0.065 191.495
9.48 13.804 0.066 192.273
9.5 13.973 0.069 193.437
9.52 14.101 0.071 194.265
9.54 14.153 0.072 194.708
9.56 14.225 0.073 195.188
9.58 14.269 0.073 195.388
9.6 14.326 0.073 195.614
9.62 14.387 0.073 195.847
9.64 14.422 0.073 196.029
9.66 14.438 0.074 196.395
9.68 14.47 0.074 196.571
9.7 14.612 0.073 196.737
9.72 14.778 0.073 197.171
9.74 15.104 0.072 197.677
9.76 15.475 0.072 198.482
9.78 15.888 0.071 199.118
9.8 16.282 0.071 199.935
9.82 16.591 0.071 200.591
9.84 16.785 0.071 201.041
9.86 11.514 0.066 189.373
9.88 16.503 0.068 200.057
9.9 16.621 0.07 200.859
9.92 16.113 0.073 200.775
9.94 15.64 0.076 200.699
9.96 15.325 0.079 200.87
9.98 15.202 0.082 201.372
10 14.933 0.083 201.17
10.02 14.502 0.087 201.221
10.04 14.066 0.091 201.2
10.06 13.698 0.091 200.545
10.08 13.45 0.092 200.31
10.1 13.325 0.09 199.786
10.12 13.163 0.09 199.544
10.14 13 0.088 198.923
10.16 12.952 0.086 198.546
10.18 12.788 0.083 197.705
10.2 12.475 0.08 196.506
10.22 12.26 0.079 195.916
10.24 12.119 0.077 195.279
10.26 11.993 0.075 194.665
10.28 11.904 0.074 194.344
10.3 11.983 0.074 194.635
10.32 12.13 0.071 194.411
10.34 12.294 0.069 194.43
10.36 12.343 0.067 194.17
10.38 12.315 0.066 193.968
10.4 12.213 0.064 193.344
10.42 11.99 0.063 192.682
10.44 11.625 0.064 192.18
10.46 10.272 0.063 188.639
10.48 9.205 0.065 186.265
10.5 8.144 0.07 184.239
10.52 7.128 0.078 182.468
10.54 6.972 0.087 183.645
10.56 7.752 0.097 188.266
10.58 8.68 0.104 192.57
10.6 9.673 0.083 192.062
10.62 11.07 0.077 194.712
10.64 12.793 0.078 199.129
10.66 14.365 0.074 201.7
10.68 15.382 0.062 200.825
10.7 15.817 0.033 191.426
10.72 15.907 0.03 190.168
10.74 15.992 0.035 192.87
10.76 16.093 0.034 192.68
10.78 16.203 0.042 196.391
10.8 16.359 0.051 199.968
10.82 17.02 0.058 203.38
10.84 17.375 0.066 206.296
10.86 17.615 0.072 208.313
10.88 17.616 0.077 209.588
10.9 17.472 0.081 210.332
10.92 17.022 0.083 210.076
10.94 16.529 0.085 209.71
10.96 15.842 0.094 210.292
10.98 15.134 0.096 209.384
11 14.521 0.097 208.426
11.02 14.163 0.097 207.783
11.04 14.007 0.096 207.378
11.06 13.997 0.095 207.28
11.08 14.064 0.093 207.16
11.1 14.148 0.09 206.876
11.12 14.056 0.087 206.203
11.14 13.996 0.085 205.78
11.16 13.903 0.086 205.886
11.18 13.817 0.086 205.804
11.2 13.905 0.088 206.49
11.22 14.085 0.09 207.362
11.24 14.286 0.103 210.235
11.26 14.054 0.076 204.603
11.28 14.429 0.077 205.705
11.3 14.59 0.078 206.357
11.32 14.581 0.079 206.659
11.34 14.514 0.079 206.624
11.36 14.128 0.081 206.353
11.38 14.062 0.082 206.525
11.4 13.855 0.085 206.803
11.42 13.809 0.087 207.205
11.44 13.75 0.088 207.375
11.46 13.729 0.087 207.233
11.48 13.9 0.085 207.302
11.5 14.058 0.084 207.536
11.52 14.153 0.084 207.837
11.54 14.331 0.083 208.105
11.56 14.892 0.083 209.359
11.58 15.24 0.082 209.946
11.6 15.476 0.083 210.725
11.62 15.683 0.084 211.44
11.64 15.853 0.084 211.87
11.66 15.908 0.087 212.697
11.68 15.915 0.088 213.014
11.7 15.865 0.09 213.417
11.72 15.716 0.092 213.619
11.74 15.516 0.093 213.519
11.76 15.545 0.095 214.056
11.78 15.42 0.095 213.908
11.8 15.217 0.094 213.413
11.82 15.125 0.094 213.327
11.84 15.226 0.094 213.632
11.86 15.274 0.093 213.639
11.88 15.234 0.093 213.658
11.9 14.936 0.092 212.959
11.92 14.595 0.094 212.732
11.94 14.444 0.094 212.512
11.96 14.528 0.093 212.6
11.98 14.25 0.092 211.917
12 13.966 0.091 211.209
12.02 13.75 0.092 211.025
12.04 13.567 0.091 210.524
12.06 13.438 0.091 210.332
12.08 13.27 0.09 209.855
12.1 13.262 0.087 209.342
12.12 13.474 0.089 210.314
12.14 13.272 0.086 209.355
12.16 13.744 0.079 209.026
12.18 13.89 0.08 209.659
12.2 14.137 0.08 210.288
12.22 14.32 0.08 210.774
12.24 14.357 0.081 211.166
12.26 14.449 0.083 211.886
12.28 14.53 0.086 212.78
12.3 14.697 0.086 213.227
12.32 14.808 0.087 213.76
12.34 14.842 0.088 214.131
12.36 14.912 0.089 214.574
12.38 15.027 0.088 214.706
12.4 15.039 0.09 215.229
12.42 15.062 0.091 215.571
12.44 15.253 0.092 216.256
12.46 15.516 0.091 216.689
12.48 15.575 0.092 217.101
12.5 15.559 0.094 217.555
12.52 15.39 0.095 217.501
12.54 14.825 0.097 216.804
12.56 14.391 0.096 215.788
12.58 14.458 0.093 215.458
12.6 14.78 0.093 216.238
12.62 14.79 0.091 215.963
12.64 14.696 0.089 215.461
12.66 14.671 0.088 215.301
12.68 14.696 0.085 214.827
12.7 14.751 0.086 215.246
12.72 14.798 0.087 215.647
12.74 14.784 0.086 215.504
12.76 14.719 0.086 215.461
12.78 14.623 0.083 214.717
12.8 14.654 0.085 215.302
12.82 14.651 0.089 216.215
12.84 14.633 0.091 216.67
12.86 14.623 0.091 216.743
12.88 14.59 0.11 220.213
12.9 14.308 0.086 215.236
12.92 14.526 0.087 216.006
12.94 14.696 0.091 217.272
12.96 14.797 0.091 217.58
12.98 14.729 0.09 217.329
13 14.738 0.089 217.239
13.02 14.605 0.09 217.251
13.04 14.564 0.093 217.849
13.06 14.584 0.093 217.985
13.08 14.592 0.093 218.095
13.1 14.494 0.092 217.78
13.12 14.467 0.092 217.814
13.14 14.517 0.093 218.21
13.16 14.689 0.093 218.673
13.18 15.071 0.092 219.378
13.2 15.463 0.091 220.084
13.22 15.962 0.09 220.982
13.24 16.223 0.089 221.386
13.26 16.441 0.09 222.112
13.28 16.302 0.092 222.34
13.3 16.201 0.094 222.632
13.32 16.107 0.097 223.121
13.34 16.131 0.1 223.828
13.36 16.169 0.101 224.183
13.38 16.131 0.1 224.014
13.4 15.926 0.099 223.508
13.42 15.88 0.098 223.319
13.44 15.709 0.101 223.624
13.46 15.441 0.103 223.527
13.48 14.983 0.099 221.919
13.5 14.738 0.098 221.297
13.52 14.853 0.096 221.256
13.54 14.899 0.095 221.253
13.56 14.854 0.093 220.856
13.58 14.762 0.093 220.749
13.6 14.725 0.092 220.561
13.62 14.874 0.095 221.562
13.64 15.102 0.096 222.332
13.66 15.185 0.11 225.134
13.68 14.168 0.057 211.119
13.7 14.784 0.092 221.138
13.72 14.624 0.095 221.472
13.74 14.4 0.098 221.642
13.76 14.545 0.098 222.052
13.78 14.833 0.097 222.58
13.8 15.285 0.096 223.441
13.82 15.571 0.096 224.129
13.84 15.938 0.096 224.972
13.86 15.933 0.094 224.659
13.88 15.602 0.096 224.463
13.9 15.052 0.099 223.968
13.92 15.097 0.101 224.527
13.94 15.234 0.103 225.277
13.96 14.873 0.105 224.949
13.98 14.814 0.1 223.999
14 14.726 0.101 224.081
14.02 14.81 0.102 224.538
14.04 14.999 0.099 224.479
14.06 15.13 0.094 223.882
14.08 15.149 0.091 223.407
14.1 15.281 0.087 222.939
14.12 15.566 0.09 224.253
14.14 15.839 0.091 225.111
14.16 16.074 0.094 226.287
14.18 16.1 0.096 226.825
14.2 16.144 0.098 227.393
14.22 16.23 0.1 228.039
14.24 16.328 0.101 228.515
14.26 16.382 0.102 228.901
14.28 16.43 0.103 229.273
14.3 16.41 0.104 229.506
14.32 16.443 0.104 229.662
14.34 16.437 0.105 229.922
14.36 16.169 0.106 229.648
14.38 15.751 0.107 229.051
14.4 15.363 0.11 228.844
14.42 15.115 0.11 228.396
14.44 14.911 0.111 228.209
14.46 14.944 0.111 228.37
14.48 14.773 0.097 225.535
14.5 15.214 0.096 226.384
14.52 15.371 0.096 226.806
14.54 15.448 0.097 227.252
14.56 15.518 0.095 227.093
14.58 15.511 0.095 227.165
14.6 15.522 0.096 227.473
14.62 15.671 0.1 228.648
14.64 15.304 0.101 228.144
14.66 15.172 0.102 228.133
14.68 15.332 0.103 228.75
14.7 15.617 0.103 229.445
14.72 15.815 0.103 229.948
14.74 15.984 0.103 230.387
14.76 16.065 0.101 230.266
14.78 16.206 0.102 230.832
14.8 16.275 0.103 231.248
14.82 16.265 0.104 231.5
14.84 16.112 0.105 231.456
14.86 15.892 0.108 231.627
14.88 15.963 0.109 232.041
14.9 16.046 0.109 232.301
14.92 16.069 0.108 232.257
14.94 16.112 0.107 232.253
14.96 16.377 0.107 232.886
14.98 16.7 0.106 233.446
15 16.846 0.105 233.641
15.02 16.791 0.106 233.802
15.04 16.777 0.106 233.861
15.06 16.709 0.107 233.993
15.08 16.862 0.109 234.748
15.1 16.72 0.109 234.549
15.12 16.337 0.11 234.031
15.14 16.02 0.112 233.808
15.16 15.837 0.113 233.68
15.18 15.769 0.114 233.792
15.2 15.779 0.114 233.899
15.22 1.144 0.001 108.129
15.24 15.28 0.104 231.216
15.26 15.706 0.105 232.403
15.28 15.503 0.105 232.053
15.3 15.205 0.105 231.489
15.32 14.965 0.105 231.044
15.34 14.915 0.104 230.832
15.36 15.012 0.106 231.498
15.38 14.988 0.105 231.346
15.4 14.691 0.103 230.394
15.42 14.327 0.103 229.646
15.44 14.113 0.103 229.232
15.46 13.961 0.103 228.957
15.48 13.87 0.102 228.638
15.5 14.239 0.102 229.587
15.52 14.785 0.1 230.537
15.54 15.431 0.098 231.654
15.56 16.074 0.095 232.501
15.58 16.537 0.093 233.124
15.6 16.77 0.093 233.678
15.62 17.121 0.095 234.875
15.64 17.792 0.096 236.468
15.66 18.461 0.098 238.221
15.68 18.824 0.1 239.377
15.7 19.041 0.102 240.253
15.72 19.076 0.104 240.79
15.74 18.423 0.105 239.861
15.76 18.017 0.106 239.366
15.78 17.689 0.109 239.373
15.8 17.308 0.111 239.069
15.82 17.183 0.112 239.082
15.84 16.965 0.112 238.726
15.86 16.564 0.111 237.811
15.88 16.095 0.11 236.735
15.9 15.875 0.106 235.621
15.92 15.813 0.103 235.009
15.94 15.807 0.101 234.695
15.96 1.472 0 0
15.98 15.586 0.09 232.145
16 15.801 0.091 232.898
16.02 16.083 0.093 233.996
16.04 16.173 0.093 234.265
16.06 16.198 0.094 234.607
16.08 16.39 0.096 235.499
16.1 16.762 0.1 237.147
16.12 16.935 0.101 237.777
16.14 16.604 0.105 237.952
16.16 16.294 0.108 237.945
16.18 16.104 0.113 238.522
16.2 16.149 0.116 239.221
16.22 16.125 0.117 239.423
16.24 16.138 0.115 239.189
16.26 16.422 0.112 239.346
16.28 16.785 0.11 239.823
16.3 17.006 0.107 239.805
16.32 16.876 0.108 239.807
16.34 16.683 0.108 239.492
16.36 16.527 0.108 239.249
16.38 16.395 0.109 239.238
16.4 16.347 0.112 239.759
16.42 16.311 0.113 239.941
16.44 16.252 0.114 240.073
16.46 16.256 0.114 240.163
16.48 16.321 0.113 240.206
16.5 16.267 0.112 239.995
16.52 16.11 0.112 239.74
16.54 15.728 0.111 238.816
16.56 15.286 0.113 238.271
16.58 14.968 0.114 237.805
16.6 14.945 0.113 237.657
16.62 14.928 0.112 237.522
16.64 14.907 0.109 237.018
16.66 14.961 0.106 236.67
16.68 14.782 0.101 235.391
16.7 14.576 0.097 234.205
16.72 14.349 0.087 231.648
16.74 14.174 0.102 234.397
16.76 11.742 0.077 222.928
16.78 13.538 0.077 227.62
16.8 13.278 0.079 227.545
16.82 12.978 0.084 228.034
16.84 12.513 0.088 227.794
16.86 11.837 0.093 227.096
16.88 11.049 0.093 224.928
16.9 10.163 0.095 222.704
16.92 9.035 0.094 218.842
16.94 7.831 0.094 214.452
16.96 6.711 0.096 210.175
16.98 6.221 0.101 208.841
17 6.786 0.102 211.714
17.02 7.271 0.098 213.189
17.04 7.812 0.094 214.728
17.06 9.097 0.087 218.151
17.08 10.31 0.078 220.182
17.1 10.844 0.068 219.342
17.12 11.385 0.064 219.846
17.14 12.127 0.057 219.797
17.16 13 0.04 215.632
17.18 13.874 0.03 212.583
17.2 14.565 0.036 217.418
17.22 14.97 0.043 221.601
17.24 15.064 0.054 226.117
17.26 15.143 0.066 230.172
17.28 15.223 0.077 233.395
17.3 14.865 0.086 234.821
17.32 14.474 0.094 235.734
17.34 14.046 0.102 236.394
17.36 13.598 0.107 236.308
17.38 13.277 0.111 236.292
17.4 13.175 0.114 236.63
17.42 13.192 0.114 236.749
17.44 12.996 0.111 235.791
17.46 12.307 0.112 234.198
17.48 11.461 0.109 231.359
17.5 10.65 0.1 227.363
17.52 9.969 0.087 222.687
17.54 9.682 0.092 222.856
17.56 9.634 0.078 219.728
17.58 10.112 0.073 220.119
17.6 10.789 0.074 222.505
17.62 10.789 0.074 222.575
17.64 10.789 0.074 222.645
17.66 11.586 0.068 223.436
17.68 12.367 0.069 225.89
17.7 13.076 0.065 226.653
17.72 13.753 0.055 225.226
17.74 14.497 0.047 224.063
17.76 14.418 0.045 223.148
17.78 14.339 0.049 224.627
17.8 14.119 0.055 226.363
17.82 13.821 0.061 227.692
17.84 13.526 0.067 228.836
17.86 13.366 0.073 230.151
17.88 13.206 0.074 230.084
17.9 12.894 0.075 229.621
17.92 12.654 0.078 229.821
17.94 12.58 0.079 229.941
17.96 12.686 0.08 230.532
17.98 12.868 0.081 231.316
18 12.868 0.081 231.387
18.02 12.868 0.081 231.459
18.04 12.941 0.081 231.719
18.06 13.405 0.08 232.728
18.08 13.676 0.08 233.472
18.1 13.903 0.081 234.34
18.12 14.16 0.081 235.031
18.14 14.383 0.081 235.633
18.16 14.567 0.081 236.137
18.18 14.66 0.083 236.906
18.2 14.733 0.088 238.305
18.22 14.821 0.09 239.028
18.24 14.993 0.091 239.719
18.26 15.248 0.093 240.811
18.28 15.471 0.094 241.603
18.3 15.788 0.094 242.383
18.32 16.296 0.094 243.565
18.34 16.569 0.094 244.223
18.36 16.615 0.093 244.177
18.38 15.84 0.079 239.306
18.4 16.51 0.083 241.802
18.42 16.669 0.089 243.62
18.44 16.723 0.093 244.7
18.46 16.915 0.097 246.037
18.48 16.934 0.1 246.776
18.5 16.989 0.101 247.17
18.52 16.89 0.104 247.638
18.54 16.875 0.106 248.074
18.56 16.77 0.108 248.311
18.58 16.747 0.112 249.089
18.6 16.685 0.114 249.397
18.62 16.583 0.114 249.252
18.64 16.509 0.116 249.526
18.66 16.341 0.114 248.873
18.68 15.91 0.114 247.991
18.7 14.614 0.114 245.048
18.72 14.007 0.116 243.981
18.74 13.715 0.119 243.831
18.76 13.617 0.12 243.822
18.78 13.505 0.117 243.091
18.8 13.466 0.114 242.537
18.82 13.519 0.112 242.389
18.84 13.634 0.109 242.209
18.86 13.759 0.106 242.036
18.88 13.937 0.104 242.172
18.9 13.919 0.102 241.807
18.92 13.826 0.101 241.447
18.94 13.677 0.1 240.942
18.96 13.574 0.101 240.95
18.98 13.493 0.102 241.01
19 13.492 0.106 241.851
19.02 13.504 0.107 242.142
19.04 13.479 0.105 241.768
19.06 13.453 0.102 241.189
19.08 13.479 0.101 241.129
19.1 13.496 0.1 241.043
19.12 12.317 0.001 162.22
19.14 13.321 0.084 237.264
19.16 13.515 0.086 238.293
19.18 13.785 0.088 239.5
19.2 13.924 0.091 240.586
19.22 14.075 0.094 241.681
19.24 14.362 0.097 243.089
19.26 14.884 0.099 244.828
19.28 15.493 0.103 247.13
19.3 16.062 0.104 248.688
19.32 16.556 0.105 250.046
19.34 17.18 0.106 251.653
19.36 17.666 0.108 253.132
19.38 17.872 0.111 254.206
19.4 17.956 0.117 255.568
19.42 17.991 0.121 256.429
19.44 18.251 0.125 257.729
19.46 18.537 0.129 259.059
19.48 18.638 0.135 260.318
19.5 18.825 0.136 260.927
19.52 18.956 0.138 261.58
19.54 19.056 0.141 262.322
19.56 19.161 0.143 262.912
19.58 19.353 0.144 263.517
19.6 19.452 0.145 263.938
19.62 19.447 0.147 264.304
19.64 19.465 0.149 264.712
19.66 19.641 0.151 265.424
19.68 19.888 0.151 265.977
19.7 20.062 0.15 266.239
19.72 20.126 0.15 266.437
19.74 20.271 0.149 266.639
19.76 20.101 0.152 266.833
19.78 19.725 0.154 266.473
19.8 20.01 0.155 267.243
19.82 20.323 0.155 267.916
19.84 20.629 0.154 268.424
19.86 21.017 0.155 269.365
19.88 21.358 0.149 269.18
19.9 21.582 0.15 269.811
19.92 21.713 0.169 272.815
19.94 20.689 0.159 269.627
19.96 21.387 0.138 267.819
19.98 21.432 0.147 269.387
20 21.569 0.173 273.389
