0.02 0.11 0.00185 12.8438
0.03 0.690001 0.00791 21.1339
0.04 1.09 0.00808 24.495
0.05 1.28 0.00854 26.7958
0.06 1.26 0.01018 28.5392
0.07 1.3 0.01048 29.9956
0.0800001 1.33 0.01124 31.4149
0.0900001 1.34 0.0125 32.7841
0.1 1.36 0.01292 33.9238
0.11 1.39 0.01376 35.1279
0.12 1.41 0.01439 36.1967
0.13 1.47 0.01553 37.4708
0.14 1.53 0.01683 38.73
0.15 1.62 0.01847 40.1154
0.16 1.72 0.01965 41.4083
0.17 1.57 0.01713 41.0905
0.18 1.68 0.01772 42.2766
0.19 1.69 0.01814 43.0374
0.2 1.68 0.01742 43.4714
0.21 1.67 0.01746 44.0356
0.22 1.69 0.01675 44.5313
0.23 1.8 0.01654 45.4485
0.24 1.86 0.01662 46.2257
0.25 1.92 0.01675 46.9979
0.26 2 0.017 47.8522
0.27 2.07 0.01717 48.6373
0.28 2.18 0.01725 49.5184
0.29 2.3 0.01746 50.4419
0.3 2.44 0.0178 51.4371
0.31 2.59 0.01822 52.4577
0.32 2.92 0.01898 54.028
0.33 3.1 0.01948 55.0826
0.34 3.29 0.01986 56.1096
0.35 3.49 0.02079 57.2639
0.36 3.73 0.02201 58.5467
0.37 4.02 0.02315 59.8849
0.38 4.29 0.02424 61.1315
0.39 4.56 0.02525 62.3294
0.4 4.8 0.02618 63.4256
0.41 5.23 0.02836 65.0881
0.42 5.42 0.02954 66.0869
0.43 5.63 0.03085 67.1277
0.44 5.82 0.03228 68.1381
0.45 6.01 0.03363 69.1182
0.46 6.2 0.0351 70.1033
0.47 6.37 0.03615 70.9728
0.48 6.52 0.03716 71.7935
0.49 6.64 0.03825 72.5704
0.5 6.79 0.04128 73.6801
0.51 6.86 0.04276 74.4141
0.52 6.92 0.04431 75.1331
0.53 6.97 0.04575 75.8118
0.54 7.01 0.0473 76.4813
0.55 7.03 0.04869 77.0895
0.56 7.03 0.04974 77.6143
0.57 7.01 0.05092 78.1174
0.58 6.98 0.05223 78.6135
0.59 6.96 0.05496 79.2907
0.6 6.96 0.05601 79.7876
0.61 6.98 0.05702 80.3075
0.62 7 0.05799 80.818
0.63 7.04 0.05888 81.3479
0.640001 7.05 0.05968 81.8134
0.650001 7.02 0.06031 82.1881
0.660001 6.91 0.06094 82.4214
0.670001 5.74 0.06986 81.5061
0.680001 5.74 0.06986 81.8424
0.690001 5.74 0.06986 82.1753
0.700001 0.44 0.05075 55.5015
0.710001 5.36 0.05488 80.3872
0.720001 5.52 0.05458 81.0059
0.730001 5.63 0.05412 81.4911
0.740001 5.74 0.05383 81.9915
0.75 5.83 0.05319 82.4006
0.760001 5.9 0.05269 82.7818
0.770001 5.96 0.05282 83.2213
0.780001 6.02 0.05324 83.6961
0.790001 6.08 0.05332 84.1236
0.800001 6.21 0.05311 84.648
0.810001 6.29 0.05357 85.1587
0.820001 6.33 0.05349 85.517
0.830001 6.33 0.0529 85.7265
0.840001 6.26 0.0526 85.8342
0.850001 6.14 0.05307 85.9409
0.860001 6 0.05391 86.0473
0.870001 5.83 0.05496 86.1058
0.880001 5.66 0.05568 86.1057
0.890001 5.49 0.05631 86.0787
0.900001 5.13 0.05702 85.5965
0.910001 4.97 0.05719 85.4901
0.920001 4.79 0.05732 85.312
0.930001 4.62 0.05728 85.1198
0.940001 4.45 0.05707 84.8876
0.950001 4.29 0.0566 84.6317
0.960001 4.15 0.05601 84.4003
0.970001 4 0.05513 84.0854
0.980001 3.86 0.0542 83.7753
0.990001 3.54 0.05214 82.7046
1 3.54 0.05214 82.936
1.01 2.95 0.0476 80.399
1.02 2.74 0.04587 79.5214
1.03 2.5 0.04389 78.4034
1.04 2.24 0.042 77.098
1.05 2.08 0.04044 76.2424
1.06 1.98 0.03905 75.6825
1.07 1.89 0.03741 75.1051
1.08 1.75 0.03464 73.9946
1.09 1.68 0.03304 73.46
1.1 1.61 0.03165 72.9355
1.11 1.53 0.0303 72.3218
1.12 1.46 0.02895 71.7425
1.13 1.38 0.02757 71.0494
1.14 1.32 0.02618 70.4653
1.15 1.27 0.02487 69.9455
1.16 1.21 0.02374 69.3583
1.17 1.15 0.02264 68.7448
1.18 1.03 0.02146 67.5214
1.19 0.980001 0.02108 67.0969
1.2 0.930001 0.02087 66.6924
1.21 0.890001 0.02045 66.3123
1.22 0.850001 0.02012 65.9362
1.23 0.820001 0.01953 65.5824
1.24 0.810001 0.01923 65.5297
1.25 0.810001 0.01902 65.6162
1.26 0.820001 0.01869 65.7821
1.27 0.830001 0.01843 65.9651
1.28 0.890001 0.01805 66.6612
1.29 0.950001 0.01784 67.3706
1.3 1.02 0.01763 68.1429
1.31 1.09 0.01763 68.9441
1.32 1.21 0.01776 70.1798
1.33 1.34 0.01797 71.4382
1.34 1.48 0.01831 72.7322
1.35 1.63 0.01877 74.0556
1.36 1.8 0.01932 75.4565
1.37 1.98 0.01978 76.8055
1.38 2.32 0.02054 78.9847
1.39 2.49 0.02087 80.0595
1.4 2.64 0.02129 81.032
1.41 2.78 0.0218 81.9602
1.42 2.92 0.02251 82.9253
1.43 3.06 0.02336 83.9078
1.44 3.18 0.02416 84.7746
1.45 3.3 0.02491 85.6096
1.46 3.4 0.02584 86.406
1.47 3.51 0.02677 87.2242
1.48 3.7 0.02836 88.4783
1.49 3.79 0.02908 89.1372
1.5 3.88 0.02975 89.7754
1.51 3.96 0.03047 90.3857
1.52 4.05 0.03127 91.0413
1.53 4.12 0.03215 91.6442
1.54 4.18 0.03304 92.2109
1.55 4.23 0.03379 92.7082
1.56 4.28 0.03455 93.2037
1.57 4.36 0.03594 93.9265
1.58 4.39 0.03657 94.3217
1.59 4.43 0.0372 94.7453
1.6 4.47 0.03792 95.1852
1.61 4.53 0.03855 95.6645
1.62 4.57 0.03914 96.0721
1.63 4.62 0.03977 96.5156
1.64 4.67 0.04023 96.9225
1.65 4.72 0.0407 97.3295
1.66 4.72 0.0407 97.4931
1.67 4.72 0.0407 97.656
1.68 0.57 0.03548 71.3277
1.69 4.73 0.03708 97.253
1.7 4.8 0.03813 97.846
1.71 4.86 0.03905 98.376
1.72 4.91 0.03981 98.8394
1.73 4.95 0.04044 99.2441
1.74 4.99 0.04107 99.6466
1.75 5.01 0.04166 99.9815
1.76 5.01 0.04217 100.241
1.77 5.01 0.04259 100.482
1.78 5.04 0.04339 100.882
1.79 5.04 0.04339 101.04
1.8 5.08 0.04406 101.441
1.81 5.1 0.04436 101.712
1.82 5.1 0.04474 101.94
1.83 5.1 0.04495 102.135
1.84 5.11 0.04503 102.334
1.85 5.13 0.04516 102.571
1.86 5.15 0.04537 102.822
1.87 5.18 0.04553 103.092
1.88 5.24 0.04583 103.473
1.89 5.26 0.04591 103.697
1.9 5.29 0.046 103.951
1.91 5.3 0.04608 104.147
1.92 5.32 0.04621 104.379
1.93 5.34 0.04629 104.601
1.94 5.36 0.04646 104.84
1.95 5.37 0.04659 105.043
1.96 5.38 0.04671 105.243
1.97 5.4 0.04697 105.497
1.98 5.44 0.0473 105.819
1.99 5.46 0.0476 106.08
2 5.47 0.04789 106.309
2.01 5.5 0.04827 106.611
2.02 5.52 0.04852 106.86
2.03 5.53 0.04869 107.065
2.04 5.55 0.04882 107.291
2.05 5.57 0.04932 107.584
2.06 5.58 0.04957 107.803
2.07 5.59 0.04983 108.023
2.08 5.61 0.05004 108.261
2.09 5.61 0.05033 108.458
2.1 5.62 0.05071 108.698
2.11 5.63 0.05109 108.937
2.12 5.65 0.05147 109.203
2.13 5.67 0.05172 109.446
2.14 5.74 0.05223 109.872
2.15 5.74 0.05223 110.015
2.16 5.83 0.05273 110.491
2.17 5.88 0.05294 110.806
2.18 5.94 0.05311 111.14
2.19 6 0.05319 111.456
2.2 6.06 0.0534 111.794
2.21 6.12 0.05349 112.11
2.22 6.16 0.05357 112.37
2.23 6.19 0.05378 112.626
2.24 6.22 0.05404 112.89
2.25 6.29 0.05475 113.335
2.26 6.32 0.0553 113.647
2.27 6.37 0.05589 114.016
2.28 6.41 0.05648 114.359
2.29 6.45 0.05702 114.691
2.3 6.51 0.05749 115.062
2.31 6.55 0.05795 115.379
2.32 6.62 0.05829 115.751
2.33 6.68 0.05871 116.109
2.34 6.84 0.05938 116.755
2.35 6.93 0.05955 117.141
2.36 7.02 0.0598 117.539
2.37 7.12 0.06005 117.958
2.38 7.2 0.06052 118.363
2.39 7.28 0.06094 118.758
2.4 7.34 0.06123 119.084
2.41 7.38 0.06165 119.383
2.42 7.38 0.06195 119.568
2.43 7.36 0.06271 119.78
2.44 7.37 0.06317 120.014
2.45 7.39 0.06376 120.29
2.46 7.42 0.06422 120.569
2.47 7.44 0.0646 120.811
2.48 7.44 0.06515 121.032
2.49 7.45 0.06552 121.248
2.5 7.44 0.06603 121.438
2.51 7.44 0.06649 121.643
2.52 7.41 0.06771 121.891
2.53 7.38 0.06813 122.017
2.54 7.37 0.06843 122.171
2.55 7.37 0.06877 122.355
2.56 7.37 0.0691 122.537
2.57 7.4 0.06935 122.779
2.58 7.43 0.06965 123.027
2.59 7.43 0.06965 123.16
2.6 7.43 0.06965 123.292
2.61 6.99 0.0534 119.669
2.62 7.38 0.05639 121.285
2.63 7.47 0.05782 121.879
2.64 7.55 0.05921 122.437
2.65 7.61 0.06026 122.885
2.66 7.66 0.06132 123.308
2.67 7.67 0.06216 123.6
2.68 7.66 0.06296 123.837
2.69 7.63 0.06346 123.977
2.7 7.58 0.06401 124.076
2.71 7.53 0.06485 124.22
2.72 7.52 0.06519 124.378
2.73 7.53 0.06544 124.568
2.74 7.55 0.06578 124.797
2.75 7.56 0.06628 125.025
2.76 7.59 0.06666 125.283
2.77 7.6 0.06717 125.512
2.78 7.63 0.06754 125.767
2.79 7.66 0.0678 126.004
2.8 7.74 0.06834 126.401
2.81 7.78 0.06843 126.634
2.82 7.82 0.06847 126.859
2.83 7.88 0.06851 127.13
2.84 7.92 0.06872 127.38
2.85 7.98 0.06881 127.657
2.86 8.02 0.06902 127.906
2.87 8.07 0.0694 128.204
2.88 8.14 0.0702 128.61
2.89 8.14 0.0702 128.734
2.9 8.18 0.07112 129.088
2.91 8.19 0.07146 129.286
2.92 8.2 0.0718 129.483
2.93 8.22 0.07234 129.733
2.94 8.26 0.07285 130.022
2.95 8.3 0.07331 130.304
2.96 8.36 0.07398 130.661
2.97 8.51 0.07504 131.274
2.98 8.51 0.07504 131.397
2.99 8.69 0.07575 132.019
3 8.79 0.07596 132.39
3.01 9.01 0.07659 133.077
3.02 9.15 0.07697 133.551
3.03 9.28 0.07714 133.97
3.04 9.35 0.07739 134.274
3.05 9.41 0.07769 134.564
3.06 9.43 0.0779 134.758
3.07 9.5 0.07878 135.15
3.08 9.57 0.07941 135.505
3.09 9.65 0.07996 135.868
3.1 9.72 0.08046 136.202
3.11 9.78 0.08122 136.552
3.12 9.85 0.0819 136.909
3.13 9.91 0.0827401 137.268
3.14 9.98 0.0835801 137.644
3.15 10.05 0.0844601 138.025
3.16 10.21 0.0862701 138.706
3.17 10.31 0.0871101 139.135
3.18 10.4 0.0878701 139.532
3.19 10.51 0.0885401 139.954
3.2 10.62 0.0892201 140.375
3.21 10.72 0.0898501 140.769
3.22 10.82 0.0906101 141.178
3.23 10.91 0.0914901 141.582
3.24 11.08 0.0934301 142.268
3.25 11.16 0.0943101 142.649
3.26 11.24 0.0953601 143.049
3.27 11.33 0.09625 143.447
3.28 11.42 0.0970901 143.836
3.29 11.47 0.0977601 144.131
3.3 11.51 0.0983901 144.402
3.31 11.52 0.0991901 144.639
3.32 11.55 0.1002 144.937
3.33 11.6 0.10222 145.389
3.34 11.63 0.10306 145.664
3.35 11.68 0.10386 145.969
3.36 11.72 0.10496 146.29
3.37 11.75 0.10576 146.557
3.38 11.78 0.10626 146.79
3.39 11.82 0.10664 147.026
3.4 11.86 0.10723 147.285
3.41 12 0.10921 147.88
3.42 12.05 0.11009 148.188
3.43 12.05 0.11093 148.402
3.44 12.06 0.11114 148.563
3.45 12.06 0.11144 148.717
3.46 12.12 0.11186 148.989
3.47 12.22 0.11249 149.355
3.48 12.35 0.11304 149.763
3.49 12.49 0.11337 150.163
3.5 12.69 0.11363 150.655
3.51 12.74 0.1135 150.846
3.52 12.75 0.1138 151.015
3.53 12.75 0.11401 151.158
3.54 12.72 0.11443 151.272
3.55 12.72 0.11485 151.436
3.56 12.73 0.1156 151.654
3.57 12.73 0.11628 151.847
3.58 12.73 0.1167 152.01
3.59 12.72 0.11712 152.156
3.6 12.73 0.1175 152.332
3.61 12.74 0.11796 152.517
3.62 12.76 0.11817 152.691
3.63 12.76 0.11817 152.808
3.64 12.76 0.11817 152.925
3.65 11.98 0.0956101 149.009
3.66 12.46 0.0946501 149.842
3.67 12.63 0.0956601 150.381
3.68 12.74 0.0970901 150.869
3.69 12.91 0.10016 151.664
3.7 12.99 0.10138 152.066
3.71 13.08 0.10243 152.462
3.72 13.18 0.10382 152.915
3.73 13.28 0.10517 153.361
3.74 13.37 0.10647 153.782
3.75 13.46 0.10731 154.145
3.76 13.52 0.1082 154.464
3.77 13.67 0.10992 155.028
3.78 13.76 0.11148 155.471
3.79 13.83 0.11333 155.912
3.8 13.89 0.1143 156.234
3.81 13.92 0.11527 156.507
3.82 13.92 0.11624 156.73
3.83 13.91 0.11737 156.954
3.84 13.88 0.1183 157.123
3.85 13.85 0.11935 157.303
3.86 13.78 0.12137 157.521
3.87 13.77 0.12183 157.668
3.88 13.77 0.122 157.799
3.89 13.75 0.12192 157.87
3.9 13.74 0.12179 157.953
3.91 13.72 0.12171 158.023
3.92 13.71 0.12137 158.082
3.93 13.71 0.12124 158.18
3.94 13.71 0.12061 158.223
3.95 13.72 0.12002 158.287
3.96 13.71 0.11922 158.293
3.97 13.69 0.11885 158.33
3.98 13.66 0.11842 158.343
3.99 13.62 0.11821 158.363
4 13.57 0.11826 158.395
4.01 13.51 0.1188 158.464
4.02 13.51 0.11952 158.654
4.03 13.56 0.12087 158.996
4.04 13.6 0.12158 159.251
4.05 13.65 0.12221 159.513
4.06 13.69 0.12255 159.727
4.07 13.74 0.12331 160.002
4.08 13.77 0.12419 160.257
4.09 13.82 0.12478 160.513
4.1 13.88 0.12579 160.83
4.11 13.98 0.12684 161.217
4.12 13.99 0.1273 161.391
4.13 13.98 0.12768 161.523
4.14 14 0.1281 161.709
4.15 14.04 0.12886 161.964
4.16 14.17 0.12991 162.397
4.17 14.37 0.13109 162.956
4.18 14.6 0.13155 163.486
4.19 14.91 0.13084 164.016
4.2 14.97 0.13017 164.15
4.21 15 0.12941 164.226
4.22 15 0.12966 164.36
4.23 15.01 0.13017 164.538
4.24 15.06 0.1308 164.791
4.25 15.12 0.13235 165.155
4.26 15.4 0.13341 165.811
4.27 15.56 0.13315 166.139
4.28 15.74 0.1324 166.444
4.29 15.86 0.13235 166.729
4.3 16.01 0.13282 167.113
4.31 16.14 0.13311 167.446
4.32 16.24 0.13328 167.721
4.33 16.34 0.13193 167.835
4.34 16.38 0.13261 168.074
4.35 16.43 0.13324 168.321
4.36 16.53 0.13328 168.58
4.37 16.63 0.1332 168.826
4.38 16.67 0.13341 169.014
4.39 16.72 0.13404 169.26
4.4 16.73 0.13437 169.417
4.41 16.75 0.13442 169.558
4.42 16.75 0.13492 169.717
4.43 16.72 0.13581 169.873
4.44 16.65 0.13555 169.85
4.45 16.55 0.13416 169.663
4.46 16.36 0.13341 169.408
4.47 16.09 0.13328 169.094
4.48 15.79 0.13437 168.855
4.49 15.15 0.13648 168.174
4.5 15.15 0.13648 168.278
4.51 14.5 0.13909 167.586
4.52 14.2 0.14027 167.303
4.53 13.93 0.14144 167.059
4.54 13.7 0.14279 166.893
4.55 13.51 0.143 166.68
4.56 13.32 0.14393 166.532
4.57 13.21 0.14351 166.394
4.58 12.99 0.14165 165.913
4.59 12.92 0.14081 165.802
4.6 12.92 0.14081 165.902
4.61 12.92 0.14081 166.003
4.62 12.14 0.12469 162.963
4.63 12.44 0.12019 163.136
4.64 12.44 0.11998 163.21
4.65 12.46 0.11969 163.312
4.66 12.44 0.1191 163.305
4.67 12.44 0.1183 163.311
4.68 12.42 0.11784 163.317
4.69 12.4 0.11725 163.308
4.7 12.36 0.11645 163.236
4.71 12.24 0.11531 162.969
4.72 12.19 0.11497 162.929
4.73 12.16 0.11459 162.922
4.74 12.14 0.11422 162.936
4.75 12.12 0.11481 163.062
4.76 12.09 0.11518 163.143
4.77 12.04 0.1151 163.131
4.78 11.93 0.11531 163.036
4.79 11.67 0.11582 162.673
4.8 11.54 0.11645 162.579
4.81 11.45 0.11691 162.543
4.82 11.37 0.11725 162.512
4.83 11.33 0.11737 162.537
4.84 11.3 0.11758 162.592
4.85 11.31 0.11771 162.721
4.86 11.32 0.11598 162.635
4.87 11.3 0.1151 162.583
4.88 11.28 0.11443 162.556
4.89 11.27 0.11396 162.572
4.9 11.26 0.11321 162.554
4.91 11.27 0.11283 162.621
4.92 11.28 0.11228 162.668
4.93 11.31 0.11182 162.766
4.94 11.36 0.11127 162.895
4.95 11.52 0.11064 163.238
4.96 11.65 0.11089 163.624
4.97 11.82 0.11123 164.1
4.98 12.07 0.11127 164.692
4.99 12.35 0.1106 165.246
5 12.66 0.10992 165.844
5.01 13.94 0.10795 168.001
5.02 13.94 0.10795 168.094
5.03 14.87 0.10752 169.702
5.04 15.28 0.10698 170.39
5.05 15.65 0.10635 170.989
5.06 16 0.1058 171.555
5.07 16.3 0.10546 172.062
5.08 16.55 0.10525 172.506
5.09 16.86 0.10567 173.119
5.1 16.86 0.10567 173.214
5.11 16.94 0.11161 174.217
5.12 16.97 0.11506 174.799
5.13 17.01 0.11948 175.502
5.14 17.06 0.12322 176.123
5.15 17.14 0.1268 176.757
5.16 17.2 0.13008 177.318
5.17 17.24 0.13568 178.096
5.18 17.3 0.1377 178.501
5.19 17.34 0.139 178.795
5.2 17.35 0.13968 178.979
5.21 17.33 0.14018 179.098
5.22 17.28 0.14073 179.177
5.23 17.22 0.14258 179.377
5.24 17.1 0.14435 179.476
5.25 16.85 0.1462 179.381
5.26 16.85 0.1462 179.476
5.27 16.59 0.14851 179.403
5.28 16.49 0.14961 179.451
5.29 16.37 0.15108 179.503
5.3 16.24 0.15255 179.536
5.31 16.11 0.15399 179.562
5.32 16.01 0.15588 179.678
5.33 15.97 0.15954 180.054
5.34 16.03 0.15979 180.269
5.35 16.18 0.16005 180.629
5.36 16.34 0.15988 180.963
5.37 16.45 0.15916 181.164
5.38 16.46 0.15836 181.197
5.39 16.45 0.15765 181.207
5.4 16.46 0.15807 181.357
5.41 16.57 0.1584 181.656
5.42 17.01 0.15714 182.315
5.43 17.13 0.15605 182.487
5.44 17.13 0.1547 182.449
5.45 17 0.15352 182.226
5.46 16.79 0.15133 181.775
5.47 16.4 0.14973 181.093
5.48 15.89 0.15129 180.518
5.49 15.28 0.15327 179.789
5.5 14.68 0.1547 178.983
5.51 13.56 0.1579 177.341
5.52 13.07 0.15929 176.621
5.53 12.58 0.16009 175.814
5.54 12.15 0.16139 175.141
5.55 11.76 0.16345 174.592
5.56 11.41 0.16535 174.088
5.57 11.08 0.16678 173.565
5.58 10.72 0.16724 172.867
5.59 9.79 0.16619 170.618
5.6 9.79 0.16619 170.703
5.61 9.79 0.16619 170.788
5.62 7.87 0.15276 164.428
5.63 7.67 0.14477 163.169
5.64 7.21 0.14035 161.385
5.65 6.72 0.13749 159.563
5.66 6.2 0.13623 157.68
5.67 5.68 0.13631 155.788
5.68 4.63 0.13833 151.529
5.69 4.17 0.13993 149.478
5.7 3.78 0.14199 147.631
5.71 3.51 0.14397 146.304
5.72 3.35 0.14477 145.462
5.73 3.25 0.14532 144.944
5.74 3.21 0.14532 144.756
5.75 3.22 0.14687 145.019
5.76 3.26 0.15424 145.941
5.77 3.26 0.15424 146.011
5.78 3.12 0.15925 145.548
5.79 2.97 0.16063 144.692
5.8 2.82 0.15744 143.445
5.81 2.72 0.15453 142.549
5.82 2.58 0.1486 141.076
5.83 2.44 0.14035 139.35
5.84 2.29 0.13408 137.624
5.85 2 0.12301 134.066
5.86 1.83 0.12133 132.273
5.87 1.74 0.12023 131.279
5.88 1.76 0.11333 130.912
5.89 1.94 0.10513 131.996
5.9 2.31 0.0986401 134.704
5.91 2.87 0.0946001 138.563
5.92 3.69 0.0906101 143.223
5.93 4.61 0.0906501 147.963
5.94 6.06 0.0998201 155.218
5.95 6.62 0.10226 157.596
5.96 7.07 0.10273 159.23
5.97 7.43 0.1005 160.155
5.98 7.82 0.0948601 160.641
5.99 8.27 0.0892601 161.197
6 8.75 0.0836201 161.707
6.01 9.82 0.0667 161.427
6.02 9.99 0.06523 161.601
6.03 10.12 0.06502 161.934
6.04 10.21 0.06485 162.18
6.05 10.27 0.06494 162.41
6.06 10.32 0.06439 162.483
6.07 10.32 0.06355 162.38
6.08 10.23 0.06237 161.997
6.09 9.8 0.06136 160.853
6.1 9.5 0.06161 160.262
6.11 9.17 0.06279 159.773
6.12 8.83 0.06401 159.233
6.13 8.46 0.06519 158.567
6.14 8.05 0.06851 158.161
6.15 7.62 0.07057 157.374
6.16 7.21 0.0718 156.42
6.17 6.82 0.07297 155.452
6.18 6.44 0.07419 154.456
6.19 6.11 0.07499 153.496
6.2 5.65 0.07562 151.95
6.21 5.52 0.07743 151.808
6.22 5.49 0.0831201 152.655
6.23 5.77 0.0890901 154.711
6.24 6.3 0.0921601 157.193
6.25 6.99 0.0936801 159.852
6.26 7.78 0.0932201 162.342
6.27 9.42 0.0877001 166.104
6.28 10.19 0.0845 167.549
6.29 10.64 0.08051 167.992
6.3 10.91 0.07735 168.113
6.31 11.04 0.07483 168.011
6.32 11.11 0.07163 167.627
6.33 11.07 0.06788 166.865
6.34 10.9 0.06498 165.963
6.35 10.64 0.06203 164.821
6.36 10.16 0.05723 162.707
6.37 10.03 0.05593 162.166
6.38 9.92 0.05542 161.856
6.39 9.75 0.05509 161.444
6.4 9.41 0.05463 160.578
6.41 8.92 0.0534 159.114
6.42 8.23 0.05319 157.297
6.43 7.4 0.0558 155.593
6.44 6.57 0.05921 153.773
6.45 5.02 0.06451 149.052
6.46 5.02 0.06451 149.116
6.47 3.99 0.0718 145.619
6.48 3.71 0.07634 144.901
6.49 3.52 0.0827801 144.842
6.5 3.35 0.0906901 144.972
6.51 3.16 0.0985201 144.814
6.52 2.97 0.10559 144.418
6.53 2.74 0.11434 143.761
6.54 2.74 0.11434 143.822
6.55 3.13 0.10344 145.45
6.56 4.15 0.1002 151.143
6.57 5.7 0.0993601 158.167
6.58 7.66 0.1034 165.662
6.59 9.74 0.10369 171.605
6.6 11.28 0.0965401 174.306
6.61 13.2 0.0863101 176.716
6.62 13.2 0.0863101 176.791
6.63 13.2 0.0863101 176.865
6.64 13.32 0.05643 171.015
6.65 14.02 0.05185 171.144
6.66 14.59 0.04461 170.059
6.67 14.71 0.04351 169.978
6.68 14.84 0.04507 170.764
6.69 14.93 0.04734 171.684
6.7 15 0.04983 172.606
6.71 15.01 0.05277 173.519
6.72 15.03 0.05631 174.565
6.73 15.05 0.05938 175.444
6.74 15.05 0.06254 176.275
6.75 15.09 0.07032 178.145
6.76 15.09 0.07398 178.972
6.77 15.06 0.07777 179.74
6.78 15.05 0.08147 180.493
6.79 15 0.0845 181.029
6.8 14.93 0.0875801 181.522
6.81 14.84 0.0896801 181.796
6.82 14.69 0.0914901 181.906
6.83 14.27 0.0978501 182.238
6.84 13.99 0.10012 182.14
6.85 13.71 0.10298 182.11
6.86 13.42 0.10555 181.997
6.87 13.11 0.10719 181.692
6.88 12.74 0.10845 181.194
6.89 12.29 0.10976 180.511
6.9 11.77 0.11161 179.713
6.91 10.65 0.11506 177.664
6.92 10.06 0.11586 176.385
6.93 9.42 0.11666 174.893
6.94 8.75 0.11767 173.239
6.95 8.07 0.1191 171.473
6.96 7.41 0.12028 169.586
6.97 6.8 0.12175 167.737
6.98 6.32 0.12188 166.059
6.99 5.93 0.12213 164.637
7 5.39 0.12566 162.839
7.01 4.86 0.12852 160.794
7.02 4.6 0.12819 159.555
7.03 4.34 0.12684 158.147
7.04 4.15 0.12444 156.943
7.05 3.99 0.12221 155.884
7.06 3.96 0.12175 155.727
7.07 4.02 0.11918 155.849
7.08 4.11 0.11586 156.041
7.09 4.3 0.10597 155.96
7.1 4.42 0.10134 156.059
7.11 4.56 0.0957401 156.083
7.12 4.7 0.0893901 155.933
7.13 4.82 0.0823601 155.497
7.14 4.94 0.07668 155.184
7.15 5.04 0.07247 154.964
7.16 5.17 0.06725 154.629
7.17 5.46 0.06026 154.492
7.18 5.65 0.05875 154.988
7.19 5.87 0.05951 156.07
7.2 6.09 0.06001 157.069
7.21 6.31 0.05972 157.871
7.22 6.57 0.05972 158.852
7.23 6.84 0.05917 159.715
7.24 7.22 0.06001 161.214
7.25 7.28 0.05934 161.317
7.26 7.2 0.05652 160.471
7.27 7.11 0.05521 159.93
7.28 7.06 0.05614 160.051
7.29 7.07 0.05808 160.598
7.3 7.12 0.06056 161.383
7.31 7.1 0.06245 161.792
7.32 6.99 0.06363 161.741
7.33 6.92 0.06199 161.218
7.34 6.89 0.06077 160.912
7.35 6.92 0.05951 160.793
7.36 6.93 0.05972 160.934
7.37 6.93 0.06195 161.487
7.38 6.95 0.06536 162.337
7.39 6.96 0.06898 163.162
7.4 7.03 0.07209 164.059
7.41 7.1 0.07457 164.818
7.42 7.28 0.07874 166.227
7.43 7.37 0.08063 166.912
7.44 7.52 0.0829101 167.849
7.45 7.68 0.0852201 168.807
7.46 7.82 0.0872801 169.647
7.47 7.94 0.0885901 170.293
7.48 7.99 0.0890901 170.591
7.49 7.94 0.0893001 170.533
7.5 7.62 0.0836201 168.664
7.51 7.34 0.07781 166.817
7.52 7.05 0.07024 164.506
7.53 6.75 0.06342 162.156
7.54 6.49 0.0569 159.851
7.55 6.25 0.04819 156.861
7.56 6.09 0.04343 154.987
7.57 5.96 0.04074 153.743
7.58 5.92 0.03931 153.194
7.59 5.9 0.03918 153.134
7.6 5.8 0.04044 153.216
7.61 5.68 0.04044 152.811
7.62 5.55 0.03977 152.147
7.63 5.55 0.03977 152.202
7.64 5.55 0.03977 152.258
7.65 5.3 0.03939 151.185
7.66 5.33 0.03889 151.202
7.67 5.3 0.03914 151.214
7.68 5.27 0.03973 151.334
7.69 5.23 0.04065 151.511
7.7 5.16 0.04103 151.389
7.71 5.09 0.04137 151.25
7.72 5.07 0.04288 151.67
7.73 4.98 0.04267 151.272
7.74 4.93 0.042 150.908
7.75 4.86 0.04015 150.088
7.76 4.87 0.03918 149.881
7.77 4.97 0.03947 150.466
7.78 5.18 0.04314 152.544
7.79 5.49 0.04739 155.089
7.8 5.89 0.05105 157.697
7.81 6.33 0.05294 159.881
7.82 7.09 0.05151 162.2
7.83 7.38 0.05092 163.041
7.84 7.67 0.05054 163.904
7.85 7.97 0.05096 164.985
7.86 8.26 0.05109 165.93
7.87 8.57 0.0508 166.792
7.88 8.83 0.05025 167.419
7.89 9.03 0.05063 168.125
7.9 9.1 0.05269 168.93
7.91 8.93 0.05134 168.168
7.92 8.75 0.04911 167.116
7.93 8.58 0.04701 166.098
7.94 8.4 0.04351 164.587
7.95 8.25 0.0412 163.474
7.96 8.12 0.03939 162.549
7.97 8.02 0.03817 161.891
7.98 7.93 0.03821 161.699
7.99 7.81 0.03922 161.751
8 7.78 0.03977 161.905
8.01 7.78 0.04301 163.02
8.02 7.83 0.04419 163.595
8.03 7.87 0.04524 164.092
8.04 7.9 0.04612 164.503
8.05 7.95 0.04663 164.86
8.06 8.18 0.04903 166.288
8.07 8.32 0.05029 167.105
8.08 8.46 0.05164 167.935
8.09 8.6 0.05294 168.739
8.1 8.71 0.05433 169.471
8.11 8.87 0.0558 170.352
8.12 8.94 0.05761 171.057
8.13 8.88 0.05715 170.836
8.14 8.74 0.05593 170.198
8.15 8.28 0.05412 168.473
8.16 8.1 0.0537 167.889
8.17 8 0.05374 167.657
8.18 7.94 0.0545 167.728
8.19 7.91 0.05534 167.907
8.2 7.88 0.05585 168
8.21 7.83 0.05736 168.276
8.22 7.75 0.059 168.479
8.23 7.59 0.06111 168.523
8.24 7.46 0.06026 167.965
8.25 7.28 0.0606 167.51
8.26 7.12 0.05989 166.867
8.27 6.96 0.05816 165.973
8.28 6.82 0.05458 164.671
8.29 6.72 0.05159 163.607
8.3 6.62 0.04979 162.827
8.31 6.47 0.04781 161.798
8.32 6.4 0.04802 161.658
8.33 6.36 0.04814 161.599
8.34 6.38 0.04819 161.74
8.35 6.46 0.04676 161.679
8.36 6.66 0.0449 161.897
8.37 6.96 0.04326 162.478
8.38 7.32 0.04381 163.888
8.39 8 0.04936 167.709
8.4 8.33 0.05054 169.076
8.41 8.53 0.05239 170.22
8.42 8.61 0.05138 170.229
8.43 8.72 0.05244 170.887
8.44 8.77 0.05395 171.488
8.45 8.78 0.05542 171.957
8.46 8.7 0.05395 171.403
8.47 8.52 0.05113 170.182
8.48 7.97 0.04137 165.665
8.49 7.64 0.03611 162.86
8.5 7.39 0.03405 161.344
8.51 7.23 0.03392 160.838
8.52 7.15 0.03729 161.904
8.53 7.31 0.04141 163.896
8.54 7.73 0.04684 166.977
8.55 8.31 0.05181 170.203
8.56 8.92 0.05622 173.177
8.57 9.92 0.05951 176.738
8.58 10.21 0.06064 177.809
8.59 10.38 0.06355 178.986
8.6 10.38 0.06355 179.044
8.61 10.38 0.06355 179.102
8.62 10.15 0.05298 175.9
8.63 10.31 0.05433 176.723
8.64 10.33 0.05315 176.507
8.65 10.3 0.05185 176.126
8.66 10.27 0.05021 175.639
8.67 10.25 0.04932 175.384
8.68 10.31 0.04974 175.712
8.69 10.48 0.0497 176.171
8.7 10.73 0.04903 176.627
8.71 11.03 0.04915 177.422
8.72 11.48 0.04865 178.352
8.73 11.66 0.05075 179.439
8.74 11.87 0.05353 180.758
8.75 12.09 0.05669 182.162
8.76 12.28 0.05871 183.162
8.77 12.51 0.06018 184.089
8.78 12.69 0.06102 184.739
8.79 12.71 0.06313 185.363
8.8 12.42 0.06405 185.029
8.81 12.22 0.0635 184.523
8.82 12.08 0.06258 184.051
8.83 12 0.0617 183.717
8.84 11.96 0.06321 184.056
8.85 11.97 0.06481 184.52
8.86 11.96 0.06531 184.673
8.87 11.92 0.06519 184.614
8.88 11.71 0.06376 183.86
8.89 11.59 0.06393 183.686
8.9 11.48 0.06666 184.13
8.91 11.41 0.07053 184.892
8.92 11.39 0.07306 185.446
8.93 11.37 0.07495 185.851
8.94 11.28 0.07584 185.879
8.95 11.18 0.07722 185.977
8.96 11.01 0.07815 185.81
8.97 10.7 0.07971 185.409
8.98 10.58 0.07996 185.214
8.99 10.47 0.08164 185.313
9 10.37 0.0826101 185.296
9.01 10.27 0.0835801 185.275
9.02 10.29 0.0838301 185.43
9.03 10.3 0.0837901 185.506
9.04 10.31 0.0843401 185.69
9.05 10.41 0.0859801 186.303
9.06 10.5 0.0866901 186.72
9.07 10.66 0.0861001 187.078
9.08 10.79 0.0848801 187.24
9.09 10.93 0.0838301 187.451
9.1 11.12 0.0831201 187.841
9.11 11.26 0.0822301 188.069
9.12 11.39 0.08068 188.139
9.13 11.58 0.07743 188.001
9.14 11.71 0.07516 187.895
9.15 11.84 0.07327 187.853
9.16 12.08 0.07238 188.262
9.17 12.4 0.07158 188.855
9.18 12.8 0.07057 189.553
9.19 13.18 0.06868 189.982
9.2 13.45 0.06725 190.261
9.21 13.81 0.06649 190.864
9.22 13.89 0.06696 191.192
9.23 13.91 0.06763 191.448
9.24 13.95 0.06868 191.831
9.25 13.95 0.06956 192.092
9.26 13.91 0.0702 192.216
9.27 13.85 0.0707 192.268
9.28 13.61 0.07243 192.228
9.29 13.47 0.07318 192.164
9.3 13.3 0.0739 192.027
9.31 13.1 0.07474 191.846
9.32 12.9 0.07613 191.772
9.33 12.67 0.07756 191.63
9.34 12.45 0.07815 191.324
9.35 12.2 0.07874 190.943
9.36 11.81 0.07967 190.294
9.37 11.63 0.08025 190.044
9.38 11.49 0.0811 189.936
9.39 11.4 0.08152 189.859
9.4 11.33 0.08135 189.714
9.41 11.32 0.08139 189.753
9.42 11.32 0.08101 189.735
9.43 11.33 0.07988 189.594
9.44 11.36 0.07941 189.629
9.45 11.39 0.07853 189.581
9.46 11.35 0.07857 189.549
9.47 11.26 0.07727 189.124
9.48 11.17 0.07592 188.684
9.49 11.01 0.07483 188.122
9.5 10.87 0.07394 187.643
9.51 10.7 0.07259 186.986
9.52 10.51 0.07104 186.224
9.53 10.19 0.06952 185.117
9.54 10.07 0.06834 184.592
9.55 9.91 0.06624 183.743
9.56 9.79 0.06675 183.591
9.57 9.74 0.06574 183.277
9.58 9.72 0.06447 182.978
9.59 9.74 0.06409 182.996
9.6 9.77 0.06376 183.051
9.61 9.9 0.06203 183.034
9.62 9.98 0.0635 183.656
9.63 9.98 0.0635 183.709
9.64 9.98 0.0635 183.763
9.65 10.05 0.05159 180.848
9.66 10.11 0.05168 181.082
9.67 10.2 0.05227 181.536
9.68 10.32 0.05239 181.929
9.69 10.46 0.05244 182.349
9.7 10.63 0.05345 183.116
9.71 10.78 0.05433 183.788
9.72 10.96 0.0558 184.689
9.73 11.27 0.05753 185.957
9.74 11.39 0.0577 186.34
9.75 11.49 0.05816 186.751
9.76 11.63 0.0585 187.222
9.77 11.78 0.05782 187.438
9.78 11.95 0.05913 188.229
9.79 12.07 0.06115 189.082
9.8 12.18 0.06342 189.958
9.81 12.34 0.0675 191.359
9.82 12.42 0.06948 192.053
9.83 12.5 0.07121 192.679
9.84 12.57 0.07234 193.141
9.85 12.62 0.0739 193.65
9.86 12.66 0.07491 194.012
9.87 12.68 0.07571 194.282
9.88 12.64 0.07638 194.391
9.89 12.59 0.07743 194.555
9.9 12.57 0.07807 194.699
9.91 12.54 0.07865 194.806
9.92 12.51 0.07954 194.976
9.93 12.46 0.07992 194.996
9.94 12.41 0.08009 194.972
9.95 12.36 0.08055 195.006
9.96 12.28 0.08059 194.886
9.97 12.11 0.08118 194.668
9.98 11.99 0.08152 194.511
9.99 11.85 0.08169 194.27
10 11.69 0.08169 193.944
10.01 11.35 0.08164 193.165
10.02 11.16 0.0819801 192.816
10.03 10.98 0.0823201 192.485
10.04 10.83 0.0821501 192.124
10.05 10.63 0.08164 191.563
10.06 10.64 0.08164 191.642
10.07 10.76 0.0821101 192.096
10.08 11.01 0.0825301 192.868
10.09 11.38 0.0827001 193.874
10.1 11.91 0.0825301 195.17
10.11 12.61 0.0819401 196.718
10.12 13.42 0.08152 198.459
10.13 14.97 0.07908 201.154
10.14 15.4 0.07663 201.503
10.15 15.65 0.07327 201.274
10.16 15.75 0.07049 200.866
10.17 15.88 0.06805 200.57
10.18 15.95 0.06536 200.08
10.19 15.98 0.06363 199.742
10.2 15.99 0.06195 199.37
10.21 15.84 0.06047 198.754
10.22 15.79 0.06144 198.981
10.23 15.79 0.06249 199.316
10.24 15.82 0.06346 199.68
10.25 15.81 0.06388 199.826
10.26 15.73 0.06376 199.703
10.27 15.77 0.06498 200.145
10.28 15.8 0.06666 200.68
10.29 15.85 0.06809 201.181
10.3 15.87 0.06881 201.448
10.31 15.87 0.06843 201.409
10.32 15.89 0.06919 201.685
10.33 15.84 0.06961 201.75
10.34 15.74 0.07028 201.781
10.35 15.77 0.07053 201.95
10.36 15.86 0.07255 202.645
10.37 15.95 0.07184 202.699
10.38 15.97 0.07386 203.258
10.39 16.05 0.07668 204.094
10.4 16.11 0.0771 204.352
10.41 16.21 0.07575 204.288
10.42 16.24 0.07642 204.547
10.43 16.06 0.07621 204.226
10.44 15.99 0.07676 204.274
10.45 15.92 0.07546 203.91
10.46 15.84 0.07541 203.805
10.47 15.82 0.07457 203.632
10.48 15.75 0.07483 203.615
10.49 15.6 0.07445 203.302
10.5 15.48 0.07621 203.526
10.51 15.05 0.07579 202.662
10.52 14.74 0.07579 202.109
10.53 14.59 0.07895 202.552
10.54 14.4 0.07525 201.418
10.55 14.19 0.07588 201.184
10.56 13.94 0.07508 200.546
10.57 13.73 0.07504 200.152
10.58 13.68 0.07415 199.901
10.59 13.4 0.07335 199.179
10.6 13.4 0.07335 199.231
10.61 13.26 0.07575 199.516
10.62 13.26 0.07575 199.568
10.63 13.26 0.07575 199.62
10.64 12.78 0.06191 195.309
10.65 12.87 0.06119 195.368
10.66 12.91 0.06182 195.673
10.67 12.92 0.063 196.054
10.68 12.97 0.06439 196.57
10.69 13.05 0.06489 196.922
10.7 13.11 0.06616 197.422
10.71 13.17 0.06696 197.801
10.72 13.26 0.06771 198.23
10.73 13.32 0.06839 198.575
10.74 13.39 0.06952 199.048
10.75 13.46 0.06868 199.047
10.76 13.5 0.06864 199.174
10.77 13.65 0.06935 199.714
10.78 13.72 0.07015 200.103
10.79 13.76 0.07028 200.27
10.8 13.82 0.07104 200.626
10.81 13.88 0.0715 200.911
10.82 13.92 0.07201 201.165
10.83 13.94 0.07276 201.432
10.84 14.01 0.07356 201.812
10.85 14.05 0.07436 202.129
10.86 14.08 0.07504 202.396
10.87 14.1 0.07541 202.572
10.88 14.1 0.07584 202.72
10.89 14.15 0.07659 203.041
10.9 14.18 0.07722 203.293
10.91 14.25 0.07764 203.581
10.92 14.24 0.0779 203.669
10.93 14.17 0.07933 203.885
10.94 14.19 0.08063 204.254
10.95 14.21 0.08025 204.267
10.96 14.22 0.07992 204.27
10.97 14.21 0.07992 204.301
10.98 14.22 0.07975 204.337
10.99 14.21 0.08004 204.43
11 14.17 0.07967 204.32
11.01 14.14 0.07954 204.281
11.02 14.11 0.07979 204.324
11.03 14.07 0.08059 204.461
11.04 14.07 0.0819 204.787
11.05 13.98 0.0832801 204.934
11.06 13.88 0.08114 204.331
11.07 13.85 0.08025 204.131
11.08 13.77 0.07971 203.898
11.09 13.77 0.08025 204.063
11.1 13.82 0.08084 204.346
11.11 13.89 0.08152 204.688
11.12 13.99 0.0820601 205.064
11.13 14.09 0.0826501 205.448
11.14 14.15 0.0826101 205.617
11.15 14.23 0.0828201 205.878
11.16 14.39 0.0829101 206.28
11.17 14.45 0.0828601 206.445
11.18 14.51 0.0833301 206.717
11.19 14.54 0.0833301 206.83
11.2 14.55 0.0831601 206.866
11.21 14.55 0.0839201 207.074
11.22 14.58 0.0845901 207.324
11.23 14.59 0.0847601 207.431
11.24 14.5 0.0847201 207.289
11.25 14.45 0.0845 207.192
11.26 14.38 0.084 206.996
11.27 14.33 0.0838701 206.917
11.28 14.25 0.084 206.828
11.29 14.15 0.0834901 206.565
11.3 14.03 0.0835401 206.372
11.31 13.88 0.0831201 206.018
11.32 13.58 0.0828201 205.359
11.33 13.43 0.0823601 204.986
11.34 13.3 0.08185 204.644
11.35 13.21 0.08177 204.477
11.36 13.18 0.0819801 204.504
11.37 13.18 0.0826501 204.692
11.38 13.3 0.0829101 205.063
11.39 13.45 0.0829901 205.462
11.4 13.99 0.0829501 206.672
11.41 14.3 0.0830701 207.4
11.42 14.63 0.0832001 208.161
11.43 14.85 0.0827801 208.571
11.44 15.06 0.08097 208.66
11.45 15.17 0.08025 208.775
11.46 15.27 0.07891 208.73
11.47 15.24 0.07769 208.451
11.48 15.17 0.07672 208.146
11.49 15.14 0.07461 207.655
11.5 15.11 0.07415 207.539
11.51 15.07 0.07403 207.482
11.52 15.02 0.07276 207.134
11.53 14.99 0.07314 207.214
11.54 14.9 0.07331 207.125
11.55 14.68 0.07432 206.967
11.56 14.55 0.0736 206.584
11.57 14.44 0.07327 206.331
11.58 14.33 0.07297 206.083
11.59 14.26 0.07272 205.928
11.6 14.1 0.07344 205.812
11.61 14 0.07487 205.981
11.62 13.92 0.07567 206.042
11.63 13.86 0.07693 206.246
11.64 13.7 0.07836 206.267
11.65 13.7 0.07836 206.316
11.66 13.7 0.07836 206.365
11.67 13.19 0.06696 202.622
11.68 13.4 0.06729 203.215
11.69 13.56 0.07028 204.349
11.7 13.66 0.07146 204.897
11.71 13.78 0.07276 205.512
11.72 13.92 0.07398 206.146
11.73 14.12 0.07512 206.882
11.74 14.36 0.07655 207.759
11.75 14.63 0.07777 208.641
11.76 14.89 0.07908 209.511
11.77 15.29 0.08 210.565
11.78 15.41 0.08009 210.871
11.79 15.54 0.08046 211.257
11.8 15.65 0.0819801 211.852
11.81 15.73 0.0831201 212.301
11.82 15.77 0.0841701 212.651
11.83 15.82 0.0851401 213
11.84 15.83 0.0861001 213.269
11.85 15.86 0.0870701 213.576
11.86 15.83 0.0880801 213.773
11.87 15.83 0.0880401 213.815
11.88 15.81 0.0880801 213.834
11.89 15.78 0.088 213.809
11.9 15.83 0.0893401 214.226
11.91 15.83 0.0901401 214.435
11.92 15.87 0.0902301 214.581
11.93 15.96 0.0907301 214.905
11.94 15.99 0.0898901 214.846
11.95 15.99 0.0906901 215.055
11.96 16.01 0.0906101 215.128
11.97 16.05 0.0896401 215.063
11.98 16.1 0.0873701 214.75
11.99 16.1 0.0873701 214.8
12 16.18 0.0848401 214.478
12.01 16.35 0.0819 214.221
12.02 16.32 0.08072 213.956
12.03 16.4 0.07878 213.723
12.04 16.54 0.0792 214.129
12.05 16.65 0.07718 213.922
12.06 16.61 0.0763 213.694
12.07 16.53 0.07171 212.495
12.08 16.44 0.07129 212.273
12.09 16.51 0.06733 211.444
12.1 16.46 0.06228 210.033
12.11 16.55 0.05904 209.314
12.12 16.33 0.05643 208.174
12.13 15.73 0.05227 205.787
12.14 15.57 0.04705 203.74
12.15 14.77 0.04368 200.998
12.16 14.42 0.03943 198.652
12.17 13.93 0.03985 197.885
12.18 13.51 0.03947 196.903
12.19 13.21 0.0391 196.158
12.2 13.1 0.0412 196.822
12.21 13.1 0.04255 197.395
12.22 13.14 0.04575 198.722
12.23 13.74 0.05433 202.931
12.24 14.07 0.06199 205.919
12.25 14.39 0.06771 208.157
12.26 14.74 0.07348 210.352
12.27 15 0.07912 212.232
12.28 15.17 0.0851401 213.926
12.29 15.4 0.0875801 214.944
12.3 15.81 0.0938501 217.052
12.31 15.98 0.0951101 217.677
12.32 16.06 0.0930501 217.486
12.33 16.06 0.0917901 217.289
12.34 16 0.0878701 216.433
12.35 15.99 0.08122 215.05
12.36 15.98 0.0784 214.448
12.37 15.98 0.0784 214.496
12.38 16 0.0787 214.651
12.39 16.01 0.07941 214.879
12.4 16.05 0.08046 215.239
12.41 16.11 0.0830701 215.976
12.42 16.23 0.0852601 216.724
12.43 16.41 0.0892601 217.947
12.44 16.72 0.0979301 220.277
12.45 16.85 0.10159 221.246
12.46 16.98 0.10458 222.076
12.47 17.01 0.1066 222.536
12.48 17.02 0.10883 222.988
12.49 17.03 0.11055 223.348
12.5 16.97 0.11262 223.629
12.51 16.91 0.11422 223.827
12.52 16.84 0.1164 224.095
12.53 16.8 0.11683 224.137
12.54 16.76 0.11796 224.289
12.55 16.79 0.12019 224.747
12.56 16.84 0.12251 225.251
12.57 16.9 0.12406 225.652
12.58 17.02 0.12524 226.11
12.59 17.13 0.12608 226.496
12.6 17.17 0.12482 226.432
12.61 17.15 0.12284 226.143
12.62 17.13 0.12196 226.02
12.63 17.13 0.12196 226.07
12.64 17.13 0.12196 226.119
12.65 15.14 0.11009 220.298
12.66 16.75 0.10327 222.39
12.67 16.89 0.10433 222.895
12.68 16.93 0.10597 223.309
12.69 16.99 0.10786 223.801
12.7 17.01 0.10904 224.091
12.71 17.04 0.1106 224.462
12.72 17.13 0.11194 224.907
12.73 17.23 0.11312 225.341
12.74 17.33 0.11321 225.593
12.75 17.52 0.11253 225.883
12.76 17.55 0.11156 225.826
12.77 17.58 0.11005 225.674
12.78 17.59 0.10639 225.108
12.79 17.52 0.10428 224.652
12.8 17.4 0.10319 224.283
12.81 17.23 0.10155 223.716
12.82 16.85 0.0997401 222.714
12.83 16.67 0.10024 222.51
12.84 16.53 0.10184 222.582
12.85 16.42 0.10193 222.432
12.86 16.37 0.10163 222.328
12.87 16.33 0.10167 222.305
12.88 16.35 0.10159 222.378
12.89 16.46 0.10104 222.54
12.9 16.52 0.10058 222.62
12.91 16.54 0.0997801 222.559
12.92 16.54 0.0982701 222.325
12.93 16.51 0.0967101 222.018
12.94 16.47 0.0960401 221.86
12.95 16.41 0.0955701 221.701
12.96 16.41 0.0955701 221.748
12.97 16.4 0.0951901 221.703
12.98 16.41 0.0955301 221.836
12.99 16.42 0.0964101 222.072
13 16.42 0.0965401 222.144
13.01 16.35 0.0981401 222.359
13.02 16.3 0.0988101 222.435
13.03 16.12 0.10012 222.37
13.04 16 0.101 222.34
13.05 15.88 0.10264 222.445
13.06 15.75 0.10399 222.47
13.07 15.56 0.10525 222.352
13.08 15.39 0.10664 222.29
13.09 15.25 0.10702 222.111
13.1 14.96 0.10912 221.903
13.11 14.81 0.10997 221.771
13.12 14.71 0.1106 221.707
13.13 14.58 0.11165 221.645
13.14 14.47 0.11178 221.472
13.15 14.36 0.11173 221.267
13.16 14.29 0.11165 221.145
13.17 14.23 0.11169 221.065
13.18 14.28 0.11186 221.251
13.19 14.32 0.11178 221.374
13.2 14.36 0.11102 221.383
13.21 14.37 0.11018 221.312
13.22 14.41 0.11018 221.448
13.23 14.44 0.10976 221.49
13.24 14.52 0.10849 221.498
13.25 14.59 0.10841 221.685
13.26 14.66 0.10799 221.812
13.27 14.73 0.10694 221.831
13.28 14.77 0.10626 221.846
13.29 14.84 0.10567 221.941
13.3 14.88 0.10534 222.016
13.31 14.93 0.10492 222.095
13.32 15.06 0.10492 222.419
13.33 15.16 0.10504 222.699
13.34 15.32 0.10521 223.112
13.35 15.51 0.10483 223.488
13.36 15.7 0.10441 223.852
13.37 15.92 0.10361 224.204
13.38 16.12 0.10281 224.509
13.39 16.4 0.10146 224.866
13.4 16.51 0.10172 225.177
13.41 16.55 0.10218 225.387
13.42 16.59 0.10201 225.481
13.43 16.61 0.10176 225.521
13.44 16.59 0.1021 225.591
13.45 16.56 0.10268 225.685
13.46 16.5 0.10449 225.942
13.47 16.5 0.10449 225.989
13.48 16.38 0.10546 225.972
13.49 16.34 0.10508 225.871
13.5 16.33 0.10521 225.921
13.51 16.32 0.10622 226.127
13.52 16.37 0.10677 226.37
13.53 16.39 0.10719 226.531
13.54 16.51 0.10837 227.022
13.55 16.59 0.10853 227.255
13.56 16.7 0.10858 227.526
13.57 16.78 0.10858 227.73
13.58 16.88 0.10862 227.978
13.59 16.98 0.10795 228.101
13.6 17.08 0.10748 228.258
13.61 17.22 0.10668 228.431
13.62 17.22 0.10668 228.478
13.63 17.22 0.10668 228.525
13.64 15.94 0.0872401 222.291
13.65 17.5 0.0839201 224.62
13.66 17.63 0.0848801 225.118
13.67 17.68 0.0861001 225.523
13.68 17.68 0.0872401 225.816
13.69 17.61 0.0881201 225.922
13.7 17.52 0.0885401 225.89
13.71 17.39 0.0891301 225.818
13.72 17.3 0.0897701 225.83
13.73 17.11 0.0922101 226.021
13.74 17.02 0.0924601 225.946
13.75 16.86 0.0919101 225.572
13.76 16.67 0.0907301 225.008
13.77 16.37 0.0890901 224.125
13.78 15.98 0.0883801 223.245
13.79 15.47 0.0873201 222.026
13.8 14.83 0.0867401 220.602
13.81 14.04 0.0860601 218.77
13.82 13.08 0.0866501 216.717
13.83 11.92 0.0875801 214.071
13.84 10.75 0.0890101 211.237
13.85 8.53 0.0897701 204.502
13.86 7.58 0.0914501 201.405
13.87 6.84 0.0937601 198.9
13.88 6.24 0.0977601 197.011
13.89 5.68 0.1026 195.183
13.9 5.05 0.10769 192.72
13.91 4.46 0.11211 189.975
13.92 3.86 0.11889 187.012
13.93 3.4 0.12432 184.347
13.94 2.94 0.12911 181.133
13.95 2.83 0.1366 181.024
13.96 2.6 0.1446 179.713
13.97 2.53 0.14612 179.199
13.98 2.66 0.13955 179.843
13.99 2.87 0.12781 180.533
14 3.06 0.12537 181.951
14.01 2.74 0.10252 176.142
14.02 2.48 0.0979701 173.011
14.03 2.31 0.0942701 170.737
14.04 2.71 0.092 174.39
14.05 3.75 0.0872401 181.97
14.06 5.11 0.0819401 189.31
14.07 6.29 0.07289 193.207
14.08 6.68 0.06233 192.405
14.09 6.56 0.05669 190.433
14.1 6.06 0.04381 184.313
14.11 5.92 0.04229 183.191
14.12 5.84 0.0433 183.228
14.13 5.78 0.04915 184.931
14.14 5.78 0.0537 186.335
14.15 5.91 0.06014 188.74
14.16 6.49 0.07331 194.517
14.17 7.51 0.08375 200.902
14.18 9.05 0.0852601 206.718
14.19 10.58 0.0823201 210.846
14.2 13.55 0.08126 218.301
14.21 15.08 0.07558 220.4
14.22 16.01 0.07032 221.021
14.23 16.62 0.06687 221.329
14.24 17.05 0.06843 222.615
14.25 17.26 0.06893 223.186
14.26 17.37 0.06898 223.448
14.27 17.63 0.07104 224.519
14.28 17.63 0.07104 224.563
14.29 17.83 0.07508 226.009
14.3 17.92 0.07794 226.922
14.31 18.04 0.08055 227.808
14.32 18.15 0.0833701 228.705
14.33 18.27 0.0869001 229.758
14.34 18.42 0.0890501 230.542
14.35 18.56 0.0930101 231.675
14.36 18.68 0.0976301 232.873
14.37 18.79 0.10256 234.072
14.38 19 0.10988 235.841
14.39 19.05 0.11232 236.408
14.4 19.04 0.11485 236.874
14.41 19 0.11737 237.276
14.42 18.81 0.11952 237.337
14.43 18.6 0.12305 237.574
14.44 18.31 0.12583 237.524
14.45 18.05 0.1281 237.434
14.46 17.78 0.13033 237.305
14.47 17.27 0.13324 236.792
14.48 16.94 0.13551 236.513
14.49 16.61 0.13677 236.071
14.5 16.35 0.13841 235.814
14.51 16.15 0.13917 235.549
14.52 15.95 0.14056 235.366
14.53 15.82 0.14111 235.211
14.54 15.76 0.14237 235.301
14.55 15.77 0.14363 235.54
14.56 15.97 0.14485 236.179
14.57 16.6 0.14422 237.458
14.58 16.94 0.14367 238.122
14.59 17.27 0.14275 238.702
14.6 17.64 0.14102 239.235
14.61 17.64 0.14102 239.28
14.62 17.64 0.14102 239.326
14.63 17.04 0.12558 235.894
14.64 18.22 0.11716 236.853
14.65 18.22 0.11716 236.898
14.66 18.49 0.11699 237.417
14.67 18.63 0.11762 237.826
14.68 18.85 0.11792 238.324
14.69 19.03 0.11842 238.78
14.7 19.21 0.11863 239.185
14.71 19.36 0.11986 239.703
14.72 19.44 0.12044 239.988
14.73 19.45 0.12179 240.273
14.74 19.45 0.12179 240.319
14.75 19.41 0.1215 240.245
14.76 19.33 0.12158 240.161
14.77 19.19 0.1228 240.154
14.78 19.03 0.12575 240.384
14.79 18.88 0.12722 240.388
14.8 18.72 0.12819 240.29
14.81 18.57 0.12962 240.279
14.82 18.39 0.13172 240.308
14.83 18.07 0.13774 240.64
14.84 17.89 0.13921 240.55
14.85 17.75 0.14048 240.505
14.86 17.55 0.14073 240.193
14.87 17.36 0.14048 239.826
14.88 17.17 0.14136 239.616
14.89 17.04 0.14191 239.476
14.9 16.92 0.14237 239.341
14.91 16.82 0.14275 239.235
14.92 16.69 0.14128 238.806
14.93 16.64 0.14069 238.665
14.94 16.6 0.14027 238.567
14.95 16.59 0.13955 238.489
14.96 16.59 0.13833 238.359
14.97 16.58 0.13761 238.279
14.98 16.53 0.13639 238.043
14.99 16.4 0.13467 237.566
15 16.29 0.13366 237.231
15.01 16.2 0.1345 237.209
15.02 16.32 0.13484 237.555
15.03 16.54 0.13509 238.095
15.04 16.8 0.13522 238.693
15.05 17.05 0.13488 239.196
15.06 17.23 0.13526 239.658
15.07 17.35 0.13589 240.035
15.08 17.41 0.13732 240.407
15.09 17.63 0.13766 240.937
15.1 17.57 0.13585 240.598
15.11 17.55 0.13408 240.34
15.12 17.49 0.13324 240.14
15.13 17.4 0.13278 239.937
15.14 17.26 0.1316 239.524
15.15 17.09 0.12979 238.951
15.16 16.9 0.12857 238.423
15.17 16.63 0.12709 237.685
15.18 16.49 0.12671 237.381
15.19 16.39 0.12629 237.151
15.2 16.21 0.12512 236.634
15.21 16.06 0.12289 236.007
15.22 15.9 0.12103 235.411
15.23 15.79 0.11855 234.814
15.24 15.69 0.11754 234.475
15.25 15.66 0.11611 234.215
15.26 15.78 0.11586 234.473
15.27 15.91 0.11481 234.615
15.28 16.06 0.11481 234.975
15.29 16.24 0.11481 235.395
15.3 16.41 0.11506 235.834
15.31 16.57 0.11464 236.135
15.32 16.75 0.11417 236.465
15.33 16.92 0.11493 236.983
15.34 17.37 0.11485 237.909
15.35 17.48 0.11485 238.169
15.36 17.63 0.11367 238.3
15.37 17.85 0.11451 238.916
15.38 18.03 0.11514 239.414
15.39 18.24 0.11674 240.132
15.4 18.51 0.11851 240.986
15.41 18.83 0.11901 241.71
15.42 19.53 0.12095 243.354
15.43 19.97 0.12137 244.251
15.44 20.31 0.12276 245.122
15.45 20.6 0.12596 246.193
15.46 20.81 0.12852 247.011
15.47 20.98 0.13059 247.674
15.48 21.08 0.13303 248.27
15.49 21.11 0.13665 248.921
15.5 20.94 0.14561 249.993
15.51 20.84 0.1507 250.581
15.52 20.77 0.15373 250.92
15.53 20.75 0.15622 251.266
15.54 20.8 0.15773 251.599
15.55 20.83 0.16085 252.107
15.56 20.89 0.16291 252.524
15.57 20.93 0.16451 252.844
15.58 21.14 0.16804 253.7
15.59 21.21 0.1696 254.062
15.6 21.21 0.1696 254.107
15.61 21.21 0.1696 254.152
15.62 20.61 0.14464 249.818
15.63 20.79 0.14405 250.091
15.64 20.88 0.14405 250.291
15.65 20.9 0.14536 250.559
15.66 21.08 0.15037 251.621
15.67 21.35 0.15133 252.261
15.68 21.88 0.15558 253.782
15.69 22.7 0.16026 255.806
15.7 23.69 0.16543 258.11
15.71 24.52 0.17019 260.052
15.72 25.12 0.17191 261.223
15.73 25.51 0.17587 262.346
15.74 26.05 0.17848 263.508
15.75 26.23 0.18096 264.119
15.76 26.42 0.18454 264.872
15.77 26.72 0.18706 265.649
15.78 26.99 0.18647 266.011
15.79 27.29 0.185 266.306
15.8 27.48 0.18117 266.156
15.81 27.95 0.17052 265.512
15.82 27.95 0.17052 265.558
15.83 28.36 0.16956 266.038
15.84 28.43 0.16716 265.863
15.85 28.49 0.16674 265.935
15.86 28.45 0.16783 266.072
15.87 28.27 0.16623 265.664
15.88 28 0.16602 265.315
15.89 27.25 0.16754 264.527
15.9 27.25 0.16754 264.573
15.91 26.44 0.17654 264.622
15.92 26.1 0.17974 264.57
15.93 25.85 0.18159 264.475
15.94 25.55 0.18424 264.395
15.95 25.34 0.18551 264.278
15.96 25.17 0.18622 264.152
15.97 24.9 0.18652 263.824
15.98 24.8 0.18618 263.677
15.99 24.58 0.18521 263.27
16 24.5 0.18382 263.027
16.01 24.16 0.1813 262.243
16.02 24.04 0.17865 261.779
16.03 23.88 0.17738 261.418
16.04 23.64 0.1752 260.815
16.05 23.03 0.17318 259.629
16.06 22.62 0.17242 258.908
16.07 22.23 0.17166 258.211
16.08 21.79 0.17082 257.408
16.09 21.42 0.17095 256.834
16.1 21.11 0.16922 256.123
16.11 20.86 0.16834 255.618
16.12 20.55 0.16813 255.084
16.13 20.51 0.16699 254.913
16.14 20.55 0.1659 254.889
16.15 20.63 0.16606 255.096
16.16 20.84 0.16535 255.421
16.17 21.04 0.16329 255.55
16.18 21.27 0.16186 255.807
16.19 21.59 0.15929 256.061
16.2 21.65 0.1579 256.02
16.21 21.67 0.15605 255.847
16.22 21.6 0.15369 255.448
16.23 21.52 0.15276 255.226
16.24 21.38 0.15163 254.873
16.25 21.26 0.15096 254.616
16.26 21.05 0.15049 254.23
16.27 20.88 0.14944 253.829
16.28 20.45 0.14755 252.844
16.29 20.17 0.14675 252.272
16.3 19.94 0.14658 251.874
16.31 19.63 0.14519 251.15
16.32 19.33 0.14452 250.54
16.33 19 0.14309 249.756
16.34 18.38 0.14144 248.368
16.35 18.06 0.14001 247.573
16.36 17.77 0.13837 246.797
16.37 17.49 0.13656 246.005
16.38 17.2 0.13484 245.196
16.39 16.94 0.134 244.574
16.4 16.69 0.13328 243.982
16.41 16.49 0.13206 243.414
16.42 16.15 0.12953 242.336
16.43 16.15 0.12953 242.377
16.44 16.02 0.12667 241.687
16.45 16.01 0.12537 241.498
16.46 16.03 0.12415 241.386
16.47 16.06 0.12339 241.368
16.48 16.04 0.12188 241.119
16.49 16.02 0.12049 240.886
16.5 15.93 0.11889 240.464
16.51 15.93 0.11889 240.504
16.52 15.82 0.11708 239.998
16.53 15.82 0.11704 240.032
16.54 15.81 0.11767 240.158
16.55 15.82 0.11817 240.305
16.56 15.86 0.11893 240.561
16.57 15.89 0.1191 240.695
16.58 15.92 0.11981 240.92
16.59 16.01 0.12095 241.346
16.6 15.95 0.12011 241.116
16.61 15.95 0.12011 241.157
16.62 15.95 0.12011 241.197
16.63 15.19 0.10332 236.565
16.64 15.28 0.10184 236.522
16.65 15.17 0.10054 236.063
16.66 14.95 0.10062 235.622
16.67 14.73 0.10096 235.224
16.68 14.55 0.10264 235.17
16.69 14.28 0.10769 235.515
16.7 14.2 0.10828 235.471
16.71 14.1 0.10832 235.278
16.72 14.04 0.10807 235.127
16.73 13.96 0.10752 234.873
16.74 13.89 0.10626 234.512
16.75 13.81 0.10538 234.194
16.76 13.75 0.10412 233.852
16.77 13.61 0.10294 233.325
16.78 13.53 0.1018 232.949
16.79 13.46 0.10062 232.588
16.8 13.38 0.0997001 232.25
16.81 13.31 0.0987701 231.932
16.82 13.29 0.0975501 231.68
16.83 13.27 0.0973801 231.635
16.84 13.24 0.0971301 231.548
16.85 13.27 0.0975901 231.753
16.86 13.32 0.0974701 231.893
16.87 13.36 0.0973401 232.005
16.88 13.42 0.0975101 232.227
16.89 13.48 0.0977201 232.456
16.9 13.54 0.0979701 232.693
16.91 13.61 0.0988601 233.079
16.92 13.67 0.0994901 233.388
16.93 13.84 0.1013 234.194
16.94 13.94 0.10193 234.596
16.95 14.07 0.10256 235.069
16.96 14.19 0.10353 235.579
16.97 14.35 0.10449 236.18
16.98 14.52 0.10572 236.85
16.99 14.69 0.1063 237.394
17 14.92 0.10689 238.075
17.01 15.82 0.10769 240.279
17.02 16.19 0.10824 241.222
17.03 16.59 0.1087 242.196
17.04 16.98 0.10891 243.087
17.05 17.34 0.10954 243.979
17.06 17.72 0.11013 244.891
17.07 18.15 0.11178 246.083
17.08 18.64 0.1122 247.146
17.09 19.86 0.11422 249.824
17.1 20.51 0.11502 251.171
17.11 21.16 0.11624 252.565
17.12 21.65 0.1175 253.668
17.13 22.05 0.11838 254.537
17.14 22.33 0.12036 255.393
17.15 22.5 0.12322 256.214
17.16 22.96 0.13202 258.482
17.17 23.36 0.13698 259.964
17.18 23.82 0.14178 261.486
17.19 24.37 0.14624 263.066
17.2 24.87 0.15171 264.687
17.21 25.35 0.15567 266.029
17.22 25.78 0.1595 267.257
17.23 26.1 0.16324 268.293
17.24 26.54 0.16792 269.616
17.25 26.69 0.17233 270.461
17.26 26.68 0.17528 270.872
17.27 26.76 0.18033 271.674
17.28 26.78 0.18184 271.936
17.29 26.7 0.18706 272.503
17.3 26.74 0.18828 272.753
17.31 26.72 0.19035 273.016
17.32 26.64 0.19274 273.225
17.33 26.55 0.19317 273.187
17.34 26.5 0.19489 273.358
17.35 26.57 0.19523 273.545
17.36 26.67 0.19611 273.839
17.37 26.85 0.19556 274.085
17.38 26.96 0.19556 274.29
17.39 27.08 0.1951 274.456
17.4 27.47 0.19577 275.144
17.41 27.72 0.19304 275.225
17.42 27.85 0.19182 275.309
17.43 27.92 0.19173 275.442
17.44 27.92 0.1911 275.411
17.45 27.81 0.19085 275.268
17.46 27.76 0.19068 275.22
17.47 27.63 0.19148 275.174
17.48 27.46 0.18984 274.776
17.49 27.12 0.18904 274.231
17.5 26.96 0.1898 274.132
17.51 26.72 0.19056 273.914
17.52 26.48 0.19018 273.557
17.53 26.19 0.1887 272.989
17.54 25.87 0.18967 272.666
17.55 25.5 0.19014 272.2
17.56 25.28 0.19094 271.998
17.57 25.07 0.1922 271.864
17.58 25.09 0.1914 271.843
17.59 25.06 0.19001 271.675
17.6 24.95 0.18816 271.325
17.61 24.95 0.18816 271.368
17.62 24.95 0.18816 271.41
17.63 23.49 0.16863 266.664
17.64 23.99 0.16409 266.909
17.65 24.06 0.16278 266.885
17.66 24.1 0.16434 267.203
17.67 24.14 0.16501 267.4
17.68 24.24 0.16514 267.618
17.69 24.31 0.16505 267.76
17.7 24.31 0.16442 267.716
17.71 24.26 0.16421 267.651
17.72 24.19 0.164 267.553
17.73 24.04 0.16362 267.304
17.74 23.94 0.16265 267.053
17.75 23.82 0.1616 266.758
17.76 23.45 0.16026 266.014
17.77 23.26 0.15975 265.674
17.78 22.94 0.16034 265.267
17.79 22.69 0.16055 264.919
17.8 22.47 0.16135 264.699
17.81 22.23 0.16089 264.268
17.82 22.04 0.16181 264.108
17.83 21.83 0.16076 263.643
17.84 21.56 0.15916 262.993
17.85 20.89 0.15752 261.615
17.86 20.53 0.15508 260.663
17.87 20.17 0.15411 259.904
17.88 19.75 0.15327 259.041
17.89 19.29 0.15293 258.155
17.9 18.85 0.15213 257.227
17.91 18.31 0.15112 256.05
17.92 17.8 0.14851 254.681
17.93 17.2 0.14641 253.166
17.94 16.63 0.14523 251.809
17.95 15.69 0.14199 249.279
17.96 15.29 0.14107 248.258
17.97 14.96 0.1393 247.257
17.98 14.62 0.13686 246.116
17.99 14.32 0.13488 245.123
18 14.08 0.1332 244.31
18.01 13.73 0.12958 242.906
18.02 13.67 0.12676 242.346
18.03 13.67 0.12398 241.937
18.04 13.73 0.12166 241.747
18.05 13.8 0.11927 241.562
18.06 13.97 0.11577 241.426
18.07 14 0.11472 241.355
18.08 13.99 0.113 241.064
18.09 13.99 0.11194 240.912
18.1 14 0.1103 240.678
18.11 14.06 0.10879 240.588
18.12 14.21 0.10769 240.789
18.13 14.39 0.10668 241.074
18.14 14.5 0.10685 241.407
18.15 14.56 0.1074 241.691
18.16 14.54 0.10715 241.633
18.17 14.57 0.10774 241.852
18.18 14.56 0.10845 241.998
18.19 14.52 0.10803 241.861
18.2 14.51 0.1074 241.756
18.21 14.5 0.10588 241.482
18.22 14.48 0.10424 241.158
18.23 14.44 0.10277 240.814
18.24 14.39 0.10319 240.812
18.25 14.46 0.10483 241.333
18.26 14.51 0.10441 241.41
18.27 14.57 0.10441 241.59
18.28 14.64 0.10323 241.565
18.29 14.66 0.10252 241.51
18.3 14.66 0.1018 241.406
18.31 14.66 0.10058 241.2
18.32 14.62 0.0992801 240.881
18.33 14.54 0.0987301 240.616
18.34 14.33 0.0979701 239.995
18.35 13.56 0.0966701 237.865
18.36 13.12 0.0973401 236.91
18.37 12.62 0.0991901 235.993
18.38 12.21 0.10041 235.148
18.39 12.03 0.10134 234.861
18.4 12.14 0.10412 235.735
18.41 12.56 0.10971 237.961
18.42 13.13 0.11434 240.348
18.43 13.71 0.11998 242.856
18.44 14.04 0.12242 244.135
18.45 14.17 0.12158 244.356
18.46 14.23 0.11725 243.805
18.47 14.28 0.11615 243.773
18.48 14.28 0.11497 243.603
18.49 14.28 0.11283 243.259
18.5 14.22 0.10929 242.504
18.51 14.28 0.10449 241.782
18.52 14.33 0.0994901 240.956
18.53 14.37 0.0942701 240.01
18.54 14.4 0.0898501 239.16
18.55 14.43 0.0865701 238.529
18.56 14.41 0.0838301 237.88
18.57 14.41 0.07786 236.457
18.58 14.45 0.07457 235.739
18.59 14.58 0.07491 236.168
18.6 14.58 0.07491 236.203
18.61 14.58 0.07491 236.238
18.62 14.4 0.06653 233.535
18.63 14.68 0.06498 233.759
18.64 14.77 0.06641 234.424
18.65 14.96 0.06607 234.791
18.66 15.38 0.06561 235.627
18.67 15.59 0.06536 236.048
18.68 15.77 0.06599 236.662
18.69 15.95 0.06712 237.42
18.7 16.1 0.06889 238.291
18.71 16.21 0.07011 238.909
18.72 16.27 0.07125 239.392
18.73 16.34 0.07356 240.213
18.74 16.43 0.07571 241.016
18.75 16.55 0.07878 242.103
18.76 17.02 0.0849701 244.653
18.77 17.02 0.0849701 244.689
18.78 17.62 0.09275 247.748
18.79 17.98 0.0959501 249.21
18.8 18.36 0.0990701 250.665
18.81 18.7 0.10138 251.848
18.82 19.01 0.10399 253.017
18.83 19.31 0.10668 254.165
18.84 19.6 0.10774 254.958
18.85 19.85 0.1095 255.806
18.86 20.11 0.11194 256.794
18.87 20.34 0.11375 257.597
18.88 20.55 0.11666 258.559
18.89 20.55 0.11931 259.081
18.9 20.46 0.12305 259.621
18.91 20.42 0.12621 260.134
18.92 20.37 0.12831 260.438
18.93 20.33 0.13172 260.971
18.94 20.3 0.13559 261.583
18.95 20.23 0.1385 261.954
18.96 20.13 0.14182 262.322
18.97 20.03 0.1454 262.717
18.98 19.85 0.15016 263.118
18.99 19.82 0.15243 263.428
19 19.82 0.15567 263.928
19.01 19.86 0.16215 264.941
19.02 19.92 0.16446 265.407
19.03 19.95 0.16644 265.768
19.04 20.01 0.16657 265.939
19.05 20.06 0.16749 266.195
19.06 20.13 0.16682 266.279
19.07 20.41 0.16871 267.098
19.08 20.59 0.16901 267.515
19.09 20.79 0.16939 267.976
19.1 21.01 0.16842 268.294
19.11 21.24 0.16749 268.63
19.12 21.42 0.16678 268.901
19.13 21.57 0.16703 269.244
19.14 21.71 0.16632 269.438
19.15 21.79 0.16602 269.58
19.16 21.95 0.16392 269.617
19.17 22.04 0.1651 269.976
19.18 22.07 0.16467 270.01
19.19 22.07 0.16518 270.119
19.2 22.04 0.16438 269.996
19.21 21.89 0.1635 269.649
19.22 21.72 0.16148 269.107
19.23 21.52 0.16013 268.6
19.24 21.21 0.1616 268.282
19.25 20.61 0.16143 267.191
19.26 20.33 0.16 266.506
19.27 20.13 0.1587 265.985
19.28 19.83 0.15672 265.171
19.29 19.7 0.15739 265.053
19.3 19.56 0.15916 265.065
19.31 19.54 0.16063 265.267
19.32 19.5 0.16089 265.263
19.33 19.54 0.16202 265.534
19.34 19.51 0.16009 265.249
19.35 19.53 0.15849 265.104
19.36 19.58 0.15748 265.099
19.37 19.63 0.15622 265.057
19.38 19.71 0.15453 265.01
19.39 19.8 0.15335 265.053
19.4 19.94 0.15121 265.05
19.41 20.07 0.14923 265.046
19.42 20.17 0.14856 265.174
19.43 20.28 0.1475 265.262
19.44 20.43 0.14435 265.105
19.45 20.51 0.14346 265.156
19.46 20.63 0.14216 265.215
19.47 20.77 0.14086 265.309
19.48 20.85 0.13976 265.321
19.49 20.91 0.13959 265.441
19.5 20.98 0.13635 265.088
19.51 21.01 0.13522 264.997
19.52 20.99 0.13492 264.95
19.53 20.88 0.13526 264.842
19.54 20.81 0.13526 264.752
19.55 20.71 0.13581 264.696
19.56 20.6 0.13698 264.719
19.57 20.51 0.13804 264.76
19.58 20.43 0.1377 264.594
19.59 20.36 0.13833 264.601
19.6 20.29 0.13745 264.367
19.61 20.26 0.13884 264.57
19.62 20.25 0.1385 264.534
19.63 20.25 0.1385 264.572
19.64 20.25 0.1385 264.609
19.65 19.63 0.12604 261.406
19.66 19.84 0.12634 261.896
19.67 19.78 0.12688 261.911
19.68 19.69 0.12802 261.971
19.69 19.73 0.1276 262.013
19.7 19.8 0.1292 262.456
19.71 20.13 0.13177 263.55
19.72 20.38 0.13151 264.013
19.73 20.55 0.13177 264.409
19.74 20.64 0.13118 264.514
19.75 20.69 0.13059 264.545
19.76 20.66 0.13092 264.582
19.77 20.52 0.13181 264.509
19.78 20.34 0.13126 264.119
19.79 20.2 0.13206 264.027
19.8 20.08 0.13408 264.171
19.81 20.08 0.13408 264.208
19.82 20.2 0.13589 264.767
19.83 20.37 0.13858 265.557
19.84 20.62 0.14022 266.322
19.85 20.88 0.14182 267.092
19.86 21.12 0.14283 267.728
19.87 21.31 0.14174 267.94
19.88 21.49 0.14178 268.308
19.89 21.63 0.14153 268.557
19.9 21.78 0.14153 268.862
19.91 21.96 0.14233 269.345
19.92 22.05 0.14119 269.361
19.93 22.15 0.14153 269.628
19.94 22.31 0.14254 270.105
19.95 22.37 0.14426 270.517
19.96 22.45 0.14498 270.806
19.97 22.52 0.14582 271.096
19.98 22.57 0.14708 271.414
19.99 22.64 0.1475 271.637
20 22.9 0.14927 272.392
20.01 23.13 0.1494 272.842
20.02 23.17 0.14931 272.935
20.03 23.17 0.14948 272.998
20.04 23.1 0.14923 272.879
20.05 23.01 0.1491 272.744
20.06 22.9 0.14881 272.549
20.07 22.69 0.15053 272.486
20.08 22.69 0.15053 272.524
20.09 22.56 0.15125 272.444
20.1 22.46 0.15154 272.351
20.11 22.34 0.1507 272.053
20.12 22.22 0.14982 271.747
20.13 22.09 0.15024 271.618
20.14 21.93 0.15011 271.352
20.15 21.79 0.15083 271.247
20.16 21.67 0.15243 271.307
20.17 21.62 0.15053 270.971
20.18 21.51 0.15007 270.741
20.19 21.42 0.14885 270.431
20.2 21.4 0.14788 270.285
