0.01 0.46 0 0
0.02 0.65 0 0
0.03 1.03 0 0
0.04 1.21 0 0
0.05 1.15 0 0
0.06 1.12 0.013 28.6359
0.07 1.13 0.026 31.7047
0.08 1.14 0.029 33.2462
0.09 1.26 0.032 35.1382
0.1 1.4 0.034 36.9215
0.11 1.47 0.036 38.3622
0.12 1.57 0.037 39.7662
0.13 1.64 0.038 41.0081
0.14 1.73 0.039 42.2763
0.15 1.81 0.04 43.4679
0.16 1.88 0.041 44.5888
0.17 1.94 0.038 45.2652
0.18 2.08 0.039 46.5545
0.19 2.3 0.041 48.1486
0.2 2.4 0.036 48.6115
0.21 2.8 0.032 49.8901
0.22 4.15 0.026 52.5698
0.23 5.16 0.02 53.7335
0.24 5.07 0.034 56.6835
0.25 4.95 0.047 58.6931
0.26 5.11 0.046 59.5024
0.27 5.27 0.046 60.3975
0.28 5.73 0.049 62.0764
0.29 5.59 0.053 62.8712
0.3 5.45 0.059 63.8019
0.31 4.63 0.061 63.0666
0.32 3.87 0.063 62.1706
0.33 3.04 0.068 60.9485
0.34 2.9 0.074 61.4716
0.35 2.62 0.077 61.2717
0.36 2.47 0.085 61.7371
0.37 2.27 0.086 61.5171
0.38 2.24 0.085 61.7961
0.39 2.24 0.084 62.1827
0.4 2.29 0.066 61.5734
0.41 2.33 0.065 62.0734
0.42 2.44 0.063 62.7437
0.43 2.65 0.061 63.7395
0.44 2.8 0.047 63.2713
0.45 2.9 0.044 63.6402
0.46 2.96 0.042 63.9713
0.47 2.99 0.042 64.4484
0.48 3 0.041 64.728
0.49 2.98 0.041 65.0374
0.5 2.92 0.04 65.0786
0.51 2.83 0.04 65.1435
0.52 2.75 0.04 65.2262
0.53 2.72 0.04 65.469
0.54 2.68 0.041 65.8049
0.55 2.45 0.041 65.2923
0.56 2.31 0.041 65.0666
0.57 2.17 0.041 64.8015
0.58 1.95 0.04 63.9893
0.59 1.87 0.04 63.9074
0.6 1.81 0.04 63.9059
0.61 1.73 0.04 63.7837
0.62 1.71 0.041 64.097
0.63 1.69 0.041 64.2738
0.64 1.69 0.041 64.5558
0.65 1.7 0.041 64.8897
0.66 1.7 0.04 65.032
0.67 1.71 0.041 65.494
0.68 1.73 0.041 65.8745
0.69 1.79 0.042 66.6014
0.7 1.81 0.042 66.9754
0.71 1.84 0.041 67.2644
0.72 1.9 0.041 67.8391
0.73 2.11 0.039 68.8486
0.74 2.2 0.037 69.2225
0.75 2.3 0.035 69.6049
0.76 2.39 0.033 69.9059
0.77 2.51 0.032 70.4764
0.78 2.57 0.03 70.5906
0.79 2.62 0.029 70.8378
0.8 2.63 0.028 70.9176
0.81 2.66 0.023 70.1222
0.82 2.69 0.021 69.9441
0.83 2.71 0.02 69.9705
0.84 2.71 0.019 69.9049
0.85 2.71 0.017 69.4892
0.86 2.67 0.017 69.5664
0.87 2.64 0.017 69.6768
0.88 2.6 0.017 69.7451
0.89 2.57 0.017 69.8477
0.9 2.52 0.017 69.867
0.91 2.41 0.017 69.633
0.92 2.35 0.016 69.2416
0.93 2.28 0.016 69.1483
0.94 2.23 0.015 68.7629
0.95 2.16 0.015 68.6495
0.96 2.1 0.014 68.1784
0.97 1.98 0.014 67.7982
0.98 1.94 0.013 67.3755
0.99 1.9 0.012 66.9164
1 1.87 0.011 66.4671
1.01 1.78 0.01 65.6568
1.02 1.73 0.01 65.5673
1.03 1.69 0.01 65.5243
1.04 1.62 0.011 65.8214
1.05 1.58 0.012 66.2373
1.06 1.53 0.014 66.9586
1.07 1.54 0.015 67.5834
1.08 1.54 0.016 68.1233
1.09 1.58 0.016 68.5507
1.1 1.62 0.015 68.6034
1.11 1.64 0.015 68.8979
1.12 1.67 0.014 68.854
1.13 1.7 0.014 69.2016
1.14 1.76 0.014 69.7187
1.15 1.83 0.013 69.8498
1.16 1.91 0.014 70.8865
1.17 2.02 0.013 71.1908
1.18 2.14 0.012 71.4774
1.19 2.4 0.011 72.3126
1.2 2.52 0.01 72.4156
1.21 2.63 0.008 71.6874
1.22 2.73 0.007 71.4407
1.23 2.79 0.008 72.6299
1.24 2.78 0.008 72.756
1.25 2.75 0.008 72.8048
1.26 2.73 0.011 74.8466
1.27 2.7 0.013 75.9402
1.28 2.64 0.014 76.3293
1.29 2.61 0.014 76.3688
1.3 2.62 0.013 76.1044
1.31 2.63 0.012 75.802
1.32 2.71 0.01 75.1424
1.33 2.74 0.009 74.7614
1.34 2.73 0.009 74.8778
1.35 2.7 0.008 74.1829
1.36 2.69 0.009 75.0272
1.37 2.69 0.009 75.1802
1.38 2.69 0.009 75.3323
1.39 2.71 0.01 76.2296
1.4 2.73 0.014 78.6333
1.41 2.72 0.016 79.6272
1.42 2.72 0.018 80.5695
1.43 2.68 0.019 80.918
1.44 2.67 0.025 82.9027
1.45 2.63 0.028 83.6672
1.46 2.61 0.041 86.4346
1.47 2.6 0.041 86.5509
1.48 2.61 0.042 86.9363
1.49 2.62 0.044 87.4851
1.5 2.62 0.055 89.2904
1.51 3.07 0.054 91.3811
1.52 3.52 0.055 93.5127
1.53 4.14 0.059 96.4595
1.54 3.89 0.064 96.4219
1.55 3.6 0.066 95.7687
1.56 2.84 0.067 92.8354
1.57 2.8 0.066 92.6947
1.58 2.82 0.065 92.8356
1.59 2.85 0.063 92.8986
1.6 2.95 0.055 92.4732
1.61 3.27 0.05 93.2749
1.62 3.45 0.044 93.1632
1.63 3.71 0.039 93.3625
1.64 3.8 0.027 91.017
1.65 3.87 0.022 89.8666
1.66 3.89 0.018 88.593
1.67 3.86 0.014 86.8079
1.68 3.79 0.008 82.778
1.69 3.69 0.006 80.6426
1.7 3.58 0.005 79.2129
1.71 3.39 0.005 78.7216
1.72 3.31 0.005 78.5786
1.73 3.25 0.005 78.4983
1.74 3.21 0.006 79.6837
1.75 3.11 0.006 79.4478
1.76 3.03 0.006 79.2757
1.77 2.96 0.008 81.0508
1.78 2.89 0.008 80.8986
1.79 2.83 0.009 81.5758
1.8 2.79 0.01 82.2528
1.81 2.8 0.011 83.0782
1.82 2.8 0.011 83.2056
1.83 2.9 0.011 83.7545
1.84 2.99 0.011 84.2515
1.85 3.1 0.01 84.1487
1.86 3.19 0.011 85.2967
1.87 3.39 0.01 85.4946
1.88 3.43 0.01 85.7662
1.89 3.48 0.011 86.7572
1.9 3.52 0.011 87.0277
1.91 3.55 0.011 87.2613
1.92 3.58 0.011 87.4941
1.93 3.62 0.011 87.7608
1.94 3.65 0.012 88.6308
1.95 3.67 0.013 89.421
1.96 3.7 0.013 89.6533
1.97 3.72 0.014 90.4056
1.98 3.72 0.015 91.0541
1.99 3.69 0.016 91.5659
2 3.66 0.017 92.0489
2.01 3.59 0.017 91.9207
2.02 3.6 0.018 92.5234
2.03 3.6 0.019 93.0683
2.04 3.65 0.018 92.9617
2.05 3.78 0.018 93.5584
2.06 3.85 0.018 93.9329
2.07 3.95 0.018 94.4074
2.08 4.01 0.018 94.7395
2.09 4.05 0.018 95.0015
2.1 4.05 0.018 95.1277
2.11 4.03 0.018 95.1855
2.12 4.02 0.019 95.7062
2.13 3.99 0.019 95.7282
2.14 3.99 0.019 95.8529
2.15 4 0.019 96.0118
2.16 4.03 0.019 96.2392
2.17 4.12 0.019 96.6699
2.18 4.23 0.019 97.1615
2.19 4.49 0.019 98.1244
2.2 4.59 0.02 98.9824
2.21 4.62 0.021 99.6038
2.22 4.64 0.022 100.178
2.23 4.63 0.022 100.272
2.24 4.65 0.022 100.459
2.25 4.67 0.023 101.019
2.26 4.75 0.023 101.391
2.27 4.82 0.023 101.73
2.28 4.99 0.024 102.727
2.29 5.04 0.025 103.35
2.3 5.05 0.026 103.843
2.31 5.06 0.027 104.325
2.32 5.05 0.027 104.421
2.33 5.07 0.027 104.605
2.34 5.1 0.026 104.49
2.35 5.19 0.024 104.182
2.36 5.33 0.022 103.95
2.37 5.46 0.02 103.609
2.38 5.48 0.019 103.343
2.39 5.35 0.02 103.548
2.4 5.17 0.02 103.158
2.41 4.97 0.02 102.693
2.42 4.78 0.021 102.651
2.43 4.54 0.022 102.405
2.44 4.47 0.022 102.293
2.45 4.38 0.022 102.11
2.46 4.26 0.022 101.817
2.47 4.15 0.022 101.549
2.48 4.03 0.023 101.61
2.49 3.76 0.024 101.07
2.5 3.65 0.026 101.424
2.51 3.54 0.028 101.715
2.52 3.53 0.029 102.084
2.53 3.56 0.029 102.321
2.54 3.58 0.028 102.217
2.55 3.61 0.026 101.822
2.56 3.62 0.025 101.642
2.57 3.74 0.022 101.149
2.58 3.84 0.021 101.251
2.59 4.13 0.019 101.579
2.6 4.26 0.017 101.202
2.61 4.32 0.018 101.998
2.62 4.3 0.018 102.038
2.63 4.24 0.019 102.4
2.64 4.14 0.02 102.593
2.65 4.14 0.019 102.263
2.66 4.13 0.019 102.335
2.67 4.15 0.014 99.9412
2.68 4.09 0.012 98.5633
2.69 3.93 0.012 98.1001
2.7 3.72 0.013 98.0788
2.71 3.23 0.015 97.3552
2.72 2.99 0.018 97.8506
2.73 2.77 0.021 98.1289
2.74 2.39 0.025 97.5687
2.75 2.26 0.026 97.2008
2.76 2.16 0.026 96.6669
2.77 2.08 0.026 96.2397
2.78 2.08 0.025 96.0223
2.79 2.09 0.024 95.8585
2.8 2.24 0.02 95.4573
2.81 2.4 0.016 94.7308
2.82 2.58 0.014 94.7585
2.83 2.92 0.012 95.3273
2.84 3.02 0.012 95.8847
2.85 3.07 0.013 96.8485
2.86 3.07 0.014 97.5424
2.87 3.04 0.015 98.0604
2.88 2.97 0.015 97.8265
2.89 2.97 0.015 97.9208
2.9 3 0.015 98.1569
2.91 3.03 0.015 98.3917
2.92 3.11 0.015 98.8559
2.93 3.21 0.015 99.4019
2.94 3.26 0.014 99.147
2.95 3.32 0.014 99.5016
2.96 3.43 0.012 98.7887
2.97 3.45 0.013 99.6254
2.98 3.47 0.013 99.8016
2.99 3.48 0.014 100.554
3 3.48 0.016 101.772
3.01 3.46 0.018 102.784
3.02 3.41 0.02 103.567
3.03 3.43 0.02 103.75
3.04 3.45 0.02 103.932
3.05 3.56 0.017 103.094
3.06 3.7 0.014 102.1
3.07 3.74 0.014 102.351
3.08 3.76 0.013 101.892
3.09 3.76 0.013 101.984
3.1 3.76 0.013 102.076
3.11 3.74 0.013 102.089
3.12 3.67 0.013 101.902
3.13 3.64 0.013 101.873
3.14 3.65 0.013 102.003
3.15 3.65 0.014 102.725
3.16 3.66 0.014 102.856
3.17 3.68 0.015 103.62
3.18 3.7 0.015 103.792
3.19 3.72 0.014 103.368
3.2 3.74 0.014 103.538
3.21 3.68 0.015 103.982
3.22 3.58 0.016 104.218
3.23 3.42 0.017 104.148
3.24 3.37 0.019 104.983
3.25 3.37 0.019 105.073
3.26 3.39 0.019 105.253
3.27 3.41 0.019 105.432
3.28 3.47 0.019 105.787
3.29 3.67 0.017 105.751
3.3 3.77 0.016 105.716
3.31 3.87 0.015 105.636
3.32 3.9 0.014 105.236
3.33 3.9 0.013 104.677
3.34 3.89 0.012 104.03
3.35 3.83 0.012 103.884
3.36 3.79 0.012 103.813
3.37 3.74 0.012 103.7
3.38 3.7 0.015 105.567
3.39 3.71 0.018 107.31
3.4 3.72 0.019 107.924
3.41 3.8 0.02 108.807
3.42 3.91 0.019 108.879
3.43 4.02 0.018 108.912
3.44 4.24 0.017 109.319
3.45 4.39 0.017 109.956
3.46 4.49 0.017 110.402
3.47 4.56 0.018 111.265
3.48 4.66 0.018 111.703
3.49 4.67 0.019 112.33
3.5 4.64 0.019 112.315
3.51 4.44 0.02 112.171
3.52 4.23 0.021 111.933
3.53 4.16 0.023 112.602
3.54 4.1 0.024 112.854
3.55 3.98 0.026 113.211
3.56 3.82 0.027 112.987
3.57 3.68 0.027 112.469
3.58 3.6 0.028 112.54
3.59 3.51 0.028 112.218
3.6 3.45 0.028 112.026
3.61 3.43 0.028 112.019
3.62 3.4 0.028 111.963
3.63 3.39 0.03 112.646
3.64 3.42 0.033 113.774
3.65 3.46 0.036 114.881
3.66 3.58 0.037 115.797
3.67 3.76 0.038 116.966
3.68 4.14 0.038 118.689
3.69 4.52 0.038 120.29
3.7 5.07 0.038 122.387
3.71 6.48 0.038 126.884
3.72 7.16 0.03 126.309
3.73 7.77 0.026 126.386
3.74 8.37 0.027 128.244
3.75 8.9 0.027 129.479
3.76 9.38 0.029 131.338
3.77 9.8 0.03 132.64
3.78 10.4 0.031 134.244
3.79 10.63 0.036 136.454
3.8 10.86 0.048 140.293
3.81 11.1 0.096 149.199
3.82 11.76 0.109 152.154
3.83 12.23 0.106 152.771
3.84 12.88 0.103 153.659
3.85 13.74 0.079 151.82
3.86 16.54 0.051 150.462
3.87 17.49 0.074 156.561
3.88 19.89 0.097 163.236
3.89 19.53 0.121 165.948
3.9 21.78 0.092 164.893
3.91 24.62 0.099 168.976
3.92 26.87 0.102 171.665
3.93 27.76 0.097 171.874
3.94 31.55 0.092 174.425
3.95 34.94 0.121 181.217
3.96 28.96 0.149 179.591
3.97 29.18 0.139 178.876
3.98 26.33 0.148 177.295
3.99 26.87 0.144 177.533
4 27.41 0.139 177.643
4.01 27.08 0.157 179.264
4.02 29.77 0.165 182.605
4.03 29.75 0.173 183.434
4.04 29.93 0.183 184.581
4.05 30.72 0.194 186.305
4.06 30.97 0.201 187.202
4.07 31.65 0.183 186.455
4.08 32.48 0.179 186.935
4.09 32.69 0.184 187.666
4.1 32.55 0.18 187.334
4.11 32.91 0.176 187.408
4.12 32.93 0.141 184.123
4.13 32.95 0.138 183.934
4.14 33.51 0.135 184.167
4.15 33.73 0.13 183.886
4.16 34.48 0.114 182.587
4.17 34.44 0.119 183.332
4.18 34.41 0.124 184.06
4.19 34.75 0.146 186.967
4.2 33.16 0.177 188.834
4.21 32.54 0.184 189.055
4.22 32.72 0.174 188.452
4.23 32.9 0.164 187.798
4.24 33.57 0.185 190.367
4.25 34.29 0.189 191.415
4.26 34 0.193 191.639
4.27 33.48 0.163 188.669
4.28 33.74 0.132 185.714
4.29 34 0.125 185.198
4.3 35.15 0.173 191.311
4.31 36.04 0.161 190.98
4.32 37.13 0.148 190.585
4.33 36.82 0.106 185.261
4.34 35.87 0.131 187.966
4.35 34.92 0.139 188.287
4.36 37.41 0.146 191.064
4.37 36.24 0.14 189.65
4.38 36.65 0.161 192.301
4.39 37.05 0.156 192.219
4.4 38.84 0.15 193.021
4.41 36.68 0.162 192.789
4.42 35.39 0.158 191.519
4.43 35.5 0.154 191.317
4.44 35.61 0.141 190.122
4.45 36.41 0.135 190.161
4.46 37.28 0.151 192.715
4.47 38.27 0.167 195.193
4.48 35.5 0.172 193.688
4.49 34.62 0.16 191.95
4.5 33.74 0.164 191.752
4.51 33.28 0.168 191.875
4.52 30.55 0.152 188.069
4.53 30.72 0.135 186.486
4.54 30.54 0.108 183.013
4.55 32.14 0.106 184.19
4.56 33.75 0.111 186.317
4.57 35.16 0.116 188.221
4.58 34.68 0.108 186.849
4.59 34.59 0.1 185.699
4.6 34.7 0.118 188.474
4.61 34.13 0.136 190.374
4.62 33.55 0.146 191.145
4.63 33.27 0.144 190.81
4.64 32.64 0.142 190.178
4.65 30.97 0.159 190.643
4.66 31.81 0.156 191.19
4.67 29.78 0.152 189.087
4.68 27.67 0.153 187.31
4.69 27.86 0.14 186.225
4.7 28.04 0.14 186.509
4.71 27.28 0.153 187.26
4.72 26.03 0.167 187.47
4.73 24.56 0.183 187.438
4.74 21.42 0.17 182.766
4.75 20.84 0.158 181.046
4.76 20.46 0.148 179.692
4.77 20.82 0.155 180.943
4.78 21.18 0.139 179.858
4.79 21.08 0.144 180.37
4.8 21.67 0.11 177.178
4.81 22.26 0.122 179.508
4.82 23.12 0.109 178.909
4.83 26.19 0.107 181.975
4.84 27.26 0.105 182.845
4.85 28.03 0.106 183.83
4.86 28.8 0.102 184.065
4.87 31.07 0.127 189.62
4.88 32.8 0.152 194.095
4.89 33.74 0.155 195.314
4.9 34.58 0.149 195.475
4.91 35.78 0.142 195.764
4.92 36.83 0.116 193.411
4.93 36.52 0.116 193.284
4.94 36.97 0.12 194.282
4.95 37.42 0.125 195.393
4.96 37.9 0.2 203.672
4.97 39.28 0.278 210.528
4.98 41.78 0.258 211.21
4.99 40.21 0.252 209.754
5 40.95 0.263 211.172
5.01 44.71 0.275 214.775
5.02 42.94 0.294 214.838
5.03 42.93 0.26 212.763
5.04 43.29 0 0
5.05 43.65 0 0
5.06 43.81 0 0
5.07 43.12 0 0
5.08 43.69 0 0
5.09 44.25 0 0
5.1 46.48 0 0
