0.00974978 5.5624e-08 0 0
0.0197497 0.055 0 0
0.0297495 0.10936 0 0
0.0397495 0.13488 0 0
0.0497494 0.16404 0 0
0.0597493 0.21508 0 0
0.0697492 0.25153 0.0014 20.0062
0.079749 0.25882 0.0013 20.7228
0.0897487 0.32444 0.002 22.9302
0.0997484 0.31715 -0.0017 -nan
0.109748 0.38276 0.0019 24.7276
0.119748 0.41557 0.0059 28.1706
0.129748 0.42286 0.0032 27.4448
0.139747 0.45203 0.0024 27.6185
0.149747 0.47025 0.0031 28.9244
0.159746 0.50306 0.0044 30.6154
0.169746 0.56503 0.0028 30.4933
0.179746 0.53952 0.0054 32.5055
0.189745 0.57597 0.0061 33.6501
0.199745 0.60149 0.0067 34.6169
0.209745 0.67804 0.0021 32.4158
0.219744 0.71814 0.0059 36.0828
0.229744 0.79105 0.0072 37.663
0.239743 0.84573 0.0075 38.6113
0.249743 0.89676 0.0091 40.022
0.259743 1.0025 0.0135 42.4875
0.269742 1.2577 0.0094 43.0452
0.279742 1.2905 0.0112 44.2854
0.289741 1.4071 0.0113 45.3139
0.299741 1.5165 -0.0006 -nan
0.30974 1.7607 0.0153 48.8945
0.319739 1.9321 0.0034 44.1122
0.329739 2.1544 0.0199 52.3519
0.339738 2.0122 0.0067 47.7457
0.349735 2.2346 0.0197 53.4517
0.359734 2.4679 0.0241 55.5725
0.369728 2.9382 0.0274 58.0382
0.379725 2.9236 0.0506 61.4876
0.389724 3.0694 0.0301 59.7311
0.399723 3.5433 0.0314 61.6263
0.409722 4.1958 0.0282 63.0139
0.419722 4.5057 0.0362 65.4376
0.42972 4.5932 0.0403 66.6422
0.439717 4.7317 0.0438 67.8255
0.449716 4.6333 0.0474 68.4932
0.459715 5.1072 0.0249 66.2418
0.469714 5.3514 0.0199 65.8493
0.479714 5.9857 0.0322 70.063
0.489713 6.168 0.0263 69.5893
0.499701 6.2555 0.0549 74.551
0.5097 6.2628 0.0294 71.1791
0.519699 6.5617 0.0532 75.6908
0.529693 6.2664 0.0323 72.5158
0.539692 6.2445 0.0322 72.8383
0.549689 6.0076 0.0311 72.594
0.559688 6.0003 0.0494 75.8092
0.569743 5.4681 0.038 73.5501
0.579742 5.3915 0.0481 75.2173
0.589742 4.7353 0.0487 74.253
0.599741 4.7791 0.0455 74.2787
0.609741 4.8374 0.0461 74.8328
0.61974 4.79 0.0499 75.5618
0.62974 4.225 0.0476 74.2473
0.639739 4.0646 0.0474 74.1327
0.649738 3.9625 0.0522 74.7785
0.659738 3.7912 0.0555 75.0019
0.669737 3.8605 0.0524 75.1527
0.679737 3.7839 0.055 75.5492
0.689736 3.7329 0.0496 75.0603
0.699736 3.7183 0.0514 75.5425
0.709735 3.5761 0.0494 75.1678
0.719735 3.536 0.0507 75.5013
0.72968 3.4011 0.0486 75.1017
0.739679 3.3683 0.048 75.2035
0.749678 3.248 0.0464 74.879
0.759678 3.2262 0.0448 74.8636
0.769677 3.1605 0.0456 75.0244
0.779677 3.084 0.0457 75.0425
0.789676 2.9637 0.0448 74.7548
0.799675 2.8434 0.0424 74.2296
0.809675 2.7705 0.041 74.0014
0.819674 2.7267 0.0418 74.2034
0.829674 2.6866 0.0407 74.1306
0.839673 2.4789 0.0385 73.182
0.849672 2.4205 0.0362 72.7975
0.859672 2.3804 0.0352 72.6896
0.869671 2.4023 0.0329 72.6105
0.87967 2.4132 0.0312 72.5681
0.88967 2.3294 0.0263 71.4047
0.899669 2.3185 0.0287 72.1005
0.909668 2.3622 0.0287 72.5171
0.919668 2.4424 0.0276 72.8512
0.929667 2.4861 0.0273 73.1908
0.939666 2.5518 0.0268 73.5718
0.949665 2.5919 0.026 73.7682
0.959665 2.683 0.026 74.3523
0.969664 2.7085 0.0259 74.6445
0.979663 2.7085 0.0257 74.8095
0.989663 2.7887 0.0252 75.2138
0.999662 2.8179 0.0245 75.3607
1.00966 2.8361 0.0243 75.588
1.01966 2.8835 0.0243 75.9765
1.02966 2.9017 0.0241 76.1996
1.03966 2.9272 0.0244 76.5797
1.04966 2.9345 0.0243 76.785
1.05966 2.9455 0.0251 77.237
1.06966 2.9345 0.0254 77.4738
1.07966 2.9236 0.0277 78.1948
1.08966 2.9017 0.0254 77.7478
1.09965 2.8543 0.0252 77.7098
1.10965 2.8215 0.0274 78.3195
1.11965 2.7814 0.0248 77.7062
1.12965 2.6976 0.0244 77.4512
1.13965 2.6538 0.0247 77.5372
1.14965 2.5882 0.0223 76.7902
1.15965 2.5481 0.0219 76.6869
1.16965 2.5226 0.0217 76.7003
1.17965 2.4716 0.0209 76.417
1.18965 2.4424 0.0212 76.5563
1.19965 2.4242 0.0216 76.7714
1.20965 2.3914 0.0218 76.8568
1.21965 2.3768 0.0217 76.9356
1.22964 2.3622 0.0219 77.1008
1.23964 2.3549 0.0216 77.1516
1.24964 2.3622 0.0214 77.2987
1.25964 2.3622 0.022 77.6486
1.26964 2.3987 0.022 77.9915
1.27964 2.4169 0.0214 78.0671
1.28964 2.446 0.0212 78.31
1.29964 2.4934 0.0201 78.3474
1.30964 2.5153 0.02 78.5808
1.31964 2.5372 0.0199 78.8127
1.32964 2.5809 0.0149 77.2894
1.33964 2.5992 0.02 79.4516
1.34964 2.6247 0.0202 79.7941
1.35964 2.6538 0.0198 79.9519
1.36964 2.7267 0.0171 79.4531
1.37963 2.7778 0.0204 81.0077
1.38963 2.8397 0.0203 81.3952
1.39963 2.9819 0.0205 82.2005
1.40963 3.0475 0.0205 82.6219
1.41963 3.1022 0.0214 83.294
1.42963 3.1605 0.0226 84.0614
1.43963 3.2517 0.0233 84.7851
1.44963 3.2772 0.0239 85.2241
1.45963 3.3027 0.0224 85.0227
1.46963 3.3173 0.023 85.426
1.47963 3.3355 0.0243 86.0474
1.48963 3.3537 0.0252 86.5377
1.49963 3.361 0.014 82.5867
1.50962 3.3829 0.0262 87.2497
1.51962 3.4121 0.0255 87.3212
1.52962 3.569 0.0248 87.8451
1.53962 3.726 0.0215 87.5058
1.54962 3.8823 0.0257 89.5026
1.55962 4.1958 0.0264 90.8741
1.56962 4.5458 0.027 92.2644
1.57962 4.7244 0.0278 93.1678
1.58962 4.9103 0.028 93.9075
1.59962 5.0197 0.0292 94.7004
1.60962 5.1363 0.0304 95.4983
1.61962 5.1764 0.0306 95.8223
1.62962 5.2238 0.0315 96.3445
1.63962 5.2931 0.0315 96.6918
1.64961 5.3769 0.0322 97.2524
1.65961 5.4972 0.0323 97.752
1.66961 5.6576 0.0324 98.3471
1.67961 6.044 0.033 99.604
1.68961 6.2336 0.0338 100.413
1.69961 6.4049 0.034 101.021
1.70961 6.558 0.0346 101.679
1.71961 6.6783 0.0356 102.353
1.72961 6.7731 0.0438 104.513
1.73961 6.8934 0.0383 103.781
1.74961 6.9043 0.0395 104.238
1.75961 6.908 0.0407 104.671
1.76961 6.8825 0.0426 105.179
1.7796 6.8424 0.0535 107.27
1.7896 6.7731 0.0462 105.978
1.7996 6.5763 0.0476 105.955
1.8096 6.4487 0.0485 105.985
1.8196 6.3101 0.0564 107.153
1.8296 6.1643 0.0564 106.955
1.8396 6.0149 0.0506 105.78
1.8496 5.7269 0.0512 105.297
1.8596 5.5774 0.051 105.02
1.8696 5.4353 0.0516 104.889
1.8796 5.3113 0.0506 104.525
1.8896 5.0889 0.0504 104.003
1.8996 4.9942 0.0498 103.771
1.9096 4.914 0.0495 103.628
1.91959 4.8411 0.0478 103.255
1.92959 4.7754 0.0469 103.038
1.93959 4.7353 0.0452 102.745
1.94959 4.7281 0.0435 102.541
1.95959 4.7463 0.0426 102.566
1.96959 4.79 0.042 102.725
1.97959 4.8411 0.0405 102.716
1.98959 5.0343 0.0391 103.139
1.99959 5.1509 0.0386 103.513
2.00959 5.2785 0.0385 104
2.01959 5.4826 0.0386 104.737
2.02959 5.5701 0.0443 106.332
2.03959 5.6358 0.0397 105.688
2.04959 5.6831 0.0401 106.048
2.05958 5.6977 0.0403 106.275
2.06958 5.6831 0.0465 107.653
2.07958 5.643 0.0416 106.694
2.08958 5.5701 0.042 106.722
2.09958 5.3952 0.0424 106.458
2.10958 5.304 0.0508 107.948
2.11958 5.2202 0.0432 106.398
2.12958 5.1254 0.043 106.216
2.13958 4.9614 0.043 105.857
2.14958 4.8812 0.0425 105.643
2.15958 4.7937 0.0427 105.546
2.16958 4.7025 0.0427 105.389
2.17958 4.4802 0.0421 104.668
2.18958 4.3635 0.042 104.383
2.19957 4.2213 0.0415 103.914
2.20957 4.0719 0.0407 103.339
2.21957 3.7839 0.0404 102.319
2.22957 3.649 0.0406 101.954
2.23957 3.5214 0.0403 101.497
2.24957 3.3027 0.0405 100.73
2.25957 3.2043 0.0397 100.249
2.26957 3.0913 0.0398 99.8759
2.27957 2.8726 0.0428 99.5471
2.28957 2.7523 0.0377 98.016
2.29957 2.632 0.0366 97.2654
2.30957 2.519 0.0379 97.0508
2.31957 2.2929 0.0344 95.0907
2.32957 2.2055 0.0335 94.4646
2.33957 2.1362 0.0365 94.8175
2.34956 2.0086 0.0307 92.7468
2.35956 1.9649 0.0301 92.4108
2.36956 1.9321 0.0334 93.0978
2.37956 1.8628 0.0262 90.8637
2.38956 1.83 0.0244 90.2016
2.39956 1.7899 0.0229 89.5448
2.40956 1.6805 0.0196 87.6951
2.41956 1.6222 0.0188 87.0485
2.42956 1.5602 0.0182 86.4272
2.43956 1.4253 0.0179 85.2885
2.44956 1.3488 0.0175 84.5507
2.45956 1.2613 0.0176 83.8727
2.46956 1.1775 0.0177 83.1794
2.47956 1.0171 0.0287 84.8809
2.48956 0.94051 0.0268 83.5458
2.49956 0.87854 0.0237 81.9793
2.50955 0.76917 0.0218 79.9563
2.51955 0.73272 0.0213 79.3338
2.52955 0.68898 0.0215 78.7816
2.53955 0.5942 0.02 76.7419
2.54955 0.56503 0.0146 74.2997
2.55955 0.55774 0.0192 75.9529
2.56955 0.54316 0.0194 75.8111
2.57955 0.53587 0.0193 75.7129
2.58955 0.55045 0.0181 75.6827
2.59955 0.5942 0.0184 76.7076
2.60955 0.63794 0.0238 79.2579
2.61955 0.77282 0.0265 82.2966
2.62955 0.8275 0.0306 84.2006
2.63955 0.88947 0.0337 85.8572
2.64955 0.93686 0.0388 87.6136
2.65955 0.95144 0.0405 88.2148
2.66954 0.87854 0.0422 87.5982
2.67954 0.79105 0.0446 86.773
2.68954 0.74366 0.0458 86.284
2.69954 0.71085 0.047 85.9985
2.70954 0.67804 0.0486 85.7416
2.71954 0.62336 0.0498 84.9688
2.72954 0.60149 0.0508 84.7593
2.73954 0.57597 0.051 84.3451
2.74954 0.55045 0.0506 83.8264
2.75954 0.54316 0.0511 83.8186
2.76954 0.53952 0.0508 83.7807
2.77954 0.52129 0.0461 82.7793
2.78954 0.514 0.0442 82.405
2.79954 0.50671 0.0428 82.0974
2.80954 0.50306 0.04 81.6325
2.81954 0.50306 0.0393 81.5932
2.82954 0.49577 0.039 81.4501
2.83953 0.49213 0.0374 81.1602
2.84953 0.48848 0.0369 81.0617
2.85953 0.48484 0.036 80.8869
2.86953 0.47025 0.0355 80.5163
2.87953 0.46296 0.0346 80.2414
2.88953 0.45932 0.0329 79.892
2.89953 0.45567 0.0322 79.7341
2.90953 0.44474 0.0315 79.3866
2.91953 0.44109 0.031 79.2625
2.92953 0.4338 0.031 79.1478
2.93953 0.43015 0.0308 79.0838
2.94953 0.42651 0.0303 78.9541
2.95953 0.43015 0.0298 79.0158
2.96953 0.43745 0.0291 79.1251
2.97953 0.44838 0.0293 79.5264
2.98952 0.44838 0.03 79.757
2.99952 0.44474 0.0302 79.7815
3.00952 0.44474 0.0309 80.0077
3.01952 0.45567 0.0316 80.5119
3.02952 0.46296 0.0331 81.0826
3.03952 0.4739 0.0338 81.5722
3.04952 0.4739 0.0345 81.7861
3.05952 0.4739 0.0359 82.132
3.06952 0.48119 0.0364 82.4823
3.07952 0.48119 0.0366 82.5945
3.08952 0.48119 0.0366 82.669
3.09952 0.48119 0.0371 82.8368
3.10952 0.48119 0.0373 82.9481
3.11952 0.48119 0.0387 83.277
3.12952 0.4739 0.0394 83.2923
3.13951 0.47754 0.0408 83.7009
3.14951 0.48484 0.0412 84.0263
3.15951 0.49213 0.0424 84.4829
3.16951 0.50671 0.0434 85.0782
3.17951 0.514 0.0441 85.4417
3.18951 0.53587 0.0451 86.1916
3.19951 0.54316 0.0455 86.4982
3.20951 0.55045 0.0482 87.1567
3.21951 0.55045 0.047 87.0493
3.22951 0.54681 0.0475 87.1178
3.23951 0.53952 0.0475 87.0244
3.24951 0.53587 0.048 87.0897
3.25951 0.53587 0.0478 87.1339
3.26951 0.53223 0.0466 86.9384
3.27951 0.49942 0.0454 86.0317
3.2895 0.51764 0.0433 86.2097
3.2995 0.51035 0.0419 85.8712
3.3095 0.50306 0.0404 85.5059
3.3195 0.48119 0.0374 84.4875
3.3295 0.47754 0.0355 84.0999
3.3395 0.47025 0.0324 83.3478
3.3495 0.47025 0.0307 83.0439
3.3595 0.46661 0.0277 82.3125
3.3695 0.46661 0.0253 81.7617
3.3795 0.46661 0.0234 81.2993
3.3895 0.46296 0.0227 81.069
3.3995 0.46296 0.0215 80.7697
3.4095 0.45567 0.0205 80.3321
3.4195 0.45203 0.0201 80.1732
3.4295 0.44838 0.0194 79.9087
3.43949 0.45203 0.0187 79.8224
3.44949 0.44474 0.0203 80.2463
3.45949 0.44474 0.0201 80.2447
3.46949 0.45567 0.0201 80.5904
3.47949 0.46296 0.0204 80.9392
3.48949 0.46661 0.0206 81.1613
3.49949 0.46296 0.0209 81.2317
3.50949 0.45567 0.0209 81.1106
3.51949 0.44109 0.0204 80.6329
3.52949 0.4338 0.0197 80.2696
3.53949 0.42286 0.0193 79.9013
3.54949 0.41557 0.0185 79.4836
3.55949 0.40828 0.0178 79.0891
3.56949 0.3937 0.0176 78.6634
3.57949 0.38276 0.0173 78.2937
3.58948 0.38276 0.0171 78.2787
3.59948 0.37912 0.0168 78.1164
3.60948 0.37912 0.0166 78.0988
3.61948 0.38276 0.0166 78.2665
3.62948 0.39006 0.0159 78.2589
3.63948 0.39735 0.0155 78.3616
3.64948 0.40464 0.0145 78.1919
3.65948 0.41557 0.0143 78.4616
3.66948 0.41557 0.0143 78.5211
3.67948 0.41193 0.0148 78.7058
3.68948 0.40099 0.015 78.5482
3.69948 0.39006 0.0157 78.5928
3.70948 0.38641 0.0162 78.7505
3.71948 0.38276 0.0164 78.7822
3.72947 0.37912 0.0167 78.8515
3.73947 0.37183 0.0172 78.8832
3.74947 0.37547 0.0169 78.937
3.75947 0.37547 0.0172 79.1112
3.76947 0.37183 0.017 78.9817
3.77947 0.37183 0.0167 78.9229
3.78947 0.36818 0.017 78.9857
3.79947 0.36089 0.0175 79.0066
3.80947 0.3536 0.018 79.0174
3.81947 0.34996 0.018 78.9572
3.82947 0.34267 0.0182 78.8479
3.83947 0.33537 0.018 78.5885
3.84946 0.32444 0.0182 78.343
3.85946 0.32079 0.0182 78.2719
3.86946 0.31715 0.0185 78.3061
3.87946 0.30986 0.0187 78.1702
3.88946 0.30986 0.019 78.3298
3.89946 0.30621 0.0187 78.1486
3.90946 0.29892 0.0187 77.9334
3.91946 0.29528 0.0187 77.8512
3.92946 0.28798 0.0185 77.5567
3.93946 0.28434 0.0183 77.3994
3.94946 0.27705 0.018 77.0588
3.95945 0.26976 0.0175 76.6376
3.96945 0.26976 0.0173 76.6181
3.97945 0.26611 0.0173 76.5214
3.98945 0.26611 0.0168 76.3882
3.99945 0.26611 0.0168 76.4414
4.00945 0.26976 0.0163 76.4522
4.01945 0.2734 0.0163 76.653
4.02945 0.27705 0.0159 76.6939
4.03945 0.28069 0.0156 76.7694
4.04945 0.28069 0.0154 76.7397
4.05945 0.28434 0.0152 76.8517
4.06944 0.28798 0.0152 77.0453
4.07944 0.29163 0.0149 77.1098
4.08944 0.28798 0.0149 77.0225
4.09944 0.28434 0.0147 76.8473
4.10944 0.28069 0.0146 76.7129
4.11944 0.28069 0.0144 76.6767
4.12944 0.28069 0.0146 76.8165
4.13944 0.28069 0.0146 76.8681
4.14944 0.28798 0.0148 77.2917
4.15944 0.29163 0.0151 77.6133
4.16944 0.29892 0.0156 78.1533
4.17944 0.30621 0.0158 78.5604
4.18943 0.30986 0.0165 79.0314
4.19943 0.30986 0.0165 79.0838
4.20943 0.31715 0.0174 79.7531
4.21943 0.32444 0.0177 80.1813
4.22943 0.32444 0.0182 80.4203
4.23943 0.32444 0.0182 80.4731
4.24943 0.32808 0.0198 81.2227
4.25943 0.32444 0.0203 81.3138
4.26943 0.32808 0.0207 81.6301
4.27943 0.32808 0.0215 81.9413
4.28943 0.32444 0.0222 82.0814
4.29943 0.32808 0.0231 82.5391
4.30942 0.33173 0.0236 82.8716
4.31942 0.33537 0.0241 83.2004
4.32942 0.33902 0.0241 83.3838
4.33942 0.34267 0.0239 83.5081
4.34942 0.34267 0.0234 83.4147
4.35942 0.33537 0.0237 83.2978
4.36942 0.32808 0.0235 83.0289
4.37942 0.32079 0.023 82.6653
4.38942 0.30986 0.0227 82.216
4.39942 0.29892 0.0225 81.783
4.40942 0.28798 0.0223 81.336
4.41941 0.28798 0.0211 81.0136
4.42941 0.28069 0.0206 80.6047
4.43941 0.27705 0.0196 80.1712
4.44941 0.27705 0.0189 79.979
4.45941 0.27705 0.0167 79.2092
4.46941 0.27705 0.0157 78.8523
4.47941 0.28069 0.0152 78.8372
4.48941 0.29163 0.0142 78.8738
4.49941 0.30257 0.0137 79.1059
4.50941 0.31715 0.0128 79.2438
4.51941 0.32444 0.0125 79.3957
4.52941 0.37547 0.0125 81.1333
4.5394 0.38641 0.0118 81.1296
4.5494 0.40099 0.0111 81.1991
4.5594 0.43745 0.0111 82.2733
4.5694 0.46661 0.0122 83.7478
4.5794 0.53223 0.0132 85.9632
4.5894 0.57232 0.0139 87.2941
4.5994 0.57962 0.0132 87.1311
4.6094 0.59784 0.0127 87.2922
4.6194 0.5942 0.0117 86.6746
4.6294 0.56868 0.0131 86.9945
4.6394 0.50306 0.0134 85.6845
4.6494 0.47025 0.0143 85.3677
4.65939 0.44838 0.0151 85.22
4.66939 0.45203 0.0156 85.6021
4.67939 0.46296 0.0161 86.1741
4.68939 0.48484 0.0158 86.6648
4.69939 0.49213 0.0158 86.9027
4.70939 0.49213 0.0161 87.0902
4.71939 0.48119 0.0165 87.0375
4.72939 0.47025 0.0165 86.8008
4.73939 0.45567 0.0155 86.0102
4.74939 0.44838 0.0151 85.6744
4.75939 0.45203 0.0149 85.7295
4.76939 0.44838 0.0151 85.7745
4.77938 0.44838 0.0144 85.4862
4.78938 0.44838 0.0147 85.6828
4.79938 0.45567 0.0149 86.0285
4.80938 0.47754 0.015 86.7095
4.81938 0.4739 0.0143 86.3202
4.82938 0.45932 0.0144 86.032
4.83938 0.46296 0.013 85.4491
4.84938 0.45932 0.0123 85.0087
4.85938 0.42286 0.0122 83.9933
4.86938 0.40464 0.0117 83.2197
4.87938 0.37912 0.0117 82.4898
4.88937 0.35725 0.012 82.0061
4.89937 0.32808 0.0125 81.3282
4.90937 0.3135 0.0129 81.0555
4.91937 0.3135 0.0132 81.2566
4.92937 0.32079 0.0136 81.7749
4.93937 0.34267 0.0113 81.3386
4.94937 0.34996 0.0148 83.4847
4.95937 0.34267 0.0146 83.1846
4.96937 0.32079 0.0149 82.5837
4.97937 0.32444 0.0173 83.7994
4.98937 0.33902 0.0165 84.0469
4.99936 0.38641 0.0162 85.5624
5.00936 0.46661 0.0171 88.3633
5.01936 0.48119 0.0167 88.6302
5.02936 0.45567 0.0167 87.9861
5.03936 0.41193 0.0164 86.6339
5.04936 0.3937 0.0167 86.2485
5.05936 0.48484 0.0177 89.354
5.06936 0.52858 0.0173 90.35
5.07936 0.50671 0.0172 89.8078
5.08936 0.51035 0.017 89.8621
5.09936 0.4739 0.0167 88.8252
5.10936 0.40828 0.0167 86.9864
5.11935 0.36818 0.0169 85.8326
5.12935 0.3135 0.0169 83.9138
5.13935 0.29163 0.0166 82.9658
5.14935 0.32808 0.0174 84.7617
5.15935 0.33902 0.0172 85.1271
5.16935 0.34996 0.017 85.4801
5.17935 0.36454 0.016 85.5974
5.18935 0.37912 0.0157 85.9928
5.19935 0.39006 0.0155 86.2999
5.20935 0.38641 0.0143 85.653
5.21935 0.33902 0.0123 83.0515
5.22934 0.32808 0.0114 82.183
5.23934 0.33902 0.0111 82.4328
5.24934 0.34631 0.0111 82.7296
5.25934 0.35725 0.0111 83.1449
5.26934 0.36818 0.0111 83.5506
5.27934 0.38276 0.0111 84.0635
5.28934 0.40464 0.0109 84.6555
5.29934 0.41922 0.0109 85.1328
5.30934 0.42651 0.0104 85.0562
5.31934 0.43015 0.0092 84.3402
5.32934 0.43745 0.0083 83.8675
5.33933 0.44109 0.0081 83.8411
5.34933 0.44474 0.0083 84.155
5.35933 0.44109 0.0081 83.9283
5.36933 0.43745 0.008 83.785
5.37933 0.42651 0.0082 83.695
5.38933 0.41193 0.0083 83.4039
5.39933 0.40828 0.0091 83.9805
5.40933 0.40464 0.0097 84.3624
5.41933 0.40828 0.011 85.4037
5.42933 0.41557 0.0122 86.4066
5.43932 0.42651 0.0128 87.1222
5.44932 0.46661 -0.0032 -nan
5.45932 0.56503 0.0113 89.8787
5.46932 0.93686 0.0109 96.4269
5.47932 1.2577 0.01 99.9362
5.48932 1.6404 0.0097 103.623
5.49932 2.0779 0.0088 106.4
5.50932 2.5408 0.0087 109.478
5.51932 3.2006 0.009 113.556
5.52932 3.9078 0.0104 118.341
5.53932 3.999 0.0117 119.964
5.54931 4.1156 0.0135 121.966
5.55931 4.1375 0.0148 123.058
5.56931 4.0938 0.02 126.05
5.57931 4.0063 0.0191 125.24
5.58931 3.9589 0.0206 125.877
5.59931 3.8677 0.0231 126.72
5.60931 3.8058 0.0244 127.066
5.61931 3.6709 0.0271 127.579
5.62931 3.6162 0.0286 127.939
5.6393 3.5032 0.031 128.275
5.6493 3.4522 0.0315 128.238
5.6593 3.4157 0.0325 128.439
5.6693 3.3282 0.0332 128.25
5.6793 3.2918 0.0337 128.269
5.6893 3.2116 0.033 127.653
5.6993 3.1751 0.033 127.506
5.7093 3.135 0.0337 127.557
5.7193 3.1168 0.0342 127.669
5.72929 3.1168 0.0347 127.885
5.73929 3.1204 0.0344 127.876
5.74929 3.1168 0.0348 128.04
5.75929 3.0986 0.0342 127.808
5.76929 3.084 0.0339 127.689
5.77929 3.084 0.0332 127.529
5.78929 3.0658 0.0315 126.926
5.79929 3.0475 0.0306 126.571
5.80929 3.1132 0.0324 127.627
5.81928 3.1533 0.0277 126.266
5.82928 3.2298 0.0271 126.533
5.83928 3.259 0.0246 125.741
5.84928 3.2735 0.0237 125.491
5.85928 3.2808 0.0223 124.956
5.86928 3.2517 0.0227 125.04
5.87928 3.1715 0.0231 124.832
5.88928 3.1241 0.0261 125.893
5.89928 3.0767 0.0277 126.299
5.90927 2.9965 0.0301 126.752
5.91927 2.9746 0.0337 127.874
5.92927 2.9783 0.0353 128.451
5.93927 3.0147 0.0372 129.299
5.94927 3.0548 0.0365 129.401
5.95927 3.1168 0.0349 129.354
5.96927 3.1277 0.0322 128.614
5.97927 3.1241 0.0328 128.851
5.98927 3.0986 0.0344 129.27
5.99926 3.1095 0.0349 129.551
6.00926 3.2444 0.035 130.437
6.01926 3.3756 0.033 130.603
6.02926 3.5032 0.0291 129.996
6.03926 3.6928 0.0257 129.699
6.04926 3.773 0.0291 131.513
6.05926 3.8167 0.0166 125.779
6.06926 3.7693 0.0149 124.486
6.07925 3.7256 0.0229 128.86
6.08925 3.6272 0.0136 122.975
6.09925 3.5579 0.014 122.986
6.10925 3.474 0.0169 124.555
6.11925 3.2699 0.0164 123.222
6.12925 3.1423 0.018 123.526
6.13925 3.0111 0.0047 109.842
6.14925 2.7596 0.0251 124.751
6.15924 2.6575 0.0286 125.487
6.16924 2.57 0.0329 126.405
6.17924 2.4825 0.0407 128.08
6.18924 2.5007 0.0427 128.785
6.19924 2.5882 0.0433 129.633
6.20924 2.9819 0.0457 132.958
6.21924 3.2553 0.045 134.536
6.22923 3.5652 0.0403 135.124
6.23923 3.8787 0.0328 134.51
6.24923 4.4656 0.029 135.929
6.25923 4.688 0.0281 136.586
6.26923 4.8994 0.0261 136.675
6.27923 5.2639 0.025 137.662
6.28923 5.4207 0.0246 138.12
6.29922 5.5337 0.0333 142.129
6.30922 5.6321 0.0252 139.285
6.31922 5.6175 0.0257 139.522
6.32922 5.5993 0.0382 144.196
6.33932 5.5519 0.028 140.407
6.34932 5.4972 0.029 140.679
6.35932 5.428 0.0392 144.051
6.36931 5.2056 0.034 141.562
6.37931 5.0598 0.0353 141.487
6.38931 4.8957 0.0435 143.347
6.39931 4.5385 0.0412 141.214
6.40931 4.3708 0.0423 140.82
6.41931 4.2031 0.0441 140.576
6.42931 3.9334 0.0468 139.99
6.4393 3.7839 0.048 139.565
6.4493 3.6745 0.0491 139.299
6.4593 3.4886 0.0342 134.222
6.4693 3.4048 0.0482 137.685
6.4793 3.3319 0.048 137.268
6.4893 3.2772 0.0243 129.456
6.49929 3.2006 0.0515 137.395
6.50929 3.1934 0.0388 134.21
6.51929 3.571 0.0502 139.401
6.52929 3.949 0.0456 140.369
6.53929 4.3271 0.0439 141.841
6.54929 5.016 0.0448 145.197
6.55928 5.7415 0.0329 144.356
6.56928 6.0732 0.0288 143.986
6.57928 6.5544 0.0256 144.217
6.58928 6.682 0.0245 144.152
6.59928 6.7913 0.0244 144.501
6.60928 6.795 0.0246 144.671
6.61928 6.7038 0.0266 145.393
6.62927 6.5945 0.0278 145.644
6.63927 6.4851 0.0302 146.359
6.64927 6.3831 0.0316 146.638
6.65927 6.1899 0.0338 146.872
6.66927 6.0987 0.0352 147.115
6.67927 6.0003 0.0354 146.902
6.68926 5.7743 0.0451 149.127
6.69926 5.643 0.0386 146.783
6.70926 5.4899 0.04 146.697
6.71926 5.3368 0.0486 148.549
6.72926 5.0525 0.044 146.229
6.73926 4.9249 0.0454 146.132
6.74925 4.7864 0.0469 145.987
6.75925 4.5276 0.0543 146.659
6.76925 4.4182 0.0481 144.736
6.77925 4.2943 0.0481 144.204
6.78925 4.0792 0.0581 145.468
6.79925 3.999 0.0444 141.901
6.80924 3.9151 0.0423 140.957
6.81924 3.8276 0.0397 139.816
6.82924 3.649 0.0378 138.348
6.83924 3.5324 0.0326 136.073
6.84924 3.3975 0.03 134.434
6.85924 3.084 0.0288 132.177
6.86923 2.9309 0.028 130.957
6.87923 2.7741 0.0272 129.664
6.88923 2.6137 0.0282 128.996
6.89923 2.4643 0.0304 128.761
6.90923 2.169 0.0363 128.347
6.91923 2.0232 0.0394 127.988
6.92922 1.8883 0.0411 127.22
6.93922 1.6805 0.0408 125.076
6.94922 1.5967 0.0002 79.7969
6.95922 1.5675 0.0412 124.028
6.96922 1.6477 0.0415 125.048
6.97922 2.3622 0.042 131.889
6.98921 3.084 0.0118 123.362
6.99921 3.9188 0.0409 141.661
7.00921 4.79 0.04 145.604
7.01921 6.1607 0.04 151.037
7.02921 6.6856 0.0424 153.63
7.0392 7.2397 -0.0245 -nan
7.0492 7.761 0.0541 160.306
7.0592 8.6833 0.0649 165.471
7.0692 9.1426 0.061 165.911
7.0792 9.5655 0.006 137.746
7.08919 9.9883 0.0743 170.953
7.09919 10.524 0.0733 172.117
7.10919 12.307 0.0805 177.488
7.11919 13.645 0.0697 178.068
7.12919 15.373 0.047 175.378
7.13919 17.563 0.0049 148.176
7.14918 20.017 0.0184 168.63
7.15918 21.391 0.0501 185.118
7.16918 22.157 0.0685 191.039
7.17918 23.939 0.126 203.305
7.18917 25.769 0.0851 198.949
7.19917 26.177 0.1674 211.028
7.20916 26.535 0.0946 201.713
7.21916 25.842 0.0394 186.895
7.22915 26.017 0.0535 191.973
7.23915 26.323 0.0518 191.854
7.24915 25.809 0.0471 189.875
7.25914 27.027 0.0692 197.433
7.26914 25.434 0.0867 199.495
7.27914 25.015 0.079 197.56
7.28913 24.45 0.1191 203.831
7.29913 25.529 0.1117 204.088
7.30912 26.119 0.1108 204.701
7.31911 25.244 0.0968 201.499
7.32911 25.653 0.1013 202.808
7.33911 26.659 0.0799 200.023
7.3491 25.591 0.0696 196.653
7.3591 24.402 0.0901 199.626
7.3691 24.887 0.0738 196.971
7.37909 25.135 0.0777 198.174
7.38909 25.259 0.0722 197.181
7.39909 26.866 0.0432 190.69
7.40909 27.289 0.0471 192.571
7.41908 27.209 0.0349 187.818
7.42908 26.32 0.0682 197.711
7.43908 25.868 0.0134 172.311
7.44908 27.326 0.0943 204.366
7.45907 26.537 0.1284 208.877
7.46907 25.747 0.0992 203.629
7.47905 24.958 0.131 207.54
7.48904 24.169 0.1379 207.544
7.49904 20.932 0.0934 196.879
7.50904 23.983 0.1078 203.259
7.51903 24.526 0.0991 202.568
7.52903 22.809 0.0902 198.972
7.53903 22.291 0.1138 202.261
7.54903 21.267 0.1378 204.196
7.55902 19.248 0.1321 200.651
7.56902 20.6 0.0961 197.401
7.57902 19.652 0.1208 199.907
7.58902 19.215 0.1176 198.889
7.59901 18.409 0.1932 206.077
7.60901 17.188 0.1298 197.48
7.61901 16.313 0.1393 197.227
7.62901 17.162 0.1356 198.301
7.639 18.566 0.1094 197.081
7.649 16.827 0.0946 192.043
7.659 15.478 0.0674 184.536
7.66899 15.923 0.0455 179.396
7.67899 17.13 0.0914 192.196
7.68899 17.552 0.0926 193.15
7.69898 18.165 0.1312 199.889
7.70898 18.974 0.1803 206.613
7.71897 17.644 0.2609 210.921
7.72897 18.588 0.1182 199.034
7.73896 18.533 0.0691 190.327
7.74895 18.683 0.1779 206.22
7.75894 18.551 0.1427 202.337
7.76894 18.402 0.1019 196.589
7.77893 18.508 0.1684 205.223
7.78893 17.388 0.1166 197.33
7.79892 18.249 0.1258 200.039
7.80891 17.99 0.1303 200.284
7.81891 15.128 0.115 193.398
7.8289 11.388 0.1356 188.278
7.83889 12.653 0.1065 187.418
7.84888 11.439 0.0477 172.836
7.85888 13.349 0.103 188.478
7.86888 14.654 0.1206 193.619
7.87886 13.681 0.0208 165.691
7.88886 14.345 0.169 198.661
7.89885 15.362 0.0732 187.205
7.90885 15.883 0.0877 191.023
7.91885 15.486 0.0569 183.663
7.92884 14.691 0.0477 179.683
7.93883 14.527 0.0571 182.161
7.94883 16.411 0.0771 190.145
7.95882 14.91 0.0919 190.363
7.96882 16.401 0.1106 196.059
7.97881 16.229 0.0126 163.452
7.98881 16.667 0.0736 190.099
7.9988 15.325 0.1101 194.282
8.00878 16.499 0.0699 189.14
8.01878 16.182 0.0612 186.603
8.02878 16.987 0.1199 198.795
8.03876 13.71 0.0516 179.757
8.04875 13.634 0.0481 178.628
8.05875 13.182 -0.0136 -nan
8.06871 13.007 0.0507 178.323
8.07871 12.974 -0.0075 -nan
8.0887 13.462 0.0424 176.684
8.09869 13.236 0.0004 119.614
8.10868 11.99 0.0501 176.312
8.11865 9.2629 0.0778 176.277
8.12863 12.872 0.1343 193.485
8.13862 13.947 0.1141 193.162
8.14861 13.455 0.145 196.103
8.1586 13.229 0.111 191.389
8.16859 15.577 0.1717 203.257
8.17859 16.32 0.1645 203.967
8.18858 17.188 -0.0056 -nan
8.19858 17.243 0.0972 196.917
8.20857 17.301 0.1365 202.726
8.21857 18.668 0.1256 203.613
8.22856 19.138 0.2 212.479
8.23856 18.839 0.1066 201.253
8.24855 16.218 0.0676 189.698
8.25855 17.013 0.0953 196.612
8.26855 17.057 0.088 195.451
8.27854 17.21 0.07 192.076
8.28853 15.81 0.1165 198.025
8.29853 15.533 0.2185 208.201
8.30852 17.392 0.1848 208.759
8.31852 17.892 0.1224 202.617
8.32851 18.628 0.1536 207.753
8.3385 19.306 0.2031 213.807
8.3485 20.462 0.1 203.33
8.35849 21.147 0.0646 197.068
8.36848 17.363 0.0779 194.624
8.37848 18.548 0.1429 206.724
8.38847 19.138 0.1117 203.513
8.39845 20.053 0.1396 208.792
8.40845 19.645 0.1228 206.034
8.41843 20.217 0.0893 201.542
8.42843 20.983 0.0567 195.174
8.43842 20.833 0.1019 204.785
8.44841 19.503 0.0818 199.24
8.4584 19.598 0.1195 205.835
8.4684 19.215 0.0771 197.967
8.47839 18.901 0.1281 206.087
8.48838 18.945 0.1159 204.514
8.49836 18.056 0.1406 206.461
8.50836 17.928 0.1513 207.58
8.51835 17.899 0.0834 197.563
8.52833 18.351 0.1151 203.726
8.53832 17.604 0.1301 204.652
8.54831 18.139 0.1376 206.564
8.5583 18.799 0.1473 208.877
8.56829 19.612 0.1806 213.818
8.57828 21.431 0.116 208.803
8.58826 24.052 0.1332 214.827
8.59825 24.406 0.146 216.999
8.60824 25.047 0.1307 215.883
8.61822 24.275 0.218 224.33
8.62821 23.104 0.3241 230.284
8.63819 24.209 0.3195 231.637
8.64818 25.139 0.2969 231.555
8.65816 25.171 0.1723 221.417
8.66813 25.069 0.1314 216.423
8.67811 26.254 0.1152 215.564
8.6881 23.629 0.1604 218.317
8.69808 23.833 0.1448 216.804
8.70806 24.304 0.1076 212.178
8.71804 25.948 0.1123 215.019
8.72803 26.072 0.107 214.371
8.73802 26.706 0.0969 213.415
8.748 25.197 0.0523 201.114
8.75799 24.646 0.0758 206.826
8.76797 25.335 0.0436 198.374
8.77794 24.209 0.0466 198.236
8.78793 25.222 0.109 214.086
8.79791 25.722 0.0962 212.539
8.80789 26.629 0.1053 215.283
8.81788 24.519 0.1765 222.15
8.82786 24.913 0.2751 231.109
8.83784 25.653 0.2314 228.841
8.84783 25.55 0.2186 227.699
8.85781 25.766 0.212 227.466
8.8678 26.495 0.1924 226.617
8.87778 28.139 0.2187 231.112
8.88777 29.054 0.1873 229.276
8.89776 31.762 0.1681 230.229
8.90775 34.416 0.1523 231.072
8.91773 34.802 0.1575 232.163
8.92772 38.506 0.1438 233.865
8.9377 35.91 0.1259 229.051
8.94767 33.314 0.1067 223.56
8.95765 30.717 0.0969 219.267
8.96763 30.2 0.1018 219.699
8.97761 29.683 0.1073 220.183
8.98758 29.165 0.1438 225.111
8.99756 28.648 0.1193 221.138
9.00754 28.131 0.0389 200.986
9.01751 28.317 0.072 211.815
9.02749 29.513 0.0822 215.509
9.03746 28.095 0.1163 220.322
9.04743 27.938 0.1189 220.617
9.05741 28.058 0.1063 218.772
9.06738 28.583 0.09 216.406
9.07736 28.47 0.0929 216.921
9.08733 29.054 0.0522 207.432
9.0973 28.795 0.0107 181.628
9.10727 29.196 0.1521 227.032
9.11724 30.22 0.116 223.144
9.12721 30.089 0.1121 222.438
9.13718 30.902 0.1506 228.916
9.14715 31.179 0.1159 224.338
9.15712 31.019 0.1359 227.23
9.1671 30.02 0.1282 225.134
9.17706 30.195 0.1161 223.539
9.18703 30.942 0.1318 226.776
9.197 29.312 0.129 224.681
9.20697 28.817 0.1149 222.05
9.21694 29.203 0.0935 218.759
9.22691 29.542 0.1361 226.143
9.23688 30.166 0.0903 219.279
9.24685 30.749 0.1044 222.622
9.25682 31.609 0.0877 220.356
9.26679 31.42 0.0646 214.701
9.27676 32.203 0.0877 221.08
9.28673 31.11 0.0853 219.541
9.2967 30.585 0.052 210.232
9.30667 31.204 0.0635 214.437
9.31664 30.257 0.0695 215.161
9.32661 31.029 0.0498 210.1
9.33657 30.825 0.0648 214.613
9.34653 30.311 0.0719 216.018
9.3565 30.326 0.117 225.031
9.36646 29.863 0.1089 223.262
9.37643 28.186 0.1006 220.022
9.38639 28.135 0.1622 228.95
9.39636 28.572 0.1386 226.543
9.40631 27.971 0.1858 231.494
9.41627 27.683 0.1943 232.079
9.42623 27.639 0.1517 227.364
9.4362 27.534 0.1687 229.323
9.44615 27.384 0.2544 237.18
9.45611 27.147 0.266 237.833
9.46607 26.622 0.2136 232.943
9.47605 27.41 0.212 233.846
9.48602 28.197 0.2028 234.005
9.496 28.449 0.205 234.584
9.50597 28.777 0.1924 233.803
9.51594 26.834 0.1956 231.846
9.52591 25.554 0.175 228.165
9.53589 24.304 0.1546 224.264
9.54586 23.239 0.1577 223.255
9.55583 23.228 0.127 219.318
9.5658 23.928 0.1414 222.299
9.57577 23.192 0.1425 221.508
9.58574 21.705 0.141 219.275
9.59572 20.997 0.0496 200.12
9.60569 18.58 0.0629 200.609
9.61566 18.409 0.0535 197.719
9.62562 19.244 0.0642 202.086
9.63559 19.977 0.1296 215.467
9.64557 20.002 0.1288 215.457
9.65554 21.355 0.1748 223.158
9.66552 24.005 0.1307 221.589
9.67549 26.159 0.1768 230.125
9.68546 28.062 0.1888 233.804
9.69543 28.66 0.1257 226.775
9.7054 25.339 0.3061 239.981
9.71537 25.992 0.3098 241.172
9.72534 26.845 0.3045 242.017
9.73531 28.835 0.2649 241.773
9.74529 29.582 0.2252 239.477
9.75526 30.344 0.1983 237.893
9.76521 28.685 0.2065 236.839
9.77518 27.942 0.2073 236.088
9.78515 26.447 0.1966 233.262
9.79512 27.184 0.2129 235.811
9.80509 26.389 0.2064 234.266
9.81505 26.859 0.1941 233.731
9.82502 25.791 0.2037 233.371
9.83499 26.564 0.1064 222.1
9.84496 26.662 0.1197 224.469
9.85493 24.993 0.1256 223.344
9.86489 24.289 0.094 217.189
9.87486 24.202 0.086 215.537
9.88483 23.349 0.0919 215.674
9.8948 22.394 0.0275 193.96
9.90477 21.38 0.0477 201.761
9.91474 19.926 0.0444 198.592
9.92471 20.057 0.082 209.248
9.93468 19.386 0.0546 201.354
9.94465 19.678 0.0563 202.359
9.95461 18.38 0.1183 213.21
9.96458 17.053 0.1436 214.409
9.97454 16.634 0.1722 216.956
9.98451 15.613 0.166 214.391
9.99438 14.501 0.1422 209.466
10.0044 13.594 0.0846 198.806
10.0143 12.73 0.0826 196.598
10.0243 11.636 0.1015 197.481
10.0343 10.105 0.103 193.799
10.0442 9.7477 0.1109 194.04
10.0542 9.1791 0.1389 196.059
10.0642 8.953 0.1333 194.742
10.0741 8.6724 0.1193 192.122
10.0841 8.7161 0.1216 192.62
10.0941 8.6578 0.1274 193.235
10.104 8.5958 0.1362 194.164
10.114 8.2386 0.1287 192.126
10.124 7.9214 0.1096 188.558
10.1339 7.4657 0.0884 183.692
10.1439 7.6371 0.087 184.099
10.1539 7.5423 0.0865 183.731
10.1638 7.4475 0.0856 183.287
10.1738 7.4293 0.0866 183.449
10.1838 7.4949 0.0706 180.636
10.1937 7.6225 0.071 181.21
10.2037 7.7865 0.07 181.601
10.2137 7.9688 0.0602 179.984
10.2237 8.1219 0.0561 179.47
10.2336 8.2094 0.0553 179.581
10.2436 8.2057 0.0528 178.928
10.2536 8.2422 0.0496 178.162
10.2635 8.3005 0.0479 177.874
10.2735 8.3406 0.0485 178.23
10.2835 8.399 0.0488 178.549
10.2934 8.45 0.05 179.115
10.3034 8.4828 0.0511 179.588
10.3134 8.5448 0.052 180.086
10.3233 8.6432 0.0517 180.345
10.3333 8.7963 0.0525 181.081
10.3433 8.8874 0.0455 179.252
10.3533 9.1353 0.0527 182.225
10.3632 9.416 0.0553 183.805
10.3732 9.7149 0.0558 184.822
10.3832 9.8753 0.0555 185.224
10.3931 10.192 0.0586 186.961
10.4031 10.47 0.0601 188.133
10.4131 10.688 0.0622 189.282
10.4231 10.787 0.0641 190.059
10.433 10.922 0.0664 191.01
10.443 11.024 0.07 192.159
10.453 11.06 0.0709 192.504
10.4629 11.045 0.0724 192.854
10.4729 10.991 0.073 192.901
10.4829 10.874 0.0732 192.699
10.4928 10.772 0.0742 192.706
10.5028 10.615 0.0736 192.22
10.5128 10.484 0.0754 192.313
10.5227 10.371 0.0719 191.306
10.5327 10.316 0.0717 191.165
10.5427 10.251 0.0851 193.784
10.5527 10.247 0.0808 192.99
10.5626 10.211 0.0783 192.439
10.5726 10.163 0.0768 192.05
10.5826 10.061 0.0759 191.633
10.5925 9.879 0.0735 190.67
10.6025 9.6129 0.0737 190.014
10.6125 9.3905 0.0739 189.467
10.6224 9.2265 0.0745 189.163
10.6324 9.0442 0.0759 188.962
10.6424 8.8218 0.0743 188.001
10.6524 8.6177 0.0765 187.873
10.6623 8.3917 0.0785 187.607
10.6723 8.1183 0.0828 187.593
10.6823 7.8521 0.0838 186.93
10.6922 7.597 0.0836 186.054
10.7022 7.3637 0.0793 184.456
10.7122 7.1559 0.0769 183.276
10.7221 6.97 0.0719 181.611
10.7321 6.8132 0.0726 181.209
10.7421 6.6455 0.0711 180.293
10.7521 6.5763 0.0703 179.899
10.762 6.5435 0.0673 179.164
10.772 6.5799 0.0656 178.972
10.782 6.6273 0.064 178.836
10.7919 6.795 0.0619 179.029
10.8019 6.9335 0.0597 179.056
10.8119 7.1048 0.0595 179.682
10.8218 7.309 0.0544 179.123
10.8318 7.6516 0.058 181.319
10.8418 7.874 0.0583 182.193
10.8518 8.0964 0.0584 182.998
10.8617 8.3661 0.0583 183.884
10.8717 8.5375 0.0582 184.443
10.8817 8.676 0.0601 185.413
10.8916 8.8765 0.0608 186.25
10.9016 8.9931 0.0619 186.927
10.9116 9.0843 0.0623 187.347
10.9215 9.1645 0.0636 187.954
10.9315 9.2337 0.0649 188.523
10.9415 9.3066 0.0672 189.332
10.9514 9.3139 0.0689 189.795
10.9614 9.2884 0.0716 190.376
10.9714 9.2155 0.0715 190.186
10.9814 9.1353 0.0732 190.367
10.9913 9.0369 0.0733 190.14
11.0013 8.953 0.0737 190.019
11.0113 8.8838 0.0742 189.961
11.0212 8.8255 0.0742 189.829
11.0312 8.7781 0.0742 189.729
11.0412 8.7343 0.075 189.809
11.0511 8.6796 0.076 189.895
11.0611 8.6031 0.076 189.7
11.0711 8.5593 0.0772 189.856
11.081 8.5192 0.0757 189.465
11.091 8.4974 0.0767 189.65
11.101 8.4901 0.0781 189.959
11.111 8.45 0.0783 189.918
11.1209 8.4354 0.0781 189.877
11.1309 8.4245 0.0786 189.99
11.1409 8.4062 0.0787 189.998
11.1508 8.4427 0.0795 190.324
11.1608 8.4463 0.0822 190.913
11.1708 8.4463 0.0818 190.882
11.1807 8.4682 0.0835 191.328
11.1907 8.4646 0.085 191.647
11.2007 8.45 0.0852 191.685
11.2106 8.388 0.0859 191.659
11.2206 8.3516 0.085 191.419
11.2306 8.2568 0.0783 189.85
11.2405 8.2276 0.0853 191.157
11.2505 8.1839 0.079 189.842
11.2605 8.1584 0.085 190.963
11.2705 8.1948 0.0848 191.095
11.2804 8.3224 0.0858 191.755
11.2904 8.4135 0.0752 190.007
11.3004 8.6067 0.0751 190.655
11.3103 8.7125 0.0753 191.079
11.3203 8.9166 0.0752 191.743
11.3303 9.0223 0.0768 192.453
11.3402 9.1098 0.0777 192.955
11.3502 9.2265 0.0797 193.765
11.3602 9.3212 0.079 193.955
11.3701 9.6821 0.0808 195.433
11.3801 9.8535 0.0737 194.481
11.3901 10.192 0.0835 197.518
11.4001 10.349 0.085 198.295
11.41 10.659 0.0795 198.082
11.42 10.903 0.0879 200.445
11.43 11.031 0.0882 200.888
11.4399 11.257 0.0871 201.314
11.4499 11.505 0.0943 203.335
11.4599 11.618 0.0948 203.76
11.4698 11.84 0.0978 204.896
11.4798 12.048 0.1019 206.163
11.4898 12.135 0.1048 206.909
11.4997 12.332 0.1082 207.992
11.5097 12.434 0.1097 208.527
11.5197 12.649 0.1109 209.282
11.5296 12.773 0.114 210.108
11.5396 13.014 0.1135 210.648
11.5496 13.225 0.1138 211.234
11.5596 13.32 0.1148 211.656
11.5695 13.554 0.1092 211.357
11.5795 13.816 0.1169 213.197
11.5895 13.955 0.1185 213.797
11.5994 14.228 0.1196 214.611
11.6094 14.52 0.1236 215.881
11.6194 14.658 0.1292 217.025
11.6293 14.884 0.1312 217.834
11.6393 15.106 0.1342 218.762
11.6493 15.198 0.133 218.842
11.6592 15.358 0.1382 219.925
11.6692 15.445 0.1391 220.275
11.6792 15.602 0.1411 220.911
11.6891 15.646 0.1436 221.376
11.6991 15.686 0.1433 221.471
11.7091 15.77 0.1451 221.925
11.719 15.883 0.1436 222.013
11.729 15.938 0.1476 222.685
11.739 16.087 0.1486 223.162
11.7489 16.142 0.1523 223.781
11.7589 16.35 0.1532 224.357
11.7689 16.554 0.151 224.541
11.7788 16.634 0.1538 225.093
11.7888 16.794 0.1551 225.615
11.7988 16.958 0.155 225.972
11.8087 17.042 0.1565 226.367
11.8187 17.104 0.1569 226.587
11.8287 17.13 0.1562 226.605
11.8387 17.173 0.154 226.472
11.8486 17.195 0.1568 226.907
11.8586 17.155 0.1584 227.076
11.8686 17.195 0.1577 227.121
11.8785 17.148 0.1584 227.169
11.8885 17.195 0.1581 227.275
11.8985 17.213 0.1567 227.194
11.9084 17.257 0.1594 227.654
11.9184 17.286 0.1564 227.402
11.9284 17.312 0.1586 227.769
11.9383 17.294 0.16 227.954
11.9483 17.308 0.1596 227.986
11.9583 17.334 0.1589 228.005
11.9682 17.334 0.1605 228.248
11.9782 17.283 0.1593 228.062
11.9882 17.203 0.1594 227.974
11.9981 17.159 0.1594 227.942
12.0081 17.038 0.1573 227.512
12.0181 16.987 0.1564 227.357
12.028 16.882 0.1577 227.363
12.038 16.78 0.1567 227.097
12.048 16.747 0.1561 227.013
12.0579 16.685 0.1564 226.98
12.0679 16.674 0.1557 226.926
12.0779 16.67 0.1535 226.701
12.0878 16.645 0.1538 226.741
12.0978 16.612 0.155 226.875
12.1078 16.641 0.1537 226.825
12.1177 16.67 0.1504 226.524
12.1277 16.648 0.1527 226.819
12.1377 16.667 0.1511 226.71
12.1476 16.678 0.1505 226.708
12.1576 16.674 0.151 226.814
12.1676 16.619 0.1519 226.87
12.1775 16.561 0.15 226.57
12.1875 16.543 0.1503 226.624
12.1975 16.473 0.1519 226.737
12.2074 16.408 0.1524 226.721
12.2174 16.357 0.1509 226.484
12.2274 16.35 0.1497 226.371
12.2374 16.342 0.1486 226.268
12.2473 16.35 0.1474 226.182
12.2573 16.36 0.1457 226.035
12.2673 16.368 0.146 226.141
12.2772 16.36 0.148 226.432
12.2872 16.386 0.1473 226.446
12.2972 16.401 0.1469 226.475
12.3071 16.357 0.1459 226.31
12.3171 16.39 0.1451 226.323
12.3271 16.375 0.1439 226.188
12.337 16.364 0.1445 226.295
12.347 16.309 0.1477 226.649
12.357 16.28 0.1584 227.964
12.3669 16.24 0.1372 225.226
12.3769 16.12 0.1355 224.803
12.3869 16.047 0.1362 224.803
12.3968 15.927 0.1387 224.95
12.4068 15.854 0.1385 224.825
12.4168 15.62 0.1401 224.608
12.4267 15.44 0.1403 224.31
12.4367 15.26 0.1227 221.498
12.4467 15.413 0.1411 224.46
12.4566 15.537 0.1398 224.596
12.4666 15.748 0.141 225.243
12.4766 15.879 0.1428 225.8
12.4865 16.218 0.1414 226.353
12.4965 16.634 0.1433 227.483
12.5065 17.122 0.1417 228.269
12.5164 17.334 0.1457 229.255
12.5264 17.921 0.1451 230.329
12.5364 18.245 0.1486 231.434
12.5463 18.847 0.1512 232.905
12.5563 19.149 0.1594 234.519
12.5663 19.678 0.1637 236.015
12.5762 19.955 0.1657 236.782
12.5862 20.407 0.1716 238.292
12.5962 20.596 0.1772 239.299
12.6061 20.932 0.1803 240.257
12.6161 21.07 0.1872 241.29
12.6261 21.253 0.191 242.048
12.636 21.355 0.1947 242.655
12.646 21.493 0.195 242.964
12.656 21.486 0.198 243.315
12.6659 21.541 0.1962 243.273
12.6759 21.541 0.1955 243.254
12.6859 21.5 0.2009 243.792
12.6958 21.493 0.2038 244.125
12.7058 21.413 0.2064 244.305
12.7158 21.387 0.2073 244.404
12.7257 21.161 0.2091 244.259
12.7357 21.059 0.2074 243.976
12.7457 20.906 0.2054 243.577
12.7557 20.523 0.2018 242.625
12.7656 20.057 0.1986 241.555
12.7756 19.765 0.1964 240.874
12.7856 19.678 0.1932 240.445
12.7955 19.448 0.1905 239.809
12.8055 19.459 0.1871 239.521
12.8155 19.419 0.186 239.384
12.8254 19.423 0.1814 238.945
12.8354 19.608 0.1819 239.378
12.8454 19.649 0.1796 239.248
12.8553 19.721 0.1751 238.921
12.8653 19.776 0.1765 239.227
12.8753 19.882 0.1746 239.247
12.8852 19.824 0.1713 238.818
12.8952 19.882 0.1725 239.109
12.9052 19.831 0.1746 239.313
12.9151 19.82 0.1758 239.481
12.9251 19.798 0.1738 239.267
12.9351 19.827 0.1759 239.608
12.945 19.838 0.1728 239.324
12.955 19.926 0.1741 239.677
12.965 19.911 0.1703 239.263
12.9749 19.944 0.1695 239.277
12.9849 19.933 0.166 238.894
12.9949 19.896 0.1711 239.483
13.0048 19.773 0.1698 239.169
13.0148 19.762 0.1681 239
13.0248 19.681 0.1674 238.827
13.0347 19.681 0.1668 238.806
13.0447 19.743 0.1682 239.131
13.0547 19.86 0.1681 239.374
13.0646 19.922 0.1676 239.473
13.0746 20.024 0.1683 239.783
13.0846 20.137 0.1663 239.79
13.0945 20.297 0.1645 239.897
13.1045 20.363 0.163 239.877
13.1145 20.527 0.1624 240.131
13.1244 20.852 0.1595 240.365
13.1344 21.005 0.1613 240.894
13.1444 21.355 0.1672 242.241
13.1543 21.519 0.1633 242.084
13.1643 21.759 0.1634 242.534
13.1743 21.799 0.1711 243.581
13.1842 21.898 0.166 243.178
13.1942 21.934 0.1677 243.493
13.2042 21.971 0.1674 243.567
13.2141 21.825 0.1658 243.19
13.2241 21.796 0.1729 244.044
13.234 21.73 0.1671 243.297
13.244 21.617 0.1673 243.189
13.254 21.551 0.1727 243.777
13.2639 21.522 0.1722 243.722
13.2739 21.42 0.1719 243.57
13.2839 21.398 0.1758 244.04
13.2938 21.238 0.1744 243.665
13.3038 21.18 0.173 243.457
13.3138 21.059 0.1708 243.048
13.3237 20.826 0.1733 243.003
13.3337 20.68 0.1714 242.585
13.3437 20.578 0.1727 242.615
13.3536 20.403 0.1717 242.25
13.3636 20.392 0.1659 241.589
13.3736 20.381 0.1672 241.778
13.3835 20.509 0.1549 240.512
13.3935 20.6 0.1524 240.39
13.4035 20.735 0.1519 240.6
13.4134 20.961 0.1516 240.986
13.4234 21.121 0.1576 242.08
13.4333 21.355 0.1592 242.718
13.4433 21.548 0.1584 242.981
13.4533 21.428 0.1622 243.315
13.4632 22.044 0.1619 244.323
13.4732 22.219 0.1617 244.627
13.4832 22.536 0.168 245.957
13.4931 22.784 0.1684 246.445
13.5031 22.813 0.1711 246.867
13.5131 22.886 0.1753 247.53
13.523 22.838 0.1739 247.341
13.533 22.878 0.1748 247.56
13.543 22.864 0.1788 248.056
13.5529 22.791 0.185 248.696
13.5629 22.809 0.1902 249.35
13.5729 22.776 0.1904 249.371
13.5828 22.667 0.1951 249.756
13.5928 22.638 0.1947 249.718
13.6027 22.569 0.2026 250.486
13.6127 22.434 0.1916 249.161
13.6227 22.237 0.1923 248.971
13.6326 22.124 0.1915 248.753
13.6426 21.985 0.1923 248.664
13.6526 21.861 0.1925 248.533
13.6625 21.69 0.1906 248.098
13.6725 21.511 0.1996 248.806
13.6825 21.428 0.1907 247.775
13.6924 21.172 0.189 247.213
13.7024 21.056 0.1888 247.045
13.7124 20.881 0.1896 246.885
13.7223 20.567 0.1831 245.683
13.7323 20.181 0.1803 244.749
13.7423 19.907 0.1811 244.407
13.7522 19.692 0.1789 243.826
13.7622 19.423 0.1776 243.245
13.7721 19.248 0.1792 243.159
13.7821 18.945 0.1759 242.277
13.7921 18.683 0.1968 244.11
13.802 18.387 0.1751 241.242
13.812 18.19 0.1717 240.524
13.822 17.789 0.1954 242.395
13.8319 17.305 0.1665 238.288
13.8419 17.031 0.1631 237.38
13.8519 16.463 0.161 236.016
13.8618 15.846 0.1582 234.426
13.8718 15.548 0.1601 234.065
13.8817 14.884 0.1584 232.439
13.8917 14.133 0.1589 230.819
13.9017 13.736 0.1583 229.847
13.9116 12.89 0.1579 227.75
13.9216 12.445 0.1574 226.586
13.9316 11.461 0.1565 223.852
13.9415 10.291 0.153 220.037
13.9515 9.7404 0.1529 218.333
13.9615 8.5922 0.1504 214.174
13.9714 8.0854 0.1492 212.208
13.9814 7.0575 0.1495 208.169
13.9914 6.0586 0.1472 203.422
14.0013 5.6029 0.1448 200.909
14.0113 4.7426 0.1441 196.104
14.0213 4.3635 0.1485 194.289
14.0312 3.7474 0.1482 190.082
14.0412 3.2918 0.1424 185.985
14.0511 3.1241 0.143 184.691
14.0611 2.9528 0.1344 182.29
14.0711 2.9455 0.1258 181.261
14.081 2.9418 0.1284 181.573
14.091 2.8981 0.111 179.035
14.101 2.9127 0.1037 178.189
14.1109 2.8762 0.1017 177.612
14.1209 2.7778 0.0959 175.898
14.1309 2.6794 0.0934 174.636
14.1408 2.4023 0.0833 170.317
14.1508 2.1654 0.0685 165.113
14.1608 2.0779 0.0635 163.136
14.1707 1.9102 0.0561 159.549
14.1807 1.8081 0.0542 157.87
14.1906 1.6185 0.0504 154.465
14.2006 1.5383 0.0486 152.905
14.2106 1.5092 0.0431 150.998
14.2205 1.4326 0.0409 149.247
14.2305 1.3962 0.0394 148.262
14.2405 1.316 0.0295 143.536
14.2504 1.2832 0.0324 144.163
14.2604 1.203 0.011 130.578
14.2704 1.1446 0.0344 142.573
14.2803 1.141 0.0032 116.98
14.2903 1.1665 0.0335 142.703
14.3002 1.2394 0.0193 137.526
14.3102 1.3707 0.0257 142.927
14.3202 1.5857 0.0244 145.356
14.3301 2.2091 0.0233 151.91
14.3401 2.5481 0.0233 155.095
14.3501 3.4522 0.0238 162.345
14.36 3.8094 0.0317 168.67
14.37 4.3234 0.0316 171.761
14.38 4.4729 0.0286 171.21
14.3899 4.5604 0.0272 171.006
14.3999 4.6442 0.027 171.382
14.4099 4.6734 0.0463 179.444
14.4198 4.6005 0.0289 172.187
14.4298 4.2833 0.0278 169.908
14.4397 4.3453 0.0276 170.19
14.4497 4.0209 0.0277 168.382
14.4597 3.6016 0.0361 169.458
14.4696 3.1204 0.0313 164.067
14.4796 2.6174 0.0391 162.986
14.4896 2.395 0.042 161.907
14.4995 2.0706 0.0461 159.813
14.5095 1.9321 0.0442 157.705
14.5194 1.7352 0.038 153.371
14.5294 1.5201 0.0359 149.795
14.5394 1.3743 0.0368 147.968
14.5493 1.1446 0.037 144.214
14.5593 1.0827 0.0355 142.6
14.5693 0.93686 0.032 138.485
14.5792 0.88583 0.0295 136.472
14.5892 0.79105 0.0257 132.76
14.5992 0.79105 0.0268 133.249
14.6091 0.92228 0.0291 137.189
14.6191 1.3816 0.0294 145.562
14.629 1.6987 0.0344 151.959
14.639 2.2601 0.0425 161.178
14.649 2.4861 0.0333 160.153
14.6589 2.7559 0.0331 162.496
14.6689 2.8033 0.0401 165.547
14.6789 2.8798 0.0321 163.173
14.6888 2.9856 0.0393 166.839
14.6988 2.9309 0.0354 164.986
14.7087 2.7668 0.0472 167.618
14.7187 2.621 0.0524 167.8
14.7287 2.3075 0.0487 163.78
14.7386 2.0706 0.044 159.92
14.7486 1.9393 0.0388 156.799
14.7586 1.7097 0.0416 154.903
14.7685 1.6331 0.0425 154.188
14.7785 2.0852 0.0464 160.911
14.7884 2.5153 0.0478 165.756
14.7984 3.5069 0.0577 176.659
14.8084 3.9042 0.0063 149.247
14.8183 4.3198 0.0683 184.685
14.8283 4.6223 0.0594 184.374
14.8383 5.0379 -0.004 -nan
14.8482 6.0039 0.0592 191.467
14.8582 6.5544 0.0664 195.799
14.8681 7.8959 0.071 202.281
14.8781 9.5691 0.0755 209.063
14.8881 10.521 0.0657 209.539
14.898 12.587 0.0767 217.847
14.908 14.483 0.0807 223.277
14.918 15.227 0.0793 224.608
14.9279 16.204 0.08 226.836
14.9379 16.433 0.084 228.262
14.9478 16.736 0.0885 229.902
14.9578 17.031 0.1004 232.956
14.9678 17.126 0.1036 233.795
14.9777 17.261 0.1107 235.398
14.9877 17.297 0.1155 236.345
14.9976 17.133 0.1169 236.301
15.0076 17.024 0.1249 237.432
15.0176 16.747 0.131 237.857
15.0275 16.444 0.1332 237.605
15.0375 16.32 0.1618 241.263
15.0475 16.069 0.1317 236.682
15.0574 15.748 0.1401 237.256
15.0674 15.449 0.144 237.186
15.0773 14.673 0.1443 235.517
15.0873 14.14 0.1453 234.443
15.0973 13.058 0.1425 231.438
15.1072 12.114 0.1724 232.651
15.1172 11.563 0.1426 227.518
15.1271 10.338 0.1439 224.089
15.1371 9.7477 0.1426 222.072
15.1471 8.84 0.1431 219.072
15.157 8.3589 0.1435 217.404
15.167 7.4913 0.141 213.727
15.177 6.62 0.1409 209.981
15.1869 6.1716 0.14 207.798
15.1969 5.3624 0.1397 203.636
15.2068 5.016 0.14 201.759
15.2168 4.4073 0.136 197.595
15.2268 4.1594 0.1359 195.978
15.2367 3.8058 0.1278 192.535
15.2467 3.6308 0.1246 190.866
15.2566 3.3136 0.1171 187.433
15.2666 3.022 0.1184 185.167
15.2766 2.8653 0.1079 182.371
15.2865 2.5554 0.1069 179.284
15.2965 2.457 0.088 175.442
15.3064 2.2528 0.0834 172.523
15.3164 2.1508 0.0821 171.182
15.3264 1.9794 0.0766 168.205
15.3363 1.8737 0.0723 166.111
15.3463 1.8227 0.0677 164.579
15.3563 1.6987 0.0654 162.479
15.3662 1.6368 0.0678 162.128
15.3762 1.5712 0.0753 162.618
15.3861 1.604 0.0501 157.694
15.3961 1.8154 0.066 164.284
15.4061 1.9758 0.0567 164.241
15.416 3.693 0.0754 184.066
15.426 5.4097 0.0511 188.308
15.4359 6.5398 0.0479 192.52
15.4459 7.8594 0.0423 195.684
15.4559 8.6067 0.0378 196.449
15.4658 8.7526 0.0622 205.293
15.4758 8.4755 0.0386 196.427
15.4857 7.9506 0.0464 197.665
15.4957 7.5751 0.0495 197.387
15.5057 6.795 0.058 196.937
15.5156 6.4523 0.0612 196.385
15.5256 5.7269 0.0708 195.43
15.5355 4.9322 0.0733 191.859
15.5455 4.5604 0.0841 191.921
15.5555 4.0172 0.091 189.722
15.5654 3.7219 0.104 189.778
15.5754 3.2808 0.1186 188.443
15.5853 3.1095 0.1247 187.809
15.5953 2.8798 0.0975 182.013
15.6053 2.7778 0.1383 186.447
15.6152 2.5809 0.0333 163.903
15.6252 2.5226 0.1285 182.822
15.6351 2.5445 0.1182 181.814
15.6451 2.6393 0.1126 182.07
15.6551 2.7778 0.1078 182.784
15.665 3.485 0.1056 188.562
15.675 4.3271 0.105 194.474
15.6849 7.0611 0.0526 197.054
15.6949 8.7708 0.1054 215.445
15.7049 12.143 0.1083 226.329
15.7148 13.67 0.1134 231.146
15.7248 16.397 0.1154 237.668
15.7347 17.593 0.1202 240.947
15.7447 19.652 0.1214 245.064
15.7547 21.366 0.1261 248.861
15.7646 22.073 0.136 251.652
15.7746 22.631 0.1382 252.94
15.7845 23.549 0.1535 256.67
15.7945 23.895 0.1636 258.622
15.8045 24.614 0.1773 261.518
15.8144 25.139 0.1824 262.98
15.8244 25.328 0.198 265.113
15.8343 25.529 0.2082 266.573
15.8443 25.583 0.2178 267.703
15.8542 25.518 0.2223 268.108
15.8642 25.441 0.239 269.658
15.8742 25.328 0.2419 269.803
15.8841 25.372 0.2424 269.964
15.8941 25.412 0.2316 269.05
15.904 25.397 0.2423 270.087
15.914 25.343 0.2462 270.41
15.924 25.314 0.2512 270.865
15.9339 25.241 0.2513 270.809
15.9439 25.346 0.2524 271.116
15.9538 25.616 0.2497 271.335
15.9638 25.875 0.2503 271.829
15.9737 25.981 0.251 272.1
15.9837 26.057 0.2515 272.306
15.9937 26.046 0.2536 272.526
16.0036 26.006 0.2585 272.947
16.0136 25.875 0.2548 272.468
16.0235 25.693 0.2568 272.416
16.0335 25.587 0.2564 272.265
16.0435 25.292 0.2477 271.078
16.0534 25.149 0.2554 271.595
16.0634 24.898 0.2592 271.583
16.0733 24.668 0.2617 271.484
16.0833 24.573 0.2566 270.936
16.0932 24.555 0.2436 269.784
16.1032 24.621 0.2531 270.795
16.1132 24.854 0.252 271.111
16.1231 25.069 0.2351 269.931
16.1331 25.397 0.2518 272.032
16.143 25.569 0.2517 272.334
16.153 26.09 0.2505 273.064
16.163 26.476 0.251 273.735
16.1729 26.735 0.2512 274.184
16.1829 27.249 0.2523 275.084
16.1928 27.756 0.2565 276.242
16.2028 27.978 0.2544 276.417
16.2127 28.179 0.2593 277.189
16.2227 28.35 0.2598 277.522
16.2327 28.434 0.2598 277.688
16.2426 28.492 0.2652 278.293
16.2526 28.51 0.277 279.375
16.2625 28.441 0.26 277.857
16.2725 28.405 0.2654 278.33
16.2824 28.186 0.2874 279.915
16.2924 27.876 0.2667 277.785
16.3024 27.741 0.2722 278.109
16.3123 27.344 0.2882 278.902
16.3223 26.939 0.2742 277.2
16.3322 26.728 0.2696 276.544
16.3422 26.225 0.268 275.698
16.3522 25.634 0.2356 271.911
16.3621 25.27 0.2349 271.33
16.3721 24.683 0.2363 270.593
16.382 24.052 0.2346 269.469
16.392 23.746 0.2409 269.612
16.4019 23.247 0.2342 268.204
16.4119 22.634 0.2363 267.417
16.4219 21.442 0.235 265.265
16.4318 21.344 0.2348 265.116
16.4418 21.216 0.2278 264.265
16.4517 20.921 0.2255 263.554
16.4617 20.68 0.2182 262.44
16.4716 20.593 0.215 262.002
16.4816 20.604 0.2021 260.721
16.4916 20.698 0.2012 260.839
16.5015 20.83 0.1931 260.23
16.5115 21.052 0.1998 261.412
16.5214 21.256 0.2147 263.391
16.5314 21.358 0.2088 263.006
16.5413 21.438 0.1998 262.229
16.5513 21.661 0.21 263.754
16.5613 21.617 0.2019 262.859
16.5712 21.654 0.2063 263.44
16.5812 21.464 0.2078 263.309
16.5911 21.351 0.1907 261.279
16.6011 21.479 0.2024 262.847
16.611 21.624 0.1929 262.095
16.621 21.643 0.2074 263.757
16.6309 21.796 0.2064 263.963
16.6409 21.858 0.2083 264.316
16.6509 22.095 0.2089 264.834
16.6608 22.532 0.2106 265.806
16.6708 22.776 0.2163 266.855
16.6807 23.177 0.2086 266.765
16.6907 23.305 0.2112 267.296
16.7006 23.473 0.2054 266.998
16.7106 23.793 0.209 267.95
16.7205 23.87 0.205 267.689
16.7305 24.089 0.2101 268.634
16.7405 24.234 0.2073 268.611
16.7504 24.318 0.217 269.814
16.7604 24.329 0.2104 269.183
16.7703 24.373 0.2142 269.699
16.7803 24.209 0.2213 270.214
16.7902 24.18 0.2203 270.11
16.8002 23.957 0.218 269.558
16.8101 23.957 0.228 270.611
16.8201 23.837 0.2326 270.91
16.8301 23.921 0.2331 271.14
16.84 23.91 0.228 270.668
16.85 23.936 0.2434 272.231
16.8599 23.95 0.2434 272.299
16.8699 24.056 0.2445 272.619
16.8798 24.183 0.2477 273.166
16.8898 24.26 0.2512 273.655
16.8997 24.406 0.2494 273.772
16.9097 24.614 0.2465 273.885
16.9196 24.614 0.2495 274.206
16.9296 24.628 0.2473 274.071
16.9396 24.643 0.2456 273.983
16.9495 24.573 0.2437 273.738
16.9595 24.46 0.2428 273.517
16.9694 24.424 0.242 273.429
16.9794 24.446 0.2424 273.546
16.9893 24.355 0.247 273.872
16.9993 24.431 0.2452 273.873
17.0092 24.406 0.2451 273.868
17.0192 24.406 0.2457 273.968
17.0291 24.409 0.2459 274.036
17.0391 24.428 0.2417 273.719
17.0491 24.471 0.2411 273.776
17.059 24.42 0.2359 273.242
17.069 24.508 0.2351 273.351
17.0789 24.599 0.2344 273.473
17.0889 24.676 0.2386 274.045
17.0988 24.796 0.2396 274.376
17.1088 24.949 0.2403 274.731
17.1187 25.12 0.2425 275.254
17.1287 25.277 0.2425 275.546
17.1386 25.321 0.2431 275.716
17.1486 25.324 0.2425 275.708
17.1585 25.219 0.251 276.379
17.1685 25.2 0.2425 275.602
17.1785 25.179 0.2482 276.147
17.1884 25.157 0.2491 276.24
17.1984 25.149 0.2462 276.003
17.2083 25.073 0.245 275.815
17.2183 24.996 0.2497 276.173
17.2282 24.719 0.2482 275.636
17.2382 24.563 0.2478 275.393
17.2481 24.264 0.2444 274.636
17.2581 24.023 0.247 274.527
17.268 23.775 0.2441 273.891
17.278 23.498 0.2422 273.296
17.288 22.842 0.2406 272.077
17.2979 22.459 0.2362 271.042
17.3079 22.106 0.2332 270.18
17.3178 21.745 0.2192 268.199
17.3278 21.052 0.2154 266.605
17.3377 20.79 0.2122 265.836
17.3477 20.491 0.2098 265.073
17.3576 20.141 0.2084 264.312
17.3676 19.259 0.2033 262.114
17.3775 18.785 0.2011 260.98
17.3875 16.823 0.1969 256.457
17.3974 16.634 0.1973 256.124
17.4074 16.273 0.1994 255.582
17.4174 15.919 0.2097 255.884
17.4273 15.435 0.2509 258.621
17.4373 15.099 0.2155 254.601
17.4472 14.702 0.2108 253.201
17.4572 13.838 0.206 250.562
17.4671 12.748 0.1992 246.968
17.4771 11.446 0.1948 242.753
17.487 9.9446 0.193 237.741
17.497 8.7343 0.1915 233.225
17.5069 8.1912 0.1906 231.025
17.5169 7.3199 0.1859 226.878
17.5268 6.3721 0.1837 222.207
17.5368 5.8545 0.1807 219.247
17.5468 4.8119 0.1807 213.175
17.5567 4.3416 0.1886 210.824
17.5667 3.5251 0.1891 204.67
17.5766 3.248 0.1791 201.391
17.5866 2.7924 0.1763 196.828
17.5965 2.6648 0.159 193.865
17.6065 2.4716 0.1447 190.307
17.6164 2.3586 0.1394 188.472
17.6264 1.9758 0.1296 182.645
17.6363 1.8227 0.1162 178.932
17.6463 1.7352 0.1153 177.582
17.6562 1.6915 0.1013 175.063
17.6662 1.8555 0.0974 176.86
17.6762 2.0451 0.0813 176.707
17.6861 2.2164 0.0699 176.56
17.6961 2.395 0.0644 177.356
17.706 2.3659 0.0568 175.232
17.716 2.2091 0.0522 172.322
17.7259 2.0669 0.0388 166.544
17.7359 1.9503 0.0334 163.136
17.7458 1.8373 0.0257 158.276
17.7558 1.6987 0.0234 155.307
17.7657 1.6076 0.0189 151.389
17.7757 1.4509 0.0145 145.939
17.7856 1.3998 0.0161 146.48
17.7956 1.3014 0.0155 144.516
17.8055 1.2613 0.0159 144.194
17.8155 1.1884 0.0164 143.354
17.8254 1.1702 0.0158 142.615
17.8354 1.1847 0.0175 144.11
17.8453 1.2431 0.0178 145.34
17.8553 1.3014 0.0164 145.331
17.8653 1.378 0.0169 146.923
17.8752 1.3743 0.0148 145.276
17.8852 1.3561 0.0143 144.605
17.8951 1.3379 0.0141 144.178
17.9051 1.2795 0.0144 143.527
17.915 1.2577 0.0135 142.428
17.925 1.2467 0.0131 141.914
17.9349 1.2248 0.0128 141.302
17.9449 1.2248 0.0128 141.324
17.9548 1.2103 0.0128 141.103
17.9648 1.1738 0.0139 141.471
17.9747 1.1519 0.0135 140.767
17.9847 1.1301 0.0129 139.872
17.9946 1.1155 0.0134 140.074
18.0046 1.1082 0.0145 140.885
18.0145 1.1082 0.0134 139.985
18.0245 1.1045 0.0121 138.756
18.0344 1.1629 0.0146 142.013
18.0444 1.2467 0.0161 144.637
18.0544 1.3233 0.0191 147.995
18.0643 1.4618 0.0221 151.989
18.0743 1.5274 0.0216 152.685
18.0842 1.604 0.0204 153.059
18.0942 1.6623 0.0182 152.417
18.1041 1.6149 0.0143 148.791
18.1141 1.542 0.0169 149.896
18.124 1.4436 0.0179 149.214
18.134 1.3597 0.019 148.692
18.1439 1.367 0.0206 149.834
18.1539 1.3998 0.0194 149.62
18.1638 1.4363 0.0201 150.642
18.1738 1.491 0.0207 151.849
18.1837 1.491 0.0212 152.174
18.1937 1.491 0.0215 152.376
18.2036 1.5019 0.0252 154.588
18.2136 1.5566 0.0267 156.159
18.2235 1.7388 0.0284 159.509
18.2335 1.8482 0.0285 160.988
18.2434 1.9284 0.0265 161.023
18.2534 1.9284 0.0251 160.322
18.2633 1.8555 0.0241 158.92
18.2733 1.655 0.0235 156.021
18.2833 1.5967 0.0217 154.215
18.2932 1.5529 0.0224 154.028
18.3032 1.4983 0.0168 149.635
18.3131 1.4363 0.0221 152.182
18.3231 1.3123 0.0214 149.837
18.333 1.3269 0.0265 152.792
18.343 1.3889 0.0343 157.161
18.3529 1.4582 0.0357 158.818
18.3629 1.4837 0.0379 160.033
18.3728 1.5821 0.0374 161.366
18.3828 1.6514 0.0373 162.353
18.3927 1.6769 0.038 162.988
18.4027 1.8409 0.035 164.091
18.4126 1.8883 0.0329 163.872
18.4226 1.8701 0.0361 164.937
18.4325 1.8519 0.0366 164.918
18.4425 1.8847 0.0366 165.361
18.4524 1.9175 0.0312 163.609
18.4624 1.9248 0.0274 161.964
18.4723 1.8701 0.0269 161.07
18.4823 1.7133 0.0261 158.676
18.4922 1.5274 0.0256 155.846
18.5022 1.4618 0.0249 154.53
18.5121 1.367 0.0249 153.068
18.5221 1.3379 0.0241 152.203
18.532 1.3524 0.0231 151.926
18.542 1.367 0.0236 152.455
18.5519 1.4108 0.0257 154.262
18.5619 1.3925 0.0294 155.728
18.5718 1.3962 0.0294 155.811
18.5818 1.3962 0.0271 154.782
18.5917 1.4326 0.0253 154.494
18.6017 1.4618 0.0254 155.017
18.6116 1.4618 0.0254 155.04
18.6216 1.367 0.0228 152.2
18.6315 1.2722 0.0226 150.544
18.6415 1.2795 0.0267 152.796
18.6514 1.3597 0.0284 154.956
18.6614 1.5675 0.0242 156.093
18.6713 1.9721 0.0263 162.486
18.6813 2.2346 0.0362 169.918
18.6912 2.6611 0.0321 172.537
18.7012 2.8033 0.0382 176.396
18.7111 2.7705 0.0386 176.276
18.7211 2.7012 0.0393 175.923
18.731 2.5299 0.036 173.03
18.741 2.2929 0.0353 170.343
18.7509 2.0451 0.0361 167.898
18.7609 1.9248 0.0388 167.465
18.7708 1.8336 0.0425 167.588
18.7808 1.8409 0.0441 168.226
18.7907 1.8336 0.0421 167.506
18.8007 1.8227 0.0373 165.709
18.8106 1.7024 0.0367 163.891
18.8206 1.6222 0.0349 162.1
18.8305 1.4727 0.0288 157.347
18.8405 1.3597 0.0355 158.303
18.8504 1.5529 0.0364 161.721
18.8604 1.8774 0.05 170.674
18.8703 2.7559 0.0425 177.977
18.8803 3.5761 0.0492 187.073
18.8902 3.9662 0.055 191.68
18.9002 4.3198 0.0723 198.547
18.9101 4.3052 0.0736 198.773
18.9201 4.1958 0.0779 199.005
18.93 3.8605 0.0762 196.3
18.94 3.6527 0.0818 195.924
18.9499 3.3428 0.0807 193.249
18.9599 3.084 0.0852 191.912
18.9698 2.6575 0.0893 188.606
18.9798 2.4643 0.0955 187.639
18.9897 2.3075 0.1039 187.206
18.9997 2.1617 0.1096 186.308
19.0096 1.9685 0.1173 184.882
19.0196 1.9138 0.118 184.251
19.0295 1.881 0.1186 183.897
19.0395 1.8409 0.1168 183.121
19.0494 1.8227 0.1124 182.302
19.0594 1.7935 0.1072 181.19
19.0693 1.7753 0.1083 181.104
19.0793 1.7206 0.1138 181.06
19.0892 1.7133 0.1128 180.843
19.0992 1.7461 0.1106 181.067
19.1091 1.83 0.1094 182.155
19.1191 1.9503 0.1133 184.396
19.129 2.2127 0.1193 188.614
19.139 2.2419 0.1247 189.695
19.1489 2.22 0.1307 190.197
19.1588 2.2638 0.1373 191.543
19.1688 2.3112 0.1441 192.918
19.1787 2.3367 0.1424 193.06
19.1887 2.2711 0.151 193.238
19.1986 2.2346 0.1634 194.086
19.2086 2.2164 0.1704 194.563
19.2185 2.2018 0.1776 195.077
19.2285 2.2091 0.1796 195.38
19.2384 2.2492 0.1823 196.158
19.2484 2.446 0.1812 198.47
19.2583 2.4971 0.1828 199.237
19.2683 2.4752 0.1857 199.273
19.2782 2.4132 0.1855 198.557
19.2882 2.3586 0.1844 197.835
19.2981 2.4205 0.1782 198.038
19.3081 2.508 0.1589 197.192
19.318 2.6101 0.1735 199.813
19.328 2.7559 0.1748 201.537
19.3379 2.745 0.1828 202.202
19.3479 2.7158 0.1899 202.561
19.3578 2.6866 0.1984 203.013
19.3677 2.7085 0.2055 203.875
19.3777 2.8762 0.2174 206.642
19.3876 3.084 0.2231 209.208
19.3976 3.146 0.2368 210.881
19.4075 3.2043 0.2461 212.148
19.4175 3.2043 0.2487 212.364
19.4274 3.2043 0.2547 212.816
19.4374 3.2371 0.2593 213.476
19.4473 3.3501 0.2716 215.393
19.4573 3.3574 0.2773 215.864
19.4672 3.3537 0.2801 216.041
19.4772 3.3282 0.279 215.764
19.4871 3.31 0.2776 215.534
19.497 3.2626 0.2756 214.988
19.507 3.2189 0.2701 214.241
19.5169 3.1277 0.2691 213.321
19.5269 3.0913 0.2634 212.613
19.5368 2.9892 0.2653 211.743
19.5468 2.9163 0.2567 210.444
19.5567 2.7778 0.2581 209.099
19.5666 2.7012 0.2473 207.549
19.5766 2.5554 0.2445 205.731
19.5865 2.4679 0.2383 204.293
19.5965 2.3075 0.2353 202.141
19.6064 2.1726 0.2308 200.102
19.6164 2.1034 0.2278 198.983
19.6263 1.9794 0.221 196.78
19.6363 1.9211 0.2154 195.544
19.6462 1.8628 0.2007 193.564
19.6561 1.7498 0.1853 190.585
19.6661 1.6987 0.1781 189.175
19.676 1.5821 0.1701 186.559
19.686 1.5383 0.1533 184.232
19.6959 1.4582 0.1476 182.269
19.7058 1.4326 0.1361 180.607
19.7158 1.4217 0.1335 180.144
19.7257 1.4363 0.1229 179.197
19.7357 1.4472 0.1182 178.836
19.7456 1.4545 0.1073 177.556
19.7556 1.4472 0.1028 176.821
19.7655 1.4144 0.0924 174.705
19.7754 1.3889 0.0888 173.697
19.7854 1.3524 0.082 171.914
19.7953 1.3379 0.0784 171.031
19.8053 1.3233 0.077 170.529
19.8152 1.3269 0.0749 170.227
19.8251 1.316 0.0737 169.821
19.8351 1.305 0.0722 169.349
19.845 1.2832 0.0717 168.865
19.855 1.2832 0.0707 168.691
19.8649 1.2759 0.07 168.436
19.8749 1.2759 0.0699 168.44
19.8848 1.2832 0.0713 168.88
19.8947 1.2941 0.0695 168.75
19.9047 1.316 0.0751 170.276
19.9146 1.3233 0.0721 169.858
19.9246 1.3451 0.0782 171.437
19.9345 1.3634 0.0768 171.536
19.9444 1.4071 0.0825 173.371
19.9544 1.429 0.0875 174.634
19.9643 1.5092 0.0908 176.58
19.9743 1.5602 0.0954 178.183
19.9842 1.6732 0.0975 180.337
19.9941 1.7206 0.0994 181.38
20.0041 1.8008 0.0988 182.507
20.014 1.8081 0.0926 181.656
20.024 1.8045 0.0899 181.183
20.0339 1.8154 0.0854 180.592
20.0439 1.881 0.0847 181.418
20.0538 1.9029 0.0843 181.674
20.0637 1.943 0.0856 182.478
20.0737 1.9904 0.0876 183.49
20.0836 2.282 0.0878 187.199
20.0936 2.621 0.084 190.295
20.1035 3.7875 0.079 199.661
20.1134 4.4729 0.0697 202.409
20.1234 5.8362 0.0638 208.8
20.1333 6.3685 0.0538 208.492
20.1432 7.0101 0.0495 209.962
20.1532 7.1705 0.0384 206.272
20.1631 7.3309 0.0329 204.314
20.1731 7.3637 0.0384 207.12
20.183 7.3746 0.0266 200.959
20.1929 7.3819 0.0393 207.651
20.2029 7.3782 0.029 202.479
20.2128 7.4329 0.0412 208.732
20.2228 7.5095 0.0464 211.146
20.2327 7.5751 0.0567 214.996
20.2426 7.648 0.0631 217.247
20.2526 7.9542 0.0641 218.794
20.2625 8.1438 0.0691 220.944
20.2725 8.4901 0.0713 222.884
20.2824 8.7052 0.1055 231.132
20.2923 8.8765 0.0983 230.454
20.3023 9.3322 0.1025 232.962
20.3122 9.7733 0.1466 241.637
20.3222 10.05 -0.1605 -nan
20.3321 10.59 0.164 246.804
20.342 10.845 0.1723 248.704
20.352 12.731 0 0
20.3619 14.618 0 0
20.3718 16.505 0 0
20.3818 18.391 0 0
20.3917 28.671 0 0
20.4017 33.884 0 0
20.4116 40.438 0 0
