0.02 0.2281 0 0
0.03 0.3856 0 0
0.04 0.6077 0 0
0.05 0.6642 0 0
0.06 0.7208 0.0195 27.7971
0.07 0.8136 0.0391 31.2841
0.0800001 1.0236 0.0421 33.7657
0.0900001 1.1771 0.0444 35.7566
0.1 1.2619 0.0494 37.5218
0.11 1.2417 0.0521 38.6104
0.12 1.2134 0.0511 39.3611
0.13 1.169 0.05 39.9589
0.14 1.1569 0.0503 40.7499
0.15 1.1549 0.0506 41.5492
0.16 1.1528 0.0521 42.3933
0.17 1.1488 0.0537 43.2008
0.18 1.1246 0.0559 43.9048
0.19 1.0923 0.0564 44.416
0.2 1.0802 0.0567 45.0015
0.21 1.0822 0.0575 45.6814
0.22 1.0842 0.0577 46.3017
0.23 1.0882 0.0578 46.9091
0.24 1.0963 0.0578 47.5181
0.25 1.1044 0.0577 48.1044
0.26 1.1044 0.0556 48.482
0.27 1.1165 0.0554 49.0556
0.28 1.1326 0.0548 49.6114
0.29 1.1286 0.0546 50.057
0.3 1.1326 0.0542 50.5258
0.31 1.1367 0.053 50.9201
0.32 1.1488 0.0512 51.3022
0.33 1.1448 0.0509 51.6917
0.34 1.1488 0.049 51.9839
0.35 1.1246 0.0487 52.2174
0.36 1.1165 0.0482 52.528
0.37 1.1003 0.0476 52.7634
0.38 1.0721 0.0476 52.9576
0.39 1.0357 0.0476 53.0768
0.4 1.0196 0.0455 53.1314
0.41 0.9873 0.0444 53.1416
0.42 0.9832 0.0406 53.0702
0.43 1.0055 0.0388 53.3895
0.44 1.0277 0.0368 53.6642
0.45 1.0559 0.0326 53.6676
0.46 1.1205 0.0278 53.7433
0.47 1.1326 0.023 53.302
0.48 1.1448 0.0188 52.8044
0.49 1.1448 0.0176 52.8173
0.5 1.1488 0.0166 52.8834
0.51 1.1488 0.0154 52.8444
0.52 1.1286 0.015 52.879
0.53 1.1892 0.0148 53.5019
0.54 1.2497 0.0145 54.0741
0.55 1.2174 0.0144 54.1149
0.56 1.169 0.0141 53.9752
0.57 1.0761 0.0143 53.6614
0.58 1.0236 0.0145 53.5964
0.59 0.9873 0.0166 54.1787
0.6 0.9853 0.0177 54.7078
0.61 1.0085 0.0185 55.3474
0.62 1.0317 0.0203 56.2132
0.63 1.0802 0.02 56.7682
0.640001 1.0842 0.0196 56.9518
0.650001 1.06 0.0184 56.7133
0.660001 1.056 0.0178 56.7667
0.670001 1.0519 0.0176 56.9191
0.680001 1.0478 0.0177 57.1488
0.690001 1.0115 0.0177 57.0906
0.700001 0.955001 0.0178 56.8736
0.710001 0.8177 0.0179 55.8623
0.720001 0.4179 0.0173 50.7687
0.730001 0.3937 0.0168 50.4047
0.740001 0.4018 0.0164 50.6427
0.75 0.3533 0.0154 49.6386
0.760001 0.3654 0.0143 49.7561
0.770001 0.3776 0.0124 49.5824
0.780001 0.4098 0.0113 49.9628
0.790001 0.3937 0.0115 49.9243
0.800001 0.4098 0.0118 50.4973
0.810001 0.426 0.0118 50.9556
0.820001 0.4624 0.0121 51.8452
0.830001 0.5108 0.0129 53.0531
0.840001 0.5027 0.0136 53.3417
0.850001 0.5027 0.014 53.6467
0.860001 0.5047 0.0147 54.0712
0.870001 0.5068 0.0149 54.3388
0.880001 0.531 0.0154 55.03
0.890001 0.5391 0.0181 56.0722
0.900001 0.5411 0.02 56.746
0.910001 0.5431 0.0223 57.4689
0.920001 0.5673 0.0245 58.4627
0.930001 0.6319 0.0243 59.5158
0.940001 0.6804 0.0245 60.3732
0.950001 0.7167 0.0246 61.0266
0.960001 0.7935 0.0253 62.2535
0.970001 0.8096 0.0261 62.7763
0.980001 0.7854 0.0273 62.9159
0.990001 0.7612 0.0283 62.9983
1 0.7208 0.0289 62.7899
1.01 0.6642 0.0306 62.5234
1.02 0.640001 0.0314 62.4947
1.03 0.6239 0.0328 62.6619
1.04 0.6037 0.0334 62.6278
1.05 0.5794 0.0333 62.4086
1.06 0.5633 0.0331 62.2887
1.07 0.5774 0.0316 62.4329
1.08 0.5916 0.0314 62.7807
1.09 0.6279 0.0314 63.4838
1.1 0.6642 0.0294 63.812
1.11 0.7288 0.0288 64.7224
1.12 0.7813 0.0283 65.4417
1.13 0.8217 0.0281 66.0427
1.14 0.8621 0.0288 66.8004
1.15 0.8783 0.0295 67.2769
1.16 0.8863 0.0326 68.0908
1.17 0.9065 0.0344 68.7822
1.18 0.9469 0.0367 69.754
1.19 1.1044 0.0404 72.0578
1.2 1.1892 0.0422 73.2644
1.21 1.278 0.0439 74.4433
1.22 1.3467 0.0465 75.5393
1.23 1.3305 0.0478 75.7527
1.24 1.3265 0.0503 76.2131
1.25 1.2861 0.0503 76.044
1.26 1.2659 0.0504 76.0516
1.27 1.2417 0.0505 76.0199
1.28 1.2457 0.0499 76.1454
1.29 1.2497 0.0494 76.2816
1.3 1.2538 0.0496 76.5073
1.31 1.2174 0.0491 76.2816
1.32 1.1811 0.0474 75.8877
1.33 1.1407 0.0426 74.9978
1.34 1.1165 0.0417 74.7894
1.35 1.1145 0.0406 74.7583
1.36 1.1862 0.0391 75.3511
1.37 1.2578 0.0386 76.0632
1.38 1.3467 0.0388 77.0034
1.39 1.3992 0.0391 77.634
1.4 1.3992 0.0391 77.7888
1.41 1.3992 0.0261 75.3654
1.42 1.4072 0.0319 76.848
1.43 1.4153 0.0377 78.1403
1.44 1.4234 0.0404 78.8084
1.45 1.4375 0.0439 79.6208
1.46 1.4516 0.0452 80.0795
1.47 1.5405 0.0452 80.9213
1.48 1.7626 0.0456 82.7223
1.49 2.13 0.0453 85.1212
1.5 2.2673 0.0458 86.1288
1.51 2.3319 0.0471 86.8399
1.52 2.3844 0.0479 87.4011
1.53 2.3561 0.0478 87.395
1.54 2.344 0.0478 87.4885
1.55 2.2875 0.0482 87.3992
1.56 2.2269 0.0486 87.2778
1.57 2.0937 0.0496 86.8068
1.58 2.0291 0.0487 86.4368
1.59 1.9443 0.0478 85.9244
1.6 1.8312 0.0471 85.23
1.61 1.8211 0.0436 84.7635
1.62 1.8827 0.041 84.8819
1.63 1.9443 0.0378 84.8468
1.64 2.0573 0.0314 84.3731
1.65 2.1623 0.0281 84.341
1.66 2.4248 0.0224 84.2834
1.67 2.5621 0.0207 84.5395
1.68 2.8246 0.0194 85.4155
1.69 2.9457 0.0196 86.1488
1.7 3.083 0.0198 86.9316
1.71 3.3495 0.0206 88.4101
1.72 3.4868 0.0215 89.3847
1.73 3.7412 0.0224 90.7505
1.74 3.8785 0.0233 91.6689
1.75 4.0198 0.0232 92.2564
1.76 4.3226 0.024 93.6378
1.77 4.4195 0.0241 94.1179
1.78 4.5649 0.0249 94.9635
1.79 4.5972 0.0254 95.3657
1.8 4.6053 0.0264 95.8452
1.81 4.5932 0.0284 96.5413
1.82 4.5488 0.0294 96.8326
1.83 4.5407 0.0314 97.4876
1.84 4.5649 0.0312 97.6583
1.85 4.5891 0.031 97.8277
1.86 4.6336 0.0296 97.7341
1.87 4.7062 0.0272 97.4116
1.88 4.6659 0.0255 96.9136
1.89 4.4478 0.0249 96.1991
1.9 4.2742 0.0248 95.7575
1.91 4.1409 0.0249 95.4928
1.92 3.83 0.0251 94.6257
1.93 3.7089 0.0283 95.2714
1.94 3.5231 0.0291 94.9248
1.95 3.4262 0.0314 95.2807
1.96 3.3697 0.0325 95.4612
1.97 3.2768 0.0349 95.7784
1.98 3.3091 0.0364 96.3857
1.99 3.3414 0.038 97.0025
2 3.4181 0.0401 97.8928
2.01 3.507 0.0422 98.8105
2.02 3.7573 0.0424 99.9734
2.03 3.8946 0.0405 100.246
2.04 4.2176 0.0385 101.115
2.05 4.4195 0.037 101.6
2.06 4.7749 0.0293 100.899
2.07 4.9283 0.0267 100.714
2.08 5.0656 0.0244 100.493
2.09 4.9808 0.0235 100.07
2.1 4.7103 0.0234 99.3648
2.11 4.5528 0.0237 99.115
2.12 4.3792 0.024 98.7947
2.13 4.0319 0.0247 97.9881
2.14 3.8744 0.0248 97.5872
2.15 3.616 0.0257 97.0347
2.16 3.4989 0.0261 96.8248
2.17 3.4101 0.0281 97.1862
2.18 3.2526 0.0286 96.792
2.19 3.2162 0.0291 96.898
2.2 3.1778 0.0288 96.7696
2.21 3.1789 0.0286 96.8404
2.22 3.1799 0.0278 96.7378
2.23 3.2082 0.0277 96.9533
2.24 3.301 0.0269 97.236
2.25 3.3333 0.0262 97.2795
2.26 3.3737 0.0229 96.4819
2.27 3.3979 0.0214 96.1563
2.28 3.3697 0.0186 95.0431
2.29 3.2889 0.0177 94.4363
2.3 3.2324 0.0163 93.6707
2.31 3.1193 0.0156 92.9639
2.32 3.0588 0.0148 92.4078
2.33 2.9013 0.0146 91.7129
2.34 2.8246 0.0145 91.4163
2.35 2.6953 0.0147 91.0129
2.36 2.6146 0.0149 90.8245
2.37 2.449 0.0151 90.1785
2.38 2.3521 0.0151 89.7608
2.39 2.2027 0.0154 89.1661
2.4 2.0937 0.0156 88.7148
2.41 1.9443 0.0165 88.2867
2.42 1.8676 0.0179 88.475
2.43 1.807 0.0183 88.319
2.44 1.6818 0.0184 87.5501
2.45 1.6212 0.0184 87.1877
2.46 1.5566 0.0185 86.8161
2.47 1.5324 0.0188 86.8343
2.48 1.5001 0.0186 86.5885
2.49 1.5505 0.0185 87.0599
2.5 1.601 0.0184 87.5206
2.51 1.5445 0.018 87.0064
2.52 1.4032 0.0176 85.747
2.53 1.3426 0.0171 85.0932
2.54 1.2659 0.0163 84.132
2.55 1.1326 0.0144 82.0349
2.56 1.0761 0.0132 80.9333
2.57 0.9671 0.0119 79.0993
2.58 0.9267 0.0111 78.2453
2.59 0.8419 0.0101 76.65
2.6 0.8056 0.0084 75.0865
2.61 0.749 0.0078 73.9251
2.62 0.6764 0.0074 72.6064
2.63 0.6602 0.007 72.096
2.64 0.644 0.0069 71.8283
2.65 0.6319 0.0061 70.9763
2.66 0.6077 0.0058 70.3564
2.67 0.5875 0.0056 69.8835
2.68 0.5794 0.0054 69.6055
2.69 0.5673 0.0054 69.4662
2.7 0.5593 0.0054 69.3958
2.71 0.5633 0.0054 69.5385
2.72 0.5391 0.0054 69.1709
2.73 0.5431 0.0054 69.3153
2.74 0.5431 0.0058 69.7995
2.75 0.5431 0.0059 69.9697
2.76 0.5391 0.0059 69.9658
2.77 0.531 0.0059 69.8837
2.78 0.5189 0.0058 69.6228
2.79 0.5148 0.0058 69.6128
2.8 0.5108 0.0057 69.5032
2.81 0.4825 0.0057 69.0034
2.82 0.4825 0.0057 69.0716
2.83 0.4724 0.0057 68.9293
2.84 0.4674 0.0057 68.8913
2.85 0.477 0.0065 69.9207
2.86 0.4866 0.0071 70.7074
2.87 0.4946 0.0084 71.9419
2.88 0.527 0.0116 74.6505
2.89 0.5512 0.0133 76.0677
2.9 0.5996 0.0146 77.6696
2.91 0.7288 0.0195 81.9081
2.92 0.850001 0.0236 85.1642
2.93 0.9954 0.0333 89.74
2.94 1.2861 0.0374 94.1059
2.95 1.4193 0.0422 96.5057
2.96 1.5647 0.0558 100.266
2.97 1.7706 0.0618 103.035
2.98 1.8029 0.0676 104.175
2.99 1.7989 0.0767 105.339
3 1.8797 0.0804 106.523
3.01 1.9443 0.0848 107.618
3.02 2.0291 0.0874 108.654
3.03 2.3037 0.0888 110.906
3.04 2.3965 0.0933 112.101
3.05 2.4409 0.0928 112.45
3.06 2.3925 0.0922 112.168
3.07 2.3198 0.0900001 111.548
3.08 2.1219 0.0878 109.997
3.09 1.9968 0.0854 108.886
3.1 1.9039 0.0819 107.862
3.11 1.7101 0.0734 105.338
3.12 1.6657 0.0698 104.595
3.13 1.6334 0.0649 103.763
3.14 1.5607 0.0565 101.994
3.15 1.5284 0.0522 101.109
3.16 1.5082 0.0458 99.9109
3.17 1.5021 0.0456 99.904
3.18 1.5314 0.0456 100.27
3.19 1.5607 0.0441 100.352
3.2 1.7626 0.0428 101.96
3.21 1.9524 0.0402 103.024
3.22 2.2269 0.038 104.594
3.23 2.9093 0.0393 109.098
3.24 3.3616 0.0406 111.79
3.25 3.8058 0.0445 114.775
3.26 4.5124 0.0512 119.107
3.27 4.7184 0.0557 120.821
3.28 4.8476 0.0599 122.132
3.29 4.7507 0.0682 123.203
3.3 4.3832 0.0716 122.38
3.31 4.1409 0.0755 122.022
3.32 3.9148 0.075 121.074
3.33 3.406 0.0757 118.862
3.34 3.1557 0.074 117.438
3.35 2.9618 0.0723 116.242
3.36 2.6146 0.0679 113.673
3.37 2.4975 0.0604 111.924
3.38 2.4773 0.057 111.347
3.39 2.4692 0.0544 110.954
3.4 2.4046 0.0509 110.012
3.41 2.0573 0.0491 107.334
3.42 1.8474 0.0472 105.423
3.43 1.6495 0.0418 102.757
3.44 1.3547 0.0376 99.0883
3.45 1.2457 0.0281 95.6321
3.46 1.0317 0.0278 93.0631
3.47 0.9348 0.0262 91.3725
3.48 0.8621 0.0223 89.1818
3.49 0.7733 0.022 87.7678
3.5 0.7531 0.0219 87.4703
3.51 0.7612 0.0187 86.5299
3.52 0.8338 0.0175 87.259
3.53 0.9065 0.0164 87.9094
3.54 0.9913 0.0153 88.6055
3.55 1.0196 0.0146 88.6889
3.56 0.9954 0.0134 87.8229
3.57 0.8783 0.0126 85.8806
3.58 0.797501 0.0126 84.7613
3.59 0.7571 0.0123 84.0257
3.6 0.7369 0.0118 83.4752
3.61 0.7268 0.0123 83.6621
3.62 0.7339 0.0128 84.1222
3.63 0.741 0.016 85.8833
3.64 0.9065 0.0173 89.0575
3.65 0.9913 0.0184 90.7448
3.66 1.0802 0.0209 92.9237
3.67 1.2821 0.0221 95.7611
3.68 1.3426 0.0241 97.1699
3.69 1.3507 0.0268 98.1912
3.7 1.3305 0.0271 98.143
3.71 1.3305 0.0277 98.3957
3.72 1.3305 0.0323 99.7362
3.73 1.3305 0.0355 100.598
3.74 1.3244 0.0396 101.526
3.75 1.3557 0.0415 102.341
3.76 1.387 0.0467 103.769
3.77 1.4961 0.0501 105.599
3.78 1.7706 0.0542 108.983
3.79 1.9241 0.0615 111.543
3.8 2.1381 0.0639 113.694
3.81 2.231 0.0691 115.224
3.82 2.34 0.0735 116.701
3.83 2.5096 0.0812 118.95
3.84 2.5702 0.0826 119.616
3.85 2.6832 0.0833 120.531
3.86 2.7398 0.0833 120.981
3.87 2.8326 0.0832 121.638
3.88 2.869 0.0828 121.901
3.89 2.9053 0.083 122.234
3.9 2.8609 0.0825001 121.989
3.91 2.7882 0.0827 121.648
3.92 2.6146 0.082 120.528
3.93 2.5702 0.0714 118.938
3.94 2.5298 0.0645 117.751
3.95 2.4894 0.0568 116.325
3.96 2.4813 0.0414 113.33
3.97 2.4571 0.0349 111.652
3.98 2.451 0.0235 108.075
3.99 2.448 0.0194 106.42
4 2.4606 0.0163 105.04
4.01 2.4732 0.0161 105.082
4.02 2.5177 0.0176 106.21
4.03 2.5177 0.0191 107.009
4.04 2.5015 0.0194 107.122
4.05 2.4813 0.0201 107.387
4.06 2.445 0.0203 107.321
4.07 2.3885 0.0209 107.293
4.08 2.3844 0.0226 108.04
4.09 2.3602 0.0264 109.36
4.1 2.3279 0.0278 109.688
4.11 2.2956 0.0281 109.64
4.12 2.2108 0.0279 109.056
4.13 2.1785 0.0278 108.866
4.14 2.1542 0.0253 107.914
4.15 2.1502 0.025 107.85
4.16 2.1462 0.0255 108.071
4.17 2.1664 0.0259 108.43
4.18 2.1866 0.0276 109.223
4.19 2.2067 0.0321 110.824
4.2 2.2148 0.0348 111.704
4.21 2.231 0.0368 112.417
4.22 2.2592 0.0376 112.896
4.23 2.3319 0.0388 113.784
4.24 2.3642 0.0424 114.93
4.25 2.4046 0.0444 115.729
4.26 2.4813 0.0471 116.902
4.27 2.5136 0.0463 117.03
4.28 2.5056 0.0456 116.904
4.29 2.4611 0.0435 116.221
4.3 2.4652 0.0392 115.321
4.31 2.4531 0.0373 114.839
4.32 2.449 0.0357 114.467
4.33 2.4127 0.0353 114.187
4.34 2.2754 0.0363 113.564
4.35 2.1542 0.0373 113
4.36 2.0412 0.0386 112.518
4.37 1.811 0.0404 111.087
4.38 1.6939 0.0478 111.644
4.39 1.6515 0.0494 111.613
4.4 1.6525 0.054 112.524
4.41 1.6535 0.0531 112.448
4.42 1.8756 0.0522 114.416
4.43 1.9887 0.0503 115.102
4.44 2.3238 0.0422 116.078
4.45 2.4854 0.0342 115.247
4.46 2.6307 0.0344 116.323
4.47 2.869 0.0329 117.421
4.48 2.9618 0.0303 117.229
4.49 3.1112 0.0241 115.907
4.5 3.1314 0.0206 114.581
4.51 3.1294 0.0143 111.211
4.52 3.1274 0.0121 109.734
4.53 3.0628 0.0094 107.196
4.54 3.0143 0.0093 106.92
4.55 2.9093 0.0096 106.722
4.56 2.8367 0.0099 106.672
4.57 2.6913 0.0107 106.619
4.58 2.6428 0.0124 107.718
4.59 2.5863 0.015 109.164
4.6 2.55 0.0168 110.04
4.61 2.5338 0.0225 112.712
4.62 2.5096 0.0259 113.951
4.63 2.4167 0.0285 114.308
4.64 2.336 0.0271 113.343
4.65 2.1502 0.0256 111.535
4.66 2.0735 0.0236 110.271
4.67 1.9806 0.0251 110.174
4.68 1.7828 0.0266 109.108
4.69 1.6858 0.0279 108.727
4.7 1.5768 0.0289 108.066
4.71 1.3911 0.0374 108.499
4.72 1.3063 0.0384 107.82
4.73 1.2417 0.0354 106.376
4.74 1.169 0.0324 104.743
4.75 1.1488 0.0294 103.7
4.76 1.1387 0.0275 103.055
4.77 1.1286 0.0225 101.278
4.78 1.1407 0.0218 101.226
4.79 1.1125 0.022 100.997
4.8 0.9994 0.0218 99.4317
4.81 0.9227 0.0215 98.2385
4.82 0.8621 0.0215 97.3384
4.83 0.8581 0.0199 96.7051
4.84 0.8661 0.0188 96.4328
4.85 0.8742 0.0186 96.5316
4.86 0.9065 0.0189 97.2222
4.87 0.9671 0.0192 98.3172
4.88 0.9994 0.0193 98.8825
4.89 1.0236 0.0198 99.4917
4.9 1.0559 0.0199 100.037
4.91 1.0802 0.0199 100.422
4.92 1.1084 0.0202 100.978
4.93 1.1367 0.0207 101.609
4.94 1.1528 0.0202 101.665
4.95 1.1609 0.02 101.741
4.96 1.1326 0.0199 101.394
4.97 1.1044 0.0197 100.998
4.98 1.0761 0.0196 100.635
4.99 1.0357 0.0181 99.4769
5 1.0277 0.0175 99.1428
5.01 1.0075 0.0166 98.4811
5.02 0.959 0.0154 97.2293
5.03 0.9469 0.0143 96.5085
5.04 0.9227 0.0136 95.8016
5.05 0.9146 0.0114 94.3376
5.06 0.8621 0.0106 93.0245
5.07 0.8338 0.01 92.1813
5.08 0.8136 0.0091 91.1884
5.09 0.7571 0.0081 89.4272
5.1 0.7208 0.0077 88.4716
5.11 0.6683 0.0073 87.1733
5.12 0.6481 0.0073 86.836
5.13 0.6198 0.0073 86.3263
5.14 0.5916 0.0091 87.3836
5.15 0.5794 0.0097 87.6332
5.16 0.5794 0.0093 87.3738
5.17 0.5794 0.0093 87.4208
5.18 0.5714 0.0093 87.2929
5.19 0.7087 0.0096 90.3288
5.2 0.846 0.0143 95.8368
5.21 1.4839 0.0172 105.579
5.22 1.7303 0.0159 107.294
5.23 3.0305 0.0147 115.617
5.24 5.3644 0.0081 119.517
5.25 6.9917 0.02 133.933
5.26 6.7696 0.032 138.702
5.27 8.294 0.0498 148.249
5.28 9.8183 0.0669 155.754
5.29 12.18 0.1285 169.72
5.3 16.299 0.1217 176.284
5.31 19.845 0.1645 186.055
5.32 19.037 0.1513 183.758
5.33 16.3315 0.1382 178.49
5.34 15.2472 0.2741 187.192
5.35 17.8466 0.3352 194.818
5.36 20.446 0.3321 198.62
5.37 21.645 0.3477 201.127
5.38 26.883 0.3633 208.37
5.39 27.775 0.3401 208.313
5.4 25.34 0.3169 204.479
5.41 28.676 0.3154 208.178
5.42 22.485 0.3139 201.037
5.43 19.776 0.281 195.645
5.44 19.9655 0.2833 196.147
5.45 20.155 0.2857 196.652
5.46 23.729 0.2944 201.936
5.47 27.109 0.2895 205.663
5.48 29.41 0.2845 207.894
5.49 31.316 0.2721 209.112
5.5 31.979 0.3909 216.271
5.51 31.054 0.5096 220.275
5.52 31.139 0.5069 220.375
5.53 32.875 0.5042 222.116
5.54 34.611 0.443 221.483
5.55 32.637 -0.0248 -nan
5.56 33.315 -0.0264 -nan
5.57 33.626 -0.0226 -nan
5.58 33.937 -0.0162 -nan
5.59 35.8875 -0.0099 -nan
5.6 37.838 0.0143 169.106
5.61 42.086 0.0155 172.958
