0.02 0.3011 0 0
0.03 0.1913 0.0009 14.6628
0.04 0.0853 0.0017 14.908
0.05 0.0927 0.0034 17.0063
0.06 0.1 0.0069 19.1839
0.07 0.121 0.0138 21.8029
0.0800001 0.1638 0.0153 23.8399
0.0900001 0.2384 0.0159 26.0847
0.1 0.2737 0.0165 27.484
0.11 0.3207 0.0163 28.8441
0.12 0.4031 0.0166 30.586
0.13 0.7288 0.017 34.1258
0.14 1.1447 0.0219 37.968
0.15 1.3526 0.0268 40.3163
0.16 1.6115 0.0286 42.3228
0.17 1.843 0.0348 44.6044
0.18 2.2314 0.0342 46.5168
0.19 2.4158 0.0514 49.4111
0.2 2.6826 0.056 51.2467
0.21 2.8867 0.0629 53.0079
0.22 3.483 0.0679 55.5219
0.23 3.0632 0.0736 55.5535
0.24 2.6159 0.0786 55.2527
0.25 2.4825 0.088 55.9874
0.26 2.5179 0.0895 56.7965
0.27 2.4786 0.0925001 57.423
0.28 2.4315 0.0897 57.6987
0.29 2.3923 0.0959 58.4523
0.3 2.4119 0.0964 59.1007
0.31 2.3099 0.0966 59.2822
0.32 2.1569 0.0962 59.1999
0.33 2.1098 0.0959 59.5035
0.34 1.9607 0.0942 59.2812
0.35 1.843 0.0912 59.0712
0.36 1.6939 0.0878 58.6312
0.37 1.5958 0.0855 58.4449
0.38 1.5919 0.0817 58.6368
0.39 1.5419 0.0812 58.761
0.4 1.5468 0.0808 59.1787
0.41 1.5517 0.081 59.6258
0.42 1.5855 0.0806 60.1883
0.43 1.6772 0.0803 61.0569
0.44 1.894 0.076 62.2478
0.45 2.4825 0.0733 64.9309
0.46 2.7964 0.0746 66.5559
0.47 3.0514 0.0713 67.547
0.48 3.4045 0.0689 68.8269
0.49 3.6556 0.0665 69.7296
0.5 3.8557 0.0654 70.5645
0.51 3.691 0.0649 70.4644
0.52 3.5536 0.0643 70.4054
0.53 3.3496 0.0645 70.1974
0.54 2.7807 0.0641 68.6613
0.55 2.559 0.0637 68.1562
0.56 2.3374 0.0607 67.34
0.57 2.4433 0.0535 67.3936
0.58 2.1569 0.0532 66.4842
0.59 2.1836 0.0532 66.9193
0.6 2.2104 0.0532 67.3509
0.61 2.2707 0.0532 67.9239
0.62 2.7023 0.0532 69.963
0.63 2.8003 0.0533 70.6473
0.640001 3.4124 0.0534 73.0177
0.650001 4.4442 0.0628 77.2112
0.660001 5.2211 0.0723 80.2951
0.670001 5.8684 0.0729 82.0564
0.680001 9.6075 0.0791 89.0594
0.690001 9.6075 0.1118 92.0331
0.700001 10.172 0.1089 92.9613
0.710001 9.8546 0.1665 96.2439
0.720001 10.777 0.1676 97.9255
0.730001 11.683 0.1686 99.5002
0.740001 11.279 0.1735 99.6096
0.75 10.494 0.1796 99.2336
0.760001 9.7448 0.1856 98.8128
0.770001 8.2539 0.1963 97.2819
0.780001 7.6732 0.2015 96.8217
0.790001 7.1593 0.2036 96.2831
0.800001 6.9395 0.2001 96.0488
0.810001 6.8532 0.1967 96.0705
0.820001 6.5381 0.1903 95.4844
0.830001 6.4923 0.1736 94.9812
0.840001 6.4962 0.1741 95.329
0.850001 6.5001 0.1573 94.8472
0.860001 6.8218 0.1489 95.3838
0.870001 8.1048 0.1452 97.8901
0.880001 9.2622 0.1435 100.009
0.890001 10.008 0.1426 101.396
0.900001 10.239 0.1428 102.058
0.910001 11.153 0.143 103.652
0.920001 11.738 0.1455 104.887
0.930001 12.334 0.1477 106.088
0.940001 12.33 0.1498 106.524
0.950001 12.668 0.1516 107.362
0.960001 12.456 0.1533 107.513
0.970001 11.671 0.1716 107.824
0.980001 11.059 0.1632 106.849
0.990001 9.5643 0.1548 104.474
1 8.811 0.1362 102.439
1.01 8.4461 0.1368 102.136
1.02 8.4108 0.1373 102.386
1.03 8.042 0.1391 102.114
1.04 7.7478 0.1531 102.656
1.05 7.634 0.1551 102.821
1.06 6.9238 0.1645 102.152
1.07 6.7149 0.1648 101.984
1.08 6.633 0.1645 102.052
1.09 6.5511 0.1641 102.11
1.1 7.277 0.1604 103.734
1.11 6.3 0.1518 101.392
1.12 6.0112 0.1604 101.425
1.13 5.8839 0.149 100.743
1.14 5.9213 0.1431 100.743
1.15 5.9587 0.143 101.074
1.16 7.277 0.1428 104.263
1.17 7.6183 0.1406 105.069
1.18 8.1244 0.1384 106.158
1.19 7.9008 0.138 105.955
1.2 7.8483 0.1376 106.075
1.21 7.8255 0.1376 106.275
1.22 7.8026 0.1375 106.467
1.23 7.9282 0.1353 106.811
1.24 7.7988 0.1331 106.653
1.25 7.991 0.1291 106.995
1.26 7.426 0.126 105.891
1.27 7.2921 0.1247 105.755
1.28 7.3426 0.1251 106.12
1.29 7.393 0.1254 106.476
1.3 7.5084 0.1307 107.312
1.31 9.8154 0.136 112.141
1.32 10.761 0.1412 114.233
1.33 11.4 0.1829 117.939
1.34 12.048 0.2003 120.034
1.35 12.872 0.2177 122.278
1.36 12.758 0.2223 122.586
1.37 12.574 0.2285 122.86
1.38 11.722 0.2348 122.147
1.39 9.9488 0.2345 119.523
1.4 8.964 0.2382 118.131
1.41 8.3284 0.242 117.272
1.42 8.8385 0.2493 118.806
1.43 8.246 0.2512 117.929
1.44 7.6536 0.2504 116.865
1.45 7.7556 0.2495 117.279
1.46 7.5869 0.2418 116.826
1.47 6.7708 0.2257 114.488
1.48 6.6453 0.2265 114.429
1.49 5.4212 0.2182 110.985
1.5 5.3623 0.2082 110.585
1.51 5.372 0.1987 110.388
1.52 5.3816 0.1692 109.15
1.53 5.4148 0.1598 108.927
1.54 5.6017 0.1463 108.857
1.55 5.6919 0.1337 108.488
1.56 5.6919 0.1273 108.239
1.57 5.4408 0.1058 106.084
1.58 5.3054 0.0843 103.904
1.59 5.1701 0.073 102.466
1.6 5.123 0.0733 102.544
1.61 4.8601 0.0584 100.036
1.62 4.9126 0.0492 98.9426
1.63 4.9651 0.0431 98.1766
1.64 5.1975 0.0457 99.4773
1.65 7.0572 0.0418 103.363
1.66 9.3642 0.0444 108.383
1.67 10.172 0.0471 110.407
1.68 10.671 0.0536 112.559
1.69 10.945 0.0572 113.771
1.7 11.216 0.0816 117.791
1.71 9.0543 0.091 115.444
1.72 6.4373 0.1005 111.001
1.73 5.582 0.1004 108.912
1.74 5.1544 0.1144 109.02
1.75 4.4835 0.1209 107.516
1.76 3.0279 0.1228 101.9
1.77 2.4355 0.121 98.7895
1.78 2.4551 0.1191 98.9283
1.79 2.3707 0.115 98.2977
1.8 2.3364 0.0955 96.7366
1.81 2.3781 0.0825001 95.9574
1.82 2.4198 0.068 94.8084
1.83 3.2947 0.079 100.514
1.84 3.1809 0.0478 96.0578
1.85 2.8906 0.048 94.919
1.86 2.3923 0.0476 92.4419
1.87 2.2942 0.0403 90.7574
1.88 2.1961 0.0398 90.2281
1.89 2.1647 0.039 90.0219
1.9 1.8509 0.0383 88.0109
1.91 1.5448 0.0362 85.4727
1.92 1.4585 0.0352 84.6936
1.93 0.9563 0.0342 79.6232
1.94 1.0113 0.03 79.5108
1.95 0.9014 0.0294 78.1848
1.96 0.8416 0.0289 77.4153
1.97 0.8449 0.0275 77.2488
1.98 0.8482 0.0253 76.866
1.99 0.8739 0.0236 76.8592
2 0.8936 0.0241 77.3486
2.01 0.9289 0.023 77.5871
2.02 0.9642 0.0224 77.9411
2.03 1.227 0.0223 80.7745
2.04 1.639 0.0238 84.7863
2.05 1.6625 0.0253 85.5096
2.06 1.5684 0.0285 85.7555
2.07 1.5802 0.0288 86.0387
2.08 1.2447 0.0293 83.3628
2.09 1.2082 0.0299 83.2573
2.1 1.2117 0.0308 83.6086
2.11 1.2153 0.0426 86.0458
2.12 1.1898 0.0464 86.5091
2.13 1.1974 0.046 86.6394
2.14 1.205 0.0472 87.0176
2.15 1.231 0.0485 87.5965
2.16 1.5684 0.0494 90.962
2.17 1.4664 0.0503 90.3368
2.18 1.4128 0.0505 89.9983
2.19 1.408 0.0506 90.0835
2.2 1.4646 0.0506 90.7111
2.21 1.5213 0.0506 91.3236
2.22 1.7175 0.0505 93.0343
2.23 1.7802 0.0502 93.5864
2.24 1.7508 0.0495 93.3693
2.25 1.7488 0.0398 91.7887
2.26 1.7606 0.0399 92.0102
2.27 1.7724 0.0375 91.7372
2.28 1.8783 0.0351 92.1118
2.29 1.8175 0.0332 91.364
2.3 1.829 0.0336 91.6491
2.31 1.8406 0.034 91.9338
2.32 1.8744 0.0353 92.5743
2.33 2.5257 0.0391 97.5787
2.34 2.5689 0.0467 99.3918
2.35 2.663 0.0544 101.305
2.36 2.9612 0.0576 103.477
2.37 3.3143 0.057 105.202
2.38 3.7616 0.0583 107.464
2.39 2.6159 0.0584 102.121
2.4 2.7807 0.0585 103.158
2.41 2.0588 0.0585 98.9023
2.42 1.6665 0.0584 96.0338
2.43 1.6586 0.0582 96.0508
2.44 1.5684 0.0564 95.1403
2.45 1.1721 0.0571 91.4301
2.46 1.0034 0.0536 89.0383
2.47 0.9578 0.0502 88.0622
2.48 0.9565 0.0517 88.3602
2.49 0.9623 0.0387 86.4282
2.5 0.9681 0.0296 84.6894
2.51 1.023 0.0291 85.3385
2.52 0.970001 0.0286 84.6588
2.53 0.9171 0.0287 84.0948
2.54 0.9328 0.0286 84.3686
2.55 0.9053 0.0286 84.0976
2.56 0.9024 0.0287 84.1748
2.57 0.8994 0.0287 84.2256
2.58 0.9053 0.0287 84.396
2.59 0.8818 0.0289 84.2161
2.6 0.8151 0.029 83.3809
2.61 0.819 0.029 83.5273
2.62 0.8112 0.0295 83.6198
2.63 0.8111 0.03 83.8241
2.64 0.8111 0.0306 84.0509
2.65 0.8112 0.0311 84.2544
2.66 0.8131 0.0311 84.371
2.67 0.8151 0.031 84.4663
2.68 0.9485 0.0309 86.3967
2.69 1.0034 0.0308 87.1663
2.7 1.0309 0.0308 87.5967
2.71 1.1015 0.0309 88.551
2.72 1.1407 0.0309 89.0893
2.73 1.1917 0.0311 89.7918
2.74 1.1996 0.0313 90.0167
2.75 1.129 0.0313 89.3243
2.76 1.1054 0.0313 89.1429
2.77 1.1133 0.0313 89.3241
2.78 1.0819 0.0313 89.046
2.79 0.976 0.0308 87.7049
2.8 0.9642 0.0303 87.5193
2.81 0.972 0.0304 87.7319
2.82 0.9406 0.0297 87.235
2.83 0.9208 0.0291 86.9061
2.84 0.9126 0.029 86.8545
2.85 0.9129 0.0288 86.8935
2.86 0.9132 0.0283 86.8556
2.87 0.9171 0.0277 86.8383
2.88 0.923 0.0269 86.7908
2.89 0.9289 0.0267 86.9002
2.9 0.9446 0.0261 87.0292
2.91 0.9328 0.026 86.9272
2.92 0.897501 0.026 86.5281
2.93 0.8889 0.026 86.4904
2.94 0.8858 0.0256 86.4172
2.95 0.8877 0.0256 86.5255
2.96 0.8896 0.0257 86.6618
2.97 0.9053 0.0258 86.99
2.98 0.9092 0.0288 87.9262
2.99 0.921 0.0295 88.3481
3 0.9328 0.0297 88.6422
3.01 0.9799 0.0329 90.1198
3.02 1.0937 0.0355 92.2232
3.03 1.1682 0.0363 93.361
3.04 1.231 0.0385 94.6159
3.05 1.4114 0.0396 96.8124
3.06 1.4703 0.0386 97.2655
3.07 1.4585 0.0398 97.4889
3.08 1.3879 0.041 97.1221
3.09 1.3472 0.0418 96.9497
3.1 1.3352 0.042 96.9504
3.11 1.3518 0.0422 97.2485
3.12 1.3683 0.0431 97.6768
3.13 1.4703 0.044 98.9512
3.14 1.5448 0.044 99.7464
3.15 1.5448 0.0439 99.8157
3.16 1.6037 0.0438 100.424
3.17 1.7332 0.0424 101.369
3.18 1.8705 0.0417 102.435
3.19 2.2079 0.0401 104.661
3.2 2.2942 0.0383 104.931
3.21 2.663 0.036 106.749
3.22 2.8592 0.0364 108.04
3.23 3.2868 0.0348 109.913
3.24 3.5693 0.0335 110.97
3.25 3.7223 0.0277 109.985
3.26 4.4089 0.0263 112.309
3.27 4.8601 0.0257 113.775
3.28 5.7076 0.0259 116.613
3.29 5.9862 0.0261 117.591
3.3 6.7434 0.0267 119.952
3.31 6.8415 0.0284 120.923
3.32 7.0847 0.0305 122.359
3.33 7.2887 0.0318 123.39
3.34 7.5163 0.0334 124.549
3.35 7.8576 0.0359 126.208
3.36 7.9479 0.0383 127.203
3.37 7.991 0.041 128.132
3.38 8.0656 0.0421 128.692
3.39 8.1597 0.0421 129.013
3.4 8.1911 0.0421 129.191
3.41 8.2107 0.0421 129.341
3.42 8.2068 0.042 129.411
3.43 8.2853 0.0418 129.643
3.44 8.3049 0.0416 129.74
3.45 8.348 0.0416 129.942
3.46 8.4147 0.0415 130.169
3.47 8.6462 0.0413 130.731
3.48 8.7404 0.0414 131.067
3.49 8.8071 0.0414 131.315
3.5 8.9444 0.0415 131.739
3.51 9.2034 0.0418 132.466
3.52 9.2818 0.0426 132.942
3.53 9.2661 0.0434 133.221
3.54 9.2897 0.0434 133.374
3.55 9.3995 0.0447 134.034
3.56 9.5329 0.0447 134.411
3.57 9.5878 0.0452 134.752
3.58 9.7252 0.046 135.331
3.59 9.584 0.0463 135.224
3.6 9.4427 0.0463 135.039
3.61 9.5643 0.0463 135.393
3.62 9.4388 0.0461 135.191
3.63 9.4258 0.0456 135.145
3.64 9.4128 0.0453 135.147
3.65 9.4152 0.0447 135.105
3.66 9.3956 0.0445 135.117
3.67 9.3858 0.0443 135.149
3.68 9.376 0.0439 135.129
3.69 9.4388 0.0437 135.309
3.7 9.3211 0.0437 135.167
3.71 9.3289 0.0437 135.284
3.72 9.1484 0.0436 134.98
3.73 9.1563 0.0436 135.097
3.74 9.0464 0.0433 134.885
3.75 8.9287 0.0435 134.783
3.76 8.8463 0.0429 134.547
3.77 8.8326 0.0426 134.538
3.78 8.848 0.0425 134.644
3.79 8.8635 0.0424 134.751
3.8 8.9012 0.0424 134.932
3.81 8.9836 0.0425 135.236
3.82 9.066 0.0425 135.513
3.83 9.2308 0.0427 136.017
3.84 9.1602 0.0431 136.071
3.85 9.3328 0.0433 136.588
3.86 9.3054 0.0435 136.681
3.87 9.376 0.0437 136.981
3.88 9.3995 0.044 137.207
3.89 9.378 0.0442 137.311
3.9 9.3564 0.0444 137.416
3.91 9.3799 0.0453 137.793
3.92 9.325 0.0461 137.975
3.93 9.0856 0.0467 137.705
3.94 9.0072 0.047 137.704
3.95 8.9679 0.0473 137.787
3.96 8.8699 0.0474 137.69
3.97 8.7325 0.0474 137.477
3.98 8.454 0.0474 136.933
3.99 8.3794 0.0474 136.853
4 8.3245 0.0464 136.577
4.01 8.298 0.0456 136.411
4.02 8.2981 0.0439 136.075
4.03 8.2983 0.0431 135.961
4.04 8.3088 0.0424 135.895
4.05 8.3598 0.0417 135.92
4.06 8.4226 0.0396 135.575
4.07 8.5207 0.0374 135.25
4.08 8.8463 0.0364 135.768
4.09 9.0464 0.0363 136.268
4.1 9.2465 0.0362 136.759
4.11 9.4662 0.0363 137.347
4.12 9.9135 0.0363 138.357
4.13 9.6428 0.0364 137.931
4.14 10.012 0.0374 139.086
4.15 10.369 0.0373 139.852
4.16 10.635 0.0387 140.888
4.17 10.792 0.0393 141.461
4.18 11 0.0407 142.359
4.19 11.157 0.0414 142.947
4.2 11.31 0.042 143.494
4.21 11.561 0.042 144.044
4.22 11.612 0.0426 144.4
4.23 11.679 0.0424 144.559
4.24 11.683 0.0427 144.745
4.25 11.691 0.0428 144.883
4.26 11.699 0.0429 145.02
4.27 11.64 0.043 145.037
4.28 11.589 0.0437 145.235
4.29 11.561 0.0437 145.278
4.3 11.53 0.044 145.399
4.31 11.476 0.044 145.394
4.32 11.4766 0.044 145.489
4.33 11.4771 0.0439 145.556
4.34 11.483 0.0437 145.605
4.35 11.542 0.0435 145.75
4.36 11.648 0.0429 145.867
4.37 11.675 0.0424 145.866
4.38 11.789 0.0424 146.163
4.39 11.824 0.0424 146.318
4.4 11.883 0.0424 146.516
4.41 12.095 0.0426 147.039
4.42 12.189 0.0429 147.382
4.43 12.217 0.0429 147.524
4.44 12.271 0.0429 147.71
4.45 12.601 0.0435 148.54
4.46 12.695 0.0441 148.961
4.47 12.758 0.0453 149.494
4.48 13.08 0.046 150.316
4.49 13.139 0.0466 150.669
4.5 13.244 0.0462 150.827
4.51 13.437 0.0474 151.558
4.52 13.476 0.048 151.874
4.53 13.4565 0.0485 152.066
4.54 13.437 0.0507 152.69
4.55 13.413 0.0509 152.794
4.56 13.409 0.0511 152.931
4.57 13.346 0.051 152.896
4.58 13.209 0.0509 152.736
4.59 13.209 0.0505 152.729
4.6 13.119 0.0497 152.468
4.61 13.115 0.0477 152.033
4.62 13.095 0.0471 151.931
4.63 13.009 0.047 151.851
4.64 12.958 0.046 151.585
4.65 12.829 0.0456 151.348
4.66 12.619 0.0454 151.023
4.67 12.409 0.0453 150.721
4.68 12.44 0.0452 150.837
4.69 12.37 0.0452 150.804
4.7 12.201 0.0452 150.595
4.71 12.134 0.0451 150.536
4.72 12.067 0.0451 150.505
4.73 12.032 0.0451 150.531
4.74 11.942 0.0454 150.539
4.75 11.801 0.0454 150.37
4.76 11.754 0.0458 150.482
4.77 11.718 0.0462 150.612
4.78 11.706 0.047 150.893
4.79 11.64 0.0476 151.017
4.8 11.432 0.048 150.818
4.81 11.318 0.0486 150.843
4.82 11.11 0.0486 150.528
4.83 10.973 0.0485 150.32
4.84 10.922 0.0484 150.279
4.85 10.733 0.048 149.885
4.86 10.604 0.0456 149.072
4.87 10.533 0.0447 148.766
4.88 10.5322 0.0445 148.794
4.89 10.5346 0.0444 148.856
4.9 10.5369 0.0443 148.917
4.91 10.549 0.0443 149.026
4.92 10.839 0.0443 149.694
4.93 10.906 0.0443 149.911
4.94 11 0.0442 150.153
4.95 11.067 0.0441 150.34
4.96 10.941 0.0438 150.092
4.97 10.879 0.0437 150.024
4.98 10.839 0.0434 149.943
4.99 10.769 0.0432 149.829
5 10.716 0.0422 149.514
5.01 10.6904 0.0416 149.368
5.02 10.6893 0.041 149.268
5.03 10.6936 0.041 149.359
5.04 10.698 0.041 149.45
5.05 10.784 0.041 149.705
5.06 10.843 0.0418 150.146
5.07 11.043 0.0424 150.804
5.08 11.185 0.041 150.742
5.09 11.216 0.0395 150.418
5.1 11.416 0.0378 150.332
5.11 11.448 0.0372 150.274
5.12 11.444 0.0378 150.549
5.13 11.506 0.0383 150.913
5.14 11.506 0.0399 151.509
5.15 11.597 0.0415 152.261
5.16 11.699 0.0413 152.474
5.17 11.856 0.0416 152.941
5.18 11.934 0.0421 153.32
5.19 12.0105 0.0426 153.694
5.2 12.087 0.0429 154.007
5.21 12.271 0.0435 154.604
5.22 12.405 0.0438 155.017
5.23 12.495 0.0435 155.172
5.24 12.538 0.0446 155.654
5.25 12.648 0.0452 156.106
5.26 12.711 0.0452 156.301
5.27 12.829 0.0465 156.961
5.28 12.982 0.0476 157.619
5.29 13.068 0.0478 157.907
5.3 13.142 0.0485 158.31
5.31 13.248 0.0493 158.792
5.32 13.299 0.0492 158.936
5.33 13.35 0.0497 159.241
5.34 13.35 0.0494 159.244
5.35 13.417 0.0499 159.575
5.36 13.4365 0.0501 159.744
5.37 13.456 0.0506 159.993
5.38 13.503 0.0509 160.235
5.39 13.464 0.0514 160.381
5.4 13.55 0.0518 160.714
5.41 13.445 0.0519 160.643
5.42 13.48 0.052 160.811
5.43 13.366 0.052 160.697
5.44 13.272 0.052 160.616
5.45 13.166 0.0519 160.487
5.46 13.127 0.0519 160.5
5.47 13.009 0.0519 160.373
5.48 12.919 0.0516 160.217
5.49 12.797 0.0515 160.053
5.5 12.778 0.0514 160.074
5.51 12.77 0.0514 160.141
5.52 12.672 0.0514 160.044
5.53 12.601 0.0514 159.995
5.54 12.542 0.0513 159.941
5.55 12.5145 0.0502 159.683
5.56 12.487 0.0491 159.418
5.57 12.511 0.0478 159.186
5.58 12.475 0.0464 158.806
5.59 12.428 0.0458 158.627
5.6 12.417 0.0454 158.569
5.61 12.373 0.0451 158.48
5.62 12.244 0.0449 158.26
5.63 12.115 0.0448 158.068
5.64 12.103 0.0448 158.124
5.65 12.099 0.0448 158.194
5.66 12.095 0.0449 158.294
5.67 12.091 0.045 158.393
5.68 12.009 0.0451 158.345
5.69 11.969 0.0456 158.491
5.7 11.958 0.0458 158.605
5.71 11.962 0.0463 158.834
5.72 11.895 0.0464 158.811
5.73 11.907 0.0466 158.968
5.74 11.84 0.0467 158.944
5.75 11.718 0.0466 158.756
5.76 11.71 0.0469 158.902
5.77 11.636 0.047 158.862
5.78 11.6358 0.0472 158.994
5.79 11.6381 0.0475 159.159
5.8 11.6404 0.0476 159.268
5.81 11.679 0.048 159.531
5.82 11.71 0.048 159.668
5.83 11.734 0.0484 159.902
5.84 11.805 0.0482 160.062
5.85 11.793 0.0485 160.197
5.86 11.856 0.0484 160.369
5.87 11.828 0.0487 160.473
5.88 11.887 0.0491 160.773
5.89 11.946 0.0501 161.234
5.9 12.071 0.0512 161.844
5.91 12.091 0.0513 161.985
5.92 12.205 0.052 162.464
5.93 12.244 0.0524 162.718
5.94 12.346 0.053 163.144
5.95 12.385 0.0532 163.345
5.96 12.405 0.0533 163.485
5.97 12.405 0.0533 163.561
5.98 12.475 0.0533 163.77
5.99 12.499 0.0533 163.891
6 12.4835 0.0531 163.887
6.01 12.4932 0.0529 163.93
6.02 12.503 0.0529 164.024
6.03 12.491 0.0529 164.077
6.04 12.519 0.0529 164.206
6.05 12.436 0.047 162.517
6.06 12.464 0.0444 161.876
6.07 12.397 0.0434 161.518
6.08 12.33 0.0439 161.62
6.09 12.295 0.0444 161.78
6.1 12.142 0.0462 162.097
6.11 12.115 0.0465 162.206
6.12 11.907 0.0466 161.905
6.13 11.828 0.0467 161.852
6.14 11.663 0.0462 161.454
6.15 11.469 0.0457 160.991
6.16 11.275 0.0454 160.581
6.17 11.208 0.0451 160.427
6.18 11.087 0.0451 160.248
6.19 11.047 0.0451 160.237
6.2 11.028 0.0451 160.269
6.21 10.949 0.0453 160.234
6.22 10.777 0.0454 159.97
6.23 10.745 0.0454 159.973
6.24 10.667 0.0454 159.876
6.25 10.443 0.0454 159.459
6.26 10.412 0.0455 159.491
6.27 10.306 0.0455 159.327
6.28 10.176 0.0458 159.194
6.29 9.9566 0.0466 158.994
6.3 9.8036 0.0524 160.266
6.31 9.6232 0.0537 160.235
6.32 9.4388 0.0543 160.008
6.33 9.1249 0.0549 159.446
6.3401 8.9248 0.0551 159.056
6.3501 8.6423 0.0562 158.651
6.3601 8.2539 0.0567 157.789
6.3701 7.0729 0.057 154.455
6.3801 6.457 0.057 152.508
6.3901 5.8528 0.057 150.431
6.4001 5.4643 0.057 149.016
6.4101 4.6836 0.057 145.807
6.4201 4.303 0.057 144.101
6.4301 3.8518 0.057 141.882
6.4401 3.1417 0.0569 137.818
6.4501 2.7925 0.056 135.378
6.4601 2.5218 0.0557 133.403
6.4701 2.2471 0.0555 131.223
6.4801 1.9725 0.0538 128.505
6.4901 1.537 0.0512 123.514
6.5001 1.3683 0.0488 121.031
6.5101 1.2427 0.0472 119.085
6.5201 1.1525 0.0458 117.555
6.5301 1.074 0.0428 115.762
6.5401 1.0718 0.0375 114.511
6.5501 1.0744 0.0341 113.697
6.5601 1.077 0.0319 113.155
6.5701 1.0937 0.0273 111.994
6.5801 1.1211 0.0254 111.768
6.5901 1.1643 0.0241 111.935
6.6001 1.1093 0.0238 111.089
6.6101 1.0708 0.0234 110.416
6.6201 1.0562 0.0233 110.205
6.6301 1.0622 0.0233 110.341
6.6401 1.0682 0.0278 112.112
6.6501 1.129 0.0323 114.477
6.6601 1.1839 0.0357 116.275
6.6701 1.2231 0.0381 117.504
6.6801 1.5056 0.0406 121.766
6.6901 1.6037 0.0472 124.479
6.7001 1.7371 0.0512 126.828
6.7101 1.9293 0.0514 128.854
6.7201 2.1647 0.0515 131.083
6.7301 2.2511 0.0543 132.461
6.7401 2.4237 0.0576 134.592
6.7501 2.5453 0.0577 135.62
6.7601 2.4551 0.0569 134.816
6.7701 2.3413 0.0561 133.795
6.7801 2.2236 0.0519 132.002
6.7901 2.1137 0.048 130.246
6.8001 1.9803 0.0468 128.81
6.8101 1.9136 0.0443 127.644
6.8201 1.8352 0.0431 126.64
6.8301 1.6586 0.0418 124.541
6.8401 1.4703 0.0427 122.666
6.8501 1.4623 0.0398 121.904
6.8601 1.5341 0.0402 122.9
6.8701 1.6059 0.0381 123.211
6.8801 1.9843 0.0338 125.814
6.8901 2.6905 0.0286 129.691
6.9001 3.4791 0.0283 134.518
6.9101 4.2324 0.0281 138.342
6.9201 5.1465 0.0281 142.351
6.9301 5.4094 0.0281 143.433
6.9401 5.637 0.0281 144.345
6.9501 5.8096 0.0302 145.903
6.9601 6.1078 0.0311 147.377
6.9701 6.3039 0.0317 148.344
6.9801 6.508 0.0319 149.164
6.9901 6.7473 0.0323 150.157
7.0001 6.7983 0.0323 150.379
7.0101 6.8258 0.0324 150.565
7.0201 6.8964 0.0324 150.848
7.0301 6.9592 0.0324 151.105
7.0401 7.018 0.0325 151.387
7.0501 7.1004 0.0327 151.779
7.0601 7.2063 0.0329 152.24
7.0701 7.2338 0.0331 152.46
7.0801 7.2613 0.0331 152.604
7.0901 7.2926 0.0331 152.758
7.1001 7.2926 0.0329 152.741
7.1101 7.328 0.0311 152.193
7.1201 7.375 0.0311 152.393
7.1301 7.5908 0.0311 153.087
7.1401 7.8262 0.0312 153.862
7.1501 8.0459 0.0313 154.578
7.1601 8.5481 0.0313 155.993
7.1701 8.3755 0.0315 155.678
7.1801 8.7835 0.0327 157.297
7.1901 8.9483 0.0335 158.097
7.2001 9.0621 0.0343 158.758
7.2101 9.3407 0.0348 159.705
7.2201 9.5329 0.0364 160.837
7.2301 9.7487 0.0371 161.674
7.2401 9.9292 0.0377 162.381
7.2501 10.204 0.0382 163.262
7.2601 10.369 0.0383 163.737
7.2701 10.588 0.0391 164.577
7.2801 10.628 0.0396 164.903
7.2901 10.957 0.0405 166.002
7.3001 11 0.041 166.329
7.3101 11.114 0.0414 166.774
7.3201 11.161 0.0441 167.819
7.3301 11.236 0.0441 168.044
7.3401 11.322 0.0441 168.293
7.3501 11.346 0.0441 168.408
7.3601 11.44 0.0441 168.672
7.3701 11.42 0.044 168.661
7.3801 11.55 0.0439 168.968
7.3901 11.64 0.0436 169.124
7.4001 11.675 0.0431 169.098
7.4101 11.718 0.0424 169.021
7.4201 11.942 0.0424 169.546
7.4301 12.107 0.0424 169.945
7.4401 12.275 0.0424 170.346
7.4501 12.421 0.0435 171.064
7.4601 12.758 0.044 171.953
7.4701 12.895 0.0453 172.699
7.4801 13.084 0.0475 173.81
7.4901 13.26 0.0489 174.631
7.5001 13.37 0.0498 175.17
7.5101 13.519 0.0509 175.834
7.5201 13.629 0.0526 176.586
7.5301 13.649 0.0532 176.856
7.5401 13.715 0.0538 177.209
7.5501 13.845 0.0547 177.761
7.5601 14.021 0.0556 178.392
7.5701 14.108 0.0558 178.67
7.5801 14.202 0.0561 178.986
7.5901 14.437 0.0567 179.634
7.6001 14.594 0.0582 180.372
7.6101 14.68 0.0596 180.948
7.6201 14.861 0.0604 181.535
7.6301 14.849 0.0606 181.63
7.6401 14.908 0.0604 181.75
7.6501 14.888 0.0602 181.731
7.6601 14.779 0.0598 181.504
7.6701 14.692 0.0599 181.44
7.6801 14.61 0.0591 181.157
7.6901 14.402 0.0591 180.849
7.7001 14.382 0.0584 180.699
7.7101 14.3376 0.0583 180.658
7.7201 14.321 0.0583 180.693
7.7301 14.324 0.0583 180.763
7.7401 14.327 0.0583 180.834
7.7501 14.492 0.0594 181.479
7.7601 14.704 0.0602 182.127
7.7701 14.877 0.0613 182.774
7.7801 15.151 0.0628 183.69
7.7901 15.312 0.0646 184.469
7.8001 15.473 0.0667 185.305
7.8101 15.489 0.0676 185.606
7.8201 15.54 0.0693 186.144
7.8301 15.52 0.0709 186.529
7.8401 15.406 0.0741 187.083
7.8501 15.351 0.0756 187.366
7.8601 15.336 0.0773 187.753
7.8701 15.104 0.0789 187.727
7.8801 15.01 0.0803 187.899
7.8901 14.955 0.0816 188.117
7.9001 14.802 0.0822 188.02
7.9101 14.684 0.0824 187.907
7.9201 14.622 0.0824 187.859
7.9301 14.5905 0.0824 187.866
7.9401 14.559 0.0824 187.874
7.9501 14.5375 0.082 187.823
7.9601 14.516 0.0801 187.483
7.9701 14.5026 0.0791 187.327
7.9801 14.4962 0.0777 187.103
7.9901 14.4961 0.0747 186.555
8.0001 14.5323 0.0735 186.436
8.0101 14.5685 0.0719 186.226
8.0201 14.641 0.0712 186.272
8.0301 14.869 0.0714 186.796
8.0401 15.006 0.0715 187.129
8.0501 15.473 0.072 188.131
8.0601 15.638 0.0731 188.721
8.0701 15.83 0.0741 189.332
8.0801 16.109 0.0771 190.502
8.0901 16.214 0.0783 190.992
8.1001 16.344 0.0799 191.599
8.1101 16.54 0.0831 192.623
8.1201 16.603 0.0842 193.005
8.1301 16.799 0.0852 193.588
8.1401 16.834 0.0859 193.844
8.1501 16.76 0.0866 193.918
8.1601 16.721 0.0867 193.938
8.1701 16.709 0.0886 194.334
8.1801 16.615 0.0904 194.567
8.1901 16.552 0.0923 194.864
8.2001 16.395 0.0935 194.872
8.2101 16.0185 0.0944 194.442
8.2201 15.642 0.0946 193.877
8.2301 15.477 0.0945 193.629
8.2401 15.19 0.0945 193.173
8.2501 14.884 0.0943 192.639
8.2601 14.598 0.0934 192.013
8.2701 14.214 0.0926 191.205
8.2801 14.104 0.0904 190.673
8.2901 14.029 0.0892 190.379
8.3001 13.986 0.0864 189.854
8.3101 13.9838 0.0850001 189.656
8.3201 14.0028 0.0836 189.494
8.3301 14.0219 0.0828 189.443
8.3401 14.061 0.0829 189.601
8.3501 14.115 0.0825001 189.693
8.3601 14.186 0.082 189.797
8.3701 14.202 0.0814 189.775
8.3801 14.214 0.0808 189.744
8.3901 14.174 0.0787 189.315
8.4001 14.139 0.0785 189.27
8.4101 14.127 0.0784 189.29
8.4201 14.1234 0.0783 189.325
8.4301 14.1222 0.0754 188.792
8.4401 14.1461 0.0737 188.542
8.4501 14.17 0.0719 188.262
8.4601 14.418 0.0719 188.795
8.4701 14.531 0.0727 189.244
8.4801 14.712 0.0735 189.816
8.4901 15.139 0.0773 191.464
8.5001 15.418 0.0795 192.479
8.5101 15.528 0.0816 193.158
8.5201 15.803 0.081 193.591
8.5301 15.846 0.0819 193.908
8.5401 16.45 0.0834 195.314
8.5501 16.626 0.0894 196.812
8.5601 16.803 0.0913 197.521
8.5701 16.87 0.0928 197.967
8.5801 17.031 0.0932 198.373
8.5901 17.305 0.094 199.035
8.6001 17.297 0.0941 199.104
8.6101 17.203 0.094 198.995
8.6201 16.932 0.0939 198.587
8.6301 16.8822 0.0936 198.514
8.6401 16.8902 0.0929 198.467
8.6501 16.8981 0.0914 198.276
8.6601 16.936 0.0898 198.112
8.6701 17.152 0.0853 197.69
8.6801 17.427 0.0841 197.973
8.6901 17.827 0.0838 198.626
8.7001 17.988 0.0839 198.967
8.7101 18.062 0.084 199.168
8.7201 18.219 0.0843 199.539
8.7301 18.0995 0.0851 199.57
8.7401 18.1302 0.0874 200.126
8.7501 18.161 0.0917 201.04
8.7601 18.204 0.0943 201.641
8.7701 18.306 0.0966 202.272
8.7801 18.321 0.0977 202.551
8.7901 18.274 0.0995 202.848
8.8001 18.239 0.1003 202.991
8.8101 18.137 0.1011 203.026
8.8201 18.066 0.1012 202.992
8.8301 17.937 0.1014 202.88
8.8401 17.858 0.1022 202.947
8.8501 17.7944 0.1033 203.088
8.8601 17.8042 0.1054 203.508
8.8701 17.814 0.106 203.684
8.8801 17.847 0.1066 203.898
8.8901 17.878 0.1068 204.045
8.9001 17.831 0.1079 204.205
8.9101 17.796 0.1086 204.321
8.9201 17.756 0.1088 204.35
8.9301 17.521 0.1091 204.068
8.9401 17.462 0.1097 204.126
8.9501 17.366 0.1101 204.089
8.9601 17.3202 0.1107 204.167
8.9701 17.2996 0.111 204.241
8.9801 17.2963 0.111 204.299
8.9901 17.3952 0.111 204.53
9.0001 17.494 0.1108 204.729
9.0101 17.733 0.1103 205.116
9.0201 17.898 0.1025 204.203
9.0301 18.29 0.1012 204.687
9.0401 18.51 0.1012 205.103
9.0501 18.773 0.1012 205.583
9.0601 19.043 0.1016 206.137
9.0701 19.051 0.1034 206.514
9.0801 18.91 0.106 206.784
9.0901 18.651 0.106 206.436
9.1001 18.231 0.1063 205.872
9.1101 18.039 0.107 205.733
9.1201 17.902 0.1115 206.276
9.1301 17.796 0.1144 206.603
9.1401 17.631 0.1207 207.312
9.1501 17.388 0.1213 207.046
9.1601 17.156 0.1215 206.737
9.1701 16.685 0.1211 205.916
9.1801 16.407 0.1207 205.424
9.1901 15.861 0.118 204.103
9.2001 15.536 0.116 203.267
9.2101 14.928 0.1149 202.003
9.2201 14.512 0.1136 201.053
9.2301 13.747 0.1121 199.331
9.2401 13.2445 0.111 198.162
9.2501 12.742 0.1083 196.717
9.2601 12.719 0.1067 196.481
9.2701 12.311 0.1054 195.42
9.2801 12.185 0.103 194.816
9.2901 12.056 0.1014 194.323
9.3001 11.93 0.099 193.7
9.3101 11.663 0.0971 192.817
9.3201 11.612 0.0950001 192.402
9.3301 11.5713 0.0916 191.78
9.3401 11.5573 0.0896 191.452
9.3501 11.5659 0.0863 190.932
9.3601 11.5745 0.0847 190.712
9.3701 11.64 0.0833 190.659
9.3801 11.789 0.0799 190.404
9.3901 12.115 0.0778 190.787
9.4001 12.338 0.0774 191.263
9.4101 12.581 0.077 191.775
9.4201 13.033 0.0769 192.788
9.4301 13.276 0.077 193.38
9.4401 13.527 0.077 193.959
9.4501 13.904 0.0776 194.912
9.4601 14.053 0.0779 195.331
9.4701 14.508 0.0781 196.329
9.4801 14.673 0.0805 197.203
9.4901 15.143 0.0814 198.341
9.5001 15.292 0.0822 198.841
9.5101 15.673 0.0844 200.045
9.5201 15.81 0.0872 200.899
9.5301 15.928 0.0904 201.777
9.5401 16.065 0.0934 202.634
9.5501 16.132 0.0984 203.697
9.5601 16.061 0.1007 204.019
9.5701 16.101 0.1019 204.352
9.5801 16.058 0.1042 204.713
9.5901 15.959 0.1062 204.914
9.6001 15.806 0.1073 204.865
9.6101 15.43 0.1071 204.183
9.6201 15.398 0.107 204.165
9.6301 15.3767 0.1062 204.056
9.6401 15.3859 0.1047 203.891
9.6501 15.3951 0.1029 203.673
9.6601 15.418 0.102 203.626
9.6701 15.457 0.1011 203.609
9.6801 15.704 0.1013 204.167
9.6901 15.928 0.1005 204.507
9.7001 16.156 0.0998 204.866
9.7101 16.477 0.099 205.368
9.7201 16.591 0.0986 205.562
9.7301 16.909 0.0985 206.166
9.7401 17.109 0.0989 206.644
9.7501 17.27 0.0993 207.052
9.7601 17.176 0.1006 207.172
9.7701 17.082 0.1027 207.424
9.7801 17.117 0.1083 208.462
9.7901 17.038 0.1112 208.842
9.8001 16.889 0.1135 208.992
9.8101 16.811 0.1137 208.943
9.8201 16.736 0.1147 209.02
9.8301 16.646 0.1162 209.143
9.8401 16.56 0.1168 209.135
9.8501 16.528 0.1182 209.344
9.8601 16.509 0.1183 209.383
9.8701 16.493 0.1183 209.413
9.8801 16.45 0.1183 209.393
9.8901 16.36 0.1179 209.227
9.9001 16.207 0.1164 208.781
9.9101 16.136 0.1155 208.572
9.9201 16.077 0.1157 208.551
9.9301 15.893 0.1158 208.279
9.9401 15.883 0.1163 208.393
9.9501 15.873 0.1174 208.596
9.9601 15.889 0.1175 208.699
9.9701 15.85 0.1176 208.698
9.9801 15.838 0.1176 208.733
9.9901 15.661 0.1176 208.454
10 15.512 0.118 208.283
10.01 15.049 0.1181 207.449
10.02 14.869 0.1184 207.191
10.03 14.669 0.1184 206.845
10.04 14.5 0.1183 206.542
10.05 14.265 0.1183 206.114
10.06 14.21 0.118 206.013
10.07 14.127 0.117 205.75
10.08 14.074 0.1158 205.519
10.09 14.0476 0.1154 205.461
10.1 14.0436 0.1153 205.495
10.11 14.0443 0.1146 205.448
10.12 14.045 0.114 205.417
10.13 14.0645 0.1137 205.469
10.14 14.084 0.1137 205.566
10.15 14.143 0.1121 205.504
10.16 14.115 0.1112 205.364
10.17 14.188 0.1101 205.403
10.18 14.261 0.1085 205.361
10.19 14.316 0.1078 205.42
10.2 14.331 0.1079 205.523
10.21 14.343 0.1001 204.324
10.22 14.484 0.099 204.48
10.23 14.571 0.0947 203.957
10.24 14.665 0.0916 203.637
10.25 14.881 0.0904 203.897
10.26 14.955 0.0894 203.91
10.27 15.014 0.0893 204.061
10.28 14.849 0.0893 203.792
10.29 14.8408 0.0894 203.85
10.3 14.8435 0.0896 203.948
10.31 14.8462 0.0897 204.028
10.32 14.853 0.0899 204.134
10.33 14.849 0.0902 204.237
10.34 14.877 0.0913 204.554
10.35 14.857 0.0918 204.662
10.36 14.841 0.0923 204.778
10.37 14.775 0.0924 204.72
10.38 14.629 0.0953 205.009
10.39 14.586 0.0969 205.261
10.4 14.524 0.0984 205.452
10.41 14.327 0.0987 205.155
10.42 14.28 0.0988 205.13
10.43 14.198 0.0995 205.135
10.44 14.155 0.1003 205.237
10.45 14.178 0.1011 205.476
10.46 14.053 0.1021 205.436
10.47 14.033 0.1026 205.532
10.48 14.037 0.1026 205.595
10.49 13.911 0.1027 205.4
10.5 13.809 0.1027 205.236
10.51 13.778 0.1027 205.224
10.52 13.629 0.1027 204.957
10.53 13.601 0.1025 204.918
10.54 13.448 0.1016 204.488
10.55 13.401 0.1008 204.304
10.56 13.327 0.1004 204.128
10.57 13.37 0.0984 203.935
10.58 13.288 0.0975001 203.652
10.59 13.295 0.0964 203.529
10.6 13.296 0.0959 203.496
10.61 13.297 0.0956 203.499
10.62 13.3212 0.0955 203.587
10.63 13.37 0.0955 203.748
10.64 13.472 0.0955 204.024
10.65 13.625 0.0967 204.622
10.66 13.747 0.0988 205.305
10.67 13.786 0.1003 205.7
10.68 13.9 0.1019 206.269
10.69 13.994 0.1026 206.641
10.7 14.053 0.1026 206.82
10.71 14.025 0.1026 206.814
10.72 13.939 0.1024 206.651
10.73 13.853 0.1021 206.47
10.74 13.8546 0.1006 206.273
10.75 13.8561 0.1 206.227
10.76 13.86 0.0994 206.186
10.77 13.86 0.0986 206.1
10.78 13.768 0.0967 205.623
10.79 13.734 0.0961 205.496
10.8 13.7245 0.0955 205.421
10.81 13.715 0.0946 205.292
10.82 13.723 0.0945 205.344
10.83 13.688 0.0944 205.303
10.84 13.676 0.0941 205.275
10.85 13.6678 0.0941 205.31
10.86 13.6743 0.0943 205.413
10.87 13.6808 0.0945 205.516
10.88 13.696 0.0952 205.728
10.89 13.751 0.0949 205.845
10.9 13.927 0.0954 206.365
10.91 14.174 0.0972 207.263
10.92 14.202 0.0985 207.604
10.93 14.202 0.0987 207.692
10.94 14.139 0.1 207.838
10.95 14.115 0.1014 208.081
10.96 14.084 0.1022 208.204
10.97 13.919 0.1024 207.937
10.98 13.802 0.1024 207.737
10.99 13.656 0.1023 207.455
11 13.527 0.1022 207.207
11.01 13.425 0.1005 206.745
11.02 13.119 0.0999 206.009
11.03 12.982 0.099 205.595
11.04 12.938 0.0986 205.477
11.05 12.887 0.0971 205.15
11.06 12.8615 0.0967 205.072
11.07 12.8607 0.0958 204.963
11.08 12.86 0.0946 204.798
11.09 12.8465 0.0939 204.691
11.1 12.8468 0.0934 204.652
11.11 12.8471 0.0925001 204.54
11.12 12.848 0.0921 204.519
11.13 12.864 0.0918 204.551
11.14 12.8755 0.0916 204.592
11.15 12.887 0.0916 204.669
11.16 12.8852 0.0916 204.716
11.17 12.8901 0.0917 204.797
11.18 12.895 0.0917 204.859
11.19 12.915 0.0917 204.955
11.2 12.938 0.0917 205.059
11.21 12.9305 0.0915 205.055
11.22 12.9342 0.0909 205.002
11.23 12.938 0.0905 204.987
11.24 12.9368 0.0882 204.596
11.25 12.9374 0.0877 204.551
11.26 12.938 0.0876 204.584
11.27 12.982 0.087 204.617
11.28 13.056 0.0856 204.559
11.29 13.178 0.0854 204.844
11.3 13.1445 0.0853 204.799
11.31 13.111 0.0853 204.774
11.32 13.095 0.0853 204.788
11.33 13.0927 0.0853 204.834
11.34 13.0954 0.0855 204.93
11.35 13.0981 0.0869 205.263
11.36 13.115 0.0873 205.43
11.37 13.19 0.0886 205.902
11.38 13.233 0.0893 206.184
11.39 13.307 0.0896 206.458
11.4 13.307 0.0893 206.45
11.41 13.299 0.089 206.425
11.42 13.241 0.0892 206.384
11.43 13.088 0.0889 206.031
11.44 13.0609 0.0887 205.981
11.45 13.0644 0.0886 206.02
11.46 13.0678 0.0886 206.078
11.47 13.084 0.0886 206.164
11.48 13.158 0.0884 206.343
11.49 13.244 0.0884 206.587
11.5 13.233 0.0885 206.631
11.51 13.229 0.0887 206.711
11.52 13.229 0.0894 206.896
11.53 13.229 0.0900001 207.062
11.54 13.2306 0.0905 207.21
11.55 13.2321 0.0906 207.283
11.56 13.236 0.0906 207.342
11.57 13.256 0.0908 207.475
11.58 13.248 0.0908 207.506
11.59 13.174 0.0908 207.389
11.6 13.158 0.0900001 207.25
11.61 13.123 0.0892 207.066
11.62 13.088 0.0884 206.881
11.63 13.0909 0.0882 206.898
11.64 13.0939 0.0881 206.934
11.65 13.1058 0.0881 207.011
11.66 13.1355 0.0881 207.128
11.67 13.201 0.0881 207.326
11.68 13.327 0.0882 207.678
11.69 13.429 0.0882 207.956
11.7 13.511 0.0885 208.247
11.71 13.586 0.0888 208.521
11.72 13.649 0.0889 208.729
11.73 13.696 0.0888 208.862
11.74 13.704 0.0888 208.929
11.75 13.766 0.0873 208.819
11.76 13.841 0.0868 208.932
11.77 13.919 0.0866 209.11
11.78 14.076 0.0865 209.477
11.79 14.186 0.0865 209.762
11.8 14.2255 0.0865 209.895
11.81 14.265 0.0866 210.049
11.82 14.606 0.0868 210.855
11.83 14.716 0.0874 211.253
11.84 14.837 0.0882 211.713
11.85 14.943 0.0906 212.453
11.86 15.018 0.0929 213.101
11.87 15.073 0.0947 213.603
11.88 15.045 0.0965 213.931
11.89 15.002 0.0976 214.095
11.9 14.884 0.0982 214.011
11.91 14.802 0.0986 213.963
11.92 14.618 0.0986 213.627
11.93 14.386 0.0986 213.186
11.94 14.182 0.0985 212.779
11.95 14.1766 0.0986 212.835
11.96 14.2286 0.0986 212.997
11.97 14.2806 0.0987 213.176
11.98 14.386 0.0998 213.649
11.99 14.5 0.1003 214.03
12 14.614 0.1002 214.303
12.01 14.68 0.1011 214.652
12.02 14.751 0.1012 214.868
12.03 14.735 0.1015 214.938
12.04 14.753 0.1029 215.27
12.05 14.771 0.1044 215.617
12.06 14.892 0.1052 216.058
12.07 14.888 0.1061 216.252
12.08 15.01 0.1068 216.675
12.09 15.022 0.1083 217.001
12.1 15.108 0.1083 217.23
12.11 15.202 0.1083 217.474
12.12 15.281 0.1083 217.686
12.13 15.187 0.1078 217.459
12.14 15.139 0.1074 217.342
12.15 15.041 0.1073 217.172
12.16 14.833 0.1072 216.77
12.17 14.712 0.1062 216.395
12.18 14.6415 0.1052 216.124
12.19 14.571 0.1035 215.731
12.2 14.633 0.1013 215.526
12.21 14.559 0.1008 215.33
12.22 14.402 0.1006 215.007
12.23 14.3779 0.0997 214.843
12.24 14.3673 0.099 214.743
12.25 14.3659 0.0968 214.388
12.26 14.374 0.0942 213.969
12.27 14.382 0.093 213.806
12.28 14.433 0.0927 213.906
12.29 14.394 0.0923 213.794
12.3 14.335 0.0919 213.639
12.31 14.3251 0.0919 213.666
12.32 14.3284 0.092 213.741
12.33 14.3317 0.092 213.796
12.34 14.378 0.0922 213.982
12.35 14.453 0.0929 214.326
12.36 14.524 0.0941 214.754
12.37 14.633 0.0942 215.053
12.38 14.751 0.0942 215.35
12.39 14.99 0.0959 216.219
12.4 15.104 0.0969 216.691
12.41 15.234 0.0973 217.081
12.42 15.355 0.0979 217.489
12.43 15.5 0.099 218.035
12.44 15.681 0.101 218.812
12.45 15.72 0.1022 219.155
12.46 15.716 0.1041 219.532
12.47 15.803 0.1055 220
12.48 15.869 0.1067 220.388
12.49 16.007 0.1081 220.952
12.5 16.085 0.1087 221.257
12.51 16.148 0.1098 221.617
12.52 16.112 0.1106 221.729
12.53 16.058 0.1122 221.936
12.54 16.034 0.1124 221.97
12.55 15.877 0.1133 221.852
12.56 15.787 0.1154 222.059
12.57 15.583 0.1158 221.756
12.58 15.551 0.1165 221.851
12.59 15.328 0.1171 221.533
12.6 15.171 0.1171 221.254
12.61 14.955 0.117 220.831
12.62 14.81 0.1169 220.554
12.63 14.567 0.1165 220.015
12.64 14.516 0.1155 219.794
12.65 14.265 0.1149 219.196
12.66 14.202 0.1128 218.769
12.67 14.1064 0.1113 218.361
12.68 14.0611 0.1109 218.242
12.69 14.0453 0.1082 217.807
12.7 14.0531 0.1056 217.432
12.71 14.061 0.1051 217.411
12.72 14.068 0.1049 217.44
12.73 14.402 0.1051 218.258
12.74 14.571 0.1053 218.707
12.75 15.085 0.1052 219.833
12.76 15.516 0.105 220.739
12.77 15.948 0.1042 221.521
12.78 16.897 0.1023 223.08
12.79 17.27 0.1021 223.794
12.8 17.548 0.0996 223.896
12.81 18.106 0.0991 224.862
12.82 18.263 0.0988 225.134
12.83 18.255 0.099 225.206
12.84 17.984 0.0992 224.808
12.85 17.8582 0.1002 224.817
12.86 17.8051 0.0996 224.657
12.87 17.7796 0.1014 224.994
12.88 17.7679 0.1032 225.351
12.89 17.79 0.1044 225.657
12.9 17.812 0.1062 226.067
12.91 17.858 0.1109 227.017
12.92 18.055 0.1145 228.03
12.93 18.341 0.1181 229.185
12.94 18.769 0.1213 230.509
12.95 18.996 0.1257 231.644
12.96 19.216 0.1288 232.549
12.97 19.404 0.1319 233.387
12.98 19.632 0.1338 234.108
12.99 19.836 0.1366 234.911
13 20.028 0.1402 235.798
13.01 20.228 0.143 236.575
13.02 20.613 0.1456 237.624
13.03 20.746 0.1486 238.299
13.04 20.825 0.1495 238.601
13.05 20.852 0.1499 238.749
13.06 20.789 0.1501 238.722
13.07 20.715 0.15 238.637
13.08 20.644 0.1499 238.557
13.09 20.6343 0.1467 238.163
13.1 20.6564 0.1451 238.033
13.11 20.6786 0.1419 237.679
13.12 20.726 0.1338 236.648
13.13 21.123 0.1258 236.131
13.14 21.386 0.1065 233.347
13.15 21.319 0.0966 231.404
13.16 21.087 0.0964 231.049
13.17 20.566 0.0961 230.207
13.18 20.377 0.0956 229.85
13.19 20.303 0.0955 229.758
13.2 20.683 0.0954 230.401
13.21 20.244 0.0957 229.799
13.22 20.283 0.0959 229.951
13.23 19.361 0.1001 229.28
13.24 19.102 0.1044 229.686
13.25 19.032 0.1087 230.385
13.26 18.749 0.1114 230.406
13.27 18.596 0.1138 230.592
13.28 18.5837 0.118 231.314
13.29 18.5971 0.12 231.711
13.3 18.6106 0.122 232.102
13.31 18.71 0.1219 232.313
13.32 19.02 0.1222 232.96
13.33 19.483 0.1226 233.88
13.34 19.84 0.1273 235.277
13.35 20.169 0.1316 236.537
13.36 20.2595 0.1317 236.753
13.37 20.35 0.1365 237.661
13.38 20.464 0.1392 238.29
13.39 20.452 0.1418 238.687
13.4 20.15 0.1454 238.723
13.41 19.742 0.15 238.688
13.42 19.267 0.1532 238.32
13.43 18.91 0.1555 238.023
13.44 18.302 0.1572 237.169
13.45 17.839 0.1608 236.79
13.46 17.698 0.1632 236.86
13.47 17.411 0.1636 236.4
13.48 17.089 0.1634 235.79
13.49 16.63 0.1631 234.88
13.5 16.226 0.1627 234.05
13.51 15.854 0.1626 233.306
13.52 15.018 0.1626 231.54
13.53 14.567 0.1626 230.573
13.54 13.77 0.1625 228.748
13.55 13.378 0.1625 227.845
13.56 13.025 0.157 226.367
13.57 12.303 0.154 224.201
13.58 12.02 0.1501 223.021
13.59 11.687 0.1431 221.285
13.6 10.973 0.1398 218.905
13.61 10.62 0.1336 217.1
13.62 10.176 0.1218 214.159
13.63 9.9253 0.1133 212.154
13.64 9.682 0.1109 211.064
13.65 9.5768 0.1098 210.6
13.66 9.5308 0.1087 210.321
13.67 9.5358 0.1085 210.347
13.68 9.5408 0.1083 210.374
13.69 9.6683 0.1058 210.41
13.7 9.7958 0.0992 209.723
13.71 10.172 0.0961 210.35
13.72 11.208 0.0953 213.204
13.73 11.938 0.1004 216.129
13.74 12.852 0.1055 219.384
13.75 15.281 0.1133 226.306
13.76 17.615 0.1225 232.538
13.77 19.157 0.1286 236.366
13.78 20.793 0.13 239.436
13.79 22.72 0.1367 243.577
13.8 23.575 0.1485 246.618
13.81 24.183 0.1585 248.92
13.82 24.646 0.1598 249.821
13.83 25.109 0.1644 251.134
13.84 25.348 0.1726 252.548
13.85 25.407 0.1749 252.961
13.86 25.58 0.1784 253.677
13.87 25.595 0.1793 253.856
13.88 25.772 0.1788 254.1
13.89 26.027 0.1782 254.44
13.9 26.27 0.1768 254.665
13.91 26.513 0.1716 254.421
13.92 26.608 0.1711 254.541
13.93 26.788 0.1709 254.814
13.94 26.914 0.1719 255.161
13.95 27.098 0.173 255.598
13.96 27.0158 0.1766 255.976
13.97 27.0179 0.181 256.554
13.98 27.02 0.187 257.305
13.99 27.086 0.1873 257.481
14 26.957 0.1907 257.741
14.01 26.631 0.193 257.598
14.02 26.415 0.1944 257.502
14.03 26.149 0.1962 257.375
14.04 25.815 0.1979 257.134
14.05 25.395 0.2001 256.814
14.06 25.007 0.2006 256.35
14.07 24.744 0.2006 256.01
14.08 24.006 0.2008 254.968
14.09 23.638 0.2019 254.567
14.1 23.194 0.2041 254.152
14.11 22.696 0.2056 253.563
14.12 21.825 0.2062 252.249
14.13 21.429 0.2064 251.655
14.14 21.099 0.2059 251.092
14.15 20.275 0.2053 249.644
14.16 19.785 0.2049 248.775
14.17 19.232 0.1865 245.877
14.18 18.678 0.1771 243.841
14.19 17.733 0.1712 241.391
14.2 17.36 0.1658 240.059
14.21 17.058 0.1559 238.277
14.22 16.9587 0.1514 237.543
14.23 16.9137 0.1474 236.97
14.24 16.9193 0.142 236.293
14.25 16.925 0.1313 234.815
14.26 17.262 0.1269 234.862
14.27 17.992 0.1234 235.764
14.28 18.408 0.123 236.523
14.29 18.757 0.1229 237.194
14.3 19.181 0.1229 238.005
14.31 19.808 0.1234 239.237
14.32 20.052 0.1239 239.786
14.33 20.193 0.1285 240.804
14.34 20.283 0.1315 241.468
14.35 20.311 0.1341 241.957
14.36 20.063 0.1377 242.109
14.37 19.938 0.1454 243.036
14.38 19.824 0.1481 243.254
14.39 19.651 0.1509 243.373
14.4 19.259 0.153 242.994
14.41 19.075 0.1555 243.033
14.42 18.878 0.1587 243.129
14.43 18.616 0.1609 242.965
14.44 18.066 0.1647 242.435
14.45 17.8 0.1663 242.159
14.46 17.529 0.1675 241.815
14.47 17.227 0.1682 241.341
14.48 16.925 0.1686 240.821
14.49 16.67 0.1687 240.353
14.5 16.03 0.1676 238.918
14.51 15.701 0.1664 238.109
14.52 15.359 0.1636 237.065
14.53 15.069 0.1602 236.048
14.54 14.786 0.1562 234.954
14.55 14.421 0.1532 233.777
14.56 14.312 0.1501 233.17
14.57 14.3064 0.1479 232.915
14.58 14.3057 0.1454 232.628
14.59 14.3303 0.1433 232.448
14.6 14.355 0.1412 232.264
14.61 14.7 0.1398 232.911
14.62 14.916 0.1399 233.459
14.63 15.139 0.1227 231.463
14.64 15.32 0.118 231.151
14.65 15.469 0.1139 230.837
14.66 15.634 0.1124 230.979
14.67 15.724 0.1123 231.197
14.68 15.779 0.1122 231.34
14.69 15.783 0.1122 231.392
14.7 15.7089 0.1122 231.279
14.71 15.6829 0.1122 231.268
14.72 15.6876 0.1135 231.543
14.73 15.6924 0.114 231.682
14.74 15.7107 0.1144 231.832
14.75 15.748 0.1145 231.972
14.76 15.869 0.1145 232.271
14.77 15.959 0.1145 232.504
14.78 16.038 0.1147 232.747
14.79 16.054 0.1149 232.858
14.8 16.003 0.1161 232.997
14.81 15.995 0.1171 233.19
14.82 15.979 0.1196 233.61
14.83 15.9505 0.1211 233.836
14.84 15.9476 0.1218 233.986
14.85 15.9478 0.1234 234.285
14.86 15.9481 0.1234 234.329
14.87 15.9595 0.1235 234.413
14.88 15.987 0.1239 234.578
14.89 15.997 0.1245 234.737
14.9 16.007 0.1259 235.021
14.91 16.081 0.1261 235.252
14.92 16.179 0.1263 235.533
14.93 16.214 0.1264 235.666
14.94 16.289 0.1265 235.882
14.95 16.438 0.1267 236.266
14.96 16.407 0.1277 236.4
14.97 16.4117 0.1282 236.531
14.98 16.4165 0.1287 236.661
14.99 16.426 0.1287 236.725
15 16.481 0.1287 236.883
15.01 16.56 0.1287 237.09
15.02 16.572 0.1289 237.189
15.03 16.591 0.1297 237.395
15.04 16.611 0.1313 237.722
15.05 16.619 0.1346 238.274
15.06 16.681 0.136 238.651
15.07 16.681 0.1392 239.158
15.08 16.591 0.1422 239.44
15.09 16.485 0.143 239.375
15.1 16.234 0.1431 238.904
15.11 15.704 0.143 237.795
15.12 15.379 0.1428 237.096
15.13 15.069 0.1384 235.83
15.14 14.716 0.1339 234.424
15.15 14.323 0.1313 233.175
15.16 13.704 0.1256 230.884
15.17 13.46 0.1233 229.976
15.18 13.295 0.1216 229.345
15.19 13.197 0.1214 229.111
15.2 13.2009 0.1214 229.163
15.21 13.2049 0.1214 229.215
15.22 13.2602 0.1219 229.473
15.23 13.382 0.122 229.833
15.24 13.405 0.122 229.932
15.25 13.429 0.1218 230.002
15.26 13.401 0.1217 229.959
15.27 13.237 0.1213 229.53
15.28 12.77 0.1199 228.167
15.29 12.581 0.1182 227.449
15.3 12.381 0.1166 226.709
15.31 12.3621 0.1141 226.292
15.32 12.3645 0.1105 225.736
15.33 12.3669 0.1049 224.808
15.34 12.444 0.1003 224.213
15.35 12.766 0.0962 224.299
15.36 13.142 0.0950001 225.045
15.37 14.072 0.0941 227.132
15.38 14.512 0.0927 227.899
15.39 14.908 0.0919 228.66
15.4 15.261 0.0917 229.432
15.41 15.748 0.0935 230.887
15.42 15.897 0.0953 231.609
15.43 16.01 0.0976 232.348
15.44 16.14 0.1016 233.439
15.45 16.163 0.109 234.899
15.46 16.136 0.112 235.416
15.47 16.14 0.1164 236.223
15.48 16.128 0.1199 236.823
15.49 16.089 0.1256 237.7
15.5 16.05 0.128 238.034
15.51 15.908 0.1306 238.17
15.52 15.602 0.1319 237.743
15.53 15.469 0.1325 237.583
15.54 15.367 0.1325 237.399
15.55 15.245 0.1325 237.169
15.56 14.916 0.1325 236.467
15.57 14.806 0.1314 236.094
15.58 14.673 0.1302 235.649
15.59 14.527 0.129 235.171
15.6 14.5274 0.1281 235.077
15.61 14.5279 0.1276 235.043
15.62 14.5528 0.1252 234.772
15.63 14.614 0.1247 234.877
15.64 14.971 0.1227 235.42
15.65 15.214 0.1207 235.686
15.66 15.41 0.1161 235.401
15.67 15.618 0.1116 235.123
15.68 16.167 0.1114 236.302
15.69 16.548 0.1114 237.138
15.7 16.917 0.1119 238.023
15.71 16.619 0.1124 237.545
15.72 17.486 0.1153 239.841
15.73 18.219 0.1203 242.16
15.74 18.922 0.1222 243.844
15.75 20.228 0.1244 246.609
15.76 20.942 0.1311 248.972
15.77 21.515 0.1358 250.719
15.78 22.515 0.1394 252.959
15.79 22.88 0.1471 254.727
15.8 23.492 0.1518 256.412
15.81 23.897 0.1568 257.784
15.82 24.301 0.1687 260.03
15.83 24.991 0.1754 261.974
15.84 25.289 0.1807 263.118
15.85 25.509 0.1861 264.139
15.86 25.827 0.1915 265.288
15.87 25.89 0.1951 265.839
15.88 25.897 0.1968 266.088
15.89 25.756 0.199 266.171
15.9 25.658 0.2006 266.249
15.91 25.54 0.2013 266.196
15.92 25.352 0.2013 265.96
15.93 25.195 0.2013 265.768
15.94 24.987 0.2012 265.486
15.95 24.873 0.2006 265.292
15.96 24.583 0.2002 264.847
15.97 24.042 0.1999 264.012
15.98 24.042 0.2 264.069
15.99 23.634 0.1982 263.267
16 23.383 0.1974 262.82
16.01 23.006 0.1954 262.029
16.02 22.727 0.1923 261.266
16.03 22.449 0.1916 260.77
16.04 21.966 0.1907 259.897
16.05 21.699 0.1898 259.383
16.06 21.527 0.188 258.925
16.07 21.358 0.1864 258.493
16.08 21.162 0.1855 258.09
16.09 20.864 0.1835 257.376
16.1 20.715 0.1836 257.167
16.11 20.589 0.1837 256.997
16.12 20.554 0.1837 256.978
16.13 20.467 0.1836 256.854
16.14 20.42 0.1834 256.79
16.15 20.373 0.1832 256.726
16.16 20.35 0.183 256.705
16.17 20.232 0.1747 255.545
16.18 20.118 0.1715 254.989
16.19 20.02 0.1707 254.754
16.2 19.9495 0.1703 254.619
16.21 19.879 0.1703 254.533
16.22 19.8245 0.1703 254.476
16.23 19.8465 0.1703 254.56
16.24 19.8684 0.1713 254.768
16.25 19.938 0.1682 254.553
16.26 20.122 0.0948 243.057
16.27 20.26 0.0949 243.359
16.28 20.291 0.0953 243.54
16.29 20.299 0.0955 243.638
16.3 20.326 0.0959 243.811
16.31 20.397 0.0964 244.08
16.32 20.711 0.0972 244.828
