0.0002 1.26 0.02303 6.25605
0.0003 1.38 0.02587 7.16382
0.0004 1.46 0.02724 7.85718
0.0005 1.54 0.0287 8.46117
0.0006 1.57 0.03307 9.03172
0.0007 1.62 0.03528 9.52094
0.0008 1.69 0.0369 9.97859
0.0009 1.73 0.03953 10.405
0.001 1.76 0.04203 10.7957
0.0011 1.81 0.04736 11.2415
0.0012 1.85 0.04919 11.5896
0.0013 1.89 0.05107 11.9241
0.0014 1.91 0.05244 12.2176
0.0015 1.92 0.04998 12.4138
0.0016 1.92 0.04915 12.621
0.0017 1.93 0.04819 12.824
0.0018 1.94 0.04744 13.0221
0.0019 1.93 0.04819 13.2268
0.002 1.92 0.04757 13.3923
0.0021 1.9 0.04644 13.5276
0.0022 1.87 0.04515 13.6403
0.0023 1.84 0.04474 13.7673
0.0024 1.82 0.04303 13.8643
0.0025 1.78 0.04224 13.9562
0.0026 1.74 0.04103 14.0291
0.0027 1.71 0.04015 14.1161
0.0028 1.66 0.0394 14.1765
0.0029 1.62 0.0387 14.244
0.003 1.57 0.03799 14.2921
0.0031 1.53 0.03736 14.3495
0.0032 1.5 0.03699 14.4235
0.0033 1.45 0.03615 14.449
0.0034 1.42 0.03561 14.5074
0.0035 1.38 0.03499 14.5435
0.0036 1.35 0.0342 14.5837
0.0037 1.32 0.03366 14.6284
0.0038 1.26 0.03278 14.6066
0.0039 1.23 0.03274 14.66
0.004 1.2 0.03257 14.7048
0.0041 1.17 0.03195 14.7286
0.0042 1.14 0.03161 14.7591
0.0043 1.12 0.03153 14.8151
0.0044 1.11 0.03095 14.8678
0.0045 1.1 0.03061 14.9278
0.0046 1.09 0.02999 14.974
0.0047 1.1 0.02924 15.0519
0.0048 1.11 0.02882 15.1417
0.0049 1.13 0.02841 15.2498
0.005 1.15 0.02807 15.3591
0.0051 1.17 0.02774 15.4671
0.0052 1.23 0.0272 15.6376
0.0053 1.26 0.02666 15.7489
0.0054 1.29 0.0262 15.8617
0.0055 1.32 0.02587 15.9789
0.0056 1.36 0.02562 16.1153
0.0057 1.39 0.02532 16.2298
0.0058 1.43 0.02512 16.3644
0.0059 1.46 0.02499 16.4845
0.006 1.5 0.02503 16.6285
0.0061 1.5 0.02503 16.7051
0.0062 1.5 0.02503 16.7808
0.0063 0.81 0.01462 14.7496
0.0064 1.56 0.02566 17.0607
0.0065 1.64 0.02545 17.2464
0.0066 1.72 0.0257 17.4531
0.0067 1.86 0.02695 17.795
0.0068 1.92 0.02787 18.0006
0.0069 1.98 0.02907 18.2178
0.007 2.04 0.03036 18.4361
0.0071 2.09 0.03216 18.6628
0.0072 2.13 0.03386 18.8674
0.0073 2.18 0.0354 19.0738
0.0074 2.22 0.03686 19.2609
0.0075 2.24 0.03828 19.4189
0.0076 2.27 0.03978 19.5904
0.0077 2.28 0.04174 19.7531
0.0078 2.3 0.0439 19.9325
0.0079 2.31 0.04619 20.1006
0.008 2.33 0.04865 20.2834
0.0081 2.34 0.05048 20.4288
0.0082 2.34 0.05427 20.6225
0.0083 2.34 0.05598 20.7455
0.0084 2.34 0.05752 20.8618
0.0085 2.34 0.05873 20.9668
0.0086 2.34 0.06015 21.077
0.0087 2.33 0.06177 21.1785
0.0088 2.32 0.06298 21.2671
0.0089 2.31 0.06419 21.3545
0.009 2.29 0.06519 21.4217
0.0091 2.27 0.06552 21.4695
0.0092 2.22 0.06498 21.4511
0.0093 2.18 0.06448 21.4456
0.0094 2.14 0.06373 21.4313
0.0095 2.11 0.06331 21.439
0.0096 2.06 0.06106 21.3629
0.0097 2.06 0.06106 21.4246
0.0098 2.03 0.05831 21.3584
0.0099 2.02 0.05715 21.3677
0.01 2.02 0.05556 21.3773
0.0101 2.02 0.05277 21.3448
0.0102 2.02 0.05132 21.3538
0.0103 2.04 0.04957 21.3804
0.0104 2.05 0.04807 21.3982
0.0105 2.07 0.0464 21.4221
0.0106 2.09 0.04503 21.4548
0.0107 2.12 0.04411 21.5181
0.0108 2.13 0.04336 21.5577
0.0109 2.14 0.04294 21.6101
0.011 2.15 0.04261 21.6656
0.0111 2.15 0.04261 21.7202
0.0112 2.13 0.04286 21.7557
0.0113 2.11 0.04336 21.801
0.0114 2.08 0.04449 21.8562
0.0115 2.05 0.04565 21.9104
0.0116 2.02 0.04707 21.9725
0.0117 1.99 0.04844 22.0301
0.0118 1.97 0.04978 22.1003
0.0119 1.96 0.05115 22.1861
0.012 1.97 0.05261 22.3062
0.0121 1.98 0.05427 22.432
0.0122 2.01 0.05611 22.5947
0.0123 2.03 0.05765 22.7295
0.0124 2.06 0.05881 22.8667
0.0125 2.08 0.0594 22.9688
0.0126 2.12 0.05944 23.0843
0.0127 2.14 0.0584 23.1324
0.0128 2.15 0.05673 23.1425
0.0129 2.16 0.05469 23.1375
0.013 2.18 0.05257 23.1418
0.0131 2.19 0.05069 23.1362
0.0132 2.2 0.04915 23.1409
0.0133 2.22 0.04794 23.1717
0.0134 2.24 0.04686 23.206
0.0135 2.26 0.04586 23.242
0.0136 2.26 0.04507 23.2561
0.0137 2.28 0.04457 23.3114
0.0138 2.28 0.04415 23.3402
0.0139 2.28 0.0439 23.3761
0.014 2.28 0.04353 23.4062
0.0141 2.26 0.04303 23.4003
0.0142 2.2 0.04219 23.3174
0.0143 2.16 0.04203 23.2939
0.0144 2.13 0.04211 23.2958
0.0145 2.08 0.04228 23.2688
0.0146 2.03 0.04294 23.2617
0.0147 1.97 0.04374 23.2411
0.0148 1.92 0.04486 23.2477
0.0149 1.9 0.04619 23.3128
0.015 1.91 0.04786 23.443
0.0151 1.95 0.04969 23.6302
0.0152 1.99 0.05119 23.8018
0.0153 2.02 0.05202 23.9286
0.0154 2.01 0.05252 23.974
0.0155 1.95 0.05269 23.919
0.0156 1.95 0.05269 23.9618
0.0157 1.82 0.05182 23.7342
0.0158 1.74 0.05082 23.5844
0.0159 1.68 0.04948 23.4546
0.016 1.62 0.0489 23.3498
0.0161 1.62 0.0489 23.3903
0.0162 1.62 0.0489 23.4306
0.0163 1.6 0.04761 23.3767
0.0164 1.59 0.04607 23.3315
0.0165 1.56 0.04628 23.3157
0.0166 1.53 0.04682 23.3122
0.0167 1.5 0.04715 23.2983
0.0168 1.47 0.04769 23.2912
0.0169 1.41 0.04986 23.2761
0.017 1.41 0.04986 23.3143
0.0171 1.37 0.05061 23.2847
0.0172 1.34 0.05061 23.2483
0.0173 1.32 0.05111 23.2544
0.0174 1.31 0.05182 23.2929
0.0175 1.29 0.05265 23.3092
0.0176 1.28 0.05319 23.3398
0.0177 1.3 0.05365 23.4457
0.0178 1.35 0.05415 23.6286
0.0179 1.41 0.05444 23.8247
0.018 1.47 0.05419 23.996
0.0181 1.53 0.05365 24.1517
0.0182 1.59 0.05286 24.2931
0.0183 1.63 0.05152 24.3652
0.0184 1.66 0.04915 24.3707
0.0185 1.65 0.04336 24.1332
0.0186 1.62 0.04061 23.9746
0.0187 1.58 0.03778 23.7807
0.0188 1.53 0.03466 23.5366
0.0189 1.46 0.03095 23.1934
0.019 1.4 0.02774 22.8781
0.0191 1.34 0.02541 22.6019
0.0192 1.29 0.02403 22.4068
0.0193 1.24 0.02387 22.2994
0.0194 1.2 0.02462 22.2835
0.0195 1.17 0.02549 22.2985
0.0196 1.15 0.02632 22.3343
0.0197 1.13 0.02678 22.3417
0.0198 1.11 0.02674 22.313
0.0199 1.09 0.0267 22.283
0.02 1.08 0.0267 22.2845
0.0201 1.05 0.02666 22.2223
0.0202 1.03 0.02637 22.1713
0.0203 1 0.02595 22.0779
0.0204 0.95 0.02541 21.907
0.0205 0.9 0.02503 21.7394
0.0206 0.87 0.02453 21.6265
0.0207 0.83 0.02437 21.4977
0.0208 0.82 0.02512 21.5432
0.0209 0.82 0.02649 21.6675
0.021 0.83 0.02816 21.845
0.0211 0.84 0.02974 22.0113
0.0212 0.87 0.03074 22.213
0.0213 0.89 0.03086 22.3222
0.0214 0.91 0.0307 22.4132
0.0215 1.03 0.03082 22.8536
0.0216 1.14 0.03124 23.2461
0.0217 1.25 0.03182 23.6229
0.0218 1.33 0.03199 23.8759
0.0219 1.37 0.03141 23.972
0.022 1.39 0.03011 23.9681
0.0221 1.4 0.0282 23.8925
0.0222 1.41 0.02637 23.8138
0.0223 1.41 0.02391 23.65
0.0224 1.41 0.02149 23.4702
0.0225 1.41 0.01979 23.3387
0.0226 1.41 0.0187 23.2576
0.0227 1.42 0.0182 23.2574
0.0228 1.44 0.01845 23.3592
0.0229 1.45 0.0192 23.4887
0.023 1.48 0.02162 23.8208
0.0231 1.47 0.02258 23.9125
0.0232 1.46 0.02353 23.9999
0.0233 1.46 0.02458 24.116
0.0234 1.46 0.02574 24.2376
0.0235 1.45 0.02682 24.3254
0.0236 1.45 0.02778 24.4255
0.0237 1.46 0.02882 24.5534
0.0238 1.47 0.03032 24.7104
0.0239 1.5 0.03211 24.93
0.024 1.52 0.03332 25.0837
0.0241 1.53 0.03432 25.1983
0.0242 1.53 0.03491 25.2631
0.0243 1.5 0.0347 25.2075
0.0244 1.45 0.0337 25.0523
0.0245 1.35 0.03178 24.7032
0.0246 1.29 0.03103 24.521
0.0247 1.21 0.02991 24.2492
0.0248 1.14 0.02853 23.9746
0.0249 1.05 0.02699 23.6096
0.025 0.98 0.02462 23.224
0.0251 0.92 0.0222 22.8417
0.0252 0.88 0.01991 22.5162
0.0253 0.84 0.01737 22.1377
0.0254 0.82 0.0157 21.9003
0.0255 0.82 0.01475 21.8107
0.0256 0.86 0.01475 21.9847
0.0257 0.91 0.01595 22.3332
0.0258 0.97 0.01795 22.7867
0.0259 1.03 0.01995 23.2123
0.026 1.07 0.02149 23.5101
0.0261 1.07 0.02149 23.5352
0.0262 1.07 0.02149 23.5602
0.0263 1.06 0.02837 24.1039
0.0264 1.13 0.02449 24.0564
0.0265 1.08 0.0222 23.7307
0.0266 1.03 0.02053 23.4409
0.0267 0.99 0.01937 23.2193
0.0268 0.96 0.01858 23.0606
0.0269 0.93 0.0182 22.9397
0.027 0.92 0.01849 22.9579
0.0271 0.9 0.0192 22.9808
0.0272 0.9 0.01979 23.0623
0.0273 0.9 0.02003 23.109
0.0274 0.92 0.02003 23.2059
0.0275 0.94 0.01995 23.2937
0.0276 0.96 0.01995 23.388
0.0277 0.99 0.02045 23.564
0.0278 1.07 0.0217 23.971
0.0279 1.07 0.0217 23.995
0.028 1.16 0.02291 24.4098
0.0281 1.2 0.02324 24.5828
0.0282 1.23 0.02324 24.6947
0.0283 1.25 0.02316 24.7694
0.0284 1.26 0.02295 24.8034
0.0285 1.27 0.02283 24.8451
0.0286 1.27 0.02262 24.8502
0.0287 1.28 0.02258 24.8987
0.0288 1.29 0.02258 24.9508
0.0289 1.32 0.0227 25.0687
0.029 1.36 0.02312 25.2393
0.0291 1.4 0.02345 25.3991
0.0292 1.43 0.02395 25.5459
0.0293 1.44 0.02445 25.6399
0.0294 1.44 0.02487 25.7006
0.0295 1.44 0.02578 25.8019
0.0296 1.47 0.02595 25.9171
0.0297 1.53 0.02599 26.0947
0.0298 1.64 0.02599 26.3815
0.0299 1.77 0.02637 26.73
0.03 1.92 0.02699 27.1225
0.0301 2.2 0.02812 27.7796
0.0302 2.28 0.02812 27.9486
0.0303 2.33 0.02774 28.0301
0.0304 2.34 0.02741 28.0452
0.0305 2.34 0.02703 28.0382
0.0306 2.32 0.02653 27.9855
0.0307 2.3 0.02612 27.9398
0.0308 2.28 0.02587 27.9076
0.0309 2.26 0.02674 27.9742
0.031 2.28 0.02753 28.1029
0.0311 2.34 0.02845 28.3108
0.0312 2.42 0.02953 28.562
0.0313 2.52 0.03053 28.8343
0.0314 2.62 0.03161 29.1062
0.0315 2.72 0.03236 29.3467
0.0316 2.76 0.03274 29.463
0.0317 2.78 0.03286 29.5285
0.0318 2.76 0.03282 29.5207
0.0319 2.73 0.03266 29.488
0.032 2.67 0.03249 29.4066
0.0321 2.61 0.03228 29.3201
0.0322 2.56 0.03224 29.2608
0.0323 2.44 0.03257 29.109
0.0324 2.44 0.03257 29.134
0.0325 2.36 0.03374 29.1047
0.0326 2.32 0.03411 29.0843
0.0327 2.29 0.03416 29.0581
0.0328 2.26 0.0342 29.0304
0.0329 2.23 0.03416 28.9963
0.033 2.22 0.03424 29.0077
0.0331 2.18 0.03403 28.9413
0.0332 2.14 0.03403 28.8885
0.0333 2.11 0.03416 28.8631
0.0334 2.08 0.03436 28.8416
0.0335 2.04 0.03449 28.7941
0.0336 2.01 0.0342 28.7363
0.0337 1.97 0.03386 28.6531
0.0338 1.8 0.03207 28.1789
0.0339 1.68 0.03066 27.8189
0.034 1.57 0.0292 27.4599
0.0341 1.43 0.02732 26.9654
0.0342 1.3 0.02545 26.4629
0.0343 1.19 0.02378 26.0021
0.0344 1.09 0.02287 25.6131
0.0345 1.02 0.02287 25.3899
0.0346 0.96 0.02353 25.2492
0.0347 0.9 0.0247 25.137
0.0348 0.86 0.02612 25.1094
0.0349 0.8 0.02778 24.9969
0.035 0.75 0.02978 24.9292
0.0351 0.7 0.03182 24.8389
0.0352 0.67 0.03274 24.7609
0.0353 0.63 0.03224 24.5303
0.0354 0.63 0.03224 24.5496
0.0355 0.63 0.0317 24.5343
0.0356 0.64 0.03157 24.6009
0.0357 0.65 0.03099 24.6371
0.0358 0.66 0.03028 24.6629
0.0359 0.67 0.02987 24.7075
0.036 0.67 0.02924 24.6828
0.0361 0.67 0.02924 24.7018
0.0362 0.67 0.02924 24.7208
0.0363 0.8 0.0272 25.2274
0.0364 0.8 0.02657 25.1976
0.0365 0.78 0.02649 25.1187
0.0366 0.76 0.02682 25.0698
0.0367 0.78 0.02791 25.2664
0.0368 0.78 0.02857 25.3348
0.0369 0.78 0.02928 25.4057
0.037 0.79 0.02978 25.5074
0.0371 0.78 0.0297 25.4741
0.0372 0.76 0.02895 25.344
0.0373 0.73 0.02816 25.1583
0.0374 0.72 0.02799 25.1144
0.0375 0.73 0.02841 25.2142
0.0376 0.78 0.02824 25.4621
0.0377 0.78 0.02824 25.4809
0.0378 1.04 0.03128 26.8052
0.0379 1.23 0.03295 27.6001
0.038 1.39 0.03382 28.1721
0.0381 1.52 0.03349 28.5347
0.0382 1.59 0.03249 28.6688
0.0383 1.65 0.03045 28.6879
0.0384 1.7 0.02816 28.6455
0.0385 1.77 0.02645 28.6834
0.0386 1.86 0.02553 28.8248
0.0387 1.97 0.02491 29.0257
0.0388 2.08 0.02437 29.2214
0.0389 2.2 0.02408 29.4501
0.039 2.34 0.02391 29.7166
0.0391 2.51 0.02337 29.9825
0.0392 3.03 0.02253 30.7347
0.0393 3.34 0.02262 31.2013
0.0394 3.63 0.02308 31.6529
0.0395 3.85 0.02378 32.0243
0.0396 4 0.02403 32.2517
0.0397 4.11 0.02387 32.3826
0.0398 4.16 0.02403 32.4798
0.0399 4.18 0.02437 32.563
0.04 4.19 0.02512 32.6792
0.0401 4.17 0.02653 32.8282
0.0402 4.16 0.02741 32.9288
0.0403 4.14 0.0287 33.0549
0.0404 4.11 0.03145 33.2956
0.0405 4.11 0.03145 33.3185
0.0406 4.02 0.03386 33.44
0.0407 3.95 0.0347 33.4465
0.0408 3.85 0.03536 33.3983
0.0409 3.74 0.0354 33.2849
0.041 3.63 0.03503 33.1357
0.0411 3.5 0.03491 32.975
0.0412 3.4 0.03491 32.8599
0.0413 3.36 0.03499 32.8323
0.0414 3.37 0.0354 32.9003
0.0415 3.45 0.03603 33.0823
0.0416 3.59 0.03699 33.3675
0.0417 3.73 0.03782 33.6363
0.0418 3.88 0.03865 33.9115
0.0419 4.02 0.03849 34.096
0.042 4.3 0.03657 34.3046
0.0421 4.41 0.03507 34.3325
0.0422 4.46 0.03399 34.3216
0.0423 4.45 0.03336 34.2797
0.0424 4.4 0.03257 34.1782
0.0425 4.34 0.03195 34.0785
0.0426 4.28 0.03153 33.995
0.0427 4.23 0.03145 33.9525
0.0428 4.18 0.0317 33.9388
0.0429 4.14 0.03224 33.9615
0.043 4.11 0.03328 34.0378
0.0431 4.11 0.03428 34.1437
0.0432 4.1 0.03545 34.2493
0.0433 4.08 0.03653 34.3328
0.0434 4.02 0.03845 34.428
0.0435 3.99 0.04003 34.5284
0.0436 4 0.04144 34.6626
0.0437 3.99 0.04203 34.713
0.0438 4 0.04261 34.7872
0.0439 3.97 0.04282 34.7858
0.044 3.95 0.04307 34.7993
0.0441 3.94 0.04282 34.7917
0.0442 3.93 0.04269 34.7921
0.0443 3.91 0.04211 34.7488
0.0444 3.87 0.0414 34.6701
0.0445 3.81 0.04103 34.588
0.0446 3.72 0.0404 34.4463
0.0447 3.62 0.0397 34.2828
0.0448 3.43 0.03765 33.889
0.0449 3.43 0.03765 33.91
0.045 3.32 0.03736 33.7504
0.0451 3.3 0.03757 33.7576
0.0452 3.3 0.03765 33.7844
0.0453 3.31 0.0379 33.8385
0.0454 3.29 0.0382 33.8519
0.0455 3.24 0.03807 33.7884
0.0456 3.15 0.03786 33.6567
0.0457 3.04 0.0377 33.4935
0.0458 2.94 0.03703 33.3031
0.0459 2.85 0.03636 33.124
0.046 2.75 0.0357 32.9238
0.0461 2.75 0.0357 32.9437
0.0462 2.75 0.0357 32.9636
0.0463 2.69 0.03824 33.0673
0.0464 2.61 0.0359 32.771
0.0465 2.52 0.03474 32.5363
0.0466 2.43 0.03411 32.3364
0.0467 2.35 0.03386 32.1804
0.0468 2.3 0.03357 32.077
0.0469 2.27 0.03386 32.0584
0.047 2.19 0.03695 32.1448
0.0471 2.19 0.03695 32.1638
0.0472 1.93 0.04107 31.8815
0.0473 1.76 0.04144 31.503
0.0474 1.6 0.0409 31.058
0.0475 1.45 0.03965 30.5597
0.0476 1.33 0.03711 30.0337
0.0477 1.23 0.03449 29.5344
0.0478 1.16 0.03195 29.1174
0.0479 1.13 0.03128 28.9735
0.048 1.16 0.0327 29.2076
0.0481 1.22 0.03457 29.574
0.0482 1.29 0.03603 29.9326
0.0483 1.34 0.03674 30.1632
0.0484 1.33 0.03736 30.19
0.0485 1.29 0.03682 30.0384
0.0486 1.31 0.03574 30.0478
0.0487 1.5 0.0364 30.7038
0.0488 1.83 0.03865 31.7718
0.0489 2.28 0.04228 33.0585
0.049 2.7 0.04411 34.0122
0.0491 3 0.04332 34.4998
0.0492 3.14 0.04307 34.73
0.0493 3.23 0.04157 34.7886
0.0494 3.28 0.03861 34.6715
0.0495 3.31 0.03582 34.5205
0.0496 3.32 0.0327 34.2938
0.0497 3.34 0.03024 34.12
0.0498 3.36 0.02878 34.028
0.0499 3.4 0.02903 34.1296
0.05 3.5 0.02999 34.3844
0.0501 3.58 0.03066 34.5792
0.0502 3.63 0.03053 34.6553
0.0503 3.69 0.03066 34.7687
0.0504 3.75 0.03141 34.939
0.0505 3.79 0.03241 35.1031
0.0506 3.82 0.03361 35.2688
0.0507 3.84 0.03457 35.3976
0.0508 3.84 0.03503 35.4559
0.0509 3.81 0.0352 35.4496
0.051 3.78 0.03561 35.4627
0.0511 3.73 0.03603 35.4486
0.0512 3.68 0.03628 35.4194
0.0513 3.54 0.03695 35.2949
0.0514 3.46 0.03724 35.2209
0.0515 3.38 0.03757 35.1472
0.0516 3.3 0.03803 35.0806
0.0517 3.22 0.0387 35.0265
0.0518 3.14 0.03945 34.9744
0.0519 3.07 0.04019 34.9337
0.052 3 0.04069 34.8724
0.0521 2.96 0.04103 34.8478
0.0522 2.94 0.04161 34.873
0.0523 2.94 0.04219 34.9318
0.0524 2.93 0.04278 34.9736
0.0525 2.92 0.04328 35.0087
0.0526 2.91 0.04369 35.0374
0.0527 2.83 0.04319 34.8821
0.0528 2.76 0.04224 34.7105
0.0529 2.67 0.04103 34.4799
0.053 2.6 0.04019 34.3072
0.0531 2.53 0.03986 34.1671
0.0532 2.48 0.03936 34.0511
0.0533 2.43 0.0387 33.9213
0.0534 2.41 0.03836 33.8738
0.0535 2.39 0.0384 33.8537
0.0536 2.39 0.0384 33.8713
0.0537 2.38 0.03815 33.85
0.0538 2.38 0.03761 33.8273
0.0539 2.35 0.0369 33.7295
0.054 2.25 0.03486 33.3779
0.0541 2.19 0.03357 33.1612
0.0542 2.11 0.03245 32.9078
0.0543 2.03 0.03157 32.6672
0.0544 1.94 0.03116 32.4358
0.0545 1.86 0.03095 32.2381
0.0546 1.77 0.03095 32.025
0.0547 1.68 0.0312 31.8227
0.0548 1.58 0.03161 31.593
0.0549 1.47 0.03153 31.2757
0.055 1.35 0.03128 30.8896
0.0551 1.24 0.03066 30.4785
0.0552 1.13 0.03053 30.078
0.0553 1.02 0.03016 29.6226
0.0554 0.84 0.03053 28.8495
0.0555 0.84 0.03053 28.864
0.0556 0.68 0.03103 28.0509
0.0557 0.61 0.03066 27.6017
0.0558 0.56 0.02957 27.1954
0.0559 0.52 0.02824 26.8173
0.056 0.49 0.02712 26.5126
0.0561 0.49 0.02712 26.5257
0.0562 0.49 0.02712 26.5389
0.0563 0.47 0.0277 26.4396
0.0564 0.47 0.0277 26.4527
0.0565 0.45 0.02582 26.1472
0.0566 0.45 0.0252 26.1072
0.0567 0.44 0.02474 25.9957
0.0568 0.42 0.02437 25.8024
0.0569 0.42 0.02383 25.767
0.057 0.42 0.02295 25.699
0.0571 0.42 0.02216 25.6367
0.0572 0.42 0.02162 25.5966
0.0573 0.42 0.02133 25.5802
0.0574 0.42 0.02133 25.5927
0.0575 0.44 0.02145 25.7892
0.0576 0.48 0.02174 26.1562
0.0577 0.48 0.02174 26.1688
0.0578 0.5 0.02162 26.3236
0.0579 0.5 0.02128 26.3016
0.058 0.49 0.02112 26.2213
0.0581 0.49 0.02062 26.1816
0.0582 0.49 0.0202 26.1493
0.0583 0.49 0.0202 26.1618
0.0584 0.49 0.01966 26.1153
0.0585 0.47 0.01866 25.8588
0.0586 0.43 0.01758 25.4155
0.0587 0.39 0.01674 24.9706
0.0588 0.37 0.01612 24.716
0.0589 0.36 0.01591 24.6035
0.059 0.36 0.01566 24.5827
0.0591 0.36 0.01541 24.5613
0.0592 0.39 0.01579 24.9082
0.0593 0.39 0.01579 24.9199
0.0594 0.45 0.01616 25.4997
0.0595 0.49 0.01495 25.6597
0.0596 0.7 0.01383 26.8502
0.0597 0.96 0.01899 28.8642
0.0598 0.98 0.02087 29.1918
0.0599 0.9 0.02245 29.0252
0.06 0.6 0.02578 27.7087
0.0601 0.44 0.02674 26.5914
0.0602 0.43 0.02695 26.5331
0.0603 0.42 0.02649 26.4177
0.0604 0.41 0.02595 26.2932
0.0605 0.4 0.02495 26.1263
0.0606 1.11 0.02612 30.3923
0.0607 1.53 0.02912 32.1337
0.0608 1.73 0.02857 32.6703
0.0609 1.92 0.02878 33.1996
0.061 2.22 0.03057 34.0872
0.0611 2.52 0.0297 34.6475
0.0612 2.37 0.03045 34.4297
0.0613 2.16 0.03611 34.4737
0.0614 2.07 0.03761 34.3949
0.0615 1.94 0.04094 34.332
0.0616 1.77 0.0454 34.1898
0.0617 1.53 0.05086 33.813
0.0618 1.27 0.05711 33.2521
0.0619 1.02 0.06085 32.4039
0.062 0.91 0.0634 31.9992
0.0621 0.76 0.06681 31.3301
0.0622 0.54 0.07214 30.0301
0.0623 0.48 0.07148 29.5157
0.0624 0.47 0.06956 29.3728
0.0625 0.45 0.0686 29.1687
0.0626 0.43 0.06548 28.8792
0.0627 0.43 0.06094 28.7198
0.0628 0.41 0.05686 28.3721
0.0629 0.39 0.05065 27.9111
0.063 0.38 0.04519 27.5564
0.0631 0.37 0.04086 27.2337
0.0632 0.37 0.03615 26.9695
0.0633 0.36 0.03299 26.6714
0.0634 0.36 0.02832 26.3463
0.0635 0.36 0.0262 26.1878
0.0636 0.36 0.02291 25.9084
0.0637 0.37 0.02141 25.876
0.0638 0.38 0.02145 25.9909
0.0639 0.39 0.02166 26.1208
0.064 0.39 0.02199 26.1651
0.0641 0.4 0.0222 26.2928
0.0642 0.4 0.02241 26.3249
0.0643 0.4 0.02274 26.3683
0.0644 0.4 0.02316 26.4199
0.0645 0.39 0.02345 26.3624
0.0646 0.39 0.02362 26.3896
0.0647 0.39 0.02383 26.4204
0.0648 0.4 0.02412 26.555
0.0649 0.4 0.02416 26.57
0.065 0.4 0.02424 26.5887
0.0651 0.42 0.02433 26.7959
0.0652 0.43 0.02416 26.8826
0.0653 0.45 0.02428 27.0819
0.0654 0.48 0.02478 27.3928
0.0655 0.51 0.02503 27.6678
0.0656 0.53 0.02491 27.8222
0.0657 0.56 0.02516 28.0788
0.0658 0.59 0.02545 28.3296
0.0659 0.63 0.02591 28.6532
0.066 0.63 0.02591 28.6653
0.0661 0.63 0.02591 28.6774
0.0662 0.7 0.03028 29.5082
0.0663 0.67 0.03116 29.405
0.0664 0.64 0.03161 29.2588
0.0665 0.61 0.03174 29.0793
0.0666 0.58 0.03032 28.7711
0.0667 0.57 0.02862 28.5736
0.0668 0.58 0.02878 28.6705
0.0669 0.6 0.0287 28.8161
0.067 0.63 0.02882 29.0414
0.0671 0.66 0.02907 29.2698
0.0672 0.68 0.03049 29.525
0.0673 0.68 0.03049 29.5372
0.0674 0.66 0.03211 29.5496
0.0675 0.65 0.03249 29.5258
0.0676 0.66 0.03257 29.609
0.0677 0.67 0.03286 29.7073
0.0678 0.69 0.03307 29.8614
0.0679 0.71 0.0332 30.0066
0.068 0.71 0.03328 30.0249
0.0681 0.75 0.0337 30.3068
0.0682 0.78 0.03453 30.5527
0.0683 0.82 0.03524 30.8382
0.0684 0.82 0.03661 30.9488
0.0685 0.81 0.03765 30.9788
0.0686 0.82 0.03782 31.0579
0.0687 0.82 0.0377 31.0622
0.0688 0.78 0.03828 30.891
0.0689 0.74 0.03861 30.692
0.069 0.72 0.0389 30.6025
0.0691 0.7 0.03865 30.4746
0.0692 0.69 0.03878 30.4322
0.0693 0.67 0.03945 30.359
0.0694 0.65 0.04024 30.2889
0.0695 0.65 0.04032 30.306
0.0696 0.66 0.03999 30.3641
0.0697 0.66 0.03978 30.3629
0.0698 0.69 0.04003 30.586
0.0699 0.69 0.04028 30.614
0.07 0.69 0.0404 30.6338
0.0701 0.69 0.04003 30.6225
0.0702 0.66 0.03986 30.4284
0.0703 0.63 0.03945 30.2112
0.0704 0.61 0.03857 30.0266
0.0705 0.57 0.03665 29.6204
0.0706 0.54 0.03532 29.312
0.0707 0.52 0.03461 29.1154
0.0708 0.51 0.03386 28.9926
0.0709 0.49 0.03349 28.811
0.071 0.46 0.03245 28.4864
0.0711 0.45 0.03161 28.3456
0.0712 0.45 0.03066 28.2848
0.0713 0.45 0.03016 28.2571
0.0714 0.45 0.02962 28.2257
0.0715 0.45 0.02903 28.1894
0.0716 0.46 0.02837 28.2357
0.0717 0.47 0.02795 28.2991
0.0718 0.48 0.0277 28.3748
0.0719 0.48 0.02766 28.3824
0.072 0.49 0.02774 28.4847
0.0721 0.5 0.02782 28.5855
0.0722 0.51 0.02791 28.6859
0.0723 0.53 0.02737 28.8095
0.0724 0.56 0.02674 28.9937
0.0725 0.61 0.02637 29.3302
0.0726 0.66 0.02666 29.7033
0.0727 0.73 0.02707 30.1874
0.0728 0.81 0.02762 30.7059
0.0729 1.01 0.02849 31.7913
0.073 1.12 0.02895 32.3235
0.0731 1.25 0.02945 32.898
0.0732 1.32 0.03011 33.231
0.0733 1.34 0.03174 33.4621
0.0734 1.34 0.03495 33.7442
0.0735 1.35 0.03753 33.994
0.0736 1.36 0.04007 34.229
0.0737 1.36 0.04278 34.4289
0.0738 1.38 0.04594 34.7196
0.0739 1.44 0.04898 35.133
0.074 1.46 0.04853 35.189
0.0741 1.53 0.04769 35.389
0.0742 1.87 0.04803 36.4617
0.0743 1.87 0.04803 36.4754
0.0744 2.57 0.05265 38.4916
0.0745 2.99 0.05752 39.6452
0.0746 3.36 0.06323 40.6508
0.0747 3.59 0.06614 41.2095
0.0748 3.72 0.06644 41.4521
0.0749 3.81 0.06365 41.4623
0.075 3.95 0.06202 41.6038
0.0751 4.11 0.0624 41.8792
0.0752 4.29 0.06406 42.2463
0.0753 4.5 0.06523 42.6178
0.0754 4.71 0.06564 42.9369
0.0755 5.03 0.06323 43.2265
0.0756 5.11 0.0601 43.1581
0.0757 5.14 0.05586 42.9481
0.0758 5.15 0.05223 42.7363
0.0759 5.13 0.04973 42.554
0.076 5.12 0.04773 42.4125
0.0761 5.12 0.04773 42.4281
0.0762 5.12 0.04773 42.4435
0.0763 5.37 0.04611 42.6289
0.0764 5.41 0.04428 42.5464
0.0765 5.5 0.04469 42.6958
0.0766 5.64 0.04515 42.9028
0.0767 5.85 0.04586 43.2009
0.0768 6.17 0.04703 43.6406
0.0769 6.62 0.04861 44.2226
0.077 7.18 0.05057 44.9064
0.0771 7.73 0.05302 45.5817
0.0772 8.09 0.05519 46.0514
0.0773 8.69 0.05648 46.6346
0.0774 8.69 0.05648 46.6514
0.0775 10.36 0.05027 47.4028
0.0776 11.05 0.05523 48.2384
0.0777 12.13 0.05286 48.7298
0.0778 12.68 0.06165 49.6915
0.0779 13.6 0.0609 50.162
0.078 12.83 0.06981 50.329
0.0781 13.16 0.09155 51.6842
0.0782 14.36 0.08964 52.2646
0.0783 15.79 0.07073 51.9682
0.0784 18.94 0.07056 53.3557
0.0785 20.57 0.13558 57.029
0.0786 21.37 0.26616 60.6749
0.0787 22.19 0.36892 62.7067
0.0788 24.5 0.40524 64.1289
0.0789 25.21 0.40782 64.45
0.079 25.78 0.31769 63.3504
0.0791 29.39 0.24175 63.1288
0.0792 31.94 0.25421 64.18
0.0793 18.41 0.18148 57.6658
0.0794 20.5 0.19119 58.8408
0.0795 20.5 0.19119 58.8614
0.0796 9.85 0.04869 47.2848
0.0797 9.46 0.06235 48.0045
0.0798 14.16 0.04019 49.0671
0.0799 13.82 0.03341 48.1665
0.08 15.69 0.05819 51.3904
0.0801 17.03 0.04507 50.9244
0.0802 18.3 0.05956 52.6802
0.0803 18.53 0.07056 53.543
0.0804 19.5 0.08131 54.5969
0.0805 15.98 0.15716 56.0634
0.0806 15.98 0.15716 56.0828
0.0807 17.87 0.15686 57.0035
0.0808 18.42 0.19452 58.3071
0.0809 17.66 0.20093 58.131
0.081 13.97 0.18381 55.8059
0.0811 15.57 0.15799 55.994
0.0812 16.46 0.15991 56.5201
0.0813 16.15 0.14137 55.8097
0.0814 14.2 0.08397 52.4793
0.0815 15.04 0.0821 52.8344
0.0816 16.6 0.12792 55.6238
0.0817 14.81 0.16582 55.9306
0.0818 11.21 0.16053 53.6054
0.0819 11.57 0.1916 54.6671
0.082 13.63 0.15549 55.0269
0.0821 14.55 0.13362 54.8694
0.0822 13.73 0.12483 54.1241
0.0823 12.95 0.14137 54.247
0.0824 12.37 0.17623 54.9061
0.0825 12.68 0.17415 55.0663
0.0826 12.52 0.1734 54.9645
0.0827 12.35 0.18069 55.0632
0.0828 12.38 0.18777 55.2774
0.0829 12.71 0.15487 54.6233
0.083 12.97 0.12787 53.9347
0.0831 13.35 0.12475 54.0663
0.0832 13.81 0.12492 54.355
0.0833 14.31 0.10051 53.6727
0.0834 14.96 0.09376 53.7235
0.0835 15.69 0.09193 54.0227
0.0836 16.5 0.09205 54.4397
0.0837 17.5 0.09376 55.0053
0.0838 18.73 0.08593 55.1628
0.0839 21.37 0.08189 56.014
0.084 23.14 0.07835 56.4703
0.0841 23.53 0.0706 56.1365
0.0842 23.38 0.12592 58.8703
0.0843 23.61 0.11675 58.603
0.0844 25.34 0.10901 58.8852
0.0845 24.7 0.11038 58.749
0.0846 24.94 0.09409 58.0736
0.0847 25.37 0.09543 58.3044
0.0848 26.31 0.08326 57.9682
0.0849 26.49 0.09109 58.4798
0.085 26.42 0.09501 58.682
0.0851 25.79 0.11859 59.5865
0.0852 26.38 0.1088 59.3733
0.0853 26.9 0.09159 58.7127
0.0854 26.96 0.09601 58.9815
0.0855 27.28 0.11067 59.8039
0.0856 26.39 0.12479 60.1361
0.0857 25.55 0.13083 60.112
0.0858 25.23 0.11838 59.5251
0.0859 24.2 0.112 58.9159
0.086 24.2 0.112 58.9349
0.0861 24.2 0.112 58.954
0.0862 21.19 0.08114 56.3249
0.0863 21.17 0.07877 56.1966
0.0864 20.11 0.07968 55.8537
0.0865 18.42 0.09559 56.0119
0.0866 17.06 0.13237 56.9358
0.0867 15.81 0.20385 58.394
0.0868 16.34 0.18377 58.1865
0.0869 16.58 0.1849 58.3572
0.087 16.94 0.18323 58.5125
0.0871 17.84 0.21122 59.6708
0.0872 18.6 0.24979 60.8933
0.0873 19.51 0.26487 61.633
0.0874 20.78 0.24508 61.8144
0.0875 22.68 0.24529 62.6224
0.0876 22.1 0.23813 62.2555
0.0877 24.6 0.22151 62.8642
0.0878 24.67 0.3134 64.7526
0.0879 24.87 0.32535 65.0506
0.088 24.89 0.28732 64.4092
0.0881 26.26 0.24754 64.1285
0.0882 27.33 0.2096 63.6318
0.0883 28.91 0.19035 63.6568
0.0884 30.24 0.19264 64.1544
0.0885 32.88 0.19777 65.0949
0.0886 33.84 0.17023 64.575
0.0887 32.33 0.18252 64.5453
0.0888 34.03 0.16924 64.6363
0.0889 35.85 0.14845 64.4369
0.089 35.93 0.13 63.7697
0.0891 37.35 0.12192 63.8051
0.0892 37.88 0.10038 62.9285
0.0893 37.04 0.07918 61.5188
0.0894 36.51 0.08481 61.7623
0.0895 37.85 0.09755 62.8304
0.0896 38 0.10122 63.0792
0.0897 37.2 0.11425 63.5427
0.0898 35.45 0.18798 65.793
0.0899 35.54 0.19643 66.0787
0.09 34.76 0.20164 66.0319
0.0901 33.1 0.16932 64.642
0.0902 31 0.19439 64.7946
0.0903 29.69 0.22105 65.1053
0.0904 30.46 0.24392 65.9035
0.0905 30.46 0.24392 65.9238
0.0906 26.6 0.19764 63.5476
0.0907 24.8 0.20922 63.2278
0.0908 23.54 0.26287 63.9776
0.0909 22.95 0.23534 63.1795
0.091 22.76 0.264 63.7297
0.0911 22.04 0.27537 63.6777
0.0912 20.91 0.29603 63.5979
0.0913 19.62 0.26566 62.4714
0.0914 18.17 0.27095 61.9048
0.0915 17.33 0.2842 61.7478
0.0916 17.12 0.27203 61.4341
0.0917 16.68 0.2535 60.8644
0.0918 15.36 0.26574 60.4009
0.0919 14.84 0.28349 60.4446
0.092 14.48 0.26829 59.9738
0.0921 14.18 0.22538 58.9503
0.0922 13.99 0.20893 58.4837
0.0923 13.86 0.20685 58.3741
0.0924 13.77 0.1956 58.0661
0.0925 13.78 0.1889 57.9215
0.0926 13.73 0.17752 57.61
0.0927 13.71 0.16507 57.2677
0.0928 13.72 0.15295 56.9285
0.0929 13.68 0.13529 56.3435
0.093 13.73 0.13137 56.2522
0.0931 13.83 0.12708 56.1725
0.0932 13.95 0.1185 55.9329
0.0933 14 0.11509 55.8426
0.0934 14.09 0.11096 55.7411
0.0935 14.31 0.10363 55.5653
0.0936 14.52 0.10209 55.6292
0.0937 14.78 0.10013 55.6982
0.0938 15.08 0.09822 55.7867
0.0939 15.45 0.09676 55.9287
0.094 15.86 0.09622 56.1305
0.0941 16.9 0.09697 56.6996
0.0942 17.49 0.09863 57.0778
0.0943 18.17 0.10034 57.4913
0.0944 18.89 0.10192 57.9061
0.0945 19.67 0.10397 58.3583
0.0946 20.47 0.10546 58.7811
0.0947 21.41 0.10546 59.1797
0.0948 24.37 0.10867 60.4619
0.0949 26.75 0.11509 61.5901
0.095 27.69 0.12221 62.2253
0.0951 29.13 0.14966 63.7655
0.0952 29.75 0.19069 65.2806
0.0953 31.24 0.1814 65.4881
0.0954 32.63 0.16186 65.297
0.0955 31.71 0.16265 65.074
0.0956 33.54 0.15611 65.3973
0.0957 34.56 0.18244 66.5566
0.0958 33.68 0.21155 67.1511
0.0959 34.98 0.21114 67.527
0.096 36.27 0.17111 66.7225
0.0961 36.27 0.17111 66.7419
0.0962 36.27 0.17111 66.7612
0.0963 33.48 0.09451 62.834
0.0964 34.27 0.10417 63.5763
0.0965 35.13 0.12417 64.7614
0.0966 36.2 0.15312 66.2049
0.0967 35.19 0.14499 65.6559
0.0968 34.71 0.14054 65.3753
0.0969 36.45 0.12671 65.2911
0.097 38.08 0.11442 65.1671
0.0971 36.92 0.10996 64.6817
0.0972 38.16 0.12321 65.627
0.0973 38.03 0.13712 66.2
0.0974 37.82 0.14383 66.4297
0.0975 36.25 0.14928 66.2489
0.0976 38.38 0.11934 65.582
0.0977 39.32 0.12033 65.8749
0.0978 40.55 0.12525 66.4076
0.0979 39.83 0.14229 66.9622
0.098 39.9 0.17769 68.2481
0.0981 39.85 0.1659 67.8664
0.0982 40.27 0.1432 67.1609
0.0983 41.13 0.14379 67.4077
0.0984 42.46 0.16045 68.3571
0.0985 41.44 0.13979 67.3605
0.0986 41.28 0.17194 68.5118
0.0987 40.76 0.20314 69.3618
0.0988 42.48 0.16295 68.527
0.0989 43.78 0.10921 66.5901
0.099 39.82 0.12479 66.4387
0.0991 37.5 0.15599 67.1201
0.0992 34.34 0.25696 69.1041
0.0993 34.52 0.2645 69.3422
0.0994 36.65 0.24842 69.5981
0.0995 34.15 0.21372 68.0556
0.0996 31.49 0.17811 66.2717
0.0997 32.94 0.19668 67.2741
0.0998 30.79 0.23492 67.6344
0.0999 30.58 0.20381 66.7925
0.1 28.79 0.18069 65.5731
0.1001 27.17 0.20385 65.7025
0.1002 27.72 0.20639 65.9786
0.1003 28.19 0.21089 66.2757
0.1004 27.97 0.20706 66.1185
0.1005 27.85 0.17348 65.1299
0.1006 28.45 0.15045 64.5783
0.1007 26.92 0.1105 62.4595
0.1008 26.01 0.11313 62.2899
0.1009 25.66 0.09447 61.26
0.101 26.33 0.07685 60.4574
0.1011 27.53 0.07314 60.6134
0.1012 26.25 0.06244 59.4286
0.1013 25.24 0.07943 60.3055
0.1014 25.29 0.08676 60.784
0.1015 25.08 0.05227 58.2207
0.1016 23.33 0.05157 57.5686
0.1017 24.35 0.04919 57.7129
0.1018 23.29 0.04386 56.8152
0.1019 22.68 0.04686 56.9264
0.102 26.06 0.09609 61.6691
0.1021 24.36 0.1063 61.605
0.1022 23.5 0.1859 64.2219
0.1023 20.9 0.14524 61.8799
0.1024 20.54 0.14803 61.8399
0.1025 19.63 0.16245 61.9315
0.1026 19.79 0.16649 62.1476
0.1027 19.57 0.17665 62.3711
0.1028 19.59 0.13437 60.9929
0.1029 19.39 0.13079 60.7826
0.103 17.48 0.17702 61.4254
0.1031 17.48 0.17702 61.442
0.1032 15.42 0.10055 57.5842
0.1033 14.79 0.1105 57.706
0.1034 15.16 0.10996 57.9037
0.1035 16.11 0.10605 58.2526
0.1036 14.4 0.0666 55.1576
0.1037 13.64 0.05861 54.1643
0.1038 12.7 0.05869 53.6306
0.1039 13.84 0.08776 56.162
0.104 14.42 0.08851 56.5502
0.1041 14.65 0.07568 55.9604
0.1042 13.04 0.06119 54.08
0.1043 13.04 0.06119 54.0944
0.1044 11.45 0.06385 53.2935
0.1045 12.91 0.0629 54.1693
0.1046 16.25 0.07293 56.7028
0.1047 16.65 0.10705 58.7636
0.1048 17.24 0.13033 60.0498
0.1049 17.63 0.19656 62.3552
0.105 19.38 0.36425 66.5573
0.1051 22.89 0.26462 66.401
0.1052 29.86 0.22184 68.0051
0.1053 33.09 0.19764 68.3764
0.1054 36.49 0.19219 69.2033
0.1055 40.23 0.22609 71.1563
0.1056 35.9 0.10567 65.7238
0.1057 41.14 0.12483 67.9796
0.1058 42.84 0.15166 69.512
0.1059 43.49 0.14266 69.3274
0.106 43.02 0.13283 68.8271
0.1061 43.02 0.13283 68.8452
0.1062 43.02 0.13283 68.8632
0.1063 35.44 0.12033 66.4367
0.1064 41.71 0.16569 69.8663
0.1065 46.58 0.1714 71.2052
0.1066 48.47 0.16532 71.4179
0.1067 48.05 0.21305 72.8687
0.1068 46.7 0.19885 72.1738
0.1069 46.01 0.1804 71.4567
0.107 46.74 0.19344 72.0547
0.1071 45.35 0.25566 73.4453
0.1072 42.72 0.27391 73.2541
0.1073 42.57 0.22072 71.9322
0.1074 44.18 0.20114 71.7795
0.1075 43.27 0.22155 72.1612
0.1076 42.56 0.20468 71.5351
0.1077 43.06 0.20526 71.6909
0.1078 44 0.23863 72.84
0.1079 39.96 0.25167 72.174
0.108 34.48 0.20302 69.4235
0.1081 33.87 0.22722 69.9151
0.1082 35.35 0.25112 70.9531
0.1083 34.24 0.253 70.6898
0.1084 32.77 0.23917 69.9347
0.1085 32.37 0.28828 70.9226
0.1086 31.56 0.29319 70.7817
0.1087 30.79 0.29232 70.531
0.1088 30.01 0.27004 69.8267
0.1089 29.2 0.29653 70.1137
0.109 28.23 0.24463 68.6829
0.1091 22.7 0.17169 64.6445
0.1092 23.46 0.14762 64.157
0.1093 24.21 0.12733 63.6766
0.1094 22.18 0.10801 62.0394
0.1095 20.29 0.09759 60.7494
0.1096 17.69 0.05369 56.6872
0.1097 18.74 0.07039 58.4773
0.1098 19.68 0.14454 62.5397
0.1099 21.52 0.10576 61.7402
0.11 20.23 0.07981 59.7915
0.1101 17.36 0.13437 61.0949
0.1102 19.55 0.14454 62.5433
0.1103 17.32 0.16449 62.1423
0.1104 24.77 0.16249 65.3777
0.1105 16.27 0.15807 61.4125
0.1106 11.89 0.15328 58.5653
0.1107 10.43 0.13587 56.9115
0.1108 9.23 0.28874 59.5529
0.1109 9.23 0.28874 59.5679
0.111 7.06 0.2797 57.1755
0.1111 8 0.29615 58.5061
0.1112 9.48 0.24471 59.0243
0.1113 9.89 0.21968 58.8693
0.1114 10.29 0.18948 58.4969
0.1115 10.49 0.16669 58.0517
0.1116 12.67 0.17461 59.8975
0.1117 14.36 0.17273 60.9475
0.1118 15.15 0.19939 62.1727
0.1119 17.36 0.1884 63.1211
0.112 22.98 0.10447 62.5914
0.1121 22.49 0.119 63.0929
0.1122 37.51 0.18361 70.4286
0.1123 52.51 0.41807 79.1819
0.1124 57.49 0.52874 81.825
