0.02 0 0 0
0.03 0 0 0
0.04 0 0 0
0.05 0 0 0
0.06 0 0 0
0.07 0 0 0
0.0800001 0 0 0
0.0900001 0 0 0
0.1 0 0 0
0.11 0 0 0
0.12 0 0 0
0.13 0 0 0
0.14 0 0 0
0.15 0 0 0
0.16 0 0 0
0.17 0 0 0
0.18 0 0 0
0.19 0 0 0
0.2 0 0 0
0.21 0 0 0
0.22 0 0 0
0.23 0 0 0
0.24 0 0 0
0.25 0 0 0
0.26 0 0 0
0.27 0 0 0
0.28 0 0 0
0.29 0 0 0
0.3 0 0 0
0.31 0 0 0
0.32 0 0 0
0.33 0 0 0
0.34 0 0 0
0.35 0 0 0
0.36 0 0 0
0.37 0 0 0
0.38 0 0 0
0.39 0 0 0
0.4 0 0 0
0.41 0 0 0
0.42 0 0 0
0.43 0 0 0
0.44 0 0 0
0.45 0 0 0
0.46 0 0 0
0.47 0 0 0
0.48 0 0 0
0.49 0 0 0
0.5 1.1538 0.0064 48.8824
0.51 1.205 0.0066 49.5873
0.52 1.3181 0.007 50.7518
0.53 1.3547 0.0067 51.0366
0.54 1.4094 0.0067 51.5957
0.55 1.4313 0.0037 49.4696
0.56 1.4605 0.0031 49.1342
0.57 1.4825 0.0073 53.1377
0.58 1.4971 0.0074 53.5312
0.59 1.5153 0.008 54.2305
0.6 1.5482 0.0081 54.7098
0.61 1.5847 0.0083 55.2585
0.62 1.6285 0.0084 55.7828
0.63 1.7198 0.0085 56.529
0.64 1.7782 0.0058 55.265
0.65 1.8366 0.0059 55.842
0.66 1.8987 0.0094 58.5751
0.67 1.9644 0.0098 59.3146
0.68 2.0229 0.0102 60.011
0.69 2.0813 0.0104 60.6004
0.7 2.1397 0.0108 61.2783
0.71 2.1872 0.0114 61.9935
0.72 2.2821 0.0116 62.7075
0.73 2.3259 0.0122 63.3864
0.74 2.3697 0.0128 64.0531
0.75 2.4099 0.013 64.5317
0.76 2.4574 0.0133 65.0754
0.77 2.5012 0.0144 65.913
0.78 2.545 0.0141 66.1994
0.79 2.5925 0.0145 66.7666
0.8 2.6399 0.015 67.3653
0.81 2.6874 0.0157 68.0298
0.82 2.7385 0.0159 68.5198
0.83 2.7933 0.0164 69.1254
0.84 2.8517 0.0167 69.6679
0.85 2.943 0.017 70.3194
0.86 2.9795 0.0195 71.4852
0.87 3.0051 0.0185 71.4899
0.88 3.0051 0.019 71.8767
0.89 3.0051 0.0198 72.3507
0.9 2.9905 0.0205 72.7348
0.91 2.9686 0.0212 73.0853
0.92 2.9467 0.0205 73.0253
0.93 2.9174 0.021 73.2865
0.94 2.8663 0.0195 72.8673
0.95 2.8554 0.0201 73.2263
0.96 2.8481 0.0196 73.259
0.97 2.8371 0.0201 73.5835
0.98 2.8371 0.0198 73.7013
0.99 2.8262 0.0192 73.6798
1 2.8262 0.0194 73.9497
1.01 2.8225 0.0187 73.9142
1.02 2.8554 0.0171 73.6902
1.03 2.8846 0.0175 74.1412
1.04 2.9065 0.0174 74.3862
1.05 2.9284 0.0178 74.8063
1.06 2.9613 0.0188 75.4669
1.07 3.0051 0.0192 75.9572
1.08 3.027 0.0193 76.2665
1.09 3.0562 0.0203 76.8904
1.1 3.1292 0.0196 77.1229
1.11 3.173 0.0205 77.762
1.12 3.2169 0.0204 78.0787
1.13 3.2716 0.0181 77.6851
1.14 3.3958 0.0209 79.2372
1.15 3.4615 0.0213 79.775
1.16 3.5272 0.0191 79.4601
1.17 3.5929 0.0214 80.621
1.18 3.728 0.0223 81.5216
1.19 3.7719 0.0233 82.1502
1.2 3.8193 0.0252 83.0295
1.21 3.9033 0.0243 83.2302
1.22 3.9508 0.0251 83.7918
1.23 3.9909 0.0247 83.992
1.24 4.053 0.0257 84.6477
1.25 4.0895 0.0251 84.7798
1.26 4.1005 0.0251 85.0006
1.27 4.0895 0.024 84.8378
1.28 4.053 0.0236 84.7946
1.29 4.0238 0.0229 84.6774
1.3 3.9909 0.0229 84.7591
1.31 3.969 0.0232 84.9646
1.32 3.9033 0.0231 84.9095
1.33 3.8778 0.0229 84.9461
1.34 3.8595 0.023 85.096
1.35 3.8376 0.0214 84.6926
1.36 3.7865 0.021 84.57
1.37 3.7609 0.024 85.6055
1.38 3.739 0.0221 85.1206
1.39 3.7025 0.0222 85.2032
1.4 3.6733 0.0213 84.9827
1.41 3.6002 0.0216 85.0038
1.42 3.5637 0.0234 85.6143
1.43 3.5309 0.0208 84.832
1.44 3.4907 0.0201 84.6151
1.45 3.4104 0.0214 84.9361
1.46 3.3812 0.0239 85.7782
1.47 3.3337 0.0232 85.5543
1.48 3.3008 0.0233 85.624
1.49 3.2607 0.0231 85.5722
1.5 3.2059 0.022 85.1761
1.51 3.1803 0.0218 85.1703
1.52 3.1584 0.0214 85.1107
1.53 3.1219 0.0212 85.0569
1.54 3.0525 0.0211 84.9023
1.55 3.0197 0.0207 84.7878
1.56 2.859 0.0205 84.2053
1.57 2.8408 0.0198 84.0342
1.58 2.7933 0.0201 84.0836
1.59 2.7568 0.0196 83.8958
1.6 2.6911 0.0208 84.1659
1.61 2.6618 0.0192 83.6202
1.62 2.629 0.0192 83.6149
1.63 2.5706 0.0197 83.6663
1.64 2.5523 0.0188 83.3974
1.65 2.534 0.0186 83.3777
1.66 2.5048 0.0184 83.3037
1.67 2.5012 0.0221 84.7071
1.68 2.4829 0.022 84.7262
1.69 2.4793 0.0177 83.3269
1.7 2.4683 0.0178 83.4493
1.71 2.4464 0.0179 83.5172
1.72 2.4245 0.0176 83.4271
1.73 2.4026 0.0176 83.4525
1.74 2.3697 0.0175 83.381
1.75 2.2785 0.0178 83.1608
1.76 2.22 0.0169 82.6238
1.77 2.22 0.0171 82.8351
1.78 2.158 0.0161 82.214
1.79 2.0995 0.0168 82.3079
1.8 2.0484 0.0163 81.9372
1.81 2.0046 0.0161 81.7245
1.82 1.9681 0.0139 80.6416
1.83 1.9133 0.0136 80.2909
1.84 1.9097 0.0109 78.9242
1.85 1.906 0.0136 80.4896
1.86 1.917 0.0124 80.0595
1.87 1.9279 0.0114 79.685
1.88 1.9425 0.0104 79.282
1.89 1.9571 0.0091 78.6065
1.9 1.9863 0.0062 76.4112
1.91 2.0009 0.007 77.3809
1.92 2.0338 0.0088 79.1686
1.93 2.0192 0.0092 79.4943
1.94 2.0375 0.0093 79.7838
1.95 2.0594 0.0068 77.9634
1.96 2.0922 0.0081 79.3995
1.97 2.136 0.0102 81.2938
1.98 2.2018 0.0102 81.7648
1.99 2.2675 0.0097 81.8837
2 2.3113 0.0095 82.0816
2.01 2.377 0.0095 82.528
2.02 2.4391 0.0097 83.0933
2.03 2.5377 0.0102 84.0343
2.04 2.5742 0.0109 84.7894
2.05 2.5925 0.0118 85.5542
2.06 2.6034 0.0123 86.0183
2.07 2.6107 0.0133 86.7311
2.08 2.618 0.0144 87.4587
2.09 2.6217 0.0151 87.9398
2.1 2.6217 0.0157 88.3425
2.11 2.6144 0.0163 88.7001
2.12 2.618 0.0169 89.1019
2.13 2.618 0.0175 89.4779
2.14 2.618 0.0178 89.7213
2.15 2.6217 0.0179 89.8978
2.16 2.6363 0.0114 86.7668
2.17 2.6655 0.01 86.0728
2.18 2.7057 0.01 86.3688
2.19 2.7604 0.0185 91.283
2.2 2.8262 0.0185 91.7093
2.21 2.9065 0.0179 91.9436
2.22 2.9978 0.0181 92.5555
2.23 3.0927 0.0189 93.4237
2.24 3.2935 0.0186 94.2655
2.25 3.4213 0.0058 86.1322
2.26 3.5491 0.0066 87.6321
2.27 3.6988 0.0207 97.0694
2.28 3.8631 0.0207 97.7983
2.29 4.0311 0.0211 98.6764
2.3 4.2173 0.0219 99.7489
2.31 4.4109 0.0226 100.78
2.32 4.619 0.0228 101.648
2.33 5.0243 0.0228 103.01
2.34 5.2142 0.024 104.128
2.35 5.4515 0.0246 105.138
2.36 5.6961 0.027 106.753
2.37 5.9262 0.0277 107.719
2.38 6.1306 0.0291 108.818
2.39 6.295 0.0334 110.623
2.4 6.4483 0.0342 111.354
2.41 6.5652 0.0361 112.276
2.42 6.6637 0.038 113.128
2.43 6.7477 0.0388 113.659
2.44 6.8646 0.042 114.826
2.45 6.8865 0.0512 116.92
2.46 6.9047 0.0525 117.342
2.47 7.0179 0.0198 108.574
2.48 7.2334 -0.0748 -nan
2.49 7.5255 0.0706 122.181
2.5 7.9235 0.0591 121.419
2.51 8.4237 -0.0071 -nan
2.52 9.0189 0.0199 113.244
2.53 10.7058 0.0851 131.136
2.54 11.5785 0.0519 127.418
2.55 15.4562 -0.0068 -nan
2.56 18.0487 0.0683 139.271
2.57 18.4431 0.1156 146.116
2.58 20.3819 0.0705 142.413
2.59 22.2295 0.0603 142.494
2.6 21.1633 0.0793 144.905
2.61 21.2656 0.1249 150.752
2.62 21.9374 0.0962 148.333
2.63 23.0036 0.1004 150.04
2.64 23.5586 0.0908 149.46
2.65 23.544 0.0763 147.454
2.66 25.4537 0.0719 148.54
2.67 26.4176 0.0841 151.455
2.68 28.477 0.0671 150.408
2.69 27.8782 0.0773 151.881
2.7 28.8641 0.0437 145.719
2.71 29.1379 0.0871 154.694
2.72 29.514 0.0697 152.289
2.73 28.8531 0.0938 155.749
2.74 29.0393 0.0912 155.688
2.75 29.2767 0.0706 152.74
2.76 28.9663 0.0562 149.789
2.77 28.9261 0.0592 150.56
2.78 29.0284 0.0337 143.882
2.79 29.3095 0.0662 152.56
2.8 28.959 0.008 127.868
2.81 27.0931 0.053 148.371
2.82 28.5573 0.0044 121.659
2.83 28.0352 0.0836 155.171
2.84 29.1927 0.1843 166.852
2.85 30.1019 0.1253 162.455
2.86 30.0361 0.1166 161.591
2.87 29.2073 0.1419 163.751
2.88 29.7879 0.1357 163.765
2.89 28.4843 0.1444 163.714
2.9 28.1739 0.1341 162.609
2.91 28.4515 0.1107 160.415
2.92 28.0827 0.1063 159.727
2.93 29.1379 0.1386 164.317
2.94 30.3429 0.1187 163.316
2.95 29.996 0.1154 162.817
2.96 31.0695 0.1259 164.989
2.97 32.4972 0.0751 159.222
2.98 33.1179 0.1212 166.298
2.99 34.0563 0.0374 151.549
3 33.8299 0.0758 160.718
3.01 34.0782 0.1053 165.502
3.02 35.7359 0.0209 145.795
3.03 36.2617 0.1406 171.369
3.04 37.4594 0.1201 170.086
3.05 37.0687 0.0805 164.419
3.06 36.2033 0.0094 137.174
3.07 36.521 -0.0133 -nan
3.08 33.7678 -0.1433 -nan
3.09 33.5853 0.0355 151.975
3.1 35.5095 0.0188 145.437
3.11 35.2795 0.0621 160.633
3.12 35.4402 0.0781 163.979
3.13 31.2119 0.0671 159.127
3.14 33.3625 0.0965 165.74
3.15 28.1301 0.0805 159.438
3.16 30.8979 0.0847 162.435
3.17 31.7121 0.0226 146.201
3.18 31.7851 0.083 163.11
3.19 32.0882 0.0993 165.933
3.2 31.2155 0.1031 165.937
3.21 31.5442 0.0792 162.721
3.22 32.5118 0.1077 167.809
3.23 34.7683 0.099 168.401
3.24 34.6661 0.1293 172.258
3.25 29.2 0.1476 170.061
3.26 27.838 0.1051 164.33
3.27 27.6262 0.1116 165.112
3.28 28.163 0.2383 176.507
3.29 27.7066 0.2219 175.199
3.3 26.8631 0.1338 167.373
3.31 27.0676 0.1871 172.441
3.32 27.0055 0.1942 173.064
3.33 24.4715 0.1919 170.599
3.34 23.0255 0.016 137.645
3.35 22.423 0.233 171.492
3.36 21.1086 0.2228 169.515
3.37 21.2729 0.078 155.643
3.38 21.2071 0.1487 164.288
3.39 20.2833 0.0325 143.956
3.4 21.2765 0.096 158.749
3.41 21.5175 0.0181 138.511
3.42 24.4605 0.1672 169.898
3.43 24.4496 0.1492 168.422
3.44 25.8261 0.3066 180.385
3.45 19.3595 0.3549 175.313
3.46 16.464 0.435 174.335
3.47 16.8584 0.4984 177.064
3.48 13.6269 0.3814 168.074
3.49 15.2992 0.3897 171.342
3.5 15.4599 0.2775 166.953
3.51 16.9716 0.3055 170.705
3.52 18.1071 0.3825 175.696
3.53 19.6224 0.3589 176.941
3.54 17.7566 0.3425 173.873
3.55 14.6602 0.2168 162.954
3.56 16.5553 0.2628 168.64
3.57 14.0505 0.2412 163.659
3.58 12.4366 0.1355 153.395
3.59 14.3316 0.1555 158.487
3.6 16.5626 0.1338 159.936
3.61 17.0555 0.104 157.402
3.62 17.2381 0.2446 169.4
3.63 17.6215 -0.1119 -nan
3.64 18.1875 0.0602 152.151
3.65 19.2975 0.1017 160.419
3.66 19.3048 0.086 158.326
3.67 18.4029 0.0763 155.799
3.68 19.2829 -0.0505 -nan
3.69 20.1081 -0.0126 -nan
3.7 18.8593 0.0721 155.967
3.71 22.2295 0.0317 149.262
3.72 21.9374 0.1268 167.317
3.73 23.3213 0.0749 161.684
3.74 24.6175 0.0849 164.778
3.75 24.1647 0.1909 175.93
3.76 25.3697 0.1885 177.112
3.77 21.1706 -0.0068 -nan
3.78 19.9912 0.1657 169.562
3.79 21.7256 0.1409 169.431
3.8 21.7256 -0.1492 -nan
3.81 22.6421 0.1886 174.883
3.82 22.759 0.1208 168.768
3.83 19.3449 0.2487 175.2
3.84 20.7069 0.1646 171.076
3.85 20.6594 0.104 164.729
3.86 22.6677 -0.0352 -nan
3.87 22.4486 0.1026 166.763
3.88 24.738 0.0138 143.217
3.89 23.2629 -0.0997 -nan
3.9 22.9634 -0.0398 -nan
3.91 20.8639 -0.0787 -nan
3.92 14.401 0.2075 166.47
3.93 19.9693 0.261 177.982
3.94 23.785 0.2672 183.006
3.95 20.2286 0.2166 175.816
3.96 16.5626 0.1405 164.899
3.97 22.1528 0.1587 173.825
3.98 23.5477 0.1281 172.383
3.99 23.8325 0.0685 164.033
4 22.905 0.028 151.504
4.01 21.6928 0.097 166.81
4.02 25.7896 0.1557 178.008
4.03 23.4089 0.1593 175.998
4.04 22.4157 0.1872 177.389
4.05 20.6704 0.1014 166.726
4.06 21.7914 0.1328 171.93
4.07 21.2984 0.0165 144.166
4.08 22.7809 -0.0202 -nan
4.09 22.7809 0.1591 176.014
4.1 22.4157 0.0779 165.587
4.11 17.176 0.1108 164.21
4.12 17.103 0.0923 161.743
4.13 17.8661 0.0857 161.871
4.14 19.4472 0.0977 165.767
4.15 21.2035 0.0786 164.944
4.16 18.9652 0.087 163.802
4.17 21.6636 0.0435 157.719
4.18 23.1059 0.0526 161.833
4.19 20.9333 0.059 161.187
4.2 20.6485 -0.0978 -nan
4.21 22.1601 0.2183 181.443
4.22 21.6818 0.1229 172.545
4.23 21.7658 0.0152 145.181
4.24 21.6636 0.037 156.331
4.25 21.1816 0.0423 157.674
4.26 20.7252 0.071 164.208
4.27 19.9255 0.0564 160.287
4.28 23.9603 0.0879 170.902
4.29 19.9401 0.0925001 167.257
4.3 22.0214 0.0798 167.702
4.31 21.4043 0.0978 169.977
4.32 19.7429 0.0945 167.64
4.33 19.1587 0.0191 146.219
4.34 20.3965 0.1028 169.83
4.35 20.5828 0.0711 165.021
4.36 19.9109 0.1575 175.581
4.37 19.6297 0.1692 176.382
4.38 20.2067 0.1281 173.176
4.39 19.9766 0.155 175.766
4.4 21.0392 0.2157 182.134
4.41 21.2984 0.1136 173.086
4.42 24.0406 0.0476 163.937
4.43 17.8734 0.1079 168.261
4.44 15.0582 0.0975001 162.883
4.45 18.5745 0.0723 163.857
4.46 18.622 0.1313 172.368
4.47 19.9438 0.1315 174.209
4.48 17.4681 0.0674 161.771
4.49 16.0222 0.0519 156.432
4.5 15.6717 0.1286 168.266
4.51 16.0258 0.1145 167.288
4.52 16.1646 0.0734 161.512
4.53 16.8803 -0.0027 -nan
4.54 17.333 0.0951 166.902
4.55 18.1546 0.1298 172.53
4.56 18.7607 0.364 188.991
4.57 21.251 0.0597 165.645
4.58 20.915 0.0529 163.71
4.59 19.48 0.0577 163.317
4.6 18.297 0.0616 162.832
4.61 18.0268 0.1238 172.303
4.62 18.8082 0.0473 160.119
4.63 19.02 0.1607 177.663
4.64 16.5626 0.1564 173.87
4.65 18.1108 0.093 168.768
4.66 15.1933 0.1331 169.636
4.67 15.3321 0.1457 171.244
4.68 14.8392 0.0935 164.362
4.69 16.0185 0.1054 167.946
4.7 19.0017 0.2541 185.312
4.71 17.5667 0.2424 182.619
4.72 15.584 0.171 174.464
4.73 15.8725 0.183 176.018
4.74 17.0774 0.2272 181.22
4.75 17.1943 0.1196 172.068
4.76 18.2094 0.1095 172.327
4.77 17.0628 0.1328 173.585
4.78 14.7041 0.1534 172.056
4.79 18.4577 0.088 169.848
4.8 20.8274 0.0896 173.188
4.81 20.0679 0.1114 175.515
4.82 19.6042 0.1037 173.987
4.83 18.1984 0.3041 188.359
4.84 17.8844 0.1056 172.159
4.85 16.5918 0.1166 171.818
4.86 14.5324 0.1085 167.659
4.87 15.9017 0.1279 172.286
4.88 15.27 0.1407 172.747
4.89 15.9638 0.1469 174.58
4.9 14.8903 0.1486 173.102
4.91 12.6995 0.1269 167.067
4.92 14.0578 0.1303 169.999
4.93 15.0144 0.1133 169.73
4.94 16.4896 0.1602 177.166
4.95 16.946 0.1811 179.789
4.96 16.946 0.1614 178.174
4.97 16.6758 0.1596 177.696
4.98 16.5005 0.1544 177.036
4.99 16.6977 0.1314 175.073
5 16.5297 0.0256 152.661
5.01 16.3618 0.0764 167.047
5.02 15.1349 0.104 169.569
5.03 16.0952 0.1087 171.804
5.04 17.4864 0.1138 174.628
5.05 17.5339 0.0938 172.004
5.06 17.4243 0.0846 170.473
5.07 18.2276 0.1003 174.126
5.08 20.4184 0.0843 174.55
5.09 21.0939 0.0406 165.118
5.1 21.2071 0.0883 176.376
5.11 21.0501 0.0646 171.759
5.12 20.1628 0.0768 173.266
5.13 21.6197 0.0893 177.321
5.14 22.4084 0.1497 186.167
5.15 22.3427 0.0537 170.966
5.16 22.5837 0.1004 180.478
5.17 24.0954 0.0457 170.715
5.18 25.5997 0.0637 177.13
5.19 26.2533 0.0929 183.542
5.2 26.896 0.156 192.402
5.21 23.6682 0.1607 189.461
5.22 24.2524 0.1827 192.27
5.23 24.6139 0.2595 198.494
5.24 25.7494 0.2036 195.899
5.25 26.1073 0.1961 195.781
5.26 27.0968 0.1947 196.819
5.27 26.3921 0.1637 193.367
5.28 25.6399 0.1629 192.586
5.29 27.3378 0.2218 199.534
5.3 27.933 0.2507 202.31
5.31 28.4989 0.0424 175.1
5.32 29.2438 0.0483 177.76
5.33 31.1389 0.0781 186.789
5.34 31.0001 0.1064 191.634
5.35 31.2484 0.0827 187.971
5.36 31.7121 0.084 188.713
5.37 31.0658 0.0613 183.382
5.38 29.6126 0.1219 192.941
5.39 29.1123 0.0763 185.205
5.4 29.6783 0.0779 186.136
5.41 29.1927 0.0361 174.273
5.42 29.6783 0.0731 185.344
5.43 30.781 0.0801 187.84
5.44 31.3725 0.0665 185.556
5.45 32.5483 0.0887 191.165
5.46 30.4487 0.0903 189.716
5.47 32.4132 0.0698 187.47
5.48 32.1722 0.0991 192.908
5.49 33.0449 0.1025 194.295
5.5 33.6985 0.1074 195.701
5.51 32.541 0.0771 189.518
5.52 33.965 0.1017 195.234
5.53 34.29 0.0343 178.688
5.54 34.5821 0.0667 189.18
5.55 34.6515 0.0902 194.144
5.56 33.735 0.0942 194.193
5.57 32.3548 0.1267 197.946
5.58 33.0777 0.1345 199.666
5.59 35.2284 0.1155 199.048
5.6 34.3119 0.117 198.605
5.61 34.8706 0.0552 187.1
5.62 34.6369 0.0825001 193.369
5.63 33.6729 0.0743 191.009
5.64 33.3151 0.0142 166.266
5.65 31.0987 0.0789 189.967
5.66 30.8541 0.0925001 192.373
5.67 28.5026 0.0783 187.663
5.68 25.7166 -0.0347 -nan
5.69 25.8298 -0.0911 -nan
5.7 25.3843 0.0531 178.952
5.71 21.638 0.0271 165.446
5.72 22.6275 0.0655 179.289
5.73 19.2537 0.1387 186.542
5.74 17.8187 0.1335 183.976
5.75 16.4531 0.1267 181.174
5.76 16.5188 0.0822 174.953
5.77 18.5416 0.4118 203.507
5.78 17.3184 0.1205 182.019
5.79 16.1646 0.1409 182.669
5.8 17.5047 0.1009 179.8
5.81 16.7525 0.1715 186.817
5.82 17.3002 0.1983 190.057
5.83 18.6147 0.1414 186.832
5.84 19.0966 0.155 189.049
5.85 15.7885 0.1166 179.72
5.86 14.642 0.1002 175.635
5.87 14.8939 0.0693 170.829
5.88 15.9857 0.1094 179.345
5.89 15.6096 0.0901 175.951
5.9 15.0254 0.0697 171.37
5.91 15.0181 0.1173 179.026
5.92 15.6753 0.0981 177.558
5.93 15.9601 0.0295 161.159
5.94 17.0774 0.0848 177.763
5.95 17.6726 0.0787 177.619
5.96 17.4974 0.0958 180.374
5.97 17.9757 0.0793 178.334
5.98 18.3956 0.0882 180.602
5.99 18.4248 0.0644 176.06
6 20.7252 0.0344 170.044
6.01 20.9223 0.064 179.385
6.02 20.7763 0.111 187.692
6.03 20.0387 0.1465 191.167
6.04 20.8457 0.0873 184.237
6.05 22.423 0.0942 187.451
6.06 23.1752 0.1267 193.134
6.07 25.304 0.1417 197.514
6.08 25.5121 0.1434 198.034
6.09 22.8101 0.1222 192.378
6.1 21.6818 0.1379 192.996
6.11 22.0798 0.0651 181.871
6.12 23.5769 0.0684 184.438
6.13 23.9384 0.1296 195.025
6.14 24.7818 0.1181 194.579
6.15 23.5221 0.0154 163.087
6.16 24.0296 0.0512 180.867
6.17 25.5778 0.0927 191.827
6.18 25.8626 0.071 188.002
6.19 27.524 0.092 193.916
6.2 25.5961 0.1383 198.608
6.21 24.7526 0.1544 199.56
6.22 24.6577 0.118 195.125
6.23 25.786 0.138 199.05
6.24 25.0995 0.0785 189.271
6.25 24.5372 0.0703 187.014
6.26 25.2967 0.1217 196.699
6.27 25.3514 0.0871 191.445
6.28 27.6956 0.1192 199.115
6.29 27.1516 0.0559 186.506
6.3 27.7285 0.1885 207.072
6.31 29.0758 0.1797 207.756
6.32 28.9553 0.1123 199.755
6.33 31.2082 -0.0368 -nan
6.34 30.8212 -0.0274 -nan
6.35 32.1831 0.1277 205.269
6.36 31.0549 0.1579 207.946
6.37 29.4994 0.179 208.67
6.38 28.1046 0.0117 165.217
6.39 29.7659 0.0643 192.046
6.4 30.2041 0.1541 207.057
6.41 31.42 0.0829 197.854
6.42 31.7486 0.0801 197.671
6.43 30.0982 0.1253 203.685
6.44 29.912 0.1672 208.537
6.45 30.7445 0.1272 204.742
6.46 26.8558 0.1643 205.204
6.47 27.4364 0.0596 189.264
6.48 27.5642 0.0983 197.527
6.49 27.7431 0.1929 209.207
6.5 26.5199 0.2544 212.785
6.51 26.3994 0.278 214.312
6.52 24.811 0.0786 191.296
6.53 26.3008 0.1384 202.293
6.54 26.3556 0.2899 215.285
6.55 28.7837 -0.1527 -nan
6.56 28.6997 0.1641 208.041
6.57 22.4157 0.0513 182.332
6.58 24.6832 0.1164 198.006
6.59 25.4281 0.1208 199.554
6.6 12.5644 0.2715 192.938
6.61 16.5115 0.4257 208.419
6.62 15.2518 0.292 199.772
6.63 21.6672 0.375 214.641
6.64 22.916 0.2202 207.092
6.65 27.2465 0.2235 212.67
6.66 13.7036 0.2243 192.769
6.67 17.092 0.1599 193.556
6.68 6.9997 0.1816 172.09
6.69 6.5104 0.1687 169.333
6.7 8.19 0.1952 177.234
6.71 9.6506 0.2099 182.648
6.72 7.7263 0.2043 176.567
6.73 8.8327 0.23 181.861
6.74 8.4894 0.2471 181.983
6.75 5.1484 0.2234 167.992
6.76 4.5277 0.1946 163.097
6.77 4.3269 0.1617 159.623
6.78 4.6299 0.1258 157.919
6.79 5.0206 0.1689 163.804
6.8 5.97 0.1662 167.785
6.81 5.4807 0.1598 165.258
6.82 6.4118 0.1445 167.693
6.83 7.2407 0.1497 171.228
6.84 7.4634 0.1389 170.978
6.85 7.9782 0.1362 172.416
6.86 8.6903 0.1391 174.929
6.87 8.8582 0.0879 168.908
6.88 9.1868 0.0821 168.903
6.89 9.3438 0.0857 169.99
6.9 9.8404 0.0857 171.331
6.91 9.9427 0.0845 171.454
6.92 10.0413 0.0776 170.554
6.93 9.8331 0.0822 170.925
6.94 9.6798 0.0673 167.792
6.95 9.5009 0.0678 167.512
6.96 9.2708 0.06 165.299
6.97 8.6939 0.056 162.904
6.98 8.4529 0.0561 162.335
6.99 8.1973 0.055 161.417
7 7.9198 0.0472 158.651
7.01 7.7153 0.0493 158.691
7.02 7.6934 0.0385 155.457
7.03 7.7117 0.04 156.067
7.04 7.949 0.0424 157.574
7.05 8.0951 0.0303 153.693
7.06 8.2667 0.0257 152.121
7.07 8.5259 0.0373 157.67
7.08 8.661 0.0287 154.679
7.09 8.7852 0.0289 155.147
7.1 8.9751 0.0317 156.889
7.11 8.9532 0.031 156.604
7.12 8.9605 0.0266 154.701
7.13 9.2161 0.027 155.583
7.14 9.1503 0.0386 160.176
7.15 9.0006 0.0289 156.055
7.16 9.0225 0.0302 156.743
7.17 9.0408 0.0307 157.064
7.18 8.9458 0.0355 158.793
7.19 8.9605 0.0386 160.003
7.2 8.8911 0.0428 161.266
7.21 8.8181 0.0468 162.339
7.22 8.5113 0.058 164.486
7.23 8.4018 0.061 164.933
7.24 8.2886 0.0615 164.786
7.25 8.1791 0.0627 164.799
7.26 7.9965 0.0654 164.904
7.27 7.8614 0.0695 165.398
7.28 7.6241 0.0743 165.65
7.29 7.478 0.0801 166.289
7.3 7.3319 0.089 167.341
7.31 7.2516 0.0922 167.631
7.32 7.2005 0.0913 167.388
7.33 7.2151 0.1009 168.899
7.34 7.0216 0.0877 166.351
7.35 6.8281 0.0851 165.331
7.36 6.6491 0.0809 164.07
7.37 6.4812 0.0767 162.805
7.38 6.0978 0.0735 160.871
7.39 5.9298 0.0721 160.029
7.4 5.7436 0.068 158.581
7.41 5.3967 0.0661 156.854
7.42 5.247 0.0612 155.28
7.43 4.6628 0.0574 151.908
7.44 4.6226 0.0525 150.652
7.45 4.5715 0.0518 150.3
7.46 4.5496 0.049 149.559
7.47 4.5131 0.0481 149.211
7.48 4.4291 0.0465 148.444
7.49 4.4035 0.0449 147.944
7.5 4.3926 0.0446 147.864
7.51 4.3816 0.0433 147.502
7.52 4.3488 0.0424 147.139
7.53 4.3013 0.0472 148.278
7.54 4.294 0.0399 146.238
7.55 4.2831 0.0393 146.054
7.56 4.2502 0.0388 145.79
7.57 4.1772 0.0327 143.425
7.58 4.1005 0.029 141.673
7.59 4.0567 0.0269 140.623
7.6 3.9982 0.0242 139.151
7.61 3.8193 0.0225 137.452
7.62 3.7792 0.0222 137.14
7.63 3.7134 0.0228 137.147
7.64 3.6441 0.022 136.419
7.65 3.5783 0.0225 136.366
7.66 3.5528 0.0239 136.961
7.67 3.5163 0.0253 137.457
7.68 3.5309 0.0281 138.796
7.69 3.5893 0.0299 139.895
7.7 3.6441 0.0313 140.786
7.71 3.6879 0.0313 141.08
7.72 3.7427 0.0326 141.91
7.73 3.7463 0.0337 142.374
7.74 3.7353 0.0342 142.539
7.75 3.7536 0.0319 141.866
7.76 3.7755 0.0334 142.58
7.77 3.8084 0.0329 142.631
7.78 3.969 0.0374 145.072
7.79 4.0859 0.03 143.083
7.8 4.1662 0.0287 143.007
7.81 4.2429 0.0273 142.839
7.82 4.3305 0.0301 144.48
7.83 4.4255 0.0284 144.284
7.84 4.4218 0.0322 145.834
7.85 4.4035 0.0332 146.17
7.86 4.3123 0.0343 146.177
7.87 4.3086 0.0395 147.938
7.88 4.2721 0.0412 148.328
7.89 4.2283 0.0432 148.746
7.9 4.148 0.0487 149.875
7.91 4.1553 0.0484 149.889
7.92 4.1589 0.0484 149.96
7.93 4.2246 0.0507 150.933
7.94 4.3086 0.0513 151.563
7.95 4.5679 0.0495 152.444
7.96 4.7249 0.0492 153.164
7.97 4.8928 0.0524 154.799
7.98 5.0206 0.0528 155.527
7.99 5.3566 0.0471 155.554
8 5.4953 0.0535 157.846
8.01 5.656 0.0555 159.043
8.02 5.8239 0.0554 159.746
8.03 6.2146 0.0558 161.399
8.04 6.3534 0.0556 161.921
8.05 6.4629 0.0575 162.83
8.06 6.609 0.0575 163.412
8.07 6.7915 0.0584 164.323
8.08 6.8938 0.0591 164.897
8.09 6.9741 0.0592 165.252
8.1 7.0325 0.0596 165.6
8.11 7.0617 0.0551 164.677
8.12 7.0727 0.0599 165.919
8.13 7.0654 0.0591 165.766
8.14 7.0763 0.0585 165.718
8.15 7.0763 0.0576 165.561
8.16 7.1275 0.0592 166.168
8.17 7.1567 0.0586 166.182
8.18 7.2041 0.0582 166.302
8.19 7.3502 0.0593 167.1
8.2 7.4451 0.0593 167.466
8.21 7.5255 0.0586 167.616
8.22 7.6021 0.0588 167.965
8.23 7.6679 0.0583 168.111
8.24 7.7226 0.0581 168.292
8.25 7.7811 0.0584 168.604
8.26 7.9089 0.0594 169.296
8.27 7.9417 0.0595 169.477
8.28 7.9636 0.0605 169.837
8.29 7.9563 0.0603 169.825
8.3 7.9636 0.06 169.834
8.31 7.9636 0.0592 169.701
8.32 7.9271 0.0587 169.526
8.33 7.9089 0.0562 168.913
8.34 7.8687 0.0528 167.971
8.35 7.8431 0.0514 167.573
8.36 7.8249 0.0551 168.545
8.37 7.792 0.0545 168.345
8.38 7.8176 0.0531 168.116
8.39 7.8431 0.0535 168.356
8.4 7.8504 0.0531 168.329
8.41 7.9782 0.0499 167.906
8.42 8.1279 0.0525 169.125
8.43 8.2557 0.0516 169.318
8.44 8.2959 0.0516 169.492
8.45 8.3835 0.052 169.914
8.46 8.5004 0.0527 170.499
8.47 8.5442 0.052 170.491
8.48 8.6209 0.0522 170.821
8.49 8.7085 0.0533 171.423
8.5 8.7487 0.0544 171.885
8.51 8.8034 0.0553 172.331
8.52 8.8217 0.0564 172.721
8.53 8.8692 0.0578 173.264
8.54 8.8801 0.0584 173.501
8.55 8.8984 0.0612 174.286
8.56 8.8801 0.0615 174.362
8.57 8.8107 0.0617 174.269
8.58 8.7487 0.061 173.983
8.59 8.6209 0.0626 174.045
8.6 8.5296 0.0625 173.812
8.61 8.3762 0.0622 173.345
8.62 8.3324 0.0604 172.847
8.63 8.2338 0.0647 173.597
8.64 8.1937 0.0646 173.509
8.65 8.1827 0.0633 173.238
8.66 8.2229 0.0619 173.093
8.67 8.2557 0.0574 172.164
8.68 8.2959 0.0548 171.676
8.69 8.3324 0.053 171.363
8.7 8.3799 0.0513 171.093
8.71 8.4018 0.0489 170.531
8.72 8.431 0.0473 170.199
8.73 8.4931 0.0469 170.313
8.74 8.5113 0.0462 170.206
8.75 8.515 0.0457 170.117
8.76 8.4858 0.0456 170.056
8.77 8.4274 0.0452 169.816
8.78 8.3397 0.0465 170.015
8.79 8.2119 0.0446 169.103
8.8 8.1754 0.0571 172.559
8.81 8.1133 0.0574 172.499
8.82 8.0038 0.0489 169.935
8.83 7.876 0.0501 169.938
8.84 7.5255 0.0506 169.02
8.85 7.3429 0.0603 170.952
8.86 7.1421 0.0614 170.581
8.87 6.9741 0.0547 168.424
8.88 6.6126 0.054 167.011
8.89 6.452 0.0539 166.447
8.9 6.2913 0.054 165.921
8.91 6.1306 0.0587 166.508
8.92 5.9882 0.055 165.1
8.93 5.7253 0.0552 164.137
8.94 5.6195 0.054 163.449
8.95 5.5428 0.0532 162.974
8.96 5.4953 0.0536 162.924
8.97 5.4442 0.0539 162.831
8.98 5.3967 0.0551 162.974
8.99 5.2945 0.0553 162.625
9 5.2142 0.0562 162.536
9.01 5.0864 0.0526 161.117
9.02 4.9951 0.0538 161.049
9.03 4.8782 0.0544 160.698
9.04 4.7942 0.0562 160.781
9.05 4.7577 0.0565 160.724
9.06 4.7541 0.0568 160.827
9.07 4.776 0.057 161.03
9.08 4.7796 0.0401 156.451
9.09 4.849 0.0555 161.123
9.1 4.9586 0.0574 162.145
9.11 5.0243 0.0583 162.713
9.12 5.0791 0.0566 162.616
9.13 5.1484 0.0286 153.985
9.14 5.2616 0.0518 162.343
9.15 5.4259 0.0513 162.982
9.16 5.8714 0.0535 165.471
9.17 6.1453 0.056 167.246
9.18 6.4593 0.0507 167.113
9.19 6.8719 0.0523 169.098
9.2 7.3137 0.0524 170.701
9.21 8.117 0.0526 173.389
9.22 8.431 0.053 174.502
9.23 8.7085 0.0515 174.952
9.24 8.9385 0.0488 174.877
9.25 9.1394 0.0408 172.896
9.26 9.3402 0.036 171.693
9.27 9.3585 0.0307 169.531
9.28 9.3548 0.0285 168.527
9.29 9.3365 0.0384 172.762
9.3 9.2526 0.0407 173.427
9.31 9.1649 0.0423 173.798
9.32 9.0517 0.0444 174.24
9.33 8.8838 0.0474 174.77
9.34 8.8254 0.0489 175.11
9.35 8.7268 0.0451 173.706
9.36 8.6318 0.053 175.829
9.37 8.3872 0.0533 175.237
9.38 8.431 0.0535 175.475
9.39 8.4602 0.0527 175.395
9.4 8.4894 0.0478 174.114
9.41 8.5332 0.0483 174.446
9.42 8.599 0.0488 174.84
9.43 8.7633 0.0518 176.242
9.44 8.8546 0.0521 176.642
9.45 8.9276 0.0528 177.099
9.46 8.9824 0.054 177.639
9.47 9.0079 0.0548 177.982
9.48 8.997 0.0544 177.894
9.49 8.9641 0.0571 178.571
9.5 8.9349 0.0577 178.695
9.51 8.8582 0.0582 178.653
9.52 8.8327 0.0583 178.657
9.53 8.8181 0.0597 179.02
9.54 8.7888 0.0604 179.16
9.55 8.7596 0.0612 179.322
9.56 8.7377 0.062 179.504
9.57 8.6501 0.0615 179.175
9.58 8.599 0.0622 179.243
9.59 8.5552 0.063 179.353
9.6 8.5223 0.061 178.825
9.61 8.4164 0.0615 178.677
9.62 8.3762 0.0621 178.749
9.63 8.3507 0.0623 178.77
9.64 8.3069 0.062 178.615
9.65 8.2996 0.0614 178.499
9.66 8.2959 0.0615 178.563
9.67 8.2886 0.0619 178.688
9.68 8.3105 0.0519 176.205
9.69 8.3361 0.0517 176.278
9.7 8.358 0.054 177.035
9.71 8.3872 0.0546 177.337
9.72 8.4383 0.0572 178.232
9.73 8.4931 0.0594 179.01
9.74 8.5661 0.0609 179.655
9.75 8.661 0.0555 178.606
9.76 8.9093 0.0568 179.731
9.77 9.0298 0.0562 179.972
9.78 9.1102 0.0572 180.518
9.79 9.1649 0.0566 180.566
9.8 9.1686 0.0576 180.891
9.81 9.1357 0.0581 180.979
9.82 9.0846 0.0582 180.91
9.83 9.0371 0.0584 180.876
9.84 8.9714 0.059 180.891
9.85 8.9312 0.0601 181.103
9.86 8.8838 0.06 180.991
9.87 8.8473 0.0615 181.306
9.88 8.8107 0.0614 181.225
9.89 8.7669 0.0619 181.268
9.9 8.6939 0.0615 181.003
9.91 8.6172 0.0611 180.725
9.92 8.5332 0.0618 180.692
9.93 8.4566 0.0606 180.214
9.94 8.3726 0.0596 179.756
9.95 8.3069 0.0595 179.577
9.96 8.2521 0.059 179.33
9.97 8.2119 0.0583 179.076
9.98 8.1754 0.058 178.935
9.99 8.1608 0.0574 178.784
10 8.1462 0.0578 178.891
10.01 8.1608 0.0568 178.727
10.02 8.1937 0.0576 179.088
10.03 8.2192 0.0574 179.166
10.04 8.2411 0.0577 179.362
10.05 8.2703 0.057 179.321
10.06 8.3105 0.0565 179.365
10.07 8.3434 0.0554 179.223
10.08 8.3799 0.0546 179.168
10.09 8.4347 0.0536 179.11
10.1 8.504 0.0536 179.371
10.11 8.6099 0.0538 179.796
10.12 8.7268 0.0544 180.361
10.13 8.8692 0.0539 180.693
10.14 8.9897 0.0549 181.371
10.15 9.1102 0.0547 181.714
10.16 9.1759 0.055 182.035
10.17 9.2051 0.0555 182.305
10.18 9.2051 0.0551 182.245
10.19 9.1941 0.0561 182.536
10.2 9.154 0.0563 182.525
10.21 9.1357 0.0571 182.737
10.22 9.1138 0.058 182.961
10.23 9.0883 0.0573 182.752
10.24 9.0736 0.0573 182.759
10.25 9.0371 0.0578 182.835
10.26 9.0189 0.0585 183.015
10.27 8.9897 0.0573 182.664
10.28 8.9824 0.0576 182.771
10.29 8.9605 0.0569 182.57
10.3 8.9641 0.0543 181.921
10.31 8.9824 0.0544 182.051
10.32 8.9787 0.0532 181.752
10.33 8.9714 0.0539 181.978
10.34 8.9824 0.0549 182.337
10.35 8.9787 0.0547 182.32
10.36 8.9495 0.0536 181.976
10.37 8.9166 0.0548 182.263
10.38 8.6209 0.0553 181.566
10.39 8.6026 0.0575 182.15
10.4 8.5953 0.0555 181.64
10.41 8.5807 0.0558 181.726
10.42 8.5405 0.0553 181.515
10.43 8.5186 0.0571 181.981
10.44 8.5004 0.0547 181.324
10.45 8.4748 0.0541 181.128
10.46 8.4602 0.0545 181.242
10.47 8.4493 0.054 181.117
10.48 8.4748 0.0539 181.216
10.49 8.4821 0.0538 181.259
10.5 8.5004 0.0535 181.279
10.51 8.504 0.0537 181.394
10.52 8.5405 0.0532 181.413
10.53 8.5917 0.0537 181.758
10.54 8.6428 0.0535 181.905
10.55 8.7012 0.0531 182.016
10.56 8.7523 0.0534 182.303
10.57 8.7961 0.0537 182.567
10.58 8.8363 0.0533 182.621
10.59 8.8436 0.0543 182.974
10.6 8.8436 0.0536 182.824
10.61 8.8363 0.0537 182.879
10.62 8.8327 0.0552 183.336
10.63 8.8034 0.0558 183.461
10.64 8.7523 0.0564 183.518
10.65 8.7195 0.056 183.358
10.66 8.6866 0.0557 183.225
10.67 8.6428 0.0562 183.275
10.68 8.6209 0.0563 183.283
10.69 8.5844 0.0547 182.78
10.7 8.515 0.0584 183.611
10.71 8.4493 0.0549 182.513
10.72 8.3872 0.0549 182.367
10.73 8.3288 0.0553 182.341
10.74 8.2667 0.0546 181.998
10.75 8.2046 0.0545 181.82
10.76 8.1608 0.054 181.588
10.77 8.1279 0.053 181.247
10.78 8.044 0.0526 180.909
10.79 8.044 0.0516 180.667
10.8 7.9928 0.0506 180.253
10.81 7.9381 0.0508 180.181
10.82 7.9016 0.05 179.87
10.83 7.865 0.0513 180.18
10.84 7.8541 0.0513 180.19
10.85 7.865 0.0502 179.948
10.86 7.8687 0.0501 179.976
10.87 7.8687 0.05 179.992
10.88 7.887 0.0495 179.948
10.89 7.9198 0.0505 180.402
10.9 7.9928 0.0509 180.805
10.91 8.0732 0.0511 181.171
10.92 8.1681 0.0486 180.766
10.93 8.2667 0.0488 181.187
10.94 8.3361 0.0479 181.17
10.95 8.3726 0.0477 181.267
10.96 8.3799 0.047 181.113
10.97 8.3835 0.0461 180.879
10.98 8.4018 0.0451 180.652
10.99 8.4493 0.043 180.128
11 8.4931 0.0427 180.203
11.01 8.504 0.0422 180.105
11.02 8.5004 0.0424 180.211
11.03 8.5077 0.0435 180.663
11.04 8.4894 0.044 180.824
11.05 8.4748 0.0433 180.584
11.06 8.4712 0.0429 180.479
11.07 8.4821 0.0429 180.558
11.08 8.4967 0.0448 181.3
11.09 8.5259 0.0463 181.933
11.1 8.5442 0.0478 182.518
11.11 8.5734 0.0485 182.875
11.12 8.7268 0.048 183.23
11.13 8.8436 0.049 183.943
11.14 8.9458 0.0479 183.945
11.15 9.059 0.0483 184.452
11.16 9.1722 0.0483 184.829
11.17 9.2708 0.0488 185.318
11.18 9.3986 0.0493 185.888
11.19 9.5264 0.0509 186.792
11.2 9.6542 0.0507 187.136
11.21 9.782 0.051 187.629
11.22 9.8843 0.0518 188.2
11.23 9.9062 0.055 189.248
11.24 9.9098 0.0556 189.476
11.25 9.9098 0.0519 188.44
11.26 9.9098 0.0534 188.934
11.27 9.8989 0.0533 188.921
11.28 9.9025 0.0498 187.913
11.29 9.8806 0.0511 188.303
11.3 9.8368 0.0549 189.355
11.31 9.7491 0.0548 189.129
11.32 9.6834 0.0557 189.248
11.33 9.6067 0.0563 189.246
11.34 9.5556 0.0562 189.119
11.35 9.4826 0.0556 188.788
11.36 9.3438 0.0565 188.686
11.37 9.3767 0.056 188.688
11.38 9.4169 0.0554 188.681
11.39 9.457 0.055 188.729
11.4 9.4972 0.0556 189.061
11.41 9.541 0.0544 188.889
11.42 9.5994 0.0544 189.101
11.43 9.6542 0.0542 189.244
11.44 9.6907 0.0547 189.538
11.45 9.7309 0.0552 189.841
11.46 9.793 0.0553 190.089
11.47 9.8623 0.0545 190.098
11.48 9.95 0.0555 190.675
11.49 10.0778 0.0556 191.1
11.5 10.2348 0.0525 190.66
11.51 10.3589 0.0514 190.701
11.52 10.4721 0.057 192.697
11.53 10.5671 0.057 192.994
11.54 10.6583 0.0573 193.364
11.55 10.7314 0.0583 193.88
11.56 10.83 0.0584 194.21
11.57 10.8847 0.0585 194.426
11.58 10.9322 0.0576 194.343
11.59 10.987 0.0582 194.698
11.6 11.0819 0.0577 194.846
11.61 11.1878 0.0582 195.3
11.62 11.2754 0.0585 195.65
11.63 11.3777 0.0587 196.007
11.64 11.4762 0.0597 196.573
11.65 11.5602 0.0605 197.045
11.66 11.6442 0.0593 196.969
11.67 11.7063 0.0601 197.387
11.68 11.7428 0.0611 197.794
11.69 11.7391 0.0594 197.368
11.7 11.7172 0.0598 197.472
11.71 11.7026 0.0599 197.511
11.72 11.6698 0.0605 197.642
11.73 11.6406 0.0609 197.726
11.74 11.6406 0.0605 197.664
11.75 11.604 0.0616 197.918
11.76 11.5712 0.0625 198.123
11.77 11.458 0.0628 197.968
11.78 11.3338 0.0628 197.704
11.79 11.1695 0.0637 197.57
11.8 10.9724 0.063 196.929
11.81 10.746 0.0629 196.359
11.82 10.5196 0.0636 195.984
11.83 10.2969 0.0633 195.35
11.84 10.0814 0.0634 194.828
11.85 9.8989 0.0636 194.412
11.86 9.7711 0.0627 193.864
11.87 9.6323 0.0648 194.042
11.88 9.5264 0.062 193.068
11.89 9.4242 0.0616 192.709
11.9 9.2964 0.0604 192.061
11.91 9.2087 0.0566 190.81
11.92 9.1175 0.0562 190.468
11.93 9.0298 0.0562 190.248
11.94 8.9787 0.0547 189.709
11.95 8.8801 0.0543 189.336
11.96 8.8582 0.0541 189.255
11.97 8.8327 0.0537 189.103
11.98 8.8217 0.0538 189.143
11.99 8.8181 0.0531 188.969
12 8.7925 0.0528 188.845
12.01 8.756 0.0532 188.894
12.02 8.7122 0.0524 188.564
12.03 8.661 0.0523 188.417
12.04 8.6099 0.0526 188.39
12.05 8.5698 0.0543 188.806
12.06 8.5369 0.0541 188.687
12.07 8.5332 0.0546 188.863
12.08 8.5405 0.0539 188.727
12.09 8.5734 0.0526 188.492
12.1 8.6172 0.0524 188.614
12.11 8.7049 0.0525 188.962
12.12 8.8107 0.0522 189.244
12.13 8.9276 0.0513 189.373
12.14 9.0481 0.052 189.997
12.15 9.1649 0.0514 190.208
12.16 9.2854 0.0525 190.946
12.17 9.5155 0.0527 191.724
12.18 9.6104 0.0514 191.644
12.19 9.6834 0.0541 192.716
12.2 9.7199 0.0532 192.595
12.21 9.7163 0.0555 193.308
12.22 9.6798 0.0558 193.334
12.23 9.6323 0.0573 193.668
12.24 9.5337 0.0727 197.294
12.25 9.4278 0.0625 194.559
12.26 9.2453 0.0611 193.691
12.27 9.0554 0.0638 193.853
12.28 8.8546 0.0595 192.153
12.29 8.6574 0.0652 193.038
12.3 8.4529 0.0667 192.782
12.31 8.2667 0.0684 192.611
12.32 7.8541 0.0705 191.722
12.33 7.5839 0.0704 190.778
12.34 7.6131 0.0707 190.994
12.35 7.6606 0.0701 191.073
12.36 7.8139 0.069 191.41
12.37 7.9308 0.0625 190.29
12.38 8.0476 0.0595 189.955
12.39 8.1718 0.0577 189.931
12.4 8.3215 0.0566 190.166
12.41 8.4018 0.0565 190.444
12.42 8.4858 0.0551 190.362
12.43 8.5625 0.053 190.036
12.44 8.6464 0.0519 190.013
12.45 8.6866 0.0488 189.211
12.46 8.6501 0.0492 189.267
12.47 8.599 0.0493 189.179
12.48 8.5442 0.0478 188.562
12.49 8.4821 0.0469 188.108
12.5 8.4383 0.0474 188.176
12.51 8.4237 0.0479 188.335
12.52 8.3872 0.0501 188.964
12.53 8.3653 0.052 189.521
12.54 8.3105 0.0514 189.201
12.55 8.2703 0.0536 189.771
12.56 8.2594 0.0581 191.054
12.57 8.2375 0.0583 191.078
12.58 8.2229 0.0583 191.072
12.59 8.2192 0.0581 191.047
12.6 8.201 0.0588 191.218
12.61 8.2046 0.059 191.327
12.62 8.2338 0.0596 191.628
12.63 8.2448 0.0598 191.761
12.64 8.2375 0.0594 191.671
12.65 8.2594 0.0578 191.352
12.66 8.2557 0.0592 191.763
12.67 8.2521 0.0581 191.494
12.68 8.2411 0.0586 191.635
12.69 8.2375 0.0584 191.611
12.7 8.2046 0.0585 191.57
12.71 8.1864 0.0586 191.578
12.72 8.1645 0.0598 191.869
12.73 8.1462 0.0591 191.661
12.74 8.1316 0.0589 191.599
12.75 8.1024 0.0595 191.703
12.76 8.0659 0.0548 190.313
12.77 8.033 0.0542 190.068
12.78 7.9928 0.0623 192.187
12.79 7.9563 0.0613 191.843
12.8 7.9308 0.0617 191.9
12.81 7.9235 0.0624 192.097
12.82 7.9235 0.0637 192.468
12.83 7.9855 0.0626 192.447
12.84 8.0549 0.0632 192.882
12.85 8.1425 0.0447 187.736
12.86 8.263 0.0467 188.861
12.87 8.4201 0.059 193.135
12.88 8.5844 0.0575 193.301
12.89 8.745 0.0576 193.887
12.9 8.9458 0.0579 194.648
12.91 9.1722 0.0575 195.279
12.92 9.4132 0.0572 195.967
12.93 9.95 0.0554 197.056
12.94 10.1727 0.0564 198.022
12.95 10.421 0.055 198.338
12.96 10.6291 0.0565 199.392
12.97 10.8263 0.057 200.11
12.98 10.9614 0.0583 200.887
12.99 11.0344 0.0595 201.464
13 11.0856 0.0592 201.556
13.01 11.1622 0.0609 202.275
13.02 11.2681 0.0615 202.759
13.03 11.5164 0.0626 203.74
13.04 11.6296 0.0628 204.125
13.05 11.7355 0.0636 204.651
13.06 11.8268 0.0647 205.215
13.07 11.9254 0.0656 205.741
13.08 11.9947 0.0674 206.421
13.09 12.0787 0.0672 206.621
13.1 12.17 0.0678 207.042
13.11 12.327 0.0671 207.29
13.12 12.3891 0.069 207.967
13.13 12.4512 0.0706 208.558
13.14 12.5132 0.0706 208.751
13.15 12.5497 0.071 208.981
13.16 12.5571 0.0704 208.895
13.17 12.5899 0.0723 209.482
13.18 12.6082 0.0726 209.642
13.19 12.6301 0.0751 210.33
13.2 12.6337 0.0745 210.243
13.21 12.6483 0.071 209.482
13.22 12.6629 0.0723 209.877
13.23 12.6702 0.0714 209.72
13.24 12.6447 0.0739 210.305
13.25 12.6264 0.0699 209.333
13.26 12.5863 0.0687 208.98
13.27 12.5315 0.0692 209.019
13.28 12.4804 0.0688 208.839
13.29 12.4366 0.0668 208.265
13.3 12.338 0.0652 207.651
13.31 12.2102 0.0652 207.383
13.32 11.6807 0.0653 206.132
13.33 11.3996 0.0653 205.453
13.34 11.1695 0.0651 204.841
13.35 10.8373 0.0851 208.593
13.36 10.5671 0.065 203.271
13.37 10.0413 0.0641 201.591
13.38 9.7199 0.062 200.135
13.39 9.3585 0.0606 198.709
13.4 9.0225 0.0631 198.373
13.41 8.6976 0.0667 198.282
13.42 8.0038 0.073 197.44
13.43 7.7044 0.0617 193.671
13.44 7.3721 0.0858 197.839
13.45 7.0727 0.0858 196.702
13.46 6.7842 0.0859 195.585
13.47 6.5177 0.0818 193.71
13.48 6.1453 0.0782 191.398
13.49 5.8604 0.0755 189.578
13.5 5.6487 0.0701 187.454
13.51 5.897 0.0683 188.25
13.52 6.3461 0.0641 189.287
13.53 6.8792 0.0627 191.186
13.54 7.3575 0.0607 192.565
13.55 7.8212 0.0593 193.931
13.56 8.1462 0.0579 194.724
13.57 8.3215 0.0559 194.791
13.58 8.3981 0.0519 193.887
13.59 8.3799 0.0477 192.509
13.6 8.3251 0.0472 192.198
13.61 8.2813 0.0466 191.887
13.62 8.2594 0.045 191.296
13.63 8.2338 0.0441 190.929
13.64 8.2229 0.0423 190.27
13.65 8.2484 0.0416 190.13
13.66 8.2375 0.0412 189.98
13.67 8.2302 0.0409 189.879
13.68 8.2484 0.0397 189.507
13.69 8.3105 0.039 189.47
13.7 8.5625 0.0399 190.687
13.71 8.7669 0.0407 191.691
13.72 9.0079 0.0477 195.039
13.73 9.2562 0.0472 195.672
13.74 9.4899 0.0483 196.792
13.75 9.6725 0.0425 195.283
13.76 9.793 0.0433 195.975
13.77 9.8331 0.0449 196.723
13.78 9.8185 0.0461 197.153
13.79 9.7601 0.0483 197.789
13.8 9.5702 0.0497 197.74
13.81 9.468 0.0511 197.931
13.82 9.3694 0.0517 197.865
13.83 9.2854 0.0525 197.901
13.84 9.227 0.0531 197.948
13.85 9.154 0.0545 198.19
13.86 9.1175 0.0549 198.236
13.87 9.0846 0.0544 198.022
13.88 9.1029 0.0538 197.936
13.89 9.1284 0.0548 198.359
13.9 9.1868 0.0547 198.551
13.91 9.2672 0.0553 199.021
13.92 9.3585 0.0547 199.161
13.93 9.457 0.0555 199.742
13.94 9.6725 0.0554 200.401
13.95 9.793 0.0565 201.128
13.96 9.8843 0.0433 197.026
13.97 9.9719 0.0424 196.971
13.98 10.0376 0.0396 196.079
13.99 10.096 0.0607 203.383
14 10.18 0.0604 203.582
14.01 10.253 0.0604 203.832
14.02 10.3188 0.0609 204.2
14.03 10.4137 0.0604 204.37
14.04 10.7569 0.0605 205.395
14.05 10.987 0.0621 206.511
14.06 11.2718 0.0627 207.481
14.07 11.5493 0.0526 205.228
14.08 11.8523 0.054 206.487
14.09 12.1262 0.0642 210.212
14.1 12.3964 0.065 211.14
14.11 12.6447 0.0662 212.108
14.12 12.8565 0.0652 212.388
14.13 13.0609 0.0664 213.237
14.14 13.2435 0.0681 214.155
14.15 13.5831 0.0684 215.059
14.16 13.7255 0.0687 215.502
14.17 13.8715 0.0692 216.004
14.18 13.992 0.0698 216.471
14.19 14.1162 0.0709 217.071
14.2 14.2622 0.0722 217.765
14.21 14.3827 0.0715 217.894
14.22 14.5069 0.0676 217.191
14.23 14.6237 0.068 217.591
14.24 14.7406 0.0686 218.043
14.25 14.8172 0.0684 218.195
14.26 14.872 0.0691 218.539
14.27 14.9377 0.0691 218.72
14.28 15.0108 0.0692 218.943
14.29 15.0363 0.0707 219.43
14.3 14.6529 0.0721 219.015
14.31 14.715 0.071 218.911
14.32 14.7515 0.0714 219.134
14.33 14.7406 0.0716 219.204
14.34 14.7625 0.0735 219.772
14.35 14.7369 0.0713 219.205
14.36 14.6931 0.0782 220.844
14.37 14.6274 0.0777 220.627
14.38 14.558 0.0718 219.074
14.39 14.4813 0.0742 219.55
14.4 14.3718 0.0751 219.572
14.41 14.2513 0.0737 219.005
14.42 14.1089 0.0752 219.098
14.43 14.0066 0.0743 218.692
14.44 13.7474 0.0739 218.048
14.45 13.6342 0.0742 217.904
14.46 13.6342 0.073 217.651
14.47 13.4516 0.0732 217.32
14.48 13.3713 0.073 217.125
14.49 13.3056 0.0734 217.111
14.5 13.2581 0.073 216.942
14.51 13.2399 0.0726 216.842
14.52 13.2143 0.0731 216.947
14.53 13.1778 0.0744 217.22
14.54 13.1632 0.072 216.635
14.55 13.0828 0.0763 217.533
14.56 13.0208 0.0759 217.33
14.57 12.9514 0.0713 216.078
14.58 12.8857 0.0712 215.936
14.59 12.8492 0.0704 215.686
14.6 12.8309 0.0702 215.631
14.61 12.8053 0.0706 215.712
14.62 12.7834 0.0711 215.827
14.63 12.6593 0.0704 215.388
14.64 12.5899 0.0778 217.056
14.65 12.5278 0.0787 217.15
14.66 12.4329 0.071 215.103
14.67 12.3307 0.0694 214.481
14.68 12.2065 0.0696 214.26
14.69 12.0787 0.0676 213.458
14.7 11.9473 0.0677 213.189
14.71 11.8268 0.0674 212.839
14.72 11.6333 0.0673 212.348
14.73 11.542 0.0675 212.2
14.74 11.4872 0.0695 212.61
14.75 11.4288 0.0655 211.449
14.76 11.3229 0.0658 211.286
14.77 11.2572 0.0645 210.798
14.78 11.1695 0.0649 210.709
14.79 11.0892 0.0642 210.34
14.8 11.0016 0.0648 210.302
14.81 10.8957 0.0644 209.94
14.82 10.7022 0.0669 210.103
14.83 10.651 0.0576 207.399
14.84 10.6072 0.0671 209.965
14.85 10.5817 0.0666 209.801
14.86 10.589 0.0657 209.623
14.87 10.6182 0.0666 209.983
14.88 10.662 0.065 209.722
14.89 10.7387 0.0645 209.843
14.9 10.976 0.0642 210.462
14.91 11.1148 0.0645 210.965
14.92 11.2718 0.0626 210.905
14.93 11.3886 0.0624 211.202
14.94 11.4909 0.0643 212.042
14.95 11.5493 0.0645 212.291
14.96 11.6186 0.0658 212.867
14.97 11.6552 0.0654 212.894
14.98 11.6661 0.0648 212.799
14.99 11.6552 0.0652 212.919
15 11.6442 0.0649 212.848
15.01 11.6296 0.0681 213.703
15.02 11.6369 0.0688 213.944
15.03 11.6771 0.0685 214.012
15.04 11.7355 0.0684 214.179
15.05 11.7976 0.0681 214.303
15.06 11.8779 0.0681 214.552
15.07 11.9327 0.0667 214.364
15.08 12.086 0.0666 214.771
15.09 12.1664 0.0672 215.176
15.1 12.3343 0.0683 215.932
15.11 12.4913 0.0684 216.392
15.12 12.6812 0.0693 217.139
15.13 12.8492 0.0689 217.486
15.14 13.0025 0.0684 217.766
15.15 13.2435 0.0759 220.281
15.16 13.3202 0.0765 220.649
15.17 13.3786 0.0726 219.869
15.18 13.4078 0.0727 220.004
15.19 13.4042 0.0725 219.985
15.2 13.4042 0.0654 218.147
15.21 13.3348 0.0729 220.002
15.22 13.2326 0.0737 219.998
15.23 13.0135 0.0742 219.634
15.24 12.9185 0.0672 217.64
15.25 12.8528 0.0771 220.022
15.26 12.8236 0.0771 219.99
15.27 12.8017 0.0768 219.904
15.28 12.6447 0.0753 219.194
15.29 12.6848 0.0731 218.793
15.3 12.7725 0.0705 218.391
15.31 12.882 0.071 218.828
15.32 13.1011 0.07 219.141
15.33 13.2764 0.0718 220.065
15.34 13.4297 0.073 220.774
15.35 13.6159 0.0737 221.428
15.36 13.7657 0.0751 222.165
15.37 14.0797 0.0779 223.608
15.38 14.2294 0.0793 224.321
15.39 14.3608 0.081 225.056
15.4 14.5032 0.0816 225.555
15.41 14.5763 0.0815 225.736
15.42 14.6858 0.0886 227.596
15.43 14.6931 0.0846 226.78
15.44 14.7114 0.086 227.172
15.45 14.7369 0.089 227.919
15.46 14.8793 0.0905 228.593
15.47 14.9779 0.1046 231.625
15.48 15.0619 0.094 229.802
15.49 15.1057 0.0954 230.222
15.5 15.0035 0.0958 230.118
15.51 14.872 0.0998 230.652
15.52 14.7077 0.0950001 229.382
15.53 14.5032 0.0941 228.779
15.54 14.3097 0.093 228.155
15.55 13.9701 0.0934 227.489
15.56 13.7985 0.0938 227.206
15.57 13.6561 0.0929 226.725
15.58 13.5539 0.0924 226.419
15.59 13.4297 0.091 225.872
15.6 13.3713 0.0887 225.29
15.61 13.3056 0.0856 224.505
15.62 13.2581 0.0838 224.033
15.63 13.2106 0.0829 223.756
15.64 13.196 0.0815 223.443
15.65 13.1887 0.0783 222.722
15.66 13.196 0.0756 222.13
15.67 13.2253 0.0724 221.442
15.68 13.2764 0.0703 221.062
15.69 13.4261 0.0681 220.874
15.7 13.532 0.0898 226.312
15.71 13.6488 0.0693 221.798
15.72 13.7584 0.0697 222.199
15.73 13.9628 0.0695 222.658
15.74 14.003 0.0761 224.477
15.75 13.9482 0.0688 222.515
15.76 13.773 0.0696 222.364
15.77 13.5429 0.0683 221.516
15.78 12.9404 0.0705 220.689
15.79 12.725 0.0781 222.079
15.8 12.5059 0.0676 218.918
15.81 12.3526 0.0688 218.888
15.82 12.1006 0.0684 218.172
15.83 12.0313 0.0696 218.345
15.84 11.9838 0.0692 218.155
15.85 11.9436 0.0696 218.192
15.86 11.8925 0.0699 218.173
15.87 11.7574 0.0686 217.513
15.88 11.6661 0.0679 217.122
15.89 11.4945 0.0678 216.67
15.9 11.3484 0.0676 216.256
15.91 11.1878 0.0669 215.664
15.92 10.987 0.0685 215.563
15.93 10.9103 0.0689 215.488
15.94 10.8811 0.0697 215.649
15.95 10.903 0.0719 216.308
15.96 10.9285 0.0568 212.215
15.97 11.1148 0.0734 217.356
15.98 11.2316 0.0734 217.722
15.99 11.3923 0.0705 217.475
16 11.5456 0.0692 217.595
16.01 11.7428 0.0666 217.47
16.02 11.9655 0.0564 215.101
16.03 12.4402 0.0514 214.682
16.04 12.6666 0.0614 218.486
16.05 12.9295 0.0605 218.902
16.06 13.1048 0.0588 218.845
16.07 13.2764 0.0575 218.886
16.08 13.4443 0.059 219.791
16.09 13.5721 0.0615 220.89
16.1 13.8533 0.0577 220.409
16.11 14.0468 0.0655 223.23
16.12 14.2915 0.069 224.796
16.13 14.4923 0.07 225.557
16.14 14.6894 0.0701 226.062
16.15 14.8647 0.0721 227.018
16.16 15.0035 0.0764 228.46
16.17 15.0436 0.0781 229.006
16.18 15.186 0.0805 229.934
16.19 15.186 0.0775 229.248
16.2 15.6132 0.0788 230.524
16.21 16.0003 0.0813 231.981
16.22 16.5005 0.0794 232.593
16.23 17.0154 0.0794 233.664
16.24 17.5047 0.0803 234.881
16.25 17.9392 0.0795 235.555
16.26 18.4504 0.0799 236.65
16.27 18.9762 0.0884 239.657
16.28 19.1551 0.0795 237.912
16.29 19.6078 0.0805 239.003
16.3 19.889 0.0834 240.241
16.31 20.0387 0.0832 240.494
16.32 20.1008 0.0847 241
16.33 20.1446 0.0848 241.14
16.34 20.1482 0.1003 244.58
16.35 19.9073 0.1009 244.319
16.36 19.6882 0.0875 241.096
16.37 19.4362 0.0871 240.598
16.38 19.1186 0.0902 240.769
16.39 18.8082 0.0908 240.375
16.4 18.4869 0.0916 239.995
16.41 18.1729 0.0908 239.27
16.42 17.6726 0.0908 238.35
16.43 17.4718 0.0917 238.194
16.44 17.271 0.0908 237.643
16.45 17.114 0.0883 236.82
16.46 16.9789 0.0869 236.276
16.47 16.873 0.0854 235.761
16.48 16.8072 0.0845 235.46
16.49 16.7561 0.0809 234.546
16.5 16.7561 0.0797 234.294
16.51 16.7707 0.0796 234.338
16.52 16.8803 0.0789 234.425
16.53 16.9387 0.079 234.606
16.54 16.9606 0.0768 234.138
16.55 16.9716 0.0801 235.021
16.56 16.9387 0.0789 234.699
16.57 16.862 0.079 234.61
16.58 16.7415 0.0805 234.775
16.59 16.3654 0.1072 239.692
16.6 16.1975 0.1105 239.981
16.61 16.0076 0.0836 234.116
16.62 15.7995 0.084 233.807
16.63 15.5402 0.0848 233.474
16.64 15.2737 0.0838 232.702
16.65 14.956 0.0829 231.829
16.66 14.631 0.0845 231.503
16.67 13.8606 0.0958 232.157
16.68 13.437 0.0932 230.632
16.69 13.0792 0.0817 227.272
16.7 12.7287 0.0829 226.697
16.71 12.3964 0.0818 225.622
16.72 12.1335 0.0799 224.524
16.73 11.8706 0.0793 223.714
16.74 11.6223 0.0781 222.788
16.75 11.2389 0.0767 221.418
16.76 11.0892 0.0755 220.738
16.77 10.9212 0.073 219.673
16.78 10.746 0.0743 219.521
16.79 10.589 0.0756 219.409
16.8 10.421 0.0747 218.722
16.81 10.2494 0.0766 218.693
16.82 10.1143 0.0761 218.192
16.83 9.9646 0.0787 218.37
16.84 9.8331 0.0800001 218.286
16.85 9.6433 0.0543 210.803
16.86 9.552 0.0519 209.759
16.87 9.4863 0.0817 217.648
16.88 9.4826 0.0801 217.314
16.89 9.4716 0.0829 217.935
16.9 9.5812 0.0859 218.979
16.91 9.7309 0.088 219.946
16.92 9.9828 0.0903 221.268
16.93 10.7022 0.0653 217.585
16.94 11.1038 0.1049 227.579
16.95 11.5967 0.0986 227.867
16.96 12.0897 0.092 227.957
16.97 12.5059 0.0836 227.291
16.98 12.8419 0.0781 226.909
16.99 13.1413 0.0721 226.191
17 13.4881 0.0686 226.14
17.01 14.3426 0.0673 227.824
17.02 14.7588 0.0711 229.849
17.03 15.1386 0.0734 231.342
17.04 15.5074 0.0742 232.392
17.05 15.8141 0.0734 232.876
17.06 16.1208 0.0743 233.796
17.07 16.464 0.074 234.466
17.08 16.8036 0.075 235.457
17.09 17.1906 0.0825001 238.15
17.1 18.0012 0.0832 239.943
17.11 18.4431 0.0841 241.037
17.12 18.936 0.0844 242.066
17.13 19.4143 0.0835 242.759
17.14 19.8452 0.0828 243.397
17.15 20.287 0.0752 242.261
17.16 20.7836 0.0682 241.177
17.17 21.952 0.0808 246.577
17.18 22.5362 0.0775 246.694
17.19 22.9781 0.078 247.557
17.2 23.3286 0.0782 248.191
17.21 23.6901 0.0796 249.149
17.22 23.9931 0.0813 250.085
17.23 24.3838 0.0838 251.34
17.24 24.3291 0.0859 251.817
17.25 24.4459 0.0831 251.338
17.26 24.7015 0.0886 253.101
17.27 24.7125 0.0915 253.837
17.28 24.7015 0.0903 253.583
17.29 24.7453 0.0965 255.094
17.3 24.822 0.0929 254.443
17.31 24.7672 0.0928 254.38
17.32 24.7964 0.0979 255.599
17.33 24.7636 0.0945 254.841
17.34 24.6212 0.098 255.442
17.35 24.592 0.0951 254.802
17.36 24.581 0.0961 255.048
17.37 24.3984 0.0952 254.615
17.38 24.3072 0.096 254.696
17.39 24.1173 0.0991 255.123
17.4 24.0296 0.0972 254.62
17.41 23.7923 0.0956 253.946
17.42 23.5294 0.1002 254.574
17.43 23.303 0.119 257.924
17.44 23.0073 0.118 257.31
17.45 22.7152 0.1132 255.992
17.46 22.3719 0.109 254.67
17.47 22.0762 0.1056 253.553
17.48 21.8242 0.1084 253.727
17.49 21.4919 0.1078 253.09
17.5 21.1743 0.108 252.627
17.51 20.5828 0.1065 251.346
17.52 20.3418 0.1033 250.323
17.53 20.2468 0.1043 250.395
17.54 20.1775 0.0748 243.482
17.55 20.2395 0.0952 248.566
17.56 20.2906 0.0948 248.609
17.57 20.4623 0.0934 248.642
17.58 20.6667 0.0907 248.431
17.59 20.9442 0.0879 248.299
17.6 21.3203 0.0887 249.163
17.61 21.6745 0.0881 249.653
17.62 22.4377 0.0849 250.169
17.63 22.4377 0.0867 250.646
17.64 22.7736 0.0879 251.51
17.65 23.3067 0.0884 252.508
17.66 23.4965 0.0898 253.174
17.67 23.6316 0.0893 253.305
17.68 23.6974 0.0921 254.098
17.69 23.6682 0.0947 254.682
17.7 23.5951 0.1205 259.764
17.71 23.5075 0.0999 255.647
17.72 23.3578 0.1001 255.494
17.73 23.2263 0.1027 255.872
17.74 23.0657 0.1066 256.45
17.75 22.8466 0.109 256.613
17.76 22.1821 0.1101 255.779
17.77 21.7621 0.1127 255.611
17.78 21.3751 0.1103 254.535
17.79 20.9625 0.1106 253.919
17.8 20.5828 0.1061 252.417
17.81 20.2614 0.1019 251.04
17.82 19.9474 0.0975001 249.597
17.83 19.7977 0.0944 248.696
17.84 19.6809 0.0947 248.588
17.85 19.575 0.0919 247.814
17.86 19.4508 0.0891 246.989
17.87 19.2756 0.088 246.451
17.88 19.2573 0.0894 246.779
17.89 19.2244 0.088 246.433
17.9 19.2062 0.0888 246.624
17.91 19.0601 0.0885 246.321
17.92 18.863 0.0885 245.991
17.93 18.5745 0.0914 246.143
17.94 18.2495 0.0921 245.712
17.95 17.8114 0.0965 245.845
17.96 17.4061 0.0983 245.446
17.97 16.9789 0.0997 244.895
17.98 16.5516 0.1017 244.44
17.99 16.1354 0.1033 243.899
18 15.741 0.1054 243.476
18.01 15.4088 0.1062 242.92
18.02 14.7661 0.1054 241.319
18.03 14.3864 0.103 239.993
18.04 14.0578 0.0995 238.545
18.05 13.7803 0.1081 239.544
18.06 13.5721 0.1086 239.148
18.07 13.3604 0.1076 238.461
18.08 13.207 0.0984 236.337
18.09 13.039 0.0985 235.958
18.1 12.9368 0.0985 235.727
18.11 12.8638 0.0977 235.411
18.12 12.7944 0.0971 235.144
18.13 12.4913 0.0944 233.82
18.14 12.3416 0.0919 232.929
18.15 12.2138 0.0879 231.756
18.16 12.0714 0.0847 230.688
18.17 11.9874 0.0832 230.149
18.18 11.9874 0.0768 228.656
18.19 12.0495 0.0749 228.385
18.2 12.1554 0.0688 227.097
18.21 12.3343 0.075 229.25
18.22 12.5607 0.0687 228.214
18.23 12.798 0.0706 229.385
18.24 13.0025 0.0533 224.629
18.25 13.1595 0.0601 227.312
18.26 13.2033 0.0606 227.612
18.27 13.3056 0.0611 228.056
18.28 13.5356 0.0559 226.968
18.29 13.6561 0.071 231.86
18.3 13.9081 0.072 232.777
18.31 14.0176 0.0726 233.236
18.32 14.3024 0.0739 234.294
18.33 14.4704 0.0751 235.039
18.34 14.6274 0.0774 236.032
18.35 14.7442 0.0856 238.326
18.36 14.9998 0.0879 239.481
18.37 15.1422 0.0937 241.122
18.38 15.27 0.0976 242.271
18.39 15.3467 0.0965 242.254
18.4 15.4015 0.0985 242.829
18.41 15.4234 0.0962 242.438
18.42 15.4161 0.0966 242.542
18.43 15.365 0.0997 243.101
18.44 15.3796 0.1005 243.332
18.45 15.3467 0.1034 243.87
18.46 15.3065 0.1057 244.262
18.47 15.2225 0.1081 244.561
18.48 15.0327 0.1171 245.787
18.49 14.8611 0.1144 244.942
18.5 14.6018 0.1162 244.676
18.51 14.3097 0.1165 244.054
18.52 14.0212 0.1193 243.857
18.53 13.7218 0.1205 243.339
18.54 13.4808 0.1193 242.554
18.55 13.0682 0.1185 241.371
18.56 12.9331 0.1223 241.68
18.57 12.8346 0.1274 242.273
18.58 12.882 0.1248 242.022
18.59 13.1048 0.1215 242.116
18.6 13.4297 0.125 243.583
18.61 13.8423 0.1302 245.514
18.62 14.1381 0.1293 246.158
18.63 14.3134 0.121 245.274
18.64 14.317 0.1097 243.327
18.65 14.2002 0.1008 241.371
18.66 14.1052 0.09 238.91
18.67 14.076 0.0824 237.128
18.68 14.0833 0.0847 237.724
18.69 14.1308 0.0846 237.852
18.7 14.076 0.0893 238.826
18.71 13.9701 0.087 238.084
18.72 13.751 0.0858 237.304
18.73 13.5831 0.0836 236.408
18.74 13.4955 0.0838 236.27
18.75 13.4955 0.0872 237.088
18.76 13.5612 0.092 238.35
18.77 13.6086 0.1017 240.502
18.78 13.6233 0.0983 239.896
18.79 13.7036 0.1039 241.244
18.8 13.7328 0.1026 241.101
18.81 13.7766 0.1011 240.952
18.82 13.8022 0.0978 240.387
18.83 13.8679 0.0988 240.791
18.84 13.9628 0.1015 241.604
18.85 14.1271 0.105 242.731
18.86 14.1783 0.1063 243.142
18.87 14.2622 0.1003 242.211
18.88 14.3134 0.1008 242.472
18.89 14.3353 0.1004 242.481
18.9 14.328 0.0999 242.398
18.91 14.3207 0.0998 242.396
18.92 14.2586 0.1006 242.44
18.93 14.1637 0.1 242.123
18.94 14.1125 0.101 242.232
18.95 14.1308 0.1021 242.531
18.96 14.1089 0.1028 242.651
18.97 14.0432 0.1024 242.445
18.98 13.9665 0.1011 242.032
18.99 13.8935 0.1019 242.043
19 13.8241 0.1021 241.944
19.01 13.7657 0.1029 241.989
19.02 13.7145 0.101 241.519
19.03 13.6598 0.1023 241.673
19.04 13.5064 0.1015 241.158
19.05 13.437 0.1019 241.093
19.06 13.3823 0.1024 241.085
19.07 13.3129 0.1017 240.802
19.08 13.2435 0.1007 240.458
19.09 13.1486 0.1007 240.244
19.1 13.0573 0.1003 239.959
19.11 12.9477 0.0993 239.503
19.12 12.8565 0.1004 239.513
19.13 12.6337 0.1222 242.884
19.14 12.495 0.0959 237.692
19.15 12.3818 0.1107 240.267
19.16 12.254 0.0927 236.427
19.17 12.0933 0.0907 235.584
19.18 11.9144 0.0907 235.113
19.19 11.7063 0.0897 234.335
19.2 11.4799 0.1194 239.339
19.21 10.808 0.0891 231.594
19.22 9.8112 0.0896 228.529
19.23 9.3292 0.091 227.203
19.24 9.0809 0.092 226.561
19.25 8.8436 0.0924 225.813
19.26 8.5515 0.0939 225.057
19.27 8.2083 0.0958 224.139
19.28 7.3539 0.0987 221.199
19.29 6.7514 0.1034 219.372
19.3 6.0467 0.109 216.898
19.31 5.3785 0.1174 214.623
19.32 4.6847 0.1299 212.206
19.33 4.137 0.1398 209.749
19.34 3.5747 0.1371 205.079
19.35 3.1548 0.1301 200.574
19.36 2.8481 0.1234 196.803
19.37 2.5925 0.1168 193.298
19.38 2.3843 0.1065 189.547
19.39 2.1981 0.1084 187.644
19.4 1.9352 0.0956 182.343
19.41 1.7052 0.0868 177.644
19.42 1.4605 0.074 171.459
19.43 1.3948 0.0691 169.382
19.44 1.3291 0.0638 167.12
19.45 1.2816 0.0574 164.814
19.46 1.2342 0.0498 162.02
19.47 1.205 0.0413 158.99
19.48 1.2013 0.0313 155.318
19.49 1.205 0.023 151.476
19.5 1.2013 0.0178 148.235
19.51 1.1976 0.0138 145.086
19.52 1.1976 0.0136 144.93
19.53 1.205 0.0135 144.99
19.54 1.205 0.0138 145.276
19.55 1.205 0.0142 145.643
19.56 1.2086 0.0144 145.896
19.57 1.2159 0.0139 145.614
19.58 1.2159 0.0136 145.371
19.59 1.2159 0.014 145.743
19.6 1.2123 0.015 146.54
19.61 1.2159 0.0145 146.21
19.62 1.2342 0.0152 147.122
19.63 1.2561 0.0164 148.451
19.64 1.278 0.0176 149.719
19.65 1.2999 0.0183 150.595
19.66 1.3218 0.0185 151.116
19.67 1.3474 0.019 151.892
19.68 1.351 0.0195 152.301
19.69 1.362 0.0198 152.694
19.7 1.3693 0.0195 152.639
19.71 1.3693 0.0205 153.297
19.72 1.362 0.0208 153.386
19.73 1.3583 0.0205 153.163
19.74 1.3547 0.0205 153.126
19.75 1.3474 0.0206 153.09
19.76 1.3254 0.0198 152.246
19.77 1.3218 0.0196 152.08
19.78 1.3145 0.0203 152.424
19.79 1.2999 0.02 152.012
19.8 1.2926 0.0198 151.783
19.81 1.2926 0.0205 152.244
19.82 1.2816 0.0214 152.623
19.83 1.2743 0.0215 152.578
19.84 1.2853 0.0214 152.729
19.85 1.2962 0.0218 153.172
19.86 1.3035 0.0219 153.376
19.87 1.3145 0.0208 152.926
19.88 1.3218 0.0202 152.697
19.89 1.3364 0.0214 153.696
19.9 1.362 0.0234 155.288
19.91 1.4058 0.0259 157.343
19.92 1.4678 0.0286 159.658
19.93 1.5263 0.0305 161.443
19.94 1.7198 0.0348 166.077
19.95 1.833 0.0364 168.26
19.96 1.9206 0.0363 169.38
19.97 2.0119 0.0377 171.078
19.98 2.0959 0.0407 173.212
19.99 2.1726 0.0448 175.532
20 2.2712 0.0478 177.637
20.01 2.3989 0.05 179.738
20.02 2.6326 0.0557 183.83
20.03 2.6984 0.0533 183.835
20.04 2.7276 0.0425 180.709
20.05 2.7495 0.0394 179.806
20.06 2.8042 0.0354 178.742
20.07 2.8846 0.0323 178.133
20.08 2.9284 0.0302 177.549
20.09 2.9065 0.0301 177.332
20.1 2.7458 0.0326 177.082
20.11 2.6545 0.0334 176.602
20.12 2.5633 0.0282 173.282
20.13 2.4574 0.026 171.096
20.14 2.3186 0.033 173.093
20.15 2.1653 0.0337 171.72
20.16 2.0156 0.0331 169.727
20.17 1.9097 0.0343 168.936
20.18 1.8366 0.0365 168.883
20.19 1.8038 0.0377 168.923
20.2 1.7709 0.0394 169.118
20.21 1.7052 0.0413 168.884
20.22 1.6395 0.0433 168.616
20.23 1.603 0.0433 168.093
20.24 1.5774 0.0431 167.663
20.25 1.5409 0.0436 167.282
20.26 1.4934 0.0467 167.507
20.27 1.4934 0.0455 167.167
20.28 1.4898 0.0453 167.071
20.29 1.4752 0.0465 167.22
20.3 1.4459 0.0449 166.276
20.31 1.4386 0.0442 165.96
20.32 1.4204 0.0443 165.71
20.33 1.4058 0.0419 164.721
20.34 1.3912 0.0406 164.065
20.35 1.3766 0.0385 163.116
20.36 1.362 0.0368 162.277
20.37 1.3437 0.0359 161.65
20.38 1.3218 0.0359 161.29
20.39 1.2962 0.0362 160.97
20.4 1.2707 0.0326 159.139
20.41 1.2524 0.031 158.165
20.42 1.2305 0.0299 157.312
20.43 1.2123 0.0287 156.462
20.44 1.1903 0.0278 155.658
20.45 1.1867 0.0276 155.518
20.46 1.1794 0.0266 154.924
20.47 1.1684 0.0249 153.888
20.48 1.1575 0.0237 153.071
20.49 1.1392 0.0217 151.625
20.5 1.11 0.0223 151.423
20.51 1.0845 0.0235 151.597
20.52 1.0699 0.026 152.6
20.53 1.0699 0.0285 153.791
20.54 1.0845 0.0303 154.899
20.55 1.11 0.0306 155.567
20.56 1.1283 0.0283 154.944
20.57 1.1794 0.028 155.819
20.58 1.2524 0.0297 157.966
20.59 1.4678 0.0151 152.794
20.6 1.833 0.0292 166.682
20.61 2.4391 0.0283 173.253
20.62 3.3191 0.0294 181.712
20.63 4.3597 0.028 188.25
20.64 5.4113 0.0275 193.934
20.65 6.9559 0.0279 201.344
20.66 7.3685 0.0115 188.615
20.67 7.5875 0.0078 183.417
20.68 7.6496 0.037 209.054
20.69 7.6606 0.0408 210.834
20.7 7.6569 0.0456 212.808
20.71 7.6533 0.0496 214.316
20.72 7.6861 0.0551 216.361
20.73 7.7409 0.0595 218.001
20.74 8.1608 0.0619 220.419
20.75 8.5077 0.0656 222.848
20.76 8.9276 0.0624 223.497
20.77 9.3292 0.0635 225.275
20.78 9.6761 0.0643 226.729
20.79 9.9719 0.0647 227.862
20.8 10.2238 0.0656 228.976
20.81 10.4356 0.066 229.8
20.82 10.6839 0.0632 229.78
20.83 10.8957 0.0604 229.594
20.84 11.206 0.0583 229.877
20.85 11.2791 0.0569 229.658
20.86 11.3375 0.0579 230.193
20.87 11.4032 0.0567 230.014
20.88 11.4288 0.0567 230.119
20.89 11.4909 0.0569 230.397
20.9 11.4726 0.0596 231.265
20.91 11.4105 0.064 232.489
20.92 11.2681 0.0672 233.044
20.93 10.987 0.0756 234.515
20.94 10.819 0.0774 234.485
20.95 10.6656 0.0698 232.031
20.96 10.5269 0.0694 231.514
20.97 10.4283 0.0704 231.506
20.98 10.3662 0.0713 231.583
20.99 10.2932 0.0727 231.752
21 10.2275 0.0734 231.754
21.01 10.0486 0.0722 230.88
21.02 9.9354 0.0887 234.516
21.03 9.8076 0.0872 233.778
21.04 9.6323 0.0688 228.649
21.05 9.4534 0.0667 227.475
21.06 9.238 0.0652 226.323
21.07 8.9641 0.0655 225.46
21.08 8.6976 0.0663 224.738
21.09 8.4639 0.0655 223.662
21.1 7.949 0.066 221.819
21.11 7.7299 0.0665 221.096
21.12 7.5182 0.0644 219.656
21.13 7.3392 0.0628 218.466
21.14 7.1311 0.0599 216.737
21.15 6.9632 0.0617 216.556
21.16 6.7623 0.0638 216.275
21.17 6.5469 0.0669 216.149
21.18 6.3716 0.0719 216.629
21.19 5.8495 0.0827 216.513
21.2 5.2726 0.099 216.545
21.21 4.9403 0.1048 215.571
21.22 4.294 0.1062 211.524
21.23 3.9471 0.0989 207.766
21.24 3.6733 0.1051 206.696
21.25 3.3994 0.0939 202.522
21.26 3.1365 0.0784 197.231
21.27 2.6655 0.0713 191.173
21.28 2.4209 0.0679 187.801
21.29 2.1762 0.0667 184.691
21.3 1.9498 0.0646 181.333
21.31 1.7928 0.0613 178.398
21.32 1.7234 0.058 176.595
21.33 1.6395 0.0566 174.997
21.34 1.5737 0.0545 173.444
21.35 1.5701 0.0514 172.566
21.36 1.581 0.0474 171.6
21.37 1.5774 0.0445 170.667
21.38 1.581 0.0428 170.193
21.39 1.5628 0.0414 169.462
21.4 1.5555 0.0398 168.816
21.41 1.5445 0.041 169.082
21.42 1.5336 0.0408 168.863
21.43 1.5336 0.0407 168.851
21.44 1.5409 0.0412 169.16
21.45 1.5518 0.0414 169.422
21.46 1.5555 0.0411 169.399
21.47 1.5664 0.0401 169.245
21.48 1.5445 0.0386 168.389
21.49 1.5299 0.0381 167.998
21.5 1.5226 0.0367 167.382
21.51 1.5336 0.0358 167.231
21.52 1.5482 0.037 167.941
21.53 1.5701 0.0393 169.15
21.54 1.5883 -0.0686 -nan
21.55 1.6066 -0.0842 -nan
21.56 1.6577 -0.0713 -nan
21.57 1.7052 0.0391 171.188
21.58 1.7892 0.037 171.61
21.59 1.9279 0.0377 173.758
21.6 2.3259 0.0409 179.755
21.61 3.1657 0.0421 188.391
21.62 6.0576 0.0397 205.863
21.63 7.9673 0.0371 212.973
21.64 9.6761 0.0347 217.829
21.65 10.8592 0.0338 221.022
21.66 11.5347 0.0392 225.747
21.67 11.929 0.0316 222.839
21.68 12.1371 0.0309 223.007
21.69 12.2759 0.0336 224.964
21.7 12.3015 0.0457 230.894
21.71 12.2649 0.0519 233.281
21.72 12.1444 0.0594 235.61
21.73 11.9911 0.0671 237.607
21.74 11.7318 0.0715 238.146
21.75 11.7318 0.0749 239.099
21.76 11.6406 0.0776 239.565
21.77 11.5456 0.0859 241.345
21.78 11.4178 0.0859 240.989
21.79 11.4288 0.0866 241.216
21.8 11.447 0.0898 242.032
21.81 11.5347 0.0955 243.573
21.82 11.7063 0.0943 243.866
21.83 11.9509 0.0987 245.554
21.84 12.3088 0.1073 248.352
21.85 12.736 0.1136 250.794
21.86 13.2691 0.118 253.111
21.87 13.8022 0.1145 253.946
21.88 14.2988 0.1057 253.581
21.89 14.9925 0.0950001 253.092
21.9 15.0035 0.0909 252.223
21.91 14.9377 0.0875 251.298
21.92 15.0254 0.0851 250.96
21.93 15.0874 0.0815 250.239
21.94 15.1495 0.0833 250.875
21.95 15.2481 0.0850001 251.563
21.96 15.2846 0.0855 251.805
21.97 15.2956 0.0816 250.886
21.98 15.1897 0.0768 249.406
21.99 15.2335 0.0763 249.405
22 15.2481 0.0763 249.471
22.01 15.2408 0.0783 250.023
22.02 15.2116 0.0800001 250.433
22.03 15.1751 0.0841 251.421
22.04 15.1495 0.0858 251.811
22.05 15.0801 0.0875 252.087
22.06 14.9852 0.0875 251.89
22.07 14.8647 0.0894 252.079
22.08 14.7077 0.0863 250.988
22.09 14.5178 0.0861 250.501
22.1 14.3681 0.0953 252.281
22.11 14.1965 0.0884 250.307
22.12 14.0212 0.0875 249.678
22.13 13.8752 0.086 248.975
22.14 13.7328 0.0896 249.486
22.15 13.5502 0.0824 247.307
22.16 13.4261 0.0817 246.836
22.17 13.28 0.0815 246.428
22.18 12.7688 0.0817 245.119
22.19 12.6702 0.0933 247.597
22.2 12.5899 0.0892 246.478
22.21 12.5059 0.0887 246.156
22.22 12.3526 0.0789 243.368
22.23 12.2503 0.0777 242.797
22.24 12.1591 0.0777 242.566
22.25 12.1006 0.077 242.246
22.26 11.9728 0.0798 242.626
22.27 11.7136 0.0803 242.018
22.28 11.6113 0.0794 241.516
22.29 11.4835 0.0796 241.212
22.3 11.4032 0.0824 241.693
22.31 11.3192 0.0809 241.097
22.32 11.2645 0.083 241.473
22.33 11.2754 0.0809 241.022
22.34 11.3338 0.0795 240.882
22.35 11.4251 0.0801 241.341
22.36 11.542 0.0805 241.825
22.37 11.699 0.0818 242.65
22.38 11.8669 0.0862 244.241
22.39 12.0641 0.0902 245.777
22.4 12.1773 0.0899 246.07
22.41 12.3051 0.0839 245.059
22.42 12.181 0.0765 242.859
22.43 11.9765 0.0688 240.168
22.44 11.7318 0.0633 237.83
22.45 11.6625 0.0691 239.397
22.46 11.5675 0.0735 240.376
22.47 11.6004 0.0951 245.715
22.48 11.6661 0.1002 247.017
22.49 11.6771 0.1044 247.927
22.5 11.7391 0.1044 248.146
22.51 11.7976 0.1046 248.394
22.52 11.9473 0.1068 249.308
22.53 12.002 0.106 249.347
22.54 12.0933 0.1032 249.094
22.55 12.181 0.103 249.344
22.56 12.2722 0.1066 250.357
22.57 12.3197 0.1058 250.371
22.58 12.3234 0.1031 249.874
22.59 12.3124 0.0814 245.008
22.6 12.2905 0.0724 242.599
22.61 12.2284 0.0682 241.249
22.62 12.1627 0.0647 240.037
22.63 12.1371 0.0602 238.559
22.64 12.1262 0.0602 238.557
22.65 12.0678 0.0574 237.478
22.66 11.9874 0.0591 237.855
22.67 11.8889 0.06 237.901
22.68 11.7757 0.0564 236.382
22.69 11.7172 0.0557 235.997
22.7 11.6515 0.0568 236.218
22.71 11.5493 0.0601 237.059
22.72 11.3886 0.0674 238.878
22.73 11.2133 0.0699 239.097
22.74 10.9687 0.0714 238.79
22.75 10.7168 0.0701 237.658
22.76 10.4539 0.0707 237.006
22.77 10.1764 0.0692 235.698
22.78 9.9135 0.0689 234.755
22.79 9.6469 0.0681 233.636
22.8 9.0152 0.0688 231.594
22.81 8.672 0.067 229.824
22.82 8.3543 0.0687 229.097
22.83 8.0148 0.0672 227.342
22.84 7.6533 0.0665 225.667
22.85 7.2918 0.0672 224.323
22.86 6.8938 0.0896 227.935
22.87 6.5396 0.0901 226.343
22.88 6.1416 0.0882 223.935
22.89 5.6742 0.0777 219.101
22.9 5.2288 0.0823 217.602
22.91 4.7723 0.0871 215.8
22.92 4.3269 0.0904 213.462
22.93 3.8997 0.0948 211.149
22.94 3.173 0.0966 205.317
22.95 2.859 0.0956 202.108
22.96 2.5998 0.0914 198.642
22.97 2.3697 0.0833 194.524
22.98 2.1835 0.0814 191.9
22.99 2.0302 0.0743 188.485
23 1.8732 0.0706 185.546
23.01 1.6979 0.0664 182.03
23.02 1.5701 0.061 178.746
23.03 1.4825 0.0546 175.668
23.04 1.4313 0.0441 171.724
23.05 1.3181 0.0391 168.028
23.06 1.2196 0.0396 166.355
23.07 1.1867 0.0287 161.341
23.08 1.1429 0.0206 156.122
23.09 1.1064 0.0182 153.819
23.1 1.0772 0.0214 155.326
23.11 1.037 0.025 156.507
23.12 0.9859 -0.0264 -nan
23.13 0.9676 -0.0166 -nan
23.14 0.9603 -0.0103 -nan
23.15 0.9603 0.0062 137.898
23.16 0.9859 0.0258 155.874
23.17 1.0187 0.055 166.811
23.18 1.4459 0.041 171.223
23.19 2.1507 0.0444 182.526
23.2 3.8887 0.0989 212.498
23.21 4.5204 0.0702 211.075
23.22 5.0243 0.1062 221.848
23.23 5.3529 0.0979 222.397
23.24 5.5063 0.0986 223.463
23.25 5.0608 0.1013 221.288
23.26 4.8271 0.1022 219.975
23.27 4.608 0.1149 220.674
23.28 3.6806 0.116 213.843
23.29 3.6806 0.1068 212.403
23.3 2.3259 0.1042 198.435
23.31 2.0886 0.0995 194.658
23.32 2.0703 0.0948 193.654
23.33 1.8878 0.0897 190.243
23.34 1.7746 0.0824 187.252
23.35 1.5628 0.0727 181.971
23.36 1.4678 0.0618 177.936
23.37 1.3401 0.0514 172.968
23.38 1.2889 0.0428 169.42
23.39 1.267 0.0365 166.798
23.4 1.2415 0.0343 165.472
23.41 1.205 0.0325 164.045
23.42 1.183 0.0308 162.9
23.43 1.1721 0.028 161.417
23.44 1.1611 0.0247 159.544
23.45 1.1502 0.0223 157.997
23.46 1.1392 0.0204 156.632
23.47 1.1283 0.0197 155.98
23.48 1.1173 0.0197 155.779
23.49 1.11 0.0202 155.975
23.5 1.0991 0.0192 155.115
23.51 1.0918 0.0192 154.985
23.52 1.0881 0.019 154.793
23.53 1.0808 0.0197 155.127
23.54 1.0845 0.0197 155.222
23.55 1.0918 0.0192 155.058
23.56 1.0954 0.0185 154.671
23.57 1.0954 0.0177 154.122
23.58 1.1027 0.0172 153.92
23.59 1.1064 0.0168 153.711
23.6 1.1027 0.017 153.806
23.61 1.0918 0.0177 154.121
23.62 1.0991 0.0204 156.121
23.63 1.11 0.0205 156.425
23.64 1.1173 0.0203 156.463
23.65 1.1283 0.0201 156.573
23.66 1.1392 0.0198 156.613
23.67 1.1465 0.0197 156.709
23.68 1.1429 0.019 156.186
23.69 1.1502 0.0226 158.621
23.7 1.2561 0.0245 161.747
23.71 1.3364 0.0258 163.919
23.72 1.4277 0.0261 165.665
23.73 1.5263 0.0264 167.445
23.74 1.5847 0.0259 168.105
23.75 1.6322 0.0281 169.99
23.76 1.6468 0.0274 169.871
23.77 1.5883 0.0289 169.76
23.78 1.5774 0.0298 170.045
23.79 1.5372 0.0312 170.082
23.8 1.4898 0.032 169.693
23.81 1.4642 0.0327 169.595
23.82 1.4605 0.0338 170.021
23.83 1.4204 0.0348 169.772
23.84 1.4131 0.0362 170.223
23.85 1.3985 0.036 169.91
23.86 1.3948 0.0364 170.021
23.87 1.4058 0.0369 170.427
23.88 1.4021 0.0372 170.497
23.89 1.4058 0.0362 170.195
23.9 1.4058 0.036 170.137
23.91 1.3985 0.0361 170.068
23.92 1.3912 0.0372 170.385
23.93 1.3948 0.0372 170.468
23.94 1.4131 0.0366 170.577
23.95 1.4277 0.0341 169.847
23.96 1.4131 0.0305 168.048
23.97 1.4058 0.0303 167.85
23.98 1.4167 0.0264 166.141
23.99 1.4605 0.0314 169.316
24 1.6614 0.0344 173.823
24.01 2.0448 0.0382 180.688
24.02 2.4464 0.0425 187.088
24.03 2.786 0.0464 192.043
24.04 3.1986 0.0525 197.947
24.05 3.173 0.0569 199.07
24.06 3.0818 0.0615 199.545
24.07 2.8262 0.0561 195.594
24.08 2.5852 0.0639 195.225
24.09 2.3332 0.0634 192.259
24.1 2.0448 0.0655 189.175
24.11 1.822 0.0672 186.477
24.12 1.7161 0.0692 185.349
24.13 1.6322 0.0687 183.926
24.14 1.4569 0.069 181.028
24.15 1.4094 0.0686 180.099
24.16 1.4386 0.0665 180.186
24.17 1.4496 0.0613 179.186
24.18 1.4496 0.0475 175.444
24.19 1.4423 0.044 174.224
24.2 1.4094 0.0416 172.857
24.21 1.3875 0.0389 171.528
24.22 1.3656 0.0354 169.817
24.23 1.3218 0.0337 168.351
24.24 1.3108 0.0334 168.042
24.25 1.3108 0.0329 167.851
24.26 1.3035 0.0331 167.82
24.27 1.3035 0.0336 168.048
24.28 1.3145 0.0336 168.271
24.29 1.3364 0.0309 167.52
24.3 1.3547 0.0319 168.313
24.31 1.3656 0.0316 168.394
24.32 1.3766 0.0344 169.803
24.33 1.3875 0.0358 170.581
24.34 1.3985 0.0368 171.186
24.35 1.3948 0.0382 171.673
24.36 1.3912 0.0392 171.998
24.37 1.4459 0.0395 173.085
24.38 1.4642 0.0393 173.346
24.39 1.4861 0.0386 173.477
24.4 1.5044 0.0382 173.652
24.41 1.508 0.0375 173.465
24.42 1.5007 0.0375 173.363
24.43 1.4825 0.0371 172.924
24.44 1.4459 0.0364 172.05
24.45 1.4167 0.034 170.593
24.46 1.3985 0.0325 169.657
24.47 1.3802 0.0325 169.355
24.48 1.362 0.0323 168.964
24.49 1.3437 0.0316 168.347
24.5 1.3364 0.0315 168.19
24.51 1.3291 0.0313 167.987
24.52 1.3218 0.0303 167.42
24.53 1.3327 0.0293 167.17
24.54 1.3401 0.0296 167.464
24.55 1.3437 0.0286 167.07
24.56 1.351 0.0278 166.825
24.57 1.362 0.0273 166.786
24.58 1.3693 0.0274 166.985
24.59 1.3875 0.028 167.623
24.6 1.4094 0.0276 167.819
24.61 1.4167 0.0211 164.252
24.62 1.4167 0.0283 168.333
24.63 1.4459 0.0296 169.479
24.64 1.4678 0.0317 170.837
24.65 1.4825 0.0338 172.017
24.66 1.5482 0.0355 173.823
24.67 1.6212 0.0364 175.364
24.68 1.7015 0.0376 177.086
24.69 1.8001 0.0356 177.739
24.7 1.8841 0.0349 178.635
24.71 1.9498 0.0356 179.836
24.72 1.99 -0.0039 -nan
24.73 1.9754 0.0095 161.456
24.74 1.9462 0.0224 173.048
24.75 1.9644 0.046 183.992
24.76 2.1214 0.0467 186.295
24.77 2.472 0.0452 189.948
24.78 2.9941 0.0438 194.774
24.79 3.6623 0.0405 199.227
24.8 5.0133 0.0387 207.678
24.81 5.4917 0.0354 208.891
24.82 5.8093 0.0326 209.173
24.83 6.0138 0.0315 209.642
24.84 6.1562 0.0305 209.809
24.85 6.2183 0.0289 209.196
24.86 6.2256 0.0303 210.08
24.87 6.2183 0.031 210.468
24.88 6.116 0.0322 210.654
24.89 5.9663 0.0336 210.671
24.9 5.7071 0.0371 211.085
24.91 5.3785 0.0479 213.81
24.92 4.9878 0.0527 213.212
24.93 4.5496 0.056 211.497
24.94 4.1407 0.0616 210.333
24.95 3.7609 0.0807 212.177
24.96 3.4323 0.0817 209.639
24.97 3.1694 0.0789 206.67
24.98 2.9649 0.0724 203.258
24.99 2.618 0.0667 198.313
25 2.545 0.0639 196.826
25.01 2.556 0.0613 196.29
25.02 2.6217 0.0596 196.57
25.03 2.6801 0.0557 196.11
25.04 2.6874 0.052 195.089
25.05 2.6472 0.0523 194.781
25.06 2.5815 0.0356 187.986
25.07 2.545 0.032 185.965
25.08 2.5633 0.0258 182.871
25.09 2.6765 0.0247 183.367
25.1 2.8517 0.0252 185.378
25.11 3.0087 0.0283 188.647
25.12 3.111 0.029 189.964
25.13 3.0927 0.0308 190.778
25.14 3.027 0.0303 189.951
25.15 2.8882 0.0298 188.431
25.16 2.6071 0.0295 185.537
25.17 2.4574 0.0299 184.191
25.18 2.1324 0.0311 181.078
25.19 1.9936 0.0329 180.193
25.2 1.8914 0.035 179.775
25.21 1.8038 0.0374 179.56
25.22 1.8147 0.0425 181.657
25.23 1.822 0.0393 180.602
25.24 1.8366 0.0393 180.83
25.25 1.8841 0.0373 180.729
25.26 2.0265 0.0364 182.284
25.27 2.063 0.0377 183.308
25.28 2.0886 0.0287 179.533
25.29 2.1032 0.0271 178.877
25.3 2.0375 0.026 177.468
25.31 1.9425 0.0249 175.639
25.32 1.8257 0.0254 174.385
25.33 1.7161 0.0245 172.338
25.34 1.603 0.0216 168.894
25.35 1.5153 0.0212 167.289
25.36 1.4752 0.0209 166.465
25.37 1.4459 0.0202 165.533
25.38 1.4167 0.0195 164.582
25.39 1.3948 0.0189 163.804
25.4 1.351 0.0194 163.426
25.41 1.3364 0.0194 163.188
25.42 1.3327 0.0191 162.93
25.43 1.3327 0.0188 162.733
25.44 1.3364 0.0185 162.598
25.45 1.3474 0.018 162.437
25.46 1.3583 0.0178 162.492
25.47 1.3839 0.0172 162.483
25.48 1.3948 0.0175 162.919
25.49 1.4131 0.0177 163.397
25.5 1.4313 0.0179 163.87
25.51 1.4605 0.0186 164.89
25.52 1.4861 0.0191 165.687
25.53 1.508 0.0171 164.533
25.54 1.5263 0.0165 164.348
25.55 1.5482 0.0174 165.433
25.56 1.5555 0.0202 167.631
25.57 1.5591 0.0203 167.774
25.58 1.5628 0.0213 168.522
25.59 1.5737 0.022 169.164
25.6 1.5847 0.0229 169.918
25.61 1.6322 0.0239 171.269
25.62 1.676 0.0253 172.758
25.63 1.7161 0.0268 174.199
25.64 1.7746 0.0284 175.907
25.65 1.8549 0.0342 179.81
25.66 1.9389 0.0373 182.291
25.67 2.0886 0.0379 184.519
25.68 2.2785 0.0379 186.866
25.69 2.5194 0.0386 189.899
25.7 2.8116 0.0369 192.223
25.71 3.1402 0.0358 194.837
25.72 3.4871 0.0342 197.069
25.73 4.0859 0.0319 200.475
25.74 4.3342 0.0313 201.888
25.75 4.5313 0.0335 204.359
25.76 4.6628 0.0355 206.217
25.77 4.8125 0.0342 206.538
25.78 5.0133 0.03 205.527
25.79 5.1959 0.0274 205.058
25.8 5.3346 0.0258 204.832
25.81 5.4405 0.0259 205.501
25.82 5.4734 0.0291 207.705
25.83 5.4405 0.0326 209.517
25.84 5.3894 0.0359 210.941
25.85 5.3346 0.0379 211.606
25.86 5.2616 0.0404 212.334
25.87 5.1521 0.0163 196.316
25.88 4.9914 0.0206 199.287
25.89 4.8855 0.0457 212.313
25.9 4.8417 0.047 212.556
25.91 4.8709 0.0495 213.682
25.92 4.9951 0.052 215.363
25.93 5.247 0.0574 218.707
25.94 5.561 0.0591 221.106
25.95 6.3424 0.0611 225.981
25.96 6.7295 0.0582 227.021
25.97 7.0106 0.0577 228.223
25.98 7.2297 0.0545 228.176
25.99 7.6934 0.0551 230.462
26 8.2046 0.0513 231.253
26.01 8.7414 0.0479 232.07
26.02 9.3 0.0449 232.917
26.03 9.6725 0.0608 240.247
26.04 9.8039 0.0609 240.773
26.05 9.6871 0.0696 243.069
26.06 9.4789 0.0712 242.794
26.07 9.1211 0.0732 242.036
26.08 8.8546 0.0744 241.356
26.09 8.106 0.0749 238.464
26.1 7.7555 0.0707 235.841
26.11 7.7409 0.0632 233.612
26.12 7.5547 0.0598 231.751
26.13 6.9486 0.0573 228.189
26.14 6.5542 0.0579 226.497
26.15 6.0467 0.0764 229.133
26.16 5.4953 0.0754 225.776
26.17 4.9257 0.0641 219.287
26.18 4.378 0.067 216.415
26.19 3.9216 0.0636 212.112
26.2 3.5345 0.0574 207.208
26.21 3.2022 0.0515 202.469
26.22 2.859 0.0459 197.313
26.23 2.2894 0.0431 190.122
26.24 2.0703 0.0424 187.152
26.25 1.8914 0.0437 185.217
26.26 1.8184 0.0442 184.364
26.27 1.7271 0.0424 182.389
26.28 1.6541 0.0417 181.026
26.29 1.6103 0.0372 178.642
26.3 1.5774 0.0313 175.589
26.31 1.5445 0.0258 172.283
26.32 1.508 0.0223 169.639
26.33 1.4861 0.0194 167.349
26.34 1.4496 0.0175 165.344
26.35 1.4094 0.0163 163.723
26.36 1.3875 0.0159 163.034
26.37 1.3766 0.0146 161.714
26.38 1.3802 0.0144 161.607
26.39 1.3766 0.0146 161.749
26.4 1.3729 0.0146 161.703
26.41 1.3802 0.0146 161.843
26.42 1.3802 0.016 163.098
26.43 1.3802 0.0162 163.284
26.44 1.3912 0.0167 163.902
26.45 1.4058 0.0174 164.728
26.46 1.4167 0.0171 164.69
26.47 1.4277 0.018 165.596
26.48 1.4423 0.019 166.604
26.49 1.4496 0.022 168.789
26.5 1.4459 0.0229 169.308
26.51 1.4532 0.023 169.51
26.52 1.4605 0.0294 173.151
26.53 1.4715 0.0299 173.6
26.54 1.4971 0.0379 177.518
26.55 1.5044 0.0501 181.834
26.56 1.519 0.0694 187.111
26.57 1.5299 0.0796 189.472
26.58 1.5409 0.0245 171.974
