0.02 0.4391 0 0
0.03 0.4314 0 0
0.04 0.4585 0.0025 19.6125
0.05 0.4818 0.005 22.2648
0.06 0.5051 0.0099 24.9613
0.07 0.5051 0.0199 27.6125
0.0800001 0.5283 0.02 28.8548
0.0900001 0.5477 0.0201 29.9829
0.1 0.5632 0.0204 31.0366
0.11 0.6214 0.0223 32.5649
0.12 0.7262 0.0243 34.3641
0.13 0.8193 0.0256 35.9084
0.14 0.8968 0.0268 37.2778
0.15 0.9822 0.0286 38.7095
0.16 0.9667 0.03 39.4768
0.17 0.9938 0.0307 40.3853
0.18 1.0055 0.0317 41.2112
0.19 1.0132 0.0325 41.9682
0.2 1.0171 0.0334 42.6914
0.21 1.0016 0.034 43.2428
0.22 0.9851 0.0347 43.7752
0.23 0.9826 0.0356 44.3978
0.24 0.9824 0.0361 44.977
0.25 0.9823 0.0353 45.4049
0.26 1.0288 0.0345 46.1214
0.27 1.0753 0.0328 46.7087
0.28 1.1606 0.0329 47.717
0.29 1.2654 0.033 48.8007
0.3 1.374 0.0331 49.8629
0.31 1.5059 0.0344 51.1518
0.32 1.6145 0.0345 52.1379
0.33 1.6145 0.0345 52.5858
0.34 1.7037 0.0336 53.3189
0.35 1.7153 0.0327 53.6814
0.36 1.7076 0.0305 53.7561
0.37 1.7328 0.0269 53.7172
0.38 1.758 0.0246 53.8278
0.39 1.9171 0.0243 54.8425
0.4 2.2545 0.0242 56.5149
0.41 2.9877 0.0242 59.2589
0.42 4.2833 0.0242 62.8334
0.43 5.707 0.0245 65.9817
0.44 6.8979 0.0246 68.2651
0.45 7.728 0.0251 69.9432
0.46 8.2594 0.0253 71.0959
0.47 8.5892 0.0273 72.3834
0.48 8.8025 0.0289 73.413
0.49 8.8956 0.0315 74.4789
0.5 8.8723 0.0333 75.217
0.51 8.7443 0.035 75.7874
0.52 8.5387 0.0362 76.1503
0.53 8.2168 0.0375 76.356
0.54 7.8172 0.0337 75.5304
0.55 7.472 0.032 75.1004
0.56 7.1306 0.0314 74.8529
0.57 6.8242 0.0332 75.0954
0.58 6.572 0.0349 75.3637
0.59 6.4391 0.0391 76.2175
0.6 6.4221 0.04 76.6904
0.61 6.4253 0.0423 77.4083
0.62 6.4285 0.0502 78.8804
0.63 6.5022 0.0534 79.7713
0.640001 6.4779 0.0552 80.2993
0.650001 6.5366 0.0558 80.8237
0.660001 6.5953 0.0564 81.3443
0.670001 6.8436 0.0564 82.121
0.680001 7.2004 0.0564 83.0656
0.690001 7.406 0.0563 83.7299
0.700001 7.6465 0.0562 84.4407
0.710001 7.9472 0.0559 85.2086
0.720001 8.2478 0.0558 85.9863
0.730001 8.4456 0.0553 86.5468
0.740001 8.6667 0.0549 87.146
0.75 8.7172 0.0547 87.5185
0.760001 8.6784 0.0538 87.6638
0.770001 8.5853 0.0517 87.5559
0.780001 8.5504 0.0497 87.5312
0.790001 8.4456 0.0496 87.6712
0.800001 8.3642 0.0495 87.841
0.810001 8.2168 0.0486 87.7854
0.820001 8.1237 0.0475 87.7735
0.830001 7.6233 0.0465 87.1129
0.840001 7.7551 0.0455 87.461
0.850001 7.4332 0.0457 87.247
0.860001 7.1888 0.0453 87.0471
0.870001 6.8164 0.0438 86.4185
0.880001 6.5798 0.0421 85.97
0.890001 6.347 0.0421 85.7943
0.900001 6.1026 0.0419 85.5421
0.910001 5.8544 0.0416 85.2427
0.920001 5.5828 0.0414 84.8852
0.930001 5.3074 0.0412 84.4887
0.940001 5.0242 0.0401 83.8847
0.950001 4.7488 0.0387 83.2052
0.960001 4.4773 0.0374 82.5085
0.970001 4.2174 0.0359 81.7581
0.980001 3.9808 0.0345 81.044
0.990001 3.7674 0.0334 80.4137
1 3.5735 0.032 79.7429
1.01 3.3989 0.0317 79.3268
1.02 3.2515 0.0296 78.5887
1.03 3.1157 0.0283 78.0274
1.04 2.9955 0.0272 77.5391
1.05 2.9024 0.0262 77.1522
1.06 2.8287 0.024 76.5094
1.07 2.7744 0.024 76.4956
1.08 2.691 0.0221 75.8352
1.09 2.6075 0.0202 75.1215
1.1 2.5765 0.0186 74.6684
1.11 2.528 0.0181 74.4829
1.12 2.4795 0.0181 74.4608
1.13 2.4718 0.0182 74.6458
1.14 2.4407 0.0184 74.7605
1.15 2.4407 0.0194 75.273
1.16 2.3787 0.0218 75.9084
1.17 2.2662 0.0248 76.3756
1.18 2.1576 0.028 76.7885
1.19 2.0567 0.0305 76.9857
1.2 1.9559 0.0315 76.8146
1.21 1.8628 0.0315 76.4532
1.22 1.8084 0.0316 76.3221
1.23 1.7503 0.0359 76.9491
1.24 1.6455 0.0438 77.7153
1.25 1.5912 0.0506 78.4499
1.26 1.5718 0.0572 79.2898
1.27 1.564 0.0653 80.2872
1.28 1.5619 0.0735 81.2425
1.29 1.5625 0.0809 82.0755
1.3 1.5631 0.0871 82.7633
1.31 1.5757 0.0943 83.5863
1.32 1.6223 0.1063 84.9579
1.33 1.6727 0.1126 85.9229
1.34 1.7037 0.1184 86.6915
1.35 1.758 0.1203 87.3799
1.36 1.8356 0.1203 88.1057
1.37 1.9209 0.1221 88.9745
1.38 1.9559 0.1226 89.4171
1.39 1.9365 0.1226 89.4683
1.4 1.9365 0.1226 89.6467
1.41 1.9365 0.1226 89.8243
1.42 1.9365 0.1198 89.8281
1.43 1.9015 0.1195 89.7487
1.44 1.8511 0.118 89.4815
1.45 1.7658 0.1159 88.9139
1.46 1.6766 0.1111 88.1108
1.47 1.6465 0.1064 87.7321
1.48 1.6325 0.1054 87.7207
1.49 1.6432 0.1051 87.9469
1.5 1.6539 0.1048 88.172
1.51 1.6766 0.1045 88.4875
1.52 1.7076 0.1041 88.8558
1.53 1.758 0.1015 89.2037
1.54 1.8123 0.1016 89.7651
1.55 1.8705 0.1013 90.3148
1.56 1.9209 0.1014 90.8309
1.57 1.9559 0.1013 91.2218
1.58 1.9946 0.1011 91.6261
1.59 2.0024 0.0898 90.9373
1.6 1.9753 0.0848 90.4851
1.61 1.9481 0.0798 90.0049
1.62 1.8783 0.0801 89.7155
1.63 1.7774 0.0794 89.0923
1.64 1.6416 0.0788 88.1727
1.65 1.4322 0.0766 86.3994
1.66 1.343 0.073 85.4042
1.67 1.2576 0.0674 84.1805
1.68 1.1645 0.0644 83.0763
1.69 1.1645 0.0608 82.8162
1.7 0.9783 0.0574 80.5104
1.71 0.9162 0.0555 79.6604
1.72 0.9201 0.0488 78.9884
1.73 0.8736 0.0457 78.0996
1.74 0.7805 0.0408 76.2429
1.75 0.7456 0.0387 75.5302
1.76 0.668 0.0363 74.0666
1.77 0.6486 0.0347 73.5927
1.78 0.637 0.0315 72.9273
1.79 0.6214 0.0304 72.5657
1.8 0.6059 0.0283 71.9843
1.81 0.5982 0.0273 71.7476
1.82 0.5826 0.0261 71.3174
1.83 0.5671 0.0247 70.8237
1.84 0.5594 0.024 70.6225
1.85 0.5477 0.0233 70.3406
1.86 0.5361 0.0227 70.077
1.87 0.5128 0.0216 69.4463
1.88 0.5089 0.0209 69.2827
1.89 0.5051 0.0206 69.2268
1.9 0.4978 0.0203 69.0989
1.91 0.4946 0.0201 69.0786
1.92 0.496 0.0198 69.1206
1.93 0.4973 0.0196 69.1881
1.94 0.5012 0.0195 69.3361
1.95 0.5051 0.0188 69.3017
1.96 0.5051 0.0187 69.3695
1.97 0.5051 0.0186 69.4367
1.98 0.5051 0.0184 69.472
1.99 0.4973 0.0184 69.4137
2 0.4973 0.0182 69.4473
2.01 0.4934 0.0181 69.433
2.02 0.4915 0.0179 69.426
2.03 0.4905 0.0179 69.501
2.04 0.49 0.0179 69.5858
2.05 0.4903 0.0179 69.6866
2.06 0.4906 0.018 69.8194
2.07 0.4915 0.0184 70.0599
2.08 0.4934 0.0189 70.3496
2.09 0.4973 0.0207 71.0592
2.1 0.5012 0.0225 71.7295
2.11 0.5342 0.0211 72.1005
2.12 0.5671 0.0233 73.4227
2.13 0.7223 0.0234 76.152
2.14 1.6223 0.0239 85.8251
2.15 2.4058 0.0244 91.1104
2.16 3.2786 0.0257 95.7991
2.17 3.8566 0.0257 98.1914
2.18 3.8566 0.0256 98.2851
2.19 3.9652 0.0255 98.7724
2.2 4.0739 0.0257 99.348
2.21 4.2988 0.0258 100.278
2.22 4.4618 0.0267 101.232
2.23 4.6751 0.0288 102.688
2.24 4.6751 0.0288 102.815
2.25 5.0048 0.0286 103.898
2.26 4.869 0.0286 103.615
2.27 4.7333 0.0286 103.32
2.28 4.7527 0.0289 103.598
2.29 4.6131 0.0297 103.514
2.3 4.3958 0.0303 103.094
2.31 4.3958 0.0327 103.875
2.32 4.3609 0.0349 104.444
2.33 4.3609 0.0365 104.96
2.34 3.8334 0.0372 103.315
2.35 3.298 0.0375 101.289
2.36 2.9683 0.0375 99.8822
2.37 2.8015 0.0374 99.1483
2.38 2.6657 0.0362 98.2896
2.39 2.6328 0.0361 98.2058
2.4 2.5998 0.0356 98.0277
2.41 2.5998 0.033 97.5237
2.42 2.5331 0.0302 96.5564
2.43 2.501 0.0275 95.7408
2.44 2.4883 0.0246 94.896
2.45 2.4757 0.0246 94.9346
2.46 2.4757 0.0246 95.0421
2.47 2.4524 0.0248 95.0839
2.48 2.367 0.029 95.947
2.49 2.2158 0.0293 95.2272
2.5 2.1459 0.0293 94.8943
2.51 2.0877 0.0293 94.6243
2.52 2.0684 0.0296 94.6826
2.53 2.0528 0.0298 94.7367
2.54 2.0412 0.0321 95.3513
2.55 2.0024 0.0332 95.4592
2.56 1.9753 0.0337 95.4946
2.57 1.9646 0.0333 95.4285
2.58 1.9793 0.0336 95.7056
2.59 1.9939 0.0339 95.981
2.6 2.0257 0.0348 96.5132
2.61 2.1692 0.0381 98.3114
2.62 2.3127 0.0424 100.216
2.63 2.3593 0.0439 100.902
2.64 2.3457 0.0455 101.225
2.65 2.3602 0.0455 101.422
2.66 2.3748 0.0465 101.802
2.67 2.5261 0.0467 102.856
2.68 2.6075 0.0456 103.229
2.69 2.9024 0.0445 104.73
2.7 3.4066 0.0361 105.433
2.71 4.0739 0.0327 107.408
2.72 4.6945 0.0309 109.22
2.73 4.6945 0.0308 109.302
2.74 5.0669 0.0307 110.592
2.75 5.0242 0.0312 110.718
2.76 4.8109 0.0316 110.257
2.77 4.7993 0.0318 110.387
2.78 4.7527 0.0322 110.458
2.79 4.6441 0.0327 110.342
2.8 4.5277 0.0328 110.077
2.81 4.3881 0.0328 109.69
2.82 4.3454 0.0331 109.727
2.83 4.2795 0.0333 109.648
2.84 4.2484 0.0335 109.695
2.85 4.2019 0.0335 109.629
2.86 4.1708 0.0335 109.618
2.87 4.1359 0.0334 109.565
2.88 4.0855 0.0334 109.477
2.89 4.0118 0.0335 109.323
2.9 3.9808 0.0335 109.306
2.91 3.942 0.0345 109.524
2.92 3.8683 0.0362 109.77
2.93 3.8256 0.0372 109.947
2.94 3.7713 0.0377 109.947
2.95 3.7325 0.0378 109.912
2.96 3.6549 0.0374 109.586
2.97 3.6258 0.037 109.464
2.98 3.6287 0.0362 109.38
2.99 3.6316 0.0352 109.24
3 3.7131 0.0355 109.769
3.01 3.9769 0.0315 109.863
3.02 4.2213 0.0277 109.733
3.03 4.4307 0.026 110.021
3.04 4.7139 0.0251 110.784
3.05 4.9661 0.0254 111.831
3.06 5.2104 0.0257 112.82
3.07 5.4316 0.0266 113.926
3.08 5.6216 0.0281 115.119
3.09 5.8078 0.029 116.069
3.1 6.0289 0.0297 117.032
3.11 6.25 0.0311 118.198
3.12 6.5216 0.0326 119.498
3.13 6.8397 0.034 120.849
3.14 7.1578 0.0353 122.131
3.15 7.4448 0.0367 123.332
3.16 7.7086 0.0381 124.448
3.17 7.9413 0.0393 125.415
3.18 8.1625 0.0405 126.338
3.19 8.3681 0.0416 127.186
3.2 8.5349 0.0428 127.961
3.21 8.6745 0.0441 128.692
3.22 8.7831 0.0455 129.37
3.23 8.8917 0.0464 129.922
3.24 8.9965 0.0473 130.462
3.25 8.9965 0.0486 130.869
3.26 8.9926 0.0497 131.217
3.27 8.9266 0.0509 131.45
3.28 8.884 0.052 131.705
3.29 8.818 0.0523 131.738
3.3 8.7986 0.0524 131.828
3.31 8.7211 0.0525 131.792
3.32 8.6163 0.0525 131.673
3.33 8.4262 0.0525 131.361
3.34 8.2362 0.0525 131.039
3.35 8.0112 0.0524 130.605
3.36 7.8056 0.0522 130.184
3.37 7.6116 0.0513 129.632
3.38 7.4642 0.0508 129.269
3.39 7.3401 0.05 128.893
3.4 7.2741 0.049 128.614
3.41 7.262 0.0478 128.423
3.42 7.283 0.0475 128.514
3.43 7.304 0.0473 128.627
3.44 7.3478 0.0466 128.682
3.45 7.4759 0.046 128.968
3.46 7.6465 0.0451 129.279
3.47 7.8366 0.0447 129.745
3.48 7.9763 0.0442 130.058
3.49 8.0306 0.0442 130.289
3.5 7.9918 0.0441 130.277
3.51 7.9181 0.0441 130.206
3.52 7.7823 0.0401 128.961
3.53 7.6155 0.036 127.511
3.54 7.4254 0.0348 126.79
3.55 7.2392 0.0346 126.365
3.56 6.8242 0.0346 125.394
3.57 6.6069 0.0347 124.938
3.58 6.3742 0.0349 124.451
3.59 6.219 0.0356 124.311
3.6 5.6565 0.0361 122.863
3.61 5.7186 0.0369 123.376
3.62 5.5557 0.0381 123.286
3.63 5.3307 0.0384 122.728
3.64 5.0786 0.0384 121.968
3.65 4.8458 0.0384 121.24
3.66 4.5898 0.0384 120.387
3.67 4.3144 0.0382 119.358
3.68 4.0583 0.0379 118.323
3.69 3.9778 0.0373 117.914
3.7 3.956 0.0372 117.883
3.71 3.9859 0.0372 118.1
3.72 4.0157 0.0368 118.209
3.73 4.1825 0.0357 118.692
3.74 4.2678 0.0335 118.498
3.75 4.2562 0.0306 117.649
3.76 4.198 0.0303 117.407
3.77 4.1514 0.0305 117.369
3.78 4.1514 0.0307 117.52
3.79 4.1126 0.0311 117.574
3.8 3.9536 0.0311 116.994
3.81 3.6976 0.031 115.925
3.82 3.4493 0.0308 114.792
3.83 3.2321 0.028 112.906
3.84 3.2278 0.0285 113.133
3.85 3.2261 0.0275 112.87
3.86 3.2485 0.0277 113.132
3.87 3.2709 0.0279 113.393
3.88 3.3174 0.0287 113.973
3.89 3.3679 0.029 114.402
3.9 3.364 0.0295 114.628
3.91 3.1623 0.0297 113.757
3.92 3.1737 0.0298 113.928
3.93 3.1851 0.0294 113.94
3.94 3.2166 0.029 114.052
3.95 3.5114 0.0282 115.314
3.96 3.8489 0.0267 116.4
3.97 4.1437 0.0248 117.005
3.98 4.3338 0.0234 117.277
3.99 4.423 0.0223 117.233
4 4.4773 0.0223 117.521
4.01 4.5161 0.0223 117.749
4.02 4.5665 0.0224 118.063
4.03 4.5316 0.0228 118.188
4.04 4.423 0.0259 119.114
4.05 4.2639 0.0309 120.323
4.06 4.1282 0.0336 120.684
4.07 4.0952 0.0357 121.237
4.08 4.1536 0.0364 121.764
4.09 4.212 0.0362 122.036
4.1 4.3376 0.036 122.58
4.11 4.6169 0.0355 123.626
4.12 4.8342 0.0314 123.267
4.13 4.9467 0.0298 123.222
4.14 5.032 0.0298 123.609
4.15 5.1406 0.0288 123.721
4.16 5.3578 0.0289 124.58
4.17 5.4975 0.029 125.162
4.18 5.5014 0.0293 125.365
4.19 5.5266 0.0293 125.531
4.2 5.5518 0.0292 125.661
4.21 5.6061 0.029 125.848
4.22 5.7419 0.0273 125.732
4.23 5.8078 0.026 125.512
4.24 5.8893 0.0242 125.097
4.25 5.9048 0.0228 124.607
4.26 5.8583 0.0227 124.501
4.27 5.7962 0.0227 124.392
4.28 5.6798 0.0232 124.335
4.29 5.3152 0.0238 123.494
4.3 5.0786 0.0263 123.791
4.31 4.8342 0.0282 123.71
4.32 4.5937 0.0301 123.552
4.33 4.3493 0.0321 123.32
4.34 4.3493 0.0334 123.808
4.35 4.1631 0.0349 123.56
4.36 4.0079 0.0362 123.339
4.37 3.6898 0.0382 122.503
4.38 3.4804 0.0418 122.468
4.39 3.2631 0.0432 121.747
4.4 3.0808 0.0431 120.796
4.41 2.9256 0.043 119.953
4.42 2.7821 0.0423 119
4.43 2.792 0.0402 118.632
4.44 2.802 0.0384 118.316
4.45 2.8325 0.0342 117.437
4.46 3.073 0.0298 117.543
4.47 3.2631 0.0277 117.918
4.48 3.3523 0.0264 117.978
4.49 3.395 0.0253 117.848
4.5 3.4416 0.025 118.036
4.51 3.5114 0.0234 117.8
4.52 3.589 0.0231 118.118
4.53 3.6627 0.0225 118.278
4.54 3.8023 0.0217 118.631
4.55 3.9963 0.0214 119.419
4.56 4.1243 0.0212 119.942
4.57 4.229 0.0212 120.449
4.58 4.2484 0.0216 120.79
4.59 4.2639 0.022 121.111
4.6 4.3396 0.0225 121.719
4.61 4.4152 0.0226 122.141
4.62 4.4657 0.0228 122.505
4.63 4.4307 0.023 122.529
4.64 4.3764 0.025 123.236
4.65 4.2639 0.0273 123.752
4.66 4.0894 0.0298 123.983
4.67 3.876 0.0311 123.542
4.68 3.6627 0.031 122.579
4.69 3.492 0.031 121.811
4.7 3.4454 0.0307 121.55
4.71 3.4566 0.0307 121.678
4.72 3.4677 0.0266 120.362
4.73 3.5075 0.0244 119.768
4.74 3.589 0.0227 119.515
4.75 3.6239 0.0223 119.575
4.76 3.6045 0.0221 119.463
4.77 3.523 0.0222 119.184
4.78 3.426 0.0223 118.819
4.79 3.3135 0.0243 119.167
4.8 3.2205 0.0254 119.186
4.81 3.1924 0.0259 119.298
4.82 3.2169 0.0259 119.499
4.83 3.2415 0.0258 119.66
4.84 3.298 0.0242 119.39
4.85 3.426 0.0237 119.906
4.86 3.5463 0.0235 120.488
4.87 3.6821 0.0233 121.125
4.88 3.7984 0.0223 121.294
4.89 3.876 0.0209 121.062
4.9 3.9148 0.0206 121.159
4.91 3.9497 0.0205 121.334
4.92 3.9575 0.0206 121.486
4.93 3.9303 0.0206 121.434
4.94 3.8683 0.0224 122.072
4.95 3.7829 0.0234 122.192
4.96 3.7567 0.0238 122.311
4.97 3.7767 0.0239 122.516
4.98 3.7967 0.0234 122.462
4.99 3.8411 0.0233 122.692
5 3.9769 0.0234 123.42
5.01 4.1553 0.0235 124.315
5.02 4.3609 0.0241 125.515
5.03 4.5471 0.0241 126.343
5.04 4.7023 0.0246 127.242
5.05 4.8342 0.025 127.992
5.06 4.9583 0.0255 128.743
5.07 5.0786 0.0261 129.51
5.08 5.2298 0.0266 130.335
5.09 5.6721 0.027 132.103
5.1 5.932 0.0273 133.153
5.11 6.2384 0.0279 134.438
5.12 6.5643 0.0283 135.662
5.13 6.8823 0.0283 136.664
5.14 7.119 0.0284 137.445
5.15 7.3091 0.0285 138.083
5.16 7.4642 0.029 138.776
5.17 7.5961 0.0298 139.517
5.18 7.7202 0.0308 140.303
5.19 7.8327 0.0319 141.082
5.2 7.9413 0.0327 141.73
5.21 8.0422 0.0331 142.207
5.22 8.1586 0.0334 142.685
5.23 8.2711 0.0335 143.078
5.24 8.4068 0.0338 143.597
5.25 8.531 0.034 144.047
5.26 8.659 0.0342 144.503
5.27 8.7521 0.0344 144.873
5.28 8.8219 0.0344 145.115
5.29 8.8491 0.0349 145.43
5.3 8.8995 0.0355 145.832
5.31 8.9305 0.0356 146.016
5.32 8.9693 0.0359 146.286
5.33 8.9965 0.0369 146.761
5.34 9.0702 0.0369 147.01
5.35 9.109 0.0369 147.177
5.36 9.1788 0.0369 147.416
5.37 9.2564 0.0367 147.604
5.38 9.3921 0.0368 148.024
5.39 9.4891 0.0366 148.252
5.4 9.6016 0.0365 148.547
5.41 9.7064 0.0361 148.719
5.42 9.8615 0.036 149.101
5.43 9.9856 0.0359 149.412
5.44 10.238 0.0359 150.027
5.45 10.35 0.036 150.374
5.46 10.432 0.036 150.621
5.47 10.513 0.0361 150.901
5.48 10.556 0.0361 151.066
5.49 10.599 0.0363 151.301
5.5 10.618 0.0365 151.486
5.51 10.645 0.0361 151.479
5.52 10.668 0.0357 151.462
5.53 10.68 0.0345 151.132
5.54 10.661 0.0334 150.762
5.55 10.645 0.0332 150.73
5.56 10.591 0.0332 150.695
5.57 10.548 0.0332 150.682
5.58 10.505 0.0332 150.668
5.59 10.451 0.0336 150.782
5.6 10.3325 0.034 150.757
5.61 10.2788 0.0342 150.793
5.62 10.2739 0.0345 150.967
5.63 10.277 0.0349 151.193
5.64 10.28 0.0352 151.382
5.65 10.296 0.0354 151.561
5.66 10.3 0.0357 151.751
5.67 10.346 0.0361 152.064
5.68 10.346 0.0364 152.243
5.69 10.389 0.0364 152.409
5.7 10.416 0.0366 152.61
5.71 10.447 0.0367 152.784
5.72 10.482 0.0368 152.967
5.73 10.502 0.0369 153.117
5.74 10.529 0.0371 153.317
5.75 10.571 0.0371 153.479
5.76 10.591 0.0374 153.698
5.77 10.637 0.0375 153.903
5.78 10.672 0.0378 154.152
5.79 10.715 0.0379 154.349
5.8 10.761 0.0381 154.586
5.81 10.808 0.0383 154.825
5.82 10.862 0.0383 155.01
5.83 10.944 0.0384 155.286
5.84 10.983 0.0386 155.507
5.85 11.033 0.0387 155.716
5.86 11.033 0.0388 155.823
5.87 11.064 0.0389 155.993
5.88 11.091 0.039 156.155
5.89 11.091 0.0391 156.263
5.9 11.146 0.0393 156.514
5.91 11.146 0.0393 156.588
5.92 11.146 0.0393 156.661
5.93 11.138 0.0392 156.685
5.94 11.1375 0.0392 156.758
5.95 11.1397 0.0391 156.802
5.96 11.142 0.0391 156.88
5.97 11.153 0.0391 156.976
5.98 11.188 0.0391 157.12
5.99 11.242 0.0391 157.302
6 11.285 0.039 157.428
6.01 11.312 0.0389 157.521
6.02 11.339 0.0389 157.648
6.03 11.339 0.0389 157.721
6.04 11.367 0.0389 157.849
6.05 11.378 0.0392 158.045
6.06 11.409 0.0398 158.38
6.07 11.433 0.0404 158.698
6.08 11.467 0.0406 158.903
6.09 11.475 0.0408 159.057
6.1 11.452 0.0409 159.116
6.11 11.417 0.0408 159.086
6.12 11.363 0.0408 159.05
6.13 11.289 0.0407 158.94
6.14 11.239 0.0407 158.91
6.15 11.2448 0.0406 158.961
6.16 11.2506 0.0406 159.045
6.17 11.27 0.0401 158.992
6.18 11.394 0.0396 159.148
6.19 11.444 0.0388 159.05
6.2 11.491 0.0386 159.147
6.21 11.499 0.0386 159.234
6.22 11.5051 0.0389 159.42
6.23 11.5112 0.0389 159.504
6.24 11.5335 0.0389 159.619
6.25 11.588 0.0389 159.799
6.26 11.968 0.0387 160.546
6.27 12.119 0.0378 160.592
6.28 12.247 0.0376 160.836
6.29 12.364 0.0379 161.234
6.3 12.472 0.0382 161.613
6.31 12.569 0.0389 162.11
6.32 12.701 0.0398 162.735
6.33 12.821 0.0406 163.297
6.3401 12.922 0.0414 163.82
6.3501 13.011 0.0419 164.218
6.3601 13.077 0.0423 164.539
6.3701 13.112 0.0427 164.803
6.3801 13.143 0.0434 165.155
6.3901 13.19 0.0446 165.687
6.4001 13.198 0.0456 166.08
6.4101 13.248 0.0463 166.453
6.4201 13.275 0.047 166.782
6.4301 13.295 0.0474 167.008
6.4401 13.306 0.0478 167.217
6.4501 13.26 0.0479 167.235
6.4601 13.2361 0.048 167.293
6.4701 13.2257 0.048 167.346
6.4801 13.2273 0.048 167.421
6.4901 13.229 0.048 167.495
6.5001 13.264 0.048 167.631
6.5101 13.267 0.0471 167.444
6.5201 13.291 0.0461 167.26
6.5301 13.31 0.0442 166.781
6.5401 13.341 0.0423 166.299
6.5501 13.326 0.0416 166.112
6.5601 13.287 0.0414 166.045
6.5701 13.232 0.0414 166.017
6.5801 12.984 0.0413 165.602
6.5901 12.914 0.0414 165.576
6.6001 12.639 0.0415 165.166
6.6101 12.364 0.0419 164.845
6.6201 12.344 0.0421 164.941
6.6301 12.239 0.0425 164.937
6.6401 12.131 0.043 164.956
6.6501 11.995 0.0436 164.947
6.6601 11.84 0.0437 164.739
6.6701 11.65 0.0437 164.424
6.6801 11.448 0.044 164.172
6.6901 11.204 0.044 163.732
6.7001 10.952 0.044 163.264
6.7101 10.703 0.044 162.792
6.7201 10.482 0.0431 162.092
6.7301 10.311 0.0424 161.555
6.7401 10.121 0.0416 160.934
6.7501 9.9391 0.0411 160.419
6.7601 9.7413 0.0401 159.693
6.7701 9.5667 0.0394 159.11
6.7801 9.4038 0.0392 158.715
6.7901 9.2564 0.039 158.352
6.8001 9.1128 0.0389 158.027
6.8101 9.0081 0.0387 157.761
6.8201 9.0003 0.0386 157.772
6.8301 9.0003 0.0381 157.665
6.8401 9.0003 0.0377 157.59
6.8501 9.0159 0.0371 157.483
6.8601 8.9732 0.0368 157.333
6.8701 8.8685 0.0371 157.237
6.8801 8.7948 0.0374 157.217
6.8901 8.787 0.038 157.469
6.9001 8.7851 0.0401 158.234
6.9101 8.8365 0.0411 158.756
6.9201 8.8879 0.0413 159.017
6.9301 9.0391 0.0413 159.468
6.9401 9.2874 0.0413 160.155
6.9501 9.621 0.0413 161.036
6.9601 10.005 0.0413 162.011
6.9701 10.424 0.0416 163.134
6.9801 11.219 0.0419 165.034
6.9901 11.51 0.0425 165.906
7.0001 11.762 0.0438 166.908
7.0101 11.968 0.0455 167.923
7.0201 12.173 0.0475 169.005
7.0301 12.367 0.0492 169.954
7.0401 12.538 0.0509 170.84
7.0501 12.643 0.0526 171.581
7.0601 12.705 0.0542 172.198
7.0701 12.705 0.0547 172.398
7.0801 12.662 0.0551 172.486
7.0901 12.635 0.0551 172.5
7.1001 12.62 0.0551 172.538
7.1101 12.577 0.055 172.495
7.1201 12.484 0.0542 172.168
7.1301 12.371 0.0539 171.93
7.1401 12.247 0.0538 171.722
7.1501 12.2133 0.0537 171.694
7.1601 12.2113 0.0534 171.676
7.1701 12.2466 0.0532 171.761
7.1801 12.282 0.0526 171.737
7.1901 12.542 0.0522 172.213
7.2001 12.883 0.0514 172.724
7.2101 13.209 0.0513 173.385
7.2201 13.485 0.0514 173.998
7.2301 13.745 0.0514 174.544
7.2401 13.95 0.0516 175.04
7.2501 14.105 0.0523 175.583
7.2601 14.226 0.053 176.061
7.2701 14.323 0.0536 176.466
7.2801 14.408 0.0545 176.929
7.2901 14.458 0.0547 177.139
7.3001 14.505 0.0552 177.424
7.3101 14.509 0.0556 177.605
7.3201 14.54 0.0558 177.78
7.3301 14.571 0.0563 178.034
7.3401 14.563 0.0567 178.192
7.3501 14.559 0.0567 178.253
7.3601 14.524 0.0567 178.258
7.3701 14.47 0.0566 178.204
7.3801 14.381 0.0564 178.06
7.3901 14.257 0.0562 177.853
7.4001 14.257 0.0558 177.814
7.4101 13.919 0.0554 177.161
7.4201 13.752 0.055 176.813
7.4301 13.578 0.0546 176.448
7.4401 13.419 0.0544 176.161
7.4501 13.279 0.0536 175.744
7.4601 13.139 0.0535 175.514
7.4701 13 0.0531 175.202
7.4801 12.845 0.0528 174.882
7.4901 12.713 0.0525 174.604
7.5001 12.585 0.0473 172.907
7.5101 12.48 0.042 171.063
7.5201 12.375 0.0414 170.714
7.5301 12.286 0.0414 170.6
7.5401 12.197 0.0413 170.45
7.5501 12.092 0.0412 170.266
7.5601 11.983 0.0412 170.107
7.5701 11.768 0.0412 169.726
7.5801 11.703 0.0412 169.653
7.5901 11.684 0.0413 169.71
7.6001 11.684 0.0413 169.772
7.6101 11.6847 0.0414 169.87
7.6201 11.6854 0.0414 169.933
7.6301 11.689 0.0415 170.037
7.6401 11.704 0.0416 170.164
7.6501 11.72 0.0421 170.429
7.6601 11.743 0.0422 170.573
7.6701 11.739 0.0424 170.693
7.6801 11.762 0.0424 170.803
7.6901 11.778 0.0429 171.065
7.7001 11.801 0.0428 171.142
7.7101 11.82 0.043 171.31
7.7201 11.848 0.0431 171.463
7.7301 11.883 0.0434 171.697
7.7401 11.894 0.0439 171.945
7.7501 11.91 0.044 172.073
7.7601 11.914 0.044 172.143
7.7701 11.937 0.0443 172.35
7.7801 11.929 0.0443 172.395
7.7901 11.941 0.0444 172.513
7.8001 11.941 0.0445 172.607
7.8101 11.945 0.0446 172.709
7.8201 11.956 0.0446 172.794
7.8301 11.968 0.0447 172.912
7.8401 12.007 0.0448 173.087
7.8501 12.061 0.0449 173.292
7.8601 12.142 0.045 173.553
7.8701 12.255 0.0451 173.878
7.8801 12.344 0.0452 174.153
7.8901 12.426 0.0454 174.445
7.9001 12.558 0.0456 174.836
7.9101 12.604 0.0456 174.989
7.9201 12.639 0.0458 175.184
7.9301 12.658 0.0462 175.411
7.9401 12.678 0.0463 175.544
7.9501 12.693 0.0464 175.667
7.9601 12.67 0.0466 175.745
7.9701 12.608 0.0467 175.713
7.9801 12.523 0.0468 175.635
7.9901 12.433 0.0468 175.514
8.0001 12.367 0.0468 175.44
8.0101 12.305 0.0468 175.374
8.0201 12.267 0.0468 175.357
8.0301 12.205 0.0468 175.29
8.0401 12.139 0.0468 175.213
8.0501 12.042 0.0467 175.04
8.0601 11.941 0.0461 174.701
8.0701 11.813 0.0456 174.332
8.0801 11.692 0.0455 174.101
8.0901 11.549 0.0455 173.853
8.1001 11.421 0.0449 173.442
8.1101 11.285 0.0448 173.17
8.1201 11.188 0.0448 173.015
8.1301 11.083 0.0442 172.645
8.1401 10.979 0.0438 172.339
8.1501 10.855 0.0436 172.051
8.1601 10.734 0.0432 171.7
8.1701 10.622 0.0433 171.533
8.1801 10.486 0.043 171.174
8.1901 10.377 0.0428 170.908
8.2001 10.253 0.0426 170.604
8.2101 10.18 0.0421 170.319
8.2201 10.125 0.0406 169.731
8.2301 10.1248 0.0404 169.718
8.2401 10.1299 0.0403 169.752
8.2501 10.135 0.0403 169.822
8.2601 10.164 0.0404 169.984
8.2701 10.319 0.0406 170.482
8.2801 10.529 0.0413 171.278
8.2901 10.529 0.0421 171.61
8.3001 10.73 0.0429 172.405
8.3101 10.847 0.0437 172.998
8.3201 10.975 0.0444 173.578
8.3301 11.01 0.0444 173.715
8.3401 11.033 0.0444 173.826
8.3501 11.037 0.0445 173.925
8.3601 11.045 0.0445 174.001
8.3701 11.017 0.0446 174.028
8.3801 11.006 0.0447 174.093
8.3901 10.9925 0.0449 174.185
8.4001 11.0034 0.0449 174.267
8.4101 11.0144 0.0456 174.574
8.4201 11.041 0.0456 174.693
8.4301 11.08 0.0456 174.839
8.4401 11.072 0.0455 174.847
8.4501 11.0802 0.0445 174.6
8.4601 11.0885 0.0437 174.413
8.4701 11.111 0.0429 174.253
8.4801 11.188 0.0423 174.279
8.4901 11.359 0.0422 174.683
8.5001 11.561 0.0419 175.08
8.5101 11.755 0.0419 175.558
8.5201 11.89 0.0419 175.904
8.5301 11.972 0.0416 176.03
8.5401 12.03 0.0414 176.14
8.5501 12.076 0.0383 175.156
8.5601 12.115 0.0379 175.141
8.5701 12.111 0.0376 175.074
8.5801 12.061 0.0376 175.026
8.5901 12.057 0.0376 175.075
8.6001 11.96 0.0376 174.928
8.6101 11.968 0.0377 175.04
8.6201 11.749 0.038 174.746
8.6301 11.7528 0.0381 174.849
8.6401 11.7566 0.0383 174.99
8.6501 11.766 0.0383 175.066
8.6601 11.836 0.0384 175.31
8.6701 11.844 0.0384 175.383
8.6801 11.886 0.0386 175.605
8.6901 11.824 0.0388 175.604
8.7001 11.832 0.0394 175.902
8.7101 11.797 0.0396 175.957
8.7201 11.801 0.0398 176.096
8.7301 11.751 0.04 176.118
8.7401 11.743 0.0401 176.193
8.7501 11.692 0.0403 176.212
8.7601 11.692 0.0406 176.376
8.7701 11.658 0.0407 176.395
8.7801 11.661 0.0407 176.457
8.7901 11.638 0.0407 176.463
8.8001 11.572 0.0407 176.374
8.8101 11.502 0.0407 176.276
8.8201 11.464 0.0407 176.247
8.8301 11.425 0.0407 176.216
8.8401 11.39 0.0406 176.158
8.8501 11.332 0.0406 176.084
8.8601 11.301 0.0403 175.961
8.8701 11.231 0.0403 175.859
8.8801 11.192 0.04 175.716
8.8901 11.149 0.0399 175.637
8.9001 11.126 0.0398 175.603
8.9101 11.087 0.0397 175.533
8.9201 11.041 0.0397 175.482
8.9301 11.037 0.0398 175.564
8.9401 10.994 0.0399 175.557
8.9501 10.986 0.0401 175.666
8.9601 10.936 0.0409 175.894
8.9701 10.909 0.042 176.275
8.9801 10.858 0.0425 176.384
8.9901 10.812 0.0436 176.706
9.0001 10.773 0.0457 177.362
9.0101 10.754 0.0464 177.596
9.0201 10.754 0.0463 177.619
9.0301 10.7518 0.0463 177.668
9.0401 10.7509 0.046 177.625
9.0501 10.7699 0.0453 177.498
9.0601 10.789 0.0452 177.565
9.0701 10.812 0.0452 177.674
9.0801 10.878 0.0452 177.884
9.0901 10.94 0.0452 178.084
9.1001 11.068 0.0453 178.47
9.1101 11.18 0.0455 178.849
9.1201 11.266 0.0453 179.036
9.1301 11.281 0.045 179.026
9.1401 11.27 0.0447 178.955
9.1501 11.211 0.0446 178.841
9.1601 11.017 0.0446 178.446
9.1701 10.874 0.0446 178.165
9.1801 10.777 0.045 178.122
9.1901 10.703 0.0453 178.097
9.2001 10.657 0.0456 178.138
9.2101 10.657 0.0461 178.354
9.2201 10.521 0.0471 178.396
9.2301 10.377 0.0482 178.439
9.2401 10.067 0.049 177.958
9.2501 9.7257 0.0493 177.22
9.2601 9.4154 0.0498 176.595
9.2701 9.1167 0.0508 176.121
9.2801 8.7676 0.0516 175.414
9.2901 8.4495 0.0517 174.564
9.3001 8.1702 0.0516 173.745
9.3101 7.9413 0.0516 173.087
9.3201 7.8792 0.0512 172.831
9.3301 7.8919 0.0477 171.907
9.3401 7.9045 0.0458 171.417
9.3501 7.953 0.0436 170.917
9.3601 8.1353 0.0423 171.096
9.3701 8.2556 0.0399 170.677
9.3801 8.2633 0.0384 170.207
9.3901 8.1314 0.0376 169.566
9.4001 8.0926 0.0376 169.5
9.4101 8.1353 0.0366 169.298
9.4201 7.9879 0.0342 167.953
9.4301 7.7668 0.0332 166.912
9.4401 7.6077 0.0323 166.084
9.4501 7.6076 0.0324 166.175
9.4601 7.6278 0.0324 166.288
9.4701 7.648 0.0327 166.527
9.4801 7.7319 0.0356 168.022
9.4901 8.0926 0.0369 169.684
9.5001 8.7598 0.0369 171.681
9.5101 8.884 0.0365 171.924
9.5201 8.8762 0.0362 171.834
9.5301 8.8762 0.0352 171.484
9.5401 8.7948 0.0349 171.185
9.5501 8.6124 0.0352 170.84
9.5601 8.5736 0.0354 170.859
9.5701 8.5698 0.0355 170.938
9.5801 8.5426 0.0355 170.91
9.5901 8.5387 0.0354 170.908
9.6001 8.5404 0.035 170.801
9.6101 8.5421 0.0343 170.568
9.6201 8.5659 0.0335 170.351
9.6301 8.818 0.0331 170.943
9.6401 9.0547 0.0332 171.688
9.6501 9.1865 0.0333 172.139
9.6601 9.365 0.0335 172.752
9.6701 9.5202 0.0345 173.636
9.6801 9.6171 0.0362 174.637
9.6901 9.6947 0.0372 175.286
9.7001 9.7335 0.0391 176.166
9.7101 9.7607 0.0403 176.731
9.7201 9.7839 0.0413 177.203
9.7301 9.8499 0.0413 177.425
9.7401 9.943 0.0414 177.752
9.7501 10.028 0.0417 178.128
9.7601 10.083 0.0416 178.284
9.7701 10.094 0.0418 178.434
9.7801 10.098 0.042 178.565
9.7901 10.055 0.0424 178.647
9.8001 9.943 0.0426 178.48
9.8101 9.7917 0.0429 178.241
9.8201 9.6404 0.0429 177.892
9.8301 9.5008 0.0429 177.569
9.8401 9.4115 0.0429 177.378
9.8501 9.412 0.0426 177.326
9.8601 9.4125 0.0423 177.273
9.8701 9.4271 0.0423 177.362
9.8801 9.8925 0.0423 178.648
9.8901 10.141 0.0423 179.337
9.9001 10.319 0.0424 179.873
9.9101 10.44 0.0424 180.226
9.9201 10.447 0.0431 180.54
9.9301 10.42 0.0436 180.696
9.9401 10.37 0.0441 180.793
9.9501 10.261 0.0441 180.569
9.9601 10.156 0.0441 180.352
9.9701 10.009 0.0441 180.024
9.9801 9.7762 0.0441 179.465
9.9901 9.5628 0.0441 178.945
10 9.3301 0.0442 178.394
10.01 9.1167 0.0442 177.85
10.02 8.9073 0.0448 177.504
10.03 8.7249 0.045 177.091
10.04 8.5349 0.0451 176.612
10.05 8.4068 0.0452 176.309
10.06 8.2943 0.0452 176.016
10.07 8.1974 0.0453 175.799
10.08 8.1004 0.0453 175.547
10.09 8.0267 0.0461 175.62
10.1 7.9569 0.0465 175.573
10.11 7.9064 0.047 175.617
10.12 7.8172 0.0483 175.777
10.13 7.7358 0.0502 176.125
10.14 7.6155 0.055 177.117
10.15 7.472 0.0578 177.412
10.16 7.247 0.0588 176.933
10.17 6.991 0.0586 176.017
10.18 6.669 0.0584 174.824
10.19 6.5422 0.0576 174.189
10.2 6.4878 0.0576 174.027
10.21 6.495 0.054 173.17
10.22 6.5022 0.0515 172.563
10.23 6.6418 0.0479 172.098
10.24 6.6651 0.0448 171.276
10.25 6.5992 0.0446 171.014
10.26 6.3742 0.0448 170.271
10.27 6.0289 0.045 169.019
10.28 5.4975 0.0557 169.821
10.29 4.8691 0.0632 168.687
10.3 4.1398 0.0667 165.577
10.31 3.4648 0.0664 161.37
10.32 3.0071 0.066 158.074
10.33 2.658 0.0638 154.894
10.34 2.4485 0.0627 152.893
10.35 2.3472 0.0624 151.946
10.36 2.3251 0.0621 151.719
10.37 2.3985 0.0617 152.359
10.38 2.4718 0.0607 152.854
10.39 3.0071 0.0598 157.077
10.4 4.07 0.0528 162.427
10.41 5.5906 0.0465 168.281
10.42 6.9211 0.0421 172.151
10.43 7.7047 0.0365 172.813
10.44 8.2168 0.0361 174.308
10.45 8.5271 0.037 175.648
10.46 8.7172 0.0379 176.606
10.47 8.756 0.0398 177.487
10.48 8.7598 0.0416 178.199
10.49 8.7754 0.0417 178.328
10.5 8.8064 0.0419 178.537
10.51 8.8529 0.0419 178.72
10.52 9.0314 0.0428 179.599
10.53 9.2331 0.0425 180.113
10.54 9.8188 0.0377 179.96
10.55 10.176 0.0353 179.948
10.56 10.672 0.0343 180.801
10.57 11.215 0.0355 182.667
10.58 11.863 0.0366 184.668
10.59 12.561 0.0401 187.664
10.6 13.054 0.0421 189.522
10.61 13.442 0.0446 191.289
10.62 13.71 0.0468 192.654
10.63 13.9 0.049 193.826
10.64 13.9815 0.0515 194.845
10.65 14.063 0.054 195.83
10.66 14.509 0.0576 197.823
10.67 14.718 0.0608 199.177
10.68 14.811 0.0638 200.21
10.69 14.869 0.0658 200.89
10.7 14.897 0.0675 201.424
10.71 14.986 0.0693 202.091
10.72 14.997 0.0716 202.715
10.73 15.009 0.072 202.885
10.74 14.986 0.0728 203.079
10.75 14.947 0.0727 203.032
10.76 14.932 0.0734 203.217
10.77 14.881 0.0747 203.467
10.78 14.784 0.075 203.395
10.79 14.695 0.0751 203.294
10.8 14.54 0.0758 203.192
10.81 14.381 0.0762 203.012
10.82 14.21 0.0764 202.759
10.83 14.051 0.0763 202.461
10.84 13.857 0.0763 202.108
10.85 13.675 0.0761 201.731
10.86 13.469 0.0757 201.254
10.87 13.198 0.0748 200.517
10.88 12.876 0.0748 199.856
10.89 12.515 0.0749 199.113
10.9 12.084 0.075 198.183
10.91 11.572 0.0759 197.197
10.92 10.56 0.0764 194.771
10.93 10.059 0.0782 193.837
10.94 9.4775 0.0824 193.07
10.95 8.8607 0.0876 192.232
10.96 8.1586 0.0953 191.346
10.97 7.4642 0.1027 190.137
10.98 6.7194 0.1066 187.91
10.99 6.0095 0.1066 184.96
11 5.2997 0.1065 181.674
11.01 4.8031 0.1064 179.149
11.02 4.3997 0.092 174.817
11.03 4.39 0.0842 173.522
11.04 4.4143 0.0775 172.51
11.05 4.4385 0.0723 171.694
11.06 5.063 0.0689 174.324
11.07 6.1569 0.0675 179.043
11.08 7.4797 0.0636 183.268
11.09 8.1663 0.0617 185.179
11.1 8.4573 0.0612 186.036
11.11 8.659 0.0604 186.511
11.12 8.7986 0.0602 186.936
11.13 8.8685 0.0602 187.196
11.14 8.9266 0.0581 186.866
11.15 9.043 0.0571 186.991
11.16 9.0973 0.0567 187.09
11.17 9.0779 0.0575 187.297
11.18 9.0003 0.0582 187.301
11.19 8.8452 0.0601 187.379
11.2 8.7055 0.061 187.228
11.21 8.562 0.0614 186.928
11.22 8.3797 0.0615 186.421
11.23 8.1663 0.0613 185.726
11.24 8.2852 0.0611 186.108
11.25 8.404 0.0597 186.177
11.26 8.7211 0.0592 187.088
11.27 9.4387 0.0576 188.846
11.28 10.052 0.0569 190.419
11.29 10.471 0.0553 191.135
11.3 10.761 0.0528 191.198
11.31 10.967 0.0526 191.708
11.32 11.153 0.0525 192.189
11.33 11.297 0.0525 192.592
11.34 11.332 0.0525 192.725
11.35 11.312 0.0528 192.814
11.36 11.405 0.053 193.15
11.37 11.448 0.0532 193.362
11.38 11.479 0.0534 193.546
11.39 11.592 0.0554 194.46
11.4 11.743 0.0565 195.189
11.41 11.91 0.0576 195.948
11.42 12.034 0.0579 196.374
11.43 12.1 0.0587 196.801
11.44 12.096 0.0599 197.171
11.45 12.018 0.0621 197.627
11.46 11.886 0.0641 197.882
11.47 11.735 0.0654 197.897
11.48 11.549 0.0671 197.912
11.49 11.37 0.0587 195.329
11.5 11.13 0.0504 192.322
11.51 10.796 0.0538 192.57
11.52 10.381 0.0573 192.539
11.53 9.877 0.0648 193.177
11.54 9.3611 0.061 190.775
11.55 8.306 0.0683 189.335
11.56 7.7939 0.0772 189.576
11.57 7.0608 0.0913 189.57
11.58 6.4401 0.1064 189.518
11.59 5.9746 0.1073 187.658
11.6 5.5091 0.1056 185.277
11.61 5.1018 0.1039 183.036
11.62 4.8302 0.1004 181.126
11.63 4.8812 0.1012 181.563
11.64 4.9321 0.1002 181.728
11.65 5.0475 0.0928 181.217
11.66 7.5108 0.0804 189.66
11.67 9.0818 0.0738 193.581
11.68 10.315 0.0722 196.851
11.69 11.153 0.0719 199.056
11.7 11.603 0.0722 200.31
11.71 11.875 0.0724 201.073
11.72 12.104 0.0725 201.698
11.73 12.201 0.0725 201.978
11.74 12.282 0.0726 202.242
11.75 12.511 0.0726 202.828
11.76 12.658 0.0729 203.287
11.77 12.759 0.0733 203.661
11.78 12.755 0.0732 203.677
11.79 12.697 0.0732 203.591
11.8 12.581 0.0731 203.347
11.81 12.472 0.0729 203.094
11.82 12.263 0.0718 202.392
11.83 12.073 0.0717 201.961
11.84 11.875 0.071 201.364
11.85 11.673 0.0704 200.772
11.86 11.436 0.0698 200.085
11.87 11.149 0.068 198.967
11.88 10.917 0.0665 198.044
11.89 10.8019 0.0643 197.236
11.9 10.7477 0.0624 196.648
11.91 10.7603 0.0622 196.674
11.92 10.773 0.0612 196.488
11.93 10.913 0.0607 196.766
11.94 11.056 0.0605 197.127
11.95 11.056 0.0605 197.173
11.96 11.215 0.0605 197.624
11.97 11.312 0.062 198.319
11.98 11.332 0.0703 200.501
11.99 11.246 0.0745 201.297
12 11.146 0.0784 201.94
12.01 10.967 0.0845 202.777
12.02 10.715 0.0948 204.09
12.03 10.304 0.1027 204.347
12.04 9.5861 0.1094 203.346
12.05 8.6861 0.1112 200.798
12.06 7.8832 0.1148 198.584
12.07 7.0647 0.1163 195.73
12.08 6.0057 0.1168 191.318
12.09 5.1135 0.1151 186.754
12.1 4.1592 0.1135 181.111
12.11 3.236 0.0989 172.732
12.12 3.0391 0.0866 169.336
12.13 3.2739 0.0738 168.936
12.14 3.5087 0.071 170.12
12.15 4.0545 0.0675 173.01
12.16 5.9475 0.0658 182.478
12.17 8.3448 0.0658 191.641
12.18 10.936 0.0658 199.297
12.19 13.027 0.0665 204.608
12.2 14.233 0.0689 207.893
12.21 15.49 0.0733 211.577
12.22 17.201 0.0769 215.701
12.23 17.759 0.0791 217.254
12.24 18.256 0.082 218.823
12.25 18.601 0.0849 220.099
12.26 18.869 0.0879 221.241
12.27 18.869 0.0916 222.052
12.28 19.241 0.0942 223.247
12.29 19.319 0.0964 223.857
12.3 19.323 0.0963 223.895
12.31 19.253 0.0966 223.886
12.32 19.164 0.0985 224.15
12.33 19.098 0.1 224.372
12.34 18.989 0.1012 224.46
12.35 18.857 0.1016 224.359
12.36 18.671 0.1028 224.308
12.37 18.566 0.103 224.213
12.38 18.469 0.103 224.094
12.39 18.368 0.1035 224.058
12.4 18.3565 0.1039 224.16
12.41 18.3567 0.104 224.228
12.42 18.3569 0.104 224.279
12.43 18.361 0.104 224.336
12.44 18.485 0.104 224.604
12.45 18.508 0.103 224.514
12.46 18.535 0.1019 224.41
12.47 18.57 0.1001 224.189
12.48 18.655 0.099 224.18
12.49 18.869 0.0993 224.655
12.5 19.071 0.0995 225.088
12.51 19.268 0.0998 225.528
12.52 19.4 0.0998 225.8
12.53 19.92 0.0998 226.712
12.54 20.292 0.0972 226.868
12.55 20.603 0.0967 227.318
12.56 20.7 0.0953 227.247
12.57 20.746 0.0931 226.928
12.58 20.591 0.0929 226.693
12.59 20.2942 0.0928 226.249
12.6 20.1651 0.0928 226.091
12.61 20.1832 0.0929 226.19
12.62 20.2013 0.0929 226.269
12.63 20.261 0.093 226.436
12.64 20.343 0.093 226.617
12.65 20.479 0.0933 226.946
12.66 20.471 0.0937 227.063
12.67 20.486 0.0948 227.358
12.68 20.549 0.0956 227.667
12.69 20.614 0.0965 227.999
12.7 20.7 0.0963 228.146
12.71 20.68 0.0973 228.36
12.72 20.645 0.0977 228.433
12.73 20.521 0.0986 228.459
12.74 20.389 0.0997 228.507
12.75 20.308 0.0997 228.426
12.76 20.172 0.0998 228.274
12.77 20.036 0.1007 228.272
12.78 19.839 0.1017 228.184
12.79 19.668 0.1027 228.135
12.8 19.528 0.1031 228.024
12.81 19.311 0.1044 227.944
12.82 19.133 0.1039 227.599
12.83 18.88 0.1048 227.375
12.84 18.652 0.1059 227.224
12.85 18.493 0.106 227.011
12.86 18.33 0.1061 226.789
12.87 18.174 0.1063 226.594
12.88 18.058 0.1063 226.434
12.89 17.961 0.1062 226.29
12.9 17.864 0.106 226.127
12.91 17.8606 0.1049 225.973
12.92 17.8629 0.103 225.683
12.93 17.8652 0.1019 225.534
12.94 17.899 0.1016 225.588
12.95 17.977 0.1012 225.704
12.96 18.078 0.1007 225.842
12.97 18.151 0.1001 225.909
12.98 18.221 0.0987 225.818
12.99 18.299 0.0987 226.005
13 18.392 0.0988 226.237
13.01 18.392 0.0989 226.305
13.02 18.38 0.1 226.54
13.03 18.3655 0.1006 226.676
13.04 18.3691 0.1006 226.73
13.05 18.3726 0.1006 226.785
13.06 18.38 0.1006 226.846
13.07 18.399 0.1007 226.947
13.08 18.438 0.1009 227.102
13.09 18.411 0.1013 227.177
13.1 18.384 0.1017 227.252
13.11 18.31 0.1015 227.131
13.12 18.237 0.1014 227.03
13.13 18.194 0.101 226.926
13.14 18.167 0.1002 226.776
13.15 18.12 0.0999 226.682
13.16 18.004 0.0998 226.502
13.17 17.911 0.0997 226.362
13.18 17.825 0.0996 226.234
13.19 17.759 0.0995 226.142
13.2 17.674 0.0997 226.071
13.21 17.67 0.1 226.168
13.22 17.628 0.1011 226.344
13.23 17.542 0.1036 226.692
13.24 17.519 0.1051 226.968
13.25 17.476 0.1056 227.025
13.26 17.426 0.1058 227.015
13.27 17.36 0.1067 227.099
13.28 17.232 0.1069 226.94
13.29 17.069 0.1074 226.765
13.3 16.91 0.1079 226.594
13.31 16.596 0.108 226.048
13.32 16.518 0.1077 225.89
13.33 16.363 0.1073 225.56
13.34 16.27 0.1066 225.3
13.35 16.095 0.1068 225.031
13.36 15.828 0.1065 224.484
13.37 15.541 0.1051 223.693
13.38 15.285 0.1051 223.205
13.39 15.087 0.1026 222.387
13.4 14.897 0.1024 221.991
13.41 14.726 0.1024 221.669
13.42 14.563 0.1024 221.36
13.43 14.427 0.1 220.671
13.44 14.323 0.0987 220.246
13.45 14.171 0.0968 219.598
13.46 14.063 0.0957 219.193
13.47 13.97 0.0943 218.761
13.48 13.807 0.0944 218.456
13.49 13.574 0.0937 217.831
13.5 13.403 0.0933 217.401
13.51 13.143 0.0922 216.62
13.52 12.911 0.0908 215.834
13.53 12.786 0.0878 214.975
13.54 12.623 0.0872 214.499
13.55 12.534 0.0815 213.123
13.56 12.4857 0.0757 211.744
13.57 12.4637 0.0706 210.508
13.58 12.4659 0.0682 209.952
13.59 12.468 0.068 209.948
13.6 12.837 0.0678 210.823
13.61 13.035 0.0678 211.332
13.62 13.1299 0.0678 211.596
13.63 13.2248 0.0676 211.807
13.64 13.69 0.0671 212.776
13.65 15.036 0.067 215.686
13.66 15.777 0.0674 217.337
13.67 16.541 0.0679 219.001
13.68 17.259 0.0702 221.002
13.69 17.259 0.0738 221.968
13.7 17.973 0.0787 224.511
13.71 19.257 0.0828 227.759
13.72 19.8 0.0853 229.286
13.73 20.215 0.0888 230.789
13.74 20.525 0.0942 232.481
13.75 20.777 0.099 233.902
13.76 20.867 0.1034 234.944
13.77 20.882 0.1072 235.722
13.78 20.781 0.1099 236.094
13.79 20.7297 0.1131 236.622
13.8 20.7518 0.1146 236.965
13.81 20.7739 0.1163 237.34
13.82 20.839 0.116 237.444
13.83 21.014 0.1164 237.846
13.84 21.27 0.1165 238.326
13.85 21.456 0.1165 238.672
13.86 21.65 0.1164 239.013
13.87 21.794 0.1162 239.255
13.88 21.918 0.1158 239.43
13.89 21.976 0.1157 239.552
13.9 22.057 0.1157 239.727
13.91 22.178 0.1158 239.981
13.92 22.306 0.116 240.262
13.93 22.484 0.1168 240.723
13.94 22.581 0.117 240.954
13.95 22.818 0.1172 241.399
13.96 23.163 0.1185 242.192
13.97 23.373 0.1187 242.589
13.98 23.396 0.1195 242.808
13.99 23.411 0.1194 242.861
14 23.423 0.12 243.029
14.01 23.423 0.1202 243.111
14.02 23.427 0.1205 243.215
14.03 23.411 0.1205 243.24
14.04 23.376 0.1206 243.252
14.05 23.376 0.1207 243.317
14.06 23.33 0.1209 243.33
14.07 23.299 0.1214 243.415
14.08 23.3024 0.1215 243.485
14.09 23.3059 0.1216 243.555
14.1 23.314 0.1216 243.615
14.11 23.314 0.1215 243.646
14.12 23.283 0.1213 243.614
14.13 23.186 0.1212 243.499
14.14 23.023 0.1212 243.3
14.15 22.888 0.1212 243.142
14.16 22.752 0.1212 242.981
14.17 22.616 0.1212 242.819
14.18 22.577 0.1209 242.756
14.19 22.527 0.1205 242.659
14.2 22.473 0.1197 242.488
14.21 22.457 0.1194 242.46
14.22 22.387 0.1187 242.28
14.23 22.294 0.1185 242.148
14.24 22.205 0.1187 242.09
14.25 22.2045 0.119 242.187
14.26 22.2105 0.1195 242.329
14.27 22.2165 0.1198 242.436
14.28 22.255 0.1205 242.661
14.29 22.341 0.1203 242.81
14.3 22.43 0.1212 243.147
14.31 22.531 0.1221 243.501
14.32 22.682 0.1223 243.816
14.33 22.694 0.1223 243.882
14.34 22.698 0.1223 243.935
14.35 22.713 0.1223 244.006
14.36 22.7015 0.1223 244.035
14.37 22.7188 0.122 244.059
14.38 22.736 0.122 244.133
14.39 22.814 0.122 244.301
14.4 22.907 0.1219 244.475
14.41 23.023 0.1217 244.666
14.42 23.074 0.1214 244.741
14.43 23.136 0.1212 244.849
14.44 23.21 0.1213 245.026
14.45 23.26 0.1214 245.166
14.46 23.303 0.1217 245.329
14.47 23.357 0.1223 245.558
14.48 23.213 0.1241 245.685
14.49 23.116 0.1233 245.452
14.5 22.864 0.1225 244.979
14.51 22.748 0.1206 244.528
14.52 22.701 0.1158 243.678
14.53 22.535 0.1124 242.864
14.54 22.325 0.1118 242.475
14.55 22.193 0.1109 242.152
14.56 21.992 0.1108 241.863
14.57 21.685 0.1094 241.164
14.58 21.076 0.1091 240.168
14.59 20.882 0.1091 239.894
14.6 20.8536 0.1091 239.893
14.61 20.8429 0.1091 239.921
14.62 20.855 0.1091 239.986
14.63 20.867 0.1091 240.052
14.64 20.971 0.1091 240.269
14.65 21.192 0.1091 240.678
14.66 21.41 0.1092 241.097
14.67 21.542 0.1095 241.411
14.68 21.666 0.1093 241.62
14.69 21.708 0.1092 241.715
14.7 21.673 0.109 241.668
14.71 21.716 0.1091 241.801
14.72 21.774 0.1091 241.939
14.73 21.871 0.1098 242.269
14.74 21.999 0.1105 242.646
14.75 22.135 0.1125 243.27
14.76 22.376 0.112 243.606
14.77 22.62 0.1146 244.499
14.78 22.841 0.1159 245.117
14.79 22.822 0.1162 245.187
14.8 22.678 0.1165 245.062
14.81 22.589 0.1165 244.969
14.82 22.449 0.1166 244.814
14.83 22.391 0.1166 244.768
14.84 22.3866 0.1172 244.912
14.85 22.3861 0.1172 244.957
14.86 22.3925 0.1178 245.117
14.87 22.399 0.1175 245.121
14.88 22.393 0.1182 245.278
14.89 22.3968 0.1202 245.673
14.9 22.4005 0.1213 245.911
14.91 22.414 0.1219 246.079
14.92 22.523 0.1234 246.548
14.93 22.705 0.1257 247.259
14.94 22.798 0.1264 247.565
14.95 22.802 0.1264 247.618
14.96 22.748 0.1266 247.612
14.97 22.647 0.1277 247.677
14.98 22.465 0.1281 247.5
14.99 22.4252 0.1272 247.338
15 22.4362 0.1263 247.255
15.01 22.4471 0.1213 246.488
15.02 22.48 0.1187 246.142
15.03 22.55 0.1176 246.107
15.04 22.442 0.1177 246
15.05 22.244 0.1178 245.749
15.06 22.3894 0.1184 246.129
15.07 22.5348 0.1189 246.49
15.08 22.849 0.1198 247.183
15.09 22.674 0.1222 247.363
15.1 22.639 0.1236 247.588
15.11 22.62 0.1239 247.653
15.12 22.515 0.1239 247.533
15.13 22.5015 0.1238 247.54
15.14 22.4967 0.1237 247.562
15.15 22.4964 0.1227 247.439
15.16 22.5177 0.1226 247.502
15.17 22.539 0.1224 247.547
15.18 22.787 0.1215 247.831
15.19 23 0.1216 248.225
15.2 23.31 0.1218 248.784
15.21 23.598 0.1224 249.372
15.22 23.892 0.1242 250.166
15.23 24.137 0.1266 250.979
15.24 24.47 0.1281 251.767
15.25 24.858 0.1304 252.758
15.26 25.304 0.1321 253.726
15.27 25.844 0.1326 254.625
15.28 26.053 0.1323 254.919
15.29 26.045 0.1338 255.193
15.3 25.805 0.1361 255.261
15.31 25.39 0.1364 254.759
15.32 25.056 0.1369 254.397
15.33 24.722 0.1382 254.152
15.34 24.571 0.1378 253.912
15.35 24.439 0.1387 253.899
15.36 24.439 0.1387 253.945
15.37 24.4304 0.1387 253.978
15.38 24.4269 0.1387 254.019
15.39 24.431 0.1384 254.025
15.4 24.435 0.1371 253.877
15.41 24.606 0.1355 253.93
15.42 25.079 0.135 254.595
15.43 25.219 0.1353 254.892
15.44 25.273 0.1342 254.843
15.45 25.3 0.134 254.897
15.46 25.347 0.1338 254.979
15.47 25.491 0.1339 255.249
15.48 25.805 0.1339 255.745
15.49 26.045 0.1342 256.18
15.5 26.542 0.1357 257.162
15.51 26.871 0.1361 257.728
15.52 27.128 0.1351 257.97
15.53 27.43 0.1347 258.364
15.54 27.523 0.1345 258.504
15.55 27.632 0.1348 258.745
15.56 27.636 0.1351 258.845
15.57 27.411 0.1358 258.698
15.58 26.67 0.1365 257.835
15.59 26.565 0.1385 258.047
15.6 26.46 0.1393 258.069
15.61 26.484 0.1406 258.348
15.62 26.266 0.1409 258.133
15.63 26.131 0.141 258.003
15.64 25.886 0.141 257.699
15.65 25.754 0.141 257.555
15.66 25.595 0.1409 257.356
15.67 25.611 0.141 257.44
15.68 25.587 0.1411 257.466
15.69 25.626 0.1413 257.598
15.7 25.545 0.1414 257.542
15.71 25.483 0.1416 257.527
15.72 25.347 0.1418 257.405
15.73 25.238 0.1419 257.306
15.74 25.176 0.142 257.275
15.75 25.122 0.1419 257.226
15.76 25.072 0.1423 257.258
15.77 24.932 0.1426 257.141
15.78 24.746 0.1428 256.939
15.79 24.6682 0.143 256.898
15.8 24.6371 0.143 256.896
15.81 24.6526 0.143 256.965
15.82 24.668 0.1431 257.048
15.83 24.703 0.1433 257.175
15.84 24.761 0.1433 257.307
15.85 24.722 0.1433 257.294
15.86 24.738 0.1432 257.348
15.87 24.777 0.1432 257.452
15.88 24.928 0.1432 257.722
15.89 25.18 0.1432 258.141
15.9 25.184 0.1436 258.252
15.91 25.184 0.1436 258.297
15.92 25.122 0.1437 258.265
15.93 25.083 0.1438 258.268
15.94 24.944 0.1438 258.106
15.95 24.843 0.1448 258.149
15.96 24.843 0.1448 258.194
15.97 24.796 0.1448 258.169
15.98 24.794 0.1448 258.211
15.99 24.792 0.1448 258.253
16 24.819 0.1449 258.353
16.01 24.757 0.1457 258.423
16.02 24.699 0.1458 258.395
16.03 24.672 0.1458 258.399
16.04 24.563 0.1458 258.279
16.05 24.47 0.1458 258.183
16.06 24.369 0.1458 258.074
16.07 24.222 0.1458 257.894
16.08 24.2136 0.1459 257.94
16.09 24.2358 0.1459 258.019
16.1 24.2579 0.1462 258.142
16.11 24.304 0.1461 258.242
16.12 24.393 0.1461 258.423
16.13 24.377 0.146 258.428
16.14 24.3 0.1456 258.296
16.15 24.29 0.1456 258.325
16.16 24.285 0.1456 258.362
16.17 24.2988 0.1455 258.413
16.18 24.3126 0.1454 258.463
16.19 24.3452 0.1449 258.484
16.2 24.416 0.1449 258.636
16.21 24.505 0.1452 258.861
16.22 24.703 0.1454 259.235
16.23 24.792 0.1454 259.414
16.24 24.769 0.1449 259.349
16.25 24.7622 0.1444 259.308
16.26 24.7616 0.1431 259.157
16.27 24.7663 0.1412 258.92
16.28 24.771 0.1417 259.048
16.29 24.781 0.1407 258.954
16.3 24.804 0.1395 258.849
16.31 24.827 0.1383 258.741
16.32 24.87 0.1386 258.896
16.33 25.138 0.1382 259.278
16.34 25.293 0.1383 259.568
16.35 25.599 0.1383 260.062
16.36 25.785 0.1385 260.409
16.37 25.921 0.1428 261.314
16.38 26.006 0.1442 261.694
16.39 25.902 0.1448 261.678
16.4 25.859 0.145 261.69
16.41 25.851 0.1452 261.752
16.42 25.587 0.1453 261.425
16.43 25.386 0.1456 261.217
16.44 25.192 0.1456 260.973
16.45 25.033 0.1455 260.764
16.46 24.955 0.1454 260.676
16.47 24.878 0.1447 260.5
16.48 24.75 0.1439 260.23
16.49 24.792 0.1435 260.277
16.5 24.672 0.1429 260.049
16.51 24.657 0.1427 260.039
16.52 24.615 0.1425 259.989
16.53 24.6065 0.1347 258.805
16.54 24.6631 0.1313 258.384
16.55 24.7196 0.1278 257.932
16.56 24.835 0.1278 258.148
16.57 24.874 0.1279 258.267
16.58 24.967 0.1281 258.483
16.59 25.064 0.1281 258.67
16.6 25.0076 0.1282 258.646
16.61 25.0143 0.1289 258.817
16.62 25.021 0.1296 258.987
16.63 25.188 0.1292 259.212
16.64 25.448 0.1309 259.921
16.65 25.65 0.1311 260.294
16.66 25.906 0.131 260.693
16.67 26.185 0.1343 261.681
16.68 26.484 0.1348 262.234
16.69 26.778 0.138 263.208
16.7 27.05 0.1402 263.982
16.71 27.213 0.1415 264.458
16.72 27.263 0.141 264.494
16.73 27.244 0.1415 264.589
16.74 27.337 0.142 264.84
16.75 27.3255 0.1425 264.946
16.76 27.3292 0.143 265.072
16.77 27.333 0.1458 265.55
16.78 27.395 0.1472 265.892
16.79 27.566 0.1479 266.279
16.8 27.636 0.1485 266.51
16.81 27.721 0.1483 266.642
16.82 27.737 0.1486 266.753
16.83 27.717 0.1488 266.8
16.84 27.527 0.15 266.758
16.85 27.275 0.1527 266.844
16.86 26.767 0.1546 266.441
16.87 26.6 0.1551 266.316
16.88 26.507 0.1553 266.254
16.89 26.449 0.1552 266.2
16.9 26.371 0.1551 266.116
16.91 26.162 0.1549 265.827
16.92 25.684 0.1538 265.008
16.93 25.176 0.1514 263.945
16.94 24.66 0.1504 263.057
16.95 24.137 0.1492 262.114
16.96 23.656 0.1479 261.208
16.97 23.171 0.1457 260.149
16.98 22.667 0.1426 258.905
16.99 22.154 0.1407 257.807
17 21.611 0.1373 256.407
17.01 21.072 0.1348 255.128
17.02 20.708 0.131 253.925
17.03 20.494 0.1301 253.441
17.04 20.277 0.1292 252.948
17.05 20.126 0.1289 252.669
17.06 20.009 0.1286 252.449
17.07 19.959 0.1234 251.534
17.08 20.005 0.1194 250.969
17.09 19.839 0.1173 250.339
17.1 19.691 0.1169 250.039
17.11 19.509 0.1165 249.674
17.12 19.195 0.1164 249.114
17.13 18.853 0.1148 248.224
17.14 18.38 0.1148 247.358
17.15 17.938 0.1136 246.317
17.16 17.461 0.1119 245.095
17.17 16.984 0.109 243.626
17.18 16.491 0.1068 242.223
17.19 16.099 0.1052 241.121
17.2 15.727 0.1026 239.85
17.21 15.44 0.0996 238.663
17.22 15.3569 0.0974 238.073
17.23 15.3293 0.0952 237.598
17.24 15.3572 0.0948 237.615
17.25 15.385 0.094 237.548
17.26 15.657 0.094 238.187
17.27 15.956 0.0938 238.833
17.28 16.192 0.0931 239.227
17.29 16.324 0.0929 239.503
17.3 16.305 0.0929 239.501
17.31 16.235 0.0932 239.456
17.32 16.08 0.0935 239.227
17.33 15.676 0.0938 238.454
17.34 15.42 0.0941 237.991
17.35 15.23 0.096 238
17.36 15.067 0.098 238.078
17.37 14.98 0.0979 237.897
17.38 15.0454 0.1012 238.742
17.39 15.1108 0.1025 239.183
17.4 15.281 0.1017 239.451
17.41 16.041 0.1026 241.346
17.42 17.294 0.1031 244.112
17.43 18.733 0.1033 247.017
17.44 20.281 0.1027 249.776
17.45 21.693 0.1021 252.126
17.46 22.775 0.1002 253.543
17.47 23.881 0.0983 254.915
17.48 24.932 0.0993 256.758
17.49 25.816 0.0984 257.895
17.5 26.526 0.0981 258.88
17.51 27.151 0.0992 260.032
17.52 27.655 0.1004 261.024
17.53 27.624 0.1046 261.915
17.54 27.624 0.1138 263.8
17.55 26.914 0.121 264.199
17.56 26.1225 0.1264 264.065
17.57 25.7617 0.1314 264.431
17.58 25.6049 0.1365 265.079
17.59 25.605 0.1402 265.711
17.6 25.6051 0.1426 266.129
17.61 25.619 0.1451 266.577
17.62 25.816 0.1474 267.263
17.63 26.076 0.1476 267.721
17.64 26.259 0.1482 268.124
17.65 26.367 0.1483 268.339
17.66 26.394 0.1484 268.436
17.67 26.328 0.1491 268.487
17.68 26.231 0.1497 268.476
17.69 26.181 0.1492 268.37
17.7 26.084 0.1506 268.477
17.71 26.076 0.1514 268.626
17.72 25.921 0.1524 268.585
17.73 25.747 0.1525 268.381
17.74 25.681 0.1524 268.309
17.75 25.6674 0.1523 268.316
17.76 25.6706 0.1517 268.275
17.77 25.6737 0.1506 268.159
17.78 25.727 0.1499 268.177
17.79 25.875 0.1497 268.411
17.8 26.08 0.1498 268.773
17.81 26.55 0.1499 269.522
17.82 26.883 0.1507 270.168
17.83 27.325 0.1515 270.965
17.84 27.799 0.1519 271.739
17.85 28.241 0.1521 272.429
17.86 28.73 0.1522 273.161
17.87 29.086 0.1526 273.748
17.88 29.521 0.153 274.436
17.89 29.847 0.1535 274.988
17.9 30.126 0.1549 275.607
17.91 30.471 0.1583 276.602
17.92 30.883 0.1593 277.325
17.93 31.243 0.1651 278.66
17.94 31.794 0.1659 279.518
17.95 32.12 0.1671 280.14
17.96 32.473 0.1738 281.544
17.97 32.702 0.1761 282.181
17.98 32.985 0.1768 282.669
17.99 33.303 0.1773 283.17
18 33.563 0.1815 284.084
18.01 34.025 0.1834 284.934
18.02 34.502 0.1874 286.063
18.03 34.874 0.1904 286.928
18.04 35.022 0.1939 287.583
18.05 34.928 0.1963 287.81
18.06 34.913 0.1981 288.056
18.07 34.575 0.1994 287.853
18.08 34.277 0.2002 287.635
18.09 33.99 0.2002 287.331
18.1 33.8997 0.2004 287.289
18.11 33.9277 0.2005 287.379
18.12 33.9557 0.2005 287.457
18.13 34.044 0.201 287.668
18.14 34.428 0.201 288.178
18.15 34.793 0.2009 288.648
18.16 35.192 0.2008 289.155
18.17 35.568 0.201 289.666
18.18 35.941 0.2011 290.158
18.19 36.732 0.2014 291.149
18.2 37.015 0.2022 291.612
18.21 37.26 0.2059 292.374
18.22 37.384 0.2086 292.876
18.23 37.621 0.2103 293.386
18.24 37.783 0.2133 293.958
18.25 37.849 0.2168 294.475
18.26 37.95 0.2179 294.757
18.27 38.024 0.2178 294.874
18.28 38.152 0.2201 295.319
18.29 38.412 0.2217 295.831
18.3 38.369 0.2226 295.928
18.31 38.489 0.2236 296.217
18.32 38.381 0.2234 296.12
18.33 38.445 0.2238 296.28
18.34 38.509 0.2239 296.407
18.35 38.637 0.2236 296.56
18.36 38.78 0.2233 296.73
18.37 38.889 0.2163 296.109
18.38 38.908 0.2165 296.198
18.39 38.943 0.2167 296.304
18.4 38.885 0.2172 296.342
18.41 38.773 0.2196 296.534
18.42 38.676 0.2214 296.673
18.43 38.749 0.2242 297.109
18.44 38.2315 0.2243 296.59
18.45 37.714 0.2251 296.141
18.46 37.853 0.2258 296.419
18.47 37.648 0.2262 296.276
18.48 37.741 0.2278 296.6
18.49 37.64 0.2266 296.4
18.5 37.539 0.2288 296.568
18.51 37.566 0.2287 296.632
18.52 37.446 0.2325 296.947
18.53 37.399 0.2327 296.959
18.54 37.407 0.2328 297.023
18.55 37.37 0.2335 297.1
18.56 37.333 0.0245 246.288
18.57 37.33 0.0245 246.322
18.58 37.31 0.0246 246.423
18.59 37.306 0.0247 246.539
18.6 37.302 0.0247 246.572
18.61 37.326 0.0255 247.287
18.62 37.287 0.0258 247.527
