0.01 2.4153 0 0
0.02 4.6847 0 0
0.03 9.1246 0 0
0.04 14.042 0 0
0.05 16.832 0 0
0.06 16.41 0.002 36.0716
0.07 16.422 0.004 39.8903
0.0800001 15.345 0.0187 46.6094
0.0900001 13.395 0.0211 47.7043
0.1 12.838 0.0263 49.7258
0.11 12.262 0.0299 51.2689
0.12 10.648 0.049 53.6267
0.13 9.1917 0.0527 54.0104
0.14 7.7433 0.0564 54.0945
0.15 6.358 0.0595 53.838
0.16 5.6082 0.0695 54.5314
0.17 5.1148 0.0717 54.8698
0.18 4.365 0.0745 54.6644
0.19 3.9111 0.0757 54.6944
0.2 3.4967 0.0756 54.5864
0.21 3.1415 0.0765 54.5385
0.22 2.7666 0.0754 54.1812
0.23 2.3996 0.0742 53.6705
0.24 2.2456 0.0718 53.6461
0.25 2.072 0.0712 53.5959
0.26 2.0167 0.0709 53.9539
0.27 1.9931 0.0678 54.2285
0.28 1.9654 0.0677 54.6625
0.29 1.9694 0.0651 55.0349
0.3 1.9733 0.0628 55.4059
0.31 1.9812 0.0589 55.6478
0.32 1.9852 0.0577 56.0613
0.33 2.0049 0.0584 56.6802
0.34 2.0404 0.0591 57.3541
0.35 2.0562 0.0616 58.0822
0.36 2.0799 0.0624 58.6986
0.37 2.0878 0.0631 59.2346
0.38 2.1233 0.0631 59.8205
0.39 2.147 0.0637 60.3979
0.4 2.1509 0.0641 60.8721
0.41 2.1154 0.064 61.1368
0.42 2.0799 0.0638 61.3819
0.43 2.0246 0.0628 61.4646
0.44 2.0167 0.0619 61.7497
0.45 2.0049 0.0599 61.9148
0.46 1.9852 0.0564 61.8949
0.47 1.9299 0.056 61.9765
0.48 1.8668 0.0533 61.7881
0.49 1.7878 0.0517 61.6011
0.5 1.7444 0.0482 61.3703
0.51 1.7247 0.0456 61.3246
0.52 1.7128 0.0417 61.1387
0.53 1.7089 0.0387 61.0626
0.54 1.6892 0.0367 61.0084
0.55 1.6536 0.0349 60.8773
0.56 1.6221 0.0318 60.5435
0.57 1.5905 0.0249 59.4478
0.58 1.5313 0.0218 58.7569
0.59 1.4958 0.0202 58.4658
0.6 1.4326 0.0194 58.1796
0.61 1.3932 0.0186 58.0097
0.62 1.2866 0.0178 57.3981
0.63 1.2432 0.0163 56.9511
0.640001 1.2392 0.0154 56.905
0.650001 1.1998 0.0151 56.7924
0.660001 1.184 0.0145 56.7335
0.670001 1.1643 0.0139 56.6342
0.680001 1.1485 0.0133 56.5482
0.690001 1.1327 0.013 56.5576
0.700001 1.109 0.0121 56.2747
0.710001 1.1011 0.0118 56.3211
0.720001 1.0991 0.0111 56.2389
0.730001 1.0972 0.0107 56.2688
0.740001 1.0932 0.0104 56.3189
0.75 1.0932 0.0103 56.484
0.760001 1.0893 0.0096 56.3324
0.770001 1.0853 0.0093 56.3585
0.780001 1.0853 0.0083 56.0282
0.790001 1.0853 0.0083 56.227
0.800001 1.0853 0.0083 56.4239
0.810001 1.0932 0.0081 56.5634
0.820001 1.1011 0.008 56.7569
0.830001 1.1169 0.0083 57.2404
0.840001 1.1327 0.0086 57.7179
0.850001 1.0616 0.0087 57.4252
0.860001 1.0498 0.0086 57.4643
0.870001 1.0459 0.0086 57.6184
0.880001 1.0498 0.0087 57.8884
0.890001 1.038 0.0088 58.0312
0.900001 1.038 0.0093 58.48
0.910001 1.0439 0.0106 59.3504
0.920001 1.0498 0.0107 59.6259
0.930001 1.0538 0.0107 59.8381
0.940001 1.0814 0.0107 60.2402
0.950001 1.1011 0.0108 60.6218
0.960001 1.1169 0.011 61.0165
0.970001 1.1406 0.0122 61.9089
0.980001 1.2077 0.0146 63.5411
0.990001 1.2708 0.0167 64.9115
1 1.3616 0.0226 67.4191
1.01 1.6142 0.0308 71.0907
1.02 1.772 0.0351 73.0394
1.03 1.9694 0.0406 75.2662
1.04 2.3798 0.0513 79.0782
1.05 2.5456 0.0553 80.5633
1.06 2.7824 0.0559 81.8906
1.07 2.8732 0.0601 82.9839
1.08 2.9876 0.0657 84.2903
1.09 3.0468 0.0688 85.0713
1.1 3.035 0.072 85.563
1.11 3.0152 0.0766 86.1404
1.12 2.9718 0.0787 86.3695
1.13 2.9284 0.078 86.3358
1.14 2.8416 0.0773 86.1087
1.15 2.6877 0.0755 85.461
1.16 2.6048 0.0739 85.1295
1.17 2.514 0.0683 84.3432
1.18 2.3522 0.064 83.2851
1.19 2.2772 0.0572 82.3192
1.2 2.1983 0.0551 81.8379
1.21 2.1272 0.0525 81.3119
1.22 2.1253 0.0465 80.669
1.23 2.1539 0.043 80.4823
1.24 2.1825 0.0363 79.6861
1.25 2.2259 0.0338 79.6169
1.26 2.3127 0.0306 79.5731
1.27 2.3443 0.0245 78.4397
1.28 2.3956 0.0215 78.004
1.29 2.4114 0.0173 76.8447
1.3 2.4469 0.0156 76.5108
1.31 2.4903 0.0141 76.2245
1.32 2.514 0.0118 75.3652
1.33 2.5416 0.0107 75.0289
1.34 2.5574 0.0099 74.7675
1.35 2.5772 0.009 74.413
1.36 2.6048 0.0081 74.0285
1.37 2.6127 0.0078 73.9792
1.38 2.66 0.0078 74.3207
1.39 2.6837 0.0078 74.5652
1.4 2.7034 0.0078 74.7926
1.41 2.7153 0.0081 75.224
1.42 2.739 0.0084 75.695
1.43 2.7429 0.0087 76.0802
1.44 2.7271 0.0095 76.7238
1.45 2.6995 0.0098 76.9579
1.46 2.6127 0.0106 77.2457
1.47 2.5574 0.011 77.3925
1.48 2.4469 0.0116 77.3881
1.49 2.4035 0.012 77.552
1.5 2.3601 0.012 77.4927
1.51 2.3009 0.012 77.3526
1.52 2.2812 0.0117 77.2359
1.53 2.2693 0.0116 77.2633
1.54 2.2575 0.0108 76.8868
1.55 2.2634 0.0084 75.4598
1.56 2.2693 0.0078 75.1584
1.57 2.2969 0.0066 74.3821
1.58 2.3443 0.0059 74.0391
1.59 2.3956 0.0051 73.5041
1.6 2.4706 0.004 72.48
1.61 2.4489 0.0034 71.5396
1.62 2.4874 0.003 71.0799
1.63 2.5259 0.0029 71.1583
1.64 2.5456 0.0029 71.3592
1.65 2.5574 0.003 71.7295
1.66 2.589 0.0037 73.2442
1.67 2.6087 0.004 73.9247
1.68 2.6364 0.0043 74.6078
1.69 2.66 0.0048 75.5149
1.7 2.7034 0.0052 76.3219
1.71 2.7271 0.0057 77.1295
1.72 2.7311 0.0068 78.4137
1.73 2.7271 0.0072 78.898
1.74 2.7232 0.0077 79.4508
1.75 2.7074 0.0088 80.399
1.76 2.6679 0.0093 80.7266
1.77 2.6403 0.0098 81.0854
1.78 2.6206 0.0103 81.4615
1.79 2.5495 0.0106 81.4603
1.8 2.5022 0.0108 81.4935
1.81 2.4667 0.0108 81.4513
1.82 2.3877 0.0107 81.1319
1.83 2.3561 0.0107 81.0998
1.84 2.3167 0.0104 80.8343
1.85 2.3009 0.0101 80.6797
1.86 2.2693 0.0096 80.3001
1.87 2.2674 0.0091 80.0531
1.88 2.2683 0.0087 79.8772
1.89 2.2693 0.0087 80.0001
1.9 2.2891 0.0086 80.1407
1.91 2.3048 0.0086 80.3368
1.92 2.3404 0.0087 80.7089
1.93 2.3561 0.0087 80.9034
1.94 2.364 0.0094 81.5824
1.95 2.368 0.0113 82.9802
1.96 2.364 0.0113 83.0781
1.97 2.366 0.0112 83.1443
1.98 2.368 0.011 83.1468
1.99 2.3759 0.0096 82.3651
2 2.3917 0.0094 82.4142
2.01 2.3917 0.0093 82.4552
2.02 2.3127 0.0096 82.388
2.03 2.2456 0.0098 82.2931
2.04 2.1707 0.0095 81.7922
2.05 2.0838 0.0091 81.1321
2.06 1.9102 0.0084 79.6982
2.07 1.8194 0.0077 78.6762
2.08 1.7326 0.0068 77.4242
2.09 1.6379 0.0065 76.6144
2.1 1.5352 0.0063 75.8067
2.11 1.3103 0.0061 73.9962
2.12 1.2432 0.0059 73.3311
2.13 1.1682 0.006 72.8739
2.14 1.0972 0.0061 72.4125
2.15 1.0893 0.0074 73.6046
2.16 1.0893 0.0089 74.8401
2.17 1.0893 0.0103 75.8527
2.18 1.0972 0.0117 76.8392
2.19 1.0814 0.0128 77.3527
2.2 1.0735 0.014 77.9479
2.21 1.0538 0.0145 78.066
2.22 1.0419 0.0154 78.4283
2.23 1.0222 0.0172 79.0343
2.24 1.0024 0.0185 79.3899
2.25 0.9827 0.0197 79.677
2.26 0.9768 0.0209 80.0992
2.27 0.9837 0.0228 80.8622
2.28 0.9906 0.0227 81.0129
2.29 1.0024 0.0226 81.2202
2.3 0.9827 0.0221 80.9357
2.31 0.963 0.0219 80.7364
2.32 0.963 0.0216 80.7406
2.33 0.9551 0.0216 80.7414
2.34 0.9354 0.0212 80.4701
2.35 0.9354 0.0212 80.5656
2.36 0.9432 0.0218 80.945
2.37 0.9511 0.0221 81.2299
2.38 0.9669 0.0221 81.5182
2.39 0.9788 0.0221 81.7572
2.4 0.9906 0.0222 82.0243
2.41 0.9985 0.0223 82.2439
2.42 1.0064 0.0252 83.2749
2.43 1.1248 0.0268 85.1514
2.44 1.2116 0.0292 86.7832
2.45 1.3063 0.0312 88.3141
2.46 1.6023 0.0336 91.6162
2.47 1.7878 0.0386 94.2596
2.48 1.9931 0.042 96.5299
2.49 2.368 0.044 99.4506
2.5 2.514 0.048 101.153
2.51 2.8929 0.0519 104.007
2.52 3.11 0.0549 105.705
2.53 3.3428 0.0602 107.751
2.54 3.8203 0.0518 108.597
2.55 4.2347 0.0542 110.756
2.56 4.3926 0.0565 111.849
2.57 4.6334 0.0927 117.579
2.58 4.9215 0.109 120.344
2.59 5.0596 -0.07 -nan
2.6 5.3911 -0.0727 -nan
2.61 5.6082 -0.0603 -nan
2.62 7.4355 -0.048 -nan
2.63 9.2628 -0.0602 -nan
2.64 20.791 -0.0743 -nan
2.65 31.549 -0.0075 -nan
