0.01 2.96 0 0
0.02 6.27 0 0
0.03 12.44 0 0
0.04 11.2 0 0
0.05 11.55 0 0
0.06 12 0.008 38.6975
0.07 14.7 0.015 43.8228
0.0800001 18.6 0.02 48.1873
0.0900001 20.6 0.027 51.8064
0.1 21.08 0.034 54.56
0.11 20.83 0.032 55.6474
0.12 23.3 0.03 57.627
0.13 25.22 0.032 59.9203
0.14 27.45 0.034 62.2315
0.15 27.78 0.043 64.7997
0.16 27.66 0.042 65.8028
0.17 27.17 0.045 67.1335
0.18 24.53 0.078 70.3595
0.19 24.37 0.083 71.7275
0.2 24.7 0.0800001 72.6758
0.21 22.06 0.083 72.7012
0.22 20.41 0.093 73.5202
0.23 19.65 0.0950001 74.1599
0.24 18.26 0.093 74.1226
0.25 16.76 0.092 73.9823
0.26 15.65 0.087 73.7155
0.27 15.4 0.088 74.3911
0.28 14.82 0.084 74.444
0.29 14.33 0.075 74.1087
0.3 14.33 0.071 74.4701
0.31 14.3 0.072 75.2168
0.32 14.22 0.068 75.4626
0.33 14.13 0.07 76.225
0.34 14.16 0.071 76.9745
0.35 14 0.071 77.4704
0.36 13.54 0.07 77.6132
0.37 13.35 0.07 78.0476
0.38 13.16 0.069 78.3724
0.39 13.15 0.069 78.9317
0.4 13.1 0.07 79.5408
0.41 12.99 0.07 79.9915
0.42 12.83 0.07 80.3856
0.43 12.77 0.07 80.8585
0.44 12.66 0.071 81.3716
0.45 12.52 0.072 81.8457
0.46 12.34 0.073 82.2702
0.47 12.19 0.073 82.6179
0.48 12.16 0.073 83.0734
0.49 12.11 0.072 83.4056
0.5 12.04 0.071 83.7079
0.51 11.99 0.071 84.1196
0.52 11.87 0.071 84.4525
0.53 11.88 0.071 84.9112
0.54 11.88 0.066 84.8366
0.55 11.91 0.067 85.4082
0.56 12.07 0.068 86.1082
0.57 12.12 0.069 86.6897
0.58 12.15 0.068 87.0351
0.59 12.18 0.068 87.4808
0.6 12.1 0.069 87.9139
0.61 12.05 0.069 88.2661
0.62 12 0.069 88.6129
0.63 11.91 0.068 88.8036
0.640001 11.73 0.067 88.8883
0.650001 11.61 0.067 89.1401
0.660001 11.58 0.072 90.0234
0.670001 11.57 0.074 90.5955
0.680001 11.45 0.073 90.7302
0.690001 11.33 0.073 90.9611
0.700001 11.25 0.071 91.0219
0.710001 10.97 0.069 90.8343
0.720001 10.75 0.067 90.7003
0.730001 10.69 0.067 90.9754
0.740001 10.07 0.067 90.5378
0.75 10.16 0.067 90.9928
0.760001 10.25 0.066 91.3302
0.770001 10.32 0.064 91.518
0.780001 10.11 0.063 91.4554
0.790001 10.34 0.063 92.0777
0.800001 10.1 0.061 91.8414
0.810001 10.32 0.06 92.3185
0.820001 10.06 0.059 92.1652
0.830001 10.16 0.058 92.4765
0.840001 10.04 0.058 92.6263
0.850001 10.17 0.057 92.9693
0.860001 9.94 0.057 92.9653
0.870001 10.1 0.057 93.4793
0.880001 9.92 0.057 93.5342
0.890001 10.06 0.057 94.0181
0.900001 9.91 0.057 94.1067
0.910001 10.02 0.057 94.5464
0.920001 10 0.057 94.8068
0.930001 9.97 0.057 95.0511
0.940001 9.97 0.057 95.3341
0.950001 9.97 0.058 95.7534
0.960001 10.03 0.058 96.1156
0.970001 10.1 0.057 96.35
0.980001 10.12 0.058 96.7926
0.990001 10.14 0.058 97.0937
1 10.15 0.059 97.5178
1.01 10.38 0.059 98.104
1.02 10.91 0.058 98.9402
1.03 11.31 0.058 99.7247
1.04 12.08 0.058 100.946
1.05 12.79 0.058 102.05
1.06 13.92 0.058 103.575
1.07 14.21 0.059 104.303
1.08 14.62 0.059 105.002
1.09 14.72 0.059 105.375
1.1 15.02 0.061 106.244
1.11 15.29 0.062 106.93
1.12 15.2 0.063 107.248
1.13 15.39 0.064 107.848
1.14 15.39 0.064 108.112
1.15 15.31 0.064 108.294
1.16 15.3 0.065 108.684
1.17 15.24 0.066 109.021
1.18 15.13 0.066 109.165
1.19 14.97 0.067 109.391
1.2 15.01 0.068 109.823
1.21 14.8 0.068 109.854
1.22 14.67 0.068 109.966
1.23 14.79 0.068 110.345
1.24 14.72 0.068 110.518
1.25 14.72 0.068 110.765
1.26 14.72 0.068 111.011
1.27 14.72 0.067 111.118
1.28 14.75 0.067 111.393
1.29 14.74 0.066 111.484
1.3 14.86 0.066 111.854
1.31 14.85 0.066 112.082
1.32 14.84 0.066 112.308
1.33 14.73 0.066 112.423
1.34 14.65 0.063 112.134
1.35 14.57 0.06 111.823
1.36 14.58 0.058 111.748
1.37 14.41 0.058 111.787
1.38 14.22 0.058 111.799
1.39 14.28 0.058 112.092
1.4 14.07 0.059 112.236
1.41 13.39 0.059 111.659
1.42 13.21 0.059 111.66
1.43 13.02 0.059 111.645
1.44 12.98 0.059 111.812
1.45 12.84 0.059 111.853
1.46 12.72 0.059 111.915
1.47 12.45 0.056 111.298
1.48 12.36 0.056 111.391
1.49 12.13 0.055 111.132
1.5 11.82 0.055 110.924
1.51 11.88 0.055 111.21
1.52 11.28 0.055 110.586
1.53 10.68 0.054 109.752
1.54 10.46 0.054 109.622
1.55 10.42 0.052 109.414
1.56 10.38 0.052 109.55
1.57 10.38 0.051 109.567
1.58 10.49 0.05 109.746
1.59 10.59 0.049 109.905
1.6 10.61 0.049 110.126
1.61 10.64 0.049 110.362
1.62 10.97 0.051 111.41
1.63 10.89 0.052 111.663
1.64 11.03 0.053 112.237
1.65 10.69 0.054 112.095
1.66 10.62 0.055 112.349
1.67 10.09 0.056 111.877
1.68 9.88 0.057 111.889
1.69 9.54 0.058 111.672
1.7 9.17 0.058 111.22
1.71 8.83 0.058 110.797
1.72 8.46 0.058 110.294
1.73 8.18 0.056 109.618
1.74 7.78 0.056 109.004
1.75 7.39 0.053 107.877
1.76 7.1 0.052 107.256
1.77 6.91 0.05 106.658
1.78 6.85 0.048 106.329
1.79 6.79 0.046 105.984
1.8 6.9 0.042 105.592
1.81 7 0.041 105.762
1.82 7.14 0.04 106.009
1.83 7.25 0.04 106.404
1.84 7.44 0.04 106.963
1.85 7.27 0.04 106.769
1.86 7.32 0.04 107.034
1.87 6.99 0.04 106.484
1.88 6.84 0.039 106.086
1.89 6.53 0.039 105.535
1.9 6.26 0.039 105.05
1.91 6.05 0.039 104.687
1.92 5.79 0.038 103.954
1.93 5.67 0.038 103.79
1.94 5.64 0.038 103.86
1.95 5.6 0.037 103.672
1.96 5.75 0.036 103.978
1.97 5.9 0.035 104.267
1.98 5.84 0.033 103.752
1.99 6.25 0.033 104.917
2 6.27 0.033 105.112
2.01 6.5 0.034 106.068
2.02 6.62 0.033 106.231
2.03 6.68 0.034 106.78
2.04 6.65 0.033 106.591
2.05 6.68 0.033 106.805
2.06 6.7 0.033 106.996
2.07 6.66 0.032 106.774
2.08 6.62 0.032 106.825
2.09 6.71 0.032 107.175
2.1 6.66 0.032 107.202
2.11 6.61 0.031 106.945
2.12 6.66 0.031 107.202
2.13 6.6 0.031 107.202
2.14 6.6 0.031 107.342
2.15 6.61 0.031 107.504
2.16 6.63 0.031 107.69
2.17 6.7 0.031 107.992
2.18 6.67 0.031 108.06
2.19 6.79 0.031 108.476
2.2 6.84 0.031 108.728
2.21 6.93 0.032 109.359
2.22 6.89 0.032 109.405
2.23 6.91 0.032 109.587
2.24 6.81 0.032 109.494
2.25 6.73 0.032 109.443
2.26 6.68 0.032 109.46
2.27 6.57 0.033 109.613
2.28 6.53 0.033 109.651
2.29 6.51 0.033 109.736
2.3 6.48 0.033 109.796
2.31 6.44 0.033 109.83
2.32 6.33 0.033 109.69
2.33 6.26 0.033 109.645
2.34 6.17 0.034 109.82
2.35 5.93 0.034 109.324
2.36 5.77 0.033 108.752
2.37 5.62 0.033 108.468
2.38 5.44 0.033 108.087
2.39 5.11 0.032 106.968
2.4 4.95 0.031 106.321
2.41 4.81 0.03 105.717
2.42 4.57 0.029 104.765
2.43 4.49 0.025 103.335
2.44 4.41 0.023 102.472
2.45 4.34 0.02 101.17
2.46 4.34 0.017 99.924
2.47 4.34 0.015 99.0004
2.48 4.37 0.013 98.0358
2.49 4.41 0.011 96.918
2.5 4.44 0.01 96.3537
2.51 4.44 0.008 94.6863
2.52 4.49 0.008 94.9441
2.53 4.55 0.007 94.1784
2.54 4.58 0.007 94.371
2.55 4.67 0.008 95.7976
2.56 4.69 0.008 95.961
2.57 4.74 0.009 97.1593
2.58 4.76 0.01 98.1801
2.59 4.78 0.011 99.1281
2.6 4.78 0.011 99.2344
2.61 4.83 0.012 100.212
2.62 4.85 0.012 100.378
2.63 4.88 0.013 101.246
2.64 4.91 0.013 101.442
2.65 4.98 0.013 101.756
2.66 5.01 0.013 101.951
2.67 5.04 0.014 102.777
2.68 5.09 0.015 103.623
2.69 5.17 0.016 104.524
2.7 5.19 0.016 104.69
2.71 5.23 0.017 105.444
2.72 5.31 0.018 106.287
2.73 5.4 0.018 106.653
2.74 5.59 0.018 107.295
2.75 5.7 0.018 107.705
2.76 5.79 0.015 106.431
2.77 5.87 0.014 106.138
2.78 5.93 0.014 106.4
2.79 5.94 0.013 105.877
2.8 5.92 0.012 105.228
2.81 5.88 0.012 105.229
2.82 5.84 0.012 105.23
2.83 5.71 0.013 105.694
2.84 5.66 0.013 105.664
2.85 5.6 0.012 104.904
2.86 5.55 0.012 104.871
2.87 5.46 0.011 103.97
2.88 5.41 0.01 103.112
2.89 5.34 0.01 103.018
2.9 5.28 0.01 102.949
2.91 5.16 0.009 101.811
2.92 5.07 0.009 101.65
2.93 5.01 0.008 100.582
2.94 5.02 0.008 100.706
2.95 5.03 0.007 99.7164
2.96 5.11 0.006 98.7624
2.97 5.21 0.006 99.1314
2.98 5.3 0.006 99.4691
2.99 5.5 0.007 101.386
3 5.59 0.008 102.854
3.01 5.63 0.009 104.07
3.02 5.68 0.012 106.825
3.03 5.71 0.013 107.72
3.04 5.73 0.014 108.54
3.05 5.7 0.015 109.182
3.06 5.7 0.017 110.425
3.07 5.66 0.018 110.94
3.08 5.61 0.019 111.398
3.09 5.47 0.02 111.569
3.1 5.39 0.023 112.736
3.11 5.32 0.025 113.408
3.12 5.23 0.028 114.304
3.13 5.04 0.029 114.13
3.14 4.92 0.031 114.469
3.15 4.78 0.031 114.095
3.16 4.68 0.031 113.849
3.17 4.42 0.03 112.707
3.18 4.27 0.03 112.246
3.19 4.1 0.029 111.374
3.2 3.84 0.029 110.424
3.21 3.25 0.029 107.897
3.22 2.96 0.026 105.583
3.23 2.69 0.017 100.608
3.24 2.45 0.013 97.156
3.25 2.11 0.013 95.1696
3.26 1.97 0.013 94.3139
3.27 1.82 0.013 93.3238
3.28 1.68 0.013 92.3327
3.29 1.45 0.013 90.4723
3.3 1.47 0.013 90.7274
3.31 1.49 0.012 90.3768
3.32 1.61 0.012 91.4672
3.33 1.8 0.012 93.026
3.34 2.27 0.013 96.9097
3.35 2.45 0.014 98.6684
3.36 2.65 0.015 100.447
3.37 2.81 0.016 101.928
3.38 3 0.017 103.499
3.39 3.07 0.019 104.895
3.4 3.1 0.022 106.418
3.41 3.11 0.024 107.328
3.42 3.14 0.026 108.283
3.43 3.16 0.024 107.75
3.44 3.22 0.022 107.35
3.45 3.29 0.021 107.354
3.46 3.43 0.02 107.649
3.47 3.5 0.02 108.049
3.48 3.56 0.02 108.401
3.49 3.58 0.021 109.016
3.5 3.61 0.022 109.658
3.51 3.48 0.023 109.571
3.52 3.47 0.023 109.612
3.53 3.51 0.023 109.88
3.54 3.55 0.023 110.146
3.55 3.55 0.023 110.233
3.56 3.67 0.023 110.848
3.57 3.78 0.024 111.803
3.58 3.9 0.024 112.394
3.59 4.25 0.024 113.882
3.6 4.45 0.024 114.727
3.61 4.64 0.023 115.101
3.62 4.83 0.022 115.43
3.63 5.23 0.021 116.398
3.64 5.46 0.021 117.211
3.65 5.65 0.021 117.88
3.66 5.87 0.021 118.62
3.67 6.31 0.022 120.417
3.68 6.53 0.021 120.637
3.69 6.73 0.019 120.248
3.7 6.91 0.018 120.255
3.71 7.26 0.017 120.629
3.72 7.44 0.017 121.146
3.73 7.6 0.018 122.188
3.74 7.72 0.019 123.108
3.75 7.89 0.021 124.62
3.76 7.89 0.023 125.659
3.77 7.9 0.025 126.651
3.78 7.91 0.026 127.181
3.79 7.93 0.028 128.109
3.8 7.94 0.03 128.964
3.81 7.94 0.032 129.753
3.82 7.91 0.033 130.11
3.83 7.82 0.034 130.313
3.84 7.82 0.035 130.722
3.85 7.83 0.035 130.841
3.86 7.84 0.035 130.96
3.87 7.86 0.036 131.41
3.88 7.84 0.036 131.456
3.89 7.82 0.036 131.501
3.9 7.82 0.036 131.595
3.91 7.84 0.037 132.038
3.92 7.87 0.038 132.498
3.93 7.93 0.039 133.024
3.94 8 0.039 133.287
3.95 8.02 0.039 133.429
3.96 7.99 0.039 133.451
3.97 7.92 0.039 133.375
3.98 7.9 0.04 133.701
3.99 7.93 0.04 133.868
4 7.95 0.041 134.285
4.01 8.03 0.042 134.842
4.02 8.11 0.042 135.128
4.03 8.23 0.042 135.508
4.04 8.25 0.041 135.377
4.05 8.26 0.042 135.766
4.06 8.25 0.042 135.835
4.07 8.27 0.042 135.975
4.08 8.28 0.043 136.359
4.09 8.32 0.043 136.546
4.1 8.32 0.043 136.639
4.11 8.31 0.043 136.708
4.12 8.3 0.043 136.776
4.13 8.25 0.043 136.75
4.14 8.22 0.043 136.77
4.15 8.21 0.043 136.838
4.16 8.16 0.043 136.809
4.17 8.16 0.043 136.9
4.18 8.14 0.044 137.205
4.19 8.12 0.044 137.248
4.2 8.11 0.045 137.571
4.21 8.07 0.045 137.564
4.22 8.02 0.045 137.532
4.23 7.96 0.044 137.217
4.24 7.8 0.043 136.644
4.25 7.73 0.041 136.016
4.26 7.78 0.04 135.952
4.27 7.84 0.039 135.905
4.28 8.01 0.038 136.12
4.29 8.23 0.038 136.74
4.3 8.51 0.037 137.185
4.31 9.08 0.037 138.561
4.32 9.31 0.037 139.151
4.33 9.49 0.037 139.625
4.34 9.81 0.038 140.695
4.35 9.88 0.04 141.532
4.36 9.87 0.04 141.602
4.37 10.09 0.041 142.435
4.38 10.04 0.042 142.709
4.39 10.07 0.042 142.861
4.4 10.11 0.042 143.033
4.41 10.15 0.043 143.485
4.42 10.22 0.043 143.718
4.43 10.26 0.043 143.889
4.44 10.3 0.041 143.49
4.45 10.28 0.04 143.245
4.46 10.33 0.037 142.508
4.47 10.37 0.037 142.676
4.48 10.3 0.037 142.625
4.49 10.4 0.038 143.23
4.5 10.28 0.039 143.389
4.51 10.35 0.039 143.617
4.52 10.16 0.04 143.625
4.53 9.98 0.042 143.927
4.54 10.08 0.042 144.222
4.55 10.01 0.043 144.448
4.56 10 0.043 144.516
4.57 9.99 0.043 144.583
4.58 9.98 0.044 144.927
4.59 9.98 0.045 145.286
4.6 10.02 0.045 145.458
4.61 10.04 0.046 145.854
4.62 10.06 0.046 145.984
4.63 10.09 0.047 146.396
4.64 10.12 0.047 146.546
4.65 10.16 0.047 146.717
4.66 10.1 0.048 146.937
4.67 10.19 0.048 147.212
4.68 10.07 0.049 147.301
4.69 10.09 0.05 147.679
4.7 10.01 0.05 147.597
4.71 9.97 0.05 147.599
4.72 9.87 0.051 147.715
4.73 9.89 0.051 147.845
4.74 9.7 0.051 147.519
4.75 9.59 0.051 147.364
4.76 9.58 0.052 147.666
4.77 9.48 0.053 147.763
4.78 9.34 0.058 148.644
4.79 9.04 0.061 148.655
4.8 8.95 0.064 149.121
4.81 8.65 0.068 149.228
4.82 8.38 0.071 149.168
4.83 8.09 0.072 148.672
4.84 7.59 0.072 147.397
4.85 6.98 0.072 145.713
4.86 6.86 0.07 145.093
4.87 6.93 0.069 145.214
4.88 6.99 0.065 144.756
4.89 7.5 0.06 145.344
4.9 8.87 0.057 148.348
4.91 9.76 0.054 149.815
4.92 10.28 0.051 150.308
4.93 11.15 0.046 150.861
4.94 11.39 0.048 151.947
4.95 11.81 0.049 153.09
4.96 11.92 0.051 153.892
4.97 11.96 0.052 154.301
4.98 11.9 0.049 153.515
4.99 11.82 0.048 153.188
5 11.91 0.048 153.441
5.01 11.69 0.05 153.636
5.02 11.77 0.051 154.126
5.03 11.58 0.052 154.099
5.04 11.48 0.053 154.236
5.05 11.54 0.054 154.677
5.06 11.27 0.055 154.471
5.07 11.32 0.057 155.115
5.08 11.05 0.058 154.885
5.09 11.03 0.06 155.367
5.1 10.72 0.06 154.815
5.11 10.29 0.061 154.201
5.12 10.19 0.061 154.068
5.13 9.83 0.061 153.355
5.14 9.77 0.06 153.092
5.15 9.54 0.056 151.777
5.16 9.51 0.056 151.79
5.17 9.56 0.054 151.527
5.18 9.56 0.053 151.373
5.19 9.56 0.052 151.214
5.2 9.8 0.051 151.591
5.21 10.07 0.051 152.267
5.22 10.26 0.051 152.759
5.23 10.45 0.051 153.244
5.24 10.37 0.052 153.404
5.25 10.57 0.054 154.392
5.26 10.59 0.056 154.984
5.27 10.72 0.056 155.338
5.28 10.72 0.058 155.875
5.29 10.98 0.059 156.719
5.3 11.17 0.06 157.409
5.31 11.28 0.06 157.714
5.32 11.3 0.06 157.836
5.33 11.53 0.061 158.596
5.34 11.49 0.062 158.814
5.35 11.69 0.062 159.292
5.36 11.63 0.062 159.256
5.37 11.75 0.062 159.574
5.38 11.61 0.062 159.382
5.39 11.64 0.062 159.523
5.4 11.64 0.061 159.39
5.41 11.64 0.06 159.253
5.42 11.61 0.058 158.826
5.43 11.63 0.058 158.947
5.44 11.65 0.056 158.604
5.45 11.71 0.053 158.077
5.46 11.87 0.051 157.96
5.47 11.91 0.05 157.857
5.48 12.12 0.049 158.069
5.49 12.31 0.048 158.232
5.5 12.45 0.048 158.57
5.51 12.07 0.048 157.944
5.52 11.96 0.047 157.539
5.53 12.06 0.047 157.808
5.54 12.15 0.047 158.056
5.55 12.22 0.048 158.544
5.56 12.19 0.048 158.567
5.57 12.06 0.048 158.401
5.58 11.9 0.048 158.176
5.59 11.9 0.048 158.255
5.6 11.55 0.048 157.654
5.61 11.46 0.048 157.555
5.62 11.15 0.048 157.012
5.63 11.12 0.048 157.028
5.64 10.88 0.048 156.613
5.65 10.57 0.047 155.766
5.66 10.15 0.047 154.935
5.67 9.99 0.047 154.657
5.68 9.86 0.047 154.441
5.69 9.59 0.047 153.9
5.7 9.59 0.046 153.7
5.71 9.38 0.044 152.72
5.72 9.21 0.044 152.392
5.73 8.92 0.044 151.765
5.74 8.81 0.043 151.278
5.75 8.45 0.043 150.445
5.76 8.23 0.042 149.654
5.77 7.93 0.041 148.629
5.78 7.44 0.041 147.341
5.79 7.13 0.04 146.211
5.8 6.98 0.04 145.834
5.81 6.66 0.039 144.616
5.82 6.54 0.038 143.995
5.83 6.15 0.038 142.794
5.84 5.91 0.036 141.408
5.85 5.82 0.036 141.163
5.86 5.61 0.035 140.156
5.87 5.57 0.035 140.078
5.88 5.38 0.033 138.764
5.89 5.34 0.033 138.681
5.9 5.31 0.033 138.634
5.91 5.4 0.033 139.035
5.92 5.49 0.034 139.779
5.93 6.07 0.033 141.529
5.94 6.39 0.033 142.647
5.95 6.91 0.026 141.496
5.96 7.3 0.022 140.716
5.97 7.9 0.022 142.392
5.98 8.33 0.023 144.082
5.99 8.76 0.025 146.208
6 9.4 0.025 147.769
6.01 9.68 0.026 148.949
6.02 9.63 0.027 149.375
6.03 9.77 0.028 150.209
6.04 9.74 0.029 150.65
6.05 10.32 0.032 153.23
6.06 10.88 0.034 155.253
6.07 11.2 0.036 156.717
6.08 11.69 0.037 158.119
6.09 11.85 0.039 159.197
6.1 12.33 0.042 161.173
6.11 12.54 0.042 161.639
6.12 12.66 0.043 162.252
6.13 12.75 0.044 162.802
6.14 12.9 0.045 163.456
6.15 13.01 0.046 164.03
6.16 12.91 0.046 163.922
6.17 13.05 0.047 164.545
6.18 13.01 0.047 164.546
6.19 13.1 0.047 164.783
6.2 13.14 0.048 165.219
6.21 13.26 0.048 165.51
6.22 13.2 0.048 165.475
6.23 13.35 0.049 166.104
6.24 13.3 0.049 166.088
6.25 13.35 0.05 166.531
6.26 13.39 0.051 166.952
6.27 13.33 0.052 167.188
6.28 13.16 0.052 166.953
6.29 13.14 0.052 166.991
6.3 13.06 0.052 166.918
6.31 12.89 0.052 166.676
6.32 12.66 0.052 166.318
6.33 12.63 0.052 166.334
6.34 12.55 0.052 166.255
6.35 12.43 0.052 166.098
6.36 12.45 0.051 165.941
6.37 12.27 0.051 165.666
6.38 12.25 0.051 165.699
6.39 12.07 0.05 165.146
6.4 12.03 0.049 164.861
6.41 11.72 0.049 164.314
6.42 11.65 0.049 164.243
6.43 11.49 0.048 163.707
6.44 11.22 0.047 162.932
6.45 11.06 0.041 160.827
6.46 10.61 0.039 159.273
6.47 10.47 0.038 158.694
6.48 10.37 0.037 158.191
6.49 10.18 0.036 157.479
6.5 10.11 0.035 157.021
6.51 10.07 0.034 156.621
6.52 9.57 0.034 155.543
6.53 9.66 0.033 155.432
6.54 9.74 0.033 155.683
6.55 9.61 0.032 155.051
6.56 9.6 0.031 154.684
6.57 9.52 0.031 154.563
6.58 9.49 0.031 154.558
6.59 9.51 0.031 154.67
6.6 9.5 0.031 154.712
6.61 9.59 0.032 155.398
6.62 9.67 0.032 155.649
6.63 9.92 0.034 157.078
6.64 10.11 0.035 157.954
6.65 10.1 0.035 157.998
6.66 10.29 0.037 159.223
6.67 10.27 0.038 159.599
6.68 10.29 0.04 160.393
6.69 10.3 0.042 161.135
6.7 10.42 0.044 162.097
6.71 10.65 0.044 162.675
6.72 10.66 0.045 163.069
6.73 10.96 0.046 164.089
6.74 11.2 0.046 164.67
6.75 11.3 0.047 165.244
6.76 11.64 0.049 166.596
6.77 11.85 0.05 167.375
6.78 11.91 0.051 167.842
6.79 11.94 0.052 168.243
6.8 12.08 0.053 168.862
6.81 11.98 0.054 168.992
6.82 11.99 0.054 169.081
6.83 12.09 0.054 169.352
6.84 12.02 0.055 169.538
6.85 12.04 0.055 169.648
6.86 12.03 0.056 169.951
6.87 11.92 0.056 169.795
6.88 11.79 0.057 169.846
6.89 11.84 0.057 170.018
6.9 11.62 0.057 169.628
6.91 11.66 0.058 170.026
6.92 11.42 0.058 169.585
6.93 11.38 0.059 169.809
6.94 11 0.059 169.048
6.95 10.77 0.06 168.838
6.96 10.55 0.06 168.405
6.97 10.31 0.06 167.914
6.98 9.99 0.06 167.22
6.99 9.72 0.06 166.628
7 9.35 0.059 165.534
7.01 8.71 0.057 163.448
7.02 8.5 0.055 162.455
7.03 8.09 0.054 161.121
7.04 7.95 0.052 160.276
7.05 7.63 0.05 158.874
7.06 7.53 0.047 157.82
7.07 7.32 0.043 156.081
7.08 7.28 0.042 155.714
7.09 7.31 0.041 155.555
7.1 7.34 0.04 155.389
7.11 7.48 0.037 154.865
7.12 7.8 0.036 155.508
7.13 8.12 0.036 156.472
7.14 9 0.036 158.87
7.15 9.55 0.036 160.295
7.16 9.91 0.038 161.941
7.17 10.48 0.039 163.667
7.18 10.8 0.041 165.127
7.19 11.35 0.045 167.67
7.2 12.1 0.046 169.597
7.21 12.36 0.048 170.787
7.22 12.71 0.049 171.835
7.23 12.92 0.05 172.598
7.24 13.05 0.053 173.753
7.25 13.22 0.054 174.415
7.26 13.38 0.055 175.052
7.27 13.36 0.057 175.602
7.28 13.29 0.058 175.79
7.29 13.34 0.058 175.953
7.3 13.15 0.058 175.656
7.31 13.12 0.058 175.666
7.32 12.94 0.058 175.383
7.33 12.95 0.058 175.469
7.34 12.93 0.058 175.497
7.35 12.95 0.058 175.602
7.36 12.96 0.057 175.434
7.37 13 0.057 175.578
7.38 13.03 0.057 175.703
7.39 13.04 0.056 175.53
7.4 13.12 0.056 175.75
7.41 13.17 0.056 175.913
7.42 13.17 0.055 175.715
7.43 13.17 0.055 175.781
7.44 13.19 0.049 174.203
7.45 13.26 0.046 173.486
7.46 13.37 0.045 173.44
7.47 13.44 0.044 173.311
7.48 13.72 0.044 173.891
7.49 13.87 0.045 174.554
7.5 13.99 0.045 174.836
7.51 13.97 0.045 174.864
7.52 14.18 0.046 175.626
7.53 14.4 0.046 176.081
7.54 14.8 0.047 177.159
7.55 15.19 0.047 177.889
7.56 15.03 0.048 177.995
7.57 15.35 0.049 178.908
7.58 15.44 0.053 180.298
7.59 15.75 0.054 181.163
7.6 15.91 0.056 182.043
7.61 16.12 0.057 182.723
7.62 16 0.06 183.374
7.63 16.12 0.06 183.638
7.64 15.91 0.06 183.358
7.65 15.95 0.06 183.491
7.66 15.61 0.06 182.989
7.67 15.58 0.06 183.005
7.68 15.19 0.06 182.404
7.69 15.06 0.061 182.495
7.7 14.83 0.061 182.157
7.71 14.76 0.06 181.848
7.72 14.47 0.06 181.395
7.73 14.46 0.06 181.442
7.74 14.11 0.058 180.359
7.75 13.85 0.057 179.681
7.76 13.72 0.057 179.501
7.77 13.43 0.057 179.014
7.78 13.27 0.057 178.769
7.79 13.03 0.056 178.101
7.8 12.91 0.056 177.927
7.81 12.73 0.055 177.365
7.82 12.66 0.055 177.287
7.83 12.64 0.055 177.31
7.84 12.58 0.054 176.981
7.85 12.6 0.054 177.084
7.86 12.58 0.054 177.107
7.87 12.62 0.053 176.975
7.88 12.67 0.051 176.572
7.89 12.72 0.051 176.734
7.9 12.78 0.05 176.625
7.91 12.77 0.049 176.371
7.92 12.94 0.049 176.769
7.93 13.14 0.048 176.918
7.94 13.16 0.047 176.709
7.95 13.26 0.047 176.964
7.96 13.38 0.047 177.256
7.97 13.39 0.046 177.02
7.98 13.5 0.046 177.29
7.99 13.5 0.046 177.352
8 13.62 0.045 177.315
8.01 13.65 0.045 177.433
8.02 13.79 0.045 177.755
8.03 13.89 0.045 178.002
8.04 13.98 0.045 178.229
8.05 14.17 0.045 178.638
8.06 14.39 0.045 179.097
8.07 14.47 0.046 179.63
8.08 14.5 0.046 179.745
8.09 14.51 0.047 180.147
8.1 14.52 0.047 180.226
8.11 14.52 0.048 180.604
8.12 14.44 0.048 180.523
8.13 14.41 0.049 180.84
8.14 14.38 0.049 180.848
8.15 14.33 0.05 181.123
8.16 14.3 0.051 181.429
8.17 14.12 0.051 181.16
8.18 13.99 0.053 181.56
8.19 13.8 0.053 181.265
8.2 13.5 0.053 180.753
8.21 13.17 0.053 180.171
8.22 12.79 0.053 179.474
8.23 12.44 0.053 178.819
8.24 11.8 0.051 176.957
8.25 11.49 0.05 176.049
8.26 11.23 0.049 175.234
8.27 10.95 0.048 174.357
8.28 10.71 0.047 173.556
8.29 10.46 0.047 173.024
8.3 10.23 0.046 172.221
8.31 9.76 0.046 171.115
8.32 9.49 0.047 170.788
8.33 9.22 0.048 170.435
8.34 8.84 0.049 169.752
8.35 8.46 0.049 168.738
8.36 8.14 0.05 168.142
8.37 7.42 0.051 166.243
8.38 7.02 0.05 164.705
8.39 6.66 0.05 163.515
8.4 6.32 0.049 162.067
8.41 6.38 0.049 162.342
8.42 6.44 0.048 162.336
8.43 7.55 0.047 165.86
8.44 8.44 0.04 166.351
8.45 9.23 0.033 165.887
8.46 9.79 0.031 166.487
8.47 10.02 0.03 166.644
8.48 10.1 0.03 166.89
8.49 10.03 0.03 166.778
8.5 9.71 0.032 166.949
8.51 8.52 0.033 164.309
8.52 8.5 0.033 164.307
8.53 8.45 0.033 164.221
8.54 7.78 0.032 161.917
8.55 7.39 0.033 161.187
8.56 7.01 0.033 160.018
8.57 6.59 0.034 159.047
8.58 5.98 0.036 157.636
8.59 5.64 0.038 157.069
8.6 5.21 0.041 156.321
8.61 4.89 0.043 155.566
8.62 4.2 0.044 152.536
8.63 3.99 0.045 151.746
8.64 3.81 0.048 151.601
8.65 3.61 0.05 150.988
8.66 3.39 0.051 149.922
8.67 3.17 0.053 149.005
8.68 3.04 0.055 148.614
8.69 2.81 0.054 146.762
8.7 2.54 0.054 144.689
8.71 2.36 0.053 142.989
8.72 2.22 0.045 139.863
8.73 2.03 0.043 137.595
8.74 1.86 0.039 134.817
8.75 1.8 0.037 133.638
8.76 1.79 0.031 131.621
8.77 1.87 0.029 131.761
8.78 1.94 0.027 131.717
8.79 2.23 0.024 133.118
8.8 2.32 0.023 133.447
8.81 2.4 0.018 131.435
8.82 2.38 0.018 131.318
8.83 2.31 0.018 130.796
8.84 2.31 0.017 130.216
8.85 2.26 0.017 129.847
8.86 2.22 0.017 129.555
8.87 1.99 0.017 127.57
8.88 1.9 0.017 126.762
8.89 1.83 0.017 126.119
8.9 1.78 0.018 126.255
8.91 1.57 0.02 125.124
8.92 1.43 0.023 124.935
8.93 1.33 0.023 123.676
8.94 1.22 0.022 121.735
8.95 1.04 0.021 118.546
8.96 0.990001 0.021 117.744
8.97 0.930001 0.021 116.725
8.98 0.850001 0.021 115.259
8.99 0.780001 0.021 113.876
9 0.810001 0.022 114.976
9.01 0.850001 0.025 117.051
9.02 1.02 0.026 120.595
9.03 1.26 0.029 125.494
9.04 1.58 0.031 130.413
9.05 1.75 0.031 132.387
9.06 1.95 0.03 134.141
9.07 2.09 0.029 135.147
9.08 2.31 0.027 136.338
9.09 2.52 0.027 138.099
9.1 2.95 0.027 141.311
9.11 3.6 0.027 145.466
9.12 5.34 0.027 154.011
9.13 6.32 0.026 157.347
9.14 6.95 0.025 159.043
9.15 7.32 0.025 160.284
9.16 7.43 0.025 160.678
9.17 7.29 0.026 160.811
9.18 7.05 0.027 160.589
9.19 6.74 0.027 159.601
9.2 6.23 0.028 158.329
9.21 5.99 0.03 158.39
9.22 5.76 0.031 157.977
9.23 5.5 0.031 156.978
9.24 4.84 0.031 154.161
9.25 4.22 0.032 151.593
9.26 3.95 0.032 150.201
9.27 3.38 0.032 146.912
9.28 3.09 0.031 144.688
9.29 2.47 0.031 140.138
9.3 2.21 0.031 137.953
9.31 2.01 0.03 135.751
9.32 1.54 0.03 130.682
9.33 1.32 0.03 127.851
9.34 1.14 0.029 124.865
9.35 1 0.029 122.567
9.36 0.770001 0.029 118.075
9.37 0.700001 0.028 116.161
9.38 0.650001 0.027 114.614
9.39 0.61 0.025 112.88
9.4 0.52 0.02 108.317
9.41 0.47 0.017 105.349
9.42 0.44 0.015 103.303
9.43 0.39 0.015 101.554
9.44 0.38 0.013 100.007
9.45 0.41 0.012 100.465
9.46 0.44 0.012 101.522
9.47 0.700001 0.012 108.574
9.48 0.910001 0.013 113.541
9.49 1.16 0.014 118.342
9.5 1.35 0.017 122.961
9.51 1.52 0.02 126.819
9.52 1.69 0.024 130.776
9.53 1.82 0.023 131.75
9.54 2.03 0.022 133.383
9.55 2.21 0.015 130.828
9.56 2.36 0.013 130.546
9.57 2.86 0.012 133.357
9.58 3.19 0.012 135.51
9.59 3.72 0.012 138.583
9.6 4.5 0.012 142.475
9.61 6.01 0.015 151.364
9.62 6.56 0.016 154.155
9.63 6.99 0.019 157.857
9.64 7.74 0.023 162.804
9.65 8.01 0.026 165.335
9.66 8.26 0.028 167.144
9.67 8.69 0.034 171.161
9.68 8.86 0.037 172.9
9.69 9.04 0.037 173.452
9.7 9.5 0.038 175.134
9.71 9.7 0.041 176.825
9.72 10.14 0.043 178.716
9.73 10.38 0.045 180.05
9.74 11.18 0.05 183.64
9.75 11.7 0.053 185.797
9.76 12.07 0.055 187.262
9.77 12.62 0.058 189.356
9.78 13.4 0.06 191.592
9.79 13.76 0.064 193.415
9.8 13.93 0.066 194.309
9.81 14.26 0.068 195.506
9.82 14.46 0.073 197.114
9.83 14.49 0.075 197.673
9.84 14.55 0.077 198.28
9.85 14.63 0.078 198.706
9.86 14.82 0.082 199.962
9.87 14.78 0.084 200.342
9.88 14.93 0.084 200.69
9.89 14.88 0.086 201.042
9.9 15.04 0.087 201.603
9.91 14.96 0.088 201.696
9.92 15.18 0.089 202.367
9.93 15.16 0.091 202.76
9.94 15.35 0.092 203.366
9.95 15.39 0.094 203.863
9.96 15.42 0.0950001 204.157
9.97 15.29 0.0950001 203.965
9.98 15.33 0.0950001 204.099
9.99 15.1 0.0950001 203.712
10 15.05 0.0950001 203.671
10.01 14.9 0.0950001 203.434
10.02 14.96 0.0950001 203.609
10.03 14.74 0.0950001 203.231
10.04 14.68 0.094 202.989
10.05 14.61 0.093 202.725
10.06 14.65 0.093 202.861
10.07 14.56 0.092 202.555
10.08 14.44 0.091 202.185
10.09 14.51 0.091 202.382
10.1 14.43 0.091 202.277
10.11 14.33 0.091 202.13
10.12 14.27 0.0900001 201.878
10.13 14.22 0.0900001 201.831
10.14 14.21 0.0900001 201.866
10.15 14.23 0.0900001 201.962
10.16 14.26 0.0900001 202.079
10.17 14.27 0.0900001 202.154
10.18 14.29 0.0900001 202.25
10.19 14.29 0.0900001 202.306
10.2 14.43 0.091 202.831
10.21 14.42 0.092 203.051
10.22 14.57 0.092 203.409
10.23 14.76 0.092 203.844
10.24 14.98 0.0900001 203.961
10.25 15.15 0.089 204.159
10.26 15.52 0.089 204.925
10.27 15.82 0.089 205.546
10.28 16.13 0.091 206.559
10.29 16.46 0.092 207.407
10.3 17.2 0.092 208.781
10.31 17.54 0.094 209.801
10.32 17.84 0.0950001 210.556
10.33 18.35 0.097 211.837
10.34 18.54 0.098 212.389
10.35 18.75 0.1 213.149
10.36 18.91 0.102 213.819
10.37 19.14 0.103 214.423
10.38 19.22 0.107 215.291
10.39 19.22 0.107 215.349
10.4 19.22 0.108 215.573
10.41 19.19 0.11 215.912
10.42 19.12 0.111 216.018
10.43 19.09 0.111 216.027
10.44 18.99 0.112 216.082
10.45 18.91 0.11 215.685
10.46 18.82 0.108 215.265
10.47 18.71 0.108 215.141
10.48 18.71 0.106 214.863
10.49 18.63 0.104 214.448
10.5 18.6 0.102 214.108
10.51 18.61 0.101 214.006
10.52 18.42 0.1 213.57
10.53 18.45 0.099 213.498
10.54 18.48 0.1 213.783
10.55 18.9 0.1 214.532
10.56 19.4 0.1 215.397
10.57 19.77 0.103 216.573
10.58 19.88 0.105 217.15
10.59 20.21 0.11 218.567
10.6 20.29 0.111 218.913
10.61 20.34 0.113 219.374
10.62 20.39 0.115 219.83
10.63 20.38 0.116 220.03
10.64 20.26 0.117 220.058
10.65 20.11 0.118 220.036
10.66 19.91 0.118 219.777
10.67 19.78 0.118 219.627
10.68 19.61 0.118 219.411
10.69 19.32 0.118 218.998
10.7 19.24 0.118 218.924
10.71 19.15 0.118 218.833
10.72 18.92 0.117 218.354
10.73 18.82 0.116 218.089
10.74 18.72 0.114 217.663
10.75 18.59 0.113 217.341
10.76 18.28 0.111 216.55
10.77 18.14 0.111 216.366
10.78 17.98 0.11 215.983
10.79 17.78 0.108 215.362
10.8 17.5 0.107 214.759
10.81 17.4 0.106 214.47
10.82 17.19 0.105 213.981
10.83 17.03 0.103 213.407
10.84 16.63 0.102 212.559
10.85 16.63 0.101 212.44
10.86 16.24 0.1 211.594
10.87 16.12 0.097 210.887
10.88 15.98 0.096 210.495
10.89 15.85 0.096 210.301
10.9 15.71 0.0950001 209.903
10.91 15.6 0.094 209.56
10.92 15.43 0.094 209.282
10.93 15.32 0.0900001 208.365
10.94 15.06 0.0900001 207.905
10.95 14.96 0.089 207.565
10.96 14.81 0.088 207.122
10.97 14.72 0.0850001 206.396
10.98 14.57 0.083 205.736
10.99 14.45 0.082 205.336
11 14.4 0.082 205.286
11.01 14.4 0.0800001 204.916
11.02 14.41 0.078 204.557
11.03 14.42 0.077 204.409
11.04 14.42 0.076 204.239
11.05 14.46 0.076 204.372
11.06 14.49 0.076 204.484
11.07 14.56 0.075 204.452
11.08 14.75 0.075 204.885
11.09 14.9 0.076 205.462
11.1 15.03 0.077 205.995
11.11 15.15 0.077 206.282
11.12 15.25 0.078 206.751
11.13 15.46 0.079 207.43
11.14 15.51 0.0800001 207.796
11.15 15.53 0.0850001 208.938
11.16 15.58 0.087 209.491
11.17 15.71 0.088 209.994
11.18 15.76 0.089 210.34
11.19 15.73 0.0900001 210.53
11.2 15.77 0.092 211.045
11.21 15.83 0.093 211.403
11.22 16.04 0.0950001 212.233
11.23 16.14 0.0950001 212.475
11.24 16.25 0.097 213.105
11.25 16.39 0.098 213.603
11.26 16.63 0.099 214.285
11.27 16.72 0.099 214.504
11.28 16.81 0.099 214.723
11.29 16.88 0.099 214.904
11.3 16.97 0.099 215.122
11.31 16.93 0.099 215.102
11.32 16.92 0.099 215.136
11.33 16.93 0.1 215.388
11.34 16.95 0.101 215.655
11.35 16.98 0.102 215.94
11.36 17.03 0.102 216.084
11.37 17.05 0.102 216.174
11.38 17.04 0.102 216.208
11.39 17.05 0.102 216.28
11.4 17.07 0.101 216.192
11.41 16.95 0.101 216.025
11.42 16.87 0.102 216.107
11.43 16.78 0.102 215.993
11.44 16.72 0.101 215.758
11.45 16.46 0.1 215.145
11.46 16.34 0.097 214.427
11.47 16.16 0.096 213.952
11.48 16.01 0.0950001 213.531
11.49 15.82 0.092 212.647
11.5 15.54 0.0900001 211.765
11.51 15.1 0.089 210.746
11.52 14.88 0.088 210.154
11.53 14.8 0.086 209.64
11.54 14.8 0.086 209.691
11.55 14.91 0.087 210.167
11.56 15.02 0.087 210.44
11.57 15.17 0.088 210.993
11.58 15.22 0.088 211.143
11.59 15.3 0.089 211.552
11.6 15.33 0.0900001 211.86
11.61 15.33 0.091 212.105
11.62 15.21 0.092 212.109
11.63 15.09 0.093 212.109
11.64 14.93 0.096 212.394
11.65 14.82 0.097 212.402
11.66 14.68 0.097 212.162
11.67 14.46 0.098 211.933
11.68 14.48 0.099 212.205
11.69 14.43 0.099 212.149
11.7 14.4 0.099 212.136
11.71 14.48 0.099 212.356
11.72 14.56 0.099 212.575
11.73 14.79 0.1 213.284
11.74 15.02 0.102 214.162
11.75 15.19 0.106 215.248
11.76 15.4 0.106 215.725
11.77 15.58 0.106 216.137
11.78 15.75 0.105 216.355
11.79 15.86 0.105 216.623
11.8 15.99 0.105 216.929
11.81 16.03 0.105 217.059
11.82 16.13 0.105 217.304
11.83 16.22 0.105 217.529
11.84 16.57 0.106 218.423
11.85 16.77 0.107 219.023
11.86 16.88 0.108 219.45
11.87 16.99 0.109 219.876
11.88 17.06 0.109 220.057
11.89 17.24 0.11 220.609
11.9 17.22 0.11 220.624
11.91 17.19 0.11 220.62
11.92 17.05 0.11 220.412
11.93 16.97 0.11 220.314
11.94 16.8 0.109 219.879
11.95 16.63 0.108 219.44
11.96 16.43 0.107 218.939
11.97 16.29 0.107 218.721
11.98 16.13 0.106 218.29
11.99 16.03 0.105 217.973
12 15.71 0.103 217.044
12.01 15.57 0.101 216.461
12.02 15.48 0.101 216.331
12.03 15.28 0.1 215.797
12.04 15.16 0.1 215.602
12.05 15.04 0.099 215.225
12.06 14.93 0.099 215.047
12.07 14.84 0.098 214.728
12.08 14.63 0.096 213.97
12.09 14.48 0.0950001 213.516
12.1 14.34 0.094 213.078
12.11 14.21 0.092 212.468
12.12 14.13 0.091 212.151
12.13 14.14 0.091 212.221
12.14 14.15 0.0900001 212.096
12.15 14.16 0.0900001 212.166
12.16 14.17 0.0900001 212.236
12.17 14.17 0.0900001 212.285
12.18 14.19 0.089 212.179
12.19 14.23 0.088 212.114
12.2 14.32 0.088 212.355
12.21 14.32 0.088 212.404
12.22 14.35 0.088 212.516
12.23 14.38 0.088 212.628
12.24 14.44 0.088 212.804
12.25 14.48 0.088 212.937
12.26 14.57 0.089 213.376
12.27 14.75 0.089 213.802
12.28 14.84 0.089 214.038
12.29 14.89 0.089 214.19
12.3 14.88 0.089 214.218
12.31 14.82 0.089 214.142
12.32 14.84 0.0900001 214.431
12.33 14.86 0.091 214.718
12.34 14.93 0.091 214.912
12.35 15.03 0.092 215.363
12.36 15.29 0.092 215.944
12.37 15.35 0.093 216.309
12.38 15.37 0.093 216.398
12.39 15.41 0.094 216.72
12.4 15.34 0.094 216.627
12.41 15.32 0.0950001 216.826
12.42 15.37 0.0950001 216.976
12.43 15.42 0.0950001 217.126
12.44 15.55 0.096 217.627
12.45 15.64 0.091 216.889
12.46 15.74 0.087 216.326
12.47 15.76 0.0850001 215.995
12.48 15.78 0.086 216.293
12.49 15.79 0.086 216.361
12.5 15.86 0.086 216.547
12.51 15.97 0.087 217.02
12.52 15.95 0.087 217.029
12.53 15.94 0.088 217.264
12.54 15.94 0.089 217.517
12.55 15.94 0.0900001 217.767
12.56 15.95 0.091 218.035
12.57 15.96 0.092 218.302
12.58 16.08 0.094 218.977
12.59 16.19 0.0950001 219.434
12.6 16.28 0.096 219.849
12.61 16.39 0.097 220.301
12.62 16.7 0.099 221.32
12.63 16.82 0.099 221.597
12.64 16.99 0.1 222.153
12.65 17.18 0.102 222.925
12.66 17.33 0.102 223.253
12.67 17.41 0.102 223.45
12.68 17.5 0.104 224.027
12.69 17.54 0.105 224.328
12.7 17.52 0.106 224.517
12.71 17.55 0.107 224.797
12.72 17.62 0.109 225.322
12.73 17.71 0.11 225.708
12.74 17.76 0.11 225.849
12.75 17.78 0.11 225.935
12.76 17.86 0.11 226.131
12.77 17.88 0.11 226.216
12.78 17.85 0.109 226.039
12.79 17.9 0.109 226.179
12.8 17.95 0.109 226.319
12.81 18.09 0.109 226.622
12.82 18.27 0.111 227.338
12.83 18.49 0.111 227.78
12.84 18.59 0.111 228.006
12.85 18.7 0.111 228.249
12.86 18.92 0.111 228.683
12.87 19.12 0.111 229.079
12.88 19.46 0.112 229.883
12.89 19.64 0.114 230.577
12.9 19.8 0.115 231.064
12.91 20.01 0.116 231.632
12.92 20.15 0.116 231.914
12.93 20.32 0.117 232.411
12.94 20.3 0.118 232.592
12.95 20.28 0.12 232.935
12.96 20.27 0.121 233.129
12.97 20.26 0.121 233.163
12.98 20.25 0.122 233.356
12.99 20.22 0.123 233.515
13 20.22 0.123 233.564
13.01 20.2 0.125 233.895
13.02 20.23 0.125 233.995
13.03 20.2 0.125 233.995
13.04 20.19 0.125 234.028
13.05 20.15 0.125 234.011
13.06 20.1 0.126 234.132
13.07 20.04 0.125 233.926
13.08 19.99 0.125 233.892
13.09 19.93 0.125 233.84
13.1 19.92 0.124 233.717
13.11 19.82 0.124 233.597
13.12 19.73 0.124 233.493
13.13 19.65 0.122 233.091
13.14 19.57 0.121 232.844
13.15 19.44 0.121 232.669
13.16 19.44 0.121 232.719
13.17 19.44 0.121 232.768
13.18 19.45 0.121 232.834
13.19 19.48 0.12 232.774
13.2 19.51 0.118 232.549
13.21 19.51 0.118 232.598
13.22 19.44 0.118 232.527
13.23 19.31 0.117 232.187
13.24 19.2 0.117 232.044
13.25 19.15 0.117 232.006
13.26 19.18 0.117 232.107
13.27 19.22 0.118 232.39
13.28 19.35 0.117 232.5
13.29 19.51 0.117 232.824
13.3 19.63 0.118 233.244
13.31 19.54 0.118 233.138
13.32 19.46 0.117 232.884
13.33 19.43 0.117 232.881
13.34 19.4 0.117 232.878
13.35 19.43 0.117 232.978
13.36 19.37 0.118 233.088
13.37 19.28 0.119 233.144
13.38 19.22 0.119 233.087
13.39 19.12 0.12 233.123
13.4 18.97 0.12 232.907
13.41 18.91 0.12 232.849
13.42 18.89 0.12 232.862
13.43 18.83 0.12 232.803
13.44 18.62 0.119 232.314
13.45 18.37 0.117 231.583
13.46 18.22 0.115 231.026
13.47 18.08 0.115 230.818
13.48 18.02 0.115 230.755
13.49 17.92 0.115 230.617
13.5 17.85 0.115 230.535
13.51 17.79 0.115 230.471
13.52 17.43 0.115 229.84
13.53 17.29 0.115 229.621
13.54 17.25 0.115 229.591
13.55 17.24 0.115 229.619
13.56 17.26 0.115 229.705
13.57 17.29 0.116 229.975
13.58 17.35 0.116 230.137
13.59 17.4 0.117 230.444
13.6 17.35 0.117 230.395
13.61 17.28 0.118 230.472
13.62 17.29 0.117 230.375
13.63 17.3 0.117 230.441
13.64 17.36 0.117 230.603
13.65 17.58 0.117 231.068
13.66 17.69 0.117 231.323
13.67 17.73 0.117 231.445
13.68 17.9 0.117 231.811
13.69 18.12 0.118 232.431
13.7 18.43 0.12 233.373
13.71 18.6 0.121 233.89
13.72 18.72 0.122 234.315
13.73 18.79 0.124 234.806
13.74 18.75 0.124 234.781
13.75 18.57 0.125 234.659
13.76 18.43 0.125 234.451
13.77 18.14 0.124 233.807
13.78 17.94 0.123 233.324
13.79 17.72 0.123 232.957
13.8 17.7 0.121 232.648
13.81 17.54 0.12 232.231
13.82 17.54 0.12 232.278
13.83 17.58 0.119 232.239
13.84 17.61 0.115 231.682
13.85 17.67 0.114 231.674
13.86 17.61 0.112 231.266
13.87 17.6 0.112 231.294
13.88 17.6 0.112 231.34
13.89 17.61 0.112 231.405
13.9 17.69 0.112 231.603
13.91 17.75 0.112 231.762
13.92 17.84 0.112 231.977
13.93 17.83 0.112 232.005
13.94 17.85 0.112 232.089
13.95 17.93 0.112 232.284
13.96 17.92 0.112 232.312
13.97 17.92 0.112 232.358
13.98 17.92 0.112 232.404
13.99 17.82 0.112 232.263
14 17.86 0.112 232.385
14.01 17.81 0.112 232.337
14.02 17.73 0.111 232.059
14.03 17.79 0.112 232.392
14.04 17.74 0.111 232.17
14.05 17.72 0.111 232.178
14.06 17.7 0.111 232.186
14.07 17.7 0.11 232.058
14.08 17.68 0.11 232.066
14.09 17.68 0.11 232.111
14.1 17.63 0.11 232.063
14.11 17.59 0.11 232.032
14.12 17.58 0.11 232.059
14.13 17.59 0.11 232.124
14.14 17.6 0.109 232.012
14.15 17.61 0.108 231.899
14.16 17.58 0.108 231.887
14.17 17.55 0.108 231.876
14.18 17.54 0.109 232.08
14.19 17.54 0.109 232.126
14.2 17.55 0.109 232.19
14.21 17.65 0.109 232.426
14.22 17.94 0.109 233.017
14.23 18.1 0.109 233.361
14.24 18.23 0.109 233.647
14.25 18.37 0.11 234.128
14.26 18.52 0.111 234.625
14.27 18.57 0.112 234.937
14.28 18.54 0.114 235.274
14.29 18.49 0.115 235.4
14.3 18.35 0.115 235.188
14.31 18.23 0.116 235.181
14.32 18.08 0.116 234.947
14.33 17.94 0.116 234.73
14.34 17.73 0.115 234.209
14.35 17.6 0.114 233.836
14.36 17.48 0.114 233.651
14.37 17.38 0.114 233.503
14.38 17.34 0.114 233.471
14.39 17.17 0.113 233.014
14.4 17.08 0.112 232.71
14.41 17.05 0.11 232.348
14.42 17.01 0.109 232.138
14.43 16.85 0.108 231.689
14.44 16.68 0.108 231.395
14.45 16.5 0.103 230.169
14.46 16.29 0.098 228.84
14.47 16.11 0.093 227.524
14.48 15.94 0.093 227.221
14.49 15.88 0.093 227.141
14.5 15.84 0.092 226.898
14.51 15.79 0.092 226.838
14.52 15.52 0.091 226.113
14.53 15.26 0.0900001 225.399
14.54 15.32 0.089 225.36
14.55 15.25 0.088 225.043
14.56 15.17 0.088 224.916
14.57 15.12 0.087 224.638
14.58 15.17 0.088 225.002
14.59 15.21 0.088 225.13
14.6 15.35 0.088 225.47
14.61 15.66 0.088 226.163
14.62 15.8 0.088 226.496
14.63 15.87 0.088 226.683
14.64 16.01 0.088 227.013
14.65 16.18 0.089 227.616
14.66 16.31 0.0900001 228.134
14.67 16.46 0.091 228.688
14.68 16.62 0.092 229.259
14.69 16.88 0.093 230.022
14.7 16.88 0.0950001 230.473
14.71 16.92 0.096 230.796
14.72 16.9 0.097 231
14.73 16.86 0.099 231.357
14.74 16.79 0.1 231.456
14.75 16.73 0.101 231.571
14.76 16.51 0.102 231.364
14.77 16.42 0.101 231.036
14.78 16.28 0.102 230.984
14.79 16.25 0.102 230.966
14.8 16.21 0.102 230.927
14.81 16.21 0.101 230.781
14.82 16.18 0.101 230.763
14.83 15.92 0.099 229.886
14.84 15.72 0.097 229.121
14.85 15.64 0.096 228.798
14.86 15.56 0.097 228.87
14.87 15.56 0.097 228.912
14.88 15.6 0.097 229.04
14.89 15.64 0.096 228.97
14.9 15.74 0.096 229.223
14.91 15.69 0.0950001 228.961
14.92 15.57 0.0950001 228.75
14.93 15.46 0.0950001 228.56
14.94 15.39 0.0950001 228.453
14.95 15.35 0.0950001 228.41
14.96 15.35 0.096 228.651
14.97 15.36 0.096 228.715
14.98 15.55 0.096 229.163
14.99 15.61 0.096 229.333
15 15.63 0.096 229.417
15.01 15.65 0.0950001 229.302
15.02 15.7 0.0950001 229.45
15.03 15.77 0.0950001 229.64
15.04 15.85 0.0950001 229.85
15.05 15.96 0.0950001 230.121
15.06 16.2 0.0950001 230.659
15.07 16.31 0.0950001 230.926
15.08 16.48 0.096 231.516
15.09 16.87 0.096 232.34
15.1 17.08 0.098 233.196
15.11 17.28 0.099 233.828
15.12 17.42 0.1 234.339
15.13 17.64 0.101 235
15.14 17.7 0.103 235.542
15.15 17.69 0.103 235.566
15.16 17.67 0.104 235.761
15.17 17.57 0.105 235.799
15.18 17.42 0.105 235.551
15.19 17.24 0.106 235.428
15.2 17.03 0.106 235.056
15.21 16.68 0.107 234.58
15.22 16.57 0.107 234.399
15.23 16.57 0.107 234.442
15.24 16.6 0.106 234.363
15.25 16.63 0.106 234.467
15.26 16.63 0.104 234.138
15.27 16.66 0.104 234.241
15.28 16.66 0.103 234.096
15.29 16.67 0.102 233.969
15.3 16.68 0.101 233.84
15.31 16.71 0.101 233.943
15.32 16.76 0.101 234.086
15.33 16.78 0.1 233.975
15.34 16.76 0.1 233.977
15.35 16.86 0.1 234.22
15.36 17.01 0.1 234.561
15.37 17.15 0.1 234.881
15.38 17.28 0.101 235.374
15.39 17.42 0.101 235.69
15.4 17.5 0.102 236.081
15.41 17.46 0.103 236.238
15.42 17.5 0.102 236.167
15.43 17.49 0.102 236.19
15.44 17.5 0.101 236.058
15.45 17.52 0.099 235.747
15.46 17.5 0.098 235.551
15.47 17.42 0.096 235.035
15.48 17.4 0.094 234.627
15.49 17.38 0.094 234.63
15.5 17.36 0.093 234.425
15.51 17.41 0.093 234.564
15.52 17.22 0.093 234.235
15.53 17.23 0.093 234.297
15.54 17.25 0.094 234.587
15.55 17.28 0.094 234.687
15.56 17.38 0.096 235.336
15.57 17.42 0.098 235.86
15.58 17.36 0.099 235.985
15.59 17.31 0.1 236.126
15.6 17.21 0.1 235.971
15.61 16.9 0.1 235.396
15.62 16.71 0.101 235.25
15.63 16.44 0.102 234.933
15.64 16.22 0.102 234.519
15.65 16.01 0.102 234.121
15.66 15.87 0.102 233.867
15.67 15.72 0.102 233.589
15.68 15.62 0.101 233.224
15.69 15.39 0.1 232.575
15.7 15.17 0.099 231.941
15.71 14.93 0.097 231.057
15.72 14.65 0.0950001 230.069
15.73 14.39 0.093 229.112
15.74 14.13 0.092 228.346
15.75 13.77 0.0900001 227.123
15.76 13.67 0.089 226.714
15.77 13.66 0.088 226.517
15.78 13.69 0.088 226.629
15.79 13.72 0.087 226.524
15.8 13.8 0.087 226.754
15.81 13.88 0.086 226.765
15.82 13.91 0.086 226.875
15.83 13.9 0.086 226.891
15.84 13.92 0.0850001 226.757
15.85 13.94 0.0850001 226.844
15.86 13.92 0.0850001 226.837
15.87 14.04 0.0850001 227.157
15.88 14.18 0.0850001 227.522
15.89 14.38 0.086 228.243
15.9 14.65 0.086 228.895
15.91 14.94 0.087 229.804
15.92 15.49 0.087 231.043
15.93 15.49 0.089 231.521
15.94 15.95 0.0900001 232.756
15.95 16.21 0.091 233.554
15.96 16.41 0.094 234.639
15.97 16.62 0.0950001 235.317
15.98 16.73 0.097 235.991
15.99 16.81 0.099 236.595
16 16.92 0.1 237.057
16.01 16.96 0.102 237.57
16.02 16.95 0.103 237.784
16.03 16.92 0.104 237.956
16.04 16.89 0.105 238.126
16.05 16.81 0.105 238.004
16.06 16.7 0.106 238.008
16.07 16.59 0.106 237.823
16.08 16.48 0.106 237.636
16.09 16.29 0.106 237.281
16.1 16.13 0.105 236.798
16.11 15.99 0.104 236.353
16.12 15.74 0.103 235.669
16.13 15.75 0.102 235.54
16.14 15.75 0.102 235.58
16.15 15.83 0.101 235.6
16.16 15.91 0.099 235.419
16.17 16.04 0.098 235.537
16.18 16.23 0.0950001 235.367
16.19 16.27 0.094 235.284
16.2 16.35 0.094 235.491
16.21 16.4 0.094 235.635
16.22 16.45 0.094 235.778
16.23 16.45 0.0950001 236.027
16.24 16.45 0.096 236.273
16.25 16.26 0.097 236.122
16.26 16.14 0.097 235.91
16.27 16.1 0.097 235.866
16.28 15.97 0.098 235.833
16.29 15.91 0.097 235.544
16.3 15.87 0.098 235.7
16.31 15.69 0.098 235.353
16.32 15.62 0.1 235.637
16.33 15.55 0.1 235.525
16.34 15.5 0.1 235.456
16.35 15.4 0.1 235.277
16.36 15.25 0.1 234.985
16.37 14.85 0.099 233.932
16.38 14.63 0.099 233.469
16.39 14.39 0.099 232.953
16.4 14.18 0.098 232.304
16.41 13.99 0.097 231.694
16.42 13.85 0.097 231.398
16.43 13.61 0.0950001 230.456
16.44 13.51 0.0950001 230.25
16.45 13.49 0.091 229.417
16.46 13.46 0.088 228.744
16.47 13.48 0.0850001 228.172
16.48 13.49 0.084 228.01
16.49 13.52 0.083 227.894
16.5 13.54 0.082 227.751
16.51 13.43 0.082 227.522
16.52 13.19 0.082 226.97
16.53 13.12 0.083 227.064
16.54 13.1 0.083 227.052
16.55 13.15 0.084 227.441
16.56 13.2 0.084 227.604
16.57 13.43 0.084 228.209
16.58 13.52 0.086 228.914
16.59 13.57 0.087 229.295
16.6 13.6 0.088 229.625
16.61 13.82 0.088 230.194
16.62 13.99 0.088 230.639
16.63 14.1 0.089 231.155
16.64 14.18 0.091 231.81
16.65 14.2 0.092 232.107
16.66 14.27 0.093 232.519
16.67 14.36 0.093 232.768
16.68 14.48 0.094 233.294
16.69 14.63 0.094 233.679
16.7 14.87 0.094 234.266
16.71 14.94 0.0950001 234.671
16.72 15.03 0.096 235.117
16.73 15.04 0.096 235.179
16.74 15.06 0.096 235.263
16.75 15.23 0.097 235.886
16.76 15.33 0.098 236.349
16.77 15.42 0.099 236.788
16.78 15.46 0.099 236.915
16.79 15.65 0.099 237.372
16.8 15.79 0.099 237.716
16.81 15.93 0.098 237.856
16.82 16.05 0.098 238.153
16.83 16.19 0.099 238.692
16.84 16.41 0.099 239.196
16.85 16.48 0.101 239.781
16.86 16.63 0.103 240.525
16.87 16.65 0.103 240.607
16.88 16.84 0.104 241.234
16.89 16.92 0.104 241.438
16.9 16.98 0.105 241.793
16.91 16.97 0.105 241.813
16.92 16.95 0.106 242.002
16.93 16.95 0.106 242.042
16.94 16.96 0.107 242.291
16.95 16.98 0.11 242.93
16.96 16.97 0.11 242.95
16.97 16.96 0.111 243.152
16.98 16.99 0.112 243.435
16.99 17.03 0.112 243.557
17 17 0.112 243.535
17.01 17.02 0.112 243.617
17.02 17.03 0.112 243.677
17.03 17.02 0.112 243.696
17.04 17.09 0.113 244.06
17.05 17.18 0.113 244.285
17.06 17.31 0.113 244.59
17.07 17.36 0.113 244.732
17.08 17.35 0.114 244.931
17.09 17.34 0.115 245.128
17.1 17.37 0.115 245.229
17.11 17.39 0.115 245.31
17.12 17.43 0.116 245.608
17.13 17.46 0.116 245.708
17.14 17.45 0.116 245.728
17.15 17.47 0.116 245.808
17.16 17.47 0.115 245.671
17.17 17.54 0.115 245.852
17.18 17.6 0.115 246.013
17.19 17.81 0.114 246.294
17.2 17.88 0.114 246.474
17.21 18.11 0.114 246.967
17.22 18.27 0.114 247.32
17.23 18.69 0.115 248.352
17.24 18.79 0.115 248.583
17.25 18.88 0.116 248.973
17.26 18.81 0.117 249.058
17.27 18.73 0.118 249.122
17.28 18.57 0.119 249.029
17.29 18.5 0.119 248.933
17.3 18.44 0.119 248.857
17.31 18.3 0.119 248.624
17.32 18.13 0.119 248.33
17.33 18.05 0.119 248.212
17.34 17.9 0.119 247.953
17.35 17.94 0.119 248.073
17.36 17.98 0.118 248.018
17.37 18.11 0.118 248.315
17.38 18.28 0.117 248.513
17.39 18.43 0.115 248.489
17.4 18.53 0.115 248.722
17.41 18.45 0.114 248.427
17.42 18.44 0.114 248.447
17.43 18.44 0.114 248.486
17.44 18.44 0.114 248.526
17.45 18.58 0.112 248.47
17.46 18.68 0.11 248.33
17.47 18.77 0.11 248.541
17.48 18.75 0.11 248.542
17.49 18.85 0.111 248.96
17.5 18.9 0.112 249.28
17.51 18.81 0.115 249.697
17.52 18.45 0.118 249.577
17.53 18.1 0.118 248.929
17.54 18.08 0.117 248.753
17.55 17.88 0.117 248.394
17.56 17.63 0.117 247.93
17.57 17.47 0.117 247.644
17.58 17.15 0.117 247.025
17.59 16.83 0.118 246.569
17.6 16.73 0.117 246.222
17.61 16.69 0.117 246.176
17.62 16.67 0.117 246.172
17.63 16.66 0.116 246.014
17.64 16.71 0.115 245.982
17.65 16.65 0.113 245.535
17.66 16.7 0.111 245.315
17.67 16.63 0.109 244.834
17.68 16.5 0.109 244.596
17.69 16.23 0.108 243.867
17.7 16.14 0.108 243.71
17.71 16.04 0.108 243.53
17.72 16.01 0.108 243.503
17.73 16.01 0.108 243.541
17.74 16.01 0.108 243.579
17.75 16.12 0.108 243.858
17.76 16.31 0.108 244.308
17.77 16.52 0.107 244.607
17.78 16.5 0.107 244.603
17.79 16.47 0.107 244.577
17.8 16.33 0.107 244.315
17.81 16.1 0.107 243.854
17.82 15.98 0.108 243.818
17.83 15.85 0.108 243.57
17.84 15.81 0.108 243.519
17.85 15.83 0.108 243.601
17.86 15.85 0.108 243.683
17.87 15.9 0.106 243.453
17.88 15.89 0.105 243.277
17.89 15.95 0.104 243.253
17.9 15.99 0.104 243.379
17.91 16.04 0.103 243.33
17.92 16.11 0.102 243.323
17.93 16.47 0.102 244.136
17.94 16.7 0.102 244.662
17.95 17.03 0.102 245.391
17.96 17.38 0.103 246.349
17.97 18.05 0.103 247.733
17.98 18.31 0.106 248.875
17.99 18.55 0.107 249.576
18 18.7 0.11 250.48
18.01 18.85 0.112 251.183
18.02 18.91 0.115 251.89
18.03 18.93 0.116 252.149
18.04 18.98 0.116 252.284
18.05 18.94 0.117 252.426
18.06 18.95 0.117 252.484
18.07 19.01 0.117 252.638
18.08 19.06 0.116 252.592
18.09 19.39 0.116 253.256
18.1 19.64 0.117 253.944
18.11 20 0.116 254.466
18.12 20.57 0.116 255.537
18.13 20.78 0.116 255.951
18.14 20.93 0.115 256.071
18.15 20.89 0.114 255.853
18.16 20.67 0.114 255.503
18.17 20.54 0.114 255.31
18.18 20.47 0.113 255.036
18.19 20.4 0.113 254.95
18.2 20.34 0.112 254.692
18.21 20.37 0.111 254.595
18.22 20.28 0.111 254.471
18.23 20.25 0.111 254.456
18.24 20.06 0.111 254.149
18.25 19.91 0.112 254.103
18.26 19.83 0.112 253.995
18.27 19.72 0.113 254.018
18.28 19.41 0.114 253.663
18.29 19.22 0.115 253.527
18.3 19.08 0.115 253.299
18.31 19.03 0.115 253.241
18.32 18.85 0.114 252.75
18.33 18.81 0.114 252.711
18.34 18.8 0.113 252.544
18.35 18.9 0.113 252.776
18.36 19.01 0.113 253.025
18.37 19.14 0.112 253.125
18.38 19.32 0.112 253.505
18.39 19.44 0.113 253.957
18.4 19.59 0.113 254.277
18.41 19.66 0.113 254.446
18.42 19.79 0.114 254.912
18.43 19.99 0.117 255.873
18.44 20.11 0.115 255.765
18.45 20.2 0.113 255.595
18.46 20.31 0.111 255.453
18.47 20.46 0.109 255.376
18.48 20.54 0.105 254.764
18.49 20.51 0.103 254.342
18.5 20 0.102 253.253
18.51 19.92 0.102 253.145
18.52 19.9 0.102 253.147
18.53 19.93 0.104 253.649
18.54 19.96 0.105 253.944
18.55 20.38 0.107 255.145
18.56 20.48 0.109 255.757
18.57 20.6 0.112 256.59
18.58 20.55 0.115 257.103
18.59 20.51 0.117 257.439
18.6 20.32 0.119 257.495
18.61 20.27 0.121 257.8
18.62 20.18 0.124 258.198
18.63 20.21 0.13 259.31
18.64 20.23 0.132 259.715
18.65 20.31 0.133 260.065
18.66 20.33 0.134 260.302
18.67 20.42 0.14 261.458
18.68 20.51 0.14 261.663
18.69 20.58 0.142 262.139
18.7 20.69 0.144 262.685
18.71 20.85 0.145 263.167
18.72 20.88 0.148 263.71
18.73 20.93 0.149 263.987
18.74 20.95 0.15 264.21
18.75 20.85 0.151 264.213
18.76 20.83 0.153 264.505
18.77 20.73 0.153 264.361
18.78 20.61 0.154 264.323
18.79 20.55 0.154 264.251
18.8 20.43 0.153 263.924
18.81 20.29 0.153 263.702
18.82 20.23 0.153 263.628
18.83 20.23 0.152 263.523
18.84 20.28 0.152 263.656
18.85 20.32 0.152 263.77
18.86 20.39 0.153 264.083
18.87 20.56 0.153 264.438
18.88 20.73 0.153 264.791
18.89 20.78 0.152 264.777
18.9 20.79 0.152 264.835
18.91 20.86 0.153 265.146
18.92 20.94 0.153 265.332
18.93 20.92 0.153 265.334
18.94 21.06 0.153 265.628
18.95 21.16 0.153 265.848
18.96 21.24 0.153 266.032
18.97 21.7 0.153 266.893
18.98 21.96 0.153 267.39
18.99 22.18 0.154 267.959
19 22.31 0.156 268.512
19.01 22.43 0.156 268.759
19.02 22.72 0.156 269.296
19.03 22.77 0.157 269.563
19.04 22.88 0.16 270.215
19.05 22.96 0.161 270.531
19.06 23.03 0.162 270.828
19.07 22.97 0.163 270.905
19.08 22.93 0.164 271.014
19.09 22.94 0.164 271.071
19.1 22.88 0.165 271.145
19.11 22.84 0.165 271.116
19.12 22.78 0.165 271.053
19.13 22.68 0.166 271.057
19.14 22.57 0.166 270.906
19.15 22.44 0.166 270.72
19.16 22.3 0.166 270.516
19.17 22.32 0.166 270.59
19.18 22.33 0.165 270.511
19.19 22.36 0.165 270.602
19.2 22.38 0.164 270.539
19.21 22.42 0.163 270.51
19.22 22.53 0.161 270.462
19.23 22.52 0.161 270.484
19.24 22.51 0.161 270.506
19.25 22.54 0.161 270.597
19.26 22.57 0.161 270.688
19.27 22.51 0.16 270.483
19.28 22.53 0.16 270.557
19.29 22.55 0.16 270.63
19.3 22.61 0.16 270.773
19.31 22.56 0.159 270.584
19.32 22.57 0.159 270.64
19.33 22.57 0.159 270.679
19.34 22.62 0.159 270.805
19.35 22.76 0.159 271.084
19.36 22.78 0.16 271.299
19.37 22.8 0.16 271.372
19.38 22.81 0.161 271.569
19.39 22.68 0.161 271.385
19.4 22.56 0.161 271.216
19.41 22.49 0.162 271.273
19.42 22.33 0.162 271.033
19.43 21.88 0.162 270.279
19.44 21.84 0.162 270.246
19.45 21.67 0.162 269.981
19.46 21.58 0.161 269.719
19.47 21.55 0.15 268.12
19.48 21.3 0.148 267.409
19.49 21.14 0.146 266.855
19.5 20.92 0.146 266.491
19.51 20.68 0.142 265.472
19.52 20.19 0.139 264.125
19.53 19.71 0.137 262.932
19.54 19.68 0.135 262.59
19.55 19.5 0.135 262.28
19.56 19.34 0.132 261.517
19.57 19.34 0.135 262.044
19.58 19.28 0.139 262.601
19.59 19.1 0.14 262.44
19.6 19.1 0.139 262.321
19.61 19.09 0.138 262.181
19.62 19.18 0.138 262.395
19.63 19.27 0.138 262.61
19.64 19.41 0.138 262.921
19.65 19.47 0.138 263.075
19.66 19.53 0.139 263.387
19.67 19.7 0.141 264.067
19.68 19.94 0.141 264.565
19.69 20.12 0.143 265.256
19.7 20.16 0.145 265.676
19.71 20.17 0.146 265.884
19.72 20.04 0.147 265.825
19.73 19.89 0.147 265.575
19.74 19.49 0.147 264.837
19.75 19.37 0.146 264.488
19.76 19.03 0.146 263.852
19.77 18.89 0.146 263.608
19.78 18.85 0.144 263.263
19.79 18.87 0.144 263.34
19.8 18.89 0.143 263.264
19.81 18.99 0.143 263.502
19.82 19.34 0.14 263.767
19.83 19.47 0.139 263.901
19.84 19.62 0.139 264.23
19.85 19.82 0.139 264.653
19.86 19.84 0.14 264.887
19.87 19.96 0.14 265.154
19.88 20.07 0.141 265.558
19.89 20.24 0.141 265.918
19.9 20.25 0.144 266.44
19.91 20.21 0.146 266.708
19.92 20.02 0.147 266.534
19.93 19.99 0.148 266.664
19.94 19.91 0 0
19.95 19.89 0 0
19.96 19.9 0 0
19.97 19.87 0 0
19.98 19.81 0 0
19.99 19.6 0 0
20 19.5 0 0
