0.02 1.1161e-07 0 0
0.03 1.1161e-07 0 0
0.04 1.1161e-07 0 0
0.05 1.1161e-07 0 0
0.06 1.1161e-07 0 0
0.07 0.0036575 0.0013 10.8227
0.0800001 0.021944 0.0028 15.4964
0.0900001 0.08412 0.0052 20.4576
0.1 0.15727 0.0045 22.7762
0.11 0.25967 0.0062 25.8184
0.12 0.47912 0.0049 28.3295
0.13 0.54495 0.0037 28.8273
0.14 0.60712 0.0077 31.7679
0.15 0.70222 0.0078 33.1044
0.16 0.70222 0.008 33.7748
0.17 0.7205 0.0095 34.9727
0.18 0.80828 0.0095 36.1259
0.19 0.88509 0.0084 36.7771
0.2 0.88143 0.01 37.8278
0.21 0.8924 0.0128 39.2099
0.22 0.88509 0.0108 39.1164
0.23 0.87411 0.0089 38.9003
0.24 0.94726 0.0138 41.3015
0.25 1.0021 0.0131 41.9308
0.26 1.0497 0.0056 39.7615
0.27 1.0972 0.0089 42.0269
0.28 1.1045 0.0089 42.4945
0.29 1.2069 0.0161 45.6597
0.3 1.3276 0.0035 41.1572
0.31 1.4008 0.0093 45.4017
0.32 1.5288 0.0139 47.9617
0.33 1.7117 0.0117 48.4676
0.34 1.7702 0.0142 49.9062
0.35 1.8835 0.0174 51.6271
0.36 1.9933 0.017 52.3579
0.37 2.2712 0.0173 53.8374
0.38 2.3663 0.015 53.9156
0.39 2.4504 0.0167 55.0699
0.4 2.487 0.0137 54.6692
0.41 2.4139 0.0202 56.6094
0.42 2.6223 0.0266 59.0095
0.43 2.7247 0.0171 57.5696
0.44 2.8198 0.0165 58.0529
0.45 2.9003 0.0253 60.7774
0.46 2.8601 0.0292 61.7594
0.47 2.9405 0.0297 62.4665
0.48 2.8966 0.0344 63.4683
0.49 2.9405 0.039 64.643
0.5 4.0268 0.0378 67.8411
0.51 3.9536 0.0314 66.9937
0.52 3.811 0.0344 67.5116
0.53 3.6501 0.032 67.0451
0.54 3.4782 0.0329 67.0825
0.55 3.1015 0.0432 67.8418
0.56 3.032 0.0368 67.0597
0.57 2.904 0.0375 67.0783
0.58 2.7467 0.0347 66.4347
0.59 2.6589 0.038 66.9437
0.6 2.5565 0.0304 65.6478
0.61 2.3115 0.0387 66.319
0.62 2.231 0.0341 65.5861
0.63 2.081 0.0344 65.2691
0.640001 1.964 0.0338 64.9164
0.650001 1.9604 0.0287 64.2986
0.660001 1.9421 0.0291 64.5592
0.670001 2.0664 0.028 65.202
0.680001 2.1176 0.0225 64.5177
0.690001 2.1505 0.0241 65.2961
0.700001 2.1359 0.0228 65.1921
0.710001 2.1652 0.0231 65.6496
0.720001 2.231 0.0195 65.2636
0.730001 2.2676 0.0175 65.0795
0.740001 2.2347 0.0208 66.1325
0.75 2.242 0.0207 66.3843
0.760001 2.1323 0.022 66.4856
0.770001 2.0993 0.022 66.578
0.780001 2.0628 0.0194 65.9549
0.790001 2.0884 0.0237 67.4203
0.800001 2.0189 0.0204 66.4928
0.810001 1.9786 0.0226 67.0987
0.820001 1.9092 0.024 67.3185
0.830001 1.8506 0.0236 67.1492
0.840001 1.8397 0.0228 67.123
0.850001 1.7299 0.0236 66.9418
0.860001 1.7226 0.0222 66.7783
0.870001 1.6751 0.0236 67.0645
0.880001 1.6604 0.0265 67.8436
0.890001 1.6348 0.0337 69.2765
0.900001 1.6239 0.029 68.5629
0.910001 1.6531 0.0323 69.5716
0.920001 1.6275 0.0307 69.333
0.930001 1.6202 0.0309 69.5342
0.940001 1.6056 0.0312 69.7064
0.950001 1.463 0.0299 68.7379
0.960001 1.43 0.0287 68.4784
0.970001 1.5471 0.0288 69.4788
0.980001 1.558 0.0275 69.4802
0.990001 1.6166 0.0286 70.277
1 1.6787 0.0305 71.2373
1.01 1.7519 0.034 72.5277
1.02 1.8141 0.0337 73.039
1.03 1.9713 0.0394 75.089
1.04 2.0335 0.0423 76.0767
1.05 2.1432 0.0444 77.1692
1.06 2.1652 0.0469 77.8406
1.07 2.1871 0.0493 78.4824
1.08 2.2347 0.0471 78.6308
1.09 2.2493 0.0584 80.3309
1.1 2.231 0.0611 80.7435
1.11 2.231 0.0589 80.7003
1.12 2.231 0.0712 82.1884
1.13 2.2749 0.0729 82.7857
1.14 2.3041 0.0686 82.7218
1.15 2.4358 0.0801 84.6741
1.16 2.5163 0.084 85.6144
1.17 2.615 0.0875001 86.5894
1.18 2.8089 0.0944 88.2486
1.19 2.9296 0.0973 89.2178
1.2 3.0466 0.0993 90.0836
1.21 3.2331 0.1021 91.2785
1.22 3.3099 0.1083 92.2487
1.23 3.3721 0.1107 92.8757
1.24 3.4196 0.1124 93.3911
1.25 3.4452 0.1138 93.797
1.26 3.394 0.1162 93.9655
1.27 3.3136 0.1166 93.8745
1.28 3.2221 0.1168 93.7142
1.29 3.0905 0.1167 93.3483
1.3 3.0576 0.1172 93.4381
1.31 3.0466 0.1172 93.5887
1.32 3.0466 0.1129 93.4956
1.33 3.0576 0.1082 93.4095
1.34 3.0795 0.1039 93.3849
1.35 3.0941 0.0962 93.0439
1.36 3.138 0.0945 93.2858
1.37 3.1783 0.0917 93.4139
1.38 3.1636 0.0886 93.2732
1.39 3.1563 0.075 92.1431
1.4 3.1417 0.0707 91.8132
1.41 3.138 0.0642 91.2443
1.42 3.1856 0.0511 89.8989
1.43 3.2478 0.047 89.6992
1.44 3.3611 0.043 89.6521
1.45 3.5038 0.0404 89.8965
1.46 3.789 0.0393 90.8801
1.47 3.9171 0.0374 91.1133
1.48 4.0048 0.0371 91.5154
1.49 4.1584 0.0355 91.8477
1.5 4.3157 0.0358 92.5767
1.51 4.4657 0.0308 92.046
1.52 4.6046 0.0338 93.3418
1.53 4.6741 0.0325 93.4087
1.54 4.7875 0.0316 93.6825
1.55 4.8387 0.0239 91.8362
1.56 4.9631 0.0282 93.6172
1.57 5.0143 0.0271 93.612
1.58 5.1642 0.026 93.8518
1.59 5.241 0.0195 91.9884
1.6 5.3251 0.0258 94.5369
1.61 5.4129 0.0264 95.1058
1.62 5.6104 0.0267 95.8526
1.63 5.7092 0.0271 96.3776
1.64 5.8043 0.0279 97.006
1.65 5.903 0.0283 97.5218
1.66 6.0786 0.0299 98.5488
1.67 6.1627 0.0308 99.1534
1.68 6.2468 0.0309 99.539
1.69 6.3199 0.0312 99.9508
1.7 6.4004 0.0322 100.561
1.71 6.4662 0.0336 101.232
1.72 6.5357 0.0341 101.677
1.73 6.6747 0.0349 102.347
1.74 6.7442 0.0355 102.81
1.75 6.8174 0.0365 103.373
1.76 6.9015 0.034 103.109
1.77 6.9892 0.0351 103.734
1.78 7.1758 0.0405 105.541
1.79 7.2818 0.0415 106.144
1.8 7.3769 0.0423 106.677
1.81 7.461 0.0426 107.078
1.82 7.5305 0.0328 105.075
1.83 7.6293 0.0444 108.123
1.84 7.6768 0.0446 108.425
1.85 7.7171 0.0451 108.771
1.86 7.8012 0.0455 109.184
1.87 7.8853 0.0397 108.281
1.88 8.0206 0.0475 110.342
1.89 8.3059 0.0481 111.178
1.9 8.4741 0.049 111.836
1.91 8.6314 0.0491 112.315
1.92 8.785 0.0506 113.047
1.93 8.9277 0.0508 113.511
1.94 9.1325 0.0523 114.322
1.95 9.191 0.0535 114.808
1.96 9.2458 0.0547 115.282
1.97 9.2422 0.0561 115.682
1.98 9.2166 0.0565 115.867
1.99 9.1581 0.0587 116.292
2 9.074 0.0587 116.3
2.01 8.8472 0.0602 116.281
2.02 8.7265 0.0615 116.418
2.03 8.6058 0.063 116.578
2.04 8.4778 0.079 118.7
2.05 8.3461 0.0612 116.101
2.06 8.0682 0.0617 115.771
2.07 7.9109 0.0626 115.738
2.08 7.728 0.0636 115.656
2.09 7.5342 0.0804 117.66
2.1 7.3184 0.0633 115.013
2.11 6.843 0.0639 114.146
2.12 6.576 0.0635 113.584
2.13 6.3017 0.0646 113.199
2.14 6.0347 0.0738 113.896
2.15 5.7384 0.0692 112.616
2.16 5.2118 0.071 111.447
2.17 4.9667 0.0744 111.251
2.18 4.7436 0.0774 111.023
2.19 4.5205 0.0808 110.791
2.2 4.323 0.0846 110.642
2.21 4.056 0.0846 109.77
2.22 4.0158 0.0855 109.847
2.23 4.0633 0.0822 109.81
2.24 4.2645 0.0695 109.179
2.25 4.7582 0.0658 110.548
2.26 5.53 0.0634 112.758
2.27 7.366 0.0625 117.515
2.28 8.1889 0.0612 119.258
2.29 8.9167 0.0563 120.039
2.3 9.4433 0.0508 120.15
2.31 10.08 0.0446 120.123
2.32 10.299 0.0375 118.912
2.33 10.442 0.0323 117.818
2.34 10.541 0.0409 120.462
2.35 10.588 0.036 119.408
2.36 10.541 0.0382 120.063
2.37 10.445 0.0392 120.305
2.38 10.31 0.0402 120.472
2.39 10.168 0.062 124.79
2.4 10.01 0.046 121.596
2.41 9.7213 0.0463 121.291
2.42 9.6372 0.058 123.573
2.43 9.4872 0.0477 121.444
2.44 9.3336 0.0511 121.994
2.45 9.1252 0.053 122.107
2.46 8.5912 0.0577 122.048
2.47 8.2401 0.0611 122.034
2.48 7.5196 0.0666 121.44
2.49 7.1831 0.0707 121.379
2.5 6.9636 0.0789 122.082
2.51 6.5101 0.0831 121.561
2.52 6.3529 0.0921 122.31
2.53 5.9725 0.0981 122
2.54 5.8079 0.1028 122.118
2.55 5.5263 0.1171 122.702
2.56 5.3288 0.1161 122.106
2.57 5.124 0.1137 121.34
2.58 5.0545 0.1132 121.188
2.59 4.8789 0.116 120.947
2.6 4.718 0.1108 120.035
2.61 4.4913 0.0968 117.981
2.62 4.6229 0.0847 117.288
2.63 5.3507 0.048 114.376
2.64 6.3053 0.0488 117.397
2.65 8.807 0.067 126.609
2.66 10.369 0.0632 129.128
2.67 11.609 0.0574 130.335
2.68 12.713 0.0508 130.852
2.69 13.532 0.0515 132.321
2.7 14.586 0.0497 133.5
2.71 14.962 0.0517 134.569
2.72 15.262 0.0526 135.286
2.73 15.394 0.0603 137.143
2.74 15.441 0.0592 137.132
2.75 15.423 0.0596 137.325
2.76 15.288 0.0613 137.611
2.77 15.226 0.0639 138.146
2.78 15.178 0.0852 141.57
2.79 15.101 0.0791 140.735
2.8 14.736 0.0819 140.786
2.81 14.692 0.0744 139.744
2.82 14.297 0.0857 140.983
2.83 14.004 0.0863 140.783
2.84 13.733 0.0901 141.03
2.85 13.247 0.0907 140.515
2.86 13.082 0.0924 140.615
2.87 12.976 0.0985 141.337
2.88 13.156 0.0972 141.598
2.89 13.36 0.0987 142.23
2.9 13.573 0.1 142.847
2.91 14.004 0.1039 144.086
2.92 14.169 0.105 144.594
2.93 14.202 0.1045 144.722
2.94 14.066 0.0973 143.802
2.95 14 0.0909 143.029
2.96 13.949 0.0836 142.095
2.97 13.872 0.0752 140.868
2.98 13.587 0.0767 140.81
2.99 13.474 0.0772 140.848
3 13.353 0.0793 141.111
3.01 13.232 0.0787 140.967
3.02 13.247 0.0781 141.031
3.03 13.331 0.0766 141.061
3.04 13.525 0.0732 140.951
3.05 13.796 0.0889 143.789
3.06 14.172 0.0808 143.335
3.07 14.878 0.0831 144.81
3.08 15.083 0.1067 148.279
3.09 15.153 0.0784 144.752
3.1 14.962 0.0751 144.101
3.11 14.845 0.0664 142.599
3.12 14.432 0.0615 141.244
3.13 14.176 0.0608 140.872
3.14 13.935 0.0597 140.435
3.15 13.298 0.0634 140.316
3.16 12.94 0.0663 140.41
3.17 12.494 0.0697 140.409
3.18 11.462 0.0712 139.044
3.19 10.829 0.0736 138.413
3.2 10.135 0.0834 138.653
3.21 8.9642 0.0913 137.372
3.22 8.3425 0.099 136.995
3.23 7.7756 0.1137 137.303
3.24 6.7625 0.1213 135.414
3.25 6.309 0.1304 134.992
3.26 5.9981 0.1302 134.11
3.27 5.53 0.1263 132.328
3.28 5.3946 0.0853 127.729
3.29 5.3251 0.1117 130.493
3.3 5.3617 0.105 130.061
3.31 5.4751 0.0751 126.973
3.32 5.8555 0.0878 129.994
3.33 7.355 0.0852 134.109
3.34 8.0974 0.0798 135.353
3.35 9.2897 0.0775 137.836
3.36 9.6884 0.0605 135.957
3.37 9.8786 0.0665 137.529
3.38 10.42 0.0656 138.547
3.39 10.917 0.0641 139.326
3.4 11.459 0.0438 136.037
3.41 12.355 0.0441 137.71
3.42 12.72 0.0443 138.454
3.43 13.229 0.0455 139.661
3.44 13.32 0.0466 140.191
3.45 13.331 0.0492 140.956
3.46 13.386 0.0763 146.401
3.47 13.119 0.0526 141.642
3.48 13.218 0.052 141.774
3.49 13.134 0.0538 142.159
3.5 12.962 0.0592 143.137
3.51 12.772 0.0615 143.4
3.52 12.486 0.0633 143.39
3.53 11.769 0.0574 141.133
3.54 11.36 0.0764 143.909
3.55 10.976 0.0835 144.374
3.56 10.603 0.0938 145.168
3.57 10.109 0.0839 142.953
3.58 9.9078 0.0983 144.543
3.59 9.7945 0.1002 144.646
3.6 9.8969 0.0977 144.671
3.61 10.171 0.0987 145.476
3.62 10.464 0.0967 145.936
3.63 10.716 0.0953 146.372
3.64 11.214 0.0947 147.368
3.65 11.301 0.0933 147.461
3.66 11.265 0.0905 147.132
3.67 11.224 0.0861 146.558
3.68 11.181 0.0786 145.48
3.69 11.122 0.0691 143.928
3.7 11.067 0.068 143.742
3.71 11.001 0.0691 143.918
3.72 10.734 0.0699 143.654
3.73 10.559 0.0901 146.483
3.74 10.339 0.0601 141.307
3.75 10.131 0.0553 140.026
3.76 9.7323 0.0561 139.488
3.77 9.5311 0.094 145.279
3.78 9.3409 0.0782 142.762
3.79 9.1178 0.0858 143.473
3.8 8.5619 0.0928 143.215
3.81 8.2145 0.1057 144.018
3.82 7.8158 0.094 141.705
3.83 7.3513 0.0866 139.606
3.84 6.4297 0.0829 136.542
3.85 6.0968 0.084 135.747
3.86 5.8152 0.0856 135.135
3.87 5.5812 0.0829 134.077
3.88 5.2995 0.0854 133.506
3.89 5.1642 0.0887 133.525
3.9 5.0764 0.0866 133.026
3.91 5.0069 0.0844 132.572
3.92 4.9155 0.0839 132.25
3.93 4.8351 0.081 131.643
3.94 4.8863 0.075 131.094
3.95 4.9119 0.0753 131.329
3.96 4.9667 0.0731 131.307
3.97 5.1825 0.0718 132.009
3.98 5.263 0.0685 131.878
3.99 5.2703 0.0727 132.652
4 5.263 0.0682 132.014
4.01 5.1788 0.0625 130.845
4.02 5.1679 0.0561 129.725
4.03 5.1935 0.0678 131.971
4.04 5.2264 0.0521 129.317
4.05 5.369 0.0517 129.825
4.06 5.4166 0.0506 129.846
4.07 5.4019 0.0612 131.956
4.08 5.2922 0.0347 125.586
4.09 5.1057 0.0305 123.689
4.1 4.6485 0.0284 121.389
4.11 4.4181 0.0301 121.17
4.12 4.217 0.0372 122.583
4.13 4.0377 0.0411 122.916
4.14 3.6683 0.0446 122.138
4.15 3.4818 0.0461 121.64
4.16 3.3063 0.0446 120.486
4.17 3.138 0.0424 119.16
4.18 2.9625 0.0431 118.417
4.19 2.7138 0.0448 117.386
4.2 2.6114 0.0481 117.507
4.21 2.5309 0.0517 117.761
4.22 2.4943 0.0518 117.611
4.23 2.509 0.051 117.635
4.24 2.6918 0.0495 118.616
4.25 2.8747 0.0389 117.444
4.26 3.1124 0.0449 120.3
4.27 3.3794 0.0435 121.493
4.28 3.9134 0.0411 123.583
4.29 4.1511 0.0356 123.236
4.3 4.3596 0.0334 123.532
4.31 4.5461 0.034 124.544
4.32 4.8789 0.0334 125.712
4.33 5.0179 0.0318 125.788
4.34 5.1532 0.0194 121.262
4.35 5.2739 0.0359 128.141
4.36 5.4202 0.0374 129.168
4.37 5.4788 0.0428 130.912
4.38 5.5263 0.0487 132.575
4.39 5.5958 0.057 134.649
4.4 5.6872 0.0159 121.439
4.41 5.9944 0.0641 137.498
4.42 6.2431 0.0347 131.504
4.43 6.5869 0.0664 139.963
4.44 7.0807 0.0686 141.9
4.45 7.75 0.0735 144.676
4.46 10.555 0.0754 151.673
4.47 11.945 0.0749 154.41
4.48 12.519 0.0705 154.772
4.49 13.492 0.0626 155.006
4.5 13.931 0.062 155.694
4.51 14.33 0.0618 156.383
4.52 14.973 0.0649 158.114
4.53 15.211 0.0664 158.872
4.54 15.504 0.0677 159.664
4.55 15.584 0.0676 159.861
4.56 15.76 0.0709 160.854
4.57 15.818 0.0723 161.299
4.58 15.84 0.0739 161.724
4.59 15.782 0.0808 162.942
4.6 15.741 0.0855 163.748
4.61 15.719 0.0918 164.786
4.62 15.734 0.0942 165.262
4.63 15.771 0.0913 164.988
4.64 15.807 0.0938 165.513
4.65 15.822 0.0864 164.506
4.66 15.811 0.0927 165.554
4.67 15.825 0.0944 165.925
4.68 15.767 0.0948 165.994
4.69 15.778 0.0932 165.874
4.7 15.796 0.091 165.67
4.71 15.833 0.0906 165.763
4.72 16.016 0.0909 166.181
4.73 16.081 0.0923 166.588
4.74 16.202 0.0915 166.745
4.75 16.378 0.0924 167.238
4.76 16.458 0.0904 167.149
4.77 16.542 0.0901 167.323
4.78 16.59 0.0902 167.506
4.79 16.608 0.0886 167.38
4.8 16.711 0.0883 167.579
4.81 16.776 0.0882 167.754
4.82 16.828 0.0903 168.255
4.83 16.879 0.0908 168.502
4.84 16.934 0.0934 169.075
4.85 17.003 0.0844 167.85
4.86 17.219 0.0944 169.827
4.87 17.391 0.0886 169.272
4.88 17.482 0.0963 170.675
4.89 17.746 0.0931 170.66
4.9 17.874 0.0964 171.43
4.91 18.155 0.0954 171.764
4.92 18.44 0.0994 172.837
4.93 18.55 0.0979 172.864
4.94 18.729 0.0984 173.274
4.95 18.814 0.0993 173.616
4.96 18.89 0.0999 173.901
4.97 18.909 0.1017 174.283
4.98 18.978 0.1027 174.614
4.99 19.084 0.1038 175.006
5 19.176 0.1038 175.225
5.01 19.26 0.1027 175.277
5.02 19.311 0.1001 175.067
5.03 19.366 0.1028 175.625
5.04 19.421 0.1031 175.836
5.05 19.432 0.1012 175.675
5.06 19.479 0.0983 175.408
5.07 19.487 0.0976 175.411
5.08 19.519 0.0968 175.428
5.09 19.523 0.097 175.559
5.1 19.472 0.0971 175.604
5.11 19.479 0.0945 175.312
5.12 19.461 0.0938 175.276
5.13 19.465 0.0943 175.454
5.14 19.446 0.0931 175.337
5.15 19.41 0.092 175.212
5.16 19.384 0.0932 175.461
5.17 19.348 0.0927 175.43
5.18 19.34 0.0945 175.795
5.19 19.311 0.0936 175.712
5.2 19.3 0.093 175.697
5.21 19.304 0.0923 175.686
5.22 19.289 0.0954 176.244
5.23 19.271 0.0955 176.329
5.24 19.249 0.0951 176.332
5.25 19.22 0.0969 176.663
5.26 19.168 0.0967 176.657
5.27 19.117 0.0973 176.773
5.28 19.095 0.097 176.792
5.29 18.953 0.0968 176.664
5.3 18.883 0.0979 176.829
5.31 18.835 0.0949 176.4
5.32 18.744 0.0950001 176.384
5.33 18.605 0.096 176.441
5.34 18.517 0.0939 176.088
5.35 18.433 0.0945 176.158
5.36 18.386 0.0934 176.013
5.37 18.309 0.0943 176.138
5.38 18.283 0.0889 175.331
5.39 18.323 0.0844 174.72
5.4 18.334 0.0893 175.648
5.41 18.411 0.0843 175.004
5.42 18.517 0.0837 175.134
5.43 18.583 0.0882 176.079
5.44 18.616 0.0935 177.072
5.45 18.002 0.0816 174.323
5.46 18.035 0.0834 174.775
5.47 17.947 0.0866 175.289
5.48 18.056 0.0871 175.615
5.49 17.991 0.0879 175.747
5.5 17.749 0.0903 175.887
5.51 17.585 0.0907 175.805
5.52 17.42 0.0908 175.671
5.53 17.186 0.0911 175.466
5.54 17.014 0.0935 175.68
5.55 16.879 0.0942 175.675
5.56 16.681 0.0939 175.418
5.57 16.381 0.0934 174.97
5.58 16.305 0.0918 174.689
5.59 16.195 0.0907 174.43
5.6 16.191 0.0947 175.139
5.61 16.191 0.0907 174.597
5.62 16.297 0.0917 175.008
5.63 16.363 0.0914 175.148
5.64 16.392 0.0893 174.941
5.65 16.473 0.093 175.744
5.66 16.447 0.0888 175.116
5.67 16.316 0.0886 174.967
5.68 16.166 0.0884 174.787
5.69 16.114 0.0881 174.742
5.7 16.034 0.0881 174.703
5.71 16.005 0.0887 174.841
5.72 15.891 0.0884 174.697
5.73 15.851 0.0872 174.52
5.74 15.84 0.0876 174.653
5.75 15.844 0.0857 174.426
5.76 15.836 0.086 174.548
5.77 15.862 0.0834 174.228
5.78 15.932 0.0833 174.405
5.79 15.935 0.0843 174.667
5.8 15.979 0.0835 174.681
5.81 16.027 0.0872 175.472
5.82 16.038 0.0886 175.806
5.83 15.979 0.089 175.863
5.84 15.972 0.0894 176.001
5.85 15.899 0.091 176.229
5.86 15.84 0.0926 176.474
5.87 15.76 0.0996 177.502
5.88 15.577 0.0944 176.498
5.89 15.452 0.0929 176.142
5.9 15.335 0.0949 176.344
5.91 15.211 0.0944 176.144
5.92 15.112 0.0942 176.03
5.93 14.918 0.0946 175.847
5.94 14.812 0.0932 175.531
5.95 14.783 0.0934 175.595
5.96 14.743 0.0914 175.293
5.97 14.651 0.0933 175.516
5.98 14.684 0.0904 175.194
5.99 14.648 0.0903 175.197
6 14.684 0.092 175.613
6.01 14.695 0.0914 175.618
6.02 14.717 0.0902 175.544
6.03 14.758 0.0898 175.63
6.04 14.787 0.0889 175.613
6.05 14.761 0.0898 175.797
6.06 14.725 0.0892 175.718
6.07 14.666 0.0887 175.615
6.08 14.611 0.0887 175.6
6.09 14.472 0.0894 175.553
6.1 14.45 0.0887 175.48
6.11 14.392 0.0882 175.376
6.12 14.319 0.0899 175.606
6.13 14.264 0.0897 175.556
6.14 14.256 0.0891 175.523
6.15 14.264 0.0892 175.633
6.16 14.253 0.0848 174.955
6.17 14.264 0.0850001 175.088
6.18 14.264 0.0856 175.269
6.19 14.275 0.0858 175.401
6.2 14.352 0.0888 176.119
6.21 14.432 0.0874 176.106
6.22 14.498 0.0859 176.047
6.23 14.578 0.0848 176.076
6.24 14.589 0.086 176.38
6.25 14.56 0.0883 176.796
6.26 14.564 0.0876 176.764
6.27 14.487 0.0883 176.825
6.28 14.436 0.089 176.93
6.29 14.384 0.0897 177.031
6.3 14.322 0.0875001 176.634
6.31 14.278 0.0891 176.9
6.32 14.202 0.0898 176.957
6.33 14.183 0.0904 177.099
6.3401 14.194 0.0894 177.033
6.3501 14.224 0.0817 175.842
6.3601 14.249 0.0784 175.361
6.3701 14.26 0.0806 175.862
6.3801 14.311 0.0816 176.209
6.3901 14.297 0.0839 176.669
6.4001 14.344 0.0848 176.987
6.4101 14.399 0.0854 177.265
6.4201 13.898 0.0875001 176.797
6.4301 14.158 0.0905 177.844
6.4401 14.278 0.0919 178.365
6.4501 14.352 0.091 178.429
6.4601 14.421 0.0924 178.856
6.4701 14.465 0.0934 179.172
6.4801 14.516 0.0947 179.546
6.4901 14.567 0.096 179.918
6.5001 14.564 0.0965 180.067
6.5101 14.619 0.0978 180.443
6.5201 14.699 0.0988 180.815
6.5301 14.703 0.1018 181.35
6.5401 14.677 0.1007 181.217
6.5501 14.615 0.1013 181.273
6.5601 14.578 0.1021 181.402
6.5701 14.534 0.1016 181.326
6.5801 14.469 0.1017 181.3
6.5901 14.483 0.0967 180.643
6.6001 14.491 0.1006 181.329
6.6101 14.483 0.1014 181.51
6.6201 14.52 0.093 180.351
6.6301 14.593 0.0978 181.315
6.6401 14.64 0.0976 181.444
6.6501 14.688 0.0906 180.484
6.6601 14.86 0.097 181.893
6.6701 14.929 0.0952 181.807
6.6801 15.028 0.0955 182.103
6.6901 15.237 0.0959 182.605
6.7001 15.343 0.0985 183.271
6.7101 15.42 0.0966 183.182
6.7201 15.661 0.0952 183.445
6.7301 15.818 0.0966 184.008
6.7401 15.983 0.0971 184.438
6.7501 16.129 0.0987 185.007
6.7601 16.301 0.0988 185.382
6.7701 16.74 0.0981 186.059
6.7801 16.97 0.0986 186.58
6.7901 17.149 0.0991 187.018
6.8001 17.42 0.1031 188.136
6.8101 17.563 0.1027 188.373
6.8201 17.687 0.1016 188.472
6.8301 17.771 0.1025 188.816
6.8401 17.914 0.1052 189.521
6.8501 17.907 0.1063 189.751
6.8601 17.87 0.1084 190.081
6.8701 17.768 0.1174 191.266
6.8801 17.757 0.113 190.719
6.8901 17.698 0.1149 190.97
6.9001 17.585 0.1145 190.815
6.9101 17.223 0.1135 190.182
6.9201 17.051 0.1138 190.026
6.9301 16.901 0.1134 189.805
6.9401 16.652 0.0957 186.819
6.9501 16.594 0.1066 188.484
6.9601 16.59 0.1055 188.39
6.9701 16.667 0.1036 188.306
6.9801 17.007 0.0998 188.343
6.9901 17.245 0.099 188.669
7.0001 17.57 0.0974 188.996
7.0101 18.064 0.0964 189.664
7.0201 18.214 0.0949 189.718
7.0301 18.327 0.0924 189.541
7.0401 18.466 0.0922 189.788
7.0501 18.722 0.091 190.032
7.0601 18.81 0.0917 190.357
7.0701 18.887 0.0924 190.664
7.0801 18.934 0.0953 191.299
7.0901 18.989 0.0913 190.772
7.1001 19.015 0.0983 192.061
7.1101 19.026 0.0984 192.169
7.1201 19.011 0.0971 192.009
7.1301 19.026 0.0988 192.384
7.1401 19.062 0.1008 192.832
7.1501 19.135 0.1005 192.966
7.1601 19.263 0.098 192.822
7.1701 19.318 0.1032 193.807
7.1801 19.395 0.103 193.962
7.1901 19.476 0.104 194.31
7.2001 19.487 0.1043 194.448
7.2101 19.519 0.1047 194.631
7.2201 19.574 0.1054 194.892
7.2301 19.651 0.1034 194.767
7.2401 19.662 0.1039 194.936
7.2501 19.666 0.1031 194.891
7.2601 19.636 0.1044 195.126
7.2701 19.596 0.1055 195.314
7.2801 19.615 0.1051 195.354
7.2901 19.644 0.1039 195.283
7.3001 19.688 0.1046 195.53
7.3101 19.655 0.1039 195.448
7.3201 19.596 0.1034 195.359
7.3301 19.53 0.1027 195.228
7.3401 19.428 0.1051 195.53
7.3501 19.413 0.1014 195
7.3601 19.395 0.0900001 193.122
7.3701 19.384 0.0819 191.669
7.3801 19.421 0.0837 192.141
7.3901 19.406 0.0847 192.382
7.4001 19.424 0.0861 192.743
7.4101 19.41 0.0869 192.944
7.4201 19.333 0.0884 193.181
7.4301 18.364 0.0916 192.396
7.4401 18.623 0.0943 193.323
7.4501 18.682 0.0945 193.517
7.4601 18.678 0.0969 193.988
7.4701 18.664 0.0979 194.205
7.4801 18.642 0.0977 194.211
7.4901 18.594 0.1016 194.845
7.5001 18.539 0.0995 194.496
7.5101 18.488 0.0983 194.294
7.5201 18.517 0.1037 195.277
7.5301 18.47 0.1033 195.215
7.5401 18.455 0.1045 195.452
7.5501 18.448 0.1038 195.404
7.5601 18.386 0.104 195.412
7.5701 18.378 0.1035 195.393
7.5801 18.386 0.1043 195.603
7.5901 18.258 0.1028 195.242
7.6001 18.247 0.1024 195.233
7.6101 18.21 0.1021 195.2
7.6201 18.228 0.0997 194.913
7.6301 18.225 0.1023 195.398
7.6401 18.232 0.1012 195.304
7.6501 18.221 0.1122 197.042
7.6601 18.221 0.1024 195.62
7.6701 18.166 0.1041 195.874
7.6801 18.064 0.1044 195.833
7.6901 17.991 0.1131 197.098
7.7001 17.863 0.1064 195.969
7.7101 17.771 0.1067 195.94
7.7201 17.471 0.107 195.576
7.7301 17.332 0.1072 195.452
7.7401 17.175 0.1088 195.507
7.7501 17.043 0.1075 195.165
7.7601 16.802 0.1085 194.985
7.7701 16.714 0.1088 194.952
7.7801 16.659 0.0995 193.485
7.7901 16.608 0.1074 194.703
7.8001 16.623 0.107 194.737
7.8101 16.648 0.1074 194.909
7.8201 16.725 0.1086 195.288
7.8301 16.835 0.1079 195.437
7.8401 16.952 0.1078 195.687
7.8501 17.23 0.1097 196.5
7.8601 17.23 0.1087 196.42
7.8701 17.563 0.1104 197.287
7.8801 17.797 0.1161 198.563
7.8901 18.02 0.1205 199.606
7.9001 18.302 0.1458 203.322
7.9101 18.521 0.1218 200.716
7.9201 19.081 0.1424 204.288
7.9301 19.487 0.1333 203.857
7.9401 20.024 0.1231 203.377
7.9501 20.884 0.1181 203.979
7.9601 22.193 0.1673 211.896
7.9701 23.349 0.0819 201.206
7.9801 25.038 0.1338 211.785
7.9901 26.048 0.0575 198.611
8.0001 26.498 0.0955 207.758
8.0101 27.328 0.1756 219.606
8.0201 28.03 0.1424 216.675
8.0301 27.474 0.1065 210.965
8.0401 28.096 0.0774 206.171
8.0501 28.323 0.0917 209.415
8.0601 29.467 0.0617 203.853
8.0701 28.919 0.046 198.464
8.0801 26.677 0.1169 212.073
8.0901 25.503 0.1138 210.305
8.1001 26.187 0.1026 209.368
8.1101 25.155 0.064 200.213
8.1201 24.717 0.1327 212.271
8.1301 23.513 0.1093 207.446
8.1401 21.835 0.0595 195.187
8.1501 19.735 0.0336 183.496
8.1601 18.492 0.066 192.354
8.1701 16.425 0.0483 184.312
8.1801 17.303 0.0517 186.817
8.1901 14.245 0.0866 189.689
8.2001 13.346 0.0472 178.724
8.2101 12.45 0.0653 181.849
8.2201 11.448 0.0647 179.588
8.2301 10.701 0.0604 176.897
8.2401 10.394 0.075 179.419
8.2501 9.2312 0.067 174.791
8.2601 8.6826 0.0818 176.216
8.2701 8.6607 0.1167 181.499
8.2801 8.0901 0.1178 179.927
8.2901 6.6272 0.1312 176.466
8.3001 5.5446 0.1252 171.38
8.3101 4.3303 0.123 165.199
8.3201 3.4635 0.1341 161.178
8.3301 3.2953 0.1298 159.647
8.3401 2.626 0.1125 152.735
8.3501 1.9384 0.0844 142.795
8.3601 1.6531 0.1358 145.24
8.3701 1.5507 0.0796 137.698
8.3801 1.708 0.1639 148.324
8.3901 3.7013 0.1125 160.74
8.4001 5.241 0.0839 164.976
8.4101 10.043 0.0466 172.58
8.4201 11.199 0.0299 169.01
8.4301 10.906 0.053 176.637
8.4401 10.292 0.0501 174.409
8.4501 8.9021 0.0371 166.642
8.4601 7.867 0.0567 169.638
8.4701 7.2014 0.041 163.088
8.4801 6.7881 0.0392 161.156
8.4901 6.2541 0.0751 168.173
8.5001 5.6653 0.0435 158.484
8.5101 5.0362 0.0626 160.664
8.5201 6.1078 0.0772 168.151
8.5301 6.7003 0.0463 163.364
8.5401 4.0963 0.0762 158.682
8.5501 3.9134 0.0882 159.623
8.5601 3.0576 0.0714 151.415
8.5701 4.0377 0.0704 157.467
8.5801 4.4913 0.0597 157.773
8.5901 4.5717 0.0716 160.638
8.6001 5.4093 0.0916 168.04
8.6101 5.8591 0.0932 170.284
8.6201 6.2029 0.0803 169.627
8.6301 7.2636 0.0737 172.349
8.6401 7.856 0.0681 173.22
8.6501 8.8765 0.0647 175.6
8.6601 9.4141 0.0716 178.65
8.6701 10.456 0.0705 181.195
8.6801 11.071 0.0701 182.665
8.6901 12.523 0.0708 186.148
8.7001 13.554 0.0707 188.319
8.7101 14.79 0.0821 193.149
8.7201 17.16 0.1353 205.768
8.7301 18.576 0.2456 218.785
8.7401 22.511 0.1727 218.498
8.7501 24.717 0.1617 220.32
8.7601 27.906 0.1429 221.98
8.7701 29.38 0.2257 232.373
8.7801 32.704 0.1959 233.298
8.7901 36.16 0.1525 231.889
8.8001 36.563 0.135 229.989
8.8101 40.286 0.0741 221.939
8.8201 40.22 0.0838 224.24
8.8301 39.086 0.0851 223.675
8.8401 38.059 0.1027 226.403
8.8501 38.691 0.0641 218.281
8.8601 39.624 0.0549 216.294
8.8701 39.529 0.0845 224.188
8.8801 40.696 0.1341 234.021
8.8901 40.999 0.1157 231.485
8.9001 42.729 0.1189 233.469
8.9101 43.545 0.1359 236.797
8.9201 42.784 0.094 229.134
8.9301 43.622 0.1067 232.283
8.9401 43.526 0.0745 225.442
8.9501 42.323 0.0418 214.06
8.9601 41.818 0.0338 210.011
8.9701 40.52 0.0342 209.33
8.9801 38.611 0.0335 207.587
8.9901 39.094 0.0307 206.518
9.0001 39.149 0.0532 216.295
9.0101 39.492 0.0675 220.967
9.0201 39.028 0.0488 214.784
9.0301 39.116 0.0797 223.872
9.0401 39.2 0.1334 233.819
9.0501 39.569 0.1778 239.873
9.0601 37.766 0.1405 233.717
9.0701 38.205 0.1835 239.438
9.0801 38.483 0.2331 244.582
9.0901 37.854 0.1925 240.222
9.1001 35.096 0.1004 225.161
9.1101 34.12 0.0674 217.002
9.1201 35.627 0.0631 217.228
9.1301 37.697 0.1335 233.162
9.1401 37.7 0.0577 217.513
9.1501 34.416 0.0599 215.412
9.1601 34.266 0.078 220.125
9.1701 35.641 0.0416 210.159
9.1801 33.928 0.0824 220.95
9.1901 32.215 0.1079 224.351
9.2001 30.502 0.0954 220.391
9.2101 28.789 0.0824 215.982
9.2201 27.076 0.0777 213.103
9.2301 25.934 0.0997 216.289
9.2401 24.263 0.1106 216.147
9.2501 22.646 0.1232 216.005
9.2601 21.524 0.3201 232.23
9.2701 22.014 0.2942 231.423
9.2801 22.091 0.4415 239.565
9.2901 22.05 0.3889 237.057
9.3001 20.298 0.2054 222.197
9.3101 19.662 0.1923 220.037
9.3201 19.088 0.2093 220.716
9.3301 15.507 0.2132 214.604
9.3401 15.515 0.173 210.984
9.3501 14.41 0.1216 202.777
9.3601 13.466 0.1299 201.974
9.3701 12.962 0.1415 202.363
9.3801 12.172 0.1924 205.792
9.3901 11.832 0.1767 203.569
9.4001 11.06 0.1622 200.228
9.4101 10.334 0.1608 198.196
9.4201 9.6079 0.1063 189.545
9.4301 8.3608 0.1067 185.9
9.4401 8.2657 0.1013 184.849
9.4501 7.6878 0.1024 183.148
9.4601 7.8048 0.101 183.39
9.4701 7.8341 0.1008 183.513
9.4801 7.7719 0.1046 183.922
9.4901 7.7024 0.1048 183.767
9.5001 7.6403 0.0931 181.807
9.5101 7.5708 0.0964 182.148
9.5201 7.5049 0.0982 182.253
9.5301 7.494 0.0968 182.05
9.5401 7.4537 0.0833 179.702
9.5501 7.4537 0.0557 173.835
9.5601 7.472 0.0542 173.552
9.5701 7.4903 0.0585 174.77
9.5801 7.5269 0.0608 175.506
9.5901 7.5635 0.048 172.258
9.6001 7.5671 0.0685 177.495
9.6101 7.5708 0.0619 176.068
9.6201 7.6037 0.0606 175.918
9.6301 7.739 0.0594 176.123
9.6401 7.9072 0.0598 176.819
9.6501 7.3513 0.0612 175.361
9.6601 7.1904 0.0586 174.222
9.6701 7.1941 0.0575 174.011
9.6801 7.2892 0.0573 174.34
9.6901 7.3294 0.0552 173.987
9.7001 7.366 0.0553 174.188
9.7101 7.3842 0.0566 174.637
9.7201 7.3879 0.0575 174.929
9.7301 7.3879 0.06 175.6
9.7401 7.366 0.0626 176.195
9.7501 7.333 0.0629 176.202
9.7601 7.2855 0.06 175.397
9.7701 7.2379 0.0516 173.096
9.7801 7.1831 0.0518 173.011
9.7901 7.0697 0.0507 172.356
9.8001 6.9819 0.0501 171.925
9.8101 6.8539 0.05 171.487
9.8201 6.7223 0.0496 170.944
9.8301 6.6052 0.0491 170.416
9.8401 6.4845 0.0485 169.838
9.8501 6.3858 0.0485 169.511
9.8601 6.3163 0.0488 169.379
9.8701 6.2468 0.0486 169.099
9.8801 6.1846 0.0484 168.845
9.8901 6.1627 0.0479 168.661
9.9001 6.1517 0.0474 168.518
9.9101 6.1078 0.0477 168.48
9.9201 6.0895 0.0461 167.977
9.9301 6.0493 0.0463 167.924
9.9401 6.0456 0.0449 167.528
9.9501 6.0383 0.0452 167.638
9.9601 6.0237 0.044 167.252
9.9701 6.0164 0.0447 167.489
9.9801 5.9981 0.0447 167.462
9.9901 5.9871 0.0439 167.213
10 5.9762 0.0434 167.056
10.01 5.9652 0.0436 167.122
10.02 5.9579 0.044 167.266
10.03 5.9615 0.044 167.327
10.04 5.9615 0.0442 167.436
10.05 5.9615 0.0438 167.356
10.06 6.0054 0.0443 167.738
10.07 6.0164 0.0449 168.016
10.08 6.0347 0.0451 168.198
10.09 6.0712 0.045 168.36
10.1 6.0968 0.0456 168.694
10.11 6.1188 0.0463 169.042
10.12 6.1846 0.0464 169.38
10.13 6.2139 0.0459 169.389
10.14 6.2395 0.0457 169.474
10.15 6.3017 0.0459 169.824
10.16 6.3273 0.0456 169.877
10.17 6.4004 0.0431 169.409
10.18 6.4333 0.0454 170.315
10.19 6.4845 0.0458 170.681
10.2 6.5174 0.0441 170.315
10.21 6.5906 0.0459 171.204
10.22 6.6199 0.0456 171.267
10.23 6.6637 0.0458 171.539
10.24 6.7405 0.046 171.931
10.25 6.7881 0.0459 172.121
10.26 6.8174 0.0464 172.43
10.27 6.8722 0.0459 172.52
10.28 6.9088 0.0462 172.792
10.29 6.9417 0.0473 173.296
10.3 6.9673 0.048 173.647
10.31 7.0039 0.0492 174.182
10.32 7.0258 0.0505 174.686
10.33 7.0295 0.0509 174.861
10.34 7.0258 0.044 172.788
10.35 7.0368 0.0446 173.069
10.36 7.0441 0.046 173.587
10.37 7.0661 0.0325 168.762
10.38 7.0807 0.0485 174.576
10.39 7.1465 0.0489 174.975
10.4 7.2014 0.0494 175.364
10.41 7.52 0.0506 176.86
10.42 7.8378 0.0484 177.308
10.43 8.2364 0.0537 180.178
10.44 8.6643 0.0514 180.885
10.45 8.8947 0.0503 181.292
10.46 9.3007 0.0535 183.448
10.47 9.4689 0.0487 182.538
10.48 9.714 0.0612 186.776
10.49 9.8895 0.0503 184.276
10.5 9.6884 0.051 183.992
10.51 9.8164 0.0529 184.951
10.52 9.7579 0.055 185.44
10.53 9.692 0.0595 186.525
10.54 9.564 0.0609 186.578
10.55 9.2239 0.0618 185.883
10.56 9.063 0.0651 186.266
10.57 8.9606 0.0656 186.129
10.58 8.8216 0.0658 185.806
10.59 8.6753 0.0664 185.548
10.6 8.4339 0.0682 185.256
10.61 8.2949 0.0692 185.086
10.62 8.1706 0.0683 184.531
10.63 7.8853 0.0676 183.48
10.64 7.7756 0.0657 182.724
10.65 7.6512 0.0645 182.068
10.66 7.5415 0.0641 181.643
10.67 7.3733 0.0654 181.404
10.68 7.3111 0.0644 180.998
10.69 7.2745 0.0642 180.867
10.7 7.2562 0.0614 180.179
10.71 7.1648 0.0632 180.33
10.72 7.1282 0.0566 178.598
10.73 7.088 0.0547 177.992
10.74 7.0441 0.0529 177.384
10.75 7.0441 0.0501 176.629
10.76 7.0331 0.0503 176.694
10.77 7.0222 0.0502 176.671
10.78 6.96 0.0503 176.519
10.79 6.9271 0.0505 176.503
10.8 6.9051 0.0506 176.496
10.81 6.8649 0.0502 176.277
10.82 6.8503 0.049 175.914
10.83 6.8576 0.048 175.684
10.84 6.8978 0.0465 175.413
10.85 6.9563 0.0466 175.703
10.86 7.0295 0.0472 176.201
10.87 7.1026 0.048 176.756
10.88 7.3294 0.0481 177.634
10.89 7.4903 0.0355 173.788
10.9 7.6585 0.0458 178.124
10.91 8.0755 0.0235 169.839
10.92 8.3022 0.0448 179.967
10.93 8.7704 0.0459 181.808
10.94 8.9935 0.0462 182.612
10.95 9.2202 0.0229 172.916
10.96 9.6408 0.0473 184.904
10.97 9.953 0.0487 186.253
10.98 10.266 0.0493 187.323
10.99 10.592 0.0511 188.779
11 10.925 0.0385 185.254
11.01 11.305 0.0514 190.747
11.02 12.018 0.052 192.669
11.03 12.362 0.0525 193.656
11.04 12.629 0.0535 194.607
11.05 12.859 0.054 195.314
11.06 13.071 0.0555 196.271
11.07 13.437 0.057 197.54
11.08 13.583 0.0584 198.297
11.09 13.748 0.0609 199.386
11.1 13.865 0.0613 199.789
11.11 14.004 0.0639 200.819
11.12 14.139 0.0655 201.561
11.13 14.355 0.0669 202.408
11.14 14.472 0.0695 203.339
11.15 14.611 0.0717 204.199
11.16 14.798 0.0658 203.167
11.17 15.014 0.0727 205.339
11.18 15.434 0.0714 205.899
11.19 15.613 0.0706 206.099
11.2 15.774 0.0727 206.959
11.21 15.91 0.0741 207.595
11.22 16.023 0.0755 208.183
11.23 16.264 0.076 208.797
11.24 16.37 0.0791 209.74
11.25 16.44 0.0783 209.744
11.26 16.476 0.0726 208.546
11.27 16.517 0.0805 210.473
11.28 16.517 0.0826 210.977
11.29 16.553 0.0837 211.327
11.3 16.542 0.0843 211.485
11.31 16.546 0.0848 211.648
11.32 16.601 0.0833 211.487
11.33 16.747 0.0746 209.871
11.34 16.813 0.0759 210.344
11.35 16.853 0.081 211.609
11.36 16.923 0.0814 211.874
11.37 16.963 0.0834 212.427
11.38 16.978 0.0845 212.737
11.39 17.014 0.0863 213.228
11.4 16.78 0.086 212.793
11.41 16.853 0.0879 213.366
11.42 16.963 0.0864 213.312
11.43 17.018 0.092 214.582
11.44 17.091 0.0919 214.747
11.45 17.131 0.0891 214.319
11.46 17.201 0.0868 214.031
11.47 17.204 0.0907 214.872
11.48 17.241 0.0927 215.381
11.49 17.292 0.0935 215.679
11.5 17.307 0.0949 216.025
11.51 17.38 0.0962 216.453
11.52 17.49 0.0965 216.758
11.53 17.563 0.0966 216.96
11.54 17.537 0.098 217.225
11.55 17.61 0.1003 217.828
11.56 17.68 0.0994 217.841
11.57 17.698 0.0996 217.962
11.58 17.782 0.1033 218.826
11.59 17.742 0.1022 218.613
11.6 17.72 0.0996 218.158
11.61 17.577 0.0976 217.588
11.62 17.314 0.0946 216.605
11.63 17.149 0.0958 216.585
11.64 16.915 0.0997 216.928
11.65 16.685 0.0996 216.534
11.66 16.359 0.1003 216.097
11.67 16.217 0.1017 216.127
11.68 16.136 0.0883 213.498
11.69 16.06 0.1079 216.993
11.7 16.063 0.1089 217.217
11.71 16.147 0.1084 217.348
11.72 16.228 0.0788 211.86
11.73 16.356 0.1078 217.754
11.74 16.546 0.1102 218.568
11.75 16.978 0.1119 219.712
11.76 17.343 0.1059 219.43
11.77 17.716 0.0997 219.053
11.78 18.166 0.0948 218.978
11.79 19.095 0.0908 219.818
11.8 19.461 0.0897 220.249
11.81 19.772 0.0872 220.285
11.82 20.006 0.087 220.669
11.83 20.306 0.0862 221.024
11.84 20.445 0.0815 220.264
11.85 20.558 0.0817 220.535
11.86 20.65 0.086 221.673
11.87 20.598 0.0866 221.772
11.88 20.529 0.0813 220.555
11.89 20.507 0.0867 221.756
11.9 20.565 0.0889 222.361
11.91 20.708 0.0877 222.384
11.92 20.723 0.0787 220.464
11.93 20.829 0.0905 223.257
11.94 20.909 0.0929 223.92
11.95 21.099 0.0963 224.935
11.96 21.125 0.1003 225.791
11.97 21.242 0.0996 225.891
11.98 21.392 0.0965 225.579
11.99 21.648 0.0958 225.881
12 21.703 0.0997 226.767
12.01 21.772 0.096 226.211
12.02 21.736 0.0963 226.268
12.03 21.769 0.0992 226.929
12.04 21.78 0.0987 226.903
12.05 21.761 0.0977 226.734
12.06 21.758 0.0974 226.724
12.07 21.688 0.0993 227.036
12.08 21.666 0.1024 227.636
12.09 21.593 0.102 227.504
12.1 21.564 0.1042 227.917
12.11 21.597 0.105 228.164
12.12 21.889 0.106 228.839
12.13 21.959 0.1057 228.943
12.14 22.113 0.1051 229.117
12.15 22.244 0.1064 229.599
12.16 22.306 0.1061 229.69
12.17 22.431 0.1068 230.053
12.18 22.507 0.1083 230.485
12.19 22.774 0.1108 231.368
12.2 22.932 0.1088 231.301
12.21 23.005 0.1068 231.102
12.22 23.052 0.1086 231.545
12.23 23.085 0.122 233.898
12.24 22.994 0.1113 232.04
12.25 22.957 0.1138 232.468
12.26 22.862 0.1255 234.281
12.27 22.767 0.1172 232.865
12.28 22.716 0.1152 232.509
12.29 22.595 0.1169 232.666
12.3 22.281 0.1189 232.578
12.31 22.178 0.1173 232.214
12.32 21.941 0.1078 230.283
12.33 21.611 0.1059 229.493
12.34 21.469 0.1029 228.78
12.35 21.388 0.1026 228.651
12.36 21.216 0.1199 231.418
12.37 20.906 0.1061 228.642
12.38 20.741 0.1078 228.734
12.39 19.732 0.1259 230.101
12.4 19.64 0.11 227.429
12.41 19.556 0.1071 226.835
12.42 19.198 0.1077 226.388
12.43 18.792 0.1079 225.777
12.44 18.543 0.1271 228.487
12.45 18.082 0.106 224.297
12.46 17.526 0.1046 223.094
12.47 17.362 0.1051 222.93
12.48 16.835 0.1085 222.581
12.49 16.619 0.1112 222.672
12.5 16.085 0.1101 221.493
12.51 15.533 0.1112 220.614
12.52 15.233 0.1097 219.795
12.53 14.56 0.1109 218.616
12.54 14.275 0.1107 218.01
12.55 13.646 0.1114 216.762
12.56 13.192 0.1137 216.123
12.57 13.024 0.0768 208.842
12.58 12.911 0.116 215.909
12.59 12.94 0.1155 215.949
12.6 13.199 0.0851 211.178
12.61 13.785 0.1111 217.318
12.62 14.205 0.1112 218.323
12.63 15.204 0.0900001 216.672
12.64 16.341 0.1072 222.192
12.65 16.93 0.1018 222.418
12.66 18.035 0.1009 224.336
12.67 18.978 0.1031 226.444
12.68 19.348 0.1101 228.369
12.69 19.991 0.1106 229.584
12.7 20.591 0.1108 230.648
12.71 20.935 0.1135 231.714
12.72 21.436 0.1157 232.927
12.73 21.582 0.1152 233.121
12.74 21.791 0.1182 233.996
12.75 22.017 0.1196 234.625
12.76 22.167 0.1203 235.02
12.77 22.332 0.1234 235.821
12.78 22.405 0.1249 236.22
12.79 22.522 0.1249 236.449
12.8 22.533 0.122 236.055
12.81 22.551 0.1314 237.596
12.82 22.562 0.1358 238.317
12.83 22.581 0.1371 238.586
12.84 22.606 0.1364 238.574
12.85 22.668 0.1365 238.735
12.86 22.826 0.1351 238.82
12.87 22.957 0.1373 239.39
12.88 23.071 0.1398 239.973
12.89 23.25 0.1386 240.12
12.9 23.455 0.1429 241.087
12.91 23.583 0.1444 241.538
12.92 23.81 0.145 242.007
12.93 24.069 0.1478 242.823
12.94 24.311 0.1528 243.899
12.95 24.541 0.1673 246.132
12.96 24.662 0.1603 245.485
12.97 24.782 0.1608 245.773
12.98 24.863 0.174 247.561
12.99 24.819 0.1673 246.743
13 24.691 0.1698 246.917
13.01 24.428 0.1687 246.456
13.02 24.117 0.1762 246.946
13.03 23.952 0.1722 246.284
13.04 23.762 0.1732 246.172
13.05 23.404 0.1704 245.354
13.06 23.294 0.1729 245.537
13.07 23.067 0.1702 244.923
13.08 22.895 0.1684 244.495
13.09 22.694 0.1692 244.332
13.1 22.636 0.1651 243.796
13.11 22.471 0.1602 242.981
13.12 22.475 0.1582 242.785
13.13 22.405 0.1582 242.728
13.14 22.427 0.1613 243.206
13.15 22.412 0.1578 242.79
13.16 22.464 0.1564 242.742
13.17 22.347 0.1586 242.893
13.18 22.317 0.1566 242.641
13.19 22.244 0.1555 242.436
13.2 22.113 0.1558 242.319
13.21 21.963 0.154 241.899
13.22 21.9 0.1557 242.071
13.23 21.747 0.1545 241.722
13.24 21.714 0.1553 241.824
13.25 21.652 0.1527 241.435
13.26 21.739 0.153 241.665
13.27 21.816 0.1509 241.561
13.28 21.926 0.1543 242.235
13.29 22.186 0.1547 242.75
13.3 22.449 0.1555 243.317
13.31 22.555 0.2851 256.131
13.32 22.924 0.094 234.14
13.33 23.177 0.131 241.127
13.34 23.294 0.1313 241.398
13.35 23.564 0.114 239.023
13.36 23.857 0.1354 242.951
13.37 24.113 0.1397 244.01
13.38 23.966 0.1373 243.494
13.39 23.82 0.1409 243.855
13.4 24.248 0.1386 244.197
13.41 24.914 0.1419 245.683
13.42 25.455 0.1429 246.64
13.43 25.817 0.1438 247.322
13.44 26.103 0.1463 248.122
13.45 26.79 0.1473 249.244
13.46 26.911 0.1551 250.531
13.47 27.185 0.1525 250.596
13.48 27.163 0.1517 250.509
13.49 27.13 0.1804 254.154
13.5 26.929 0.1619 251.659
13.51 26.82 0.1599 251.303
13.52 26.516 0.1653 251.637
13.53 25.997 0.1586 250.111
13.54 25.722 0.1604 250.014
13.55 25.481 0.1589 249.532
13.56 24.929 0.1526 247.961
13.57 24.665 0.1511 247.428
13.58 24.457 0.1514 247.218
13.59 24.183 0.1484 246.457
13.6 24.066 0.1464 246.058
13.61 24.011 0.1434 245.603
13.62 24.069 0.1394 245.161
13.63 24.248 0.1346 244.758
13.64 24.3 0.1336 244.732
13.65 24.387 0.1326 244.755
13.66 24.493 0.1261 243.935
13.67 24.556 0.1246 243.832
13.68 24.647 0.1247 244.028
13.69 24.731 0.1197 243.367
13.7 24.764 0.1179 243.157
13.71 24.801 0.1139 242.561
13.72 24.852 0.113 242.522
13.73 25.152 0.1138 243.133
13.74 25.371 0.1178 244.187
13.75 25.558 0.1207 244.99
13.76 25.854 0.1191 245.174
13.77 26.062 0.1138 244.578
13.78 26.333 0.1112 244.522
13.79 26.308 0.1138 245.008
13.8 26.249 0.122 246.401
13.81 26.15 0.1281 247.318
13.82 26.095 0.1129 244.708
13.83 26.092 0.1129 244.753
13.84 25.989 0.1142 244.896
13.85 25.854 0.1306 247.509
13.86 25.667 0.1149 244.679
13.87 25.327 0.1174 244.696
13.88 25.09 0.1181 244.535
13.89 24.852 0.1189 244.386
13.9 24.673 0.1165 243.767
13.91 24.461 0.1142 243.109
13.92 24.087 0.1124 242.298
13.93 23.963 0.1122 242.131
13.94 23.747 0.1113 241.701
13.95 23.583 0.1116 241.562
13.96 23.407 0.1109 241.224
13.97 23.294 0.1119 241.284
13.98 23.111 0.1161 241.798
13.99 23.034 0.0991 238.567
14 23.001 0.104 239.525
14.01 22.983 0.1039 239.526
14.02 22.924 0.0928 237.244
14.03 22.807 0.1056 239.679
14.04 22.764 0.1056 239.662
14.05 22.149 0.1044 238.539
14.06 22.592 0.1067 239.701
14.07 22.701 0.1043 239.461
14.08 22.87 0.1056 240.012
14.09 23.118 0.1045 240.223
14.1 23.261 0.1047 240.522
14.11 23.389 0.1037 240.567
14.12 23.524 0.106 241.254
14.13 23.605 0.1045 241.135
14.14 23.74 0.1019 240.875
14.15 23.842 0.1037 241.423
14.16 23.777 0.103 241.239
14.17 23.791 0.1036 241.424
14.18 23.831 0.1072 242.217
14.19 23.703 0.1056 241.774
14.2 23.627 0.105 241.595
14.21 23.605 0.1081 242.195
14.22 23.568 0.106 241.793
14.23 23.528 0.1065 241.876
14.24 23.469 0.1085 242.21
14.25 23.458 0.1025 241.097
14.26 23.524 0.1033 241.398
14.27 23.502 0.1038 241.51
14.28 23.458 0.1057 241.856
14.29 23.429 0.1047 241.669
14.3 23.407 0.1043 241.606
14.31 23.4 0.093 239.348
14.32 23.272 0.0946 239.546
14.33 23.217 0.0962 239.845
14.34 23.041 0.096 239.587
14.35 22.935 0.0976 239.804
14.36 22.815 0.1006 240.274
14.37 22.332 0.0989 239.242
14.38 21.721 0.0925001 237.011
14.39 21.666 0.0981 238.132
14.4 21.516 0.0993 238.181
14.41 21.498 0.1001 238.357
14.42 21.271 0.1004 238.098
14.43 21.173 0.1053 238.931
14.44 21.216 0.0967 237.358
14.45 21.33 0.0943 237.091
14.46 21.418 0.0927 236.94
14.47 21.535 0.1056 239.756
14.48 21.608 0.0931 237.417
14.49 21.611 0.0932 237.489
14.5 21.472 0.0945 237.588
14.51 21.388 0.0941 237.415
14.52 21.246 0.0939 237.191
14.53 21.081 0.0919 236.546
14.54 20.781 0.0950001 236.756
14.55 20.58 0.0943 236.325
14.56 20.357 0.0949 236.124
14.57 20.174 0.0961 236.109
14.58 19.995 0.0969 236.014
14.59 19.801 0.0949 235.319
14.6 19.487 0.0905 233.897
14.61 19.315 0.0876 233.011
14.62 19.176 0.0769 230.303
14.63 19.092 0.0757 229.9
14.64 19.081 0.0853 232.22
14.65 19.201 0.0863 232.7
14.66 19.391 0.0869 233.208
14.67 19.563 0.087 233.572
14.68 19.75 0.0833 233.092
14.69 20.05 0.0863 234.331
14.7 20.2 0.087 234.785
14.71 20.295 0.0859 234.74
14.72 20.372 0.0872 235.206
14.73 20.445 0.0922 236.466
14.74 20.533 0.0848 235.015
14.75 20.624 0.0868 235.666
14.76 20.671 0.0888 236.235
14.77 20.657 0.0928 237.124
14.78 20.631 0.094 237.379
14.79 20.558 0.0968 237.883
14.8 20.394 0.1011 238.514
14.81 20.291 0.1007 238.307
14.82 20.233 0.1017 238.449
14.83 20.189 0.104 238.863
14.84 20.2 0.1047 239.06
14.85 20.203 0.1051 239.186
14.86 20.222 0.108 239.805
14.87 20.313 0.1105 240.463
14.88 20.426 0.1114 240.862
14.89 20.565 0.113 241.429
14.9 20.741 0.1088 241.01
14.91 20.887 0.1079 241.132
14.92 21.074 0.1209 243.783
14.93 21.041 0.1238 244.254
14.94 21.07 0.1218 244.018
14.95 21.151 0.1238 244.529
14.96 21.18 0.1232 244.524
14.97 21.377 0.1253 245.24
14.98 21.494 0.129 246.074
14.99 21.527 0.1281 246.03
15 21.542 0.1294 246.307
15.01 21.568 0.1379 247.703
15.02 21.63 0.1355 247.49
15.03 21.71 0.1349 247.576
15.04 21.721 0.137 247.958
15.05 21.696 0.1348 247.629
15.06 21.758 0.1346 247.746
15.07 21.721 0.1338 247.608
15.08 21.6 0.1359 247.776
15.09 21.604 0.1362 247.873
15.1 21.677 0.1357 247.964
15.11 21.725 0.1324 247.581
15.12 21.9 0.1321 247.866
15.13 22.017 0.1341 248.412
15.14 22.226 0.1298 248.122
15.15 22.379 0.1275 248.044
15.16 22.453 0.1289 248.433
15.17 22.46 0.1291 248.522
15.18 22.453 0.1273 248.266
15.19 22.365 0.131 248.763
15.2 22.303 0.1325 248.945
15.21 22.16 0.1281 248.062
15.22 22.123 0.1293 248.24
15.23 21.995 0.1315 248.426
15.24 22.017 0.1313 248.476
15.25 21.984 0.1302 248.294
15.26 21.915 0.1262 247.583
15.27 21.849 0.1231 247.009
15.28 21.794 0.125 247.279
15.29 21.769 0.123 246.952
15.3 21.732 0.1252 247.301
15.31 21.696 0.111 244.822
15.32 21.681 0.1109 244.824
15.33 21.758 0.1118 245.158
15.34 21.761 0.111 245.061
15.35 21.794 0.1128 245.487
15.36 21.816 0.1125 245.513
15.37 21.809 0.1136 245.745
15.38 21.099 0.1148 244.835
15.39 21.136 0.1169 245.31
15.4 21.059 0.1272 246.955
15.41 20.96 0.1167 245.069
15.42 20.712 0.1196 245.193
15.43 20.496 0.1279 246.238
15.44 20.269 0.1184 244.314
15.45 19.988 0.1269 245.278
15.46 19.56 0.1187 243.203
15.47 19.274 0.123 243.451
15.48 19.143 0.1245 243.502
15.49 18.835 0.1214 242.468
15.5 18.576 0.1231 242.308
15.51 18.433 0.1212 241.769
15.52 18.17 0.1209 241.263
15.53 17.998 0.1214 241.059
15.54 17.651 0.1203 240.245
15.55 17.486 0.1203 239.963
15.56 17.058 0.1205 239.184
15.57 16.787 0.1206 238.692
15.58 16.253 0.1209 237.675
15.59 15.975 0.1209 237.128
15.6 15.712 0.1243 237.15
15.61 15.229 0.119 235.274
15.62 15.087 0.1279 236.413
15.63 14.966 0.1296 236.441
15.64 15.043 0.1312 236.899
15.65 15.273 0.1304 237.339
15.66 15.416 0.1344 238.298
15.67 15.54 0.1323 238.303
15.68 15.719 0.1318 238.664
15.69 15.763 0.1295 238.453
15.7 15.752 0.1305 238.623
15.71 15.657 0.118 236.469
15.72 15.577 0.1382 239.464
15.73 15.478 0.1394 239.458
15.74 15.441 0.1399 239.49
15.75 15.452 0.1395 239.499
15.76 15.69 0.1404 240.198
15.77 15.818 0.1414 240.664
15.78 16.162 0.138 240.964
15.79 16.447 0.1336 240.964
15.8 16.824 0.1287 241.043
15.81 17.241 0.1272 241.701
15.82 18.177 0.1204 242.48
15.83 18.601 0.121 243.43
15.84 19.282 0.1194 244.466
15.85 19.574 0.124 245.811
15.86 19.834 0.1234 246.222
15.87 20.174 0.1236 246.902
15.88 20.353 0.1224 247.059
15.89 20.569 0.1215 247.326
15.9 20.628 0.1197 247.164
15.91 20.642 0.1165 246.675
15.92 20.591 0.1137 246.131
15.93 20.631 0.1133 246.171
15.94 20.675 0.1088 245.46
15.95 20.657 0.1079 245.303
15.96 20.62 0.1078 245.263
15.97 20.565 0.1052 244.714
15.98 20.394 0.1069 244.789
15.99 20.353 0.107 244.779
16 20.309 0.1056 244.478
16.01 20.309 0.1071 244.807
16.02 20.39 0.1123 245.958
16.03 20.481 0.1121 246.122
16.04 20.715 0.1127 246.678
16.05 20.843 0.1122 246.848
16.06 21.07 0.1134 247.495
16.07 21.198 0.1131 247.699
16.08 21.282 0.116 248.406
16.09 21.418 0.1181 249.048
16.1 21.436 0.1209 249.608
16.11 21.494 0.1222 249.97
16.12 21.491 0.1221 249.991
16.13 21.476 0.1265 250.747
16.14 21.502 0.1384 252.717
16.15 21.48 0.136 252.356
16.16 21.494 0.1374 252.638
16.17 21.41 0.1386 252.722
16.18 21.323 0.1374 252.434
16.19 21.253 0.1367 252.251
16.2 21.165 0.139 252.494
16.21 21.308 0.1414 253.143
16.22 21.308 0.1417 253.231
16.23 21.341 0.1426 253.464
16.24 21.355 0.1459 254.014
16.25 21.319 0.1503 254.625
16.26 21.348 0.1541 255.248
16.27 21.37 0.153 255.177
16.28 21.366 0.1529 255.2
16.29 21.319 0.154 255.315
16.3 21.224 0.1492 254.523
16.31 21.213 0.1323 252.014
16.32 21.154 0.1315 251.829
16.33 21.184 0.133 252.161
16.34 21.279 0.1319 252.192
16.35 21.308 0.1331 252.474
16.36 21.388 0.1345 252.874
16.37 21.458 0.1342 252.989
16.38 21.527 0.1363 253.476
16.39 21.9 0.1375 254.332
16.4 22.533 0.137 255.344
16.41 22.87 0.1364 255.84
16.42 23.159 0.1326 255.745
16.43 23.755 0.1394 257.796
16.44 24.036 0.1413 258.568
16.45 24.205 0.1394 258.581
16.46 24.607 0.1404 259.393
16.47 24.746 0.144 260.195
16.48 24.856 0.1485 261.073
16.49 24.965 0.1547 262.172
16.5 25.057 0.1527 262.071
16.51 25.046 0.155 262.425
16.52 25.06 0.157 262.771
16.53 25.013 0.1576 262.827
16.54 24.969 0.1563 262.624
16.55 24.973 0.1559 262.618
16.56 24.845 0.1565 262.552
16.57 24.874 0.1573 262.751
16.58 24.826 0.1581 262.833
16.59 24.881 0.1562 262.697
16.6 25.112 0.154 262.78
16.61 25.287 0.1568 263.482
16.62 25.408 0.1601 264.164
16.63 25.598 0.1612 264.643
16.64 25.678 0.1586 264.448
16.65 25.638 0.161 264.764
16.66 25.624 0.1832 267.648
16.67 25.411 0.1607 264.472
16.68 25.152 0.1622 264.33
16.69 24.888 0.1617 263.905
16.7 24.354 0.1671 263.846
16.71 24.073 0.167 263.436
16.72 23.813 0.1668 263.042
16.73 23.173 0.1642 261.714
16.74 22.884 0.1672 261.678
16.75 22.537 0.1661 261.003
16.76 22.251 0.152 258.651
16.77 21.754 0.159 258.821
16.78 21.666 0.1592 258.74
16.79 21.641 0.1538 257.998
16.8 21.63 0.1516 257.713
16.81 21.681 0.1508 257.729
16.82 21.798 0.149 257.714
16.83 22.113 0.1455 257.78
16.84 22.303 0.1429 257.753
16.85 22.482 0.142 257.957
16.86 22.698 0.1441 258.671
16.87 23.155 0.1424 259.201
16.88 23.345 0.1432 259.67
16.89 23.586 0.1441 260.233
16.9 23.813 0.1426 260.408
16.91 24.245 0.1431 261.202
16.92 24.461 0.1448 261.836
16.93 24.654 0.1419 261.735
16.94 25.09 0.1478 263.33
16.95 25.192 0.1481 263.572
16.96 25.455 0.1501 264.304
16.97 25.81 0.1495 264.787
16.98 26.055 0.1494 265.176
16.99 26.055 0.1524 265.659
17 26.366 0.1442 264.935
17.01 26.49 0.1544 266.669
17.02 26.589 0.1562 267.114
17.03 26.666 0.1491 266.236
17.04 26.754 0.1552 267.296
17.05 26.831 0.1545 267.35
17.06 26.867 0.1558 267.631
17.07 26.973 0.162 268.698
17.08 27.072 0.1584 268.381
17.09 27.174 0.1597 268.753
17.1 27.419 0.1604 269.242
17.11 27.621 0.1635 270
17.12 27.727 0.1619 269.972
17.13 27.961 0.163 270.495
17.14 28.213 0.163 270.889
17.15 28.4 0.1604 270.828
17.16 28.462 0.1732 272.694
17.17 28.593 0.1691 272.375
17.18 28.608 0.1658 271.993
17.19 28.667 0.1682 272.443
17.2 28.604 0.1664 272.157
17.21 28.465 0.1668 272.065
17.22 28.326 0.1681 272.093
17.23 27.913 0.1722 272.107
17.24 27.668 0.165 270.841
17.25 27.405 0.1663 270.689
17.26 27.215 0.1757 271.702
17.27 26.915 0.1654 269.952
17.28 26.944 0.1669 270.24
17.29 26.841 0.2937 283.14
17.3 26.852 0.1481 267.521
17.31 26.739 0.1441 266.793
17.32 26.798 0.1446 266.997
17.33 26.564 0.1472 267.099
17.34 26.49 0.1485 267.23
17.35 26.344 0.1473 266.88
17.36 25.841 0.1499 266.57
17.37 25.338 0.1508 265.992
17.38 25.466 0.1504 266.169
17.39 25.437 0.1534 266.605
17.4 25.353 0.1585 267.247
17.41 25.287 0.1557 266.794
17.42 25.251 0.1579 267.093
17.43 25.02 0.1583 266.839
17.44 24.892 0.1542 266.103
17.45 24.731 0.1551 266.025
17.46 24.625 0.1581 266.327
17.47 24.552 0.1599 266.507
17.48 24.559 0.1582 266.323
17.49 24.625 0.1588 266.552
17.5 24.662 0.1581 266.554
17.51 24.72 0.1604 267.007
17.52 24.731 0.1607 267.108
17.53 24.797 0.1564 266.651
17.54 24.87 0.1553 266.65
17.55 25.013 0.1565 267.083
17.56 25.09 0.1557 267.13
17.57 25.192 0.1557 267.328
17.58 25.272 0.155 267.392
17.59 25.496 0.1606 268.566
17.6 25.664 0.1588 268.611
17.61 25.88 0.1579 268.851
17.62 26.278 0.156 269.213
17.63 26.494 0.1623 270.463
17.64 26.644 0.1638 270.933
17.65 26.907 0.165 271.524
17.66 27.24 0.1673 272.362
17.67 27.441 0.166 272.516
17.68 27.558 0.1658 272.699
17.69 27.814 0.1666 273.214
17.7 27.891 0.1664 273.339
17.71 27.986 0.1667 273.557
17.72 28.114 0.1676 273.902
17.73 28.195 0.1688 274.221
17.74 28.217 0.1674 274.105
17.75 28.334 0.1672 274.284
17.76 28.301 0.1684 274.444
17.77 28.261 0.1677 274.336
17.78 28.231 0.1685 274.446
17.79 28.122 0.1635 273.649
17.8 28.118 0.1648 273.867
17.81 28.125 0.1606 273.332
17.82 28.085 0.1578 272.919
17.83 28.096 0.1592 273.177
17.84 28.089 0.1573 272.937
17.85 28.136 0.1558 272.828
17.86 28.286 0.1591 273.556
17.87 28.381 0.1561 273.297
17.88 28.641 0.1612 274.432
17.89 28.729 0.1605 274.497
17.9 28.732 0.1603 274.515
17.91 28.853 0.1585 274.466
17.92 28.89 0.1651 275.493
17.93 28.959 0.158 274.624
17.94 29.018 0.1608 275.149
17.95 28.977 0.1779 277.459
17.96 28.974 0.1712 276.612
17.97 28.816 0.1726 276.625
17.98 28.71 0.1719 276.427
17.99 28.48 0.1733 276.337
18 28.308 0.1732 276.125
18.01 28.096 0.1735 275.909
18.02 27.686 0.1783 275.994
18.03 27.529 0.1773 275.681
18.04 27.43 0.1736 275.098
18.05 27.408 0.1753 275.331
18.06 27.43 0.1709 274.824
18.07 27.507 0.1705 274.923
18.08 27.569 0.1721 275.269
18.09 27.595 0.1853 277.046
18.1 27.588 0.1724 275.42
18.11 27.533 0.1736 275.543
18.12 27.507 0.1901 277.637
18.13 27.324 0.1697 274.805
18.14 27.269 0.1696 274.754
18.15 27.145 0.1689 274.521
18.16 26.787 0.1661 273.658
18.17 26.578 0.1678 273.623
18.18 26.308 0.1656 272.963
18.19 25.795 0.1614 271.65
18.2 25.514 0.1619 271.333
18.21 25.283 0.1562 270.213
18.22 24.867 0.153 269.145
18.23 24.728 0.1523 268.866
18.24 24.563 0.1532 268.78
18.25 24.303 0.1503 267.983
18.26 24.252 0.1484 267.659
18.27 24.106 0.142 266.488
18.28 23.839 0.1414 266.008
18.29 23.729 0.2158 275.389
18.3 23.601 0.1247 262.94
18.31 23.235 0.1215 261.822
18.32 23.122 0.1218 261.732
18.33 22.987 0.13 262.973
18.34 22.665 0.1211 260.935
18.35 22.482 0.1218 260.795
18.36 21.798 0.1242 260.098
18.37 21.114 0.1439 262.137
18.38 21.056 0.1297 259.818
18.39 20.902 0.1296 259.566
18.4 20.693 0.1281 258.979
18.41 20.576 0.1269 258.604
18.42 20.17 0.128 258.087
18.43 19.625 0.1319 257.753
18.44 19.048 0.1308 256.507
18.45 18.781 0.1301 255.911
18.46 18.25 0.135 255.68
18.47 17.768 0.1359 254.875
18.48 17.497 0.1062 249.185
18.49 16.846 0.1346 252.801
18.5 16.338 0.1362 251.974
18.51 16.056 0.1377 251.61
18.52 16.012 0.1159 247.967
18.53 16.209 0.1438 252.94
18.54 16.806 0.1457 254.577
18.55 17.647 0.1379 255.241
18.56 18.093 0.1179 252.88
18.57 19.015 0.1338 257.43
18.58 19.94 0.1317 258.894
18.59 20.701 0.1309 260.201
18.6 21.059 0.1401 262.362
18.61 21.776 0.1441 264.288
18.62 22.438 0.1413 265.037
18.63 23.041 0.1427 266.309
18.64 23.279 0.1442 266.975
18.65 23.729 0.1458 267.998
18.66 24.197 0.148 269.128
18.67 24.632 0.1477 269.814
18.68 24.903 0.1502 270.657
18.69 25.298 0.1474 270.887
18.7 25.583 0.1485 271.533
18.71 25.828 0.1506 272.264
18.72 26.008 0.1521 272.802
18.73 26.106 0.1595 274.071
18.74 26.308 0.177 276.804
18.75 26.49 0.1661 275.658
18.76 26.615 0.1668 275.982
18.77 26.64 0.1696 276.443
18.78 26.538 0.1708 276.494
18.79 26.355 0.171 276.286
18.8 26.037 0.1666 275.247
18.81 25.7 0.1626 274.216
18.82 25.514 0.158 273.317
18.83 25.291 0.1561 272.737
18.84 25.163 0.156 272.564
18.85 25.177 0.1517 271.993
18.86 25.338 0.1517 272.282
18.87 25.675 0.1493 272.479
18.88 26.337 0.1482 273.352
18.89 26.523 0.1524 274.307
18.9 26.684 0.1489 274.056
18.91 26.743 0.1513 274.548
18.92 26.871 0.1503 274.626
18.93 26.874 0.1609 276.233
18.94 26.878 0.151 274.823
18.95 26.838 0.1513 274.85
18.96 26.761 0.1528 275.002
18.97 26.688 0.1844 279.268
18.98 26.545 0.1552 275.119
18.99 26.457 0.1566 275.233
19 26.103 0.1558 274.623
19.01 25.887 0.1535 273.995
19.02 25.583 0.1524 273.406
19.03 25.24 0.1491 272.418
19.04 24.42 0.147 270.845
19.05 23.879 0.1403 268.967
19.06 23.301 0.141 268.169
19.07 22.679 0.134 266.036
19.08 22.065 0.1423 266.354
19.09 21.33 0.1339 263.757
19.1 19.764 0.1336 260.866
19.11 18.901 0.1305 258.727
19.12 18.005 0.1334 257.431
19.13 17.01 0.1348 255.591
19.14 15.844 0.134 252.903
19.15 12.651 0.1355 245.1
19.16 11.726 0.1347 242.351
19.17 10.628 0.1354 239.082
19.18 9.5311 0.138 235.768
19.19 8.4303 0.1533 233.707
19.2 6.6052 0.143 224.369
19.21 5.8225 0.1425 220.299
19.22 5.0655 0.1447 216.231
19.23 4.451 0.1462 212.454
19.24 3.9097 0.1555 209.627
19.25 3.5111 0.1381 204.408
19.26 3.021 0.1352 199.706
19.27 2.7833 0.1317 196.961
19.28 2.6479 0.1246 194.681
19.29 2.4687 0.0967 188.731
19.3 2.3261 0.0944 186.773
19.31 2.0372 0.0874 182.096
19.32 1.9018 0.0837 179.679
19.33 1.8214 0.0794 177.809
19.34 1.7665 0.0683 174.848
19.35 1.7482 0.0628 173.396
19.36 1.6604 0.054 169.99
19.37 1.6275 0.0509 168.693
19.38 1.5507 0.0447 165.746
19.39 1.5068 0.0419 164.2
19.4 1.4812 0.0394 162.982
19.41 1.4776 0.0353 161.466
19.42 1.4812 0.0309 159.766
19.43 1.4886 0.0272 158.216
19.44 1.4959 0.0244 156.925
19.45 1.4995 0.0213 155.237
19.46 1.4849 0.0196 153.971
19.47 1.4227 0.018 151.967
19.48 1.3057 0.0185 150.464
19.49 1.2289 0.0173 148.348
19.5 1.1813 0.0183 148.219
19.51 1.174 0.0166 146.911
19.52 1.1667 0.0164 146.652
19.53 1.163 0.0161 146.381
19.54 1.1557 0.0169 146.86
19.55 1.1411 0.01 140.35
19.56 1.1338 0.0164 146.132
19.57 1.1118 0.015 144.663
19.58 1.1045 0.0151 144.627
19.59 1.1155 0.0144 144.283
19.6 1.1338 0.0145 144.725
19.61 1.2252 0.017 148.321
19.62 1.4044 0.018 152.008
19.63 1.5288 0.0204 155.51
19.64 1.9018 0.0209 160.823
19.65 2.1469 0.0222 164.502
19.66 2.6845 0.0255 171.876
19.67 2.9113 0.0263 174.367
19.68 3.2587 0.0278 178.065
19.69 3.394 0.0272 178.812
19.7 3.7598 0.0272 181.493
19.71 4.0377 0.0302 184.995
19.72 4.1219 0.0288 184.841
19.73 4.2864 0.0342 188.589
19.74 4.3194 0.0313 187.437
19.75 4.2864 0.0334 188.271
19.76 4.2389 0.0352 188.818
19.77 4.1182 0.041 190.462
19.78 4.0158 0.043 190.553
19.79 3.9756 0.0449 190.99
19.8 3.8695 0.0457 190.554
19.81 3.7817 0.0444 189.496
19.82 3.6427 0.0423 187.745
19.83 3.5696 0.0431 187.516
19.84 3.5184 0.0421 186.788
19.85 3.4855 0.0417 186.413
19.86 3.4709 0.0397 185.566
19.87 3.4416 0.0334 182.72
19.88 3.3428 0.0318 181.239
19.89 3.1965 0.0341 181.149
19.9 3.1271 0.0313 179.32
19.91 3.032 0.032 178.878
19.92 2.9954 0.0282 176.722
19.93 2.9222 0.0359 179.691
19.94 2.8564 0.0301 176.521
19.95 2.8162 0.0366 179.075
19.96 2.7284 0.0397 179.495
19.97 2.6918 0.0317 175.848
19.98 2.6772 0.0373 178.129
19.99 2.7979 0.0232 172.344
20 2.893 0.0327 178.217
20.01 3.0941 0.0337 180.426
20.02 3.2075 0.0348 181.875
20.03 3.4416 0.0402 185.973
20.04 3.6866 0.0437 189.159
20.05 3.7744 0.0487 191.546
20.06 4.1036 0.0488 193.927
20.07 4.3596 0.0488 195.651
20.08 5.1386 0.0517 201.331
20.09 5.647 0.0581 206.105
20.1 6.7954 0.0614 212.677
20.11 7.3879 0.0636 215.914
20.12 8.4778 0.0637 220.294
20.13 9.5348 0.0598 222.91
20.14 10.08 0.0668 226.812
20.15 11.012 0.0604 227.833
20.16 11.561 0.0614 229.781
20.17 11.718 0.0608 230.071
20.18 11.843 0.06 230.201
20.19 11.802 0.0731 233.93
20.2 11.718 0.0579 229.232
20.21 11.51 0.0589 228.999
20.22 11.382 0.0633 230.037
20.23 11.049 0.067 230.172
20.24 10.815 0.0688 230.002
20.25 10.35 0.073 229.712
20.26 9.9078 0.0732 228.356
20.27 9.7652 0.0713 227.413
20.28 9.586 0.0691 226.247
20.29 9.2312 0.0634 223.446
20.3 8.8911 0.0858 227.938
20.31 8.6643 0.0643 221.737
20.32 8.1816 0.0657 220.339
20.33 7.9036 0.067 219.632
20.34 7.3294 0.0688 217.769
20.35 6.9856 0.0683 216.166
20.36 6.4004 0.071 214.179
20.37 5.6909 0.0725 210.981
20.38 5.3398 0.0863 212.137
20.39 4.7765 0.077 206.816
20.4 4.5534 0.0758 205.156
20.41 4.078 0.0695 200.499
20.42 3.8476 0.0678 198.444
20.43 3.3684 0.066 194.271
20.44 3.149 0.064 191.93
20.45 2.7503 0.0575 186.58
20.46 2.6223 0.0535 184.221
20.47 2.3297 0.0484 179.63
20.48 2.0262 0.0424 174.151
20.49 1.8909 0.0356 169.96
20.5 1.7153 0.033 166.56
20.51 1.6202 0.0293 163.593
20.52 1.5434 0.0257 160.713
20.53 1.4995 0.0222 158.13
20.54 1.4264 0.0215 156.6
20.55 1.3349 0.0191 153.612
20.56 1.2984 0.0173 151.766
20.57 1.2764 0.0169 151.119
20.58 1.2252 0.0159 149.491
20.59 1.2142 0.0085 141.736
20.6 1.2106 0.0137 147.435
20.61 1.2033 0.0141 147.68
20.62 1.2106 0.014 147.741
20.63 1.2655 0.0133 148.074
20.64 1.3605 0.0174 153.029
20.65 1.5215 0.0193 156.881
20.66 1.719 0.0216 161.187
20.67 1.8506 0.0226 163.545
20.68 2.1761 0.0245 168.556
20.69 2.3554 0.0255 171.081
20.7 2.6443 0.0236 172.861
20.71 2.7394 0.0252 174.717
20.72 2.7247 0.0259 175.003
20.73 2.6589 0.0299 176.508
20.74 2.5931 0.024 172.709
20.75 2.3517 0.0238 170.2
20.76 2.1944 0.0207 166.589
20.77 1.9201 0.0182 161.697
20.78 1.6531 0.0177 157.903
20.79 1.5507 0.0141 153.544
20.8 1.4373 0.0186 155.435
20.81 1.3935 0.0177 154.128
20.82 1.3386 0.0229 156.578
20.83 1.3496 0.0228 156.727
20.84 1.4227 0.0232 158.172
20.85 1.4666 0.0219 158.126
20.86 1.5946 0.0184 157.762
20.87 1.6092 0.0173 157.182
20.88 1.5873 0.0164 156.197
20.89 1.463 0.014 152.375
20.9 1.3861 0.0128 150.092
20.91 1.3093 0.0121 148.19
20.92 1.2399 0.0107 145.555
20.93 1.1704 0.0102 143.796
20.94 1.1557 0.0103 143.67
20.95 1.1301 0.01 142.875
20.96 1.1265 0.0103 143.18
20.97 1.1265 0.0098 142.607
20.98 1.1338 0.0099 142.88
20.99 1.1192 0.0096 142.267
21 1.1045 0.0098 142.259
21.01 1.0862 0.0096 141.693
21.02 1.0753 0.0091 140.878
21.03 1.0643 0.0078 138.895
21.04 1.0497 0.0092 140.555
21.05 1.035 0.0097 140.907
21.06 1.0424 0.0096 140.949
21.07 1.0533 0.0084 139.619
21.08 1.068 0.0105 142.538
21.09 1.0862 0.0099 142.206
21.1 1.1265 0.0099 142.973
21.11 1.1448 0.0099 143.324
21.12 1.1594 0.0112 145.087
21.13 1.1777 0.0112 145.433
21.14 1.2142 0.0114 146.308
21.15 1.2399 0.0114 146.77
21.16 1.2691 0.0104 146.161
21.17 1.2728 0.0102 146.006
21.18 1.2764 0.0107 146.667
21.19 1.2472 0.0102 145.617
21.2 1.2472 0.01 145.397
21.21 1.2435 0.0107 146.174
21.22 1.2545 0.0107 146.379
21.23 1.2545 0.0102 145.816
21.24 1.2508 0.0104 146.009
21.25 1.2728 0.0092 144.909
21.26 1.2837 0.0104 146.594
21.27 1.2289 0.0106 145.926
21.28 1.2399 0.0131 148.73
21.29 1.2545 0.0137 149.557
21.3 1.2545 0.0146 150.37
21.31 1.2545 0.0136 149.505
21.32 1.2874 0.0136 150.082
21.33 1.5361 -0.0006 -nan
21.34 1.5544 0.0168 156.987
21.35 1.5361 0.0172 157.047
21.36 1.5763 0.0188 158.824
21.37 1.7702 0.021 163.015
21.38 1.9092 0.0174 162.262
21.39 2.0664 0.0302 171.848
21.4 2.4395 0.035 178.201
21.41 2.6735 0.0374 181.59
21.42 2.8747 0.0407 184.817
21.43 3.032 0.0208 176.146
21.44 3.1453 0.0457 189.089
21.45 3.299 0.0467 190.761
21.46 3.4709 0.0456 191.805
21.47 3.7086 0.0459 193.774
21.48 3.9646 0.0424 194.384
21.49 4.2645 0.0361 193.85
21.5 4.9265 0.0413 200.174
21.51 4.9265 0.0427 200.756
21.52 5.3544 0.0471 204.87
21.53 5.4056 0.0503 206.302
21.54 5.38 0.0537 207.313
21.55 5.3361 0.0544 207.319
21.56 5.2557 0.0521 206.15
21.57 5.1532 0.0501 204.924
21.58 5.1569 0.0479 204.208
21.59 5.102 0.0461 203.271
21.6 5.0143 0.0453 202.495
21.61 4.8826 0.046 202.004
21.62 4.729 0.0546 203.99
21.63 4.2864 0.0526 200.526
21.64 4.0487 0.0508 198.336
21.65 3.8293 0.0502 196.582
21.66 3.6098 0.051 195.199
21.67 3.3977 0.051 193.53
21.68 3.2368 0.0601 194.85
21.69 2.9478 0.065 193.526
21.7 2.8381 0.0436 186.207
21.71 2.7906 0.0416 185.054
21.72 2.7503 0.0387 183.583
21.73 2.7101 0.0367 182.411
21.74 2.6735 0.0331 180.52
21.75 2.487 0.0267 175.507
21.76 2.2749 0.0247 172.172
21.77 2.0079 0.0231 168.186
21.78 1.7848 0.0237 165.732
21.79 1.569 0.0252 163.538
21.8 1.4812 0.0254 162.315
21.81 1.5983 0.0267 164.807
21.82 2.0152 0.0307 172.414
21.83 2.2347 0.032 175.627
21.84 2.4504 0.0323 178.134
21.85 2.6735 0.0338 181.088
21.86 2.8857 0.0348 183.559
21.87 3.0466 0.0329 184.16
21.88 3.1344 0.0343 185.581
21.89 3.1344 0.0353 186.049
21.9 3.1161 0.0339 185.291
21.91 3.0685 0.0339 184.904
21.92 2.999 0.0318 183.34
21.93 2.9698 0.0318 183.105
21.94 2.9917 0.0317 183.274
21.95 3.0064 0.0339 184.454
21.96 2.9954 0.0335 184.198
21.97 2.9844 0.0338 184.26
21.98 2.9661 0.0337 184.075
21.99 2.9588 0.0424 187.583
22 2.9259 0.0289 181.426
22.01 2.8747 0.0291 181.092
22.02 2.8418 0.0265 179.412
22.03 2.8016 0.0245 177.902
22.04 2.7613 0.0227 176.43
22.05 2.6882 0.0211 174.706
22.06 2.4431 0.0179 169.997
22.07 2.3005 0.0173 168.075
22.08 2.1432 0.0165 165.736
22.09 2.0335 0.0154 163.566
22.1 1.9494 0.0155 162.682
22.11 1.8799 0.0151 161.503
22.12 1.8031 0.0159 161.247
22.13 1.5983 0.0177 159.912
22.14 1.5288 0.0183 159.353
22.15 1.4556 0.0187 158.536
22.16 1.3935 0.0194 158.046
22.17 1.3423 0.0193 157.148
22.18 1.2947 0.0165 154.327
22.19 1.2545 0.0166 153.724
22.2 1.302 0.016 154.096
22.21 1.4959 0.0177 158.553
22.22 1.697 0.0197 162.925
22.23 1.8726 0.0233 167.596
22.24 2.0518 0.0238 170.137
22.25 2.1652 0.0216 170.104
22.26 2.2566 0.0295 175.637
22.27 2.3261 0.0268 175.025
22.28 2.2932 0.0285 175.584
22.29 2.2054 0.0306 175.658
22.3 2.0957 0.0301 174.155
22.31 2.0408 0.0311 173.984
22.32 2.3517 0.0303 177.211
22.33 2.1944 0.0319 176.228
22.34 2.1066 0.0327 175.578
22.35 1.9786 0.0323 173.843
22.36 1.8323 0.0323 171.952
22.37 1.6861 0.0305 169.118
22.38 1.558 0.0298 166.903
22.39 1.4447 0.0284 164.459
22.4 1.3679 0.0269 162.455
22.41 1.313 0.0259 161.012
22.42 1.2618 0.0252 159.747
22.43 1.2472 0.0244 159.072
22.44 1.1886 0.0232 157.332
22.45 1.1813 0.0235 157.38
22.46 1.1813 0.021 155.933
22.47 1.196 0.0195 155.27
22.48 1.2399 0.0179 154.99
22.49 1.2655 0.0164 154.338
22.5 1.2655 0.0138 152.156
22.51 1.2691 0.0109 149.278
22.52 1.2728 0.0141 152.592
22.53 1.3459 0.0144 154.113
22.54 1.4008 0.0147 155.288
22.55 1.4703 0.0147 156.394
22.56 1.5507 0.0131 156.113
22.57 1.6458 0.0143 158.629
22.58 1.7043 -0.0205 -nan
22.59 1.6422 0.0143 158.618
22.6 1.5873 0.0159 159.262
22.61 1.6751 0.0182 162.335
22.62 1.8397 0.0244 168.625
22.63 2.0664 0.0312 175.035
22.64 2.3371 0.0143 166.989
22.65 3.3684 0.0218 182.32
22.66 3.8695 0.0241 187.58
22.67 4.345 0.0287 193.553
22.68 4.7948 0.0299 197.012
22.69 5.2081 0.0318 200.421
22.7 5.5117 0.0325 202.454
22.71 5.9579 0.0387 207.758
22.72 6.0164 0.0534 213.725
22.73 5.9323 0.0606 215.575
22.74 5.7421 0.0692 216.974
22.75 5.5738 0.0711 216.561
22.76 5.4202 0.076 216.917
22.77 5.3251 0.0773 216.697
22.78 5.2813 0.0655 213.503
22.79 5.4641 0.0645 214.303
22.8 5.5665 0.0652 215.096
22.81 6.0822 0.0687 218.835
22.82 6.8942 0.0713 223.536
22.83 7.6329 0.0302 211.216
22.84 8.2986 0.0765 230.99
22.85 9.6335 0.0739 235.356
22.86 10.069 0.0717 236.293
22.87 10.376 0.0644 235.235
22.88 10.694 0.0769 239.802
22.89 11.086 0.0656 237.91
22.9 12.234 0.0616 240.08
22.91 12.907 0.0573 240.515
22.92 13.474 0.0556 241.432
22.93 13.891 0.056 242.668
22.94 14.278 0.0579 244.337
22.95 14.099 0.0599 244.614
22.96 13.726 0.0586 243.256
22.97 13.448 0.0622 243.776
22.98 13.156 0.0698 245.378
22.99 12.772 0.0782 246.684
23 12.424 0.0926 249.215
23.01 12.124 0.0983 249.607
23.02 11.949 0.1034 250.165
23.03 12.153 0.0998 250.068
23.04 12.655 0.1008 251.769
23.05 13.203 0.0985 252.855
23.06 13.85 0.1057 256.132
23.07 14.911 0.1136 260.458
23.08 15.427 0.1154 262.111
23.09 15.968 0.1137 263.122
23.1 16.67 0.115 265.04
23.11 17.19 0.0514 248.992
23.12 17.852 0.1152 267.77
23.13 18.06 0.1194 269.05
23.14 18.323 0.0914 263.714
23.15 18.803 0.1251 271.734
23.16 19.487 0.1065 269.534
23.17 20.276 0.1328 276.136
23.18 22.156 0.1397 280.899
23.19 23.052 0.1421 282.942
23.2 23.788 0.1537 286.121
23.21 24.907 0.1575 288.642
23.22 25.335 0.1637 290.317
23.23 25.942 0.1627 291.195
23.24 26.092 0.1587 290.868
23.25 26.227 0.1328 286.836
23.26 26.209 0.1426 288.546
23.27 26.117 0.1368 287.44
23.28 25.971 0.157 290.552
23.29 25.415 0.1466 288.036
23.3 25.009 0.1461 287.321
23.31 24.45 0.1858 292.208
23.32 23.605 0.1499 285.618
23.33 23.451 0.1482 285.112
23.34 23.338 0.1495 285.155
23.35 22.807 0.198 290.969
23.36 22.464 0.1537 284.314
23.37 22.061 0.1529 283.485
23.38 21.081 0.1531 281.7
23.39 20.569 0.1452 279.503
23.4 20.006 0.1373 277.129
23.41 19.384 0.1342 275.38
23.42 17.972 0.1328 272.192
23.43 17.208 0.1323 270.442
23.44 16.436 0.1287 268.076
23.45 15.646 0.1264 265.814
23.46 14.853 0.1233 263.317
23.47 14.044 0.1235 261.268
23.48 12.501 0.1208 256.484
23.49 11.802 0.1222 254.642
23.5 11.104 0.1233 252.634
23.51 10.434 0.1238 250.494
23.52 9.8566 0.1244 248.578
23.53 9.3007 0.126 246.8
23.54 8.7594 0.1293 245.234
23.55 7.8816 0.1556 245.312
23.56 7.472 0.1242 238.94
23.57 7.1026 0.1213 236.764
23.58 6.7771 0.1165 234.409
23.59 6.448 0.1098 231.618
23.6 6.0712 0.1031 228.445
23.61 5.6762 0.0968 225.086
23.62 4.8607 0.1025 221.191
23.63 4.4657 0.092 216.577
23.64 4.0926 0.0693 208.915
23.65 3.7049 0.0551 202.074
23.66 3.299 0.0453 195.537
23.67 2.9442 0.0365 188.955
23.68 2.6041 0.0306 182.963
23.69 2.1652 0.0252 175.33
23.7 2.0554 0.022 172.086
23.71 1.9933 0.0203 170.204
23.72 1.9311 0.019 168.519
23.73 1.8726 0.0174 166.57
23.74 1.8579 0.0157 164.983
23.75 1.836 0.0143 163.446
23.76 1.7848 0.0117 160.105
23.77 1.708 0.0088 155.386
23.78 1.5763 0.0094 154.465
23.79 1.5434 0.0075 151.148
23.8 1.5178 0.0072 150.29
23.81 1.5105 0.007 149.852
23.82 1.5068 0.0056 147.061
23.83 1.4922 0.0046 144.488
23.84 1.4959 0.0037 141.961
23.85 1.4666 0.003 139.125
23.86 1.4666 0.0025 137.046
23.87 1.4666 0.0025 137.062
23.88 1.4703 0.002 134.606
23.89 1.463 0.0023 136.098
23.9 1.463 0.0018 133.366
23.91 1.4593 0.0015 131.326
23.92 1.4483 0.002 134.376
23.93 1.441 -0.0005 -nan
23.94 1.4447 0.0018 133.187
23.95 1.4447 0.002 134.375
23.96 1.452 0.0027 137.888
23.97 1.463 0.0029 138.878
23.98 1.4739 0.0028 138.637
23.99 1.4922 0.003 139.699
24 1.558 0.0027 139.359
24.01 1.5873 0.0054 148.046
24.02 1.5946 0.0057 148.829
24.03 1.6129 0.0058 149.307
24.04 1.6495 0.0069 151.988
24.05 1.6934 0.0074 153.472
24.06 1.7117 0.0096 157.093
24.07 1.7263 0.0098 157.573
24.08 1.719 0.0134 161.649
24.09 1.7958 0.0158 164.934
24.1 1.8616 0.0205 169.442
24.11 1.9274 0.0312 176.367
24.12 2.0518 0.035 179.694
24.13 2.1615 0.0435 184.372
24.14 2.348 0.0465 187.643
24.15 2.7321 0.0559 194.764
24.16 2.8454 0.0577 196.447
24.17 2.8893 0.0682 199.661
24.18 2.8637 0.0768 201.409
24.19 2.8564 0.0791 201.853
24.2 2.7869 0.0874 202.838
24.21 2.6918 0.0906 202.455
24.22 2.5785 0.0989 202.701
24.23 2.5346 0.102 202.743
24.24 2.476 0.1002 201.786
24.25 2.4614 0.098 201.265
24.26 2.487 0.0914 200.422
24.27 2.498 0.0889 200.11
24.28 2.4651 0.0835 198.713
24.29 2.3261 0.0794 196.258
24.3 2.1542 0.0735 192.879
24.31 1.9677 0.0713 189.921
24.32 1.87 0.0668 187.535
24.33 1.773 0.0609 184.697
24.34 1.676 0.0583 182.564
24.35 1.578 0.0514 179.12
24.36 1.4812 0.0486 176.689
24.37 1.4995 0.0422 174.955
24.38 1.4849 0.0337 171.489
24.39 1.4812 0.0403 174.017
24.4 1.6348 0.0584 182.061
24.41 1.7775 0.0391 178.239
24.42 2.0262 0.0395 181.807
24.43 2.1505 0.0475 186.229
24.44 2.4248 0.0483 189.761
24.45 2.6626 0.0494 192.718
24.46 2.7138 0.0482 192.874
24.47 2.4139 0.048 189.605
24.48 2.2859 0.0485 188.307
24.49 2.1835 0.049 187.249
24.5 1.9457 0.0489 184.155
24.51 1.9092 0.0483 183.486
24.52 1.825 0.0458 181.514
24.53 1.8214 0.0503 182.904
24.54 1.7994 0.0526 183.285
24.55 1.7738 0.0533 183.129
24.56 1.7555 0.0546 183.244
24.57 1.825 0.0538 184.066
24.58 1.8799 0.0508 183.994
24.59 1.953 0.0492 184.536
24.6 1.9823 0.0456 183.788
24.61 2.0225 0.0415 182.901
24.62 2.0262 0.0466 184.743
24.63 1.9494 0.0506 185.002
24.64 1.8945 0.0524 184.8
24.65 1.836 0.0557 184.925
24.66 1.8141 0.0561 184.737
24.67 1.8031 0.0591 185.398
24.68 1.8653 0.0628 187.27
24.69 1.9384 0.0657 189.039
24.7 2.1103 0.0728 193.029
24.71 2.1542 0.0769 194.509
24.72 2.2822 0.0869 198.159
24.73 2.348 0.0917 199.887
24.74 2.4139 0.0976 201.752
24.75 2.4322 0.1001 202.419
24.76 2.4285 0.1029 202.863
24.77 2.4139 0.1036 202.824
24.78 2.3883 0.1068 203.049
24.79 2.2712 0.1091 201.964
24.8 2.2054 0.1111 201.438
24.81 2.092 0.1109 199.905
24.82 2.0445 0.1124 199.49
24.83 1.9567 0.1117 198.152
24.84 1.9201 0.1115 197.607
24.85 1.847 0.1089 196.142
24.86 1.7921 0.1045 194.644
24.87 1.708 0.0948 191.763
24.88 1.6824 0.0897 190.489
24.89 1.6348 0.0838 188.654
24.9 1.6239 0.0746 186.678
24.91 1.6202 0.071 185.871
24.92 1.6312 0.0661 184.969
24.93 1.6604 0.0634 184.821
24.94 1.7738 0.0564 184.801
24.95 1.8579 0.0513 184.597
24.96 1.9567 0.0622 189.006
24.97 2.0847 0.0496 187.2
24.98 2.1213 0.0477 187.082
24.99 2.3334 0.0499 190.401
25 2.5126 0.0545 193.879
25.01 2.8601 0.0666 200.875
25.02 2.9076 0.0635 200.577
25.03 2.6479 0.0686 199.191
25.04 2.6699 0.0744 200.802
25.05 2.6553 0.0795 201.776
25.06 2.3627 0.0845 199.444
25.07 2.1688 0.0869 197.481
25.08 1.9201 0.093 195.167
25.09 1.9055 0.0954 195.388
25.1 1.8141 0.0938 193.759
25.11 1.7775 0.0928 193.04
25.12 1.7299 0.0871 191.297
25.13 1.7153 0.0842 190.547
25.14 1.6934 0.0815 189.701
25.15 1.6129 0.0793 187.967
25.16 1.569 0.0736 186.084
25.17 1.5544 0.0699 185.058
25.18 1.5617 0.0619 183.34
25.19 1.5983 0.0592 183.292
25.2 1.6275 0.0531 182.135
25.21 1.6714 0.0377 177.718
25.22 1.6751 0.0341 176.315
25.23 1.6824 0.031 175.052
25.24 1.6531 0.0296 173.958
25.25 1.569 0.0291 172.43
25.26 1.5288 0.0284 171.458
25.27 1.4776 0.0281 170.487
25.28 1.449 0.0284 170.177
25.29 1.421 0.0289 169.964
25.3 1.392 0.0291 169.576
25.31 1.363 0.0292 169.13
25.32 1.3349 0.0287 168.4
25.33 1.3423 0.0275 167.954
25.34 1.3386 0.0266 167.442
25.35 1.3386 0.0263 167.302
25.36 1.3276 0.0251 166.474
25.37 1.3057 0.0246 165.816
25.38 1.2728 0.0239 164.829
25.39 1.2655 0.0234 164.422
25.4 1.2691 0.0224 163.91
25.41 1.2691 0.0209 162.985
25.42 1.2764 0.0225 164.142
25.43 1.2874 0.0229 164.604
25.44 1.2911 0.0228 164.63
25.45 1.3093 0.0237 165.513
25.46 1.3203 0.0241 165.961
25.47 1.3496 0.0245 166.733
25.48 1.3898 0.0244 167.401
25.49 1.4191 0.0255 168.54
25.5 1.4812 0.0262 169.984
25.51 1.5105 0.0288 171.83
25.52 1.5544 0.0299 173.098
25.53 1.58 0.0302 173.669
25.54 1.6568 0.0321 175.769
25.55 1.697 0.0339 177.198
25.56 1.7592 0.0358 178.949
25.57 1.7848 0.0382 180.312
25.58 1.7738 0.0414 181.381
25.59 1.8543 -0.0127 -nan
25.6 1.9018 -0.018 -nan
25.61 1.9421 -0.007 -nan
25.62 1.9823 0.011 165.135
25.63 2.0993 0.0399 185.366
25.64 2.3773 0.0394 188.538
25.65 2.8564 0.0401 193.894
25.66 4.3523 0.0375 204.893
25.67 5.2703 0.0361 209.975
25.68 6.0383 0.0324 212.234
25.69 6.4955 0.0307 213.54
25.7 6.7003 0.0288 213.382
25.71 6.7113 0.0302 214.3
25.72 6.5504 0.0326 214.939
25.73 6.2724 0.0357 215.245
25.74 5.8189 0.0426 216.108
25.75 5.3727 0.0476 215.645
25.76 4.9521 0.0562 216.117
25.77 4.5242 0.0676 216.649
25.78 4.1658 0.0678 214.165
25.79 3.8329 0.0631 210.374
25.8 3.5806 0.0643 208.67
25.81 3.3136 0.0701 207.865
25.82 3.021 0.0774 206.836
25.83 2.7174 0.0782 203.902
25.84 2.5675 0.0739 201.315
25.85 2.7394 0.0744 203.338
25.86 2.8345 0.0786 205.298
25.87 2.9771 0.0772 206.467
25.88 3.0466 0.0874 209.327
25.89 3.0612 0.0995 211.766
25.9 3.1783 0.1047 213.841
25.91 3.3465 0.1029 215.147
25.92 3.4306 0.1136 217.725
25.93 3.4782 0.1375 221.675
25.94 3.6354 0.1512 224.885
25.95 3.6135 0.1655 226.409
25.96 3.5184 0.1906 228.231
25.97 3.5184 0.2036 229.512
25.98 3.6135 0.2115 231.151
25.99 3.5806 0.2188 231.524
26 3.4855 0.2108 229.939
26.01 3.3867 0.2093 228.877
26.021 3.2478 0.2071 227.328
26.031 2.8784 0.2004 222.823
26.041 2.6589 0.1694 217.257
26.051 2.4834 0.1998 218.129
26.061 2.2529 0.1947 214.651
26.071 2.1652 0.1938 213.368
26.081 2.0701 0.1853 211.225
26.091 1.964 0.1762 208.777
26.101 1.847 0.1511 204.331
26.111 1.752 0.138 201.28
26.121 1.6568 0.1233 197.826
26.131 1.6092 0.1064 194.617
26.141 1.5507 0.0968 192.085
26.151 1.5617 0.0857 190.363
26.161 1.5873 0.0749 188.702
26.171 1.6458 0.0556 185.063
26.181 1.697 0.0422 181.685
26.191 1.7848 0.0376 181.279
26.201 1.8433 0.0306 179.047
26.211 1.8945 0.0278 178.345
26.221 1.9823 0.0206 175.109
26.231 2.0262 0.0185 174.116
26.241 2.2273 0.0161 174.495
26.251 2.2749 0.0157 174.679
26.261 2.3041 0.0167 175.921
26.271 2.4029 0.0202 179.831
26.281 2.4943 0.0219 182.039
26.291 2.6553 0.0235 184.786
26.301 2.8089 0.0252 187.394
26.311 2.9771 0.0278 190.54
26.321 3.1819 0.0051 167.078
26.331 3.4526 0.0115 180.905
26.341 4.1475 0.0403 206.194
26.351 4.579 0.048 212.241
26.361 5.0179 0.0569 218.145
26.371 5.4275 0.0661 223.416
26.381 5.8481 0.0769 228.716
26.391 6.1883 0.0891 233.453
26.401 6.4553 0.1002 237.208
26.411 6.7149 0.1107 240.57
26.421 6.9527 0.1212 243.634
26.431 7.1392 0.1297 245.973
26.441 7.3367 0.1415 248.763
26.451 7.6585 0.1504 251.606
26.461 8.0353 0.1554 254.069
26.471 8.3425 0.1567 255.649
26.481 8.5985 0.1554 256.613
26.491 8.7558 0.1652 258.624
26.501 8.7777 0.1692 259.259
26.511 8.6899 0.1764 259.811
26.521 8.7411 0.1817 260.699
26.531 8.8655 0.2082 264.234
26.541 9.0886 0.2329 267.694
26.551 9.18 0.2472 269.441
26.561 10.076 0.2304 271.512
26.571 10.398 0.2253 272.266
26.581 11.298 -0.084 -nan
26.591 11.155 0 0
26.601 11.886 0 0
26.611 17.446 0 0
26.621 21.301 0 0
26.631 27.639 0 0
26.641 30.239 0 0
26.651 35.798 0 0
