0.02 2.79 0.005 22.2242
0.04 2.955 0.005 27.171
0.06 2.972 0.007 31.3022
0.0800001 2.973 0.008 34.2889
0.1 2.926 0.01 37.0819
0.12 2.688 0.012 39.1251
0.14 2.608 0.015 41.4229
0.16 2.547 0.016 43.0739
0.18 2.465 0.018 44.7346
0.2 2.415 0.021 46.5214
0.22 2.574 0.022 48.3981
0.24 2.767 0.022 50.1021
0.26 2.869 0.023 51.688
0.28 2.948 0.022 52.7751
0.3 2.957 0.021 53.6128
0.32 2.962 0.021 54.5967
0.34 2.958 0.021 55.5139
0.36 2.964 0.02 56.1909
0.38 1.668 0.014 50.9744
0.4 2.931 0.014 56.0788
0.42 2.969 0.015 57.278
0.44 2.967 0.016 58.3303
0.46 2.96 0.016 59.0355
0.48 2.952 0.015 59.3951
0.5 2.957 0.015 60.0876
0.52 2.994 0.014 60.5069
0.54 3.19 0.014 61.706
0.56 3.318 0.013 62.3018
0.58 3.437 0.013 63.2326
0.6 3.565 0.012 63.7424
0.62 3.684 0.011 64.1648
0.640001 3.805 0.011 65.0356
0.660001 3.916 0.012 66.345
0.680001 4.112 0.013 67.8202
0.700001 4.219 0.015 69.4442
0.720001 4.306 0.016 70.5742
0.740001 4.407 0.017 71.7124
0.760001 4.499 0.021 73.7465
0.780001 4.578 0.022 74.7562
0.800001 4.661 0.023 75.7589
0.820001 4.785 0.024 76.8413
0.840001 4.825 0.025 77.7141
0.860001 4.886 0.026 78.6219
0.880001 4.965 0.026 79.309
0.900001 5.069 0.025 79.7838
0.920001 5.188 0.025 80.5415
0.940001 5.294 0.025 81.2608
0.960001 5.507 0.025 82.2034
0.980001 5.615 0.025 82.9075
1 5.714 0.025 83.5845
1.02 5.813 0.025 84.2541
1.04 5.872 0.025 84.8334
1.06 5.89 0.025 85.3214
1.08 5.72 0.026 85.6842
1.1 5.585 0.027 86.0966
1.12 5.505 0.027 86.3493
1.14 5.465 0.027 86.6842
1.16 5.433 0.027 87.0307
1.18 5.395 0.027 87.3569
1.2 4.992 0.017 83.5132
1.22 5.232 0.018 84.8697
1.24 5.225 0.018 85.2378
1.26 4.947 0.019 85.3293
1.28 4.78 0.02 85.6457
1.3 4.647 0.021 86.0153
1.32 4.543 0.021 86.1001
1.34 4.429 0.021 86.1449
1.36 4.286 0.022 86.4265
1.38 3.997 0.023 86.2283
1.4 3.899 0.023 86.265
1.42 3.856 0.023 86.4676
1.44 3.892 0.022 86.5999
1.46 4.047 0.02 86.7323
1.48 4.3 0.019 87.4505
1.5 4.593 0.018 88.2169
1.52 5.191 0.017 89.6892
1.54 5.523 0.017 90.8229
1.56 5.864 0.017 91.939
1.58 6.203 0.018 93.4583
1.6 6.484 0.018 94.3859
1.62 6.695 0.019 95.5792
1.64 7.011 0.021 97.3521
1.66 7.098 0.023 98.5978
1.68 7.138 0.025 99.696
1.7 7.119 0.026 100.313
1.72 7.067 0.028 101.155
1.74 7.037 0.03 102.003
1.76 7.065 0.031 102.665
1.78 7.105 0.033 103.61
1.8 7.037 0.033 103.788
1.82 6.951 0.034 104.182
1.84 6.909 0.034 104.408
1.86 6.914 0.034 104.733
1.88 6.931 0.035 105.336
1.9 6.896 0.036 105.817
1.92 6.81 0.037 106.175
1.94 6.673 0.037 106.17
1.96 6.495 0.037 106.06
1.98 6.053 0.036 105.046
2 5.806 0.036 104.71
2.02 5.594 0.036 104.439
2.04 5.425 0.037 104.502
2.06 5.315 0.037 104.477
2.08 5.093 0.026 101.104
2.1 5.104 0.026 101.405
2.12 5.081 0.025 101.276
2.14 5.053 0.025 101.459
2.16 5.029 0.024 101.308
2.18 5.012 0.023 101.159
2.2 4.984 0.023 101.335
2.22 4.946 0.023 101.478
2.24 4.92 0.023 101.654
2.26 4.934 0.023 101.947
2.28 5.027 0.023 102.473
2.3 5.091 0.023 102.909
2.32 5.184 0.023 103.426
2.34 5.284 0.022 103.575
2.36 5.338 0.022 103.973
2.38 5.358 0.023 104.659
2.4 5.371 0.023 104.94
2.42 5.381 0.023 105.21
2.44 5.418 0.023 105.555
2.46 5.483 0.023 105.977
2.48 5.662 0.022 106.315
2.5 5.746 0.022 106.778
2.52 5.845 0.022 107.279
2.54 5.938 0.022 107.759
2.56 6.014 0.022 108.193
2.58 6.049 0.023 108.92
2.6 6.065 0.023 109.195
2.62 6.088 0.023 109.488
2.64 6.163 0.024 110.303
2.66 6.263 0.025 111.168
2.68 6.521 0.025 112.049
2.7 6.621 0.026 112.895
2.72 6.719 0.026 113.367
2.74 4.531 0.017 103.604
2.76 6.704 0.02 111.334
2.78 6.905 0.022 112.925
2.8 7.065 0.024 114.349
2.82 7.45 0.026 116.226
2.84 7.667 0.027 117.305
2.86 7.874 0.029 118.689
2.88 8.057 0.031 119.977
2.9 8.235 0.033 121.216
2.92 8.461 0.036 122.808
2.94 8.741 0.035 123.33
2.96 8.985 0.035 124.054
2.98 9.113 0.034 124.24
3 9.161 0.035 124.866
3.02 9.171 0.036 125.41
3.04 9.175 0.037 125.935
3.06 9.132 0.039 126.633
3.08 9.071 0.041 127.269
3.1 9.026 0.043 127.912
3.12 9.038 0.044 128.411
3.14 9.095 0.044 128.756
3.16 9.174 0.045 129.386
3.18 9.314 0.046 130.134
3.2 9.625 0.046 130.979
3.22 9.832 0.045 131.368
3.24 10.055 0.045 132.02
3.26 10.242 0.044 132.35
3.28 10.373 0.043 132.564
3.3 10.403 0.043 132.843
3.32 10.345 0.044 133.214
3.34 10.223 0.046 133.703
3.36 10.048 0.047 133.831
3.38 9.679 0.047 133.332
3.4 9.39 0.047 132.969
3.42 9.033 0.048 132.677
3.44 8.568 0.048 131.885
3.46 7.964 0.054 132.002
3.48 7.223 0.056 130.762
3.5 6.403 0.058 129.094
3.52 5.546 0.06 127.008
3.54 4.119 0.061 122.042
3.56 3.545 0.059 119.289
3.58 3.161 0.051 116.103
3.6 2.633 0.051 113.262
3.62 2.195 0.053 110.858
3.64 1.97 0.054 109.482
3.66 1.941 0.056 109.746
3.68 1.992 0.059 110.804
3.7 1.839 0.059 109.702
3.72 1.649 0.056 107.686
3.74 1.53 0.052 106.034
3.76 1.447 0.052 105.341
3.78 1.338 0.058 105.266
3.8 1.256 0.059 104.613
3.82 1.24 0.06 104.719
3.84 1.361 0.068 107.4
3.86 0.993 0.071 103.151
3.88 0.924 0.072 102.353
3.9 0.845001 0.077 101.755
3.92 0.789 0.078 101.007
3.94 0.742 0.068 99.1217
3.96 0.697 0.061 97.486
3.98 0.658 0.052 95.5392
4 0.624 0.044 93.6337
4.02 0.598 0.037 91.8569
4.04 0.584 0.03 90.0849
4.06 0.58 0.024 88.4617
4.08 0.602 0.019 87.3445
4.1 0.748 0.014 87.9775
4.12 1.273 0.01 92.4815
4.14 1.943 0.009 97.5612
4.16 2.152 0.01 100.013
4.18 2.164 0.013 102.438
4.2 1.837 0.014 100.802
4.22 1.571 0.016 99.79
4.24 1.29 0.017 97.6167
4.26 1.079 0.017 95.2625
4.28 0.814 0.005 82.7263
4.3 0.841 0.002 77.1149
4.32 0.695001 0 0
4.34 0.582 0 0
4.36 0.564 0 0
4.38 0.563 0 0
4.4 0.619 0 0
4.42 0.688 0 0
4.44 0.773 0 0
4.46 0.952 0 0
4.48 1.225 0 0
4.5 1.91 0.001 82.9621
4.52 2.527 0.002 91.6151
4.54 3.581 0.005 104.09
4.56 5.24 0.006 111.773
4.58 7.18 0.006 117.102
4.6 8.907 0.008 123.869
4.62 10.467 0.004 119.821
4.64 11.347 0.004 121.368
4.66 11.922 0.009 130.923
4.68 11.935 0.014 136.009
4.7 11.573 0.02 139.651
4.72 10.874 0.027 142.07
4.74 10.026 0.049 147.731
4.76 9.184 0.057 147.897
4.78 8.405 0.061 147.018
4.8 7.783 0.063 145.96
4.82 7.113 0.064 144.436
4.84 6.859 0.065 144.033
4.86 6.632 0.065 143.501
4.88 6.406 0.063 142.578
4.9 6.356 0.058 141.602
4.92 6.416 0.054 141.112
4.94 6.71 0.05 141.279
4.96 8.266 0.047 145.001
4.98 9.343 0.043 146.657
5 9.815 0.037 146.029
5.02 10.021 0.035 145.952
5.04 10.216 0.036 146.864
5.06 10.269 0.031 145.316
5.08 10.091 0.028 143.886
5.1 9.793 0.029 143.842
5.12 9.627 0.033 145.197
5.14 9.457 0.037 146.369
5.16 9.271 0.04 147.059
5.18 9.083 0.047 148.767
5.2 8.651 0.043 146.794
5.22 8.696 0.043 147.061
5.24 8.759 0.043 147.37
5.26 8.874 0.039 146.608
5.28 9 0.037 146.418
5.3 9.086 0.036 146.439
5.32 9.151 0.035 146.399
5.34 9.203 0.036 147.016
5.36 9.255 0.036 147.288
5.38 9.322 0.037 147.931
5.4 9.406 0.039 148.926
5.42 9.466 0.042 150.138
5.44 9.545 0.043 150.767
5.46 9.593 0.044 151.319
5.48 9.6 0.045 151.773
5.5 9.642 0.046 152.3
5.52 9.675 0.047 152.802
5.54 9.71 0.048 153.304
5.56 9.733 0.049 153.773
5.58 9.782 0.049 154.038
5.6 9.78 0.049 154.187
5.62 9.806 0.049 154.399
5.64 9.857 0.05 154.927
5.66 9.869 0.05 155.107
5.68 9.837 0.05 155.186
5.7 9.712 0.05 155.052
5.72 9.556 0.053 155.594
5.74 9.455 0.056 156.221
5.76 9.446 0.06 157.251
5.78 9.569 0.061 157.913
5.8 9.983 0.061 159.032
5.82 9.321 0.06 157.402
5.84 9.95 0.051 156.905
5.86 10.335 0.051 157.915
5.88 10.477 0.051 158.376
5.9 10.389 0.052 158.589
5.92 10.335 0.053 158.871
5.94 10.268 0.056 159.6
5.96 10.274 0.064 161.548
5.98 10.44 0.066 162.487
6 10.906 0.065 163.456
6.02 11.483 0.062 164.18
6.04 12.619 0.059 165.893
6.06 13.068 0.056 166.161
6.08 13.439 0.053 166.222
6.1 13.728 0.052 166.62
6.12 13.937 0.054 167.66
6.14 14.149 0.055 168.435
6.16 14.34 0.057 169.416
6.18 14.686 0.059 170.64
6.2 14.841 0.061 171.527
6.22 14.991 0.063 172.392
6.24 15.11 0.064 172.969
6.26 15.128 0.066 173.596
6.28 15.163 0.067 174.026
6.3 15.12 0.07 174.744
6.32 14.978 0.073 175.271
6.34 14.974 0.075 175.814
6.36 14.986 0.076 176.182
6.38 14.971 0.078 176.692
6.4 14.96 0.079 177.014
6.42 14.953 0.0800001 177.342
6.44 14.918 0.0800001 177.435
6.46 14.855 0.0800001 177.48
6.48 14.786 0.081 177.697
6.5 14.762 0.081 177.808
6.52 14.779 0.081 177.989
6.54 14.75 0.081 178.09
6.56 14.675 0.081 178.111
6.58 14.578 0.081 178.091
6.6 14.204 0.081 177.576
6.62 13.68 0.0800001 176.583
6.64 12.062 0.084 174.263
6.66 12.275 0.074 173.015
6.68 11.916 0.078 173.177
6.7 11.664 0.079 172.972
6.72 11.524 0.081 173.174
6.74 11.439 0.081 173.133
6.76 11.513 0.0800001 173.257
6.78 11.622 0.078 173.27
6.8 11.785 0.075 173.194
6.82 11.982 0.074 173.555
6.84 12.091 0.072 173.527
6.86 12.068 0.071 173.419
6.88 11.911 0.071 173.232
6.9 11.925 0.071 173.401
6.92 11.968 0.07 173.426
6.94 12.032 0.07 173.699
6.96 12.191 0.069 173.958
6.98 12.384 0.068 174.28
7 12.516 0.067 174.47
7.02 12.609 0.067 174.794
7.04 12.641 0.067 174.996
7.06 12.697 0.068 175.462
7.08 12.719 0.07 176.068
7.1 12.736 0.071 176.448
7.12 12.778 0.072 176.876
7.14 12.793 0.072 177.044
7.16 12.931 0.072 177.455
7.18 13.031 0.072 177.79
7.2 13.109 0.072 178.081
7.22 13.224 0.071 178.235
7.24 13.341 0.071 178.598
7.26 13.494 0.071 179.029
7.28 13.798 0.071 179.742
7.3 13.936 0.071 180.137
7.32 0.501 0.0850001 113.359
7.34 13.723 0.049 174.541
7.36 14.004 0.051 175.768
7.38 14.111 0.054 176.933
7.4 14.149 0.056 177.672
7.42 14.055 0.057 177.896
7.44 13.966 0.059 178.378
7.46 13.794 0.06 178.442
7.48 13.593 0.063 178.923
7.5 13.375 0.064 178.873
7.52 13.139 0.064 178.547
7.54 12.964 0.064 178.335
7.56 12.689 0.064 177.916
7.58 12.519 0.064 177.701
7.6 12.316 0.063 177.181
7.62 12.173 0.062 176.777
7.64 12.092 0.062 176.736
7.66 12.058 0.062 176.793
7.68 12.104 0.062 177.018
7.7 12.275 0.063 177.741
7.72 12.319 0.063 177.96
7.74 12.343 0.064 178.372
7.76 12.444 0.064 178.71
7.78 12.603 0.063 178.93
7.8 12.823 0.062 179.266
7.82 13.033 0.061 179.571
7.84 13.419 0.06 180.207
7.86 13.596 0.06 180.675
7.88 13.764 0.06 181.123
7.9 13.9 0.06 181.508
7.92 13.953 0.06 181.735
7.94 14.044 0.06 182.032
7.96 14.111 0.06 182.285
7.98 14.173 0.06 182.527
8 14.252 0.06 182.8
8.02 14.351 0.06 183.11
8.04 14.36 0.062 183.754
8.06 14.251 0.063 183.924
8.08 14.059 0.064 183.932
8.1 13.714 0.065 183.638
8.12 13.847 0.065 184.02
8.14 14.167 0.065 184.752
8.16 4.525 0.059 155.601
8.18 14.16 0.056 182.711
8.2 14.977 0.055 184.042
8.22 15.176 0.054 184.236
8.24 15.272 0.054 184.528
8.26 15.308 0.056 185.275
8.28 15.211 0.057 185.502
8.3 15.088 0.059 185.943
8.32 14.886 0.061 186.222
8.34 14.249 0.062 185.427
8.36 13.911 0.064 185.4
8.38 13.341 0.064 184.409
8.4 12.458 0.068 183.644
8.42 11.37 0.071 182.016
8.44 9.72 0.074 178.684
8.46 7.854 0.078 174.157
8.48 5.063 0.081 164.109
8.5 3.953 0.083 158.789
8.52 3.275 0.086 155.103
8.54 3.154 0.087 154.514
8.56 3.428 0.091 157.067
8.58 3.33 0.091 156.513
8.6 2.878 0.087 152.787
8.62 2.056 0.083 145.088
8.64 1.9 0.083 143.541
8.66 1.877 0.0900001 144.351
8.68 2.081 0.091 146.74
8.7 3.559 0.063 153.851
8.72 6.37 0.055 165.53
8.74 8.536 0.049 171.113
8.76 10.821 0.046 176.242
8.78 11.401 0.039 175.261
8.8 11.87 0.029 172.098
8.82 12.334 0.028 172.656
8.84 12.774 0.029 174.146
8.86 11.751 0 0
8.88 13.017 0.01 160.017
8.9 13.562 0.017 168.336
8.92 13.865 0.021 171.975
8.94 14.076 0.025 174.976
8.96 14.237 0.032 179.011
8.98 14.568 0.038 182.304
9 14.755 0.044 184.995
9.02 14.856 0.049 186.958
9.04 14.861 0.053 188.307
9.06 14.767 0.061 190.466
9.08 14.68 0.064 191.183
9.1 14.614 0.068 192.142
9.12 14.736 0.069 192.724
9.14 15.496 0.069 194.243
9.16 15.76 0.068 194.598
9.18 15.884 0.067 194.695
9.2 15.618 0.071 195.28
9.22 15.211 0.072 194.883
9.24 14.795 0.073 194.446
9.26 14.346 0.075 194.138
9.28 13.532 0.075 192.627
9.3 13.22 0.075 192.096
9.32 12.977 0.075 191.698
9.34 12.757 0.075 191.341
9.36 12.571 0.075 191.05
9.38 12.416 0.075 190.822
9.4 12.243 0.075 190.55
9.42 12.039 0.075 190.202
9.44 12.021 0.074 190.06
9.46 12.096 0.073 190.127
9.48 12.26 0.07 189.944
9.5 12.421 0.069 190.185
9.52 12.423 0.067 189.835
9.54 12.439 0.066 189.744
9.56 12.45 0.065 189.637
9.58 12.48 0.066 190.055
9.6 12.497 0.07 191.136
9.62 12.459 0.069 190.934
9.64 12.398 0.069 190.909
9.66 12.369 0.067 190.488
9.68 0.922 0.046 127.102
9.7 12.054 0.049 185.118
9.72 12.046 0.054 186.709
9.74 12.016 0.058 187.862
9.76 11.923 0.06 188.29
9.78 11.737 0.06 187.971
9.8 11.602 0.06 187.765
9.82 11.532 0.059 187.445
9.84 11.613 0.058 187.473
9.86 11.775 0.055 187.125
9.88 12.002 0.054 187.46
9.9 12.251 0.05 186.92
9.92 12.559 0.05 187.695
9.94 12.99 0.052 189.331
9.96 14.194 0.049 190.924
9.98 14.677 0.047 191.289
10 15.093 0.046 191.824
10.02 15.452 0.044 191.87
10.04 15.719 0.046 193.164
10.06 15.872 0.053 195.835
10.08 15.891 0.06 198.01
10.1 15.671 0.063 198.526
10.12 15.296 0.068 199.206
10.14 14.743 0.075 199.884
10.16 14.021 0.078 199.202
10.18 13.293 0.0800001 198.203
10.2 12.279 0.081 196.261
10.22 11.949 0.082 195.799
10.24 11.703 0.082 195.319
10.26 11.581 0.081 194.932
10.28 11.636 0.074 193.708
10.3 11.845 0.071 193.642
10.32 12.111 0.067 193.432
10.34 12.49 0.065 193.907
10.36 12.847 0.062 194.036
10.38 13.287 0.062 195.084
10.4 13.772 0.073 198.883
10.42 13.669 0.056 194.438
10.44 14.561 0.052 195.114
10.46 15.392 0.052 196.784
10.48 16.08 0.057 199.651
10.5 16.43 0.059 200.953
10.52 16.595 0.06 201.631
10.54 16.693 0.064 202.996
10.56 16.619 0.075 205.669
10.58 16.582 0.082 207.244
10.6 16.511 0.089 208.642
10.62 16.287 0.094 209.291
10.64 16.177 0.094 209.196
10.66 16.002 0.0950001 209.162
10.68 15.698 0.0950001 208.694
10.7 15.124 0.097 208.045
10.72 14.538 0.097 206.972
10.74 14.041 0.097 206.045
10.76 12.977 0.097 203.825
10.78 12.512 0.097 202.862
10.8 12.243 0.099 202.676
10.82 12.206 0.098 202.521
10.84 12.384 0.0950001 202.523
10.86 12.745 0.093 203.107
10.88 13.887 0.0900001 205.177
10.9 14.249 0.086 205.266
10.92 14.469 0.082 205.011
10.94 14.623 0.081 205.218
10.96 14.966 0.079 205.581
10.98 15.358 0.077 206.013
11 15.96 0.076 207.036
11.02 16.305 0.075 207.55
11.04 16.719 0.074 208.174
11.06 17.256 0.074 209.229
11.08 17.907 0.074 210.453
11.1 18.387 0.076 211.832
11.12 18.968 0.081 214.021
11.14 19.206 0.086 215.584
11.16 19.482 0.092 217.352
11.18 19.802 0.098 219.119
11.2 19.994 0.104 220.621
11.22 20.172 0.108 221.708
11.24 11.157 0.055 192.564
11.26 19.677 0.082 216.125
11.28 20.24 0.0900001 218.8
11.3 20.537 0.0950001 220.356
11.32 20.794 0.101 221.988
11.34 20.905 0.112 224.187
11.36 20.867 0.116 224.894
11.38 20.635 0.125 226.043
11.4 20.275 0.129 226.173
11.42 19.293 0.13 224.816
11.44 19.095 0.13 224.591
11.46 18.921 0.13 224.404
11.48 18.718 0.128 223.876
11.5 18.63 0.125 223.391
11.52 18.864 0.121 223.296
11.54 19.409 0.119 224.011
11.56 19.369 0.117 223.736
11.58 19.276 0.116 223.529
11.6 19.067 0.117 223.445
11.62 18.682 0.12 223.367
11.64 18.176 0.122 222.898
11.66 17.479 0.122 221.752
11.68 17.449 0.122 221.803
11.7 17.368 0.121 221.608
11.72 17.215 0.119 221.124
11.74 17.11 0.118 220.879
11.76 17.143 0.116 220.731
11.78 16.618 0.116 219.848
11.8 16.034 0.116 218.822
11.82 15.394 0.116 217.644
11.84 14.757 0.114 216.113
11.86 14.102 0.113 214.648
11.88 13.446 0.112 213.122
11.9 12.769 0.11 211.325
11.92 11.273 0.107 207.186
11.94 10.313 0.101 203.663
11.96 7.74 0.076 190.937
11.98 8.879 0.074 194.408
12 8.287 0.073 192.357
12.02 7.665 0.073 190.296
12.04 7 0.067 186.576
12.06 6.385 0.063 183.266
12.08 5.864 0.059 180.131
12.1 5.147 0.054 175.562
12.12 4.816 0.049 172.569
12.14 4.495 0.044 169.418
12.16 4.288 0.036 165.561
12.18 4.272 0.034 164.762
12.2 4.659 0.033 166.495
12.22 5.552 0.031 169.944
12.24 8.179 0.03 179.286
12.26 9.207 0.029 181.938
12.28 10.017 0.028 183.707
12.3 10.55 0.031 186.742
12.32 10.604 0.035 188.861
12.34 11.006 0.037 190.841
12.36 11.284 0.039 192.455
12.38 11.47 0.039 192.996
12.4 11.979 0.042 195.495
12.42 12.748 0.053 201.2
12.44 13.214 0.054 202.648
12.46 13.477 0.055 203.625
12.48 13.437 0.055 203.629
12.5 13.501 0.058 204.762
12.52 13.696 0.063 206.693
12.54 14.05 0.072 209.865
12.56 14.791 0.077 212.703
12.58 15.806 0.078 215.071
12.6 17.664 0.082 219.549
12.62 18.246 0.0850001 221.334
12.64 18.584 0.088 222.659
12.66 18.609 0.102 225.554
12.68 18.483 0.109 226.681
12.7 18.6 0.113 227.668
12.72 18.882 0.118 229.085
12.74 19.162 0.12 229.993
12.76 19.167 0.121 230.261
12.78 19.004 0.123 230.392
12.8 18.566 0.126 230.181
12.82 18.038 0.13 229.923
12.84 14.942 0.103 219.575
12.86 16.673 0.106 223.698
12.88 15.731 0.108 222.274
12.9 15.411 0.109 221.883
12.92 15.101 0.111 221.665
12.94 14.655 0.112 220.97
12.96 14.003 0.115 220.104
12.98 13.21 0.119 218.98
13 12.395 0.119 217.074
13.02 11.573 0.118 214.88
13.04 11.316 0.122 214.873
13.06 11.262 0.123 214.963
13.08 11.264 0.113 213.548
13.1 11.468 0.11 213.712
13.12 11.779 0.108 214.301
13.14 12.238 0.106 215.24
13.16 14.245 0.102 219.389
13.18 16.172 0.0950001 222.21
13.2 18.38 0.083 223.908
13.22 20.086 0.082 226.655
13.24 21.205 0.083 228.758
13.26 22.513 0.0850001 231.293
13.28 22.773 0.087 232.222
13.3 22.868 0.093 233.752
13.32 22.918 0.096 234.542
13.34 23.053 0.101 235.832
13.36 23.031 0.103 236.283
13.38 22.782 0.106 236.576
13.4 22.49 0.112 237.32
13.42 22.487 0.121 238.946
13.44 22.43 0.123 239.283
13.46 22.414 0.127 239.996
13.48 11.2 0.002 153.817
13.5 21.627 0.092 232.636
13.52 21.783 0.094 233.39
13.54 21.381 0.097 233.47
13.56 21.02 0.102 233.97
13.58 20.656 0.104 233.856
13.6 20.441 0.105 233.785
13.62 20.302 0.113 235.083
13.64 20.112 0.117 235.541
13.66 19.729 0.122 235.805
13.68 18.772 0.123 234.377
13.7 17.984 0.124 233.186
13.72 17.119 0.128 232.243
13.74 16.321 0.137 232.054
13.76 15.746 0.137 230.952
13.78 15.438 0.137 230.389
13.8 15.319 0.134 229.801
13.82 15.284 0.132 229.531
13.84 15.201 0.131 229.298
13.86 15.2 0.124 228.342
13.88 15.06 0.121 227.665
13.9 14.901 0.119 227.093
13.92 14.674 0.118 226.523
13.94 14.517 0.117 226.103
13.96 14.365 0.117 225.851
13.98 14.22 0.121 226.243
14 13.976 0.123 226.077
14.02 13.779 0.125 226.008
14.04 13.345 0.126 225.207
14.06 12.992 0.127 224.576
14.08 12.634 0.127 223.763
14.1 12.329 0.125 222.77
14.12 12.058 0.122 221.697
14.14 11.863 0.121 221.113
14.16 11.683 0.12 220.561
14.18 11.217 0.119 219.206
14.2 11.034 0.116 218.308
14.22 10.981 0.114 217.927
14.24 11.055 0.111 217.739
14.26 11.187 0.11 218.033
14.28 11.444 0.109 218.666
14.3 12.44 0.108 221.226
14.32 12.977 0.106 222.317
14.34 13.226 0.104 222.66
14.36 13.094 0.061 212.767
14.38 13.828 0.068 216.476
14.4 14.533 0.075 219.901
14.42 14.897 0.081 222.189
14.44 15.251 0.086 224.142
14.46 15.537 0.093 226.297
14.48 15.927 0.097 227.991
14.5 16.34 0.1 229.502
14.52 16.686 0.101 230.475
14.54 16.85 0.104 231.451
14.56 16.862 0.108 232.291
14.58 16.992 0.111 233.168
14.6 17.256 0.116 234.634
14.62 17.433 0.12 235.732
14.64 17.409 0.121 235.938
14.66 17.186 0.121 235.59
14.68 16.816 0.121 234.941
14.7 16.657 0.122 234.87
14.72 16.553 0.125 235.222
14.74 16.528 0.127 235.57
14.76 16.423 0.126 235.288
14.78 16.269 0.126 235.058
14.8 16.228 0.124 234.748
14.82 16.485 0.124 235.368
14.84 16.665 0.121 235.345
14.86 17.074 0.12 236.093
14.88 17.308 0.12 236.645
14.9 17.448 0.119 236.843
14.92 17.606 0.119 237.239
14.94 17.773 0.121 237.98
14.96 17.772 0.122 238.23
14.98 17.815 0.123 238.563
15 17.739 0.124 238.666
15.02 17.882 0.126 239.349
15.04 18.116 0.126 239.886
15.06 18.182 0.143 242.642
15.08 17.799 0.11 236.763
15.1 17.999 0.108 236.87
15.12 18.004 0.111 237.507
15.14 17.921 0.115 238.137
15.16 17.806 0.116 238.175
15.18 17.32 0.126 238.953
15.2 17.199 0.124 238.482
15.22 17.147 0.123 238.305
15.24 17.071 0.123 238.239
15.26 16.908 0.122 237.835
15.28 16.982 0.121 237.909
15.3 17.224 0.128 239.599
15.32 17.515 0.126 239.951
15.34 17.731 0.125 240.302
15.36 17.713 0.125 240.354
15.38 17.51 0.126 240.202
15.4 16.943 0.127 239.309
15.42 16.681 0.131 239.476
15.44 16.377 0.136 239.675
15.46 16.039 0.137 239.188
15.48 15.801 0.136 238.614
15.5 15.748 0.134 238.29
15.52 15.688 0.133 238.096
15.54 15.526 0.133 237.825
15.56 15.464 0.131 237.474
15.58 15.267 0.131 237.121
15.6 15.088 0.132 236.952
15.62 14.952 0.132 236.728
15.64 14.976 0.133 237.016
15.66 15.154 0.132 237.355
15.68 15.333 0.127 237.078
15.7 15.535 0.124 237.137
15.72 15.721 0.121 237.144
15.74 15.945 0.122 237.875
15.76 16.148 0.119 237.899
15.78 16.228 0.123 238.809
15.8 16.324 0.123 239.096
15.82 16.662 0.122 239.724
15.84 17.296 0.123 241.265
15.86 17.243 0.124 241.405
15.88 17.081 0.126 241.483
15.9 17.157 0.13 242.352
15.92 17.471 0.133 243.532
15.94 17.218 0.0900001 235.334
15.96 18.031 0.084 235.629
15.98 18.395 0.092 238.186
16 18.622 0.094 239.117
16.02 19.006 0.098 240.738
16.04 19.399 0.102 242.337
16.06 19.764 0.107 244.043
16.08 19.695 0.114 245.294
16.1 19.395 0.123 246.39
16.12 19.218 0.133 247.756
16.14 19.252 0.136 248.365
16.16 19.334 0.136 248.602
16.18 19.313 0.135 248.496
16.2 19.243 0.134 248.298
16.22 19.04 0.134 248.004
16.24 18.839 0.135 247.864
16.26 18.687 0.135 247.659
16.28 18.643 0.136 247.812
16.3 18.435 0.137 247.647
16.32 17.907 0.137 246.697
16.34 17.743 0.138 246.604
16.36 17.645 0.137 246.342
16.38 17.801 0.134 246.284
16.4 17.996 0.134 246.754
16.42 18.347 0.132 247.216
16.44 18.71 0.131 247.842
16.46 18.863 0.131 248.216
16.48 18.975 0.132 248.669
16.5 19.011 0.132 248.821
16.52 18.938 0.138 249.689
16.54 18.962 0.139 249.968
16.56 19.042 0.141 250.501
16.58 10.205 0.0900001 220.66
16.6 18.754 0.0950001 242.036
16.62 19.316 0.099 243.985
16.64 19.611 0.102 245.208
16.66 19.868 0.103 245.949
16.68 19.732 0.104 245.986
16.7 19.612 0.107 246.434
16.72 19.559 0.12 248.782
16.74 19.279 0.127 249.523
16.76 18.963 0.13 249.497
16.78 18.645 0.131 249.131
16.8 18.274 0.133 248.807
16.82 17.933 0.135 248.523
16.84 17.588 0.137 248.215
16.86 17.183 0.138 247.615
16.88 16.925 0.14 247.453
16.9 16.784 0.139 247.089
16.92 16.456 0.137 246.172
16.94 16.125 0.137 245.534
16.96 16.009 0.141 245.947
16.98 16.074 0.142 246.316
17 16.332 0.141 246.817
17.02 16.928 0.137 247.582
17.04 17.121 0.134 247.611
17.06 17.139 0.133 247.575
17.08 17.192 0.132 247.61
17.1 17.35 0.131 247.86
17.12 17.664 0.131 248.582
17.14 18.036 0.134 249.88
17.16 18.271 0.133 250.272
17.18 18.449 0.132 250.545
17.2 18.421 0.132 250.571
17.22 18.304 0.133 250.58
17.24 18.169 0.135 250.705
17.26 17.952 0.134 250.197
17.28 17.913 0.134 250.199
17.3 17.879 0.134 250.211
17.32 17.929 0.134 250.393
17.34 17.928 0.134 250.471
17.36 17.923 0.134 250.541
17.38 16.749 0.137 248.646
17.4 16.046 0.088 238.256
17.42 17.808 0.091 242.611
17.44 18.086 0.097 244.526
17.46 18.203 0.103 246.056
17.48 18.348 0.107 247.199
17.5 18.311 0.113 248.33
17.52 18.192 0.124 250.101
17.54 18.159 0.129 250.939
17.56 18.147 0.13 251.156
17.58 18.275 0.13 251.49
17.6 18.393 0.128 251.478
17.62 18.426 0.127 251.458
17.64 18.306 0.127 251.301
17.66 18.174 0.128 251.282
17.68 18.086 0.132 251.83
17.7 17.841 0.135 251.885
17.72 17.963 0.136 252.367
17.74 18.058 0.137 252.792
17.76 18.024 0.136 252.648
17.78 17.813 0.137 252.453
17.8 17.702 0.135 251.996
17.82 17.735 0.135 252.142
17.84 17.948 0.134 252.499
17.86 17.92 0.135 252.677
17.88 17.863 0.136 252.795
17.9 17.74 0.137 252.776
17.92 17.853 0.137 253.086
17.94 18.045 0.137 253.554
17.96 18.195 0.136 253.781
17.98 18.604 0.133 254.201
18 18.832 0.132 254.566
18.02 18.897 0.131 254.61
18.04 18.965 0.132 254.981
18.06 19.073 0.133 255.429
18.08 19.156 0.134 255.827
18.1 18.83 0.134 255.274
18.12 11.304 0.098 231.165
18.14 18.259 0.101 248.388
18.16 17.95 0.107 249.047
18.18 17.676 0.111 249.333
18.2 17.612 0.112 249.465
18.22 17.67 0.112 249.659
18.24 17.47 0.116 250.055
18.26 17.444 0.117 250.256
18.28 17.816 0.116 250.915
18.3 17.988 0.114 250.975
18.32 18.258 0.113 251.407
18.34 18.309 0.112 251.398
18.36 18.236 0.115 251.883
18.38 18.007 0.118 252.04
18.4 18.006 0.125 253.326
18.42 18.688 0.127 255.1
18.44 19.258 0.129 256.616
18.46 19.942 0.135 258.965
18.48 20.504 0.145 261.632
18.5 21.025 0.142 262.202
18.52 21.922 0.142 263.863
18.54 24.216 0.144 268.064
18.56 26.244 0.141 270.793
18.58 28.777 0.134 273.332
18.6 30.264 0.149 277.846
18.62 30.1 0.139 276.112
18.64 30.056 0.123 273.341
18.66 29.358 0.117 271.367
18.68 29.288 0.105 268.922
18.7 29.564 0.111 270.614
18.72 29.569 0.121 272.651
18.74 29.348 0.132 274.417
18.76 29.055 0.148 276.724
18.78 28.895 0.165 279.099
18.8 29.12 0.167 279.774
18.82 29.368 0.169 280.476
18.84 29.472 0.178 281.916
18.86 29.411 0.183 282.566
18.88 29.771 0.186 283.528
18.9 29.994 0.189 284.295
18.92 30.199 0.193 285.154
18.94 30.545 0.194 285.829
18.96 30.568 0.2 286.669
18.98 30.313 0.203 286.763
19 30.166 0.211 287.569
19.02 30.527 0.213 288.373
19.04 30.648 0.213 288.621
19.06 31.134 0.213 289.36
19.08 1.138 0.242 181.65
19.1 17.313 0.18 262.367
19.12 31.563 0.166 284.228
19.14 31.956 0.169 285.242
19.16 32.178 0.181 287.244
19.18 32.016 0.185 287.641
19.2 30.845 0.191 286.946
19.22 30.405 0.196 287.052
19.24 29.874 0.208 287.827
19.26 29.406 0.21 287.485
19.28 29.096 0.212 287.356
19.3 28.409 0.21 286.226
19.32 27.655 0.209 285.088
19.34 27.004 0.209 284.194
19.36 26.155 0.211 283.195
19.38 25.073 0.218 282.324
19.4 24.044 0.221 281.025
19.42 23.286 0.219 279.6
19.44 22.796 0.218 278.719
19.46 22.459 0.215 277.881
19.48 22.083 0.213 277.07
19.5 21.692 0.207 275.78
19.52 21.459 0.202 274.871
19.54 21.233 0.2 274.303
19.56 21.06 0.198 273.829
19.58 20.968 0.197 273.619
19.6 20.698 0.194 272.837
19.62 20.212 0.193 271.866
19.64 19.552 0.192 270.529
19.66 18.834 0.209 271.058
19.68 0.58 0.143 159.153
19.7 16.804 0.122 255.108
19.72 16.353 0.125 254.696
19.74 15.689 0.128 253.752
19.76 14.841 0.13 252.126
19.78 13.665 0.13 249.216
19.8 12.101 0.135 245.732
19.82 9.811 0.139 239.066
19.84 8.246 0.141 233.501
19.86 5.255 0.142 219.023
19.88 4.121 0.144 211.794
19.9 3.704 0.147 208.982
19.92 4.28 0.144 213.071
19.94 4.835 0.134 215.61
19.96 4.347 0.135 212.523
19.98 3.661 0.13 206.739
20 9.353 0.112 233.785
20.02 13.371 0.102 244.291
20.04 15.484 0.083 245.333
20.06 16.911 0.072 245.614
20.08 17.809 0.07 246.939
20.1 18.773 0.07 248.89
20.12 19.969 0.074 252.347
20.14 19.788 0.027 231.802
20.16 21.109 0.038 240.784
20.18 21.978 0.067 253.958
20.2 22.812 0.082 259.723
20.22 23.519 0.0950001 264.153
20.24 24.479 0.111 269.216
20.26 24.645 0.13 273.119
20.28 24.875 0.148 276.528
20.3 24.945 0.159 278.371
20.32 25.009 0.174 280.647
20.34 25.343 0.177 281.661
20.36 25.551 0.181 282.594
20.38 25.317 0.187 283.064
20.4 25.249 0.191 283.531
20.42 25.442 0.196 284.53
20.44 25.805 0.2 285.669
20.46 26.087 0.207 287.014
20.48 26.35 0.209 287.737
20.5 26.173 0.213 287.99
20.52 25.208 0.214 286.626
20.54 25.036 0.22 287.081
20.56 25.088 0.221 287.352
20.58 25.157 0.223 287.759
20.6 22.981 0.06 254.714
20.62 25.132 0.195 284.678
20.64 25.468 0.189 284.559
20.66 25.63 0.188 284.77
20.68 25.878 0.188 285.242
20.7 25.993 0.188 285.501
20.72 26.245 0.192 286.476
20.74 26.43 0.196 287.335
20.76 26.653 0.197 287.882
20.78 26.615 0.2 288.262
20.8 26.056 0.202 287.697
20.82 25.966 0.205 287.984
20.84 25.937 0.211 288.706
20.86 25.991 0.215 289.322
20.88 25.889 0.217 289.458
20.9 25.982 0.213 289.236
20.92 26.57 0.21 289.905
20.94 26.698 0.209 290.067
20.96 26.725 0.206 289.838
20.98 26.904 0.206 290.193
21 27.065 0.206 290.52
21.02 27.335 0.205 290.894
21.04 27.77 0.205 291.634
21.06 28.012 0.204 291.956
21.08 27.966 0.206 292.202
21.1 27.741 0.207 292.056
21.12 27.393 0.213 292.297
21.14 27.031 0.216 292.154
21.16 26.802 0.217 291.985
21.18 26.712 0.217 291.92
21.2 26.764 0.215 291.854
21.22 26.495 0.212 291.166
21.24 26.495 0.212 291.242
