0.02 0.376 0 0
0.03 0.1939 0.0004 13.7328
0.04 0.0198 0.0007 11.2208
0.05 0.0178 0.0014 12.4552
0.06 0.0227 0.0029 14.4173
0.07 0.0277 0.0058 16.4055
0.0800001 0.0386 0.0061 17.9343
0.0900001 0.0613 0.0065 19.9125
0.1 0.1089 0.0064 22.2446
0.11 0.4408 0.0083 28.5472
0.12 0.6108 0.0102 31.1828
0.13 1.048 0.0132 35.2093
0.14 1.4689 0.0164 38.4205
0.15 1.7725 0.0198 40.8743
0.16 1.8778 0.0224 42.3945
0.17 1.8899 0.0257 43.6512
0.18 1.9425 0.0284 44.8977
0.19 1.8818 0.0303 45.6148
0.2 1.7806 0.0303 45.9031
0.21 1.6956 0.0311 46.3036
0.22 1.5863 0.031 46.446
0.23 1.4244 0.0309 46.2877
0.24 1.307 0.0305 46.2119
0.25 1.222 0.0301 46.2381
0.26 1.1492 0.0301 46.3334
0.27 1.0763 0.0287 46.1989
0.28 1.0196 0.0287 46.306
0.29 0.9913 0.0273 46.3774
0.3 0.987501 0.0259 46.5862
0.31 0.9859 0.0251 46.8793
0.32 0.9866 0.0249 47.2683
0.33 0.9873 0.0249 47.6792
0.34 0.9994 0.0249 48.161
0.35 0.9994 0.0249 48.5506
0.36 0.9988 0.0264 49.1668
0.37 0.9986 0.0258 49.4467
0.38 1.001 0.0253 49.7508
0.39 1.0034 0.0248 50.0454
0.4 1.0005 0.0254 50.4782
0.41 0.9999 0.0261 50.9366
0.42 0.9996 0.0296 51.8165
0.43 0.9994 0.0311 52.37
0.44 0.9994 0.0327 52.9262
0.45 1.0108 0.0346 53.5962
0.46 1.0222 0.0358 54.1653
0.47 1.049 0.0377 54.9293
0.48 1.1046 0.0401 55.9508
0.49 1.218 0.0421 57.3015
0.5 1.2423 0.0421 57.7884
0.51 1.2463 0.0478 58.7517
0.52 1.2868 0.0505 59.6143
0.53 1.388 0.0534 60.8698
0.54 1.4446 0.0534 61.5401
0.55 1.5175 0.0607 62.9626
0.56 1.5904 0.0651 64.0798
0.57 1.728 0.0693 65.5098
0.58 1.8292 0.0745 66.7698
0.59 1.9142 0.0798 67.9153
0.6 2.0235 0.0848 69.1298
0.61 2.1125 0.0901 70.2334
0.62 2.149 0.0929 70.9061
0.63 2.1773 0.0962 71.5641
0.640001 2.1773 0.1027 72.2701
0.650001 2.1328 0.1049 72.4945
0.660001 2.0761 0.1104 72.8299
0.670001 2.0316 0.1137 73.0861
0.680001 2.0194 0.1167 73.4831
0.69 2.0154 0.1183 73.8445
0.7 2.0114 0.1205 74.233
0.710001 2.0073 0.1204 74.4993
0.720001 2.0073 0.1206 74.7998
0.730001 1.979 0.1207 74.939
0.740001 1.9787 0.1224 75.3089
0.75 1.9788 0.1227 75.6064
0.760001 1.979 0.123 75.9019
0.770001 1.987 0.1234 76.243
0.780001 2.0194 0.1247 76.7624
0.790001 2.0842 0.1257 77.4373
0.800001 2.1166 0.1268 77.9379
0.810001 2.1166 0.1266 78.1972
0.82 2.1611 0.1286 78.8025
0.83 2.1773 0.131 79.2755
0.840001 2.234 0.1329 79.9306
0.850001 2.3028 0.1348 80.6402
0.860001 2.3594 0.1363 81.261
0.870001 2.4728 0.1391 82.2145
0.880001 2.4971 0.1402 82.6465
0.890001 2.4768 0.1407 82.8336
0.900001 2.4525 0.1408 82.9783
0.910001 2.3918 0.1408 82.9338
0.920001 2.323 0.1407 82.8324
0.930001 2.2056 0.1405 82.4538
0.94 2.1773 0.1403 82.5359
0.95 2.1651 0.1388 82.6382
0.960001 2.149 0.1366 82.6801
0.970001 2.1328 0.1343 82.7114
0.980001 2.1044 0.1274 82.4251
0.990001 1.987 0.1237 81.7768
1 1.9709 0.1216 81.793
1.01 1.9575 0.12 81.8488
1.02 1.9578 0.1184 81.9835
1.03 1.9582 0.1181 82.1912
1.04 1.9628 0.118 82.4343
1.05 1.987 0.1192 82.8696
1.06 2.0154 0.1203 83.3219
1.07 2.0599 0.1234 83.9804
1.08 2.0923 0.1271 84.595
1.09 2.2299 0.131 85.8089
1.1 2.3311 0.1345 86.7688
1.11 2.4283 0.1423 87.9119
1.12 2.5133 0.1464 88.7787
1.13 2.5699 0.15 89.4648
1.14 2.6023 0.1519 89.9403
1.15 2.6145 0.159 90.5633
1.16 2.6468 0.1616 91.065
1.17 2.6225 0.1632 91.2362
1.18 2.5983 0.165 91.4136
1.19 2.5618 0.1655 91.4649
1.2 2.489 0.1661 91.3256
1.21 2.4525 0.1662 91.3466
1.22 2.3716 0.1663 91.1192
1.23 2.3756 0.1662 91.3439
1.24 2.3594 0.166 91.4504
1.25 2.3514 0.1632 91.4804
1.26 2.3479 0.1608 91.5507
1.27 2.3467 0.1587 91.6451
1.28 2.3483 0.1565 91.7475
1.29 2.3498 0.1564 91.9498
1.3 2.3594 0.1546 92.1128
1.31 2.3837 0.1537 92.4006
1.32 2.4525 0.1525 92.9157
1.33 2.4728 0.1502 93.1037
1.34 2.5214 0.1502 93.5596
1.35 2.5214 0.1502 93.7532
1.36 2.5416 0.1502 94.0538
1.37 2.5618 0.1515 94.4207
1.38 2.5821 0.1539 94.8433
1.39 2.5983 0.1559 95.2217
1.4 2.6023 0.158 95.5391
1.41 2.5821 0.1589 95.6662
1.42 2.5821 0.1592 95.8694
1.43 2.5497 0.1594 95.8921
1.44 2.5476 0.1594 96.0666
1.45 2.5456 0.1594 96.2408
1.46 2.5497 0.1594 96.4472
1.47 2.5254 0.1594 96.4972
1.48 2.489 0.1535 96.1751
1.49 2.4971 0.1523 96.3374
1.5 2.4687 0.1553 96.5144
1.51 2.4485 0.1584 96.7375
1.52 2.4323 0.1594 96.8733
1.53 2.4121 0.1594 96.9335
1.54 2.408 0.161 97.1662
1.55 2.3959 0.1613 97.2857
1.56 2.3817 0.1613 97.3763
1.57 2.3675 0.1613 97.4655
1.58 2.3473 0.1611 97.5072
1.59 2.323 0.1602 97.4867
1.6 2.2582 0.16 97.2496
1.61 2.2218 0.16 97.1905
1.62 2.1773 0.16 97.0747
1.63 2.151 0.16 97.0709
1.64 2.1459 0.1599 97.1978
1.65 2.1409 0.1598 97.3244
1.66 2.1328 0.1592 97.4044
1.67 2.1303 0.1586 97.52
1.68 2.1295 0.1585 97.6716
1.69 2.1322 0.1574 97.794
1.7 2.135 0.1562 97.9107
1.71 2.1409 0.1549 98.0413
1.72 2.1287 0.1545 98.0985
1.73 2.1085 0.1539 98.0901
1.74 2.0842 0.154 98.0888
1.75 2.0599 0.1529 98.021
1.76 2.0761 0.1517 98.2228
1.77 2.0437 0.1507 98.101
1.78 2.0113 0.15 97.991
1.79 1.9587 0.1497 97.7536
1.8 1.9263 0.1488 97.6213
1.81 1.9182 0.1461 97.5637
1.82 1.8454 0.1447 97.0925
1.83 1.8049 0.1428 96.8238
1.84 1.7725 0.141 96.6159
1.85 1.7199 0.1407 96.3257
1.86 1.7197 0.1373 96.2724
1.87 1.7198 0.1359 96.3347
1.88 1.7199 0.1356 96.4606
1.89 1.8049 0.135 97.2405
1.9 1.8616 0.1329 97.6905
1.91 1.8939 0.1316 97.9956
1.92 1.9951 0.132 98.9014
1.93 2.0275 0.1304 99.1736
1.94 2.0761 0.129 99.5661
1.95 2.0801 0.1268 99.5935
1.96 2.0559 0.1237 99.3625
1.97 2.0599 0.1197 99.2592
1.98 2.0397 0.1148 98.9135
1.99 2.0032 0.1108 98.5038
2 1.9223 0.1087 97.9014
2.01 1.8616 0.1092 97.6225
2.02 1.8494 0.1048 97.3312
2.03 1.8211 0.0978 96.691
2.04 1.7928 0.0915 96.0714
2.05 1.7644 0.0878 95.652
2.06 1.6673 0.0849 94.7388
2.07 1.5863 0.0824 93.9546
2.08 1.5175 0.0814 93.3869
2.09 1.4649 0.0796 92.8647
2.1 1.4643 0.0775 92.776
2.11 1.4661 0.0771 92.875
2.12 1.468 0.0769 92.9944
2.13 1.4973 0.077 93.3916
2.14 1.5377 0.077 93.8725
2.15 1.5377 0.0771 94.0044
2.16 1.5661 0.0777 94.435
2.17 1.6147 0.0782 95.0241
2.18 1.6551 0.0801 95.6757
2.19 1.728 0.0831 96.6893
2.2 1.7239 0.0858 97.0365
2.21 1.6875 0.0893 97.1836
2.22 1.6835 0.0947 97.7487
2.23 1.6632 0.0953 97.7514
2.24 1.6551 0.0955 97.8214
2.25 1.6511 0.0955 97.9085
2.26 1.65 0.0952 97.9942
2.27 1.6505 0.0950001 98.1017
2.28 1.6511 0.0937 98.1142
2.29 1.6632 0.0928 98.2581
2.3 1.6754 0.0904 98.2663
2.31 1.6713 0.0904 98.3502
2.32 1.6349 0.0904 98.1566
2.33 1.6106 0.0911 98.1253
2.34 1.6025 0.0926 98.3044
2.35 1.5979 0.0936 98.4682
2.36 1.6077 0.0945 98.7499
2.37 1.6175 0.0947 98.9701
2.38 1.6389 0.0961 99.395
2.39 1.6997 0.0981 100.206
2.4 1.7523 0.0995 100.882
2.41 1.9061 0.1015 102.399
2.42 1.9547 0.1019 102.923
2.43 1.979 0.1036 103.367
2.44 2.0356 0.107 104.186
2.45 2.0154 0.1083 104.259
2.46 1.9951 0.1088 104.265
2.47 1.9587 0.1085 104.083
2.48 1.8575 0.1081 103.375
2.49 1.7968 0.1055 102.788
2.5 1.7685 0.1005 102.254
2.51 1.7118 0.0954 101.448
2.52 1.6592 0.0946 101.034
2.53 1.562 0.0937 100.19
2.54 1.3758 0.0942 98.5269
2.55 1.3394 0.089 97.7913
2.56 1.2908 0.0822 96.7363
2.57 1.2625 0.0766 95.9676
2.58 1.2342 0.0737 95.4511
2.59 1.2018 0.0658 94.2947
2.6 1.1492 0.0614 93.2509
2.61 1.133 0.0578 92.6927
2.62 1.1046 0.0552 92.0993
2.63 1.0965 0.0518 91.6134
2.64 1.0682 0.0492 90.9748
2.65 1.0372 0.0453 90.0641
2.66 1.0231 0.0405 89.1463
2.67 1.0229 0.0377 88.7065
2.68 1.0374 0.0377 88.9789
2.69 1.052 0.0377 89.2506
2.7 1.0844 0.0382 89.8322
2.71 1.1654 0.0395 91.1156
2.72 1.222 0.0421 92.3223
2.73 1.2746 0.0421 92.9791
2.74 1.303 0.042 93.351
2.75 1.3677 0.0418 94.0626
2.76 1.5094 0.0409 95.3309
2.77 1.7806 0.0378 97.0859
2.78 2.2421 0.029 98.2716
2.79 3.4442 0.0258 103.629
2.8 3.8895 0.0229 104.523
2.81 4.1971 0.0212 105.103
2.82 4.4359 0.0199 105.491
2.83 4.614 0.0193 105.925
2.84 4.7476 0.0193 106.466
2.85 4.865 0.0195 107.037
2.86 4.9014 0.0197 107.348
2.87 4.9217 0.0201 107.696
2.88 4.95 0.0218 108.62
2.89 4.9581 0.0231 109.276
2.9 4.9622 0.0242 109.818
2.91 4.9642 0.0248 110.154
2.92 4.9662 0.0254 110.485
2.93 4.9702 0.0253 110.567
2.94 4.9864 0.0259 110.94
2.95 5.031 0.0263 111.329
2.96 5.0472 0.0268 111.66
2.97 5.1079 0.0269 111.992
2.98 5.1322 0.0267 112.104
2.99 5.1605 0.0266 112.262
3 5.1241 0.0262 112.11
3.01 5.035 0.0239 111.078
3.02 4.7841 0.0238 110.327
3.03 4.6221 0.0239 109.92
3.04 4.4521 0.024 109.467
3.05 4.2578 0.0248 109.163
3.06 4.0555 0.0268 109.201
3.07 3.845 0.0286 109.053
3.08 3.6102 0.0298 108.536
3.09 3.173 0.0311 107.013
3.1 3.003 0.0327 106.707
3.11 2.8776 0.0334 106.336
3.12 2.7804 0.0343 106.14
3.13 2.6954 0.0344 105.787
3.14 2.6428 0.0344 105.58
3.15 2.5659 0.0344 105.225
3.16 2.5255 0.0343 105.052
3.17 2.5055 0.0342 104.999
3.18 2.4972 0.0304 104.016
3.19 2.489 0.0273 103.131
3.2 2.5092 0.0264 103.053
3.21 2.4687 0.0268 103.03
3.22 2.466 0.0256 102.71
3.23 2.4715 0.0243 102.387
3.24 2.4771 0.0221 101.702
3.25 2.5092 0.0193 100.835
3.26 2.5699 0.019 101.138
3.27 2.6023 0.0199 101.798
3.28 2.6185 0.0209 102.392
3.29 2.4971 0.0228 102.52
3.3 2.5004 0.0227 102.589
3.31 2.5037 0.0226 102.657
3.32 2.5224 0.0223 102.739
3.33 2.5618 0.021 102.541
3.34 2.663 0.0201 102.825
3.35 2.7399 0.0199 103.247
3.36 2.7399 0.0199 103.333
3.37 2.6266 0.0199 102.791
3.38 2.4768 0.02 102.052
3.39 2.2947 0.0201 101.061
3.4 2.0963 0.021 100.2
3.41 1.8939 0.0211 98.8652
3.42 1.5296 0.0213 96.0235
3.43 1.3677 0.0216 94.6758
3.44 1.2058 0.0218 93.1203
3.45 1.0561 0.0231 91.8751
3.46 0.9306 0.0259 91.1527
3.47 0.9208 0.0284 91.7879
3.48 0.9177 0.0288 91.9237
3.49 0.9241 0.029 92.1422
3.5 0.9306 0.029 92.3086
3.51 1.052 0.029 94.0275
3.52 1.2625 0.0289 96.5786
3.53 1.5539 0.0287 99.5313
3.54 1.8616 0.0283 102.116
3.55 2.1773 0.028 104.435
3.56 2.1571 0.0273 104.157
3.57 2.1247 0.0228 102.464
3.58 2.1044 0.0215 101.903
3.59 2.0761 0.0203 101.298
3.6 2.0316 0.0202 101.019
3.61 1.8413 0.0202 99.6754
3.62 1.7361 0.0201 98.8698
3.63 1.6025 0.0204 97.9319
3.64 1.4649 0.0207 96.8655
3.65 1.4186 0.0213 96.7218
3.66 1.4099 0.0236 97.5383
3.67 1.4931 0.0247 98.7953
3.68 1.5762 0.0268 100.323
3.69 1.9304 0.0263 103.211
3.7 2.4768 0.0258 106.892
3.71 3.1447 0.0239 110.011
3.72 2.9909 0.0197 107.558
3.73 4.1121 0.0189 112.3
3.74 4.355 0.0188 113.266
3.75 4.4926 0.0188 113.859
3.76 4.525 0.0188 114.061
3.77 4.5574 0.0188 114.263
3.78 4.4602 0.0188 113.993
3.79 4.3752 0.0192 113.96
3.8 4.3024 0.0196 113.964
3.81 4.2417 0.0203 114.147
3.82 4.1566 0.0213 114.354
3.83 4.0838 0.0217 114.323
3.84 4.019 0.0224 114.445
3.85 3.9421 0.0246 115.103
3.86 3.8935 0.0253 115.249
3.87 3.7276 0.0258 114.798
3.88 3.6426 0.0274 115.074
3.89 3.5616 0.0282 115.059
3.9 3.4523 0.0291 114.926
3.91 3.3471 0.0294 114.594
3.92 3.2697 0.0294 114.29
3.93 3.2325 0.0294 114.182
3.94 3.221 0.0278 113.674
3.95 3.2354 0.0264 113.339
3.96 3.2499 0.0236 112.438
3.97 3.2783 0.0236 112.658
3.98 3.2297 0.0236 112.494
3.99 3.1609 0.0236 112.224
4 3.0314 0.0237 111.667
4.01 2.9626 0.0237 111.376
4.02 2.9081 0.0235 111.077
4.03 2.8811 0.0234 110.965
4.04 2.8692 0.0209 109.937
4.05 2.8573 0.0191 109.126
4.06 2.8695 0.0184 108.929
4.07 2.7966 0.0176 108.2
4.08 2.7521 0.0175 107.973
4.09 2.6711 0.0174 107.531
4.1 2.4809 0.0173 106.415
4.11 2.3837 0.0173 105.876
4.12 2.3028 0.0171 105.32
4.13 2.1125 0.017 104.039
4.14 2.0316 0.0173 103.676
4.15 1.9709 0.0175 103.392
4.16 1.7685 0.0181 102.146
4.17 1.7037 0.0194 102.254
4.18 1.5944 0.0202 101.691
4.19 1.4082 0.0202 99.9554
4.2 1.3232 0.0202 99.1289
4.21 1.2463 0.0202 98.3429
4.22 1.0925 0.0198 96.3984
4.23 1.0277 0.0197 95.576
4.24 0.8982 0.0195 93.7221
4.25 0.8415 0.0193 92.8274
4.26 0.7808 0.0191 91.8124
4.27 0.716 0.0189 90.6538
4.28 0.712 0.0183 90.3966
4.29 0.7079 0.0182 90.3389
4.3 0.7079 0.0179 90.2725
4.31 0.7039 0.018 90.299
4.32 0.6999 0.0178 90.1992
4.33 0.6771 0.0178 89.8277
4.34 0.6722 0.0179 89.8333
4.35 0.6699 0.018 89.888
4.36 0.6788 0.0185 90.3222
4.37 0.6877 0.0194 90.908
4.38 0.7484 0.0194 92.0806
4.39 0.7687 0.0194 92.4947
4.4 0.793 0.0193 92.929
4.41 1.1977 0.019 98.5476
4.42 1.5863 0.0182 102.315
4.43 2.6347 0.0182 110.139
4.44 3.0516 0.0182 112.564
4.45 3.2904 0.0179 113.706
4.46 3.3592 0.0177 114.01
4.47 3.2783 0.0179 113.787
4.48 3.0314 0.018 112.634
4.49 2.8371 0.0183 111.787
4.5 2.808 0.0229 113.794
4.51 2.8842 0.0237 114.631
4.52 2.9604 0.0238 115.173
4.53 3.1245 0.023 115.813
4.54 3.6102 0.0221 117.928
4.55 4.2497 0.0212 120.387
4.56 4.2214 0.0208 120.154
4.57 4.1931 0.0207 120.063
4.58 4.2133 0.0219 120.784
4.59 4.1324 0.023 121.013
4.6 4.0109 0.0256 121.646
4.61 3.594 0.0268 120.268
4.62 3.3066 0.0268 118.905
4.63 3.003 0.0269 117.374
4.64 2.7035 0.0271 115.752
4.65 2.4161 0.0281 114.306
4.66 2.153 0.0303 113.199
4.67 1.9385 0.0328 112.306
4.68 1.7828 0.035 111.628
4.69 1.7131 0.0352 111.107
4.7 1.7373 0.0351 111.371
4.71 1.7614 0.035 111.632
4.72 2.0275 0.0337 113.625
4.73 2.3959 0.0301 115.369
4.74 3.0921 0.0269 118.641
4.75 3.3835 0.0262 119.997
4.76 3.5616 0.0259 120.841
4.77 3.5819 0.0238 120.163
4.78 3.6507 0.0234 120.393
4.79 3.6588 0.0233 120.458
4.8 3.6628 0.0233 120.547
4.81 3.7073 0.0223 120.386
4.82 3.7397 0.022 120.471
4.83 3.8774 0.0229 121.575
4.84 3.9745 0.0238 122.471
4.85 4.0028 0.0257 123.453
4.86 4.0271 0.0286 124.736
4.87 4.0231 0.0288 124.862
4.88 4.0529 0.029 125.138
4.89 4.0828 0.0291 125.377
4.9 4.1728 0.0293 125.915
4.91 4.4562 0.0298 127.363
4.92 5.2253 0.0299 130.427
4.93 5.63 0.0299 131.91
4.94 6.1643 0.03 133.756
4.95 6.306 0.03 134.27
4.96 6.476 0.0301 134.898
4.97 6.5367 0.0302 135.193
4.98 6.5651 0.0302 135.353
4.99 6.5408 0.0302 135.356
5 6.4477 0.0302 135.152
5.01 6.3627 0.03 134.894
5.02 6.2412 0.03 134.595
5.03 6.1401 0.0301 134.39
5.04 6.1077 0.0302 134.399
5.05 6.0874 0.0313 134.809
5.06 6.0834 0.0317 135.013
5.07 6.0712 0.0323 135.259
5.08 6.0591 0.0323 135.295
5.09 6.0065 0.0333 135.542
5.1 5.962 0.0347 135.936
5.11 5.9336 0.0369 136.613
5.12 5.8446 0.038 136.724
5.13 5.7758 0.0387 136.773
5.14 5.7434 0.0391 136.853
5.15 5.6948 0.0391 136.76
5.16 5.6381 0.0391 136.637
5.17 5.6017 0.0391 136.583
5.18 5.5207 0.0391 136.37
5.19 5.5207 0.0391 136.443
5.2 5.5005 0.039 136.415
5.21 5.4843 0.0389 136.401
5.22 5.4398 0.0389 136.313
5.23 5.3467 0.0389 136.047
5.24 5.0957 0.0389 135.18
5.25 4.9055 0.0389 134.513
5.26 4.7112 0.0396 134.002
5.27 4.4845 0.0396 133.124
5.28 4.27 0.0395 132.23
5.29 4.0635 0.0394 131.33
5.3 3.8247 0.0391 130.176
5.31 3.5738 0.0383 128.756
5.32 3.3269 0.0371 127.165
5.33 2.7237 0.0357 123.223
5.34 2.4363 0.0354 121.239
5.35 2.1732 0.0352 119.266
5.36 1.9061 0.0352 117.095
5.37 1.6916 0.0352 115.159
5.38 1.5216 0.0352 113.475
5.39 1.3758 0.0352 111.898
5.4 1.1613 0.035 109.205
5.41 1.0723 0.0349 107.988
5.42 0.9994 0.0349 106.954
5.43 0.9743 0.0347 106.566
5.44 0.9722 0.0346 106.562
5.45 0.9737 0.0347 106.666
5.46 0.9751 0.0342 106.613
5.47 1.0682 0.0334 107.865
5.48 1.1451 0.0327 108.813
5.49 1.2463 0.0303 109.508
5.5 1.2868 0.029 109.668
5.51 1.3151 0.0286 109.941
5.52 1.3232 0.0284 110.029
5.53 1.3121 0.0282 109.886
5.54 1.3116 0.0282 109.935
5.55 1.3111 0.0282 109.985
5.56 1.3027 0.0279 109.84
5.57 1.3032 0.0272 109.669
5.58 1.3037 0.0261 109.353
5.59 1.307 0.0253 109.165
5.6 1.3313 0.0233 108.761
5.61 1.3556 0.022 108.579
5.62 1.3556 0.0213 108.341
5.63 1.3354 0.0212 108.118
5.64 1.2665 0.0213 107.391
5.65 1.2423 0.0213 107.146
5.66 1.1937 0.0224 107.032
5.67 1.0723 0.0245 106.233
5.68 1.0196 0.0249 105.659
5.69 1.0163 0.0249 105.661
5.7 1.0596 0.0248 106.314
5.71 1.1028 0.0246 106.907
5.72 1.1896 0.0243 108.022
5.73 1.3111 0.0246 109.711
5.74 1.4446 0.0242 111.156
5.75 1.5985 0.0238 112.686
5.76 1.6227 0.0223 112.375
5.77 1.6025 0.0217 111.972
5.78 1.6096 0.0211 111.836
5.79 1.6166 0.0178 110.387
5.8 1.6551 0.0165 110.117
5.81 1.6673 0.0171 110.615
5.82 1.6349 0.0165 110.028
5.83 1.4446 0.0165 108.136
5.84 1.3232 0.0165 106.829
5.85 1.2544 0.0166 106.115
5.86 1.0925 0.0173 104.432
5.87 1.0196 0.0203 104.833
5.88 1.0034 0.0276 107.35
5.89 1.0349 0.0291 108.356
5.9 1.0664 0.0305 109.302
5.91 1.1314 0.0304 110.259
5.92 1.2625 0.0303 112.036
5.93 1.5742 0.0294 115.417
5.94 1.9992 0.0273 118.78
5.95 2.7521 0.0258 123.849
5.96 2.9383 0.0258 125.08
5.97 2.9747 0.0258 125.361
5.98 2.8614 0.0258 124.72
5.99 2.7521 0.0283 125.038
6 2.6225 0.0283 124.23
6.01 2.3635 0.0281 122.368
6.02 2.2663 0.0279 121.615
6.03 2.2572 0.0269 121.232
6.04 2.2748 0.0243 120.401
6.05 2.2924 0.0242 120.548
6.06 2.3311 0.0246 121.06
6.07 2.3594 0.0251 121.529
6.08 2.323 0.0276 122.275
6.09 2.2178 0.0285 121.842
6.1 2.1166 0.0283 121.01
6.11 2.1214 0.0282 121.069
6.12 2.1262 0.0277 120.983
6.13 2.1449 0.0238 119.67
6.14 2.3028 0.0219 120.121
6.15 2.5173 0.0217 121.634
6.16 2.6104 0.0214 122.185
6.17 2.5861 0.0216 122.17
6.18 2.5011 0.0217 121.685
6.19 2.3837 0.0226 121.309
6.2 2.2097 0.0245 120.855
6.21 2.0316 0.0286 121.003
6.22 1.9792 0.0319 121.703
6.23 2.0142 0.0324 122.223
6.24 2.0491 0.0321 122.486
6.25 2.1206 0.0318 123.051
6.26 2.6914 0.0311 127.169
6.27 3.3633 0.0278 130.154
6.28 3.9947 0.0262 132.821
6.29 4.4683 0.0264 135.127
6.3 4.7233 0.0265 136.314
6.31 4.8812 0.0268 137.15
6.32 5.0148 0.0269 137.787
6.33 5.1726 0.0269 138.464
6.34 5.2374 0.0269 138.774
6.35 5.3345 0.0267 139.116
6.36 5.4196 0.0266 139.451
6.37 5.5369 0.0267 139.986
6.38 5.6138 0.0268 140.369
6.39 5.6543 0.028 141.089
6.4 5.5774 0.0298 141.604
6.41 5.4519 0.0313 141.781
6.42 5.2576 0.0327 141.617
6.43 5.1038 0.0352 141.942
6.44 4.9257 0.0368 141.802
6.45 4.7719 0.0374 141.407
6.46 4.606 0.0375 140.78
6.47 4.4643 0.0374 140.177
6.48 4.4053 0.0373 139.938
6.49 4.3797 0.0367 139.692
6.5 4.3774 0.0348 139.124
6.51 4.4148 0.0315 138.204
6.52 4.4521 0.0296 137.716
6.53 4.529 0.0288 137.8
6.54 4.5452 0.0278 137.525
6.55 4.5209 0.0273 137.27
6.56 4.4481 0.0271 136.923
6.57 4.3024 0.0268 136.2
6.58 4.2214 0.0261 135.586
6.59 4.1081 0.026 135.07
6.6 4.0352 0.026 134.779
6.61 3.9502 0.026 134.423
6.62 3.8652 0.026 134.059
6.63 3.8045 0.026 133.81
6.64 3.7438 0.0261 133.599
6.65 3.6831 0.0265 133.509
6.66 3.5333 0.0266 132.81
6.67 3.4847 0.0267 132.642
6.68 3.3957 0.0274 132.489
6.69 3.3228 0.0286 132.603
6.7 3.2297 0.0288 132.193
6.71 3.1204 0.0288 131.594
6.72 3.0314 0.0286 131.025
6.73 2.9261 0.0284 130.337
6.74 2.8411 0.0279 129.647
6.75 2.7197 0.0278 128.849
6.76 2.6671 0.0278 128.54
6.77 2.5659 0.0278 127.878
6.78 2.4525 0.0278 127.101
6.79 2.2866 0.0289 126.284
6.8 2.1368 0.0289 125.109
6.81 2.0397 0.029 124.36
6.82 1.9466 0.0288 123.506
6.83 1.8089 0.0286 122.187
6.84 1.7978 0.0279 121.877
6.85 1.7867 0.0237 120.175
6.86 1.7887 0.0221 119.546
6.87 1.7806 0.0221 119.516
6.88 1.7361 0.022 119.085
6.89 1.7158 0.0222 119.021
6.9 1.5863 0.0223 117.775
6.91 1.5054 0.0233 117.365
6.92 1.4244 0.0248 117.087
6.93 1.3839 0.0251 116.765
6.94 1.382 0.0256 116.981
6.95 1.3866 0.0268 117.531
6.96 1.3913 0.0283 118.169
6.97 1.4163 0.029 118.761
6.98 1.5013 0.0293 119.912
6.99 1.6551 0.0294 121.691
7 1.7158 0.0294 122.373
7.01 1.7563 0.0294 122.833
7.02 1.8089 0.0281 122.942
7.03 1.8939 0.0269 123.358
7.04 1.979 0.0261 123.878
7.05 2.0437 0.0261 124.503
7.06 2.1247 0.026 125.211
7.07 2.1449 0.0253 125.147
7.08 2.1166 0.0245 124.623
7.09 2.068 0.0238 123.956
7.1 2.0154 0.0238 123.545
7.11 1.9749 0.0238 123.233
7.12 1.9304 0.0238 122.877
7.13 1.898 0.0255 123.332
7.14 1.8899 0.0272 123.968
7.15 1.8009 0.0283 123.565
7.16 1.7604 0.031 124.146
7.17 1.7361 0.0332 124.655
7.18 1.7366 0.0335 124.802
7.19 1.7371 0.0336 124.886
7.2 1.7381 0.0334 124.883
7.21 1.7442 0.0331 124.9
7.22 1.8859 0.0317 125.908
7.23 1.9749 0.0298 126.145
7.24 2.1125 0.0274 126.537
7.25 2.1732 0.0262 126.63
7.26 2.1935 0.0256 126.604
7.27 2.1368 0.0253 126.052
7.28 2.0721 0.0259 125.788
7.29 1.9911 0.0265 125.354
7.3 1.8089 0.0264 123.642
7.31 1.7037 0.0268 122.78
7.32 1.6187 0.0271 122.038
7.33 1.6112 0.0277 122.225
7.34 1.6151 0.0278 122.351
7.35 1.619 0.0279 122.476
7.36 1.6268 0.0282 122.716
7.37 1.6713 0.0285 123.349
7.38 1.6551 0.0284 123.187
7.39 1.7078 0.0289 123.971
7.4 1.7482 0.0294 124.613
7.41 1.6956 0.0294 124.113
7.42 1.6673 0.0294 123.859
7.43 1.6227 0.0294 123.422
7.44 1.5823 0.0293 122.986
7.45 1.5216 0.0286 122.095
7.46 1.4689 0.0291 121.698
7.47 1.4204 0.0273 120.514
7.48 1.3515 0.0263 119.327
7.49 1.2665 0.0254 117.918
7.5 1.222 0.0249 117.162
7.51 1.1654 0.0247 116.33
7.52 1.0925 0.0246 115.256
7.53 1.0541 0.0246 114.706
7.54 1.0156 0.0246 114.136
7.55 0.9711 0.0245 113.405
7.56 0.9569 0.0245 113.206
7.57 0.9573 0.0246 113.293
7.58 0.9578 0.0246 113.343
7.59 0.9589 0.0248 113.48
7.6 0.9832 0.0269 114.704
7.61 1.0034 0.0284 115.604
7.62 1.0075 0.0297 116.145
7.63 1.0196 0.031 116.803
7.64 1.0682 0.0317 117.851
7.65 1.1492 0.033 119.54
7.66 1.2665 0.0341 121.6
7.67 1.4204 0.0342 123.7
7.68 1.7118 0.0343 127.146
7.69 1.8009 0.0344 128.156
7.7 1.8454 0.0344 128.653
7.71 1.8859 0.035 129.289
7.72 1.9061 0.0357 129.747
7.73 1.9061 0.037 130.181
7.74 1.8656 0.0377 130.028
7.75 1.7847 0.0378 129.276
7.76 1.7563 0.0373 128.881
7.77 1.7381 0.0367 128.56
7.78 1.7371 0.0356 128.27
7.79 1.7361 0.0331 127.53
7.8 1.732 0.0312 126.907
7.81 1.7037 0.0298 126.168
7.82 1.6713 0.0279 125.177
7.83 1.5823 0.0249 123.068
7.84 1.5135 0.0217 120.934
7.85 1.4204 0.0198 118.966
7.86 1.3637 0.0182 117.485
7.87 1.2544 0.0171 115.52
7.88 1.2058 0.0171 114.906
7.89 1.1734 0.0171 114.496
7.9 1.1087 0.0171 113.605
7.91 1.0722 0.0176 113.37
7.92 1.066 0.0188 113.938
7.93 1.0642 0.0214 115.185
7.94 1.0683 0.0248 116.713
7.95 1.0723 0.0285 118.176
7.96 1.5175 0.0305 124.982
7.97 1.8089 0.0327 128.974
7.98 2.1409 0.0327 132.188
7.99 2.4647 0.0328 134.977
8 2.7561 0.0325 137.11
8.01 2.9868 0.0323 138.683
8.02 3.1528 0.0296 138.804
8.03 3.4726 0.027 139.724
8.04 3.6628 0.0244 139.669
8.05 3.8328 0.0211 138.943
8.06 3.9219 0.0171 137.034
8.07 3.8854 0.0162 136.282
8.08 3.7883 0.0171 136.446
8.09 3.6345 0.0179 136.197
8.1 3.4442 0.0199 136.39
8.11 3.0314 0.0238 135.961
8.12 2.8816 0.0283 136.978
8.13 2.8591 0.0293 137.266
8.14 2.8513 0.0297 137.414
8.15 2.8624 0.0297 137.538
8.16 2.8735 0.0296 137.623
8.17 2.9828 0.0294 138.334
8.18 3.0516 0.0291 138.717
8.19 3.0799 0.0289 138.869
8.2 3.1326 0.0288 139.216
8.21 3.3673 0.0274 140.138
8.22 3.5778 0.0274 141.414
8.23 3.7802 0.0274 142.588
8.24 3.9381 0.0274 143.479
8.25 4.0878 0.0298 145.312
8.26 4.2336 0.0299 146.137
8.27 4.525 0.0298 147.553
8.28 4.691 0.0296 148.287
8.29 4.8124 0.0286 148.459
8.3 4.9379 0.0276 148.619
8.31 4.9864 0.0276 148.878
8.32 4.9824 0.0276 148.911
8.33 4.9095 0.0278 148.734
8.34 4.8245 0.0281 148.543
8.35 4.7517 0.0283 148.355
8.36 4.5412 0.0292 147.824
8.37 4.3874 0.0301 147.513
8.38 4.2376 0.0336 148.175
8.39 4.0838 0.0386 149.149
8.4 3.8693 0.0423 149.176
8.41 3.5981 0.0457 148.625
8.42 3.3511 0.0473 147.581
8.43 3.1164 0.0481 146.298
8.44 2.8006 0.0477 144.012
8.45 2.7978 0.0472 143.912
8.46 2.8227 0.0461 143.861
8.47 2.8475 0.0434 143.368
8.48 2.8978 0.0403 142.893
8.49 3.0921 0.0365 143.098
8.5 3.3673 0.0326 143.557
8.51 4.1486 0.0299 146.924
8.52 4.4724 0.0274 147.496
8.53 4.7962 0.0262 148.482
8.54 5.0472 0.0258 149.434
8.55 5.2455 0.0261 150.459
8.56 5.292 0.0263 150.795
8.57 5.3386 0.0278 151.733
8.58 5.4074 0.0283 152.288
8.59 5.4803 0.0283 152.632
8.6 5.5815 0.0296 153.657
8.61 5.7636 0.031 155.014
8.62 5.9741 0.032 156.279
8.63 6.2453 0.0327 157.615
8.64 7.071 0.0338 160.953
8.65 7.6215 0.0339 162.793
8.66 8.2449 0.0339 164.699
8.67 8.9937 0.0339 166.827
8.68 9.8316 0.0349 169.444
8.69 10.678 0.0363 172.089
8.7 11.435 0.0411 175.656
8.71 12.572 0.0432 178.867
8.72 13.009 0.0454 180.551
8.73 13.446 0.0471 182.026
8.74 13.839 0.05 183.752
8.75 14.142 0.053 185.28
8.76 14.325 0.0582 187.134
8.77 14.624 0.0607 188.409
8.78 14.782 0.0629 189.321
8.79 14.851 0.0643 189.855
8.8 14.875 0.066 190.372
8.81 14.871 0.0693 191.2
8.82 14.855 0.0703 191.458
8.83 14.778 0.0705 191.421
8.84 14.738 0.0708 191.474
8.85 14.709 0.0711 191.547
8.86 14.7016 0.0711 191.593
8.87 14.7004 0.0726 191.984
8.88 14.713 0.0726 192.068
8.89 14.7255 0.0731 192.262
8.9 14.794 0.0735 192.538
8.91 14.895 0.0745 193.003
8.92 14.984 0.0746 193.251
8.93 15.053 0.0758 193.696
8.94 15.037 0.0774 194.064
8.95 15.033 0.0774 194.116
8.96 15.021 0.0781 194.3
8.97 15.021 0.0792 194.586
8.98 15.009 0.0802 194.828
8.99 14.972 0.0811 195
9 14.948 0.0825001 195.293
9.01 14.912 0.0831 195.403
9.02 14.9187 0.0832 195.496
9.03 14.9254 0.0833 195.588
9.04 14.9444 0.0832 195.664
9.05 14.984 0.0831 195.78
9.06 14.964 0.083 195.782
9.07 15.005 0.0829 195.9
9.08 15.041 0.0828 196.008
9.09 15.082 0.0829 196.165
9.1 15.243 0.0829 196.525
9.11 15.721 0.0829 197.461
9.12 15.996 0.0829 198.015
9.13 16.203 0.0829 198.442
9.14 16.373 0.0829 198.801
9.15 16.454 0.0829 199.003
9.16 16.506 0.0829 199.154
9.17 16.425 0.083 199.093
9.18 16.413 0.0833 199.192
9.19 16.365 0.0845 199.406
9.2 16.255 0.0858 199.526
9.21 16.106 0.0869 199.533
9.22 15.612 0.0869 198.7
9.23 15.276 0.0869 198.138
9.24 14.883 0.0867 197.417
9.25 14.438 0.0865 196.578
9.26 13.989 0.0850001 195.459
9.27 13.054 0.0838 193.351
9.28 12.629 0.0827 192.278
9.29 12.272 0.0808 191.173
9.3 11.981 0.078 190.012
9.31 11.864 0.0746 189.098
9.32 11.8061 0.0701 188.045
9.33 11.786 0.0675 187.465
9.34 11.9505 0.0658 187.497
9.35 12.115 0.065 187.731
9.36 12.6 0.0647 188.779
9.37 13.114 0.0646 189.901
9.38 13.863 0.0648 191.532
9.39 14.017 0.0649 191.918
9.4 14.114 0.0653 192.264
9.41 14.219 0.0661 192.721
9.42 14.284 0.0688 193.548
9.43 14.296 0.0711 194.159
9.44 14.264 0.073 194.58
9.45 14.195 0.0748 194.896
9.46 14.074 0.0758 194.929
9.47 13.96 0.0766 194.928
9.48 13.726 0.0787 194.949
9.49 13.592 0.0792 194.834
9.5 13.458 0.0792 194.613
9.51 13.288 0.0793 194.334
9.52 13.126 0.0789 193.967
9.53 12.944 0.0786 193.572
9.54 12.576 0.0774 192.579
9.55 12.406 0.0768 192.134
9.56 12.248 0.0758 191.626
9.57 12.222 0.0745 191.348
9.58 12.2199 0.0732 191.118
9.59 12.2545 0.0711 190.789
9.6 12.289 0.0696 190.583
9.61 12.511 0.0691 191.016
9.62 12.799 0.0685 191.559
9.63 13.05 0.0671 191.821
9.64 13.236 0.065 191.76
9.65 13.353 0.0651 192.083
9.66 13.333 0.0647 191.999
9.67 13.248 0.0586 190.303
9.68 13.207 0.0574 189.945
9.69 13.114 0.0573 189.779
9.7 12.973 0.0573 189.538
9.71 12.908 0.0574 189.483
9.72 12.876 0.0584 189.742
9.73 12.827 0.059 189.853
9.74 12.6935 0.0598 189.834
9.75 12.56 0.0608 189.861
9.76 12.576 0.0623 190.336
9.77 12.523 0.0638 190.651
9.78 12.507 0.0647 190.893
9.79 12.505 0.0669 191.475
9.8 12.503 0.0666 191.453
9.81 12.507 0.0673 191.683
9.82 12.483 0.0685 191.966
9.83 12.495 0.0686 192.07
9.84 12.471 0.0693 192.234
9.85 12.487 0.0698 192.438
9.86 12.434 0.0701 192.444
9.87 12.374 0.0709 192.545
9.88 12.3739 0.0713 192.69
9.89 12.3739 0.0714 192.766
9.9 12.374 0.0714 192.821
9.91 12.442 0.0713 193.005
9.92 12.511 0.0712 193.19
9.93 12.71 0.0708 193.593
9.94 12.625 0.0689 193.023
9.95 12.71 0.0688 193.24
9.96 12.969 0.0687 193.833
9.97 13.09 0.0683 194.052
9.98 13.244 0.0682 194.41
9.99 13.292 0.0682 194.565
10 13.523 0.0665 194.693
10.01 13.649 0.0657 194.811
10.02 13.968 0.0654 195.44
10.03 14.13 0.0653 195.795
10.04 14.276 0.0653 196.139
10.05 14.584 0.0652 196.772
10.06 14.729 0.0652 197.107
10.07 14.972 0.0652 197.627
10.08 15.11 0.0653 197.968
10.09 15.195 0.0655 198.233
10.1 15.535 0.0654 198.895
10.11 15.705 0.07 200.392
10.12 15.923 0.0746 201.912
10.13 16.037 0.0809 203.543
10.14 16.199 0.0763 202.903
10.15 16.142 0.0848 204.646
10.16 16.259 0.0794 203.797
10.17 16.575 0.1025 208.808
10.18 16.393 0.109 209.603
10.19 16.3699 0.1096 209.713
10.2 16.3467 0.1091 209.647
10.21 16.446 0.1085 209.791
10.22 16.292 0.1073 209.37
10.23 15.758 0.105 208.049
10.24 15.021 0.1028 206.312
10.25 14.867 0.1027 206.045
10.26 14.717 0.1027 205.8
10.27 14.64 0.1013 205.466
10.28 14.559 0.0974 204.687
10.29 14.393 0.0944 203.873
10.3 14.3627 0.0950001 203.974
10.31 14.3687 0.0743 199.912
10.32 14.3747 0.0742 199.955
10.33 14.3915 0.0718 199.496
10.34 14.43 0.0713 199.511
10.35 14.563 0.071 199.758
10.36 14.827 0.0709 200.306
10.37 15.057 0.071 200.828
10.38 15.45 0.0711 201.652
10.39 15.608 0.0738 202.629
10.4 15.745 0.0718 202.475
10.41 16.049 0.0743 203.667
10.42 16.199 0.0753 204.221
10.43 16.45 0.072 203.967
10.44 16.531 0.0688 203.394
10.45 16.753 0.0619 202.055
10.46 16.988 0.0621 202.569
10.47 17.178 0.0623 203.002
10.48 17.555 0.0632 203.935
10.49 17.713 0.0677 205.425
10.5 17.968 0.0705 206.598
10.51 18.049 0.0732 207.434
10.52 18.247 0.0753 208.305
10.53 18.332 0.0778 209.067
10.54 18.3971 0.0799 209.693
10.55 18.4622 0.0831 210.542
10.56 18.7 0.0846 211.3
10.57 18.886 0.0854 211.823
10.58 19.069 0.0862 212.337
10.59 19.279 0.0863 212.749
10.6 19.514 0.0865 213.217
10.61 19.983 0.0877 214.249
10.62 20.222 0.0889 214.915
10.63 20.376 0.09 215.427
10.64 20.518 0.0897 215.639
10.65 20.655 0.0911 216.181
10.66 20.902 0.0934 217.057
10.67 21.068 0.0951 217.688
10.68 21.19 0.0953 217.964
10.69 21.307 0.0952 218.174
10.7 21.356 0.0950001 218.265
10.71 21.299 0.0936 217.968
10.72 21.2412 0.0929 217.803
10.73 21.2236 0.0927 217.795
10.74 21.2148 0.0924 217.78
10.75 21.206 0.0923 217.803
10.76 21.238 0.0922 217.887
10.77 21.169 0.0916 217.723
10.78 21.097 0.0915 217.653
10.79 21.0841 0.0914 217.67
10.8 21.0891 0.0915 217.753
10.81 21.0942 0.0915 217.817
10.82 21.109 0.0969 218.937
10.83 21.186 0.0984 219.388
10.84 21.262 0.1015 220.125
10.85 21.311 0.1047 220.824
10.86 21.303 0.106 221.095
10.87 21.36 0.107 221.41
10.88 21.392 0.1078 221.652
10.89 21.3679 0.1078 221.672
10.9 21.3562 0.109 221.916
10.91 21.3751 0.109 222
10.92 21.394 0.11 222.254
10.93 21.598 0.1103 222.665
10.94 21.878 0.1095 223
10.95 22.129 0.1088 223.304
10.96 22.4 0.1052 223.127
10.97 22.655 0.1015 222.883
10.98 23.444 0.0947 222.752
10.99 23.74 0.0914 222.554
11 24.08 0.0892 222.615
11.01 24.367 0.089 223.01
11.02 24.679 0.0891 223.496
11.03 25.031 0.0891 224.009
11.04 25.173 0.0902 224.477
11.05 25.298 0.0902 224.693
11.06 25.387 0.0919 225.213
11.07 25.335 0.0949 225.806
11.08 25.25 0.0973 226.223
11.09 25.047 0.1004 226.607
11.1 24.76 0.1042 226.989
11.11 24.545 0.1049 226.887
11.12 24.197 0.107 226.851
11.13 23.974 0.1071 226.623
11.14 23.736 0.1092 226.721
11.15 23.481 0.1098 226.528
11.16 22.967 0.1098 225.863
11.17 22.736 0.1098 225.591
11.18 22.461 0.1097 225.235
11.19 22.117 0.1093 224.722
11.2 21.732 0.1086 224.091
11.21 20.967 0.1082 222.924
11.22 20.473 0.1068 221.975
11.23 19.943 0.1067 221.175
11.24 19.441 0.1065 220.385
11.25 18.935 0.1063 219.569
11.26 18.449 0.1062 218.786
11.27 17.798 0.1047 217.453
11.28 17.478 0.1029 216.627
11.29 17.288 0.1018 216.146
11.3 16.944 0.0999 215.236
11.31 16.782 0.0976 214.576
11.32 16.478 0.0937 213.339
11.33 16.138 0.0922 212.466
11.34 15.932 0.0914 211.972
11.35 15.822 0.0904 211.618
11.36 15.758 0.0897 211.41
11.37 15.668 0.0901 211.366
11.38 15.66 0.0891 211.206
11.39 15.652 0.0873 210.883
11.4 15.631 0.0873 210.894
11.41 15.61 0.0874 210.925
11.42 15.612 0.0874 210.98
11.43 15.604 0.0877 211.076
11.44 15.592 0.0879 211.144
11.45 15.567 0.088 211.166
11.46 15.5687 0.0879 211.201
11.47 15.5705 0.0877 211.215
11.48 15.583 0.0874 211.231
11.49 15.681 0.0872 211.432
11.5 15.843 0.0871 211.777
11.51 16.037 0.087 212.179
11.52 16.041 0.077 210.093
11.53 16.037 0.0725 209.086
11.54 15.964 0.0727 209.047
11.55 15.838 0.073 208.93
11.56 15.583 0.0745 208.846
11.57 15.5178 0.0758 209.07
11.58 15.4985 0.0766 209.266
11.59 15.5188 0.0775 209.559
11.6 15.539 0.0775 209.649
11.61 15.891 0.078 210.489
11.62 16.243 0.0786 211.339
11.63 16.733 0.0798 212.564
11.64 17.085 0.0803 213.364
11.65 17.409 0.0832 214.626
11.66 17.68 0.0844 215.412
11.67 18.02 0.0853 216.246
11.68 18.097 0.0873 216.848
11.69 18.081 0.0897 217.362
11.7 18.008 0.0912 217.587
11.71 17.911 0.0937 217.959
11.72 17.628 0.0944 217.646
11.73 17.518 0.0953 217.673
11.74 17.389 0.0974 217.888
11.75 17.344 0.0981 217.988
11.76 17.259 0.0994 218.124
11.77 17.199 0.1005 218.266
11.78 17.004 0.1009 218.032
11.79 16.798 0.101 217.718
11.8 16.579 0.101 217.359
11.81 16.328 0.101 216.933
11.82 16.029 0.101 216.407
11.83 15.721 0.101 215.854
11.84 15.073 0.1007 214.547
11.85 14.762 0.0992 213.687
11.86 14.41 0.0985 212.87
11.87 14.223 0.0981 212.448
11.88 14.098 0.0969 212.011
11.89 14.066 0.0973 212.064
11.9 13.904 0.0948 211.301
11.91 13.701 0.0934 210.643
11.92 13.556 0.0925001 210.2
11.93 13.6189 0.0912 210.142
11.94 13.6819 0.09 210.099
11.95 13.8317 0.0891 210.301
11.96 14.142 0.0882 210.845
11.97 14.608 0.0871 211.66
11.98 15.118 0.087 212.738
11.99 15.668 0.087 213.885
12 16.199 0.0876 215.086
12.01 16.737 0.0883 216.294
12.02 17.676 0.0905 218.498
12.03 18.186 0.0924 219.825
12.04 18.733 0.0947 221.269
12.05 19.311 0.0978 222.887
12.06 19.777 0.1007 224.25
12.07 20.376 0.1015 225.415
12.08 20.607 0.102 225.926
12.09 20.761 0.1034 226.477
12.1 20.939 0.1055 227.188
12.11 21.072 0.1092 228.1
12.12 21.226 0.11 228.531
12.13 21.194 0.1104 228.602
12.14 21.153 0.1104 228.591
12.15 21.076 0.1103 228.506
12.16 20.939 0.1088 228.084
12.17 20.72 0.1091 227.843
12.18 20.639 0.1081 227.592
12.19 20.607 0.1074 227.47
12.2 20.603 0.106 227.267
12.21 20.6013 0.1044 227.029
12.22 20.601 0.1039 226.99
12.23 20.61 0.103 226.891
12.24 20.619 0.102 226.773
12.25 20.684 0.1017 226.872
12.26 20.724 0.1011 226.875
12.27 20.582 0.1008 226.645
12.28 20.53 0.1008 226.614
12.29 20.421 0.1008 226.492
12.3 20.279 0.101 226.353
12.31 20.101 0.1011 226.135
12.32 20.022 0.1015 226.132
12.33 20.0057 0.1012 226.101
12.34 20.0071 0.1017 226.247
12.35 20.0085 0.1027 226.485
12.36 20.016 0.1044 226.858
12.37 20.016 0.1072 227.409
12.38 20.109 0.1083 227.805
12.39 20.133 0.1093 228.07
12.4 20.214 0.11 228.374
12.41 20.218 0.1117 228.724
12.42 20.22 0.112 228.829
12.43 20.222 0.1129 229.036
12.44 20.212 0.1132 229.121
12.45 20.202 0.1135 229.207
12.46 20.1944 0.1135 229.246
12.47 20.1942 0.1137 229.33
12.48 20.194 0.114 229.431
12.49 20.206 0.114 229.502
12.5 20.145 0.1142 229.486
12.51 20.129 0.1145 229.561
12.52 20.129 0.1146 229.629
12.53 20.056 0.1147 229.576
12.54 20.056 0.1147 229.627
12.55 19.979 0.1147 229.551
12.56 19.854 0.1147 229.394
12.57 19.68 0.1145 229.121
12.58 19.575 0.1055 227.441
12.59 19.5689 0.1013 226.713
12.6 19.5953 0.0993 226.432
12.61 19.6217 0.0991 226.487
12.62 19.676 0.0992 226.646
12.63 19.915 0.0993 227.11
12.64 20.036 0.1015 227.773
12.65 20.307 0.1024 228.432
12.66 20.1635 0.1036 228.47
12.67 20.3972 0.1083 229.747
12.68 20.631 0.11 230.473
12.69 21.036 0.1113 231.396
12.7 21.19 0.1135 232.067
12.71 21.36 0.1158 232.774
12.72 21.445 0.117 233.158
12.73 21.53 0.118 233.507
12.74 21.728 0.1217 234.467
12.75 21.752 0.1227 234.715
12.76 21.785 0.124 235.024
12.77 21.829 0.1283 235.811
12.78 21.93 0.1298 236.248
12.79 22.08 0.132 236.862
12.8 22.214 0.1319 237.105
12.81 22.323 0.1349 237.768
12.82 22.44 0.1356 238.102
12.83 22.602 0.1364 238.517
12.84 22.902 0.1373 239.153
12.85 22.999 0.1384 239.509
12.86 23.023 0.1394 239.74
12.87 23.137 0.1401 240.063
12.88 23.145 0.1408 240.226
12.89 23.294 0.1404 240.443
12.9 23.286 0.1411 240.583
12.91 23.274 0.1423 240.786
12.92 23.307 0.1441 241.139
12.93 23.238 0.1451 241.227
12.94 23.141 0.1451 241.133
12.95 23.023 0.1451 241.008
12.96 22.975 0.1451 240.987
12.97 22.9166 0.145 240.937
12.98 22.8901 0.1449 240.934
12.99 22.901 0.1449 241.002
13 22.912 0.1438 240.918
13.01 22.934 0.1434 240.947
13.02 23.031 0.1419 240.934
13.03 23.023 0.1401 240.717
13.04 22.963 0.1399 240.65
13.05 22.853 0.1398 240.52
13.06 22.768 0.1395 240.399
13.07 22.687 0.1393 240.299
13.08 22.501 0.1392 240.051
13.09 22.42 0.1388 239.919
13.1 22.291 0.1382 239.685
13.11 22.218 0.1374 239.507
13.12 22.096 0.1369 239.295
13.13 22.019 0.1358 239.065
13.14 21.922 0.1356 238.934
13.15 21.874 0.1348 238.792
13.16 21.825 0.1338 238.617
13.17 21.76 0.1335 238.521
13.18 21.752 0.1303 238.077
13.19 21.692 0.1297 237.941
13.2 21.659 0.1298 237.954
13.21 21.611 0.1288 237.775
13.22 21.542 0.1279 237.577
13.23 21.469 0.1275 237.449
13.24 21.433 0.1271 237.38
13.25 21.437 0.1269 237.405
13.26 21.364 0.1266 237.291
13.27 21.356 0.1267 237.344
13.28 21.165 0.1265 237.055
13.29 21.036 0.1263 236.865
13.3 20.793 0.1261 236.488
13.31 20.53 0.1261 236.104
13.32 20.251 0.1256 235.61
13.33 19.599 0.1225 234.064
13.34 19.275 0.122 233.472
13.35 18.976 0.1206 232.772
13.36 18.789 0.1203 232.441
13.37 18.635 0.1202 232.198
13.38 18.498 0.1192 231.838
13.39 18.372 0.1172 231.332
13.4 18.356 0.1168 231.285
13.41 18.353 0.1152 231.063
13.42 18.3518 0.1126 230.67
13.43 18.3684 0.1105 230.387
13.44 18.385 0.1103 230.429
13.45 18.47 0.1099 230.56
13.46 18.518 0.1101 230.729
13.47 18.878 0.1096 231.33
13.48 19.097 0.1095 231.745
13.49 19.457 0.1093 232.381
13.5 19.765 0.1092 232.938
13.51 19.866 0.1087 233.068
13.52 20.117 0.1082 233.448
13.53 20.259 0.1086 233.804
13.54 20.635 0.108 234.364
13.55 20.89 0.108 234.828
13.56 21.177 0.107 235.156
13.57 21.441 0.1067 235.569
13.58 21.728 0.1048 235.716
13.59 21.918 0.1021 235.548
13.6 22.096 0.1007 235.6
13.61 22.343 0.1 235.889
13.62 22.4 0.0992 235.866
13.63 22.412 0.0975001 235.593
13.64 22.436 0.0946 235.086
13.65 22.41 0.0845 232.896
13.66 22.403 0.0825001 232.47
13.67 22.396 0.0815 232.271
13.68 22.384 0.0823 232.489
13.69 22.295 0.083 232.567
13.7 22.198 0.0846 232.837
13.71 21.825 0.0858 232.589
13.72 21.6145 0.0871 232.603
13.73 21.404 0.0885 232.631
13.74 21.299 0.0897 232.774
13.75 21.048 0.0915 232.808
13.76 20.716 0.0935 232.741
13.77 19.902 0.101 232.939
13.78 19.441 0.1137 234.501
13.79 18.996 0.1135 233.733
13.8 18.368 0.1133 232.617
13.81 17.875 0.1122 231.566
13.82 17.466 0.1111 230.653
13.83 17.1231 0.1111 230.041
13.84 16.9572 0.1112 229.782
13.85 16.9056 0.1114 229.762
13.86 17.3518 0.1124 230.843
13.87 17.798 0.1139 231.991
13.88 19.21 0.1138 234.586
13.89 22.056 0.1138 239.347
13.9 23.323 0.1139 241.346
13.91 24.355 0.1141 242.939
13.92 25.14 0.1152 244.295
13.93 25.751 0.1192 245.888
13.94 26.796 0.1265 248.576
13.95 27.144 0.1318 249.94
13.96 27.439 0.1362 251.064
13.97 27.65 0.1422 252.295
13.98 27.743 0.1502 253.619
13.99 27.792 0.1538 254.234
14 27.792 0.1588 254.963
14.01 27.796 0.1667 256.051
14.02 27.767 0.1703 256.519
14.03 27.662 0.1715 256.579
14.04 27.201 0.1743 256.355
14.05 26.889 0.1743 255.98
14.06 26.593 0.1743 255.623
14.07 26.221 0.1742 255.143
14.08 25.262 0.174 253.804
14.09 25.043 0.173 253.414
14.1 24.861 0.173 253.198
14.11 24.638 0.171 252.675
14.12 24.464 0.163 251.463
14.13 24.213 0.1585 250.555
14.14 23.918 0.1585 250.162
14.15 23.035 0.1557 248.491
14.16 22.513 0.1548 247.601
14.17 21.947 0.1524 246.423
14.18 20.518 0.1477 243.458
14.19 19.923 0.1468 242.353
14.2 19.344 0.145 241.125
14.21 18.834 0.144 240.108
14.22 18.7855 0.1417 239.744
14.23 18.737 0.1411 239.617
14.24 18.733 0.1313 238.226
14.25 18.069 0.1232 235.785
14.26 17.458 0.1135 233.07
14.27 16.798 0.106 230.51
14.28 16.134 0.1049 229.021
14.29 15.503 0.1044 227.663
14.3 15.001 0.1001 225.839
14.31 14.24 0.0974 223.686
14.32 14.1432 0.0944 222.929
14.33 14.1823 0.0876 221.678
14.34 14.2213 0.0868 221.639
14.35 14.321 0.0859 221.713
14.36 14.713 0.0863 222.706
14.37 14.895 0.0771 221.061
14.38 14.648 0.0728 219.521
14.39 13.794 0.0728 217.672
14.4 13.373 0.0713 216.37
14.41 13.05 0.0691 215.089
14.42 12.786 0.0642 213.19
14.43 12.422 0.0617 211.646
14.44 11.746 0.061 209.788
14.45 11.467 0.0615 209.246
14.46 11.196 0.0619 208.679
14.47 11.119 0.0622 208.596
14.48 10.912 0.062 208.016
14.49 10.544 0.0618 206.975
14.5 10.119 0.0613 205.653
14.51 9.8397 0.0558 203.269
14.52 9.7911 0.05 201.316
14.53 9.7426 0.0465 200
14.54 9.9247 0.0442 199.727
14.55 9.6252 0.0445 198.998
14.56 9.1313 0.0411 196.23
14.57 8.4473 0.0399 193.601
14.58 7.8846 0.0384 191.115
14.59 7.5203 0.0382 189.771
14.6 7.1682 0.0381 188.46
14.61 6.8282 0.0394 187.705
14.62 6.3343 0.0407 186.224
14.63 6.2696 0.0434 186.981
14.64 6.1724 0.0461 187.536
14.65 6.1057 0.0516 189.042
14.66 6.0389 0.0525 189.051
14.67 5.8689 0.0527 188.37
14.68 5.715 0.0549 188.326
14.69 5.626 0.057 188.524
14.7 5.5248 0.0623 189.464
14.71 5.4196 0.0625 189.027
14.72 5.3588 0.0625 188.755
14.73 5.0998 0.0625 187.449
14.74 4.8893 0.0625 186.35
14.75 4.8901 0.0596 185.654
14.76 4.8908 0.0563 184.815
14.77 4.9773 0.0519 184.066
14.78 5.1807 0.0496 184.469
14.79 5.7758 0.0471 186.611
14.8 6.217 0.0466 188.467
14.81 6.4315 0.0461 189.256
14.82 6.5084 0.0465 189.752
14.83 6.5246 0.0446 189.198
14.84 6.476 0.044 188.817
14.85 6.3424 0.0446 188.498
14.86 6.3101 0.0452 188.604
14.87 6.308 0.0481 189.609
14.88 6.306 0.0532 191.233
14.89 6.3546 0.0566 192.469
14.9 6.2655 0.0609 193.288
14.91 5.2131 0.0658 189.489
14.92 4.5169 0.0742 187.517
14.93 3.9097 0.0783 184.517
14.94 3.3714 0.0787 180.733
14.95 2.9585 0.0784 177.341
14.96 2.6185 0.078 174.209
14.97 2.6498 0.0772 174.39
14.98 2.6811 0.074 174.103
14.99 2.7632 0.0701 174.108
15 3.1407 0.0635 175.928
15.01 6.3303 0.0635 194.647
15.02 8.4432 0.0636 202.954
15.03 10.54 0.0637 209.607
15.04 12.6 0.0656 215.632
15.05 14.43 0.0673 220.393
15.06 15.834 0.0675 223.456
15.07 16.583 0.0684 225.238
15.08 16.64 0.0693 225.636
15.09 16.174 0.0756 226.389
15.1 16.1915 0.0866 229.041
15.11 16.209 0.093 230.482
15.12 16.2872 0.099 231.887
15.13 16.446 0.1036 233.133
15.14 16.782 0.1045 234.024
15.15 16.693 0.1049 233.962
15.16 16.7395 0.105 234.118
15.17 16.786 0.105 234.254
15.18 17.292 0.105 235.301
15.19 17.976 0.105 236.663
15.2 18.692 0.1049 238.022
15.21 19.324 0.1039 239.018
15.22 19.915 0.1034 240.004
15.23 20.975 0.1034 241.848
15.24 21.356 0.1035 242.539
15.25 21.647 0.1057 243.482
15.26 21.902 0.1107 244.877
15.27 22.068 0.1145 245.878
15.28 22.25 0.118 246.831
15.29 22.4 0.1226 247.903
15.3 22.574 0.1313 249.644
15.31 23.153 0.1352 251.213
15.32 23.501 0.1384 252.289
15.33 23.898 0.141 253.336
15.34 24.254 0.1445 254.441
15.35 24.509 0.1465 255.162
15.36 24.695 0.1467 255.516
15.37 24.901 0.1485 256.127
15.38 25.011 0.1489 256.394
15.39 25.12 0.1504 256.815
15.4 25.152 0.1535 257.345
15.41 25.063 0.1551 257.482
15.42 24.675 0.1572 257.238
15.43 24.476 0.1576 257.039
15.44 24.189 0.1594 256.892
15.45 23.902 0.1656 257.312
15.46 23.222 0.1652 256.24
15.47 22.517 0.1648 255.099
15.48 21.975 0.1629 254.006
15.49 21.169 0.1591 252.192
15.5 19.461 0.1589 249.174
15.51 18.587 0.1589 247.575
15.52 17.688 0.1589 245.858
15.53 17.061 0.1589 244.628
15.54 16.62 0.1587 243.725
15.55 16.6735 0.1576 243.74
15.56 16.7271 0.1534 243.349
15.57 16.8505 0.1461 242.664
15.58 17.397 0.1419 243.234
15.59 18.712 0.1408 245.685
15.6 20.206 0.1389 248.181
15.61 21.603 0.1349 250.018
15.62 23.938 0.1331 253.502
15.63 24.877 0.1341 255.115
15.64 25.666 0.1351 256.468
15.65 26.282 0.1373 257.738
15.66 26.844 0.1437 259.552
15.67 27.735 0.145 261.017
15.68 28.132 0.1474 261.956
15.69 28.472 0.148 262.545
15.7 28.929 0.1588 264.741
15.71 29.411 0.1673 266.572
15.72 30.755 0.1772 269.627
15.73 31.414 0.1908 272.169
15.74 32.03 0.1912 273.027
15.75 32.58 0.1917 273.805
15.76 33.151 0.1979 275.267
15.77 33.94 0.2041 276.96
15.78 34.175 0.2101 277.953
15.79 34.446 0.2184 279.217
15.8 34.693 0.2242 280.164
15.81 34.762 0.2353 281.423
15.82 34.6435 0.241 281.895
15.83 34.5923 0.2291 280.699
15.84 34.6164 0.2172 279.533
15.85 34.6406 0.2084 278.65
15.86 34.693 0.2096 278.892
15.87 34.92 0.2108 279.336
15.88 35.179 0.2365 282.372
15.89 35.252 0.2367 282.526
15.9 35.312 0.2403 283
15.91 35.333 0.2454 283.568
15.92 35.466 0.2485 284.068
15.93 35.43 0.2501 284.228
15.94 35.2265 0.2549 284.491
15.95 35.1817 0.2572 284.701
15.96 35.1871 0.2577 284.803
15.97 35.1924 0.2565 284.748
15.98 35.223 0.2553 284.723
15.99 35.268 0.2493 284.261
16 35.385 0.2492 284.437
16.01 35.239 0.2504 284.431
16.02 35.236 0.2517 284.599
16.03 35.233 0.2543 284.889
16.04 35.239 0.254 284.917
16.05 35.187 0.2562 285.11
16.06 35.0627 0.2551 284.912
16.07 35.0017 0.2605 285.387
16.08 34.9768 0.2615 285.498
16.09 34.9724 0.262 285.588
16.1 35.0332 0.2625 285.754
16.11 35.094 0.2627 285.893
16.12 35.126 0.2627 285.98
16.13 35.268 0.2624 286.168
16.14 35.163 0.2622 286.076
16.15 35.32 0.2615 286.245
16.16 35.227 0.2606 286.104
16.17 35.361 0.2602 286.273
16.18 35.498 0.2607 286.527
16.19 35.79 0.2613 286.97
16.2 36.041 0.2626 287.427
16.21 36.089 0.2643 287.686
16.22 36.187 0.2651 287.92
16.23 36.211 0.2625 287.76
16.24 36.209 0.26 287.578
16.25 36.2292 0.2544 287.13
16.26 36.2495 0.2518 286.957
16.27 36.292 0.2514 287.016
16.28 36.458 0.2512 287.235
16.29 36.668 0.2515 287.55
16.3 36.83 0.2519 287.82
16.31 37.138 0.2554 288.546
16.32 37.227 0.2582 288.956
16.33 37.1823 0.2662 289.69
16.34 37.1884 0.2661 289.737
16.35 37.1946 0.266 289.784
16.36 37.219 0.2646 289.734
16.37 37.284 0.2609 289.516
16.38 37.275 0.2568 289.174
16.39 37.142 0.2571 289.103
16.4 37.105 0.2573 289.129
16.41 36.98 0.2582 289.121
16.42 36.822 0.26 289.159
16.43 36.838 0.2607 289.291
16.44 36.3745 0.2613 288.868
16.45 36.3593 0.2614 288.909
16.46 36.344 0.2613 288.931
16.47 36.247 0.2612 288.859
16.48 36.231 0.261 288.871
16.49 35.996 0.2559 288.176
16.5 35.899 0.2522 287.763
16.51 35.745 0.2505 287.472
16.52 35.268 0.25 286.917
16.53 34.96 0.2496 286.565
16.54 34.782 0.2496 286.402
16.55 34.511 0.2497 286.138
16.56 33.661 0.2497 285.16
16.57 33.41 0.2498 284.91
16.58 33.159 0.2502 284.686
16.59 33.066 0.2511 284.704
16.6 33.078 0.2512 284.776
16.61 32.948 0.2512 284.662
16.62 32.835 0.2511 284.56
16.63 32.8108 0.2507 284.539
16.64 32.8043 0.2494 284.455
16.65 32.8176 0.2492 284.501
16.66 32.831 0.2491 284.555
16.67 32.916 0.2495 284.747
16.68 33.07 0.2499 285.024
16.69 33.321 0.2505 285.439
16.7 33.487 0.2504 285.681
16.71 33.75 0.2521 286.212
16.72 33.932 0.2539 286.651
16.73 33.908 0.2553 286.801
16.74 33.892 0.2574 287.024
16.75 33.859 0.2564 286.939
16.76 33.762 0.2579 287.007
16.77 33.685 0.2584 287.006
16.78 33.637 0.2589 287.041
16.79 33.624 0.2589 287.073
16.8 33.596 0.2588 287.077
16.81 33.414 0.2588 286.9
16.82 33.143 0.2587 286.602
16.83 32.956 0.2586 286.406
16.84 32.803 0.2582 286.225
16.85 32.641 0.2577 286.022
16.86 32.349 0.2561 285.551
16.87 32.066 0.2531 284.958
16.88 31.762 0.2509 284.407
16.89 31.6 0.2501 284.169
16.9 31.208 0.2468 283.392
16.91 30.831 0.2459 282.857
16.92 30.532 0.2439 282.315
16.93 30.378 0.2428 282.05
16.94 30.172 0.2387 281.421
16.95 29.941 0.2361 280.9
16.96 29.836 0.2349 280.684
16.97 29.686 0.233 280.337
16.98 29.475 0.2296 279.753
16.99 29.261 0.227 279.241
17 29.026 0.2241 278.664
17.01 28.998 0.2205 278.296
17.02 28.884 0.2194 278.067
17.03 28.88 0.2183 277.991
17.04 28.848 0.2161 277.758
17.05 28.808 0.2156 277.694
17.06 28.735 0.2132 277.379
17.07 28.678 0.213 277.324
17.08 28.318 0.213 276.865
17.09 28.241 0.2127 276.769
17.1 28.196 0.2124 276.718
17.11 28.148 0.2109 276.532
17.12 28.172 0.2104 276.556
17.13 28.119 0.2099 276.471
17.14 28.067 0.2096 276.409
17.15 28.043 0.2072 276.155
17.16 27.897 0.2066 275.926
17.17 27.662 0.2064 275.613
17.18 27.63 0.2065 275.622
17.19 27.516 0.2065 275.503
17.2 27.411 0.2064 275.385
17.21 27.103 0.2063 274.97
17.22 26.861 0.206 274.627
17.23 26.662 0.2051 274.277
17.24 26.407 0.2031 273.719
17.25 26.124 0.2006 273.057
17.26 25.424 0.1994 271.899
17.27 24.954 0.1984 271.1
17.28 24.683 0.1952 270.351
17.29 24.416 0.1913 269.519
17.3 24.177 0.1881 268.803
17.31 23.76 0.1863 267.959
17.32 23.574 0.1843 267.458
17.33 23.327 0.1807 266.658
17.34 23.137 0.1768 265.904
17.35 23.088 0.1705 265.064
17.36 22.967 0.1693 264.75
17.37 22.963 0.1695 264.812
17.38 22.898 0.1697 264.772
17.39 22.772 0.1697 264.604
17.4 22.606 0.1696 264.355
17.41 21.951 0.1694 263.254
17.42 21.384 0.1667 261.955
17.43 20.837 0.154 259.306
17.44 20.311 0.153 258.254
17.45 19.894 0.1515 257.314
17.46 19.113 0.1388 254.018
17.47 18.611 0.1286 251.484
17.48 18.15 0.1275 250.439
17.49 17.996 0.1105 247.21
17.5 17.87 0.0936 243.612
17.51 17.68 0.0869 241.777
17.52 16.83 0.0824 239.046
17.53 16.514 0.0715 235.634
17.54 15.919 0.0671 233.194
17.55 15.43 0.0632 231.032
17.56 14.786 0.0619 229.257
17.57 14.142 0.0616 227.736
17.58 14.098 0.0615 227.639
17.59 12.738 0.0627 224.734
17.6 12.236 0.0639 223.825
17.61 11.75 0.0688 223.93
17.62 11.301 0.0722 223.608
17.63 10.872 0.0764 223.449
17.64 10.67 0.077 223.026
17.65 10.41 0.0776 222.414
17.66 10.232 0.0776 221.897
17.67 9.9409 0.0777 221.035
17.68 9.8154 0.0777 220.666
17.69 9.7223 0.0777 220.398
17.7 9.5807 0.0777 219.968
17.71 9.4066 0.0776 219.398
17.72 9.1475 0.0771 218.435
17.73 8.9492 0.077 217.757
17.74 8.7671 0.0773 217.217
17.75 8.678 0.0776 217.002
17.76 8.5647 0.0784 216.811
17.77 8.4554 0.0784 216.444
17.78 8.4458 0.0783 216.419
17.79 8.4425 0.0778 216.326
17.8 8.5177 0.0768 216.403
17.81 8.593 0.0737 215.97
17.82 8.9694 0.0715 216.794
17.83 9.3985 0.0651 216.595
17.84 9.8599 0.065 218.101
17.85 10.301 0.0652 219.57
17.86 10.613 0.0655 220.634
17.87 10.852 0.0668 221.74
17.88 11.026 0.0676 222.503
17.89 11.103 0.0683 222.952
17.9 11.329 0.0686 223.716
17.91 11.475 0.0687 224.191
17.92 11.734 0.0684 224.865
17.93 12.147 0.0682 225.968
17.94 12.649 0.0679 227.242
17.95 13.102 0.068 228.459
17.96 13.398 0.0681 229.259
17.97 13.705 0.0683 230.1
17.98 14.414 0.0716 232.725
17.99 14.673 0.0797 235.449
18 14.948 0.0819 236.651
18.01 15.098 0.0833 237.363
18.02 15.142 0.0841 237.688
18.03 15.171 0.0841 237.79
18.04 15.28 0.0845 238.166
18.05 15.741 0.0871 239.828
18.06 15.923 0.0893 240.762
18.07 15.903 0.0914 241.221
18.08 15.758 0.0942 241.546
18.09 15.571 0.0941 241.147
18.1 15.478 0.0944 241.04
18.11 15.418 0.0944 240.942
18.12 15.32 0.0944 240.758
18.13 15.316 0.0944 240.786
18.14 15.252 0.0942 240.635
18.15 15.13 0.0932 240.181
18.16 15.025 0.0915 239.609
18.17 14.976 0.0913 239.49
18.18 14.823 0.0903 238.953
18.19 14.657 0.0873 237.933
18.2 14.458 0.0858 237.159
18.21 14.215 0.0855 236.548
18.22 13.827 0.0854 235.62
18.23 13.402 0.0856 234.645
18.24 13.001 0.0858 233.702
18.25 12.22 0.0863 231.773
18.26 11.811 0.0869 230.808
18.27 11.43 0.0874 229.865
18.28 11.135 0.0873 229.015
18.29 10.92 0.0872 228.385
18.3 10.755 0.0869 227.855
18.31 10.564 0.0836 226.571
18.32 10.334 0.0809 225.272
18.33 10.131 0.0764 223.596
18.34 9.8761 0.0727 221.893
18.35 9.694 0.0706 220.793
18.36 9.528 0.0685 219.725
18.37 9.2649 0.0663 218.281
18.38 9.1233 0.0668 217.966
18.39 9.1293 0.0635 217.103
18.4 9.1353 0.0623 216.812
18.41 9.1969 0.0606 216.555
18.42 9.3216 0.0578 216.156
18.43 9.7021 0.0503 214.938
18.44 10.204 0.0407 212.755
18.45 10.698 0.0396 213.753
18.46 10.435 0.0394 212.931
18.47 10.091 0.0395 211.982
18.48 9.6252 0.0396 210.62
18.49 9.184 0.0459 211.819
18.5 8.6537 0.049 211.19
18.51 8.1154 0.052 210.314
18.52 7.6134 0.0534 208.882
18.53 7.1318 0.057 208.083
18.54 6.3262 0.0578 204.79
18.55 5.9903 0.0587 203.48
18.56 5.7393 0.0581 202.087
18.57 5.4641 0.0602 201.286
18.58 5.3816 0.0597 200.736
18.59 5.4194 0.0593 200.856
18.6 5.4571 0.0582 200.774
18.61 5.5531 0.0525 199.59
18.62 5.5815 0.0473 198.04
18.63 5.6503 0.0418 196.389
18.64 5.7434 0.0361 194.494
18.65 5.8405 0.0331 193.591
18.66 5.8567 0.033 193.648
18.67 5.7717 0.0334 193.464
18.68 5.6422 0.0338 193.052
18.69 5.5329 0.0345 192.867
18.7 5.4236 0.0344 192.295
18.71 5.3143 0.0342 191.668
18.72 5.2091 0.0337 190.911
18.73 5.1038 0.0245 185.395
18.74 5.0148 0.0244 184.891
18.75 4.9176 0.0245 184.46
18.76 4.8043 0.0247 183.994
18.77 4.5736 0.0256 183.267
18.78 4.2821 0.0283 183.085
18.79 3.7316 0.0297 180.242
18.8 3.4888 0.0307 179.023
18.81 3.3228 0.0326 178.688
18.82 3.2702 0.0326 178.304
18.83 3.2773 0.0326 178.386
18.84 3.2844 0.0308 177.626
18.85 3.3188 0.0269 175.926
18.86 3.6466 0.0226 175.789
18.87 4.1607 0.02 177.373
18.88 4.8205 0.02 181.2
18.89 5.5572 0.0201 185.053
18.9 6.221 0.0205 188.42
18.91 5.9215 0.0222 188.358
18.92 5.4924 0.0267 189.24
18.93 5.0755 0.0314 189.67
18.94 4.7881 0.0328 188.796
18.95 4.5857 0.0342 188.307
18.96 4.4562 0.033 187.003
18.97 4.3064 0.0349 186.98
18.98 4.1647 0.0346 185.975
18.99 4.0555 0.0357 185.775
19 3.9138 0.0363 185.11
19.01 3.8045 0.0365 184.468
19.02 3.6871 0.0357 183.326
19.03 3.6729 0.0355 183.165
19.04 3.6588 0.0355 183.09
19.05 3.679 0.0355 183.262
19.06 3.5819 0.0354 182.541
19.07 3.4321 0.0353 181.406
19.08 3.2297 0.0349 179.681
19.09 3.1042 0.0347 178.599
19.1 3.0329 0.0332 177.375
19.11 3.026 0.0318 176.708
19.12 3.0287 0.0316 176.663
19.13 3.0314 0.0315 176.665
19.14 3.0354 0.0315 176.724
19.15 2.9099 0.0315 175.679
19.16 2.7683 0.0315 174.446
19.17 2.6914 0.0316 173.811
19.18 2.5375 0.032 172.549
19.19 2.3959 0.032 171.153
19.2 2.3797 0.032 171.011
19.21 2.3837 0.0319 171.032
19.22 2.3675 0.0315 170.71
19.23 2.2461 0.03 168.759
19.24 2.228 0.0277 167.472
19.25 2.2242 0.0254 166.251
19.26 2.2372 0.0226 164.805
19.27 2.2502 0.0173 161.339
19.28 2.2704 0.0148 159.486
19.29 2.2056 0.0134 157.537
19.3 2.0761 0.0118 154.549
19.31 1.9385 0.0119 153.16
19.32 1.5742 0.0118 148.554
19.33 1.4406 0.0117 146.586
19.34 1.4085 0.0118 146.236
19.35 1.3927 0.0118 146.02
19.36 1.3863 0.0128 146.935
19.37 1.3912 0.0131 147.314
19.38 1.3961 0.0138 148.05
19.39 1.4204 0.0144 148.966
19.4 1.5054 0.015 150.751
19.41 1.5661 0.0146 151.292
19.42 1.643 0.0155 153.122
19.43 1.7442 0.0176 156.11
19.44 1.8292 0.019 158.21
19.45 1.8089 0.0184 157.557
19.46 1.8291 0.0178 157.397
19.47 1.8494 0.0166 156.757
19.48 1.9749 0.0133 155.377
19.49 1.9304 0.0131 154.695
19.5 1.8818 0.0117 152.707
19.51 1.7968 0.0111 151.053
19.52 1.6511 0.0111 149.246
19.53 1.5418 0.0111 147.802
19.54 1.4204 0.011 145.977
19.55 1.3857 0.011 145.479
19.56 1.3784 0.011 145.389
19.57 1.3751 0.0104 144.683
19.58 1.4098 0.0106 145.454
19.59 1.4446 0.0108 146.214
19.6 1.5499 0.0114 148.39
19.61 1.6632 0.0156 153.89
19.62 1.7847 0.0172 156.751
19.63 1.8697 0.021 160.47
19.64 1.9385 0.0241 163.189
19.65 2.0316 0.0241 164.318
19.66 2.2057 0.024 166.241
19.67 2.3797 0.0236 167.858
19.68 2.4687 0.0228 168.288
19.69 2.4525 0.0223 167.842
19.7 2.2582 0.022 165.696
19.71 2.0559 0.0219 163.432
19.72 1.8939 0.022 161.596
19.73 1.8711 0.022 161.337
19.74 1.8637 0.0226 161.629
19.75 1.8727 0.0228 161.883
19.76 1.8818 0.0299 165.715
19.77 1.8737 0.0309 166.089
19.78 1.8939 0.0309 166.369
19.79 2.1328 0.0309 169.263
19.8 2.5011 0.0305 173.028
19.81 3.7033 0.0297 182.71
19.82 4.3671 0.0248 184.34
19.83 4.7395 0.0204 183.544
19.84 5.0674 0.0186 183.928
19.85 5.2981 0.0184 184.97
19.86 5.2981 0.0185 185.079
19.87 5.1686 0.0187 184.612
19.88 4.8002 0.0187 182.682
19.89 4.4117 0.0187 180.501
19.9 3.845 0.0187 176.987
19.91 3.4281 0.0184 173.876
19.92 3.003 0.0183 170.539
19.93 2.6428 0.0182 167.377
19.94 2.2866 0.0182 163.947
19.95 1.979 0.018 160.446
19.96 1.7523 0.0179 157.608
19.97 1.3718 0.0173 151.739
19.98 1.2827 0.0159 149.248
19.99 1.2099 0.0148 147.138
20 1.1492 0.0141 145.484
20.01 1.1373 0.0128 144.122
20.02 1.1316 0.0115 142.76
20.03 1.1302 0.0107 141.901
20.04 1.1559 0.0105 142.157
20.05 1.1815 0.0102 142.283
20.06 1.2342 0.0102 143.199
20.07 1.2584 0.0102 143.62
20.08 1.2625 0.0102 143.707
20.09 1.2706 0.0104 144.092
20.1 1.2868 0.0108 144.829
20.11 1.2787 0.0151 148.81
20.12 1.2949 0.017 150.578
20.13 1.2949 0.0193 152.197
20.14 1.3151 0.0226 154.575
20.15 1.3596 0.0269 157.606
20.16 1.4446 0.0286 159.823
20.17 1.4932 0.0352 163.407
20.18 1.6268 0.0445 168.718
20.19 1.813 0.052 173.631
20.2 1.9992 0.0623 178.785
20.21 2.0235 0.0724 181.374
20.22 1.9344 0.0824 182.177
20.23 1.8899 0.0891 182.777
20.24 1.8656 0.0925001 183.031
20.25 1.7766 0.0929 181.838
20.26 1.6916 0.0929 180.583
20.27 1.6349 0.0929 179.723
20.28 1.5701 0.0928 178.688
20.29 1.5175 0.0927 177.822
20.3 1.4897 0.0926 177.358
20.31 1.4763 0.0909 176.878
20.32 1.4932 0.0891 176.898
20.33 1.5102 0.088 177.028
20.34 1.5458 0.088 177.647
20.35 1.732 0.0881 180.622
20.36 2.0316 0.0882 184.863
20.37 2.2947 0.0983 189.864
20.38 2.4687 0.1204 195.164
20.39 2.4849 0.1321 196.888
20.4 2.5618 0.1433 199.125
20.41 2.7035 0.1529 201.788
20.42 2.7926 0.158 203.314
20.43 2.8492 0.1622 204.375
20.44 2.833 0.1694 204.975
20.45 2.8654 0.1794 206.321
20.46 2.9221 0.1901 207.932
20.47 3.0233 0.1999 209.858
20.48 3.1447 0.2072 211.711
20.49 3.2095 0.2071 212.354
20.5 3.2297 0.2069 212.557
20.51 3.2257 0.2066 212.523
20.52 3.1285 0.2054 211.514
20.53 2.9828 0.2028 209.873
20.54 2.8371 0.2001 208.161
20.55 2.5902 0.1995 205.426
20.56 2.4444 0.1984 203.653
20.57 2.2947 0.1965 201.674
20.58 2.1368 0.1896 199.048
20.59 1.9749 0.1779 195.789
20.6 1.8616 0.1663 193.07
20.61 1.7725 0.1548 190.597
20.62 1.6592 0.1439 187.675
20.63 1.5701 0.134 185.113
20.64 1.4851 0.1233 182.393
20.65 1.4548 0.1133 180.601
20.66 1.4396 0.0933 177.462
20.67 1.4546 0.0874 176.787
20.68 1.4697 0.0853 176.716
20.69 1.5013 0.0843 177.109
20.7 1.6147 0.0845 179.035
20.71 1.7928 0.0846 181.795
20.72 2.4363 0.0849 190.085
20.73 2.9787 0.0850001 195.713
20.74 3.6831 0.0851 201.835
20.75 4.5898 0.0853 208.402
20.76 5.6543 0.0858 214.89
20.77 6.7472 0.0865 220.607
20.78 7.6661 0.0869 224.817
20.79 8.4716 0.0877 228.279
20.8 9.6049 0.0886 232.672
20.81 10.046 0.0907 234.67
20.82 10.423 0.0911 236.036
20.83 10.734 0.0912 237.091
20.84 10.953 0.0912 237.813
20.85 11.111 0.091 238.292
20.86 11.244 0.0908 238.689
20.87 11.499 0.0889 239.072
20.88 11.843 0.087 239.69
20.89 12.552 0.0696 237.291
20.9 12.863 0.06 235.237
20.91 13.07 0.0507 232.529
20.92 13.268 0.0485 232.205
20.93 13.377 0.0467 231.779
20.94 13.446 0.0466 231.94
20.95 13.45 0.0448 231.222
20.96 13.301 0.0439 230.493
20.97 13.07 0.044 229.986
20.98 12.236 0.044 227.843
20.99 11.669 0.0444 226.492
21 11.046 0.0494 226.743
21.01 10.325 0.0572 227.336
21.02 9.4916 0.0758 229.951
21.03 8.6375 0.0836 228.736
21.04 7.6903 0.0865 225.611
21.05 6.727 0.0866 221.355
21.06 5.8931 0.0863 217.143
21.07 4.6748 0.0862 210.028
21.08 4.2821 0.0861 207.398
21.09 3.9705 0.0861 205.181
21.1 3.6021 0.086 202.331
21.11 3.2054 0.0858 198.948
21.12 3.0556 0.0846 197.376
21.13 3.0536 0.0818 196.831
21.14 3.0587 0.0583 191.434
21.15 3.0638 0.046 187.766
21.16 3.335 0.0354 186.001
21.17 3.679 0.026 183.89
21.18 3.9381 0.0248 184.997
21.19 3.9947 0.0236 184.639
21.2 3.7397 0.0246 183.55
21.21 3.4078 0.0223 179.66
21.22 3.1204 0.0201 175.892
21.23 2.8857 0.0194 173.433
21.24 2.6671 0.0196 171.645
21.25 2.4809 0.0199 170.103
21.26 2.2987 0.0204 168.615
21.27 2.2105 0.0261 171.162
21.28 2.1674 0.0329 174.02
21.29 2.1582 0.0386 176.264
21.3 2.3883 0.0393 179.145
21.31 2.6185 0.0401 181.863
21.32 3.3188 0.0409 188.511
21.33 4.0474 0.0417 194.315
21.34 4.6545 0.0524 202.095
21.35 5.1322 0.055 205.813
21.36 5.6017 0.0563 208.856
21.37 6.2129 0.0568 212.178
21.38 7.7268 0.0563 218.814
21.39 8.6982 0.0557 222.408
21.4 9.864 0.0556 226.468
21.41 11.058 0.0556 230.255
21.42 12.082 0.0556 233.24
21.43 12.944 0.0573 236.188
21.44 14.227 0.0618 240.967
21.45 14.697 0.064 242.834
21.46 15.061 0.0654 244.162
21.47 15.231 0.0631 243.861
21.48 15.304 0.0607 243.275
21.49 15.199 0.0537 240.6
21.5 14.972 0.052 239.468
21.51 14.227 0.0517 237.631
21.52 13.786 0.0681 242.072
21.53 13.292 0.0845 245.197
21.54 12.778 0.0824 243.33
21.55 12.349 0.0854 242.889
21.56 11.965 0.0928 243.496
21.57 11.718 0.1039 245.09
21.58 11.6326 0.1134 246.652
21.59 11.7338 0.1208 248.295
21.6 11.835 0.1209 248.651
21.61 11.827 0.1204 248.573
21.62 11.795 0.12 248.439
21.63 11.69 0.1137 247.041
21.64 11.665 0.1047 245.307
21.65 11.548 0.0948 242.967
21.66 11.5255 0.0905 241.993
21.67 11.503 0.0886 241.529
21.68 11.556 0.0894 241.901
21.69 11.4686 0.0902 241.847
21.7 11.4537 0.0979 243.487
21.71 11.4484 0.1645 254.246
21.72 11.4777 0.1523 252.746
21.73 11.507 0.1689 255.057
21.74 11.6 0.2138 260.444
21.75 12.41 0.2989 270.457
21.76 14.531 0.4301 285.214
21.77 26.735 0.5409 317.422
21.78 37.02 0.6608 338.285
