0.02 0.029327 0 0
0.03 0.069651 0 0
0.04 0.073317 0 0
0.05 0.11364 0 0
0.06 0.1283 0 0
0.07 0.31526 0.0021 21.3979
0.08 0.29327 0.0041 23.2352
0.09 0.34825 0.0041 24.6101
0.1 0.60486 0.004 27.3821
0.11 0.74416 0.0026 27.9493
0.12 0.93479 0.0062 31.8083
0.13 1.0778 0.0078 33.8378
0.14 1.2061 0.0039 33.1388
0.15 1.1584 0.0052 34.3984
0.16 1.1731 -0.018 -nan
0.17 1.2354 0.0251 40.9785
0.18 1.1804 0.0189 40.3978
0.19 1.1841 0.0046 36.4771
0.2 1.2061 -0.0006 -nan
0.21 1.2427 -0.0056 -nan
0.22 1.316 0.0048 38.7136
0.23 2.2581 0.0043 41.978
0.24 2.2985 0.0063 43.9612
0.25 2.764 -0.0012 -nan
0.26 3.0353 0.0125 49.5314
0.27 3.2772 -0.0042 -nan
0.28 3.1929 0.003 45.23
0.29 3.0646 0.004 46.5044
0.3 3.2039 0.0205 54.1269
0.31 3.4202 0.014 53.4168
0.32 3.4899 0.0063 50.5731
0.33 3.1453 0.007 50.6921
0.34 2.5917 0.0038 47.2458
0.35 1.9575 0.0337 54.8495
0.36 2.1628 0.0321 55.8539
0.37 2.2325 0.0156 53.2441
0.38 2.4928 0.0262 56.9014
0.39 3.1526 0.0232 58.6882
0.4 3.7391 -0.0723 -nan
0.41 3.8381 0.0212 60.7625
0.42 3.4422 0.0074 55.1703
0.43 3.2956 0.0149 58.4943
0.44 3.028 0.0385 62.9353
0.45 2.9363 0.0203 59.7803
0.46 3.6218 0.0414 65.7785
0.47 4.2853 0.0339 66.6774
0.48 4.8316 0.0359 68.564
0.49 4.9782 0.0402 69.9105
0.5 5.7773 0.0132 65.4714
0.51 6.5362 0.0049 61.7097
0.52 6.8734 0.0269 72.007
0.53 6.7561 0.0251 71.7952
0.54 7.0457 0.0229 72.0548
0.55 6.9907 0.03 73.9854
0.56 6.6131 0.0766 79.7481
0.57 6.7341 0.0525 77.8647
0.58 7.185 0.0432 77.7049
0.59 6.2612 0.0565 78.2715
0.6 6.0963 0.0404 76.1806
0.61 6.0156 0.0353 75.5319
0.62 5.2971 0.0414 75.4916
0.63 4.9122 0.052 76.4451
0.64 4.7362 0.0672 78.0252
0.65 4.498 0.0456 75.3127
0.66 3.4459 0.0717 75.5791
0.67 3.4056 0.0718 75.7761
0.68 3.3836 0.0493 73.6768
0.69 3.5339 0.0582 75.4759
0.7 3.7795 0.0572 76.4049
0.71 3.3029 0.0794 77.3132
0.72 3.2113 0.063 75.8269
0.73 3.1966 0.0681 76.5622
0.74 3.2479 0.0743 77.5892
0.75 3.2259 0.0522 75.5511
0.76 3.4202 0.0494 76.1212
0.77 3.5375 0.0619 78.2246
0.78 4.2084 0.0637 80.6858
0.79 4.5786 0.0505 80.3929
0.8 5.0992 0.0483 81.6322
0.81 4.399 0.0509 80.5413
0.82 4.531 0.0566 81.8812
0.83 4.3917 0.051 81.0831
0.84 4.0581 0.0526 80.6403
0.85 3.5265 0.0565 79.7598
0.86 3.5668 0.0411 78.0563
0.87 3.5045 0.0354 77.1449
0.88 3.3799 0.0294 75.8076
0.89 3.2699 0.0309 75.9986
0.9 3.2333 0.018 72.7654
0.91 3.116 0.0213 73.6259
0.92 2.9473 0.032 75.7838
0.93 2.819 0.0327 75.6624
0.94 2.7054 0.0329 75.4778
0.95 2.7457 0.0344 76.1435
0.96 2.9657 0.0358 77.4745
0.97 2.8887 0.0368 77.5818
0.98 2.6394 0.0351 76.4971
0.99 2.2801 0.0349 75.078
1 2.2985 0.0361 75.5876
1.01 2.2765 0.0337 75.2601
1.02 2.2471 0.0328 75.1559
1.03 2.2545 0.0318 75.2017
1.04 2.2581 0.0295 74.9517
1.05 2.2618 0.0275 74.7313
1.06 2.2581 0.027 74.7965
1.07 2.2545 0.0258 74.6917
1.08 2.2398 0.0224 73.9402
1.09 2.2435 0.016 72.1005
1.1 2.2325 0.0152 71.9251
1.11 2.2325 0.0153 72.1456
1.12 2.2508 0.0149 72.2514
1.13 2.2618 0.0146 72.3584
1.14 2.2911 0.0153 72.9542
1.15 2.3205 0.016 73.5391
1.16 2.3425 0.0158 73.7393
1.17 2.3681 0.0155 73.9133
1.18 2.4341 0.0154 74.3422
1.19 2.5258 0.0153 74.8741
1.2 2.5551 0.0163 75.5703
1.21 2.5807 0.0128 74.3434
1.22 2.5844 0.0156 75.7659
1.23 2.6504 0.0155 76.1735
1.24 2.6834 0.0161 76.7234
1.25 2.7567 0.0162 77.2336
1.26 2.797 0.0137 76.4926
1.27 2.874 0.0167 78.2397
1.28 2.973 0.0171 78.9492
1.29 3.0206 0.0141 78.0387
1.3 3.0646 0.0178 79.9037
1.31 3.1379 0.0184 80.569
1.32 3.1783 0.0188 81.0333
1.33 3.2516 0.0183 81.288
1.34 3.2882 0.0194 81.9861
1.35 3.3286 0.0197 82.4054
1.36 3.4202 0.0199 82.9678
1.37 3.4642 0.0202 83.3939
1.38 3.5009 0.0207 83.86
1.39 3.5339 0.0212 84.3093
1.4 3.5595 0.0214 84.6315
1.41 3.5852 0.0217 84.9854
1.42 3.5888 0.0228 85.5159
1.43 3.5888 0.0228 85.6829
1.44 3.5852 0.0228 85.8366
1.45 3.5705 0.0229 85.9824
1.46 3.5558 0.023 86.1269
1.47 3.5375 0.0267 87.3032
1.48 3.5155 0.0237 86.527
1.49 3.4679 0.0243 86.6993
1.5 3.4495 0.0242 86.7644
1.51 3.4312 0.0238 86.7379
1.52 3.4056 0.0276 87.88
1.53 3.3689 0.0246 87.0655
1.54 3.2662 0.0242 86.717
1.55 3.2113 0.0243 86.6911
1.56 3.1526 0.0239 86.4963
1.57 3.1013 0.0264 87.1641
1.58 3.0536 0.0227 86.0357
1.59 2.951 0.0223 85.6369
1.6 2.9033 0.0219 85.4564
1.61 2.8593 0.0211 85.1524
1.62 2.8117 0.0149 82.6654
1.63 2.7714 0.0148 82.5887
1.64 2.687 0.0146 82.2684
1.65 2.6467 0.0147 82.2751
1.66 2.6064 0.0151 82.4155
1.67 2.5624 0.0176 83.4074
1.68 2.5221 0.0153 82.3899
1.69 2.2655 0.0155 81.3485
1.7 2.2362 0.0153 81.2416
1.71 2.2105 0.0155 81.3267
1.72 2.1482 0.0153 81.0363
1.73 2.0785 0.0173 81.6124
1.74 2.0052 0.0153 80.4947
1.75 1.9649 0.0153 80.3877
1.76 1.8879 0.0155 80.1396
1.77 1.8512 0.0158 80.1671
1.78 1.7706 0.016 79.8632
1.79 1.7303 0.0163 79.8462
1.8 1.657 0.0163 79.4731
1.81 1.624 0.0158 79.1599
1.82 1.591 0.014 78.2557
1.83 1.525 0.0137 77.758
1.84 1.4993 0.0137 77.6856
1.85 1.4847 0.0134 77.5502
1.86 1.4773 0.0134 77.6106
1.87 1.481 0.0132 77.6572
1.88 1.4957 0.0129 77.7342
1.89 1.5543 0.0129 78.281
1.9 1.5726 0.0129 78.5282
1.91 1.5836 0.0131 78.8226
1.92 1.5946 0.0101 77.3245
1.93 1.5983 0.0092 76.8629
1.94 1.602 0.0084 76.4184
1.95 1.6056 0.0077 76.0003
1.96 1.613 0.013 79.5508
1.97 1.6313 0.0128 79.6901
1.98 1.6533 0.0127 79.9042
1.99 1.7339 0.0128 80.6192
2 1.7999 0.013 81.2718
2.01 1.8806 0.0127 81.7413
2.02 1.9685 0.0126 82.3402
2.03 2.0565 0.0128 83.083
2.04 2.1408 0.0135 84.0508
2.05 2.2068 0.0139 84.7395
2.06 2.2545 0.0145 85.4158
2.07 2.2985 0.0151 86.059
2.08 2.3388 0.0152 86.4378
2.09 2.3608 0.0156 86.8574
2.1 2.3828 0.0152 86.901
2.11 2.4121 0.0156 87.3577
2.12 2.4561 0.0161 87.9311
2.13 2.5074 0.0163 88.3995
2.14 2.5587 0.0167 88.9524
2.15 2.6137 0.0167 89.3409
2.16 2.6651 0.0174 90.0145
2.17 2.7164 0.0177 90.5066
2.18 2.7494 0.0184 91.0735
2.19 2.775 0.0191 91.5953
2.2 2.7934 0.0182 91.4308
2.21 2.8007 0.0179 91.454
2.22 2.8044 0.0173 91.3268
2.23 2.8007 0.0164 91.0181
2.24 2.7934 0.0152 90.5231
2.25 2.7787 0.0221 93.431
2.26 2.7824 0.0211 93.2045
2.27 2.797 0.0204 93.1275
2.28 2.83 0.0205 93.437
2.29 2.8813 0.0207 93.8689
2.3 2.962 0.0209 94.4327
2.31 3.072 0.0205 94.8918
2.32 3.2076 0.0203 95.5206
2.33 3.3396 0.0204 96.2312
2.34 3.4385 0.0208 96.908
2.35 3.5082 0.0209 97.3426
2.36 3.5412 0.0205 97.4323
2.37 3.5485 0.0203 97.4963
2.38 3.5339 0.0207 97.711
2.39 3.4899 0.021 97.7656
2.4 3.4422 0.0215 97.8768
2.41 3.3946 0.0216 97.8315
2.42 3.3469 0.0221 97.9311
2.43 3.3066 0.0224 97.9824
2.44 3.2662 0.0225 97.9571
2.45 3.2149 0.0221 97.6993
2.46 3.1709 0.0212 97.279
2.47 3.1269 0.0208 97.0391
2.48 3.094 0.0211 97.116
2.49 3.061 0.0214 97.1887
2.5 3.028 0.0215 97.183
2.51 3.0023 0.0216 97.2091
2.52 2.973 0.022 97.3278
2.53 2.9437 0.0225 97.4782
2.54 2.9033 0.0227 97.4629
2.55 2.863 0.0208 96.6676
2.56 2.8154 0.0221 97.0277
2.57 2.7787 0.0214 96.6903
2.58 2.7274 0.0318 99.7695
2.59 2.6724 0.0323 99.7137
2.6 2.6174 0.024 97.0929
2.61 2.5184 0.0249 96.9549
2.62 2.4084 0.027 97.0876
2.63 2.2655 0.032 97.7097
2.64 2.1188 0.0315 96.7476
2.65 1.7926 0.0316 94.5705
2.66 1.6313 0.0341 93.9864
2.67 1.426 0.0394 93.3956
2.68 1.4077 0.0393 93.2993
2.69 1.3417 0.04 92.8887
2.7 1.2207 0.0418 92.0641
2.71 1.1951 0.0435 92.1832
2.72 1.1767 0.0454 92.3998
2.73 1.1181 0.047 92.0812
2.74 1.0558 0.0476 91.5135
2.75 1.0887 0.0471 91.9311
2.76 1.1144 0.0506 92.8859
2.77 1.1511 0.0519 93.6115
2.78 1.2464 0.0537 95.0541
2.79 1.2794 0.0458 94.2516
2.8 1.3087 0.0555 96.1785
2.81 1.3307 0.0545 96.3594
2.82 1.371 0.0523 96.5383
2.83 1.3893 0.0535 97.001
2.84 1.4333 0.052 97.3026
2.85 1.514 0.0406 96.1684
2.86 1.7816 0.0379 97.9822
2.87 1.9246 0.0341 98.3058
2.88 2.0345 0.0368 99.8218
2.89 2.1078 0.0254 97.378
2.9 2.0602 0.0242 96.7611
2.91 1.9869 0.0238 96.2163
2.92 1.8952 0.0239 95.6884
2.93 1.7999 0.0238 95.0373
2.94 1.7046 0.0247 94.677
2.95 1.5177 0.0252 93.3503
2.96 1.4187 0.0262 92.835
2.97 1.3307 0.0277 92.4966
2.98 1.2647 0.0297 92.442
2.99 1.2024 0.0313 92.2594
3 1.1474 0.0303 91.4771
3.01 1.0778 0.0308 90.8641
3.02 1.0484 0.0329 91.0849
3.03 1.0191 0.0335 90.9339
3.04 0.97877 0.037 91.2408
3.05 0.94578 0.0386 91.195
3.06 0.93112 0.0411 91.5497
3.07 0.97144 0.0401 92.0051
3.08 0.98611 0.0413 92.5139
3.09 1.0081 0.0379 92.2303
3.1 1.0594 0.0387 93.1371
3.11 1.0741 0.0374 93.1405
3.12 1.0778 0.0377 93.3319
3.13 1.0558 0.0429 94.1446
3.14 1.0631 0.0425 94.2482
3.15 1.0374 0.0421 93.9258
3.16 0.9971 0.0409 93.2491
3.17 0.92379 0.0402 92.1778
3.18 0.87247 0.0428 91.9807
3.19 0.81748 0.0442 91.4466
3.2 0.71117 0.045 89.8423
3.21 0.68551 0.0462 89.6418
3.22 0.65618 0.0459 89.1078
3.23 0.65985 0.0458 89.2401
3.24 0.66718 0.0458 89.4591
3.25 0.65985 0.0453 89.3118
3.26 0.64885 0.046 89.2858
3.27 0.64152 0.0453 89.1021
3.28 0.62686 0.0446 88.7663
3.29 0.62319 0.0455 88.914
3.3 0.6012 0.0448 88.4158
3.31 0.59386 0.0453 88.4154
3.32 0.60486 0.0458 88.8048
3.33 0.60486 0.0465 88.9913
3.34 0.60486 0.0472 89.1763
3.35 0.60486 0.047 89.219
3.36 0.6012 0.0468 89.1833
3.37 0.6012 0.0473 89.3359
3.38 0.59386 0.0457 88.9964
3.39 0.5902 0.0452 88.9088
3.4 0.5792 0.0448 88.6753
3.41 0.5682 0.0436 88.3033
3.42 0.56087 0.0432 88.1425
3.43 0.54987 0.0406 87.5097
3.44 0.53154 0.0394 86.9368
3.45 0.52055 0.038 86.4849
3.46 0.50955 0.0359 85.8815
3.47 0.49855 0.0335 85.1889
3.48 0.49122 0.0292 84.1086
3.49 0.47656 0.0276 83.4172
3.5 0.46556 0.0256 82.6843
3.51 0.45456 0.0239 81.9953
3.52 0.44356 0.022 81.2096
3.53 0.4399 0.0179 79.7957
3.54 0.43623 0.0162 79.1027
3.55 0.44723 0.0151 78.9857
3.56 0.45456 0.0139 78.6888
3.57 0.46923 0.012 78.1496
3.58 0.48022 0.0106 77.6659
3.59 0.49855 0.0077 76.0957
3.6 0.53154 0.007 76.2534
3.61 0.53521 0.006 75.4144
3.62 0.52421 0.0055 74.7043
3.63 0.51688 0.0055 74.6102
3.64 0.52055 0.0064 75.6918
3.65 0.52421 0.0067 76.1156
3.66 0.54987 0.0076 77.508
3.67 0.55721 0.0076 77.7151
3.68 0.57187 0.0077 78.1502
3.69 0.5792 0.0074 78.0942
3.7 0.58287 0.0067 77.58
3.71 0.58287 0.0063 77.2416
3.72 0.57553 0.0061 76.9517
3.73 0.5682 0.0064 77.1747
3.74 0.57187 0.0054 76.2188
3.75 0.56454 0.005 75.6479
3.76 0.55354 0.005 75.4897
3.77 0.54621 0.0043 74.4604
3.78 0.53888 0.0036 73.279
3.79 0.51322 0.0029 71.5212
3.8 0.49855 0.0026 70.6307
3.81 0.49122 0.0031 71.5715
3.82 0.47289 0.0018 68.0825
3.83 0.46189 0.0038 72.2568
3.84 0.46189 0.0044 73.1966
3.85 0.46189 0.004 72.671
3.86 0.46556 0.0038 72.4963
3.87 0.47289 0.0042 73.3198
3.88 0.48755 0.0048 74.519
3.89 0.53521 0.0087 79.4144
3.9 0.57187 0.011 81.8142
3.91 0.66351 0.0116 84.014
3.92 0.83581 0.0098 85.7047
3.93 0.96045 0.0081 86.1234
3.94 1.2464 0.0062 87.512
3.95 1.4003 0.0059 88.6875
3.96 1.7266 0.0058 91.3377
3.97 1.8769 0.0096 96.4677
3.98 2.0235 0.0071 95.1675
3.99 1.9832 0.0079 95.8058
4 1.9099 0.0124 98.9985
4.01 1.6789 0.0103 95.7555
4.02 1.5836 0.0111 95.612
4.03 1.5067 0.0112 95.0656
4.04 1.4003 0.0137 95.7244
4.05 1.3454 0.0123 94.3898
4.06 1.2757 0.0119 93.4763
4.07 1.1547 0.011 91.6061
4.08 1.1181 0.0096 90.2168
4.09 1.0924 0.0091 89.5769
4.1 1.0704 0.0093 89.5373
4.11 0.9971 0.0094 88.7664
4.12 0.97877 0.0103 89.2658
4.13 0.95311 0.0115 89.8046
4.14 0.92012 0.0137 90.722
4.15 0.8908 0.0162 91.6295
4.16 0.90912 0.0179 92.7267
4.17 0.92379 0.0208 94.1718
4.18 0.9971 0.0236 96.283
4.19 1.0448 0.0233 96.8943
4.2 1.1107 0.022 97.3502
4.21 1.2281 0.0209 98.4134
4.22 1.7596 0.0158 101.326
4.23 2.1995 0.0183 105.991
4.24 2.797 0.0169 109.071
4.25 3.9884 0.015 113.73
4.26 4.4063 0.0176 116.995
4.27 4.6996 0.0113 113.886
4.28 4.9012 0.0117 114.984
4.29 5.0808 0.0122 116.059
4.3 5.1175 0.0167 119.332
4.31 5.1212 0.0152 118.49
4.32 5.0955 0.0165 119.292
4.33 4.9782 0.0173 119.439
4.34 4.9269 0.0184 119.951
4.35 4.8719 0.0197 120.516
4.36 4.8242 0.0215 121.302
4.37 4.7069 0.023 121.63
4.38 4.6483 0.0245 122.128
4.39 4.5786 0.0281 123.339
4.4 4.52 0.0301 123.895
4.41 4.4466 0.0309 123.952
4.42 4.3037 0.032 123.807
4.43 4.234 0.0326 123.786
4.44 4.1717 0.0323 123.504
4.45 4.1241 0.0324 123.409
4.46 4.135 0.0323 123.501
4.47 4.168 0.0384 125.513
4.48 4.245 0.03 123.363
4.49 4.3293 0.0293 123.546
4.5 4.4796 0.0287 124.018
4.51 4.5163 0.0319 125.338
4.52 4.4796 0.0265 123.35
4.53 4.4063 0.0259 122.898
4.54 4.212 0.0258 122.138
4.55 4.0984 0.0308 123.54
4.56 3.9994 0.0277 122.099
4.57 3.9151 0.0278 121.836
4.58 3.7795 0.0251 120.266
4.59 3.7171 0.0236 119.437
4.6 3.6548 0.023 118.963
4.61 3.5925 0.0218 118.212
4.62 3.4532 0.0213 117.385
4.63 3.3836 0.022 117.427
4.64 3.3249 0.0223 117.334
4.65 3.2443 0.0237 117.585
4.66 3.1599 0.0295 119.363
4.67 3.105 0.0239 117.065
4.68 3.0096 0.0243 116.771
4.69 2.8703 0.0251 116.359
4.7 2.786 0.0252 115.967
4.71 2.6027 0.0257 115.092
4.72 2.4194 0.0262 114.138
4.73 2.2398 0.0289 113.869
4.74 2.1592 0.028 113.038
4.75 1.9869 0.0298 112.339
4.76 1.8219 0.0313 111.465
4.77 1.7486 0.032 111.076
4.78 1.6203 0.0337 110.403
4.79 1.5177 0.0349 109.75
4.8 1.4407 0.0349 108.993
4.81 1.4113 0.0339 108.471
4.82 1.371 0.0344 108.213
4.83 1.3344 0.0341 107.776
4.84 1.3197 0.034 107.64
4.85 1.316 0.0308 106.776
4.86 1.316 0.0315 107.037
4.87 1.3124 0.03 106.623
4.88 1.3014 0.0276 105.817
4.89 1.3014 0.0285 106.161
4.9 1.316 0.0278 106.172
4.91 1.3674 0.0229 105.11
4.92 1.4223 0.0279 107.52
4.93 1.4443 0.0315 108.913
4.94 1.4883 0.0178 104.37
4.95 1.5286 0.0337 110.549
4.96 1.5543 0.0327 110.599
4.97 1.6203 0.0306 110.713
4.98 1.7413 0.0286 111.302
4.99 1.8476 0.0236 110.537
5 2.1665 0.0196 111.429
5.01 2.6064 0.0189 114.152
5.02 2.841 0.0171 114.683
5.03 3.2553 0.0171 117.018
5.04 3.5925 0.0177 119.097
5.05 3.7428 0.0183 120.201
5.06 4.0031 0.0173 120.871
5.07 4.2267 0.0203 123.52
5.08 4.3403 0.0222 124.988
5.09 4.5346 0.0184 123.897
5.1 4.6519 0.0247 127.507
5.11 4.6813 0.026 128.238
5.12 4.7362 0.0219 126.701
5.13 4.7986 0.028 129.633
5.14 4.8316 0.0301 130.615
5.15 4.9305 0.03 131.031
5.16 5.0588 0.032 132.296
5.17 5.1322 0.0334 133.115
5.18 5.2861 0.0338 133.887
5.19 5.4328 0.0343 134.652
5.2 5.5061 0.0348 135.147
5.21 5.616 0.035 135.67
5.22 5.671 0.0355 136.093
5.23 5.7407 0.0358 136.501
5.24 5.77 0.0362 136.8
5.25 5.7883 0.0369 137.153
5.26 5.781 0.0383 137.627
5.27 5.77 0.0381 137.602
5.28 5.7663 0.0405 138.363
5.29 5.759 0.0432 139.156
5.3 5.7553 0.0441 139.455
5.31 5.7627 0.0468 140.245
5.32 5.759 0.0484 140.699
5.33 5.682 0.0423 138.934
5.34 5.649 0.0506 140.975
5.35 5.5427 0.0507 140.687
5.36 5.4951 0.0523 140.949
5.37 5.5024 0.0561 141.874
5.38 5.5684 0.0582 142.627
5.39 5.726 0.0595 143.539
5.4 5.9496 0.0602 144.548
5.41 6.0413 0.0596 144.82
5.42 6.1146 0.058 144.818
5.43 6.1476 0.0553 144.431
5.44 6.2576 0.0497 143.593
5.45 6.4005 0.0497 144.134
5.46 6.4445 0.0426 142.511
5.47 6.5655 0.0394 142.04
5.48 6.6241 0.0404 142.591
5.49 6.6205 0.0379 141.896
5.5 6.5655 0.038 141.828
5.51 6.4922 0.0376 141.546
5.52 6.4005 0.038 141.452
5.53 6.3565 0.0379 141.352
5.54 6.3125 0.038 141.312
5.55 6.2722 0.0383 141.345
5.56 6.2356 0.0392 141.57
5.57 6.1659 0.0353 140.184
5.58 6.1622 0.0364 140.601
5.59 6.1769 0.0397 141.739
5.6 6.2466 0.0419 142.677
5.61 6.4115 0.0455 144.271
5.62 6.5105 0.0477 145.23
5.63 6.6755 0.0475 145.776
5.64 6.8148 0.0467 146.076
5.65 6.8588 0.0491 146.894
5.66 6.8881 0.0485 146.906
5.67 6.8661 0.0487 146.961
5.68 6.8478 0.0506 147.445
5.69 6.9027 0.0513 147.856
5.7 6.9907 0.0526 148.507
5.71 7.0457 0.0535 148.958
5.72 7.064 0.054 149.201
5.73 7.1117 0.0541 149.441
5.74 7.1337 0.0549 149.763
5.75 7.119 0.0554 149.904
5.76 7.1227 0.0555 150.01
5.77 7.185 0.055 150.158
5.78 7.2143 0.0549 150.296
5.79 7.295 0.0547 150.563
5.8 7.3976 0.0539 150.754
5.81 7.449 0.0539 150.976
5.82 7.5699 0.0544 151.516
5.83 7.7679 0.0548 152.245
5.84 7.8705 0.0557 152.813
5.85 8.0795 0.0561 153.555
5.86 8.1785 0.0563 153.943
5.87 8.3434 0.0562 154.437
5.88 8.4204 0.0566 154.806
5.89 8.5414 0.057 155.288
5.9 8.5964 0.053 154.567
5.91 8.721 0.058 156.127
5.92 8.7833 0.0581 156.383
5.93 8.9116 0.0585 156.873
5.94 8.9593 0.0586 157.089
5.95 9.0949 0.0597 157.747
5.96 9.1536 0.0609 158.229
5.97 9.2709 0.0615 158.723
5.98 9.3442 0.0618 159.041
5.99 9.4432 0.062 159.399
6 9.6155 0.0618 159.846
6.01 9.6668 0.062 160.086
6.02 9.7218 0.0614 160.161
6.03 9.7218 0.0617 160.3
6.04 9.7328 0.0656 161.22
6.05 9.7291 0.0626 160.658
6.06 9.7328 0.0668 161.612
6.07 9.7328 0.0636 161.027
6.08 9.7218 0.0635 161.053
6.09 9.6998 0.0642 161.221
6.1 9.6704 0.0643 161.245
6.11 9.6045 0.0685 162.01
6.12 9.5568 0.0646 161.18
6.13 9.4542 0.0679 161.671
6.14 9.3992 0.0651 161.044
6.15 9.3515 0.0656 161.101
6.16 9.2525 0.0667 161.15
6.17 9.1939 0.0672 161.175
6.18 9.0802 0.0678 161.078
6.19 9.0253 0.0681 161.069
6.2 8.9336 0.0675 160.786
6.21 8.908 0.0676 160.812
6.22 8.8786 0.0674 160.767
6.23 8.9043 0.0666 160.746
6.24 8.9189 0.066 160.735
6.25 8.9483 0.0661 160.903
6.26 9.0509 0.0656 161.137
6.27 9.1242 0.0656 161.396
6.28 9.2965 0.0661 162.005
6.29 9.3918 0.0656 162.213
6.3 9.5678 0.0653 162.657
6.31 9.6338 0.0662 163.075
6.32 9.6814 0.0661 163.242
6.33 9.7254 0.0656 163.318
6.3401 9.7034 0.0665 163.522
6.3501 9.6924 0.0682 163.911
6.3601 9.7181 0.0679 163.985
6.3701 9.7364 0.0689 164.301
6.3801 9.7877 0.0693 164.576
6.3901 9.8207 0.0702 164.905
6.4001 9.8537 0.0716 165.327
6.4101 9.8757 0.0732 165.757
6.4201 9.8574 0.0736 165.86
6.4301 9.8574 0.074 166.006
6.4401 9.8537 0.0741 166.088
6.4501 9.8647 0.074 166.167
6.4601 9.8941 0.074 166.31
6.4701 9.9271 0.0743 166.517
6.4801 10.092 0.0745 167.022
6.4901 10.228 0.0566 163.632
6.5001 10.598 0.0737 168.196
6.5101 10.825 0.0573 165.284
6.5201 11.32 0.0723 169.674
6.5301 11.58 0.0569 166.942
6.5401 12.123 0.0715 171.344
6.5501 12.39 0.0678 171.197
6.5601 12.915 0.0565 169.702
6.5701 13.157 0.0575 170.477
6.5801 13.648 0.0604 172.155
6.5901 13.89 0.0632 173.316
6.6001 14.341 0.0646 174.507
6.6101 14.524 0.0667 175.365
6.6201 14.707 0.0681 176.06
6.6301 14.447 0.0714 176.375
6.6401 14.634 0.073 177.102
6.6501 14.751 0.0732 177.42
6.6601 14.847 0.0763 178.274
6.6701 14.993 0.0781 178.946
6.6801 15.008 0.0802 179.442
6.6901 15.019 0.0765 178.832
6.7001 15.041 0.0804 179.686
6.7101 15.048 0.0827 180.195
6.7201 15.1 0.0841 180.611
6.7301 15.21 0.0791 179.954
6.7401 15.239 0.0819 180.6
6.7501 15.261 0.0817 180.675
6.7601 15.334 0.087 181.822
6.7701 15.378 0.083 181.261
6.7801 15.451 0.0821 181.294
6.7901 15.55 0.0832 181.737
6.8001 15.704 0.0839 182.196
6.8101 15.708 0.0856 182.582
6.8201 15.682 0.0863 182.737
6.8301 15.521 0.0877 182.784
6.8401 15.429 0.0877 182.702
6.8501 15.371 0.0917 183.356
6.8601 15.286 0.0906 183.1
6.8701 15.217 0.0917 183.239
6.8801 15.166 0.0927 183.39
6.8901 15.169 0.0927 183.469
6.9001 15.177 0.0934 183.672
6.9101 15.177 0.0946 183.941
6.9201 15.096 0.0918 183.415
6.9301 15.067 0.0934 183.701
6.9401 14.986 0.0938 183.698
6.9501 14.938 0.0926 183.49
6.9601 14.935 0.0967 184.221
6.9701 14.924 0.093 183.677
6.9801 14.935 0.0931 183.786
6.9901 15.019 0.0937 184.107
7.0001 15.078 0.099 185.129
7.0101 15.107 0.0942 184.49
7.0201 15.133 0.0939 184.559
7.0301 15.074 0.0927 184.331
7.0401 15.03 0.092 184.21
7.0501 14.982 0.0923 184.248
7.0601 14.909 0.0917 184.091
7.0701 14.77 0.0927 184.081
7.0801 14.674 0.0944 184.259
7.0901 14.568 0.0953 184.285
7.1001 14.458 0.0968 184.395
7.1101 14.212 0.0971 184.06
7.1201 14.077 0.0971 183.879
7.1301 13.992 0.0967 183.727
7.1401 13.875 0.0954 183.37
7.1501 13.63 0.0947 182.859
7.1601 13.501 0.0926 182.339
7.1701 13.344 0.0914 181.905
7.1801 13.223 0.0919 181.82
7.1901 12.955 0.0917 181.322
7.2001 12.827 0.0967 181.935
7.2101 12.731 0.091 180.891
7.2201 12.603 0.0894 180.432
7.2301 12.361 0.0888 179.897
7.2401 12.233 0.0903 179.947
7.2501 12.094 0.0863 179.044
7.2601 11.965 0.0863 178.836
7.2701 11.72 0.0853 178.2
7.2801 11.628 0.0802 177.154
7.2901 11.577 0.0825 177.527
7.3001 11.522 0.0809 177.184
7.3101 11.474 0.0798 176.943
7.3201 11.467 0.0788 176.809
7.3301 11.492 0.0785 176.876
7.3401 11.5 0.0788 177.017
7.3501 11.573 0.0777 177.038
7.3601 11.602 0.077 177.035
7.3701 11.668 0.0763 177.112
7.3801 11.738 0.0742 176.921
7.3901 11.808 0.0759 177.473
7.4001 11.958 0.0756 177.804
7.4101 12.024 0.0752 177.933
7.4201 12.119 0.0762 178.398
7.4301 12.328 0.0758 178.826
7.4401 12.449 0.0768 179.34
7.4501 12.566 0.0779 179.862
7.4601 12.665 0.0772 179.997
7.4701 12.911 0.0752 180.17
7.4801 13.017 0.0791 181.21
7.4901 13.113 0.0798 181.602
7.5001 13.314 0.082 182.48
7.5101 13.391 0.0816 182.625
7.5201 13.45 0.0817 182.827
7.5301 13.527 0.0884 184.249
7.5401 13.622 0.0824 183.428
7.5501 13.652 0.0683 180.709
7.5601 13.67 0.0689 180.942
7.5701 13.637 0.0705 181.291
7.5801 13.604 0.0772 182.669
7.5901 13.556 0.0753 182.265
7.6001 13.424 0.0818 183.333
7.6101 13.296 0.0789 182.598
7.6201 12.636 0.0861 182.653
7.6301 12.614 0.0811 181.767
7.6401 12.497 0.0813 181.626
7.6501 12.339 0.0825 181.581
7.6601 12.248 0.0832 181.581
7.6701 12.075 0.0837 181.366
7.6801 11.98 0.0848 181.422
7.6901 11.804 0.0837 180.905
7.7001 11.694 0.0839 180.762
7.7101 11.58 0.0845 180.68
7.7201 11.346 0.086 180.478
7.7301 11.221 0.085 180.08
7.7401 11.126 0.0854 179.995
7.7501 11.03 0.0858 179.905
7.7601 11.001 0.0848 179.726
7.7701 10.909 0.0829 179.234
7.7801 10.836 0.0785 178.314
7.7901 10.781 0.0774 178.038
7.8001 10.811 0.0772 178.135
7.8101 10.851 0.0772 178.293
7.8201 11.008 0.0749 178.276
7.8301 11.133 0.0749 178.63
7.8401 11.265 0.0743 178.877
7.8501 11.485 0.0743 179.44
7.8601 11.562 0.0718 179.165
7.8701 11.621 0.0704 179.066
7.8801 11.661 0.0686 178.832
7.8901 11.709 0.0726 179.847
7.9001 11.738 0.0692 179.258
7.9101 11.764 0.0696 179.464
7.9201 11.789 0.0712 179.922
7.9301 11.837 0.0758 181.031
7.9401 11.826 0.0743 180.769
7.9501 11.8 0.0746 180.836
7.9601 11.69 0.0749 180.715
7.9701 11.61 0.0758 180.779
7.9801 11.522 0.0764 180.763
7.9901 11.437 0.0753 180.415
8.0001 11.283 0.0759 180.245
8.0101 11.203 0.076 180.143
8.0201 11.166 0.077 180.316
8.0301 11.148 0.0761 180.16
8.0401 11.159 0.0754 180.109
8.0501 11.21 0.0753 180.27
8.0601 11.265 0.0752 180.439
8.0701 11.331 0.0742 180.452
8.0801 11.529 0.0729 180.699
8.0901 11.621 0.0745 181.296
8.1001 11.734 0.0745 181.611
8.1101 11.808 0.0747 181.878
8.1201 11.903 0.075 182.211
8.1301 11.932 0.075 182.338
8.1401 11.958 0.0746 182.376
8.1501 12.009 0.0803 183.672
8.1601 12.028 0.0759 182.917
8.1701 12.05 0.0761 183.067
8.1801 12.068 0.0775 183.447
8.1901 12.053 0.0778 183.535
8.2001 12.024 0.0785 183.671
8.2101 11.998 0.0794 183.85
8.2201 11.874 0.0803 183.81
8.2301 11.804 0.0806 183.772
8.2401 11.723 0.0807 183.671
8.2501 11.632 0.081 183.584
8.2601 11.441 0.0809 183.189
8.2701 11.327 0.0812 183.043
8.2801 11.243 0.0801 182.701
8.2901 11.159 0.08 182.546
8.3001 11.023 0.0792 182.133
8.3101 10.975 0.0791 182.06
8.3201 10.924 0.0781 181.806
8.3301 10.84 0.0779 181.626
8.3401 10.814 0.0782 181.682
8.3501 10.77 0.0777 181.539
8.3601 10.723 0.0779 181.524
8.3701 10.613 0.0762 180.982
8.3801 10.55 0.0766 180.966
8.3901 10.484 0.0759 180.725
8.4001 10.426 0.0752 180.501
8.4101 10.415 0.0743 180.352
8.4201 10.418 0.0734 180.237
8.4301 10.444 0.0731 180.299
8.4401 10.492 0.0761 181.083
8.4501 10.514 0.0717 180.301
8.4601 10.521 0.0718 180.399
8.4701 10.514 0.0711 180.294
8.4801 10.451 0.0705 180.07
8.4901 10.426 0.069 179.745
8.5001 10.378 0.0682 179.51
8.5101 10.279 0.0681 179.299
8.5201 10.228 0.0684 179.295
8.5301 10.195 0.0683 179.248
8.5401 10.158 0.0515 175.052
8.5501 10.136 0.0575 176.667
8.5601 10.055 0.0565 176.263
8.5701 9.9857 0.0577 176.453
8.5801 9.9161 0.0584 176.509
8.5901 9.7548 0.0587 176.225
8.6001 9.6961 0.0583 176.029
8.6101 9.3149 0.0589 175.221
8.6201 9.3588 0.0597 175.593
8.6301 9.4138 0.0598 175.822
8.6401 9.4175 0.0608 176.132
8.6501 9.3955 0.0608 176.129
8.6601 9.3735 0.0613 176.246
8.6701 9.3149 0.0616 176.215
8.6801 9.2745 0.0616 176.161
8.6901 9.2085 0.0614 175.989
8.7001 9.1866 0.0614 175.985
8.7101 9.1462 0.0614 175.929
8.7201 9.1426 0.0619 176.094
8.7301 9.1206 0.0625 176.231
8.7401 9.1132 0.0625 176.266
8.7501 9.1059 0.0618 176.137
8.7601 9.1022 0.0619 176.206
8.7701 9.0986 0.0617 176.205
8.7801 9.0949 0.0609 176.059
8.7901 9.0949 0.0609 176.115
8.8001 9.1059 0.0604 176.08
8.8101 9.1279 0.0601 176.124
8.8201 9.1426 0.0595 176.073
8.8301 9.1719 0.0593 176.161
8.8401 9.1866 0.059 176.182
8.8501 9.2195 0.0588 176.279
8.8601 9.2232 0.059 176.394
8.8701 9.2415 0.059 176.5
8.8801 9.2415 0.0592 176.605
8.8901 9.2195 0.059 176.55
8.9001 9.2122 0.0595 176.709
8.9101 9.2085 0.0588 176.58
8.9201 9.2012 0.0594 176.764
8.9301 9.2049 0.0594 176.829
8.9401 9.2195 0.0601 177.097
8.9501 9.2195 0.0602 177.177
8.9601 9.2269 0.0598 177.154
8.9701 9.2159 0.0601 177.252
8.9801 9.1866 0.0611 177.469
8.9901 9.1572 0.0617 177.586
9.0001 9.1279 0.0627 177.797
9.0101 9.0289 0.0762 180.477
9.0201 8.9593 0.0656 178.099
9.0301 8.798 0.0792 180.495
9.0401 8.688 0.0699 178.361
9.0501 8.5414 0.0714 178.293
9.0601 8.2261 0.074 177.913
9.0701 8.0685 0.0772 178.099
9.0801 7.7166 0.065 174.498
9.0901 7.5443 0.0869 178.239
9.1001 7.185 0.0889 177.381
9.1101 7.0567 0.0894 177.058
9.1201 6.9137 0.0896 176.623
9.1301 6.7818 0.0891 176.106
9.1401 6.8771 0.0895 176.579
9.1501 7.262 0.0892 177.974
9.1601 7.6066 0.0875 178.934
9.1701 8.0062 0.0865 180.14
9.1801 8.7247 0.0842 182.03
9.1901 8.9996 0.0835 182.774
9.2001 9.2049 0.0813 183.017
9.2101 9.5055 0.0779 183.268
9.2201 9.6375 0.076 183.311
9.2301 9.7731 0.0745 183.431
9.2401 9.8281 0.0716 183.029
9.2501 9.8831 0.0714 183.189
9.2601 9.9014 0.0696 182.904
9.2701 9.938 0.0687 182.858
9.2801 9.971 0.0695 183.176
9.2901 9.9967 0.0634 181.903
9.3001 10.008 0.062 181.65
9.3101 10.015 0.0608 181.427
9.3201 10 0.0606 181.392
9.3301 9.9784 0.06 181.24
9.3401 9.9674 0.0597 181.189
9.3501 9.9051 0.0598 181.105
9.3601 9.8721 0.0605 181.247
9.3701 9.8391 0.0606 181.238
9.3801 9.7658 0.0614 181.295
9.3901 9.7291 0.0632 181.686
9.4001 9.6924 0.0642 181.879
9.4101 9.6008 0.0646 181.778
9.4201 9.5458 0.0626 181.206
9.4301 9.4322 0.0582 179.854
9.4401 9.3698 0.0576 179.58
9.4501 9.3112 0.0576 179.471
9.4601 9.2379 0.0772 183.742
9.4701 9.2159 0.0578 179.362
9.4801 9.1242 0.0576 179.105
9.4901 9.0546 0.0609 179.791
9.5001 8.798 0.0615 179.247
9.5101 8.6 0.09 184.465
9.5201 8.3654 0.0658 179.058
9.5301 7.8045 0.0609 176.191
9.5401 7.4416 0.0607 174.991
9.5501 7.053 0.0606 173.671
9.5601 6.2246 0.0616 170.857
9.5701 5.792 0.0618 169.188
9.5801 4.9562 0.0751 168.187
9.5901 4.6079 0.0648 164.449
9.6001 4.212 0.0659 162.61
9.6101 4.0544 0.0747 163.462
9.6201 3.9994 0.065 161.311
9.6301 3.8381 0.0639 160.176
9.6401 3.7465 0.0731 161.463
9.6501 3.4019 0.0606 156.815
9.6601 3.1856 0.06 155.255
9.6701 3.0133 0.0584 153.715
9.6801 2.731 0.066 153.147
9.6901 2.6137 0.0555 150.047
9.7001 2.4634 0.0551 148.726
9.7101 2.1372 0.0524 145.148
9.7201 1.9685 0.05 142.922
9.7301 1.7853 0.0469 140.218
9.7401 1.6313 0.0383 136.134
9.7501 1.3783 0.0345 131.757
9.7601 1.2904 0.0306 129.254
9.7701 1.25 0.0283 127.866
9.7801 1.1731 0.0269 126.204
9.7901 1.1034 0.0266 125.014
9.8001 1.0851 0.0224 122.978
9.8101 1.0374 0.0205 121.321
9.8201 0.9971 0.0183 119.531
9.8301 0.94945 0.0165 117.706
9.8401 0.90912 0.0143 115.621
9.8501 0.88346 0.0128 114.121
9.8601 0.92379 -0.0032 -nan
9.8701 1.2464 0.0201 124.578
9.8801 1.5067 0.0235 129.739
9.8901 1.7926 0.0277 134.896
9.9001 2.1042 0.0311 139.421
9.9101 2.4598 -0.0462 -nan
9.9201 2.7604 -0.0431 -nan
9.9301 3.2919 0.0273 147.222
9.9401 3.7538 0.026 149.466
9.9501 4.432 0.0264 153.321
9.9601 5.2641 0.0282 158.076
9.9701 6.2172 0.0159 154.415
9.9801 8.4864 0.033 171.654
9.9901 9.6338 0.0341 175.344
10 10.598 0.0361 178.663
10.01 11.371 0.0394 181.852
10.02 12.024 0.0434 184.852
10.03 12.541 0.0458 186.863
10.04 13.149 0.0505 189.729
10.05 13.245 0.0531 190.776
10.06 13.307 0.0554 191.632
10.07 13.34 0.0571 192.236
10.08 13.373 0.0585 192.745
10.09 13.366 0.0602 193.244
10.1 13.347 0.0666 194.889
10.11 13.124 0.0698 195.231
10.12 12.922 0.073 195.577
10.13 12.684 0.076 195.763
10.14 12.453 0.0769 195.49
10.15 12.211 0.076 194.801
10.16 11.98 0.0972 198.338
10.17 11.463 0.0779 193.539
10.18 11.173 0.0773 192.755
10.19 10.866 0.0763 191.827
10.2 10.561 0.0758 190.99
10.21 10.25 0.0759 190.242
10.22 9.9564 0.0895 192.116
10.23 9.3479 0.0744 187.526
10.24 9.0289 0.0738 186.515
10.25 8.721 0.0737 185.615
10.26 8.4021 0.0736 184.652
10.27 8.0648 0.0737 183.636
10.28 7.7496 0.0743 182.757
10.29 7.251 0.0762 181.445
10.3 7.0934 0.0761 180.901
10.31 7.031 0.0745 180.4
10.32 7.064 0.0734 180.347
10.33 7.2327 0.0749 181.315
10.34 7.5406 0.0762 182.717
10.35 7.9842 0.0749 184.013
10.36 9.1499 0.073 187.31
10.37 9.8207 0.0724 189.149
10.38 10.51 0.0713 190.813
10.39 11.034 0.066 190.975
10.4 11.36 0.0567 189.42
10.41 12.002 0.0672 193.695
10.42 12.321 0.0667 194.359
10.43 12.662 0.0664 195.104
10.44 12.977 0.0584 193.767
10.45 13.311 0.0579 194.39
10.46 13.816 0.065 197.377
10.47 13.956 0.0651 197.742
10.48 14.058 0.0647 197.9
10.49 14.198 0.0618 197.481
10.5 14.322 0.0632 198.149
10.51 14.561 0.0535 195.939
10.52 14.678 0.0551 196.699
10.53 14.777 0.06 198.342
10.54 14.876 0.0656 200.065
10.55 14.968 0.0677 200.822
10.56 15.085 0.0724 202.226
10.57 15.092 0.0743 202.729
10.58 14.616 0.0772 202.493
10.59 14.66 0.079 203.023
10.6 14.583 0.0822 203.594
10.61 14.48 0.0839 203.786
10.62 14.385 0.0993 206.522
10.63 14.176 0.0887 204.214
10.64 14.058 0.0905 204.363
10.65 13.685 0.0935 204.179
10.66 13.494 0.0922 203.582
10.67 13.278 0.082 201.191
10.68 13.047 0.0784 199.987
10.69 12.684 0.0966 202.718
10.7 12.555 0.0957 202.315
10.71 12.46 0.0948 201.987
10.72 12.409 0.0924 201.49
10.73 12.456 0.0894 201.099
10.74 12.709 0.0871 201.298
10.75 12.962 0.0827 201.053
10.76 13.329 0.0792 201.19
10.77 13.805 0.0798 202.388
10.78 14.337 0.0788 203.333
10.79 14.865 0.0781 204.295
10.8 15.301 0.08 205.611
10.81 15.602 0.082 206.666
10.82 15.902 0.0828 207.454
10.83 15.913 0.085 207.981
10.84 15.814 0.0868 208.211
10.85 15.723 0.0895 208.622
10.86 15.62 0.0941 209.349
10.87 15.473 0.0958 209.43
10.88 15.316 0.0951 209.048
10.89 15.257 0.0975 209.419
10.9 15.22 0.0987 209.613
10.91 15.158 0.0978 209.383
10.92 15.111 0.0973 209.254
10.93 15.085 0.0954 208.912
10.94 15.059 0.0982 209.417
10.95 15.034 0.0925 208.38
10.96 15.045 0.0921 208.38
10.97 15.023 0.0922 208.408
10.98 15.012 0.0906 208.135
10.99 15.015 0.0937 208.777
11 15.004 0.0881 207.74
11.01 14.942 0.088 207.649
11.02 14.927 0.0893 207.925
11.03 14.894 0.0888 207.814
11.04 14.839 0.0861 207.223
11.05 14.821 0.087 207.418
11.06 14.671 0.0872 207.206
11.07 14.52 0.0871 206.93
11.08 14.432 0.0875 206.88
11.09 14.264 0.087 206.485
11.1 14.15 0.0871 206.317
11.11 13.956 0.0878 206.097
11.12 13.868 0.0891 206.212
11.13 13.769 0.0905 206.319
11.14 13.707 0.09 206.141
11.15 13.619 0.0911 206.21
11.16 13.608 0.0898 205.991
11.17 13.593 0.0925 206.518
11.18 13.578 0.0927 206.573
11.19 13.63 0.0927 206.738
11.2 13.648 0.0911 206.53
11.21 13.659 0.092 206.774
11.22 13.696 0.0921 206.924
11.23 13.751 0.0921 207.095
11.24 13.74 0.0929 207.272
11.25 13.747 0.0935 207.449
11.26 13.732 0.0921 207.208
11.27 13.74 0.0917 207.201
11.28 13.718 0.0918 207.223
11.29 13.699 0.0913 207.139
11.3 13.666 0.0924 207.324
11.31 13.641 0.0928 207.395
11.32 13.597 0.0926 207.312
11.33 13.578 0.0925 207.303
11.34 13.553 0.0945 207.668
11.35 13.505 0.0931 207.355
11.36 13.479 0.0949 207.679
11.37 13.402 0.0952 207.613
11.38 13.351 0.0959 207.676
11.39 13.329 0.0968 207.839
11.4 13.274 0.0967 207.748
11.41 13.179 0.0971 207.655
11.42 13.164 0.1022 208.558
11.43 13.113 0.0966 207.517
11.44 13.076 0.0962 207.411
11.45 12.981 0.0972 207.423
11.46 12.889 0.0967 207.172
11.47 12.786 0.0959 206.84
11.48 12.698 0.0968 206.845
11.49 12.548 0.0981 206.77
11.5 12.489 0.098 206.663
11.51 12.442 0.083 203.764
11.52 12.453 0.0831 203.86
11.53 12.471 0.0842 204.175
11.54 12.511 0.085 204.479
11.55 12.526 0.086 204.763
11.56 12.592 0.0897 205.687
11.57 12.618 0.0907 205.987
11.58 12.515 0.0894 205.547
11.59 12.72 0.0899 206.173
11.6 12.794 0.0912 206.642
11.61 12.852 0.0931 207.181
11.62 12.948 0.0925 207.341
11.63 12.992 0.1028 209.323
11.64 12.959 0.0961 208.126
11.65 13.028 0.0973 208.55
11.66 13.021 0.0964 208.422
11.67 12.933 0.0977 208.501
11.68 12.849 0.1115 210.658
11.69 12.786 0.106 209.674
11.7 12.464 0.1074 209.184
11.71 12.295 0.1084 208.983
11.72 12.141 0.1094 208.814
11.73 11.987 0.1083 208.304
11.74 11.841 0.1083 207.986
11.75 11.588 0.1068 207.149
11.76 11.452 0.1089 207.181
11.77 11.364 0.1102 207.205
11.78 11.324 0.1121 207.443
11.79 11.316 0.1121 207.471
11.8 11.371 0.1118 207.619
11.81 11.401 0.1089 207.293
11.82 11.401 0.1068 207.006
11.83 11.437 0.1025 206.441
11.84 11.514 0.095 205.387
11.85 11.5 0.0863 203.764
11.86 11.511 0.0797 202.495
11.87 11.522 0.075 201.549
11.88 11.551 0.071 200.751
11.89 11.555 0.0691 200.356
11.9 11.547 0.0677 200.042
11.91 11.533 0.0648 199.326
11.92 11.489 0.0643 199.134
11.93 11.459 0.062 198.503
11.94 11.423 0.0554 196.61
11.95 11.423 0.0552 196.596
11.96 11.434 0.0556 196.788
11.97 11.503 0.0576 197.584
11.98 11.544 0.0579 197.817
11.99 11.566 0.0579 197.917
12 11.628 0.0542 197.03
12.01 11.745 0.058 198.475
12.02 11.833 0.0585 198.877
12.03 11.91 0.0575 198.823
12.04 11.962 0.0577 199.052
12.05 12.061 0.0584 199.534
12.06 12.167 0.06 200.282
12.07 12.335 0.0619 201.245
12.08 12.335 0.0648 202.06
12.09 12.354 0.0641 201.968
12.1 12.361 0.0651 202.292
12.11 12.368 0.066 202.586
12.12 12.387 0.0669 202.906
12.13 12.427 0.0682 203.372
12.14 12.431 0.0696 203.772
12.15 12.394 0.0721 204.33
12.16 12.379 0.0735 204.669
12.17 12.376 0.073 204.592
12.18 12.387 0.0717 204.359
12.19 12.42 0.069 203.832
12.2 12.456 0.0681 203.741
12.21 12.482 0.0746 205.401
12.22 12.548 0.0734 205.326
12.23 12.552 0.0689 204.304
12.24 12.537 0.0701 204.609
12.25 12.489 0.0695 204.396
12.26 12.409 0.0692 204.18
12.27 12.303 0.0681 203.702
12.28 12.116 0.0707 203.934
12.29 12.013 0.0623 201.597
12.3 11.888 0.0612 201.041
12.31 11.767 0.0602 200.515
12.32 11.709 0.0611 200.666
12.33 11.628 0.0592 199.984
12.34 11.569 0.0588 199.77
12.35 11.445 0.0599 199.813
12.36 11.379 0.0655 201.182
12.37 11.32 0.0668 201.406
12.38 11.236 0.0661 201.059
12.39 11.166 0.0653 200.72
12.4 11.137 0.0643 200.432
12.41 11.104 0.0634 200.156
12.42 11.056 0.0668 200.948
12.43 11.096 0.0696 201.785
12.44 11.122 0.0729 202.678
12.45 11.14 0.0749 203.228
12.46 11.166 0.0796 204.374
12.47 11.206 0.0805 204.716
12.48 11.283 0.0857 206.034
12.49 11.522 0.0872 207.001
12.5 11.522 0.0524 198.457
12.51 11.511 0.0529 198.631
12.52 11.474 0.0529 198.583
12.53 11.503 0.0558 199.584
12.54 11.544 0.0554 199.611
12.55 11.635 0.0559 200.03
12.56 11.731 0.056 200.341
12.57 11.705 0.0565 200.47
12.58 12.046 0.0545 200.742
12.59 12.193 0.054 200.983
12.6 12.486 0.0553 202.116
12.61 12.713 0.0546 202.471
12.62 12.918 0.0543 202.89
12.63 13.127 0.0556 203.805
12.64 13.333 0.0571 204.76
12.65 13.641 0.0576 205.629
12.66 13.754 0.0594 206.446
12.67 13.853 0.0628 207.665
12.68 13.945 0.0649 208.478
12.69 14 0.0687 209.632
12.7 14.033 0.0732 210.859
12.71 14 0.0805 212.508
12.72 13.967 0.0794 212.239
12.73 13.923 0.0822 212.802
12.74 13.89 0.0866 213.7
12.75 13.908 0.0899 214.453
12.76 13.893 0.0911 214.703
12.77 13.871 0.0935 215.166
12.78 13.787 0.0966 215.609
12.79 13.754 0.0991 216.04
12.8 13.674 0.0988 215.851
12.81 13.575 0.1025 216.333
12.82 13.498 0.1032 216.325
12.83 13.468 0.106 216.785
12.84 13.468 0.1045 216.575
12.85 13.465 0.1043 216.581
12.86 13.512 0.1052 216.891
12.87 13.549 0.1057 217.109
12.88 13.685 0.1041 217.193
12.89 13.71 0.1054 217.521
12.9 13.732 0.1035 217.289
12.91 13.794 0.1033 217.442
12.92 13.886 0.1012 217.326
12.93 13.923 0.0944 216.201
12.94 14.011 0.0949 216.539
12.95 14.091 0.095 216.782
12.96 14.161 0.1009 218.074
12.97 14.271 0.1009 218.364
12.98 14.392 0.1007 218.64
12.99 14.59 0.1008 219.136
13 14.795 0.1014 219.732
13.01 14.909 0.1029 220.291
13.02 14.997 0.104 220.72
13.03 15.089 0.1036 220.891
13.04 15.122 0.1068 221.567
13.05 15.206 0.107 221.826
13.06 15.261 0.0879 218.387
13.07 15.33 0.0907 219.146
13.08 15.437 0.1092 222.827
13.09 15.58 0.1086 223.068
13.1 15.796 0.1091 223.644
13.11 15.943 0.1084 223.87
13.12 16.21 0.1071 224.228
13.13 16.782 0.1078 225.521
13.14 17.042 0.1071 225.946
13.15 17.042 0.1095 226.411
13.16 17.578 0.1085 227.297
13.17 17.801 0.1081 227.688
13.18 18.014 0.1104 228.527
13.19 18.201 0.1107 228.967
13.2 18.314 0.1148 229.914
13.21 18.457 0.1159 230.403
13.22 18.538 0.1181 230.958
13.23 18.685 0.1174 231.155
13.24 18.758 0.1197 231.707
13.25 18.802 0.122 232.201
13.26 18.879 0.122 232.387
13.27 18.963 0.1222 232.616
13.28 19.029 0.1235 232.986
13.29 19.095 0.1241 233.245
13.3 19.213 0.1257 233.75
13.31 19.275 0.1258 233.922
13.32 19.312 0.1289 234.51
13.33 19.29 0.1319 234.97
13.34 19.205 0.1313 234.781
13.35 19.158 0.1252 233.819
13.36 19.066 0.1258 233.799
13.37 18.978 0.1271 233.892
13.38 18.934 0.1272 233.878
13.39 18.806 0.1297 234.077
13.4 18.721 0.1289 233.852
13.41 18.655 0.13 233.947
13.42 18.531 0.1316 234.009
13.43 18.461 0.1305 233.767
13.44 18.259 0.1314 233.578
13.45 18.212 0.1291 233.197
13.46 18.04 0.1278 232.731
13.47 17.97 0.1274 232.588
13.48 17.915 0.1268 232.442
13.49 17.9 0.1117 230.022
13.5 17.882 0.1093 229.621
13.51 17.897 0.111 229.991
13.52 18.003 0.1116 230.338
13.53 18.036 0.1164 231.254
13.54 18.029 0.1156 231.156
13.55 17.93 0.1166 231.186
13.56 17.339 0.1186 230.446
13.57 17.431 0.1219 231.196
13.58 17.431 0.123 231.417
13.59 17.35 0.1234 231.371
13.6 17.226 0.1257 231.535
13.61 17.167 0.1254 231.422
13.62 17.13 0.1261 231.505
13.63 17.086 0.1278 231.724
13.64 17.068 0.1269 231.6
13.65 17.097 0.1285 231.945
13.66 17.174 0.1294 232.278
13.67 17.196 0.124 231.545
13.68 17.215 0.1298 232.512
13.69 17.244 0.1293 232.541
13.7 17.222 0.1194 231.009
13.71 17.288 0.127 232.373
13.72 17.31 0.1258 232.279
13.73 17.38 0.1192 231.421
13.74 17.574 0.126 232.911
13.75 17.647 0.1265 233.174
13.76 17.757 0.1264 233.415
13.77 17.974 0.1156 232.139
13.78 18.065 0.1304 234.696
13.79 18.226 0.1295 234.908
13.8 18.454 0.1308 235.572
13.81 18.589 0.1315 235.971
13.82 18.696 0.1318 236.259
13.83 18.864 0.1312 236.521
13.84 19.18 0.1324 237.315
13.85 19.469 0.1329 237.949
13.86 19.799 0.1351 238.899
13.87 20.133 0.136 239.656
13.88 20.488 0.1421 241.187
13.89 21.148 0.1402 242.068
13.9 21.456 0.1423 242.921
13.91 21.716 0.1448 243.745
13.92 22.028 0.144 244.182
13.93 22.123 0.0967 236.418
13.94 22.299 0.141 244.282
13.95 22.296 0.1397 244.137
13.96 22.647 0.144 245.354
13.97 22.816 0.1113 240.457
13.98 23.23 0.1394 245.687
13.99 23.744 0.1372 246.186
14 25.111 0.1195 245.391
14.01 25.752 0.143 250.039
14.02 26.365 0.1386 250.286
14.03 26.991 0.1447 252.085
14.04 28.051 0.1398 252.811
14.05 28.678 0.1429 254.131
14.06 28.949 0.1423 254.437
14.07 29.759 0.1459 256.032
14.08 30.1 0.153 257.519
14.09 30.544 0.1571 258.682
14.1 30.808 0.1604 259.502
14.11 31.343 0.1657 260.902
14.12 31.574 0.1689 261.646
14.13 31.753 0.1698 262.026
14.14 31.984 0.1721 262.646
14.15 32.131 0.1775 263.547
14.16 32.296 0.1809 264.21
14.17 32.446 0.1825 264.632
14.18 32.633 0.1948 266.345
14.19 32.578 0.1871 265.44
14.2 32.629 0.1883 265.693
14.21 32.618 0.2156 268.743
14.22 32.542 0.1952 266.492
14.23 32.406 0.1974 266.632
14.24 32.307 0.201 266.967
14.25 31.849 0.2173 268.205
14.26 31.548 0.2038 266.465
14.27 31.269 0.2107 266.915
14.28 30.558 0.2258 267.621
14.29 30.225 0.2176 266.43
14.3 29.931 0.2222 266.57
14.31 29.679 0.2233 266.407
14.32 29.121 0.2268 266.076
14.33 28.865 0.2252 265.633
14.34 28.601 0.2227 265.087
14.35 28.172 0.2199 264.283
14.36 28.095 0.2209 264.33
14.37 27.963 0.2151 263.618
14.38 27.846 0.215 263.499
14.39 27.912 0.2071 262.82
14.4 27.996 0.2076 263.038
14.41 28.165 0.2033 262.858
14.42 28.637 0.198 262.96
14.43 28.74 0.1794 260.996
14.44 29 0.1921 262.877
14.45 29.411 0.1893 263.139
14.46 29.711 0.1785 262.29
14.47 29.946 0.184 263.302
14.48 30.408 0.23 268.879
14.49 30.72 0.1574 260.96
14.5 31.211 0.1562 261.44
14.51 31.519 0.1573 262.013
14.52 31.739 0.1593 262.602
14.53 32.186 0.1609 263.401
14.54 32.27 0.1693 264.668
14.55 32.033 0.1695 264.464
14.56 31.797 0.1757 265.024
14.57 31.955 0.1806 265.872
14.58 31.962 0.1832 266.247
14.59 32.054 0.193 267.566
14.6 32.054 0.1853 266.712
14.61 32.006 0.1878 267.003
14.62 32.138 0.1869 267.105
14.63 32.146 0.1835 266.757
14.64 32.193 0.195 268.217
14.65 32.083 0.1935 267.964
14.66 32.014 0.1933 267.909
14.67 31.944 0.1935 267.898
14.68 31.878 0.1865 267.049
14.69 31.739 0.1939 267.797
14.7 31.794 0.1909 267.567
14.71 31.86 0.1944 268.103
14.72 32.017 0.1925 268.124
14.73 32.252 0.1955 268.803
14.74 32.373 0.191 268.478
14.75 32.575 0.1894 268.581
14.76 32.523 0.192 268.875
14.77 32.608 0.1905 268.851
14.78 32.505 0.1908 268.814
14.79 32.388 0.1921 268.877
14.8 32.443 0.1912 268.888
14.81 32.424 0.1922 269.033
14.82 31.951 0.1933 268.642
14.83 31.797 0.19 268.121
14.84 31.607 0.1955 268.577
14.85 31.577 0.1945 268.476
14.86 31.288 0.1954 268.274
14.87 30.896 0.1892 267.12
14.88 30.65 0.1917 267.154
14.89 30.419 0.1928 267.04
14.9 30.214 0.1919 266.726
14.91 30.074 0.1912 266.516
14.92 29.939 0.1895 266.196
14.93 29.994 0.1816 265.374
14.94 29.994 0.1832 265.617
14.95 30.078 0.186 266.109
14.96 30.232 0.1852 266.259
14.97 30.452 0.1851 266.574
14.98 30.54 0.1795 266.054
14.99 30.694 0.1803 266.394
15 30.866 0.1839 267.097
15.01 30.76 0.1832 266.93
15.02 30.672 0.1815 266.662
15.03 30.705 0.1826 266.887
15.04 30.624 0.182 266.762
15.05 30.599 0.1834 266.95
15.06 30.525 0.18 266.491
15.07 30.056 0.183 266.312
15.08 29.924 0.1857 266.517
15.09 29.832 0.185 266.365
15.1 29.715 0.1831 266.034
15.11 29.781 0.1844 266.325
15.12 29.671 0.1919 267.117
15.13 29.631 0.1847 266.265
15.14 29.539 0.1856 266.303
15.15 29.374 0.1845 266.005
15.16 29.228 0.1861 266.054
15.17 29.125 0.1797 265.194
15.18 28.934 0.1844 265.562
15.19 28.637 0.1809 264.794
15.2 28.582 0.1842 265.167
15.21 28.575 0.1826 265.014
15.22 28.564 0.1829 265.084
15.23 28.549 0.183 265.124
15.24 28.45 0.1791 264.565
15.25 28.498 0.1756 264.244
15.26 28.546 0.1789 264.766
15.27 28.436 0.1769 264.419
15.28 28.41 0.1743 264.107
15.29 28.282 0.1767 264.284
15.3 28.209 0.1703 263.424
15.31 28.168 0.1739 263.875
15.32 28.154 0.1728 263.765
15.33 28.029 0.173 263.669
15.34 28.058 0.1707 263.463
15.35 27.952 0.1684 263.07
15.36 27.802 0.1709 263.236
15.37 27.809 0.1708 263.281
15.38 27.769 0.1702 263.197
15.39 27.732 0.1722 263.45
15.4 27.758 0.1714 263.431
15.41 27.706 0.1685 263.033
15.42 27.688 0.1688 263.095
15.43 27.615 0.1667 262.769
15.44 27.574 0.1671 262.812
15.45 27.611 0.1642 262.528
15.46 27.593 0.1706 263.387
15.47 27.596 0.1697 263.322
15.48 27.651 0.1556 261.551
15.49 27.618 0.1488 260.582
15.5 27.607 0.1519 261.061
15.51 27.501 0.1519 260.963
15.52 27.541 0.1543 261.406
15.53 27.413 0.1566 261.599
15.54 27.38 0.1588 261.904
15.55 26.372 0.1573 260.334
15.56 26.826 0.1558 260.814
15.57 26.911 0.159 261.421
15.58 27.16 0.166 262.755
15.59 27.285 0.1605 262.239
15.6 27.307 0.1628 262.627
15.61 27.299 0.1658 263.062
15.62 27.318 0.1657 263.122
15.63 27.244 0.1694 263.55
15.64 27.061 0.1686 263.237
15.65 26.878 0.1734 263.642
15.66 26.761 0.1735 263.536
15.67 26.577 0.1748 263.485
15.68 26.39 0.1759 263.401
15.69 26.328 0.1752 263.271
15.7 26.332 0.1765 263.486
15.71 26.39 0.177 263.678
15.72 26.361 0.1746 263.383
15.73 26.438 0.1742 263.49
15.74 26.522 0.1726 263.455
15.75 26.537 0.175 263.826
15.76 26.665 0.1755 264.118
15.77 26.618 0.1724 263.706
15.78 26.588 0.1713 263.569
15.79 26.508 0.1759 264.083
15.8 26.343 0.1795 264.337
15.81 26.064 0.1731 263.183
15.82 25.925 0.1761 263.403
15.83 25.903 0.1767 263.491
15.84 25.804 0.1755 263.243
15.85 25.749 0.1657 261.953
15.86 25.573 0.1713 262.465
15.87 25.463 0.168 261.924
15.88 25.448 0.169 262.077
15.89 25.507 0.1636 261.503
15.9 25.562 0.168 262.208
15.91 25.65 0.1657 262.083
15.92 25.818 0.1675 262.611
15.93 25.855 0.1633 262.157
15.94 25.855 0.1641 262.309
15.95 25.84 0.1652 262.479
15.96 25.804 0.1648 262.419
15.97 25.642 0.1662 262.411
15.98 25.58 0.1659 262.326
15.99 25.521 0.1631 261.913
16 25.62 0.1596 261.632
16.01 25.697 0.1636 262.33
16.02 25.826 0.1625 262.418
16.03 25.947 0.162 262.573
16.04 26.035 0.1605 262.543
16.05 26.075 0.1651 263.265
16.06 26.189 0.1659 263.582
16.07 26.295 0.171 264.446
16.08 26.167 0.169 264.048
16.09 26.123 0.1691 264.042
16.1 25.91 0.1761 264.668
16.11 25.701 0.1701 263.644
16.12 25.32 0.1691 262.994
16.13 25.148 0.1736 263.356
16.14 24.968 0.1747 263.267
16.15 24.873 0.167 262.183
16.16 24.858 0.1746 263.178
16.17 24.792 0.1733 262.959
16.18 24.818 0.1732 263.031
16.19 24.939 0.172 263.109
16.2 24.939 0.1743 263.445
16.21 25.016 0.1654 262.46
16.22 25.188 0.1627 262.405
16.23 25.272 0.1634 262.669
16.24 25.367 0.1634 262.856
16.25 25.382 0.1646 263.084
16.26 25.529 0.1669 263.652
16.27 25.565 0.1673 263.803
16.28 25.51 0.1696 264.066
16.29 25.408 0.1669 263.606
16.3 25.188 0.1698 263.699
16.31 24.964 0.1659 262.896
16.32 24.847 0.1651 262.658
16.33 24.616 0.1616 261.882
16.34 24.66 0.1625 262.115
16.35 24.704 0.16 261.889
16.36 24.858 0.1682 263.26
16.37 25.071 0.1599 262.521
16.38 25.353 0.1612 263.166
16.39 25.433 0.1593 263.071
16.4 25.488 0.158 263.018
16.41 25.408 0.1733 264.973
16.42 25.338 0.1749 265.115
16.43 25.041 0.1618 263.001
16.44 24.909 0.1645 263.208
16.45 24.752 0.1623 262.718
16.46 24.623 0.1625 262.592
16.47 24.466 0.1526 261.026
16.48 24.048 0.1452 259.348
16.49 23.839 0.1455 259.11
16.5 23.48 0.1484 259.013
16.51 23.109 0.1506 258.78
16.52 22.787 0.1523 258.543
16.53 22.439 0.1519 257.957
16.54 20.628 0.1533 255.088
16.55 20.639 0.1573 255.698
16.56 20.477 0.1569 255.396
16.57 20.188 0.1558 254.768
16.58 20.034 0.1553 254.462
16.59 19.817 0.1546 254.01
16.6 19.74 0.1497 253.231
16.61 19.674 0.1489 253.038
16.62 19.693 0.1415 252.044
16.63 19.773 0.1397 251.965
16.64 19.924 0.1418 252.597
16.65 20.07 0.1419 252.92
16.66 20.184 0.1442 253.507
16.67 20.642 0.1439 254.326
16.68 20.793 0.142 254.354
16.69 20.954 0.1409 254.514
16.7 21.104 0.1374 254.286
16.71 21.042 0.1378 254.282
16.72 21.002 0.141 254.741
16.73 20.91 0.1412 254.652
16.74 20.789 0.1428 254.72
16.75 20.705 0.1417 254.45
16.76 20.518 0.1406 253.995
16.77 20.514 0.1406 254.03
16.78 20.422 0.1416 254.058
16.79 20.364 0.1462 254.672
16.8 20.375 0.1473 254.893
16.81 20.386 0.1481 255.07
16.82 20.613 0.1474 255.419
16.83 20.664 0.147 255.494
16.84 20.683 0.1499 255.986
16.85 20.65 0.1461 255.423
16.86 20.606 0.1504 256.004
16.87 20.62 0.1477 255.685
16.88 20.617 0.1465 255.549
16.89 20.701 0.1415 255.003
16.9 20.778 0.1383 254.696
16.91 20.785 0.1399 254.994
16.92 20.892 0.1408 255.361
16.93 20.873 0.1395 255.172
16.94 20.917 0.1406 255.458
16.95 20.921 0.1388 255.233
16.96 20.943 0.1402 255.527
16.97 21.009 0.1387 255.456
16.98 21.02 0.1368 255.224
16.99 21.056 0.1381 255.53
17 20.983 0.1383 255.475
17.01 20.903 0.141 255.787
17.02 20.763 0.1463 256.367
17.03 20.62 0.1488 256.516
17.04 20.551 0.1475 256.246
17.05 20.43 0.1547 257.088
17.06 20.144 0.1516 256.176
17.07 19.92 0.151 255.722
17.08 19.737 0.1505 255.353
17.09 19.345 0.1468 254.131
17.1 19.187 0.1448 253.583
17.11 19.117 0.1408 252.9
17.12 18.945 0.129 250.78
17.13 18.974 0.137 252.135
17.14 19.029 0.1371 252.296
17.15 19.161 0.1349 252.248
17.16 19.447 0.1344 252.75
17.17 19.656 0.1335 253.039
17.18 19.88 0.1333 253.462
17.19 20.188 0.1317 253.809
17.2 20.21 0.1311 253.794
17.21 20.298 0.1317 254.09
17.22 20.323 0.1344 254.606
17.23 20.345 0.1331 254.481
17.24 20.327 0.1379 255.24
17.25 20.283 0.1384 255.279
17.26 20.268 0.1418 255.809
17.27 20.191 0.1414 255.65
17.28 20.015 0.1411 255.324
17.29 19.836 0.1412 255.049
17.3 19.557 0.1383 254.132
17.31 19.396 0.1364 253.578
17.32 19.389 0.1311 252.771
17.33 19.367 0.1358 253.512
17.34 19.561 0.1347 253.745
17.35 19.7 0.1341 253.95
17.36 20.114 0.129 253.932
17.37 20.298 0.1355 255.348
17.38 20.507 0.1348 255.656
17.39 20.701 0.1292 255.141
17.4 20.826 0.1347 256.291
17.41 20.917 0.1327 256.174
17.42 20.976 0.1335 256.447
17.43 21.148 0.1358 257.155
17.44 21.21 0.1341 257.035
17.45 21.32 0.1357 257.521
17.46 21.427 0.1281 256.515
17.47 21.482 0.1201 255.277
17.48 21.566 0.1229 255.952
17.49 21.614 0.1226 256.022
17.5 21.548 0.1263 256.584
17.51 21.548 0.1307 257.357
17.52 21.478 0.1329 257.635
17.53 20.279 0.1318 255.376
17.54 20.712 0.1388 257.301
17.55 20.73 0.1398 257.527
17.56 20.76 0.1417 257.911
17.57 20.705 0.1392 257.472
17.58 20.628 0.139 257.344
17.59 20.609 0.1283 255.641
17.6 20.708 0.1422 258.057
17.61 20.738 0.141 257.97
17.62 20.855 0.1384 257.82
17.63 20.961 0.1376 257.924
17.64 21.023 0.1385 258.215
17.65 21.225 0.1389 258.673
17.66 21.518 0.1383 259.132
17.67 21.518 0.1385 259.204
17.68 21.812 0.1383 259.721
17.69 22.285 0.1368 260.329
17.7 22.541 0.1391 261.16
17.71 22.684 0.1375 261.188
17.72 22.948 0.1395 261.979
17.73 23.139 0.1406 262.505
17.74 23.41 0.1434 263.418
17.75 23.615 0.1386 263.044
17.76 23.795 0.1377 263.231
17.77 23.96 0.1461 264.835
17.78 24.165 0.1486 265.577
17.79 24.238 0.1497 265.897
17.8 24.389 0.1509 266.353
17.81 24.502 0.1521 266.748
17.82 24.576 0.1539 267.167
17.83 24.649 0.1542 267.366
17.84 24.847 0.1555 267.903
17.85 24.997 0.1592 268.702
17.86 25.195 0.159 269.021
17.87 25.261 0.164 269.859
17.88 25.261 0.1665 270.241
17.89 25.199 0.1668 270.227
17.9 25.188 0.1687 270.507
17.91 25.115 0.1683 270.383
17.92 25.049 0.1696 270.495
17.93 25.027 0.1725 270.885
17.94 24.906 0.1752 271.088
17.95 24.821 0.1753 271.009
17.96 24.7 0.1738 270.667
17.97 24.664 0.1704 270.208
17.98 24.66 0.1734 270.636
17.99 24.565 0.1742 270.631
18 24.572 0.1716 270.345
18.01 24.517 0.1705 270.155
18.02 24.557 0.172 270.457
18.03 24.631 0.1674 270.007
18.04 24.675 0.1661 269.943
18.05 24.697 0.1632 269.623
18.06 24.656 0.1583 268.917
18.07 24.77 0.153 268.376
18.08 24.719 0.1602 269.366
18.09 24.708 0.159 269.222
18.1 24.741 0.1593 269.357
18.11 24.81 0.16 269.605
18.12 24.836 0.1607 269.785
18.13 24.88 0.1641 270.366
18.14 25.052 0.1569 269.667
18.15 25.122 0.1625 270.605
18.16 25.137 0.1647 270.973
18.17 25.126 0.1634 270.819
18.18 25.338 0.1647 271.367
18.19 25.382 0.1641 271.394
18.2 25.551 0.1647 271.777
18.21 25.595 0.1688 272.443
18.22 25.631 0.1671 272.31
18.23 25.749 0.1678 272.627
18.24 25.771 0.1689 272.85
18.25 25.734 0.17 272.983
18.26 25.921 0.1664 272.823
18.27 25.859 0.1672 272.879
18.28 25.807 0.1669 272.801
18.29 25.595 0.1674 272.586
18.3 25.503 0.1649 272.145
18.31 25.397 0.1683 272.486
18.32 25.221 0.1676 272.16
18.33 25.023 0.1661 271.689
18.34 24.968 0.1636 271.302
18.35 24.748 0.161 270.636
18.36 24.257 0.1627 270.133
18.37 24.106 0.1613 269.738
18.38 23.916 0.1587 269.107
18.39 23.663 0.1557 268.309
18.4 23.586 0.153 267.834
18.41 23.542 0.1504 267.421
18.42 23.546 0.1479 267.095
18.43 23.535 0.1467 266.936
18.44 23.531 0.1459 266.849
18.45 23.623 0.1449 266.886
18.46 23.696 0.1389 266.107
18.47 23.755 0.1306 264.881
18.48 23.725 0.1312 264.974
18.49 23.7 0.132 265.107
18.5 23.718 0.1323 265.226
18.51 23.615 0.1343 265.431
18.52 23.549 0.1425 266.676
18.53 22.27 0.1379 263.858
18.54 22.629 0.1374 264.426
18.55 22.541 0.1376 264.35
18.56 22.523 0.1582 267.445
18.57 22.446 0.1471 265.74
18.58 22.321 0.1473 265.596
18.59 22.083 0.1458 265
18.6 21.911 0.1423 264.207
18.61 21.687 0.1542 265.625
18.62 21.599 0.1392 263.258
18.63 20.987 0.1417 262.598
18.64 20.749 0.1439 262.543
18.65 20.547 0.1411 261.784
18.66 20.305 0.1398 261.175
18.67 20.067 0.1369 260.317
18.68 19.689 0.1338 259.149
18.69 19.469 0.133 258.64
18.7 19.286 0.1325 258.246
18.71 19.128 0.1312 257.767
18.72 18.985 0.1301 257.346
18.73 18.949 0.1274 256.866
18.74 18.963 0.1251 256.542
18.75 19.099 0.123 256.483
18.76 19.235 0.122 256.608
18.77 19.374 0.1199 256.542
18.78 19.546 0.1203 256.978
18.79 19.77 0.1202 257.42
18.8 20.026 0.1202 257.936
18.81 20.224 0.1102 256.479
18.82 20.69 0.1239 259.881
18.83 20.961 0.1228 260.214
18.84 21.196 0.1239 260.864
18.85 21.364 0.1266 261.668
18.86 21.621 0.128 262.398
18.87 21.738 0.132 263.314
18.88 22.039 0.1331 264.057
18.89 22.065 0.1352 264.485
18.9 22.131 0.137 264.929
18.91 22.16 0.1396 265.433
18.92 22.127 0.1408 265.604
18.93 22.145 0.1438 266.14
18.94 22.035 0.1421 265.726
18.95 22.043 0.143 265.918
18.96 21.988 0.1442 266.046
18.97 21.896 0.1435 265.817
18.98 21.911 0.1459 266.25
18.99 21.786 0.1431 265.641
19 21.716 0.144 265.695
19.01 21.709 0.1444 265.783
19.02 21.636 0.1435 265.555
19.03 21.614 0.1439 265.616
19.04 21.581 0.1428 265.427
19.05 21.595 0.1426 265.459
19.06 21.555 0.1398 264.99
19.07 21.364 0.1401 264.736
19.08 21.265 0.1381 264.281
19.09 21.126 0.1377 264.007
19.1 21.023 0.1378 263.875
19.11 20.888 0.1366 263.477
19.12 20.84 0.1367 263.444
19.13 20.862 0.1347 263.2
19.14 20.789 0.1329 262.811
19.15 20.862 0.1337 263.113
19.16 20.804 0.1343 263.144
19.17 20.881 0.1328 263.076
19.18 20.888 0.1335 263.242
19.19 20.947 0.1367 263.907
19.2 21.031 0.1296 262.928
19.21 21.067 0.1312 263.299
19.22 21.053 0.1299 263.094
19.23 20.98 0.1309 263.168
19.24 20.91 0.1314 263.163
19.25 20.771 0.1323 263.098
19.26 20.609 0.1319 262.773
19.27 20.463 0.1339 262.871
19.28 20.378 0.1314 262.34
19.29 20.323 0.1334 262.605
19.3 20.298 0.133 262.531
19.31 20.316 0.1345 262.847
19.32 20.305 0.1351 262.962
19.33 20.422 0.1326 262.809
19.34 20.459 0.1358 263.437
19.35 20.536 0.1387 264.082
19.36 20.591 0.1378 264.078
19.37 20.554 0.1361 263.775
19.38 20.518 0.1185 260.725
19.39 20.485 0.1178 260.574
19.4 20.51 0.1381 264.128
19.41 20.452 0.1364 263.786
19.42 20.459 0.1357 263.724
19.43 20.668 0.1351 264.05
19.44 20.807 0.1288 263.295
19.45 21.32 0.1372 265.651
19.46 21.632 0.1179 262.908
19.47 21.914 0.1196 263.75
19.48 22.215 0.1211 264.581
19.49 22.424 0.127 266.026
19.5 22.6 0.128 266.538
19.51 22.783 0.1311 267.418
19.52 22.856 0.133 267.899
19.53 22.45 0.1357 267.694
19.54 22.761 0.138 268.639
19.55 22.875 0.1407 269.304
19.56 22.871 0.1433 269.746
19.57 22.827 0.1472 270.313
19.58 22.695 0.1494 270.459
19.59 22.596 0.1495 270.342
19.6 22.537 0.1509 270.489
19.61 22.453 0.1533 270.737
19.62 22.402 0.1533 270.686
19.63 22.307 0.1535 270.589
19.64 22.237 0.1556 270.81
19.65 22.197 0.1529 270.384
19.66 22.142 0.1561 270.792
19.67 22.164 0.1554 270.768
19.68 22.171 0.1556 270.848
19.69 22.296 0.1532 270.755
19.7 22.442 0.1541 271.18
19.71 22.537 0.1536 271.31
19.72 22.706 0.1558 271.962
19.73 22.779 0.1556 272.097
19.74 22.878 0.1565 272.436
19.75 23.01 0.1583 272.96
19.76 23.157 0.1596 273.434
19.77 23.406 0.1606 274.037
19.78 23.799 0.1591 274.519
19.79 23.996 0.1605 275.084
19.8 24.235 0.1621 275.743
19.81 24.378 0.1618 275.973
19.82 24.678 0.1621 276.541
19.83 24.858 0.1694 277.886
19.84 25.03 0.1671 277.885
19.85 25.338 0.1702 278.84
19.86 25.444 0.1622 277.931
19.87 25.51 0.1621 278.059
19.88 25.628 0.1782 280.484
19.89 25.723 0.1769 280.502
19.9 25.617 0.1773 280.427
19.91 25.833 0.1742 280.394
19.92 25.727 0.1761 280.52
19.93 25.826 0.1764 280.754
19.94 25.965 0.1856 282.201
19.95 26.321 0.1804 282.127
19.96 26.636 0.18 282.598
19.97 26.907 0.1796 282.997
19.98 27.142 0.181 283.574
19.99 27.285 0.1811 283.841
20 27.369 0.1775 283.532
20.01 27.259 0.1807 283.829
20.02 27.241 0.1806 283.828
20.03 27.101 0.1779 283.302
20.04 26.966 0.18 283.414
20.05 26.837 0.1802 283.284
20.06 26.541 0.1795 282.78
20.07 26.467 0.1783 282.547
20.08 26.398 0.1787 282.533
20.09 26.222 0.1744 281.729
20.1 26.159 0.1698 281.044
20.11 26.159 0.1694 281.028
20.12 26.156 0.1682 280.896
20.13 26.273 0.1675 281.018
20.14 26.306 0.1662 280.925
20.15 26.354 0.1594 280.063
20.16 26.46 0.1651 281.084
20.17 26.632 0.1585 280.431
20.18 26.717 0.1778 283.294
20.19 26.713 0.1848 284.239
20.2 26.581 0.1721 282.397
20.21 26.526 0.169 281.925
20.22 26.39 0.1674 281.533
20.23 26.273 0.1676 281.419
20.24 26.104 0.17 281.529
20.25 25.584 0.1687 280.574
20.26 25.28 0.1841 282.173
20.27 24.873 0.1687 279.514
20.28 24.623 0.172 279.597
20.29 24.356 0.1709 279.047
20.3 24.165 0.1725 278.985
20.31 23.791 0.1698 278.032
20.32 23.586 0.1673 277.382
20.33 23.124 0.1677 276.685
20.34 23.124 0.1697 276.996
20.35 22.779 0.1664 275.984
20.36 22.618 0.1612 275.012
20.37 22.42 0.1589 274.374
20.38 22.351 0.1569 274
20.39 22.274 0.1553 273.668
20.4 22.171 0.1559 273.611
20.41 22.035 0.1543 273.171
20.42 22.017 0.1548 273.25
20.43 22.01 0.156 273.45
20.44 22.079 0.1352 270.372
20.45 22.164 0.1373 270.906
20.46 22.325 0.1311 270.184
20.47 22.398 0.135 271.008
20.48 22.614 0.1348 271.386
20.49 22.713 0.1352 271.661
20.5 22.944 0.1382 272.591
20.51 23.538 0.139 273.765
20.52 23.285 0.1398 273.507
20.53 23.89 0.1442 275.265
20.54 24.561 0.1466 276.782
20.55 24.917 0.1529 278.367
20.56 25.184 0.1537 278.953
20.57 25.686 0.1562 280.161
20.58 25.881 0.1582 280.801
20.59 25.991 0.1548 280.503
20.6 26.005 0.1565 280.818
20.61 25.914 0.1615 281.449
20.62 25.716 0.1661 281.834
20.63 25.562 0.1659 281.601
20.64 25.096 0.1813 282.976
20.65 24.821 0.1748 281.708
20.66 24.616 0.1692 280.648
20.67 24.396 0.17 280.433
20.68 24.11 0.1704 280.05
20.69 23.846 0.1693 279.493
20.7 23.674 0.169 279.198
20.71 23.359 0.1654 278.199
20.72 23.263 0.1645 277.945
20.73 23.135 0.1476 275.268
20.74 23.091 0.1521 275.918
20.75 23.124 0.1562 276.623
20.76 23.168 0.1597 277.246
20.77 23.205 0.1603 277.434
20.78 23.458 0.1596 277.803
20.79 23.575 0.1593 277.996
20.8 24.062 0.1595 278.882
20.81 24.205 0.1556 278.583
20.82 24.425 0.1574 279.251
20.83 24.411 0.1604 279.704
20.84 24.385 0.1601 279.655
20.85 24.477 0.1595 279.756
20.86 24.418 0.1596 279.711
20.87 24.422 0.1606 279.9
20.88 24.455 0.1595 279.832
20.89 24.532 0.1567 279.584
20.9 24.568 0.1593 280.063
20.91 24.708 0.1585 280.212
20.92 24.755 0.158 280.253
20.93 24.851 0.1604 280.798
20.94 24.829 0.1587 280.551
20.95 24.909 0.1575 280.541
20.96 25.001 0.1798 283.837
20.97 24.983 0.1729 282.923
20.98 25.03 0.1611 281.377
20.99 24.917 0.1604 281.129
21 24.785 0.1639 281.456
21.01 24.719 0.1665 281.754
21.02 24.598 0.1696 282.025
21.03 23.982 0.1369 276.07
21.04 23.755 0.1312 274.755
21.05 23.355 0.1711 280.243
21.06 23.025 0.1747 280.191
21.07 22.787 0.1757 279.942
21.08 22.688 0.1752 279.737
21.09 22.677 0.177 279.993
21.1 23.509 0.1813 282.049
21.11 24.099 0.1801 282.939
21.12 24.792 0.1793 284.028
21.13 25.463 0.1824 285.567
21.14 26.28 0.1841 287.128
21.15 26.757 0.1792 287.265
21.16 27.068 0.1725 286.87
21.17 27.545 0.1647 286.526
21.18 27.677 0.1522 284.883
21.19 27.842 0.1414 283.424
21.2 27.794 0.1407 283.274
21.21 28.014 0.1451 284.36
21.22 27.985 0.1452 284.371
21.23 28.011 0.1728 288.595
21.24 27.989 0.1563 286.2
21.25 27.846 0.1575 286.209
21.26 27.655 0.1552 285.613
21.27 27.578 0.155 285.505
21.28 27.362 0.157 285.524
21.29 27.189 0.1751 287.902
21.3 26.772 0.1629 285.578
21.31 26.64 0.1678 286.117
21.32 26.376 0.1696 285.998
21.33 26.24 0.1706 285.962
21.34 26.06 0.1711 285.786
21.35 25.906 0.1728 285.814
21.36 25.51 0.1697 284.789
21.37 25.474 0.172 285.087
21.38 25.232 0.1691 284.33
21.39 25.049 0.1673 283.816
21.4 24.693 0.1661 283.099
21.41 24.282 0.1624 281.923
21.42 24.066 0.1651 281.984
21.43 23.821 0.1603 280.915
21.44 23.509 0.1014 269.934
21.45 23.3 0.1374 276.525
21.46 23.117 0.122 273.528
21.47 22.985 0.1397 276.437
21.48 22.948 0.1405 276.54
21.49 23.04 0.1205 273.222
21.5 23.058 0.14 276.72
21.51 22.849 0.1235 273.524
21.52 23.12 0.1403 276.947
21.53 23.571 0.1434 278.26
21.54 23.751 0.1415 278.292
21.55 23.927 0.1444 279.095
21.56 24.484 0.1437 279.944
21.57 24.682 0.1455 280.596
21.58 25.221 0.1496 282.158
21.59 25.485 0.1508 282.806
21.6 25.701 0.1557 283.94
21.61 26.211 0.1569 284.964
21.62 26.192 0.1647 286.123
21.63 26.277 0.1642 286.221
21.64 26.108 0.1669 286.38
21.65 25.917 0.1691 286.426
21.66 25.683 0.1725 286.563
21.67 25.591 0.1665 285.61
21.68 25.463 0.176 286.761
21.69 25.36 0.1754 286.549
21.7 25.375 0.1765 286.759
21.71 25.338 0.1764 286.722
21.72 25.543 0.1703 286.252
21.73 25.613 0.1776 287.404
21.74 25.928 0.1796 288.215
21.75 26.152 0.1751 288.001
21.76 26.332 0.1802 289.012
21.77 26.618 0.1789 289.324
21.78 26.665 0.1748 288.877
21.79 26.852 0.1764 289.424
21.8 26.984 0.1771 289.761
21.81 27.171 0.1761 289.95
21.82 27.89 0.1763 291.107
21.83 28.19 0.1799 292.084
21.84 28.634 0.1794 292.711
21.85 29.506 0.1772 293.714
21.86 29.902 0.1792 294.591
21.87 30.716 0.182 296.152
21.88 31.123 0.1812 296.643
21.89 31.497 0.1785 296.82
21.9 32.072 0.188 298.919
21.91 32.45 0.1904 299.778
21.92 33.157 0.1948 301.32
21.93 33.381 0.1963 301.843
21.94 33.843 0.2011 303.088
21.95 34.041 0.2082 304.258
21.96 34.338 0.212 305.137
21.97 34.312 0.2163 305.652
21.98 34.521 0.2166 305.994
21.99 34.481 0.2173 306.063
22 34.536 0.2208 306.58
22.01 34.51 0.2244 306.998
22.02 34.51 0.2262 307.241
22.03 34.407 0.2325 307.85
22.04 34.51 0.2311 307.867
22.05 34.602 0.2349 308.442
22.06 34.591 0.2365 308.641
22.07 34.737 0.2357 308.78
22.08 34.704 0.2374 308.961
22.09 34.433 0.2405 308.985
22.1 34.484 0.2421 309.26
22.11 34.44 0.2384 308.846
22.12 34.334 0.2403 308.952
22.13 34.371 0.2139 306.061
22.14 34.547 0.2333 308.545
22.15 34.646 0.2051 305.42
22.16 35.097 0.2383 309.872
22.17 35.595 0.2204 308.529
22.18 36.391 0.2374 311.471
22.19 36.871 0.2368 312.033
22.2 37.765 0.2452 314.06
22.21 38.246 0.2311 313.126
22.22 39.059 0.2394 315.039
22.23 39.169 0.2432 315.619
22.24 39.727 0.2452 316.518
22.25 40.108 0.2457 317.046
22.26 40.287 0.2447 317.182
22.27 40.592 0.2528 318.427
22.28 41.013 0.2589 319.574
22.29 41.028 0.2624 319.988
22.3 41.127 0.2677 320.672
22.31 41.079 0.2668 320.568
22.32 40.955 0.2737 321.15
22.33 40.735 0.2745 321.019
22.34 40.727 0.2778 321.369
22.35 40.302 0.2772 320.867
22.36 40.324 0.2788 321.085
22.37 40.126 0.2694 319.983
22.38 39.778 0.2795 320.602
22.39 39.774 0.2762 320.321
22.4 39.591 0.275 320.032
22.41 39.492 0.2704 319.507
22.42 39.521 0.3069 322.965
22.43 39.448 0.2413 316.523
22.44 39.51 0.2483 317.388
22.45 39.213 0.2463 316.869
22.46 39.074 0.2492 317.055
22.47 38.982 0.244 316.431
22.48 38.927 0.2603 318.113
22.49 38.564 0.2539 317.066
22.5 38.297 0.2505 316.433
22.51 38.308 0.2466 316.072
22.52 38.363 0.2563 317.193
22.53 38.007 0.2594 317.123
22.54 37.861 0.2501 316.025
22.55 35.624 0.2496 313.252
22.56 36.369 0.2543 314.714
22.57 36.405 0.2498 314.33
22.58 36.416 0.2489 314.288
22.59 36.457 0.2471 314.188
22.6 36.677 0.2477 314.563
22.61 36.596 0.2488 314.617
22.62 36.743 0.2425 314.167
22.63 36.761 0.2404 314
22.64 37.102 0.2447 314.921
22.65 37.208 0.248 315.44
22.66 37.281 0.244 315.141
22.67 37.318 0.2401 314.803
22.68 37.234 0.2423 314.978
22.69 36.856 0.2356 313.821
22.7 36.695 0.2272 312.716
22.71 36.468 0.232 313.019
22.72 35.874 0.236 312.762
22.73 35.83 0.2328 312.39
22.74 35.789 0.229 311.949
22.75 35.756 0.2345 312.562
22.76 35.91 0.2337 312.705
22.77 36.163 0.2482 314.632
22.78 36.248 0.2283 312.595
22.79 36.152 0.2262 312.274
22.8 35.995 0.2328 312.864
22.81 35.855 0.227 312.071
22.82 35.588 0.2246 311.498
22.83 35.434 0.2245 311.329
22.84 35.056 0.224 310.829
22.85 34.902 0.219 310.087
22.86 34.774 0.2214 310.242
22.87 34.33 0.2273 310.384
22.88 34.107 0.2275 310.154
22.89 34.019 0.2256 309.86
22.9 33.707 0.2218 309.049
22.91 33.363 0.2207 308.503
22.92 33.161 0.2229 308.525
22.93 32.89 0.2177 307.594
22.94 32.677 0.2123 306.702
22.95 32.435 0.2322 308.703
22.96 32.329 0.2147 306.59
22.97 31.621 0.2137 305.532
22.98 31.456 0.2082 304.677
22.99 31.075 0.2068 304.009
23 30.588 0.2068 303.355
23.01 30.404 0.2072 303.177
23.02 29.829 0.2041 302.002
23.03 29.832 0.1972 301.18
23.04 29.47 0.1987 300.877
23.05 29.253 0.1942 300.021
23.06 29.268 0.1947 300.143
23.07 29.151 0.1939 299.904
23.08 29.048 0.1897 299.241
23.09 29.066 0.1833 298.45
23.1 28.953 0.1872 298.842
23.11 28.81 0.1807 297.788
23.12 28.777 0.1847 298.318
23.13 28.436 0.1797 297.163
23.14 28.242 0.1806 297.029
23.15 27.831 0.1776 296.025
23.16 27.582 0.1934 297.782
23.17 27.197 0.177 295.032
23.18 26.772 0.1785 294.606
23.19 26.427 0.1866 295.179
23.2 25.954 0.1772 293.185
23.21 25.723 0.1765 292.746
23.22 25.587 0.1913 294.524
23.23 25.115 0.1743 291.505
23.24 24.935 0.1723 290.958
23.25 24.653 0.1717 290.433
23.26 24.238 0.166 288.945
23.27 23.989 0.166 288.551
23.28 23.722 0.1672 288.293
23.29 23.322 0.1595 286.496
23.3 23.146 0.1591 286.158
23.31 22.97 0.1599 285.997
23.32 22.783 0.1561 285.124
23.33 22.805 0.1574 285.394
23.34 22.713 0.158 285.352
23.35 22.669 0.157 285.156
23.36 22.728 0.1569 285.282
23.37 22.702 0.1531 284.687
23.38 22.677 0.1561 285.136
23.39 22.79 0.1555 285.283
23.4 22.746 0.1531 284.868
23.41 22.768 0.1149 278.218
23.42 22.787 0.1362 282.25
23.43 22.853 0.141 283.216
23.44 22.882 0.1452 283.994
23.45 23.036 0.1477 284.706
23.46 23.179 0.1503 285.408
23.47 23.348 0.1539 286.304
23.48 23.568 0.157 287.201
23.49 23.835 0.1589 287.989
23.5 24.293 0.1599 288.964
23.51 24.447 0.1595 289.201
23.52 24.847 0.1631 290.451
23.53 24.979 0.1649 290.973
23.54 25.426 0.1668 292.03
23.55 26.057 0.1662 293.009
23.56 26.398 0.1657 293.519
23.57 26.826 0.1725 295.221
23.58 27.864 0.1439 292.43
23.59 28.443 0.1544 295.056
23.6 29.004 0.1783 299.486
23.61 30.291 0.1847 302.286
23.62 30.951 0.1894 303.896
23.63 31.57 0.1645 301.246
23.64 31.944 0.1947 306.055
23.65 32.981 0.1964 307.725
23.66 33.3 0.1943 307.912
23.67 33.715 0.1943 308.498
23.68 33.92 0.1839 307.394
23.69 34.056 0.2019 310.006
23.7 34.664 0.2032 310.999
23.71 35.016 0.21 312.343
23.72 35.353 0.2178 313.761
23.73 35.786 0.2186 314.445
23.74 36.039 0.2162 314.512
23.75 36.493 0.215 314.97
23.76 36.607 0.2275 316.634
23.77 36.699 0.2238 316.353
23.78 36.589 0.225 316.394
23.79 36.354 0.2324 316.99
23.8 36.325 0.2365 317.452
23.81 35.753 0.2422 317.393
23.82 35.276 0.2419 316.784
23.83 34.737 0.2455 316.508
23.84 34.327 0.2729 318.798
23.85 33.968 0.2695 318.021
23.86 32.981 0.2471 314.432
23.87 32.67 0.2414 313.431
23.88 32.439 0.2399 312.985
23.89 32.142 0.2375 312.346
23.9 31.852 0.2586 314.192
23.91 31.218 0.2638 313.839
23.92 30.87 0.2292 309.725
23.93 30.573 0.2312 309.554
23.94 30.349 0.2259 308.666
23.95 29.906 0.2268 308.151
23.96 29.539 0.247 309.831
23.97 28.711 0.2159 305.165
23.98 28.231 0.2152 304.378
23.99 27.747 0.2097 303.003
24 27.252 0.2095 302.229
24.01 26.797 0.2079 301.34
24.02 26.486 0.2049 300.505
24.03 25.723 0.2024 298.972
24.04 25.723 0.1974 298.385
24.05 25.137 0.1956 297.204
24.06 24.917 0.1935 296.596
24.07 24.667 0.1931 296.149
24.08 24.422 0.1865 294.903
24.09 24.337 0.1804 293.975
24.1 24.297 0.1791 293.762
24.11 24.297 0.1789 293.769
24.12 24.381 0.1547 290.415
24.13 24.495 0.1734 293.417
24.14 24.678 0.1717 293.524
24.15 24.887 0.174 294.241
24.16 25.353 0.1774 295.537
24.17 25.653 0.1692 294.909
24.18 25.881 0.1704 295.492
24.19 26.618 0.1721 296.969
24.2 26.951 0.1898 299.968
24.21 27.211 0.181 299.234
24.22 27.398 0.182 299.701
24.23 27.483 0.1819 299.855
24.24 27.391 0.19 300.833
24.25 27.171 0.1929 300.897
24.26 27.032 0.1988 301.464
24.27 26.614 0.1985 300.785
24.28 26.599 0.1965 300.542
24.29 26.581 0.1983 300.775
24.3 26.742 0.2016 301.485
24.31 27.09 0.2012 302.032
24.32 27.435 0.2019 302.705
24.33 27.919 0.2021 303.527
24.34 28.524 0.1953 303.635
24.35 29.788 0.1919 305.125
24.36 30.441 0.183 304.908
24.37 31.141 0.1636 303.103
24.38 32.314 0.1777 306.859
24.39 32.904 0.1752 307.333
24.4 33.414 0.1495 304.01
24.41 34.451 0.2476 318.478
24.42 34.99 0.1607 307.95
24.43 35.401 0.1569 307.889
24.44 35.855 0.1584 308.734
24.45 36.145 0.16 309.386
24.46 36.475 0.1598 309.794
24.47 37.12 0.1575 310.238
24.48 36.669 0.1698 311.672
24.49 36.218 0.1722 311.516
24.5 37.054 0.1781 313.454
24.51 37.751 0.18 314.609
24.52 37.927 0.1805 314.929
24.53 38.337 0.1859 316.227
24.54 38.425 0.1889 316.789
24.55 38.843 0.1753 315.352
24.56 39.257 0.2005 319.419
24.57 39.88 0.2012 320.274
24.58 40.265 0.2254 323.799
24.59 40.581 0.2171 323.19
24.6 40.958 0.2078 322.48
24.61 41.149 0.198 321.438
24.62 41.68 0.1983 322.109
24.63 41.999 0.1937 321.87
24.64 42.003 0.1929 321.8
24.65 42.249 0.1873 321.318
24.66 42.454 0.1923 322.284
24.67 42.604 0.1897 322.119
24.68 42.773 0.1924 322.719
24.69 42.615 0.194 322.805
24.7 42.531 0.1943 322.792
24.71 42.696 0.1942 322.994
24.72 42.285 0.1983 323.142
24.73 42.043 0.1988 322.979
24.74 41.933 0.2032 323.482
24.75 41.867 0.1873 321.26
24.76 41.677 0.1965 322.369
24.77 41.622 0.1831 320.455
24.78 41.684 0.1842 320.72
24.79 41.64 0.1888 321.366
24.8 41.644 0.1953 322.313
24.81 41.446 0.1956 322.169
24.82 41.589 0.2031 323.375
24.83 41.358 0.1962 322.224
24.84 41.328 0.1962 322.227
24.85 41.248 0.1964 322.2
24.86 41.314 0.1879 321.126
24.87 41.479 0.1879 321.347
24.88 41.486 0.1848 320.946
24.89 41.402 0.176 319.588
24.9 41.416 0.1721 319.044
24.91 41.53 0.1764 319.862
24.92 42.043 0.1826 321.386
24.93 42.234 0.1829 321.676
24.94 42.82 0.1965 324.28
24.95 43.106 0.2071 326.049
24.96 43.565 0.2132 327.373
24.97 43.623 0.2101 327.073
24.98 43.642 0.2109 327.234
24.99 43.598 0.2264 329.159
25 43.557 0.2422 331.004
25.01 43.264 0.2371 330.134
25.02 42.982 0.2385 330.021
25.03 42.971 0.2431 330.571
25.04 43.125 0.2558 332.182
25.05 42.861 0.277 334.132
25.06 42.425 0.2622 332.156
25.07 41.981 0.2676 332.253
25.08 41.721 0.2642 331.64
25.09 41.6 0.2642 331.538
25.1 41.409 0.2642 331.355
25.11 41.127 0.2653 331.18
25.12 40.83 0.2618 330.506
25.13 40.625 0.2589 329.997
25.14 40.339 0.2576 329.56
25.15 39.521 0.253 328.133
25.16 39.169 0.2427 326.616
25.17 38.568 0.2473 326.435
25.18 38.253 0.2413 325.42
25.19 38.077 0.277 328.995
25.2 37.762 0.2425 325.021
25.21 37.571 0.2823 328.952
25.22 36.941 0.2397 323.752
25.23 36.625 0.2771 327.312
25.24 35.852 0.2258 320.833
25.25 35.401 0.2637 324.445
25.26 34.396 0.2202 318.327
25.27 33.865 0.2486 320.872
25.28 32.783 0.2214 316.346
25.29 32.278 0.2188 315.364
25.3 31.119 0.2143 313.2
25.31 30.434 0.2177 312.641
25.32 29.14 0.2111 309.931
25.33 28.487 0.2021 307.837
25.34 27.571 0.1962 305.671
25.35 27.149 0.1831 303.277
25.36 26.783 0.1799 302.275
25.37 26.434 0.1737 300.858
25.38 26.255 0.17 300.059
25.39 26.027 0.1635 298.744
25.4 26.024 0.1611 298.405
25.41 25.98 0.1439 295.575
25.42 25.928 0.1405 294.935
25.43 25.866 0.1454 295.708
25.44 25.958 0.1464 296.06
25.45 26.068 0.1511 297.053
25.46 26.324 0.1561 298.31
25.47 26.482 0.161 299.369
25.48 26.704 0.1709 301.254
25.49 26.925 0.1722 301.835
25.5 27.585 0.173 303.039
25.51 28.143 0.1771 304.54
25.52 28.744 0.1748 305.169
25.53 29.239 0.1731 305.705
25.54 29.653 0.1782 307.099
25.55 30.034 0.1742 307.117
25.56 30.423 0.1786 308.36
25.57 30.536 0.183 309.183
25.58 30.503 0.1846 309.393
25.59 30.437 0.1952 310.77
25.6 30.338 0.1839 309.121
25.61 30.272 0.1865 309.418
25.62 30.511 0.1842 309.483
25.63 30.555 0.1817 309.229
25.64 30.712 0.1861 310.108
25.65 30.668 0.1845 309.854
25.66 30.58 0.1868 310.079
25.67 30.496 0.1854 309.796
25.68 30.302 0.1833 309.252
25.69 30.272 0.1847 309.437
25.7 30.052 0.1835 308.978
25.71 29.99 0.1842 309.017
25.72 29.836 0.1846 308.878
25.73 29.788 0.1782 307.934
25.74 29.755 0.1776 307.832
25.75 29.62 0.1956 310.144
25.76 29.51 0.1745 307.082
25.77 29.415 0.1693 306.2
25.78 29.176 0.1666 305.465
25.79 28.494 0.1774 306.054
25.8 28.271 0.1593 303.016
25.81 27.948 0.1526 301.468
25.82 27.263 0.1503 300.046
25.83 27.123 0.152 300.136
25.84 26.874 0.1335 296.551
25.85 26.673 0.1297 295.551
25.86 26.273 0.1337 295.687
25.87 26.06 0.1246 293.645
25.88 25.837 0.1197 292.336
25.89 25.683 0.1152 291.186
25.9 25.444 0.1115 290.037
25.91 25.441 0.123 292.441
25.92 25.547 0.1242 292.884
25.93 25.36 0.12 291.77
25.94 25.393 0.1151 290.845
25.95 25.448 0.1046 288.66
25.96 25.115 0.0946 285.745
25.97 24.95 0.0955 285.73
25.98 25.254 0.0912 285.164
25.99 26.049 0.0875 285.485
26 27.006 0.0897 287.596
26.01 27.765 0.1 291.401
26.021 28.538 0.0948 291.293
26.031 28.7 0.0792 287.232
26.041 28.835 0.1089 295.175
26.051 28.835 0.1143 296.398
26.061 29.132 0.1236 298.806
26.071 29.334 0.1294 300.278
26.081 29.565 0.1346 301.637
26.091 30.03 0.142 303.697
26.101 30.459 0.1736 309.481
26.111 30.698 0.1752 310.099
26.121 30.819 0.1805 311.078
26.131 30.932 0.1916 312.825
26.141 30.841 0.2022 314.13
26.151 30.646 0.2159 315.593
26.161 30.36 0.2193 315.611
26.171 29.854 0.2284 315.948
26.181 29.506 0.2312 315.769
26.191 29.352 0.2398 316.525
26.201 29.129 0.2404 316.276
26.211 28.964 0.2397 315.975
26.221 28.975 0.2311 315.066
26.231 28.909 0.2316 315.053
26.241 28.909 0.229 314.79
26.251 29.022 0.2264 314.702
26.261 29.099 0.2204 314.152
26.271 29.074 0.2206 314.17
26.281 29.063 0.2157 313.6
26.291 28.861 0.2161 313.366
26.301 28.593 0.2353 315.203
26.311 28.443 0.2135 312.46
26.321 28.08 0.2121 311.745
26.331 27.431 0.2132 310.863
26.341 26.962 0.2244 311.449
26.351 26.563 0.2109 309.214
26.361 26.24 0.2081 308.359
26.371 25.426 0.2081 306.995
26.381 25.155 0.2064 306.345
26.391 24.81 0.2042 305.496
26.401 24.59 0.2021 304.874
26.411 24.315 0.1747 300.745
26.421 24.209 0.1684 299.671
26.431 24.161 0.1653 299.154
26.441 24.077 0.1654 299.05
26.451 24.081 0.1661 299.194
26.461 23.996 0.1667 299.163
26.471 23.956 0.1632 298.595
26.481 23.087 0.1621 296.874
26.491 23.3 0.1743 299.099
26.501 23.395 0.1605 297.258
26.511 23.359 0.1638 297.727
26.521 23.245 0.1836 300.387
26.531 23.186 0.1683 298.143
26.541 23.135 0.1701 298.343
26.551 22.996 0.1701 298.116
26.561 22.68 0.1675 297.172
26.571 22.49 0.1684 296.976
26.581 22.013 0.1718 296.584
26.591 21.493 0.1736 295.853
26.601 21.284 0.1746 295.609
26.611 20.73 0.1751 294.589
26.621 20.503 0.1732 293.886
26.631 20.034 0.1736 292.995
26.641 19.821 0.1747 292.729
26.651 19.286 0.1735 291.441
26.661 18.641 0.1436 285.519
26.671 18.351 0.17 288.933
26.681 17.735 0.1696 287.489
26.691 17.508 0.1319 281.046
26.701 17.288 0.1671 286.141
26.711 17.211 0.1666 285.915
26.721 17.38 0.1717 287.067
26.731 18.201 0.1743 289.373
26.741 18.754 0.1713 290.233
26.751 19.319 0.1592 289.736
26.761 20.386 0.1577 291.788
26.771 20.921 0.1578 292.924
26.781 21.331 0.156 293.494
26.791 21.716 0.1517 293.598
26.801 21.636 0.1526 293.617
26.811 21.698 0.155 294.15
26.821 21.603 0.1665 295.751
26.831 21.24 0.1616 294.328
26.841 21.071 0.1606 293.868
26.851 20.826 0.151 291.903
26.861 20.323 0.1467 290.209
26.871 19.641 0.1385 287.437
26.881 18.802 0.122 282.666
26.891 17.9 0.1193 280.179
26.901 18.344 0.1155 280.442
26.911 19.077 0.0817 274.049
26.921 20.701 0.0921 280.099
26.931 21.423 0.0986 283.117
26.941 21.995 0.0687 275.805
26.951 23.377 0.0956 286.021
26.961 23.645 0.0962 286.669
26.971 24.132 0.0736 281.206
26.981 25.005 0.0821 285.26
26.991 25.521 0.0797 285.425
27.001 25.928 0.0818 286.725
27.011 26.936 0.0805 287.949
27.021 27.354 0.0924 291.948
27.031 27.86 0.0935 293.038
27.041 28.619 0.0953 294.672
27.051 28.656 0.0941 294.447
27.061 28.648 0.0996 295.86
27.071 28.45 0.1013 296.011
27.081 28.029 0.1081 297.008
27.091 27.527 0.1022 294.886
27.101 27.424 0.1063 295.724
27.111 27.116 0.1 293.776
27.121 26.313 0.0944 291.138
27.131 25.943 0.0908 289.636
27.141 25.807 0.086 288.142
27.151 25.122 0.08 285.335
27.161 24.601 0.1367 297.473
27.171 23.985 0.1278 294.764
27.181 23.564 0.0757 281.506
27.191 22.215 0.0755 279.094
27.201 21.401 0.0767 277.99
27.211 20.455 0.1129 285.244
27.221 19.535 0.0629 269.927
27.231 17.977 0.066 267.812
27.241 17.336 0.0702 267.814
27.251 16.463 0.0728 266.662
27.261 15.492 0.1134 274.295
27.271 14.663 0.1156 272.594
27.281 13.234 0.0872 262.399
27.291 12.511 0.0984 262.941
27.301 11.643 0.0973 260.016
27.311 10.884 0.1008 258.289
27.321 10.173 0.109 257.484
27.331 8.9373 0.1198 254.747
27.341 8.3031 0.1215 252.383
27.351 7.5589 0.1283 250.149
27.361 6.9064 0.1367 248.25
27.371 6.4042 0.1423 246.412
27.381 5.9753 0.1514 245.251
27.391 5.5427 0.1521 242.729
27.401 4.9855 0.146 238.265
27.411 4.7252 0.1014 229.393
27.421 4.4063 0.0937 225.632
27.431 4.0141 0.0911 222.125
27.441 3.5815 0.095 219.293
27.451 3.2699 0.0736 211.911
27.461 2.709 0.0694 205.261
27.471 2.5477 0.0576 200.345
27.481 2.896 0.0509 202.007
27.491 2.962 0.0453 200.728
27.501 2.9437 0.0328 195.253
27.511 2.7934 0.0263 190.276
27.521 2.6761 0.0202 185.016
27.531 2.5697 0.0143 178.746
27.541 2.2838 0.0118 172.966
27.551 2.0822 0.0106 169.18
27.561 1.8879 0.0088 164.264
27.571 1.5323 0.0083 158.643
27.581 1.459 0.009 158.608
27.591 1.415 0.0077 155.889
27.601 1.382 0.0077 155.376
27.611 1.3637 0.0069 153.685
27.621 1.349 0.0079 155.198
27.631 1.4113 0.0075 155.552
27.641 1.4443 0.008 156.927
27.651 1.4443 0.0085 157.736
27.661 1.4773 0.0075 156.627
27.671 1.4993 0.0071 156.262
27.681 1.536 0.0058 154.206
27.691 1.5323 0.0063 155.232
27.701 1.503 0.0061 154.402
27.711 1.481 0.0053 152.298
27.721 1.448 0.0056 152.517
27.731 1.459 0.0055 152.47
27.741 1.4627 0.006 153.649
27.751 1.4773 0.0061 154.096
27.761 1.4737 0.0058 153.413
27.771 1.481 0.0058 153.537
27.781 1.492 0.0063 154.777
27.791 1.503 0.0068 155.944
27.801 1.5067 0.0065 155.431
27.811 1.503 0.0066 155.589
27.821 1.4883 0.0071 156.331
27.831 1.492 0.0066 155.455
27.841 1.481 0.0064 154.908
27.851 1.4663 0.0061 154.085
27.861 1.4737 0.0061 154.212
27.871 1.4847 0.0063 154.807
27.881 1.4663 0.0063 154.545
27.891 1.4553 0.0066 154.992
27.901 1.4553 0.0066 155.007
27.911 1.4553 0.0061 154.01
27.921 1.459 0.0066 155.095
27.931 1.4663 0.0066 155.222
27.941 1.4627 0.0061 154.168
27.951 1.47 0.0064 154.912
27.961 1.4553 0.0059 153.66
27.971 1.4407 0.0066 154.89
27.981 1.4443 0.0066 154.961
27.991 1.448 0.0067 155.228
28.001 1.4443 0.0066 154.992
28.011 1.4517 0.0066 155.121
28.021 1.4517 0.0066 155.137
28.031 1.448 0.0066 155.095
28.041 1.4333 0.0066 154.883
28.051 1.4297 0.0066 154.842
28.061 1.426 0.0066 154.8
28.071 1.4333 0.0067 155.123
28.081 1.437 0.0065 154.805
28.091 1.4333 0.007 155.72
28.101 1.437 0.0072 156.159
28.111 1.437 0.0072 156.174
28.121 1.4297 0.0072 156.075
28.131 1.4297 0.0072 156.091
28.141 1.4113 0.007 155.45
28.151 1.393 0.007 155.174
28.161 1.3747 0.0053 151.35
28.171 1.3783 0.0067 154.404
28.181 1.393 0.0067 154.655
28.191 1.3893 0.0067 154.611
28.201 1.3857 0.0067 154.569
28.211 1.3783 0.0067 154.465
28.221 1.371 0.0069 154.74
28.231 1.4077 0.0074 156.252
28.241 1.4077 0.0072 155.911
28.251 1.4223 0.0069 155.607
28.261 1.426 0.0067 155.3
28.271 1.4187 0.007 155.767
28.281 1.415 0.0069 155.537
28.291 1.415 0.0064 154.582
28.301 1.415 0.0067 155.188
28.311 1.415 0.0064 154.612
28.321 1.4187 0.0058 153.424
28.331 1.3967 0.0081 157.408
28.341 1.393 0 0
28.351 1.404 0 0
28.361 1.4113 0 0
28.371 1.4187 0 0
28.381 1.4407 0 0
28.391 1.4737 0 0
28.401 1.4333 0 0
