0.02 0.1106 0 0
0.04 0.4825 0 0
0.06 1.2392 0 0
0.0800001 1.3811 0.0245 33.7014
0.1 1.5356 0.0263 36.6254
0.12 1.4919 0.0303 38.8244
0.14 1.5625 0.033 41.0858
0.16 1.5942 0.0353 43.0036
0.18 1.5727 0.0362 44.4411
0.2 1.4716 0.0346 45.1562
0.22 1.2908 0.0348 45.5234
0.24 1.105 0.0376 45.9004
0.26 0.9829 0.0398 46.3673
0.28 0.9016 0.0411 46.8729
0.3 0.852501 0.0407 47.3583
0.32 0.8051 0.0385 47.5995
0.34 0.7685 0.04 48.2384
0.36 0.742 0.04 48.764
0.38 0.7288 0.0407 49.4461
0.4 0.684 0.0432 49.9472
0.42 0.7524 0.0479 51.7719
0.44 0.8768 0.0523 54.0076
0.46 1.0093 0.0554 56.0665
0.48 1.0751 0.0588 57.5365
0.5 1.0849 0.0632 58.6202
0.52 1.047 0.0667 59.2252
0.54 1.0185 0.069 59.7808
0.56 1.0278 0.0715 60.6467
0.58 1.0738 0.0724 61.6927
0.6 1.1575 0.0748 63.1247
0.62 1.2754 0.078 64.8243
0.640001 1.4046 0.0827 66.6377
0.660001 1.5354 0.0871 68.3717
0.680001 1.6637 0.0897 69.9137
0.700001 1.7869 0.0917 71.339
0.720001 1.8832 0.0944 72.6205
0.740001 1.9525 0.0938 73.5185
0.760001 2.0284 0.0944 74.513
0.780001 2.0866 0.0966 75.5039
0.800001 2.1483 0.0976 76.4224
0.820001 2.2221 0.1003 77.4998
0.840001 2.2875 0.1008 78.3797
0.860001 2.2872 0.1025 79.0024
0.880001 2.3111 0.1061 79.8571
0.900001 2.3035 0.1071 80.3822
0.920001 2.2578 0.1087 80.7413
0.940001 2.2716 0.1105 81.408
0.960001 2.3279 0.1126 82.3039
0.980001 2.3974 0.116 83.3344
1 2.4615 0.1209 84.4128
1.02 2.5849 0.1245 85.6877
1.04 2.6627 0.1288 86.765
1.06 2.7034 0.1323 87.6116
1.08 2.7131 0.1349 88.2563
1.1 2.78 0.138 89.1878
1.12 2.8376 0.1386 89.9332
1.14 2.8768 0.1407 90.6689
1.16 2.9898 0.1457 91.8818
1.18 3.0326 0.1446 92.4503
1.2 3.1394 0.1426 93.2393
1.22 3.2801 0.1391 94.0673
1.24 3.3876 0.1384 94.8934
1.26 3.4091 0.136 95.2646
1.28 3.3169 0.107 93.4227
1.3 3.1369 0.0889 91.6514
1.32 2.9832 0.0868 91.1962
1.34 2.8826 0.0871 91.1531
1.36 2.7884 0.0862 91.0138
1.38 2.7674 0.0868 91.3372
1.4 2.5676 0.0865 90.6929
1.42 2.3529 0.0825001 89.56
1.44 2.1642 0.0763 88.2575
1.46 2.0093 0.0685 86.8712
1.48 1.91 0.0617 85.8166
1.5 1.8298 0.0611 85.5374
1.52 1.752 0.0632 85.5577
1.54 1.5412 0.0594 83.8647
1.56 1.3358 0.051 81.411
1.58 1.1866 0.0407 78.8248
1.6 1.1763 0.0283 76.649
1.62 1.3725 0.021 76.7138
1.64 1.6645 0.0165 77.5718
1.66 1.8145 0.0141 77.7829
1.68 1.806 0.016 78.8141
1.7 1.7044 0.0165 78.6183
1.72 1.6659 0.0185 79.3672
1.74 1.7337 0.0185 80.0814
1.76 1.8163 0.0158 79.8218
1.78 1.8471 0.0139 79.416
1.8 1.8471 0.012 78.6948
1.82 1.9837 0.0088 77.7204
1.84 2.5808 0.0071 79.5343
1.86 2.9696 0.009 83.0241
1.88 3.0383 0.0115 85.2673
1.9 2.9636 0.013 86.0862
1.92 2.8237 0.0143 86.4206
1.94 2.7469 0.0161 87.1822
1.96 2.8174 0.0179 88.528
1.98 2.9187 0.018 89.2723
2 2.9625 0.0178 89.6309
2.02 2.9415 0.0179 89.8291
2.04 2.9108 0.0184 90.1458
2.06 2.965 0.0193 90.9919
2.08 3.1548 0.0199 92.2903
2.1 3.4351 0.0207 93.9851
2.12 3.8676 0.0219 96.3065
2.14 4.2552 0.0233 98.4014
2.16 4.5589 0.0255 100.391
2.18 4.7362 0.0275 101.841
2.2 4.9128 0.0289 103.065
2.22 5.1184 0.0305 104.403
2.24 5.2844 0.0314 105.401
2.26 5.4415 0.0256 104.32
2.28 5.6882 0.0232 104.388
2.3 6.0336 0.0265 106.708
2.32 6.4096 0.0295 108.867
2.34 6.7767 0.0327 110.952
2.36 6.9345 0.0354 112.324
2.38 6.9832 0.0378 113.318
2.4 7.1599 0.0392 114.336
2.42 7.2145 0.041 115.155
2.44 7.2061 0.042 115.631
2.46 7.1697 0.0433 116.104
2.48 7.1134 0.0445 116.498
2.5 6.9983 0.0452 116.636
2.52 6.795 0.0454 116.442
2.54 6.5954 0.0459 116.304
2.56 6.4034 0.0453 115.936
2.58 6.231 0.0447 115.603
2.6 6.0789 0.0437 115.223
2.62 5.9336 0.0433 114.979
2.64 5.7333 0.043 114.588
2.66 5.5348 0.0419 114.001
2.68 5.338 0.0422 113.712
2.7 5.198 0.042 113.468
2.72 5.0184 0.0378 112.139
2.74 4.9743 0.0358 111.718
2.76 5.24 0.0344 112.413
2.78 5.7199 0.0315 113.236
2.8 6.064 0.0294 113.766
2.82 6.3206 0.0306 115.056
2.84 6.3326 0.0295 114.963
2.86 6.279 0.0285 114.717
2.88 6.0741 0.0311 115.225
2.9 5.7917 0.0348 115.736
2.92 5.4782 0.0373 115.698
2.94 5.1653 0.0389 115.342
2.96 4.7748 0.0412 114.806
2.98 4.3843 0.0409 113.548
3 4.0163 0.0416 112.491
3.02 3.7991 0.0376 110.864
3.04 3.8502 0.031 109.508
3.06 4.1158 0.0248 108.73
3.08 4.3106 0.0181 106.819
3.1 4.3716 0.0148 105.447
3.12 4.3428 0.0179 107.218
3.14 4.0488 0.0273 110.131
3.16 3.6692 0.0304 109.75
3.18 3.2369 0.027 106.916
3.2 2.8818 0.0241 104.334
3.22 2.5223 0.0282 103.877
3.24 2.3672 0.019 99.7773
3.26 2.1487 0.0135 95.8009
3.28 2.3947 0.0129 97.1056
3.3 3.7151 0.0138 104.203
3.32 5.5025 0.0176 112.71
3.34 5.9478 0.0221 116.354
3.36 5.8541 0.0236 116.918
3.38 5.8476 0.0242 117.337
3.4 6.0901 0.0281 119.698
3.42 6.2792 0.0294 120.877
3.44 6.3661 0.0293 121.278
3.46 6.4287 0.0287 121.436
3.48 6.5556 0.0289 122.044
3.5 6.823 0.0317 123.894
3.52 7.3535 0.0355 126.623
3.54 7.9559 0.0384 129.109
3.56 8.5042 0.0413 131.352
3.58 8.7702 0.0451 133.112
3.6 8.8694 0.0483 134.299
3.62 8.8451 0.052 135.281
3.64 8.6413 0.0549 135.645
3.66 8.2191 0.0577 135.435
3.68 7.6498 0.0611 134.886
3.7 6.8572 0.0642 133.527
3.72 5.9907 0.0681 131.796
3.74 5.0619 0.0703 129.171
3.76 4.3084 0.067 125.89
3.78 3.6594 0.0611 122.205
3.8 3.2353 0.0539 118.985
3.82 2.8907 0.045 115.495
3.84 2.6774 0.038 112.795
3.86 2.7576 0.0317 111.741
3.88 2.9545 0.0304 112.626
3.9 3.1423 0.0341 114.885
3.92 3.1276 0.0382 116.062
3.94 2.893 0.0409 115.583
3.96 2.5508 0.0388 113.169
3.98 2.4893 0.0335 111.559
4 2.8018 0.0282 112.017
4.02 3.9557 0.0217 115.342
4.04 5.2692 0.0227 120.822
4.06 5.8122 0.0262 124.181
4.08 5.8744 0.0307 126.195
4.1 5.7234 0.033 126.653
4.12 5.5564 0.0363 127.29
4.14 5.3451 0.0399 127.753
4.16 5.0781 0.0417 127.451
4.18 5.2312 0.0379 127.153
4.2 5.9923 0.0323 128.121
4.22 6.9517 0.0267 129.004
4.24 7.4924 0.0233 129.103
4.26 7.7054 0.0253 130.687
4.28 7.683 0.0278 131.832
4.3 7.4573 0.0318 132.916
4.32 7.2365 0.0372 134.253
4.34 6.978 0.0395 134.392
4.36 6.9671 0.0405 134.814
4.38 6.7376 0.0422 134.796
4.4 6.4221 0.0438 134.454
4.42 6.0051 0.0442 133.429
4.44 5.5494 0.0445 132.162
4.46 5.0075 0.0447 130.432
4.48 4.5011 0.0444 128.533
4.5 4.0407 0.0426 126.272
4.52 3.6974 0.0389 123.882
4.54 3.5276 0.0346 122.002
4.56 3.4767 0.0325 121.263
4.58 3.3735 0.0309 120.378
4.6 3.1825 0.029 118.887
4.62 2.9847 0.0267 117.128
4.64 2.7699 0.0242 115.069
4.66 2.6759 0.0239 114.516
4.68 2.6733 0.0228 114.188
4.7 2.7743 0.0193 113.353
4.72 2.8569 0.0167 112.604
4.74 2.8245 0.0169 112.663
4.76 2.8775 0.0182 113.796
4.78 2.9117 0.0181 114.071
4.8 2.8579 0.018 113.845
4.82 2.7124 0.018 113.122
4.84 2.6194 0.0183 112.84
4.86 2.5963 0.0183 112.825
4.88 2.6397 0.0178 112.963
4.9 2.7082 0.0169 113.021
4.92 2.7967 0.0163 113.333
4.94 2.8739 0.0164 113.964
4.96 2.9791 0.0165 114.743
4.98 3.0717 0.0175 115.945
5 3.1074 0.0177 116.377
5.02 3.1355 0.018 116.821
5.04 3.2136 0.0187 117.738
5.06 3.3472 0.0193 118.873
5.08 3.5015 0.0199 120.084
5.1 3.6544 0.0212 121.596
5.12 3.7758 0.0223 122.818
5.14 3.8553 0.0233 123.772
5.16 3.8912 0.024 124.377
5.18 3.8999 0.0242 124.637
5.2 3.9159 0.023 124.317
5.22 3.9711 0.0189 122.68
5.24 4.0642 0.0202 123.905
5.26 4.1941 0.0215 125.248
5.28 4.3241 0.0228 126.549
5.3 4.5043 0.0246 128.237
5.32 4.5419 0.0264 129.283
5.34 4.6905 0.0281 130.696
5.36 4.9186 0.0289 132.038
5.38 5.1298 0.0299 133.354
5.4 5.3526 0.0312 134.788
5.42 5.5839 0.0327 136.282
5.44 5.8378 0.034 137.744
5.46 6.0011 0.0361 139.126
5.48 6.086 0.0383 140.238
5.5 6.1291 0.0407 141.235
5.52 6.1511 0.0425 141.961
5.54 6.1801 0.044 142.611
5.56 6.171 0.0455 143.122
5.58 6.0847 0.0466 143.259
5.6 5.9577 0.0472 143.119
5.62 5.8532 0.0474 142.947
5.64 5.8223 0.0462 142.674
5.66 5.898 0.0448 142.715
5.68 6.1158 0.0436 143.279
5.7 6.4958 0.0432 144.558
5.72 6.9949 0.0439 146.445
5.74 7.557 0.0451 148.561
5.76 8.12 0.0481 151.059
5.78 8.6669 0.0515 153.5
5.8 9.1026 0.0551 155.609
5.82 9.346 0.0572 156.838
5.84 9.4642 0.058 157.454
5.86 9.5231 0.0591 157.991
5.88 9.6154 0.0603 158.626
5.9 9.7789 0.0618 159.488
5.92 10.0386 0.0631 160.519
5.94 10.3787 0.0648 161.8
5.96 10.6359 0.0667 162.914
5.98 10.7226 0.0686 163.639
6 10.7544 0.0705 164.233
6.02 10.9018 0.0715 164.901
6.04 11.0501 0.0727 165.604
6.06 11.1188 0.0733 166.018
6.08 11.0876 0.0734 166.121
6.1 11.0236 0.0737 166.191
6.12 10.9463 0.0734 166.117
6.14 10.8099 0.0734 165.968
6.16 10.7029 0.0742 166.03
6.18 10.6497 0.0715 165.549
6.2 10.5172 0.0543 161.656
6.22 10.3754 0.0528 161.109
6.24 10.257 0.0569 161.991
6.26 10.3285 0.06 163.016
6.28 10.738 0.0618 164.48
6.3 10.8986 0.062 165.022
6.32 11.0122 0.0624 165.503
6.34 11.1816 0.0636 166.277
6.36 11.2688 0.0647 166.846
6.38 11.387 0.0653 167.372
6.4 11.6051 0.0657 168.061
6.42 11.9119 0.0673 169.178
6.44 12.3089 0.0692 170.52
6.46 12.6473 0.0716 171.822
6.48 12.9678 0.0741 173.084
6.5 13.2756 0.0768 174.337
6.52 13.6263 0.0797 175.683
6.54 13.9089 0.0827 176.896
6.56 14.1129 0.0849 177.806
6.58 14.2004 0.0862 178.341
6.6 14.1449 0.0872 178.562
6.62 13.9728 0.0876 178.465
6.64 13.8435 0.0881 178.46
6.66 13.8568 0.0882 178.651
6.68 14.0005 0.0881 179.049
6.7 14.1712 0.0901 179.847
6.72 14.3721 0.0926 180.772
6.74 14.5682 0.0941 181.517
6.76 14.7791 0.0954 182.251
6.78 14.9904 0.0973 183.075
6.8 15.127 0.0994 183.79
6.82 15.2008 0.1006 184.253
6.84 15.2222 0.1019 184.638
6.86 15.1951 0.1012 184.634
6.88 15.0641 0.1003 184.416
6.9 14.8936 0.0992 184.094
6.92 14.7067 0.0987 183.83
6.94 14.5719 0.0974 183.531
6.96 14.3945 0.0964 183.197
6.98 14.1656 0.0948 182.666
7 13.8776 0.0933 182.03
7.02 13.5673 0.0915 181.288
7.04 13.2949 0.0892 180.519
7.06 13.2178 0.0867 180.084
7.08 13.3034 0.0851 180.114
7.1 13.3968 0.0846 180.349
7.12 13.4953 0.0856 180.857
7.14 13.5502 0.0866 181.279
7.16 13.5827 0.0852 181.237
7.18 13.6659 0.0687 178.315
7.2 13.7653 0.0659 178.022
7.22 13.8567 0.0724 179.73
7.24 13.9311 0.0779 181.107
7.26 14.0178 0.0821 182.202
7.28 13.8808 0.0850001 182.611
7.3 13.792 0.0869 182.917
7.32 13.9585 0.0889 183.72
7.34 14.0584 0.0921 184.591
7.36 14.1619 0.0939 185.224
7.38 14.1857 0.0955 185.669
7.4 14.1109 0.0966 185.845
7.42 13.9759 0.0961 185.647
7.44 13.8186 0.0954 185.37
7.46 13.6471 0.0931 184.8
7.48 13.4339 0.0906 184.101
7.5 13.2558 0.0892 183.646
7.52 13.2116 0.0887 183.608
7.54 13.279 0.0882 183.792
7.56 13.4792 0.0892 184.497
7.58 13.7086 0.0896 185.151
7.6 13.8912 0.0922 186.082
7.62 13.9663 0.0961 187.006
7.64 14.1216 0.0978 187.714
7.66 14.3048 0.097 188.071
7.68 14.4431 0.0969 188.452
7.7 14.4235 0.0974 188.633
7.72 14.3758 0.0979 188.759
7.74 14.5595 0.0972 189.128
7.76 14.7923 0.0967 189.615
7.78 14.9 0.0974 190.063
7.8 14.9735 0.0984 190.495
7.82 15.002 0.099 190.779
7.84 15.0115 0.0989 190.916
7.86 15.0567 0.0992 191.183
7.88 15.1452 0.0998 191.575
7.9 15.2085 0.1006 191.953
7.92 15.2884 0.1021 192.47
7.94 15.4533 0.1039 193.183
7.96 15.6255 0.1056 193.889
7.98 15.8395 0.1076 194.708
8 16.0112 0.1098 195.475
8.02 16.1425 0.1109 196.004
8.04 16.2197 0.1116 196.377
8.06 16.2249 0.1118 196.551
8.08 16.1566 0.1121 196.611
8.1 15.9875 0.1115 196.361
8.12 15.8353 0.1103 196.048
8.14 15.7899 0.1096 195.997
8.16 15.7092 0.0931 193.344
8.18 15.7314 0.0861 192.261
8.2 15.7382 0.0921 193.484
8.22 15.629 0.0958 194.056
8.24 15.395 0.0984 194.198
8.26 15.0338 0.1002 193.958
8.28 14.6308 0.0999 193.283
8.3 14.6635 0.0986 193.264
8.32 14.6806 0.0985 193.409
8.34 14.7647 0.0964 193.351
8.36 14.7433 0.0956 193.305
8.38 14.661 0.0949 193.159
8.4 14.7118 0.0922 192.92
8.42 15.0291 0.0895 193.163
8.44 15.3552 0.0868 193.396
8.46 15.5432 0.086 193.713
8.48 15.7551 0.0866 194.331
8.5 15.9976 0.0901 195.53
8.52 16.1367 0.0959 196.921
8.54 16.253 0.104 198.589
8.56 16.2807 0.1121 200.011
8.58 16.2392 0.1204 201.26
8.6 16.1393 0.1294 202.422
8.62 15.8543 0.1366 202.946
8.64 15.6597 0.1388 202.985
8.66 15.5167 0.1394 202.92
8.68 15.5452 0.1407 203.261
8.7 15.6469 0.1422 203.762
8.72 15.8451 0.144 204.476
8.74 16.0691 0.1436 204.973
8.76 16.1849 0.1443 205.398
8.78 16.1317 0.1454 205.561
8.8 16.155 0.1472 205.944
8.82 16.2722 0.1488 206.475
8.84 16.4272 0.1505 207.083
8.86 16.5778 0.1526 207.725
8.88 16.7827 0.156 208.605
8.9 16.8928 0.1588 209.242
8.92 16.9518 0.1601 209.62
8.94 16.974 0.162 209.996
8.96 16.9562 0.1628 210.18
8.98 16.9115 0.1637 210.327
9 16.8465 0.1639 210.362
9.02 16.8622 0.1646 210.595
9.04 16.8439 0.1657 210.808
9.06 16.7889 0.1663 210.902
9.08 16.7186 0.1671 210.988
9.1 16.6266 0.1673 210.971
9.12 16.5176 0.1656 210.72
9.14 16.3403 0.1452 208.231
9.16 16.1477 0.1277 205.792
9.18 15.917 0.1334 206.238
9.2 15.8077 0.1373 206.653
9.22 15.7701 0.1396 206.993
9.24 15.6973 0.1415 207.213
9.26 15.4951 0.1431 207.144
9.28 15.728 0.1435 207.763
9.3 15.8364 0.1489 208.733
9.32 15.9709 0.1521 209.483
9.34 16.1823 0.1549 210.324
9.36 16.3152 0.1578 211.022
9.38 16.3716 0.1609 211.595
9.4 16.3958 0.1627 211.961
9.42 16.3961 0.1636 212.184
9.44 16.3729 0.1646 212.374
9.46 16.3269 0.1659 212.552
9.48 16.289 0.1671 212.733
9.5 16.2447 0.167 212.764
9.52 16.2451 0.1676 212.952
9.54 16.2495 0.168 213.127
9.56 16.2053 0.1673 213.094
9.58 16.1071 0.1676 213.063
9.6 16.0024 0.1679 213.018
9.62 16.0041 0.1681 213.166
9.64 16.0089 0.1686 213.351
9.66 15.9815 0.1698 213.547
9.68 15.8476 0.1707 213.505
9.7 15.6196 0.1715 213.265
9.72 15.3683 0.1718 212.92
9.74 15.1462 0.1693 212.337
9.76 14.981 0.1669 211.871
9.78 14.7502 0.1644 211.253
9.8 14.5089 0.163 210.721
9.82 14.2247 0.1597 209.883
9.84 14.0406 0.1569 209.3
9.86 13.922 0.1538 208.816
9.88 13.892 0.1513 208.584
9.9 13.8745 0.1492 208.421
9.92 13.8528 0.1481 208.363
9.94 13.8388 0.1465 208.261
9.96 13.8406 0.1459 208.31
9.98 13.9175 0.1456 208.557
10 14.0613 0.1466 209.101
10.02 14.2022 0.1478 209.66
10.04 14.3698 0.149 210.272
10.06 14.5679 0.151 211.038
10.08 14.7156 0.1538 211.785
10.1 14.8259 0.1555 212.324
10.12 14.9165 0.1423 211.063
10.14 14.901 0.1245 208.813
10.16 14.8085 0.1313 209.666
10.18 14.7456 0.1381 210.534
10.2 14.8204 0.1422 211.317
10.22 14.8102 0.1442 211.657
10.24 14.6176 0.1453 211.507
10.26 14.5081 0.1454 211.404
10.28 14.4237 0.1483 211.689
10.3 14.4708 0.1497 212.068
10.32 14.7202 0.1477 212.468
10.34 14.943 0.1482 213.102
10.36 14.9935 0.1492 213.44
10.38 14.9626 0.1503 213.621
10.4 14.9637 0.1477 213.428
10.42 15.0125 0.1445 213.253
10.44 15.0674 0.1445 213.479
10.46 15.128 0.146 213.9
10.48 15.1878 0.1474 214.305
10.5 15.1705 0.1481 214.468
10.52 15.146 0.1474 214.447
10.54 15.1645 0.1473 214.586
10.56 15.2313 0.1491 215.052
10.58 15.3304 0.152 215.712
10.6 15.4392 0.1519 216.033
10.62 15.5789 0.1507 216.284
10.64 15.7405 0.1517 216.838
10.66 15.9426 0.1514 217.315
10.68 16.1586 0.1503 217.718
10.7 16.2615 0.147 217.628
10.72 16.2959 0.1445 217.497
10.74 16.426 0.1426 217.619
10.76 16.8236 0.1412 218.303
10.78 17.4696 0.1407 219.54
10.8 18.3204 0.1463 221.881
10.82 19.1965 0.156 224.691
10.84 20.0152 0.1668 227.425
10.86 20.4898 0.1732 229.027
10.88 20.8947 0.1779 230.304
10.9 21.2447 0.1848 231.705
10.92 21.5289 0.1912 232.926
10.94 21.7855 0.1935 233.675
10.96 22.0236 0.1939 234.2
10.98 22.2263 0.197 234.938
11 22.4633 0.2 235.713
11.02 22.6809 0.2031 236.462
11.04 22.8446 0.2062 237.125
11.06 23.0001 0.2123 238.053
11.08 23.0336 0.2151 238.482
11.1 23.0432 0.1999 237.165
11.12 23.0528 0.173 234.462
11.14 23.0623 0.1798 235.347
11.16 22.9216 0.188 236.131
11.18 22.9134 0.1945 236.906
11.2 22.8586 0.1991 237.403
11.22 22.5792 0.1991 237.101
11.24 22.5729 0.1968 236.979
11.26 22.6857 0.2023 237.811
11.28 22.8016 0.2054 238.405
11.3 23.0239 0.201 238.426
11.32 23.1597 0.1929 237.93
11.34 23.1787 0.1817 236.893
11.36 23.1097 0.1773 236.424
11.38 22.884 0.1742 235.859
11.4 22.7464 0.1718 235.498
11.42 22.6481 0.1702 235.282
11.44 22.711 0.1718 235.674
11.46 22.6017 0.179 236.431
11.48 22.674 0.1914 237.977
11.5 22.6817 0.1993 238.907
11.52 22.7129 0.1989 239.029
11.54 22.6501 0.2038 239.534
11.56 22.5883 0.2062 239.788
11.58 22.6172 0.2107 240.379
11.6 22.6777 0.2133 240.833
11.62 22.8174 0.2143 241.255
11.64 22.8913 0.216 241.642
11.66 22.9359 0.2178 241.992
11.68 22.9075 0.2174 242.027
11.7 22.7932 0.2192 242.134
11.72 22.7388 0.2207 242.303
11.74 22.6391 0.2211 242.301
11.76 22.6123 0.2211 242.374
11.78 22.6003 0.2204 242.406
11.8 22.3857 0.2229 242.415
11.82 22.1936 0.2265 242.552
11.84 22.1829 0.2229 242.325
11.86 22.1747 0.2211 242.263
11.88 22.1336 0.2217 242.366
11.9 22.0637 0.2224 242.433
11.92 21.9814 0.2237 242.533
11.94 21.9452 0.2247 242.679
11.96 22.0207 0.225 242.939
11.98 22.1104 0.2259 243.275
12 22.1364 0.2268 243.509
12.02 22.0984 0.2278 243.651
12.04 22.0728 0.2288 243.812
12.06 22.0735 0.2305 244.075
12.08 22.0216 0.2144 242.639
12.1 21.982 0.1868 239.921
12.12 21.913 0.1842 239.643
12.14 21.7557 0.1898 240.102
12.16 21.6323 0.1948 240.535
12.18 21.6414 0.1986 241.046
12.2 21.4573 0.1995 240.951
12.22 21.4605 0.1997 241.086
12.24 21.597 0.2061 242.05
12.26 21.6338 0.2118 242.77
12.28 21.6765 0.2133 243.091
12.3 21.8069 0.2132 243.402
12.32 21.9084 0.2149 243.836
12.34 21.9864 0.2164 244.212
12.36 22.0687 0.2174 244.547
12.38 22.1401 0.217 244.734
12.4 22.2187 0.2152 244.799
12.42 22.288 0.2158 245.075
12.44 22.345 0.2164 245.332
12.46 22.481 0.2168 245.693
12.48 22.5934 0.2177 246.064
12.5 22.7097 0.2192 246.497
12.52 22.7346 0.2196 246.683
12.54 22.759 0.22 246.868
12.56 22.9084 0.2216 247.359
12.58 23.1184 0.2223 247.859
12.6 23.2767 0.2226 248.24
12.62 23.4084 0.2233 248.616
12.64 23.4747 0.2245 248.938
12.66 23.4548 0.2236 248.934
12.68 23.4961 0.2233 249.078
12.7 23.4439 0.2224 249.024
12.72 23.4786 0.2231 249.251
12.74 23.446 0.2234 249.338
12.76 23.4714 0.2232 249.467
12.78 23.4052 0.2218 249.344
12.8 23.2047 0.2211 249.078
12.82 23.0019 0.2211 248.871
12.84 22.8561 0.2177 248.431
12.86 22.7462 0.2151 248.118
12.88 22.5715 0.2136 247.805
12.9 22.469 0.2134 247.73
12.92 22.4036 0.2157 247.954
12.94 22.3387 0.2197 248.336
12.96 22.2877 0.2227 248.642
12.98 22.188 0.2222 248.541
13 22.0793 0.2216 248.416
13.02 21.9773 0.2219 248.384
13.04 21.8396 0.2195 248.041
13.06 21.7188 0.2077 246.811
13.08 21.6019 0.1871 244.59
13.1 21.5521 0.175 243.255
13.12 21.5353 0.1812 244.037
13.14 21.5396 0.1869 244.778
13.16 21.5331 0.1924 245.462
13.18 21.3816 0.1974 245.84
13.2 21.2302 0.1999 245.95
13.22 21.4129 0.2078 247.153
13.24 21.6092 0.2144 248.227
13.26 21.7273 0.2186 248.927
13.28 21.7629 0.2209 249.307
13.3 21.7015 0.2236 249.562
13.32 21.636 0.2221 249.418
13.34 21.6318 0.2205 249.365
13.36 21.7286 0.2195 249.535
13.38 21.9539 0.2203 250.086
13.4 22.1541 0.2233 250.799
13.42 22.4759 0.2264 251.713
13.44 22.8801 0.228 252.613
13.46 23.1197 0.2322 253.481
13.48 23.2472 0.2365 254.174
13.5 23.293 0.2397 254.636
13.52 23.3413 0.2417 254.993
13.54 23.367 0.2436 255.304
13.56 23.4191 0.2444 255.561
13.58 23.4188 0.2443 255.656
13.6 23.397 0.2434 255.648
13.62 23.3978 0.2434 255.754
13.64 23.4336 0.2431 255.888
13.66 23.5492 0.2427 256.139
13.68 23.7088 0.244 256.607
13.7 23.9835 0.246 257.312
13.72 24.1676 0.2477 257.847
13.74 24.2159 0.2507 258.285
13.76 24.1871 0.2508 258.353
13.78 24.1438 0.2506 258.374
13.8 24.1125 0.2489 258.283
13.82 24.1329 0.2478 258.324
13.84 24.1205 0.2463 258.278
13.86 24.089 0.2456 258.272
13.88 24.2309 0.2432 258.383
13.9 24.4348 0.2416 258.656
13.92 24.7009 0.2391 258.939
13.94 24.8859 0.2396 259.366
13.96 24.8893 0.2397 259.484
13.98 24.9223 0.2384 259.519
14 24.8983 0.235 259.276
14.02 24.9399 0.2332 259.276
14.04 24.8029 0.2163 257.556
14.06 24.7947 0.1787 253.584
14.08 24.7593 0.1817 253.984
14.1 24.648 0.1865 254.471
14.12 24.4099 0.1913 254.753
14.14 23.9504 0.1944 254.497
14.16 23.2051 0.198 253.828
14.18 22.9922 0.198 253.591
14.2 23.003 0.2031 254.245
14.22 23.0802 0.2107 255.246
14.24 23.2166 0.2165 256.141
14.26 23.2694 0.2197 256.638
14.28 23.1049 0.2189 256.398
14.3 22.8053 0.2146 255.594
14.32 22.4772 0.2101 254.71
14.34 22.1413 0.2026 253.49
14.36 21.921 0.1956 252.483
14.38 21.685 0.1911 251.7
14.4 21.4177 0.1886 251.072
14.42 21.2657 0.1888 250.934
14.44 21.3659 0.1904 251.377
14.46 21.63 0.1909 251.974
14.48 22.1145 0.1935 253.161
14.5 22.8453 0.1994 255.083
14.52 23.5699 0.2082 257.254
14.54 24.1929 0.2178 259.292
14.56 24.5655 0.2213 260.307
14.58 24.7702 0.224 260.981
14.6 24.8798 0.2264 261.478
14.62 24.9442 0.2276 261.79
14.64 25.0699 0.2283 262.146
14.66 25.271 0.2292 262.634
14.68 25.5086 0.2293 263.097
14.7 25.6817 0.2307 263.587
14.72 25.8416 0.2342 264.253
14.74 25.9936 0.237 264.838
14.76 26.1032 0.2375 265.145
14.78 26.1518 0.2366 265.232
14.8 26.0843 0.2376 265.326
14.82 26.0681 0.239 265.532
14.84 26.0231 0.2397 265.63
14.86 25.9755 0.2401 265.696
14.88 25.7971 0.2414 265.651
14.9 25.5342 0.2415 265.368
14.92 25.362 0.2408 265.144
14.94 25.2427 0.2394 264.934
14.96 25.241 0.2391 265.003
14.98 25.4624 0.2402 265.536
15 25.6699 0.2411 266.028
15.02 25.9917 0.2317 265.724
15.04 26.2517 0.2085 263.877
15.06 26.3771 0.1936 262.531
15.08 26.4769 0.202 263.701
15.1 26.489 0.2093 264.596
15.12 26.4785 0.2143 265.198
15.14 26.3255 0.2173 265.381
15.16 26.1726 0.2151 265.032
15.18 26.3642 0.2155 265.449
15.2 26.3899 0.2219 266.23
15.22 26.4029 0.2232 266.476
15.24 26.4614 0.223 266.639
15.26 26.6648 0.2226 266.99
15.28 26.7868 0.2228 267.283
15.3 26.7242 0.2244 267.449
15.32 26.6936 0.2258 267.641
15.34 26.6478 0.224 267.493
15.36 26.5091 0.2235 267.34
15.38 26.43 0.223 267.272
15.4 26.345 0.2228 267.224
15.42 26.1503 0.2222 266.975
15.44 25.8912 0.2234 266.808
15.46 25.7211 0.2248 266.79
15.48 25.5552 0.2256 266.716
15.5 25.4634 0.2262 266.732
15.52 25.4232 0.2255 266.699
15.54 25.2878 0.2246 266.5
15.56 25.0685 0.2254 266.34
15.58 24.8524 0.2245 266.015
15.6 24.7607 0.2235 265.869
15.62 24.7074 0.222 265.733
15.64 24.7086 0.2209 265.719
15.66 24.6814 0.2203 265.711
15.68 24.5342 0.2198 265.527
15.7 24.4492 0.2208 265.588
15.72 24.4251 0.2219 265.754
15.74 24.4989 0.2235 266.123
15.76 24.7203 0.224 266.612
15.78 24.878 0.2249 267.039
15.8 25.0581 0.228 267.715
15.82 25.0826 0.2306 268.1
15.84 25.2412 0.2331 268.679
15.86 25.4548 0.2336 269.147
15.88 25.6188 0.2332 269.452
15.9 25.6499 0.2359 269.852
15.92 25.6661 0.2374 270.113
15.94 25.6405 0.2375 270.178
15.96 25.6036 0.2377 270.235
15.98 25.4328 0.2372 270.022
16 25.2225 0.2284 268.945
16.02 24.9342 0.202 265.863
16.04 24.6702 0.1917 264.394
16.06 24.447 0.1966 264.695
16.08 24.2469 0.2014 265.005
16.1 23.9215 0.2047 264.939
16.12 23.3396 0.2062 264.253
16.14 22.8332 0.2044 263.318
16.16 22.5881 0.204 262.957
16.18 22.3559 0.2084 263.123
16.2 22.1978 0.2091 263.018
16.22 22.1627 0.2093 263.069
16.24 22.1231 0.2101 263.175
16.26 22.0569 0.2118 263.328
16.28 21.9653 0.2145 263.538
16.3 21.9186 0.2165 263.75
16.32 21.894 0.2174 263.889
16.34 21.8887 0.2181 264.04
16.36 21.9181 0.2186 264.231
16.38 21.9674 0.2197 264.517
16.4 21.9883 0.2222 264.892
16.42 21.9345 0.2237 265.037
16.44 21.8514 0.2254 265.149
16.46 21.6413 0.2272 265.045
16.48 21.3883 0.2245 264.423
16.5 20.8707 0.2212 263.256
16.52 20.2749 0.2176 261.891
16.54 19.816 0.2144 260.795
16.56 19.5412 0.2104 259.951
16.58 19.4267 0.2056 259.32
16.6 19.3592 0.2032 259.023
16.62 19.2588 0.2002 258.596
16.64 19.1516 0.1987 258.313
16.66 19.0579 0.1974 258.076
16.68 18.9593 0.1946 257.663
16.7 18.8872 0.191 257.207
16.72 18.8788 0.1885 256.994
16.74 18.9001 0.1855 256.779
16.76 18.896 0.1841 256.694
16.78 18.9352 0.1846 256.914
16.8 18.9988 0.1845 257.111
16.82 19.0875 0.1852 257.45
16.84 19.1268 0.1852 257.611
16.86 19.0726 0.1855 257.626
16.88 18.9319 0.1868 257.586
16.9 18.8762 0.1871 257.596
16.92 18.9514 0.1859 257.69
16.94 19.0585 0.1835 257.705
16.96 19.1536 0.1827 257.881
16.98 19.2796 0.1779 257.638
17 19.5291 0.1579 255.65
17.02 19.7728 0.1482 254.843
17.04 19.9768 0.1571 256.545
17.06 20.0218 0.1648 257.736
17.08 19.8359 0.1742 258.665
17.1 19.5571 0.18 258.927
17.12 19.2879 0.1837 258.933
17.14 19.4514 0.1841 259.379
17.16 19.5683 0.1879 260.129
17.18 19.748 0.1913 260.945
17.2 20.0089 0.1928 261.693
17.22 20.2719 0.1938 262.383
17.24 20.5206 0.195 263.064
17.26 20.8044 0.1965 263.838
17.28 21.0801 0.1982 264.613
17.3 21.389 0.2018 265.651
17.32 21.7477 0.2047 266.69
17.34 22.145 0.2069 267.71
17.36 22.5183 0.2077 268.527
17.38 22.7292 0.207 268.899
17.4 22.732 0.2055 268.827
17.42 22.7124 0.1967 267.902
17.44 22.6494 0.1893 267.027
17.46 22.6077 0.18 265.924
17.48 22.6347 0.1721 265.063
17.5 22.822 0.1684 264.982
17.52 23.617 0.1696 266.534
17.54 24.6654 0.174 268.864
17.56 25.3587 0.1813 270.95
17.58 26.1003 0.1884 273.034
17.6 26.3727 0.1986 274.732
17.62 26.8905 0.2151 277.425
17.64 27.133 0.2254 278.955
17.66 27.4433 0.2265 279.613
17.68 27.8264 0.227 280.312
17.7 28.0994 0.224 280.484
17.72 28.3011 0.2246 280.923
17.74 28.4009 0.2247 281.164
17.76 28.1346 0.2244 280.84
17.78 27.515 0.2168 279.227
17.8 26.8357 0.1819 274.276
17.82 26.1984 0.1838 273.65
17.84 25.4977 0.1884 273.23
17.86 24.6469 0.1934 272.576
17.88 23.4136 0.1966 271.023
17.9 22.0035 0.1966 268.693
17.92 21.2625 0.1892 266.601
17.94 20.0993 0.1802 263.462
17.96 18.8206 0.174 260.301
17.98 17.4376 0.1653 256.439
18 16.0665 0.1541 252.035
18.02 14.6043 0.1411 246.856
18.04 13.1237 0.1365 242.491
18.06 11.2751 0.1399 237.806
18.08 9.4462 0.1418 232.154
18.1 7.3271 0.1425 223.975
18.12 5.6265 0.1206 212.71
18.14 4.1371 0.1068 201.512
18.16 3.1632 0.0929 191.694
18.18 2.4409 0.0731 181.08
18.2 1.764 0.0592 169.852
18.22 1.3534 0.0469 160.405
18.24 1.0314 0.0326 149.698
18.26 1.0149 0.0276 147.341
18.28 0.9868 0.024 145.094
18.3 1.0175 0.0201 143.645
18.32 1.0665 0.0224 145.975
18.34 1.1739 0.0294 151.438
18.36 1.6989 0.0415 164.415
18.38 2.5566 0.0517 177.653
18.4 3.3496 0.0531 185.167
18.42 3.8607 0.0518 188.66
18.44 4.2451 0.0465 189.604
18.46 5.2513 0.0496 196.613
18.48 6.0437 0.0546 202.303
18.5 5.5311 0.0537 199.522
18.52 4.745 0.0413 191.006
18.54 3.7618 0.0295 179.68
18.56 2.9399 0.0292 173.317
18.58 2.1671 0.0295 166.061
18.6 1.5744 0.0277 157.812
18.62 1.1815 0.0244 149.876
18.64 1.037 0.0229 146.357
18.66 1.0754 0.0216 146.455
18.68 1.2538 0.0307 154.218
18.7 1.9302 0.0407 168.049
18.72 3.4861 0.0521 186.834
18.74 6.7379 0.065 209.31
18.76 11.0521 0.0809 228.968
18.78 14.8887 0.0975001 242.819
18.8 17.0382 0.1106 250.264
18.82 18.0334 0.1247 254.926
18.84 18.2642 0.1324 256.745
18.86 18.1597 0.1418 258.077
18.88 18.2176 0.1456 258.84
18.9 18.4211 0.1464 259.449
18.92 18.8832 0.1485 260.762
18.94 19.3967 0.1482 261.804
18.96 19.989 0.1465 262.766
18.98 20.6147 0.148 264.236
19 21.3936 0.1532 266.493
19.02 22.1103 0.1595 268.738
19.04 22.4815 0.1618 269.783
19.06 22.5089 0.1659 270.472
19.08 22.4948 0.1693 270.983
19.1 22.907 0.1647 271.15
19.12 23.5461 0.1347 267.788
19.14 23.9063 0.1393 269.203
19.16 23.8089 0.1523 271.128
19.18 23.2997 0.1643 272.075
19.2 22.4744 0.171 271.646
19.22 21.3361 0.1756 270.295
19.24 20.4941 0.1761 268.874
19.26 19.6947 0.1724 266.943
19.28 19.3176 0.1745 266.546
19.3 19.4155 0.1715 266.432
19.32 20.0689 0.166 267.057
19.34 21.1993 0.1586 268.231
19.36 22.251 0.1556 269.756
19.38 22.8674 0.156 270.955
19.4 23.0798 0.1589 271.81
19.42 22.9335 0.1615 272.006
19.44 22.5523 0.1666 272.131
19.46 22.0881 0.1746 272.456
19.48 21.6932 0.1817 272.73
19.5 21.2958 0.184 272.367
19.52 21.0156 0.1831 271.815
19.54 20.6406 0.1814 270.978
19.56 20.341 0.1789 270.173
19.58 20.1137 0.1759 269.433
19.6 19.8826 0.1729 268.677
19.62 19.6763 0.1694 267.893
19.64 19.6528 0.1651 267.35
19.66 19.7668 0.1644 267.554
19.68 20.0722 0.1659 268.424
19.7 20.3987 0.1667 269.232
19.72 20.5203 0.1676 269.66
19.74 20.1751 0.1672 269.024
19.76 19.5265 0.1674 267.863
19.78 18.8621 0.1654 266.34
19.8 18.1091 0.1641 264.682
19.82 17.4894 0.1628 263.258
19.84 17.0655 0.1614 262.215
19.86 16.877 0.1562 261.157
19.88 16.7822 0.1476 259.791
19.9 16.7971 0.1413 258.955
19.92 16.7762 0.1348 257.968
19.94 16.8777 0.1314 257.716
19.96 17.0156 0.1325 258.269
19.98 17.3726 0.1335 259.277
20 18.097 0.135 261.122
20.02 19.1979 0.1349 263.409
20.04 20.2612 0.1419 266.655
20.06 21.6233 0.1507 270.591
20.08 23.0165 0.1613 274.66
20.1 24.7906 0.1301 272.767
20.12 26.8751 0.1275 275.57
20.14 29.0953 0.1464 282.039
20.16 30.6855 0.1643 287.029
20.18 32.0466 0.1851 291.788
20.2 31.9493 0.2034 294.038
20.22 31.9475 0.2163 295.625
20.24 32.4325 0.2223 297.024
20.26 32.5663 0.2336 298.51
20.28 32.4879 0.2382 298.973
20.3 32.3027 0.2416 299.162
20.32 32.1044 0.242 299.019
20.34 31.8494 0.2422 298.778
20.36 31.4917 0.2422 298.374
20.38 31.1552 0.2422 297.995
20.4 31.0014 0.2439 298.037
20.42 30.8525 0.2448 298.003
20.44 30.6003 0.2464 297.893
20.46 30.1441 0.2494 297.63
20.48 29.4114 0.2483 296.549
20.5 28.2309 0.2453 294.586
20.52 26.8142 0.2426 292.221
20.54 25.0518 0.2349 288.676
20.56 23.5055 0.2244 285.031
20.58 21.9538 0.2105 280.82
20.6 20.6272 0.1994 277.134
20.62 19.334 0.1908 273.631
20.64 17.9887 0.182 269.814
20.66 16.3546 0.1753 265.382
20.68 14.376 0.1786 260.974
20.7 12.2825 0.1843 255.863
20.72 9.9121 0.1894 248.714
20.74 7.8313 0.1857 240.087
20.76 5.9 0.1619 227.939
20.78 4.4351 0.1413 216.356
20.8 3.4486 0.1131 204.884
20.82 2.6634 0.0808 192.006
20.84 1.9281 0.0553 177.634
20.86 1.6868 0.0373 168.675
20.88 1.6562 0.0202 159.904
20.9 1.6914 0.0193 159.825
20.92 1.7352 0.0179 159.455
20.94 1.9931 0.0177 162.56
20.96 2.1992 0.0172 164.531
20.98 2.1735 0.0187 165.443
21 1.9039 0.0192 162.717
21.02 1.7326 0.0198 160.977
21.04 1.6651 0.0191 159.622
21.06 1.6566 0.0176 158.465
21.08 1.6947 0.0241 163.24
21.1 1.7405 0.0294 166.645
21.12 1.7375 0.0335 168.467
21.14 1.9107 0.0414 173.869
21.16 3.1436 0.0471 188.858
21.18 5.166 0.0548 205.488
21.2 6.931 0.0658 217.716
21.22 9.3095 0.0722 228.986
21.24 11.9875 0.0817 239.994
21.26 15.0034 0.0943 250.918
21.28 17.7437 0.1066 259.756
21.3 20.3162 0.123 268.112
21.32 21.9944 0.1409 274.349
21.34 23.4652 0.1596 279.877
21.36 24.8182 0.1778 284.766
21.38 25.8938 0.1919 288.411
21.4 26.6036 0.2087 291.641
21.42 26.9892 0.2224 293.872
21.44 27.1261 0.2292 294.901
21.46 27.1274 0.2343 295.52
21.48 26.951 0.2375 295.652
21.5 26.6547 0.2394 295.454
21.52 26.3804 0.2397 295.122
21.54 26.1161 0.2398 294.78
21.56 25.971 0.2406 294.702
21.58 25.8855 0.2425 294.831
21.6 25.7554 0.245 294.944
21.62 25.5912 0.2492 295.166
21.64 25.2736 0.2483 294.622
21.66 24.7592 0.247 293.698
21.68 24.1269 0.2441 292.394
21.7 23.3866 0.2393 290.679
21.72 22.7176 0.2305 288.639
21.74 22.2563 0.2256 287.347
21.76 21.9721 0.2197 286.257
21.78 21.7338 0.2125 285.09
21.8 21.9292 0.1959 283.605
21.82 22.031 0.1864 282.695
21.84 21.8869 0.1845 282.259
21.86 21.8173 0.1844 282.189
21.88 22.022 0.1714 280.926
21.9 22.1886 0.1617 279.942
21.92 22.3581 0.1673 281.116
21.94 22.4253 0.1697 281.642
21.96 22.4788 0.1648 281.124
21.98 22.5578 0.1542 279.785
22 22.8037 0.1543 280.308
22.02 23.007 0.157 281.143
22.04 22.9663 0.1601 281.6
22.06 22.8213 0.1385 278.042
22.08 22.2394 0.1333 276.198
22.1 21.7366 0.1425 276.893
22.12 21.2014 0.1541 277.773
22.14 20.6088 0.1641 278.162
22.16 19.7431 0.1681 277.072
22.18 18.9139 0.1621 274.603
22.2 18.371 0.1577 272.897
22.22 17.7946 0.1615 272.254
22.24 17.3498 0.1645 271.747
22.26 17.2854 0.1489 269.427
22.28 17.3359 0.1293 266.46
22.3 17.3292 0.1222 265.262
22.32 16.8363 0.124 264.55
22.34 16.4036 0.1211 263.107
22.36 16.0917 0.1236 262.892
22.38 16.0919 0.1267 263.501
22.4 16.4318 0.1283 264.637
22.42 16.9809 0.1184 264.187
22.44 17.2186 0.1038 261.899
22.46 17.1219 0.1005 261.049
22.48 16.8149 0.1059 261.57
22.5 16.6964 0.1246 264.929
22.52 17.5845 0.1437 270.166
22.54 19.2809 0.1433 273.777
22.56 21.7051 0.137 277.515
22.58 23.8594 0.1397 281.849
22.6 25.3315 0.1498 286.016
22.62 26.2359 0.1555 288.43
22.64 26.964 0.1639 290.911
22.66 27.7492 0.1747 293.743
22.68 28.1786 0.1879 296.255
22.7 28.8598 0.1989 298.76
22.72 29.2962 0.205 300.233
22.74 29.3851 0.2114 301.207
22.76 29.4848 0.2173 302.119
22.78 29.7947 0.2195 302.901
22.8 30.0921 0.2251 304.046
22.82 30.1701 0.2326 305.064
22.84 30.0341 0.2403 305.767
22.86 29.649 0.2417 305.421
22.88 28.966 0.2446 304.774
22.9 28.105 0.2488 303.957
22.92 27.1323 0.2497 302.583
22.94 26.0349 0.2464 300.53
22.96 24.6678 0.2409 297.717
22.98 23.2197 0.2329 294.378
23 21.6339 0.2248 290.608
23.02 20.4545 0.209 286.598
23.04 19.5868 0.1737 280.532
23.06 19.0745 0.1531 276.61
23.08 18.9963 0.1598 277.5
23.1 19.3295 0.1667 279.243
23.12 20.1181 0.1686 281.189
23.14 20.7478 0.1587 281.088
23.16 21.0168 0.1467 279.841
23.18 21.6098 0.1455 280.84
23.2 22.6676 0.1507 283.675
23.22 24.0365 0.153 286.51
23.24 25.4504 0.1595 289.949
23.26 25.9588 0.1709 292.521
23.28 26.0733 0.1809 294.165
23.3 26.1081 0.1894 295.418
23.32 26.5601 0.1963 297.103
23.34 27.1546 0.2049 299.188
23.36 27.523 0.2177 301.356
23.38 27.4797 0.2272 302.432
23.4 27.044 0.2277 301.864
23.42 26.5238 0.2253 300.827
23.44 25.9262 0.2207 299.398
23.46 25.1822 0.2203 298.171
23.48 24.5974 0.2234 297.58
23.5 23.8836 0.2245 296.512
23.52 22.9892 0.2255 295.066
23.54 21.9121 0.2232 292.853
23.56 21.0814 0.215 290.391
23.58 20.5817 0.1995 287.661
23.6 20.2547 0.1785 284.422
23.62 20.1424 0.1566 281.183
23.64 20.196 0.142 279.075
23.66 20.2654 0.129 277.056
23.68 20.5268 0.1248 276.87
23.7 21.0648 0.1271 278.391
23.72 21.9506 0.1335 281.26
23.74 23.0614 0.144 285.123
23.76 24.3529 0.1537 289
23.78 25.4793 0.163 292.381
23.8 26.2049 0.1725 295.022
23.82 26.8526 0.1868 298.099
23.84 27.2427 0.1961 299.999
23.86 27.2397 0.2016 300.755
23.88 27.1874 0.2045 301.1
23.9 27.1127 0.2071 301.367
23.92 26.8458 0.2067 300.959
23.94 26.2928 0.208 300.285
23.96 25.7699 0.2126 300.033
23.98 25.4461 0.2142 299.743
24 25.1802 0.2089 298.736
24.02 24.9417 0.1869 295.646
24.04 24.8918 0.1669 292.859
24.06 25.0035 0.1774 294.607
24.08 25.2502 0.1892 296.677
24.1 25.5641 0.1973 298.313
24.12 25.6777 0.2053 299.561
24.14 25.6876 0.2119 300.437
24.16 25.6778 0.2168 301.062
24.18 25.3663 0.2251 301.543
24.2 24.6655 0.2269 300.597
24.22 23.7663 0.2263 298.997
24.24 22.9018 0.222 297
24.26 21.7971 0.2159 294.277
24.28 20.7565 0.2093 291.525
24.3 19.5432 0.2005 288.042
24.32 18.3144 0.1921 284.412
24.34 17.2048 0.1811 280.548
24.36 16.0691 0.1768 277.311
24.38 15.0404 0.1773 274.809
24.4 13.7211 0.1851 272.235
24.42 12.2093 0.2008 269.578
24.44 10.1903 0.205 263.164
24.46 7.7727 0.1986 252.489
24.48 5.6324 0.18 239.137
24.5 4.2379 0.1605 227.411
24.52 3.2115 0.14 216.087
24.54 2.6735 0.1146 207.027
24.56 2.2984 0.0748 195.549
24.58 2.1604 0.0531 188.408
24.6 2.0773 0.0385 182.443
24.62 1.8893 0.0308 176.698
24.64 1.7417 0.0301 174.346
24.66 1.7146 0.0278 172.845
24.68 1.7207 0.026 172.011
24.7 1.6386 0.0259 170.788
24.72 1.5667 0.0259 169.727
24.74 1.5322 0.0252 168.836
24.76 1.5195 0.024 167.988
24.78 1.5206 0.0242 168.16
24.8 1.5008 0.0246 168.109
24.82 1.4839 0.0246 167.873
24.84 1.4549 0.0253 167.825
24.86 1.4412 0.0268 168.44
24.88 1.4407 0.0268 168.469
24.9 1.4496 0.0276 169.069
24.92 1.4268 0.0282 169.024
24.94 1.4142 0.0285 168.994
24.96 1.4044 0.0286 168.912
24.98 1.4019 0.4016 210.432
25 1.3914 0.426 211.285
25.02 1.3701 0.4556 212.045
25.04 1.3435 0.4833 212.535
25.06 1.3117 0.5121 212.873
