0.01 0 0 0
0.02 0 0 0
0.03 0 0 0
0.04 0 0 0
0.05 0 0 0
0.06 0 0 0
0.07 0 0 0
0.0800001 0 0 0
0.0900001 0 0 0
0.1 0 0 0
0.11 0 0 0
0.12 0.01 0 0
0.13 0.01 0 0
0.14 0.01 0 0
0.15 0.01 0 0
0.16 0.01 0 0
0.17 0.02 0 0
0.18 0.02 0.001 17.5846
0.19 0.03 0.002 20.0476
0.2 0.03 0.003 21.0332
0.21 0.03 0.003 21.3205
0.22 0.07 0.003 24.4007
0.23 0.07 0.005 25.7767
0.24 0.11 0.006 28.2631
0.25 0.15 0.006 29.8913
0.26 0.18 0.006 31.0229
0.27 0.27 0.007 33.664
0.28 0.32 0.012 36.4466
0.29 0.61 0.013 40.6567
0.3 1.22 0.012 45.0486
0.31 1.49 0.012 46.7889
0.32 1.76 0.012 48.3494
0.33 2.74 0.012 51.9743
0.34 2.74 0.012 52.4075
0.35 2.25 0.012 51.3536
0.36 1.63 0.011 49.0534
0.37 1.42 0.011 48.4564
0.38 1.42 0.011 48.817
0.39 1.26 0.009 47.5314
0.4 1.06 0.009 46.6904
0.41 0.970001 0.007 45.4547
0.42 0.920001 0.008 45.9202
0.43 0.920001 0.008 46.2216
0.44 0.870001 0.007 45.6353
0.45 0.800001 0.007 45.3699
0.46 0.730001 0.007 45.0501
0.47 0.720001 0.005 43.9816
0.48 0.720001 0.004 43.426
0.49 0.660001 0.003 42.1117
0.5 0.51 0.003 40.8054
0.51 0.42 0.003 39.8994
0.52 0.39 0.003 39.6896
0.53 0.39 0.003 39.9003
0.54 0.35 0.002 38.1782
0.55 0.33 0.002 38.0496
0.56 0.3 0.001 35.6057
0.57 0.3 0.001 35.7813
0.58 0.27 0 0
0.59 0.23 0 0
0.6 0.22 0 0
0.61 0.19 0 0
0.62 0.18 0 0
0.63 0.16 0 0
0.640001 0.15 0 0
0.650001 0.14 0 0
0.660001 0.13 0 0
0.670001 0.12 0 0
0.680001 0.12 0 0
0.690001 0.1 0 0
0.700001 0.0900001 0 0
0.710001 0.0900001 0 0
0.720001 0.0800001 0 0
0.730001 0.0800001 0 0
0.740001 0.07 0 0
0.75 0.07 0 0
0.760001 0.06 0 0
0.770001 0.06 0 0
0.780001 0.06 0 0
0.790001 0.05 0 0
0.800001 0.05 0 0
0.810001 0.05 0 0
0.820001 0.05 0 0
0.830001 0.05 0 0
0.840001 0.04 0 0
0.850001 0.04 0 0
0.860001 0.04 0 0
0.870001 0.03 0 0
0.880001 0.01 0 0
0.890001 0 0 0
0.900001 0 0 0
0.910001 0 0 0
0.920001 0 0 0
0.930001 0 0 0
0.940001 0 0 0
0.950001 0.01 0 0
0.960001 0.01 0 0
0.970001 0.01 0 0
0.980001 0.01 0 0
0.990001 0.01 0 0
1 0.01 0 0
1.01 0.01 0 0
1.02 0.02 0 0
1.03 0.02 0 0
1.04 0.03 0 0
1.05 0.03 0 0
1.06 0.04 0 0
1.07 0.04 0 0
1.08 0.04 0 0
1.09 0.05 0 0
1.1 0.05 0 0
1.11 0.05 0 0
1.12 0.05 0 0
1.13 0.04 0 0
1.14 0.04 0 0
1.15 0.03 0 0
1.16 0.03 0 0
1.17 0.03 0 0
1.18 0.03 0 0
1.19 0.03 0 0
1.2 0.03 0 0
1.21 0.03 0 0
1.22 0.03 0 0
1.23 0.04 0 0
1.24 0.05 0 0
1.25 0.06 0 0
1.26 0.06 0 0
1.27 0.07 0 0
1.28 0.07 0 0
1.29 0.07 0 0
1.3 0.07 0 0
1.31 0.07 0 0
1.32 0.07 0 0
1.33 0.07 0 0
1.34 0.07 0 0
1.35 0.07 0 0
1.36 0.07 0.001 36.9518
1.37 0.07 0.001 37.0272
1.38 0.07 0.001 37.1021
1.39 0.07 0.001 37.1766
1.4 0.07 0.001 37.2508
1.41 0.0800001 0.001 38.0492
1.42 0.0800001 0.002 40.3873
1.43 0.1 0.002 41.7876
1.44 0.12 0.002 42.9824
1.45 0.13 0.002 43.5644
1.46 0.16 0.002 44.9725
1.47 0.18 0.002 45.8287
1.48 0.22 0.003 48.8828
1.49 0.31 0.003 51.4537
1.5 0.36 0.003 52.6715
1.51 0.42 0.003 53.9533
1.52 0.48 0.004 56.4366
1.53 0.52 0.004 57.195
1.54 0.59 0.007 61.1313
1.55 0.660001 0.009 63.5532
1.56 0.730001 0.01 65.1666
1.57 0.820001 0.012 67.3993
1.58 0.870001 0.014 68.9752
1.59 0.920001 0.018 71.1263
1.6 0.940001 0.02 72.1007
1.61 0.860001 0.023 72.1405
1.62 0.820001 0.025 72.2705
1.63 0.75 0.027 71.9291
1.64 0.690001 0.029 71.616
1.65 0.640001 0.031 71.3592
1.66 0.59 0.033 71.0152
1.67 0.56 0.039 71.5894
1.68 0.55 0.041 71.8207
1.69 0.55 0.044 72.3632
1.7 0.55 0.046 72.7506
1.71 0.57 0.048 73.5049
1.72 0.59 0.05 74.2424
1.73 0.62 0.052 75.1399
1.74 0.61 0.053 75.2035
1.75 0.59 0.053 74.9626
1.76 0.58 0.053 74.8969
1.77 0.56 0.053 74.6369
1.78 0.54 0.053 74.3634
1.79 0.51 0.05 73.5115
1.8 0.47 0.048 72.5179
1.81 0.45 0.046 71.9212
1.82 0.44 0.044 71.5336
1.83 0.42 0.041 70.7475
1.84 0.41 0.039 70.3161
1.85 0.39 0.037 69.6112
1.86 0.37 0.034 68.7041
1.87 0.36 0.03 67.8257
1.88 0.35 0.029 67.4607
1.89 0.34 0.028 67.0827
1.9 0.33 0.027 66.691
1.91 0.32 0.027 66.4931
1.92 0.31 0.027 66.2859
1.93 0.3 0.027 66.069
1.94 0.29 0.027 65.8418
1.95 0.29 0.027 65.936
1.96 0.29 0.026 65.8228
1.97 0.29 0.026 65.916
1.98 0.29 0.026 66.0088
1.99 0.33 0.025 67.1234
2 0.32 0.024 66.6929
2.01 0.32 0.023 66.5493
2.02 0.32 0.023 66.6412
2.03 0.32 0.022 66.4864
2.04 0.31 0.021 66.0176
2.05 0.29 0.021 65.4756
2.06 0.28 0.021 65.2338
2.07 0.27 0.016 63.5268
2.08 0.27 0.016 63.6119
2.09 0.27 0.015 63.3557
2.1 0.26 0.015 63.096
2.11 0.25 0.014 62.464
2.12 0.25 0.013 62.1617
2.13 0.25 0.012 61.8299
2.14 0.25 0.011 61.4639
2.15 0.25 0.011 61.5436
2.16 0.24 0.011 61.2619
2.17 0.24 0.01 60.8561
2.18 0.25 0.01 61.2932
2.19 0.25 0.01 61.3712
2.2 0.25 0.01 61.449
2.21 0.25 0.009 60.9895
2.22 0.26 0.009 61.412
2.23 0.26 0.008 60.8892
2.24 0.26 0.008 60.9649
2.25 0.26 0.007 60.3661
2.26 0.27 0.007 60.7699
2.27 0.27 0.007 60.8445
2.28 0.28 0.006 60.4584
2.29 0.29 0.006 60.8387
2.3 0.3 0.006 61.2105
2.31 0.31 0.006 61.5744
2.32 0.31 0.006 61.6484
2.33 0.32 0.006 62.005
2.34 0.33 0.006 62.3545
2.35 0.35 0.006 62.9597
2.36 0.37 0.006 63.5405
2.37 0.4 0.007 65.1639
2.38 0.43 0.008 66.6596
2.39 0.48 0.009 68.4706
2.4 0.55 0.009 69.9072
2.41 0.710001 0.009 72.6094
2.42 0.810001 0.01 74.7378
2.43 0.890001 0.011 76.4491
2.44 0.940001 0.011 77.1412
2.45 0.960001 0.014 79.0335
2.46 0.970001 0.014 79.2412
2.47 0.970001 0.014 79.3306
2.48 0.990001 0.014 79.6535
2.49 1.04 0.015 80.7728
2.5 1.17 0.015 82.246
2.51 1.3 0.015 83.5961
2.52 1.36 0.014 83.7519
2.53 1.37 0.014 83.9327
2.54 1.33 0.014 83.667
2.55 1.2 0.015 83.0021
2.56 1.16 0.016 83.133
2.57 1.15 0.018 83.938
2.58 1.16 0.019 84.5128
2.59 1.17 0.019 84.7084
2.6 1.29 0.02 86.3677
2.61 1.42 0.021 88.0202
2.62 1.57 0.021 89.3972
2.63 1.83 0.021 91.4887
2.64 1.88 0.021 91.9414
2.65 1.8 0.019 90.7051
2.66 1.66 0.018 89.3448
2.67 1.52 0.018 88.3105
2.68 1.37 0.018 87.0895
2.69 1.28 0.019 86.7201
2.7 1.2 0.019 86.0065
2.71 1.22 0.021 87.0218
2.72 1.23 0.023 87.876
2.73 1.27 0.024 88.6855
2.74 1.31 0.023 88.8578
2.75 1.41 0.024 90.2139
2.76 1.62 0.025 92.442
2.77 1.7 0.026 93.4841
2.78 1.81 0.026 94.4265
2.79 1.93 0.026 95.3986
2.8 2.04 0.026 96.2588
2.81 2.16 0.026 97.1506
2.82 2.63 0.023 99.0277
2.83 2.96 0.019 99.2368
2.84 3.26 0.016 99.2948
2.85 3.42 0.015 99.5441
2.86 3.45 0.016 100.304
2.87 3.4 0.016 100.19
2.88 3.36 0.016 100.116
2.89 3.28 0.018 100.849
2.9 3.15 0.019 100.812
2.91 3.02 0.019 100.298
2.92 2.95 0.02 100.483
2.93 2.94 0.021 100.939
2.94 2.95 0.022 101.476
2.95 2.95 0.022 101.572
2.96 3.04 0.021 101.714
2.97 3.15 0.02 101.917
2.98 3.28 0.018 101.713
2.99 3.43 0.017 101.979
3 3.43 0.018 102.56
3.01 3.36 0.018 102.351
3.02 3.29 0.023 104.239
3.03 3.22 0.026 105.079
3.04 3.14 0.027 105.125
3.05 3.11 0.028 105.394
3.06 3.11 0.03 106.097
3.07 3.11 0.029 105.894
3.08 3.3 0.028 106.587
3.09 3.5 0.026 106.93
3.1 3.65 0.026 107.674
3.11 3.7 0.026 107.982
3.12 3.71 0.026 108.121
3.13 3.75 0.026 108.384
3.14 3.84 0.026 108.851
3.15 4.01 0.025 109.272
3.16 4.04 0.02 107.472
3.17 4.03 0.021 107.966
3.18 4.07 0.021 108.214
3.19 4.16 0.022 109.071
3.2 4.21 0.023 109.759
3.21 4.18 0.026 110.867
3.22 4.09 0.02 108.227
3.23 3.84 0.019 106.884
3.24 3.82 0.02 107.353
3.25 3.81 0.02 107.404
3.26 3.82 0.021 107.974
3.27 3.84 0.021 108.147
3.28 3.88 0.021 108.401
3.29 3.9 0.024 109.786
3.3 3.9 0.025 110.252
3.31 3.9 0.025 110.345
3.32 3.89 0.025 110.397
3.33 3.93 0.026 111.013
3.34 3.96 0.025 110.865
3.35 4.03 0.024 110.861
3.36 4.13 0.024 111.345
3.37 4.2 0.025 112.087
3.38 4.22 0.026 112.623
3.39 4.09 0.029 113.233
3.4 4.07 0.031 113.876
3.41 4.07 0.03 113.658
3.42 4.07 0.032 114.363
3.43 4.1 0.034 115.157
3.44 4.31 0.034 116.082
3.45 4.61 0.034 117.307
3.46 5.49 0.033 120.094
3.47 5.97 0.033 121.649
3.48 6.51 0.034 123.581
3.49 7.12 0.034 125.285
3.5 8.16 0.035 128.18
3.51 8.5 0.037 129.636
3.52 8.69 0.038 130.441
3.53 8.93 0.038 131.057
3.54 9.03 0.039 131.655
3.55 9.13 0.041 132.517
3.56 9.23 0.042 133.096
3.57 9.41 0.043 133.832
3.58 9.49 0.043 134.1
3.59 9.56 0.044 134.603
3.6 9.63 0.044 134.849
3.61 9.72 0.045 135.387
3.62 9.76 0.045 135.571
3.63 9.8 0.045 135.755
3.64 9.84 0.046 136.187
3.65 9.88 0.047 136.615
3.66 9.93 0.048 137.058
3.67 9.93 0.048 137.162
3.68 9.92 0.049 137.482
3.69 9.9 0.049 137.546
3.7 9.84 0.05 137.76
3.71 9.81 0.051 138.03
3.72 9.78 0.052 138.296
3.73 9.66 0.053 138.372
3.74 9.58 0.053 138.31
3.75 9.49 0.054 138.44
3.76 9.36 0.054 138.267
3.77 9.1 0.055 138.02
3.78 8.97 0.055 137.835
3.79 8.84 0.055 137.647
3.8 8.72 0.055 137.477
3.81 8.65 0.055 137.418
3.82 8.64 0.054 137.286
3.83 8.66 0.052 137
3.84 8.67 0.051 136.901
3.85 9.05 0.05 137.622
3.86 9.24 0.048 137.666
3.87 9.41 0.047 137.885
3.88 9.55 0.047 138.278
3.89 9.84 0.047 138.974
3.9 9.93 0.047 139.256
3.91 9.97 0.047 139.436
3.92 10.02 0.048 139.88
3.93 10.08 0.048 140.1
3.94 10.3 0.049 140.877
3.95 10.41 0.049 141.192
3.96 10.5 0.049 141.466
3.97 10.64 0.05 142.074
3.98 10.67 0.051 142.466
3.99 10.7 0.053 143.08
4 10.69 0.054 143.383
4.01 10.57 0.055 143.469
4.02 10.47 0.056 143.587
4.03 10.34 0.057 143.639
4.04 10.17 0.058 143.603
4.05 9.73 0.059 142.993
4.06 9.49 0.059 142.577
4.07 9.27 0.06 142.392
4.08 9.03 0.06 141.952
4.09 8.58 0.06 141.007
4.1 8.35 0.059 140.356
4.11 8.12 0.058 139.688
4.12 7.88 0.057 138.979
4.13 7.48 0.056 137.83
4.14 7.31 0.054 137.051
4.15 7.18 0.051 136.14
4.16 7.13 0.05 135.87
4.17 7.11 0.048 135.445
4.18 7.15 0.047 135.408
4.19 7.19 0.045 135.117
4.2 7.3 0.044 135.249
4.21 7.4 0.043 135.345
4.22 7.63 0.043 136.033
4.23 7.76 0.043 136.454
4.24 7.87 0.043 136.82
4.25 7.95 0.043 137.109
4.26 8.1 0.044 137.832
4.27 8.15 0.045 138.303
4.28 8.19 0.047 138.992
4.29 8.22 0.047 139.156
4.3 8.35 0.047 139.561
4.31 8.43 0.046 139.593
4.32 8.51 0.046 139.873
4.33 8.59 0.046 140.152
4.34 8.84 0.046 140.822
4.35 9.01 0.046 141.299
4.36 9.18 0.046 141.771
4.37 9.34 0.046 142.214
4.38 9.62 0.046 142.911
4.39 9.72 0.046 143.215
4.4 9.82 0.047 143.774
4.41 9.9 0.047 144.033
4.42 9.98 0.036 141.125
4.43 10.06 0.033 140.357
4.44 10.05 0.035 141.114
4.45 10.04 0.037 141.836
4.46 9.99 0.038 142.137
4.47 9.92 0.039 142.389
4.48 9.88 0.04 142.695
4.49 9.84 0.042 143.281
4.5 9.78 0.043 143.524
4.51 9.5 0.044 143.287
4.52 9.42 0.044 143.201
4.53 9.38 0.045 143.469
4.54 9.37 0.046 143.798
4.55 9.36 0.046 143.863
4.56 9.38 0.047 144.253
4.57 9.35 0.047 144.275
4.58 9.3 0.047 144.251
4.59 9.25 0.047 144.226
4.6 9.19 0.047 144.179
4.61 9.08 0.048 144.268
4.62 9.03 0.048 144.24
4.63 8.98 0.048 144.212
4.64 8.94 0.049 144.453
4.65 8.91 0.049 144.47
4.66 8.84 0.049 144.392
4.67 8.79 0.049 144.36
4.68 8.74 0.049 144.327
4.69 8.72 0.048 144.118
4.7 8.72 0.048 144.203
4.71 8.71 0.047 144.012
4.72 8.72 0.046 143.863
4.73 8.72 0.046 143.948
4.74 8.72 0.046 144.032
4.75 8.73 0.046 144.141
4.76 8.78 0.046 144.344
4.77 8.83 0.046 144.546
4.78 8.89 0.046 144.771
4.79 8.89 0.046 144.855
4.8 8.9 0.046 144.963
4.81 8.88 0.046 145
4.82 8.88 0.047 145.343
4.83 8.85 0.047 145.356
4.84 8.82 0.047 145.369
4.85 8.8 0.047 145.405
4.86 8.75 0.047 145.369
4.87 8.73 0.046 145.144
4.88 8.73 0.046 145.227
4.89 8.73 0.046 145.309
4.9 8.73 0.046 145.392
4.91 8.74 0.046 145.498
4.92 8.76 0.047 145.889
4.93 8.83 0.047 146.139
4.94 8.86 0.047 146.293
4.95 8.88 0.047 146.423
4.96 8.86 0.047 146.457
4.97 8.83 0.047 146.468
4.98 8.74 0.048 146.59
4.99 8.7 0.048 146.575
5 8.66 0.048 146.559
5.01 8.63 0.048 146.567
5.02 8.58 0.048 146.526
5.03 8.54 0.048 146.509
5.04 8.44 0.048 146.341
5.05 8.38 0.048 146.271
5.06 8.33 0.048 146.226
5.07 8.27 0.048 146.154
5.08 8.22 0.048 146.106
5.09 8.17 0.048 146.058
5.1 8.01 0.048 145.722
5.11 7.91 0.048 145.538
5.12 7.8 0.049 145.573
5.13 7.66 0.049 145.273
5.14 7.55 0.049 145.049
5.15 7.41 0.049 144.737
5.16 7.32 0.048 144.312
5.17 7.22 0.048 144.104
5.18 7.11 0.048 143.863
5.19 7.01 0.048 143.647
5.2 6.79 0.048 143.066
5.21 6.67 0.049 143.02
5.22 6.59 0.049 142.848
5.23 6.53 0.049 142.736
5.24 6.44 0.048 142.282
5.25 6.41 0.048 142.262
5.26 6.4 0.048 142.305
5.27 6.42 0.048 142.444
5.28 6.44 0.047 142.334
5.29 6.55 0.047 142.757
5.3 6.66 0.047 143.174
5.31 6.76 0.047 143.557
5.32 6.72 0.046 143.253
5.33 6.68 0.046 143.205
5.34 6.6 0.046 143.031
5.35 6.51 0.045 142.562
5.36 6.33 0.044 141.796
5.37 6.28 0.043 141.437
5.38 6.24 0.042 141.103
5.39 6.23 0.041 140.861
5.4 6.2 0.04 140.546
5.41 6.11 0.039 140.027
5.42 6.08 0.038 139.698
5.43 6.05 0.038 139.67
5.44 6 0.037 139.265
5.45 5.94 0.034 138.159
5.46 5.87 0.033 137.652
5.47 5.85 0.032 137.302
5.48 5.83 0.032 137.304
5.49 5.8 0.033 137.624
5.5 5.78 0.033 137.625
5.51 5.72 0.033 137.488
5.52 5.59 0.034 137.443
5.53 5.46 0.034 137.047
5.54 5.43 0.034 137.007
5.55 5.37 0.035 137.187
5.56 5.25 0.035 136.81
5.57 5.22 0.035 136.766
5.58 5.18 0.034 136.353
5.59 5.12 0.034 136.192
5.6 5.11 0.034 136.222
5.61 5.11 0.034 136.289
5.62 5.15 0.034 136.51
5.63 5.19 0.032 136.042
5.64 5.32 0.032 136.595
5.65 5.61 0.032 137.71
5.66 5.76 0.032 138.303
5.67 5.92 0.031 138.551
5.68 6.08 0.031 139.152
5.69 6.25 0.031 139.774
5.7 6.67 0.031 141.158
5.71 6.9 0.031 141.918
5.72 7.15 0.032 143.094
5.73 7.45 0.033 144.383
5.74 7.77 0.034 145.692
5.75 8.35 0.035 147.637
5.76 8.55 0.036 148.56
5.77 8.71 0.037 149.369
5.78 8.8 0.039 150.32
5.79 8.86 0.039 150.539
5.8 8.87 0.039 150.636
5.81 8.88 0.04 151.05
5.82 8.93 0.04 151.245
5.83 9.02 0.041 151.847
5.84 9.17 0.041 152.281
5.85 9.48 0.042 153.392
5.86 9.6 0.042 153.743
5.87 9.7 0.043 154.347
5.88 9.81 0.043 154.671
5.89 9.93 0.044 155.312
5.9 10.2 0.044 155.987
5.91 10.36 0.045 156.703
5.92 10.51 0.046 157.389
5.93 10.64 0.046 157.742
5.94 10.77 0.047 158.376
5.95 11.07 0.049 159.63
5.96 11.2 0.05 160.243
5.97 11.36 0.051 160.91
5.98 11.47 0.052 161.469
5.99 11.55 0.054 162.214
6 11.63 0.056 162.943
6.01 11.6 0.056 162.958
6.02 11.53 0.057 163.132
6.03 11.52 0.057 163.186
6.04 11.53 0.057 163.282
6.05 11.55 0.057 163.398
6.06 11.62 0.057 163.615
6.07 11.77 0.057 163.993
6.08 11.95 0.057 164.427
6.09 12.14 0.058 165.115
6.1 12.51 0.059 166.142
6.11 12.51 0.059 166.218
6.12 12.74 0.06 166.963
6.13 12.81 0.06 167.171
6.14 12.85 0.061 167.552
6.15 12.86 0.063 168.097
6.16 12.87 0.064 168.413
6.17 12.88 0.065 168.725
6.18 12.87 0.065 168.782
6.19 12.84 0.065 168.801
6.2 12.82 0.065 168.839
6.21 12.74 0.065 168.763
6.22 12.61 0.064 168.372
6.23 12.55 0.064 168.331
6.24 12.52 0.063 168.128
6.25 12.5 0.063 168.164
6.26 12.51 0.063 168.258
6.27 12.49 0.063 168.294
6.28 12.49 0.063 168.369
6.29 12.49 0.063 168.443
6.3 12.48 0.063 168.498
6.31 12.47 0.064 168.774
6.32 12.46 0.063 168.608
6.33 12.45 0.064 168.883
6.34 12.46 0.064 168.977
6.35 12.42 0.065 169.191
6.36 12.37 0.066 169.382
6.37 12.33 0.067 169.589
6.38 12.46 0.067 169.919
6.39 12.45 0.068 170.183
6.4 12.44 0.068 170.237
6.41 12.41 0.069 170.459
6.42 12.38 0.069 170.473
6.43 12.28 0.067 169.932
6.44 12.18 0.065 169.378
6.45 12.1 0.062 168.626
6.46 12.07 0.058 167.705
6.47 11.92 0.056 166.987
6.48 11.95 0.056 167.119
6.49 11.83 0.056 166.948
6.5 11.65 0.056 166.651
6.51 11.77 0.056 166.968
6.52 11.62 0.056 166.732
6.53 11.56 0.056 166.678
6.54 11.59 0.057 167.057
6.55 11.62 0.057 167.19
6.56 11.61 0.057 167.241
6.57 11.61 0.057 167.311
6.58 11.58 0.057 167.32
6.59 11.55 0.058 167.57
6.6 11.52 0.058 167.578
6.61 11.54 0.059 167.929
6.62 11.57 0.06 168.298
6.63 11.56 0.061 168.579
6.64 11.55 0.061 168.629
6.65 11.6 0.061 168.804
6.66 11.66 0.062 169.229
6.67 11.63 0.062 169.237
6.68 11.63 0.063 169.533
6.69 11.64 0.064 169.847
6.7 11.66 0.065 170.179
6.71 11.51 0.065 169.932
6.72 11.51 0.066 170.219
6.73 11.5 0.066 170.268
6.74 11.29 0.066 169.887
6.75 11.2 0.066 169.761
6.76 11.1 0.066 169.612
6.77 11.14 0.066 169.769
6.78 10.92 0.065 169.137
6.79 10.98 0.065 169.34
6.8 10.76 0.065 168.916
6.81 10.79 0.063 168.614
6.82 10.59 0.063 168.229
6.83 10.6 0.063 168.32
6.84 10.43 0.061 167.547
6.85 10.4 0.06 167.315
6.86 10.4 0.059 167.149
6.87 10.4 0.057 166.738
6.88 10.41 0.054 166.079
6.89 10.89 0.054 167.228
6.9 11.14 0.052 167.317
6.91 11.53 0.053 168.483
6.92 11.69 0.053 168.886
6.93 12.1 0.053 169.794
6.94 12.47 0.053 170.601
6.95 12.46 0.053 170.649
6.96 12.61 0.055 171.54
6.97 12.55 0.056 171.748
6.98 12.65 0.059 172.761
6.99 12.61 0.06 172.993
7 12.73 0.061 173.536
7.01 12.81 0.062 173.997
7.02 12.83 0.063 174.337
7.03 12.86 0.064 174.693
7.04 12.88 0.065 175.027
7.05 12.92 0.067 175.617
7.06 12.93 0.068 175.922
7.07 12.94 0.068 176.011
7.08 12.94 0.069 176.294
7.09 12.91 0.069 176.304
7.1 12.8 0.07 176.367
7.11 12.77 0.071 176.585
7.12 12.62 0.07 176.146
7.13 12.59 0.071 176.362
7.14 12.36 0.071 175.963
7.15 12.06 0.07 175.203
7.16 12.06 0.07 175.271
7.17 11.81 0.07 174.811
7.18 11.85 0.069 174.754
7.19 11.82 0.069 174.758
7.2 11.82 0.067 174.398
7.21 11.83 0.066 174.269
7.22 11.87 0.065 174.199
7.23 12.07 0.064 174.461
7.24 12.18 0.063 174.527
7.25 12.34 0.062 174.69
7.26 12.57 0.062 175.222
7.27 12.9 0.061 175.707
7.28 12.85 0.06 175.434
7.29 12.98 0.061 175.998
7.3 12.96 0.062 176.264
7.31 13.01 0.063 176.664
7.32 13.18 0.066 177.748
7.33 13.36 0.068 178.607
7.34 13.32 0.07 179.029
7.35 13.36 0.073 179.8
7.36 13.4 0.077 180.746
7.37 13.41 0.078 181.028
7.38 13.4 0.0800001 181.459
7.39 13.4 0.082 181.9
7.4 13.4 0.084 182.334
7.41 13.41 0.0850001 182.602
7.42 13.41 0.0850001 182.67
7.43 13.43 0.0850001 182.778
7.44 13.49 0.081 182.231
7.45 13.46 0.077 181.475
7.46 13.73 0.074 181.461
7.47 13.89 0.073 181.626
7.48 14.24 0.074 182.553
7.49 14.47 0.074 183.042
7.5 14.67 0.076 183.88
7.51 14.95 0.078 184.849
7.52 14.8 0.0800001 185.038
7.53 14.98 0.083 185.998
7.54 15.16 0.087 187.118
7.55 15.25 0.089 187.701
7.56 15.4 0.092 188.555
7.57 15.29 0.093 188.599
7.58 15.45 0.096 189.451
7.59 15.36 0.097 189.524
7.6 15.51 0.098 190.021
7.61 15.58 0.099 190.375
7.62 15.45 0.099 190.215
7.63 15.58 0.099 190.514
7.64 15.44 0.099 190.336
7.65 15.42 0.099 190.369
7.66 15.49 0.099 190.563
7.67 15.3 0.098 190.133
7.68 15.28 0.098 190.166
7.69 15.07 0.098 189.856
7.7 14.78 0.098 189.394
7.71 14.74 0.098 189.388
7.72 14.45 0.098 188.915
7.73 14.32 0.098 188.737
7.74 13.63 0.098 187.467
7.75 13.14 0.096 186.229
7.76 12.77 0.0950001 185.369
7.77 12.35 0.0900001 183.716
7.78 12.16 0.087 182.856
7.79 11.93 0.084 181.887
7.8 11.78 0.082 181.257
7.81 11.77 0.079 180.738
7.82 11.66 0.074 179.578
7.83 11.62 0.074 179.553
7.84 11.47 0.073 179.078
7.85 11.4 0.074 179.187
7.86 11.29 0.073 178.798
7.87 11.3 0.072 178.678
7.88 11.14 0.07 177.957
7.89 11.05 0.069 177.6
7.9 10.97 0.07 177.689
7.91 10.94 0.07 177.681
7.92 10.93 0.071 177.93
7.93 10.93 0.071 177.993
7.94 10.99 0.071 178.195
7.95 11.05 0.07 178.187
7.96 11.2 0.065 177.498
7.97 11.32 0.064 177.603
7.98 11.72 0.064 178.556
7.99 11.96 0.064 179.14
8 12.14 0.065 179.82
8.01 12.25 0.067 180.571
8.02 12.37 0.068 181.111
8.03 12.42 0.07 181.717
8.04 12.49 0.071 182.141
8.05 12.47 0.074 182.791
8.06 12.49 0.075 183.1
8.07 12.51 0.076 183.408
8.08 12.44 0.077 183.522
8.09 12.43 0.078 183.761
8.1 12.45 0.081 184.445
8.11 12.47 0.082 184.74
8.12 12.51 0.084 185.259
8.13 12.49 0.0850001 185.462
8.14 12.43 0.087 185.756
8.15 12.27 0.089 185.824
8.16 12.03 0.089 185.36
8.17 11.61 0.089 184.476
8.18 11.47 0.089 184.217
8.19 11.32 0.088 183.758
8.2 11.18 0.086 183.14
8.21 11.03 0.084 182.489
8.22 10.97 0.081 181.856
8.23 10.94 0.0800001 181.658
8.24 10.97 0.079 181.601
8.25 11 0.078 181.541
8.26 11.38 0.078 182.493
8.27 11.6 0.078 183.058
8.28 11.84 0.077 183.463
8.29 12.11 0.076 183.921
8.3 12.3 0.077 184.597
8.31 12.69 0.077 185.49
8.32 12.85 0.077 185.888
8.33 12.99 0.079 186.638
8.34 13.14 0.081 187.398
8.35 13.27 0.082 187.918
8.36 13.32 0.083 188.273
8.37 13.31 0.083 188.315
8.38 13.24 0.082 188.045
8.39 13.22 0.0800001 187.68
8.4 13.18 0.076 186.861
8.41 13.2 0.068 185.242
8.42 13.18 0.066 184.803
8.43 13.18 0.066 184.864
8.44 13.2 0.066 184.965
8.45 13.23 0.066 185.086
8.46 13.46 0.066 185.607
8.47 13.48 0.066 185.708
8.48 13.5 0.066 185.809
8.49 13.72 0.066 186.303
8.5 14.11 0.066 187.117
8.51 14.43 0.066 187.784
8.52 14.66 0.067 188.509
8.53 15.13 0.067 189.43
8.54 15.35 0.072 191.026
8.55 15.41 0.076 192.058
8.56 15.59 0.078 192.858
8.57 15.58 0.081 193.509
8.58 15.55 0.0850001 194.296
8.59 15.39 0.086 194.259
8.6 15.39 0.089 194.877
8.61 15.24 0.0900001 194.846
8.62 15.3 0.0950001 195.898
8.63 15.17 0.097 196.061
8.64 15.15 0.098 196.254
8.65 15.04 0.099 196.277
8.66 14.91 0.1 196.259
8.67 14.83 0.102 196.493
8.68 14.6 0.101 195.953
8.69 14.24 0.102 195.473
8.7 14.14 0.102 195.337
8.71 13.98 0.103 195.238
8.72 13.93 0.103 195.199
8.73 13.92 0.103 195.241
8.74 13.94 0.103 195.344
8.75 13.95 0.103 195.426
8.76 13.99 0.103 195.569
8.77 13.88 0.103 195.409
8.78 13.73 0.103 195.165
8.79 13.63 0.103 195.021
8.8 13.45 0.104 194.867
8.81 13.22 0.104 194.445
8.82 13.1 0.104 194.251
8.83 12.81 0.104 193.686
8.84 12.64 0.103 193.22
8.85 12.61 0.103 193.214
8.86 12.58 0.101 192.894
8.87 12.55 0.098 192.405
8.88 12.54 0.096 192.113
8.89 12.57 0.096 192.239
8.9 12.59 0.096 192.343
8.91 12.65 0.0950001 192.367
8.92 12.83 0.0950001 192.819
8.93 12.94 0.0950001 193.117
8.94 13.3 0.0950001 193.942
8.95 13.35 0.0950001 194.107
8.96 13.47 0.096 194.587
8.97 13.55 0.097 194.981
8.98 13.55 0.098 195.208
8.99 13.49 0.099 195.309
9 13.33 0.099 195.034
9.01 13.26 0.1 195.109
9.02 13.21 0.102 195.385
9.03 13.18 0.101 195.221
9.04 13.15 0.101 195.217
9.05 13.17 0.101 195.32
9.06 13.13 0.1 195.133
9.07 13.13 0.097 194.698
9.08 13.08 0.096 194.483
9.09 13.07 0.094 194.181
9.1 13.07 0.094 194.24
9.11 13.07 0.093 194.127
9.12 13.16 0.093 194.378
9.13 13.44 0.093 195.028
9.14 13.54 0.093 195.295
9.15 13.61 0.094 195.674
9.16 13.63 0.094 195.775
9.17 13.61 0.094 195.793
9.18 13.57 0.0950001 195.941
9.19 13.43 0.096 195.879
9.2 13.35 0.097 195.938
9.21 13.25 0.098 195.953
9.22 13.21 0.098 195.926
9.23 13.2 0.098 195.964
9.24 13.2 0.098 196.023
9.25 13.24 0.098 196.168
9.26 13.28 0.098 196.312
9.27 13.39 0.097 196.436
9.28 13.43 0.097 196.58
9.29 13.61 0.097 197.016
9.3 13.65 0.098 197.326
9.31 13.69 0.098 197.469
9.32 13.73 0.099 197.778
9.33 13.64 0.1 197.815
9.34 13.55 0.101 197.849
9.35 13.42 0.101 197.633
9.36 13.28 0.101 197.393
9.37 13.12 0.101 197.108
9.38 12.72 0.101 196.289
9.39 12.55 0.101 195.967
9.4 12.34 0.101 195.549
9.41 12.2 0.1 195.124
9.42 12.07 0.099 194.718
9.43 11.99 0.098 194.425
9.44 11.99 0.096 194.149
9.45 11.99 0.093 193.694
9.46 12.03 0.082 191.824
9.47 12.12 0.081 191.891
9.48 12.25 0.081 192.242
9.49 12.54 0.081 192.947
9.5 12.7 0.081 193.356
9.51 12.86 0.081 193.762
9.52 12.97 0.082 194.255
9.53 13.08 0.084 194.938
9.54 13.22 0.086 195.677
9.55 13.27 0.088 196.215
9.56 13.37 0.089 196.67
9.57 13.36 0.091 197.07
9.58 13.31 0.093 197.377
9.59 13.26 0.094 197.503
9.6 13.26 0.094 197.56
9.61 13.27 0.094 197.639
9.62 13.28 0.094 197.718
9.63 13.34 0.094 197.903
9.64 13.62 0.094 198.553
9.65 13.82 0.094 199.028
9.66 13.87 0.094 199.189
9.67 13.97 0.094 199.452
9.68 14.05 0.094 199.674
9.69 14.17 0.094 199.976
9.7 14.12 0.094 199.931
9.71 14.1 0.093 199.77
9.72 14.09 0.092 199.627
9.73 13.98 0.091 199.278
9.74 13.95 0.091 199.273
9.75 13.92 0.091 199.268
9.76 13.89 0.091 199.263
9.77 13.88 0.092 199.48
9.78 13.82 0.093 199.592
9.79 13.82 0.093 199.649
9.8 13.77 0.093 199.601
9.81 13.73 0.092 199.395
9.82 13.75 0.092 199.493
9.83 13.77 0.092 199.591
9.84 13.81 0.092 199.731
9.85 13.88 0.092 199.933
9.86 13.94 0.093 200.294
9.87 13.99 0.093 200.453
9.88 13.98 0.094 200.668
9.89 14.01 0.094 200.786
9.9 14 0.096 201.174
9.91 14.03 0.096 201.293
9.92 14.06 0.096 201.411
9.93 14.09 0.096 201.529
9.94 14.14 0 0
9.95 14.29 0 0
9.96 14.35 0 0
9.97 14.41 0 0
9.98 14.49 0 0
9.99 14.53 0 0
10 14.56 0 0
