0.42 0.073 0.008 31.8814
0.44 1.328 0.005 47.162
0.46 8.664 0.012 67.2797
0.48 15.999 0.027 79.5576
0.5 31.023 0.066 95.3498
0.52 29.674 0.125 101.007
0.54 27.177 0.164 103.092
0.56 25.747 0.21 105.479
0.58 24.684 0.244 107.199
0.6 23.932 0.27 108.644
0.62 23.477 0.288 109.925
0.640001 22.904 0.272 109.981
0.660001 22.353 0.246 109.618
0.680001 21.597 0.225 109.172
0.700001 20.937 0.208 108.85
0.720001 20.174 0.195 108.537
0.740001 19.207 0.183 108.024
0.760001 18.148 0.172 107.387
0.780001 16.17 0.162 105.854
0.800001 15.319 0.151 105.158
0.820001 14.507 0.138 104.271
0.840001 13.762 0.124 103.255
0.860001 13.137 0.114 102.519
0.880001 12.449 0.107 101.842
0.900001 11.724 0.1 101.029
0.920001 10.484 0.093 99.4225
0.940001 9.86 0.084 98.3028
0.960001 8.828 0.075 96.4048
0.980001 7.994 0.069 94.9225
1 7.273 0.064 93.5791
1.02 6.618 0.058 92.0684
1.04 6.015 0.049 90.03
1.06 5.482 0.042 88.1687
1.08 5.022 0.039 86.9786
1.1 4.682 0.032 85.1325
1.12 4.396 0.027 83.5969
1.14 4.191 0.023 82.3279
1.16 4.061 0.022 82.0484
1.18 3.994 0.021 81.9243
1.2 3.946 0.022 82.4834
1.22 3.916 0.023 83.079
1.24 3.926 0.025 84.0672
1.26 3.967 0.026 84.8448
1.28 4.016 0.026 85.3679
1.3 3.998 0.027 85.9506
1.32 3.958 0.027 86.1913
1.34 3.914 0.026 86.1423
1.36 3.879 0.026 86.386
1.38 3.845 0.025 86.3452
1.4 3.825 0.025 86.6262
1.42 3.81 0.024 86.6245
1.44 3.797 0.023 86.612
1.46 3.785 0.023 86.9051
1.48 3.77 0.021 86.5272
1.5 3.54 0.011 81.5589
1.52 3.6 0.011 82.0582
1.54 3.64 0.012 83.0874
1.56 3.652 0.013 83.9829
1.58 3.64 0.014 84.762
1.6 3.582 0.015 85.3509
1.62 3.518 0.015 85.4241
1.64 3.45 0.016 85.9356
1.66 3.379 0.017 86.4026
1.68 3.314 0.017 86.4486
1.7 3.252 0.018 86.9103
1.72 3.184 0.018 86.9284
1.74 3.097 0.018 86.861
1.76 2.963 0.018 86.5842
1.78 2.882 0.018 86.5106
1.8 2.861 0.018 86.6884
1.82 2.868 0.017 86.573
1.84 2.812 0.017 86.5902
1.86 2.652 0.016 85.688
1.88 2.424 0.016 84.8378
1.9 2.107 0.017 83.8093
1.92 1.92 0.017 82.9363
1.94 1.801 0.018 82.8055
1.96 1.723 0.019 82.8862
1.98 1.655 0.02 82.9934
2 1.58 0.02 82.6716
2.02 1.518 0.019 82.0731
2.04 1.49 0.019 82.0779
2.06 1.51 0.018 82.0889
2.08 1.52 0.018 82.388
2.1 1.471 0.016 81.4168
2.12 1.411 0.015 80.709
2.14 1.435 0.015 81.1167
2.16 1.602 0.016 83.0711
2.18 1.915 0.017 85.8844
2.2 1.996 0.017 86.6179
2.22 1.902 0.017 86.235
2.24 1.758 0.014 84.1061
2.26 1.724 0.012 83.0059
2.28 1.802 0.012 83.7414
2.3 2.013 0.012 85.2942
2.32 2.135 0.012 86.2273
2.34 1.719 0.008 80.9984
2.36 1.386 0.006 76.8499
2.38 1.182 0.006 75.2845
2.4 1.086 0.012 78.9703
2.42 1.062 0.016 80.8097
2.44 1.051 0.019 82.0381
2.46 1.028 0.02 82.3134
2.48 1.15 0.02 83.842
2.5 1.387 0.018 85.5742
2.52 1.662 0.017 87.6095
2.54 1.877 0.019 90.1847
2.56 2.051 0.023 93.0095
2.58 2.196 0.027 95.3966
2.6 2.335 0.032 97.8233
2.62 2.536 0.036 100.182
2.64 2.679 0.04 102.081
2.66 2.784 0.043 103.484
2.68 2.981 0.045 105.122
2.7 3.305 0.047 107.304
2.72 3.688 0.047 109.236
2.74 3.982 0.047 110.674
2.76 4.102 0.047 111.373
2.78 4.092 0.047 111.558
2.8 4.021 0.049 111.886
2.82 3.896 0.053 112.33
2.84 3.727 0.057 112.514
2.86 3.542 0.06 112.388
2.88 3.483 0.064 112.939
2.9 3.647 0.068 114.485
2.92 3.704 0.069 115.1
2.94 3.641 0.069 115.034
2.96 3.51 0.065 114.076
2.98 3.329 0.064 113.276
3 3.158 0.064 112.628
3.02 3.024 0.066 112.422
3.04 1.593 0.033 96.9429
3.06 2.242 0.03 101.213
3.08 2.609 0.032 104.192
3.1 2.809 0.035 106.286
3.12 2.748 0.04 107.325
3.14 2.697 0.043 107.874
3.16 2.79 0.049 109.78
3.18 2.905 0.05 110.8
3.2 3.014 0.048 111.205
3.22 3.111 0.044 111.1
3.24 3.225 0.043 111.656
3.26 3.289 0.039 111.257
3.28 3.381 0.035 110.887
3.3 3.477 0.031 110.403
3.32 3.59 0.027 109.829
3.34 3.876 0.024 110.149
3.36 4.402 0.025 112.755
3.38 4.925 0.027 115.519
3.4 5.378 0.028 117.539
3.42 5.629 0.025 117.395
3.44 5.765 0.019 115.326
3.46 5.808 0.018 115.117
3.48 5.77 0.02 116.207
3.5 5.63 0.022 116.905
3.52 5.511 0.024 117.578
3.54 5.432 0.028 119.036
3.56 5.426 0.031 120.217
3.58 5.531 0.034 121.669
3.6 5.735 0.036 123.079
3.62 6.021 0.036 124.135
3.64 6.366 0.034 124.733
3.66 6.902 0.033 126.072
3.68 7.334 0.033 127.372
3.7 7.651 0.032 128.015
3.72 7.921 0.033 129.179
3.74 8.183 0.034 130.303
3.76 8.438 0.036 131.699
3.78 8.571 0.039 133.074
3.8 8.652 0.042 134.276
3.82 8.737 0.044 135.183
3.84 5.355 0.039 124.905
3.86 7.029 0.037 129.514
3.88 7.783 0.039 132.195
3.9 8.077 0.04 133.373
3.92 8.069 0.041 133.819
3.94 8.005 0.043 134.386
3.96 7.915 0.044 134.614
3.98 7.838 0.045 134.865
4 7.769 0.045 134.881
4.02 7.744 0.045 135.005
4.04 7.757 0.045 135.224
4.06 7.865 0.045 135.68
4.08 8.062 0.044 136.096
4.1 8.302 0.042 136.329
4.12 8.482 0.042 136.936
4.14 8.605 0.041 137.13
4.16 8.655 0.041 137.428
4.18 8.654 0.041 137.609
4.2 8.61 0.041 137.691
4.22 8.554 0.042 138.02
4.24 8.501 0.043 138.348
4.26 8.458 0.043 138.428
4.28 8.367 0.042 138.122
4.3 8.279 0.042 138.091
4.32 8.184 0.042 138.04
4.34 8.05 0.042 137.889
4.36 7.961 0.042 137.844
4.38 7.883 0.042 137.824
4.4 7.804 0.042 137.799
4.42 7.817 0.042 138.006
4.44 7.892 0.041 138.092
4.46 7.962 0.04 138.157
4.48 7.992 0.04 138.403
4.5 7.965 0.039 138.216
4.52 7.952 0.039 138.354
4.54 7.959 0.039 138.541
4.56 7.645 0.039 137.909
4.58 7.611 0.034 136.422
4.6 7.674 0.032 136.062
4.62 7.657 0.031 135.823
4.64 7.626 0.031 135.907
4.66 7.647 0.032 136.484
4.68 7.671 0.032 136.708
4.7 7.564 0.032 136.593
4.72 7.444 0.032 136.44
4.74 7.396 0.032 136.473
4.76 7.534 0.032 136.998
4.78 7.625 0.032 137.395
4.8 7.657 0.033 137.99
4.82 7.634 0.033 138.09
4.84 7.609 0.033 138.184
4.86 7.595 0.034 138.649
4.88 7.596 0.035 139.146
4.9 7.598 0.036 139.636
4.92 7.557 0.036 139.685
4.94 7.492 0.037 139.988
4.96 7.413 0.037 139.931
4.98 7.308 0.037 139.801
5 7.284 0.037 139.89
5.02 7.368 0.036 139.957
5.04 7.574 0.036 140.67
5.06 7.652 0.035 140.702
5.08 7.626 0.034 140.449
5.1 7.523 0.034 140.327
5.12 7.474 0.034 140.348
5.14 7.54 0.034 140.678
5.16 7.696 0.034 141.246
5.18 7.95 0.033 141.708
5.2 8.13 0.033 142.318
5.22 8.246 0.032 142.396
5.24 8.388 0.032 142.898
5.26 8.559 0.032 143.466
5.28 8.746 0.032 144.065
5.3 8.916 0.032 144.617
5.32 9.141 0.033 145.662
5.34 9.306 0.033 146.19
5.36 9.41 0.033 146.576
5.38 9.464 0.034 147.214
5.4 9.201 0.034 146.769
5.42 9.192 0.032 146.16
5.44 9.312 0.031 146.197
5.46 9.388 0.032 146.905
5.48 9.439 0.033 147.546
5.5 9.45 0.033 147.721
5.52 9.373 0.034 148.063
5.54 9.246 0.035 148.278
5.56 9.069 0.037 148.7
5.58 8.822 0.038 148.587
5.6 8.23 0.04 147.885
5.62 7.731 0.042 147.301
5.64 7.387 0.044 147.051
5.66 7.218 0.045 146.981
5.68 7.246 0.045 147.207
5.7 7.518 0.043 147.576
5.72 7.914 0.04 147.923
5.74 8.27 0.038 148.373
5.76 8.417 0.036 148.225
5.78 8.424 0.035 148.039
5.8 8.258 0.035 147.757
5.82 8.172 0.036 148.022
5.84 8.206 0.037 148.59
5.86 8.393 0.037 149.215
5.88 8.797 0.036 150.028
5.9 9.11 0.034 150.212
5.92 9.385 0.033 150.624
5.94 9.775 0.032 151.264
5.96 10.165 0.032 152.261
5.98 10.361 0.032 152.822
6 10.564 0.033 153.786
6.02 10.724 0.033 154.261
6.04 10.879 0.034 155.108
6.06 10.846 0.035 155.557
6.08 10.769 0.036 155.905
6.1 10.616 0.037 156.082
6.12 10.546 0.018 146.993
6.14 10.178 0.025 150.432
6.16 10.171 0.029 152.424
6.18 10.164 0.031 153.395
6.2 10.308 0.032 154.251
6.22 10.498 0.033 155.193
6.24 10.738 0.033 155.838
6.26 10.814 0.034 156.523
6.28 10.827 0.034 156.689
6.3 10.77 0.035 157.087
6.32 10.696 0.036 157.438
6.34 10.645 0.037 157.827
6.36 10.636 0.036 157.587
6.38 10.687 0.036 157.833
6.4 10.716 0.036 158.032
6.42 10.695 0.035 157.754
6.44 10.523 0.035 157.523
6.46 10.405 0.035 157.403
6.48 10.255 0.036 157.578
6.5 10.177 0.036 157.539
6.52 10.049 0.036 157.387
6.54 9.97 0.036 157.342
6.56 10.051 0.035 157.29
6.58 10.132 0.035 157.605
6.6 10.291 0.035 158.093
6.62 10.402 0.035 158.47
6.64 10.832 0.034 159.147
6.66 11.009 0.033 159.256
6.68 11.161 0.033 159.704
6.7 11.284 0.033 160.089
6.72 11.53 0.034 161.12
6.74 11.629 0.035 161.842
6.76 11.652 0.036 162.401
6.78 11.608 0.038 163.178
6.8 11.538 0.039 163.523
6.82 11.462 0.041 164.183
6.84 11.641 0.042 165.014
6.86 11.963 0.039 164.779
6.88 12.077 0.037 164.416
6.9 12.192 0.037 164.773
6.92 12.62 0.037 165.727
6.94 12.707 0.037 166.025
6.96 12.719 0.037 166.18
6.98 12.76 0.039 167.12
7 12.826 0.041 168.075
7.02 12.86 0.043 168.941
7.04 12.763 0.046 169.841
7.06 12.664 0.051 171.248
7.08 12.615 0.055 172.367
7.1 12.715 0.057 173.212
7.12 12.871 0.058 173.904
7.14 13.069 0.059 174.671
7.16 13.241 0.058 174.887
7.18 13.392 0.058 175.309
7.2 13.429 0.058 175.514
7.22 13.425 0.058 175.642
7.24 13.29 0.058 175.521
7.26 13.273 0.059 175.874
7.28 13.326 0.06 176.356
7.3 13.342 0.06 176.521
7.32 13.335 0.06 176.642
7.34 13.373 0.06 176.848
7.36 13.494 0.06 177.212
7.38 13.514 0.059 177.135
7.4 13.488 0.059 177.22
7.42 13.358 0.059 177.105
7.44 12.981 0.06 176.756
7.46 12.791 0.061 176.756
7.48 12.625 0.061 176.555
7.5 12.334 0.061 176.093
7.52 12.369 0.061 176.296
7.54 12.525 0.06 176.502
7.56 13.182 0.059 177.688
7.58 13.589 0.056 177.826
7.6 13.944 0.054 178.078
7.62 14.29 0.027 168.817
7.64 14.309 0.037 173.46
7.66 14.328 0.041 175.109
7.68 14.475 0.044 176.528
7.7 14.537 0.047 177.737
7.72 14.541 0.051 179.085
7.74 14.515 0.054 180.022
7.76 14.587 0.056 180.826
7.78 14.738 0.059 182.012
7.8 14.799 0.063 183.248
7.82 14.779 0.066 184.054
7.84 14.414 0.067 183.752
7.86 14.083 0.069 183.717
7.88 13.794 0.07 183.518
7.9 13.547 0.071 183.387
7.92 12.985 0.071 182.4
7.94 12.748 0.07 181.829
7.96 12.612 0.069 181.458
7.98 12.475 0.067 180.856
8 12.385 0.066 180.568
8.02 12.338 0.065 180.365
8.04 12.743 0.063 180.86
8.06 13.308 0.061 181.631
8.08 14.005 0.059 182.59
8.1 14.625 0.058 183.598
8.12 15.089 0.058 184.552
8.14 14.866 0.06 184.803
8.16 14.44 0.064 185.148
8.18 13.228 0.072 184.752
8.2 12.77 0.078 185.171
8.22 12.502 0.083 185.688
8.24 12.004 0.087 185.454
8.26 11.856 0.088 185.424
8.28 11.8 0.086 185.068
8.3 12.302 0.084 185.942
8.32 12.894 0.079 186.376
8.34 13.5 0.076 187.134
8.36 13.841 0.074 187.516
8.38 14.518 0.071 188.286
8.4 14.872 0.07 188.843
8.42 15.317 0.074 190.651
8.44 14.422 0.068 187.804
8.46 15.501 0.065 189.179
8.48 16.533 0.065 191.068
8.5 16.695 0.067 191.946
8.52 16.674 0.07 192.737
8.54 16.374 0.075 193.467
8.56 16.062 0.079 193.894
8.58 15.79 0.084 194.534
8.6 15.724 0.087 195.111
8.62 15.616 0.091 195.774
8.64 15.466 0.094 196.157
8.66 15.185 0.0950001 195.938
8.68 14.967 0.096 195.826
8.7 14.735 0.0950001 195.341
8.72 14.346 0.0950001 194.714
8.74 14.134 0.093 194.077
8.76 14 0.093 193.934
8.78 13.965 0.092 193.813
8.8 14.057 0.091 193.942
8.82 14.383 0.089 194.347
8.84 15.349 0.086 195.739
8.86 15.84 0.084 196.367
8.88 16.186 0.084 197.103
8.9 16.162 0.0850001 197.378
8.92 16.022 0.088 197.824
8.94 15.946 0.091 198.364
8.96 15.967 0.094 199.062
8.98 15.9 0.096 199.414
9 15.889 0.098 199.86
9.02 15.834 0.099 200.052
9.04 15.823 0.098 199.986
9.06 15.822 0.098 200.107
9.08 15.788 0.099 200.337
9.1 15.744 0.098 200.21
9.12 15.809 0.098 200.451
9.14 16.862 0.097 202.272
9.16 17.733 0.094 203.336
9.18 18.305 0.047 192.938
9.2 18.359 0.064 198.161
9.22 18.414 0.073 200.55
9.24 19.072 0.078 202.803
9.26 19.228 0.082 204.01
9.28 19.296 0.086 205.047
9.3 19.044 0.093 206.119
9.32 18.892 0.098 206.904
9.34 18.808 0.104 207.92
9.36 18.706 0.108 208.535
9.38 18.658 0.111 209.057
9.4 18.74 0.112 209.47
9.42 18.819 0.112 209.72
9.44 18.94 0.112 210.038
9.46 19.179 0.111 210.384
9.48 19.37 0.11 210.65
9.5 19.566 0.109 210.919
9.52 19.761 0.109 211.344
9.54 19.699 0.109 211.371
9.56 19.507 0.11 211.357
9.58 18.714 0.11 210.22
9.6 18.203 0.112 209.819
9.62 18.04 0.112 209.669
9.64 18.179 0.11 209.707
9.66 17.819 0.109 209.066
9.68 17.212 0.107 207.824
9.7 15.714 0.103 204.585
9.72 14.814 0.1 202.472
9.74 13.769 0.099 200.298
9.76 11.274 0.102 195.209
9.78 9.522 0.109 191.683
9.8 6.976 0.118 184.603
9.82 5.338 0.135 179.726
9.84 4.409 0.15 176.484
9.86 4.329 0.165 177.521
9.88 5.598 0.157 183.559
9.9 7.752 0.14 190.65
9.92 10.107 0.122 195.929
9.94 12.461 0.104 199.374
9.96 12.839 0.086 197.203
9.98 12.695 0.075 194.762
10 12.552 0.069 193.208
10.02 12.772 0.065 192.839
10.04 12.918 0.063 192.76
10.06 13.498 0.057 192.481
10.08 13.846 0.055 192.721
10.1 14.12 0.057 193.948
10.12 14.594 0.06 195.813
10.14 14.954 0.062 197.146
10.16 15.524 0.063 198.584
10.18 15.606 0.065 199.361
10.2 15.591 0.067 199.946
10.22 15.361 0.068 199.873
10.24 15.184 0.07 200.13
10.26 14.973 0.071 200.072
10.28 14.347 0.072 199.185
10.3 13.94 0.074 198.921
10.32 13.493 0.076 198.536
10.34 12.457 0.078 196.796
10.36 11.925 0.0800001 196.081
10.38 11.479 0.082 195.513
10.4 11.144 0.084 195.176
10.42 10.663 0.083 193.851
10.44 10.507 0.083 193.543
10.46 10.333 0.081 192.789
10.48 9.558 0.077 189.936
10.5 8.847 0.073 187.101
10.52 7.94 0.07 183.664
10.54 7.262 0.067 180.755
10.56 6.584 0.065 177.866
10.58 6.093 0.064 175.758
10.6 5.727 0.065 174.513
10.62 5.46 0.067 173.846
10.64 5.826 0.069 176
10.66 6.694 0.065 178.759
10.68 8.165 0.063 183.564
10.7 9.28 0.06 186.318
10.72 10.394 0.055 188.117
10.74 11.037 0.055 189.848
10.76 10.58 0.045 185.667
10.78 11.585 0.041 186.754
10.8 12.179 0.042 188.578
10.82 12.671 0.047 191.539
10.84 12.858 0.051 193.351
10.86 13.006 0.056 195.283
10.88 13.399 0.06 197.352
10.9 13.53 0.068 199.799
10.92 13.659 0.073 201.36
10.94 13.863 0.078 203.009
10.96 13.879 0.082 203.992
10.98 13.855 0.0850001 204.656
11 13.754 0.087 204.94
11.02 13.655 0.0900001 205.409
11.04 13.471 0.092 205.487
11.06 12.867 0.094 204.602
11.08 12.463 0.097 204.3
11.1 11.965 0.099 203.551
11.12 11.54 0.1 202.765
11.14 10.894 0.101 201.357
11.16 10.631 0.101 200.75
11.18 10.441 0.1 200.163
11.2 10.102 0.096 198.637
11.22 10.001 0.092 197.747
11.24 9.953 0.089 197.163
11.26 9.944 0.0850001 196.482
11.28 9.978 0.082 196.088
11.3 10.012 0.079 195.673
11.32 9.957 0.077 195.197
11.34 9.963 0.075 194.883
11.36 10.192 0.073 195.178
11.38 10.42 0.072 195.672
11.4 10.746 0.07 196.177
11.42 10.996 0.069 196.689
11.44 11.264 0.075 198.843
11.46 11.363 0.067 197.329
11.48 11.158 0.064 196.159
11.5 11.24 0.064 196.461
11.52 11.258 0.065 196.855
11.54 11.249 0.067 197.424
11.56 11.411 0.068 198.171
11.58 11.576 0.069 198.918
11.6 11.842 0.071 200.141
11.62 12.41 0.073 202.058
11.64 12.599 0.074 202.825
11.66 12.71 0.075 203.405
11.68 12.976 0.078 204.777
11.7 13.057 0.079 205.276
11.72 13.122 0.081 205.948
11.74 13.552 0.084 207.632
11.76 13.688 0.086 208.437
11.78 13.882 0.087 209.159
11.8 14.205 0.0900001 210.545
11.82 14.341 0.092 211.32
11.84 14.504 0.093 211.954
11.86 14.825 0.094 212.912
11.88 14.866 0.096 213.47
11.9 14.997 0.097 214.025
11.92 15.214 0.099 214.933
11.94 15.208 0.1 215.201
11.96 15.333 0.101 215.733
11.98 15.558 0.102 216.464
12 15.767 0.102 216.981
12.02 15.842 0.103 217.406
12.04 15.849 0.104 217.696
12.06 15.96 0.105 218.189
12.08 16.086 0.105 218.537
12.1 16.062 0.106 218.762
12.12 16.235 0.107 219.372
12.14 16.536 0.107 220.054
12.16 16.807 0.107 220.671
12.18 16.89 0.107 220.928
12.2 16.985 0.107 221.208
12.22 17.008 0.107 221.352
12.24 16.969 0.108 221.55
12.26 17.072 0.109 222.014
12.28 17.053 0.11 222.248
12.3 16.928 0.055 209.666
12.32 16.632 0.079 215.629
12.34 16.335 0.091 217.713
12.36 16.443 0.097 219.179
12.38 16.25 0.102 219.823
12.4 16.04 0.104 219.865
12.42 15.948 0.105 219.956
12.44 16.094 0.104 220.168
12.46 16.117 0.105 220.487
12.48 16.17 0.104 220.514
12.5 16.225 0.104 220.72
12.52 16.236 0.104 220.84
12.54 16.226 0.103 220.741
12.56 16.296 0.104 221.154
12.58 16.396 0.104 221.446
12.6 16.474 0.105 221.872
12.62 16.486 0.105 221.993
12.64 16.488 0.105 222.095
12.66 16.468 0.105 222.154
12.68 16.34 0.106 222.177
12.7 16.143 0.108 222.232
12.72 16.02 0.109 222.255
12.74 15.873 0.109 222.057
12.76 15.719 0.108 221.672
12.78 15.715 0.107 221.589
12.8 15.747 0.106 221.577
12.82 15.97 0.105 221.947
12.84 15.945 0.104 221.817
12.86 15.877 0.103 221.598
12.88 15.636 0.103 221.206
12.9 15.479 0.103 220.98
12.92 15.426 0.103 220.966
12.94 15.288 0.104 220.953
12.96 15.136 0.105 220.906
12.98 14.851 0.106 220.57
13 14.272 0.105 219.231
13.02 14.107 0.105 218.958
13.04 13.926 0.052 206.228
13.06 10.928 0.072 204.706
13.08 13.613 0.081 213.457
13.1 13.878 0.0850001 215.002
13.12 14.184 0.084 215.557
13.14 14.509 0.084 216.353
13.16 14.388 0.083 215.968
13.18 14.11 0.0850001 215.881
13.2 13.947 0.088 216.234
13.22 14.049 0.089 216.756
13.24 14.212 0.091 217.609
13.26 14.333 0.092 218.165
13.28 14.514 0.092 218.651
13.3 14.727 0.0900001 218.801
13.32 14.85 0.0900001 219.155
13.34 14.983 0.0900001 219.528
13.36 15.675 0.0900001 221.052
13.38 16.029 0.0900001 221.857
13.4 16.118 0.091 222.33
13.42 16.087 0.094 222.961
13.44 16.203 0.096 223.676
13.46 16.298 0.098 224.342
13.48 16.557 0.1 225.323
13.5 16.807 0.101 226.09
13.52 16.879 0.101 226.322
13.54 16.99 0.103 226.999
13.56 16.979 0.105 227.435
13.58 17.097 0.107 228.113
13.6 17.233 0.109 228.819
13.62 17.189 0.112 229.345
13.64 17.214 0.114 229.825
13.66 17.265 0.117 230.515
13.68 17.293 0.118 230.825
13.7 17.353 0.119 231.197
13.72 17.643 0.119 231.843
13.74 17.885 0.118 232.229
13.76 18.067 0.117 232.498
13.78 18.05 0.117 232.56
13.8 17.952 0.118 232.636
13.82 17.721 0.12 232.621
13.84 16.281 0.119 229.732
13.86 16.372 0.116 229.521
13.88 16.464 0.114 229.466
13.9 16.481 0.112 229.254
13.92 16.401 0.111 229.014
13.94 15.872 0.111 228.026
13.96 15.395 0.11 226.946
13.98 14.978 0.111 226.311
14 14.493 0.112 225.498
14.02 14.347 0.113 225.426
14.04 14.265 0.114 225.494
14.06 14.128 0.111 224.771
14.08 14.197 0.108 224.505
14.1 14.26 0.106 224.388
14.12 14.127 0.104 223.819
14.14 14.001 0.103 223.438
14.16 13.889 0.103 223.268
14.18 14.034 0.102 223.508
14.2 14.255 0.102 224.1
14.22 14.582 0.101 224.736
14.24 14.904 0.101 225.532
14.26 15.031 0.1 225.709
14.28 15.155 0.1 226.065
14.3 15.606 0.101 227.298
14.32 15.941 0.101 228.082
14.34 16.173 0.103 229.02
14.36 16.276 0.104 229.502
14.38 16.506 0.105 230.239
14.4 16.726 0.106 230.949
14.42 16.674 0.109 231.472
14.44 16.594 0.112 231.924
14.46 16.494 0.115 232.322
14.48 16.34 0.118 232.595
14.5 16.342 0.12 233.014
14.52 16.466 0.06 220.28
14.54 16.474 0.0800001 225.718
14.56 16.482 0.089 227.832
14.58 16.825 0.0950001 229.841
14.6 17.305 0.099 231.655
14.62 17.555 0.103 232.989
14.64 17.591 0.108 234.067
14.66 17.216 0.113 234.311
14.68 17.458 0.121 236.212
14.7 17.923 0.124 237.682
14.72 19.482 0.124 240.645
14.74 20.588 0.12 241.996
14.76 21.745 0.122 244.337
14.78 23.152 0.129 247.793
14.8 23.535 0.135 249.414
14.82 23.753 0.138 250.297
14.84 23.761 0.142 250.999
14.86 23.562 0.147 251.512
14.88 23.259 0.151 251.699
14.9 22.559 0.154 251.098
14.92 21.978 0.161 251.177
14.94 21.188 0.169 250.96
14.96 20.399 0.176 250.53
14.98 19.209 0.179 248.813
15 18.931 0.18 248.498
15.02 18.718 0.179 248.07
15.04 18.572 0.173 247.18
15.06 18.485 0.168 246.502
15.08 18.343 0.163 245.701
15.1 17.878 0.16 244.506
15.12 17.651 0.157 243.763
15.14 17.403 0.155 243.096
15.16 16.864 0.154 241.956
15.18 16.541 0.154 241.372
15.2 16.2 0.153 240.606
15.22 15.954 0.151 239.902
15.24 15.883 0.147 239.3
15.26 15.77 0.144 238.731
15.28 15.589 0.14 237.864
15.3 15.289 0.134 236.422
15.32 15.226 0.129 235.621
15.34 15.232 0.126 235.258
15.36 15.197 0.123 234.794
15.38 15.104 0.12 234.19
15.4 14.983 0.06 220.891
15.42 14.767 0.079 225.614
15.44 14.55 0.088 227.245
15.46 14.805 0.093 228.947
15.48 14.865 0.096 229.769
15.5 14.741 0.097 229.772
15.52 14.558 0.101 230.214
15.54 14.381 0.104 230.452
15.56 14.287 0.107 230.862
15.58 14.238 0.108 231.009
15.6 14.169 0.109 231.107
15.62 14.164 0.109 231.178
15.64 14.163 0.108 231.08
15.66 14.136 0.107 230.92
15.68 14.141 0.106 230.833
15.7 14.274 0.106 231.227
15.72 14.314 0.106 231.402
15.74 14.35 0.106 231.567
15.76 14.483 0.106 231.957
15.78 14.559 0.107 232.395
15.8 14.401 0.11 232.647
15.82 13.578 0.112 231.111
15.84 13.096 0.113 230.162
15.86 12.754 0.114 229.535
15.88 12.555 0.113 228.929
15.9 12.635 0.114 229.386
15.92 13.094 0.113 230.48
15.94 13.405 0.111 230.997
15.96 13.585 0.106 230.636
15.98 13.679 0.102 230.208
16 13.819 0.098 229.859
16.02 14.313 0.0950001 230.508
16.04 14.681 0.094 231.229
16.06 15.117 0.0950001 232.49
16.08 15.524 0.0950001 233.462
16.1 16.104 0.096 234.984
16.12 17.366 0.1 238.442
16.14 18.154 0.104 240.838
16.16 19.152 0.102 242.392
16.18 19.765 0.094 241.929
16.2 20.378 0.091 242.423
16.22 20.72 0.097 244.383
16.24 20.609 0.105 245.894
16.26 20.112 0.116 247.155
16.28 19.218 0.127 247.485
16.3 19.02 0.136 248.612
16.32 18.883 0.148 250.192
16.34 18.689 0.154 250.733
16.36 18.549 0.157 250.95
16.38 18.027 0.159 250.269
16.4 17.82 0.16 250.068
16.42 17.568 0.16 249.64
16.44 17.257 0.161 249.212
16.46 17.087 0.16 248.812
16.48 17.091 0.159 248.775
16.5 17.456 0.155 249.089
16.52 18.052 0.151 249.836
16.54 18.827 0.147 250.877
16.56 19.623 0.142 251.736
16.58 21.086 0.137 253.684
16.6 21.678 0.136 254.627
16.62 22.057 0.138 255.66
16.64 22.368 0.141 256.72
16.66 22.687 0.146 258.077
16.68 22.588 0.154 259.148
16.7 22.6 0.16 260.08
16.72 22.451 0.165 260.585
16.74 22.377 0.168 260.939
16.76 22.441 0.171 261.518
16.78 22.559 0.173 262.056
16.8 22.645 0.174 262.412
16.82 22.643 0.174 262.495
16.84 22.518 0.175 262.498
16.86 22.24 0.177 262.363
16.88 21.899 0.179 262.111
16.9 21.756 0.182 262.313
16.92 21.605 0.184 262.375
16.94 21.535 0.185 262.457
16.96 21.553 0.093 247.971
16.98 20.813 0.12 252.098
17 20.073 0.133 253.025
17.02 21.246 0.141 256.429
17.04 21.161 0.147 257.255
17.06 20.966 0.153 257.853
17.08 20.81 0.157 258.214
17.1 20.521 0.16 258.184
17.12 20.13 0.166 258.344
17.14 19.912 0.17 258.535
17.16 19.771 0.172 258.606
17.18 19.639 0.172 258.44
17.2 19.587 0.171 258.299
17.22 19.791 0.169 258.516
17.24 20.006 0.166 258.616
17.26 20.215 0.165 258.957
17.28 20.176 0.163 258.705
17.3 20.112 0.162 258.538
17.32 20.138 0.162 258.669
17.34 20.331 0.163 259.24
17.36 20.508 0.165 259.911
17.38 20.641 0.166 260.367
17.4 20.983 0.165 260.936
17.42 21.328 0.165 261.633
17.44 21.538 0.167 262.349
17.46 21.635 0.168 262.733
17.48 21.631 0.17 263.068
17.5 21.745 0.172 263.608
17.52 21.729 0.175 264.043
17.54 21.476 0.178 264.055
17.56 21.341 0.18 264.144
17.58 21.544 0.181 264.71
17.6 21.473 0.181 264.668
17.62 21.301 0.183 264.687
17.64 20.999 0.183 264.227
17.66 20.752 0.183 263.86
17.68 20.748 0.091 249.032
17.7 20.622 0.123 255.21
17.72 20.497 0.139 257.675
17.74 20.985 0.148 259.985
17.76 21.146 0.153 261.073
17.78 21.939 0.155 262.827
17.8 22.121 0.156 263.363
17.82 21.808 0.162 263.732
17.84 21.531 0.168 264.127
17.86 21.249 0.172 264.225
17.88 21.083 0.176 264.514
17.9 20.991 0.18 264.925
17.92 20.992 0.182 265.252
17.94 21.06 0.18 265.214
17.96 21.261 0.178 265.413
17.98 21.444 0.176 265.573
18 21.906 0.175 266.346
18.02 22.038 0.174 266.531
18.04 22.054 0.176 266.895
18.06 21.955 0.178 267.055
18.08 21.782 0.18 267.081
18.1 21.728 0.182 267.314
18.12 22.489 0.184 268.969
18.14 22.64 0.185 269.433
18.16 22.659 0.184 269.426
18.18 22.632 0.184 269.462
18.2 22.446 0.185 269.346
18.22 22.051 0.187 268.981
18.24 21.035 0.19 267.596
18.26 20.95 0.192 267.754
18.28 21.007 0.19 267.707
18.3 21.019 0.187 267.456
18.32 21.007 0.185 267.276
18.34 20.863 0.181 266.607
18.36 20.616 0.178 265.861
18.38 20.233 0.177 265.1
18.4 19.893 0.176 264.409
18.42 19.78 0.175 264.147
18.44 19.976 0.174 264.476
18.46 19.948 0.173 264.376
18.48 19.833 0.172 264.108
18.5 19.603 0.181 264.865
18.52 19.394 0.0900001 249.597
18.54 12.589 0.119 240.125
18.56 18.676 0.135 256.916
18.58 18.394 0.145 257.96
18.6 17.778 0.151 257.642
18.62 17.889 0.153 258.233
18.64 18.238 0.151 258.746
18.66 18.611 0.149 259.291
18.68 18.993 0.148 259.982
18.7 19.211 0.147 260.341
18.72 19.601 0.147 261.173
18.74 19.656 0.15 261.795
18.76 19.505 0.155 262.297
18.78 19.455 0.16 262.971
18.8 19.644 0.162 263.688
18.82 20.136 0.162 264.707
18.84 20.163 0.164 265.107
18.86 20.151 0.165 265.297
18.88 19.964 0.166 265.152
18.9 19.734 0.167 264.92
18.92 18.99 0.17 263.926
18.94 18.646 0.172 263.566
18.96 18.593 0.172 263.536
18.98 18.851 0.172 264.136
19 19.067 0.17 264.39
19.02 19.115 0.169 264.434
19.04 19.113 0.166 264.113
19.06 19.121 0.163 263.805
19.08 19.05 0.158 263.058
19.1 18.861 0.156 262.479
19.12 18.502 0.159 262.245
19.14 17.133 0.143 257.154
19.16 17.803 0.133 257.098
19.18 17.96 0.13 257.01
19.2 18.011 0.132 257.516
19.22 18.075 0.135 258.205
19.24 18.347 0.137 259.152
19.26 18.481 0.143 260.426
19.28 18.563 0.147 261.267
19.3 18.623 0.151 262.048
19.32 18.578 0.153 262.319
19.34 18.715 0.154 262.815
19.36 18.711 0.155 263.024
19.38 18.638 0.156 263.092
19.4 18.398 0.157 262.816
19.42 17.945 0.159 262.226
19.44 16.795 0.161 260.081
19.46 16.162 0.163 258.986
19.48 15.577 0.166 258.08
19.5 14.967 0.169 257.056
19.52 14.543 0.171 256.318
19.54 14.734 0.169 256.622
19.56 15.206 0.163 257.088
19.58 15.807 0.154 257.382
19.6 16.318 0.146 257.492
19.62 16.676 0.14 257.47
19.64 16.818 0.136 257.237
19.66 16.899 0.136 257.488
19.68 16.941 0.14 258.275
19.7 16.999 0.143 258.931
19.72 17.131 0.146 259.741
19.74 17.397 0.148 260.686
19.76 18.075 0.148 262.199
19.78 18.291 0.15 263.016
19.8 18.1 0.152 262.982
19.82 17.79 0.155 262.829
19.84 17.513 0.157 262.589
19.86 17.915 0.159 263.8
19.88 18.605 0.16 265.453
19.9 19.309 0.157 266.531
19.92 19.882 0.153 267.156
19.94 20.1 0.148 266.912
19.96 20.631 0.145 267.534
19.98 20.928 0.158 270.083
20 20.928 0.171 271.941
