0.01 0.19 0 0
0.02 0.3 0 0
0.03 0.34 0 0
0.04 0.16 0 0
0.05 0.14 0 0
0.06 0.14 0.004 19.2432
0.07 0.15 0.006 20.9824
0.08 0.15 0.006 21.7759
0.09 0.18 0.006 23.0993
0.1 0.18 0.006 23.7859
0.11 0.17 0.002 22.1083
0.12 0.12 0.001 20.3344
0.13 0.13 0 0
0.14 0.13 0 0
0.15 0.13 0 0
0.16 0.13 0 0
0.17 0.13 0 0
0.18 0.13 0 0
0.19 0.13 0 0
0.2 0.12 0 0
0.21 0.12 0 0
0.22 0.1 0 0
0.23 0.09 0 0
0.24 0.09 0 0
0.25 0.07 0 0
0.26 0.05 0 0
0.27 0.05 0 0
0.28 0.03 0 0
0.29 0.02 0 0
0.3 0.02 0 0
0.31 0.02 0 0
0.32 0.01 0 0
0.33 0.01 0 0
0.34 0.01 0 0
0.35 0.03 0 0
0.36 0.02 0 0
0.37 0.02 0 0
0.38 0.01 0 0
0.39 0.02 0 0
0.4 0.02 0 0
0.41 0.02 0 0
0.42 0.02 0 0
0.43 0.02 0 0
0.44 0.02 0 0
0.45 0.03 0 0
0.46 0.07 0 0
0.47 0.09 0 0
0.48 0.13 0 0
0.49 0.12 0 0
0.5 0.11 0 0
0.51 0.1 0 0
0.52 0.1 0 0
0.53 0.1 0 0
0.54 0.1 0 0
0.55 0.1 0 0
0.56 0.1 0 0
0.57 0.1 0 0
0.58 0.1 0 0
0.59 0.1 0 0
0.6 0.09 0 0
0.61 0.09 0 0
0.62 0.09 0 0
0.63 0.08 0 0
0.64 0.09 0 0
0.65 0.09 0 0
0.66 0.08 0 0
0.67 0.08 0 0
0.68 0.08 0 0
0.69 0.06 0 0
0.7 0.06 0 0
0.71 0.06 0 0
0.72 0.07 0 0
0.73 0.06 0 0
0.74 0.06 0 0
0.75 0.05 0 0
0.76 0.05 0 0
0.77 0.06 0 0
0.78 0.06 0 0
0.79 0.06 0 0
0.8 0.06 0 0
0.81 0.06 0 0
0.82 0.05 0 0
0.83 0.06 0 0
0.84 0.06 0 0
0.85 0.08 0 0
0.86 0.09 0 0
0.87 0.09 0 0
0.88 0.09 0 0
0.89 0.11 0 0
0.9 0.13 0 0
0.91 0.13 0 0
0.92 0.12 0 0
0.93 0.1 0 0
0.94 0.11 0 0
0.95 0.09 0 0
0.96 0.09 0 0
0.97 0.09 0 0
0.98 0.09 0 0
0.99 0.08 0 0
1 0.09 0 0
1.01 0.1 0 0
1.02 0.1 0 0
1.03 0.09 0.001 35.4648
1.04 0.09 0.002 37.6712
1.05 0.09 0.002 37.7716
1.06 0.09 0.002 37.8712
1.07 0.1 0.004 40.8393
1.08 0.15 0.006 44.8961
1.09 0.22 0.008 48.7156
1.1 0.22 0.011 50.1508
1.11 0.44 0.014 56.6804
1.12 0.85 0.017 63.4907
1.13 1.4 0.02 69.3205
1.14 1.92 0.024 73.8357
1.15 2.45 0.03 78.0959
1.16 3.14 0.036 82.372
1.17 4.06 0.043 86.9573
1.18 5.2 0.05 91.466
1.19 6.19 0.057 95.0412
1.2 6.88 0.063 97.5322
1.21 7.39 0.071 99.7566
1.22 7.79 0.078 101.538
1.23 8.06 0.086 103.104
1.24 8.23 0.091 104.136
1.25 8.37 0.096 105.089
1.26 8.45 0.1 105.825
1.27 8.49 0.103 106.391
1.28 8.51 0.113 107.485
1.29 8.57 0.117 108.139
1.3 8.53 0.119 108.452
1.31 8.48 0.12 108.667
1.32 8.35 0.121 108.73
1.33 8.14 0.123 108.707
1.34 7.74 0.128 108.505
1.35 7.61 0.133 108.811
1.36 7.44 0.137 108.949
1.37 7.21 0.138 108.744
1.38 6.93 0.14 108.474
1.39 6.63 0.143 108.193
1.4 6.32 0.144 107.726
1.41 6.02 0.144 107.186
1.42 5.67 0.144 106.475
1.43 5.27 0.143 105.503
1.44 4.96 0.144 104.85
1.45 4.64 0.144 104.048
1.46 4.41 0.144 103.486
1.47 4.23 0.144 103.063
1.48 4.09 0.145 102.817
1.49 3.87 0.095 98.6599
1.5 3.74 0.114 99.8618
1.51 3.74 0.122 100.613
1.52 3.8 0.129 101.499
1.53 3.87 0.131 102.082
1.54 3.85 0.131 102.191
1.55 3.82 0.132 102.324
1.56 3.82 0.136 102.762
1.57 3.98 0.14 103.805
1.58 4.14 0.144 104.826
1.59 4.05 0.148 104.917
1.6 3.93 0.153 104.935
1.61 3.79 0.156 104.739
1.62 3.69 0.155 104.46
1.63 3.68 0.155 104.598
1.64 3.72 0.157 105.051
1.65 3.76 0.16 105.557
1.66 3.84 0.164 106.274
1.67 3.98 0.165 107.056
1.68 4.07 0.163 107.471
1.69 4.05 0.162 107.517
1.7 3.97 0.157 107.104
1.71 3.76 0.152 106.157
1.72 3.59 0.148 105.389
1.73 3.5 0.145 104.994
1.74 3.35 0.14 104.197
1.75 3.16 0.137 103.303
1.76 2.89 0.134 101.956
1.77 2.68 0.132 100.888
1.78 2.48 0.128 99.6679
1.79 2.3 0.122 98.3524
1.8 2.13 0.116 97.0137
1.81 1.98 0.108 95.5769
1.82 1.85 0.099 94.1082
1.83 1.71 0.092 92.6228
1.84 1.66 0.085 91.7615
1.85 1.65 0.078 91.1657
1.86 1.67 0.072 90.8539
1.87 1.68 0.067 90.524
1.88 1.69 0.061 90.0303
1.89 1.68 0.053 89.0386
1.9 1.68 0.048 88.4372
1.91 1.7 0.044 88.0775
1.92 1.73 0.039 87.5449
1.93 1.82 0.035 87.5225
1.94 1.87 0.033 87.5613
1.95 1.86 0.031 87.1643
1.96 1.87 0.028 86.6191
1.97 1.88 0.027 86.5461
1.98 1.93 0.025 86.441
1.99 1.98 0.026 87.1655
2 2.01 0.026 87.4763
2.01 2.03 0.026 87.7226
2.02 1.98 0.027 87.8041
2.03 1.88 0.028 87.5355
2.04 1.75 0.029 87.009
2.05 1.62 0.028 85.913
2.06 1.61 0.028 85.9527
2.07 1.65 0.026 85.8422
2.08 1.7 0.025 86.0464
2.09 1.73 0.025 86.3785
2.1 1.71 0.023 85.7516
2.11 1.7 0.02 84.8006
2.12 1.68 0.018 84.0277
2.13 1.65 0.016 83.1013
2.14 1.62 0.015 82.5456
2.15 1.61 0.014 82.1063
2.16 1.63 0.014 82.3586
2.17 1.61 0.014 82.3179
2.18 1.57 0.015 82.5979
2.19 1.56 0.015 82.627
2.2 1.55 0.017 83.5204
2.21 1.58 0.017 83.8569
2.22 1.61 0.017 84.1899
2.23 1.74 0.015 84.36
2.24 1.89 0.014 84.9875
2.25 2.04 0.012 84.9374
2.26 2.15 0.012 85.6878
2.27 2.19 0.012 86.0211
2.28 2.16 0.012 85.9554
2.29 2.07 0.012 85.5342
2.3 1.95 0.012 84.9046
2.31 1.89 0.011 84.0149
2.32 1.88 0.012 84.6623
2.33 1.84 0.013 85.0661
2.34 1.78 0.015 85.777
2.35 1.7 0.016 85.7713
2.36 1.65 0.017 85.9366
2.37 1.63 0.019 86.6852
2.38 1.66 0.019 87.015
2.39 1.68 0.019 87.2668
2.4 1.76 0.019 87.9554
2.41 1.86 0.017 87.9431
2.42 1.92 0.015 87.5316
2.43 2 0.015 88.1486
2.44 2.04 0.016 88.9778
2.45 2.04 0.016 89.079
2.46 2.02 0.016 89.0535
2.47 2.02 0.009 84.9867
2.48 1.98 0.012 86.8927
2.49 1.94 0.013 87.3142
2.5 1.93 0.013 87.3465
2.51 1.93 0.013 87.4435
2.52 1.9 0.013 87.3429
2.53 1.88 0.014 87.846
2.54 1.88 0.015 88.4486
2.55 1.88 0.015 88.5453
2.56 1.89 0.014 88.2017
2.57 1.9 0.014 88.3645
2.58 1.93 0.013 88.1147
2.59 1.96 0.013 88.4057
2.6 2.01 0.014 89.3714
2.61 2.05 0.014 89.721
2.62 2.08 0.014 90.0046
2.63 2.08 0.014 90.0999
2.64 2.08 0.014 90.195
2.65 2.04 0.015 90.5561
2.66 1.99 0.014 89.8106
2.67 1.96 0.014 89.7079
2.68 1.96 0.014 89.8012
2.69 1.95 0.014 89.828
2.7 1.96 0.014 89.987
2.71 1.94 0.014 89.9466
2.72 1.92 0.014 89.9045
2.73 1.88 0.014 89.7238
2.74 1.88 0.013 89.263
2.75 1.9 0.012 88.8957
2.76 1.93 0.012 89.1864
2.77 1.95 0.012 89.4088
2.78 1.94 0.013 90.0297
2.79 1.94 0.013 90.1196
2.8 1.91 0.015 91.0851
2.81 1.87 0.016 91.3874
2.82 1.81 0.018 91.9457
2.83 1.75 0.018 91.5905
2.84 1.67 0.019 91.4753
2.85 1.66 0.019 91.4856
2.86 1.71 0.017 91.1197
2.87 1.75 0.015 90.5643
2.88 1.93 0.013 90.8509
2.89 2.09 0.013 91.9874
2.9 2.25 0.013 93.0591
2.91 2.35 0.013 93.7333
2.92 2.43 0.014 94.8592
2.93 2.44 0.014 95.0056
2.94 2.41 0.016 95.9868
2.95 2.39 0.016 95.9623
2.96 2.38 0.016 95.9946
2.97 2.4 0.016 96.2005
2.98 2.43 0.016 96.4628
2.99 2.46 0.016 96.7235
3 2.5 0.017 97.5291
3.01 2.51 0.016 97.1841
3.02 2.51 0.016 97.2737
3.03 2.48 0.017 97.6862
3.04 2.47 0.017 97.7189
3.05 2.41 0.017 97.4624
3.06 2.35 0.017 97.1976
3.07 2.29 0.017 96.9241
3.08 2.24 0.018 97.1649
3.09 2.22 0.018 97.127
3.1 2.22 0.018 97.2142
3.11 2.22 0.019 97.74
3.12 2.23 0.019 97.8906
3.13 2.28 0.018 97.8499
3.14 2.31 0.018 98.1212
3.15 2.35 0.019 98.895
3.16 2.37 0.019 99.103
3.17 2.38 0.019 99.2503
3.18 2.38 0.019 99.3372
3.19 2.4 0.019 99.5438
3.2 2.41 0.019 99.6902
3.21 2.39 0.019 99.657
3.22 2.37 0.019 99.6226
3.23 2.33 0.02 99.8898
3.24 2.33 0.02 99.9757
3.25 2.32 0.02 99.9994
3.26 2.32 0.022 100.882
3.27 2.32 0.023 101.342
3.28 2.33 0.023 101.491
3.29 2.35 0.022 101.326
3.3 2.4 0.021 101.327
3.31 2.46 0.02 101.361
3.32 2.57 0.02 102.087
3.33 2.74 0.019 102.68
3.34 2.89 0.019 103.557
3.35 3.01 0.019 104.252
3.36 3.06 0.02 105.034
3.37 3.06 0.021 105.548
3.38 3.01 0.021 105.385
3.39 2.96 0.021 105.218
3.4 2.89 0.021 104.941
3.41 2.81 0.021 104.603
3.42 2.72 0.022 104.603
3.43 2.65 0.023 104.682
3.44 2.59 0.024 104.792
3.45 2.53 0.024 104.524
3.46 2.51 0.024 104.488
3.47 2.55 0.024 104.81
3.48 2.59 0.024 105.13
3.49 2.73 0.023 105.64
3.5 2.93 0.023 106.805
3.51 3.16 0.021 107.245
3.52 3.34 0.022 108.609
3.53 3.5 0.022 109.43
3.54 3.74 0.022 110.567
3.55 4.08 0.022 112.048
3.56 4.46 0.023 114.004
3.57 4.82 0.024 115.785
3.58 5.01 0.026 117.3
3.59 5.21 0.027 118.426
3.6 5.32 0.029 119.584
3.61 5.39 0.03 120.24
3.62 5.43 0.032 121.11
3.63 5.47 0.033 121.642
3.64 5.48 0.034 122.07
3.65 5.52 0.034 122.291
3.66 5.55 0.035 122.775
3.67 5.58 0.035 122.964
3.68 5.58 0.038 123.902
3.69 5.55 0.039 124.167
3.7 5.51 0.039 124.131
3.71 5.47 0.039 124.094
3.72 5.39 0.039 123.924
3.73 5.19 0.04 123.603
3.74 5.06 0.04 123.244
3.75 4.93 0.04 122.874
3.76 4.8 0.04 122.493
3.77 4.66 0.04 122.062
3.78 4.51 0.04 121.578
3.79 4.35 0.04 121.036
3.8 4.19 0.039 120.219
3.81 4.07 0.039 119.805
3.82 3.93 0.039 119.289
3.83 3.8 0.039 118.799
3.84 3.69 0.038 118.128
3.85 3.6 0.038 117.794
3.86 3.51 0.037 117.189
3.87 3.45 0.037 116.983
3.88 3.41 0.036 116.604
3.89 3.39 0.035 116.316
3.9 3.4 0.034 116.168
3.91 3.4 0.033 115.962
3.92 3.45 0.03 115.37
3.93 3.5 0.029 115.366
3.94 3.57 0.029 115.777
3.95 3.69 0.028 116.072
3.96 3.78 0.028 116.557
3.97 3.87 0.027 116.681
3.98 3.86 0.027 116.719
3.99 3.87 0.027 116.844
4 3.93 0.027 117.185
4.01 4.05 0.027 117.775
4.02 4.27 0.026 118.386
4.03 4.44 0.026 119.136
4.04 4.54 0.025 119.211
4.05 4.55 0.026 119.721
4.06 4.55 0.026 119.803
4.07 4.52 0.027 120.147
4.08 4.43 0.028 120.245
4.09 4.34 0.028 119.972
4.1 4.25 0.028 119.691
4.11 4.17 0.028 119.445
4.12 4.09 0.028 119.193
4.13 4.01 0.028 118.935
4.14 3.98 0.029 119.234
4.15 3.96 0.03 119.564
4.16 3.95 0.03 119.6
4.17 3.96 0.03 119.724
4.18 3.97 0.03 119.847
4.19 3.99 0.03 120.013
4.2 4 0.03 120.136
4.21 4.01 0.031 120.588
4.22 4.02 0.031 120.71
4.23 4.01 0.031 120.746
4.24 3.97 0.032 120.971
4.25 3.89 0.033 121.005
4.26 3.7 0.033 120.214
4.27 3.64 0.033 120.01
4.28 3.57 0.032 119.446
4.29 3.54 0.032 119.378
4.3 3.49 0.032 119.211
4.31 3.49 0.031 118.974
4.32 3.52 0.03 118.872
4.33 3.55 0.029 118.759
4.34 3.65 0.029 119.311
4.35 3.77 0.029 119.945
4.36 3.91 0.029 120.654
4.37 4.1 0.029 121.558
4.38 4.29 0.029 122.431
4.39 4.45 0.029 123.157
4.4 4.57 0.03 124.057
4.41 4.67 0.031 124.863
4.42 4.97 0.031 126.067
4.43 5.18 0.03 126.555
4.44 5.49 0.03 127.698
4.45 5.76 0.03 128.665
4.46 6.02 0.027 128.435
4.47 6.21 0.027 129.092
4.48 6.41 0.027 129.763
4.49 6.54 0.028 130.614
4.5 6.57 0.03 131.534
4.51 6.58 0.031 132.003
4.52 6.59 0.034 133.133
4.53 6.54 0.034 133.069
4.54 6.52 0.035 133.413
4.55 6.5 0.036 133.748
4.56 6.5 0.038 134.434
4.57 6.47 0.04 135.001
4.58 6.37 0.041 135.057
4.59 6.29 0.043 135.429
4.6 6.21 0.043 135.262
4.61 6.12 0.044 135.318
4.62 5.99 0.044 134.981
4.63 5.89 0.044 134.735
4.64 5.78 0.045 134.702
4.65 5.69 0.045 134.479
4.66 5.62 0.044 134.068
4.67 5.61 0.044 134.114
4.68 5.67 0.043 134.143
4.69 5.72 0.041 133.861
4.7 5.89 0.041 134.506
4.71 6.26 0.04 135.493
4.72 6.47 0.039 135.932
4.73 6.66 0.039 136.58
4.74 6.82 0.04 137.417
4.75 6.95 0.04 137.872
4.76 7.05 0.04 138.237
4.77 7.1 0.042 139.021
4.78 7.14 0.043 139.488
4.79 7.18 0.043 139.681
4.8 7.2 0.044 140.086
4.81 7.21 0.045 140.457
4.82 7.22 0.046 140.824
4.83 7.22 0.046 140.905
4.84 7.22 0.047 141.238
4.85 7.22 0.048 141.567
4.86 7.2 0.048 141.592
4.87 7.16 0.048 141.559
4.88 7.1 0.049 141.711
4.89 7.03 0.049 141.59
4.9 6.94 0.049 141.407
4.91 6.87 0.049 141.281
4.92 6.83 0.049 141.242
4.93 6.71 0.049 140.962
4.94 6.65 0.048 140.618
4.95 6.59 0.048 140.513
4.96 6.56 0.048 140.5
4.97 6.55 0.047 140.301
4.98 6.56 0.047 140.411
4.99 6.58 0.046 140.299
5 6.65 0.045 140.335
5.01 6.73 0.045 140.655
5.02 6.77 0.045 140.853
5.03 6.77 0.045 140.931
5.04 6.73 0.045 140.888
5.05 6.7 0.045 140.875
5.06 6.53 0.046 140.689
5.07 6.45 0.046 140.517
5.08 6.35 0.047 140.529
5.09 6.23 0.047 140.22
5.1 6.1 0.047 139.871
5.11 5.97 0.047 139.514
5.12 5.82 0.047 139.079
5.13 5.64 0.046 138.279
5.14 5.45 0.046 137.673
5.15 5.26 0.045 136.795
5.16 5.08 0.044 135.93
5.17 4.74 0.044 134.653
5.18 4.56 0.043 133.72
5.19 4.43 0.044 133.491
5.2 4.27 0.044 132.857
5.21 4.1 0.044 132.152
5.22 3.95 0.045 131.761
5.23 3.78 0.044 130.754
5.24 3.64 0.043 129.866
5.25 3.52 0.042 129.056
5.26 3.39 0.04 127.906
5.27 3.25 0.038 126.657
5.28 3.11 0.035 125.064
5.29 2.99 0.033 123.816
5.3 3.16 0.029 123.536
5.31 3.33 0.024 122.591
5.32 3.63 0.021 122.816
5.33 3.94 0.019 123.308
5.34 4.19 0.019 124.47
5.35 4.31 0.019 125.042
5.36 4.39 0.022 126.978
5.37 4.44 0.023 127.723
5.38 4.41 0.025 128.553
5.39 4.38 0.026 128.913
5.4 4.34 0.028 129.606
5.41 4.34 0.029 130.052
5.42 4.3 0.03 130.312
5.43 4.25 0.031 130.515
5.44 4.19 0.031 130.315
5.45 4.14 0.016 123.188
5.46 4.09 0.023 126.806
5.47 4.06 0.03 129.569
5.48 4 0.03 129.358
5.49 3.9 0.031 129.304
5.5 3.79 0.033 129.51
5.51 3.65 0.034 129.195
5.52 3.53 0.033 128.321
5.53 3.42 0.033 127.801
5.54 3.31 0.033 127.265
5.55 3.24 0.032 126.613
5.56 3.13 0.032 126.048
5.57 3.04 0.032 125.582
5.58 3.08 0.026 123.725
5.59 3.12 0.021 121.833
5.6 3.29 0.018 121.263
5.61 3.5 0.019 122.961
5.62 3.44 0.019 122.716
5.63 3.37 0.021 123.437
5.64 3.31 0.023 124.115
5.65 3.24 0.025 124.656
5.66 3.27 0.025 124.883
5.67 3.3 0.024 124.685
5.68 3.47 0.022 124.745
5.69 3.7 0.021 125.478
5.7 3.87 0.022 126.844
5.71 3.98 0.023 127.891
5.72 4.04 0.024 128.685
5.73 4.09 0.025 129.414
5.74 4.15 0.025 129.749
5.75 4.19 0.025 129.991
5.76 4.17 0.025 129.964
5.77 4.14 0.026 130.316
5.78 4.14 0.029 131.569
5.79 4.08 0.031 132.087
5.8 3.98 0.033 132.365
5.81 3.75 0.036 132.252
5.82 3.61 0.038 132.186
5.83 3.45 0.039 131.673
5.84 3.28 0.042 131.589
5.85 3.09 0.046 131.517
5.86 2.89 0.047 130.551
5.87 2.72 0.047 129.478
5.88 2.57 0.047 128.485
5.89 2.54 0.047 128.329
5.9 2.55 0.047 128.462
5.91 2.56 0.047 128.595
5.92 2.6 0.045 128.477
5.93 2.7 0.039 127.709
5.94 2.82 0.033 126.796
5.95 3.07 0.028 126.673
5.96 3.5 0.028 129.147
5.97 3.86 0.028 131.042
5.98 4.03 0.029 132.305
5.99 4.08 0.029 132.602
6 4.01 0.03 132.707
6.01 4.01 0.029 132.394
6.02 4.01 0.029 132.455
6.03 4.19 0.028 132.968
6.04 4.38 0.028 133.882
6.05 4.53 0.029 134.988
6.06 4.63 0.03 135.858
6.07 4.69 0.034 137.598
6.08 4.71 0.037 138.718
6.09 4.6 0.04 139.21
6.1 4.41 0.042 138.993
6.11 4.18 0.043 138.258
6.12 3.93 0.042 136.83
6.13 3.88 0.04 136.086
6.14 3.88 0.04 136.148
6.15 3.88 0.04 136.21
6.16 3.91 0.035 134.915
6.17 3.89 0.036 135.193
6.18 3.75 0.035 134.227
6.19 3.54 0.033 132.527
6.2 3.58 0.026 130.193
6.21 3.63 0.023 129.187
6.22 3.89 0.022 130.057
6.23 4.08 0.023 131.497
6.24 4.22 0.025 133.117
6.25 4.31 0.026 134.018
6.26 4.41 0.028 135.353
6.27 4.44 0.03 136.326
6.28 4.52 0.03 136.737
6.29 4.62 0.031 137.604
6.3 4.74 0.03 137.798
6.31 4.95 0.029 138.331
6.32 5.19 0.029 139.339
6.33 5.38 0.03 140.52
6.34 5.52 0.031 141.488
6.35 5.58 0.032 142.145
6.36 5.57 0.036 143.571
6.37 5.57 0.036 143.634
6.38 5.5 0.038 144.081
6.39 5.46 0.038 143.993
6.4 5.56 0.038 144.432
6.41 5.66 0.036 144.216
6.42 5.88 0.036 145.073
6.43 6.2 0.036 146.248
6.44 6.53 0.038 148.072
6.45 6.86 0.039 149.514
6.46 7.15 0.04 150.79
6.47 7.31 0.041 151.648
6.48 7.39 0.042 152.256
6.49 7.47 0.043 152.857
6.5 7.57 0.044 153.509
6.51 7.58 0.045 153.891
6.52 7.59 0.045 153.986
6.53 7.6 0.047 154.639
6.54 7.66 0.048 155.152
6.55 7.76 0.05 156.037
6.56 7.87 0.051 156.678
6.57 7.95 0.048 156.183
6.58 8.04 0.045 155.664
6.59 8.07 0.044 155.522
6.6 8.08 0.044 155.616
6.61 8.05 0.044 155.598
6.62 8 0.046 156.1
6.63 7.92 0.047 156.219
6.64 7.83 0.049 156.569
6.65 7.8 0.05 156.812
6.66 7.85 0.051 157.28
6.67 7.9 0.052 157.745
6.68 7.99 0.053 158.319
6.69 8.06 0.053 158.584
6.7 8.14 0.053 158.875
6.71 8.17 0.053 159.025
6.72 8.14 0.053 159.007
6.73 8.19 0.055 159.704
6.74 8.24 0.055 159.91
6.75 8.28 0.056 160.328
6.76 8.3 0.057 160.686
6.77 8.33 0.058 161.069
6.78 8.34 0.058 161.163
6.79 8.35 0.058 161.257
6.8 8.42 0.059 161.747
6.81 8.47 0.059 161.951
6.82 8.48 0.06 162.271
6.83 8.44 0.06 162.227
6.84 8.41 0.061 162.433
6.85 8.37 0.061 162.387
6.86 8.35 0.062 162.617
6.87 8.32 0.063 162.815
6.88 8.26 0.063 162.711
6.89 8.2 0.063 162.606
6.9 8.07 0.063 162.298
6.91 7.95 0.062 161.798
6.92 7.64 0.063 161.153
6.93 7.44 0.062 160.389
6.94 7.27 0.062 159.92
6.95 7.11 0.061 159.257
6.96 6.97 0.059 158.425
6.97 6.89 0.057 157.772
6.98 6.89 0.055 157.366
6.99 6.9 0.052 156.729
7 6.97 0.051 156.765
7.01 7.09 0.049 156.691
7.02 7.25 0.047 156.714
7.03 7.5 0.046 157.261
7.04 8 0.046 158.792
7.05 8.21 0.046 159.449
7.06 8.41 0.046 160.065
7.07 8.59 0.046 160.618
7.08 8.72 0.046 161.029
7.09 8.83 0.047 161.672
7.1 8.92 0.048 162.256
7.11 8.98 0.048 162.476
7.12 9.02 0.049 162.923
7.13 9.08 0.05 163.416
7.14 9.1 0.05 163.532
7.15 9.08 0.051 163.813
7.16 9.06 0.051 163.825
7.17 9.04 0.051 163.836
7.18 9.02 0.052 164.112
7.19 9.01 0.052 164.15
7.2 8.99 0.052 164.161
7.21 8.99 0.052 164.224
7.22 8.96 0.053 164.469
7.23 8.92 0.053 164.426
7.24 8.87 0.054 164.612
7.25 8.85 0.055 164.873
7.26 8.86 0.055 164.963
7.27 8.85 0.056 165.247
7.28 8.85 0.056 165.31
7.29 8.85 0.057 165.617
7.3 8.84 0.058 165.893
7.31 8.83 0.058 165.929
7.32 8.79 0.059 166.12
7.33 8.79 0.059 166.183
7.34 8.74 0.06 166.342
7.35 8.71 0.061 166.551
7.36 8.67 0.063 166.951
7.37 8.64 0.064 167.15
7.38 8.57 0.064 167.017
7.39 8.51 0.065 167.126
7.4 8.42 0.066 167.146
7.41 8.32 0.066 166.921
7.42 8.05 0.066 166.192
7.43 7.9 0.066 165.805
7.44 7.77 0.049 161.421
7.45 7.64 0.052 161.888
7.46 7.55 0.053 161.929
7.47 7.47 0.053 161.741
7.48 7.41 0.053 161.613
7.49 7.34 0.053 161.452
7.5 7.27 0.053 161.289
7.51 7.1 0.053 160.8
7.52 6.98 0.053 160.465
7.53 6.96 0.053 160.458
7.54 6.98 0.051 160.071
7.55 7.01 0.051 160.229
7.56 7.03 0.05 160.089
7.57 7.16 0.05 160.571
7.58 7.26 0.049 160.681
7.59 7.38 0.049 161.12
7.6 7.46 0.05 161.701
7.61 7.49 0.051 162.121
7.62 7.53 0.052 162.567
7.63 7.59 0.053 163.07
7.64 7.64 0.053 163.284
7.65 7.66 0.053 163.405
7.66 7.67 0.054 163.749
7.67 7.67 0.054 163.809
7.68 7.69 0.055 164.18
7.69 7.7 0.055 164.27
7.7 7.73 0.055 164.421
7.71 7.8 0.056 164.941
7.72 7.8 0.056 165.001
7.73 7.79 0.056 165.03
7.74 7.77 0.055 164.781
7.75 7.77 0.055 164.84
7.76 7.75 0.055 164.838
7.77 7.75 0.054 164.645
7.78 7.73 0.055 164.895
7.79 7.69 0.055 164.83
7.8 7.64 0.055 164.734
7.81 7.58 0.055 164.606
7.82 7.53 0.056 164.754
7.83 7.51 0.055 164.503
7.84 7.48 0.055 164.467
7.85 7.31 0.055 163.981
7.86 7.16 0.055 163.55
7.87 7.02 0.055 163.143
7.88 6.88 0.055 162.728
7.89 6.75 0.055 162.339
7.9 6.6 0.055 161.872
7.91 6.59 0.055 161.893
7.92 6.63 0.055 162.091
7.93 6.66 0.052 161.498
7.94 6.78 0.05 161.443
7.95 6.94 0.049 161.771
7.96 7.07 0.049 162.26
7.97 7.47 0.049 163.608
7.98 7.72 0.05 164.72
7.99 7.95 0.051 165.748
8 8.14 0.052 166.64
8.01 8.24 0.053 167.256
8.02 8.29 0.054 167.72
8.03 8.27 0.054 167.72
8.04 8.21 0.054 167.602
8.05 8.1 0.055 167.59
8.06 8.03 0.056 167.69
8.07 8.02 0.057 167.965
8.08 8.05 0.056 167.866
8.09 8.08 0.056 168.013
8.1 8.17 0.055 168.087
8.11 8.24 0.055 168.352
8.12 8.29 0.055 168.556
8.13 8.31 0.055 168.672
8.14 8.32 0.055 168.759
8.15 8.31 0.056 169.041
8.16 8.33 0.057 169.406
8.17 8.34 0.057 169.493
8.18 8.29 0.057 169.404
8.19 8.24 0.057 169.314
8.2 8.18 0.057 169.193
8.21 8.09 0.057 168.981
8.22 7.97 0.057 168.675
8.23 7.85 0.056 168.116
8.24 7.7 0.055 167.455
8.25 7.57 0.054 166.846
8.26 7.37 0.053 166.002
8.27 7.29 0.052 165.535
8.28 7.21 0.05 164.789
8.29 7.14 0.049 164.336
8.3 7.08 0.048 163.91
8.31 6.98 0.047 163.343
8.32 6.86 0.045 162.402
8.33 6.79 0.042 161.288
8.34 6.66 0.04 160.241
8.35 6.54 0.038 159.194
8.36 6.44 0.037 158.542
8.37 6.39 0.037 158.417
8.38 6.11 0.035 156.724
8.39 5.99 0.033 155.566
8.4 5.91 0.03 154.089
8.41 5.75 0.028 152.654
8.42 5.6 0.026 151.189
8.43 5.43 0.022 148.49
8.44 5.27 0.02 146.733
8.45 5.27 0.016 144.081
8.46 5.32 0.014 142.73
8.47 5.36 0.013 142.053
8.48 5.46 0.013 142.478
8.49 5.56 0.013 142.898
8.5 5.64 0.013 143.239
8.51 5.62 0.012 142.262
8.52 5.58 0.011 141.136
8.53 5.58 0.01 140.067
8.54 5.59 0.01 140.149
8.55 5.7 0.009 139.362
8.56 5.76 0.009 139.617
8.57 5.84 0.009 139.94
8.58 5.99 0.009 140.498
8.59 6.28 0.009 141.503
8.6 6.44 0.009 142.063
8.61 6.57 0.01 143.773
8.62 6.74 0.011 145.499
8.63 6.79 0.012 146.759
8.64 6.81 0.014 148.765
8.65 6.81 0.015 149.669
8.66 6.81 0.017 151.284
8.67 6.82 0.018 152.087
8.68 6.86 0.019 152.95
8.69 6.97 0.02 154.006
8.7 7.08 0.022 155.632
8.71 7.19 0.023 156.606
8.72 7.28 0.024 157.493
8.73 7.38 0.024 157.853
8.74 7.47 0.025 158.717
8.75 7.58 0.025 159.103
8.76 7.71 0.025 159.543
8.77 7.83 0.025 159.949
8.78 7.88 0.026 160.67
8.79 7.99 0.027 161.549
8.8 8.18 0.028 162.639
8.81 8.78 0.028 164.357
8.82 9.14 0.028 165.363
8.83 9.59 0.029 167.051
8.84 10.07 0.03 168.758
8.85 10.35 0.03 169.479
8.86 10.55 0.032 170.915
8.87 10.91 0.033 172.238
8.88 11.21 0.035 173.815
8.89 11.54 0.037 175.406
8.9 11.83 0.04 177.235
8.91 12.27 0.043 179.301
8.92 12.37 0.047 180.9
8.93 12.56 0.049 181.984
8.94 12.76 0.053 183.65
8.95 12.98 0.058 185.547
8.96 13.15 0.062 186.987
8.97 13.35 0.065 188.191
8.98 13.56 0.069 189.612
8.99 14.16 0.072 191.534
9 14.56 0.075 193.018
9.01 14.91 0.084 195.574
9.02 15.15 0.089 197.031
9.03 15.4 0.094 198.457
9.04 15.64 0.099 199.82
9.05 15.92 0.103 201.055
9.06 16.24 0.108 202.491
9.07 16.5 0.113 203.782
9.08 16.9 0.121 205.716
9.09 17.14 0.125 206.756
9.1 17.38 0.127 207.508
9.11 17.77 0.13 208.641
9.12 18.07 0.134 209.736
9.13 18.45 0.139 211.072
9.14 19.4 0.144 213.295
9.15 19.99 0.152 215.248
9.16 20.51 0.157 216.694
9.17 21.03 0.162 218.111
9.18 21.54 0.166 219.376
9.19 21.97 0.171 220.612
9.2 22.41 0.174 221.63
9.21 22.7 0.18 222.735
9.22 23.24 0.193 224.859
9.23 23.5 0.197 225.672
9.24 23.53 0.202 226.253
9.25 23.53 0.205 226.598
9.26 23.54 0.208 226.954
9.27 23.54 0.215 227.649
9.28 23.62 0.216 227.916
9.29 23.72 0.218 228.298
9.3 23.91 0.218 228.629
9.31 24.08 0.219 229.018
9.32 24.19 0.22 229.324
9.33 24.32 0.219 229.482
9.34 24.4 0.221 229.833
9.35 24.38 0.223 230.046
9.36 24.2 0.222 229.783
9.37 24.05 0.223 229.732
9.38 23.84 0.224 229.595
9.39 23.64 0.224 229.385
9.4 23.06 0.223 228.548
9.41 22.8 0.221 228.072
9.42 22.55 0.221 227.777
9.43 22.39 0.218 227.352
9.44 22.29 0.215 227.011
9.45 22.22 0.211 226.621
9.46 22.15 0.208 226.314
9.47 22.13 0.206 226.17
9.48 22.06 0.204 225.949
9.49 22.11 0.202 225.904
9.5 21.95 0.197 225.264
9.51 21.97 0.197 225.359
9.52 21.85 0.196 225.152
9.53 21.81 0.195 225.062
9.54 21.75 0.195 225.039
9.55 21.73 0.194 224.978
9.56 21.73 0.18 223.646
9.57 21.76 0.166 222.253
9.58 21.79 0.163 222.024
9.59 21.75 0.164 222.143
9.6 21.76 0.164 222.222
9.61 21.66 0.165 222.251
9.62 21.36 0.168 222.202
9.63 20.97 0.169 221.787
9.64 20.92 0.17 221.884
9.65 20.88 0.172 222.103
9.66 20.87 0.172 222.151
9.67 20.86 0.173 222.307
9.68 20.85 0.174 222.462
9.69 20.84 0.174 222.511
9.7 20.87 0.175 222.727
9.71 20.89 0.176 222.927
9.72 20.85 0.178 223.139
9.73 20.82 0.179 223.26
9.74 20.89 0.179 223.432
9.75 20.87 0.179 223.465
9.76 20.86 0.18 223.617
9.77 20.79 0.182 223.778
9.78 20.7 0.182 223.702
9.79 20.61 0.183 223.727
9.8 20.57 0.183 223.728
9.81 20.46 0.183 223.619
9.82 20.45 0.184 223.768
9.83 20.21 0.184 223.451
9.84 20.11 0.184 223.354
9.85 20.09 0.184 223.386
9.86 19.93 0.184 223.191
9.87 19.91 0.183 223.121
9.88 19.76 0.182 222.839
9.89 19.72 0.181 222.735
9.9 19.73 0.181 222.814
9.91 19.63 0.181 222.713
9.92 19.61 0.181 222.743
9.93 19.56 0.18 222.621
9.94 19.58 0.18 222.716
9.95 19.5 0.18 222.647
9.96 19.53 0.179 222.655
9.97 19.46 0.179 222.602
9.98 19.39 0.179 222.549
9.99 19.32 0.178 222.391
10 19.24 0.178 222.32
10.01 19.26 0.178 222.415
10.02 19.18 0.178 222.343
10.03 19.15 0.178 222.355
10.04 19.18 0.177 222.362
10.05 19.15 0.176 222.269
10.06 19.12 0.175 222.175
10.07 19.14 0.175 222.27
10.08 19.12 0.175 222.298
10.09 19.02 0.175 222.191
10.1 19.01 0.175 222.235
10.11 19 0.175 222.28
10.12 19 0.175 222.341
10.13 19.03 0.175 222.452
10.14 18.98 0.175 222.429
10.15 18.94 0.175 222.423
10.16 18.86 0.175 222.348
10.17 18.85 0.175 222.392
10.18 18.75 0.175 222.282
10.19 18.72 0.175 222.292
10.2 18.65 0.176 222.338
10.21 18.52 0.175 222.069
10.22 18.46 0.175 222.026
10.23 18.4 0.174 221.876
10.24 18.31 0.173 221.673
10.25 18.25 0.173 221.629
10.26 18.2 0.173 221.601
10.27 18.12 0.173 221.521
10.28 18.04 0.172 221.333
10.29 17.94 0.171 221.108
10.3 17.85 0.171 221.008
10.31 17.77 0.169 220.708
10.32 17.72 0.169 220.678
10.33 17.58 0.167 220.268
10.34 17.54 0.167 220.255
10.35 17.49 0.166 220.113
10.36 17.44 0.166 220.081
10.37 17.42 0.165 219.994
10.38 17.42 0.165 220.052
10.39 17.42 0.165 220.111
10.4 17.45 0.164 220.113
10.41 17.46 0.163 220.078
10.42 17.45 0.154 219.081
10.43 17.44 0.144 217.901
10.44 17.48 0.143 217.905
10.45 17.45 0.143 217.909
10.46 17.46 0.144 218.111
10.47 17.47 0.145 218.313
10.48 17.45 0.146 218.46
10.49 17.06 0.149 218.176
10.5 17.03 0.15 218.3
10.51 17.06 0.151 218.534
10.52 17.09 0.153 218.887
10.53 17.03 0.154 218.952
10.54 16.96 0.155 218.998
10.55 16.88 0.155 218.907
10.56 16.81 0.156 218.951
10.57 16.72 0.158 219.071
10.58 16.65 0.158 218.996
10.59 16.52 0.158 218.807
10.6 16.44 0.159 218.826
10.61 16.38 0.159 218.768
10.62 16.3 0.158 218.556
10.63 16.24 0.158 218.498
10.64 16.08 0.158 218.243
10.65 15.94 0.158 218.026
10.66 15.79 0.158 217.786
10.67 15.66 0.157 217.469
10.68 15.54 0.158 217.399
10.69 15.39 0.157 217.038
10.7 15.25 0.157 216.808
10.71 15.17 0.157 216.701
10.72 14.92 0.156 216.124
10.73 14.72 0.154 215.529
10.74 14.58 0.153 215.171
10.75 14.35 0.151 214.5
10.76 14.1 0.148 213.656
10.77 13.88 0.146 212.986
10.78 13.6 0.143 212.051
10.79 13.5 0.14 211.506
10.8 13.51 0.133 210.682
10.81 13.52 0.13 210.359
10.82 13.66 0.129 210.591
10.83 13.87 0.127 210.834
10.84 14.12 0.126 211.292
10.85 14.38 0.124 211.62
10.86 14.67 0.125 212.426
10.87 15.12 0.126 213.548
10.88 15.29 0.129 214.366
10.89 15.37 0.13 214.72
10.9 15.38 0.133 215.203
10.91 15.33 0.135 215.424
10.92 15.12 0.136 215.184
10.93 15.01 0.138 215.274
10.94 14.85 0.138 214.996
10.95 14.71 0.138 214.758
10.96 14.55 0.138 214.474
10.97 14.43 0.138 214.273
10.98 14.39 0.137 214.112
10.99 14.42 0.137 214.231
11 14.45 0.133 213.821
11.01 14.89 0.129 214.256
11.02 15.08 0.125 214.14
11.03 15.2 0.117 213.261
11.04 15.34 0.109 212.342
11.05 15.35 0.102 211.246
11.06 15.53 0.098 210.95
11.07 15.59 0.096 210.759
11.08 15.54 0.096 210.714
11.09 15.49 0.096 210.669
11.1 15.31 0.096 210.368
11.11 15.12 0.094 209.675
11.12 14.84 0.094 209.163
11.13 14.6 0.095 208.909
11.14 14.39 0.096 208.707
11.15 14.01 0.099 208.489
11.16 13.82 0.104 208.987
11.17 13.63 0.105 208.789
11.18 13.41 0.105 208.352
11.19 13.21 0.106 208.117
11.2 12.93 0.106 207.528
11.21 12.58 0.108 207.082
11.22 12.15 0.11 206.414
11.23 11.16 0.112 204.259
11.24 10.58 0.116 203.339
11.25 9.95 0.12 202.168
11.26 9.32 0.124 200.87
11.27 8.61 0.128 199.165
11.28 7.87 0.126 196.395
11.29 7.16 0.125 193.659
11.3 6.39 0.121 190.044
11.31 5.59 0.114 185.542
11.32 4.95 0.109 181.687
11.33 4.73 0.101 179.404
11.34 4.93 0.095 179.604
11.35 5.14 0.088 179.583
11.36 5.84 0.079 181.326
11.37 6.61 0.057 179.687
11.38 7.08 0.05 179.55
11.39 7.01 0.047 178.416
11.4 6.68 0.048 177.535
11.41 6.22 0.045 174.822
11.42 5.17 0.045 170.27
11.43 4.69 0.045 167.939
11.44 4.2 0.045 165.331
11.45 3.74 0.046 162.93
11.46 3.31 0.047 160.415
11.47 2.98 0.051 159.123
11.48 2.47 0.056 156.127
11.49 2.54 0.054 156.321
11.5 2.34 0.053 154.283
11.51 2.12 0.048 150.893
11.52 1.92 0.048 148.791
11.53 1.74 0.046 146.213
11.54 1.37 0.042 140.234
11.55 1.25 0.039 137.577
11.56 1.06 0.034 132.857
11.57 0.95 0.03 129.453
11.58 0.89 0.027 127.154
11.59 0.88 0.026 126.58
11.6 0.85 0.024 125.143
11.61 0.82 0.021 123.151
11.62 0.82 0.013 118.363
11.63 0.81 0.009 114.621
11.64 0.81 0.007 112.276
11.65 0.8 0.007 112.102
11.66 0.8 0.007 112.129
11.67 0.81 0.007 112.356
11.68 0.82 0.008 113.84
11.69 0.83 0.008 114.066
11.7 0.89 0.009 116.38
11.71 0.98 0.009 118.034
11.72 1.06 0.01 120.455
11.73 1.11 0.01 121.286
11.74 1.14 0.013 124.469
11.75 1.22 0.016 127.911
11.76 1.28 0.017 129.48
11.77 1.34 0.018 130.989
11.78 1.4 0.02 133.01
11.79 1.5 0.02 134.37
11.8 1.63 0.02 136.02
11.81 1.71 0.019 136.41
11.82 1.85 0.02 138.587
11.83 2.15 0.022 142.78
11.84 2.28 0.021 143.47
11.85 2.23 0.02 142.467
11.86 2.04 0.019 140.085
11.87 1.84 0.02 138.642
11.88 1.65 0.018 135.323
11.89 1.46 0.018 132.991
11.9 1.29 0.019 131.261
11.91 1.11 0.019 128.481
11.92 0.98 0.023 128.249
11.93 1.04 0.023 129.382
11.94 1.09 0.022 129.809
11.95 1.31 0.019 131.706
11.96 1.69 0.018 136.045
11.97 2.31 0.018 142.34
11.98 2.87 0.018 146.893
11.99 3.07 0.018 148.36
12 2.97 0.014 144.632
12.01 2.53 0.014 141.364
12.02 2.16 0.01 134.398
12.03 1.81 0.01 131.05
12.04 1.47 0.011 128.224
12.05 1.22 0.011 124.857
12.06 1.02 0.011 121.707
12.07 0.94 0.012 121.186
12.08 0.9 0.012 120.457
12.09 0.88 0.011 119.229
12.1 0.88 0.011 119.256
12.11 0.87 0.009 117.116
12.12 0.85 0.006 112.878
12.13 0.84 0.006 112.712
12.14 0.85 0.004 109.184
12.15 0.83 0.004 108.835
12.16 0.82 0.004 108.67
12.17 0.79 0.004 108.113
12.18 0.77 0.004 107.739
12.19 0.78 0.004 107.964
12.2 0.78 0.004 107.989
12.21 0.8 0.004 108.408
12.22 0.8 0.004 108.433
12.23 0.79 0.004 108.261
12.24 0.79 0.004 108.286
12.25 0.78 0.004 108.112
12.26 0.78 0.004 108.136
12.27 0.78 0.004 108.161
12.28 0.77 0.004 107.984
12.29 0.75 0.004 107.6
12.3 0.75 0.004 107.625
12.31 0.75 0.004 107.649
12.32 0.75 0.004 107.673
12.33 0.75 0.004 107.698
12.34 0.75 0.004 107.722
12.35 0.75 0.004 107.746
12.36 0.75 0.005 109.79
12.37 0.75 0.005 109.815
12.38 0.74 0.005 109.627
12.39 0.74 0.005 109.652
12.4 0.74 0.005 109.676
12.41 0.73 0.004 107.472
12.42 0.73 0.004 107.496
12.43 0.73 0.005 109.535
12.44 0.72 0.005 109.342
12.45 0.75 0.008 114.399
12.46 0.78 0.008 115.072
12.47 0.85 0.008 116.531
12.48 0.88 0.008 117.141
12.49 0.9 0.008 117.547
12.5 0.9 0.008 117.573
12.51 0.83 0.008 116.236
12.52 0.75 0.008 114.577
12.53 0.7 0.009 114.587
12.54 0.69 0.009 114.375
12.55 0.69 0.009 114.401
12.56 0.68 0.009 114.186
12.57 0.68 0.01 115.216
12.58 0.68 0.009 114.236
12.59 0.67 0.009 114.018
12.6 0.68 0.007 111.922
12.61 0.66 0.005 108.389
12.62 0.66 0.005 108.413
12.63 0.66 0.005 108.437
12.64 0.66 0.005 108.461
12.65 0.66 0.005 108.484
12.66 0.65 0.005 108.27
12.67 0.66 0.005 108.532
12.68 0.66 0.008 112.885
12.69 0.68 0.009 114.513
12.7 0.73 0.009 115.714
12.71 0.81 0.01 118.52
12.72 0.94 0.01 121.114
12.73 1.02 0.011 123.55
12.74 0.97 0.011 122.686
12.75 0.91 0.011 121.589
12.76 0.89 0.015 124.396
12.77 0.96 0.022 129.86
12.78 1.03 0.028 133.871
12.79 1.03 0.035 136.409
12.8 1.27 0.037 141.268
12.81 1.61 0.039 146.851
12.82 1.95 0.039 150.991
12.83 2.15 0.04 153.486
12.84 2.28 0.045 156.347
12.85 2.29 0.051 158.117
12.86 2.16 0.052 157.08
12.87 1.86 0.052 153.767
12.88 1.61 0.052 150.636
12.89 1.29 0.052 145.937
12.9 1.05 0.048 140.764
12.91 0.91 0.043 136.666
12.92 0.79 0.041 133.411
12.93 0.76 0.035 130.962
12.94 0.75 0.03 129.075
12.95 0.74 0.028 128.116
12.96 0.74 0.023 126.063
12.97 0.74 0.016 122.34
12.98 0.72 0.011 118.143
12.99 0.68 0.008 114.135
13 0.65 0.006 110.738
13.01 0.62 0.005 108.354
13.02 0.59 0.006 109.251
13.03 0.57 0.006 108.733
13.04 0.53 0.006 107.622
13.05 0.53 0.009 111.339
13.06 0.59 0.009 113.096
13.07 0.64 0.009 114.453
13.08 0.89 0.008 118.873
13.09 1.19 0.008 123.978
13.1 1.4 0.009 128.19
13.11 1.54 0.01 131.134
13.12 1.61 0.014 135.751
13.13 1.61 0.022 140.983
13.14 1.86 0.027 146.449
13.15 1.86 0.035 149.677
13.16 1.85 0.04 151.264
13.17 1.57 0.04 147.762
13.18 1.57 0.039 147.482
13.19 1.43 0.038 145.229
13.2 1.09 0.036 139.063
13.21 0.94 0.034 135.512
13.22 0.68 0.032 128.715
13.23 0.69 0.03 128.322
13.24 0.7 0.028 127.879
13.25 1.11 0.026 135.846
13.26 1.59 0.026 143.091
13.27 2.41 0.026 151.954
13.28 3.68 0.026 161.538
13.29 5.49 0.027 171.69
13.3 7.81 0.028 181.215
13.31 9.96 0.029 188.261
13.32 11.5 0.038 196.611
13.33 12.64 0.04 200.2
13.34 14.28 0.043 205.02
13.35 14.82 0.049 208.415
13.36 15.12 0.052 210.097
13.37 15.46 0.054 211.477
13.38 15.45 0.064 214.512
13.39 15.72 0.069 216.443
13.4 15.78 0.075 218.115
13.41 15.79 0.082 219.806
13.42 15.73 0.089 221.234
13.43 15.78 0.094 222.39
13.44 15.53 0.101 223.255
13.45 15.47 0.106 224.076
13.46 15.38 0.11 224.625
13.47 15.29 0.113 224.985
13.48 15.26 0.116 225.458
13.49 15.26 0.115 225.342
13.5 15.3 0.114 225.31
13.51 15.35 0.11 224.793
13.52 15.42 0.111 225.156
13.53 15.54 0.112 225.623
13.54 15.71 0.115 226.52
13.55 16.03 0.116 227.389
13.56 16.12 0.117 227.782
13.57 16 0.117 227.584
13.58 16.04 0.118 227.874
13.59 16.08 0.118 228.002
13.6 16.1 0.12 228.409
13.61 16.23 0.121 228.878
13.62 16.36 0.121 229.188
13.63 16.59 0.12 229.537
13.64 16.8 0.118 229.679
13.65 17.02 0.115 229.664
13.66 17.25 0.112 229.65
13.67 17.54 0.111 230.077
13.68 17.8 0.112 230.784
13.69 18.39 0.112 231.917
13.7 18.57 0.115 232.801
13.71 18.66 0.123 234.318
13.72 18.65 0.126 234.818
13.73 18.61 0.128 235.101
13.74 18.55 0.128 235.039
13.75 18.41 0.129 234.982
13.76 18.28 0.132 235.239
13.77 17.79 0.138 235.237
13.78 17.52 0.139 234.907
13.79 17.21 0.141 234.63
13.8 16.98 0.141 234.223
13.81 16.71 0.141 233.73
13.82 16.5 0.141 233.352
13.83 16.33 0.141 233.051
13.84 15.93 0.141 232.267
13.85 15.71 0.14 231.712
13.86 15.5 0.14 231.31
13.87 15.26 0.14 230.837
13.88 15.11 0.139 230.417
13.89 14.88 0.139 229.955
13.9 14.69 0.139 229.576
13.91 14.44 0.139 229.055
13.92 14.3 0.137 228.504
13.93 14.16 0.136 228.087
13.94 14.1 0.135 227.853
13.95 14.02 0.134 227.571
13.96 13.95 0.133 227.31
13.97 13.87 0.131 226.881
13.98 13.84 0.131 226.856
13.99 13.69 0.13 226.4
14 13.65 0.127 225.911
14.01 13.67 0.126 225.855
14.02 13.69 0.125 225.797
14.03 13.79 0.125 226.079
14.04 13.88 0.124 226.184
14.05 14.08 0.124 226.696
14.06 14.46 0.124 227.612
14.07 14.68 0.124 228.152
14.08 14.84 0.125 228.707
14.09 14.96 0.126 229.169
14.1 15.02 0.127 229.497
14.11 15.08 0.128 229.824
14.12 15.15 0.13 230.32
14.13 15.23 0.132 230.833
14.14 15.32 0.134 231.364
14.15 15.42 0.135 231.769
14.16 15.45 0.135 231.88
14.17 15.55 0.135 232.141
14.18 15.67 0.135 232.444
14.19 16 0.135 233.188
14.2 16.14 0.135 233.526
14.21 16.38 0.135 234.069
14.22 16.62 0.135 234.606
14.23 16.9 0.136 235.361
14.24 17.22 0.138 236.331
14.25 17.7 0.138 237.315
14.26 17.94 0.14 238.107
14.27 18.17 0.141 238.732
14.28 18.36 0.144 239.555
14.29 18.55 0.147 240.369
14.3 18.71 0.151 241.252
14.31 18.84 0.154 241.935
14.32 19.04 0.159 242.996
14.33 19.08 0.162 243.495
14.34 19.14 0.164 243.901
14.35 19.14 0.167 244.316
14.36 19.22 0.169 244.753
14.37 19.26 0.172 245.232
14.38 19.28 0.176 245.786
14.39 19.23 0.178 245.973
14.4 19.16 0.179 246.006
14.41 19.13 0.181 246.225
14.42 19.04 0.182 246.218
14.43 18.89 0.184 246.209
14.44 18.88 0.172 244.86
14.45 18.9 0.161 243.601
14.46 18.93 0.161 243.704
14.47 18.96 0.162 243.932
14.48 19.01 0.163 244.196
14.49 19.03 0.164 244.404
14.5 19.08 0.167 244.913
14.51 18.79 0.169 244.662
14.52 18.8 0.17 244.848
14.53 18.81 0.173 245.27
14.54 18.84 0.174 245.491
14.55 18.84 0.176 245.772
14.56 18.74 0.178 245.861
14.57 18.67 0.18 246.004
14.58 18.67 0.181 246.165
14.59 18.69 0.183 246.475
14.6 18.71 0.184 246.672
14.61 18.81 0.184 246.908
14.62 18.94 0.184 247.2
14.63 18.99 0.182 247.116
14.64 19.18 0.182 247.518
14.65 19.19 0.181 247.47
14.66 19.28 0.181 247.684
14.67 19.43 0.183 248.234
14.68 19.52 0.185 248.671
14.69 19.74 0.186 249.232
14.7 19.87 0.187 249.626
14.71 20.08 0.189 250.273
14.72 20.29 0.191 250.915
14.73 20.44 0.192 251.338
14.74 20.48 0.196 251.888
14.75 20.36 0.197 251.829
14.76 20.21 0.198 251.714
14.77 20.07 0.199 251.615
14.78 19.98 0.201 251.709
14.79 19.79 0.203 251.617
14.8 19.71 0.204 251.621
14.81 19.67 0.203 251.492
14.82 19.63 0.202 251.362
14.83 19.62 0.201 251.287
14.84 19.55 0.199 250.996
14.85 19.47 0.198 250.789
14.86 19.43 0.197 250.656
14.87 19.46 0.197 250.759
14.88 19.48 0.198 250.949
14.89 19.6 0.198 251.218
14.9 19.81 0.198 251.65
14.91 19.89 0.198 251.843
14.92 19.99 0.197 251.966
14.93 19.96 0.197 251.959
14.94 20.02 0.198 252.221
14.95 20.09 0.198 252.394
14.96 20.12 0.198 252.496
14.97 20.19 0.202 253.09
14.98 20.39 0.202 253.496
14.99 20.47 0.202 253.686
15 20.54 0.203 253.962
15.01 20.57 0.204 254.167
15.02 20.54 0.206 254.367
15.03 20.46 0.208 254.475
15.04 20.41 0.209 254.534
15.05 20.34 0.21 254.556
15.06 20.23 0.211 254.505
15.07 20.17 0.211 254.443
15.08 19.95 0.211 254.089
15.09 19.86 0.211 253.97
15.1 19.79 0.211 253.888
15.11 19.74 0.211 253.842
15.12 19.72 0.211 253.852
15.13 19.7 0.21 253.761
15.14 19.7 0.208 253.606
15.15 19.7 0.208 253.652
15.16 19.79 0.207 253.763
15.17 19.81 0.206 253.745
15.18 19.8 0.204 253.567
15.19 20.08 0.204 254.127
15.2 20.23 0.204 254.446
15.21 20.52 0.204 255.014
15.22 20.8 0.204 255.559
15.23 21.1 0.206 256.341
15.24 21.67 0.206 257.374
15.25 22 0.206 257.982
15.26 22.2 0.209 258.677
15.27 22.5 0.21 259.327
15.28 22.72 0.216 260.348
15.29 22.85 0.221 261.106
15.3 23.11 0.225 261.97
15.31 23.24 0.229 262.614
15.32 23.33 0.23 262.903
15.33 23.43 0.235 263.584
15.34 23.5 0.236 263.838
15.35 23.5 0.237 263.979
15.36 23.51 0.237 264.043
15.37 23.51 0.238 264.183
15.38 23.51 0.24 264.415
15.39 23.52 0.24 264.479
15.4 23.52 0.24 264.526
15.41 23.59 0.24 264.687
15.42 23.62 0.239 264.692
15.43 23.65 0.24 264.88
15.44 23.69 0.24 264.992
15.45 23.9 0.241 265.469
15.46 24.1 0.235 265.278
15.47 24.24 0.229 264.976
15.48 24.45 0.216 264.066
15.49 24.6 0.216 264.346
15.5 24.74 0.217 264.712
15.51 24.77 0.219 265.008
15.52 24.83 0.223 265.547
15.53 24.91 0.225 265.915
15.54 24.82 0.234 266.693
15.55 24.85 0.238 267.163
15.56 24.89 0.242 267.644
15.57 24.99 0.246 268.212
15.58 25.04 0.25 268.697
15.59 24.95 0.252 268.784
15.6 24.79 0.255 268.848
15.61 24.7 0.259 269.103
15.62 24.56 0.263 269.274
15.63 24.38 0.264 269.122
15.64 24.14 0.264 268.786
15.65 24.06 0.264 268.706
15.66 24.05 0.264 268.737
15.67 23.91 0.264 268.559
15.68 23.96 0.264 268.688
15.69 23.99 0.263 268.699
15.7 24.01 0.26 268.522
15.71 24.04 0.259 268.532
15.72 24.07 0.257 268.454
15.73 24.12 0.257 268.582
15.74 24.18 0.256 268.639
15.75 24.06 0.254 268.318
15.76 24.02 0.253 268.213
15.77 24.04 0.252 268.205
15.78 24.06 0.251 268.195
15.79 24.16 0.251 268.403
15.8 24.41 0.251 268.848
15.81 24.55 0.251 269.117
15.82 24.62 0.252 269.364
15.83 24.68 0.252 269.506
15.84 24.78 0.252 269.71
15.85 24.83 0.253 269.924
15.86 24.86 0.255 270.196
15.87 24.9 0.257 270.481
15.88 24.78 0.259 270.515
15.89 24.55 0.259 270.199
15.9 24.49 0.259 270.151
15.91 24.39 0.259 270.039
15.92 24.34 0.258 269.92
15.93 24.25 0.258 269.823
15.94 24.18 0.257 269.671
15.95 24.12 0.256 269.534
15.96 24.12 0.253 269.316
15.97 24.13 0.253 269.379
15.98 24.14 0.252 269.354
15.99 24.19 0.252 269.481
16 24.21 0.252 269.56
16.01 24.23 0.252 269.639
16.02 24.2 0.252 269.637
16.03 24.12 0.252 269.556
16.04 23.98 0.252 269.376
16.05 24.03 0.252 269.504
16.06 24.06 0.255 269.865
16.07 24.09 0.255 269.96
16.08 24.06 0.255 269.958
16.09 24.3 0.253 270.214
16.1 24.46 0.253 270.516
16.11 24.46 0.252 270.473
16.12 24.58 0.252 270.711
16.13 24.68 0.252 270.916
16.14 24.69 0.251 270.889
16.15 24.71 0.25 270.877
16.16 24.74 0.251 271.061
16.17 24.71 0.249 270.88
16.18 24.75 0.246 270.716
16.19 24.79 0.247 270.917
16.2 25.14 0.249 271.694
16.21 25.39 0.249 272.128
16.22 25.99 0.249 273.091
16.23 26.25 0.248 273.438
16.24 26.43 0.248 273.754
16.25 26.52 0.25 274.118
16.26 26.53 0.251 274.271
16.27 26.54 0.254 274.604
16.28 26.71 0.26 275.438
16.29 26.76 0.263 275.823
16.3 26.85 0.261 275.828
16.31 26.85 0.267 276.397
16.32 26.84 0.269 276.601
16.33 26.74 0.269 276.5
16.34 26.76 0.27 276.662
16.35 26.78 0.27 276.739
16.36 26.87 0.27 276.92
16.37 26.84 0.271 277.007
16.38 26.79 0.271 276.98
16.39 26.74 0.27 276.867
16.4 26.73 0.268 276.728
16.41 26.73 0.268 276.775
16.42 26.73 0.268 276.822
16.43 26.73 0.267 276.783
16.44 26.78 0.267 276.904
16.45 26.84 0.267 277.04
16.46 26.88 0.267 277.146
16.47 26.95 0.182 268.594
16.48 26.89 0.215 272.303
16.49 26.92 0.226 273.525
16.5 26.82 0.236 274.412
16.51 26.68 0.237 274.348
16.52 26.53 0.239 274.363
16.53 26.18 0.241 274.075
16.54 25.98 0.243 274.007
16.55 25.23 0.248 273.362
16.56 25.23 0.25 273.591
16.57 25.28 0.253 273.986
16.58 25.33 0.256 274.379
16.59 25.31 0.256 274.394
16.6 25.23 0.256 274.315
16.61 25.13 0.257 274.293
16.62 24.68 0.257 273.626
16.63 24.55 0.257 273.464
16.64 24.27 0.257 273.058
16.65 24.12 0.259 273.036
16.66 24.07 0.259 273
16.67 24.09 0.259 273.078
16.68 24.1 0.258 273.052
16.69 24.17 0.255 272.946
16.7 24.23 0.255 273.089
16.71 24.08 0.255 272.89
16.72 23.92 0.255 272.674
16.73 23.84 0.256 272.676
16.74 23.75 0.255 272.484
16.75 23.6 0.256 272.37
16.76 23.29 0.257 271.985
16.77 23.19 0.256 271.773
16.78 23.01 0.255 271.425
16.79 22.82 0.254 271.058
16.8 22.58 0.251 270.423
16.81 22.64 0.25 270.481
16.82 22.56 0.249 270.298
16.83 22.58 0.247 270.195
16.84 22.52 0.247 270.136
16.85 22.51 0.244 269.889
16.86 22.43 0.243 269.703
16.87 22.36 0.24 269.348
16.88 22.3 0.24 269.288
16.89 22.34 0.238 269.214
16.9 22.11 0.238 268.858
16.91 21.97 0.236 268.467
16.92 21.87 0.236 268.335
16.93 21.87 0.233 268.094
16.94 21.93 0.233 268.244
16.95 21.99 0.233 268.393
16.96 22.04 0.233 268.525
16.97 22.12 0.232 268.613
16.98 22.3 0.23 268.777
16.99 22.24 0.228 268.522
17 22.32 0.227 268.606
17.01 22.33 0.227 268.667
17.02 22.39 0.227 268.815
17.03 22.43 0.228 269.027
17.04 22.51 0.229 269.306
17.05 22.78 0.229 269.813
17.06 22.91 0.23 270.176
17.07 23.03 0.23 270.424
17.08 23.06 0.233 270.81
17.09 23.11 0.234 271.035
17.1 23.06 0.234 270.995
17.11 22.89 0.234 270.75
17.12 22.78 0.236 270.798
17.13 22.59 0.238 270.706
17.14 22.43 0.238 270.473
17.15 22.46 0.238 270.569
17.16 22.49 0.239 270.759
17.17 22.49 0.239 270.803
17.18 22.52 0.24 270.993
17.19 22.43 0.239 270.786
17.2 22.43 0.239 270.83
17.21 22.41 0.238 270.745
17.22 22.34 0.239 270.761
17.23 22.24 0.238 270.535
17.24 22.22 0.238 270.544
17.25 22.13 0.238 270.429
17.26 22.09 0.237 270.308
17.27 22.09 0.237 270.351
17.28 22.11 0.236 270.335
17.29 22.14 0.236 270.431
17.3 22.26 0.233 270.397
17.31 22.33 0.231 270.369
17.32 22.37 0.235 270.869
17.33 22.31 0.235 270.807
17.34 22.33 0.234 270.79
17.35 22.34 0.233 270.754
17.36 22.37 0.232 270.753
17.37 22.56 0.226 270.536
17.38 22.82 0.217 270.111
17.39 22.93 0.21 269.605
17.4 23.04 0.206 269.403
17.41 23.15 0.197 268.63
17.42 23.33 0.194 268.63
17.43 22.95 0.183 266.739
17.44 22.54 0.182 265.969
17.45 22.02 0.176 264.38
17.46 21.6 0.177 263.815
17.47 21.17 0.165 261.561
17.48 20.09 0.159 258.839
17.49 19.72 0.158 258.053
17.5 19.45 0.158 257.582
17.51 19.24 0.158 257.22
17.52 19.14 0.08 242.917
17.53 19.04 0.115 250.214
17.54 18.81 0.15 255.4
17.55 18.54 0.152 255.19
17.56 18.33 0.154 255.09
17.57 18.18 0.157 255.238
17.58 17.96 0.162 255.496
17.59 17.77 0.167 255.792
17.6 17.27 0.168 254.91
17.61 16.76 0.167 253.726
17.62 16.73 0.167 253.7
17.63 16.69 0.165 253.399
17.64 16.62 0.163 253.028
17.65 16.53 0.16 252.48
17.66 16.44 0.155 251.656
17.67 16.51 0.15 251.163
17.68 16.57 0.149 251.194
17.69 16.73 0.147 251.299
17.7 17.01 0.145 251.653
17.71 17.37 0.143 252.161
17.72 17.66 0.142 252.655
17.73 18.36 0.14 253.813
17.74 18.68 0.141 254.636
17.75 18.96 0.141 255.222
17.76 19.23 0.142 255.933
17.77 19.44 0.145 256.82
17.78 19.54 0.149 257.633
17.79 19.62 0.158 259.086
17.8 19.57 0.161 259.437
17.81 19.58 0.165 260.027
17.82 19.45 0.167 260.079
17.83 19.25 0.17 260.117
17.84 18.95 0.173 259.948
17.85 18.37 0.174 258.952
17.86 18.03 0.181 259.145
17.87 17.67 0.182 258.552
17.88 17.33 0.183 257.988
17.89 17 0.186 257.663
17.9 16.62 0.186 256.865
17.91 16.25 0.184 255.843
17.92 14.7 0.183 252.101
17.93 14.26 0.181 250.81
17.94 14.02 0.177 249.772
17.95 13.76 0.175 248.903
17.96 13.25 0.18 248.172
17.97 13.01 0.181 247.672
17.98 12.79 0.177 246.644
17.99 12.59 0.174 245.773
18 12.02 0.164 242.977
18.01 11.91 0.164 242.693
18.02 11.73 0.154 240.934
18.03 9.89 0.144 233.813
18.04 8.28 0.129 225.865
18.05 7.81 0.121 222.817
18.06 7.7 0.112 220.971
18.07 7.41 0.102 218.083
18.08 6.65 0.094 213.29
18.09 6.54 0.085 211.036
18.1 6.58 0.075 209.065
18.11 6.61 0.069 207.788
18.12 6.86 0.064 207.63
18.13 7.26 0.059 207.952
18.14 7.57 0.059 209.24
18.15 7.64 0.06 209.842
18.16 7.63 0.064 210.965
18.17 7.9 0.065 212.33
18.18 8.28 0.063 213.249
18.19 8.54 0.063 214.233
18.2 8.79 0.063 215.158
18.21 9.16 0.063 216.472
18.22 9.37 0.063 217.213
18.23 9.74 0.063 218.461
18.24 10.4 0.064 220.856
18.25 11.07 0.071 224.818
18.26 11.8 0.074 227.712
18.27 13.06 0.074 231.098
18.28 13.65 0.082 234.604
18.29 14.31 0.084 236.715
18.3 14.99 0.086 238.806
18.31 15.66 0.09 241.262
18.32 16.23 0.093 243.206
18.33 17.26 0.101 247.099
18.34 17.77 0.105 248.978
18.35 18.29 0.11 251.022
18.36 18.76 0.118 253.455
18.37 19.15 0.124 255.297
18.38 19.53 0.131 257.231
18.39 19.91 0.136 258.79
18.4 20.57 0.142 260.984
18.41 20.8 0.153 263.069
18.42 21.03 0.158 264.232
18.43 21.23 0.164 265.454
18.44 21.5 0.168 266.512
18.45 21.72 0.175 267.851
18.46 22.39 0.18 269.697
18.47 22.75 0.184 270.853
18.48 22.98 0.189 271.892
18.49 23.19 0.197 273.231
18.5 23.36 0.2 273.903
18.51 23.64 0.203 274.755
18.52 23.81 0.206 275.416
18.53 24.11 0.221 277.573
18.54 24.77 0.216 278.166
18.55 25.07 0.212 278.257
18.56 25.34 0.21 278.509
18.57 25.49 0.21 278.788
18.58 25.69 0.21 279.143
18.59 25.93 0.213 279.889
18.6 25.69 0.215 279.774
18.61 25.71 0.219 280.277
18.62 25.73 0.224 280.877
18.63 25.85 0.232 281.929
18.64 25.94 0.236 282.514
18.65 26.09 0.237 282.89
18.66 26.09 0.24 283.229
18.67 26.12 0.242 283.513
18.68 26.17 0.247 284.117
18.69 26.34 0.252 284.899
18.7 26.35 0.255 285.237
18.71 26.32 0.256 285.326
18.72 26.27 0.259 285.567
18.73 26.3 0.261 285.839
18.74 26.33 0.261 285.928
18.75 26.35 0.261 286.002
18.76 26.34 0.261 286.029
18.77 26.33 0.261 286.056
18.78 26.46 0.261 286.301
18.79 26.27 0.261 286.046
18.8 26.31 0.261 286.151
18.81 26.45 0.261 286.412
18.82 26.59 0.26 286.581
18.83 26.7 0.259 286.702
18.84 26.9 0.258 286.96
18.85 27 0.259 287.248
18.86 27.03 0.259 287.336
18.87 27.13 0.259 287.532
18.88 27.09 0.26 287.605
18.89 27.18 0.261 287.877
18.9 27.27 0.263 288.239
18.91 27.42 0.267 288.872
18.92 27.61 0.269 289.382
18.93 27.66 0.268 289.41
18.94 27.63 0.272 289.764
18.95 27.61 0.271 289.688
18.96 27.61 0.273 289.907
18.97 27.57 0.275 290.065
18.98 27.5 0.277 290.177
18.99 27.42 0.277 290.097
19 27.45 0.277 290.186
19.01 27.41 0.276 290.08
19.02 27.19 0.275 289.698
19.03 27.14 0.274 289.576
19.04 27.01 0.274 289.418
19.05 26.94 0.273 289.264
19.06 26.84 0.27 288.886
19.07 26.64 0.269 288.528
19.08 26.49 0.268 288.246
19.09 26.5 0.265 288.034
19.1 26.38 0.264 287.797
19.11 26.31 0.263 287.638
19.12 26.16 0.26 287.169
19.13 26.06 0.258 286.868
19.14 26.01 0.258 286.83
19.15 25.95 0.257 286.684
19.16 25.73 0.254 286.094
19.17 25.65 0.253 285.914
19.18 25.53 0.253 285.762
19.19 25.4 0.251 285.405
19.2 25.27 0.251 285.235
19.21 24.97 0.25 284.692
19.22 24.81 0.248 284.28
19.23 24.7 0.248 284.139
19.24 24.55 0.246 283.74
19.25 24.4 0.244 283.338
19.26 24.08 0.243 282.744
19.27 23.91 0.241 282.302
19.28 23.64 0.238 281.588
19.29 23.46 0.239 281.417
19.3 23.24 0.239 281.076
19.31 23.12 0.238 280.809
19.32 23.1 0.238 280.814
19.33 23.1 0.235 280.558
19.34 23.08 0.234 280.464
19.35 22.89 0.233 280.071
19.36 22.78 0.231 279.716
19.37 22.47 0.229 279.003
19.38 22.27 0.228 278.583
19.39 22.05 0.228 278.225
19.4 21.66 0.228 277.55
19.41 21.43 0.229 277.265
19.42 21.24 0.235 277.546
19.43 21.01 0.232 276.854
19.44 20.78 0.23 276.256
19.45 20.22 0.23 275.211
19.46 19.84 0.222 273.692
19.47 19.44 0.205 271.126
19.48 18.92 0.198 269.329
19.49 17.83 0.192 266.392
19.5 15.5 0.183 260.071
19.51 14.54 0.173 256.522
19.52 14.33 0.163 254.756
19.53 14.67 0.156 254.722
19.54 15.01 0.148 254.483
19.55 15.28 0.152 255.741
19.56 15.62 0.145 255.584
19.57 16.08 0.137 255.482
19.58 16.59 0.137 256.67
19.59 17.15 0.136 257.779
19.6 18.29 0.137 260.375
19.61 18.83 0.138 261.663
19.62 19.41 0.14 263.161
19.63 20.06 0.146 265.375
19.64 20.73 0.149 267.123
19.65 22.1 0.153 270.229
19.66 22.73 0.156 271.802
19.67 23.27 0.165 274.037
19.68 23.76 0.171 275.717
19.69 24.2 0.177 277.28
19.7 24.89 0.182 279.09
19.71 25.14 0.189 280.411
19.72 25.39 0.198 281.939
19.73 25.49 0.203 282.725
19.74 25.81 0.208 283.847
19.75 26.03 0.212 284.685
19.76 26.16 0.218 285.592
19.77 26.33 0.229 287.072
19.78 26.46 0.233 287.73
19.79 26.78 0.238 288.779
19.8 26.9 0.242 289.407
19.81 27 0.247 290.095
19.82 27.09 0.253 290.855
19.83 27.25 0.259 291.711
19.84 27.67 0.261 292.582
19.85 27.96 0.264 293.342
19.86 28.2 0.27 294.294
19.87 28.26 0.273 294.696
19.88 28.44 0.276 295.275
19.89 28.42 0.281 295.728
19.9 28.52 0.283 296.094
19.91 28.58 0.286 296.485
19.92 28.71 0.287 296.806
19.93 28.78 0.288 297.038
19.94 28.89 0.289 297.328
19.95 29 0.289 297.532
19.96 29.11 0.29 297.821
19.97 29.32 0.29 298.171
19.98 29.42 0.291 298.445
19.99 29.74 0.293 299.122
20 29.76 0.296 299.446
20.01 29.85 0.297 299.702
20.02 29.89 0.296 299.717
20.03 29.92 0.295 299.718
20.04 29.94 0.294 299.704
20.05 29.89 0.291 299.418
20.06 29.86 0.289 299.244
20.07 29.83 0.289 299.242
20.08 29.87 0.289 299.341
20.09 29.92 0.29 299.541
20.1 29.83 0.29 299.452
20.11 29.69 0.291 299.377
20.12 29.48 0.289 298.941
20.13 29.19 0.287 298.384
20.14 28.49 0.287 297.384
20.15 28.26 0.285 296.905
20.16 27.87 0.284 296.266
20.17 27.57 0.281 295.584
20.18 27.06 0.279 294.656
20.19 26.8 0.277 294.111
20.2 26.63 0.274 293.616
20.21 26.46 0.271 293.117
20.22 26.36 0.269 292.817
20.23 26.3 0.266 292.488
20.24 26.26 0.264 292.281
20.25 26.26 0.259 291.856
20.26 26.31 0.256 291.693
20.27 26.22 0.253 291.304
20.28 26.03 0.251 290.847
20.29 25.75 0.247 290.046
20.3 25.61 0.245 289.662
20.31 25.49 0.246 289.604
20.32 25.57 0.246 289.774
20.33 25.66 0.246 289.96
20.34 25.97 0.246 290.502
20.35 26.31 0.246 291.086
20.36 26.74 0.246 291.807
20.37 27.41 0.245 292.789
20.38 27.8 0.246 293.525
20.39 28.11 0.246 294.034
20.4 28.51 0.246 294.673
20.41 28.7 0.245 294.895
20.42 29.03 0.237 294.607
20.43 29.23 0.228 293.99
20.44 29.54 0.225 294.152
20.45 30.09 0.226 295.084
20.46 30.28 0.226 295.391
20.47 30.52 0.229 296.092
20.48 30.58 0.235 296.854
20.49 30.11 0.239 296.649
20.5 30.32 0.239 296.987
20.51 30.53 0.244 297.835
20.52 30.6 0.246 298.176
20.53 30.51 0.246 298.09
20.54 30.34 0.246 297.891
20.55 30.11 0.246 297.605
20.56 29.92 0.247 297.474
20.57 29.89 0.248 297.571
20.58 29.93 0.249 297.769
20.59 29.97 0.249 297.866
20.6 29.93 0.248 297.749
20.61 29.9 0.248 297.746
20.62 29.93 0.247 297.729
20.63 29.86 0.246 297.569
20.64 29.87 0.246 297.623
20.65 29.73 0.242 297.057
20.66 29.72 0.24 296.877
20.67 29.77 0.241 297.092
20.68 29.81 0.24 297.086
20.69 29.9 0.24 297.255
20.7 30.06 0.238 297.317
20.71 29.97 0.239 297.332
20.72 30.1 0.238 297.453
20.73 30.29 0.238 297.763
20.74 30.34 0.238 297.874
20.75 30.45 0.239 298.173
20.76 30.86 0.239 298.788
20.77 31.18 0.239 299.272
20.78 31.38 0.24 299.692
20.79 31.79 0.241 300.397
20.8 32.55 0.242 301.564
20.81 32.81 0.244 302.157
20.82 32.9 0.246 302.522
20.83 33 0.249 303
20.84 32.64 0.249 302.563
20.85 32.52 0.249 302.442
20.86 32.14 0.25 302.072
20.87 31.78 0.25 301.623
20.88 31.41 0.248 300.953
20.89 30.81 0.247 300.058
20.9 30.58 0.243 299.367
20.91 30.41 0.239 298.754
20.92 30.09 0.233 297.708
20.93 29.46 0.225 295.98
20.94 29.2 0.221 295.201
20.95 28.81 0.212 293.652
20.96 28.49 0.208 292.754
20.97 27.82 0.206 291.557
20.98 27.36 0.204 290.66
20.99 26.97 0.202 289.861
21 26.58 0.198 288.811
21.01 25.81 0.196 287.386
21.02 25.37 0.192 286.222
21.03 25 0.188 285.155
21.04 24.73 0.187 284.62
21.05 24.46 0.188 284.335
21.06 23.84 0.189 283.448
21.07 23.59 0.191 283.303
21.08 23.23 0.192 282.837
21.09 23.03 0.192 282.522
21.1 22.77 0.191 281.975
21.11 22.15 0.191 280.893
21.12 21.8 0.191 280.287
21.13 21.43 0.192 279.755
21.14 21.16 0.192 279.281
21.15 20.6 0.196 278.719
21.16 19.83 0.199 277.581
21.17 19.48 0.201 277.137
21.18 19.09 0.206 276.933
21.19 18.65 0.207 276.152
21.2 18.23 0.204 274.95
21.21 17.98 0.201 274.102
21.22 17.99 0.196 273.586
21.23 18 0.2 274.104
21.24 18.78 0.203 276.161
21.25 19.81 0.202 278.215
21.26 22.71 0.203 283.896
21.27 24.33 0.199 286.29
21.28 25.69 0.194 287.969
21.29 26.7 0.187 288.726
21.3 27.42 0.185 289.613
21.31 28.03 0.186 290.7
21.32 28.13 0.187 291.017
21.33 28.18 0.193 291.895
21.34 28.36 0.197 292.7
21.35 28.47 0.206 293.992
21.36 28.54 0.226 296.411
21.37 28.64 0.237 297.774
21.38 28.84 0.245 298.936
21.39 29.06 0.247 299.505
21.4 29.19 0.251 300.137
21.41 29.23 0.256 300.728
21.42 29.12 0.262 301.184
21.43 28.94 0.265 301.239
21.44 28.95 0.269 301.669
21.45 28.96 0.286 303.266
21.46 29.21 0.289 303.944
21.47 29.82 0.296 305.498
21.48 30.1 0.297 306.034
21.49 30.3 0.287 305.494
21.5 30.37 0.283 305.279
21.51 30.6 0.284 305.74
21.52 30.48 0.285 305.696
21.53 30.47 0.29 306.163
21.54 30.47 0.298 306.897
21.55 28.82 0.304 304.991
21.56 29.29 0.309 306.157
21.57 29.75 0.318 307.618
21.58 29.95 0.321 308.196
21.59 29.92 0.323 308.35
21.6 29.85 0.324 308.365
21.61 29.74 0.322 308.082
21.62 29.6 0.322 307.912
21.63 29.39 0.321 307.557
21.64 29.33 0.32 307.426
21.65 29.3 0.318 307.26
21.66 29.29 0.315 307.042
21.67 29.29 0.313 306.919
21.68 29.3 0.311 306.81
21.69 29.32 0.308 306.632
21.7 29.55 0.307 306.933
21.71 29.84 0.308 307.488
21.72 30.17 0.307 307.931
21.73 30.84 0.307 308.946
21.74 31.03 0.308 309.343
21.75 31.3 0.308 309.769
21.76 31.47 0.31 310.217
21.77 31.85 0.314 311.125
21.78 31.86 0.317 311.425
21.79 31.86 0.321 311.79
21.8 31.89 0.325 312.193
21.81 31.96 0.325 312.332
21.82 31.87 0.327 312.404
21.83 31.88 0.328 312.537
21.84 31.88 0.329 312.656
21.85 31.88 0.329 312.696
21.86 31.88 0.327 312.577
21.87 31.94 0.326 312.622
21.88 32.07 0.323 312.604
21.89 32.29 0.321 312.79
21.9 32.52 0.319 312.987
21.91 32.71 0.313 312.795
21.92 32.72 0.311 312.682
21.93 32.89 0.308 312.702
21.94 32.91 0.308 312.769
21.95 32.95 0.307 312.779
21.96 32.76 0.306 312.473
21.97 32.47 0.304 311.943
21.98 32.41 0.301 311.642
21.99 32.14 0.298 311.047
22 31.85 0.296 310.506
22.01 31.3 0.294 309.593
22.02 31 0.294 309.203
22.03 30.77 0.286 308.202
22.04 30.56 0.284 307.758
22.05 30.26 0.282 307.179
22.06 30.19 0.282 307.115
22.07 30.03 0.278 306.554
22.08 29.91 0.274 306.047
22.09 29.9 0.274 306.071
22.1 29.84 0.271 305.74
22.11 29.63 0.267 305.09
22.12 29.39 0.265 304.581
22.13 28.98 0.264 303.908
22.14 28.65 0.261 303.157
22.15 28.3 0.259 302.465
22.16 27.96 0.253 301.389
22.17 27.71 0.253 301.037
22.18 26.98 0.25 299.622
22.19 26.54 0.246 298.55
22.2 26.22 0.24 297.455
22.21 25.84 0.229 295.711
22.22 25.44 0.222 294.323
22.23 24.77 0.217 292.675
22.24 24.43 0.214 291.792
22.25 24.14 0.208 290.638
22.26 23.85 0.203 289.582
22.27 23.69 0.197 288.616
22.28 23.67 0.192 288.001
22.29 23.78 0.184 287.21
22.3 23.88 0.171 285.673
22.31 24.15 0.166 285.466
22.32 24.86 0.163 286.26
22.33 25.17 0.162 286.66
22.34 25.4 0.164 287.365
22.35 25.59 0.166 288
22.36 25.56 0.169 288.416
22.37 25.24 0.17 288.071
22.38 24.94 0.171 287.751
22.39 24.56 0.173 287.429
22.4 24.2 0.178 287.535
22.41 23.32 0.18 286.307
22.42 22.93 0.186 286.428
22.43 22.62 0.19 286.41
22.44 22.56 0.196 287.077
22.45 22.69 0.196 287.35
22.46 22.82 0.196 287.623
22.47 23.06 0.195 287.969
22.48 23.36 0.194 288.418
22.49 23.61 0.194 288.896
22.5 23.74 0.195 289.284
22.51 23.68 0.195 289.214
22.52 23.4 0.196 288.878
22.53 23 0.2 288.682
22.54 22.58 0.201 288.072
22.55 22.24 0.204 287.833
22.56 21.54 0.206 286.779
22.57 21.29 0.192 284.661
22.58 21 0.179 282.482
22.59 20.78 0.178 281.957
22.6 20.57 0.178 281.579
22.61 20.3 0.178 281.079
22.62 19.78 0.178 280.065
22.63 19.45 0.178 279.421
22.64 19.08 0.18 278.943
22.65 18.09 0.181 276.973
22.66 18.01 0.181 276.83
22.67 17.7 0.181 276.172
22.68 17.35 0.178 275.03
22.69 16.99 0.177 274.106
22.7 16.28 0.169 271.413
22.71 15.88 0.166 270.073
22.72 15.5 0.163 268.758
22.73 15.12 0.16 267.418
22.74 14.7 0.155 265.665
22.75 14.24 0.152 264.054
22.76 13.71 0.15 262.359
22.77 12.94 0.147 259.779
22.78 12.59 0.143 258.194
22.79 12.26 0.136 256.167
22.8 11.98 0.133 254.874
22.81 11.73 0.13 253.65
22.82 11.46 0.127 252.341
22.83 11.28 0.123 251.128
22.84 11.26 0.121 250.752
22.85 11.33 0.116 250.127
22.86 11.4 0.113 249.834
22.87 11.69 0.112 250.584
22.88 12.06 0.111 251.554
22.89 12.36 0.109 252.095
22.9 12.64 0.108 252.746
22.91 12.89 0.108 253.491
22.92 13.36 0.108 254.832
22.93 13.44 0.113 256.045
22.94 13.43 0.116 256.607
22.95 13.4 0.116 256.556
22.96 13.35 0.116 256.449
22.97 13.3 0.119 256.886
22.98 13.22 0.119 256.694
22.99 13 0.119 256.106
23 12.83 0.119 255.651
23.01 12.61 0.119 255.046
23.02 12.31 0.118 254.016
23.03 11.94 0.118 252.933
23.04 11.58 0.117 251.672
23.05 11.26 0.115 250.329
23.06 10.97 0.113 249.057
23.07 10.72 0.11 247.706
23.08 10.14 0.108 245.385
23.09 9.92 0.107 244.451
23.1 9.66 0.105 243.165
23.11 9.41 0.106 242.469
23.12 9.18 0.107 241.825
23.13 9.02 0.102 240.283
23.14 8.92 0.097 238.926
23.15 8.93 0.089 237.287
23.16 8.95 0.078 234.801
23.17 9.04 0.068 232.499
23.18 9.07 0.062 230.856
23.19 8.68 0.057 227.828
23.2 8.17 0.054 224.863
23.21 7.65 0.051 221.714
23.22 6.85 0.049 217.516
23.23 6 0.049 213.431
23.24 5.18 0.05 209.339
23.25 4.37 0.049 203.956
23.26 3.65 0.047 198.072
23.27 3.03 0.048 193.194
23.28 2.6 0.048 189.006
23.29 2.3 0.048 185.72
23.3 2.08 0.048 183.073
23.31 1.89 0.043 178.941
23.32 1.65 0.04 174.444
23.33 1.35 0.035 167.623
23.34 1.19 0.035 164.625
23.35 1.17 0.035 164.243
23.36 1.17 0.034 163.867
23.37 1.18 0.033 163.68
23.38 1.21 0.027 161.572
23.39 1.24 0.026 161.654
23.4 1.49 0.025 165.465
23.41 2.45 0.027 178.913
23.42 3.91 0.03 193.078
23.43 5.55 0.031 203.645
23.44 7.44 0.034 214.088
23.45 9.15 0.039 223.12
23.46 10.89 0.044 231.119
23.47 13.42 0.049 240.348
23.48 14.42 0.054 244.849
23.49 15.27 0.061 249.422
23.5 16.03 0.068 253.484
23.51 16.62 0.084 259.356
23.52 17.08 0.093 262.623
23.53 17.5 0.101 265.391
23.54 17.9 0.109 267.981
23.55 18.24 0.115 269.941
23.56 18.93 0.12 272.383
23.57 19.24 0.126 274.164
23.58 19.58 0.132 275.955
23.59 19.89 0.143 278.46
23.6 20.29 0.148 280.093
23.61 20.87 0.145 280.786
23.62 21.39 0.146 281.977
23.63 21.86 0.147 283.055
23.64 22.67 0.155 285.833
23.65 22.95 0.162 287.427
23.66 23.08 0.169 288.709
23.67 23.08 0.176 289.719
23.68 22.84 0.181 289.993
23.69 22.84 0.192 291.454
23.7 22.85 0.196 292.007
23.71 22.87 0.2 292.569
23.72 22.86 0.204 293.068
23.73 22.88 0.206 293.377
23.74 22.97 0.208 293.813
23.75 23.12 0.211 294.474
23.76 23.54 0.218 296.076
23.77 23.65 0.221 296.646
23.78 23.67 0.222 296.829
23.79 23.7 0.225 297.249
23.8 23.67 0.225 297.23
23.81 23.65 0.227 297.447
23.82 23.67 0.227 297.518
23.83 23.7 0.227 297.607
23.84 23.78 0.226 297.677
23.85 23.84 0.226 297.82
23.86 23.8 0.224 297.562
23.87 23.59 0.223 297.107
23.88 23.39 0.223 296.777
23.89 23.29 0.223 296.629
23.9 23.2 0.222 296.387
23.91 23 0.222 296.052
23.92 22.89 0.222 295.882
23.93 22.75 0.22 295.433
23.94 22.63 0.218 295.018
23.95 22.42 0.217 294.544
23.96 22.17 0.216 293.99
23.97 21.93 0.214 293.336
23.98 21.69 0.213 292.791
23.99 21.53 0.211 292.284
24 21.27 0.211 291.807
24.01 21.09 0.21 291.368
24.02 20.9 0.209 290.907
24.03 20.74 0.206 290.27
24.04 20.62 0.204 289.825
24.05 20.53 0.2 289.199
24.06 20.49 0.197 288.788
24.07 20.5 0.193 288.349
24.08 20.51 0.189 287.901
24.09 20.73 0.187 288.122
24.1 20.81 0.185 288.057
24.11 20.93 0.186 288.458
24.12 21 0.185 288.501
24.13 21.01 0.183 288.293
24.14 20.95 0.183 288.207
24.15 20.56 0.184 287.592
24.16 20.4 0.184 287.302
24.17 20.2 0.184 286.927
24.18 19.98 0.184 286.508
24.19 19.74 0.178 285.255
24.2 19.53 0.174 284.311
24.21 19.26 0.169 283.086
24.22 18.83 0.165 281.638
24.23 18.55 0.16 280.345
24.24 18.22 0.159 279.507
24.25 17.88 0.156 278.341
24.26 17.49 0.154 277.192
24.27 16.73 0.15 274.854
24.28 16.27 0.15 273.784
24.29 15.79 0.151 272.788
24.3 15.4 0.152 271.987
24.31 15.07 0.155 271.613
24.32 14.8 0.155 270.937
24.33 14.63 0.157 270.807
24.34 14.5 0.16 270.916
24.35 14.55 0.16 271.081
24.36 14.59 0.159 271.078
24.37 14.78 0.15 270.301
24.38 14.92 0.139 268.989
24.39 14.91 0.131 267.67
24.4 14.86 0.123 266.172
24.41 15.04 0.116 265.368
24.42 15.22 0.11 264.681
24.43 15.34 0.105 263.987
24.44 15.51 0.105 264.436
24.45 15.64 0.105 264.784
24.46 15.71 0.103 264.561
24.47 15.84 0.102 264.69
24.48 16.08 0.096 263.96
24.49 16.31 0.094 264.067
24.5 16.49 0.094 264.515
24.51 16.6 0.094 264.798
24.52 16.73 0.095 265.359
24.53 16.83 0.098 266.305
24.54 16.88 0.101 267.119
24.55 16.86 0.106 268.179
24.56 16.91 0.109 268.948
24.57 16.97 0.114 270.121
24.58 17.11 0.122 272.002
24.59 17.29 0.13 273.887
24.6 17.6 0.14 276.318
24.61 18.04 0.146 278.304
24.62 19.1 0.155 282.033
24.63 19.78 0.16 284.239
24.64 20.6 0.17 287.385
24.65 21.5 0.175 289.891
24.66 22.36 0.177 291.842
24.67 23.23 0.176 293.345
24.68 24.86 0.176 296.257
24.69 25.51 0.177 297.534
24.7 26.16 0.179 298.927
24.71 26.77 0.184 300.643
24.72 27.42 0.194 303.048
24.73 28.7 0.198 305.599
24.74 29.38 0.205 307.553
24.75 29.94 0.211 309.166
24.76 30.46 0.22 311.048
24.77 30.87 0.24 313.947
24.78 31.43 0.252 316.076
24.79 31.59 0.26 317.167
24.8 31.74 0.273 318.71
24.81 31.68 0.279 319.236
24.82 31.69 0.285 319.852
24.83 31.54 0.292 320.315
24.84 31.11 0.302 320.615
24.85 30.86 0.306 320.63
24.86 30.74 0.308 320.659
24.87 30.54 0.311 320.652
24.88 30.37 0.31 320.345
24.89 30.33 0.311 320.406
24.9 30.11 0.31 320.02
24.91 30.01 0.31 319.902
24.92 29.9 0.307 319.51
24.93 29.79 0.305 319.203
24.94 29.72 0.303 318.955
24.95 29.71 0.302 318.888
24.96 29.82 0.302 319.093
24.97 29.93 0.302 319.298
24.98 30.19 0.302 319.731
24.99 30.56 0.302 320.328
25 31.46 0.303 321.794
25.01 31.87 0.304 322.519
25.02 32.27 0.305 323.223
25.03 32.61 0.306 323.836
25.04 32.87 0.309 324.505
25.05 33.25 0.311 325.254
25.06 33.5 0.313 325.814
25.07 33.57 0.315 326.121
25.08 33.63 0.317 326.413
25.09 33.65 0.318 326.563
25.1 33.57 0.319 326.572
25.11 33.5 0.319 326.51
25.12 33.51 0.319 326.561
25.13 33.46 0.319 326.527
25.14 33.25 0.319 326.267
25.15 32.99 0.318 325.849
25.16 32.86 0.318 325.7
25.17 32.68 0.315 325.222
25.18 32.5 0.312 324.74
25.19 32.21 0.31 324.184
25.2 32 0.303 323.299
25.21 31.79 0.302 322.94
25.22 31.67 0.3 322.621
25.23 31.34 0.298 321.991
25.24 31.22 0.295 321.578
25.25 31.05 0.294 321.27
25.26 30.77 0.292 320.704
25.27 30.67 0.29 320.406
25.28 30.55 0.289 320.168
25.29 30.53 0.289 320.173
25.3 30.32 0.287 319.705
25.31 30.25 0.286 319.541
25.32 30.14 0.285 319.316
25.33 30.09 0.285 319.275
25.34 30.1 0.284 319.231
25.35 30.07 0.283 319.127
25.36 30.04 0.283 319.116
25.37 30.06 0.282 319.088
25.38 29.92 0.28 318.719
25.39 29.89 0.278 318.518
25.4 29.74 0.277 318.227
25.41 29.72 0.276 318.135
25.42 29.48 0.275 317.703
25.43 29.39 0.273 317.405
25.44 29.25 0.266 316.537
25.45 29.14 0.263 316.101
25.46 28.84 0.261 315.464
25.47 28.65 0.258 314.896
25.48 28.44 0.253 314.085
25.49 28.21 0.252 313.648
25.5 27.91 0.25 312.993
25.51 27.25 0.249 311.846
25.52 27 0.23 309.416
25.53 26.73 0.212 306.914
25.54 26.46 0.208 306.014
25.55 25.89 0.208 305.089
25.56 25.66 0.206 304.485
25.57 25.44 0.204 303.894
25.58 25.07 0.205 303.41
25.59 24.62 0.202 302.282
25.6 24.18 0.203 301.655
25.61 24.22 0.203 301.759
25.62 24.17 0.203 301.702
25.63 24.01 0.205 301.692
25.64 23.87 0.207 301.715
25.65 23.67 0.207 301.382
25.66 23.56 0.206 301.091
25.67 23.58 0.205 301.039
25.68 23.61 0.204 301.004
25.69 23.64 0.204 301.092
25.7 23.64 0.204 301.124
25.71 23.58 0.204 301.047
25.72 23.57 0.204 301.061
25.73 23.46 0.205 301.013
25.74 23.38 0.206 301.019
25.75 23.43 0.207 301.266
25.76 23.49 0.208 301.53
25.77 23.65 0.208 301.858
25.78 23.91 0.207 302.245
25.79 24.01 0.207 302.459
25.8 24.06 0.206 302.46
25.81 24.02 0.207 302.542
25.82 23.5 0.208 301.744
25.83 23.04 0.21 301.158
25.84 22.67 0.211 300.608
25.85 22.38 0.209 299.846
25.86 22.18 0.207 299.251
25.87 21.69 0.205 298.081
25.88 21.26 0.203 297.012
25.89 20.75 0.2 295.641
25.9 20.26 0.198 294.411
25.91 19.75 0.196 293.116
25.92 19.22 0.193 291.627
25.93 18.18 0.192 289.206
25.94 17.62 0.189 287.56
25.95 17.09 0.184 285.69
25.96 16.57 0.177 283.536
25.97 16.08 0.171 281.534
25.98 15.67 0.167 279.967
25.99 15.11 0.165 278.255
26 14.92 0.161 277.211
26.01 14.76 0.156 276.085
26.02 14.68 0.149 274.847
26.03 14.61 0.138 272.94
26.04 14.52 0.125 270.491
26.05 14.52 0.114 268.454
26.06 14.51 0.1 265.545
26.07 14.46 0.094 264.079
26.08 14.44 0.086 262.107
26.09 14.4 0.073 258.482
26.1 14.35 0.068 256.859
26.11 14.23 0.064 255.285
26.12 13.99 0.065 255.017
26.13 13.65 0.065 254.142
26.14 13.49 0.072 255.906
26.15 13.38 0.075 256.501
26.16 13.26 0.078 257.033
26.17 13.22 0.079 257.221
26.18 13.3 0.08 257.742
26.19 13.38 0.082 258.523
26.2 13.43 0.083 258.95
26.21 13.62 0.083 259.502
26.22 13.91 0.083 260.318
26.23 14.25 0.082 260.989
26.24 14.6 0.079 261.119
26.25 14.91 0.078 261.661
26.26 15.47 0.078 263.082
26.27 15.8 0.079 264.19
26.28 16.17 0.08 265.378
26.29 16.63 0.078 265.92
26.3 17.2 0.077 266.955
26.31 17.73 0.071 266.348
26.32 18.15 0.07 266.961
26.33 18.42 0.07 267.557
26.34 18.17 0.07 267.06
26.35 17.77 0.083 270.033
26.36 17.07 0.091 270.567
26.37 16.2 0.098 270.226
26.38 15.38 0.103 269.353
26.39 14.56 0.108 268.321
26.4 13.67 0.115 267.316
26.41 12.77 0.121 265.857
26.42 11.17 0.125 261.516
26.43 10.52 0.123 258.947
26.44 10 0.12 256.563
26.45 9.65 0.114 254.19
26.46 9.5 0.11 252.891
26.47 9.48 0.106 252.063
26.48 9.55 0.102 251.55
26.49 9.47 0.086 247.73
26.5 9.34 0.077 245
26.51 9.17 0.071 242.735
26.52 8.94 0.053 236.061
26.53 9.04 0.046 233.693
26.54 9.15 0.042 232.36
26.55 9.18 0.043 232.949
26.56 8.94 0.044 232.531
26.57 8.87 0.044 232.292
26.58 8.84 0.045 232.638
26.59 8.97 0.045 233.152
26.6 9.1 0.048 234.918
26.61 9.32 0.045 234.49
26.62 9.48 0.043 234.202
26.63 9.67 0.038 232.493
26.64 9.92 0.033 230.65
26.65 9.99 0.033 230.908
26.66 9.85 0.034 231.037
26.67 9.7 0.034 230.551
26.68 9.5 0.033 229.314
26.69 9.2 0.032 227.697
26.7 8.98 0.03 225.713
26.71 8.85 0.03 225.263
26.72 8.75 0.031 225.532
26.73 8.57 0.03 224.269
26.74 8.29 0.031 223.832
26.75 8.05 0.036 225.701
26.76 7.84 0.039 226.369
26.77 7.67 0.045 228.382
26.78 7.57 0.046 228.392
26.79 7.54 0.057 232.394
26.8 7.57 0.061 233.867
26.81 7.6 0.068 236.149
26.82 7.6 0.074 237.841
26.83 7.59 0.076 238.349
26.84 7.65 0.076 238.644
26.85 7.72 0.076 238.982
26.86 8.11 0.076 240.709
26.87 9.14 0.076 244.914
26.88 10.52 0.074 249.396
26.89 12.26 0.072 254.4
26.9 14.07 0.061 255.966
26.91 15.27 0.049 254.35
26.92 15.81 0.05 256.082
26.93 15.86 0.051 256.647
26.94 15.58 0.054 257.237
26.95 15.19 0.06 258.583
26.96 14.11 0.061 256.23
26.97 13.57 0.066 256.496
26.98 13.23 0.072 257.444
26.99 12.97 0.08 258.996
27 13.03 0.088 261.258
27.01 13.1 0.094 262.926
27.02 13.57 0.093 264.056
27.03 14.18 0.092 265.521
27.04 14.95 0.087 266.337
27.05 15.7 0.086 267.991
27.06 16.55 0.087 270.321
27.07 17.25 0.088 272.225
27.08 18.29 0.09 275.072
27.09 18.77 0.094 277.129
27.1 19.08 0.098 278.777
27.11 19.35 0.1 279.84
27.12 19.56 0.106 281.666
27.13 19.7 0.111 283.068
27.14 19.87 0.118 284.893
27.15 20.16 0.123 286.505
27.16 20.36 0.129 288.081
27.17 20.82 0.133 289.775
27.18 21.04 0.135 290.604
27.19 21.16 0.14 291.753
27.2 21.34 0.142 292.484
27.21 21.41 0.144 292.993
27.22 21.52 0.143 293.069
27.23 21.65 0.144 293.523
27.24 21.71 0.145 293.84
27.25 21.73 0.145 293.908
27.26 21.61 0.145 293.704
27.27 21.53 0.144 293.408
27.28 21.51 0.145 293.568
27.29 21.58 0.145 293.735
27.3 21.64 0.148 294.384
27.31 21.99 0.151 295.588
27.32 22.5 0.151 296.596
27.33 23.12 0.149 297.459
27.34 23.63 0.146 297.921
27.35 24.06 0.143 298.21
27.36 24.62 0.128 296.484
27.37 24.77 0.123 295.791
27.38 24.74 0.121 295.367
27.39 24.74 0.122 295.599
27.4 24.67 0.124 295.909
27.41 24.55 0.126 296.125
27.42 24.33 0.127 295.966
27.43 24.1 0.127 295.591
27.44 23.96 0.128 295.566
27.45 23.73 0.128 295.186
27.46 23.56 0.13 295.291
27.47 23.39 0.132 295.388
27.48 23.29 0.134 295.605
27.49 23.17 0.137 295.96
27.5 23.15 0.069 279.537
27.51 23.16 0.099 288.108
27.52 23.17 0.11 290.692
27.53 23.29 0.121 293.254
27.54 23.29 0.121 293.284
27.55 23.4 0.122 293.713
27.56 23.45 0.125 294.428
27.57 23.86 0.124 294.996
27.58 23.24 0.124 293.91
27.59 23.55 0.125 294.697
27.6 23.85 0.125 295.265
27.61 24.27 0.126 296.234
27.62 24.37 0.127 296.635
27.63 24.44 0.127 296.787
27.64 24.61 0.129 297.5
27.65 24.65 0.131 297.98
27.66 24.62 0.132 298.147
27.67 24.5 0.132 297.967
27.68 24.2 0.133 297.655
27.69 23.9 0.132 296.965
27.7 23.56 0.133 296.568
27.71 22.6 0.135 295.193
27.72 22.11 0.135 294.292
27.73 21.65 0.134 293.251
27.74 21.27 0.134 292.533
27.75 21.01 0.131 291.495
27.76 20.66 0.13 290.635
27.77 20.73 0.13 290.805
27.78 20.8 0.13 290.976
27.79 21.19 0.129 291.597
27.8 21.6 0.128 292.243
27.81 21.95 0.122 291.781
27.82 22.12 0.118 291.326
27.83 22.27 0.115 291.014
27.84 22.6 0.111 290.803
27.85 22.41 0.111 290.478
27.86 22.24 0.11 289.971
27.87 21.97 0.11 289.49
27.88 21.67 0.111 289.164
27.89 21.33 0.111 288.535
27.9 20.74 0.111 287.4
27.91 20.38 0.108 286.052
27.92 19.96 0.107 285.003
27.93 19.42 0.107 283.908
27.94 18.96 0.107 282.958
27.95 18.41 0.105 281.347
27.96 17.31 0.103 278.444
27.97 16.78 0.102 277.003
27.98 16.17 0.101 275.331
27.99 15.59 0.099 273.458
28 14.98 0.099 271.918
28.01 14.4 0.1 270.629
28.02 13.97 0.102 269.922
28.03 13.38 0.107 269.347
28.04 11.77 0.115 266.037
28.05 10.95 0.124 264.967
28.06 10 0.136 263.57
28.07 9.09 0.159 263.402
28.08 8.21 0.16 259.729
28.09 7.39 0.159 255.715
28.1 6.76 0.157 252.214
28.11 6.35 0.149 248.891
28.12 6.39 0.139 247.705
28.13 6.42 0.128 246.202
28.14 7.28 0.121 249.554
28.15 8.37 0.11 252.632
28.16 9.59 0.102 256.043
28.17 11.04 0.099 260.665
28.18 12.34 0.098 264.68
28.19 13 0.099 266.925
28.2 13.67 0.1 269.115
28.21 13.82 0.1 269.565
28.22 13.84 0.1 269.647
28.23 13.93 0.101 270.149
28.24 13.97 0.101 270.288
28.25 14.07 0.103 271.034
28.26 14.41 0.113 274.099
28.27 14.45 0.123 276.177
28.28 14.39 0.123 276.039
28.29 13.99 0.123 274.947
28.3 13.6 0.121 273.484
28.31 13.14 0.119 271.782
28.32 12.49 0.115 269.064
28.33 11.96 0.108 266.021
28.34 12.43 0.102 266.259
28.35 12.9 0.1 267.271
28.36 13.42 0.1 268.823
28.37 14.08 0.096 269.797
28.38 14.08 0.094 269.351
28.39 14.12 0.093 269.248
28.4 14.01 0.092 268.729
28.41 13.89 0.09 267.932
28.42 13.72 0.086 266.474
28.43 13.56 0.077 263.614
28.44 13.29 0.064 258.864
28.45 12.39 0.058 254.198
28.46 11.7 0.056 251.399
28.47 10.87 0.058 249.501
28.48 10.09 0.059 247.215
28.49 9.24 0.061 244.804
28.5 8.12 0.064 241.276
28.51 6.77 0.065 235.367
28.52 5.51 0.063 227.919
28.53 4.46 0.061 220.514
28.54 3.71 0.059 214.17
28.55 3.08 0.059 208.527
28.56 2.57 0.055 201.998
28.57 2.27 0.051 197.196
28.58 1.96 0.041 189.615
28.59 1.73 0.036 184.25
28.6 1.62 0.03 179.785
28.61 1.57 0.026 176.874
28.62 1.53 0.015 168.352
28.63 1.44 0.011 162.653
28.64 1.53 0.008 159.804
28.65 1.62 0.006 157.33
28.66 1.7 0.002 144.601
28.67 1.83 0.001 137.967
28.68 1.81 0.001 137.762
28.69 1.79 0.001 137.555
28.7 1.67 0.001 136.201
28.71 1.53 0.001 134.508
28.72 1.43 0.001 133.218
28.73 1.4 0.001 132.824
28.74 1.4 0.001 132.837
28.75 1.37 0.001 132.436
28.76 1.36 0.001 132.309
28.77 1.36 0.001 132.322
28.78 1.34 0.001 132.053
28.79 1.34 0.001 132.066
28.8 1.35 0.001 132.22
28.81 1.35 0.001 132.233
28.82 1.35 0.001 132.245
28.83 1.35 0.001 132.258
28.84 1.34 0.001 132.129
28.85 1.34 0.001 132.142
28.86 1.34 0.001 132.155
28.87 1.34 0.001 132.168
28.88 1.33 0.001 132.038
28.89 1.33 0.001 132.051
28.9 1.32 0.001 131.92
28.91 1.33 0.001 132.076
28.92 1.33 0.001 132.089
28.93 1.33 0.001 132.101
28.94 1.34 0.001 132.257
28.95 1.34 0.001 132.269
28.96 1.33 0.001 132.139
28.97 1.33 0.001 132.152
28.98 1.34 0.001 132.307
28.99 1.32 0.001 132.034
29 1.31 0.001 131.902
29.01 1.32 0.001 132.059
29.02 1.32 0.001 132.072
29.03 1.34 0.001 132.371
29.04 1.34 0.001 132.384
29.05 1.34 0.001 132.396
29.06 1.33 0.001 132.266
29.07 1.32 0.001 132.135
29.08 1.32 0.001 132.148
29.09 1.32 0.001 132.16
29.1 1.32 0.001 132.173
29.11 1.31 0.001 132.041
29.12 1.3 0.001 131.908
29.13 1.28 0.001 131.626
29.14 1.27 0.001 131.49
29.15 1.29 0.001 131.799
29.16 1.26 0.001 131.366
29.17 1.25 0.001 131.228
29.18 1.26 0 0
29.19 1.27 0 0
29.2 1.28 0 0
29.21 1.27 0.001 131.578
29.22 1.27 0.001 131.591
29.23 1.27 0.001 131.603
29.24 1.27 0.001 131.616
29.25 1.24 0.001 131.176
29.26 1.25 0.001 131.34
29.27 1.25 0.001 131.353
29.28 1.26 0.001 131.516
29.29 1.27 0.001 131.678
29.3 1.29 0.001 131.987
29.31 1.28 0.001 131.852
29.32 1.29 0.001 132.012
29.33 1.3 0.002 140.018
29.34 1.3 0.002 140.031
29.35 1.29 0.002 139.889
29.36 1.29 0.002 139.902
29.37 1.29 0.002 139.915
29.38 1.28 0.002 139.772
29.39 1.27 0.002 139.627
29.4 1.26 0.002 139.482
29.41 1.26 0.002 139.495
29.42 1.26 0.002 139.508
29.43 1.26 0.002 139.521
29.44 1.26 0.002 139.534
29.45 1.29 0.003 144.825
29.46 1.3 0.003 145
29.47 1.29 0.003 144.853
29.48 1.28 0.003 144.704
29.49 1.27 0.003 144.555
29.5 1.24 0.003 144.071
29.51 1.24 0.002 139.305
29.52 1.26 0.003 144.431
29.53 1.26 0.003 144.444
29.54 1.26 0.003 144.458
29.55 1.26 0.003 144.472
29.56 1.25 0.003 144.32
29.57 1.23 0.002 139.222
29.58 1.21 0.002 138.906
29.59 1.22 0.003 143.856
29.6 1.22 0.004 147.355
29.61 1.21 0.004 147.194
29.62 1.22 0.004 147.382
29.63 1.19 0.004 146.869
29.64 1.19 0.004 146.883
29.65 1.04 0.004 144.074
29.66 1.11 0.004 145.445
29.67 1.19 0.004 146.924
29.68 1.2 0.004 147.115
29.69 1.2 0.004 147.129
29.7 1.21 0.004 147.318
29.71 1.21 0.004 147.332
29.72 1.2 0.004 147.17
29.73 1.18 0.004 146.828
29.74 1.18 0.004 146.842
29.75 1.18 0.004 146.855
29.76 1.17 0.004 146.689
29.77 1.16 0.004 146.522
29.78 1.16 0.004 146.535
29.79 1.16 0.004 146.549
29.8 1.16 0.004 146.563
29.81 1.16 0.004 146.576
29.82 1.16 0.004 146.59
29.83 1.17 0.004 146.785
29.84 1.15 0.004 146.435
29.85 1.14 0.004 146.264
29.86 1.13 0.004 146.092
29.87 1.13 0.004 146.106
29.88 1.13 0.004 146.12
29.89 1.13 0.004 146.133
29.9 1.13 0.004 146.147
29.91 1.13 0.004 146.16
29.92 1.16 0.004 146.726
29.93 1.16 0.004 146.74
29.94 1.16 0.004 146.754
29.95 1.14 0.004 146.4
29.96 1.14 0.004 146.414
29.97 1.13 0.004 146.242
29.98 1.13 0.004 146.255
29.99 1.12 0.004 146.082
30 1.12 0.004 146.095
30.01 1.12 0.005 148.847
30.02 1.12 0.005 148.861
30.03 1.13 0.005 149.065
30.04 1.12 0.005 148.888
30.05 1.13 0.005 149.093
30.06 1.13 0.004 146.364
30.07 1.16 0.004 146.931
30.08 1.16 0.004 146.944
30.09 1.16 0.004 146.958
30.1 1.15 0.004 146.788
30.11 1.15 0.004 146.802
30.12 1.15 0.004 146.815
30.13 1.15 0.004 146.829
30.14 1.15 0.005 149.594
30.15 1.15 0.004 146.856
30.16 1.17 0.005 149.994
30.17 1.16 0.005 149.822
30.18 1.16 0.004 147.08
30.19 1.16 0.004 147.093
30.2 1.17 0.004 147.289
30.21 1.18 0.004 147.483
30.22 1.16 0.004 147.134
30.23 1.15 0.004 146.964
30.24 1.15 0.005 149.732
30.25 1.15 0.005 149.746
30.26 1.14 0.005 149.571
30.27 1.12 0.004 146.46
30.28 1.15 0.004 147.032
30.29 1.11 0.004 146.298
30.3 1.11 0.004 146.311
30.31 1.1 0.004 146.134
30.32 1.11 0.004 146.338
30.33 1.1 0.004 146.161
30.34 1.1 0.005 148.913
30.35 1.1 0.005 148.927
30.36 1.1 0.005 148.94
30.37 1.07 0.005 148.362
30.38 1.08 0.005 148.575
30.39 1.08 0.005 148.588
30.4 1.07 0.005 148.403
30.41 1.07 0.005 148.416
30.42 1.08 0.005 148.629
30.43 1.08 0.005 148.643
30.44 1.11 0.005 149.244
30.45 1.11 0.005 149.257
30.46 1.12 0.005 149.464
30.47 1.14 0.005 149.859
30.48 1.14 0.005 149.873
30.49 1.16 0.005 150.262
30.5 1.17 0.005 150.462
30.51 1.18 0.005 150.66
30.52 1.18 0.005 150.674
30.53 1.18 0.005 150.687
30.54 1.2 0.005 151.066
30.55 1.17 0.005 150.53
30.56 1.17 0.005 150.544
30.57 1.18 0.005 150.742
30.58 1.17 0.005 150.571
30.59 1.17 0.005 150.585
30.6 1.17 0.005 150.599
30.61 1.16 0.005 150.426
30.62 1.16 0.005 150.44
30.63 1.16 0.005 150.454
30.64 1.17 0.005 150.653
30.65 1.17 0.006 152.97
30.66 1.16 0.005 150.495
30.67 1.16 0.005 150.508
30.68 1.15 0.005 150.334
30.69 1.15 0.005 150.348
30.7 1.13 0.006 152.275
30.71 1.12 0.005 149.804
30.72 1.15 0.005 150.389
30.73 1.17 0.005 150.776
30.74 1.16 0.005 150.604
30.75 1.16 0.005 150.617
30.76 1.16 0.005 150.631
30.77 1.15 0.005 150.457
30.78 1.16 0.005 150.658
30.79 1.18 0.005 151.043
30.8 1.22 0.005 151.784
30.81 1.25 0.006 154.658
30.82 1.3 0.006 155.548
30.83 1.32 0.006 155.904
30.84 1.34 0.006 156.256
30.85 1.34 0.006 156.27
30.86 1.27 0.005 152.747
30.87 1.27 0.005 152.76
30.88 1.22 0.005 151.893
30.89 1.2 0.006 153.862
30.9 1.15 0.005 150.633
30.91 1.13 0.005 150.267
30.92 1.12 0.005 150.088
30.93 1.13 0.005 150.294
30.94 1.12 0.005 150.115
30.95 1.13 0.005 150.321
30.96 1.14 0.005 150.525
30.97 1.16 0.005 150.916
30.98 1.16 0.005 150.93
30.99 1.13 0.005 150.375
31 1.13 0.005 150.388
31.01 1.12 0.005 150.209
31.02 1.12 0.005 150.223
31.03 1.11 0.005 150.042
31.04 1.09 0.004 146.911
31.05 1.08 0.004 146.729
31.06 1.07 0.004 146.545
31.07 1.06 0.004 146.361
31.08 1.07 0.004 146.572
31.09 1.07 0.004 146.585
31.1 1.06 0.004 146.4
31.11 1.05 0.004 146.213
31.12 1.06 0.004 146.426
31.13 1.05 0.004 146.239
31.14 1.05 0.004 146.252
31.15 1.04 0.004 146.064
31.16 1.03 0.004 145.874
31.17 1.04 0.005 148.828
31.18 1.01 0.005 148.215
31.19 1.02 0.005 148.439
31.2 1 0.005 148.029
31.21 0.99 0.005 147.828
31.22 0.99 0.005 147.841
31.23 0.98 0.005 147.639
31.24 0.98 0.005 147.652
31.25 0.98 0.005 147.665
31.26 0.99 0.005 147.894
31.27 0.99 0.005 147.907
31.28 1 0.005 148.135
31.29 1.01 0.005 148.36
31.3 1.02 0.005 148.584
31.31 1.03 0.006 151.081
31.32 1.04 0.006 151.304
31.33 1.05 0.006 151.526
31.34 1.07 0.007 153.914
31.35 1.08 0.007 154.133
31.36 1.1 0.008 156.282
31.37 1.12 0.01 159.638
31.38 1.14 0.01 160.06
31.39 1.19 0.012 163.528
31.4 1.24 0.037 180.672
31.41 1.37 0.062 191.345
31.42 1.78 0.062 198.714
31.43 2.57 0.119 221.205
31.44 3.37 0.147 234.109
31.45 3.76 0.174 241.211
31.46 3.9 0.198 245.127
31.47 3.95 0.222 247.947
31.48 3.87 0.236 248.501
31.49 3.78 0.251 248.955
31.5 3.74 0.285 251.238
31.51 3.68 0.303 251.956
31.52 3.69 0.31 252.556
31.53 3.69 0.309 252.51
31.54 3.67 0.307 252.199
31.55 3.72 0.294 251.805
31.56 3.76 0.283 251.416
31.57 3.75 0.282 251.268
31.58 3.78 0.282 251.579
31.59 3.77 0.281 251.431
31.6 3.71 0.281 250.872
31.61 3.72 0.277 250.693
31.62 3.73 0.274 250.584
31.63 3.77 0.272 250.839
31.64 3.77 0.267 250.474
31.65 3.7 0.262 249.428
31.66 3.59 0.258 248.051
31.67 3.48 0.257 246.883
31.68 3.35 0.253 245.235
31.69 3.22 0.252 243.782
31.7 3.08 0.252 242.248
31.71 2.96 0.249 240.647
31.72 2.84 0.232 237.835
31.73 2.7 0.222 235.266
31.74 2.45 0.211 231.039
31.75 2.27 0.2 227.518
31.76 2.27 0.189 226.47
31.77 2 0.179 221.393
31.78 1.87 0.169 218.234
31.79 1.76 0.158 215.148
31.8 1.66 0.145 211.843
31.81 1.59 0.131 208.78
31.82 1.52 0.119 205.797
31.83 1.47 0.111 203.644
31.84 1.4 0.104 201.143
31.85 1.4 0.098 200.168
31.86 1.41 0.094 199.697
31.87 1.43 0.092 199.762
31.88 1.48 0.091 200.588
31.89 1.55 0.088 201.383
31.9 1.62 0.086 202.298
31.91 1.7 0.086 203.725
31.92 1.78 0.086 205.096
31.93 1.87 0.086 206.576
31.94 1.91 0.086 207.225
31.95 2 0.087 208.822
31.96 2.15 0.086 210.824
31.97 2.31 0.085 212.826
31.98 2.75 0.083 217.824
31.99 3.06 0.081 220.771
32 3.45 0.079 224.17
32.01 3.85 0.078 227.518
32.02 4.24 0.074 229.713
32.03 4.64 0.072 232.205
32.04 4.97 0.07 233.985
32.05 5.46 0.067 236.332
32.06 5.91 0.064 238.154
32.07 6.22 0.061 238.978
32.08 6.53 0.059 240.012
32.09 6.7 0.059 240.923
32.1 6.87 0.06 242.153
32.11 7.05 0.06 243.078
32.12 7.15 0.063 244.583
32.13 7.2 0.064 245.171
32.14 7.06 0.066 245.127
32.15 6.7 0.064 242.685
32.16 6.43 0.062 240.636
32.17 6.08 0.058 237.404
32.18 5.59 0.058 234.569
32.19 5.14 0.059 232.101
32.2 4.78 0.06 230.028
32.21 4.47 0.062 228.46
32.22 4.18 0.066 227.464
32.23 3.93 0.067 225.754
32.24 3.76 0.061 222.596
32.25 3.75 0.061 222.53
32.26 3.94 0.063 224.741
32.27 4.14 0.066 227.247
32.28 5.17 0.087 240.111
32.29 8.66 0.107 263.14
32.3 9.63 0.191 280.414
32.31 9.74 0.26 288.199
32.32 11.09 0.28 295.478
32.33 12.95 0.327 306.101
32.34 12.91 0.303 304.057
32.35 15.09 0.353 314.97
32.36 15.21 0.391 318.05
32.37 15.33 0.51 325.556
32.38 15.96 0.507 327.317
32.39 20.71 0.507 339.859
32.4 24.06 0.507 347.306
32.41 25.6 0.514 350.853
32.42 25.09 0.521 350.262
32.43 25.37 0.515 350.514
32.44 25.65 0.509 350.757
32.45 28.99 0.514 357.315
32.46 32.09 0 0
32.47 34.39 0 0
32.48 33.47 0 0
32.49 34.47 0 0
32.5 36.47 0 0
32.51 36.61 0 0
32.52 39.14 0 0
