0.02 7.72 0.0273 29.6353
0.03 9.21 0.0307 34.359
0.04 10.51 0.034 38.2578
0.05 11.17 0.045 42.0338
0.06 11.14 0.039 43.6789
0.07 11.28 0.045 46.2205
0.08 11.14 0.042 47.6083
0.09 10.71 0.039 48.6142
0.1 10.3 0.0433 50.2137
0.11 9.74 0.0477 51.5621
0.12 8.91 0.052 52.5272
0.13 8.44 0.053 53.3761
0.14 8.08 0.057 54.475
0.15 7.86 0.061 55.6226
0.16 7.49 0.066 56.6076
0.17 7.07 0.08 58.0144
0.18 6.8 0.085 58.9105
0.19 6.62 0.095 60.1259
0.2 6.41 0.093 60.5996
0.21 6.25 0.089 60.9805
0.22 6.05 0.093 61.7109
0.23 5.83 0.099 62.47
0.24 5.67 0.114 63.704
0.25 5.56 0.104 63.7607
0.26 5.45 0.084 63.1425
0.27 5.37 0.08 63.4148
0.28 5.31 0.073 63.4702
0.29 5.25 0.075 64.1317
0.3 5.19 0.07 64.2619
0.31 5.14 0.059 63.8454
0.32 5.09 0.054 63.8487
0.33 5.04 0.049 63.788
0.34 4.99 0.049 64.2273
0.35 4.91 0.048 64.4857
0.36 4.86 0.046 64.6676
0.37 4.81 0.044 64.8249
0.38 4.79 0.043 65.1434
0.39 4.79 0.043 65.6155
0.4 4.8 0.042 65.9696
0.41 4.84 0.042 66.5034
0.42 4.88 0.041 66.8955
0.43 4.9 0.04 67.236
0.44 4.92 0.04 67.7068
0.45 4.92 0.039 67.9877
0.46 4.93 0.038 68.2767
0.47 4.92 0.04 68.9597
0.48 4.89 0.04 69.3034
0.49 4.83 0.039 69.4316
0.5 4.74 0.034 68.8434
0.51 4.65 0.033 68.8614
0.52 4.56 0.032 68.863
0.53 4.55 0.032 69.2068
0.54 4.52 0.031 69.3178
0.55 4.48 0.031 69.5831
0.56 4.44 0.0307 69.7858
0.57 4.41 0.0303 69.9852
0.58 4.37 0.03 70.1741
0.59 4.33 0.029 70.2167
0.6 4.29 0.03 70.6503
0.61 4.27 0.03 70.928
0.62 4.25 0.03 71.2012
0.63 4.23 0.031 71.6653
0.64 4.22 0.032 72.1455
0.65 4.24 0.032 72.5065
0.66 4.27 0.032 72.8889
0.67 4.3 0.032 73.268
0.68 4.33 0.032 73.6441
0.69 4.33 0.032 73.9436
0.7 4.33 0.033 74.4303
0.71 4.32 0.033 74.6995
0.72 4.29 0.032 74.7237
0.73 4.26 0.033 75.1272
0.74 4.23 0.033 75.3351
0.75 4.2 0.033 75.5393
0.76 4.19 0.033 75.792
0.77 4.19 0.033 76.0679
0.78 4.2 0.033 76.3675
0.79 4.23 0.033 76.717
0.8 4.26 0.034 77.2558
0.81 4.29 0.035 77.7888
0.82 4.33 0.035 78.159
0.83 4.37 0.035 78.5267
0.84 4.4 0.035 78.8662
0.85 4.44 0.034 79.0385
0.86 4.48 0.033 79.2014
0.87 4.53 0.033 79.5834
0.88 4.56 0.033 79.9126
0.89 4.59 0.033 80.2398
0.9 4.61 0.033 80.5398
0.91 4.63 0.033 80.838
0.92 4.66 0.033 81.1594
0.93 4.67 0.032 81.2206
0.94 4.68 0.031 81.2726
0.95 4.7 0.031 81.5621
0.96 4.72 0.031 81.8499
0.97 4.79 0.031 82.2602
0.98 4.89 0.031 82.7409
0.99 5.02 0.031 83.2889
1 5.18 0.03 83.6715
1.01 5.39 0.028 83.9018
1.02 5.62 0.026 84.1195
1.03 5.8 0.024 84.1693
1.04 5.88 0.024 84.5623
1.05 5.93 0.024 84.891
1.06 6 0.024 85.259
1.07 6.1 0.022 85.0675
1.08 6.2 0.022 85.4877
1.09 6.22 0.022 85.7468
1.1 6.14 0.023 86.1226
1.11 5.98 0.025 86.6106
1.12 5.81 0.027 87.0224
1.13 5.69 0.028 87.2395
1.14 5.59 0.03 87.7326
1.15 5.52 0.031 88.0263
1.16 5.48 0.032 88.3792
1.17 5.44 0.034 88.9444
1.18 5.39 0.034 89.0367
1.19 5.32 0.034 89.0779
1.2 5.23 0.034 89.0663
1.21 5.1 0.035 89.1638
1.22 4.89 0.035 88.8286
1.23 4.6 0.036 88.4571
1.24 4.31 0.035 87.6234
1.25 4.06 0.035 87.0669
1.26 3.83 0.036 86.7333
1.27 3.64 0.036 86.2896
1.28 3.48 0.036 85.9199
1.29 3.36 0.036 85.672
1.3 3.28 0.035 85.3584
1.31 3.24 0.034 85.1838
1.32 3.24 0.034 85.364
1.33 3.28 0.033 85.482
1.34 3.34 0.033 85.8841
1.35 3.4 0.032 86.0621
1.36 3.45 0.032 86.4204
1.37 3.51 0.031 86.5828
1.38 3.56 0.031 86.9349
1.39 3.57 0.03 86.9074
1.4 3.57 0.029 86.8355
1.41 3.54 0.029 86.9018
1.42 3.49 0.028 86.6412
1.43 3.43 0.027 86.3323
1.44 3.36 0.026 85.9728
1.45 3.29 0.026 85.8776
1.46 3.22 0.025 85.4964
1.47 3.12 0.024 84.9814
1.48 3.02 0.024 84.7433
1.49 2.8867 0.028 85.4407
1.5 2.7533 0.027 84.7617
1.51 2.62 0.026 84.0494
1.52 2.48 0.025 83.2684
1.53 2.39 0.025 82.9774
1.54 2.29 0.026 82.8878
1.55 2.2 0.026 82.559
1.56 2.08 0.026 82.0415
1.57 1.93 0.024 80.7666
1.58 1.77 0.022 79.3309
1.59 1.59 0.019 77.3036
1.6 1.42 0.016 75.1061
1.61 1.26 0.015 73.5562
1.62 1.12 0.014 72.0291
1.63 1.01 0.014 71.0863
1.64 0.9 0.013 69.6042
1.65 0.82 0.01 67.3081
1.66 0.74 0.004 61.5558
1.67 0.68 0.001 54.2768
1.68 0.63 0 0
1.69 0.62 0.001 53.7372
1.7 0.6 0.001 53.5718
1.71 0.59 0.001 53.5295
1.72 0.58 0.002 56.6597
1.73 0.58 0.006 62.1828
1.74 0.57 0.009 64.2583
1.75 0.56 0.011 65.2778
1.76 0.5 0.012 64.7903
1.77 0.46 0.014 64.9455
1.78 0.44 0.014 64.6323
1.79 0.44 0.014 64.733
1.8 0.45 0.014 65.0435
1.81 0.45 0.014 65.1438
1.82 0.46 0.013 65.0481
1.83 0.5 0.013 65.9342
1.84 0.56 0.012 66.6752
1.85 0.56 0.013 67.2219
1.86 0.54 0.014 67.3853
1.87 0.55 0.015 68.0539
1.88 0.56 0.016 68.6998
1.89 0.58 0.018 69.8307
1.9 0.6 0.024 71.9778
1.91 0.61 0.029 73.4014
1.92 0.62 0.034 74.6619
1.93 0.67 0.041 76.7964
1.94 1.51 0.061 89.3591
1.95 1.59 0.067 90.8611
1.96 1.46 0.07 90.2078
1.97 0.92 0.081 85.5561
1.98 0.8733 0.087 85.5434
1.99 0.8267 0.079 84.3101
2 0.78 0.061 81.9417
2.01 0.76 0.054 80.9242
2.02 0.75 0.042 79.2079
2.03 0.72 0.035 77.6648
2.04 0.69 0.031 76.5192
2.05 0.67 0.03 76.0916
2.06 0.64 0.03 75.6936
2.07 0.61 0.03 75.2734
2.08 0.58 0.03 74.8289
2.09 0.57 0.027 74.089
2.1 0.56 0.0263 73.837
2.11 0.56 0.0257 73.7928
2.12 0.57 0.025 73.9084
2.13 0.57 0.024 73.7542
2.14 0.57 0.022 73.3176
2.15 0.57 0.021 73.1291
2.16 0.57 0.02 72.9269
2.17 0.56 0.019 72.5245
2.18 0.56 0.018 72.2914
2.19 0.58 0.017 72.405
2.2 0.61 0.016 72.6577
2.21 0.66 0.015 73.1853
2.22 0.72 0.015 74.2011
2.23 0.79 0.015 75.2932
2.24 0.87 0.015 76.4413
2.25 0.92 0.015 77.1544
2.26 1.05 0.015 78.7339
2.27 1.17 0.015 80.0687
2.28 1.26 0.015 81.0266
2.29 1.3 0.015 81.4912
2.3 1.28 0.014 80.9421
2.31 1.23 0.012 79.5493
2.32 1.17 0.011 78.503
2.33 1.1 0.011 77.9017
2.34 1.06 0.011 77.5796
2.35 1.02 0.011 77.2426
2.36 1.01 0.011 77.2242
2.37 1 0.011 77.2043
2.38 0.98 0.012 77.6302
2.39 0.97 0.014 78.6078
2.4 0.92 0.015 78.5512
2.41 0.86 0.015 77.882
2.42 0.8 0.014 76.7222
2.43 0.77 0.014 76.3887
2.44 0.79 0.014 76.7588
2.45 0.86 0.014 77.7914
2.46 0.99 0.014 79.4744
2.47 1.19 0.016 82.6131
2.48 1.41 0.019 85.9716
2.49 1.64 0.019 87.9612
2.5 1.62 0.02 88.2797
2.51 1.54 0.02 87.7356
2.52 1.45 0.02 87.0743
2.53 1.37 0.02 86.4607
2.54 1.31 0.02 85.9992
2.55 1.29 0.02 85.9027
2.56 1.27 0.02 85.8029
2.57 1.28 0.0203 86.0996
2.58 1.35 0.0207 86.9971
2.59 1.39 0.021 87.5625
2.6 1.4 0.022 88.0871
2.61 1.39 0.023 88.4166
2.62 1.37 0.026 89.2317
2.63 1.35 0.028 89.6886
2.64 1.34 0.029 89.9494
2.65 1.35 0.028 89.8777
2.66 1.37 0.027 89.8902
2.67 1.46 0.024 89.9266
2.68 1.55 0.024 90.7989
2.69 1.56 0.023 90.6556
2.7 1.48 0.022 89.7314
2.71 1.36 0.021 88.3937
2.72 1.26 0.018 86.4012
2.73 1.14 0.016 84.4205
2.74 1.04 0.015 82.9499
2.75 1.0267 0.0157 83.1953
2.76 1.0133 0.0163 83.3817
2.77 1 0.017 83.5989
2.78 1.04 0.018 84.5578
2.79 1.09 0.019 85.6007
2.8 1.11 0.021 86.6289
2.81 1.1 0.023 87.2599
2.82 1.09 0.025 87.8385
2.83 1.04 0.025 87.3325
2.84 0.98 0.024 86.3795
2.85 0.91 0.022 84.929
2.86 0.88 0.021 84.2756
2.87 0.87 0.019 83.5203
2.88 0.87 0.017 82.831
2.89 0.91 0.015 82.5848
2.9 0.95 0.013 82.1934
2.91 1 0.011 81.738
2.92 1.05 0.011 82.3928
2.93 1.28 0.011 84.8573
2.94 1.39 0.011 85.9521
2.95 1.76 0.016 91.8258
2.96 1.88 0.018 93.7032
2.97 2.05 0.021 96.1934
2.98 2.12 0.023 97.4851
2.99 2.12 0.024 97.922
3 2.06 0.023 97.2636
3.01 1.96 0.021 95.9296
3.02 1.89 0.02 95.1297
3.03 1.86 0.018 94.1689
3.04 1.86 0.018 94.2552
3.05 1.86 0.0177 94.2094
3.06 1.9 0.0173 94.4049
3.07 1.94 0.017 94.6366
3.08 1.89 0.019 95.244
3.09 1.82 0.021 95.606
3.1 1.78 0.023 96.1109
3.11 1.73 0.024 96.1429
3.12 1.69 0.025 96.2315
3.13 1.66 0.027 96.6861
3.14 1.6 0.028 96.552
3.15 1.51 0.028 95.8351
3.16 1.47 0.027 95.2607
3.17 1.37 0.024 93.4617
3.18 1.34 0.024 93.2458
3.19 1.32 0.024 93.1253
3.2 1.3 0.025 93.3181
3.21 1.28 0.025 93.1908
3.22 1.26 0.024 92.7446
3.23 1.28 0.024 93.0353
3.24 1.3 0.024 93.3234
3.25 1.34 0.025 94.1311
3.26 1.37 0.027 95.1195
3.27 1.38 0.027 95.3003
3.28 1.37 0.026 94.9827
3.29 1.37 0.027 95.362
3.3 1.36 0.026 95.043
3.31 1.34 0.026 94.9203
3.32 1.28 0.025 94.0678
3.33 1.21 0.024 93.0705
3.34 1.13 0.021 91.2161
3.35 1.04 0.019 89.4593
3.36 0.95 0.017 87.56
3.37 0.89 0.017 86.8129
3.38 0.85 0.015 85.4169
3.39 0.83 0.014 84.7068
3.4 0.83 0.012 83.6959
3.41 0.84 0.0123 84.0814
3.42 0.88 0.0127 84.9413
3.43 0.93 0.013 85.8561
3.44 0.98 0.014 87.1115
3.45 1.05 0.015 88.5592
3.46 1.1 0.016 89.7066
3.47 1.12 0.017 90.467
3.48 1.25 0.02 93.2347
3.49 1.24 0.02 93.2012
3.5 1.24 0.02 93.2754
3.51 1.27 0.02 93.6713
3.52 1.29 0.02 93.9566
3.53 1.31 0.0203 94.3561
3.54 1.34 0.0207 94.8926
3.55 1.36 0.021 95.2839
3.56 1.36 0.022 95.7282
3.57 1.37 0.024 96.6008
3.58 1.39 0.025 97.2076
3.59 1.37 0.024 96.751
3.6 1.34 0.023 96.1765
3.61 1.3 0.022 95.4778
3.62 1.26 0.022 95.1222
3.63 1.26 0.022 95.1951
3.64 1.25 0.022 95.1587
3.65 1.25 0.021 94.8635
3.66 1.24 0.02 94.4417
3.67 1.23 0.021 94.7873
3.68 1.22 0.021 94.7475
3.69 1.19 0.021 94.4797
3.7 1.17 0.02 93.9382
3.71 1.17 0.019 93.6084
3.72 1.19 0.018 93.4859
3.73 1.26 0.018 94.3289
3.74 1.35 0.018 95.3417
3.75 1.43 0.018 96.2068
3.76 1.48 0.018 96.7557
3.77 1.53 0.019 97.7302
3.78 1.59 0.02 98.766
3.79 1.65 0.021 99.7714
3.8 1.7 0.022 100.663
3.81 1.73 0.023 101.365
3.82 1.72 0.024 101.714
3.83 1.7 0.025 101.962
3.84 1.66 0.026 102.02
3.85 1.62 0.026 101.735
3.86 1.56 0.026 101.257
3.87 1.49 0.026 100.662
3.88 1.43 0.024 99.4752
3.89 1.36 0.023 98.4803
3.9 1.31 0.021 97.2813
3.91 1.26 0.02 96.4144
3.92 1.23 0.019 95.7392
3.93 1.21 0.018 95.1522
3.94 1.19 0.017 94.5405
3.95 1.19 0.016 94.1311
3.96 1.22 0.016 94.5357
3.97 1.24 0.016 94.8237
3.98 1.27 0.016 95.2173
3.99 1.3 0.016 95.6046
4 1.34 0.016 96.0896
4.01 1.45 0.016 97.255
4.02 1.7 0.017 100.081
4.03 2.03 0.019 103.697
4.04 2.39 0.021 107.125
4.05 2.71 0.023 109.985
4.06 2.89 0.023 111.084
4.07 3.04 0.021 111.129
4.08 3.22 0.019 111.2
4.09 3.4 0.019 112.151
4.1 3.4 0.019 112.227
4.11 3.52 0.019 112.865
4.12 3.74 0.022 115.33
4.13 3.67 0.0267 116.963
4.14 4.07 0.0313 120.38
4.15 4.93 0.036 125.282
4.16 5.86 0.044 130.689
4.17 6.69 0.046 133.788
4.18 7.38 0.045 135.535
4.19 8.11 0.045 137.48
4.2 8.81 0.046 139.476
4.21 9.42 0.048 141.42
4.22 9.9 0.05 143.015
4.23 10.23 0.053 144.485
4.24 10.45 0.056 145.689
4.25 10.58 0.058 146.471
4.26 10.63 0.055 146.02
4.27 10.68 0.053 145.764
4.28 10.74 0.0517 145.675
4.29 10.81 0.0503 145.573
4.3 10.86 0.049 145.447
4.31 10.91 0.05 145.883
4.32 11 0.049 145.904
4.33 11.05 0.048 145.843
4.34 11.1 0.046 145.515
4.35 11.1 0.047 145.869
4.36 11.1 0.049 146.469
4.37 11.11 0.051 147.07
4.38 11.21 0.051 147.354
4.39 11.4 0.051 147.804
4.4 11.64 0.051 148.342
4.41 11.87 0.05 148.61
4.42 12.05 0.05 149.026
4.43 12.14 0.05 149.279
4.44 12.18 0.05 149.444
4.45 12.2 0.05 149.573
4.46 12.1567 0.0493 149.414
4.47 12.1133 0.0487 149.278
4.48 12.07 0.048 149.114
4.49 12.09 0.05 149.75
4.5 12.1 0.052 150.35
4.51 12.13 0.054 150.97
4.52 12.18 0.057 151.834
4.53 12.29 0.059 152.561
4.54 12.41 0.062 153.5
4.55 12.57 0.064 154.285
4.56 12.72 0.066 155.039
4.57 12.89 0.067 155.625
4.58 13.03 0.068 156.155
4.59 13.2 0.069 156.732
4.6 13.48 0.071 157.676
4.61 13.6 0.071 157.972
4.62 13.65 0.072 158.335
4.63 13.61 0.074 158.725
4.64 13.47 0.076 158.936
4.65 13.22 0.076 158.603
4.66 12.89 0.076 158.121
4.67 12.55 0.075 157.434
4.68 12.19 0.075 156.869
4.69 11.76 0.074 155.978
4.7 11.3 0.073 155
4.71 10.86 0.072 154.031
4.72 10.44 0.072 153.249
4.73 10.03 0.071 152.279
4.74 9.63 0.071 151.479
4.75 9.41 0.072 151.24
4.76 9.42 0.073 151.525
4.77 9.75 0.075 152.71
4.78 10.41 0.078 154.751
4.79 11.24 0.082 157.214
4.8 12.01 0.086 159.444
4.81 12.55 0.088 160.857
4.82 12.88 0.088 161.553
4.83 13.07 0.089 162.139
4.84 13.26 0.089 162.57
4.85 13.38 0.091 163.176
4.86 13.46 0.091 163.41
4.87 13.58 0.089 163.41
4.88 13.58 0.082 162.392
4.89 13.51 0.074 160.983
4.9 13.39 0.067 159.543
4.91 13.31 0.065 159.094
4.92 13.25 0.067 159.482
4.93 13.23 0.067 159.538
4.94 13.23 0.064 159.02
4.95 13.15 0.058 157.674
4.96 13.07 0.0573 157.465
4.97 13 0.0567 157.294
4.98 12.94 0.056 157.114
4.99 12.91 0.058 157.609
5 13 0.06 158.3
5.01 13.16 0.064 159.522
5.02 13.56 0.07 161.499
5.03 13.94 0.071 162.425
5.04 14.23 0.07 162.805
5.05 14.45 0.07 163.255
5.06 14.6 0.07 163.588
5.07 14.68 0.072 164.191
5.08 14.76 0.074 164.785
5.09 14.9 0.075 165.283
5.1 15 0.076 165.716
5.11 15.01 0.079 166.357
5.12 14.99 0.079 166.415
5.13 14.95 0.075 165.723
5.14 14.89 0.066 163.964
5.15 14.74 0.06 162.52
5.16 14.51 0.059 162.013
5.17 14.38 0.058 161.66
5.18 14.24 0.057 161.286
5.19 14.04 0.057 161.044
5.2 13.88 0.056 160.628
5.21 13.74 0.054 159.994
5.22 13.58 0.054 159.81
5.23 13.4 0.056 160.071
5.24 13.22 0.058 160.312
5.25 13.08 0.06 160.604
5.26 12.96 0.062 160.914
5.27 12.81 0.064 161.154
5.28 12.64 0.066 161.342
5.29 12.44 0.067 161.258
5.3 12.28 0.068 161.241
5.31 12.12 0.068 161.021
5.32 12.09 0.067 160.85
5.33 12.1 0.066 160.752
5.34 12.11 0.064 160.443
5.35 12.07 0.063 160.24
5.36 12.05 0.063 160.285
5.37 12.04 0.062 160.136
5.38 12.03 0.063 160.413
5.39 11.95 0.063 160.341
5.4 11.92 0.065 160.783
5.41 11.97 0.066 161.168
5.42 12.09 0.064 161.069
5.43 12.34 0.059 160.537
5.44 12.68 0.054 160.066
5.45 13.04 0.051 160.032
5.46 12.9133 0.051 159.888
5.47 12.7867 0.05 159.48
5.48 12.66 0.053 160.107
5.49 12.48 0.054 160.107
5.5 12.32 0.054 159.89
5.51 12.11 0.056 160.059
5.52 11.92 0.056 159.775
5.53 11.77 0.048 157.531
5.54 11.86 0.0483 157.865
5.55 12.2 0.0487 158.697
5.56 12.68 0.049 159.743
5.57 13.1 0.052 161.37
5.58 13.38 0.055 162.701
5.59 13.59 0.058 163.87
5.6 13.66 0.062 164.986
5.61 13.73 0.063 165.409
5.62 13.83 0.063 165.664
5.63 13.87 0.065 166.247
5.64 13.86 0.068 166.937
5.65 13.85 0.068 167.002
5.66 13.78 0.057 164.529
5.67 13.65 0.05 162.603
5.68 13.59 0.049 162.306
5.69 13.43 0.049 162.109
5.7 13.27 0.051 162.448
5.71 13.12 0.052 162.524
5.72 12.94 0.051 162.018
5.73 12.72 0.05 161.43
5.74 12.47 0.05 161.048
5.75 12.11 0.055 161.725
5.76 11.98 0.056 161.794
5.77 11.67 0.059 161.964
5.78 11.3 0.06 161.517
5.79 10.85 0.062 161.091
5.8 10.39 0.063 160.379
5.81 9.86 0.065 159.666
5.82 9.25 0.067 158.679
5.83 8.3 0.069 156.68
5.84 7.69 0.069 155.041
5.85 7.11 0.071 153.738
5.86 6.24 0.073 151.296
5.87 5.98 0.074 150.614
5.88 5.32 0.075 148.334
5.89 5.15 0.075 147.712
5.9 4.91 0.076 146.931
5.91 4.76 0.077 146.504
5.92 4.69 0.077 146.261
5.93 4.71 0.076 146.26
5.94 4.77 0.076 146.596
5.95 4.87 0.075 146.941
5.96 4.97 0.073 147.109
5.97 5.04 0.07 146.961
5.98 4.98 0.067 146.242
5.99 4.91 0.064 145.456
6 4.66 0.058 143.255
6.01 4.43 0.057 142.074
6.02 4.32 0.056 141.418
6.03 3.88 0.051 138.232
6.04 3.56 0.046 135.424
6.05 3.23 0.041 132.329
6.06 2.95 0.038 129.849
6.07 2.9633 0.036 129.409
6.08 2.9767 0.036 129.552
6.09 2.99 0.036 129.695
6.1 3.68 0.039 134.585
6.11 4.37 0.044 139.413
6.12 4.63 0.045 140.905
6.13 4.62 0.044 140.662
6.14 4.52 0.043 140.015
6.15 4.38 0.041 138.893
6.16 4.2 0.04 137.835
6.17 3.99 0.039 136.595
6.18 3.78 0.036 134.696
6.19 3.61 0.034 133.232
6.2 3.52 0.034 132.808
6.21 3.49 0.034 132.704
6.22 3.45 0.034 132.543
6.23 3.45 0.033 132.273
6.24 3.48 0.032 132.158
6.25 3.54 0.032 132.543
6.26 3.64 0.032 133.135
6.27 3.82 0.032 134.123
6.28 4.05 0.033 135.664
6.29 4.25 0.035 137.34
6.3 4.35 0.037 138.5
6.31 4.37 0.037 138.653
6.32 4.34 0.037 138.577
6.33 4.29 0.038 138.714
6.34 4.25 0.039 138.888
6.35 4.24 0.04 139.194
6.36 4.3 0.04 139.537
6.37 4.41 0.039 139.812
6.38 4.51 0.039 140.325
6.39 4.59 0.04 141.039
6.4 4.65 0.041 141.655
6.41 4.69 0.04 141.6
6.42 4.69 0.039 141.364
6.43 4.65 0.037 140.633
6.44 4.62 0.036 140.243
6.45 4.57 0.037 140.403
6.46 4.6 0.038 140.909
6.47 4.61 0.039 141.318
6.48 4.63 0.038 141.162
6.49 4.66 0.037 141.04
6.5 4.72 0.037 141.361
6.51 4.79 0.039 142.344
6.52 4.91 0.04 143.214
6.53 5.07 0.042 144.524
6.54 5.26 0.042 145.353
6.55 5.5 0.044 146.92
6.56 5.73 0.045 148.129
6.57 5.9 0.045 148.816
6.58 6.01 0.042 148.422
6.59 6.13 0.041 148.609
6.6 6.21 0.041 148.95
6.61 6.24 0.04 148.81
6.62 6.2 0.039 148.422
6.63 6.18 0.038 148.094
6.64 6.25 0.038 148.397
6.65 6.42 0.039 149.356
6.66 6.8 0.04 150.979
6.67 7.39 0.044 154.08
6.68 7.91 0.048 156.791
6.69 8.13 0.051 158.274
6.7 8.17 0.055 159.45
6.71 8.26 0.056 160.008
6.72 8.42 0.057 160.753
6.73 8.5 0.059 161.502
6.74 8.47 0.057 161.024
6.75 8.33 0.052 159.481
6.76 8.16 0.049 158.289
6.77 7.97 0.048 157.547
6.78 7.73 0.047 156.645
6.79 7.47 0.046 155.66
6.8 7.12 0.045 154.369
6.81 6.77 0.044 153.029
6.82 6.5 0.043 151.906
6.83 6.3 0.042 150.989
6.84 6.13 0.04 149.847
6.85 6.05 0.041 149.933
6.86 6 0.043 150.409
6.87 6 0.046 151.317
6.88 6.1 0.048 152.277
6.89 6.28 0.049 153.24
6.9 6.51 0.05 154.358
6.91 6.76 0.05 155.26
6.92 6.91 0.05 155.814
6.93 7.01 0.051 156.457
6.94 7.17 0.05 156.771
6.95 7.42 0.05 157.609
6.96 7.66 0.05 158.397
6.97 7.77 0.049 158.519
6.98 7.71 0.048 158.134
6.99 7.62 0.049 158.201
7 7.53 0.048 157.722
7.01 7.44 0.05 158.048
7.02 7.26 0.049 157.289
7.03 7.03 0.041 154.318
7.04 6.8 0.035 151.632
7.05 6.61 0.034 150.71
7.06 6.4 0.033 149.698
7.07 6.24 0.034 149.583
7.08 6.07 0.035 149.408
7.09 5.91 0.037 149.582
7.1 5.75 0.038 149.382
7.11 5.62 0.039 149.271
7.12 5.48 0.038 148.467
7.13 5.29 0.0377 147.675
7.14 5.07 0.0373 146.701
7.15 4.85 0.037 145.726
7.16 4.63 0.039 145.447
7.17 4.4 0.042 145.333
7.18 4.18 0.043 144.602
7.19 4 0.042 143.463
7.2 3.88 0.042 142.89
7.21 3.82 0.043 142.904
7.22 3.87 0.044 143.502
7.23 4.04 0.046 144.984
7.24 4.29 0.047 146.561
7.25 4.51 0.047 147.677
7.26 4.68 0.048 148.783
7.27 4.79 0.047 149.077
7.28 4.82 0.042 147.878
7.29 4.84 0.036 146.136
7.3 4.88 0.027 142.904
7.31 4.96 0.0263 142.98
7.32 5.13 0.0257 143.455
7.33 5.34 0.025 144.01
7.34 5.52 0.026 145.227
7.35 5.69 0.026 145.918
7.36 5.87 0.026 146.629
7.37 5.92 0.026 146.864
7.38 6.01 0.026 147.238
7.39 6.02 0.025 146.849
7.4 5.95 0.023 145.643
7.41 5.83 0.022 144.735
7.42 5.66 0.022 144.173
7.43 5.42 0.023 143.861
7.44 5.22 0.029 145.925
7.45 5.02 0.028 144.738
7.46 4.82 0.028 143.947
7.47 4.9 0.03 145.173
7.48 5.2 0.031 146.875
7.49 5.81 0.033 150.074
7.5 6.67 0.037 154.608
7.51 7.68 0.043 159.824
7.52 8.59 0.048 163.976
7.53 9.34 0.05 166.591
7.54 9.97 0.05 168.226
7.55 10.48 0.05 169.501
7.56 10.84 0.051 170.671
7.57 11.08 0.049 170.704
7.58 11.19 0.046 170.114
7.59 11.2 0.041 168.576
7.6 11.12 0.039 167.764
7.61 11.09 0.038 167.398
7.62 11.18 0.038 167.654
7.63 11.36 0.039 168.465
7.64 11.64 0.04 169.475
7.65 11.94 0.039 169.801
7.66 12.34 0.04 171.031
7.67 12.53 0.041 171.822
7.68 12.68 0.042 172.525
7.69 12.81 0.044 173.511
7.7 12.89 0.045 174.055
7.71 12.89 0.045 174.118
7.72 12.81 0.046 174.343
7.73 12.67 0.047 174.442
7.74 12.46 0.048 174.39
7.75 12.2 0.049 174.222
7.76 11.9 0.051 174.24
7.77 11.58 0.052 173.9
7.78 11.3 0.053 173.625
7.79 11.04 0.054 173.376
7.8 10.86 0.054 173.027
7.81 10.76 0.055 173.123
7.82 10.73 0.057 173.63
7.83 10.76 0.062 174.981
7.84 10.84 0.066 176.144
7.85 10.97 0.067 176.73
7.86 11.14 0.068 177.403
7.87 11.42 0.069 178.318
7.88 11.7 0.072 179.639
7.89 11.95 0.074 180.662
7.9 12.12 0.073 180.889
7.91 12.25 0.073 181.23
7.92 12.32 0.076 182.052
7.93 12.27 0.076 182.009
7.94 12.24 0.072 181.192
7.95 12.21 0.069 180.551
7.96 12.15 0.065 179.591
7.97 12.01 0.052 176.055
7.98 11.83 0.042 172.639
7.99 11.67 0.0407 171.91
8 11.52 0.0393 171.151
8.01 11.43 0.038 170.539
8.02 11.37 0.04 171.198
8.03 11.31 0.041 171.479
8.04 11.32 0.044 172.571
8.05 11.33 0.046 173.292
8.06 11.35 0.046 173.396
8.07 11.43 0.049 174.547
8.08 11.49 0.053 175.883
8.09 11.61 0.056 177.016
8.1 11.71 0.057 177.557
8.11 11.8 0.058 178.071
8.12 11.86 0.059 178.516
8.13 11.9 0.06 178.914
8.14 11.88 0.061 179.178
8.15 11.86 0.062 179.438
8.16 11.9 0.062 179.586
8.17 11.96 0.061 179.535
8.18 12.04 0.059 179.27
8.19 12.09 0.058 179.183
8.2 12.15 0.057 179.112
8.21 12.14 0.057 179.152
8.22 12.1 0.056 178.864
8.23 12.05 0.056 178.818
8.24 12 0.056 178.771
8.25 11.96 0.056 178.745
8.26 11.9 0.057 178.939
8.27 11.88 0.058 179.215
8.28 11.85 0.058 179.21
8.29 11.83 0.059 179.482
8.3 11.81 0.06 179.75
8.31 11.77 0.061 179.969
8.32 11.78 0.063 180.535
8.33 11.8 0.065 181.11
8.34 11.86 0.065 181.303
8.35 11.95 0.065 181.561
8.36 12.05 0.065 181.839
8.37 12.17 0.065 182.159
8.38 12.3 0.065 182.499
8.39 12.41 0.064 182.558
8.4 12.5 0.063 182.569
8.41 12.55 0.063 182.735
8.42 12.6 0.063 182.9
8.43 12.6 0.063 182.96
8.44 12.4833 0.059 181.781
8.45 12.3667 0.059 181.595
8.46 12.25 0.059 181.407
8.47 12.1 0.058 180.887
8.48 11.87 0.059 180.704
8.49 11.55 0.06 180.305
8.5 11.15 0.061 179.698
8.51 10.73 0.063 179.246
8.52 10.35 0.064 178.61
8.53 10 0.064 177.785
8.54 9.69 0.065 177.267
8.55 9.51 0.066 177.071
8.56 9.38 0.067 177
8.57 9.33 0.069 177.354
8.58 9.35 0.072 178.096
8.59 9.31 0.074 178.45
8.6 9.25 0.077 178.932
8.61 9.13 0.08 179.223
8.62 8.99 0.083 179.431
8.63 8.85 0.085 179.439
8.64 8.71 0.086 179.259
8.65 8.54 0.085 178.635
8.66 8.32 0.076 176.372
8.67 8.08 0.063 172.966
8.68 7.97 0.061 172.217
8.69 7.71 0.058 170.733
8.7 7.44 0.058 169.914
8.71 7.13 0.058 168.929
8.72 6.87 0.059 168.321
8.73 6.67 0.059 167.66
8.74 6.49 0.057 166.575
8.75 6.46 0.056 166.272
8.76 6.69 0.062 168.586
8.77 6.82 0.065 169.774
8.78 7.34 0.073 173.3
8.79 7.77 0.077 175.559
8.8 8.34 0.08 177.979
8.81 8.69 0.082 179.461
8.82 9.98 0.087 184.035
8.83 10.45 0.089 185.668
8.84 11.42 0.092 188.635
8.85 12.36 0.091 190.683
8.86 14.03 0.092 194.432
8.87 14.45 0.092 195.321
8.88 15.24 0.093 197.063
8.89 16.31 0.097 199.759
8.9 16.88 0.099 201.153
8.91 17.12 0.1 201.794
8.92 17.54 0.096 201.876
8.93 17.85 0.081 199.607
8.94 17.99 0.068 197.006
8.95 18.16 0.059 195.017
8.96 18.24 0.057 194.642
8.97 18.37 0.056 194.614
8.98 18.53 0.054 194.329
8.99 18.61 0.052 193.9
9 18.85 0.0523 194.411
9.01 19.01 0.0527 194.832
9.02 19.14 0.053 195.175
9.03 19.22 0.056 196.25
9.04 19.36 0.059 197.37
9.05 19.43 0.063 198.615
9.06 19.56 0.067 199.888
9.07 19.65 0.07 200.812
9.08 19.75 0.07 201.02
9.09 19.84 0.069 200.973
9.1 19.97 0.071 201.702
9.11 20.16 0.07 201.801
9.12 20.48 0.068 201.833
9.13 21.25 0.067 202.721
9.14 20.88 0.0633 201.316
9.15 20.84 0.0597 200.343
9.16 21.11 0.056 199.71
9.17 21.36 0.055 199.81
9.18 21.32 0.058 200.702
9.19 21.03 0.061 201.209
9.2 21.34 0.064 202.502
9.21 21.14 0.0697 203.73
9.22 20.49 0.0753 204.185
9.23 19.19 0.081 203.56
9.24 18.83 0.077 202.213
9.25 18.59 0.072 200.776
9.26 18.85 0.071 201.004
9.27 19.25 0.0717 201.838
9.28 19.37 0.0723 202.22
9.29 19.28 0.073 202.307
9.3 19.52 0.077 203.63
9.31 19.87 0.1017 208.995
9.32 19.41 0.1263 212.143
9.33 18.98 0.151 214.689
9.34 19.06 0.152 215.001
9.35 19.14 0.148 214.718
9.36 19.06 0.146 214.41
9.37 18.94 0.157 215.577
9.38 18.86 0.165 216.403
9.39 18.76 0.165 216.301
9.4 18.6 0.158 215.321
9.41 18.48 0.154 214.725
9.42 18.26 0.145 213.347
9.43 17.92 0.098 206.007
9.44 17.58 0.104 206.519
9.45 17.24 0.092 203.909
9.46 17.02 0.086 202.453
9.47 16.96 0.077 200.556
9.48 17.1 0.07 199.266
9.49 17.11 0.07 199.342
9.5 16.88 0.07 199.012
9.51 16.65 0.069 198.439
9.52 16.34 0.0677 197.648
9.53 16.24 0.0663 197.188
9.54 16.18 0.065 196.816
9.55 16.15 0.065 196.82
9.56 16.13 0.065 196.842
9.57 16.05 0.068 197.499
9.58 15.91 0.071 198.017
9.59 15.69 0.07 197.445
9.6 15.37 0.067 196.2
9.61 14.82 0.069 195.708
9.62 14.38 0.072 195.609
9.63 13.6 0.073 194.323
9.64 12.75 0.074 192.799
9.65 11.94 0.082 192.679
9.66 11.16 0.085 191.44
9.67 11.0367 0.082 190.618
9.68 10.9133 0.082 190.365
9.69 10.79 0.087 191.046
9.7 11.94 0.091 194.635
9.71 14.73 0.098 201.909
9.72 17.12 0.096 206.034
9.73 19.17 0.121 213.549
9.74 20.48 0.126 216.381
9.75 22.34 0.109 216.542
9.76 23.02 0.103 216.519
9.77 22.79 0.108 217.122
9.78 22.52 0.073 209.86
9.79 22.74 0.063 207.653
9.8 22.62 0.055 205.222
9.81 22.49 0.049 203.148
9.82 22.12 0.057 205.288
9.83 22.08 0.065 207.548
9.84 21.11 0.073 208.269
9.85 19.87 0.125 215.972
9.86 19.28 0.161 219.674
9.87 18.94 0.148 217.644
9.88 18.99 0.133 215.86
9.89 19.16 0.134 216.333
9.9 18.95 0.135 216.184
9.91 17.91 0.136 214.626
9.92 17.57 0.138 214.355
9.93 17.33 0.122 211.808
9.94 17.13 0.117 210.778
9.95 16.92 0.114 210.008
9.96 16.68 0.113 209.482
9.97 16.47 0.109 208.532
9.98 16.21 0.108 207.953
9.99 15.91 0.093 204.887
10 15.7 0.086 203.225
10.01 15.56 0.083 202.421
10.02 15.47 0.084 202.51
10.03 15.43 0.086 202.887
10.04 15.38 0.084 202.452
10.05 15.34 0.073 200.082
10.06 15.35 0.068 198.978
10.07 15.31 0.067 198.713
10.08 15.27 0.066 198.444
10.09 15.24 0.065 198.191
10.1 15.23 0.064 197.971
10.11 15.25 0.064 198.063
10.12 15.29 0.064 198.192
10.13 15.35 0.065 198.615
10.14 15.5 0.066 199.2
10.15 15.72 0.065 199.406
10.16 16.13 0.065 200.202
10.17 16.69 0.064 200.984
10.18 17.93 0.064 203.124
10.19 18.97 0.064 204.836
10.2 20.33 0.068 207.991
10.21 21.33 0.078 211.897
10.22 20.75 0.079 211.338
10.23 22.06 0.051 205.642
10.24 24.21 0.04 204.3
10.25 25.86 0.037 204.971
10.26 26.52 0.037 205.772
10.27 26.55 0.0443 208.968
10.28 27.47 0.0517 212.77
10.29 28.49 0.059 216.312
10.3 29.34 0.138 233.205
10.31 28.8 0.16 235.526
10.32 30.58 0.182 240.194
10.33 30.82 0.171 239.285
10.34 32.49 0.146 238.024
10.35 33.81 0.1247 236.336
10.36 34 0.1033 232.913
10.37 35.47 0.082 229.94
10.38 36.68 0.08 230.641
10.39 37.77 0.078 231.19
10.4 40.96 0.076 233.462
10.41 42.6 0.072 233.794
