0.02 0 0 0
0.03 0 0 0
0.04 0 0 0
0.05 0 0 0
0.06 0 0 0
0.07 0 0 0
0.08 0 0 0
0.09 0 0 0
0.1 0 0 0
0.11 0 0 0
0.12 0 0 0
0.13 0 0 0
0.14 0 0 0
0.15 0 0 0
0.16 0 0 0
0.17 0.01 0 0
0.18 0.01 0 0
0.19 0 0 0
0.2 0 0 0
0.21 0.01 0 0
0.22 0 0 0
0.23 0 0 0
0.24 0.01 0 0
0.25 0.01 0 0
0.26 0 0 0
0.27 0 0 0
0.28 0 0 0
0.29 0.01 0 0
0.3 0 0 0
0.31 0.01 0 0
0.32 0 0 0
0.33 0.01 0 0
0.34 0 0 0
0.35 0.01 0 0
0.36 0.01 0 0
0.37 0.01 0 0
0.38 0.01 0 0
0.39 0.01 0 0
0.4 0.01 0 0
0.41 0.01 0 0
0.42 0.01 0 0
0.43 0.01 0 0
0.44 0.01 0 0
0.45 0.01 0 0
0.46 0.16 0 0
0.47 0.26 0 0
0.48 0.54 0.001 37.1251
0.49 0.77 0.001 39.2959
0.5 1.02 0.001 41.15
0.51 1.18 0.002 44.763
0.52 1.29 0.006 49.9498
0.53 1.32 0.008 51.602
0.54 1.37 0.012 53.9385
0.55 1.42 0.014 55.1983
0.56 1.48 0.017 56.7159
0.57 1.53 0.02 58.0487
0.58 1.61 0.024 59.6578
0.59 1.72 0.027 61.1111
0.6 1.81 0.029 62.2187
0.61 2.1 0.033 64.5475
0.62 2.22 0.034 65.5234
0.63 2.6 0.039 68.1032
0.64 2.81 0.044 69.869
0.65 3.04 0.05 71.7292
0.66 3.14 0.054 72.8357
0.67 3.2 0.058 73.7778
0.68 3.26 0.062 74.694
0.69 3.25 0.066 75.3555
0.7 3.23 0.071 76.051
0.71 3.24 0.077 76.9028
0.72 3.25 0.086 77.9503
0.73 3.3 0.091 78.7916
0.74 3.31 0.096 79.4775
0.75 3.29 0.102 80.1081
0.76 3.25 0.105 80.4559
0.77 3.15 0.108 80.5749
0.78 3.06 0.111 80.7114
0.79 2.99 0.113 80.8483
0.8 2.89 0.115 80.853
0.81 2.81 0.116 80.8636
0.82 2.77 0.117 81.0304
0.83 2.75 0.119 81.3338
0.84 2.75 0.12 81.6619
0.85 2.75 0.119 81.8739
0.86 2.77 0.118 82.1686
0.87 2.75 0.117 82.2889
0.88 2.74 0.115 82.3892
0.89 2.74 0.113 82.5278
0.9 2.72 0.109 82.4497
0.91 2.73 0.108 82.6836
0.92 2.72 0.105 82.6974
0.93 2.72 0.103 82.8137
0.94 2.72 0.1 82.8563
0.95 2.67 0.096 82.5976
0.96 2.63 0.093 82.4405
0.97 2.58 0.089 82.1491
0.98 2.53 0.085 81.8381
0.99 2.5 0.082 81.684
1 2.44 0.079 81.3738
1.01 2.36 0.075 80.8581
1.02 2.3 0.073 80.5983
1.03 2.24 0.07 80.2296
1.04 2.2 0.067 79.945
1.05 2.13 0.064 79.4821
1.06 2.08 0.06 78.9944
1.07 2.04 0.057 78.6434
1.08 1.99 0.054 78.2131
1.09 1.98 0.052 78.1113
1.1 1.97 0.05 77.9978
1.11 1.97 0.048 77.9292
1.12 2.01 0.046 78.0732
1.13 2.04 0.045 78.2902
1.14 2.02 0.031 75.9782
1.15 2.16 0.029 76.4759
1.16 2.24 0.027 76.6059
1.17 2.28 0.026 76.7436
1.18 2.3 0.024 76.5109
1.19 2.33 0.023 76.5623
1.2 2.39 0.022 76.7378
1.21 2.41 0.022 77.0073
1.22 2.45 0.022 77.3669
1.23 2.45 0.022 77.5427
1.24 2.47 0.021 77.5079
1.25 2.48 0.021 77.7264
1.26 2.52 0.018 77.0835
1.27 2.55 0.018 77.3848
1.28 2.56 0.017 77.2293
1.29 2.59 0.017 77.5265
1.3 2.6 0.017 77.7363
1.31 2.62 0.017 77.988
1.32 2.64 0.017 78.2387
1.33 2.65 0.017 78.4457
1.34 2.67 0.018 79.0695
1.35 2.68 0.018 79.2758
1.36 2.69 0.019 79.8396
1.37 2.7 0.019 80.0451
1.38 2.7 0.02 80.5501
1.39 2.71 0.021 81.0834
1.4 2.71 0.021 81.2452
1.41 2.71 0.022 81.7218
1.42 2.72 0.022 81.9259
1.43 2.72 0.023 82.3901
1.44 2.72 0.023 82.5498
1.45 2.72 0.024 83.0022
1.46 2.72 0.024 83.1609
1.47 2.73 0.024 83.3629
1.48 2.72 0.024 83.4761
1.49 2.71 0.025 83.8725
1.5 2.7 0.025 83.9839
1.51 2.68 0.025 84.0492
1.52 2.68 0.026 84.4788
1.53 2.67 0.026 84.5874
1.54 2.66 0.026 84.6949
1.55 2.66 0.027 85.1143
1.56 2.65 0.027 85.2204
1.57 2.64 0.027 85.3254
1.58 2.64 0.028 85.7352
1.59 2.61 0.028 85.7444
1.6 2.62 0.028 85.9413
1.61 2.61 0.029 86.2945
1.62 2.63 0.029 86.5383
1.63 2.66 0.029 86.8281
1.64 2.69 0.029 87.1165
1.65 2.73 0.03 87.6965
1.66 2.75 0.03 87.9363
1.67 2.82 0.03 88.4027
1.68 2.84 0.03 88.6397
1.69 2.88 0.03 88.965
1.7 2.92 0.031 89.5322
1.71 2.97 0.031 89.8978
1.72 3.02 0.031 90.2604
1.73 3.09 0.031 90.7047
1.74 3.12 0.032 91.2173
1.75 3.16 0.033 91.7651
1.76 3.15 0.034 92.0971
1.77 3.14 0.036 92.6396
1.78 3.13 0.037 92.9538
1.79 3.04 0.038 92.9143
1.8 2.97 0.04 93.1434
1.81 2.95 0.041 93.3879
1.82 2.93 0.043 93.8104
1.83 2.93 0.046 94.4821
1.84 2.92 0.05 95.2372
1.85 2.9 0.053 95.7495
1.86 2.83 0.054 95.705
1.87 2.72 0.0533 95.1988
1.88 2.69 0.0527 95.0983
1.89 2.56 0.052 94.4566
1.9 2.42 0.057 94.5517
1.91 2.33 0.062 94.8356
1.92 2.19 0.064 94.3786
1.93 2.08 0.067 94.1745
1.94 2.01 0.071 94.3
1.95 1.91 0.077 94.3783
1.96 1.77 0.083 94.0677
1.97 1.53 0.091 92.9538
1.98 1.46 0.092 92.5432
1.99 1.43 0.09 92.2275
2 1.4 0.09 92.0745
2.01 1.4 0.09 92.2023
2.02 1.4 0.089 92.2438
2.03 1.43 0.09 92.7391
2.04 1.51 0.089 93.5098
2.05 1.69 0.087 94.9881
2.06 1.76 0.088 95.7652
2.07 2 0.084 97.2985
2.08 2.32 0.08 99.1304
2.09 2.55 0.079 100.518
2.1 2.7 0.081 101.694
2.11 2.75 0.083 102.306
2.12 2.97 0.089 104.185
2.13 3.07 0.094 105.298
2.14 3.17 0.102 106.645
2.15 3.2367 0.1107 107.836
2.16 3.3033 0.1193 108.968
2.17 3.37 0.128 110.066
2.18 3.32 0.137 110.593
2.19 3.27 0.15 111.329
2.2 3.21 0.162 111.887
2.21 3.14 0.17 112.122
2.22 3.09 0.181 112.589
2.23 2.97 0.188 112.443
2.24 2.86 0.194 112.266
2.25 2.79 0.198 112.195
2.26 2.65 0.196 111.41
2.27 2.57 0.197 111.102
2.28 2.47 0.192 110.368
2.29 2.4 0.19 109.95
2.3 2.32 0.186 109.353
2.31 2.23 0.18 108.567
2.32 2.21 0.175 108.302
2.33 2.17 0.165 107.619
2.34 2.15 0.157 107.159
2.35 2.11 0.153 106.767
2.36 2.05 0.147 106.096
2.37 2.03 0.145 105.951
2.38 2 0.138 105.413
2.39 1.98 0.129 104.793
2.4 1.98 0.124 104.57
2.41 1.97 0.12 104.33
2.42 1.95 0.12 104.297
2.43 1.94 0.12 104.339
2.44 1.89 0.119 103.994
2.45 1.9 0.117 104.045
2.46 1.95 0.114 104.327
2.47 1.98 0.114 104.675
2.48 1.98 0.114 104.792
2.49 1.9 0.112 104.135
2.5 1.87 0.112 104.012
2.51 1.8 0.109 103.324
2.52 1.76 0.107 102.945
2.53 1.75 0.105 102.812
2.54 1.71 0.103 102.419
2.55 1.67 0.105 102.346
2.56 1.6 0.104 101.746
2.57 1.55 0.103 101.311
2.58 1.48 0.102 100.666
2.59 1.41 0.102 100.073
2.6 1.35 0.104 99.7162
2.61 1.33 0.103 99.5283
2.62 1.28 0.099 98.7599
2.63 1.29 0.098 98.8918
2.64 1.29 0.096 98.8265
2.65 1.35 0.095 99.4935
2.66 1.41 0.093 100.046
2.67 1.54 0.09 101.154
2.68 1.74 0.085 102.567
2.69 1.89 0.081 103.487
2.7 2.06 0.081 104.887
2.71 2.11 0.08 105.249
2.72 2.14 0.078 105.349
2.73 2.22 0.073 105.432
2.74 2.27 0.0723 105.794
2.75 2.37 0.0717 106.487
2.76 2.51 0.071 107.391
2.77 2.65 0.076 108.958
2.78 2.75 0.078 109.888
2.79 2.87 0.081 111.024
2.8 2.92 0.09 112.392
2.81 2.93 0.094 112.967
2.82 2.96 0.104 114.201
2.83 2.9 0.109 114.423
2.84 2.79 0.115 114.408
2.85 2.74 0.12 114.627
2.86 2.75 0.121 114.879
2.87 2.93 0.127 116.513
2.88 3.13 0.131 118.044
2.89 3.33 0.134 119.441
2.9 3.53 0.135 120.639
2.91 3.62 0.133 121.043
2.92 3.62 0.132 121.082
2.93 3.63 0.13 121.092
2.94 3.57 0.128 120.76
2.95 3.54 0.127 120.648
2.96 3.57 0.125 120.749
2.97 3.65 0.125 121.249
2.98 3.75 0.124 121.754
2.99 3.82 0.122 122.027
3 3.94 0.12 122.517
3.01 4.09 0.116 122.945
3.02 4.18 0.112 123.085
3.03 4.27 0.106 123.012
3.04 4.32 0.099 122.632
3.05 4.38 0.092 122.24
3.06 4.43 0.087 121.983
3.07 4.43 0.082 121.494
3.08 4.43 0.08 121.354
3.09 4.41 0.079 121.257
3.1 4.31 0.079 120.966
3.11 4.2 0.081 120.876
3.12 4.05 0.082 120.475
3.13 3.89 0.084 120.125
3.14 3.79 0.084 119.781
3.15 3.79 0.046 114.029
3.16 3.79 0.0457 114.067
3.17 3.79 0.0453 114.084
3.18 3.85 0.045 114.379
3.19 3.89 0.049 115.465
3.2 3.89 0.054 116.503
3.21 3.88 0.056 116.914
3.22 3.87 0.057 117.144
3.23 3.82 0.056 116.854
3.24 3.75 0.049 115.354
3.25 3.65 0.043 113.762
3.26 3.57 0.041 113.047
3.27 3.44 0.041 112.541
3.28 3.2 0.046 112.542
3.29 3.03 0.047 111.955
3.3 2.78 0.048 110.863
3.31 2.7 0.047 110.297
3.32 2.66 0.045 109.755
3.33 2.62 0.04 108.539
3.34 2.68 0.043 109.642
3.35 2.85 0.046 111.332
3.36 3.12 0.049 113.481
3.37 3.28 0.057 115.844
3.38 3.32 0.06 116.639
3.39 3.1 0.059 115.426
3.4 3.03 0.059 115.141
3.41 2.84 0.059 114.166
3.42 2.65 0.062 113.593
3.43 2.42 0.066 112.794
3.44 2.22 0.068 111.769
3.45 2.01 0.064 109.715
3.46 1.87 0.061 108.234
3.47 1.77 0.061 107.467
3.48 1.69 0.062 106.984
3.49 1.64 0.063 106.75
3.5 1.65 0.063 106.928
3.51 1.66 0.062 106.964
3.52 1.64 0.059 106.421
3.53 1.6 0.059 106.127
3.54 1.57 0.06 106.07
3.55 1.56 0.059 105.907
3.56 1.56 0.057 105.687
3.57 1.65 0.055 106.31
3.58 1.76 0.054 107.223
3.59 2.15 0.0553 110.662
3.6 2.7 0.0567 114.679
3.61 3.07 0.058 117.13
3.62 3.23 0.057 117.911
3.63 3.16 0.052 116.734
3.64 3.02 0.051 115.876
3.65 2.95 0.05 115.384
3.66 2.93 0.049 115.165
3.67 2.98 0.05 115.727
3.68 3.05 0.051 116.395
3.69 3.13 0.052 117.107
3.7 3.19 0.054 117.885
3.71 3.21 0.055 118.26
3.72 3.17 0.055 118.135
3.73 3.08 0.055 117.734
3.74 2.99 0.054 117.141
3.75 2.9 0.055 116.891
3.76 2.78 0.056 116.443
3.77 2.69 0.055 115.804
3.78 2.56 0.051 114.345
3.79 2.5167 0.046 113.172
3.8 2.4733 0.045 112.766
3.81 2.43 0.044 112.351
3.82 2.66 0.043 113.689
3.83 3.27 0.044 117.43
3.84 3.64 0.048 120.21
3.85 3.89 0.052 122.264
3.86 3.94 0.055 123.151
3.87 3.86 0.054 122.689
3.88 3.84 0.055 122.873
3.89 3.86 0.059 123.773
3.9 3.93 0.062 124.696
3.91 4 0.06 124.762
3.92 4.13 0.055 124.522
3.93 4.26 0.053 124.783
3.94 4.43 0.053 125.576
3.95 4.6 0.053 126.348
3.96 4.69 0.054 126.988
3.97 4.69 0.054 127.077
3.98 4.6 0.053 126.614
3.99 4.27 0.052 125.153
4 4.08 0.053 124.619
4.01 3.89 0.056 124.421
4.02 3.71 0.059 124.199
4.03 3.56 0.059 123.548
4.04 3.35 0.057 122.204
4.05 3.06 0.053 119.976
4.06 2.91 0.052 119.004
4.07 2.79 0.051 118.174
4.08 2.72 0.05 117.629
4.09 2.74 0.049 117.635
4.1 3.58 0.0493 122.398
4.11 3.98 0.0497 124.447
4.12 4.83 0.05 128.116
4.13 5.98 0.06 134.227
4.14 6.08 0.0583 134.317
4.15 6.26 0.0567 134.66
4.16 6.38 0.055 134.778
4.17 6.29 0.053 134.178
4.18 6.16 0.053 133.864
4.19 6.03 0.055 133.954
4.2 6 0.058 134.54
4.21 6.13 0.06 135.427
4.22 6.31 0.062 136.454
4.23 6.47 0.063 137.219
4.24 6.53 0.065 137.85
4.25 6.46 0.067 138.074
4.26 6.42 0.067 138.041
4.27 6.39 0.069 138.376
4.28 6.4 0.074 139.306
4.29 6.45 0.079 140.314
4.3 6.5 0.082 140.997
4.31 6.56 0.085 141.698
4.32 6.52 0.086 141.803
4.33 6.34 0.085 141.185
4.34 6.28 0.083 140.804
4.35 6.23 0.081 140.446
4.36 6.28 0.079 140.405
4.37 6.27 0.079 140.463
4.38 6.18 0.08 140.406
4.39 6.03 0.074 139.094
4.4 5.65 0.062 135.869
4.41 5.46 0.057 134.343
4.42 5.25 0.057 133.671
4.43 5.03 0.057 132.933
4.44 4.8 0.049 130.471
4.45 4.67 0.045 129.119
4.46 4.55 0.042 127.98
4.47 4.44 0.041 127.353
4.48 4.12 0.041 126.067
4.49 3.9 0.042 125.404
4.5 3.68 0.043 124.68
4.51 3.55 0.043 124.113
4.52 3.53 0.038 122.819
4.53 3.54 0.037 122.672
4.54 3.59 0.038 123.268
4.55 3.65 0.04 124.167
4.56 3.72 0.042 125.09
4.57 3.85 0.044 126.275
4.58 3.95 0.044 126.819
4.59 4.02 0.042 126.726
4.6 4.09 0.04 126.603
4.61 4.1 0.0393 126.538
4.62 4.13 0.0387 126.585
4.63 4.06 0.038 126.158
4.64 3.97 0.038 125.827
4.65 3.85 0.036 124.784
4.66 3.67 0.033 123.107
4.67 3.59 0.032 122.476
4.68 3.51 0.031 121.829
4.69 3.52 0.028 120.923
4.7 3.6 0.0287 121.637
4.71 3.81 0.0293 122.918
4.72 4.13 0.03 124.671
4.73 4.36 0.033 126.723
4.74 4.51 0.036 128.342
4.75 4.58 0.038 129.283
4.76 4.66 0.038 129.682
4.77 4.92 0.038 130.776
4.78 5.33 0.037 132.075
4.79 5.64 0.038 133.528
4.8 5.8 0.041 134.996
4.81 5.5 0.041 134.045
4.82 5.16 0.037 131.765
4.83 4.97 0.035 130.526
4.84 4.69 0.034 129.203
4.85 4.54 0.035 128.984
4.86 4.39 0.035 128.435
4.87 4.41 0.035 128.593
4.88 4.5 0.035 129.041
4.89 4.77 0.036 130.508
4.9 5.21 0.038 132.848
4.91 5.57 0.04 134.782
4.92 5.78 0.043 136.397
4.93 5.81 0.045 137.094
4.94 5.54 0.045 136.234
4.95 5.21 0.043 134.601
4.96 4.79 0.042 132.796
4.97 4.47 0.038 130.463
4.98 4.17 0.035 128.355
4.99 3.94 0.035 127.382
5 3.82 0.035 126.886
5.01 3.73 0.035 126.522
5.02 3.74 0.038 127.51
5.03 3.81 0.04 128.469
5.04 3.87 0.043 129.607
5.05 4.03 0.045 130.931
5.06 4.21 0.046 132.072
5.07 4.46 0.046 133.246
5.08 4.76 0.046 134.575
5.09 5 0.046 135.606
5.1 5.28 0.047 136.994
5.11 5.61 0.046 138.023
5.12 5.98 0.046 139.374
5.13 6.45 0.046 140.977
5.14 6.7733 0.047 142.305
5.15 7.0967 0.046 143.085
5.16 7.42 0.046 144.083
5.17 8.06 0.046 145.889
5.18 9.47 0.045 149.122
5.19 9.99 0.045 150.355
5.2 11.15 0.044 152.549
5.21 12.97 0.039 154.432
5.22 13.88 0.039 156.031
5.23 14.53 0.037 156.459
5.24 15.16 0.035 156.776
5.25 15.67 0.034 157.228
5.26 16.16 0.034 158.011
5.27 16.62 0.035 159.118
5.28 16.86 0.035 159.531
5.29 17.09 0.036 160.302
5.3 17.27 0.037 160.994
5.31 17.32 0.04 162.195
5.32 17.57 0.042 163.276
5.33 17.58 0.046 164.616
5.34 17.69 0.048 165.435
5.35 17.8 0.051 166.506
5.36 17.8 0.054 167.387
5.37 17.99 0.056 168.238
5.38 17.99 0.059 169.058
5.39 18.04 0.062 169.912
5.4 18.12 0.064 170.558
5.41 18.02 0.068 171.372
5.42 18.21 0.068 171.719
5.43 18.18 0.069 171.975
5.44 18.19 0.07 172.283
5.45 18.28 0.07 172.494
5.46 18.12 0.071 172.567
5.47 18.25 0.071 172.832
5.48 18.17 0.072 173.012
5.49 18.09 0.073 173.188
5.5 18.21 0.074 173.637
5.51 18.14 0.077 174.204
5.52 18.26 0.079 174.83
5.53 18.49 0.079 175.233
5.54 18.55 0.082 175.948
5.55 18.79 0.082 176.362
5.56 18.81 0.084 176.832
5.57 19.1 0.085 177.485
5.58 19.42 0.084 177.824
5.59 19.61 0.087 178.683
5.6 19.97 0.088 179.411
5.61 20.05 0.09 179.94
5.62 20.37 0.093 180.933
5.63 20.9 0.094 181.855
5.64 21.32 0.097 182.944
5.65 22 0.097 183.864
5.66 22.72 0.097 184.809
5.67 23.81 0.094 185.666
5.68 26.5 0.091 188.134
5.69 27.89 0.089 189.266
5.7 31.03 0.082 190.984
5.71 33.84 0.081 193.28
5.72 35.29 0.08 194.345
5.73 36.79 0.078 195.197
5.74 39.15 0.084 198.266
5.75 42.63 0.097 203.228
5.76 45.16 0.101 205.712
5.77 47.65 0.092 205.804
5.78 49.6 0.089 206.525
5.79 49.48 0.087 206.162
