0.02 0.4995 0 0
0.03 0.4955 0.0015 17.5467
0.04 0.5319 0.0029 20.2853
0.05 0.5278 0.0059 22.8719
0.06 0.548 0.0117 25.6095
0.07 0.5682 0.0234 28.4657
0.0800001 0.645001 0.0234 30.0865
0.0900001 0.7056 0.028 31.9664
0.1 0.7056 0.0245 32.5528
0.11 0.8833 0.0283 34.9424
0.12 0.9156 0.0306 36.2183
0.13 0.9561 0.0314 37.3449
0.14 0.9924 0.0343 38.6101
0.15 0.9924 0.0361 39.5256
0.16 0.9641 0.0386 40.2978
0.17 0.9682 0.0396 41.0951
0.18 0.9621 0.0399 41.7415
0.19 0.9598 0.04 42.3679
0.2 0.9595 0.0401 42.9834
0.21 0.9618 0.0401 43.5854
0.22 0.9641 0.04 44.1587
0.23 0.9763 0.04 44.7888
0.24 0.9763 0.04 45.3219
0.25 0.9884 0.0373 45.6543
0.26 0.9884 0.0366 46.0821
0.27 0.9924 0.0348 46.4001
0.28 0.9911 0.0343 46.8064
0.29 0.9918 0.0339 47.2239
0.3 0.9924 0.0331 47.5806
0.31 0.9924 0.0329 47.9921
0.32 0.9237 0.0329 47.92
0.33 0.9035 0.0325 48.129
0.34 0.8308 0.0323 47.9228
0.35 0.8106 0.0323 48.1396
0.36 0.7823 0.0322 48.258
0.37 0.7682 0.0322 48.4998
0.38 0.754 0.0321 48.717
0.39 0.754 0.0319 49.0445
0.4 0.75 0.0319 49.3531
0.41 0.746 0.0319 49.6548
0.42 0.7457 0.0319 49.9857
0.43 0.7458 0.0318 50.3016
0.44 0.746 0.0317 50.6128
0.45 0.7621 0.0312 51.0193
0.46 0.8187 0.0308 51.8086
0.47 0.8066 0.0304 51.9511
0.48 0.8086 0.0301 52.2316
0.49 0.8106 0.0301 52.5506
0.5 0.8187 0.0294 52.8187
0.51 0.8187 0.0288 53.0193
0.52 0.824 0.0284 53.2938
0.53 0.8293 0.0281 53.5789
0.54 0.848 0.0283 54.0631
0.55 0.8874 0.0279 54.6314
0.56 0.8874 0.0275 54.8398
0.57 0.9237 0.0272 55.3788
0.58 0.9025 0.0272 55.4615
0.59 0.9035 0.027 55.7003
0.6 0.9045 0.0267 55.9181
0.61 0.9076 0.0269 56.2382
0.62 0.9101 0.0262 56.3916
0.63 0.9126 0.0259 56.6111
0.640001 0.9278 0.026 57.0132
0.650001 0.9884 0.0261 57.802
0.660001 1.0247 0.0271 58.5329
0.670001 1.0247 0.03 59.2774
0.680001 1.2227 0.0316 61.3202
0.690001 1.2752 0.0333 62.2141
0.700001 1.3641 0.0355 63.4092
0.710001 1.4974 0.0413 65.3376
0.720001 1.4974 0.0451 66.0743
0.730001 1.6792 0.0533 68.3754
0.740001 1.8125 0.0563 69.7106
0.75 1.8165 0.0595 70.3161
0.760001 1.7923 0.0635 70.8216
0.770001 1.7398 0.0656 70.9677
0.780001 1.7032 0.0653 70.9779
0.790001 1.6866 0.065 71.1021
0.800001 1.6864 0.0642 71.2765
0.810001 1.6868 0.0624 71.3565
0.820001 1.6873 0.0597 71.3403
0.830001 1.7196 0.0597 71.7768
0.840001 1.764 0.0581 72.1179
0.850001 1.7963 0.0574 72.4717
0.860001 1.8004 0.0567 72.6574
0.870001 1.7761 0.0566 72.7381
0.880001 1.6671 0.0565 72.2965
0.890001 1.554 0.0559 71.7302
0.900001 1.554 0.0552 71.8779
0.910001 1.356 0.053 70.459
0.920001 1.2994 0.0447 69.2525
0.930001 1.2726 0.0443 69.201
0.940001 1.2779 0.0396 68.8036
0.950001 1.2832 0.0395 69.0329
0.960001 1.3035 0.0395 69.3908
0.970001 1.3722 0.0393 70.0781
0.980001 1.4893 0.0393 71.1118
0.990001 1.5297 0.0393 71.5882
1 1.554 0.0393 71.9516
1.01 1.5014 0.0396 71.8394
1.02 1.3964 0.0398 71.3182
1.03 1.3237 0.0399 70.9782
1.04 1.2967 0.0399 70.9583
1.05 1.2864 0.0393 70.9761
1.06 1.2909 0.0387 71.1081
1.07 1.2954 0.0385 71.2989
1.08 1.3762 0.0383 72.0779
1.09 1.5014 0.0384 73.1904
1.1 1.7236 0.0372 74.6519
1.11 1.8004 0.0338 74.7131
1.12 1.8448 0.0311 74.644
1.13 1.9014 0.0311 75.155
1.14 1.9337 0.0195 72.6454
1.15 1.9337 0.0159 71.5959
1.16 2.0024 0.0132 71.0219
1.17 2.0307 0.0116 70.5728
1.18 2.0549 0.0108 70.4407
1.19 2.0589 0.0105 70.4606
1.2 2.0589 0.0106 70.6804
1.21 2.0872 0.0107 71.0386
1.22 2.1034 0.0118 71.8633
1.23 2.1438 0.0118 72.2242
1.24 2.2609 0.012 73.0455
1.25 2.2609 0.0121 73.2594
1.26 2.4387 0.0119 74.1237
1.27 2.6326 0.0116 74.9503
1.28 2.7215 0.0108 75.0267
1.29 2.9922 0.0095 75.4139
1.3 2.9922 0.0085 74.8798
1.31 3.3396 0.0065 74.5531
1.32 3.6426 0.0053 74.3773
1.33 3.7638 0.0053 74.8857
1.34 3.8607 0.0053 75.317
1.35 3.9375 0.0054 75.805
1.36 3.9739 0.0058 76.5149
1.37 3.9698 0.0064 77.29
1.38 3.9537 0.0072 78.1633
1.39 3.9294 0.0084 79.2609
1.4 3.9092 0.0092 79.963
1.41 3.7921 0.011 80.9661
1.42 3.7436 0.0118 81.4495
1.43 3.6143 0.0119 81.2535
1.44 3.5618 0.012 81.2963
1.45 3.5093 0.0116 81.05
1.46 3.3962 0.0112 80.5872
1.47 3.3315 0.0113 80.5765
1.48 3.1861 0.0113 80.2114
1.49 3.1093 0.0114 80.1386
1.5 3.0447 0.0122 80.4983
1.51 3.0174 0.0122 80.5426
1.52 3.0297 0.0123 80.7927
1.53 3.0419 0.0124 81.0415
1.54 3.0689 0.0117 80.8998
1.55 3.1497 0.0111 80.9938
1.56 3.4002 0.0111 82.0378
1.57 3.5658 0.0071 79.7284
1.58 3.5658 0.0046 77.0365
1.59 3.9213 0.0038 77.0013
1.6 3.9698 0.0037 77.1011
1.61 4.0223 0.0036 77.2048
1.62 4.0466 0.0037 77.5816
1.63 4.0466 0.0038 77.887
1.64 4.0829 0.0056 80.6814
1.65 4.1395 0.0064 81.8829
1.66 4.1476 0.0078 83.4052
1.67 4.1516 0.0078 83.5561
1.68 4.1476 0.0127 87.1471
1.69 4.1355 0.0141 88.0168
1.7 4.1274 0.0153 88.7374
1.71 4.1233 0.0176 89.911
1.72 4.0789 0.0176 89.9166
1.73 4.0183 0.019 90.4418
1.74 4.0183 0.0201 91.012
1.75 3.9213 0.0202 90.8744
1.76 3.889 0.0204 90.9847
1.77 3.8527 0.0205 91.0422
1.78 3.683 0.0205 90.5953
1.79 3.683 0.0205 90.7365
1.8 3.5578 0.0205 90.4257
1.81 3.4648 0.0204 90.1836
1.82 3.38 0.0204 90.0001
1.83 3.3032 0.0195 89.5028
1.84 3.3012 0.0193 89.5539
1.85 3.2992 0.0192 89.6423
1.86 3.2992 0.0191 89.7378
1.87 3.2989 0.0184 89.5917
1.88 3.299 0.0184 89.725
1.89 3.2992 0.0183 89.8175
1.9 3.3921 0.0182 90.2686
1.91 3.38 0.0182 90.3539
1.92 3.384 0.0183 90.5419
1.93 3.4406 0.0183 90.8896
1.94 3.3921 0.0183 90.8344
1.95 3.3931 0.0182 90.9267
1.96 3.3941 0.0171 90.5888
1.97 3.3962 0.0158 90.1303
1.98 3.4972 0.0156 90.5429
1.99 3.6143 0.0146 90.6001
2 3.7072 0.0138 90.6327
2.01 3.9335 0.0136 91.425
2.02 4.0547 0.0135 91.8957
2.03 3.9921 0.0136 91.8724
2.04 4.0436 0.0136 92.168
2.05 4.0951 0.0142 92.7944
2.06 4.1274 0.0148 93.3461
2.07 4.0304 0.0151 93.3079
2.08 3.9456 0.0151 93.1474
2.09 3.8527 0.0164 93.5931
2.1 3.6143 0.017 93.1373
2.11 3.5012 0.0173 92.9696
2.12 3.4244 0.0179 93.0587
2.13 3.3961 0.018 93.1123
2.14 3.3896 0.0179 93.1648
2.15 3.3902 0.0179 93.288
2.16 3.3908 0.0175 93.2353
2.17 3.3921 0.0169 93.0896
2.18 3.4042 0.0159 92.7844
2.19 3.3517 0.0159 92.6949
2.2 3.3517 0.0156 92.6654
2.21 3.3113 0.0154 92.521
2.22 3.2709 0.0152 92.3731
2.23 3.1295 0.0145 91.5421
2.24 3.0568 0.0144 91.2937
2.25 2.9114 0.0142 90.6621
2.26 2.8427 0.0142 90.4623
2.27 2.7942 0.0142 90.3492
2.28 2.6932 0.0141 89.9285
2.29 2.677 0.0141 89.9598
2.3 2.6205 0.0139 89.6859
2.31 2.5518 0.0139 89.4513
2.32 2.5235 0.0138 89.3614
2.33 2.4306 0.0137 88.9325
2.34 2.4104 0.0137 88.9316
2.35 2.3579 0.0137 88.7551
2.36 2.265 0.0137 88.3471
2.37 2.1963 0.0136 88.0059
2.38 2.1963 0.0136 88.109
2.39 2.0832 0.0136 87.5428
2.4 2.0387 0.0137 87.4256
2.41 1.9701 0.0145 87.5086
2.42 1.8287 0.0173 87.9574
2.43 1.8287 0.0183 88.471
2.44 1.6832 0.0187 87.6785
2.45 1.5136 0.0188 86.4844
2.46 1.4408 0.0189 86.0079
2.47 1.4045 0.0187 85.7132
2.48 1.3802 0.0185 85.5177
2.49 1.3035 0.0186 84.9495
2.5 1.2388 0.0186 84.423
2.51 1.1217 0.0186 83.3169
2.52 1.1005 0.0186 83.1801
2.53 1.0929 0.0186 83.1887
2.54 1.0992 0.0186 83.349
2.55 1.1055 0.0181 83.3196
2.56 1.2146 0.0134 82.4598
2.57 1.2954 0.012 82.5569
2.58 1.4247 0.0111 83.2444
2.59 1.4449 0.0106 83.1835
2.6 1.4328 0.0105 83.1063
2.61 1.4206 0.0103 82.9599
2.62 1.3843 0.0104 82.8057
2.63 1.251 0.0102 81.5617
2.64 1.1984 0.0102 81.1443
2.65 1.0368 0.0102 79.5529
2.66 0.9722 0.0102 78.9019
2.67 0.9197 0.0102 78.3553
2.68 0.9116 0.0103 78.4006
2.69 0.9035 0.0109 78.7511
2.7 0.9156 0.0109 78.9835
2.71 0.8712 0.011 78.5605
2.72 0.8551 0.011 78.43
2.73 0.857501 0.0111 78.6009
2.74 0.860001 0.0112 78.7726
2.75 0.8662 0.0115 79.1078
2.76 0.8954 0.0123 80.0131
2.77 0.9035 0.0136 80.8707
2.78 0.9035 0.0142 81.2431
2.79 0.9702 0.0146 82.3527
2.8 1.0368 0.0147 83.2739
2.81 1.1419 0.0147 84.5235
2.82 1.2833 0.0137 85.5385
2.83 1.5014 0.0127 87.0295
2.84 1.9458 0.0099 88.5742
2.85 2.1599 0.0073 87.7509
2.86 2.4872 0.0067 89.0019
2.87 2.568 0.0067 89.4994
2.88 2.6407 0.0067 89.9469
2.89 2.7296 0.0069 90.6855
2.9 2.7376 0.0072 91.1331
2.91 2.7376 0.0094 93.2665
2.92 2.6972 0.0094 93.1558
2.93 2.6851 0.0106 94.1202
2.94 2.6851 0.0106 94.2094
2.95 2.685 0.0106 94.2979
2.96 2.685 0.0103 94.1614
2.97 2.6851 0.0105 94.4012
2.98 2.7094 0.0107 94.7608
2.99 2.7094 0.0121 95.8244
3 2.7134 0.0124 96.1294
3.01 2.7376 0.0127 96.5333
3.02 2.774 0.0127 96.8063
3.03 2.7982 0.0128 97.0799
3.04 2.8265 0.0129 97.3728
3.05 2.7094 0.014 97.5315
3.06 2.5922 0.018 99.0502
3.07 2.5841 0.0206 100.214
3.08 2.5804 0.0225 101.023
3.09 2.5823 0.023 101.31
3.1 2.5841 0.0231 101.448
3.11 2.6447 0.0229 101.804
3.12 2.7619 0.0226 102.421
3.13 3.0851 0.018 102.205
3.14 3.2346 0.0176 102.803
3.15 3.3477 0.0167 102.954
3.16 3.6062 0.0166 104.102
3.17 3.6911 0.0127 102.24
3.18 3.8042 0.0101 100.835
3.19 3.8607 0.0094 100.535
3.2 3.9011 0.009 100.409
3.21 3.8688 0.0092 100.56
3.22 3.8284 0.0093 100.585
3.23 3.784 0.011 101.917
3.24 3.5739 0.0123 102.113
3.25 3.4729 0.0133 102.444
3.26 3.2588 0.0146 102.387
3.27 3.1618 0.0163 102.969
3.28 3.0851 0.0211 104.922
3.29 3.0851 0.0213 105.093
3.3 2.976 0.0213 104.638
3.31 2.9725 0.0212 104.667
3.32 2.9732 0.0209 104.634
3.33 2.974 0.0205 104.558
3.34 2.9901 0.0208 104.853
3.35 3.0285 0.0196 104.615
3.36 3.1618 0.0185 104.848
3.37 3.4244 0.0142 103.836
3.38 3.4366 0.0138 103.728
3.39 3.4083 0.0142 103.937
3.4 3.2184 0.0147 103.464
3.41 3.1416 0.0178 104.845
3.42 3.0366 0.0203 105.566
3.43 2.9114 0.0217 105.598
3.44 2.7841 0.0228 105.438
3.45 2.7742 0.023 105.545
3.46 2.7761 0.0227 105.525
3.47 2.778 0.0225 105.543
3.48 2.9154 0.0205 105.543
3.49 3.1093 0.0158 104.327
3.5 3.2548 0.0144 104.291
3.51 3.4568 0.0138 104.911
3.52 3.4487 0.0138 104.958
3.53 3.4729 0.014 105.273
3.54 3.3921 0.0142 105.123
3.55 3.3517 0.0143 105.086
3.56 3.1234 0.0143 104.105
3.57 3.0214 0.0143 103.689
3.58 2.9194 0.0145 103.377
3.59 2.8952 0.0146 103.393
3.6 2.871 0.0152 103.695
3.61 2.871 0.0183 105.39
3.62 2.7619 0.02 105.662
3.63 2.7457 0.0219 106.454
3.64 2.7376 0.0233 107.041
3.65 2.6649 0.0261 107.72
3.66 2.6649 0.026 107.768
3.67 2.6111 0.0259 107.499
3.68 2.6004 0.0256 107.413
3.69 2.5963 0.0249 107.222
3.7 2.6609 0.0233 107.089
3.71 2.7255 0.0203 106.314
3.72 3.081 0.019 107.694
3.73 3.2224 0.0186 108.282
3.74 3.2871 0.0186 108.673
3.75 3.2669 0.0186 108.657
3.76 3.2628 0.0186 108.718
3.77 3.2346 0.0186 108.662
3.78 3.1861 0.0186 108.506
3.79 3.1376 0.0186 108.346
3.8 3.0649 0.019 108.252
3.81 3.0083 0.02 108.502
3.82 3.0083 0.0224 109.61
3.83 2.8871 0.0225 109.083
3.84 2.8912 0.0235 109.58
3.85 2.8427 0.0248 109.883
3.86 2.7498 0.0271 110.248
3.87 2.7498 0.0276 110.495
3.88 2.7357 0.0279 110.592
3.89 2.7215 0.0287 110.849
3.9 2.7174 0.0302 111.375
3.91 2.6932 0.0334 112.248
3.92 2.7013 0.0337 112.46
3.93 2.6407 0.0335 112.117
3.94 2.5801 0.0348 112.176
3.95 2.4549 0.0354 111.613
3.96 2.3821 0.0356 111.26
3.97 2.2933 0.0354 110.679
3.98 2.1155 0.0351 109.399
3.99 2.0428 0.0339 108.611
4 1.9903 0.0312 107.535
4.01 1.9579 0.0216 104.121
4.02 1.9256 0.0197 103.15
4.03 1.9256 0.0203 103.479
4.04 1.4812 0.0173 98.3933
4.05 1.352 0.017 97.0341
4.06 1.1984 0.0148 94.3349
4.07 0.9561 0.0104 88.735
4.08 0.6611 0.0089 83.1169
4.09 0.6207 0.0089 82.4216
4.1 0.6207 0.0069 80.7493
4.11 0.5238 0.0066 78.5619
4.12 0.4915 0.0064 77.6985
4.13 0.4551 0.0066 77.0913
4.14 0.4503 0.0067 77.1219
4.15 0.4512 0.0069 77.385
4.16 0.4521 0.007 77.5518
4.17 0.4551 0.0073 77.9492
4.18 0.4632 0.0078 78.6317
4.19 0.4672 0.0083 79.1898
4.2 0.4793 0.0102 80.9104
4.21 0.4834 0.0114 81.8169
4.22 0.5036 0.0126 83.0436
4.23 0.5197 0.0155 84.9267
4.24 0.5399 0.0167 85.9822
4.25 0.5521 0.0167 86.3158
4.26 0.5682 0.0195 87.8563
4.27 0.5763 0.0209 88.6026
4.28 0.5803 0.0225 89.2949
4.29 0.5817 0.0244 89.9888
4.3 0.583 0.0253 90.3479
4.31 0.5937 0.0253 90.6433
4.32 0.6172 0.0252 91.1801
4.33 0.6652 0.025 92.167
4.34 0.7338 0.0233 92.9924
4.35 0.8187 0.022 94.08
4.36 1.0853 0.0202 97.3463
4.37 1.0853 0.0195 97.1229
4.38 1.3156 0.0159 98.2331
4.39 1.3964 0.0148 98.5531
4.4 1.6105 0.0144 100.433
4.41 1.76 0.0144 101.789
4.42 1.8731 0.0136 102.283
4.43 2.0751 0.0134 103.74
4.44 2.1721 0.0133 104.425
4.45 2.2811 0.0133 105.23
4.46 2.3054 0.0128 105.121
4.47 2.3539 0.0122 105.081
4.48 2.3539 0.0118 104.855
4.49 2.4387 0.0103 104.27
4.5 2.4751 0.0101 104.387
4.51 2.4993 0.0098 104.336
4.52 2.5599 0.0096 104.582
4.53 2.5599 0.0097 104.736
4.54 2.572 0.0097 104.872
4.55 2.5761 0.0098 105.049
4.56 2.5639 0.0099 105.13
4.57 2.5599 0.0098 105.082
4.58 2.5074 0.0107 105.602
4.59 2.3539 0.0116 105.415
4.6 1.8367 0.0135 103.069
4.61 1.8569 0.0138 103.483
4.62 1.7398 0.0137 102.517
4.63 1.659 0.0137 101.878
4.64 1.5136 0.0125 99.8377
4.65 1.2671 0.0122 97.1761
4.66 1.15 0.012 95.7541
4.67 1.1346 0.0115 95.2874
4.68 1.168 0.0114 95.6737
4.69 1.2014 0.0114 96.1199
4.7 1.3822 0.0112 97.9937
4.71 1.7519 0.0091 99.7184
4.72 1.9054 0.008 99.9146
4.73 1.9539 0.0083 100.644
4.74 1.8812 0.0078 99.638
4.75 1.8491 0.0078 99.4496
4.76 1.8374 0.0079 99.5223
4.77 1.8256 0.0079 99.488
4.78 1.8489 0.0083 100.139
4.79 1.8085 0.0083 99.8786
4.8 1.659 0.0127 102.258
4.81 1.3843 0.0151 101.131
4.82 1.2833 0.0153 100.201
4.83 1.0934 0.0153 97.9728
4.84 1.0126 0.0152 96.8986
4.85 0.952 0.0151 96.0436
4.86 0.952 0.014 95.4958
4.87 0.7702 0.0138 92.5678
4.88 0.7136 0.0132 91.27
4.89 0.6611 0.0132 90.3225
4.9 0.651 0.0124 89.7058
4.91 0.650001 0.0121 89.5542
4.92 0.649 0.0121 89.585
4.93 0.649 0.012 89.5737
4.94 0.6488 0.0119 89.5578
4.95 0.6489 0.0119 89.6102
4.96 0.649 0.0124 89.97
4.97 0.7298 0.013 91.915
4.98 0.8348 0.016 95.3978
4.99 1.0005 0.0187 99.2518
5 1.0651 0.0187 100.206
5.01 1.0974 0.019 100.827
5.02 1.4045 0.0189 104.486
5.03 1.7721 0.0189 108.103
5.04 2.2852 0.0178 111.638
5.05 3.9941 0.0165 120.291
5.06 4.8869 0.0159 123.523
5.07 4.8869 0.0159 123.591
5.08 6.0908 0.0166 128.101
5.09 6.7372 0.0172 130.431
5.1 7.0078 0.0172 131.245
5.11 7.3108 0.019 133.218
5.12 7.5633 0.0212 135.17
5.13 7.8158 0.0228 136.71
5.14 8.3491 0.0254 139.336
5.15 8.5794 0.0261 140.276
5.16 9.1046 0.0296 143.047
5.17 9.1046 0.0322 144.13
5.18 9.5368 0.0367 146.763
5.19 10.086 0.0366 147.997
5.2 10.329 0.0423 150.384
5.21 10.777 0.0427 151.506
5.22 11.044 0.0438 152.444
5.23 11.581 0.0455 154.059
5.24 11.767 0.0474 155.022
5.25 11.981 0.0501 156.225
5.26 12.147 0.0528 157.304
5.27 12.336 0.0539 158.008
5.28 12.421 0.0569 158.962
5.29 12.429 0.0584 159.405
5.3 12.603 0.0584 159.809
5.31 12.631 0.0626 160.87
5.32 12.676 0.0626 161.037
5.33 12.765 0.0632 161.412
5.34 12.809 0.0638 161.703
5.35 12.692 0.064 161.615
5.36 12.595 0.0639 161.5
5.37 12.595 0.064 161.605
5.38 12.308 0.0641 161.173
5.39 12.308 0.0641 161.256
5.4 12.2754 0.064 161.257
5.41 12.2637 0.0639 161.297
5.42 12.252 0.0637 161.315
5.43 12.32 0.0631 161.4
5.44 12.235 0.063 161.3
5.45 12.159 0.063 161.238
5.46 11.977 0.0631 160.991
5.47 11.46 0.0631 160.053
5.48 11.068 0.0635 159.417
5.49 10.955 0.0636 159.284
5.5 10.704 0.0638 158.875
5.51 10.078 0.0634 157.499
5.52 9.9449 0.063 157.194
5.53 9.6903 0.062 156.479
5.54 9.0722 0.0599 154.634
5.55 8.9874 0.0555 153.525
5.56 8.8702 0.0545 153.08
5.57 8.8365 0.0401 149.215
5.58 8.8294 0.0397 149.147
5.59 8.8538 0.0387 148.964
5.6 8.8783 0.0387 149.098
5.61 8.8783 0.0379 148.913
5.62 9.9974 0.0373 151.354
5.63 10.555 0.0373 152.617
5.64 10.826 0.0363 152.905
5.65 11.258 0.0338 152.934
5.66 11.436 0.0319 152.619
5.67 11.529 0.0317 152.792
5.68 11.743 0.0318 153.312
5.69 11.629 0.0318 153.172
5.7 11.629 0.0319 153.287
5.71 11.678 0.0341 154.308
5.72 11.597 0.0355 154.746
5.73 11.492 0.0366 155.011
5.74 11.403 0.0388 155.667
5.75 11.403 0.0392 155.875
5.76 11.383 0.0392 155.911
5.77 11.258 0.0412 156.385
5.78 11.2428 0.0424 156.804
5.79 11.2388 0.0449 157.621
5.8 11.3189 0.0458 158.119
5.81 11.399 0.0484 159.084
5.82 11.597 0.049 159.719
5.83 11.597 0.0505 160.197
5.84 11.864 0.0521 161.217
5.85 11.904 0.0523 161.423
5.86 11.965 0.0523 161.619
5.87 11.961 0.0532 161.917
5.88 11.9219 0.0539 162.094
5.89 11.9038 0.0544 162.26
5.9 11.9035 0.0547 162.41
5.91 11.9303 0.0547 162.539
5.92 11.957 0.0546 162.643
5.93 11.957 0.0545 162.695
5.94 12.183 0.0544 163.185
5.95 12.534 0.0545 163.956
5.96 12.736 0.0545 164.41
5.97 12.926 0.0546 164.863
5.98 13.245 0.0549 165.596
5.99 13.351 0.0551 165.913
6 13.512 0.056 166.501
6.01 13.512 0.0563 166.652
6.02 13.783 0.0576 167.525
6.03 13.88 0.058 167.868
6.04 13.904 0.0548 167.196
6.05 13.981 0.0515 166.543
6.06 14.049 0.0481 165.791
6.07 14.062 0.0465 165.423
6.08 14.053 0.0472 165.689
6.09 14.0855 0.048 166.052
6.1 14.118 0.0493 166.553
6.11 14.118 0.049 166.544
6.12 14.029 0.0505 166.886
6.13 13.989 0.0506 166.921
6.14 13.92 0.0521 167.284
6.15 13.3545 0.0531 166.626
6.16 13.2372 0.0547 166.902
6.17 13.1991 0.0566 167.382
6.18 13.1901 0.0589 167.997
6.19 13.181 0.0589 168.056
6.2 13.233 0.0602 168.533
6.21 12.926 0.0602 168.039
6.22 12.757 0.0602 167.796
6.23 12.6326 0.0602 167.634
6.24 12.5716 0.06 167.546
6.25 12.5918 0.0591 167.448
6.26 12.612 0.0595 167.656
6.27 12.817 0.0586 167.907
6.28 12.999 0.0577 168.106
6.29 13.338 0.0579 168.854
6.3 13.557 0.0575 169.227
6.31 13.633 0.0571 169.34
6.32 13.767 0.0571 169.653
6.33 13.706 0.057 169.595
6.3401 13.609 0.0569 169.472
6.3501 13.46 0.0565 169.178
6.3601 13.435 0.0563 169.157
6.3701 13.346 0.056 168.994
6.3801 13.278 0.055 168.69
6.3901 13.193 0.055 168.607
6.4001 13.007 0.0542 168.131
6.4101 12.878 0.0535 167.781
6.4201 12.882 0.0527 167.651
6.4301 12.87 0.0514 167.353
6.4401 12.858 0.0508 167.239
6.4501 12.829 0.0493 166.841
6.4601 12.765 0.0488 166.651
6.4701 12.745 0.0486 166.628
6.4801 12.765 0.0487 166.766
6.4901 12.696 0.0488 166.736
6.5001 12.684 0.0491 166.869
6.5101 12.575 0.0498 166.93
6.5201 12.296 0.0501 166.546
6.5301 12.118 0.0501 166.267
6.5401 11.836 0.05 165.747
6.5501 11.399 0.0498 164.867
6.5601 11.258 0.0492 164.475
6.5701 11.056 0.0487 163.977
6.5801 10.943 0.0481 163.635
6.5901 10.777 0.0465 162.885
6.6001 10.688 0.0406 160.932
6.6101 10.648 0.0361 159.348
6.6201 10.559 0.0353 158.926
6.6301 10.373 0.0347 158.36
6.6401 10.288 0.0346 158.201
6.6501 10.163 0.0346 157.989
6.6601 10.018 0.0347 157.766
6.6701 9.7067 0.0348 157.154
6.6801 9.5753 0.0351 157.023
6.6901 9.4439 0.0354 156.887
6.7001 9.4843 0.0365 157.449
6.7101 9.0682 0.0366 156.536
6.7201 8.8056 0.0366 155.939
6.7301 8.6076 0.0366 155.494
6.7401 8.438 0.0366 155.113
6.7501 8.3797 0.0366 155.022
6.7601 8.3709 0.0365 155.027
6.7701 8.4348 0.036 155.082
6.7801 8.4986 0.035 154.951
6.7901 9.153 0.0337 156.186
6.8001 9.153 0.033 155.978
6.8101 9.8439 0.0313 156.993
6.8201 10.127 0.03 157.144
6.8301 10.704 0.03 158.467
6.8401 10.91 0.03 158.968
6.8501 11.213 0.03 159.661
6.8601 11.314 0.0303 160.064
6.8701 11.407 0.0308 160.536
6.8801 11.512 0.0319 161.284
6.8901 11.561 0.0343 162.425
6.9001 11.561 0.0365 163.333
6.9101 11.573 0.0402 164.741
6.9201 11.634 0.0418 165.469
6.9301 11.73 0.044 166.44
6.9401 11.807 0.045 166.976
6.9501 11.896 0.0474 167.948
6.9601 12.086 0.049 168.864
6.9701 12.167 0.0501 169.407
6.9801 12.312 0.0514 170.126
6.9901 12.409 0.0532 170.875
7.0001 12.47 0.0543 171.355
7.0101 12.534 0.0556 171.887
7.0201 12.583 0.0582 172.708
7.0301 12.567 0.0593 173.014
7.0401 12.534 0.0602 173.234
7.0501 12.498 0.0609 173.397
7.0601 12.341 0.0609 173.15
7.0701 12.316 0.0609 173.167
7.0801 12.179 0.0607 172.909
7.0901 12.1628 0.0606 172.92
7.1001 12.1568 0.0586 172.493
7.1101 12.1599 0.0566 172.069
7.1201 12.163 0.0561 172.016
7.1301 12.231 0.0559 172.17
7.1401 12.345 0.0573 172.823
7.1501 12.482 0.0587 173.513
7.1601 12.769 0.0615 174.826
7.1701 12.846 0.0643 175.695
7.1801 13.0467 0.0649 176.292
7.1901 13.2475 0.0651 176.794
7.2001 13.734 0.0648 177.715
7.2101 13.969 0.0645 178.15
7.2201 14.122 0.0648 178.567
7.2301 14.611 0.0651 179.582
7.2401 14.736 0.0658 180.032
7.2501 14.7063 0.0666 180.23
7.2601 14.7556 0.067 180.476
7.2701 14.805 0.067 180.632
7.2801 14.821 0.0668 180.684
7.2901 14.89 0.0666 180.829
7.3001 15.011 0.0662 181.018
7.3101 15.112 0.0658 181.17
7.3201 15.302 0.0657 181.543
7.3301 15.326 0.0657 181.653
7.3401 15.326 0.0658 181.744
7.3501 14.958 0.0659 181.201
7.3601 14.8772 0.0661 181.174
7.3701 14.8747 0.0659 181.192
7.3801 14.8744 0.0665 181.397
7.3901 15.0882 0.0667 181.884
7.4001 15.302 0.0666 182.298
7.4101 15.488 0.0665 182.661
7.4201 15.605 0.0655 182.698
7.4301 15.673 0.0644 182.623
7.4401 15.682 0.064 182.612
7.4501 15.815 0.0641 182.926
7.4601 15.892 0.0642 183.146
7.4701 15.92 0.0645 183.332
7.4801 15.968 0.0644 183.456
7.4901 15.968 0.065 183.666
7.5001 16.081 0.0683 184.68
7.5101 16.025 0.0698 184.989
7.5201 16.0334 0.07 185.116
7.5301 16.0417 0.0697 185.132
7.5401 16.081 0.0695 185.221
7.5501 16.235 0.0696 185.566
7.5601 16.328 0.0698 185.832
7.5701 16.1299 0.0704 185.706
7.5801 16.0407 0.0719 185.951
7.5901 16.0208 0.0725 186.115
7.6001 16.0432 0.0726 186.242
7.6101 16.0655 0.0716 186.132
7.6201 16.13 0.0706 186.09
7.6301 16.166 0.0695 185.974
7.6401 16.465 0.069 186.422
7.6501 16.3 0.0685 186.107
7.6601 16.227 0.0688 186.122
7.6701 16.154 0.0654 185.285
7.6801 16.162 0.0621 184.569
7.6901 15.9702 0.0621 184.318
7.7001 15.9895 0.0571 183.134
7.7101 16.0088 0.0569 183.178
7.7201 16.049 0.0568 183.283
7.7301 16.037 0.0464 180.271
7.7401 16.36 0.0445 180.226
7.7501 16.683 0.0422 180.003
7.7601 16.683 0.0418 179.924
7.7701 15.795 0.0417 178.541
7.7801 15.726 0.0417 178.493
7.7901 15.73 0.0417 178.563
7.8001 15.7143 0.0418 178.636
7.8101 15.7089 0.0427 179.008
7.8201 15.7174 0.0423 178.946
7.8301 15.726 0.042 178.917
7.8401 15.7685 0.041 178.692
7.8501 15.811 0.0405 178.642
7.8601 16.081 0.04 178.956
7.8701 16.659 0.0401 179.97
7.8801 17.197 0.0401 180.859
7.8901 17.197 0.0424 181.764
7.9001 17.952 0.0511 185.82
7.9101 18.227 0.0536 187.035
7.9201 18.251 0.0528 186.902
7.9301 18.303 0.052 186.806
7.9401 18.392 0.0512 186.761
7.9501 18.679 0.0514 187.305
7.9601 18.437 0.0515 187.049
7.9701 17.689 0.0561 187.33
7.9801 17.479 0.0655 189.5
7.9901 17.479 0.0817 193.084
8.0001 17.382 0.0897 194.502
8.0101 16.7662 0.0929 194.127
8.0201 16.7351 0.0884 193.342
8.0301 16.704 0.0839 192.519
8.0401 16.235 0.0773 190.494
8.0501 14.983 0.0746 187.814
8.0601 14.886 0.072 187.15
8.0701 14.789 0.0716 186.952
8.0801 14.773 0.0712 186.9
8.0901 14.461 0.0691 185.927
8.1001 14.158 0.067 184.949
8.1101 14.1011 0.0681 185.156
8.1201 14.1096 0.0517 181.037
8.1301 14.1181 0.0438 178.633
8.1401 14.158 0.0413 177.895
8.1501 14.556 0.0417 178.811
8.1601 14.954 0.042 179.675
8.1701 14.461 0.0438 179.497
8.1801 14.4535 0.0474 180.728
8.1901 14.4522 0.0444 179.806
8.2001 14.4665 0.0491 181.405
8.2101 14.4807 0.05 181.767
8.2201 14.583 0.0495 181.861
8.2301 14.676 0.051 182.542
8.2401 14.817 0.051 182.855
8.2501 15.257 0.0509 183.659
8.2601 15.5 0.0505 184.018
8.2701 16.558 0.0498 185.623
8.2801 16.776 0.0482 185.531
8.2901 17.592 0.0423 184.848
8.3001 18.13 0.0416 185.456
8.3101 19.944 0.0421 188.27
8.3201 19.944 0.0425 188.481
8.3301 20.303 0.0469 190.585
8.3401 21.034 0.0587 195.234
8.3501 20.828 0.0714 198.226
8.3601 22.319 0.0841 203.023
8.3701 22.319 0.0907 204.371
8.3801 24.371 0.0901 206.93
8.3901 23.778 0.0895 206.151
8.4001 24.109 0.0826 205.256
8.4101 26.08 0.0776 206.584
8.4201 27.902 0.0800001 209.201
8.4301 28.238 0.0825001 210.169
8.4401 28.2668 0.0874 211.281
8.4501 28.2955 0.0952 212.89
8.4601 28.743 0.1029 214.827
8.4701 29.72 0.1082 216.839
8.4801 30.96 0.109 218.325
8.4901 31.49 0.1092 218.964
8.5001 31.037 0.0977 216.565
8.5101 31.012 0.0861 214.344
8.5201 31.2316 0.0763 212.485
8.5301 31.4513 0.0761 212.723
8.5401 31.898 0.0758 213.155
8.5501 31.4685 0.0753 212.691
8.5601 31.3971 0.0747 212.549
8.5701 31.4398 0.0726 212.156
8.5801 31.4825 0.0603 209.013
8.5901 31.5925 0.0595 208.953
8.6001 31.837 0.0599 209.37
8.6101 32.35 0.0603 210.036
8.6201 31.768 0.0613 209.843
8.6301 31.223 0.0677 211.125
8.6401 30.682 0.0684 210.842
8.6501 30.653 0.0684 210.881
8.6601 28.989 0.0678 209.107
8.6701 27.971 0.0672 207.946
8.6801 27.452 0.0672 207.453
8.6901 27.2357 0.0673 207.309
8.7001 27.3497 0.0674 207.525
8.7101 27.4637 0.0682 207.92
8.7201 27.7565 0.0731 209.51
8.7301 28.407 0.0779 211.393
8.7401 30.508 0.0691 211.524
8.7501 32.9 0.0950001 219.644
8.7601 35.905 0.0127 188.198
8.7701 38.317 0.0117 188.736
8.7801 40.628 0.0034 171.791
8.7901 44.951 0.0022 168.164
8.8001 47.027 0.0018 166.511
8.8101 46.433 0.0013 161.818
8.8201 49.851 0.0106 194.729
