0.007 0.11 0.004 10.2284
0.013 0.41 0.0093 15.7512
0.02 1.05 0.0034 18.6971
0.027 1.52 0.0057 22.3775
0.033 2.1 0.0157 26.9689
0.04 2.6 0.0271 30.7022
0.047 3.3 0.0498 34.9572
0.053 4.03 0.0564 37.5869
0.06 4.84 0.0536 39.7766
0.067 6.03 0.0549 42.4194
0.073 6.98 0.0662 45.0642
0.08 7.2 0.1098 48.4296
0.087 7.28 0.1609 51.255
0.093 7.38 0.1897 53.0385
0.1 7.41 0.1171 52.0206
0.107 7.39 0.1173 52.9952
0.113 7.35 0.113 53.5963
0.12 7.29 0.1117 54.3827
0.127 7.08 0.117 55.2272
0.133 6.68 0.1207 55.6179
0.14 6.44 0.1232 56.216
0.147 6.11 0.1218 56.4999
0.153 5.58 0.1194 56.2969
0.16 4.99 0.1209 56.1497
0.167 4.86 0.1108 56.1972
0.173 5.29 0.0851 56.2008
0.18 5.63 0.0749 56.7301
0.187 5.27 0.0769 56.9167
0.193 5.22 0.0712 56.9736
0.2 4.9 0.0727 57.1179
0.207 4.63 0.0923 58.3453
0.213 4.3 0.0808 57.5471
0.22 4.28 0.0753 57.6884
0.227 4.19 0.0739 57.9246
0.233 3.88 0.0788 58.013
0.24 3.41 0.0873 57.9063
0.247 3.02 0.0946 57.7434
0.253 2.76 0.0965 57.4763
0.26 2.72 0.0899 57.4528
0.267 2.63 0.0839 57.2689
0.273 2.4 0.0789 56.5794
0.28 2.31 0.0745 56.3964
0.287 2.27 0.0756 56.7113
0.293 2.13 0.0751 56.4868
0.3 2.04 0.0715 56.2759
0.307 2.03 0.0711 56.5714
0.313 1.92 0.0702 56.3624
0.32 1.85 0.0699 56.3875
0.327 1.79 0.0708 56.5192
0.333 1.7 0.071 56.3984
0.34 1.62 0.0709 56.3265
0.347 1.54 0.0705 56.2085
0.353 1.5 0.0708 56.2832
0.36 1.43 0.0709 56.2098
0.367 1.38 0.0701 56.1696
0.373 1.31 0.0688 55.9149
0.38 1.23 0.0553 54.6939
0.387 1.18 0.0507 54.2512
0.393 1.12 0.0473 53.7644
0.4 1.11 0.042 53.4283
0.407 0.95 0.0481 53.0923
0.413 0.94 0.0451 52.9432
0.42 0.88 0.0431 52.4898
0.427 0.84 0.0435 52.4198
0.433 0.8 0.0427 52.1745
0.44 0.75 0.0412 51.7685
0.447 0.76 0.0397 51.935
0.453 0.74 0.0404 52.0036
0.46 0.73 0.0409 52.1769
0.467 0.73 0.0418 52.4914
0.473 0.74 0.043 52.9058
0.48 0.75 0.0442 53.3471
0.487 0.82 0.0455 54.3859
0.493 0.83 0.0459 54.7065
0.5 0.89 0.0465 55.5361
0.507 0.97 0.0471 56.5068
0.513 1.07 0.0483 57.6191
0.52 1.16 0.0498 58.6622
0.527 1.26 0.0516 59.7623
0.533 1.36 0.053 60.7487
0.54 1.41 0.0537 61.3543
0.547 1.45 0.0553 61.9741
0.553 1.5 0.0559 62.5226
0.56 1.47 0.0573 62.6883
0.567 1.4 0.0592 62.6345
0.573 1.31 0.0608 62.3581
0.58 1.23 0.0616 62.0712
0.587 1.16 0.0617 61.7636
0.593 1.09 0.0611 61.3359
0.6 1 0.0621 60.8596
0.607 0.92 0.0607 60.2131
0.613 0.86 0.0605 59.778
0.62 0.81 0.0586 59.2944
0.627 0.75 0.0569 58.6803
0.633 0.71 0.0561 58.3046
0.64 0.67 0.0549 57.8926
0.647 0.64 0.0539 57.598
0.653 0.63 0.0535 57.5795
0.66 0.62 0.054 57.6621
0.667 0.6 0.0534 57.5056
0.673 0.61 0.0516 57.6217
0.68 0.61 0.0495 57.5883
0.687 0.63 0.0474 57.8125
0.693 0.68 0.045 58.3405
0.7 0.75 0.0427 59.0766
0.707 0.82 0.0407 59.7673
0.713 0.91 0.0398 60.7
0.72 0.97 0.0386 61.2711
0.727 1.05 0.0382 62.0874
0.733 1.1 0.0378 62.5928
0.74 1.17 0.0382 63.3739
0.747 1.2 0.0383 63.786
0.753 1.23 0.0391 64.2661
0.76 1.25 0.0406 64.7841
0.767 1.27 0.0434 65.4603
0.773 1.29 0.0441 65.8376
0.78 1.33 0.0462 66.5508
0.787 1.33 0.0481 66.9403
0.793 1.34 0.0493 67.292
0.8 1.35 0.0513 67.7527
0.807 1.35 0.0523 68.0262
0.813 1.36 0.0521 68.2171
0.82 1.38 0.0526 68.5783
0.827 1.36 0.0546 68.8095
0.833 1.37 0.0575 69.3185
0.84 1.35 0.0599 69.5693
0.847 1.34 0.0614 69.7988
0.853 1.3 0.0627 69.7529
0.86 1.26 0.0634 69.6619
0.867 1.24 0.0626 69.5849
0.873 1.2 0.0622 69.353
0.88 1.16 0.0611 69.066
0.887 1.13 0.0601 68.863
0.893 1.1 0.0583 68.5518
0.9 1.06 0.0554 68.0458
0.907 1.05 0.0534 67.8915
0.913 1.04 0.0519 67.7616
0.92 1.03 0.0504 67.6459
0.927 1.02 0.0486 67.4889
0.933 0.97 0.0463 66.8523
0.94 0.98 0.0448 66.9068
0.947 0.97 0.0429 66.705
0.953 0.96 0.0413 66.512
0.96 0.97 0.0405 66.6384
0.967 0.96 0.0397 66.563
0.973 0.94 0.0383 66.2774
0.98 0.92 0.0372 66.044
0.987 0.89 0.0365 65.7556
0.993 0.86 0.0361 65.482
1 0.83 0.0353 65.1538
1.007 0.81 0.0353 65.0514
1.013 0.73 0.0179 60.6643
1.02 0.86 0.0423 66.8479
1.027 0.82 0.042 66.478
1.033 0.78 0.0419 66.0948
1.04 0.75 0.0407 65.6871
1.047 0.73 0.0396 65.4048
1.053 0.72 0.0379 65.1406
1.06 0.72 0.0373 65.1741
1.067 0.77 0.037 65.8835
1.073 0.82 0.0367 66.5417
1.08 0.9 0.0373 67.6529
1.087 1 0.0373 68.8107
1.093 1.1 0.0376 69.915
1.1 1.21 0.0367 70.8641
1.107 1.26 0.0357 71.2404
1.113 1.32 0.0337 71.4834
1.12 1.36 0.0314 71.4948
1.127 1.37 0.0289 71.2012
1.133 1.42 0.0268 71.2269
1.14 1.46 0.0239 70.9556
1.147 1.47 0.0217 70.5771
1.153 1.46 0.0191 69.8643
1.16 1.47 0.0177 69.6085
1.167 1.45 0.0161 69.0412
1.173 1.45 0.015 68.7338
1.18 1.44 0.014 68.3853
1.187 1.42 0.0137 68.237
1.193 1.41 0.0127 67.8341
1.2 1.42 0.012 67.6936
1.207 1.41 0.0117 67.5917
1.213 1.45 0.0119 68.054
1.22 1.46 0.0125 68.5103
1.227 1.47 0.0135 69.128
1.233 1.49 0.0147 69.8498
1.24 1.48 0.0159 70.3498
1.247 1.48 0.017 70.8532
1.253 1.43 0.0183 71.0318
1.26 1.42 0.0188 71.2296
1.267 1.39 0.0186 71.0571
1.273 1.36 0.0176 70.6019
1.28 1.34 0.0169 70.3211
1.287 1.29 0.0165 69.9037
1.293 1.25 0.016 69.4992
1.3 1.21 0.0163 69.3856
1.307 1.15 0.0164 69.0173
1.313 1.09 0.0165 68.6087
1.32 1.07 0.0162 68.4227
1.327 1.02 0.0161 68.0178
1.333 1.02 0.0153 67.8149
1.34 1.02 0.0149 67.7642
1.347 1.02 0.0147 67.7862
1.353 1.01 0.0151 67.9253
1.36 0.99 0.0159 68.1192
1.367 0.95 0.0172 68.2574
1.373 0.92 0.019 68.5911
1.38 0.87 0.0197 68.3431
1.387 0.81 0.0189 67.5054
1.393 0.77 0.0188 67.0658
1.4 0.72 0.0179 66.2422
1.407 0.68 0.0172 65.5724
1.413 0.63 0.0173 64.9633
1.42 0.59 0.0179 64.624
1.427 0.56 0.0174 64.0767
1.433 0.51 0.0171 63.2018
1.44 0.49 0.0163 62.6736
1.447 0.47 0.0157 62.1883
1.453 0.45 0.0153 61.7386
1.46 0.45 0.0154 61.8546
1.467 0.43 0.0152 61.4659
1.473 0.4 0.0152 60.8982
1.48 0.4 0.0149 60.8774
1.487 0.4 0.015 60.9913
1.493 0.38 0.0149 60.5765
1.5 0.39 0.0146 60.7797
1.507 0.39 0.0146 60.8584
1.513 0.4 0.0146 61.1482
1.52 0.39 0.0142 60.8631
1.527 0.4 0.0139 61.0549
1.533 0.4 0.0136 61.0106
1.54 0.4 0.0134 61.0127
1.547 0.41 0.0131 61.1919
1.553 0.42 0.0131 61.4707
1.56 0.43 0.0136 61.9493
1.567 0.42 0.0133 61.702
1.573 0.43 0.0135 62.0543
1.58 0.44 0.0139 62.4886
1.587 0.43 0.0141 62.4328
1.593 0.43 0.0145 62.6439
1.6 0.43 0.0149 62.8625
1.607 0.43 0.0148 62.9036
1.613 0.42 0.0153 62.9295
1.62 0.41 0.0155 62.8549
1.627 0.44 0.0162 63.8076
1.633 0.42 0.0165 63.5434
1.64 0.44 0.0165 64.0466
1.647 0.44 0.0167 64.1868
1.653 0.45 0.017 64.5556
1.66 0.46 0.0168 64.7725
1.667 0.46 0.0171 64.9439
1.673 0.47 0.0168 65.1145
1.68 0.5 0.0166 65.708
1.687 0.53 0.0164 66.2715
1.693 0.56 0.0161 66.7623
1.7 0.58 0.0158 67.0725
1.707 0.62 0.0156 67.7253
1.713 0.66 0.0155 68.3679
1.72 0.69 0.0155 68.885
1.727 0.74 0.0158 69.7723
1.733 0.79 0.0164 70.7192
1.74 0.84 0.0167 71.5347
1.747 0.9 0.0169 72.4013
1.753 0.98 0.0174 73.5427
1.76 1.06 0.0177 74.5668
1.767 1.2 0.0187 76.3429
1.773 1.38 0.0204 78.5349
1.78 1.56 0.0233 80.9112
1.787 1.76 0.0263 83.2535
1.793 1.94 0.0275 84.8221
1.8 2.08 0.0274 85.7444
1.807 2.19 0.0275 86.5025
1.813 2.23 0.0275 86.8082
1.82 2.24 0.0287 87.2668
1.827 2.22 0.029 87.3228
1.833 2.15 0.0284 86.8489
1.84 2.09 0.0269 86.1973
1.847 2.04 0.0265 85.8809
1.853 1.99 0.0263 85.5978
1.86 1.93 0.0275 85.6279
1.867 1.88 0.0282 85.5727
1.873 1.85 0.0293 85.7234
1.88 1.78 0.0299 85.4811
1.887 1.7 0.0311 85.2834
1.893 1.63 0.0317 84.9785
1.9 1.5 0.0324 84.2065
1.907 1.4 0.034 83.7947
1.913 1.29 0.0364 83.3572
1.92 1.25 0.0389 83.5246
1.927 1.24 0.0406 83.8102
1.933 1.29 0.0417 84.5494
1.94 1.41 0.0408 85.5699
1.947 1.58 0.04 86.928
1.953 1.75 0.0406 88.4016
1.96 1.85 0.0406 89.2005
1.967 1.89 0.041 89.6375
1.973 1.94 0.0411 90.0696
1.98 2 0.0406 90.4625
1.987 2.15 0.0413 91.6294
1.993 2.29 0.0417 92.6174
2 2.4 0.0398 92.9747
2.007 2.27 0.0161 85.6252
2.013 2.46 0.0316 91.697
2.02 2.43 0.0346 92.3175
2.027 2.34 0.0365 92.3152
2.033 2.2 0.0371 91.6982
2.04 2.01 0.0376 90.7007
2.047 1.85 0.0391 90.0016
2.053 1.72 0.0398 89.2665
2.06 1.59 0.0409 88.5461
2.067 1.47 0.0429 87.9826
2.073 1.35 0.0453 87.3751
2.08 1.24 0.0472 86.689
2.087 1.16 0.0499 86.3394
2.093 1.05 0.0517 85.429
2.1 0.98 0.0517 84.663
2.107 0.95 0.0519 84.3899
2.113 0.9 0.0511 83.6934
2.12 0.88 0.0489 83.1946
2.127 0.88 0.047 82.9968
2.133 0.87 0.0457 82.7319
2.14 0.86 0.045 82.5635
2.147 0.87 0.0451 82.7914
2.153 0.88 0.0442 82.8531
2.16 0.88 0.0432 82.7701
2.167 0.87 0.0421 82.5311
2.173 0.92 0.0407 83.0279
2.18 0.91 0.0393 82.7302
2.187 0.93 0.0385 82.9216
2.193 0.89 0.0375 82.2807
2.2 0.87 0.0367 81.9374
2.207 0.84 0.0357 81.4091
2.213 0.79 0.0357 80.7538
2.22 0.75 0.0351 80.1092
2.227 0.73 0.0357 79.9806
2.233 0.7 0.0361 79.632
2.24 0.65 0.0365 78.9276
2.247 0.64 0.0373 78.9623
2.253 0.59 0.0378 78.1872
2.26 0.58 0.038 78.0965
2.267 0.56 0.0387 77.8879
2.273 0.51 0.038 76.7857
2.28 0.51 0.0374 76.7497
2.287 0.51 0.0357 76.5184
2.293 0.49 0.0331 75.6568
2.3 0.47 0.03 74.6546
2.307 0.53 0.0279 75.564
2.313 0.55 0.0267 75.7455
2.32 0.56 0.025 75.5912
2.327 0.61 0.0232 76.1173
2.333 0.65 0.0219 76.5037
2.34 0.71 0.0212 77.3379
2.347 0.73 0.0205 77.4956
2.353 0.77 0.0197 77.8902
2.36 0.8 0.02 78.4834
2.367 0.82 0.0203 78.9256
2.373 0.82 0.0205 79.0456
2.38 0.82 0.0209 79.2376
2.387 0.8 0.0213 79.1456
2.393 0.79 0.0213 79.0576
2.4 0.76 0.022 78.8939
2.407 0.75 0.0227 79.013
2.413 0.73 0.0231 78.8751
2.42 0.72 0.0233 78.8385
2.427 0.7 0.023 78.4977
2.433 0.7 0.0231 78.58
2.44 0.7 0.0228 78.5573
2.447 0.69 0.0225 78.3707
2.453 0.68 0.0222 78.1721
2.46 0.69 0.0218 78.2801
2.467 0.73 0.0211 78.7662
2.473 0.83 0.0201 79.9664
2.48 1.03 0.0207 82.7585
2.487 1.39 0.0222 86.9814
2.493 1.96 0.0232 91.791
2.5 2.81 0.0248 97.292
2.507 3.84 0.0261 102.28
2.513 4.86 0.0287 106.719
2.52 5.69 0.0305 109.809
2.527 6.32 0.0329 112.273
2.533 6.77 0.0339 113.749
2.54 7.12 0.0343 114.777
2.547 7.42 0.0329 115.15
2.553 7.7 0.0314 115.392
2.56 7.94 0.0297 115.456
2.567 8.15 0.0286 115.615
2.573 8.33 0.0265 115.321
2.58 8.49 0.0265 115.724
2.587 8.66 0.0255 115.772
2.593 8.78 0.0243 115.611
2.6 8.94 0.0242 115.96
2.607 9.07 0.0237 116.086
2.613 9.19 0.0243 116.623
2.62 9.28 0.0239 116.712
2.627 9.44 0.024 117.127
2.633 9.51 0.0241 117.367
2.64 9.64 0.0261 118.466
2.647 9.76 0.0282 119.532
2.653 9.86 0.0301 120.435
2.66 9.95 0.0325 121.454
2.667 10.06 0.0352 122.546
2.673 10.17 0.0376 123.49
2.68 10.26 0.0401 124.402
2.687 10.32 0.0431 125.347
2.693 10.39 0.0452 126.044
2.7 10.44 0.0472 126.678
2.707 10.52 0.0501 127.54
2.713 10.59 0.0525 128.239
2.72 10.65 0.0549 128.914
2.727 10.69 0.0573 129.536
2.733 10.76 0.0599 130.217
2.74 10.82 0.0625 130.876
2.747 10.87 0.0654 131.551
2.753 10.95 0.0674 132.1
2.76 11.01 0.0694 132.62
2.767 11.1 0.0717 133.23
2.773 11.19 0.0735 133.741
2.78 11.31 0.075 134.266
2.787 11.38 0.0767 134.73
2.793 11.49 0.0788 135.301
2.8 11.62 0.0804 135.842
2.807 11.73 0.0814 136.261
2.813 11.84 0.0828 136.719
2.82 11.96 0.0831 137.054
2.827 12.02 0.0843 137.411
2.833 12.11 0.0848 137.708
2.84 12.2 0.0849 137.963
2.847 12.29 0.0855 138.284
2.853 12.33 0.0855 138.43
2.86 12.39 0.0861 138.702
2.867 12.5 0.0862 138.986
2.873 12.54 0.087 139.238
2.88 12.6 0.0876 139.508
2.887 12.66 0.0882 139.777
2.893 12.71 0.0888 140.016
2.9 12.74 0.0899 140.301
2.907 12.8 0.0907 140.594
2.913 12.87 0.0914 140.875
2.92 12.96 0.0924 141.239
2.927 13.02 0.0932 141.528
2.933 13.09 0.0932 141.718
2.94 13.19 0.0943 142.106
2.947 13.24 0.0946 142.315
2.953 13.34 0.0953 142.638
2.96 13.43 0.0967 143.043
2.967 13.52 0.0969 143.3
2.973 13.6 0.0985 143.698
2.98 13.66 0.1002 144.088
2.987 13.77 0.1011 144.456
2.993 13.86 0.1075 145.413
