0.02 2.311 0.0082 22.5383
0.03 2.441 0.0106 25.976
0.04 2.488 0.0166 29.2891
0.05 2.509 0.0187 31.5121
0.06 2.51 0.0207 33.4338
0.07 2.472 0.0234 35.1781
0.0800001 2.416 0.0246 36.54
0.0900001 2.372 0.0266 37.9022
0.1 2.372 0.0299 39.4103
0.11 2.284 0.0299 40.2488
0.12 2.284 0.0316 41.4244
0.13 2.194 0.0327 42.2321
0.14 2.079 0.0327 42.7782
0.15 2.079 0.0328 43.6177
0.16 1.971 0.0333 44.1231
0.17 1.877 0.0333 44.5583
0.18 1.877 0.0318 45.0987
0.19 1.803 0.0318 45.5173
0.2 1.75 0.0323 46.0328
0.21 1.75 0.0327 46.7092
0.22 1.726 0.0327 47.2232
0.23 1.726 0.0335 47.9067
0.24 1.721 0.0334 48.4445
0.25 1.742 0.0334 49.0831
0.26 1.742 0.0336 49.6458
0.27 1.78 0.0336 50.3256
0.28 1.812 0.0343 51.0551
0.29 1.812 0.0351 51.6546
0.3 1.839 0.0351 52.2549
0.31 1.891 0.0361 53.0695
0.32 1.891 0.037 53.6497
0.33 1.916 0.037 54.2131
0.34 1.916 0.0378 54.7623
0.35 1.962 0.038 55.4186
0.36 2.014 0.038 56.0651
0.37 2.014 0.0371 56.3812
0.38 2.041 0.036 56.7675
0.39 2.069 0.036 57.2912
0.4 2.069 0.0362 57.7224
0.41 2.087 0.0358 58.1388
0.42 2.106 0.0358 58.606
0.43 2.106 0.0356 58.9632
0.44 2.164 0.0356 59.5738
0.45 2.23 0.035 60.122
0.46 2.23 0.0332 60.2253
0.47 2.291 0.0332 60.8224
0.48 2.347 0.0322 61.2365
0.49 2.347 0.0314 61.4598
0.5 2.407 0.0314 62.031
0.51 2.407 0.0308 62.2734
0.52 2.463 0.0308 62.8181
0.53 2.517 0.0308 63.3492
0.54 2.517 0.0308 63.6793
0.55 2.551 0.0308 64.1287
0.56 2.558 0.0304 64.4061
0.57 2.558 0.0304 64.7238
0.58 2.558 0.0304 65.0375
0.59 2.558 0.0304 65.3473
0.6 0.18 0.0304 44.8
0.61 2.576 0.0227 64.4373
0.62 2.663 0.0255 65.672
0.63 2.724 0.0265 66.3924
0.640001 2.772 0.0277 67.0985
0.650001 2.731 0.0277 67.2438
0.660001 2.731 0.0303 68.0358
0.670001 2.669 0.0343 68.8014
0.680001 2.678 0.0343 69.1189
0.690001 2.678 0.0387 70.1004
0.700001 2.727 0.0387 70.5653
0.710001 2.727 0.0416 71.2713
0.720001 2.8 0.0416 71.8217
0.730001 2.8 0.0435 72.366
0.740001 2.898 0.0447 73.1665
0.75 3.002 0.0447 73.8138
0.760001 3.002 0.045 74.1274
0.770001 3.1 0.045 74.7422
0.780001 3.1 0.0457 75.1072
0.790001 3.244 0.0457 75.868
0.800001 3.244 0.0463 76.2165
0.810001 3.482 0.0463 77.2639
0.820001 3.482 0.0467 77.5834
0.830001 3.816 0.0467 78.8788
0.840001 4.242 0.0479 80.527
0.850001 4.242 0.0508 81.1885
0.860001 4.67 0.0508 82.5882
0.870001 4.67 0.0539 83.2634
0.880001 4.919 0.0539 84.1555
0.890001 4.919 0.0568 84.7892
0.900001 4.924 0.0568 85.0654
0.910001 4.924 0.0603 85.7527
0.920001 4.872 0.066 86.53
0.930001 4.778 0.066 86.5473
0.940001 4.778 0.0727 87.5061
0.950001 4.638 0.0727 87.3889
0.960001 4.638 0.0792 88.2704
0.970001 4.443 0.0792 87.9792
0.980001 4.143 0.0844 87.81
0.990001 4.143 0.0886 88.4147
1 3.743 0.0886 87.3752
1.01 3.743 0.0928 87.9555
1.02 3.292 0.0928 86.5811
1.03 2.875 0.097 85.4535
1.04 2.875 0.0987 85.8073
1.05 2.55 0.0987 84.5624
1.06 2.317 0.101 83.7841
1.07 2.317 0.1049 84.2683
1.08 2.126 0.1049 83.4463
1.09 1.992 0.1093 83.1636
1.1 1.992 0.1128 83.5939
1.11 1.933 0.1128 83.4425
1.12 1.886 0.1155 83.519
1.13 1.886 0.1159 83.7497
1.14 1.835 0.1159 83.6243
1.15 1.874 0.1096 83.6918
1.16 1.874 0.106 83.6607
1.17 1.912 0.106 84.1033
1.18 1.934 0.105 84.375
1.19 1.934 0.1016 84.3419
1.2 1.936 0.1016 84.5509
1.21 1.995 0.0975001 84.8221
1.22 1.995 0.0962 84.9215
1.23 2.068 0.0950001 85.4668
1.24 2.144 0.0950001 86.1057
1.25 2.144 0.0963 86.3959
1.26 2.194 0.0958 86.8378
1.27 2.266 0.0958 87.4344
1.28 2.266 0.0977 87.7686
1.29 2.362 0.0991 88.5906
1.3 2.399 0.0991 88.9799
1.31 2.445 0.0989 89.3988
1.32 2.445 0.1011 89.7522
1.33 2.521 0.1011 90.338
1.34 2.465 0.1032 90.3884
1.35 2.465 0.1085 90.9537
1.36 2.319 0.1085 90.3426
1.37 2.072 0.1099 89.1656
1.38 2.072 0.109 89.285
1.39 1.929 0.109 88.5478
1.4 1.81 0.1159 88.3647
1.41 1.81 0.122 88.9184
1.42 1.821 0.122 89.171
1.43 1.816 0.1263 89.5676
1.44 1.816 0.1277 89.8236
1.45 1.769 0.1277 89.6574
1.46 1.72 0.1263 89.3842
1.47 1.72 0.1204 89.1983
1.48 1.734 0.1204 89.4709
1.49 1.734 0.1131 89.1733
1.5 1.718 0.1111 89.0877
1.51 1.709 0.1111 89.185
1.52 1.709 0.1119 89.4021
1.53 1.711 0.1058 89.1635
1.54 1.67 0.1058 89.0138
1.55 1.67 0.1001 88.7641
1.56 1.581 0.1001 88.2244
1.57 1.563 0.0931 87.7051
1.58 1.563 0.0867 87.3409
1.59 1.592 0.0867 87.7262
1.6 1.691 0.0806 88.1096
1.61 1.691 0.078 88.0218
1.62 1.851 0.078 89.3289
1.63 2.112 0.0776 91.1588
1.64 2.112 0.0754 91.0957
1.65 2.4 0.0754 92.945
1.66 2.682 0.0674 93.7239
1.67 2.682 0.0643 93.5135
1.68 2.909 0.0643 94.7711
1.69 2.909 0.0643 94.9276
1.7 2.909 0.0643 95.0835
1.71 2.909 0.0643 95.2386
1.72 2.909 0.0643 95.3931
1.73 3.137 0.0432 93.4469
1.74 3.232 0.0353 92.4335
1.75 3.392 0.0338 92.8911
1.76 3.529 0.0337 93.5473
1.77 3.655 0.0337 94.1692
1.78 3.655 0.0331 94.176
1.79 4.037 0.0331 95.6827
1.8 4.723 0.0335 98.1194
1.81 4.723 0.0349 98.6059
1.82 5.606 0.0349 101.225
1.83 5.606 0.0366 101.781
1.84 6.429 0.0366 103.966
1.85 6.429 0.0344 103.587
1.86 6.846 0.0344 104.686
1.87 6.846 0.0329 104.454
1.88 6.904 0.0329 104.736
1.89 6.904 0.0338 105.126
1.9 6.709 0.028 103.218
1.91 6.429 0.028 102.736
1.92 6.429 0.0206 100.291
1.93 6.434 0.0206 100.447
1.94 6.434 0.0208 100.673
1.95 6.685 0.0208 101.374
1.96 6.685 0.0283 104.152
1.97 7.063 0.0283 105.129
1.98 7.677 0.0315 107.502
1.99 7.677 0.0398 109.768
2 8.631 0.0398 111.791
2.01 8.631 0.0482 113.744
2.02 9.407 0.0482 115.322
2.03 9.407 0.051 116.024
2.04 10.127 0.051 117.423
2.05 10.725 0.0486 118.084
2.06 10.725 0.0458 117.661
2.07 11.322 0.0458 118.743
2.08 11.322 0.0366 116.704
2.09 11.787 0.0366 117.539
2.1 11.787 0.0322 116.448
2.11 12.072 0.0348 117.762
2.12 12.284 0.0348 118.213
2.13 12.284 0.0405 119.871
2.14 12.513 0.0405 120.346
2.15 12.513 0.0436 121.244
2.16 12.727 0.0436 121.698
2.17 12.881 0.0476 122.96
2.18 12.881 0.0542 124.454
2.19 13.074 0.0542 124.88
2.2 13.074 0.0597 126.048
2.21 13.276 0.0597 126.486
2.22 13.532 0.0636 127.664
2.23 13.532 0.0666 128.315
2.24 13.768 0.0666 128.794
2.25 13.768 0.0684 129.241
2.26 13.915 0.0684 129.598
2.27 13.915 0.0706 130.099
2.28 14.079 0.0732 130.872
2.29 14.245 0.0732 131.252
2.3 14.245 0.0755 131.75
2.31 14.411 0.0755 132.129
2.32 14.411 0.0773 132.548
2.33 14.541 0.0791 133.133
2.34 14.609 0.0791 133.381
2.35 14.609 0.082 133.94
2.36 14.611 0.082 134.101
2.37 14.611 0.0849 134.647
2.38 14.601 0.0881 135.207
2.39 14.568 0.0881 135.321
2.4 14.568 0.0904 135.769
2.41 14.558 0.0904 135.912
2.42 14.522 0.0933 136.378
2.43 14.522 0.096 136.859
2.44 14.527 0.096 137.022
2.45 14.527 0.0991 137.541
2.46 14.589 0.1003 137.92
2.47 14.941 0.1003 138.55
2.48 14.941 0.1007 138.752
2.49 15.56 0.1007 139.721
2.5 15.56 0.0995 139.738
2.51 16.09 0.0996 140.581
2.52 16.437 0.0996 141.169
2.53 16.437 0.0992 141.278
2.54 16.76 0.0992 141.83
2.55 17.064 0.099 142.329
2.56 17.064 0.0991 142.496
2.57 17.353 0.0991 142.996
2.58 17.772 0.1004 143.799
2.59 17.772 0.1016 144.096
2.6 18.23 0.1016 144.78
2.61 18.649 0.1027 145.54
2.62 18.649 0.104 145.847
2.63 18.986 0.104 146.378
2.64 19.155 0.106 146.953
2.65 19.155 0.1078 147.314
2.66 19.328 0.1107 147.985
2.67 19.396 0.1107 148.215
2.68 19.396 0.1133 148.656
2.69 19.4 0.1258 150.116
2.7 19.4 0.1258 150.271
2.71 19.4 0.1258 150.425
2.72 19.4 0.1258 150.579
2.73 19.4 0.1258 150.733
2.74 18.326 0.1045 147.362
2.75 18.572 0.103 147.617
2.76 18.586 0.1068 148.228
2.77 18.533 0.1099 148.67
2.78 18.456 0.1132 149.096
2.79 18.47 0.1147 149.425
2.8 18.533 0.1169 149.884
2.81 18.475 0.1177 150.05
2.82 18.475 0.1191 150.346
2.83 18.422 0.1205 150.578
2.84 18.36 0.1212 150.725
2.85 18.258 0.1226 150.896
2.86 18.201 0.1234 151.056
2.87 18.239 0.125 151.411
2.88 18.297 0.125 151.626
2.89 18.408 0.125 151.905
2.9 18.504 0.1244 152.104
2.91 18.581 0.1231 152.207
2.92 18.581 0.1216 152.197
2.93 18.538 0.1218 152.312
2.94 18.504 0.1221 152.447
2.95 18.413 0.1211 152.379
2.96 18.369 0.1211 152.469
2.97 18.282 0.1193 152.318
2.98 18.282 0.1176 152.279
2.99 18.201 0.1165 152.204
3 18.056 0.1159 152.105
3.01 17.974 0.1159 152.146
3.02 17.883 0.1153 152.109
3.03 17.883 0.1163 152.358
3.04 17.762 0.1166 152.382
3.05 17.709 0.1166 152.455
3.06 17.579 0.1163 152.4
3.07 17.56 0.1161 152.492
3.08 17.56 0.1143 152.432
3.09 17.507 0.1131 152.369
3.1 17.473 0.113 152.452
3.11 17.444 0.113 152.552
3.12 17.406 0.1112 152.437
3.13 17.406 0.1089 152.307
3.14 17.454 0.1089 152.503
3.15 17.454 0.1065 152.355
3.16 17.295 0.1065 152.288
3.17 17.295 0.1058 152.339
3.18 17.073 0.1058 152.189
3.19 17.073 0.1051 152.238
3.2 16.803 0.1038 151.863
3.21 16.726 0.1038 151.895
3.22 16.726 0.1026 151.879
3.23 16.625 0.1026 151.877
3.24 16.625 0.1009 151.797
3.25 16.577 0.1009 151.864
3.26 16.577 0.0995 151.817
3.27 16.48 0.0995 151.818
3.28 16.48 0.0988 151.858
3.29 16.389 0.0979 151.749
3.3 16.297 0.0979 151.754
3.31 16.297 0.0962 151.661
3.32 16.211 0.0962 151.673
3.33 16.211 0.0950001 151.641
3.34 16.105 0.0950001 151.624
3.35 16.105 0.0943 151.657
3.36 15.936 0.093 151.377
3.37 15.739 0.093 151.231
3.38 15.739 0.0915 151.151
3.39 15.541 0.0915 151
3.4 15.541 0.0904 150.972
3.41 15.252 0.0894 150.548
3.42 14.91 0.0894 150.179
3.43 14.91 0.0892 150.273
3.44 14.587 0.0892 149.921
3.45 14.587 0.0896 150.098
3.46 14.334 0.0896 149.841
3.47 14.334 0.0899 150.003
3.48 14.156 0.0879 149.573
3.49 13.968 0.0879 149.404
3.5 13.968 0.0868 149.366
3.51 13.888 0.0868 149.361
3.52 13.888 0.0855 149.292
3.53 13.883 0.0855 149.402
3.54 13.883 0.0833 149.196
3.55 13.919 0.0833 149.368
3.56 13.919 0.0802 149.014
3.57 13.96 0.0802 149.194
3.58 13.915 0.0769 148.72
3.59 13.915 0.0747 148.476
3.6 13.681 0.0747 148.228
3.61 13.681 0.0747 148.343
3.62 13.356 0.0747 147.944
3.63 13.356 0.0751 148.123
3.64 12.98 0.0751 147.628
3.65 12.667 0.0751 147.222
3.66 12.667 0.0755 147.399
3.67 12.361 0.0755 146.993
3.68 12.361 0.0754 147.088
3.69 12.185 0.0754 146.895
3.7 12.185 0.0754 147.006
3.71 12.185 0.0754 147.116
3.72 12.185 0.0754 147.226
3.73 12.185 0.0754 147.336
3.74 11.27 0.0665 144.282
3.75 11.575 0.0649 144.652
3.76 11.674 0.0649 144.937
3.77 11.744 0.0648 145.15
3.78 11.828 0.0638 145.218
3.79 11.828 0.0628 145.134
3.8 12.045 0.0628 145.621
3.81 11.828 0.0606 144.916
3.82 12.281 0.0594 145.566
3.83 12.563 0.0594 146.149
3.84 12.563 0.0585 146.069
3.85 12.855 0.0585 146.659
3.86 12.855 0.0569 146.427
3.87 13.139 0.0569 146.994
3.88 13.139 0.0562 146.948
3.89 13.402 0.0562 147.474
3.9 13.609 0.0562 147.905
3.91 13.609 0.057 148.185
3.92 13.871 0.057 148.698
3.93 13.871 0.0581 149.04
3.94 14.136 0.0581 149.552
3.95 14.136 0.0591 149.87
3.96 14.288 0.0607 150.541
3.97 14.25 0.0607 150.589
3.98 14.25 0.0634 151.241
3.99 14.035 0.0634 151.015
4 14.035 0.0657 151.569
4.01 13.835 0.0657 151.361
4.02 13.835 0.0686 152.011
4.03 13.835 0.0702 152.408
4.04 13.835 0.0702 152.513
4.05 14.05 0.0705 153.012
4.06 14.288 0.0705 153.488
4.07 14.288 0.0702 153.538
4.08 14.423 0.0698 153.778
4.09 14.423 0.0698 153.883
4.1 14.423 0.0703 154.079
4.11 14.221 0.0703 153.87
4.12 14.221 0.0708 154.065
4.13 13.941 0.0722 153.979
4.14 13.659 0.0722 153.629
4.15 13.659 0.0733 153.926
4.16 13.349 0.0733 153.521
4.17 13.349 0.074 153.745
4.18 13.045 0.074 153.338
4.19 12.626 0.0737 152.668
4.2 12.626 0.0738 152.787
4.21 12.024 0.0738 151.816
4.22 12.024 0.074 151.95
4.23 10.968 0.074 150.051
4.24 10.019 0.0761 148.551
4.25 10.019 0.0777 148.906
4.26 9.263 0.0777 147.329
4.27 9.263 0.0781 147.488
4.28 8.689 0.0781 146.231
4.29 8.896 0.0798 147.086
4.3 8.896 0.0808 147.334
4.31 9.879 0.0808 149.671
4.32 9.879 0.0813 149.844
4.33 10.829 0.0813 151.936
4.34 10.93 0.0704 150.425
4.35 10.93 0.0641 149.352
4.36 10.773 0.0641 149.136
4.37 10.773 0.0584 148.079
4.38 10.508 0.0584 147.643
4.39 10.508 0.0534 146.64
4.4 10.06 0.0498 144.971
4.41 9.504 0.0498 143.88
4.42 9.504 0.0505 144.138
4.43 9.092 0.0505 143.311
4.44 9.092 0.0527 143.91
4.45 8.831 0.0527 143.398
4.46 8.831 0.0511 143.12
4.47 8.509 0.0487 141.876
4.48 8.239 0.0487 141.306
4.49 8.239 0.049 141.466
4.5 8.509 0.049 142.212
4.51 8.509 0.0487 142.228
4.52 8.509 0.0487 142.315
4.53 7.955 0.046 140.361
4.54 7.803 0.0427 139.193
4.55 7.682 0.0427 138.965
4.56 7.682 0.0421 138.886
4.57 7.593 0.0421 138.738
4.58 7.593 0.0428 139.013
4.59 7.574 0.0428 139.047
4.6 7.757 0.0428 139.61
4.61 7.757 0.0411 139.224
4.62 8.188 0.0411 140.397
4.63 8.188 0.0397 140.077
4.64 8.882 0.04 141.901
4.65 9.662 0.04 143.718
4.66 9.662 0.0409 144.07
4.67 10.356 0.0409 145.603
4.68 11.072 0.04 146.827
4.69 11.072 0.0392 146.667
4.7 11.072 0.0392 146.754
4.71 11.072 0.0392 146.841
4.72 11.072 0.0392 146.928
4.73 11.072 0.0392 147.014
4.74 10.303 0.0327 143.404
4.75 11.224 0.0331 145.415
4.76 11.322 0.035 146.361
4.77 11.445 0.0373 147.453
4.78 11.445 0.0403 148.491
4.79 11.409 0.0455 150.017
4.8 11.404 0.0455 150.095
4.81 11.597 0.0483 151.295
4.82 11.597 0.0508 152.019
4.83 11.836 0.0508 152.554
4.84 12.139 0.052 153.497
4.85 12.139 0.0531 153.852
4.86 12.411 0.054 154.649
4.87 12.52 0.054 154.932
4.88 12.52 0.0546 155.163
4.89 12.541 0.0542 155.194
4.9 12.592 0.0542 155.373
4.91 12.592 0.0535 155.293
4.92 12.686 0.0538 155.62
4.93 12.922 0.0538 156.121
4.94 12.922 0.0543 156.329
4.95 13.32 0.0543 157.102
4.96 13.789 0.055 158.144
4.97 13.789 0.0557 158.399
4.98 14.168 0.0567 159.343
4.99 14.382 0.0567 159.777
5 14.382 0.0575 160.052
5.01 14.464 0.0575 160.272
5.02 14.565 0.0592 160.912
5.03 14.565 0.0611 161.424
5.04 14.642 0.0611 161.636
5.05 14.676 0.0625 162.085
5.06 14.676 0.0647 162.641
5.07 14.71 0.0647 162.785
5.08 14.71 0.067 163.348
5.09 14.712 0.0695 163.939
5.1 14.616 0.0695 163.874
5.11 14.616 0.0718 164.408
5.12 14.37 0.0737 164.453
5.13 14.136 0.0737 164.154
5.14 14.136 0.0757 164.609
5.15 13.917 0.0757 164.328
5.16 13.917 0.0767 164.596
5.17 13.635 0.0773 164.307
5.18 13.259 0.0773 163.734
5.19 13.259 0.0771 163.787
5.2 12.823 0.0771 163.087
5.21 12.823 0.0767 163.104
5.22 12.385 0.0767 162.376
5.23 12.385 0.077 162.515
5.24 11.956 0.0769 161.761
5.25 11.638 0.0769 161.22
5.26 11.638 0.076 161.147
5.27 11.407 0.076 160.767
5.28 11.407 0.0746 160.603
5.29 11.303 0.0746 160.476
5.3 11.303 0.0722 160.124
5.31 11.272 0.0722 160.145
5.32 11.286 0.0693 159.711
5.33 11.286 0.0659 159.127
5.34 11.233 0.0659 159.103
5.35 11.233 0.0628 158.548
5.36 11.195 0.0628 158.553
5.37 11.195 0.0604 158.122
5.38 11.236 0.0604 158.287
5.39 11.255 0.0578 157.829
5.4 11.255 0.0563 157.565
5.41 11.132 0.0563 157.397
5.42 11.132 0.0555 157.29
5.43 10.79 0.0555 156.665
5.44 10.79 0.056 156.862
5.45 10.306 0.0574 156.229
5.46 9.812 0.0574 155.207
5.47 9.812 0.0583 155.487
5.48 9.32 0.0583 154.418
5.49 9.32 0.059 154.65
5.5 8.846 0.059 153.57
5.51 8.417 0.0595 152.658
5.52 8.417 0.0584 152.498
5.53 8.181 0.0584 151.952
5.54 8.181 0.0562 151.543
5.55 8.169 0.0532 150.897
5.56 8.222 0.0532 151.113
5.57 8.222 0.0493 150.234
5.58 8.075 0.0493 149.919
5.59 8.075 0.0454 148.968
5.6 7.974 0.0428 148.044
5.61 7.839 0.0428 147.754
5.62 7.839 0.04 146.997
5.63 7.75 0.04 146.828
5.64 7.795 0.0365 145.908
5.65 7.795 0.0333 144.869
5.66 7.803 0.0333 144.962
5.67 7.803 0.032 144.553
5.68 7.819 0.0316 144.516
5.69 7.808 0.0316 144.557
5.7 7.808 0.0316 144.627
5.71 7.808 0.0316 144.698
5.72 7.808 0.0316 144.768
5.73 7.808 0.0316 144.839
5.74 4.668 0.033 135.049
5.75 7.328 0.0278 142.137
5.76 7.644 0.0273 142.857
5.77 7.735 0.0276 143.3
5.78 7.848 0.028 143.841
5.79 7.969 0.0289 144.608
5.8 8.07 0.0301 145.431
5.81 8.169 0.0297 145.594
5.82 8.169 0.0301 145.826
5.83 8.227 0.0306 146.245
5.84 8.28 0.0306 146.45
5.85 8.309 0.0308 146.673
5.86 8.309 0.0311 146.861
5.87 8.297 0.0333 147.738
5.88 8.253 0.0349 148.272
5.89 8.142 0.0349 148.053
5.9 7.957 0.0347 147.563
5.91 7.957 0.0356 147.948
5.92 7.74 0.0362 147.634
5.93 7.574 0.0362 147.243
5.94 7.497 0.0369 147.33
5.95 7.557 0.0373 147.701
5.96 7.557 0.0371 147.703
5.97 7.497 0.037 147.57
5.98 7.497 0.037 147.638
5.99 8.205 0.0367 149.538
6 8.205 0.036 149.367
6.01 8.458 0.0348 149.669
6.02 8.692 0.0348 150.327
6.03 8.971 0.0337 150.679
6.04 8.971 0.0331 150.524
6.05 9.34 0.0323 151.162
6.06 9.687 0.0324 152.067
6.07 9.891 0.0324 152.594
6.08 9.971 0.0334 153.228
6.09 9.971 0.0348 153.822
6.1 9.952 0.0364 154.427
6.11 9.894 0.0364 154.367
6.12 9.754 0.0384 154.808
6.13 9.617 0.0407 155.313
6.14 9.617 0.0427 156.005
6.15 9.508 0.0444 156.326
6.16 9.41 0.0444 156.164
6.17 9.378 0.0457 156.533
6.18 9.378 0.0463 156.774
6.19 9.383 0.0461 156.8
6.2 9.438 0.0461 157.002
6.21 9.504 0.0454 157.03
6.22 9.504 0.0445 156.839
6.23 9.53 0.0439 156.793
6.24 9.518 0.0439 156.835
6.25 9.467 0.0432 156.574
6.26 9.467 0.0431 156.613
6.27 9.453 0.0428 156.558
6.28 9.45 0.0428 156.621
6.29 9.45 0.0437 156.961
6.3 9.453 0.0437 157.038
6.31 9.453 0.0442 157.256
6.32 9.453 0.0443 157.355
6.33 10.176 0.0443 159.104
6.34 10.176 0.0449 159.352
6.35 10.395 0.0449 159.911
6.36 10.53 0.0457 160.514
6.37 10.53 0.0465 160.816
6.38 10.612 0.0465 161.066
6.39 10.612 0.0472 161.337
6.4 10.631 0.0481 161.703
6.41 10.626 0.0481 161.762
6.42 10.626 0.0491 162.109
6.43 10.58 0.0491 162.078
6.44 10.518 0.0505 162.39
6.45 10.518 0.0521 162.883
6.46 10.455 0.0521 162.812
6.47 10.455 0.0533 163.191
6.48 10.349 0.0536 163.098
6.49 10.27 0.0536 162.988
6.5 10.27 0.0539 163.133
6.51 10.171 0.0539 162.975
6.52 10.091 0.0539 162.86
6.53 10.091 0.0538 162.904
6.54 10.021 0.0538 162.81
6.55 10.021 0.0537 162.854
6.56 9.985 0.0533 162.737
6.57 9.997 0.0533 162.834
6.58 9.997 0.0527 162.75
6.59 10.101 0.0519 162.854
6.6 10.291 0.0519 163.36
6.61 10.291 0.0509 163.165
6.62 10.544 0.0509 163.805
6.63 10.785 0.05 164.164
6.64 10.785 0.0495 164.096
6.65 10.872 0.0495 164.355
6.66 10.778 0.0496 164.245
6.67 10.778 0.0504 164.533
6.68 10.614 0.0504 164.238
6.69 10.434 0.0516 164.224
6.7 10.434 0.0577 165.826
6.71 10.434 0.0577 165.895
6.72 10.434 0.0577 165.964
6.73 10.434 0.0577 166.032
6.74 10.434 0.0577 166.101
6.75 9.776 0.0487 162.312
6.76 10.009 0.0475 162.592
6.77 10.171 0.0484 163.291
6.78 10.171 0.0498 163.746
6.79 10.325 0.0509 164.466
6.8 10.371 0.0509 164.639
6.81 10.371 0.0516 164.893
6.82 10.313 0.0521 164.96
6.83 10.25 0.0521 164.882
6.84 10.25 0.0522 164.975
6.85 10.207 0.0522 164.942
6.86 10.207 0.0519 164.93
6.87 10.159 0.0514 164.752
6.88 10.137 0.0514 164.767
6.89 10.137 0.0516 164.887
6.9 10.161 0.0514 164.956
6.91 10.241 0.0514 165.209
6.92 10.241 0.0512 165.222
6.93 10.364 0.051 165.519
6.94 10.45 0.051 165.782
6.95 10.503 0.0507 165.888
6.96 10.503 0.0507 165.955
6.97 10.513 0.0507 166.044
6.98 10.527 0.0505 166.087
6.99 10.527 0.0511 166.316
7 10.547 0.0511 166.428
7.01 10.58 0.0517 166.731
7.02 10.58 0.0525 167.01
7.03 10.665 0.0525 167.269
7.04 10.665 0.0527 167.388
7.05 10.877 0.0525 167.876
7.06 11.072 0.0525 168.373
7.07 11.072 0.0523 168.385
7.08 11.125 0.0523 168.567
7.09 11.065 0.0524 168.529
7.1 11.065 0.0528 168.702
7.11 10.973 0.0528 168.565
7.12 10.973 0.0534 168.79
7.13 10.901 0.0534 168.695
7.14 10.896 0.0544 169.011
7.15 10.896 0.0551 169.256
7.16 11 0.0551 169.554
7.17 11 0.0553 169.671
7.18 11.197 0.0553 170.171
7.19 11.525 0.0551 170.895
7.2 11.525 0.0543 170.753
7.21 11.881 0.0543 171.569
7.22 11.881 0.0527 171.208
7.23 12.192 0.0527 171.913
7.24 12.291 0.0521 172.015
7.25 12.291 0.0525 172.191
7.26 12.236 0.0525 172.145
7.27 12.236 0.0538 172.562
7.28 12.166 0.0538 172.486
7.29 12.146 0.0554 172.932
7.3 12.146 0.0574 173.509
7.31 12.067 0.0574 173.412
7.32 12.067 0.0597 174.046
7.33 11.959 0.0597 173.887
7.34 11.826 0.0621 174.243
7.35 11.826 0.0639 174.724
7.36 11.722 0.0639 174.568
7.37 11.722 0.0649 174.859
7.38 11.628 0.0649 174.723
7.39 11.532 0.0655 174.714
7.4 11.532 0.0654 174.757
7.41 11.426 0.0654 174.59
7.42 11.426 0.065 174.567
7.43 11.349 0.065 174.462
7.44 11.308 0.0645 174.324
7.45 11.308 0.0634 174.14
7.46 11.286 0.0634 174.156
7.47 11.286 0.0622 173.944
7.48 11.253 0.0612 173.701
7.49 11.149 0.0612 173.534
7.5 11.149 0.0608 173.503
7.51 10.978 0.0608 173.182
7.52 10.797 0.061 172.879
7.53 10.797 0.0611 172.966
7.54 10.648 0.0611 172.684
7.55 10.648 0.0611 172.748
7.56 10.561 0.0611 172.607
7.57 10.511 0.0612 172.576
7.58 10.511 0.0613 172.663
7.59 10.46 0.0613 172.605
7.6 10.46 0.0611 172.622
7.61 10.59 0.0611 172.992
7.62 10.935 0.0611 173.856
7.63 10.935 0.0593 173.487
7.64 11.395 0.0593 174.583
7.65 11.942 0.0574 175.354
7.66 11.942 0.0552 174.849
7.67 12.541 0.0552 176.149
7.68 12.541 0.0533 175.7
7.69 13.057 0.0532 176.759
7.7 13.233 0.0532 177.165
7.71 13.233 0.0532 177.229
7.72 13.233 0.0532 177.292
7.73 13.233 0.0532 177.356
7.74 13.233 0.0532 177.42
7.75 12.407 0.0519 175.482
7.76 12.797 0.0514 176.188
7.77 12.956 0.0541 177.318
7.78 12.999 0.0541 177.466
7.79 12.954 0.0584 178.574
7.8 12.954 0.0624 179.625
7.81 12.912 0.0666 180.581
7.82 12.845 0.0666 180.51
7.83 12.845 0.0703 181.388
7.84 12.773 0.0734 181.957
7.85 12.703 0.0734 181.878
7.86 12.703 0.076 182.47
7.87 12.595 0.076 182.31
7.88 12.595 0.0781 182.789
7.89 12.464 0.0789 182.733
7.9 12.325 0.0789 182.502
7.91 12.325 0.0791 182.605
7.92 12.219 0.0791 182.442
7.93 12.219 0.0786 182.41
7.94 12.207 0.0786 182.448
7.95 12.207 0.0771 182.219
7.96 12.341 0.0771 182.57
7.97 12.599 0.0754 182.839
7.98 12.599 0.0736 182.535
7.99 12.754 0.0736 182.921
8 12.754 0.0732 182.901
8.01 12.623 0.0732 182.693
8.02 12.623 0.0734 182.798
8.03 12.392 0.0734 182.376
8.04 12.623 0.0755 183.355
8.05 12.623 0.0755 183.418
8.06 12.158 0.0755 182.492
8.07 12.158 0.0765 182.755
8.08 12.115 0.0765 182.725
8.09 12.115 0.0773 182.946
8.1 12.045 0.0773 182.856
8.11 12.11 0.0779 183.178
8.12 12.11 0.0773 183.123
8.13 12.303 0.0773 183.604
8.14 12.303 0.0751 183.226
8.15 12.59 0.0751 183.898
8.16 12.59 0.073 183.527
8.17 12.742 0.073 183.907
8.18 12.768 0.0725 183.918
8.19 12.768 0.0733 184.149
8.2 12.715 0.0733 184.101
8.21 12.715 0.0729 184.08
8.22 12.657 0.0729 184.021
8.23 12.657 0.0737 184.25
8.24 12.57 0.0737 184.129
8.25 12.534 0.0751 184.404
8.26 12.534 0.0765 184.75
8.27 12.496 0.0765 184.731
8.28 12.496 0.0777 185.033
8.29 12.443 0.0777 184.981
8.3 12.443 0.0781 185.123
8.31 12.416 0.0781 185.127
8.32 12.344 0.0776 184.935
8.33 12.344 0.0767 184.817
8.34 12.248 0.0767 184.671
8.35 12.248 0.0763 184.652
8.36 12.175 0.0763 184.555
8.37 12.175 0.076 184.555
8.38 12.144 0.076 184.549
8.39 12.144 0.0756 184.529
8.4 12.144 0.0744 184.345
8.41 12.144 0.0744 184.406
8.42 12.065 0.0737 184.148
8.43 12.011 0.0737 184.09
8.44 12.011 0.0738 184.172
8.45 11.908 0.0737 183.983
8.46 11.824 0.0737 183.856
8.47 11.824 0.0732 183.812
8.48 11.874 0.0732 183.984
8.49 11.874 0.0722 183.834
8.5 12.007 0.0722 184.19
8.51 12.007 0.0716 184.122
8.52 12.115 0.0711 184.312
8.53 12.245 0.0711 184.656
8.54 12.245 0.0708 184.651
8.55 12.411 0.0708 185.07
8.56 12.411 0.071 185.173
8.57 12.505 0.071 185.435
8.58 12.505 0.0715 185.603
8.59 12.532 0.0731 186.063
8.6 12.522 0.0731 186.102
8.61 12.522 0.0747 186.498
8.62 12.623 0.0747 186.774
8.63 12.623 0.0759 187.082
8.64 12.782 0.0759 187.48
8.65 12.874 0.0767 187.898
8.66 12.874 0.0774 188.1
8.67 12.925 0.0774 188.268
8.68 12.925 0.0776 188.369
8.69 12.992 0.0776 188.569
8.7 13.127 0.0783 189.052
8.71 13.127 0.0783 189.112
8.72 13.127 0.0783 189.173
8.73 13.127 0.0783 189.233
8.74 13.127 0.0783 189.293
8.75 10.737 0.0773 183.755
8.76 12.766 0.0735 187.664
8.77 12.939 0.0719 187.744
8.78 13.007 0.072 187.967
8.79 13.007 0.0733 188.306
8.8 13.021 0.0747 188.692
8.81 13.052 0.0747 188.816
8.82 13.052 0.0762 189.188
8.83 13.067 0.079 189.848
8.84 13.028 0.079 189.826
8.85 13.028 0.0809 190.262
8.86 12.879 0.0809 190.007
8.87 12.879 0.0824 190.357
8.88 12.672 0.0836 190.201
8.89 12.508 0.0836 189.904
8.9 12.508 0.0844 190.114
8.91 12.375 0.0844 189.881
8.92 12.298 0.0845 189.789
8.93 12.298 0.0850001 189.941
8.94 12.252 0.0850001 189.897
8.95 12.252 0.0847 189.901
8.96 12.25 0.0832 189.673
8.97 12.19 0.0832 189.598
8.98 12.19 0.0817 189.37
8.99 12.057 0.0817 189.129
9 11.881 0.0798 188.418
9.01 11.881 0.0781 188.139
9.02 11.559 0.0781 187.454
9.03 11.559 0.0782 187.532
9.04 11.166 0.079 186.815
9.05 10.886 0.079 186.191
9.06 10.886 0.0795 186.346
9.07 10.725 0.079 185.906
9.08 10.636 0.079 185.74
9.09 10.636 0.076 185.199
9.1 10.578 0.076 185.11
9.11 10.58 0.076 185.171
9.12 10.58 0.0746 184.941
9.13 10.552 0.0746 184.927
9.14 10.564 0.0731 184.701
9.15 10.564 0.071 184.31
9.16 10.612 0.071 184.486
9.17 10.682 0.0689 184.256
9.18 10.682 0.0673 183.952
9.19 10.807 0.0673 184.316
9.2 10.956 0.0664 184.529
9.21 10.956 0.0658 184.446
9.22 11.134 0.0658 184.93
9.23 11.349 0.0649 185.283
9.24 11.349 0.0644 185.22
9.25 11.566 0.0644 185.782
9.26 11.566 0.0642 185.789
9.27 11.826 0.0642 186.441
9.28 12.166 0.0642 187.26
9.29 12.166 0.064 187.267
9.3 12.52 0.0644 188.196
9.31 12.876 0.0644 189.014
9.32 12.876 0.0649 189.192
9.33 13.209 0.0659 190.187
9.34 13.541 0.0659 190.925
9.35 13.541 0.0675 191.364
9.36 13.883 0.0675 192.109
9.37 14.187 0.0693 193.189
9.38 14.187 0.0718 193.817
9.39 14.438 0.0718 194.365
9.4 14.645 0.0746 195.442
9.41 14.645 0.0773 196.079
9.42 14.794 0.0773 196.423
9.43 14.936 0.0805 197.417
9.44 14.936 0.0841 198.195
9.45 15.146 0.0841 198.652
9.46 15.146 0.0871 199.291
9.47 15.353 0.0895 200.192
9.48 15.444 0.0895 200.421
9.49 15.444 0.0924 201.013
9.5 15.406 0.0924 201
9.51 15.199 0.0952 201.167
9.52 15.199 0.099 201.882
9.53 14.813 0.099 201.194
9.54 14.813 0.1038 202.047
9.55 13.927 0.1082 201.012
9.56 13.17 0.1082 199.459
9.57 13.17 0.111 199.941
9.58 12.397 0.111 198.265
9.59 12.397 0.1144 198.821
9.6 12.171 0.1155 198.51
9.61 12.763 0.1155 199.93
9.62 12.763 0.1135 199.698
9.63 13.327 0.1135 201.003
9.64 12.763 0.1105 199.368
9.65 13.645 0.1092 201.156
9.66 13.45 0.1092 200.797
9.67 13.45 0.1095 200.901
9.68 13.038 0.1088 199.954
9.69 12.59 0.1088 199.006
9.7 12.59 0.106 198.632
9.71 12.59 0.106 198.689
9.72 12.59 0.106 198.746
9.73 12.59 0.106 198.803
9.74 12.59 0.106 198.86
9.75 11.265 0.1136 196.887
9.76 11.614 0.1041 196.379
9.77 11.694 0.0996 195.907
9.78 11.694 0.0989 195.848
9.79 11.563 0.099 195.603
9.8 11.342 0.099 195.115
9.81 11.342 0.097 194.839
9.82 11.13 0.097 194.366
9.83 11.13 0.0935 193.827
9.84 10.937 0.0935 193.394
9.85 10.959 0.0895 192.802
9.86 10.959 0.0874 192.476
9.87 11.062 0.0874 192.79
9.88 11.062 0.0867 192.715
9.89 11.257 0.0867 193.255
9.9 11.395 0.0872 193.741
9.91 11.395 0.0856 193.497
9.92 11.267 0.0856 193.237
9.93 11.267 0.0821 192.621
9.94 11.101 0.0797 191.789
9.95 11.014 0.0797 191.626
9.96 11.014 0.0791 191.559
9.97 10.992 0.0791 191.557
9.98 11.014 0.0803 191.906
9.99 11.014 0.0824 192.372
10 11.014 0.0824 192.426
10.01 11.207 0.0845 193.366
10.02 11.207 0.0858 193.665
10.03 11.489 0.0858 194.413
10.04 11.489 0.0849 194.297
10.05 12.137 0.0843 195.777
10.06 12.717 0.0843 197.152
10.07 12.717 0.0847 197.284
10.08 13.091 0.0862 198.453
10.09 13.368 0.0862 199.107
10.1 13.368 0.0866 199.239
10.11 13.582 0.0866 199.75
10.12 13.787 0.086 200.121
10.13 13.787 0.087 200.368
10.14 14.016 0.087 200.899
10.15 14.332 0.088 201.792
10.16 14.332 0.0899 202.207
10.17 14.657 0.0899 202.916
10.18 14.939 0.0927 204.049
10.19 14.939 0.0957 204.647
10.2 15.324 0.0957 205.454
10.21 15.719 0.0975001 206.584
10.22 15.719 0.0989 206.886
10.23 15.999 0.0989 207.469
10.24 16.215 0.1001 208.135
10.25 16.215 0.1019 208.501
10.26 16.317 0.1019 208.746
10.27 16.341 0.1055 209.45
10.28 16.341 0.1078 209.883
10.29 16.278 0.1078 209.823
10.3 16.264 0.111 210.365
10.31 16.264 0.1138 210.859
10.32 16.143 0.1138 210.689
10.33 15.845 0.1166 210.606
10.34 15.845 0.1193 211.065
10.35 15.416 0.1193 210.289
10.36 14.994 0.1232 210.068
10.37 14.994 0.1267 210.614
10.38 14.654 0.1267 209.976
10.39 14.51 0.1289 210.034
10.4 14.51 0.1298 210.212
10.41 14.425 0.1298 210.09
10.42 14.425 0.1295 210.106
10.43 14.344 0.1288 209.897
10.44 14.322 0.1288 209.907
10.45 14.322 0.1273 209.758
10.46 14.274 0.1252 209.422
10.47 14.156 0.1252 209.228
10.48 14.156 0.1217 208.79
10.49 14.055 0.1217 208.63
10.5 13.977 0.1179 207.969
10.51 13.977 0.116 207.743
10.52 13.91 0.116 207.654
10.53 13.845 0.1158 207.539
10.54 13.845 0.1149 207.459
10.55 13.775 0.1149 207.362
10.56 13.775 0.1127 207.084
10.57 13.688 0.1113 206.734
10.58 13.601 0.1113 206.599
10.59 13.601 0.11 206.451
10.6 13.493 0.1099 206.253
10.61 13.349 0.1099 205.988
10.62 13.349 0.1106 206.151
10.63 13.192 0.1113 205.962
10.64 13.1 0.1113 205.808
10.65 13.1 0.1105 205.739
10.66 13.028 0.1105 205.629
10.67 13.074 0.1094 205.616
10.68 13.074 0.107 205.29
10.69 13.151 0.1054 205.26
10.7 13.308 0.1054 205.664
10.71 13.308 0.1031 205.341
10.72 13.308 0.1031 205.394
10.73 13.308 0.1031 205.447
10.74 13.308 0.1031 205.5
10.75 8.374 0.011 159.623
10.76 13.168 0.0996 204.705
10.77 13.168 0.0941 203.792
10.78 13.481 0.092 204.152
10.79 13.565 0.092 204.387
10.8 13.604 0.0914 204.413
10.81 13.604 0.0903 204.26
10.82 13.5 0.0903 204.087
10.83 13.043 0.0909 203.241
10.84 13.043 0.0927 203.625
10.85 12.447 0.0927 202.31
10.86 11.836 0.0947 201.258
10.87 11.836 0.097 201.712
10.88 11.195 0.097 200.152
10.89 11.195 0.0993 200.594
10.9 10.513 0.0993 198.837
10.91 9.636 0.1011 196.702
10.92 9.636 0.1033 197.105
10.93 8.542 0.1033 193.764
10.94 7.381 0.1072 190.364
10.95 7.381 0.1131 191.263
10.96 6.234 0.1131 186.715
10.97 5.451 0.1247 184.682
10.98 5.451 0.1369 186.169
10.99 5.487 0.1369 186.392
11 5.885 0.1424 188.947
11.01 5.885 0.1512 189.94
11.02 6.88 0.1512 194.31
11.03 7.974 0.1436 197.684
11.04 7.974 0.1409 197.421
11.05 9.193 0.1409 201.558
11.06 9.193 0.1232 199.369
11.07 9.884 0.1056 198.944
11.08 10.325 0.1056 200.248
11.09 10.325 0.0957 198.665
11.1 9.884 0.0957 197.469
11.11 11.101 0.0904 199.9
11.12 11.101 0.0813 198.192
11.13 11.26 0.0813 198.648
11.14 11.284 0.0679 195.803
11.15 11.284 0.0574 193.133
11.16 11.308 0.0574 193.24
11.17 11.19 0.0468 189.746
11.18 11.19 0.0484 190.325
11.19 10.968 0.0484 189.824
11.2 10.792 0.0531 190.895
11.21 10.792 0.0617 193.342
11.22 10.638 0.0617 192.99
11.23 10.638 0.0679 194.582
11.24 10.52 0.0707 194.972
11.25 10.402 0.0707 194.704
11.26 10.402 0.0748 195.668
11.27 10.318 0.0783 196.233
11.28 10.248 0.0783 196.089
11.29 10.248 0.0798 196.447
11.3 10.209 0.0812 196.672
11.31 10.195 0.0812 196.681
11.32 10.195 0.0828 197.049
11.33 10.164 0.0806 196.57
11.34 10.147 0.0806 196.571
11.35 10.147 0.0781 196.105
11.36 10.096 0.0778 195.948
11.37 9.993 0.0778 195.706
11.38 9.993 0.0775 195.691
11.39 9.865 0.0775 195.376
11.4 9.797 0.0775 195.229
11.41 9.797 0.078 195.381
11.42 9.718 0.078 195.201
11.43 9.747 0.0793 195.601
11.44 9.747 0.0786 195.505
11.45 9.952 0.0786 196.139
11.46 10.323 0.0775 196.992
11.47 10.323 0.0758 196.677
11.48 10.679 0.0758 197.687
11.49 10.679 0.0743 197.407
11.5 11.005 0.0735 198.133
11.51 11.277 0.0735 198.879
11.52 11.277 0.0727 198.745
11.53 11.513 0.0677 198.209
11.54 11.506 0.0677 198.239
11.55 11.506 0.0632 197.155
11.56 11.595 0.0632 197.422
11.57 11.812 0.0601 197.17
11.58 11.812 0.06 197.19
11.59 12.04 0.06 197.781
11.6 12.257 0.0626 199.04
11.61 12.257 0.0654 199.813
11.62 12.621 0.0654 200.705
11.63 12.621 0.0653 200.728
11.64 12.985 0.0656 201.676
11.65 13.281 0.0656 202.38
11.66 13.281 0.0693 203.355
11.67 13.44 0.076 205.323
11.68 13.493 0.076 205.488
11.69 13.493 0.0785 206.091
11.7 13.479 0.0800001 206.434
11.71 13.358 0.0800001 206.215
11.72 13.358 0.0800001 206.264
11.73 13.358 0.0800001 206.313
11.74 13.358 0.0800001 206.362
11.75 13.358 0.0800001 206.411
11.76 12.636 0.0800001 204.814
11.77 12.78 0.0778 204.722
11.78 12.84 0.076 204.509
11.79 12.888 0.076 204.668
11.8 12.888 0.0779 205.137
11.81 12.713 0.0798 205.193
11.82 12.51 0.0798 204.766
11.83 12.255 0.0815 204.566
11.84 12.255 0.0821 204.739
11.85 12.033 0.0821 204.248
11.86 11.959 0.0825001 204.198
11.87 11.959 0.0829 204.328
11.88 11.944 0.0829 204.338
11.89 11.944 0.0834 204.489
11.9 11.891 0.0834 204.405
11.91 12.011 0.0834 204.749
11.92 12.011 0.0858 205.281
11.93 12.11 0.0858 205.572
11.94 12.113 0.087 205.864
11.95 12.113 0.0869 205.893
11.96 11.959 0.0869 205.561
11.97 11.739 0.0877 205.217
11.98 11.739 0.0879 205.303
11.99 11.457 0.0879 204.633
12 11.132 0.0888 204.007
12.01 11.132 0.0907 204.414
12.02 10.855 0.0907 203.721
12.03 10.855 0.0919 203.991
12.04 10.631 0.0919 203.426
12.05 10.653 0.0919 203.534
12.06 10.653 0.0913 203.47
12.07 10.932 0.0913 204.276
12.08 11.457 0.0922 205.875
12.09 11.457 0.0902 205.547
12.1 12.009 0.0902 206.992
12.11 12.597 0.0899 208.412
12.12 12.597 0.0888 208.247
12.13 13.281 0.0888 209.886
12.14 13.975 0.0873 211.18
12.15 13.975 0.0854 210.842
12.16 14.659 0.0854 212.347
12.17 15.382 0.0846 213.706
12.18 15.382 0.0849 213.817
12.19 16.018 0.0849 215.117
12.2 16.567 0.0855 216.34
12.21 16.567 0.0868 216.661
12.22 17.044 0.0879 217.826
12.23 17.406 0.0879 218.536
12.24 17.406 0.0898 218.975
12.25 17.748 0.0925001 220.181
12.26 18.046 0.0925001 220.76
12.27 18.046 0.097 221.684
12.28 18.239 0.097 222.074
12.29 18.239 0.1001 222.707
12.3 18.326 0.1001 222.91
12.31 18.201 0.1029 223.253
12.32 18.201 0.1071 224.047
12.33 18.133 0.1071 223.977
12.34 18.133 0.1098 224.492
12.35 18.282 0.1098 224.808
12.36 18.282 0.1114 225.129
12.37 18.576 0.1116 225.731
12.38 18.861 0.1116 226.277
12.39 18.861 0.1119 226.379
12.4 19.164 0.1119 226.95
12.41 19.164 0.1127 227.135
12.42 19.319 0.114 227.667
12.43 19.444 0.114 227.929
12.44 19.444 0.1149 228.13
12.45 19.588 0.1149 228.423
12.46 19.588 0.1159 228.639
12.47 19.786 0.117 229.201
12.48 19.839 0.117 229.341
12.49 19.839 0.1198 229.844
12.5 19.824 0.1198 229.87
12.51 19.824 0.1209 230.096
12.52 19.617 0.1229 230.113
12.53 19.372 0.1229 229.748
12.54 19.372 0.1243 230.016
12.55 18.837 0.1243 229.141
12.56 18.837 0.1276 229.692
12.57 18.017 0.1276 228.275
12.58 16.953 0.1311 226.843
12.59 16.953 0.1346 227.391
12.6 15.743 0.1346 225.029
12.61 15.743 0.1408 225.923
12.62 15.743 0.1408 225.973
12.63 13.587 0.1453 221.86
12.64 13.587 0.1472 222.148
12.65 13.327 0.1472 221.58
12.66 13.327 0.1416 220.915
12.67 13.712 0.1416 221.871
12.68 13.712 0.1386 221.525
12.69 14.445 0.1386 223.241
12.7 15.223 0.1387 224.997
12.71 15.223 0.1386 225.032
12.72 15.223 0.1386 225.082
12.73 15.223 0.1386 225.131
12.74 15.223 0.1386 225.18
12.75 15.223 0.1386 225.229
12.76 14.811 0.1423 224.882
12.77 15.189 0.1329 224.469
12.78 15.338 0.127 223.986
12.79 15.261 0.1239 223.412
12.8 15.261 0.1186 222.65
12.81 15.151 0.1186 222.466
12.82 15.194 0.1139 221.858
12.83 15.194 0.1102 221.297
12.84 15.599 0.1102 222.185
12.85 15.599 0.1049 221.323
12.86 15.864 0.1049 221.909
12.87 15.864 0.0996 221.002
12.88 16.196 0.0996 221.71
12.89 16.196 0.094 220.692
12.9 16.572 0.094 221.471
12.91 16.572 0.0897 220.657
12.92 16.683 0.086 220.144
12.93 16.967 0.086 220.727
12.94 16.967 0.0848 220.517
12.95 17.468 0.0848 221.49
12.96 17.468 0.0879 222.2
12.97 17.936 0.0879 223.096
12.98 17.936 0.0913 223.849
12.99 18.143 0.0913 224.268
13 18.114 0.0942 224.848
13.01 18.114 0.0961 225.27
13.02 17.916 0.0961 224.962
13.03 17.916 0.1034 226.385
13.04 17.618 0.1034 225.887
13.05 17.618 0.1151 227.959
13.06 17.319 0.1151 227.446
13.07 17.319 0.1243 228.955
13.08 17.073 0.1243 228.532
13.09 17.155 0.1283 229.342
13.1 17.155 0.1294 229.554
13.11 17.348 0.1294 229.973
13.12 17.348 0.125 229.36
13.13 17.42 0.125 229.546
13.14 17.42 0.1242 229.472
13.15 17.169 0.1242 229.041
13.16 16.808 0.1244 228.42
13.17 16.808 0.1238 228.377
13.18 16.558 0.1238 227.932
13.19 16.558 0.1223 227.749
13.2 16.413 0.1223 227.509
13.21 16.413 0.1203 227.245
13.22 16.437 0.1181 226.992
13.23 16.63 0.1181 227.421
13.24 16.63 0.1172 227.324
13.25 16.813 0.1172 227.731
13.26 16.813 0.1158 227.551
13.27 16.856 0.1158 227.682
13.28 16.856 0.1126 227.2
13.29 16.765 0.1112 226.834
13.3 16.741 0.1112 226.834
13.31 16.741 0.112 227.017
13.32 16.765 0.112 227.112
13.33 16.957 0.1115 227.447
13.34 17.049 0.1115 227.672
13.35 17.049 0.1125 227.888
13.36 16.77 0.1125 227.395
13.37 16.77 0.1161 228.039
13.38 16.1 0.1175 226.978
13.39 16.77 0.1175 228.361
13.4 15.608 0.1187 226.25
13.41 15.387 0.1187 225.833
13.42 15.387 0.1197 226.038
13.43 15.324 0.1197 225.951
13.44 15.493 0.1221 226.729
13.45 15.493 0.1229 226.899
13.46 15.854 0.1229 227.7
13.47 15.854 0.1211 227.468
13.48 16.268 0.1211 228.361
13.49 16.268 0.1175 227.835
13.5 16.538 0.1118 227.48
13.51 16.64 0.1118 227.728
13.52 16.64 0.1086 227.225
13.53 16.683 0.1086 227.356
13.54 16.683 0.1063 226.998
13.55 16.692 0.1063 227.063
13.56 16.774 0.1036 226.784
13.57 16.774 0.1025 226.629
13.58 16.63 0.1025 226.394
13.59 16.63 0.1026 226.459
13.6 16.437 0.1026 226.125
13.61 16.437 0.1053 226.66
13.62 16.187 0.1082 226.718
13.63 16.042 0.1082 226.471
13.64 16.042 0.1108 226.965
13.65 15.979 0.1108 226.883
13.66 15.979 0.1118 227.099
13.67 15.883 0.1118 226.948
13.68 15.599 0.112 226.439
13.69 15.599 0.111 226.316
13.7 15.228 0.111 225.578
13.71 15.228 0.1108 225.59
13.72 15.228 0.1108 225.636
13.73 15.228 0.1108 225.682
13.74 15.228 0.1108 225.728
13.75 15.228 0.1108 225.773
13.76 12.667 0.1137 220.383
13.77 12.811 0.103 218.979
13.78 12.491 0.1024 218.12
13.79 11.999 0.1016 216.764
13.8 11.31 0.1016 214.969
13.81 11.31 0.1029 215.24
13.82 10.193 0.1029 212.084
13.83 8.899 0.1041 208.221
13.84 8.899 0.1032 208.112
13.85 7.759 0.1032 204.085
13.86 7.759 0.103 204.093
13.87 6.769 0.103 200.161
13.88 6.769 0.1021 200.055
13.89 5.976 0.1021 196.536
13.9 5.976 0.1018 196.528
13.91 5.439 0.1018 193.92
13.92 5.439 0.0985 193.428
13.93 4.991 0.0985 191.086
13.94 5.004 0.0935 190.369
13.95 5.004 0.0939 190.475
13.96 5.195 0.0939 191.543
13.97 5.195 0.0869 190.35
13.98 5.919 0.0869 193.999
13.99 5.919 0.0848 193.643
14 6.74 0.0848 197.338
14.01 7.306 0.0821 199.146
14.02 7.306 0.0800001 198.756
14.03 7.764 0.0800001 200.544
14.04 7.764 0.0754 199.598
14.05 8.434 0.0754 202.031
14.06 8.434 0.0718 201.25
14.07 9.133 0.0718 203.611
14.08 9.624 0.0695 204.638
14.09 9.624 0.0632 203.066
14.1 9.947 0.0632 204.074
14.11 9.947 0.0608 203.458
14.12 10.087 0.0608 203.908
14.13 10.087 0.0561 202.588
14.14 10.349 0.0527 202.322
14.15 10.913 0.0527 203.914
14.16 10.913 0.0509 203.365
14.17 11.556 0.0509 205.089
14.18 11.556 0.0516 205.362
14.19 12.192 0.0536 207.649
14.2 12.621 0.0536 208.727
14.21 12.621 0.0554 209.342
14.22 12.937 0.0554 210.13
14.23 12.937 0.0579 210.944
14.24 13.151 0.0622 212.749
14.25 13.284 0.0622 213.099
14.26 13.284 0.0648 213.868
14.27 13.382 0.0648 214.136
14.28 13.382 0.0675 214.906
14.29 13.537 0.0701 215.983
14.3 13.782 0.0701 216.584
14.31 13.782 0.0718 217.058
14.32 14.24 0.0718 218.125
14.33 14.943 0.0724 219.838
14.34 14.943 0.0731 220.057
14.35 15.579 0.0731 221.425
14.36 15.579 0.0741 221.718
14.37 16.273 0.0741 223.157
14.38 16.273 0.0746 223.325
14.39 17.001 0.0753 224.955
14.4 17.512 0.0753 225.96
14.41 17.512 0.0768 226.375
14.42 17.897 0.0768 227.129
14.43 17.897 0.0811 228.205
14.44 18.046 0.0861 229.662
14.45 18.046 0.0861 229.706
14.46 18.046 0.0902 230.641
14.47 18.099 0.0902 230.783
14.48 18.099 0.0949 231.805
14.49 18.321 0.0949 232.257
14.5 18.321 0.0972 232.764
14.51 18.61 0.0999 233.867
14.52 18.846 0.0999 234.337
14.53 18.846 0.1015 234.691
14.54 19.126 0.1015 235.235
14.55 19.126 0.102 235.377
14.56 19.386 0.102 235.88
14.57 19.386 0.1007 235.673
14.58 19.54 0.1007 235.987
14.59 19.54 0.1012 236.129
14.6 19.598 0.1036 236.736
14.61 19.492 0.1036 236.596
14.62 19.492 0.1055 236.999
14.63 19.27 0.1055 236.654
14.64 19.27 0.1073 237.032
14.65 19.01 0.1073 236.614
14.66 18.798 0.1104 236.837
14.67 18.798 0.1134 237.411
14.68 18.504 0.1134 236.918
14.69 18.504 0.1147 237.188
14.7 18.172 0.1147 236.615
14.71 17.786 0.1162 236.184
14.72 17.786 0.1162 236.229
14.73 17.786 0.1162 236.273
14.74 17.786 0.1162 236.318
14.75 13.267 0.0385 206.696
14.76 17.049 0.1144 234.666
14.77 17.136 0.1107 234.24
14.78 17.049 0.1113 234.218
14.79 17.049 0.1127 234.506
14.8 16.972 0.1136 234.552
14.81 16.919 0.114 234.559
14.82 16.977 0.114 234.719
14.83 17.237 0.1136 235.209
14.84 17.237 0.1113 234.853
14.85 17.492 0.1113 235.394
14.86 17.492 0.1107 235.332
14.87 17.444 0.1107 235.283
14.88 17.444 0.1131 235.747
14.89 17.203 0.1131 235.319
14.9 17.203 0.1153 235.741
14.91 16.856 0.1153 235.094
14.92 16.856 0.1187 235.707
14.93 16.49 0.1187 235.007
14.94 16.23 0.121 234.888
14.95 16.23 0.1243 235.458
14.96 16.076 0.1243 235.179
14.97 16.076 0.1269 235.628
14.98 16.037 0.1269 235.589
14.99 16.037 0.1277 235.756
15 16.047 0.1277 235.821
15.01 16.085 0.1254 235.589
15.02 16.085 0.1216 235.03
15.03 16.047 0.1216 234.993
15.04 16.047 0.1175 234.367
15.05 15.97 0.1175 234.248
15.06 15.97 0.1143 233.754
15.07 15.95 0.1143 233.755
15.08 15.917 0.1117 233.281
15.09 15.917 0.1089 232.832
15.1 15.82 0.1089 232.67
15.11 15.82 0.1088 232.695
15.12 15.758 0.1088 232.606
15.13 15.762 0.1094 232.764
15.14 15.762 0.1112 233.123
15.15 15.724 0.1112 233.085
15.16 15.724 0.1122 233.301
15.17 15.762 0.1122 233.425
15.18 15.527 0.1152 233.475
15.19 15.527 0.1183 234.035
15.2 15.589 0.1183 234.212
15.21 15.589 0.1196 234.468
15.22 15.845 0.1198 235.094
15.23 16.182 0.1198 235.85
15.24 16.182 0.1205 236.008
15.25 16.505 0.1205 236.724
15.26 16.505 0.1214 236.913
15.27 16.745 0.123 237.709
15.28 16.803 0.123 237.87
15.29 16.803 0.1245 238.154
15.3 16.702 0.1245 237.99
15.31 16.558 0.1245 237.737
15.32 16.558 0.126 238.017
15.33 16.384 0.126 237.698
15.34 16.384 0.1285 238.13
15.35 16.558 0.1285 238.536
15.36 16.114 0.132 238.179
15.37 16.114 0.134 238.52
15.38 16.032 0.134 238.388
15.39 16.032 0.1345 238.505
15.4 15.912 0.1345 238.29
15.41 15.796 0.1347 238.112
15.42 15.796 0.1334 237.963
15.43 15.714 0.1334 237.827
15.44 15.714 0.1319 237.647
15.45 15.642 0.1296 237.185
15.46 15.536 0.1296 236.995
15.47 15.536 0.1271 236.654
15.48 15.425 0.1271 236.452
15.49 15.425 0.1232 235.882
15.5 15.329 0.1211 235.376
15.51 15.218 0.1211 235.172
15.52 15.218 0.1193 234.921
15.53 15.127 0.1193 234.76
15.54 15.127 0.1187 234.704
15.55 15.086 0.1187 234.654
15.56 15.122 0.1187 234.776
15.57 15.122 0.119 234.868
15.58 15.276 0.119 235.253
15.59 15.276 0.1189 235.278
15.6 15.599 0.1189 236.03
15.61 16.105 0.1178 236.977
15.62 16.105 0.1168 236.851
15.63 16.697 0.1168 238.128
15.64 16.697 0.1143 237.742
15.65 16.697 0.1143 237.784
15.66 16.697 0.1143 237.826
15.67 16.697 0.1143 237.868
15.68 13.336 0.093 226.415
15.69 16.818 0.1148 238.287
15.7 17.28 0.1117 238.716
15.71 18.085 0.1101 240.041
15.72 18.292 0.1114 240.712
15.73 18.437 0.113 241.315
15.74 18.519 0.1148 241.83
15.75 18.485 0.1186 242.464
15.76 18.485 0.1239 243.391
15.77 18.345 0.1295 244.063
15.78 18.186 0.1295 243.801
15.79 18.345 0.1357 245.101
15.8 18.345 0.1415 245.999
15.81 18.345 0.147 246.825
15.82 17.449 0.147 245.094
15.83 17.449 0.1524 245.874
15.84 17.391 0.1536 245.96
15.85 17.709 0.1536 246.646
15.86 17.709 0.1522 246.501
15.87 18.099 0.1522 247.319
15.88 18.099 0.1498 247.035
15.89 18.345 0.1498 247.559
15.9 18.543 0.148 247.736
15.91 18.543 0.1461 247.514
15.92 18.345 0.1461 247.174
15.93 18.61 0.1448 247.545
15.94 18.591 0.1448 247.551
15.95 18.605 0.1414 247.132
15.96 18.605 0.1371 246.541
15.97 18.581 0.1371 246.538
15.98 18.581 0.1351 246.28
15.99 18.528 0.1351 246.221
16 18.35 0.1365 246.133
16.01 18.35 0.1375 246.325
16.02 18.35 0.1375 246.368
16.03 18.35 0.1399 246.766
16.04 18.35 0.1394 246.735
16.05 17.858 0.1394 245.814
16.06 17.858 0.1395 245.871
16.07 17.579 0.1395 245.357
16.08 17.579 0.1402 245.501
16.09 17.242 0.1402 244.86
16.1 16.76 0.1415 244.092
16.11 16.76 0.1437 244.448
16.12 16.206 0.1437 243.31
16.13 16.206 0.1465 243.742
16.14 15.488 0.1486 242.486
16.15 14.611 0.1486 240.5
16.16 14.611 0.1506 240.809
16.17 13.541 0.1506 238.228
16.18 13.541 0.1519 238.439
16.19 12.293 0.1524 235.247
16.2 11.067 0.1524 231.754
16.21 11.067 0.1515 231.68
16.22 9.981 0.1515 228.299
16.23 9.981 0.1481 227.907
16.24 9.229 0.1422 224.628
16.25 9.176 0.1422 224.48
16.26 9.176 0.1356 223.633
16.27 9.229 0.1356 223.857
16.28 10.291 0.1272 226.227
16.29 12.489 0.1195 231.456
16.3 14.327 0.1195 236.118
16.31 14.327 0.1189 236.06
16.32 15.401 0.1189 238.57
16.33 15.926 0.1203 239.999
16.34 15.926 0.1187 239.773
16.35 16.134 0.1187 240.262
16.36 16.134 0.1187 240.303
16.37 15.999 0.1235 240.846
16.38 15.941 0.1235 240.761
16.39 15.941 0.126 241.204
16.4 15.893 0.126 241.14
16.41 16.013 0.1275 241.68
16.42 16.013 0.1236 241.097
16.43 16.191 0.1236 241.522
16.44 16.191 0.113 239.767
16.45 16.534 0.1022 238.531
16.46 16.823 0.1022 239.167
16.47 16.823 0.0975001 238.273
16.48 16.991 0.0951 238.16
16.49 17.02 0.0951 238.258
16.5 17.02 0.0945 238.173
16.51 17.001 0.0945 238.175
16.52 16.972 0.0937 237.988
16.53 16.972 0.0959 238.488
16.54 16.861 0.0959 238.303
16.55 16.861 0.0983 238.834
16.56 16.774 0.1016 239.352
16.57 16.755 0.1016 239.354
16.58 16.755 0.1067 240.371
16.59 16.885 0.1097 241.235
16.6 17.001 0.1097 241.513
16.61 17.001 0.1114 241.863
16.62 17.203 0.1114 242.315
16.63 17.367 0.1124 242.868
16.64 17.367 0.1138 243.159
16.65 17.545 0.1138 243.557
16.66 17.651 0.1154 244.092
16.67 17.651 0.1169 244.395
16.68 17.743 0.1169 244.619
16.69 17.839 0.119 245.213
16.7 17.839 0.1188 245.22
16.71 17.839 0.1188 245.26
16.72 17.839 0.1188 245.301
16.73 17.839 0.1188 245.342
16.74 17.839 0.1188 245.383
16.75 16.264 0.1202 242.415
16.76 17.088 0.1171 243.656
16.77 17.208 0.1154 243.646
16.78 17.41 0.1145 243.937
16.79 17.512 0.1162 244.482
16.8 17.642 0.1162 244.783
16.81 17.748 0.1189 245.504
16.82 17.748 0.1218 246.037
16.83 17.781 0.1218 246.144
16.84 17.887 0.1258 247.059
16.85 17.887 0.1289 247.6
16.86 18.119 0.1289 248.101
16.87 17.781 0.1298 247.613
16.88 17.781 0.1314 247.907
16.89 18.331 0.1314 249.038
16.9 18.316 0.133 249.3
16.91 18.316 0.1344 249.558
16.92 18.239 0.1358 249.663
16.93 18.167 0.1358 249.562
16.94 18.167 0.136 249.634
16.95 18.104 0.137 249.702
16.96 17.969 0.137 249.474
16.97 17.969 0.1365 249.439
16.98 17.96 0.1351 249.248
16.99 17.965 0.1351 249.298
17 18.013 0.1337 249.219
17.01 18.013 0.1319 248.979
17.02 17.989 0.1308 248.798
17.03 17.912 0.1308 248.685
17.04 17.825 0.13 248.425
17.05 17.825 0.1296 248.402
17.06 17.695 0.1296 248.18
17.07 17.589 0.1294 247.974
17.08 17.589 0.1295 248.03
17.09 17.468 0.1289 247.729
17.1 17.396 0.1289 247.622
17.11 17.401 0.1283 247.576
17.12 17.401 0.1275 247.487
17.13 17.483 0.1275 247.695
17.14 17.613 0.1265 247.837
17.15 17.613 0.1238 247.433
17.16 17.791 0.1211 247.377
17.17 18.003 0.1211 247.84
17.18 18.003 0.1188 247.485
17.19 18.311 0.1172 247.851
17.2 18.634 0.1172 248.516
17.21 19.005 0.115 248.87
17.22 19.005 0.1128 248.51
17.23 19.415 0.1128 249.315
17.24 19.709 0.1109 249.543
17.25 19.709 0.1093 249.282
17.26 20.123 0.1093 250.069
17.27 20.716 0.1093 251.158
17.28 20.716 0.1086 251.064
17.29 21.154 0.1094 252.016
17.3 21.405 0.1094 252.485
17.31 21.405 0.1115 252.925
17.32 21.564 0.1136 253.629
17.33 21.491 0.1136 253.546
17.34 21.491 0.1163 254.082
17.35 21.183 0.1163 253.595
17.36 21.183 0.1189 254.103
17.37 20.745 0.1221 253.941
17.38 20.142 0.1221 252.905
17.39 20.142 0.1254 253.507
17.4 19.362 0.1254 252.11
17.41 19.362 0.1278 252.548
17.42 18.605 0.1278 251.142
17.43 17.95 0.1281 249.938
17.44 17.95 0.127 249.798
17.45 17.43 0.127 248.783
17.46 17.43 0.1258 248.626
17.47 17.169 0.1258 248.126
17.48 17.169 0.1227 247.651
17.49 17.131 0.1189 246.964
17.5 17.16 0.1189 247.063
17.51 17.16 0.115 246.418
17.52 17.049 0.115 246.227
17.53 17.049 0.1121 245.743
17.54 16.88 0.1121 245.43
17.55 16.953 0.1099 245.216
17.56 16.953 0.1105 245.366
17.57 17.174 0.1105 245.863
17.58 17.174 0.1102 245.847
17.59 17.579 0.1102 246.712
17.6 17.579 0.1105 246.807
17.61 18.398 0.1105 248.47
17.62 19.506 0.1099 250.497
17.63 19.506 0.1095 250.461
17.64 20.692 0.1095 252.638
17.65 20.692 0.1101 252.793
17.66 21.598 0.1097 254.321
17.67 22.147 0.1097 255.282
17.68 22.147 0.1099 255.361
17.69 22.147 0.1099 255.401
17.7 22.147 0.1099 255.441
17.71 22.147 0.1099 255.481
17.72 3.423 -0.0006 -nan
17.73 20.783 0.1315 257.042
17.74 22.291 0.1056 254.992
17.75 22.291 0.105 254.911
17.76 22.927 0.1095 256.881
17.77 23.265 0.1095 257.463
17.78 23.265 0.1137 258.311
17.79 23.342 0.1137 258.475
17.8 23.342 0.1179 259.296
17.81 23.183 0.1179 259.082
17.82 22.966 0.1243 259.912
17.83 22.966 0.1285 260.672
17.84 22.951 0.1285 260.688
17.85 22.951 0.1315 261.23
17.86 22.85 0.1315 261.105
17.87 22.951 0.1346 261.819
17.88 22.634 0.1358 261.528
17.89 22.436 0.1358 261.238
17.9 22.436 0.1368 261.438
17.91 22.296 0.1368 261.244
17.92 22.383 0.1362 261.335
17.93 22.383 0.1353 261.231
17.94 22.527 0.1353 261.513
17.95 22.527 0.1354 261.57
17.96 22.677 0.1345 261.715
17.97 22.802 0.1345 261.963
17.98 22.802 0.1353 262.133
17.99 22.923 0.1353 262.373
18 23.139 0.1356 262.817
18.01 23.139 0.1339 262.582
18.02 23.351 0.1339 262.967
18.03 23.351 0.1331 262.877
18.04 23.708 0.1319 263.294
18.05 23.992 0.1319 263.786
18.06 23.992 0.1313 263.727
18.07 24.199 0.1313 264.094
18.08 24.219 0.1327 264.399
18.09 24.219 0.1327 264.44
18.1 24.214 0.1327 264.473
18.11 24.214 0.1326 264.497
18.12 24.228 0.1348 264.922
18.13 24.228 0.1348 264.962
18.14 24.228 0.1358 265.166
18.15 24.551 0.1376 266.004
18.16 25.139 0.1376 266.953
18.17 25.139 0.1408 267.505
18.18 25.77 0.1408 268.503
18.19 26.344 0.1413 269.477
18.2 26.344 0.1403 269.359
18.21 26.676 0.1403 269.886
18.22 26.676 0.1381 269.573
18.23 26.878 0.1377 269.842
18.24 26.821 0.1377 269.8
18.25 26.821 0.1388 270.02
18.26 26.729 0.1388 269.928
18.27 26.599 0.1416 270.228
18.28 26.599 0.1483 271.311
18.29 26.594 0.1483 271.345
18.3 26.594 0.1547 272.341
18.31 26.575 0.1606 273.204
18.32 26.344 0.1606 272.902
18.33 26.344 0.1675 273.901
18.34 25.895 0.1675 273.265
18.35 25.24 0.1747 273.255
18.36 25.24 0.1814 274.154
18.37 24.32 0.1814 272.733
18.38 24.32 0.1848 273.196
18.39 23.39 0.1876 272.048
18.4 22.884 0.1876 271.233
18.41 22.884 0.1891 271.454
18.42 22.474 0.1891 270.789
18.43 22.474 0.1896 270.889
18.44 22.291 0.1879 270.409
18.45 22.195 0.1879 270.282
18.46 22.195 0.1853 270.009
18.47 22.055 0.1853 269.804
18.48 21.911 0.1801 268.952
18.49 21.911 0.1742 268.248
18.5 21.756 0.1742 268.014
18.51 21.651 0.1703 267.364
18.52 21.651 0.1675 267.035
18.53 21.477 0.1675 266.765
18.54 21.477 0.167 266.739
18.55 21.289 0.1665 266.375
18.56 21.072 0.1665 266.022
18.57 21.072 0.1656 265.942
18.58 20.538 0.1656 265.001
18.59 20.003 0.1653 263.995
18.6 20.003 0.1672 264.286
18.61 19.502 0.1672 263.361
18.62 19.232 0.1674 262.899
18.63 19.232 0.1685 263.081
18.64 18.943 0.1685 262.547
18.65 18.943 0.1667 262.352
18.66 18.89 0.1638 261.903
18.67 18.885 0.1638 261.931
18.68 18.885 0.1615 261.662
18.69 19.029 0.1558 261.206
18.7 19.179 0.1558 261.54
18.71 19.179 0.1524 261.099
18.72 19.135 0.1507 260.808
18.73 19.135 0.1507 260.847
18.74 19.135 0.1507 260.886
18.75 19.135 0.1507 260.924
18.76 10.168 0.0027 170.494
18.77 17.945 0.165 260.557
18.78 18.697 0.1453 259.383
18.79 18.832 0.1414 259.103
18.8 18.832 0.1426 259.323
18.81 18.841 0.1443 259.635
18.82 18.788 0.1438 259.493
18.83 18.466 0.1438 258.887
18.84 18.466 0.1478 259.517
18.85 18.08 0.1478 258.766
18.86 18.08 0.1534 259.607
18.87 17.868 0.1534 259.204
18.88 17.82 0.1575 259.711
18.89 17.82 0.1589 259.941
18.9 17.984 0.1589 260.322
18.91 17.984 0.1587 260.333
18.92 18.504 0.1559 261.056
18.93 19.246 0.1559 262.576
18.94 19.246 0.1518 262.033
18.95 19.974 0.1518 263.477
18.96 19.974 0.146 262.662
18.97 20.47 0.1413 262.914
18.98 20.841 0.1413 263.633
18.99 20.841 0.1394 263.375
19 21.222 0.1394 264.102
19.01 21.67 0.1381 264.73
19.02 21.67 0.1379 264.737
19.03 22.055 0.1379 265.448
19.04 22.465 0.1394 266.431
19.05 22.465 0.1428 267.005
19.06 22.995 0.1428 267.942
19.07 22.995 0.1456 268.414
19.08 23.337 0.1456 269.025
19.09 23.568 0.1492 269.994
19.1 23.568 0.1525 270.525
19.11 23.669 0.1525 270.731
19.12 23.669 0.1561 271.297
19.13 23.597 0.1561 271.217
19.14 23.703 0.1596 271.933
19.15 23.703 0.1631 272.464
19.16 23.694 0.1631 272.488
19.17 23.694 0.1643 272.694
19.18 23.51 0.1643 272.428
19.19 23.51 0.1676 272.918
19.2 23.168 0.1676 272.382
19.21 23.168 0.1683 272.516
19.22 22.841 0.1675 271.891
19.23 22.503 0.1675 271.347
19.24 22.503 0.1671 271.332
19.25 22.142 0.1671 270.74
19.26 22.142 0.1664 270.685
19.27 21.819 0.1664 270.151
19.28 21.819 0.1626 269.672
19.29 21.53 0.1626 269.193
19.3 21.53 0.1609 268.997
19.31 21.174 0.1566 267.786
19.32 20.663 0.1566 266.884
19.33 20.663 0.1538 266.522
19.34 20.33 0.1538 265.937
19.35 20.33 0.1536 265.947
19.36 20.186 0.1536 265.713
19.37 20.186 0.1511 265.388
19.38 20.22 0.1511 265.491
19.39 20.22 0.1507 265.47
19.4 20.634 0.1507 266.284
19.41 21.077 0.1496 266.976
19.42 21.077 0.1461 266.488
19.43 21.236 0.1461 266.815
19.44 21.236 0.1424 266.284
19.45 20.831 0.1424 265.585
19.46 20.831 0.1384 264.994
19.47 19.762 0.1384 263.029
19.48 19.762 0.1329 262.181
19.49 18.172 0.1326 259.021
19.5 16.326 0.1326 255.093
19.51 16.326 0.1333 255.241
19.52 14.493 0.1333 250.937
19.53 14.493 0.1348 251.206
19.54 12.831 0.1348 246.874
19.55 12.831 0.1414 247.893
19.56 11.486 0.1414 244.006
19.57 11.486 0.1516 245.459
19.58 10.867 0.1516 243.543
19.59 10.867 0.1656 245.374
19.6 11.376 0.1656 247.032
19.61 11.901 0.1826 250.708
19.62 11.901 0.1896 251.529
19.63 12.221 0.1896 252.528
19.64 12.221 0.1877 252.352
19.65 12.443 0.1877 253.043
19.66 12.443 0.1819 252.419
19.67 12.182 0.1819 251.685
19.68 11.074 0.1923 249.439
19.69 11.074 0.2068 250.987
19.7 9.667 0.2068 246.159
19.71 9.667 0.2067 246.184
19.72 9.667 0.2067 246.218
19.73 9.667 0.2067 246.253
19.74 9.667 0.2067 246.288
19.75 9.667 0.2067 246.322
19.76 6.022 0.149 223.943
19.77 8.415 0.1396 233.76
19.78 8.682 0.1336 233.99
19.79 8.947 0.133 234.95
19.8 8.947 0.1404 236.044
19.81 9.065 0.1501 237.841
19.82 9.195 0.1501 238.363
19.83 9.195 0.1596 239.617
19.84 9.176 0.1748 241.399
19.85 8.947 0.1748 240.556
19.86 8.947 0.1991 243.209
19.87 9.176 0.1991 244.13
19.88 9.176 0.2006 244.317
19.89 5.859 0.2006 229.065
19.9 4.683 0.1918 220.998
19.91 4.683 0.1908 220.932
19.92 3.771 0.1908 214.178
19.93 3.771 0.2117 216.068
19.94 2.743 0.2117 206.417
19.95 2.218 0.2314 201.714
19.96 2.218 0.2242 201.212
19.97 2.101 0.2242 199.676
19.98 2.101 0.1831 196.367
19.99 2.098 0.1387 191.869
20 2.046 0.1387 191.203
20.01 2.046 0.104 186.703
20.02 2.046 0.104 186.729
