0.0002 0.23 4e-08 1.62437
0.0003 0.54 8e-08 2.17801
0.0004 0.940001 8e-08 2.5554
0.0005 1.29 2.1e-07 3.08365
0.0006 1.97 6.47e-06 4.58579
0.0007 2.18 1.286e-05 5.14259
0.000800001 2.28 1.332e-05 5.38739
0.000900001 2.29 1.976e-05 5.75603
0.001 2.37 1.871e-05 5.9295
0.0011 2.39 2.31e-05 6.20393
0.0012 2.41 2.59e-05 6.42432
0.0013 2.41 3.137e-05 6.67444
0.0014 2.45 4.093e-05 6.98238
0.0015 2.46 4.452e-05 7.17176
0.0016 2.47 4.812e-05 7.35328
0.0017 2.49 5.171e-05 7.53191
0.0018 2.52 5.584e-05 7.71492
0.0019 2.55 5.739e-05 7.863
0.002 2.58 6.04e-05 8.02343
0.0021 2.6 6.503e-05 8.19223
0.0022 2.62 6.842e-05 8.34323
0.0023 2.58 7.255e-05 8.46948
0.0024 2.58 7.669e-05 8.60994
0.0025 2.57 8.115e-05 8.74437
0.0026 2.59 8.525e-05 8.88647
0.0027 2.66 9.084e-05 9.06251
0.0028 2.69 9.264e-05 9.18438
0.0029 2.75 9.473e-05 9.32121
0.003 2.81 9.594e-05 9.44874
0.0031 2.87 9.815e-05 9.58245
0.0032 2.93 0.0001012 9.72097
0.0033 3.03 0.0001045 9.87832
0.0034 3.21 0.00011419 10.1181
0.0035 3.3 0.00012012 10.2839
0.0036 3.35 0.00012593 10.4281
0.0037 3.37 0.00012977 10.5432
0.0038 3.37 0.00013249 10.64
0.0039 3.34 0.0001332 10.7081
0.004 3.17 0.00013641 10.7241
0.0041 3.08 0.00013716 10.7582
0.0042 2.99 0.00013821 10.7912
0.0043 2.91 0.00014059 10.8351
0.0044 2.81 0.00014368 10.8694
0.0045 2.62 0.00014681 10.8473
0.0046 2.56 0.00014644 10.8751
0.0047 2.5 0.00014493 10.8936
0.0048 2.45 0.00014385 10.919
0.0049 2.38 0.00014117 10.9189
0.005 2.31 0.00013963 10.9233
0.0051 2.15 0.00013441 10.8363
0.0052 2.07 0.00013324 10.8277
0.0053 2.01 0.00013219 10.832
0.0054 1.96 0.00012981 10.8327
0.0055 1.92 0.00012927 10.852
0.0056 1.84 0.00012476 10.8079
0.0057 1.8 0.00012305 10.8145
0.0058 1.77 0.0001187 10.8082
0.0059 1.72 0.00011553 10.7906
0.006 1.66 0.00011311 10.7669
0.0061 1.52 0.0001068 10.6292
0.0062 1.46 0.00010429 10.5947
0.0063 1.4 0.00010204 10.5586
0.00640001 1.33 9.878e-05 10.4985
0.00650001 1.25 9.581e-05 10.4236
0.00660001 1.18 9.373e-05 10.3625
0.00670001 1.05 9.059e-05 10.2035
0.00680001 1 8.788e-05 10.1482
0.00690001 0.950001 8.529e-05 10.0893
0.00700001 0.910001 8.349e-05 10.0493
0.00710001 0.870001 7.882e-05 9.97605
0.00720001 0.870001 7.589e-05 9.9834
0.00730001 0.880001 7.38e-05 10.015
0.00740001 0.910001 7.1e-05 10.0691
0.0075 0.940001 6.791e-05 10.1165
0.00760001 0.960001 6.294e-05 10.1205
0.00770001 0.940001 5.985e-05 10.0843
0.00780001 0.910001 5.626e-05 10.0216
0.00790001 0.880001 5.321e-05 9.96246
0.00800001 0.840001 5.091e-05 9.89417
0.00810001 0.760001 4.649e-05 9.71266
0.00820001 0.710001 4.461e-05 9.61772
0.00830001 0.670001 4.256e-05 9.53256
0.00840001 0.650001 4.039e-05 9.48133
0.00850001 0.650001 4.039e-05 9.51257
0.00860001 0.650001 4.039e-05 9.54355
0.00870001 0.690001 3.496e-05 9.54166
0.00880001 0.650001 3.275e-05 9.43864
0.00890001 0.61 3.191e-05 9.36187
0.00900001 0.58 3.174e-05 9.3189
0.00910001 0.53 3.049e-05 9.19621
0.00920001 0.5 3.045e-05 9.14612
0.00930001 0.47 3.082e-05 9.10142
0.00940001 0.45 3.108e-05 9.07788
0.00950001 0.43 3.041e-05 9.02883
0.00960001 0.42 2.961e-05 9.00453
0.00970001 0.43 2.815e-05 9.02312
0.00980001 0.44 2.744e-05 9.05961
0.00990001 0.44 2.656e-05 9.06061
0.01 0.43 2.556e-05 9.02706
0.0101 0.43 2.255e-05 8.9582
0.0102 0.43 2.21e-05 8.96771
0.0103 0.43 2.151e-05 8.97185
0.0104 0.45 2.063e-05 9.02365
0.0105 0.47 1.934e-05 9.05574
0.0106 0.59 1.88e-05 9.35978
0.0107 0.670001 1.984e-05 9.60057
0.0108 0.75 2.097e-05 9.82823
0.0109 0.830001 2.218e-05 10.0451
0.011 0.940001 2.468e-05 10.3442
0.0111 0.960001 2.577e-05 10.4393
0.0112 0.960001 2.694e-05 10.504
0.0113 0.960001 2.803e-05 10.5648
0.0114 0.940001 2.894e-05 10.5868
0.0115 0.930001 2.991e-05 10.6253
0.0116 0.920001 3.053e-05 10.6525
0.0117 0.940001 3.12e-05 10.7304
0.0118 0.970001 3.229e-05 10.8355
0.0119 1.02 3.408e-05 10.9891
0.012 1.11 3.605e-05 11.2019
0.0121 1.14 3.671e-05 11.288
0.0122 1.15 3.734e-05 11.3441
0.0123 1.15 3.772e-05 11.3795
0.0124 1.14 3.759e-05 11.3875
0.0125 1.1 3.709e-05 11.3418
0.0126 1.07 3.767e-05 11.3364
0.0127 1.06 3.855e-05 11.3678
0.0128 1.03 3.897e-05 11.3559
0.0129 1 3.868e-05 11.3251
0.013 0.930001 3.747e-05 11.2018
0.0131 0.900001 3.738e-05 11.1705
0.0132 0.880001 3.717e-05 11.1528
0.0133 0.900001 3.751e-05 11.2209
0.0134 0.900001 3.747e-05 11.2433
0.0135 0.920001 3.684e-05 11.2864
0.0136 0.930001 3.655e-05 11.3197
0.0137 0.930001 3.617e-05 11.3329
0.0138 0.940001 3.592e-05 11.3668
0.0139 0.940001 3.584e-05 11.3875
0.014 0.940001 3.625e-05 11.4211
0.0141 0.940001 3.634e-05 11.446
0.0142 0.910001 3.613e-05 11.4096
0.0143 0.880001 3.592e-05 11.3713
0.0144 0.840001 3.621e-05 11.3249
0.0145 0.800001 3.721e-05 11.2928
0.0146 0.780001 3.721e-05 11.2732
0.0147 0.780001 3.709e-05 11.2916
0.0148 0.800001 3.742e-05 11.3626
0.0149 0.850001 3.742e-05 11.4837
0.015 0.880001 3.734e-05 11.5606
0.0151 0.900001 3.68e-05 11.6055
0.0152 0.900001 3.579e-05 11.5999
0.0153 0.890001 3.475e-05 11.574
0.0154 0.890001 3.5e-05 11.6019
0.0155 0.930001 3.634e-05 11.7332
0.0156 0.950001 3.642e-05 11.7924
0.0157 0.970001 3.692e-05 11.8623
0.0158 0.980001 3.721e-05 11.9086
0.0159 0.980001 3.726e-05 11.9308
0.016 0.930001 3.642e-05 11.8394
0.0161 0.870001 3.55e-05 11.7216
0.0162 0.810001 3.45e-05 11.594
0.0163 0.780001 3.283e-05 11.5033
0.0164 0.780001 3.3e-05 11.5278
0.0165 0.770001 3.262e-05 11.5148
0.0166 0.780001 3.204e-05 11.5383
0.0167 0.800001 3.099e-05 11.5677
0.0168 0.810001 3.02e-05 11.5828
0.0169 0.860001 2.828e-05 11.6386
0.017 0.960001 2.807e-05 11.8365
0.0171 1.13 2.882e-05 12.1641
0.0172 1.35 3.053e-05 12.5601
0.0173 1.86 3.375e-05 13.2849
0.0174 2.03 3.421e-05 13.49
0.0175 2.1 3.22e-05 13.5094
0.0176 2.15 3.082e-05 13.5273
0.0177 2.2 3.045e-05 13.5799
0.0178 2.27 2.966e-05 13.6329
0.0179 2.3 2.832e-05 13.6274
0.018 2.36 2.748e-05 13.665
0.0181 2.45 2.811e-05 13.786
0.0182 2.54 2.903e-05 13.9163
0.0183 2.66 3.166e-05 14.132
0.0184 2.66 3.258e-05 14.1872
0.0185 2.66 3.258e-05 14.2086
0.0186 2.66 3.258e-05 14.2299
0.0187 2.56 2.159e-05 13.6958
0.0188 2.68 2.184e-05 13.8201
0.0189 2.76 2.306e-05 13.9622
0.019 2.83 2.544e-05 14.1484
0.0191 3.03 3.024e-05 14.5163
0.0192 3.13 3.258e-05 14.6964
0.0193 3.19 3.421e-05 14.818
0.0194 3.21 3.483e-05 14.8749
0.0195 3.22 3.471e-05 14.8986
0.0196 3.32 3.304e-05 14.9243
0.0197 3.36 3.204e-05 14.933
0.0198 3.42 3.141e-05 14.9674
0.0199 3.47 3.116e-05 15.0098
0.02 3.52 3.053e-05 15.0361
0.0201 3.45 3.011e-05 14.9962
0.0202 3.32 2.991e-05 14.9258
0.0203 3.15 2.957e-05 14.8195
0.0204 2.91 2.681e-05 14.5522
0.0205 2.89 2.322e-05 14.3845
0.0206 2.97 2.055e-05 14.3145
0.0207 3.14 1.955e-05 14.3893
0.0208 3.43 1.971e-05 14.6029
0.0209 3.76 2.08e-05 14.8836
0.021 4.35 2.473e-05 15.4402
0.0211 4.55 2.619e-05 15.6355
0.0212 4.63 2.64e-05 15.7058
0.0213 4.71 2.69e-05 15.7898
0.0214 4.72 2.335e-05 15.6301
0.0215 4.69 2.172e-05 15.5422
0.0216 4.65 2.172e-05 15.543
0.0217 4.61 2.184e-05 15.5508
0.0218 4.52 2.143e-05 15.5021
0.0219 4.33 2.18e-05 15.4481
0.022 4.25 2.255e-05 15.4697
0.0221 4.2 2.339e-05 15.5099
0.0222 4.15 2.427e-05 15.5504
0.0223 4.11 2.502e-05 15.5875
0.0224 4.02 2.677e-05 15.645
0.0225 3.93 2.736e-05 15.6417
0.0226 3.83 2.819e-05 15.6419
0.0227 3.73 2.894e-05 15.6356
0.0228 3.64 2.961e-05 15.6295
0.0229 3.47 2.986e-05 15.552
0.023 3.42 2.982e-05 15.5366
0.0231 3.39 2.986e-05 15.5374
0.0232 3.42 3.011e-05 15.5866
0.0233 3.87 3.27e-05 15.995
0.0234 4.28 3.483e-05 16.3335
0.0235 4.72 3.676e-05 16.6595
0.0236 5.08 3.751e-05 16.885
0.0237 5.26 3.621e-05 16.94
0.0238 5.45 3.646e-05 17.0565
0.0239 5.46 3.659e-05 17.086
0.024 5.5 3.63e-05 17.1125
0.0241 5.55 3.429e-05 17.0735
0.0242 5.76 2.986e-05 16.9882
0.0243 6.01 2.652e-05 16.944
0.0244 6.33 2.481e-05 16.996
0.0245 6.69 2.539e-05 17.1844
0.0246 7.04 2.732e-05 17.4367
0.0247 7.6 3.062e-05 17.8181
0.0248 7.85 3.183e-05 17.9793
0.0249 8.15 3.187e-05 18.0988
0.025 8.39 3.145e-05 18.1748
0.0251 8.62 3.258e-05 18.3197
0.0252 8.94 3.421e-05 18.5115
0.0253 9.01 3.433e-05 18.5581
0.0254 9.06 3.174e-05 18.4723
0.0255 9.11 2.995e-05 18.418
0.0256 9.32 3.041e-05 18.5222
0.0257 9.4 3.133e-05 18.6112
0.0258 9.49 3.254e-05 18.7158
0.0259 9.57 3.333e-05 18.796
0.026 9.63 3.408e-05 18.868
0.0261 9.76 3.458e-05 18.9476
0.0262 9.79 3.688e-05 19.0781
0.0263 9.81 3.918e-05 19.2003
0.0264 9.79 4.185e-05 19.3206
0.0265 9.74 4.411e-05 19.4115
0.0266 9.67 4.745e-05 19.5299
0.0267 9.67 4.833e-05 19.5802
0.0268 9.65 4.895e-05 19.6155
0.0269 9.66 4.962e-05 19.6609
0.027 9.67 5.041e-05 19.7101
0.0271 9.66 5.041e-05 19.7274
0.0272 9.64 5.046e-05 19.7433
0.0273 9.64 5.05e-05 19.7648
0.0274 9.66 5.071e-05 19.7976
0.0275 9.59 5.087e-05 19.8021
0.0276 9.53 5.117e-05 19.8139
0.0277 9.48 5.133e-05 19.824
0.0278 9.38 5.175e-05 19.827
0.0279 9.32 5.208e-05 19.839
0.028 9.28 5.35e-05 19.8909
0.0281 9.21 5.346e-05 19.8877
0.0282 9.13 5.463e-05 19.9182
0.0283 9.1 5.53e-05 19.9485
0.0284 9.08 5.589e-05 19.9794
0.0285 9.08 5.589e-05 19.999
0.0286 9.08 5.589e-05 20.0184
0.0287 5.37 4.335e-05 18.1896
0.0288 8.73 4.294e-05 19.5114
0.0289 8.77 4.406e-05 19.585
0.029 8.81 4.511e-05 19.6552
0.0291 8.82 4.607e-05 19.7117
0.0292 8.84 4.691e-05 19.7666
0.0293 8.86 4.841e-05 19.8438
0.0294 8.83 4.958e-05 19.8924
0.0295 8.78 4.954e-05 19.8935
0.0296 8.71 5.004e-05 19.9059
0.0297 8.5 5.066e-05 19.8751
0.0298 8.33 5.087e-05 19.8427
0.0299 8.22 5.083e-05 19.8219
0.03 8.08 5.079e-05 19.79
0.0301 7.69 5.321e-05 19.744
0.0302 7.56 5.363e-05 19.7267
0.0303 7.44 5.384e-05 19.7058
0.0304 7.34 5.38e-05 19.6842
0.0305 7.15 5.442e-05 19.6466
0.0306 6.86 5.442e-05 19.5476
0.0307 6.71 5.998e-05 19.6617
0.0308 6.49 5.927e-05 19.5658
0.0309 6.33 5.827e-05 19.4856
0.031 6.01 5.739e-05 19.3335
0.0311 5.86 5.764e-05 19.2875
0.0312 5.69 5.76e-05 19.2219
0.0313 5.53 5.68e-05 19.1379
0.0314 5.37 5.559e-05 19.0399
0.0315 5.43 5.476e-05 19.0634
0.0316 5.55 5.442e-05 19.1304
0.0317 5.68 5.392e-05 19.1964
0.0318 5.83 5.338e-05 19.2693
0.0319 5.68 5.254e-05 19.1886
0.032 5.49 5.167e-05 19.0849
0.0321 5.35 4.82e-05 18.9208
0.0322 5.18 4.636e-05 18.7883
0.0323 4.87 4.406e-05 18.5594
0.0324 4.67 4.344e-05 18.4418
0.0325 4.49 4.31e-05 18.3414
0.0326 4.3 4.193e-05 18.2014
0.0327 4.14 3.976e-05 18.0378
0.0328 3.97 3.905e-05 17.9176
0.0329 3.63 3.763e-05 17.6486
0.033 3.57 3.805e-05 17.6374
0.0331 3.46 3.901e-05 17.6093
0.0332 3.52 3.797e-05 17.6281
0.0333 3.53 3.475e-05 17.5204
0.0334 3.65 3.333e-05 17.5586
0.0335 3.79 3.362e-05 17.6814
0.0336 3.96 3.458e-05 17.85
0.0337 4.11 3.546e-05 17.9983
0.0338 4.34 3.809e-05 18.2633
0.0339 4.49 3.692e-05 18.3203
0.034 4.61 3.893e-05 18.4865
0.0341 4.76 4.072e-05 18.6567
0.0342 5.45 4.223e-05 19.0972
0.0343 5.96 4.302e-05 19.3904
0.0344 6.58 4.072e-05 19.5948
0.0345 7.1 4.791e-05 20.0967
0.0346 7.62 4.402e-05 20.176
0.0347 7.71 4.177e-05 20.1382
0.0348 7.81 4.068e-05 20.1474
0.0349 7.84 3.951e-05 20.1257
0.035 7.87 3.96e-05 20.1566
0.0351 7.96 3.939e-05 20.1967
0.0352 8.02 3.98e-05 20.252
0.0353 8.08 3.943e-05 20.274
0.0354 8.12 3.943e-05 20.3044
0.0355 8.16 4.014e-05 20.3649
0.0356 8.21 4.227e-05 20.4867
0.0357 8.24 4.406e-05 20.5844
0.0358 8.28 4.548e-05 20.6692
0.0359 8.31 4.469e-05 20.6659
0.036 8.43 4.582e-05 20.7677
0.0361 8.51 4.699e-05 20.8557
0.0362 8.59 4.828e-05 20.9471
0.0363 8.66 4.916e-05 21.0192
0.0364 8.71 5.046e-05 21.0985
0.0365 8.73 5.384e-05 21.2358
0.0366 8.7 5.563e-05 21.2993
0.0367 8.66 5.722e-05 21.3514
0.0368 8.52 5.989e-05 21.3985
0.0369 8.52 5.989e-05 21.4146
0.037 8.36 6.211e-05 21.4371
0.0371 8.26 6.311e-05 21.4446
0.0372 8.18 6.386e-05 21.4516
0.0373 8.05 6.461e-05 21.439
0.0374 7.78 6.566e-05 21.3785
0.0375 7.6 6.608e-05 21.3337
0.0376 7.37 6.649e-05 21.2661
0.0377 7.11 6.679e-05 21.18
0.0378 6.82 6.729e-05 21.082
0.0379 6.18 6.745e-05 20.8043
0.038 5.87 6.766e-05 20.6712
0.0381 5.54 6.85e-05 20.5357
0.0382 5.02 6.992e-05 20.2957
0.0383 4.78 6.925e-05 20.1515
0.0384 4.54 6.892e-05 20.0091
0.0385 4.54 6.892e-05 20.0236
0.0386 4.54 6.892e-05 20.0381
0.0387 3.58 5.697e-05 19.0735
0.0388 3.64 5.446e-05 19.0613
0.0389 3.64 5.446e-05 19.075
0.039 3.5 5.459e-05 18.9849
0.0391 3.48 5.492e-05 18.9922
0.0392 3.46 5.522e-05 18.9986
0.0393 3.4 5.534e-05 18.9676
0.0394 3.18 5.451e-05 18.7754
0.0395 3.04 5.342e-05 18.6359
0.0396 2.88 5.229e-05 18.4715
0.0397 2.72 5.133e-05 18.3047
0.0398 2.6 5.041e-05 18.1715
0.0399 2.52 4.753e-05 18.0142
0.04 2.56 4.649e-05 18.0344
0.0401 2.69 4.523e-05 18.1346
0.0402 2.72 4.285e-05 18.0946
0.0403 2.88 4.135e-05 18.2027
0.0404 3.07 3.964e-05 18.3191
0.0405 3.35 3.818e-05 18.5057
0.0406 3.6 3.676e-05 18.6524
0.0407 3.82 3.471e-05 18.7356
0.0408 3.77 3.341e-05 18.6535
0.0409 3.65 3.07e-05 18.4492
0.041 3.5 2.778e-05 18.1985
0.0411 3.4 2.577e-05 18.022
0.0412 3.35 2.364e-05 17.8671
0.0413 3.39 2.314e-05 17.8779
0.0414 3.4 2.331e-05 17.9084
0.0415 3.37 2.393e-05 17.9367
0.0416 3.3 2.556e-05 17.9929
0.0417 3.34 2.631e-05 18.0796
0.0418 3.49 2.669e-05 18.2282
0.0419 3.8 2.636e-05 18.4461
0.042 4.2 2.577e-05 18.6911
0.0421 5.11 2.452e-05 19.1597
0.0422 5.53 2.531e-05 19.4429
0.0423 5.95 2.573e-05 19.6888
0.0424 6.35 2.656e-05 19.9398
0.0425 7.16 2.506e-05 20.2029
0.0426 7.47 2.397e-05 20.2647
0.0427 7.7 2.318e-05 20.31
0.0428 7.86 2.197e-05 20.2927
0.0429 8.27 2.314e-05 20.5436
0.043 8.55 2.456e-05 20.7583
0.0431 8.87 2.61e-05 20.9879
0.0432 9.18 2.782e-05 21.2179
0.0433 9.48 2.986e-05 21.456
0.0434 10.03 3.387e-05 21.873
0.0435 10.28 3.621e-05 22.0871
0.0436 10.5 3.876e-05 22.2946
0.0437 10.71 4.152e-05 22.5009
0.0438 11.15 4.749e-05 22.9007
0.0439 11.38 5.066e-05 23.1066
0.044 11.59 5.338e-05 23.2833
0.0441 11.8 5.538e-05 23.4299
0.0442 12.16 6.015e-05 23.7087
0.0443 12.3 6.244e-05 23.8367
0.0444 12.42 6.47e-05 23.9558
0.0445 12.53 6.708e-05 24.0735
0.0446 12.6 6.958e-05 24.1814
0.0447 12.6 7.501e-05 24.3482
0.0448 12.57 7.777e-05 24.4283
0.0449 12.52 8.032e-05 24.4951
0.045 12.47 8.27e-05 24.5557
0.0451 12.35 8.767e-05 24.6561
0.0452 12.3 9.055e-05 24.7233
0.0453 12.27 9.297e-05 24.7841
0.0454 12.28 9.473e-05 24.8409
0.0455 12.3 9.615e-05 24.8927
0.0456 12.41 0.00010016 25.0248
0.0457 12.53 0.00010137 25.0999
0.0458 12.66 0.00010225 25.1706
0.0459 12.88 0.00010317 25.2672
0.046 13.01 0.00010337 25.3232
0.0461 13.18 0.00010358 25.3902
0.0462 13.37 0.00010383 25.463
0.0463 13.74 0.00010459 25.5942
0.0464 13.91 0.000105 25.6633
0.0465 14.07 0.00010555 25.7321
0.0466 14.22 0.00010613 25.7986
0.0467 14.39 0.00010655 25.8667
0.0468 14.58 0.00010843 25.9688
0.0469 14.65 0.00010956 26.0246
0.047 14.78 0.00011039 26.0895
0.0471 14.94 0.00011077 26.1529
0.0472 15.38 0.0001144 26.3485
0.0473 15.78 0.00011591 26.4906
0.0474 16.08 0.0001177 26.612
0.0475 16.56 0.00011778 26.7422
0.0476 17.21 0.00011428 26.8391
0.0477 17.39 0.00011423 26.8941
0.0478 17.55 0.00011227 26.9065
0.0479 17.74 0.00010935 26.9048
0.048 18.13 0.00010546 26.9236
0.0481 18.22 0.00010016 26.843
0.0482 18.35 9.907e-05 26.8615
0.0483 18.57 9.807e-05 26.9005
0.0484 18.58 8.734e-05 26.6598
0.0485 18.58 8.734e-05 26.6751
0.0486 18.58 8.734e-05 26.6903
0.0487 17.07 5.952e-05 25.5532
0.0488 17.79 5.589e-05 25.586
0.0489 18.29 5.751e-05 25.7641
0.049 18.59 5.856e-05 25.8781
0.0491 18.75 5.877e-05 25.9325
0.0492 18.75 6.01e-05 25.9955
0.0493 18.63 6.695e-05 26.2206
0.0494 18.56 7.222e-05 26.387
0.0495 18.45 7.568e-05 26.4821
0.0496 18.3 8.036e-05 26.5983
0.0497 18.15 8.55e-05 26.7192
0.0498 17.94 9.423e-05 26.9061
0.0499 17.83 9.991e-05 27.0286
0.05 17.77 0.00010638 27.172
0.0501 17.4 0.00012146 27.4054
0.0502 17.24 0.00012522 27.4537
0.0503 17.1 0.00012835 27.4931
0.0504 16.87 0.00013579 27.5837
0.0505 16.71 0.00013825 27.6023
0.0506 16.54 0.00014055 27.6147
0.0507 16.37 0.00014222 27.6159
0.0508 16.18 0.00014485 27.6267
0.0509 15.93 0.00015015 27.6625
0.051 15.85 0.00015249 27.6931
0.0511 15.82 0.00015358 27.7171
0.0512 15.79 0.00015391 27.7295
0.0513 15.76 0.00015316 27.7257
0.0514 15.81 0.00015187 27.7339
0.0515 15.82 0.00015028 27.7271
0.0516 15.89 0.0001494 27.7461
0.0517 16.07 0.00014782 27.7815
0.0518 16.19 0.00014669 27.8085
0.0519 16.32 0.00014585 27.8422
0.052 16.46 0.00014485 27.8754
0.0521 16.65 0.00014218 27.8932
0.0522 16.72 0.00014168 27.9168
0.0523 16.84 0.00014218 27.9686
0.0524 16.94 0.00014243 28.0114
0.0525 17.26 0.00014289 28.1094
0.0526 17.45 0.0001431 28.1721
0.0527 17.62 0.00014172 28.2036
0.0528 17.77 0.0001403 28.2293
0.0529 17.86 0.00013967 28.2541
0.053 17.79 0.00013975 28.2543
0.0531 17.66 0.00014001 28.2437
0.0532 17.59 0.00014059 28.252
0.0533 17.42 0.00014322 28.2708
0.0534 17.4 0.00014393 28.2925
0.0535 17.45 0.00014447 28.3278
0.0536 17.55 0.0001451 28.3761
0.0537 17.7 0.00014556 28.4331
0.0538 17.77 0.00014702 28.4876
0.0539 17.74 0.00014815 28.5136
0.054 17.72 0.00015045 28.5602
0.0541 17.55 0.00015316 28.5777
0.0542 17.48 0.00015492 28.6031
0.0543 17.41 0.0001555 28.6101
0.0544 17.38 0.00015671 28.6361
0.0545 17.32 0.00016014 28.6881
0.0546 17.29 0.00016093 28.7073
0.0547 17.29 0.0001631 28.7539
0.0548 17.39 0.00016803 28.8639
0.0549 17.4 0.0001707 28.9188
0.055 17.41 0.00017246 28.9605
0.0551 17.37 0.00017405 28.9877
0.0552 17.33 0.00017346 28.9845
0.0553 17.25 0.00017225 28.9629
0.0554 17.25 0.00017171 28.9699
0.0555 17.23 0.00017204 28.9842
0.0556 17.2 0.00017354 29.0123
0.0557 17.2 0.00017384 29.031
0.0558 17.2 0.00017501 29.0617
0.0559 17.16 0.00017618 29.0826
0.056 17.03 0.00017939 29.1089
0.0561 16.93 0.00018085 29.1182
0.0562 16.83 0.00018215 29.1252
0.0563 16.69 0.00018227 29.1061
0.0564 16.49 0.00018344 29.0855
0.0565 16.4 0.00018478 29.0945
0.0566 16.34 0.00018545 29.1022
0.0567 16.3 0.00018532 29.1045
0.0568 16.29 0.00018503 29.1124
0.0569 16.34 0.00018524 29.1422
0.057 16.42 0.0001847 29.1699
0.0571 16.5 0.00018378 29.1924
0.0572 16.68 0.00018181 29.2261
0.0573 16.77 0.00018019 29.2412
0.0574 16.83 0.00017885 29.2522
0.0575 16.85 0.00017772 29.2559
0.0576 16.77 0.00017684 29.2379
0.0577 16.66 0.00017647 29.2192
0.0578 16.54 0.00017572 29.1926
0.0579 16.31 0.00017676 29.1621
0.058 16.23 0.0001773 29.1628
0.0581 16.18 0.00017822 29.1764
0.0582 16.16 0.00017872 29.1919
0.0583 16.11 0.00017897 29.1962
0.0584 16.16 0.00017977 29.234
0.0585 16.16 0.00017977 29.2479
0.0586 16.16 0.00017977 29.2618
0.0587 15.75 0.00015045 28.7387
0.0588 16.07 0.00014869 28.8075
0.0589 16.22 0.00014961 28.8745
0.059 16.3 0.00015057 28.924
0.0591 16.32 0.00015245 28.9726
0.0592 16.32 0.00015462 29.0203
0.0593 16.35 0.00015621 29.0663
0.0594 16.35 0.0001578 29.1045
0.0595 16.41 0.0001583 29.1411
0.0596 16.42 0.0001588 29.1649
0.0597 16.46 0.00015997 29.2066
0.0598 16.42 0.00016072 29.2213
0.0599 16.38 0.00016126 29.2328
0.06 16.13 0.00016373 29.2186
0.0601 15.69 0.00016803 29.1788
0.0602 15.21 0.00017045 29.0965
0.0603 14.99 0.00017095 29.056
0.0604 14.87 0.00017154 29.0441
0.0605 14.8 0.00017183 29.0418
0.0606 14.86 0.00017246 29.0809
0.0607 14.99 0.00017204 29.1249
0.0608 15.15 0.00017154 29.1757
0.0609 15.34 0.00017091 29.2325
0.061 15.67 0.00016811 29.2954
0.0611 15.82 0.0001664 29.324
0.0612 15.93 0.00016515 29.3482
0.0613 16 0.00016402 29.3633
0.0614 16.03 0.00016193 29.3532
0.0615 15.99 0.00015872 29.307
0.0616 15.91 0.00015847 29.2953
0.0617 15.81 0.00015947 29.2972
0.0618 15.53 0.00016427 29.3073
0.0619 15.39 0.00016766 29.3321
0.062 15.26 0.00017129 29.3617
0.0621 15.17 0.00017296 29.3735
0.0622 15.09 0.00017509 29.3942
0.0623 15.08 0.00017555 29.411
0.0624 15.15 0.00017601 29.4501
0.0625 15.19 0.00017559 29.4686
0.0626 15.44 0.00017601 29.5569
0.0627 15.64 0.00017597 29.6244
0.0628 15.86 0.00017567 29.6929
0.0629 16.1 0.000174 29.7467
0.063 16.67 0.00016928 29.841
0.0631 16.84 0.00016644 29.8558
0.0632 16.96 0.00016335 29.8529
0.0633 17.05 0.00016206 29.8691
0.0634 17.19 0.00016214 29.9186
0.0635 17.24 0.0001636 29.9666
0.0636 17.22 0.00016469 29.9912
0.0637 17.18 0.00016757 30.0376
0.0638 17.12 0.00017045 30.0782
0.0639 17.01 0.00017555 30.1372
0.064 16.92 0.00017868 30.1716
0.0641 16.87 0.00018177 30.2149
0.0642 16.72 0.00018962 30.2955
0.0643 16.68 0.00019422 30.3587
0.0644 16.57 0.00019794 30.3908
0.0645 16.47 0.00020061 30.4113
0.0646 16.29 0.00020704 30.4561
0.0647 16.19 0.00021022 30.4809
0.0648 16.14 0.0002156 30.5445
0.0649 16.05 0.00021991 30.5834
0.065 16.09 0.00022504 30.6662
0.0651 16.1 0.00022475 30.6788
0.0652 16.16 0.000224 30.6998
0.0653 16.22 0.00022346 30.7231
0.0654 16.35 0.00022341 30.7709
0.0655 16.38 0.00022174 30.7729
0.0656 16.42 0.0002202 30.7789
0.0657 16.43 0.0002184 30.7736
0.0658 16.44 0.00021602 30.7613
0.0659 16.42 0.00021514 30.7584
0.066 16.39 0.0002151 30.7628
0.0661 16.36 0.00021423 30.7573
0.0662 16.34 0.00021406 30.7628
0.0663 16.31 0.0002131 30.756
0.0664 16.28 0.00021293 30.7587
0.0665 16.24 0.00021377 30.7708
0.0666 16.19 0.00021318 30.7629
0.0667 16.13 0.00021372 30.7657
0.0668 16.03 0.00021398 30.7541
0.0669 15.95 0.0002141 30.7462
0.067 15.65 0.00021498 30.6854
0.0671 15.52 0.00021473 30.6583
0.0672 15.39 0.00021398 30.625
0.0673 15.2 0.00021243 30.5644
0.0674 15.13 0.00021118 30.5417
0.0675 15.09 0.00021001 30.5285
0.0676 15.03 0.00020888 30.5099
0.0677 14.89 0.00020754 30.465
0.0678 14.8 0.00020742 30.4495
0.0679 14.76 0.00020704 30.4454
0.068 14.71 0.00020616 30.4322
0.0681 14.78 0.00020491 30.4501
0.0682 14.83 0.00020282 30.4513
0.0683 14.97 0.00020078 30.4793
0.0684 15.09 0.0001961 30.4669
0.0685 15.09 0.0001961 30.4793
0.0686 15.09 0.0001961 30.4917
0.0687 9.84 0.0001763 28.4296
0.0688 15.19 0.00015755 29.9942
0.0689 15.38 0.00015588 30.0334
0.069 15.49 0.00015721 30.0976
0.0691 15.5 0.00015855 30.1338
0.0692 15.54 0.00016051 30.188
0.0693 15.56 0.00016189 30.2272
0.0694 15.53 0.00016344 30.2549
0.0695 15.48 0.00016427 30.2657
0.0696 15.43 0.00016761 30.3145
0.0697 15.44 0.0001687 30.3457
0.0698 15.42 0.00017079 30.3833
0.0699 15.46 0.00017605 30.4836
0.07 15.53 0.00017939 30.5633
0.0701 15.76 0.00018591 30.7313
0.0702 15.97 0.00018858 30.8388
0.0703 16.49 0.00019046 31.0192
0.0704 16.81 0.00019071 31.1209
0.0705 17.19 0.00019021 31.2267
0.0706 17.55 0.00018933 31.3203
0.0707 17.87 0.00018841 31.4016
0.0708 18.42 0.00018674 31.528
0.0709 18.66 0.00018491 31.5733
0.071 18.84 0.00018432 31.621
0.0711 18.95 0.00018436 31.6604
0.0712 19.04 0.00018202 31.6608
0.0713 19 0.0001811 31.6502
0.0714 18.84 0.00017985 31.6058
0.0715 18.56 0.00017993 31.5511
0.0716 18.21 0.00018035 31.4831
0.0717 17.85 0.00018186 31.4267
0.0718 17.17 0.00018929 31.3678
0.0719 16.8 0.00019309 31.3335
0.072 16.48 0.00019664 31.3063
0.0721 16.28 0.00019769 31.2772
0.0722 16.16 0.00019773 31.2565
0.0723 16.12 0.00019769 31.2568
0.0724 16.2 0.00020007 31.3223
0.0725 16.26 0.00020312 31.3905
0.0726 16.36 0.00020733 31.484
0.0727 16.45 0.00021076 31.564
0.0728 16.44 0.00021393 31.6125
0.0729 16.44 0.00021364 31.621
0.073 16.45 0.00021243 31.6209
0.0731 16.5 0.00021051 31.6228
0.0732 16.67 0.00020637 31.6293
0.0733 16.67 0.00020637 31.6413
0.0734 16.79 0.000208 31.7067
0.0735 16.8 0.00021005 31.7474
0.0736 16.8 0.00021176 31.7808
0.0737 16.73 0.00021423 31.8044
0.0738 16.53 0.00021686 31.7936
0.0739 16.39 0.00021773 31.7772
0.074 16.29 0.00021694 31.7515
0.0741 16.23 0.00021636 31.7395
0.0742 16.13 0.00021565 31.7145
0.0743 15.97 0.0002141 31.6618
0.0744 15.89 0.00021469 31.658
0.0745 15.84 0.00021527 31.6626
0.0746 15.75 0.00021623 31.6601
0.0747 15.6 0.00021878 31.6592
0.0748 15.48 0.00021949 31.6443
0.0749 15.4 0.0002202 31.6409
0.075 15.32 0.00021995 31.6259
0.0751 15.25 0.00021957 31.6123
0.0752 15.22 0.00022053 31.6265
0.0753 15.15 0.00022162 31.6301
0.0754 15.18 0.00022283 31.6652
0.0755 15.23 0.00022367 31.7018
0.0756 15.29 0.00022509 31.7481
0.0757 15.42 0.0002255 31.8033
0.0758 15.72 0.000224 31.8857
0.0759 15.97 0.00022141 31.939
0.076 16.29 0.00021895 32.0123
0.0761 16.57 0.00021527 32.0575
0.0762 16.84 0.00021331 32.1195
0.0763 17.39 0.00020759 32.2073
0.0764 17.65 0.0002055 32.2608
0.0765 17.88 0.00020332 32.3041
0.0766 18.07 0.00020053 32.3279
0.0767 18.36 0.00019668 32.3616
0.0768 18.49 0.00019564 32.3919
0.0769 18.64 0.0001951 32.4339
0.077 18.74 0.00019451 32.4624
0.0771 18.88 0.00019443 32.5079
0.0772 19.07 0.00019693 32.6011
0.0773 19.17 0.00019852 32.6593
0.0774 19.28 0.00020044 32.7242
0.0775 19.36 0.00020253 32.7837
0.0776 19.4 0.00020437 32.8299
0.0777 19.34 0.0002113 32.9182
0.0778 19.25 0.00021531 32.9594
0.0779 19.15 0.0002189 32.9918
0.078 19.04 0.00022291 33.0261
0.0781 18.66 0.00023047 33.0336
0.0782 18.45 0.00023402 33.0335
0.0783 18.29 0.00023737 33.0429
0.0784 18.12 0.00024188 33.0619
0.0785 18.12 0.00024188 33.0736
0.0786 18.12 0.00024188 33.0853
0.0787 14.55 0.00023419 31.9815
0.0788 17.22 0.00022116 32.6228
0.0789 17.24 0.00022358 32.6693
0.079 17.23 0.00022588 32.7059
0.0791 17.23 0.00022868 32.7509
0.0792 17.22 0.00022951 32.7696
0.0793 17.19 0.00023014 32.7803
0.0794 17.09 0.00022997 32.7623
0.0795 17.02 0.00023081 32.7643
0.0796 16.94 0.00023081 32.7535
0.0797 16.88 0.00023077 32.7478
0.0798 16.81 0.00023056 32.7371
0.0799 16.63 0.00022809 32.6685
0.08 16.54 0.00022642 32.6343
0.0801 16.41 0.00022893 32.6385
0.0802 16.38 0.00023018 32.656
0.0803 16.36 0.00023106 32.672
0.0804 16.39 0.00023156 32.6978
0.0805 16.41 0.00023173 32.7168
0.0806 16.47 0.00023064 32.7325
0.0807 16.58 0.00022868 32.7519
0.0808 16.89 0.00022467 32.8024
0.0809 17.13 0.00022258 32.8549
0.081 17.41 0.00022032 32.915
0.0811 17.72 0.00021807 32.9819
0.0812 18.06 0.00021619 33.0598
0.0813 18.57 0.00021239 33.155
0.0814 18.71 0.00021043 33.1767
0.0815 18.82 0.00020901 33.1973
0.0816 18.89 0.00020637 33.1913
0.0817 18.93 0.00020441 33.1863
0.0818 19.17 0.00020224 33.2284
0.0819 19.41 0.0002017 33.2919
0.082 19.65 0.00020136 33.3575
0.0821 19.86 0.00020053 33.4084
0.0822 20.07 0.00020391 33.5169
0.0823 20.02 0.00020629 33.5486
0.0824 19.96 0.00020813 33.5702
0.0825 19.84 0.00021055 33.5847
0.0826 19.79 0.00021389 33.6278
0.0827 19.81 0.00021828 33.7009
0.0828 19.88 0.00021953 33.7454
0.0829 20.01 0.00022116 33.8092
0.083 20.08 0.00022408 33.8745
0.0831 20.15 0.00022901 33.9643
0.0832 20.17 0.00023682 34.0754
0.0833 20.2 0.00024046 34.1374
0.0834 20.19 0.00024325 34.1792
0.0835 20.17 0.00024614 34.2193
0.0836 20.14 0.00024777 34.2421
0.0837 20.08 0.0002491 34.254
0.0838 20.02 0.00025315 34.2966
0.0839 20.03 0.00025491 34.3303
0.084 20.03 0.00025549 34.3481
0.0841 20.01 0.00025641 34.3648
0.0842 19.96 0.00025904 34.393
0.0843 19.93 0.00025984 34.4057
0.0844 19.96 0.0002608 34.4351
0.0845 19.99 0.00026121 34.4584
0.0846 20.07 0.00026155 34.4933
0.0847 20.26 0.00026176 34.5537
0.0848 20.4 0.00026126 34.5939
0.0849 20.53 0.00026059 34.6295
0.085 20.65 0.0002603 34.6667
0.0851 20.76 0.00025879 34.6878
0.0852 20.97 0.00025766 34.7368
0.0853 21.11 0.0002575 34.7796
0.0854 21.14 0.00025746 34.7976
0.0855 21.21 0.00025771 34.8283
0.0856 21.26 0.00025766 34.8509
0.0857 21.38 0.00025775 34.8915
0.0858 21.43 0.00025833 34.9211
0.0859 21.53 0.00025967 34.9709
0.086 21.6 0.00026034 35.006
0.0861 21.65 0.00026405 35.0703
0.0862 21.69 0.00026518 35.1034
0.0863 21.79 0.00026623 35.1495
0.0864 21.85 0.0002679 35.1931
0.0865 21.96 0.00026948 35.2471
0.0866 22.1 0.00027228 35.3211
0.0867 22.23 0.00027324 35.3726
0.0868 22.29 0.00027404 35.4063
0.0869 22.36 0.00027508 35.4448
0.087 22.48 0.00027562 35.4892
0.0871 22.75 0.00027692 35.5756
0.0872 22.92 0.00027763 35.6327
0.0873 23.11 0.00027734 35.6834
0.0874 23.19 0.00027775 35.7169
0.0875 23.43 0.00027771 35.7808
0.0876 23.53 0.00027997 35.8383
0.0877 23.66 0.00028193 35.8989
0.0878 23.74 0.00028323 35.9415
0.0879 24.01 0.00028594 36.04
0.088 24.12 0.00028824 36.0992
0.0881 24.25 0.00028774 36.1334
0.0882 24.41 0.00028828 36.1847
0.0883 24.77 0.00029074 36.2981
0.0884 24.86 0.000292 36.3416
0.0885 24.86 0.000292 36.353
0.0886 24.86 0.000292 36.3644
0.0887 23.73 0.00026815 35.8777
0.0888 24.42 0.0002623 35.9713
0.0889 24.66 0.00026305 36.0418
0.089 24.9 0.00026811 36.1607
0.0891 25 0.00026894 36.2022
0.0892 25.03 0.00027078 36.2403
0.0893 25 0.00027391 36.28
0.0894 24.92 0.00027521 36.2888
0.0895 24.76 0.00027679 36.2837
0.0896 24.77 0.00027725 36.3021
0.0897 24.81 0.00027947 36.3459
0.0898 24.74 0.00027943 36.342
0.0899 24.66 0.0002816 36.3596
0.09 24.47 0.00028444 36.3607
0.0901 24.47 0.00028803 36.4099
0.0902 24.46 0.00028878 36.4269
0.0903 24.55 0.00028799 36.4491
0.0904 24.59 0.00028732 36.4618
0.0905 24.63 0.00028385 36.4447
0.0906 24.73 0.00028331 36.4714
0.0907 24.65 0.00028849 36.5205
0.0908 24.7 0.00029329 36.5926
0.0909 24.72 0.00029626 36.6388
0.091 24.71 0.00029989 36.685
0.0911 24.79 0.00030591 36.774
0.0912 24.86 0.00030762 36.8173
0.0913 24.96 0.00031063 36.8796
0.0914 25.09 0.00030921 36.9044
0.0915 25.28 0.00030883 36.952
0.0916 25.59 0.00030795 37.0193
0.0917 26.08 0.00031505 37.2023
0.0918 26.38 0.00031397 37.2643
0.0919 26.66 0.00031263 37.319
0.092 26.94 0.00031347 37.3948
0.0921 27.15 0.00031079 37.4212
0.0922 27.63 0.000309 37.5091
0.0923 27.89 0.00030557 37.5362
0.0924 28.08 0.00030482 37.5765
0.0925 28.11 0.00030286 37.5734
0.0926 28.47 0.0003001 37.625
0.0927 28.74 0.0002983 37.6686
0.0928 29.15 0.00029709 37.744
0.0929 29.33 0.0002935 37.7506
0.093 29.64 0.00030006 37.8888
0.0931 29.43 0.00028999 37.7539
0.0932 29.32 0.0002844 37.6837
0.0933 29.44 0.0002765 37.6289
0.0934 29.48 0.00027007 37.5738
0.0935 29.54 0.00025766 37.4491
0.0936 29.42 0.00025553 37.4125
0.0937 29.4 0.00024518 37.2914
0.0938 29.32 0.00023056 37.0976
0.0939 29.29 0.00020658 36.7656
0.094 29.72 0.00020817 36.8773
0.0941 29.94 0.00019756 36.767
0.0942 29.6 0.00019426 36.666
0.0943 29.44 0.00021615 36.9752
0.0944 29.29 0.00021402 36.9285
0.0945 29.2 0.00021748 36.9723
0.0946 29.06 0.00021498 36.922
0.0947 28.94 0.00022479 37.0482
0.0948 28.68 0.00024518 37.2793
0.0949 28.48 0.00025545 37.38
0.095 28.4 0.00026811 37.5265
0.0951 28.29 0.00028009 37.6532
0.0952 28.19 0.00029158 37.7712
0.0953 27.99 0.00031351 37.9719
0.0954 27.99 0.0003224 38.0714
0.0955 27.9 0.00033669 38.2025
0.0956 27.77 0.00035227 38.3319
0.0957 27.73 0.00036075 38.411
0.0958 27.69 0.00036112 38.4175
0.0959 27.7 0.0003569 38.393
0.096 27.7 0.00036008 38.4325
0.0961 27.77 0.00036037 38.4602
0.0962 27.82 0.0003569 38.4503
0.0963 27.82 0.00035665 38.4592
0.0964 27.91 0.00035649 38.4867
0.0965 27.96 0.00035703 38.5126
0.0966 27.89 0.0003587 38.5247
0.0967 28.11 0.00035686 38.563
0.0968 28.22 0.00035686 38.5957
0.0969 28.47 0.00035502 38.6393
0.097 28.59 0.00035519 38.6753
0.0971 28.76 0.00035594 38.7262
0.0972 28.89 0.00035573 38.7606
0.0973 29.05 0.00035411 38.7878
0.0974 29.34 0.0003539 38.8525
0.0975 29.48 0.00035532 38.9031
0.0976 29.58 0.00035799 38.9575
0.0977 29.77 0.00035807 39.0052
0.0978 29.83 0.00036025 39.0474
0.0979 29.83 0.00036091 39.0644
0.098 29.79 0.00036146 39.0729
0.0981 29.8 0.00036505 39.118
0.0982 29.77 0.00036572 39.1294
0.0983 29.63 0.0003658 39.1146
0.0984 29.68 0.0003648 39.1263
0.0985 29.68 0.0003648 39.1373
0.0986 29.68 0.0003648 39.1484
0.0987 28.56 0.00033456 38.6637
0.0988 28.86 0.00033088 38.6972
0.0989 28.93 0.00033205 38.733
0.099 28.66 0.00034045 38.7721
0.0991 28.5 0.0003435 38.7805
0.0992 28.3 0.00034813 38.7952
0.0993 28.14 0.00034888 38.7814
0.0994 27.85 0.00035214 38.7644
0.0995 27.7 0.00035348 38.7573
0.0996 27.66 0.00035565 38.7798
0.0997 27.57 0.00035494 38.766
0.0998 27.6 0.0003564 38.7961
0.0999 27.73 0.00035987 38.8645
0.1 27.85 0.0003605 38.9052
0.1001 27.94 0.00036542 38.978
0.1002 27.93 0.00036192 38.9556
0.1003 27.76 0.000361 38.9239
0.1004 27.57 0.00036167 38.9022
0.1005 27.14 0.00035983 38.8085
0.1006 26.72 0.00036488 38.7771
0.1007 26.37 0.000362 38.6887
0.1008 26.26 0.00035979 38.6564
0.1009 26.02 0.00036233 38.6386
0.101 25.56 0.00036171 38.5446
0.1011 25.37 0.00036254 38.5212
0.1012 25.26 0.00035874 38.4739
0.1013 25.27 0.00035544 38.4571
0.1014 24.59 0.00034851 38.2541
0.1015 24.11 0.00034312 38.1067
0.1016 23.81 0.0003534 38.142
0.1017 23.66 0.00034437 38.0357
0.1018 23.66 0.00033961 38.0021
0.1019 23.66 0.0003303 37.9247
0.102 23.63 0.00032483 37.8754
0.1021 23.74 0.00032036 37.8674
0.1022 23.76 0.0003133 37.8121
0.1023 23.81 0.00030808 37.781
0.1024 23.68 0.00030144 37.6931
0.1025 23.77 0.00030152 37.7248
0.1026 23.8 0.00030365 37.764
0.1027 23.7 0.00031443 37.861
0.1028 23.72 0.00031196 37.851
0.1029 23.87 0.00030891 37.8647
0.103 23.97 0.0003039 37.8462
0.1031 24.05 0.00029943 37.8279
0.1032 23.98 0.00029471 37.7723
0.1033 23.77 0.000294 37.727
0.1034 23.8 0.0002917 37.7194
0.1035 23.91 0.00029041 37.7407
0.1036 23.8 0.00028527 37.6697
0.1037 23.59 0.00028318 37.6088
0.1038 23.45 0.00028836 37.6433
0.1039 23.25 0.00029183 37.6444
0.104 23.27 0.00029187 37.6596
0.1041 23.34 0.00029342 37.7026
0.1042 23.47 0.00029363 37.7451
0.1043 23.62 0.00029576 37.8125
0.1044 24 0.0003014 37.9692
0.1045 24.2 0.00030265 38.0379
0.1046 24.36 0.00030206 38.0779
0.1047 24.5 0.00030277 38.1269
0.1048 24.58 0.00030486 38.1768
0.1049 24.68 0.00031443 38.3076
0.105 24.77 0.00031865 38.3804
0.1051 24.78 0.00032433 38.4493
0.1052 24.88 0.0003209 38.4477
0.1053 24.95 0.0003186 38.4504
0.1054 24.99 0.00032044 38.4879
0.1055 25.06 0.0003219 38.5281
0.1056 25.17 0.00032362 38.5797
0.1057 25.26 0.00032646 38.6378
0.1058 25.4 0.00033289 38.7415
0.1059 25.49 0.0003356 38.7976
0.106 25.59 0.00033686 38.8418
0.1061 25.79 0.00033949 38.9207
0.1062 25.94 0.00034124 38.9801
0.1063 26.04 0.00034061 39.0059
0.1064 26.16 0.00034007 39.0368
0.1065 26.36 0.00034053 39.0942
0.1066 26.6 0.00034099 39.1599
0.1067 26.71 0.00034199 39.2029
0.1068 26.82 0.00034254 39.2416
0.1069 26.93 0.00034258 39.2753
0.107 26.99 0.00034442 39.3157
0.1071 27.05 0.00034801 39.3724
0.1072 27 0.00035051 39.3956
0.1073 26.89 0.00035294 39.4053
0.1074 26.79 0.00035636 39.426
0.1075 26.63 0.00035903 39.4266
0.1076 26.57 0.00036275 39.4579
0.1077 26.47 0.00036534 39.47
0.1078 26.37 0.00037085 39.5078
0.1079 26.4 0.00037332 39.5463
0.108 26.52 0.00037603 39.6062
0.1081 26.63 0.00037608 39.6404
0.1082 27.28 0.00037745 39.8006
0.1083 27.69 0.00037963 39.9155
0.1084 28.06 0.000378 39.9879
0.1085 28.06 0.000378 39.9981
0.1086 28.06 0.000378 40.0083
0.1087 24.65 0.00036451 39.1603
0.1088 29.42 0.00033147 39.8645
0.1089 30.44 0.00032896 40.0455
0.109 31.22 0.00032717 40.1837
0.1091 32.02 0.00032712 40.3402
0.1092 34.18 0.00032257 40.6841
0.1093 35.53 0.00031973 40.892
0.1094 36.91 0.0003191 41.1207
0.1095 40.45 0.00030833 41.5583
0.1096 42.01 0.00030511 41.7595
0.1097 43.56 0.00029901 41.9181
0.1098 45.28 0.0002925 42.086
0.1099 46.62 0.0002826 42.1529
0.11 48.27 0.00026314 42.1244
0.1101 50.99 0.00026585 42.5052
0.1102 51.6 0.00025746 42.4754
