0.02 0.101 0.001 12.0539
0.04 0.097 0.001 14.5307
0.06 0.097 0.001 16.2644
0.08 0.097 0.001 17.6186
0.1 0.097 0.001 18.7462
0.12 0.097 0.001 19.7208
0.14 0.149 0.003 23.9926
0.16 0.155 0.003 25.0419
0.18 0.176 0.004 26.9916
0.2 0.152 0.005 27.7232
0.22 0.152 0.005 28.4676
0.24 0.133 0.005 28.6092
0.26 0.13 0.003 27.9438
0.28 0.131 0.003 28.5569
0.3 0.128 0.003 29.013
0.32 0.154 0.003 30.3353
0.34 0.154 0.003 30.8509
0.36 0.186 0.003 32.2089
0.38 0.144 0.003 31.5136
0.4 0.132 0.002 30.521
0.42 0.138 0.002 31.1365
0.44 0.154 0.002 32.044
0.46 0.129 0.001 29.8531
0.48 0.087 0.001 28.5426
0.5 0.061 0.001 27.4296
0.52 0.062 0.001 27.7953
0.54 0.063 0.001 28.1532
0.56 0.085 0.001 29.6927
0.58 0.12 0.001 31.5103
0.6 0.081 0.002 31.8428
0.62 0.056 0.001 28.7635
0.64 0.06 0.001 29.3082
0.66 0.114 0.001 32.4224
0.68 0.114 0.001 32.6926
0.7 0.127 0.001 33.4736
0.72 0.177 0.001 35.3887
0.74 0.291 0.001 38.3058
0.76 0.269 0.001 38.1565
0.78 0.273 0.001 38.5148
0.8 0.273 0.002 41.0894
0.82 0.275 0.003 42.8369
0.84 0.297 0.003 43.6055
0.86 0.357 0.004 46.1619
0.88 0.357 0.005 47.3285
0.9 0.409 0.005 48.5668
0.92 0.415 0.005 48.9671
0.94 0.467 0.005 50.1053
0.96 0.642 0.007 54.2608
0.98 0.803 0.01 58.0574
1 0.913 0.012 60.3828
1.02 1.121 0.015 63.7093
1.04 1.228 0.019 66.1896
1.06 1.336 0.024 68.6756
1.08 1.457 0.03 71.2105
1.1 1.524 0.034 72.7937
1.12 1.565 0.039 74.2826
1.14 1.615 0.043 75.5995
1.16 1.611 0.047 76.5028
1.18 1.643 0.049 77.353
1.2 1.679 0.054 78.591
1.22 1.749 0.055 79.54
1.24 1.887 0.054 80.6558
1.26 2.041 0.05 81.4128
1.28 2.483 0.046 83.5296
1.3 2.679 0.042 84.1737
1.32 2.731 0.035 83.4899
1.34 2.724 0.035 83.8087
1.36 2.769 0.023 81.4577
1.38 2.832 0.022 81.7514
1.4 2.848 0.021 81.8284
1.42 2.839 0.021 82.1142
1.44 2.832 0.022 82.7244
1.46 2.832 0.021 82.7214
1.48 2.823 0.021 82.9968
1.5 2.806 0.02 82.8975
1.52 2.781 0.02 83.0962
1.54 2.717 0.019 82.7656
1.56 2.691 0.018 82.5758
1.58 2.66 0.018 82.7306
1.6 2.647 0.018 82.9618
1.62 2.647 0.018 83.2488
1.64 2.647 0.018 83.5333
1.66 2.597 0.019 83.9623
1.68 2.597 0.019 84.2423
1.7 2.618 0.018 84.2382
1.72 2.626 0.017 84.1485
1.74 2.664 0.017 84.5942
1.76 2.709 0.017 85.0684
1.78 2.78 0.017 85.6545
1.8 2.882 0.017 86.368
1.82 3.006 0.017 87.1608
1.84 3.179 0.017 88.1334
1.86 3.396 0.018 89.6686
1.88 3.396 0.019 90.3411
1.9 3.557 0.021 91.9763
1.92 3.621 0.022 92.8403
1.94 3.676 0.022 93.3105
1.96 3.762 0.023 94.2369
1.98 3.887 0.022 94.5986
2 4.04 0.021 95.0237
2.02 4.225 0.021 95.9032
2.04 4.225 0.021 96.1663
2.06 4.669 0.022 98.2043
2.08 4.947 0.023 99.6599
2.1 5.273 0.024 101.206
2.12 5.273 0.026 102.151
2.14 5.739 0.027 104
2.16 6.344 0.029 106.416
2.18 7.09 0.031 109.014
2.2 8.162 0.036 112.926
2.22 9.165 0.041 116.368
2.24 9.723 0.042 117.892
2.26 11.135 0.045 121.208
2.28 11.954 0.045 122.753
2.3 13.457 0.095 133.197
2.32 14.554 0.087 134.048
2.34 15.469 0.083 135.024
2.36 14.302 0.128 138.734
2.38 14.803 0.159 142.296
2.4 16.917 0.108 140.791
2.42 16.807 0.123 142.518
2.44 18.094 0.092 140.924
2.46 20.135 0.109 145.472
2.48 21.528 0.086 144.337
2.5 23.254 0.063 142.536
2.52 24.11 0.037 137.378
2.54 22.57 0.218 158.063
2.56 22.98 0.107 149.688
2.58 18.285 0.158 149.94
2.6 18.332 0.1 144.705
2.62 16.957 0.127 146.274
2.64 13.991 0.152 144.729
2.66 14.024 0.144 144.431
2.68 14.401 0.132 144.238
2.7 14.397 0.126 143.972
2.72 14.562 0.104 142.216
2.74 13.307 0.109 141.219
2.76 11.118 0.115 138.506
2.78 9.806 0.099 134.609
2.8 9.429 0.061 128.822
2.82 7.971 0.078 128.596
2.84 6.114 0.051 119.713
2.86 5.587 0.089 124.014
2.88 5.41 0.1 124.885
2.9 5.497 0.088 124.086
2.92 6 0.093 126.481
2.94 6.556 0.067 124.895
2.96 7.161 0.058 125.219
2.98 7.485 0.037 121.621
3 8.217 0.039 124.037
3.02 8.73 0.032 123.309
3.04 8.597 0.038 125.038
3.06 9.923 0.035 127.008
3.08 9.626 0.076 135.125
3.1 10.436 0.075 136.801
3.12 10.303 0.102 140.338
3.14 10.195 0.09 138.92
3.16 9.829 0.086 137.912
3.18 9.551 0.083 137.179
3.2 9.985 0.085 138.574
3.22 10.411 0.071 137.577
3.24 11.588 0.088 142.478
3.26 15.143 0.075 146.369
3.28 18.639 0.065 149.282
3.3 21.755 0.04 146.847
3.32 23.459 0.04 148.7
